2025-04-01 00:48:20,312 - INFO - Ingress_Enter 6K330YGV
2025-04-01 00:48:20,349 - INFO - Ingress_Enter 5FSMVZ6L
2025-04-01 00:48:20,495 - INFO - Ingress_Enter RMN95XX9
2025-04-01 00:48:20,829 - INFO - Ingress_Enter HA2Q6XX6
2025-04-01 00:48:20,965 - INFO - Ingress_Enter UT9MY5NI
2025-04-01 00:48:21,129 - INFO - Ingress_Exit 6K330YGV
2025-04-01 00:48:21,130 - INFO - Ingress_Exit 5FSMVZ6L
2025-04-01 00:48:21,247 - INFO - Ingress_Enter XY2VZ5GO
2025-04-01 00:48:21,275 - INFO - Ingress_Enter EZ2T5CTF
2025-04-01 00:48:21,276 - INFO - Ingress_Exit RMN95XX9
2025-04-01 00:48:21,312 - INFO - Ingress_Enter 0NZQ8S7M
2025-04-01 00:48:21,375 - INFO - Ingress_Enter 4OIH8ZMA
2025-04-01 00:48:21,493 - INFO - Ingress_Enter 469J5QTZ
2025-04-01 00:48:21,531 - INFO - Ingress_Enter 1OFS741P
2025-04-01 00:48:21,800 - INFO - Ingress_Exit HA2Q6XX6
2025-04-01 00:48:21,902 - INFO - Ingress_Exit EZ2T5CTF
2025-04-01 00:48:22,057 - INFO - Ingress_Exit 4OIH8ZMA
2025-04-01 00:48:22,094 - INFO - Ingress_Exit UT9MY5NI
2025-04-01 00:48:22,127 - INFO - Ingress_Exit 0NZQ8S7M
2025-04-01 00:48:22,164 - INFO - Ingress_Exit XY2VZ5GO
2025-04-01 00:48:22,403 - INFO - Ingress_Enter JRW4IK1Q
2025-04-01 00:48:22,443 - INFO - Ingress_Exit 469J5QTZ
2025-04-01 00:48:22,466 - INFO - Ingress_Enter FKRZ4CV0
2025-04-01 00:48:22,512 - INFO - Ingress_Enter YD0RRN4H
2025-04-01 00:48:22,529 - INFO - Ingress_Enter UC7QY36L
2025-04-01 00:48:22,586 - INFO - Ingress_Enter GLM1PV3V
2025-04-01 00:48:22,612 - INFO - Ingress_Enter SU5QB10S
2025-04-01 00:48:22,641 - INFO - Ingress_Exit 1OFS741P
2025-04-01 00:48:22,751 - INFO - Ingress_Enter 3UDQWF5P
2025-04-01 00:48:22,851 - INFO - Ingress_Enter RH1UHGFX
2025-04-01 00:48:22,867 - INFO - Ingress_Enter RCK7MM2X
2025-04-01 00:48:23,460 - INFO - Ingress_Exit JRW4IK1Q
2025-04-01 00:48:23,498 - INFO - Ingress_Exit YD0RRN4H
2025-04-01 00:48:23,580 - INFO - Ingress_Exit UC7QY36L
2025-04-01 00:48:23,808 - INFO - Ingress_Exit GLM1PV3V
2025-04-01 00:48:23,809 - INFO - Ingress_Exit SU5QB10S
2025-04-01 00:48:23,811 - INFO - Ingress_Exit FKRZ4CV0
2025-04-01 00:48:23,920 - INFO - Ingress_Enter O5GLCDTV
2025-04-01 00:48:23,935 - INFO - Ingress_Exit RH1UHGFX
2025-04-01 00:48:24,045 - INFO - Ingress_Enter T1S7LEBR
2025-04-01 00:48:24,386 - INFO - Ingress_Enter 7YB0XDH5
2025-04-01 00:48:24,443 - INFO - Ingress_Enter UEN5MKFY
2025-04-01 00:48:24,444 - INFO - Ingress_Exit 3UDQWF5P
2025-04-01 00:48:24,445 - INFO - Ingress_Exit RCK7MM2X
2025-04-01 00:48:24,474 - INFO - Ingress_Enter FN8X9X11
2025-04-01 00:48:24,492 - INFO - Ingress_Enter UOEHDXRC
2025-04-01 00:48:24,574 - INFO - Ingress_Enter BSKCBVQX
2025-04-01 00:48:24,639 - INFO - Ingress_Enter 1ENQS76M
2025-04-01 00:48:24,677 - INFO - Ingress_Enter MK912J8X
2025-04-01 00:48:24,829 - INFO - Ingress_Exit O5GLCDTV
2025-04-01 00:48:25,011 - INFO - Ingress_Enter 2TV0YRGC
2025-04-01 00:48:25,328 - INFO - Ingress_Exit T1S7LEBR
2025-04-01 00:48:25,336 - INFO - Ingress_Exit 7YB0XDH5
2025-04-01 00:48:25,337 - INFO - Ingress_Exit UEN5MKFY
2025-04-01 00:48:25,341 - INFO - Ingress_Exit FN8X9X11
2025-04-01 00:48:25,384 - INFO - Ingress_Exit UOEHDXRC
2025-04-01 00:48:25,390 - INFO - Ingress_Exit BSKCBVQX
2025-04-01 00:48:25,652 - INFO - Ingress_Exit 1ENQS76M
2025-04-01 00:48:25,779 - INFO - Ingress_Exit MK912J8X
2025-04-01 00:48:25,866 - INFO - Ingress_Enter OOT8EX5W
2025-04-01 00:48:25,937 - INFO - Ingress_Enter PVKD66I2
2025-04-01 00:48:25,956 - INFO - Ingress_Enter 5Z268C1A
2025-04-01 00:48:26,015 - INFO - Ingress_Exit 2TV0YRGC
2025-04-01 00:48:26,031 - INFO - Ingress_Enter Q4T8QOZY
2025-04-01 00:48:26,152 - INFO - Ingress_Enter CH1WJHT6
2025-04-01 00:48:26,253 - INFO - Ingress_Enter QY26V3XR
2025-04-01 00:48:26,308 - INFO - Ingress_Enter EIINE8CI
2025-04-01 00:48:26,399 - INFO - Ingress_Enter EL78TMHO
2025-04-01 00:48:26,443 - INFO - Ingress_Enter AD68O0Y9
2025-04-01 00:48:26,470 - INFO - Ingress_Enter C9FC6MG0
2025-04-01 00:48:26,897 - INFO - Ingress_Exit 5Z268C1A
2025-04-01 00:48:26,898 - INFO - Ingress_Exit PVKD66I2
2025-04-01 00:48:26,980 - INFO - Ingress_Enter ZWFC69SR
2025-04-01 00:48:26,991 - INFO - Ingress_Exit Q4T8QOZY
2025-04-01 00:48:27,002 - INFO - Ingress_Enter E9ZVEVZ7
2025-04-01 00:48:27,012 - INFO - Ingress_Exit OOT8EX5W
2025-04-01 00:48:27,016 - INFO - Ingress_Exit CH1WJHT6
2025-04-01 00:48:27,020 - INFO - Ingress_Enter 5L168T41
2025-04-01 00:48:27,194 - INFO - Ingress_Enter 9ROIB9YS
2025-04-01 00:48:27,315 - INFO - Ingress_Exit EIINE8CI
2025-04-01 00:48:27,316 - INFO - Ingress_Exit QY26V3XR
2025-04-01 00:48:27,322 - INFO - Ingress_Exit EL78TMHO
2025-04-01 00:48:27,333 - INFO - Ingress_Enter 3AQZ5AK5
2025-04-01 00:48:27,368 - INFO - Ingress_Enter ZGV5KSSM
2025-04-01 00:48:27,376 - INFO - Ingress_Exit AD68O0Y9
2025-04-01 00:48:27,381 - INFO - Ingress_Exit C9FC6MG0
2025-04-01 00:48:27,554 - INFO - Ingress_Enter 3BPOYLAA
2025-04-01 00:48:27,583 - INFO - Ingress_Enter KJ3DD2EZ
2025-04-01 00:48:27,600 - INFO - Ingress_Enter LLZBJ9MG
2025-04-01 00:48:27,628 - INFO - Ingress_Enter W4BFNPK5
2025-04-01 00:48:27,805 - INFO - Ingress_Exit E9ZVEVZ7
2025-04-01 00:48:27,817 - INFO - Ingress_Exit ZWFC69SR
2025-04-01 00:48:27,835 - INFO - Ingress_Exit 5L168T41
2025-04-01 00:48:28,129 - INFO - Ingress_Enter 32JMORKM
2025-04-01 00:48:28,158 - INFO - Ingress_Exit 3BPOYLAA
2025-04-01 00:48:28,159 - INFO - Ingress_Exit W4BFNPK5
2025-04-01 00:48:28,181 - INFO - Ingress_Enter 8K0R3EGE
2025-04-01 00:48:28,218 - INFO - Ingress_Exit 9ROIB9YS
2025-04-01 00:48:28,220 - INFO - Ingress_Exit ZGV5KSSM
2025-04-01 00:48:28,222 - INFO - Ingress_Exit 3AQZ5AK5
2025-04-01 00:48:28,354 - INFO - Ingress_Exit KJ3DD2EZ
2025-04-01 00:48:28,414 - INFO - Ingress_Enter X2R9F60I
2025-04-01 00:48:28,456 - INFO - Ingress_Exit LLZBJ9MG
2025-04-01 00:48:28,498 - INFO - Ingress_Enter 64UKVK2Q
2025-04-01 00:48:28,525 - INFO - Ingress_Enter TM5A5CRC
2025-04-01 00:48:28,703 - INFO - Ingress_Enter KHQ4ORVX
2025-04-01 00:48:28,707 - INFO - Ingress_Enter MXNKZFQB
2025-04-01 00:48:28,708 - INFO - Ingress_Enter 9D8CCSHM
2025-04-01 00:48:28,708 - INFO - Ingress_Enter OFKD3GKV
2025-04-01 00:48:28,709 - INFO - Ingress_Enter YY354WDP
2025-04-01 00:48:28,782 - INFO - Ingress_Enter FBQ4IRIU
2025-04-01 00:48:28,865 - INFO - Ingress_Exit 32JMORKM
2025-04-01 00:48:28,899 - INFO - Ingress_Exit 8K0R3EGE
2025-04-01 00:48:29,391 - INFO - Ingress_Exit X2R9F60I
2025-04-01 00:48:29,393 - INFO - Ingress_Exit 64UKVK2Q
2025-04-01 00:48:29,709 - INFO - Ingress_Exit TM5A5CRC
2025-04-01 00:48:30,010 - INFO - Ingress_Exit KHQ4ORVX
2025-04-01 00:48:30,013 - INFO - Ingress_Exit FBQ4IRIU
2025-04-01 00:48:30,158 - INFO - Ingress_Exit MXNKZFQB
2025-04-01 00:48:30,160 - INFO - Ingress_Exit OFKD3GKV
2025-04-01 00:48:30,161 - INFO - Ingress_Exit 9D8CCSHM
2025-04-01 00:48:30,162 - INFO - Ingress_Exit YY354WDP
2025-04-01 00:48:31,030 - INFO - Ingress_Enter P4CAYDLI
2025-04-01 00:48:31,111 - INFO - Ingress_Enter GD8RAZRG
2025-04-01 00:48:31,225 - INFO - Ingress_Enter LF0H4674
2025-04-01 00:48:31,251 - INFO - Ingress_Enter N6BWMABH
2025-04-01 00:48:31,332 - INFO - Ingress_Enter P6SGMF5A
2025-04-01 00:48:31,670 - INFO - Ingress_Enter TPZC6VUE
2025-04-01 00:48:31,728 - INFO - Ingress_Enter WISWIL33
2025-04-01 00:48:31,874 - INFO - Ingress_Enter YPM4T0VV
2025-04-01 00:48:31,890 - INFO - Ingress_Enter 2NFCXSDH
2025-04-01 00:48:32,147 - INFO - Ingress_Enter NX1DGKCD
2025-04-01 00:48:32,164 - INFO - Ingress_Enter V8NVNDJO
2025-04-01 00:48:32,401 - INFO - Ingress_Exit P6SGMF5A
2025-04-01 00:48:32,456 - INFO - Ingress_Exit P4CAYDLI
2025-04-01 00:48:32,457 - INFO - Ingress_Exit GD8RAZRG
2025-04-01 00:48:32,460 - INFO - Ingress_Exit LF0H4674
2025-04-01 00:48:32,461 - INFO - Ingress_Exit N6BWMABH
2025-04-01 00:48:32,806 - INFO - Ingress_Exit TPZC6VUE
2025-04-01 00:48:32,807 - INFO - Ingress_Exit WISWIL33
2025-04-01 00:48:32,810 - INFO - Ingress_Exit YPM4T0VV
2025-04-01 00:48:32,869 - INFO - Ingress_Exit 2NFCXSDH
2025-04-01 00:48:32,912 - INFO - Ingress_Enter 4Y6XFB21
2025-04-01 00:48:32,921 - INFO - Ingress_Enter BLFT6L08
2025-04-01 00:48:32,975 - INFO - Ingress_Enter 485OCC1T
2025-04-01 00:48:32,992 - INFO - Ingress_Enter XGHTESY1
2025-04-01 00:48:33,029 - INFO - Ingress_Enter U01WXBKP
2025-04-01 00:48:33,147 - INFO - Ingress_Enter H4ID57Y7
2025-04-01 00:48:33,196 - INFO - Ingress_Enter ZP3PPXTS
2025-04-01 00:48:33,243 - INFO - Ingress_Exit V8NVNDJO
2025-04-01 00:48:33,247 - INFO - Ingress_Exit NX1DGKCD
2025-04-01 00:48:33,278 - INFO - Ingress_Enter 6SANWL02
2025-04-01 00:48:33,291 - INFO - Ingress_Enter V6UJP51Z
2025-04-01 00:48:33,298 - INFO - Ingress_Enter V582Z72W
2025-04-01 00:48:33,306 - INFO - Ingress_Enter NBJRSODG
2025-04-01 00:48:33,625 - INFO - Ingress_Enter F4SZ0MLE
2025-04-01 00:48:33,693 - INFO - Ingress_Exit 4Y6XFB21
2025-04-01 00:48:33,706 - INFO - Ingress_Exit 485OCC1T
2025-04-01 00:48:33,708 - INFO - Ingress_Exit BLFT6L08
2025-04-01 00:48:33,918 - INFO - Ingress_Enter 8OUHFMGW
2025-04-01 00:48:33,983 - INFO - Ingress_Exit U01WXBKP
2025-04-01 00:48:33,985 - INFO - Ingress_Exit XGHTESY1
2025-04-01 00:48:33,989 - INFO - Ingress_Exit H4ID57Y7
2025-04-01 00:48:33,991 - INFO - Ingress_Enter JKJ3FCIV
2025-04-01 00:48:34,100 - INFO - Ingress_Enter 70MVFXKP
2025-04-01 00:48:34,115 - INFO - Ingress_Exit ZP3PPXTS
2025-04-01 00:48:34,118 - INFO - Ingress_Exit V6UJP51Z
2025-04-01 00:48:34,119 - INFO - Ingress_Exit 6SANWL02
2025-04-01 00:48:34,120 - INFO - Ingress_Exit NBJRSODG
2025-04-01 00:48:34,123 - INFO - Ingress_Exit V582Z72W
2025-04-01 00:48:34,255 - INFO - Ingress_Enter PAH0LIIL
2025-04-01 00:48:34,281 - INFO - Ingress_Enter KPE6JEXD
2025-04-01 00:48:34,295 - INFO - Ingress_Enter 7KCWGDIK
2025-04-01 00:48:34,333 - INFO - Ingress_Enter TQVG71ZL
2025-04-01 00:48:34,480 - INFO - Ingress_Enter BQ59N14A
2025-04-01 00:48:34,549 - INFO - Ingress_Exit F4SZ0MLE
2025-04-01 00:48:34,778 - INFO - Ingress_Exit JKJ3FCIV
2025-04-01 00:48:34,779 - INFO - Ingress_Exit 70MVFXKP
2025-04-01 00:48:34,832 - INFO - Ingress_Enter TZPXJCEZ
2025-04-01 00:48:34,991 - INFO - Ingress_Exit 8OUHFMGW
2025-04-01 00:48:34,995 - INFO - Ingress_Exit PAH0LIIL
2025-04-01 00:48:35,091 - INFO - Ingress_Enter 1498FSDH
2025-04-01 00:48:35,142 - INFO - Ingress_Exit KPE6JEXD
2025-04-01 00:48:35,218 - INFO - Ingress_Enter JY9SQH00
2025-04-01 00:48:35,235 - INFO - Ingress_Enter SF3BLTED
2025-04-01 00:48:35,345 - INFO - Ingress_Enter SDMFP5IY
2025-04-01 00:48:35,347 - INFO - Ingress_Exit 7KCWGDIK
2025-04-01 00:48:35,348 - INFO - Ingress_Exit TQVG71ZL
2025-04-01 00:48:35,354 - INFO - Ingress_Exit BQ59N14A
2025-04-01 00:48:35,473 - INFO - Ingress_Enter BGCC8O0C
2025-04-01 00:48:35,610 - INFO - Ingress_Enter G1TH8OSW
2025-04-01 00:48:35,646 - INFO - Ingress_Enter 3QELLGV5
2025-04-01 00:48:35,746 - INFO - Ingress_Exit TZPXJCEZ
2025-04-01 00:48:35,756 - INFO - Ingress_Enter FK926944
2025-04-01 00:48:35,794 - INFO - Ingress_Enter XC06KZSS
2025-04-01 00:48:35,879 - INFO - Ingress_Exit SF3BLTED
2025-04-01 00:48:35,881 - INFO - Ingress_Exit JY9SQH00
2025-04-01 00:48:35,905 - INFO - Ingress_Enter 8614ZVA1
2025-04-01 00:48:35,914 - INFO - Ingress_Exit SDMFP5IY
2025-04-01 00:48:36,004 - INFO - Ingress_Enter OKRVSF3U
2025-04-01 00:48:36,051 - INFO - Ingress_Enter PKCSF11F
2025-04-01 00:48:36,114 - INFO - Ingress_Enter N1GHD9PZ
2025-04-01 00:48:36,160 - INFO - Ingress_Enter IE3Z2YX2
2025-04-01 00:48:36,185 - INFO - Ingress_Exit BGCC8O0C
2025-04-01 00:48:36,242 - INFO - Ingress_Exit 1498FSDH
2025-04-01 00:48:36,526 - INFO - Ingress_Exit G1TH8OSW
2025-04-01 00:48:36,528 - INFO - Ingress_Exit FK926944
2025-04-01 00:48:36,575 - INFO - Ingress_Exit 3QELLGV5
2025-04-01 00:48:36,702 - INFO - Ingress_Enter TY863GXO
2025-04-01 00:48:36,748 - INFO - Ingress_Exit XC06KZSS
2025-04-01 00:48:36,749 - INFO - Ingress_Exit 8614ZVA1
2025-04-01 00:48:36,752 - INFO - Ingress_Exit OKRVSF3U
2025-04-01 00:48:36,753 - INFO - Ingress_Exit N1GHD9PZ
2025-04-01 00:48:36,765 - INFO - Ingress_Enter WX6HASKP
2025-04-01 00:48:36,793 - INFO - Ingress_Enter CNW8QWRB
2025-04-01 00:48:36,810 - INFO - Ingress_Enter 7RIM43UN
2025-04-01 00:48:36,894 - INFO - Ingress_Exit PKCSF11F
2025-04-01 00:48:36,926 - INFO - Ingress_Enter WJU71DM8
2025-04-01 00:48:36,992 - INFO - Ingress_Enter XGLYKJW5
2025-04-01 00:48:37,154 - INFO - Ingress_Enter B04E0LUD
2025-04-01 00:48:37,264 - INFO - Ingress_Exit IE3Z2YX2
2025-04-01 00:48:37,361 - INFO - Ingress_Enter 75GNFA92
2025-04-01 00:48:37,433 - INFO - Ingress_Enter IST80YFZ
2025-04-01 00:48:37,474 - INFO - Ingress_Exit TY863GXO
2025-04-01 00:48:37,477 - INFO - Ingress_Exit CNW8QWRB
2025-04-01 00:48:37,480 - INFO - Ingress_Enter 6FJDZ1Z4
2025-04-01 00:48:37,481 - INFO - Ingress_Exit 7RIM43UN
2025-04-01 00:48:37,495 - INFO - Ingress_Exit WX6HASKP
2025-04-01 00:48:37,781 - INFO - Ingress_Enter 2R2HVNKQ
2025-04-01 00:48:37,883 - INFO - Ingress_Exit WJU71DM8
2025-04-01 00:48:37,884 - INFO - Ingress_Exit XGLYKJW5
2025-04-01 00:48:37,887 - INFO - Ingress_Exit B04E0LUD
2025-04-01 00:48:37,980 - INFO - Ingress_Enter JGA2MV6Z
2025-04-01 00:48:38,018 - INFO - Ingress_Exit IST80YFZ
2025-04-01 00:48:38,020 - INFO - Ingress_Exit 75GNFA92
2025-04-01 00:48:38,025 - INFO - Ingress_Exit 6FJDZ1Z4
2025-04-01 00:48:38,328 - INFO - Ingress_Enter IJX32G4J
2025-04-01 00:48:38,339 - INFO - Ingress_Enter JEQHTYDT
2025-04-01 00:48:38,398 - INFO - Ingress_Exit JGA2MV6Z
2025-04-01 00:48:38,820 - INFO - Ingress_Enter S0OFT9QH
2025-04-01 00:48:38,838 - INFO - Ingress_Enter YK6YRZ6J
2025-04-01 00:48:38,897 - INFO - Ingress_Enter RRTI90LE
2025-04-01 00:48:38,919 - INFO - Ingress_Exit 2R2HVNKQ
2025-04-01 00:48:38,929 - INFO - Ingress_Exit JEQHTYDT
2025-04-01 00:48:38,929 - INFO - Ingress_Exit IJX32G4J
2025-04-01 00:48:38,978 - INFO - Ingress_Enter B1U5DN7O
2025-04-01 00:48:39,087 - INFO - Ingress_Enter X46P2FM9
2025-04-01 00:48:39,096 - INFO - Ingress_Enter TFMF0NMX
2025-04-01 00:48:39,141 - INFO - Ingress_Enter TLM7M9KH
2025-04-01 00:48:39,217 - INFO - Ingress_Enter OCFPF0WW
2025-04-01 00:48:39,281 - INFO - Ingress_Enter 4R016XG3
2025-04-01 00:48:39,390 - INFO - Ingress_Exit YK6YRZ6J
2025-04-01 00:48:39,391 - INFO - Ingress_Exit RRTI90LE
2025-04-01 00:48:39,393 - INFO - Ingress_Exit B1U5DN7O
2025-04-01 00:48:39,445 - INFO - Ingress_Exit S0OFT9QH
2025-04-01 00:48:39,500 - INFO - Ingress_Enter BA4C93R5
2025-04-01 00:48:39,687 - INFO - Ingress_Enter 9JWTZ01Y
2025-04-01 00:48:39,699 - INFO - Ingress_Exit TLM7M9KH
2025-04-01 00:48:39,799 - INFO - Ingress_Enter ZLTGTEY8
2025-04-01 00:48:39,864 - INFO - Ingress_Enter BC6Q7I58
2025-04-01 00:48:39,877 - INFO - Ingress_Exit X46P2FM9
2025-04-01 00:48:39,877 - INFO - Ingress_Exit TFMF0NMX
2025-04-01 00:48:39,879 - INFO - Ingress_Exit OCFPF0WW
2025-04-01 00:48:39,956 - INFO - Ingress_Enter 88GY7UW4
2025-04-01 00:48:39,965 - INFO - Ingress_Enter 2LZF5K9Q
2025-04-01 00:48:39,999 - INFO - Ingress_Exit 4R016XG3
2025-04-01 00:48:40,086 - INFO - Ingress_Enter D5BMF17U
2025-04-01 00:48:40,133 - INFO - Ingress_Enter ZSC7ZJXV
2025-04-01 00:48:40,150 - INFO - Ingress_Enter YHXC1Z00
2025-04-01 00:48:40,187 - INFO - Ingress_Exit BA4C93R5
2025-04-01 00:48:40,190 - INFO - Ingress_Exit 9JWTZ01Y
2025-04-01 00:48:40,283 - INFO - Ingress_Enter 4QYN3285
2025-04-01 00:48:40,320 - INFO - Ingress_Enter Q1ZXMGJH
2025-04-01 00:48:40,337 - INFO - Ingress_Enter YROL7U06
2025-04-01 00:48:40,358 - INFO - Ingress_Exit ZLTGTEY8
2025-04-01 00:48:40,490 - INFO - Ingress_Exit 88GY7UW4
2025-04-01 00:48:40,491 - INFO - Ingress_Exit BC6Q7I58
2025-04-01 00:48:40,494 - INFO - Ingress_Exit 2LZF5K9Q
2025-04-01 00:48:40,539 - INFO - Ingress_Enter JX3PUPF2
2025-04-01 00:48:40,557 - INFO - Ingress_Enter 3YV6FGJM
2025-04-01 00:48:40,594 - INFO - Ingress_Enter HH6X5RHA
2025-04-01 00:48:40,693 - INFO - Ingress_Enter KLSOJEMK
2025-04-01 00:48:40,746 - INFO - Ingress_Exit YHXC1Z00
2025-04-01 00:48:40,748 - INFO - Ingress_Exit D5BMF17U
2025-04-01 00:48:40,750 - INFO - Ingress_Exit 4QYN3285
2025-04-01 00:48:40,764 - INFO - Ingress_Exit ZSC7ZJXV
2025-04-01 00:48:40,837 - INFO - Ingress_Enter P81AZEJI
2025-04-01 00:48:40,892 - INFO - Ingress_Enter AO2KVVKA
2025-04-01 00:48:40,930 - INFO - Ingress_Exit Q1ZXMGJH
2025-04-01 00:48:41,006 - INFO - Ingress_Exit YROL7U06
2025-04-01 00:48:41,009 - INFO - Ingress_Exit 3YV6FGJM
2025-04-01 00:48:41,085 - INFO - Ingress_Exit HH6X5RHA
2025-04-01 00:48:41,119 - INFO - Ingress_Exit JX3PUPF2
2025-04-01 00:48:41,121 - INFO - Ingress_Exit KLSOJEMK
2025-04-01 00:48:41,174 - INFO - Ingress_Enter 3Y7UHMB6
2025-04-01 00:48:41,245 - INFO - Ingress_Exit AO2KVVKA
2025-04-01 00:48:41,356 - INFO - Ingress_Exit P81AZEJI
2025-04-01 00:48:41,412 - INFO - Ingress_Enter 973WMHY9
2025-04-01 00:48:41,567 - INFO - Ingress_Enter NGIJVHVY
2025-04-01 00:48:41,675 - INFO - Ingress_Enter ITG4Z069
2025-04-01 00:48:41,727 - INFO - Ingress_Enter 6OIK4WG5
2025-04-01 00:48:41,780 - INFO - Ingress_Exit 3Y7UHMB6
2025-04-01 00:48:41,996 - INFO - Ingress_Enter DXZXKAGC
2025-04-01 00:48:42,057 - INFO - Ingress_Exit 973WMHY9
2025-04-01 00:48:42,169 - INFO - Ingress_Exit NGIJVHVY
2025-04-01 00:48:42,234 - INFO - Ingress_Enter MELY6JZZ
2025-04-01 00:48:42,251 - INFO - Ingress_Exit ITG4Z069
2025-04-01 00:48:42,301 - INFO - Ingress_Exit 6OIK4WG5
2025-04-01 00:48:42,369 - INFO - Ingress_Enter 1PHRXT1N
2025-04-01 00:48:42,398 - INFO - Ingress_Enter E8QLSS7O
2025-04-01 00:48:42,510 - INFO - Ingress_Enter N5T4NW37
2025-04-01 00:48:42,567 - INFO - Ingress_Exit DXZXKAGC
2025-04-01 00:48:42,616 - INFO - Ingress_Exit MELY6JZZ
2025-04-01 00:48:42,683 - INFO - Ingress_Enter 4ZPDMSDQ
2025-04-01 00:48:42,729 - INFO - Ingress_Enter H26CZESB
2025-04-01 00:48:42,738 - INFO - Ingress_Enter F5JSNW7E
2025-04-01 00:48:42,739 - INFO - Ingress_Exit 1PHRXT1N
2025-04-01 00:48:42,832 - INFO - Ingress_Exit E8QLSS7O
2025-04-01 00:48:43,031 - INFO - Ingress_Exit N5T4NW37
2025-04-01 00:48:43,070 - INFO - Ingress_Enter UFEM7MZK
2025-04-01 00:48:43,077 - INFO - Ingress_Exit H26CZESB
2025-04-01 00:48:43,222 - INFO - Ingress_Exit 4ZPDMSDQ
2025-04-01 00:48:43,223 - INFO - Ingress_Exit F5JSNW7E
2025-04-01 00:48:43,405 - INFO - Ingress_Enter OUZGRT94
2025-04-01 00:48:43,472 - INFO - Ingress_Enter S1DDEGQ0
2025-04-01 00:48:43,490 - INFO - Ingress_Enter 7V445BBF
2025-04-01 00:48:43,499 - INFO - Ingress_Enter 360FPTHE
2025-04-01 00:48:43,543 - INFO - Ingress_Exit UFEM7MZK
2025-04-01 00:48:43,699 - INFO - Ingress_Exit OUZGRT94
2025-04-01 00:48:43,752 - INFO - Ingress_Exit 7V445BBF
2025-04-01 00:48:43,792 - INFO - Ingress_Enter I1UUPEMS
2025-04-01 00:48:43,827 - INFO - Ingress_Exit S1DDEGQ0
2025-04-01 00:48:43,828 - INFO - Ingress_Exit 360FPTHE
2025-04-01 00:48:43,957 - INFO - Ingress_Enter LJCWJXUQ
2025-04-01 00:48:43,976 - INFO - Ingress_Enter 1TCHH909
2025-04-01 00:48:44,043 - INFO - Ingress_Exit I1UUPEMS
2025-04-01 00:48:44,095 - INFO - Ingress_Enter DHG3C6V9
2025-04-01 00:48:44,151 - INFO - Ingress_Enter S1TPED0M
2025-04-01 00:48:44,170 - INFO - Ingress_Enter ZXJA2GEV
2025-04-01 00:48:44,179 - INFO - Ingress_Enter HAKWC5ZI
2025-04-01 00:48:44,196 - INFO - Ingress_Enter AY5GJC32
2025-04-01 00:48:44,341 - INFO - Ingress_Enter KGSAVGUZ
2025-04-01 00:48:44,374 - INFO - Ingress_Exit 1TCHH909
2025-04-01 00:48:44,484 - INFO - Ingress_Exit LJCWJXUQ
2025-04-01 00:48:44,631 - INFO - Ingress_Exit S1TPED0M
2025-04-01 00:48:44,633 - INFO - Ingress_Exit DHG3C6V9
2025-04-01 00:48:44,686 - INFO - Ingress_Exit HAKWC5ZI
2025-04-01 00:48:44,714 - INFO - Ingress_Exit KGSAVGUZ
2025-04-01 00:48:44,817 - INFO - Ingress_Exit AY5GJC32
2025-04-01 00:48:44,945 - INFO - Ingress_Exit ZXJA2GEV
2025-04-01 00:48:46,972 - INFO - Ingress_Enter W4MJTYQ6
2025-04-01 00:48:47,175 - INFO - Ingress_Enter RI32OAY8
2025-04-01 00:48:47,251 - INFO - Ingress_Enter THZYQ8M7
2025-04-01 00:48:47,304 - INFO - Ingress_Enter KAJT9YKU
2025-04-01 00:48:47,423 - INFO - Ingress_Enter P8ZOWU1C
2025-04-01 00:48:47,515 - INFO - Ingress_Enter HMDI0M8F
2025-04-01 00:48:47,538 - INFO - Ingress_Exit W4MJTYQ6
2025-04-01 00:48:47,577 - INFO - Ingress_Enter DPCBZI8O
2025-04-01 00:48:47,695 - INFO - Ingress_Exit RI32OAY8
2025-04-01 00:48:47,939 - INFO - Ingress_Exit THZYQ8M7
2025-04-01 00:48:47,945 - INFO - Ingress_Exit KAJT9YKU
2025-04-01 00:48:47,948 - INFO - Ingress_Exit HMDI0M8F
2025-04-01 00:48:47,949 - INFO - Ingress_Exit P8ZOWU1C
2025-04-01 00:48:48,051 - INFO - Ingress_Enter 8Z4EGNRB
2025-04-01 00:48:48,070 - INFO - Ingress_Enter E9OAMKT2
2025-04-01 00:48:48,154 - INFO - Ingress_Exit DPCBZI8O
2025-04-01 00:48:48,234 - INFO - Ingress_Enter 3FL7BCKB
2025-04-01 00:48:48,391 - INFO - Ingress_Enter YD67T83O
2025-04-01 00:48:48,455 - INFO - Ingress_Enter XIKVUU09
2025-04-01 00:48:48,527 - INFO - Ingress_Enter 70E3RBX4
2025-04-01 00:48:48,558 - INFO - Ingress_Exit E9OAMKT2
2025-04-01 00:48:48,590 - INFO - Ingress_Exit 8Z4EGNRB
2025-04-01 00:48:48,618 - INFO - Ingress_Enter YT4JVBWQ
2025-04-01 00:48:48,692 - INFO - Ingress_Enter 3ZJKLY2T
2025-04-01 00:48:48,780 - INFO - Ingress_Exit 3FL7BCKB
2025-04-01 00:48:48,867 - INFO - Ingress_Exit XIKVUU09
2025-04-01 00:48:48,950 - INFO - Ingress_Enter BB24R926
2025-04-01 00:48:48,967 - INFO - Ingress_Enter ZNFXCKU9
2025-04-01 00:48:48,987 - INFO - Ingress_Exit YD67T83O
2025-04-01 00:48:48,988 - INFO - Ingress_Exit 70E3RBX4
2025-04-01 00:48:49,025 - INFO - Ingress_Enter 9BKP3E5R
2025-04-01 00:48:49,098 - INFO - Ingress_Enter 8ZFTWEIS
2025-04-01 00:48:49,170 - INFO - Ingress_Exit YT4JVBWQ
2025-04-01 00:48:49,198 - INFO - Ingress_Enter 0TV773I5
2025-04-01 00:48:49,208 - INFO - Ingress_Enter CDVRJAJ2
2025-04-01 00:48:49,263 - INFO - Ingress_Exit 3ZJKLY2T
2025-04-01 00:48:49,272 - INFO - Ingress_Enter KW6ES7AU
2025-04-01 00:48:49,415 - INFO - Ingress_Enter YHVZHZE3
2025-04-01 00:48:49,528 - INFO - Ingress_Exit BB24R926
2025-04-01 00:48:49,531 - INFO - Ingress_Exit ZNFXCKU9
2025-04-01 00:48:49,533 - INFO - Ingress_Exit 9BKP3E5R
2025-04-01 00:48:49,625 - INFO - Ingress_Enter EHP3CUSU
2025-04-01 00:48:49,656 - INFO - Ingress_Exit 8ZFTWEIS
2025-04-01 00:48:49,734 - INFO - Ingress_Enter CZ87D9J4
2025-04-01 00:48:49,798 - INFO - Ingress_Enter 9HOAMZ9G
2025-04-01 00:48:49,831 - INFO - Ingress_Exit CDVRJAJ2
2025-04-01 00:48:49,864 - INFO - Ingress_Enter DWOSP6FV
2025-04-01 00:48:49,872 - INFO - Ingress_Enter IPIYBOV6
2025-04-01 00:48:49,898 - INFO - Ingress_Exit 0TV773I5
2025-04-01 00:48:49,899 - INFO - Ingress_Exit KW6ES7AU
2025-04-01 00:48:49,902 - INFO - Ingress_Exit YHVZHZE3
2025-04-01 00:48:49,983 - INFO - Ingress_Enter 5AWF7DS8
2025-04-01 00:48:49,996 - INFO - Ingress_Exit EHP3CUSU
2025-04-01 00:48:50,039 - INFO - Ingress_Enter K5BEMOKV
2025-04-01 00:48:50,123 - INFO - Ingress_Exit CZ87D9J4
2025-04-01 00:48:50,217 - INFO - Ingress_Exit K5BEMOKV
2025-04-01 00:48:50,377 - INFO - Ingress_Enter BSWOTPPO
2025-04-01 00:48:50,406 - INFO - Ingress_Enter KRRKU4DM
2025-04-01 00:48:50,436 - INFO - Ingress_Exit 5AWF7DS8
2025-04-01 00:48:50,443 - INFO - Ingress_Enter BQTZVWXF
2025-04-01 00:48:50,583 - INFO - Ingress_Exit 9HOAMZ9G
2025-04-01 00:48:50,586 - INFO - Ingress_Exit IPIYBOV6
2025-04-01 00:48:50,587 - INFO - Ingress_Exit DWOSP6FV
2025-04-01 00:48:50,637 - INFO - Ingress_Enter CG97GEWW
2025-04-01 00:48:50,681 - INFO - Ingress_Enter Z77AKGVG
2025-04-01 00:48:50,717 - INFO - Ingress_Enter LEH9E2BT
2025-04-01 00:48:50,754 - INFO - Ingress_Enter PSGY715M
2025-04-01 00:48:50,817 - INFO - Ingress_Exit KRRKU4DM
2025-04-01 00:48:50,818 - INFO - Ingress_Exit BSWOTPPO
2025-04-01 00:48:50,862 - INFO - Ingress_Enter 9TC5Q8G9
2025-04-01 00:48:51,016 - INFO - Ingress_Exit BQTZVWXF
2025-04-01 00:48:51,038 - INFO - Ingress_Exit CG97GEWW
2025-04-01 00:48:51,217 - INFO - Ingress_Enter EWM995XS
2025-04-01 00:48:51,355 - INFO - Ingress_Exit LEH9E2BT
2025-04-01 00:48:51,356 - INFO - Ingress_Exit Z77AKGVG
2025-04-01 00:48:51,358 - INFO - Ingress_Exit PSGY715M
2025-04-01 00:48:51,457 - INFO - Ingress_Exit 9TC5Q8G9
2025-04-01 00:48:51,525 - INFO - Ingress_Exit EWM995XS
2025-04-01 00:48:51,561 - INFO - Ingress_Enter OMR6VP68
2025-04-01 00:48:51,596 - INFO - Ingress_Enter AGR65767
2025-04-01 00:48:51,606 - INFO - Ingress_Enter W7HK59FG
2025-04-01 00:48:51,642 - INFO - Ingress_Enter UIFKISGN
2025-04-01 00:48:51,705 - INFO - Ingress_Enter N6F5S1V4
2025-04-01 00:48:51,745 - INFO - Ingress_Enter 80MQ3MXY
2025-04-01 00:48:51,978 - INFO - Ingress_Enter GB3RWAX6
2025-04-01 00:48:52,048 - INFO - Ingress_Exit OMR6VP68
2025-04-01 00:48:52,136 - INFO - Ingress_Exit AGR65767
2025-04-01 00:48:52,137 - INFO - Ingress_Exit W7HK59FG
2025-04-01 00:48:52,251 - INFO - Ingress_Enter TYEN1YCA
2025-04-01 00:48:52,268 - INFO - Ingress_Enter 32IX9EN5
2025-04-01 00:48:52,318 - INFO - Ingress_Enter P4Z0QE16
2025-04-01 00:48:52,344 - INFO - Ingress_Enter MV6Q1AR8
2025-04-01 00:48:52,506 - INFO - Ingress_Exit UIFKISGN
2025-04-01 00:48:52,508 - INFO - Ingress_Exit N6F5S1V4
2025-04-01 00:48:52,556 - INFO - Ingress_Exit 80MQ3MXY
2025-04-01 00:48:52,614 - INFO - Ingress_Enter XBQ1QX53
2025-04-01 00:48:52,623 - INFO - Ingress_Enter 5CO1JHJJ
2025-04-01 00:48:52,639 - INFO - Ingress_Enter KP0I0SG9
2025-04-01 00:48:52,722 - INFO - Ingress_Enter SAU2CYR4
2025-04-01 00:48:52,799 - INFO - Ingress_Exit GB3RWAX6
2025-04-01 00:48:53,109 - INFO - Ingress_Exit TYEN1YCA
2025-04-01 00:48:53,111 - INFO - Ingress_Exit 32IX9EN5
2025-04-01 00:48:53,113 - INFO - Ingress_Exit P4Z0QE16
2025-04-01 00:48:53,115 - INFO - Ingress_Exit MV6Q1AR8
2025-04-01 00:48:53,182 - INFO - Ingress_Exit XBQ1QX53
2025-04-01 00:48:53,185 - INFO - Ingress_Enter 3HF7I4SB
2025-04-01 00:48:53,220 - INFO - Ingress_Enter WRCEUQSP
2025-04-01 00:48:53,332 - INFO - Ingress_Exit SAU2CYR4
2025-04-01 00:48:53,334 - INFO - Ingress_Exit 5CO1JHJJ
2025-04-01 00:48:53,337 - INFO - Ingress_Exit KP0I0SG9
2025-04-01 00:48:53,407 - INFO - Ingress_Enter WXC1T7ZT
2025-04-01 00:48:53,480 - INFO - Ingress_Enter 297GKLSJ
2025-04-01 00:48:53,495 - INFO - Ingress_Exit 3HF7I4SB
2025-04-01 00:48:53,542 - INFO - Ingress_Enter LK0U22AH
2025-04-01 00:48:53,543 - INFO - Ingress_Exit WRCEUQSP
2025-04-01 00:48:53,551 - INFO - Ingress_Enter 67R3BX6K
2025-04-01 00:48:53,838 - INFO - Ingress_Enter F9FCL5BJ
2025-04-01 00:48:53,845 - INFO - Ingress_Exit 297GKLSJ
2025-04-01 00:48:53,921 - INFO - Ingress_Enter 78X2JXBT
2025-04-01 00:48:54,044 - INFO - Ingress_Exit 67R3BX6K
2025-04-01 00:48:54,091 - INFO - Ingress_Exit WXC1T7ZT
2025-04-01 00:48:54,211 - INFO - Ingress_Enter A38C8DCR
2025-04-01 00:48:54,224 - INFO - Ingress_Exit F9FCL5BJ
2025-04-01 00:48:54,381 - INFO - Ingress_Exit LK0U22AH
2025-04-01 00:48:54,390 - INFO - Ingress_Exit 78X2JXBT
2025-04-01 00:48:54,485 - INFO - Ingress_Enter VV4I62YO
2025-04-01 00:48:54,530 - INFO - Ingress_Enter JRMV2EMR
2025-04-01 00:48:54,567 - INFO - Ingress_Enter 47P5PJFW
2025-04-01 00:48:54,706 - INFO - Ingress_Exit VV4I62YO
2025-04-01 00:48:54,808 - INFO - Ingress_Exit JRMV2EMR
2025-04-01 00:48:54,842 - INFO - Ingress_Exit 47P5PJFW
2025-04-01 00:48:54,859 - INFO - Ingress_Exit A38C8DCR
2025-04-01 00:48:54,888 - INFO - Ingress_Enter C5JEBL9C
2025-04-01 00:48:54,907 - INFO - Ingress_Enter 5I22TM5Z
2025-04-01 00:48:54,961 - INFO - Ingress_Enter A20SHNLQ
2025-04-01 00:48:55,019 - INFO - Ingress_Enter 7L2OTF5U
2025-04-01 00:48:55,071 - INFO - Ingress_Enter 2GNKY77S
2025-04-01 00:48:55,095 - INFO - Ingress_Enter 2N7TN1T7
2025-04-01 00:48:55,104 - INFO - Ingress_Enter RKNVH9B9
2025-04-01 00:48:55,149 - INFO - Ingress_Exit C5JEBL9C
2025-04-01 00:48:55,222 - INFO - Ingress_Enter 95QSLCBO
2025-04-01 00:48:55,400 - INFO - Ingress_Exit 7L2OTF5U
2025-04-01 00:48:55,478 - INFO - Ingress_Enter O88DNU0U
2025-04-01 00:48:55,487 - INFO - Ingress_Enter JGERVWN9
2025-04-01 00:48:55,522 - INFO - Ingress_Exit 2GNKY77S
2025-04-01 00:48:55,523 - INFO - Ingress_Exit 2N7TN1T7
2025-04-01 00:48:55,755 - INFO - Ingress_Exit 5I22TM5Z
2025-04-01 00:48:55,757 - INFO - Ingress_Exit A20SHNLQ
2025-04-01 00:48:55,759 - INFO - Ingress_Exit RKNVH9B9
2025-04-01 00:48:55,770 - INFO - Ingress_Exit 95QSLCBO
2025-04-01 00:48:55,802 - INFO - Ingress_Enter 0035DUNS
2025-04-01 00:48:55,871 - INFO - Ingress_Exit JGERVWN9
2025-04-01 00:48:55,919 - INFO - Ingress_Enter 14ZH7XAA
2025-04-01 00:48:56,068 - INFO - Ingress_Exit O88DNU0U
2025-04-01 00:48:56,184 - INFO - Ingress_Enter GW67LKUK
2025-04-01 00:48:56,313 - INFO - Ingress_Enter A3K0U597
2025-04-01 00:48:56,332 - INFO - Ingress_Exit 14ZH7XAA
2025-04-01 00:48:56,378 - INFO - Ingress_Enter 0PJGH6HR
2025-04-01 00:48:56,460 - INFO - Ingress_Enter HD3GAVM4
2025-04-01 00:48:56,534 - INFO - Ingress_Enter XEDUKN1T
2025-04-01 00:48:56,546 - INFO - Ingress_Exit 0035DUNS
2025-04-01 00:48:56,576 - INFO - Ingress_Enter CFBXB2NE
2025-04-01 00:48:56,612 - INFO - Ingress_Enter 4R4F72W2
2025-04-01 00:48:56,693 - INFO - Ingress_Exit GW67LKUK
2025-04-01 00:48:56,703 - INFO - Ingress_Enter 7MKA1EQK
2025-04-01 00:48:56,767 - INFO - Ingress_Enter KZNY88GR
2025-04-01 00:48:56,840 - INFO - Ingress_Enter FAV2ZHGB
2025-04-01 00:48:56,935 - INFO - Ingress_Exit A3K0U597
2025-04-01 00:48:56,968 - INFO - Ingress_Exit HD3GAVM4
2025-04-01 00:48:56,988 - INFO - Ingress_Exit 0PJGH6HR
2025-04-01 00:48:57,031 - INFO - Ingress_Exit 4R4F72W2
2025-04-01 00:48:57,197 - INFO - Ingress_Exit XEDUKN1T
2025-04-01 00:48:57,199 - INFO - Ingress_Exit CFBXB2NE
2025-04-01 00:48:57,304 - INFO - Ingress_Enter O6P5Z61E
2025-04-01 00:48:57,313 - INFO - Ingress_Enter H8RA8B9B
2025-04-01 00:48:57,350 - INFO - Ingress_Enter HM0XQCGN
2025-04-01 00:48:57,401 - INFO - Ingress_Exit KZNY88GR
2025-04-01 00:48:57,420 - INFO - Ingress_Enter Y30E5UIN
2025-04-01 00:48:57,448 - INFO - Ingress_Enter E7HEBZIM
2025-04-01 00:48:57,474 - INFO - Ingress_Enter FOT71NHX
2025-04-01 00:48:57,491 - INFO - Ingress_Exit 7MKA1EQK
2025-04-01 00:48:57,493 - INFO - Ingress_Exit FAV2ZHGB
2025-04-01 00:48:57,523 - INFO - Ingress_Enter 51PREWTW
2025-04-01 00:48:57,561 - INFO - Ingress_Enter QRXTNQSU
2025-04-01 00:48:57,603 - INFO - Ingress_Exit H8RA8B9B
2025-04-01 00:48:57,655 - INFO - Ingress_Exit E7HEBZIM
2025-04-01 00:48:57,686 - INFO - Ingress_Enter 1KWETW6O
2025-04-01 00:48:57,707 - INFO - Ingress_Exit 51PREWTW
2025-04-01 00:48:57,721 - INFO - Ingress_Enter RSL45S29
2025-04-01 00:48:57,730 - INFO - Ingress_Enter OAA9OLGQ
2025-04-01 00:48:57,781 - INFO - Ingress_Exit QRXTNQSU
2025-04-01 00:48:57,845 - INFO - Ingress_Exit Y30E5UIN
2025-04-01 00:48:57,846 - INFO - Ingress_Exit O6P5Z61E
2025-04-01 00:48:57,849 - INFO - Ingress_Exit HM0XQCGN
2025-04-01 00:48:57,889 - INFO - Ingress_Exit FOT71NHX
2025-04-01 00:48:57,932 - INFO - Ingress_Enter HR8OK1FH
2025-04-01 00:48:58,024 - INFO - Ingress_Exit 1KWETW6O
2025-04-01 00:48:58,051 - INFO - Ingress_Enter R9QROSF8
2025-04-01 00:48:58,099 - INFO - Ingress_Exit RSL45S29
2025-04-01 00:48:58,221 - INFO - Ingress_Exit OAA9OLGQ
2025-04-01 00:48:58,226 - INFO - Ingress_Enter FX1575MH
2025-04-01 00:48:58,250 - INFO - Ingress_Exit HR8OK1FH
2025-04-01 00:48:58,267 - INFO - Ingress_Enter N38UC1LS
2025-04-01 00:48:58,421 - INFO - Ingress_Enter DXFPNQNS
2025-04-01 00:48:58,475 - INFO - Ingress_Enter MUPY5R6D
2025-04-01 00:48:58,589 - INFO - Ingress_Exit R9QROSF8
2025-04-01 00:48:58,760 - INFO - Ingress_Enter B9AHHEJ8
2025-04-01 00:48:58,805 - INFO - Ingress_Enter ITUZZU48
2025-04-01 00:48:58,871 - INFO - Ingress_Exit FX1575MH
2025-04-01 00:48:58,872 - INFO - Ingress_Exit N38UC1LS
2025-04-01 00:48:58,876 - INFO - Ingress_Exit DXFPNQNS
2025-04-01 00:48:58,877 - INFO - Ingress_Exit MUPY5R6D
2025-04-01 00:48:58,897 - INFO - Ingress_Enter MHYKX6KS
2025-04-01 00:48:58,969 - INFO - Ingress_Enter YBVP4ZLM
2025-04-01 00:48:59,177 - INFO - Ingress_Enter HQF8UX82
2025-04-01 00:48:59,223 - INFO - Ingress_Enter EW5ZU55J
2025-04-01 00:48:59,308 - INFO - Ingress_Enter G0WD0VU2
2025-04-01 00:48:59,353 - INFO - Ingress_Exit MHYKX6KS
2025-04-01 00:48:59,394 - INFO - Ingress_Exit YBVP4ZLM
2025-04-01 00:48:59,515 - INFO - Ingress_Exit ITUZZU48
2025-04-01 00:48:59,517 - INFO - Ingress_Exit B9AHHEJ8
2025-04-01 00:48:59,556 - INFO - Ingress_Enter 6FLKZJR1
2025-04-01 00:48:59,640 - INFO - Ingress_Exit HQF8UX82
2025-04-01 00:48:59,759 - INFO - Ingress_Exit EW5ZU55J
2025-04-01 00:48:59,773 - INFO - Ingress_Enter D5FL5RNK
2025-04-01 00:48:59,791 - INFO - Ingress_Enter KWHOOGJJ
2025-04-01 00:48:59,901 - INFO - Ingress_Exit G0WD0VU2
2025-04-01 00:48:59,965 - INFO - Ingress_Enter 5SYNRQLD
2025-04-01 00:49:00,039 - INFO - Ingress_Enter 07NFE0K3
2025-04-01 00:49:00,060 - INFO - Ingress_Exit D5FL5RNK
2025-04-01 00:49:00,128 - INFO - Ingress_Enter IQU0B3ZA
2025-04-01 00:49:00,224 - INFO - Ingress_Exit 6FLKZJR1
2025-04-01 00:49:00,475 - INFO - Ingress_Exit KWHOOGJJ
2025-04-01 00:49:00,551 - INFO - Ingress_Exit 5SYNRQLD
2025-04-01 00:49:00,588 - INFO - Ingress_Enter KHRUY7J6
2025-04-01 00:49:00,696 - INFO - Ingress_Enter SV0C9W4N
2025-04-01 00:49:00,707 - INFO - Ingress_Enter 3LQMDOOV
2025-04-01 00:49:00,813 - INFO - Ingress_Enter TQNJUZ26
2025-04-01 00:49:00,862 - INFO - Ingress_Exit 07NFE0K3
2025-04-01 00:49:00,863 - INFO - Ingress_Exit IQU0B3ZA
2025-04-01 00:49:01,013 - INFO - Ingress_Exit KHRUY7J6
2025-04-01 00:49:01,090 - INFO - Ingress_Exit SV0C9W4N
2025-04-01 00:49:01,155 - INFO - Ingress_Exit 3LQMDOOV
2025-04-01 00:49:01,369 - INFO - Ingress_Enter SQDS7DWB
2025-04-01 00:49:01,412 - INFO - Ingress_Exit TQNJUZ26
2025-04-01 00:49:01,459 - INFO - Ingress_Enter F2B0PMFA
2025-04-01 00:49:01,499 - INFO - Ingress_Enter LPMY43EF
2025-04-01 00:49:01,516 - INFO - Ingress_Enter HN3ITL4Y
2025-04-01 00:49:01,525 - INFO - Ingress_Enter Y54PDXQW
2025-04-01 00:49:01,552 - INFO - Ingress_Enter T1ZEENDU
2025-04-01 00:49:01,570 - INFO - Ingress_Enter EQTMT36T
2025-04-01 00:49:01,768 - INFO - Ingress_Exit SQDS7DWB
2025-04-01 00:49:01,782 - INFO - Ingress_Exit F2B0PMFA
2025-04-01 00:49:01,855 - INFO - Ingress_Exit LPMY43EF
2025-04-01 00:49:01,945 - INFO - Ingress_Exit HN3ITL4Y
2025-04-01 00:49:02,128 - INFO - Ingress_Exit Y54PDXQW
2025-04-01 00:49:02,129 - INFO - Ingress_Exit T1ZEENDU
2025-04-01 00:49:02,131 - INFO - Ingress_Exit EQTMT36T
2025-04-01 00:49:05,931 - INFO - Ingress_Enter ONWRIYKC
2025-04-01 00:49:06,012 - INFO - Ingress_Enter PDBHFN92
2025-04-01 00:49:06,118 - INFO - Ingress_Exit ONWRIYKC
2025-04-01 00:49:06,138 - INFO - Ingress_Enter G5LJTLTE
2025-04-01 00:49:06,202 - INFO - Ingress_Enter T0SRPT7W
2025-04-01 00:49:06,306 - INFO - Ingress_Exit PDBHFN92
2025-04-01 00:49:06,519 - INFO - Ingress_Exit G5LJTLTE
2025-04-01 00:49:06,522 - INFO - Ingress_Enter RQQL2ZDK
2025-04-01 00:49:06,614 - INFO - Ingress_Enter DR80Y07L
2025-04-01 00:49:06,749 - INFO - Ingress_Exit T0SRPT7W
2025-04-01 00:49:06,796 - INFO - Ingress_Enter HA4PEFUM
2025-04-01 00:49:06,970 - INFO - Ingress_Exit DR80Y07L
2025-04-01 00:49:07,029 - INFO - Ingress_Enter GFZSPPY0
2025-04-01 00:49:07,030 - INFO - Ingress_Exit RQQL2ZDK
2025-04-01 00:49:07,038 - INFO - Ingress_Enter UGS76WQE
2025-04-01 00:49:07,049 - INFO - Ingress_Enter GGHO6MCJ
2025-04-01 00:49:07,172 - INFO - Ingress_Exit HA4PEFUM
2025-04-01 00:49:07,176 - INFO - Ingress_Enter SAJYSNCD
2025-04-01 00:49:07,193 - INFO - Ingress_Enter BIJKZFK7
2025-04-01 00:49:07,306 - INFO - Ingress_Exit GFZSPPY0
2025-04-01 00:49:07,416 - INFO - Ingress_Exit GGHO6MCJ
2025-04-01 00:49:07,443 - INFO - Ingress_Enter T8GKEN8W
2025-04-01 00:49:07,460 - INFO - Ingress_Exit UGS76WQE
2025-04-01 00:49:07,566 - INFO - Ingress_Enter PG637SWF
2025-04-01 00:49:07,670 - INFO - Ingress_Exit SAJYSNCD
2025-04-01 00:49:07,672 - INFO - Ingress_Exit BIJKZFK7
2025-04-01 00:49:07,691 - INFO - Ingress_Enter S5SS7I6E
2025-04-01 00:49:07,701 - INFO - Ingress_Enter 0Y3G0QVL
2025-04-01 00:49:07,746 - INFO - Ingress_Exit T8GKEN8W
2025-04-01 00:49:07,772 - INFO - Ingress_Enter MA1XMXEQ
2025-04-01 00:49:07,818 - INFO - Ingress_Enter 0W13U7SW
2025-04-01 00:49:07,920 - INFO - Ingress_Exit PG637SWF
2025-04-01 00:49:08,030 - INFO - Ingress_Exit S5SS7I6E
2025-04-01 00:49:08,031 - INFO - Ingress_Exit 0Y3G0QVL
2025-04-01 00:49:08,046 - INFO - Ingress_Enter DFTQJ3OS
2025-04-01 00:49:08,064 - INFO - Ingress_Enter HJQWYNOK
2025-04-01 00:49:08,183 - INFO - Ingress_Enter O4HSYHTS
2025-04-01 00:49:08,220 - INFO - Ingress_Enter YUZED0XH
2025-04-01 00:49:08,264 - INFO - Ingress_Enter Z29S5ENN
2025-04-01 00:49:08,301 - INFO - Ingress_Exit MA1XMXEQ
2025-04-01 00:49:08,303 - INFO - Ingress_Exit 0W13U7SW
2025-04-01 00:49:08,487 - INFO - Ingress_Exit DFTQJ3OS
2025-04-01 00:49:08,489 - INFO - Ingress_Exit HJQWYNOK
2025-04-01 00:49:08,538 - INFO - Ingress_Enter 6KOPZ2LY
2025-04-01 00:49:08,667 - INFO - Ingress_Exit O4HSYHTS
2025-04-01 00:49:08,670 - INFO - Ingress_Exit Z29S5ENN
2025-04-01 00:49:08,672 - INFO - Ingress_Exit YUZED0XH
2025-04-01 00:49:08,813 - INFO - Ingress_Exit 6KOPZ2LY
2025-04-01 00:49:08,858 - INFO - Ingress_Enter 98CEJGRB
2025-04-01 00:49:09,074 - INFO - Ingress_Enter 5GHW624F
2025-04-01 00:49:09,100 - INFO - Ingress_Enter NHOFNE4A
2025-04-01 00:49:09,120 - INFO - Ingress_Enter JTY7366K
2025-04-01 00:49:09,192 - INFO - Ingress_Enter T4KK8IYW
2025-04-01 00:49:09,229 - INFO - Ingress_Enter KY8D7Y0I
2025-04-01 00:49:09,282 - INFO - Ingress_Enter 5QN0XDT7
2025-04-01 00:49:09,448 - INFO - Ingress_Exit 5QN0XDT7
2025-04-01 00:49:09,470 - INFO - Ingress_Exit 98CEJGRB
2025-04-01 00:49:09,471 - INFO - Ingress_Exit 5GHW624F
2025-04-01 00:49:09,473 - INFO - Ingress_Exit NHOFNE4A
2025-04-01 00:49:09,482 - INFO - Ingress_Enter 7GRJVTU0
2025-04-01 00:49:09,519 - INFO - Ingress_Enter 6MADXA0G
2025-04-01 00:49:09,531 - INFO - Ingress_Exit JTY7366K
2025-04-01 00:49:09,556 - INFO - Ingress_Exit T4KK8IYW
2025-04-01 00:49:09,638 - INFO - Ingress_Enter 48CJ0UPL
2025-04-01 00:49:09,695 - INFO - Ingress_Enter OZYHWIVT
2025-04-01 00:49:09,712 - INFO - Ingress_Exit 7GRJVTU0
2025-04-01 00:49:09,752 - INFO - Ingress_Exit KY8D7Y0I
2025-04-01 00:49:09,907 - INFO - Ingress_Exit 48CJ0UPL
2025-04-01 00:49:10,011 - INFO - Ingress_Enter KN53MBEF
2025-04-01 00:49:10,065 - INFO - Ingress_Exit 6MADXA0G
2025-04-01 00:49:10,106 - INFO - Ingress_Enter BPB72ET7
2025-04-01 00:49:10,224 - INFO - Ingress_Enter LHU809W1
2025-04-01 00:49:10,238 - INFO - Ingress_Enter PLAY6KG4
2025-04-01 00:49:10,392 - INFO - Ingress_Enter C8V2ZOD6
2025-04-01 00:49:10,399 - INFO - Ingress_Exit OZYHWIVT
2025-04-01 00:49:10,465 - INFO - Ingress_Enter UB6OSZSC
2025-04-01 00:49:10,504 - INFO - Ingress_Exit BPB72ET7
2025-04-01 00:49:10,616 - INFO - Ingress_Exit KN53MBEF
2025-04-01 00:49:10,749 - INFO - Ingress_Exit PLAY6KG4
2025-04-01 00:49:10,750 - INFO - Ingress_Exit C8V2ZOD6
2025-04-01 00:49:10,810 - INFO - Ingress_Exit LHU809W1
2025-04-01 00:49:10,959 - INFO - Ingress_Exit UB6OSZSC
2025-04-01 00:49:11,042 - INFO - Ingress_Enter WRP6XJNR
2025-04-01 00:49:11,097 - INFO - Ingress_Enter JWM2MDU3
2025-04-01 00:49:11,124 - INFO - Ingress_Enter NLEVGT2V
2025-04-01 00:49:11,178 - INFO - Ingress_Enter 8HRV5Q1Z
2025-04-01 00:49:11,306 - INFO - Ingress_Enter TFYL507J
2025-04-01 00:49:11,324 - INFO - Ingress_Enter RZKG36YW
2025-04-01 00:49:11,379 - INFO - Ingress_Enter 2650EDO5
2025-04-01 00:49:11,596 - INFO - Ingress_Exit 8HRV5Q1Z
2025-04-01 00:49:11,597 - INFO - Ingress_Exit NLEVGT2V
2025-04-01 00:49:11,600 - INFO - Ingress_Exit WRP6XJNR
2025-04-01 00:49:11,601 - INFO - Ingress_Exit JWM2MDU3
2025-04-01 00:49:11,665 - INFO - Ingress_Enter 2MIV4J0A
2025-04-01 00:49:11,820 - INFO - Ingress_Exit TFYL507J
2025-04-01 00:49:11,821 - INFO - Ingress_Exit 2650EDO5
2025-04-01 00:49:11,882 - INFO - Ingress_Enter 6OHGBKUA
2025-04-01 00:49:11,904 - INFO - Ingress_Exit RZKG36YW
2025-04-01 00:49:12,002 - INFO - Ingress_Enter PN7FY2AR
2025-04-01 00:49:12,037 - INFO - Ingress_Enter COHAYZF5
2025-04-01 00:49:12,139 - INFO - Ingress_Enter NP1I94TN
2025-04-01 00:49:12,247 - INFO - Ingress_Enter 3EJFD91Z
2025-04-01 00:49:12,255 - INFO - Ingress_Exit 2MIV4J0A
2025-04-01 00:49:12,293 - INFO - Ingress_Enter O9QM4SRL
2025-04-01 00:49:12,538 - INFO - Ingress_Exit NP1I94TN
2025-04-01 00:49:12,666 - INFO - Ingress_Enter AXR8EUD0
2025-04-01 00:49:12,682 - INFO - Ingress_Exit O9QM4SRL
2025-04-01 00:49:12,733 - INFO - Ingress_Exit 3EJFD91Z
2025-04-01 00:49:12,746 - INFO - Ingress_Exit 6OHGBKUA
2025-04-01 00:49:12,748 - INFO - Ingress_Exit PN7FY2AR
2025-04-01 00:49:12,749 - INFO - Ingress_Exit COHAYZF5
2025-04-01 00:49:12,955 - INFO - Ingress_Enter 0T2SPJWD
2025-04-01 00:49:12,991 - INFO - Ingress_Enter Q4XWXRNB
2025-04-01 00:49:13,109 - INFO - Ingress_Enter V8EO88SB
2025-04-01 00:49:13,294 - INFO - Ingress_Exit AXR8EUD0
2025-04-01 00:49:13,300 - INFO - Ingress_Enter 90IPOZ56
2025-04-01 00:49:13,389 - INFO - Ingress_Enter WCNPWQOR
2025-04-01 00:49:13,407 - INFO - Ingress_Enter RG3M7FCC
2025-04-01 00:49:13,408 - INFO - Ingress_Exit 0T2SPJWD
2025-04-01 00:49:13,409 - INFO - Ingress_Exit Q4XWXRNB
2025-04-01 00:49:13,490 - INFO - Ingress_Enter CDF0LSUE
2025-04-01 00:49:13,626 - INFO - Ingress_Exit 90IPOZ56
2025-04-01 00:49:13,691 - INFO - Ingress_Exit V8EO88SB
2025-04-01 00:49:13,703 - INFO - Ingress_Enter 7ITCRLKT
2025-04-01 00:49:13,713 - INFO - Ingress_Enter I2CQWYS3
2025-04-01 00:49:13,720 - INFO - Ingress_Enter ZSGZC4FC
2025-04-01 00:49:14,042 - INFO - Ingress_Enter YBR5YRCI
2025-04-01 00:49:14,043 - INFO - Ingress_Exit WCNPWQOR
2025-04-01 00:49:14,045 - INFO - Ingress_Exit RG3M7FCC
2025-04-01 00:49:14,134 - INFO - Ingress_Enter PEN60X7P
2025-04-01 00:49:14,218 - INFO - Ingress_Exit CDF0LSUE
2025-04-01 00:49:14,220 - INFO - Ingress_Exit 7ITCRLKT
2025-04-01 00:49:14,222 - INFO - Ingress_Exit I2CQWYS3
2025-04-01 00:49:14,223 - INFO - Ingress_Exit ZSGZC4FC
2025-04-01 00:49:14,261 - INFO - Ingress_Exit YBR5YRCI
2025-04-01 00:49:14,290 - INFO - Ingress_Enter EWG7BI95
2025-04-01 00:49:14,334 - INFO - Ingress_Enter 6PK4B8SZ
2025-04-01 00:49:14,374 - INFO - Ingress_Exit PEN60X7P
2025-04-01 00:49:14,441 - INFO - Ingress_Enter I07O4EXG
2025-04-01 00:49:14,449 - INFO - Ingress_Exit EWG7BI95
2025-04-01 00:49:14,470 - INFO - Ingress_Enter B9FB00SH
2025-04-01 00:49:14,497 - INFO - Ingress_Enter 0UVV8H3Z
2025-04-01 00:49:14,526 - INFO - Ingress_Enter F1RJ8YN7
2025-04-01 00:49:14,546 - INFO - Ingress_Exit 6PK4B8SZ
2025-04-01 00:49:14,701 - INFO - Ingress_Exit B9FB00SH
2025-04-01 00:49:14,730 - INFO - Ingress_Exit I07O4EXG
2025-04-01 00:49:14,761 - INFO - Ingress_Exit F1RJ8YN7
2025-04-01 00:49:14,768 - INFO - Ingress_Enter F4TBZ7VA
2025-04-01 00:49:14,810 - INFO - Ingress_Exit 0UVV8H3Z
2025-04-01 00:49:14,859 - INFO - Ingress_Enter RNI0PAWT
2025-04-01 00:49:14,965 - INFO - Ingress_Exit F4TBZ7VA
2025-04-01 00:49:15,122 - INFO - Ingress_Enter 9BFM8954
2025-04-01 00:49:15,222 - INFO - Ingress_Enter R4WO3EE3
2025-04-01 00:49:15,255 - INFO - Ingress_Exit RNI0PAWT
2025-04-01 00:49:15,276 - INFO - Ingress_Enter 1R6XVTJU
2025-04-01 00:49:15,322 - INFO - Ingress_Enter M4Q01QN2
2025-04-01 00:49:15,479 - INFO - Ingress_Enter DOS2SKFM
2025-04-01 00:49:15,523 - INFO - Ingress_Enter AIH1JM1A
2025-04-01 00:49:15,609 - INFO - Ingress_Exit 9BFM8954
2025-04-01 00:49:15,623 - INFO - Ingress_Exit M4Q01QN2
2025-04-01 00:49:15,654 - INFO - Ingress_Enter 6L6ZUDRF
2025-04-01 00:49:15,714 - INFO - Ingress_Exit R4WO3EE3
2025-04-01 00:49:15,716 - INFO - Ingress_Exit 1R6XVTJU
2025-04-01 00:49:15,728 - INFO - Ingress_Enter M4UDJO4P
2025-04-01 00:49:15,751 - INFO - Ingress_Exit DOS2SKFM
2025-04-01 00:49:15,809 - INFO - Ingress_Enter RU0TVA9H
2025-04-01 00:49:15,930 - INFO - Ingress_Enter VSPJ4LME
2025-04-01 00:49:16,017 - INFO - Ingress_Exit AIH1JM1A
2025-04-01 00:49:16,092 - INFO - Ingress_Exit 6L6ZUDRF
2025-04-01 00:49:16,097 - INFO - Ingress_Exit M4UDJO4P
2025-04-01 00:49:16,188 - INFO - Ingress_Enter YRHO7ZKC
2025-04-01 00:49:16,271 - INFO - Ingress_Enter 5CPR5UR4
2025-04-01 00:49:16,300 - INFO - Ingress_Exit RU0TVA9H
2025-04-01 00:49:16,317 - INFO - Ingress_Exit VSPJ4LME
2025-04-01 00:49:16,362 - INFO - Ingress_Enter 7OQIHX19
2025-04-01 00:49:16,469 - INFO - Ingress_Exit YRHO7ZKC
2025-04-01 00:49:16,539 - INFO - Ingress_Exit 5CPR5UR4
2025-04-01 00:49:16,668 - INFO - Ingress_Exit 7OQIHX19
