2025-04-01 03:18:51,577 - INFO - Ingress_Enter R5SBEHJB
2025-04-01 03:18:51,692 - INFO - Ingress_Enter GV8J8G16
2025-04-01 03:18:51,787 - INFO - Ingress_Enter 558YTK7E
2025-04-01 03:18:51,929 - INFO - Ingress_Enter 8B8QDR15
2025-04-01 03:18:52,099 - INFO - Ingress_Enter M9S44AWM
2025-04-01 03:18:52,224 - INFO - Ingress_Enter B9IDPM1B
2025-04-01 03:18:52,425 - INFO - Ingress_Enter 92BS1EKK
2025-04-01 03:18:52,503 - INFO - Ingress_Enter 9LGWUXSX
2025-04-01 03:18:52,609 - INFO - Ingress_Enter JGFE5TUX
2025-04-01 03:18:52,720 - INFO - Ingress_Exit R5SBEHJB
2025-04-01 03:18:52,758 - INFO - Ingress_Enter KCCLJHR4
2025-04-01 03:18:52,857 - INFO - Ingress_Exit 558YTK7E
2025-04-01 03:18:52,867 - INFO - Ingress_Exit GV8J8G16
2025-04-01 03:18:52,881 - INFO - Ingress_Enter 836WODAI
2025-04-01 03:18:52,929 - INFO - Ingress_Enter 9G2M3MYQ
2025-04-01 03:18:52,962 - INFO - Ingress_Exit 8B8QDR15
2025-04-01 03:18:52,998 - INFO - Ingress_Enter CTHRTONR
2025-04-01 03:18:53,101 - INFO - Ingress_Enter N2VUT9GO
2025-04-01 03:18:53,117 - INFO - Ingress_Enter F37PNQE2
2025-04-01 03:18:53,190 - INFO - Ingress_Exit B9IDPM1B
2025-04-01 03:18:53,257 - INFO - Ingress_Exit M9S44AWM
2025-04-01 03:18:53,372 - INFO - Ingress_Exit 9LGWUXSX
2025-04-01 03:18:53,396 - INFO - Ingress_Exit 92BS1EKK
2025-04-01 03:18:53,632 - INFO - Ingress_Enter QWAQJ9IF
2025-04-01 03:18:53,660 - INFO - Ingress_Enter MGAW5KGT
2025-04-01 03:18:53,669 - INFO - Ingress_Exit JGFE5TUX
2025-04-01 03:18:53,685 - INFO - Ingress_Enter 0Z5NP8WE
2025-04-01 03:18:53,727 - INFO - Ingress_Enter UW3ZTNHH
2025-04-01 03:18:53,738 - INFO - Ingress_Enter VL3ZJQRG
2025-04-01 03:18:53,800 - INFO - Ingress_Enter D449ZMNQ
2025-04-01 03:18:53,862 - INFO - Ingress_Enter 3C8TTBEM
2025-04-01 03:18:54,030 - INFO - Ingress_Exit KCCLJHR4
2025-04-01 03:18:54,085 - INFO - Ingress_Enter 8L7JLD57
2025-04-01 03:18:54,356 - INFO - Ingress_Exit 9G2M3MYQ
2025-04-01 03:18:54,358 - INFO - Ingress_Exit F37PNQE2
2025-04-01 03:18:54,359 - INFO - Ingress_Exit 836WODAI
2025-04-01 03:18:54,512 - INFO - Ingress_Exit CTHRTONR
2025-04-01 03:18:54,614 - INFO - Ingress_Exit N2VUT9GO
2025-04-01 03:18:55,084 - INFO - Ingress_Exit 8L7JLD57
2025-04-01 03:18:55,177 - INFO - Ingress_Exit QWAQJ9IF
2025-04-01 03:18:55,185 - INFO - Ingress_Enter JRCS46SD
2025-04-01 03:18:55,196 - INFO - Ingress_Enter HUIOPIS7
2025-04-01 03:18:55,203 - INFO - Ingress_Enter KXXIEFZL
2025-04-01 03:18:55,222 - INFO - Ingress_Exit VL3ZJQRG
2025-04-01 03:18:55,223 - INFO - Ingress_Exit UW3ZTNHH
2025-04-01 03:18:55,237 - INFO - Ingress_Enter MW9BWN1S
2025-04-01 03:18:55,382 - INFO - Ingress_Exit MGAW5KGT
2025-04-01 03:18:55,384 - INFO - Ingress_Exit D449ZMNQ
2025-04-01 03:18:55,399 - INFO - Ingress_Enter XY4RO7K0
2025-04-01 03:18:55,491 - INFO - Ingress_Exit 0Z5NP8WE
2025-04-01 03:18:55,517 - INFO - Ingress_Enter OJ6B6EKI
2025-04-01 03:18:55,553 - INFO - Ingress_Enter UWTGLSVZ
2025-04-01 03:18:55,578 - INFO - Ingress_Enter JAQCF14O
2025-04-01 03:18:55,631 - INFO - Ingress_Exit 3C8TTBEM
2025-04-01 03:18:55,694 - INFO - Ingress_Enter M6W3CKQ0
2025-04-01 03:18:55,809 - INFO - Ingress_Enter 0WY9KT1W
2025-04-01 03:18:55,866 - INFO - Ingress_Enter 1G9N84NT
2025-04-01 03:18:55,932 - INFO - Ingress_Enter F3WKJ387
2025-04-01 03:18:55,949 - INFO - Ingress_Enter XM7FAXZV
2025-04-01 03:18:56,043 - INFO - Ingress_Enter 6COAKLZL
2025-04-01 03:18:56,337 - INFO - Ingress_Enter L05UUJ53
2025-04-01 03:18:56,401 - INFO - Ingress_Enter ZW8BVV07
2025-04-01 03:18:56,403 - INFO - Ingress_Exit JRCS46SD
2025-04-01 03:18:56,515 - INFO - Ingress_Exit MW9BWN1S
2025-04-01 03:18:56,525 - INFO - Ingress_Exit HUIOPIS7
2025-04-01 03:18:56,526 - INFO - Ingress_Exit KXXIEFZL
2025-04-01 03:18:56,781 - INFO - Ingress_Exit OJ6B6EKI
2025-04-01 03:18:56,836 - INFO - Ingress_Exit JAQCF14O
2025-04-01 03:18:56,838 - INFO - Ingress_Exit XY4RO7K0
2025-04-01 03:18:57,007 - INFO - Ingress_Exit UWTGLSVZ
2025-04-01 03:18:57,078 - INFO - Ingress_Exit 0WY9KT1W
2025-04-01 03:18:57,117 - INFO - Ingress_Exit M6W3CKQ0
2025-04-01 03:18:57,119 - INFO - Ingress_Exit 6COAKLZL
2025-04-01 03:18:57,120 - INFO - Ingress_Exit F3WKJ387
2025-04-01 03:18:57,230 - INFO - Ingress_Exit XM7FAXZV
2025-04-01 03:18:57,415 - INFO - Ingress_Exit 1G9N84NT
2025-04-01 03:18:57,549 - INFO - Ingress_Exit L05UUJ53
2025-04-01 03:18:57,556 - INFO - Ingress_Exit ZW8BVV07
2025-04-01 03:18:58,961 - INFO - Ingress_Enter VNE115DI
2025-04-01 03:18:58,981 - INFO - Ingress_Enter ZDONXS4D
2025-04-01 03:18:59,052 - INFO - Ingress_Enter 2VTE9NB7
2025-04-01 03:18:59,143 - INFO - Ingress_Enter VM9ZNNJ0
2025-04-01 03:18:59,153 - INFO - Ingress_Enter VJSUFT12
2025-04-01 03:18:59,262 - INFO - Ingress_Enter P14UC7DE
2025-04-01 03:18:59,352 - INFO - Ingress_Enter FXKUSM70
2025-04-01 03:18:59,433 - INFO - Ingress_Enter QZXOAF0Y
2025-04-01 03:18:59,481 - INFO - Ingress_Enter NJYB2UBC
2025-04-01 03:18:59,638 - INFO - Ingress_Enter XV9HNSDJ
2025-04-01 03:18:59,640 - INFO - Ingress_Exit VNE115DI
2025-04-01 03:18:59,719 - INFO - Ingress_Enter 8UVCQMCX
2025-04-01 03:18:59,788 - INFO - Ingress_Enter P73N6FGH
2025-04-01 03:19:00,031 - INFO - Ingress_Exit VM9ZNNJ0
2025-04-01 03:19:00,040 - INFO - Ingress_Enter UEUCUN11
2025-04-01 03:19:00,042 - INFO - Ingress_Exit ZDONXS4D
2025-04-01 03:19:00,046 - INFO - Ingress_Enter NTTXVIEB
2025-04-01 03:19:00,140 - INFO - Ingress_Exit FXKUSM70
2025-04-01 03:19:00,233 - INFO - Ingress_Enter S2PWBBHO
2025-04-01 03:19:00,235 - INFO - Ingress_Enter EJ15OX1Z
2025-04-01 03:19:00,246 - INFO - Ingress_Exit VJSUFT12
2025-04-01 03:19:00,248 - INFO - Ingress_Exit P14UC7DE
2025-04-01 03:19:00,288 - INFO - Ingress_Enter QS1BGOF3
2025-04-01 03:19:00,324 - INFO - Ingress_Enter WYV50YKW
2025-04-01 03:19:00,335 - INFO - Ingress_Exit QZXOAF0Y
2025-04-01 03:19:00,386 - INFO - Ingress_Exit NJYB2UBC
2025-04-01 03:19:00,521 - INFO - Ingress_Enter 9Z9F7FNA
2025-04-01 03:19:00,538 - INFO - Ingress_Enter C1AV3N64
2025-04-01 03:19:00,539 - INFO - Ingress_Exit 2VTE9NB7
2025-04-01 03:19:00,547 - INFO - Ingress_Enter M3EQ3FUO
2025-04-01 03:19:00,592 - INFO - Ingress_Enter F97G3HZ6
2025-04-01 03:19:00,634 - INFO - Ingress_Exit P73N6FGH
2025-04-01 03:19:00,653 - INFO - Ingress_Enter XD2KGHMF
2025-04-01 03:19:00,709 - INFO - Ingress_Exit XV9HNSDJ
2025-04-01 03:19:00,747 - INFO - Ingress_Enter WP2MIEP3
2025-04-01 03:19:00,812 - INFO - Ingress_Enter 921KY98F
2025-04-01 03:19:00,820 - INFO - Ingress_Enter A8CEL01K
2025-04-01 03:19:00,902 - INFO - Ingress_Enter WWKF6CEH
2025-04-01 03:19:00,973 - INFO - Ingress_Enter SSJFBDHH
2025-04-01 03:19:01,017 - INFO - Ingress_Exit UEUCUN11
2025-04-01 03:19:01,032 - INFO - Ingress_Exit NTTXVIEB
2025-04-01 03:19:01,040 - INFO - Ingress_Exit 8UVCQMCX
2025-04-01 03:19:01,199 - INFO - Ingress_Exit WYV50YKW
2025-04-01 03:19:01,211 - INFO - Ingress_Enter SJR640HF
2025-04-01 03:19:01,255 - INFO - Ingress_Exit EJ15OX1Z
2025-04-01 03:19:01,296 - INFO - Ingress_Exit S2PWBBHO
2025-04-01 03:19:01,298 - INFO - Ingress_Exit QS1BGOF3
2025-04-01 03:19:01,472 - INFO - Ingress_Enter V386MAXD
2025-04-01 03:19:01,602 - INFO - Ingress_Exit F97G3HZ6
2025-04-01 03:19:01,679 - INFO - Ingress_Exit C1AV3N64
2025-04-01 03:19:01,777 - INFO - Ingress_Exit WP2MIEP3
2025-04-01 03:19:01,798 - INFO - Ingress_Exit 9Z9F7FNA
2025-04-01 03:19:01,802 - INFO - Ingress_Exit M3EQ3FUO
2025-04-01 03:19:01,893 - INFO - Ingress_Enter LKNEXYEM
2025-04-01 03:19:01,905 - INFO - Ingress_Enter JVR8WR2Q
2025-04-01 03:19:01,920 - INFO - Ingress_Enter HBWS9O47
2025-04-01 03:19:02,008 - INFO - Ingress_Exit 921KY98F
2025-04-01 03:19:02,065 - INFO - Ingress_Enter 9N0KS9GI
2025-04-01 03:19:02,073 - INFO - Ingress_Enter D1MURK69
2025-04-01 03:19:02,153 - INFO - Ingress_Enter DGNOTC42
2025-04-01 03:19:02,155 - INFO - Ingress_Exit XD2KGHMF
2025-04-01 03:19:02,162 - INFO - Ingress_Exit A8CEL01K
2025-04-01 03:19:02,181 - INFO - Ingress_Exit SJR640HF
2025-04-01 03:19:02,195 - INFO - Ingress_Exit SSJFBDHH
2025-04-01 03:19:02,222 - INFO - Ingress_Enter YUBDO4ND
2025-04-01 03:19:02,300 - INFO - Ingress_Enter D2JTB6H2
2025-04-01 03:19:02,302 - INFO - Ingress_Enter E0NEPFMV
2025-04-01 03:19:02,380 - INFO - Ingress_Enter 7S9NJX34
2025-04-01 03:19:02,392 - INFO - Ingress_Enter HQVK0PXJ
2025-04-01 03:19:02,418 - INFO - Ingress_Exit WWKF6CEH
2025-04-01 03:19:02,524 - INFO - Ingress_Exit V386MAXD
2025-04-01 03:19:02,786 - INFO - Ingress_Enter OGMIWNUM
2025-04-01 03:19:02,843 - INFO - Ingress_Exit LKNEXYEM
2025-04-01 03:19:02,850 - INFO - Ingress_Enter EXEANCUR
2025-04-01 03:19:02,913 - INFO - Ingress_Exit JVR8WR2Q
2025-04-01 03:19:02,931 - INFO - Ingress_Enter 1QVGL60S
2025-04-01 03:19:03,004 - INFO - Ingress_Enter DTE9GEMS
2025-04-01 03:19:03,073 - INFO - Ingress_Enter 7E9J3PNC
2025-04-01 03:19:03,094 - INFO - Ingress_Exit HBWS9O47
2025-04-01 03:19:03,096 - INFO - Ingress_Exit 9N0KS9GI
2025-04-01 03:19:03,221 - INFO - Ingress_Exit DGNOTC42
2025-04-01 03:19:03,222 - INFO - Ingress_Exit YUBDO4ND
2025-04-01 03:19:03,267 - INFO - Ingress_Enter I5S50RC8
2025-04-01 03:19:03,276 - INFO - Ingress_Exit D1MURK69
2025-04-01 03:19:03,282 - INFO - Ingress_Exit D2JTB6H2
2025-04-01 03:19:03,510 - INFO - Ingress_Exit E0NEPFMV
2025-04-01 03:19:03,512 - INFO - Ingress_Exit 7S9NJX34
2025-04-01 03:19:03,554 - INFO - Ingress_Enter DL7PZM61
2025-04-01 03:19:03,615 - INFO - Ingress_Enter RFDP7JFB
2025-04-01 03:19:03,656 - INFO - Ingress_Exit HQVK0PXJ
2025-04-01 03:19:03,678 - INFO - Ingress_Enter IVBAU7S5
2025-04-01 03:19:03,758 - INFO - Ingress_Enter 5HTEX8U7
2025-04-01 03:19:03,777 - INFO - Ingress_Enter 1SODOP3E
2025-04-01 03:19:03,837 - INFO - Ingress_Enter C8J7SFND
2025-04-01 03:19:03,923 - INFO - Ingress_Enter ZI3LT63T
2025-04-01 03:19:03,961 - INFO - Ingress_Exit DTE9GEMS
2025-04-01 03:19:04,057 - INFO - Ingress_Exit OGMIWNUM
2025-04-01 03:19:04,059 - INFO - Ingress_Enter KPXBBWK3
2025-04-01 03:19:04,060 - INFO - Ingress_Exit 7E9J3PNC
2025-04-01 03:19:04,100 - INFO - Ingress_Enter TOV7PDMJ
2025-04-01 03:19:04,148 - INFO - Ingress_Enter E54KD2CR
2025-04-01 03:19:04,226 - INFO - Ingress_Exit I5S50RC8
2025-04-01 03:19:04,330 - INFO - Ingress_Exit EXEANCUR
2025-04-01 03:19:04,333 - INFO - Ingress_Exit 1QVGL60S
2025-04-01 03:19:04,517 - INFO - Ingress_Enter SGEJDIBA
2025-04-01 03:19:04,527 - INFO - Ingress_Exit IVBAU7S5
2025-04-01 03:19:04,529 - INFO - Ingress_Exit DL7PZM61
2025-04-01 03:19:04,589 - INFO - Ingress_Enter OOPC0JZH
2025-04-01 03:19:04,598 - INFO - Ingress_Enter RCSLVKUH
2025-04-01 03:19:04,721 - INFO - Ingress_Exit C8J7SFND
2025-04-01 03:19:04,738 - INFO - Ingress_Exit 5HTEX8U7
2025-04-01 03:19:04,800 - INFO - Ingress_Enter 5X7S82FR
2025-04-01 03:19:04,811 - INFO - Ingress_Enter SI3UUWMH
2025-04-01 03:19:05,113 - INFO - Ingress_Enter 199MLQ0B
2025-04-01 03:19:05,159 - INFO - Ingress_Enter IH4JRKE9
2025-04-01 03:19:05,167 - INFO - Ingress_Exit RFDP7JFB
2025-04-01 03:19:05,183 - INFO - Ingress_Exit 1SODOP3E
2025-04-01 03:19:05,362 - INFO - Ingress_Exit OOPC0JZH
2025-04-01 03:19:05,436 - INFO - Ingress_Exit ZI3LT63T
2025-04-01 03:19:05,439 - INFO - Ingress_Exit TOV7PDMJ
2025-04-01 03:19:05,456 - INFO - Ingress_Exit SGEJDIBA
2025-04-01 03:19:05,561 - INFO - Ingress_Exit KPXBBWK3
2025-04-01 03:19:05,569 - INFO - Ingress_Exit E54KD2CR
2025-04-01 03:19:05,574 - INFO - Ingress_Exit RCSLVKUH
2025-04-01 03:19:05,742 - INFO - Ingress_Exit SI3UUWMH
2025-04-01 03:19:05,794 - INFO - Ingress_Exit 5X7S82FR
2025-04-01 03:19:05,801 - INFO - Ingress_Enter DOU38NDY
2025-04-01 03:19:05,853 - INFO - Ingress_Enter BLDFW5I4
2025-04-01 03:19:05,921 - INFO - Ingress_Enter 6AHJJ0QL
2025-04-01 03:19:05,928 - INFO - Ingress_Exit 199MLQ0B
2025-04-01 03:19:05,947 - INFO - Ingress_Enter FBBDJ25K
2025-04-01 03:19:05,956 - INFO - Ingress_Enter CIO2ZGAC
2025-04-01 03:19:06,029 - INFO - Ingress_Enter 9MO9WDH1
2025-04-01 03:19:06,064 - INFO - Ingress_Enter 0LW1QSQ2
2025-04-01 03:19:06,081 - INFO - Ingress_Enter ZVCAJ1OJ
2025-04-01 03:19:06,108 - INFO - Ingress_Enter 6F0HVQVR
2025-04-01 03:19:06,129 - INFO - Ingress_Enter 6B34WFJO
2025-04-01 03:19:06,182 - INFO - Ingress_Enter DPTJVHKJ
2025-04-01 03:19:06,226 - INFO - Ingress_Enter ZOHPQSH6
2025-04-01 03:19:06,243 - INFO - Ingress_Exit IH4JRKE9
2025-04-01 03:19:06,322 - INFO - Ingress_Exit FBBDJ25K
2025-04-01 03:19:06,506 - INFO - Ingress_Exit BLDFW5I4
2025-04-01 03:19:06,544 - INFO - Ingress_Exit 6AHJJ0QL
2025-04-01 03:19:06,549 - INFO - Ingress_Enter NKHEY9BN
2025-04-01 03:19:06,763 - INFO - Ingress_Exit CIO2ZGAC
2025-04-01 03:19:06,764 - INFO - Ingress_Exit DOU38NDY
2025-04-01 03:19:06,785 - INFO - Ingress_Enter 8EI1P86C
2025-04-01 03:19:06,786 - INFO - Ingress_Exit DPTJVHKJ
2025-04-01 03:19:06,794 - INFO - Ingress_Enter CKYQ7MWF
2025-04-01 03:19:06,839 - INFO - Ingress_Enter HFXXO2S1
2025-04-01 03:19:06,916 - INFO - Ingress_Exit ZVCAJ1OJ
2025-04-01 03:19:06,928 - INFO - Ingress_Enter 3QQXWT7Z
2025-04-01 03:19:06,934 - INFO - Ingress_Exit 0LW1QSQ2
2025-04-01 03:19:06,936 - INFO - Ingress_Exit 6F0HVQVR
2025-04-01 03:19:06,954 - INFO - Ingress_Enter 6YJELP4A
2025-04-01 03:19:07,001 - INFO - Ingress_Enter G25J1QYN
2025-04-01 03:19:07,036 - INFO - Ingress_Exit ZOHPQSH6
2025-04-01 03:19:07,152 - INFO - Ingress_Enter GQOXFOY5
2025-04-01 03:19:07,172 - INFO - Ingress_Exit 9MO9WDH1
2025-04-01 03:19:07,175 - INFO - Ingress_Exit 6B34WFJO
2025-04-01 03:19:07,494 - INFO - Ingress_Exit NKHEY9BN
2025-04-01 03:19:07,510 - INFO - Ingress_Enter CMLH5RZ1
2025-04-01 03:19:07,613 - INFO - Ingress_Enter WPS24DNT
2025-04-01 03:19:07,622 - INFO - Ingress_Enter XF74IBIS
2025-04-01 03:19:07,640 - INFO - Ingress_Enter 2L9OSO0C
2025-04-01 03:19:07,756 - INFO - Ingress_Exit CKYQ7MWF
2025-04-01 03:19:07,794 - INFO - Ingress_Exit 8EI1P86C
2025-04-01 03:19:07,804 - INFO - Ingress_Enter VKHQ0EET
2025-04-01 03:19:07,847 - INFO - Ingress_Exit HFXXO2S1
2025-04-01 03:19:07,932 - INFO - Ingress_Exit 3QQXWT7Z
2025-04-01 03:19:07,983 - INFO - Ingress_Enter S92KAVKM
2025-04-01 03:19:08,003 - INFO - Ingress_Enter YPSW627R
2025-04-01 03:19:08,028 - INFO - Ingress_Enter 028Y8XXM
2025-04-01 03:19:08,129 - INFO - Ingress_Enter SVO0BTQ3
2025-04-01 03:19:08,173 - INFO - Ingress_Exit GQOXFOY5
2025-04-01 03:19:08,175 - INFO - Ingress_Exit 6YJELP4A
2025-04-01 03:19:08,221 - INFO - Ingress_Enter STK9MYPB
2025-04-01 03:19:08,266 - INFO - Ingress_Enter E3KLRS65
2025-04-01 03:19:08,329 - INFO - Ingress_Enter AJ2FNJ6S
2025-04-01 03:19:08,348 - INFO - Ingress_Exit G25J1QYN
2025-04-01 03:19:08,358 - INFO - Ingress_Enter UPXXU9I7
2025-04-01 03:19:08,532 - INFO - Ingress_Exit CMLH5RZ1
2025-04-01 03:19:08,676 - INFO - Ingress_Exit XF74IBIS
2025-04-01 03:19:08,677 - INFO - Ingress_Exit WPS24DNT
2025-04-01 03:19:08,743 - INFO - Ingress_Exit VKHQ0EET
2025-04-01 03:19:08,995 - INFO - Ingress_Exit 2L9OSO0C
2025-04-01 03:19:09,027 - INFO - Ingress_Exit 028Y8XXM
2025-04-01 03:19:09,031 - INFO - Ingress_Exit YPSW627R
2025-04-01 03:19:09,273 - INFO - Ingress_Exit STK9MYPB
2025-04-01 03:19:09,274 - INFO - Ingress_Exit E3KLRS65
2025-04-01 03:19:09,535 - INFO - Ingress_Exit S92KAVKM
2025-04-01 03:19:09,537 - INFO - Ingress_Exit SVO0BTQ3
2025-04-01 03:19:09,540 - INFO - Ingress_Exit AJ2FNJ6S
2025-04-01 03:19:09,542 - INFO - Ingress_Exit UPXXU9I7
2025-04-01 03:19:10,086 - INFO - Ingress_Enter VNEB4N0S
2025-04-01 03:19:10,133 - INFO - Ingress_Enter JU7EKN0J
2025-04-01 03:19:10,185 - INFO - Ingress_Enter DQ7WB770
2025-04-01 03:19:10,229 - INFO - Ingress_Enter Y7Y2LRE1
2025-04-01 03:19:10,343 - INFO - Ingress_Enter YEK2QAXS
2025-04-01 03:19:10,541 - INFO - Ingress_Enter YNDMWSTV
2025-04-01 03:19:10,584 - INFO - Ingress_Enter 5M1QEJQF
2025-04-01 03:19:10,614 - INFO - Ingress_Enter WKHV4M7Z
2025-04-01 03:19:10,693 - INFO - Ingress_Enter DOTIH617
2025-04-01 03:19:10,795 - INFO - Ingress_Enter WNYI5ENW
2025-04-01 03:19:10,838 - INFO - Ingress_Enter ECRYQL43
2025-04-01 03:19:10,937 - INFO - Ingress_Enter 54TEP56V
2025-04-01 03:19:10,947 - INFO - Ingress_Enter Z5Z6561C
2025-04-01 03:19:11,036 - INFO - Ingress_Enter V6TGE73J
2025-04-01 03:19:11,051 - INFO - Ingress_Exit VNEB4N0S
2025-04-01 03:19:11,112 - INFO - Ingress_Exit Y7Y2LRE1
2025-04-01 03:19:11,161 - INFO - Ingress_Exit DQ7WB770
2025-04-01 03:19:11,173 - INFO - Ingress_Exit YEK2QAXS
2025-04-01 03:19:11,284 - INFO - Ingress_Exit JU7EKN0J
2025-04-01 03:19:11,346 - INFO - Ingress_Exit 5M1QEJQF
2025-04-01 03:19:11,383 - INFO - Ingress_Exit WKHV4M7Z
2025-04-01 03:19:11,428 - INFO - Ingress_Enter XH95M2IP
2025-04-01 03:19:11,535 - INFO - Ingress_Exit YNDMWSTV
2025-04-01 03:19:11,590 - INFO - Ingress_Exit DOTIH617
2025-04-01 03:19:11,591 - INFO - Ingress_Exit ECRYQL43
2025-04-01 03:19:11,602 - INFO - Ingress_Enter N5NVM24H
2025-04-01 03:19:11,643 - INFO - Ingress_Enter W6LGI41S
2025-04-01 03:19:11,668 - INFO - Ingress_Enter 48CX6ZF4
2025-04-01 03:19:11,706 - INFO - Ingress_Exit 54TEP56V
2025-04-01 03:19:11,758 - INFO - Ingress_Enter KNYRIPY8
2025-04-01 03:19:11,812 - INFO - Ingress_Enter ZONMPTVY
2025-04-01 03:19:11,850 - INFO - Ingress_Enter 4WZJ0UQ2
2025-04-01 03:19:11,860 - INFO - Ingress_Exit Z5Z6561C
2025-04-01 03:19:11,957 - INFO - Ingress_Enter MG5QAD70
2025-04-01 03:19:11,978 - INFO - Ingress_Enter RR279RLW
2025-04-01 03:19:12,020 - INFO - Ingress_Enter R4TEX39F
2025-04-01 03:19:12,026 - INFO - Ingress_Exit V6TGE73J
2025-04-01 03:19:12,057 - INFO - Ingress_Exit WNYI5ENW
2025-04-01 03:19:12,099 - INFO - Ingress_Enter XLG5Y0MX
2025-04-01 03:19:12,126 - INFO - Ingress_Enter 3MTNI0DA
2025-04-01 03:19:12,135 - INFO - Ingress_Enter 7OMLRXSL
2025-04-01 03:19:12,196 - INFO - Ingress_Enter U9FGCHWF
2025-04-01 03:19:12,231 - INFO - Ingress_Enter RO02KQAY
2025-04-01 03:19:12,331 - INFO - Ingress_Exit XH95M2IP
2025-04-01 03:19:12,493 - INFO - Ingress_Exit 48CX6ZF4
2025-04-01 03:19:12,514 - INFO - Ingress_Enter B7C6VH4Q
2025-04-01 03:19:12,602 - INFO - Ingress_Exit N5NVM24H
2025-04-01 03:19:12,676 - INFO - Ingress_Exit RR279RLW
2025-04-01 03:19:12,682 - INFO - Ingress_Enter 17VE045U
2025-04-01 03:19:12,710 - INFO - Ingress_Exit W6LGI41S
2025-04-01 03:19:12,832 - INFO - Ingress_Exit 4WZJ0UQ2
2025-04-01 03:19:12,884 - INFO - Ingress_Exit R4TEX39F
2025-04-01 03:19:12,942 - INFO - Ingress_Enter S2JJ8JYS
2025-04-01 03:19:12,993 - INFO - Ingress_Exit MG5QAD70
2025-04-01 03:19:13,033 - INFO - Ingress_Enter U358X8XJ
2025-04-01 03:19:13,036 - INFO - Ingress_Exit ZONMPTVY
2025-04-01 03:19:13,093 - INFO - Ingress_Exit KNYRIPY8
2025-04-01 03:19:13,201 - INFO - Ingress_Enter OBMPMTH9
2025-04-01 03:19:13,208 - INFO - Ingress_Exit 3MTNI0DA
2025-04-01 03:19:13,249 - INFO - Ingress_Exit U9FGCHWF
2025-04-01 03:19:13,285 - INFO - Ingress_Enter 1WVRPXKN
2025-04-01 03:19:13,307 - INFO - Ingress_Exit XLG5Y0MX
2025-04-01 03:19:13,390 - INFO - Ingress_Exit RO02KQAY
2025-04-01 03:19:13,454 - INFO - Ingress_Exit 7OMLRXSL
2025-04-01 03:19:13,463 - INFO - Ingress_Enter VDJVMRIR
2025-04-01 03:19:13,474 - INFO - Ingress_Enter 2O53Q5HA
2025-04-01 03:19:13,713 - INFO - Ingress_Exit B7C6VH4Q
2025-04-01 03:19:13,800 - INFO - Ingress_Exit 17VE045U
2025-04-01 03:19:13,976 - INFO - Ingress_Exit U358X8XJ
2025-04-01 03:19:14,068 - INFO - Ingress_Enter LJQM3TTQ
2025-04-01 03:19:14,104 - INFO - Ingress_Enter IBO03IHO
2025-04-01 03:19:14,141 - INFO - Ingress_Enter 1NZT96WF
2025-04-01 03:19:14,151 - INFO - Ingress_Exit S2JJ8JYS
2025-04-01 03:19:14,190 - INFO - Ingress_Enter WTCUKR7V
2025-04-01 03:19:14,303 - INFO - Ingress_Enter K1E69S6F
2025-04-01 03:19:14,356 - INFO - Ingress_Enter 6C0SEJHQ
2025-04-01 03:19:14,373 - INFO - Ingress_Enter N9MFTSCC
2025-04-01 03:19:14,437 - INFO - Ingress_Exit VDJVMRIR
2025-04-01 03:19:14,447 - INFO - Ingress_Exit 1WVRPXKN
2025-04-01 03:19:14,462 - INFO - Ingress_Enter F6R8QYS3
2025-04-01 03:19:14,464 - INFO - Ingress_Exit OBMPMTH9
2025-04-01 03:19:14,472 - INFO - Ingress_Enter X6BJEA8R
2025-04-01 03:19:14,678 - INFO - Ingress_Exit LJQM3TTQ
2025-04-01 03:19:14,680 - INFO - Ingress_Exit 1NZT96WF
2025-04-01 03:19:14,719 - INFO - Ingress_Exit 2O53Q5HA
2025-04-01 03:19:14,745 - INFO - Ingress_Enter L0QB9CQF
2025-04-01 03:19:14,778 - INFO - Ingress_Exit K1E69S6F
2025-04-01 03:19:14,842 - INFO - Ingress_Enter HVNSXTJR
2025-04-01 03:19:14,867 - INFO - Ingress_Exit WTCUKR7V
2025-04-01 03:19:14,924 - INFO - Ingress_Exit N9MFTSCC
2025-04-01 03:19:14,932 - INFO - Ingress_Enter SO04WZB6
2025-04-01 03:19:14,944 - INFO - Ingress_Exit IBO03IHO
2025-04-01 03:19:14,954 - INFO - Ingress_Enter L3JHLH49
2025-04-01 03:19:14,990 - INFO - Ingress_Enter T9CK30YS
2025-04-01 03:19:14,991 - INFO - Ingress_Exit 6C0SEJHQ
2025-04-01 03:19:15,109 - INFO - Ingress_Enter Q9T4207M
2025-04-01 03:19:15,208 - INFO - Ingress_Enter 6RFLW2ZG
2025-04-01 03:19:15,278 - INFO - Ingress_Enter X5YUZBHC
2025-04-01 03:19:15,387 - INFO - Ingress_Exit F6R8QYS3
2025-04-01 03:19:15,388 - INFO - Ingress_Exit X6BJEA8R
2025-04-01 03:19:15,527 - INFO - Ingress_Exit L0QB9CQF
2025-04-01 03:19:15,528 - INFO - Ingress_Exit SO04WZB6
2025-04-01 03:19:15,576 - INFO - Ingress_Enter EJTSUW7C
2025-04-01 03:19:15,644 - INFO - Ingress_Enter QI4FD8VL
2025-04-01 03:19:15,726 - INFO - Ingress_Enter 95N26P5R
2025-04-01 03:19:15,728 - INFO - Ingress_Exit T9CK30YS
2025-04-01 03:19:15,781 - INFO - Ingress_Enter X9PTEUTI
2025-04-01 03:19:15,905 - INFO - Ingress_Exit HVNSXTJR
2025-04-01 03:19:15,953 - INFO - Ingress_Exit Q9T4207M
2025-04-01 03:19:15,998 - INFO - Ingress_Exit L3JHLH49
2025-04-01 03:19:16,016 - INFO - Ingress_Enter 70DT7WBA
2025-04-01 03:19:16,025 - INFO - Ingress_Enter N4IMTOY2
2025-04-01 03:19:16,060 - INFO - Ingress_Exit 6RFLW2ZG
2025-04-01 03:19:16,069 - INFO - Ingress_Enter 8CGR1QQF
2025-04-01 03:19:16,173 - INFO - Ingress_Exit X5YUZBHC
2025-04-01 03:19:16,247 - INFO - Ingress_Enter 54FH1LBK
2025-04-01 03:19:16,256 - INFO - Ingress_Enter GS3DGRPE
2025-04-01 03:19:16,281 - INFO - Ingress_Exit EJTSUW7C
2025-04-01 03:19:16,384 - INFO - Ingress_Enter G4S10W6D
2025-04-01 03:19:16,428 - INFO - Ingress_Exit X9PTEUTI
2025-04-01 03:19:16,429 - INFO - Ingress_Exit N4IMTOY2
2025-04-01 03:19:16,432 - INFO - Ingress_Enter VGE3TN3M
2025-04-01 03:19:16,476 - INFO - Ingress_Enter OPXPXYJI
2025-04-01 03:19:16,505 - INFO - Ingress_Enter J75DS51E
2025-04-01 03:19:16,519 - INFO - Ingress_Exit QI4FD8VL
2025-04-01 03:19:16,521 - INFO - Ingress_Exit 95N26P5R
2025-04-01 03:19:16,544 - INFO - Ingress_Exit 8CGR1QQF
2025-04-01 03:19:16,545 - INFO - Ingress_Enter 1J834T40
2025-04-01 03:19:16,755 - INFO - Ingress_Exit 70DT7WBA
2025-04-01 03:19:16,846 - INFO - Ingress_Enter DVDBJFVW
2025-04-01 03:19:16,873 - INFO - Ingress_Enter ZQ7Z6O0F
2025-04-01 03:19:16,928 - INFO - Ingress_Enter IP2TAOJV
2025-04-01 03:19:16,991 - INFO - Ingress_Enter FQ9ND4IH
2025-04-01 03:19:17,065 - INFO - Ingress_Enter 0QL3MNTX
2025-04-01 03:19:17,077 - INFO - Ingress_Exit G4S10W6D
2025-04-01 03:19:17,083 - INFO - Ingress_Enter 17T3GZIH
2025-04-01 03:19:17,126 - INFO - Ingress_Enter 37L9K753
2025-04-01 03:19:17,135 - INFO - Ingress_Exit GS3DGRPE
2025-04-01 03:19:17,141 - INFO - Ingress_Enter 3X6IIDW9
2025-04-01 03:19:17,232 - INFO - Ingress_Enter N7CO9XRE
2025-04-01 03:19:17,307 - INFO - Ingress_Exit 54FH1LBK
2025-04-01 03:19:17,368 - INFO - Ingress_Exit VGE3TN3M
2025-04-01 03:19:17,485 - INFO - Ingress_Enter 4FS7NQLI
2025-04-01 03:19:17,631 - INFO - Ingress_Exit ZQ7Z6O0F
2025-04-01 03:19:17,633 - INFO - Ingress_Exit IP2TAOJV
2025-04-01 03:19:17,635 - INFO - Ingress_Enter UY9E04DF
2025-04-01 03:19:17,642 - INFO - Ingress_Exit OPXPXYJI
2025-04-01 03:19:17,644 - INFO - Ingress_Exit 1J834T40
2025-04-01 03:19:17,646 - INFO - Ingress_Exit J75DS51E
2025-04-01 03:19:17,761 - INFO - Ingress_Enter LRY3K417
2025-04-01 03:19:17,790 - INFO - Ingress_Exit DVDBJFVW
2025-04-01 03:19:17,822 - INFO - Ingress_Exit 3X6IIDW9
2025-04-01 03:19:17,852 - INFO - Ingress_Enter ZUBKCW05
2025-04-01 03:19:17,872 - INFO - Ingress_Enter 6AFQN8YS
2025-04-01 03:19:17,900 - INFO - Ingress_Enter ES0923WQ
2025-04-01 03:19:17,965 - INFO - Ingress_Exit 17T3GZIH
2025-04-01 03:19:18,028 - INFO - Ingress_Exit FQ9ND4IH
2025-04-01 03:19:18,029 - INFO - Ingress_Exit 0QL3MNTX
2025-04-01 03:19:18,035 - INFO - Ingress_Enter C02YEBUO
2025-04-01 03:19:18,101 - INFO - Ingress_Enter NWIHU9K0
2025-04-01 03:19:18,161 - INFO - Ingress_Enter PPCL2K5K
2025-04-01 03:19:18,181 - INFO - Ingress_Exit N7CO9XRE
2025-04-01 03:19:18,221 - INFO - Ingress_Exit 37L9K753
2025-04-01 03:19:18,263 - INFO - Ingress_Exit 4FS7NQLI
2025-04-01 03:19:18,568 - INFO - Ingress_Exit ZUBKCW05
2025-04-01 03:19:18,569 - INFO - Ingress_Exit LRY3K417
2025-04-01 03:19:18,631 - INFO - Ingress_Enter 7K8FS5LY
2025-04-01 03:19:18,649 - INFO - Ingress_Enter ZMMGYCI4
2025-04-01 03:19:18,672 - INFO - Ingress_Exit C02YEBUO
2025-04-01 03:19:18,675 - INFO - Ingress_Enter 9HYOBA1T
2025-04-01 03:19:18,702 - INFO - Ingress_Enter 4C1YKW6Y
2025-04-01 03:19:18,719 - INFO - Ingress_Enter SW51UJX4
2025-04-01 03:19:18,762 - INFO - Ingress_Exit ES0923WQ
2025-04-01 03:19:18,782 - INFO - Ingress_Exit UY9E04DF
2025-04-01 03:19:18,784 - INFO - Ingress_Exit 6AFQN8YS
2025-04-01 03:19:18,808 - INFO - Ingress_Enter RMXVO5RL
2025-04-01 03:19:18,834 - INFO - Ingress_Enter EOHIY8E8
2025-04-01 03:19:18,896 - INFO - Ingress_Enter H51IC1NH
2025-04-01 03:19:18,965 - INFO - Ingress_Exit NWIHU9K0
2025-04-01 03:19:19,079 - INFO - Ingress_Enter 9AH75U1W
2025-04-01 03:19:19,094 - INFO - Ingress_Enter 4CNTYQOD
2025-04-01 03:19:19,097 - INFO - Ingress_Enter L6O7Q9VI
2025-04-01 03:19:19,180 - INFO - Ingress_Enter YJH46HGZ
2025-04-01 03:19:19,201 - INFO - Ingress_Exit PPCL2K5K
2025-04-01 03:19:19,225 - INFO - Ingress_Enter 6UIDNL3T
2025-04-01 03:19:19,336 - INFO - Ingress_Enter DLW5QAZM
2025-04-01 03:19:19,347 - INFO - Ingress_Exit 7K8FS5LY
2025-04-01 03:19:19,470 - INFO - Ingress_Exit SW51UJX4
2025-04-01 03:19:19,477 - INFO - Ingress_Enter UIRF1WEI
2025-04-01 03:19:19,552 - INFO - Ingress_Exit EOHIY8E8
2025-04-01 03:19:19,629 - INFO - Ingress_Exit ZMMGYCI4
2025-04-01 03:19:19,671 - INFO - Ingress_Enter 0SAWRAF2
2025-04-01 03:19:19,712 - INFO - Ingress_Exit RMXVO5RL
2025-04-01 03:19:19,724 - INFO - Ingress_Exit 4C1YKW6Y
2025-04-01 03:19:19,806 - INFO - Ingress_Enter V6MKULUQ
2025-04-01 03:19:19,833 - INFO - Ingress_Enter LLLI0IOP
2025-04-01 03:19:19,840 - INFO - Ingress_Enter XF8AN3WM
2025-04-01 03:19:19,864 - INFO - Ingress_Exit 4CNTYQOD
2025-04-01 03:19:19,904 - INFO - Ingress_Exit H51IC1NH
2025-04-01 03:19:19,905 - INFO - Ingress_Exit 9HYOBA1T
2025-04-01 03:19:19,922 - INFO - Ingress_Enter ESFOH5H7
2025-04-01 03:19:20,021 - INFO - Ingress_Exit 6UIDNL3T
2025-04-01 03:19:20,097 - INFO - Ingress_Enter E6K5OKNN
2025-04-01 03:19:20,129 - INFO - Ingress_Enter B3WH4Q7B
2025-04-01 03:19:20,130 - INFO - Ingress_Exit L6O7Q9VI
2025-04-01 03:19:20,140 - INFO - Ingress_Exit 9AH75U1W
2025-04-01 03:19:20,153 - INFO - Ingress_Exit YJH46HGZ
2025-04-01 03:19:20,364 - INFO - Ingress_Exit UIRF1WEI
2025-04-01 03:19:20,380 - INFO - Ingress_Exit DLW5QAZM
2025-04-01 03:19:20,566 - INFO - Ingress_Exit LLLI0IOP
2025-04-01 03:19:20,591 - INFO - Ingress_Enter 85POFPG2
2025-04-01 03:19:20,642 - INFO - Ingress_Exit 0SAWRAF2
2025-04-01 03:19:20,761 - INFO - Ingress_Exit ESFOH5H7
2025-04-01 03:19:20,815 - INFO - Ingress_Enter SXQR7NNR
2025-04-01 03:19:20,881 - INFO - Ingress_Enter FL18V74U
2025-04-01 03:19:20,920 - INFO - Ingress_Exit XF8AN3WM
2025-04-01 03:19:20,969 - INFO - Ingress_Enter OM6JHFIR
2025-04-01 03:19:20,979 - INFO - Ingress_Exit V6MKULUQ
2025-04-01 03:19:21,032 - INFO - Ingress_Enter L2UKK0TV
2025-04-01 03:19:21,147 - INFO - Ingress_Enter 7CUWB3I0
2025-04-01 03:19:21,150 - INFO - Ingress_Enter UXCS2D36
2025-04-01 03:19:21,193 - INFO - Ingress_Exit E6K5OKNN
2025-04-01 03:19:21,215 - INFO - Ingress_Enter R9ARREES
2025-04-01 03:19:21,218 - INFO - Ingress_Enter S0ENXOKP
2025-04-01 03:19:21,243 - INFO - Ingress_Enter UC51Y07W
2025-04-01 03:19:21,256 - INFO - Ingress_Exit B3WH4Q7B
2025-04-01 03:19:21,313 - INFO - Ingress_Enter NCNPZD2B
2025-04-01 03:19:21,324 - INFO - Ingress_Enter IC3MB1NV
2025-04-01 03:19:21,559 - INFO - Ingress_Enter FR0GQ6TC
2025-04-01 03:19:21,697 - INFO - Ingress_Exit 85POFPG2
2025-04-01 03:19:21,856 - INFO - Ingress_Exit SXQR7NNR
2025-04-01 03:19:21,930 - INFO - Ingress_Exit UXCS2D36
2025-04-01 03:19:21,944 - INFO - Ingress_Exit FL18V74U
2025-04-01 03:19:21,945 - INFO - Ingress_Exit OM6JHFIR
2025-04-01 03:19:22,000 - INFO - Ingress_Exit L2UKK0TV
2025-04-01 03:19:22,064 - INFO - Ingress_Exit R9ARREES
2025-04-01 03:19:22,107 - INFO - Ingress_Enter NDAWLDUC
2025-04-01 03:19:22,247 - INFO - Ingress_Exit UC51Y07W
2025-04-01 03:19:22,248 - INFO - Ingress_Exit 7CUWB3I0
2025-04-01 03:19:22,261 - INFO - Ingress_Exit S0ENXOKP
2025-04-01 03:19:22,278 - INFO - Ingress_Enter X94H0SLD
2025-04-01 03:19:22,386 - INFO - Ingress_Enter C2YN8DQ2
2025-04-01 03:19:22,386 - INFO - Ingress_Enter V7KXL7LW
2025-04-01 03:19:22,414 - INFO - Ingress_Exit NCNPZD2B
2025-04-01 03:19:22,415 - INFO - Ingress_Exit IC3MB1NV
2025-04-01 03:19:22,430 - INFO - Ingress_Enter 15BWQF7C
2025-04-01 03:19:22,458 - INFO - Ingress_Enter 7W49CRWY
2025-04-01 03:19:22,564 - INFO - Ingress_Enter OQTSRJXW
2025-04-01 03:19:22,608 - INFO - Ingress_Enter HSJXU5U6
2025-04-01 03:19:22,633 - INFO - Ingress_Exit FR0GQ6TC
2025-04-01 03:19:22,769 - INFO - Ingress_Enter UL6SGA4H
2025-04-01 03:19:22,787 - INFO - Ingress_Enter 8CBSWPZQ
2025-04-01 03:19:22,823 - INFO - Ingress_Enter 3KGMBI8C
2025-04-01 03:19:22,824 - INFO - Ingress_Enter 7BAR2GA4
2025-04-01 03:19:22,850 - INFO - Ingress_Enter V05DVWHW
2025-04-01 03:19:22,876 - INFO - Ingress_Exit NDAWLDUC
2025-04-01 03:19:23,013 - INFO - Ingress_Enter JCCEZKC4
2025-04-01 03:19:23,040 - INFO - Ingress_Enter 27H3B59Z
2025-04-01 03:19:23,170 - INFO - Ingress_Exit V7KXL7LW
2025-04-01 03:19:23,171 - INFO - Ingress_Exit 15BWQF7C
2025-04-01 03:19:23,275 - INFO - Ingress_Enter I8HT6XD0
2025-04-01 03:19:23,309 - INFO - Ingress_Enter SNKEU0BD
2025-04-01 03:19:23,332 - INFO - Ingress_Exit X94H0SLD
2025-04-01 03:19:23,340 - INFO - Ingress_Exit C2YN8DQ2
2025-04-01 03:19:23,356 - INFO - Ingress_Enter F3PRTDGV
2025-04-01 03:19:23,480 - INFO - Ingress_Enter 6241FHST
2025-04-01 03:19:23,518 - INFO - Ingress_Exit HSJXU5U6
2025-04-01 03:19:23,622 - INFO - Ingress_Exit 7W49CRWY
2025-04-01 03:19:23,623 - INFO - Ingress_Exit OQTSRJXW
2025-04-01 03:19:23,698 - INFO - Ingress_Exit 7BAR2GA4
2025-04-01 03:19:23,734 - INFO - Ingress_Exit 3KGMBI8C
2025-04-01 03:19:23,784 - INFO - Ingress_Enter PO1ZR0WH
2025-04-01 03:19:23,847 - INFO - Ingress_Exit UL6SGA4H
2025-04-01 03:19:23,850 - INFO - Ingress_Exit V05DVWHW
2025-04-01 03:19:23,851 - INFO - Ingress_Exit 8CBSWPZQ
2025-04-01 03:19:23,899 - INFO - Ingress_Enter KPTVTBQW
2025-04-01 03:19:23,908 - INFO - Ingress_Exit 27H3B59Z
2025-04-01 03:19:23,963 - INFO - Ingress_Enter OEREDLXQ
2025-04-01 03:19:24,016 - INFO - Ingress_Enter GFEWRT7Q
2025-04-01 03:19:24,053 - INFO - Ingress_Enter IAWII5NA
2025-04-01 03:19:24,079 - INFO - Ingress_Enter 9Z3KBENT
2025-04-01 03:19:24,142 - INFO - Ingress_Enter 4QAXA0W4
2025-04-01 03:19:24,163 - INFO - Ingress_Enter S3LZ9C1A
2025-04-01 03:19:24,196 - INFO - Ingress_Exit JCCEZKC4
2025-04-01 03:19:24,227 - INFO - Ingress_Exit I8HT6XD0
2025-04-01 03:19:24,240 - INFO - Ingress_Enter K02KXNMA
2025-04-01 03:19:24,284 - INFO - Ingress_Enter WP0NUJC0
2025-04-01 03:19:24,285 - INFO - Ingress_Enter U4E1IM27
2025-04-01 03:19:24,406 - INFO - Ingress_Enter VQ1Q0GYX
2025-04-01 03:19:24,417 - INFO - Ingress_Exit F3PRTDGV
2025-04-01 03:19:24,570 - INFO - Ingress_Exit 6241FHST
2025-04-01 03:19:24,595 - INFO - Ingress_Exit SNKEU0BD
2025-04-01 03:19:24,674 - INFO - Ingress_Exit OEREDLXQ
2025-04-01 03:19:24,783 - INFO - Ingress_Enter 2TI89ZZG
2025-04-01 03:19:24,802 - INFO - Ingress_Enter FLRY8D5N
2025-04-01 03:19:24,831 - INFO - Ingress_Exit PO1ZR0WH
2025-04-01 03:19:24,933 - INFO - Ingress_Exit 4QAXA0W4
2025-04-01 03:19:24,983 - INFO - Ingress_Exit GFEWRT7Q
2025-04-01 03:19:25,037 - INFO - Ingress_Exit KPTVTBQW
2025-04-01 03:19:25,068 - INFO - Ingress_Enter 47A6C4MV
2025-04-01 03:19:25,086 - INFO - Ingress_Enter FBBAQV3V
2025-04-01 03:19:25,148 - INFO - Ingress_Enter TKLGUWOP
2025-04-01 03:19:25,149 - INFO - Ingress_Exit S3LZ9C1A
2025-04-01 03:19:25,281 - INFO - Ingress_Enter UWV9O679
2025-04-01 03:19:25,298 - INFO - Ingress_Exit WP0NUJC0
2025-04-01 03:19:25,338 - INFO - Ingress_Exit K02KXNMA
2025-04-01 03:19:25,345 - INFO - Ingress_Exit VQ1Q0GYX
2025-04-01 03:19:25,391 - INFO - Ingress_Enter WUWLZQUN
2025-04-01 03:19:25,411 - INFO - Ingress_Exit U4E1IM27
2025-04-01 03:19:25,417 - INFO - Ingress_Enter 4N7ZXNDR
2025-04-01 03:19:25,488 - INFO - Ingress_Exit 9Z3KBENT
2025-04-01 03:19:25,489 - INFO - Ingress_Exit IAWII5NA
2025-04-01 03:19:25,498 - INFO - Ingress_Exit 2TI89ZZG
2025-04-01 03:19:25,509 - INFO - Ingress_Enter WECCMTHF
2025-04-01 03:19:25,530 - INFO - Ingress_Enter 8KRJZPLO
2025-04-01 03:19:25,538 - INFO - Ingress_Enter PRGQBZUA
2025-04-01 03:19:25,618 - INFO - Ingress_Exit FLRY8D5N
2025-04-01 03:19:25,698 - INFO - Ingress_Enter XYSHR4NR
2025-04-01 03:19:25,881 - INFO - Ingress_Exit 47A6C4MV
2025-04-01 03:19:25,891 - INFO - Ingress_Enter 5IB8PCUL
2025-04-01 03:19:25,894 - INFO - Ingress_Exit FBBAQV3V
2025-04-01 03:19:26,102 - INFO - Ingress_Enter EYGP7HJH
2025-04-01 03:19:26,149 - INFO - Ingress_Enter YQPTNV0G
2025-04-01 03:19:26,151 - INFO - Ingress_Enter 8Q1AJQM9
2025-04-01 03:19:26,175 - INFO - Ingress_Exit TKLGUWOP
2025-04-01 03:19:26,178 - INFO - Ingress_Exit UWV9O679
2025-04-01 03:19:26,190 - INFO - Ingress_Exit WUWLZQUN
2025-04-01 03:19:26,404 - INFO - Ingress_Exit WECCMTHF
2025-04-01 03:19:26,453 - INFO - Ingress_Exit 8KRJZPLO
2025-04-01 03:19:26,483 - INFO - Ingress_Exit 4N7ZXNDR
2025-04-01 03:19:26,487 - INFO - Ingress_Exit PRGQBZUA
2025-04-01 03:19:26,544 - INFO - Ingress_Exit 5IB8PCUL
2025-04-01 03:19:26,691 - INFO - Ingress_Enter ZYVYUD2D
2025-04-01 03:19:26,735 - INFO - Ingress_Exit XYSHR4NR
2025-04-01 03:19:26,743 - INFO - Ingress_Enter XN7577FS
2025-04-01 03:19:26,806 - INFO - Ingress_Enter 0C01J2SE
2025-04-01 03:19:26,807 - INFO - Ingress_Enter ATPLZI45
2025-04-01 03:19:26,818 - INFO - Ingress_Enter 7Z9PP60M
2025-04-01 03:19:26,828 - INFO - Ingress_Enter YSVZ0YDU
2025-04-01 03:19:26,829 - INFO - Ingress_Enter IQZFR7VX
2025-04-01 03:19:26,834 - INFO - Ingress_Enter XD7OY4AU
2025-04-01 03:19:26,840 - INFO - Ingress_Exit YQPTNV0G
2025-04-01 03:19:26,861 - INFO - Ingress_Exit 8Q1AJQM9
2025-04-01 03:19:26,880 - INFO - Ingress_Enter 92X4AYQV
2025-04-01 03:19:26,993 - INFO - Ingress_Exit EYGP7HJH
2025-04-01 03:19:27,034 - INFO - Ingress_Enter QIIUWK45
2025-04-01 03:19:27,243 - INFO - Ingress_Enter WMB0M343
2025-04-01 03:19:27,344 - INFO - Ingress_Exit YSVZ0YDU
2025-04-01 03:19:27,347 - INFO - Ingress_Enter 5P0379DV
2025-04-01 03:19:27,352 - INFO - Ingress_Exit ATPLZI45
2025-04-01 03:19:27,450 - INFO - Ingress_Exit IQZFR7VX
2025-04-01 03:19:27,477 - INFO - Ingress_Exit QIIUWK45
2025-04-01 03:19:27,585 - INFO - Ingress_Exit 0C01J2SE
2025-04-01 03:19:27,587 - INFO - Ingress_Exit ZYVYUD2D
2025-04-01 03:19:27,589 - INFO - Ingress_Exit XN7577FS
2025-04-01 03:19:27,612 - INFO - Ingress_Enter 3PO0NSFN
2025-04-01 03:19:27,658 - INFO - Ingress_Exit 7Z9PP60M
2025-04-01 03:19:27,745 - INFO - Ingress_Exit XD7OY4AU
2025-04-01 03:19:27,763 - INFO - Ingress_Enter DUHLTPLQ
2025-04-01 03:19:27,780 - INFO - Ingress_Exit 92X4AYQV
2025-04-01 03:19:27,971 - INFO - Ingress_Enter IC9WP8L7
2025-04-01 03:19:27,979 - INFO - Ingress_Enter 9791NHJ0
2025-04-01 03:19:27,987 - INFO - Ingress_Exit WMB0M343
2025-04-01 03:19:28,007 - INFO - Ingress_Enter 56OEFFPE
2025-04-01 03:19:28,050 - INFO - Ingress_Enter QT9O0SXF
2025-04-01 03:19:28,068 - INFO - Ingress_Enter KEBB59AP
2025-04-01 03:19:28,185 - INFO - Ingress_Exit 5P0379DV
2025-04-01 03:19:28,317 - INFO - Ingress_Enter EMAVANAK
2025-04-01 03:19:28,330 - INFO - Ingress_Enter VOQEBW4G
2025-04-01 03:19:28,338 - INFO - Ingress_Enter YW2TE21P
2025-04-01 03:19:28,354 - INFO - Ingress_Exit 3PO0NSFN
2025-04-01 03:19:28,464 - INFO - Ingress_Enter XTQR7Z0F
2025-04-01 03:19:28,471 - INFO - Ingress_Enter NBHOT617
2025-04-01 03:19:28,543 - INFO - Ingress_Exit 56OEFFPE
2025-04-01 03:19:28,620 - INFO - Ingress_Enter 6465VJOX
2025-04-01 03:19:28,629 - INFO - Ingress_Enter WN7NJ2SL
2025-04-01 03:19:28,720 - INFO - Ingress_Exit DUHLTPLQ
2025-04-01 03:19:28,754 - INFO - Ingress_Exit IC9WP8L7
2025-04-01 03:19:28,796 - INFO - Ingress_Enter Q77D4M9E
2025-04-01 03:19:28,845 - INFO - Ingress_Exit QT9O0SXF
2025-04-01 03:19:28,853 - INFO - Ingress_Exit 9791NHJ0
2025-04-01 03:19:28,949 - INFO - Ingress_Exit VOQEBW4G
2025-04-01 03:19:29,003 - INFO - Ingress_Enter Q4RG2N7P
2025-04-01 03:19:29,004 - INFO - Ingress_Exit EMAVANAK
2025-04-01 03:19:29,028 - INFO - Ingress_Exit YW2TE21P
2025-04-01 03:19:29,029 - INFO - Ingress_Exit KEBB59AP
2025-04-01 03:19:29,071 - INFO - Ingress_Enter 2MUU43IE
2025-04-01 03:19:29,093 - INFO - Ingress_Enter WCT69JTU
2025-04-01 03:19:29,100 - INFO - Ingress_Enter 91LO0DRR
2025-04-01 03:19:29,172 - INFO - Ingress_Exit 6465VJOX
2025-04-01 03:19:29,235 - INFO - Ingress_Exit NBHOT617
2025-04-01 03:19:29,275 - INFO - Ingress_Exit XTQR7Z0F
2025-04-01 03:19:29,524 - INFO - Ingress_Exit Q77D4M9E
2025-04-01 03:19:29,632 - INFO - Ingress_Exit WN7NJ2SL
2025-04-01 03:19:29,696 - INFO - Ingress_Enter F3YNIFLE
2025-04-01 03:19:29,708 - INFO - Ingress_Enter PQHAYZCO
2025-04-01 03:19:29,763 - INFO - Ingress_Exit 91LO0DRR
2025-04-01 03:19:29,797 - INFO - Ingress_Enter 1DF489NY
2025-04-01 03:19:29,820 - INFO - Ingress_Exit Q4RG2N7P
2025-04-01 03:19:29,850 - INFO - Ingress_Enter T2M8L8MX
2025-04-01 03:19:29,938 - INFO - Ingress_Enter 17WIGST3
2025-04-01 03:19:30,014 - INFO - Ingress_Enter FIKXMKCF
2025-04-01 03:19:30,102 - INFO - Ingress_Exit 2MUU43IE
2025-04-01 03:19:30,103 - INFO - Ingress_Exit WCT69JTU
2025-04-01 03:19:30,135 - INFO - Ingress_Enter HTAACBFU
2025-04-01 03:19:30,184 - INFO - Ingress_Enter 3PCP1JOV
2025-04-01 03:19:30,200 - INFO - Ingress_Enter X7R49UI6
2025-04-01 03:19:30,211 - INFO - Ingress_Enter 98TGS1ZV
2025-04-01 03:19:30,219 - INFO - Ingress_Enter 6Q8JYBHD
2025-04-01 03:19:30,337 - INFO - Ingress_Enter NO3E76NM
2025-04-01 03:19:30,416 - INFO - Ingress_Exit PQHAYZCO
2025-04-01 03:19:30,443 - INFO - Ingress_Enter 5NF86P5C
2025-04-01 03:19:30,470 - INFO - Ingress_Exit F3YNIFLE
2025-04-01 03:19:30,488 - INFO - Ingress_Enter EF2F7VAF
2025-04-01 03:19:30,525 - INFO - Ingress_Enter M3Z6EIT0
2025-04-01 03:19:30,544 - INFO - Ingress_Exit 1DF489NY
2025-04-01 03:19:30,730 - INFO - Ingress_Exit FIKXMKCF
2025-04-01 03:19:30,762 - INFO - Ingress_Exit T2M8L8MX
2025-04-01 03:19:30,840 - INFO - Ingress_Exit HTAACBFU
2025-04-01 03:19:30,849 - INFO - Ingress_Enter KHFZMCS4
2025-04-01 03:19:30,874 - INFO - Ingress_Enter MDSFBBW2
2025-04-01 03:19:30,880 - INFO - Ingress_Exit 17WIGST3
2025-04-01 03:19:30,923 - INFO - Ingress_Exit 6Q8JYBHD
2025-04-01 03:19:30,983 - INFO - Ingress_Exit X7R49UI6
2025-04-01 03:19:31,026 - INFO - Ingress_Exit 98TGS1ZV
2025-04-01 03:19:31,028 - INFO - Ingress_Enter GZ2X1HRB
2025-04-01 03:19:31,029 - INFO - Ingress_Exit 3PCP1JOV
2025-04-01 03:19:31,055 - INFO - Ingress_Enter RT72Y8R3
2025-04-01 03:19:31,115 - INFO - Ingress_Enter GD9H71S0
2025-04-01 03:19:31,143 - INFO - Ingress_Enter VFF08JOV
2025-04-01 03:19:31,151 - INFO - Ingress_Enter 8YHJMIK8
2025-04-01 03:19:31,197 - INFO - Ingress_Exit EF2F7VAF
2025-04-01 03:19:31,239 - INFO - Ingress_Exit 5NF86P5C
2025-04-01 03:19:31,349 - INFO - Ingress_Enter LYZBYOG7
2025-04-01 03:19:31,377 - INFO - Ingress_Enter 86TWB8RM
2025-04-01 03:19:31,491 - INFO - Ingress_Exit NO3E76NM
2025-04-01 03:19:31,525 - INFO - Ingress_Exit M3Z6EIT0
2025-04-01 03:19:31,637 - INFO - Ingress_Enter 66803MYH
2025-04-01 03:19:31,780 - INFO - Ingress_Exit KHFZMCS4
2025-04-01 03:19:31,809 - INFO - Ingress_Enter 2AN3PXVS
2025-04-01 03:19:31,872 - INFO - Ingress_Enter CA6SZQMO
2025-04-01 03:19:31,915 - INFO - Ingress_Enter UWL8ECTS
2025-04-01 03:19:31,975 - INFO - Ingress_Exit VFF08JOV
2025-04-01 03:19:31,980 - INFO - Ingress_Enter SKBAR427
2025-04-01 03:19:32,024 - INFO - Ingress_Enter 4DBICY82
2025-04-01 03:19:32,114 - INFO - Ingress_Exit 8YHJMIK8
2025-04-01 03:19:32,116 - INFO - Ingress_Exit RT72Y8R3
2025-04-01 03:19:32,152 - INFO - Ingress_Exit GZ2X1HRB
2025-04-01 03:19:32,179 - INFO - Ingress_Exit GD9H71S0
2025-04-01 03:19:32,202 - INFO - Ingress_Exit MDSFBBW2
2025-04-01 03:19:32,254 - INFO - Ingress_Exit 86TWB8RM
2025-04-01 03:19:32,321 - INFO - Ingress_Enter 6TJT5RIU
2025-04-01 03:19:32,322 - INFO - Ingress_Exit LYZBYOG7
2025-04-01 03:19:32,356 - INFO - Ingress_Enter S6WZS9RL
2025-04-01 03:19:32,365 - INFO - Ingress_Enter L0EP08DN
2025-04-01 03:19:32,529 - INFO - Ingress_Enter BI4Y4T25
2025-04-01 03:19:32,590 - INFO - Ingress_Enter RU9OMOYP
2025-04-01 03:19:32,622 - INFO - Ingress_Exit 66803MYH
2025-04-01 03:19:32,623 - INFO - Ingress_Exit CA6SZQMO
2025-04-01 03:19:32,736 - INFO - Ingress_Enter 6H91Y5UP
2025-04-01 03:19:32,780 - INFO - Ingress_Enter FI5E0HOE
2025-04-01 03:19:32,790 - INFO - Ingress_Exit SKBAR427
2025-04-01 03:19:32,851 - INFO - Ingress_Exit 2AN3PXVS
2025-04-01 03:19:33,001 - INFO - Ingress_Exit UWL8ECTS
2025-04-01 03:19:33,036 - INFO - Ingress_Exit 4DBICY82
2025-04-01 03:19:33,069 - INFO - Ingress_Enter WMOFQ9LG
2025-04-01 03:19:33,078 - INFO - Ingress_Enter ABFRARND
2025-04-01 03:19:33,130 - INFO - Ingress_Enter FRH1K47U
2025-04-01 03:19:33,253 - INFO - Ingress_Enter UDCWWCWY
2025-04-01 03:19:33,396 - INFO - Ingress_Exit 6TJT5RIU
2025-04-01 03:19:33,398 - INFO - Ingress_Exit RU9OMOYP
2025-04-01 03:19:33,530 - INFO - Ingress_Exit S6WZS9RL
2025-04-01 03:19:33,616 - INFO - Ingress_Enter BANNES4D
2025-04-01 03:19:33,652 - INFO - Ingress_Enter 8CU4J8Q5
2025-04-01 03:19:33,661 - INFO - Ingress_Enter 9P81QT4A
2025-04-01 03:19:33,704 - INFO - Ingress_Enter 3T4UPB18
2025-04-01 03:19:33,742 - INFO - Ingress_Enter 4HPN64D3
2025-04-01 03:19:33,763 - INFO - Ingress_Exit L0EP08DN
2025-04-01 03:19:33,765 - INFO - Ingress_Exit BI4Y4T25
2025-04-01 03:19:33,769 - INFO - Ingress_Exit FI5E0HOE
2025-04-01 03:19:33,908 - INFO - Ingress_Enter DBGU1CRN
2025-04-01 03:19:33,947 - INFO - Ingress_Exit 6H91Y5UP
2025-04-01 03:19:33,953 - INFO - Ingress_Enter M1YNAST9
2025-04-01 03:19:33,975 - INFO - Ingress_Enter F5BIJWDA
2025-04-01 03:19:34,057 - INFO - Ingress_Exit ABFRARND
2025-04-01 03:19:34,096 - INFO - Ingress_Enter PTR35JYL
2025-04-01 03:19:34,133 - INFO - Ingress_Exit UDCWWCWY
2025-04-01 03:19:34,208 - INFO - Ingress_Enter Q4FUXVZM
2025-04-01 03:19:34,250 - INFO - Ingress_Exit WMOFQ9LG
2025-04-01 03:19:34,251 - INFO - Ingress_Exit FRH1K47U
2025-04-01 03:19:34,346 - INFO - Ingress_Enter 7K5DNG22
2025-04-01 03:19:34,382 - INFO - Ingress_Enter BIH5050C
2025-04-01 03:19:34,465 - INFO - Ingress_Enter 8O00GKX1
2025-04-01 03:19:34,501 - INFO - Ingress_Enter A8GCA7NX
2025-04-01 03:19:34,541 - INFO - Ingress_Exit 9P81QT4A
2025-04-01 03:19:34,551 - INFO - Ingress_Exit BANNES4D
2025-04-01 03:19:34,552 - INFO - Ingress_Exit 3T4UPB18
2025-04-01 03:19:34,553 - INFO - Ingress_Exit 4HPN64D3
2025-04-01 03:19:34,750 - INFO - Ingress_Exit 8CU4J8Q5
2025-04-01 03:19:34,904 - INFO - Ingress_Exit PTR35JYL
2025-04-01 03:19:35,033 - INFO - Ingress_Exit DBGU1CRN
2025-04-01 03:19:35,036 - INFO - Ingress_Exit M1YNAST9
2025-04-01 03:19:35,204 - INFO - Ingress_Exit Q4FUXVZM
2025-04-01 03:19:35,282 - INFO - Ingress_Exit F5BIJWDA
2025-04-01 03:19:35,400 - INFO - Ingress_Exit A8GCA7NX
2025-04-01 03:19:35,497 - INFO - Ingress_Exit BIH5050C
2025-04-01 03:19:35,501 - INFO - Ingress_Exit 7K5DNG22
2025-04-01 03:19:35,604 - INFO - Ingress_Exit 8O00GKX1
2025-04-01 03:19:36,956 - INFO - Ingress_Enter 8U6YOT71
2025-04-01 03:19:36,972 - INFO - Ingress_Enter BU5XLIIC
2025-04-01 03:19:36,973 - INFO - Ingress_Enter 5C9Y4I88
2025-04-01 03:19:36,991 - INFO - Ingress_Enter NLUDIPE9
2025-04-01 03:19:37,002 - INFO - Ingress_Enter GFDGF5AR
2025-04-01 03:19:37,159 - INFO - Ingress_Enter 7WLF03AG
2025-04-01 03:19:37,168 - INFO - Ingress_Enter VOSIGBCT
2025-04-01 03:19:37,195 - INFO - Ingress_Enter GHDOTHNX
2025-04-01 03:19:37,270 - INFO - Ingress_Enter UC80FZ9P
2025-04-01 03:19:37,325 - INFO - Ingress_Enter 5YSJNX3G
2025-04-01 03:19:37,593 - INFO - Ingress_Exit 8U6YOT71
2025-04-01 03:19:37,660 - INFO - Ingress_Exit GFDGF5AR
2025-04-01 03:19:37,661 - INFO - Ingress_Exit NLUDIPE9
2025-04-01 03:19:37,753 - INFO - Ingress_Enter X5MQTIGC
2025-04-01 03:19:37,776 - INFO - Ingress_Exit 5C9Y4I88
2025-04-01 03:19:37,796 - INFO - Ingress_Enter TGRPHA2O
2025-04-01 03:19:37,868 - INFO - Ingress_Enter 4VDRRZTD
2025-04-01 03:19:37,903 - INFO - Ingress_Enter 426TKJAZ
2025-04-01 03:19:37,913 - INFO - Ingress_Enter J8NTIRM7
2025-04-01 03:19:37,925 - INFO - Ingress_Exit VOSIGBCT
2025-04-01 03:19:37,936 - INFO - Ingress_Enter TXB0QXEA
2025-04-01 03:19:37,982 - INFO - Ingress_Enter ICD0TDW2
2025-04-01 03:19:38,075 - INFO - Ingress_Exit BU5XLIIC
2025-04-01 03:19:38,088 - INFO - Ingress_Enter 7BCC0GEB
2025-04-01 03:19:38,109 - INFO - Ingress_Exit UC80FZ9P
2025-04-01 03:19:38,112 - INFO - Ingress_Exit 5YSJNX3G
2025-04-01 03:19:38,113 - INFO - Ingress_Exit GHDOTHNX
2025-04-01 03:19:38,116 - INFO - Ingress_Enter EFR1K1DH
2025-04-01 03:19:38,145 - INFO - Ingress_Exit 7WLF03AG
2025-04-01 03:19:38,158 - INFO - Ingress_Enter 3H5SX33D
2025-04-01 03:19:38,193 - INFO - Ingress_Enter T278J167
2025-04-01 03:19:38,232 - INFO - Ingress_Enter YSGU9FI5
2025-04-01 03:19:38,315 - INFO - Ingress_Enter YS3JNI8I
2025-04-01 03:19:38,379 - INFO - Ingress_Enter 716VPZSK
2025-04-01 03:19:38,397 - INFO - Ingress_Exit TGRPHA2O
2025-04-01 03:19:38,494 - INFO - Ingress_Exit X5MQTIGC
2025-04-01 03:19:38,604 - INFO - Ingress_Exit ICD0TDW2
2025-04-01 03:19:38,608 - INFO - Ingress_Exit 426TKJAZ
2025-04-01 03:19:38,642 - INFO - Ingress_Exit 4VDRRZTD
2025-04-01 03:19:38,762 - INFO - Ingress_Exit 7BCC0GEB
2025-04-01 03:19:38,872 - INFO - Ingress_Exit J8NTIRM7
2025-04-01 03:19:38,920 - INFO - Ingress_Exit TXB0QXEA
2025-04-01 03:19:38,931 - INFO - Ingress_Exit T278J167
2025-04-01 03:19:39,023 - INFO - Ingress_Exit 3H5SX33D
2025-04-01 03:19:39,031 - INFO - Ingress_Enter 6FYPGV6Z
2025-04-01 03:19:39,049 - INFO - Ingress_Exit YSGU9FI5
2025-04-01 03:19:39,075 - INFO - Ingress_Exit EFR1K1DH
2025-04-01 03:19:39,081 - INFO - Ingress_Enter F45ZUT1D
2025-04-01 03:19:39,087 - INFO - Ingress_Exit YS3JNI8I
2025-04-01 03:19:39,088 - INFO - Ingress_Exit 716VPZSK
2025-04-01 03:19:39,107 - INFO - Ingress_Enter BDZFTAIS
2025-04-01 03:19:39,146 - INFO - Ingress_Enter ZSBV6Z9X
2025-04-01 03:19:39,209 - INFO - Ingress_Enter R45XA3QB
2025-04-01 03:19:39,417 - INFO - Ingress_Enter 1M32AJFF
2025-04-01 03:19:39,424 - INFO - Ingress_Enter FAL0GNWU
2025-04-01 03:19:39,435 - INFO - Ingress_Enter QNQ9ZBM8
2025-04-01 03:19:39,442 - INFO - Ingress_Enter 1W0PMAL2
2025-04-01 03:19:39,451 - INFO - Ingress_Enter 5M4U4NOD
2025-04-01 03:19:39,488 - INFO - Ingress_Enter N9G6T8W0
2025-04-01 03:19:39,524 - INFO - Ingress_Enter Q6HMBTVM
2025-04-01 03:19:39,644 - INFO - Ingress_Enter IWNEY4Z9
2025-04-01 03:19:39,772 - INFO - Ingress_Exit BDZFTAIS
2025-04-01 03:19:39,820 - INFO - Ingress_Exit 6FYPGV6Z
2025-04-01 03:19:39,850 - INFO - Ingress_Exit ZSBV6Z9X
2025-04-01 03:19:40,000 - INFO - Ingress_Enter 548S62OR
2025-04-01 03:19:40,026 - INFO - Ingress_Enter 8CMS5UG5
2025-04-01 03:19:40,045 - INFO - Ingress_Exit F45ZUT1D
2025-04-01 03:19:40,152 - INFO - Ingress_Exit R45XA3QB
2025-04-01 03:19:40,244 - INFO - Ingress_Exit 1M32AJFF
2025-04-01 03:19:40,264 - INFO - Ingress_Exit 1W0PMAL2
2025-04-01 03:19:40,322 - INFO - Ingress_Exit QNQ9ZBM8
2025-04-01 03:19:40,328 - INFO - Ingress_Exit FAL0GNWU
2025-04-01 03:19:40,461 - INFO - Ingress_Enter XWQ6QM5P
2025-04-01 03:19:40,470 - INFO - Ingress_Enter DJN4Z4KB
2025-04-01 03:19:40,479 - INFO - Ingress_Exit N9G6T8W0
2025-04-01 03:19:40,480 - INFO - Ingress_Exit 5M4U4NOD
2025-04-01 03:19:40,508 - INFO - Ingress_Enter AMG72Q1S
2025-04-01 03:19:40,596 - INFO - Ingress_Exit Q6HMBTVM
2025-04-01 03:19:40,597 - INFO - Ingress_Exit IWNEY4Z9
2025-04-01 03:19:40,612 - INFO - Ingress_Enter NWWM043L
2025-04-01 03:19:40,678 - INFO - Ingress_Enter L7JNVYFD
2025-04-01 03:19:40,795 - INFO - Ingress_Enter ZDA1RFFN
2025-04-01 03:19:40,820 - INFO - Ingress_Enter 6TZ8W41U
2025-04-01 03:19:40,837 - INFO - Ingress_Exit 548S62OR
2025-04-01 03:19:40,853 - INFO - Ingress_Exit 8CMS5UG5
2025-04-01 03:19:40,911 - INFO - Ingress_Enter LAAQ9FLV
2025-04-01 03:19:40,954 - INFO - Ingress_Enter VVNHALQT
2025-04-01 03:19:41,026 - INFO - Ingress_Enter U9LFUT66
2025-04-01 03:19:41,046 - INFO - Ingress_Enter AYAI0THR
2025-04-01 03:19:41,155 - INFO - Ingress_Enter KL6ZIJYZ
2025-04-01 03:19:41,294 - INFO - Ingress_Enter 6W1JOYYN
2025-04-01 03:19:41,331 - INFO - Ingress_Exit XWQ6QM5P
2025-04-01 03:19:41,333 - INFO - Ingress_Exit NWWM043L
2025-04-01 03:19:41,336 - INFO - Ingress_Exit AMG72Q1S
2025-04-01 03:19:41,456 - INFO - Ingress_Enter EUGOI4RU
2025-04-01 03:19:41,468 - INFO - Ingress_Enter M7G5O6CX
2025-04-01 03:19:41,470 - INFO - Ingress_Exit DJN4Z4KB
2025-04-01 03:19:41,474 - INFO - Ingress_Exit L7JNVYFD
2025-04-01 03:19:41,527 - INFO - Ingress_Enter OEOL3PB9
2025-04-01 03:19:41,621 - INFO - Ingress_Exit ZDA1RFFN
2025-04-01 03:19:41,676 - INFO - Ingress_Enter P538XHPH
2025-04-01 03:19:41,704 - INFO - Ingress_Exit 6TZ8W41U
2025-04-01 03:19:41,732 - INFO - Ingress_Enter GSRXDDZ4
2025-04-01 03:19:41,840 - INFO - Ingress_Exit VVNHALQT
2025-04-01 03:19:41,865 - INFO - Ingress_Enter W06Y6B40
2025-04-01 03:19:41,902 - INFO - Ingress_Exit LAAQ9FLV
2025-04-01 03:19:41,904 - INFO - Ingress_Exit AYAI0THR
2025-04-01 03:19:41,962 - INFO - Ingress_Exit U9LFUT66
2025-04-01 03:19:42,028 - INFO - Ingress_Enter XZ69T0E2
2025-04-01 03:19:42,085 - INFO - Ingress_Exit KL6ZIJYZ
2025-04-01 03:19:42,098 - INFO - Ingress_Enter TQODWS0S
2025-04-01 03:19:42,103 - INFO - Ingress_Enter RFTZYCU2
2025-04-01 03:19:42,176 - INFO - Ingress_Enter OP7U68A3
2025-04-01 03:19:42,185 - INFO - Ingress_Enter E6IYECGM
2025-04-01 03:19:42,204 - INFO - Ingress_Enter M10RVY5Z
2025-04-01 03:19:42,320 - INFO - Ingress_Enter 4XTGYZOU
2025-04-01 03:19:42,454 - INFO - Ingress_Exit 6W1JOYYN
2025-04-01 03:19:42,498 - INFO - Ingress_Exit OEOL3PB9
2025-04-01 03:19:42,567 - INFO - Ingress_Exit M7G5O6CX
2025-04-01 03:19:42,568 - INFO - Ingress_Exit EUGOI4RU
2025-04-01 03:19:42,652 - INFO - Ingress_Exit P538XHPH
2025-04-01 03:19:42,779 - INFO - Ingress_Exit GSRXDDZ4
2025-04-01 03:19:42,797 - INFO - Ingress_Exit W06Y6B40
2025-04-01 03:19:42,933 - INFO - Ingress_Exit XZ69T0E2
2025-04-01 03:19:43,043 - INFO - Ingress_Exit E6IYECGM
2025-04-01 03:19:43,105 - INFO - Ingress_Enter ULZFSUMA
2025-04-01 03:19:43,119 - INFO - Ingress_Enter U7B23Q31
2025-04-01 03:19:43,145 - INFO - Ingress_Exit RFTZYCU2
2025-04-01 03:19:43,148 - INFO - Ingress_Exit OP7U68A3
2025-04-01 03:19:43,194 - INFO - Ingress_Enter ZW1G6F84
2025-04-01 03:19:43,218 - INFO - Ingress_Enter SGB2XUM6
2025-04-01 03:19:43,219 - INFO - Ingress_Exit M10RVY5Z
2025-04-01 03:19:43,251 - INFO - Ingress_Exit TQODWS0S
2025-04-01 03:19:43,399 - INFO - Ingress_Enter 0OTNZT4Y
2025-04-01 03:19:43,487 - INFO - Ingress_Enter 111PUZDI
2025-04-01 03:19:43,527 - INFO - Ingress_Exit 4XTGYZOU
2025-04-01 03:19:43,556 - INFO - Ingress_Enter Q9HJ6VQX
2025-04-01 03:19:43,601 - INFO - Ingress_Enter C4BUBIDV
2025-04-01 03:19:43,672 - INFO - Ingress_Enter C5XYQQ5U
2025-04-01 03:19:43,735 - INFO - Ingress_Enter 4WCNL5DO
2025-04-01 03:19:43,806 - INFO - Ingress_Enter VPCUM8KT
2025-04-01 03:19:43,940 - INFO - Ingress_Enter 7P7P4BY2
2025-04-01 03:19:43,966 - INFO - Ingress_Enter TZSAYJ3D
2025-04-01 03:19:43,966 - INFO - Ingress_Enter 2M99AQ3L
2025-04-01 03:19:44,039 - INFO - Ingress_Enter ZR3RPFRE
2025-04-01 03:19:44,056 - INFO - Ingress_Exit SGB2XUM6
2025-04-01 03:19:44,129 - INFO - Ingress_Exit ULZFSUMA
2025-04-01 03:19:44,187 - INFO - Ingress_Exit U7B23Q31
2025-04-01 03:19:44,271 - INFO - Ingress_Exit 0OTNZT4Y
2025-04-01 03:19:44,275 - INFO - Ingress_Enter NCH4FBNX
2025-04-01 03:19:44,411 - INFO - Ingress_Exit ZW1G6F84
2025-04-01 03:19:44,442 - INFO - Ingress_Exit C4BUBIDV
2025-04-01 03:19:44,520 - INFO - Ingress_Enter GBBWSLDB
2025-04-01 03:19:44,577 - INFO - Ingress_Exit C5XYQQ5U
2025-04-01 03:19:44,638 - INFO - Ingress_Exit 111PUZDI
2025-04-01 03:19:44,691 - INFO - Ingress_Enter VTQQAXQW
2025-04-01 03:19:44,712 - INFO - Ingress_Exit Q9HJ6VQX
2025-04-01 03:19:44,727 - INFO - Ingress_Enter 9HV50SEZ
2025-04-01 03:19:44,781 - INFO - Ingress_Exit VPCUM8KT
2025-04-01 03:19:44,783 - INFO - Ingress_Exit 7P7P4BY2
2025-04-01 03:19:44,863 - INFO - Ingress_Exit 4WCNL5DO
2025-04-01 03:19:44,880 - INFO - Ingress_Enter 58C160KK
2025-04-01 03:19:44,995 - INFO - Ingress_Exit TZSAYJ3D
2025-04-01 03:19:45,012 - INFO - Ingress_Enter 51ZMOF26
2025-04-01 03:19:45,022 - INFO - Ingress_Exit ZR3RPFRE
2025-04-01 03:19:45,034 - INFO - Ingress_Exit 2M99AQ3L
2025-04-01 03:19:45,118 - INFO - Ingress_Enter ZEKOKHLJ
2025-04-01 03:19:45,237 - INFO - Ingress_Enter XW8HEJD0
2025-04-01 03:19:45,282 - INFO - Ingress_Exit NCH4FBNX
2025-04-01 03:19:45,337 - INFO - Ingress_Enter MZJ203R8
2025-04-01 03:19:45,401 - INFO - Ingress_Enter 77PCXFZ2
2025-04-01 03:19:45,427 - INFO - Ingress_Enter MC9AJ4YR
2025-04-01 03:19:45,516 - INFO - Ingress_Enter 4E8EVC0V
2025-04-01 03:19:45,570 - INFO - Ingress_Enter H1RF661Q
2025-04-01 03:19:45,572 - INFO - Ingress_Enter GJPTFA6C
2025-04-01 03:19:45,736 - INFO - Ingress_Exit GBBWSLDB
2025-04-01 03:19:45,742 - INFO - Ingress_Exit VTQQAXQW
2025-04-01 03:19:45,752 - INFO - Ingress_Exit 58C160KK
2025-04-01 03:19:45,924 - INFO - Ingress_Exit 9HV50SEZ
2025-04-01 03:19:46,034 - INFO - Ingress_Enter EC070P9B
2025-04-01 03:19:46,041 - INFO - Ingress_Exit 51ZMOF26
2025-04-01 03:19:46,086 - INFO - Ingress_Enter UNQQT1M7
2025-04-01 03:19:46,171 - INFO - Ingress_Enter F32PW8DX
2025-04-01 03:19:46,197 - INFO - Ingress_Exit XW8HEJD0
2025-04-01 03:19:46,260 - INFO - Ingress_Enter D9J0438E
2025-04-01 03:19:46,308 - INFO - Ingress_Enter XEZ2AZCP
2025-04-01 03:19:46,352 - INFO - Ingress_Enter AKI2K0W7
2025-04-01 03:19:46,357 - INFO - Ingress_Exit 4E8EVC0V
2025-04-01 03:19:46,387 - INFO - Ingress_Exit MZJ203R8
2025-04-01 03:19:46,388 - INFO - Ingress_Exit 77PCXFZ2
2025-04-01 03:19:46,420 - INFO - Ingress_Exit ZEKOKHLJ
2025-04-01 03:19:46,552 - INFO - Ingress_Exit GJPTFA6C
2025-04-01 03:19:46,783 - INFO - Ingress_Exit MC9AJ4YR
2025-04-01 03:19:46,785 - INFO - Ingress_Exit H1RF661Q
2025-04-01 03:19:47,077 - INFO - Ingress_Exit UNQQT1M7
2025-04-01 03:19:47,196 - INFO - Ingress_Exit EC070P9B
2025-04-01 03:19:47,258 - INFO - Ingress_Exit F32PW8DX
2025-04-01 03:19:47,259 - INFO - Ingress_Exit D9J0438E
2025-04-01 03:19:47,281 - INFO - Ingress_Exit AKI2K0W7
2025-04-01 03:19:47,357 - INFO - Ingress_Exit XEZ2AZCP
