2025-03-18 04:27:56,363 - INFO - Ingress_Enter ANKAZGRX
2025-03-18 04:27:57,085 - INFO - Ingress_Enter OCBW2BHI
2025-03-18 04:27:57,147 - INFO - Ingress_Exit ANKAZGRX
2025-03-18 04:27:57,186 - INFO - Ingress_Exit OCBW2BHI
2025-03-18 04:27:57,317 - INFO - Ingress_Enter JH0ML5R6
2025-03-18 04:27:57,424 - INFO - Ingress_Exit JH0ML5R6
2025-03-18 04:27:57,710 - INFO - Ingress_Enter 9UDIKY7V
2025-03-18 04:27:57,803 - INFO - Ingress_Exit 9UDIKY7V
2025-03-18 04:27:57,845 - INFO - Ingress_Enter NXA063A3
2025-03-18 04:27:57,872 - INFO - Ingress_Enter 8TR1UX6B
2025-03-18 04:27:57,967 - INFO - Ingress_Exit NXA063A3
2025-03-18 04:27:58,027 - INFO - Ingress_Exit 8TR1UX6B
2025-03-18 04:27:58,209 - INFO - Ingress_Enter 46317ORV
2025-03-18 04:27:58,324 - INFO - Ingress_Exit 46317ORV
2025-03-18 04:27:58,630 - INFO - Ingress_Enter 9W6F4OEU
2025-03-18 04:27:58,731 - INFO - Ingress_Exit 9W6F4OEU
2025-03-18 04:27:59,104 - INFO - Ingress_Enter 5LCQ97ZI
2025-03-18 04:27:59,212 - INFO - Ingress_Enter VT77DFGK
2025-03-18 04:27:59,250 - INFO - Ingress_Exit 5LCQ97ZI
2025-03-18 04:27:59,311 - INFO - Ingress_Exit VT77DFGK
2025-03-18 04:27:59,360 - INFO - Ingress_Enter 2VNZRUF4
2025-03-18 04:27:59,458 - INFO - Ingress_Exit 2VNZRUF4
2025-03-18 04:27:59,808 - INFO - Ingress_Enter T8Q3ALPM
2025-03-18 04:27:59,931 - INFO - Ingress_Exit T8Q3ALPM
2025-03-18 04:28:00,025 - INFO - Ingress_Enter 0CF2T2SB
2025-03-18 04:28:00,106 - INFO - Ingress_Enter N9V1WGCW
2025-03-18 04:28:00,121 - INFO - Ingress_Exit 0CF2T2SB
2025-03-18 04:28:00,218 - INFO - Ingress_Exit N9V1WGCW
2025-03-18 04:28:00,268 - INFO - Ingress_Enter JHP6V5ZF
2025-03-18 04:28:00,376 - INFO - Ingress_Exit JHP6V5ZF
2025-03-18 04:28:00,728 - INFO - Ingress_Enter AZM6HGG8
2025-03-18 04:28:00,851 - INFO - Ingress_Exit AZM6HGG8
2025-03-18 04:28:01,068 - INFO - Ingress_Enter JNH1IDJF
2025-03-18 04:28:01,203 - INFO - Ingress_Exit JNH1IDJF
2025-03-18 04:28:01,285 - INFO - Ingress_Enter ONC1ZOS6
2025-03-18 04:28:01,298 - INFO - Ingress_Enter B4SCAKJY
2025-03-18 04:28:01,430 - INFO - Ingress_Exit ONC1ZOS6
2025-03-18 04:28:01,482 - INFO - Ingress_Exit B4SCAKJY
2025-03-18 04:28:01,732 - INFO - Ingress_Enter BQS9MKQ1
2025-03-18 04:28:01,773 - INFO - Ingress_Enter NQ4DWPM5
2025-03-18 04:28:01,842 - INFO - Ingress_Exit BQS9MKQ1
2025-03-18 04:28:01,872 - INFO - Ingress_Exit NQ4DWPM5
2025-03-18 04:28:02,248 - INFO - Ingress_Enter 6YR0H6TM
2025-03-18 04:28:02,288 - INFO - Ingress_Enter Q8LPUZXD
2025-03-18 04:28:02,316 - INFO - Ingress_Enter VB9BH4VX
2025-03-18 04:28:02,383 - INFO - Ingress_Exit 6YR0H6TM
2025-03-18 04:28:02,440 - INFO - Ingress_Exit Q8LPUZXD
2025-03-18 04:28:02,465 - INFO - Ingress_Exit VB9BH4VX
2025-03-18 04:28:02,681 - INFO - Ingress_Enter GSQFFZUE
2025-03-18 04:28:02,695 - INFO - Ingress_Enter E8HZ7B1R
2025-03-18 04:28:02,776 - INFO - Ingress_Exit GSQFFZUE
2025-03-18 04:28:02,803 - INFO - Ingress_Enter 7UHSQ3VW
2025-03-18 04:28:02,831 - INFO - Ingress_Exit E8HZ7B1R
2025-03-18 04:28:03,001 - INFO - Ingress_Exit 7UHSQ3VW
2025-03-18 04:28:03,020 - INFO - Ingress_Enter CD561KFY
2025-03-18 04:28:03,131 - INFO - Ingress_Exit CD561KFY
2025-03-18 04:28:03,306 - INFO - Ingress_Enter Z89RBHDU
2025-03-18 04:28:03,423 - INFO - Ingress_Exit Z89RBHDU
2025-03-18 04:28:04,634 - INFO - Ingress_Enter MJJ2RNW7
2025-03-18 04:28:04,737 - INFO - Ingress_Exit MJJ2RNW7
2025-03-18 04:28:04,839 - INFO - Ingress_Enter YWPULD27
2025-03-18 04:28:04,853 - INFO - Ingress_Enter JOSE7TMP
2025-03-18 04:28:04,964 - INFO - Ingress_Exit YWPULD27
2025-03-18 04:28:05,001 - INFO - Ingress_Exit JOSE7TMP
2025-03-18 04:28:05,013 - INFO - Ingress_Enter 05SQHNYE
2025-03-18 04:28:05,144 - INFO - Ingress_Exit 05SQHNYE
2025-03-18 04:28:05,326 - INFO - Ingress_Enter 6FVMID81
2025-03-18 04:28:05,339 - INFO - Ingress_Enter XG4B35IV
2025-03-18 04:28:05,458 - INFO - Ingress_Exit 6FVMID81
2025-03-18 04:28:05,495 - INFO - Ingress_Exit XG4B35IV
2025-03-18 04:28:06,316 - INFO - Ingress_Enter P06QBRBJ
2025-03-18 04:28:06,370 - INFO - Ingress_Enter NPS1JE7X
2025-03-18 04:28:06,438 - INFO - Ingress_Enter ZH4Z2XEV
2025-03-18 04:28:06,486 - INFO - Ingress_Exit NPS1JE7X
2025-03-18 04:28:06,488 - INFO - Ingress_Exit P06QBRBJ
2025-03-18 04:28:06,539 - INFO - Ingress_Exit ZH4Z2XEV
2025-03-18 04:28:06,940 - INFO - Ingress_Enter 8ACXYW6Z
2025-03-18 04:28:07,098 - INFO - Ingress_Exit 8ACXYW6Z
2025-03-18 04:28:07,428 - INFO - Ingress_Enter G2E2B0O6
2025-03-18 04:28:07,535 - INFO - Ingress_Enter GUXZAKWF
2025-03-18 04:28:07,549 - INFO - Ingress_Enter P39HYJ0F
2025-03-18 04:28:07,550 - INFO - Ingress_Exit G2E2B0O6
2025-03-18 04:28:07,638 - INFO - Ingress_Exit GUXZAKWF
2025-03-18 04:28:07,702 - INFO - Ingress_Exit P39HYJ0F
2025-03-18 04:28:08,466 - INFO - Ingress_Enter CWMNGL1H
2025-03-18 04:28:08,573 - INFO - Ingress_Exit CWMNGL1H
2025-03-18 04:28:08,682 - INFO - Ingress_Enter ET7MXVQ0
2025-03-18 04:28:08,789 - INFO - Ingress_Exit ET7MXVQ0
2025-03-18 04:28:08,792 - INFO - Ingress_Enter ZPAXWYRG
2025-03-18 04:28:08,804 - INFO - Ingress_Enter 6KGPOXOL
2025-03-18 04:28:08,904 - INFO - Ingress_Exit 6KGPOXOL
2025-03-18 04:28:08,979 - INFO - Ingress_Exit ZPAXWYRG
2025-03-18 04:28:09,007 - INFO - Ingress_Enter 6Z3LADYX
2025-03-18 04:28:09,116 - INFO - Ingress_Exit 6Z3LADYX
2025-03-18 04:28:09,129 - INFO - Ingress_Enter HMX7G40K
2025-03-18 04:28:09,156 - INFO - Ingress_Enter MKKL0ZTA
2025-03-18 04:28:09,228 - INFO - Ingress_Exit HMX7G40K
2025-03-18 04:28:09,265 - INFO - Ingress_Exit MKKL0ZTA
2025-03-18 04:28:09,414 - INFO - Ingress_Enter MLHS439Z
2025-03-18 04:28:09,508 - INFO - Ingress_Enter DO1Q7K8L
2025-03-18 04:28:09,523 - INFO - Ingress_Exit MLHS439Z
2025-03-18 04:28:09,611 - INFO - Ingress_Exit DO1Q7K8L
2025-03-18 04:28:09,753 - INFO - Ingress_Enter PAVWCW7N
2025-03-18 04:28:09,847 - INFO - Ingress_Enter 7V82F4PU
2025-03-18 04:28:09,849 - INFO - Ingress_Exit PAVWCW7N
2025-03-18 04:28:09,951 - INFO - Ingress_Exit 7V82F4PU
2025-03-18 04:28:10,619 - INFO - Ingress_Enter 2WCHLWFB
2025-03-18 04:28:10,728 - INFO - Ingress_Exit 2WCHLWFB
2025-03-18 04:28:10,835 - INFO - Ingress_Enter V0MZNQKO
2025-03-18 04:28:10,936 - INFO - Ingress_Enter Z1OHE3Y5
2025-03-18 04:28:11,053 - INFO - Ingress_Exit Z1OHE3Y5
2025-03-18 04:28:11,081 - INFO - Ingress_Exit V0MZNQKO
2025-03-18 04:28:11,162 - INFO - Ingress_Enter 4A6B0KR0
2025-03-18 04:28:11,269 - INFO - Ingress_Exit 4A6B0KR0
2025-03-18 04:28:11,297 - INFO - Ingress_Enter KX37W7E0
2025-03-18 04:28:11,412 - INFO - Ingress_Exit KX37W7E0
2025-03-18 04:28:11,569 - INFO - Ingress_Enter VOF3KVHI
2025-03-18 04:28:11,609 - INFO - Ingress_Enter LXRVNYIJ
2025-03-18 04:28:11,692 - INFO - Ingress_Exit VOF3KVHI
2025-03-18 04:28:11,726 - INFO - Ingress_Exit LXRVNYIJ
2025-03-18 04:28:11,840 - INFO - Ingress_Enter 7PVTZIPO
2025-03-18 04:28:11,940 - INFO - Ingress_Exit 7PVTZIPO
2025-03-18 04:28:11,949 - INFO - Ingress_Enter 4NAUYC8A
2025-03-18 04:28:12,138 - INFO - Ingress_Exit 4NAUYC8A
2025-03-18 04:28:12,233 - INFO - Ingress_Enter IQ3G2GD2
2025-03-18 04:28:12,288 - INFO - Ingress_Enter 38CP1B8S
2025-03-18 04:28:12,347 - INFO - Ingress_Exit IQ3G2GD2
2025-03-18 04:28:12,414 - INFO - Ingress_Exit 38CP1B8S
2025-03-18 04:28:12,489 - INFO - Ingress_Enter XI8KC3KB
2025-03-18 04:28:12,502 - INFO - Ingress_Enter XTRXUW1P
2025-03-18 04:28:12,598 - INFO - Ingress_Exit XI8KC3KB
2025-03-18 04:28:12,601 - INFO - Ingress_Exit XTRXUW1P
2025-03-18 04:28:12,624 - INFO - Ingress_Enter 2ZNPR4HH
2025-03-18 04:28:12,734 - INFO - Ingress_Exit 2ZNPR4HH
2025-03-18 04:28:12,923 - INFO - Ingress_Enter G6PQ9OCH
2025-03-18 04:28:12,937 - INFO - Ingress_Enter JFNIH1QW
2025-03-18 04:28:13,017 - INFO - Ingress_Exit G6PQ9OCH
2025-03-18 04:28:13,031 - INFO - Ingress_Enter 364OBDYO
2025-03-18 04:28:13,059 - INFO - Ingress_Exit JFNIH1QW
2025-03-18 04:28:13,154 - INFO - Ingress_Enter 5UMEPUGY
2025-03-18 04:28:13,166 - INFO - Ingress_Exit 364OBDYO
2025-03-18 04:28:13,221 - INFO - Ingress_Enter 04V8U8QC
2025-03-18 04:28:13,245 - INFO - Ingress_Exit 5UMEPUGY
2025-03-18 04:28:13,262 - INFO - Ingress_Enter OYKS4X7B
2025-03-18 04:28:13,289 - INFO - Ingress_Enter 2WJWCWH0
2025-03-18 04:28:13,327 - INFO - Ingress_Exit 04V8U8QC
2025-03-18 04:28:13,376 - INFO - Ingress_Exit OYKS4X7B
2025-03-18 04:28:13,386 - INFO - Ingress_Exit 2WJWCWH0
2025-03-18 04:28:14,146 - INFO - Ingress_Enter ANC6UQEK
2025-03-18 04:28:14,318 - INFO - Ingress_Exit ANC6UQEK
2025-03-18 04:28:14,525 - INFO - Ingress_Enter EFFZH53Q
2025-03-18 04:28:14,716 - INFO - Ingress_Exit EFFZH53Q
2025-03-18 04:28:14,904 - INFO - Ingress_Enter 8MQLY3W3
2025-03-18 04:28:14,945 - INFO - Ingress_Enter LRXRW19G
2025-03-18 04:28:15,036 - INFO - Ingress_Exit 8MQLY3W3
2025-03-18 04:28:15,097 - INFO - Ingress_Exit LRXRW19G
2025-03-18 04:28:15,390 - INFO - Ingress_Enter 3BY6Y06B
2025-03-18 04:28:15,485 - INFO - Ingress_Exit 3BY6Y06B
2025-03-18 04:28:15,728 - INFO - Ingress_Enter KB1W1JRG
2025-03-18 04:28:15,797 - INFO - Ingress_Enter U0WP11BM
2025-03-18 04:28:15,831 - INFO - Ingress_Exit KB1W1JRG
2025-03-18 04:28:15,920 - INFO - Ingress_Exit U0WP11BM
2025-03-18 04:28:15,986 - INFO - Ingress_Enter 1AZG0XPY
2025-03-18 04:28:16,040 - INFO - Ingress_Enter 6RDH6SSL
2025-03-18 04:28:16,173 - INFO - Ingress_Exit 1AZG0XPY
2025-03-18 04:28:16,220 - INFO - Ingress_Exit 6RDH6SSL
2025-03-18 04:28:16,448 - INFO - Ingress_Enter R1HL5EJS
2025-03-18 04:28:16,474 - INFO - Ingress_Enter A0GVQPGH
2025-03-18 04:28:16,601 - INFO - Ingress_Exit R1HL5EJS
2025-03-18 04:28:16,609 - INFO - Ingress_Enter 16L04VJ1
2025-03-18 04:28:16,631 - INFO - Ingress_Exit A0GVQPGH
2025-03-18 04:28:16,755 - INFO - Ingress_Exit 16L04VJ1
2025-03-18 04:28:16,786 - INFO - Ingress_Enter IBD0NPXK
2025-03-18 04:28:16,925 - INFO - Ingress_Exit IBD0NPXK
2025-03-18 04:28:17,135 - INFO - Ingress_Enter IQAVON4C
2025-03-18 04:28:17,327 - INFO - Ingress_Exit IQAVON4C
2025-03-18 04:28:17,352 - INFO - Ingress_Enter M11SNHND
2025-03-18 04:28:17,405 - INFO - Ingress_Enter A1F6633X
2025-03-18 04:28:17,482 - INFO - Ingress_Exit M11SNHND
2025-03-18 04:28:17,518 - INFO - Ingress_Exit A1F6633X
2025-03-18 04:28:17,825 - INFO - Ingress_Enter I2ZJSCTO
2025-03-18 04:28:17,928 - INFO - Ingress_Exit I2ZJSCTO
2025-03-18 04:28:17,973 - INFO - Ingress_Enter ONU61FK5
2025-03-18 04:28:18,155 - INFO - Ingress_Exit ONU61FK5
2025-03-18 04:28:18,465 - INFO - Ingress_Enter 73MSO84B
2025-03-18 04:28:18,558 - INFO - Ingress_Enter KASTYG70
2025-03-18 04:28:18,577 - INFO - Ingress_Exit 73MSO84B
2025-03-18 04:28:18,663 - INFO - Ingress_Exit KASTYG70
2025-03-18 04:28:18,787 - INFO - Ingress_Enter ITN0J03M
2025-03-18 04:28:18,800 - INFO - Ingress_Enter DFGGYQHG
2025-03-18 04:28:18,902 - INFO - Ingress_Exit ITN0J03M
2025-03-18 04:28:18,949 - INFO - Ingress_Exit DFGGYQHG
2025-03-18 04:28:19,099 - INFO - Ingress_Enter H65AP4RT
2025-03-18 04:28:19,233 - INFO - Ingress_Exit H65AP4RT
2025-03-18 04:28:19,385 - INFO - Ingress_Enter UQ7WMK2V
2025-03-18 04:28:19,398 - INFO - Ingress_Enter IGDRKTIK
2025-03-18 04:28:19,481 - INFO - Ingress_Exit UQ7WMK2V
2025-03-18 04:28:19,555 - INFO - Ingress_Exit IGDRKTIK
2025-03-18 04:28:19,697 - INFO - Ingress_Enter LNQIBSLH
2025-03-18 04:28:19,839 - INFO - Ingress_Exit LNQIBSLH
2025-03-18 04:28:19,845 - INFO - Ingress_Enter IQ3FBU6B
2025-03-18 04:28:19,952 - INFO - Ingress_Exit IQ3FBU6B
2025-03-18 04:28:19,955 - INFO - Ingress_Enter NWS99S30
2025-03-18 04:28:20,096 - INFO - Ingress_Exit NWS99S30
2025-03-18 04:28:20,251 - INFO - Ingress_Enter F2AKGB86
2025-03-18 04:28:20,332 - INFO - Ingress_Enter RUY1H7XK
2025-03-18 04:28:20,397 - INFO - Ingress_Exit F2AKGB86
2025-03-18 04:28:20,486 - INFO - Ingress_Exit RUY1H7XK
2025-03-18 04:28:20,766 - INFO - Ingress_Enter UXDQP4JQ
2025-03-18 04:28:20,807 - INFO - Ingress_Enter 2MFQECZW
2025-03-18 04:28:20,868 - INFO - Ingress_Exit UXDQP4JQ
2025-03-18 04:28:20,992 - INFO - Ingress_Exit 2MFQECZW
2025-03-18 04:28:21,715 - INFO - Ingress_Enter Y9LHO3CY
2025-03-18 04:28:21,815 - INFO - Ingress_Exit Y9LHO3CY
2025-03-18 04:28:22,136 - INFO - Ingress_Enter POGGNFDY
2025-03-18 04:28:22,284 - INFO - Ingress_Enter ILQDKOEM
2025-03-18 04:28:22,348 - INFO - Ingress_Exit POGGNFDY
2025-03-18 04:28:22,406 - INFO - Ingress_Exit ILQDKOEM
2025-03-18 04:28:22,556 - INFO - Ingress_Enter CVNSK3CO
2025-03-18 04:28:22,570 - INFO - Ingress_Enter SISA6GPV
2025-03-18 04:28:22,662 - INFO - Ingress_Exit CVNSK3CO
2025-03-18 04:28:22,687 - INFO - Ingress_Exit SISA6GPV
2025-03-18 04:28:22,704 - INFO - Ingress_Enter ZELEYYM7
2025-03-18 04:28:22,745 - INFO - Ingress_Enter BGFREMFK
2025-03-18 04:28:22,840 - INFO - Ingress_Enter VCIIWY2X
2025-03-18 04:28:22,841 - INFO - Ingress_Exit ZELEYYM7
2025-03-18 04:28:22,867 - INFO - Ingress_Enter 2T8C1PFC
2025-03-18 04:28:22,902 - INFO - Ingress_Exit BGFREMFK
2025-03-18 04:28:22,978 - INFO - Ingress_Exit 2T8C1PFC
2025-03-18 04:28:23,007 - INFO - Ingress_Exit VCIIWY2X
2025-03-18 04:28:23,152 - INFO - Ingress_Enter BBKFJAEB
2025-03-18 04:28:23,260 - INFO - Ingress_Enter 9USM3A62
2025-03-18 04:28:23,286 - INFO - Ingress_Exit BBKFJAEB
2025-03-18 04:28:23,364 - INFO - Ingress_Exit 9USM3A62
2025-03-18 04:28:23,882 - INFO - Ingress_Enter AML9JZ33
2025-03-18 04:28:24,066 - INFO - Ingress_Exit AML9JZ33
2025-03-18 04:28:24,219 - INFO - Ingress_Enter DW2SHB7S
2025-03-18 04:28:24,336 - INFO - Ingress_Exit DW2SHB7S
2025-03-18 04:28:24,653 - INFO - Ingress_Enter N8W5GHYA
2025-03-18 04:28:24,708 - INFO - Ingress_Enter HQOVO8N5
2025-03-18 04:28:24,809 - INFO - Ingress_Exit N8W5GHYA
2025-03-18 04:28:24,812 - INFO - Ingress_Exit HQOVO8N5
2025-03-18 04:28:25,252 - INFO - Ingress_Enter CF0XFV1H
2025-03-18 04:28:25,346 - INFO - Ingress_Enter I1ZJGEOK
2025-03-18 04:28:25,384 - INFO - Ingress_Exit CF0XFV1H
2025-03-18 04:28:25,485 - INFO - Ingress_Exit I1ZJGEOK
2025-03-18 04:28:25,741 - INFO - Ingress_Enter RH325TIV
2025-03-18 04:28:25,836 - INFO - Ingress_Exit RH325TIV
2025-03-18 04:28:25,969 - INFO - Ingress_Enter QDH3Q4Q1
2025-03-18 04:28:26,009 - INFO - Ingress_Enter 1O6OBNYV
2025-03-18 04:28:26,057 - INFO - Ingress_Exit QDH3Q4Q1
2025-03-18 04:28:26,089 - INFO - Ingress_Enter 37F80XEQ
2025-03-18 04:28:26,113 - INFO - Ingress_Exit 1O6OBNYV
2025-03-18 04:28:26,234 - INFO - Ingress_Exit 37F80XEQ
2025-03-18 04:28:27,322 - INFO - Ingress_Enter A60B42TV
2025-03-18 04:28:27,428 - INFO - Ingress_Exit A60B42TV
2025-03-18 04:28:27,566 - INFO - Ingress_Enter 6HHVTFEF
2025-03-18 04:28:27,635 - INFO - Ingress_Enter QH49K66U
2025-03-18 04:28:27,664 - INFO - Ingress_Exit 6HHVTFEF
2025-03-18 04:28:27,737 - INFO - Ingress_Exit QH49K66U
2025-03-18 04:28:28,178 - INFO - Ingress_Enter NS3QPUVV
2025-03-18 04:28:28,312 - INFO - Ingress_Enter OCDV0SLR
2025-03-18 04:28:28,320 - INFO - Ingress_Exit NS3QPUVV
2025-03-18 04:28:28,465 - INFO - Ingress_Exit OCDV0SLR
2025-03-18 04:28:29,180 - INFO - Ingress_Enter KAHWISG9
2025-03-18 04:28:29,193 - INFO - Ingress_Enter 6OREWWLT
2025-03-18 04:28:29,282 - INFO - Ingress_Exit KAHWISG9
2025-03-18 04:28:29,317 - INFO - Ingress_Exit 6OREWWLT
2025-03-18 04:28:30,438 - INFO - Ingress_Enter IZLYGH7R
2025-03-18 04:28:30,505 - INFO - Ingress_Enter IP1JDZX3
2025-03-18 04:28:30,558 - INFO - Ingress_Exit IZLYGH7R
2025-03-18 04:28:30,626 - INFO - Ingress_Exit IP1JDZX3
2025-03-18 04:28:31,425 - INFO - Ingress_Enter 5VMX9V7C
2025-03-18 04:28:31,526 - INFO - Ingress_Exit 5VMX9V7C
2025-03-18 04:28:31,708 - INFO - Ingress_Enter WKFWEV5X
2025-03-18 04:28:31,750 - INFO - Ingress_Enter KJPWZ7AM
2025-03-18 04:28:31,859 - INFO - Ingress_Exit WKFWEV5X
2025-03-18 04:28:31,896 - INFO - Ingress_Exit KJPWZ7AM
2025-03-18 04:28:31,939 - INFO - Ingress_Enter XITY7UU8
2025-03-18 04:28:32,032 - INFO - Ingress_Exit XITY7UU8
2025-03-18 04:28:32,803 - INFO - Ingress_Enter CAFOLYA5
2025-03-18 04:28:32,919 - INFO - Ingress_Exit CAFOLYA5
2025-03-18 04:28:32,992 - INFO - Ingress_Enter EKMBBR2G
2025-03-18 04:28:33,101 - INFO - Ingress_Exit EKMBBR2G
2025-03-18 04:28:33,317 - INFO - Ingress_Enter 3P3A5QFP
2025-03-18 04:28:33,371 - INFO - Ingress_Enter 1DX3G58M
2025-03-18 04:28:33,421 - INFO - Ingress_Exit 3P3A5QFP
2025-03-18 04:28:33,493 - INFO - Ingress_Exit 1DX3G58M
2025-03-18 04:28:33,546 - INFO - Ingress_Enter NLYWBOQG
2025-03-18 04:28:33,641 - INFO - Ingress_Exit NLYWBOQG
2025-03-18 04:28:33,722 - INFO - Ingress_Enter QX00GAXC
2025-03-18 04:28:33,776 - INFO - Ingress_Enter TD9DUREA
2025-03-18 04:28:33,819 - INFO - Ingress_Exit QX00GAXC
2025-03-18 04:28:33,891 - INFO - Ingress_Exit TD9DUREA
2025-03-18 04:28:33,952 - INFO - Ingress_Enter RGD0SZHD
2025-03-18 04:28:33,978 - INFO - Ingress_Enter 8Z62DKJX
2025-03-18 04:28:34,074 - INFO - Ingress_Enter 6V408F6G
2025-03-18 04:28:34,100 - INFO - Ingress_Exit 8Z62DKJX
2025-03-18 04:28:34,139 - INFO - Ingress_Exit RGD0SZHD
2025-03-18 04:28:34,214 - INFO - Ingress_Exit 6V408F6G
2025-03-18 04:28:36,437 - INFO - Ingress_Enter U1E18A8Z
2025-03-18 04:28:36,489 - INFO - Ingress_Enter 0XCVU7CK
2025-03-18 04:28:36,564 - INFO - Ingress_Exit U1E18A8Z
2025-03-18 04:28:36,596 - INFO - Ingress_Exit 0XCVU7CK
2025-03-18 04:28:36,691 - INFO - Ingress_Enter 7CSNSZHD
2025-03-18 04:28:36,802 - INFO - Ingress_Exit 7CSNSZHD
2025-03-18 04:28:36,813 - INFO - Ingress_Enter 0CW804LS
2025-03-18 04:28:36,903 - INFO - Ingress_Exit 0CW804LS
2025-03-18 04:28:37,112 - INFO - Ingress_Enter C5W1T5KE
2025-03-18 04:28:37,192 - INFO - Ingress_Enter Z4S13R58
2025-03-18 04:28:37,258 - INFO - Ingress_Exit C5W1T5KE
2025-03-18 04:28:37,329 - INFO - Ingress_Exit Z4S13R58
2025-03-18 04:28:37,719 - INFO - Ingress_Enter BWGWXP4U
2025-03-18 04:28:37,787 - INFO - Ingress_Enter FM05UO0V
2025-03-18 04:28:37,800 - INFO - Ingress_Enter MGLZC28E
2025-03-18 04:28:37,831 - INFO - Ingress_Exit BWGWXP4U
2025-03-18 04:28:37,899 - INFO - Ingress_Exit FM05UO0V
2025-03-18 04:28:37,929 - INFO - Ingress_Exit MGLZC28E
2025-03-18 04:28:37,977 - INFO - Ingress_Enter FLY0C5NY
2025-03-18 04:28:38,123 - INFO - Ingress_Exit FLY0C5NY
2025-03-18 04:28:38,192 - INFO - Ingress_Enter CSFQ50ME
2025-03-18 04:28:38,300 - INFO - Ingress_Exit CSFQ50ME
2025-03-18 04:28:38,545 - INFO - Ingress_Enter MJ80VVN4
2025-03-18 04:28:38,601 - INFO - Ingress_Enter 9DPELOHW
2025-03-18 04:28:38,656 - INFO - Ingress_Exit MJ80VVN4
2025-03-18 04:28:38,713 - INFO - Ingress_Exit 9DPELOHW
2025-03-18 04:28:38,761 - INFO - Ingress_Enter VT980F0K
2025-03-18 04:28:38,800 - INFO - Ingress_Enter XLPLBU8V
2025-03-18 04:28:38,855 - INFO - Ingress_Enter IZ0HE796
2025-03-18 04:28:38,933 - INFO - Ingress_Exit XLPLBU8V
2025-03-18 04:28:38,935 - INFO - Ingress_Exit VT980F0K
2025-03-18 04:28:39,054 - INFO - Ingress_Exit IZ0HE796
2025-03-18 04:28:39,438 - INFO - Ingress_Enter EIT4ULU9
2025-03-18 04:28:39,626 - INFO - Ingress_Exit EIT4ULU9
2025-03-18 04:28:39,656 - INFO - Ingress_Enter 6B1P8Q2I
2025-03-18 04:28:39,757 - INFO - Ingress_Exit 6B1P8Q2I
2025-03-18 04:28:39,777 - INFO - Ingress_Enter TFBJNOJT
2025-03-18 04:28:39,889 - INFO - Ingress_Exit TFBJNOJT
2025-03-18 04:28:39,994 - INFO - Ingress_Enter VS07GJI2
2025-03-18 04:28:40,107 - INFO - Ingress_Exit VS07GJI2
2025-03-18 04:28:40,319 - INFO - Ingress_Enter X44X54B3
2025-03-18 04:28:40,427 - INFO - Ingress_Exit X44X54B3
2025-03-18 04:28:40,508 - INFO - Ingress_Enter EGY77A96
2025-03-18 04:28:40,609 - INFO - Ingress_Exit EGY77A96
2025-03-18 04:28:40,725 - INFO - Ingress_Enter SJ2FIZG5
2025-03-18 04:28:40,752 - INFO - Ingress_Enter 5AUX69VU
2025-03-18 04:28:40,854 - INFO - Ingress_Exit 5AUX69VU
2025-03-18 04:28:40,894 - INFO - Ingress_Exit SJ2FIZG5
2025-03-18 04:28:41,074 - INFO - Ingress_Enter NMPPNFZR
2025-03-18 04:28:41,128 - INFO - Ingress_Enter T6CXHK5A
2025-03-18 04:28:41,167 - INFO - Ingress_Exit NMPPNFZR
2025-03-18 04:28:41,231 - INFO - Ingress_Exit T6CXHK5A
2025-03-18 04:28:41,251 - INFO - Ingress_Enter 5N2QBGXC
2025-03-18 04:28:41,278 - INFO - Ingress_Enter S9VBX96P
2025-03-18 04:28:41,344 - INFO - Ingress_Exit 5N2QBGXC
2025-03-18 04:28:41,380 - INFO - Ingress_Exit S9VBX96P
2025-03-18 04:28:41,575 - INFO - Ingress_Enter BQZ12OJD
2025-03-18 04:28:41,693 - INFO - Ingress_Exit BQZ12OJD
2025-03-18 04:28:41,899 - INFO - Ingress_Enter WPJ7A83L
2025-03-18 04:28:42,016 - INFO - Ingress_Exit WPJ7A83L
2025-03-18 04:28:42,129 - INFO - Ingress_Enter XACXIGC3
2025-03-18 04:28:42,221 - INFO - Ingress_Exit XACXIGC3
2025-03-18 04:28:42,305 - INFO - Ingress_Enter XA7HT53D
2025-03-18 04:28:42,404 - INFO - Ingress_Exit XA7HT53D
2025-03-18 04:28:42,548 - INFO - Ingress_Enter OLHJ4VVM
2025-03-18 04:28:42,636 - INFO - Ingress_Exit OLHJ4VVM
2025-03-18 04:28:42,670 - INFO - Ingress_Enter FIHB2WL9
2025-03-18 04:28:42,792 - INFO - Ingress_Enter 2EJCNV98
2025-03-18 04:28:42,814 - INFO - Ingress_Exit FIHB2WL9
2025-03-18 04:28:42,872 - INFO - Ingress_Enter P0ALNJR6
2025-03-18 04:28:42,957 - INFO - Ingress_Exit 2EJCNV98
2025-03-18 04:28:42,995 - INFO - Ingress_Exit P0ALNJR6
2025-03-18 04:28:43,587 - INFO - Ingress_Enter A228FN5S
2025-03-18 04:28:43,723 - INFO - Ingress_Enter QSWMUOOZ
2025-03-18 04:28:43,736 - INFO - Ingress_Enter 2J2VHFBP
2025-03-18 04:28:43,747 - INFO - Ingress_Exit A228FN5S
2025-03-18 04:28:43,831 - INFO - Ingress_Exit QSWMUOOZ
2025-03-18 04:28:43,952 - INFO - Ingress_Enter AL5FB4EA
2025-03-18 04:28:43,957 - INFO - Ingress_Exit 2J2VHFBP
2025-03-18 04:28:44,067 - INFO - Ingress_Exit AL5FB4EA
2025-03-18 04:28:44,330 - INFO - Ingress_Enter UZ9DRMAZ
2025-03-18 04:28:44,426 - INFO - Ingress_Exit UZ9DRMAZ
2025-03-18 04:28:44,452 - INFO - Ingress_Enter DPVCQPEA
2025-03-18 04:28:44,571 - INFO - Ingress_Exit DPVCQPEA
2025-03-18 04:28:44,680 - INFO - Ingress_Enter U1Z0CSAU
2025-03-18 04:28:44,821 - INFO - Ingress_Exit U1Z0CSAU
2025-03-18 04:28:45,205 - INFO - Ingress_Enter 012WU2ZU
2025-03-18 04:28:45,246 - INFO - Ingress_Enter HWBHLG9I
2025-03-18 04:28:45,308 - INFO - Ingress_Exit 012WU2ZU
2025-03-18 04:28:45,370 - INFO - Ingress_Exit HWBHLG9I
2025-03-18 04:28:46,366 - INFO - Ingress_Enter B5RBZJJS
2025-03-18 04:28:46,379 - INFO - Ingress_Enter 8ZPVHNNP
2025-03-18 04:28:46,455 - INFO - Ingress_Exit B5RBZJJS
2025-03-18 04:28:46,472 - INFO - Ingress_Exit 8ZPVHNNP
2025-03-18 04:28:46,948 - INFO - Ingress_Enter RM14GM54
2025-03-18 04:28:47,044 - INFO - Ingress_Exit RM14GM54
2025-03-18 04:28:47,056 - INFO - Ingress_Enter JQQOD24K
2025-03-18 04:28:47,097 - INFO - Ingress_Enter EDVKWFDE
2025-03-18 04:28:47,139 - INFO - Ingress_Enter LJYOYMTJ
2025-03-18 04:28:47,191 - INFO - Ingress_Exit JQQOD24K
2025-03-18 04:28:47,241 - INFO - Ingress_Exit LJYOYMTJ
2025-03-18 04:28:47,250 - INFO - Ingress_Exit EDVKWFDE
2025-03-18 04:28:47,382 - INFO - Ingress_Enter PBLJOWOB
2025-03-18 04:28:47,497 - INFO - Ingress_Exit PBLJOWOB
2025-03-18 04:28:47,517 - INFO - Ingress_Enter B8HJCI4M
2025-03-18 04:28:47,628 - INFO - Ingress_Exit B8HJCI4M
2025-03-18 04:28:47,707 - INFO - Ingress_Enter 499WWF60
2025-03-18 04:28:47,802 - INFO - Ingress_Enter QK0B42JO
2025-03-18 04:28:47,838 - INFO - Ingress_Exit 499WWF60
2025-03-18 04:28:47,906 - INFO - Ingress_Exit QK0B42JO
2025-03-18 04:28:48,057 - INFO - Ingress_Enter PN20AVG5
2025-03-18 04:28:48,152 - INFO - Ingress_Enter Z7IQ0B8D
2025-03-18 04:28:48,166 - INFO - Ingress_Enter G5F2X6ET
2025-03-18 04:28:48,233 - INFO - Ingress_Enter VNTCIAD2
2025-03-18 04:28:48,236 - INFO - Ingress_Exit PN20AVG5
2025-03-18 04:28:48,279 - INFO - Ingress_Exit Z7IQ0B8D
2025-03-18 04:28:48,281 - INFO - Ingress_Exit G5F2X6ET
2025-03-18 04:28:48,332 - INFO - Ingress_Exit VNTCIAD2
2025-03-18 04:28:49,545 - INFO - Ingress_Enter ROW3H716
2025-03-18 04:28:49,658 - INFO - Ingress_Exit ROW3H716
2025-03-18 04:28:49,707 - INFO - Ingress_Enter SF3I2A7X
2025-03-18 04:28:49,721 - INFO - Ingress_Enter R50UHUBR
2025-03-18 04:28:49,801 - INFO - Ingress_Enter BSFGKBSJ
2025-03-18 04:28:49,810 - INFO - Ingress_Exit SF3I2A7X
2025-03-18 04:28:49,815 - INFO - Ingress_Exit R50UHUBR
2025-03-18 04:28:49,896 - INFO - Ingress_Enter 3F9HKRLT
2025-03-18 04:28:49,923 - INFO - Ingress_Exit BSFGKBSJ
2025-03-18 04:28:49,977 - INFO - Ingress_Enter PTD2DSWM
2025-03-18 04:28:49,990 - INFO - Ingress_Exit 3F9HKRLT
2025-03-18 04:28:50,146 - INFO - Ingress_Exit PTD2DSWM
2025-03-18 04:28:50,234 - INFO - Ingress_Enter KSPTQ57K
2025-03-18 04:28:50,367 - INFO - Ingress_Exit KSPTQ57K
2025-03-18 04:28:50,478 - INFO - Ingress_Enter UUMTL634
2025-03-18 04:28:50,587 - INFO - Ingress_Exit UUMTL634
2025-03-18 04:28:51,469 - INFO - Ingress_Enter 3801AD8D
2025-03-18 04:28:51,616 - INFO - Ingress_Exit 3801AD8D
2025-03-18 04:28:51,621 - INFO - Ingress_Enter NHGTGDUV
2025-03-18 04:28:51,635 - INFO - Ingress_Enter C1VTXU7V
2025-03-18 04:28:51,737 - INFO - Ingress_Exit C1VTXU7V
2025-03-18 04:28:51,812 - INFO - Ingress_Enter PEVAWWAW
2025-03-18 04:28:51,822 - INFO - Ingress_Exit NHGTGDUV
2025-03-18 04:28:51,960 - INFO - Ingress_Enter TWO1GA0K
2025-03-18 04:28:51,967 - INFO - Ingress_Exit PEVAWWAW
2025-03-18 04:28:52,058 - INFO - Ingress_Exit TWO1GA0K
2025-03-18 04:28:52,406 - INFO - Ingress_Enter ZYGKIHM5
2025-03-18 04:28:52,488 - INFO - Ingress_Enter PQWURMEB
2025-03-18 04:28:52,503 - INFO - Ingress_Enter L0RCQFB4
2025-03-18 04:28:52,536 - INFO - Ingress_Exit ZYGKIHM5
2025-03-18 04:28:52,605 - INFO - Ingress_Exit L0RCQFB4
2025-03-18 04:28:52,616 - INFO - Ingress_Exit PQWURMEB
2025-03-18 04:28:53,082 - INFO - Ingress_Enter X06RB9QZ
2025-03-18 04:28:53,094 - INFO - Ingress_Enter 6THWETQX
2025-03-18 04:28:53,201 - INFO - Ingress_Exit X06RB9QZ
2025-03-18 04:28:53,274 - INFO - Ingress_Exit 6THWETQX
2025-03-18 04:28:53,376 - INFO - Ingress_Enter 3ZLFEVV3
2025-03-18 04:28:53,465 - INFO - Ingress_Exit 3ZLFEVV3
2025-03-18 04:28:53,551 - INFO - Ingress_Enter RSQ9CZ2M
2025-03-18 04:28:53,669 - INFO - Ingress_Exit RSQ9CZ2M
2025-03-18 04:28:53,779 - INFO - Ingress_Enter VMSQHUKT
2025-03-18 04:28:53,820 - INFO - Ingress_Enter QD30SH7S
2025-03-18 04:28:53,895 - INFO - Ingress_Exit VMSQHUKT
2025-03-18 04:28:53,926 - INFO - Ingress_Exit QD30SH7S
2025-03-18 04:28:54,293 - INFO - Ingress_Enter AMXG6PI0
2025-03-18 04:28:54,402 - INFO - Ingress_Exit AMXG6PI0
2025-03-18 04:28:54,563 - INFO - Ingress_Enter JLQH8WEA
2025-03-18 04:28:54,659 - INFO - Ingress_Enter 1LL3VV3C
2025-03-18 04:28:54,698 - INFO - Ingress_Exit JLQH8WEA
2025-03-18 04:28:54,762 - INFO - Ingress_Exit 1LL3VV3C
2025-03-18 04:28:54,889 - INFO - Ingress_Enter 4K3GNMIY
2025-03-18 04:28:54,916 - INFO - Ingress_Enter JXJGB9CW
2025-03-18 04:28:54,971 - INFO - Ingress_Enter 32TIJUOX
2025-03-18 04:28:54,991 - INFO - Ingress_Exit 4K3GNMIY
2025-03-18 04:28:55,031 - INFO - Ingress_Exit JXJGB9CW
2025-03-18 04:28:55,077 - INFO - Ingress_Exit 32TIJUOX
2025-03-18 04:28:56,091 - INFO - Ingress_Enter C0FGQFJB
2025-03-18 04:28:56,131 - INFO - Ingress_Enter 6AGA18VV
2025-03-18 04:28:56,195 - INFO - Ingress_Exit C0FGQFJB
2025-03-18 04:28:56,237 - INFO - Ingress_Exit 6AGA18VV
2025-03-18 04:28:56,265 - INFO - Ingress_Enter 7H1T22WM
2025-03-18 04:28:56,333 - INFO - Ingress_Enter X26JK5JA
2025-03-18 04:28:56,366 - INFO - Ingress_Exit 7H1T22WM
2025-03-18 04:28:56,465 - INFO - Ingress_Exit X26JK5JA
2025-03-18 04:28:56,509 - INFO - Ingress_Enter ZOV11BCU
2025-03-18 04:28:56,638 - INFO - Ingress_Exit ZOV11BCU
2025-03-18 04:28:56,672 - INFO - Ingress_Enter 8PYR4MNX
2025-03-18 04:28:56,712 - INFO - Ingress_Enter ZD55YQ3B
2025-03-18 04:28:56,775 - INFO - Ingress_Exit 8PYR4MNX
2025-03-18 04:28:56,815 - INFO - Ingress_Exit ZD55YQ3B
2025-03-18 04:28:57,009 - INFO - Ingress_Enter QK2FBUKL
2025-03-18 04:28:57,117 - INFO - Ingress_Enter N58LY9L0
2025-03-18 04:28:57,130 - INFO - Ingress_Exit QK2FBUKL
2025-03-18 04:28:57,244 - INFO - Ingress_Exit N58LY9L0
2025-03-18 04:28:57,915 - INFO - Ingress_Enter WWDA73E6
2025-03-18 04:28:57,942 - INFO - Ingress_Enter CNCI09YT
2025-03-18 04:28:58,040 - INFO - Ingress_Exit CNCI09YT
2025-03-18 04:28:58,091 - INFO - Ingress_Exit WWDA73E6
2025-03-18 04:28:58,292 - INFO - Ingress_Enter XAAPLY86
2025-03-18 04:28:58,393 - INFO - Ingress_Exit XAAPLY86
2025-03-18 04:28:58,549 - INFO - Ingress_Enter LIY5DW14
2025-03-18 04:28:58,616 - INFO - Ingress_Enter B1MZRCRS
2025-03-18 04:28:58,678 - INFO - Ingress_Exit LIY5DW14
2025-03-18 04:28:58,733 - INFO - Ingress_Exit B1MZRCRS
2025-03-18 04:28:59,012 - INFO - Ingress_Enter 0CY4EQ3X
2025-03-18 04:28:59,145 - INFO - Ingress_Exit 0CY4EQ3X
2025-03-18 04:28:59,390 - INFO - Ingress_Enter EHGJZNPZ
2025-03-18 04:28:59,472 - INFO - Ingress_Enter YF79N6BA
2025-03-18 04:28:59,501 - INFO - Ingress_Exit EHGJZNPZ
2025-03-18 04:28:59,552 - INFO - Ingress_Enter JV7NUG25
2025-03-18 04:28:59,574 - INFO - Ingress_Exit YF79N6BA
2025-03-18 04:28:59,634 - INFO - Ingress_Enter XLW7ETA0
2025-03-18 04:28:59,655 - INFO - Ingress_Exit JV7NUG25
2025-03-18 04:28:59,716 - INFO - Ingress_Enter B8U0FSSY
2025-03-18 04:28:59,756 - INFO - Ingress_Exit XLW7ETA0
2025-03-18 04:28:59,769 - INFO - Ingress_Enter U1P9P8Q1
2025-03-18 04:28:59,832 - INFO - Ingress_Exit B8U0FSSY
2025-03-18 04:28:59,886 - INFO - Ingress_Exit U1P9P8Q1
2025-03-18 04:29:00,219 - INFO - Ingress_Enter 9BBQKDOQ
2025-03-18 04:29:00,318 - INFO - Ingress_Exit 9BBQKDOQ
2025-03-18 04:29:00,747 - INFO - Ingress_Enter J8OBWRI3
2025-03-18 04:29:00,787 - INFO - Ingress_Enter TTPB4UCV
2025-03-18 04:29:00,855 - INFO - Ingress_Enter MLA17DH3
2025-03-18 04:29:00,884 - INFO - Ingress_Exit J8OBWRI3
2025-03-18 04:29:00,899 - INFO - Ingress_Exit TTPB4UCV
2025-03-18 04:29:01,013 - INFO - Ingress_Exit MLA17DH3
2025-03-18 04:29:01,545 - INFO - Ingress_Enter 41CB0VSU
2025-03-18 04:29:01,598 - INFO - Ingress_Enter WK7974LJ
2025-03-18 04:29:01,696 - INFO - Ingress_Exit 41CB0VSU
2025-03-18 04:29:01,706 - INFO - Ingress_Exit WK7974LJ
2025-03-18 04:29:02,071 - INFO - Ingress_Enter HPUKU3HH
2025-03-18 04:29:02,097 - INFO - Ingress_Enter Q6F36XSD
2025-03-18 04:29:02,178 - INFO - Ingress_Enter 2IKFF9Q4
2025-03-18 04:29:02,207 - INFO - Ingress_Exit HPUKU3HH
2025-03-18 04:29:02,230 - INFO - Ingress_Exit Q6F36XSD
2025-03-18 04:29:02,292 - INFO - Ingress_Exit 2IKFF9Q4
2025-03-18 04:29:03,372 - INFO - Ingress_Enter XO4QEGVC
2025-03-18 04:29:03,495 - INFO - Ingress_Exit XO4QEGVC
2025-03-18 04:29:03,547 - INFO - Ingress_Enter KTJYNVQU
2025-03-18 04:29:03,561 - INFO - Ingress_Enter CVR7T7IP
2025-03-18 04:29:03,652 - INFO - Ingress_Exit KTJYNVQU
2025-03-18 04:29:03,657 - INFO - Ingress_Enter GK6OGFCT
2025-03-18 04:29:03,707 - INFO - Ingress_Exit CVR7T7IP
2025-03-18 04:29:03,752 - INFO - Ingress_Exit GK6OGFCT
2025-03-18 04:29:04,061 - INFO - Ingress_Enter KSSIGS4D
2025-03-18 04:29:04,264 - INFO - Ingress_Exit KSSIGS4D
2025-03-18 04:29:04,265 - INFO - Ingress_Enter VYXUWEEA
2025-03-18 04:29:04,387 - INFO - Ingress_Enter Z8VT2ERF
2025-03-18 04:29:04,406 - INFO - Ingress_Exit VYXUWEEA
2025-03-18 04:29:04,486 - INFO - Ingress_Exit Z8VT2ERF
2025-03-18 04:29:05,225 - INFO - Ingress_Enter 1J55RNQ8
2025-03-18 04:29:05,404 - INFO - Ingress_Exit 1J55RNQ8
2025-03-18 04:29:05,564 - INFO - Ingress_Enter YDTJ4W7V
2025-03-18 04:29:05,645 - INFO - Ingress_Enter PC1KAFPH
2025-03-18 04:29:05,700 - INFO - Ingress_Exit YDTJ4W7V
2025-03-18 04:29:05,757 - INFO - Ingress_Exit PC1KAFPH
2025-03-18 04:29:05,833 - INFO - Ingress_Enter EC5SZ7O9
2025-03-18 04:29:05,873 - INFO - Ingress_Enter FK1U5X5M
2025-03-18 04:29:05,928 - INFO - Ingress_Exit EC5SZ7O9
2025-03-18 04:29:06,027 - INFO - Ingress_Exit FK1U5X5M
2025-03-18 04:29:06,037 - INFO - Ingress_Enter LRWNIOB3
2025-03-18 04:29:06,168 - INFO - Ingress_Exit LRWNIOB3
2025-03-18 04:29:06,227 - INFO - Ingress_Enter KTAHZYG1
2025-03-18 04:29:06,241 - INFO - Ingress_Enter II3MXNY2
2025-03-18 04:29:06,393 - INFO - Ingress_Exit II3MXNY2
2025-03-18 04:29:06,419 - INFO - Ingress_Enter OD7R84EM
2025-03-18 04:29:06,453 - INFO - Ingress_Exit KTAHZYG1
2025-03-18 04:29:06,532 - INFO - Ingress_Exit OD7R84EM
2025-03-18 04:29:07,162 - INFO - Ingress_Enter 9JWEY84T
2025-03-18 04:29:07,230 - INFO - Ingress_Enter EB0U0BQA
2025-03-18 04:29:07,326 - INFO - Ingress_Exit EB0U0BQA
2025-03-18 04:29:07,327 - INFO - Ingress_Exit 9JWEY84T
2025-03-18 04:29:07,379 - INFO - Ingress_Enter HMPQ5IC5
2025-03-18 04:29:07,486 - INFO - Ingress_Enter YBJU5UHU
2025-03-18 04:29:07,494 - INFO - Ingress_Exit HMPQ5IC5
2025-03-18 04:29:07,611 - INFO - Ingress_Exit YBJU5UHU
2025-03-18 04:29:07,852 - INFO - Ingress_Enter 5PLBBFEN
2025-03-18 04:29:07,988 - INFO - Ingress_Exit 5PLBBFEN
2025-03-18 04:29:08,124 - INFO - Ingress_Enter RKAUBGIN
2025-03-18 04:29:08,137 - INFO - Ingress_Enter REQ11651
2025-03-18 04:29:08,267 - INFO - Ingress_Exit REQ11651
2025-03-18 04:29:08,269 - INFO - Ingress_Exit RKAUBGIN
2025-03-18 04:29:08,965 - INFO - Ingress_Enter 0TDKA0YX
2025-03-18 04:29:09,045 - INFO - Ingress_Enter HC320TIS
2025-03-18 04:29:09,067 - INFO - Ingress_Exit 0TDKA0YX
2025-03-18 04:29:09,165 - INFO - Ingress_Exit HC320TIS
2025-03-18 04:29:09,248 - INFO - Ingress_Enter OHYYMWTK
2025-03-18 04:29:09,364 - INFO - Ingress_Exit OHYYMWTK
2025-03-18 04:29:09,722 - INFO - Ingress_Enter 7CK4YF2W
2025-03-18 04:29:09,804 - INFO - Ingress_Enter YSR5PMKL
2025-03-18 04:29:09,822 - INFO - Ingress_Exit 7CK4YF2W
2025-03-18 04:29:09,899 - INFO - Ingress_Enter V0E3YY9J
2025-03-18 04:29:09,975 - INFO - Ingress_Exit YSR5PMKL
2025-03-18 04:29:10,016 - INFO - Ingress_Exit V0E3YY9J
2025-03-18 04:29:11,086 - INFO - Ingress_Enter N8T3UBXK
2025-03-18 04:29:11,167 - INFO - Ingress_Enter BJGX8WT2
2025-03-18 04:29:11,182 - INFO - Ingress_Exit N8T3UBXK
2025-03-18 04:29:11,270 - INFO - Ingress_Exit BJGX8WT2
2025-03-18 04:29:11,738 - INFO - Ingress_Enter 8K8GWF3P
2025-03-18 04:29:11,791 - INFO - Ingress_Enter TH74OQG4
2025-03-18 04:29:11,819 - INFO - Ingress_Enter 40Z5LWKE
2025-03-18 04:29:11,856 - INFO - Ingress_Exit 8K8GWF3P
2025-03-18 04:29:11,941 - INFO - Ingress_Exit TH74OQG4
2025-03-18 04:29:11,943 - INFO - Ingress_Exit 40Z5LWKE
2025-03-18 04:29:15,967 - INFO - Ingress_Enter EW86QB0L
2025-03-18 04:29:15,980 - INFO - Ingress_Enter S5XXMV37
2025-03-18 04:29:16,076 - INFO - Ingress_Exit S5XXMV37
2025-03-18 04:29:16,100 - INFO - Ingress_Enter V1DGWV8X
2025-03-18 04:29:16,107 - INFO - Ingress_Exit EW86QB0L
2025-03-18 04:29:16,219 - INFO - Ingress_Exit V1DGWV8X
2025-03-18 04:29:16,590 - INFO - Ingress_Enter 5URN17Y2
2025-03-18 04:29:16,682 - INFO - Ingress_Exit 5URN17Y2
2025-03-18 04:29:16,929 - INFO - Ingress_Enter UQNEAZ4R
2025-03-18 04:29:16,969 - INFO - Ingress_Enter WB4O4QUM
2025-03-18 04:29:17,029 - INFO - Ingress_Exit UQNEAZ4R
2025-03-18 04:29:17,067 - INFO - Ingress_Exit WB4O4QUM
2025-03-18 04:29:17,254 - INFO - Ingress_Enter K4T5LBRF
2025-03-18 04:29:17,364 - INFO - Ingress_Enter NR998D8C
2025-03-18 04:29:17,366 - INFO - Ingress_Exit K4T5LBRF
2025-03-18 04:29:17,377 - INFO - Ingress_Enter HJX7D784
2025-03-18 04:29:17,472 - INFO - Ingress_Enter NX0CL1CY
2025-03-18 04:29:17,480 - INFO - Ingress_Exit HJX7D784
2025-03-18 04:29:17,488 - INFO - Ingress_Exit NR998D8C
2025-03-18 04:29:17,602 - INFO - Ingress_Exit NX0CL1CY
2025-03-18 04:29:17,798 - INFO - Ingress_Enter WH8SK0Z5
2025-03-18 04:29:17,989 - INFO - Ingress_Exit WH8SK0Z5
2025-03-18 04:29:18,070 - INFO - Ingress_Enter A706HVBR
2025-03-18 04:29:18,168 - INFO - Ingress_Exit A706HVBR
2025-03-18 04:29:18,204 - INFO - Ingress_Enter H31IRVKO
2025-03-18 04:29:18,299 - INFO - Ingress_Enter 1OUOZUV2
2025-03-18 04:29:18,365 - INFO - Ingress_Exit H31IRVKO
2025-03-18 04:29:18,397 - INFO - Ingress_Exit 1OUOZUV2
2025-03-18 04:29:18,421 - INFO - Ingress_Enter 7XMI0YXV
2025-03-18 04:29:18,519 - INFO - Ingress_Exit 7XMI0YXV
2025-03-18 04:29:18,556 - INFO - Ingress_Enter AM9B8S99
2025-03-18 04:29:18,624 - INFO - Ingress_Enter S4S38CA6
2025-03-18 04:29:18,665 - INFO - Ingress_Exit AM9B8S99
2025-03-18 04:29:18,756 - INFO - Ingress_Exit S4S38CA6
2025-03-18 04:29:18,989 - INFO - Ingress_Enter DXRUTS7C
2025-03-18 04:29:19,090 - INFO - Ingress_Exit DXRUTS7C
2025-03-18 04:29:19,164 - INFO - Ingress_Enter EI261XT0
2025-03-18 04:29:19,267 - INFO - Ingress_Exit EI261XT0
2025-03-18 04:29:19,325 - INFO - Ingress_Enter M7CFL8FZ
2025-03-18 04:29:19,472 - INFO - Ingress_Exit M7CFL8FZ
2025-03-18 04:29:19,812 - INFO - Ingress_Enter 3ZYBVEHR
2025-03-18 04:29:19,852 - INFO - Ingress_Enter K3JDV4QW
2025-03-18 04:29:19,964 - INFO - Ingress_Exit K3JDV4QW
2025-03-18 04:29:19,999 - INFO - Ingress_Exit 3ZYBVEHR
2025-03-18 04:29:20,703 - INFO - Ingress_Enter FZT20TBK
2025-03-18 04:29:20,854 - INFO - Ingress_Exit FZT20TBK
2025-03-18 04:29:20,905 - INFO - Ingress_Enter OUPJJFDT
2025-03-18 04:29:20,973 - INFO - Ingress_Enter QWK8Y1QG
2025-03-18 04:29:21,048 - INFO - Ingress_Exit OUPJJFDT
2025-03-18 04:29:21,073 - INFO - Ingress_Exit QWK8Y1QG
2025-03-18 04:29:21,269 - INFO - Ingress_Enter 6MFNDMZ4
2025-03-18 04:29:21,338 - INFO - Ingress_Enter N2BIHOPI
2025-03-18 04:29:21,373 - INFO - Ingress_Exit 6MFNDMZ4
2025-03-18 04:29:21,441 - INFO - Ingress_Exit N2BIHOPI
2025-03-18 04:29:21,486 - INFO - Ingress_Enter D0WIJUS8
2025-03-18 04:29:21,656 - INFO - Ingress_Exit D0WIJUS8
2025-03-18 04:29:21,661 - INFO - Ingress_Enter DULZVLO9
2025-03-18 04:29:21,769 - INFO - Ingress_Enter 7ZXLRJ4B
2025-03-18 04:29:21,788 - INFO - Ingress_Exit DULZVLO9
2025-03-18 04:29:21,900 - INFO - Ingress_Exit 7ZXLRJ4B
2025-03-18 04:29:21,931 - INFO - Ingress_Enter 2W10KZXU
2025-03-18 04:29:22,047 - INFO - Ingress_Exit 2W10KZXU
2025-03-18 04:29:22,336 - INFO - Ingress_Enter 8TUPBM3T
2025-03-18 04:29:22,431 - INFO - Ingress_Exit 8TUPBM3T
2025-03-18 04:29:22,484 - INFO - Ingress_Enter TAVYXDJA
2025-03-18 04:29:22,565 - INFO - Ingress_Enter T6WDGO4G
2025-03-18 04:29:22,639 - INFO - Ingress_Exit TAVYXDJA
2025-03-18 04:29:22,661 - INFO - Ingress_Exit T6WDGO4G
2025-03-18 04:29:22,782 - INFO - Ingress_Enter 2S1AM88O
2025-03-18 04:29:22,823 - INFO - Ingress_Enter 7DG4EEG8
2025-03-18 04:29:22,926 - INFO - Ingress_Exit 7DG4EEG8
2025-03-18 04:29:22,974 - INFO - Ingress_Exit 2S1AM88O
2025-03-18 04:29:23,120 - INFO - Ingress_Enter THZ3IEGK
2025-03-18 04:29:23,229 - INFO - Ingress_Enter S9PY4EWS
2025-03-18 04:29:23,298 - INFO - Ingress_Enter K4PV3CFM
2025-03-18 04:29:23,300 - INFO - Ingress_Exit THZ3IEGK
2025-03-18 04:29:23,376 - INFO - Ingress_Exit S9PY4EWS
2025-03-18 04:29:23,397 - INFO - Ingress_Exit K4PV3CFM
2025-03-18 04:29:23,976 - INFO - Ingress_Enter LIP63KYW
2025-03-18 04:29:24,075 - INFO - Ingress_Exit LIP63KYW
2025-03-18 04:29:24,097 - INFO - Ingress_Enter XCP7CXF7
2025-03-18 04:29:24,253 - INFO - Ingress_Exit XCP7CXF7
2025-03-18 04:29:24,271 - INFO - Ingress_Enter 0Z9IC7WT
2025-03-18 04:29:24,410 - INFO - Ingress_Exit 0Z9IC7WT
2025-03-18 04:29:24,488 - INFO - Ingress_Enter LY6MG5Z3
2025-03-18 04:29:24,604 - INFO - Ingress_Exit LY6MG5Z3
2025-03-18 04:29:24,758 - INFO - Ingress_Enter QFSBU7JM
2025-03-18 04:29:24,826 - INFO - Ingress_Enter K2HA97BM
2025-03-18 04:29:24,848 - INFO - Ingress_Exit QFSBU7JM
2025-03-18 04:29:24,879 - INFO - Ingress_Enter R7UP75BI
2025-03-18 04:29:24,917 - INFO - Ingress_Exit K2HA97BM
2025-03-18 04:29:25,022 - INFO - Ingress_Exit R7UP75BI
2025-03-18 04:29:25,258 - INFO - Ingress_Enter JY6QLPUW
2025-03-18 04:29:25,346 - INFO - Ingress_Exit JY6QLPUW
2025-03-18 04:29:25,476 - INFO - Ingress_Enter RXEK4YEY
2025-03-18 04:29:25,584 - INFO - Ingress_Exit RXEK4YEY
2025-03-18 04:29:25,816 - INFO - Ingress_Enter EH38RRXG
2025-03-18 04:29:25,952 - INFO - Ingress_Exit EH38RRXG
2025-03-18 04:29:26,274 - INFO - Ingress_Enter N77IAL3K
2025-03-18 04:29:26,355 - INFO - Ingress_Enter PBTOW33Z
2025-03-18 04:29:26,413 - INFO - Ingress_Exit N77IAL3K
2025-03-18 04:29:26,453 - INFO - Ingress_Exit PBTOW33Z
2025-03-18 04:29:26,937 - INFO - Ingress_Enter O54TNHK3
2025-03-18 04:29:26,951 - INFO - Ingress_Enter 8K3GIQ3Y
2025-03-18 04:29:27,029 - INFO - Ingress_Exit O54TNHK3
2025-03-18 04:29:27,067 - INFO - Ingress_Exit 8K3GIQ3Y
2025-03-18 04:29:27,208 - INFO - Ingress_Enter XU25RLCG
2025-03-18 04:29:27,302 - INFO - Ingress_Enter PHX4FLXU
2025-03-18 04:29:27,313 - INFO - Ingress_Exit XU25RLCG
2025-03-18 04:29:27,408 - INFO - Ingress_Exit PHX4FLXU
2025-03-18 04:29:27,438 - INFO - Ingress_Enter 022NZ8MN
2025-03-18 04:29:27,561 - INFO - Ingress_Exit 022NZ8MN
2025-03-18 04:29:27,805 - INFO - Ingress_Enter FOWP3PT4
2025-03-18 04:29:27,904 - INFO - Ingress_Exit FOWP3PT4
2025-03-18 04:29:27,912 - INFO - Ingress_Enter FI9LEJB9
2025-03-18 04:29:28,032 - INFO - Ingress_Exit FI9LEJB9
2025-03-18 04:29:28,182 - INFO - Ingress_Enter PN9WEMYD
2025-03-18 04:29:28,300 - INFO - Ingress_Exit PN9WEMYD
2025-03-18 04:29:28,385 - INFO - Ingress_Enter R3TF1YV7
2025-03-18 04:29:28,510 - INFO - Ingress_Exit R3TF1YV7
2025-03-18 04:29:28,601 - INFO - Ingress_Enter GQ1TAZTD
2025-03-18 04:29:28,778 - INFO - Ingress_Exit GQ1TAZTD
2025-03-18 04:29:29,184 - INFO - Ingress_Enter EXT4V1Y8
2025-03-18 04:29:29,278 - INFO - Ingress_Enter 1DY4PB4P
2025-03-18 04:29:29,288 - INFO - Ingress_Exit EXT4V1Y8
2025-03-18 04:29:29,402 - INFO - Ingress_Exit 1DY4PB4P
2025-03-18 04:29:29,440 - INFO - Ingress_Enter QAPQYJ0Z
2025-03-18 04:29:29,544 - INFO - Ingress_Exit QAPQYJ0Z
2025-03-18 04:29:29,616 - INFO - Ingress_Enter VQSXK58D
2025-03-18 04:29:29,789 - INFO - Ingress_Exit VQSXK58D
2025-03-18 04:29:29,914 - INFO - Ingress_Enter 613VPONK
2025-03-18 04:29:29,981 - INFO - Ingress_Enter 2ALN27I9
2025-03-18 04:29:30,049 - INFO - Ingress_Enter Z5NHMIH5
2025-03-18 04:29:30,062 - INFO - Ingress_Exit 613VPONK
2025-03-18 04:29:30,111 - INFO - Ingress_Exit 2ALN27I9
2025-03-18 04:29:30,151 - INFO - Ingress_Exit Z5NHMIH5
2025-03-18 04:29:31,703 - INFO - Ingress_Enter B6FZQVGD
2025-03-18 04:29:31,795 - INFO - Ingress_Exit B6FZQVGD
2025-03-18 04:29:31,877 - INFO - Ingress_Enter 9SYST0BN
2025-03-18 04:29:31,918 - INFO - Ingress_Enter A8R6BYQN
2025-03-18 04:29:31,989 - INFO - Ingress_Exit 9SYST0BN
2025-03-18 04:29:32,009 - INFO - Ingress_Exit A8R6BYQN
2025-03-18 04:29:32,162 - INFO - Ingress_Enter 2DU3UVY6
2025-03-18 04:29:32,202 - INFO - Ingress_Enter X1QTSDQC
2025-03-18 04:29:32,216 - INFO - Ingress_Enter 7TXK14YV
2025-03-18 04:29:32,277 - INFO - Ingress_Exit 2DU3UVY6
2025-03-18 04:29:32,283 - INFO - Ingress_Enter F87DQOAM
2025-03-18 04:29:32,306 - INFO - Ingress_Exit 7TXK14YV
2025-03-18 04:29:32,323 - INFO - Ingress_Exit X1QTSDQC
2025-03-18 04:29:32,391 - INFO - Ingress_Exit F87DQOAM
2025-03-18 04:29:32,945 - INFO - Ingress_Enter S20JA1GB
2025-03-18 04:29:32,986 - INFO - Ingress_Enter K40GL5QM
2025-03-18 04:29:33,087 - INFO - Ingress_Exit S20JA1GB
2025-03-18 04:29:33,095 - INFO - Ingress_Enter YG2OS9RV
2025-03-18 04:29:33,147 - INFO - Ingress_Exit K40GL5QM
2025-03-18 04:29:33,185 - INFO - Ingress_Exit YG2OS9RV
2025-03-18 04:29:33,705 - INFO - Ingress_Enter F6CEIJE9
2025-03-18 04:29:33,832 - INFO - Ingress_Exit F6CEIJE9
2025-03-18 04:29:33,906 - INFO - Ingress_Enter ZZQURQ3M
2025-03-18 04:29:34,000 - INFO - Ingress_Exit ZZQURQ3M
2025-03-18 04:29:34,080 - INFO - Ingress_Enter VV7OG1AU
2025-03-18 04:29:34,168 - INFO - Ingress_Exit VV7OG1AU
2025-03-18 04:29:34,285 - INFO - Ingress_Enter JRF21QRH
2025-03-18 04:29:34,312 - INFO - Ingress_Enter 1AM48LVT
2025-03-18 04:29:34,373 - INFO - Ingress_Exit JRF21QRH
2025-03-18 04:29:34,500 - INFO - Ingress_Exit 1AM48LVT
2025-03-18 04:29:34,516 - INFO - Ingress_Enter 5HP9J1YG
2025-03-18 04:29:34,556 - INFO - Ingress_Enter FCDZKWWK
2025-03-18 04:29:34,583 - INFO - Ingress_Enter VQ4GFIIK
2025-03-18 04:29:34,683 - INFO - Ingress_Exit VQ4GFIIK
2025-03-18 04:29:34,689 - INFO - Ingress_Exit 5HP9J1YG
2025-03-18 04:29:34,749 - INFO - Ingress_Exit FCDZKWWK
2025-03-18 04:29:34,840 - INFO - Ingress_Enter GAFFF5WK
2025-03-18 04:29:34,853 - INFO - Ingress_Enter ZHC7VZZE
2025-03-18 04:29:34,985 - INFO - Ingress_Exit GAFFF5WK
2025-03-18 04:29:34,986 - INFO - Ingress_Exit ZHC7VZZE
2025-03-18 04:29:35,341 - INFO - Ingress_Enter 5A2OH2K2
2025-03-18 04:29:35,487 - INFO - Ingress_Exit 5A2OH2K2
2025-03-18 04:29:35,489 - INFO - Ingress_Enter 14ISQCOI
2025-03-18 04:29:35,619 - INFO - Ingress_Exit 14ISQCOI
2025-03-18 04:29:35,704 - INFO - Ingress_Enter EEX9CSY1
2025-03-18 04:29:35,817 - INFO - Ingress_Exit EEX9CSY1
2025-03-18 04:29:36,070 - INFO - Ingress_Enter 0MIJM089
2025-03-18 04:29:36,138 - INFO - Ingress_Enter HJQFV135
2025-03-18 04:29:36,172 - INFO - Ingress_Exit 0MIJM089
2025-03-18 04:29:36,276 - INFO - Ingress_Exit HJQFV135
2025-03-18 04:29:36,327 - INFO - Ingress_Enter 3DBD12YT
2025-03-18 04:29:36,449 - INFO - Ingress_Enter RAWNIYO3
2025-03-18 04:29:36,477 - INFO - Ingress_Enter SIAFOFUO
2025-03-18 04:29:36,481 - INFO - Ingress_Exit 3DBD12YT
2025-03-18 04:29:36,571 - INFO - Ingress_Enter K227XLSX
2025-03-18 04:29:36,572 - INFO - Ingress_Exit SIAFOFUO
2025-03-18 04:29:36,633 - INFO - Ingress_Exit RAWNIYO3
2025-03-18 04:29:36,701 - INFO - Ingress_Exit K227XLSX
2025-03-18 04:29:36,854 - INFO - Ingress_Enter UXF50DG6
2025-03-18 04:29:36,949 - INFO - Ingress_Enter U0WT6RPW
2025-03-18 04:29:36,961 - INFO - Ingress_Exit UXF50DG6
2025-03-18 04:29:37,084 - INFO - Ingress_Exit U0WT6RPW
2025-03-18 04:29:37,111 - INFO - Ingress_Enter TCR0C7V4
2025-03-18 04:29:37,151 - INFO - Ingress_Enter 9590G31J
2025-03-18 04:29:37,203 - INFO - Ingress_Exit TCR0C7V4
2025-03-18 04:29:37,317 - INFO - Ingress_Exit 9590G31J
2025-03-18 04:29:37,367 - INFO - Ingress_Enter 9QVV6O2Z
2025-03-18 04:29:37,380 - INFO - Ingress_Enter K8401DN9
2025-03-18 04:29:37,482 - INFO - Ingress_Exit 9QVV6O2Z
2025-03-18 04:29:37,555 - INFO - Ingress_Exit K8401DN9
2025-03-18 04:29:37,584 - INFO - Ingress_Enter 327WCSNN
2025-03-18 04:29:37,692 - INFO - Ingress_Enter 5J5Y5V66
2025-03-18 04:29:37,725 - INFO - Ingress_Exit 327WCSNN
2025-03-18 04:29:37,790 - INFO - Ingress_Exit 5J5Y5V66
2025-03-18 04:29:37,827 - INFO - Ingress_Enter N8YSCJ4M
2025-03-18 04:29:37,880 - INFO - Ingress_Enter M5QM9DQ9
2025-03-18 04:29:37,935 - INFO - Ingress_Enter WPE6ELD4
2025-03-18 04:29:37,962 - INFO - Ingress_Enter H3EEU162
2025-03-18 04:29:37,966 - INFO - Ingress_Exit N8YSCJ4M
2025-03-18 04:29:38,091 - INFO - Ingress_Exit M5QM9DQ9
2025-03-18 04:29:38,092 - INFO - Ingress_Exit WPE6ELD4
2025-03-18 04:29:38,121 - INFO - Ingress_Exit H3EEU162
