2025-03-18 00:39:45,397 - INFO - Ingress_Enter 3JXJ9QAP
2025-03-18 00:39:45,589 - INFO - Ingress_Enter 4X3TEDMP
2025-03-18 00:39:45,816 - INFO - Ingress_Enter SWW2LMWP
2025-03-18 00:39:45,984 - INFO - Ingress_Exit 3JXJ9QAP
2025-03-18 00:39:45,985 - INFO - Ingress_Exit 4X3TEDMP
2025-03-18 00:39:46,038 - INFO - Ingress_Exit SWW2LMWP
2025-03-18 00:39:46,264 - INFO - Ingress_Enter S2FL7O1F
2025-03-18 00:39:46,367 - INFO - Ingress_Exit S2FL7O1F
2025-03-18 00:39:46,811 - INFO - Ingress_Enter 621AQ2GC
2025-03-18 00:39:46,904 - INFO - Ingress_Exit 621AQ2GC
2025-03-18 00:39:47,004 - INFO - Ingress_Enter 2EJL85FR
2025-03-18 00:39:47,124 - INFO - Ingress_Exit 2EJL85FR
2025-03-18 00:39:47,228 - INFO - Ingress_Enter JQFTM64X
2025-03-18 00:39:47,322 - INFO - Ingress_Exit JQFTM64X
2025-03-18 00:39:47,389 - INFO - Ingress_Enter W9F5BQK7
2025-03-18 00:39:47,422 - INFO - Ingress_Enter Z5XDF7J0
2025-03-18 00:39:47,482 - INFO - Ingress_Exit W9F5BQK7
2025-03-18 00:39:47,514 - INFO - Ingress_Exit Z5XDF7J0
2025-03-18 00:39:47,807 - INFO - Ingress_Enter CB9KKGFC
2025-03-18 00:39:47,871 - INFO - Ingress_Enter DD29PXT4
2025-03-18 00:39:47,904 - INFO - Ingress_Exit CB9KKGFC
2025-03-18 00:39:47,970 - INFO - Ingress_Exit DD29PXT4
2025-03-18 00:39:48,709 - INFO - Ingress_Enter V4WRNWUB
2025-03-18 00:39:48,804 - INFO - Ingress_Exit V4WRNWUB
2025-03-18 00:39:48,807 - INFO - Ingress_Enter W8117T0U
2025-03-18 00:39:48,899 - INFO - Ingress_Exit W8117T0U
2025-03-18 00:39:49,096 - INFO - Ingress_Enter PHB4XJQC
2025-03-18 00:39:49,129 - INFO - Ingress_Enter FV1UT63X
2025-03-18 00:39:49,190 - INFO - Ingress_Exit PHB4XJQC
2025-03-18 00:39:49,229 - INFO - Ingress_Exit FV1UT63X
2025-03-18 00:39:49,548 - INFO - Ingress_Enter 5A6AGB0L
2025-03-18 00:39:49,641 - INFO - Ingress_Exit 5A6AGB0L
2025-03-18 00:39:49,644 - INFO - Ingress_Enter AI0S6YE2
2025-03-18 00:39:49,739 - INFO - Ingress_Exit AI0S6YE2
2025-03-18 00:39:49,772 - INFO - Ingress_Enter 0YHC088R
2025-03-18 00:39:49,805 - INFO - Ingress_Enter ZXSISAUU
2025-03-18 00:39:49,871 - INFO - Ingress_Exit 0YHC088R
2025-03-18 00:39:49,904 - INFO - Ingress_Exit ZXSISAUU
2025-03-18 00:39:49,966 - INFO - Ingress_Enter 08CSVQAV
2025-03-18 00:39:50,061 - INFO - Ingress_Exit 08CSVQAV
2025-03-18 00:39:50,127 - INFO - Ingress_Enter PFZ0IHUY
2025-03-18 00:39:50,235 - INFO - Ingress_Exit PFZ0IHUY
2025-03-18 00:39:50,935 - INFO - Ingress_Enter JP4WTC7S
2025-03-18 00:39:51,034 - INFO - Ingress_Exit JP4WTC7S
2025-03-18 00:39:51,127 - INFO - Ingress_Enter OB7DD3N6
2025-03-18 00:39:51,224 - INFO - Ingress_Enter 8TIJVO09
2025-03-18 00:39:51,225 - INFO - Ingress_Exit OB7DD3N6
2025-03-18 00:39:51,322 - INFO - Ingress_Exit 8TIJVO09
2025-03-18 00:39:51,449 - INFO - Ingress_Enter IJ7F8Q70
2025-03-18 00:39:51,549 - INFO - Ingress_Exit IJ7F8Q70
2025-03-18 00:39:51,577 - INFO - Ingress_Enter BSPHBPMW
2025-03-18 00:39:51,675 - INFO - Ingress_Enter ITJTTCAI
2025-03-18 00:39:51,678 - INFO - Ingress_Exit BSPHBPMW
2025-03-18 00:39:51,772 - INFO - Ingress_Exit ITJTTCAI
2025-03-18 00:39:52,671 - INFO - Ingress_Enter 7RS3G0ZB
2025-03-18 00:39:52,780 - INFO - Ingress_Exit 7RS3G0ZB
2025-03-18 00:39:53,379 - INFO - Ingress_Enter 3TXJO5PE
2025-03-18 00:39:53,473 - INFO - Ingress_Exit 3TXJO5PE
2025-03-18 00:39:53,668 - INFO - Ingress_Enter 2UWGOOB5
2025-03-18 00:39:53,765 - INFO - Ingress_Exit 2UWGOOB5
2025-03-18 00:39:53,957 - INFO - Ingress_Enter QUGX7J79
2025-03-18 00:39:54,054 - INFO - Ingress_Exit QUGX7J79
2025-03-18 00:39:54,086 - INFO - Ingress_Enter K3Z0A5T6
2025-03-18 00:39:54,179 - INFO - Ingress_Exit K3Z0A5T6
2025-03-18 00:39:54,569 - INFO - Ingress_Enter FAPBV70O
2025-03-18 00:39:54,683 - INFO - Ingress_Exit FAPBV70O
2025-03-18 00:39:54,793 - INFO - Ingress_Enter MTLIX6LN
2025-03-18 00:39:54,899 - INFO - Ingress_Exit MTLIX6LN
2025-03-18 00:39:55,019 - INFO - Ingress_Enter 4D8UKJ9W
2025-03-18 00:39:55,116 - INFO - Ingress_Enter E38CASEC
2025-03-18 00:39:55,117 - INFO - Ingress_Exit 4D8UKJ9W
2025-03-18 00:39:55,211 - INFO - Ingress_Exit E38CASEC
2025-03-18 00:39:55,855 - INFO - Ingress_Enter O1LODWC6
2025-03-18 00:39:55,950 - INFO - Ingress_Exit O1LODWC6
2025-03-18 00:39:56,016 - INFO - Ingress_Enter 8QIGSVV9
2025-03-18 00:39:56,112 - INFO - Ingress_Exit 8QIGSVV9
2025-03-18 00:39:56,501 - INFO - Ingress_Enter 5JEWI7MF
2025-03-18 00:39:56,600 - INFO - Ingress_Exit 5JEWI7MF
2025-03-18 00:39:56,726 - INFO - Ingress_Enter I7YL48RE
2025-03-18 00:39:56,758 - INFO - Ingress_Enter OP5ABFHC
2025-03-18 00:39:56,825 - INFO - Ingress_Exit I7YL48RE
2025-03-18 00:39:56,857 - INFO - Ingress_Exit OP5ABFHC
2025-03-18 00:39:57,757 - INFO - Ingress_Enter ZI7LTYIH
2025-03-18 00:39:57,823 - INFO - Ingress_Enter 4P6LG6J4
2025-03-18 00:39:57,924 - INFO - Ingress_Exit ZI7LTYIH
2025-03-18 00:39:58,027 - INFO - Ingress_Exit 4P6LG6J4
2025-03-18 00:40:00,497 - INFO - Ingress_Enter TFZVMPJK
2025-03-18 00:40:00,601 - INFO - Ingress_Exit TFZVMPJK
2025-03-18 00:40:01,043 - INFO - Ingress_Enter VTPQ98PA
2025-03-18 00:40:01,141 - INFO - Ingress_Exit VTPQ98PA
2025-03-18 00:40:01,206 - INFO - Ingress_Enter N2SIBIYL
2025-03-18 00:40:01,305 - INFO - Ingress_Exit N2SIBIYL
2025-03-18 00:40:01,366 - INFO - Ingress_Enter PZXZF75V
2025-03-18 00:40:01,463 - INFO - Ingress_Exit PZXZF75V
2025-03-18 00:40:01,559 - INFO - Ingress_Enter 1QYGPHVG
2025-03-18 00:40:01,648 - INFO - Ingress_Exit 1QYGPHVG
2025-03-18 00:40:01,882 - INFO - Ingress_Enter 15NNGHTY
2025-03-18 00:40:01,980 - INFO - Ingress_Exit 15NNGHTY
2025-03-18 00:40:02,204 - INFO - Ingress_Enter JDWIXOGQ
2025-03-18 00:40:02,342 - INFO - Ingress_Exit JDWIXOGQ
2025-03-18 00:40:02,429 - INFO - Ingress_Enter 873YBRGH
2025-03-18 00:40:02,524 - INFO - Ingress_Exit 873YBRGH
2025-03-18 00:40:02,558 - INFO - Ingress_Enter C9XLVP1U
2025-03-18 00:40:02,654 - INFO - Ingress_Exit C9XLVP1U
2025-03-18 00:40:02,978 - INFO - Ingress_Enter 9R43ZBA7
2025-03-18 00:40:03,071 - INFO - Ingress_Exit 9R43ZBA7
2025-03-18 00:40:03,106 - INFO - Ingress_Enter C2U3L6RY
2025-03-18 00:40:03,204 - INFO - Ingress_Exit C2U3L6RY
2025-03-18 00:40:03,815 - INFO - Ingress_Enter 4IOV7DEA
2025-03-18 00:40:03,915 - INFO - Ingress_Exit 4IOV7DEA
2025-03-18 00:40:04,009 - INFO - Ingress_Enter BRID6FZJ
2025-03-18 00:40:04,115 - INFO - Ingress_Exit BRID6FZJ
2025-03-18 00:40:04,170 - INFO - Ingress_Enter QQGT91O1
2025-03-18 00:40:04,264 - INFO - Ingress_Exit QQGT91O1
2025-03-18 00:40:04,556 - INFO - Ingress_Enter QS2XSLL4
2025-03-18 00:40:04,620 - INFO - Ingress_Enter V62Q2LOJ
2025-03-18 00:40:04,683 - INFO - Ingress_Exit QS2XSLL4
2025-03-18 00:40:04,726 - INFO - Ingress_Exit V62Q2LOJ
2025-03-18 00:40:05,231 - INFO - Ingress_Enter 5M7NTTAB
2025-03-18 00:40:05,332 - INFO - Ingress_Exit 5M7NTTAB
2025-03-18 00:40:05,584 - INFO - Ingress_Enter G1XSGQHY
2025-03-18 00:40:05,683 - INFO - Ingress_Exit G1XSGQHY
2025-03-18 00:40:06,004 - INFO - Ingress_Enter JQ2G3BKD
2025-03-18 00:40:06,118 - INFO - Ingress_Exit JQ2G3BKD
2025-03-18 00:40:06,456 - INFO - Ingress_Enter P0O5SZRE
2025-03-18 00:40:06,558 - INFO - Ingress_Exit P0O5SZRE
2025-03-18 00:40:06,810 - INFO - Ingress_Enter MMIGDNT6
2025-03-18 00:40:06,904 - INFO - Ingress_Exit MMIGDNT6
2025-03-18 00:40:06,938 - INFO - Ingress_Enter 2LAHBNON
2025-03-18 00:40:07,043 - INFO - Ingress_Exit 2LAHBNON
2025-03-18 00:40:07,358 - INFO - Ingress_Enter GOCTUDPY
2025-03-18 00:40:07,455 - INFO - Ingress_Enter 86U537RK
2025-03-18 00:40:07,456 - INFO - Ingress_Exit GOCTUDPY
2025-03-18 00:40:07,545 - INFO - Ingress_Exit 86U537RK
2025-03-18 00:40:07,681 - INFO - Ingress_Enter M8PLOITC
2025-03-18 00:40:07,712 - INFO - Ingress_Enter RM2T0H9D
2025-03-18 00:40:07,774 - INFO - Ingress_Exit M8PLOITC
2025-03-18 00:40:07,810 - INFO - Ingress_Exit RM2T0H9D
2025-03-18 00:40:08,614 - INFO - Ingress_Enter DWNA4UQJ
2025-03-18 00:40:08,709 - INFO - Ingress_Exit DWNA4UQJ
2025-03-18 00:40:09,612 - INFO - Ingress_Enter 38RVTNC1
2025-03-18 00:40:09,709 - INFO - Ingress_Exit 38RVTNC1
2025-03-18 00:40:10,159 - INFO - Ingress_Enter YYIONTGV
2025-03-18 00:40:10,222 - INFO - Ingress_Enter R43K510Q
2025-03-18 00:40:10,251 - INFO - Ingress_Exit YYIONTGV
2025-03-18 00:40:10,319 - INFO - Ingress_Exit R43K510Q
2025-03-18 00:40:10,899 - INFO - Ingress_Enter W7R0IQ5M
2025-03-18 00:40:11,005 - INFO - Ingress_Exit W7R0IQ5M
2025-03-18 00:40:11,026 - INFO - Ingress_Enter YFU08ZY6
2025-03-18 00:40:11,140 - INFO - Ingress_Exit YFU08ZY6
2025-03-18 00:40:11,155 - INFO - Ingress_Enter 8CP862CE
2025-03-18 00:40:11,273 - INFO - Ingress_Exit 8CP862CE
2025-03-18 00:40:11,381 - INFO - Ingress_Enter R623B9E3
2025-03-18 00:40:11,490 - INFO - Ingress_Exit R623B9E3
2025-03-18 00:40:11,671 - INFO - Ingress_Enter 8W3UIUNP
2025-03-18 00:40:11,702 - INFO - Ingress_Enter I9XA6JRD
2025-03-18 00:40:11,787 - INFO - Ingress_Exit 8W3UIUNP
2025-03-18 00:40:11,797 - INFO - Ingress_Exit I9XA6JRD
2025-03-18 00:40:12,444 - INFO - Ingress_Enter CQJVB624
2025-03-18 00:40:12,542 - INFO - Ingress_Exit CQJVB624
2025-03-18 00:40:12,669 - INFO - Ingress_Enter IOKQSNT5
2025-03-18 00:40:12,764 - INFO - Ingress_Exit IOKQSNT5
2025-03-18 00:40:12,861 - INFO - Ingress_Enter UH3ISIT7
2025-03-18 00:40:12,961 - INFO - Ingress_Exit UH3ISIT7
2025-03-18 00:40:13,023 - INFO - Ingress_Enter EBWA3276
2025-03-18 00:40:13,118 - INFO - Ingress_Exit EBWA3276
2025-03-18 00:40:13,377 - INFO - Ingress_Enter Q816LG9R
2025-03-18 00:40:13,485 - INFO - Ingress_Exit Q816LG9R
2025-03-18 00:40:14,892 - INFO - Ingress_Enter 931PEAIO
2025-03-18 00:40:14,987 - INFO - Ingress_Exit 931PEAIO
2025-03-18 00:40:15,664 - INFO - Ingress_Enter KP268S8K
2025-03-18 00:40:15,760 - INFO - Ingress_Exit KP268S8K
2025-03-18 00:40:15,794 - INFO - Ingress_Enter EXBLCGZT
2025-03-18 00:40:15,894 - INFO - Ingress_Exit EXBLCGZT
2025-03-18 00:40:16,791 - INFO - Ingress_Enter 9AZK956A
2025-03-18 00:40:16,884 - INFO - Ingress_Exit 9AZK956A
2025-03-18 00:40:16,952 - INFO - Ingress_Enter J707AB97
2025-03-18 00:40:17,049 - INFO - Ingress_Enter 1M4Q4EOW
2025-03-18 00:40:17,056 - INFO - Ingress_Exit J707AB97
2025-03-18 00:40:17,156 - INFO - Ingress_Exit 1M4Q4EOW
2025-03-18 00:40:17,275 - INFO - Ingress_Enter 62ZA6HPC
2025-03-18 00:40:17,372 - INFO - Ingress_Exit 62ZA6HPC
2025-03-18 00:40:17,824 - INFO - Ingress_Enter H5LEHZWS
2025-03-18 00:40:17,914 - INFO - Ingress_Exit H5LEHZWS
2025-03-18 00:40:18,338 - INFO - Ingress_Enter TU5PRXFV
2025-03-18 00:40:18,432 - INFO - Ingress_Exit TU5PRXFV
2025-03-18 00:40:19,530 - INFO - Ingress_Enter 9IUNK04U
2025-03-18 00:40:19,623 - INFO - Ingress_Exit 9IUNK04U
2025-03-18 00:40:19,626 - INFO - Ingress_Enter 5VCGXGAG
2025-03-18 00:40:19,722 - INFO - Ingress_Exit 5VCGXGAG
2025-03-18 00:40:20,269 - INFO - Ingress_Enter 7V06NQW0
2025-03-18 00:40:20,361 - INFO - Ingress_Exit 7V06NQW0
2025-03-18 00:40:20,398 - INFO - Ingress_Enter 1VCCXZ0K
2025-03-18 00:40:20,495 - INFO - Ingress_Exit 1VCCXZ0K
2025-03-18 00:40:20,848 - INFO - Ingress_Enter 6VQFIMB2
2025-03-18 00:40:20,913 - INFO - Ingress_Enter APRLIP6R
2025-03-18 00:40:20,948 - INFO - Ingress_Exit 6VQFIMB2
2025-03-18 00:40:21,005 - INFO - Ingress_Exit APRLIP6R
2025-03-18 00:40:21,684 - INFO - Ingress_Enter XN3C777E
2025-03-18 00:40:21,799 - INFO - Ingress_Exit XN3C777E
2025-03-18 00:40:22,810 - INFO - Ingress_Enter 32HGHMNR
2025-03-18 00:40:22,911 - INFO - Ingress_Exit 32HGHMNR
2025-03-18 00:40:24,129 - INFO - Ingress_Enter 2JZGEHN3
2025-03-18 00:40:24,161 - INFO - Ingress_Enter 8KR08D5M
2025-03-18 00:40:24,230 - INFO - Ingress_Exit 2JZGEHN3
2025-03-18 00:40:24,258 - INFO - Ingress_Enter T8OL5OH0
2025-03-18 00:40:24,265 - INFO - Ingress_Exit 8KR08D5M
2025-03-18 00:40:24,358 - INFO - Ingress_Exit T8OL5OH0
2025-03-18 00:40:27,316 - INFO - Ingress_Enter NUITUDUG
2025-03-18 00:40:27,346 - INFO - Ingress_Enter F8YTMM0O
2025-03-18 00:40:27,426 - INFO - Ingress_Exit NUITUDUG
2025-03-18 00:40:27,461 - INFO - Ingress_Exit F8YTMM0O
2025-03-18 00:40:28,179 - INFO - Ingress_Enter 4Q6OSUJP
2025-03-18 00:40:28,280 - INFO - Ingress_Exit 4Q6OSUJP
2025-03-18 00:40:28,371 - INFO - Ingress_Enter 5G66Z7AI
2025-03-18 00:40:28,464 - INFO - Ingress_Exit 5G66Z7AI
2025-03-18 00:40:28,564 - INFO - Ingress_Enter JB619LHI
2025-03-18 00:40:28,660 - INFO - Ingress_Exit JB619LHI
2025-03-18 00:40:29,241 - INFO - Ingress_Enter Q4LVJ7VY
2025-03-18 00:40:29,342 - INFO - Ingress_Exit Q4LVJ7VY
2025-03-18 00:40:30,241 - INFO - Ingress_Enter 3LU4E5OS
2025-03-18 00:40:30,335 - INFO - Ingress_Exit 3LU4E5OS
2025-03-18 00:40:30,368 - INFO - Ingress_Enter N1VDB25O
2025-03-18 00:40:30,463 - INFO - Ingress_Exit N1VDB25O
2025-03-18 00:40:30,851 - INFO - Ingress_Enter WDVBFFXP
2025-03-18 00:40:30,947 - INFO - Ingress_Exit WDVBFFXP
2025-03-18 00:40:30,979 - INFO - Ingress_Enter GVKFI3EW
2025-03-18 00:40:31,078 - INFO - Ingress_Exit GVKFI3EW
2025-03-18 00:40:31,558 - INFO - Ingress_Enter TJWBW3T7
2025-03-18 00:40:31,666 - INFO - Ingress_Exit TJWBW3T7
2025-03-18 00:40:31,719 - INFO - Ingress_Enter P3M2CHDW
2025-03-18 00:40:31,819 - INFO - Ingress_Exit P3M2CHDW
2025-03-18 00:40:32,071 - INFO - Ingress_Enter OMH41SMP
2025-03-18 00:40:32,103 - INFO - Ingress_Enter 0CG5Q7QT
2025-03-18 00:40:32,173 - INFO - Ingress_Exit OMH41SMP
2025-03-18 00:40:32,209 - INFO - Ingress_Exit 0CG5Q7QT
2025-03-18 00:40:35,513 - INFO - Ingress_Enter 3FDSQZTI
2025-03-18 00:40:35,612 - INFO - Ingress_Exit 3FDSQZTI
2025-03-18 00:40:36,091 - INFO - Ingress_Enter 4MN08LMQ
2025-03-18 00:40:36,184 - INFO - Ingress_Exit 4MN08LMQ
2025-03-18 00:40:36,381 - INFO - Ingress_Enter PKDVRBW9
2025-03-18 00:40:36,501 - INFO - Ingress_Exit PKDVRBW9
2025-03-18 00:40:37,093 - INFO - Ingress_Enter SCWDNBBN
2025-03-18 00:40:37,189 - INFO - Ingress_Exit SCWDNBBN
2025-03-18 00:40:37,351 - INFO - Ingress_Enter ZVDD3227
2025-03-18 00:40:37,382 - INFO - Ingress_Enter FFQ2X82Z
2025-03-18 00:40:37,444 - INFO - Ingress_Exit ZVDD3227
2025-03-18 00:40:37,446 - INFO - Ingress_Enter LJNXQ7GU
2025-03-18 00:40:37,479 - INFO - Ingress_Exit FFQ2X82Z
2025-03-18 00:40:37,542 - INFO - Ingress_Exit LJNXQ7GU
2025-03-18 00:40:47,958 - INFO - Ingress_Enter 2C2CXMCU
2025-03-18 00:40:48,063 - INFO - Ingress_Exit 2C2CXMCU
2025-03-18 00:40:48,183 - INFO - Ingress_Enter M8VFZC6D
2025-03-18 00:40:48,276 - INFO - Ingress_Exit M8VFZC6D
2025-03-18 00:40:48,632 - INFO - Ingress_Enter 84E4Q6E0
2025-03-18 00:40:48,729 - INFO - Ingress_Enter 22W28O69
2025-03-18 00:40:48,733 - INFO - Ingress_Exit 84E4Q6E0
2025-03-18 00:40:48,828 - INFO - Ingress_Exit 22W28O69
2025-03-18 00:40:50,242 - INFO - Ingress_Enter A4R26OQG
2025-03-18 00:40:50,333 - INFO - Ingress_Exit A4R26OQG
2025-03-18 00:40:50,981 - INFO - Ingress_Enter FRWK56VI
2025-03-18 00:40:51,044 - INFO - Ingress_Enter FYWJR5R5
2025-03-18 00:40:51,075 - INFO - Ingress_Exit FRWK56VI
2025-03-18 00:40:51,142 - INFO - Ingress_Exit FYWJR5R5
2025-03-18 00:40:53,043 - INFO - Ingress_Enter VYX7804F
2025-03-18 00:40:53,158 - INFO - Ingress_Exit VYX7804F
2025-03-18 00:40:53,522 - INFO - Ingress_Enter L786IHZ8
2025-03-18 00:40:53,625 - INFO - Ingress_Exit L786IHZ8
2025-03-18 00:40:53,650 - INFO - Ingress_Enter YZWCHCBO
2025-03-18 00:40:53,741 - INFO - Ingress_Exit YZWCHCBO
2025-03-18 00:40:53,875 - INFO - Ingress_Enter RXPEVVW7
2025-03-18 00:40:53,972 - INFO - Ingress_Exit RXPEVVW7
2025-03-18 00:40:54,229 - INFO - Ingress_Enter 64LL5N3V
2025-03-18 00:40:54,321 - INFO - Ingress_Exit 64LL5N3V
2025-03-18 00:40:54,487 - INFO - Ingress_Enter 8E8G6ZXS
2025-03-18 00:40:54,593 - INFO - Ingress_Exit 8E8G6ZXS
2025-03-18 00:40:55,161 - INFO - Ingress_Enter TFUX4KFQ
2025-03-18 00:40:55,254 - INFO - Ingress_Exit TFUX4KFQ
2025-03-18 00:40:55,741 - INFO - Ingress_Enter 3DZVBIVR
2025-03-18 00:40:55,831 - INFO - Ingress_Exit 3DZVBIVR
2025-03-18 00:40:56,640 - INFO - Ingress_Enter UGG15VYK
2025-03-18 00:40:56,741 - INFO - Ingress_Exit UGG15VYK
2025-03-18 00:40:57,154 - INFO - Ingress_Enter PH0TGC29
2025-03-18 00:40:57,247 - INFO - Ingress_Exit PH0TGC29
2025-03-18 00:40:57,668 - INFO - Ingress_Enter ZEHVWZQT
2025-03-18 00:40:57,767 - INFO - Ingress_Exit ZEHVWZQT
2025-03-18 00:40:58,054 - INFO - Ingress_Enter PMH054XZ
2025-03-18 00:40:58,149 - INFO - Ingress_Exit PMH054XZ
2025-03-18 00:40:58,246 - INFO - Ingress_Enter EZ3KFCY5
2025-03-18 00:40:58,339 - INFO - Ingress_Exit EZ3KFCY5
2025-03-18 00:40:58,951 - INFO - Ingress_Enter FX078EPO
2025-03-18 00:40:59,052 - INFO - Ingress_Exit FX078EPO
2025-03-18 00:40:59,305 - INFO - Ingress_Enter I6XGJALV
2025-03-18 00:40:59,407 - INFO - Ingress_Exit I6XGJALV
2025-03-18 00:40:59,432 - INFO - Ingress_Enter 8R95Q0R1
2025-03-18 00:40:59,527 - INFO - Ingress_Exit 8R95Q0R1
2025-03-18 00:41:00,367 - INFO - Ingress_Enter WJ53GJY9
2025-03-18 00:41:00,399 - INFO - Ingress_Enter 5ZO77YKC
2025-03-18 00:41:00,474 - INFO - Ingress_Exit WJ53GJY9
2025-03-18 00:41:00,507 - INFO - Ingress_Exit 5ZO77YKC
2025-03-18 00:41:00,751 - INFO - Ingress_Enter AGKPJ750
2025-03-18 00:41:00,854 - INFO - Ingress_Exit AGKPJ750
2025-03-18 00:41:01,429 - INFO - Ingress_Enter 4RWDPB41
2025-03-18 00:41:01,530 - INFO - Ingress_Exit 4RWDPB41
2025-03-18 00:41:01,717 - INFO - Ingress_Enter UBT45JZ2
2025-03-18 00:41:01,808 - INFO - Ingress_Exit UBT45JZ2
2025-03-18 00:41:02,362 - INFO - Ingress_Enter N5R76GMS
2025-03-18 00:41:02,459 - INFO - Ingress_Exit N5R76GMS
2025-03-18 00:41:03,134 - INFO - Ingress_Enter CJXUVGWE
2025-03-18 00:41:03,227 - INFO - Ingress_Exit CJXUVGWE
2025-03-18 00:41:03,422 - INFO - Ingress_Enter X3CDTS47
2025-03-18 00:41:03,521 - INFO - Ingress_Exit X3CDTS47
2025-03-18 00:41:04,326 - INFO - Ingress_Enter 9H2TEJWT
2025-03-18 00:41:04,391 - INFO - Ingress_Enter D1JPGRM6
2025-03-18 00:41:04,419 - INFO - Ingress_Exit 9H2TEJWT
2025-03-18 00:41:04,481 - INFO - Ingress_Exit D1JPGRM6
2025-03-18 00:41:05,001 - INFO - Ingress_Enter J8AP1FNF
2025-03-18 00:41:05,100 - INFO - Ingress_Exit J8AP1FNF
2025-03-18 00:41:05,516 - INFO - Ingress_Enter DNT586ZN
2025-03-18 00:41:05,609 - INFO - Ingress_Exit DNT586ZN
2025-03-18 00:41:05,773 - INFO - Ingress_Enter WOTBRH8H
2025-03-18 00:41:05,869 - INFO - Ingress_Exit WOTBRH8H
2025-03-18 00:41:06,061 - INFO - Ingress_Enter APS7GDBD
2025-03-18 00:41:06,094 - INFO - Ingress_Enter W9WVMSFK
2025-03-18 00:41:06,161 - INFO - Ingress_Exit APS7GDBD
2025-03-18 00:41:06,194 - INFO - Ingress_Exit W9WVMSFK
2025-03-18 00:41:06,899 - INFO - Ingress_Enter 4PJEU8VD
2025-03-18 00:41:07,006 - INFO - Ingress_Exit 4PJEU8VD
2025-03-18 00:41:07,318 - INFO - Ingress_Enter AGRO8QWB
2025-03-18 00:41:07,415 - INFO - Ingress_Exit AGRO8QWB
2025-03-18 00:41:08,221 - INFO - Ingress_Enter NPPDOX8H
2025-03-18 00:41:08,315 - INFO - Ingress_Exit NPPDOX8H
2025-03-18 00:41:08,440 - INFO - Ingress_Enter 3IWKUV12
2025-03-18 00:41:08,530 - INFO - Ingress_Exit 3IWKUV12
2025-03-18 00:41:09,505 - INFO - Ingress_Enter TGH0VDWZ
2025-03-18 00:41:09,606 - INFO - Ingress_Exit TGH0VDWZ
2025-03-18 00:41:09,762 - INFO - Ingress_Enter WMK0UCTW
2025-03-18 00:41:09,858 - INFO - Ingress_Exit WMK0UCTW
2025-03-18 00:41:10,892 - INFO - Ingress_Enter YWIQ3HGU
2025-03-18 00:41:10,984 - INFO - Ingress_Exit YWIQ3HGU
2025-03-18 00:41:10,987 - INFO - Ingress_Enter 4X46JOSB
2025-03-18 00:41:11,019 - INFO - Ingress_Enter 6RBMU2V1
2025-03-18 00:41:11,079 - INFO - Ingress_Exit 4X46JOSB
2025-03-18 00:41:11,084 - INFO - Ingress_Enter UZZG2WCT
2025-03-18 00:41:11,113 - INFO - Ingress_Exit 6RBMU2V1
2025-03-18 00:41:11,181 - INFO - Ingress_Exit UZZG2WCT
2025-03-18 00:41:12,273 - INFO - Ingress_Enter EKNEYGJE
2025-03-18 00:41:12,370 - INFO - Ingress_Exit EKNEYGJE
2025-03-18 00:41:12,593 - INFO - Ingress_Enter XY3Q8WW8
2025-03-18 00:41:12,625 - INFO - Ingress_Enter 2R6YEG6E
2025-03-18 00:41:12,689 - INFO - Ingress_Exit XY3Q8WW8
2025-03-18 00:41:12,721 - INFO - Ingress_Exit 2R6YEG6E
2025-03-18 00:41:14,109 - INFO - Ingress_Enter SYQ51NJU
2025-03-18 00:41:14,209 - INFO - Ingress_Exit SYQ51NJU
2025-03-18 00:41:14,304 - INFO - Ingress_Enter IVGRBMJO
2025-03-18 00:41:14,399 - INFO - Ingress_Exit IVGRBMJO
2025-03-18 00:41:14,529 - INFO - Ingress_Enter 9FSM9PH7
2025-03-18 00:41:14,631 - INFO - Ingress_Exit 9FSM9PH7
2025-03-18 00:41:14,657 - INFO - Ingress_Enter I4N36R8T
2025-03-18 00:41:14,755 - INFO - Ingress_Exit I4N36R8T
2025-03-18 00:41:15,816 - INFO - Ingress_Enter Z422PAHI
2025-03-18 00:41:15,918 - INFO - Ingress_Exit Z422PAHI
2025-03-18 00:41:16,684 - INFO - Ingress_Enter X38B7FRM
2025-03-18 00:41:16,716 - INFO - Ingress_Enter JFLWCGR7
2025-03-18 00:41:16,780 - INFO - Ingress_Exit X38B7FRM
2025-03-18 00:41:16,817 - INFO - Ingress_Exit JFLWCGR7
2025-03-18 00:41:17,038 - INFO - Ingress_Enter LG8TR0QT
2025-03-18 00:41:17,136 - INFO - Ingress_Exit LG8TR0QT
2025-03-18 00:41:17,199 - INFO - Ingress_Enter 47VO47YI
2025-03-18 00:41:17,296 - INFO - Ingress_Exit 47VO47YI
2025-03-18 00:41:17,519 - INFO - Ingress_Enter DPV614TP
2025-03-18 00:41:17,551 - INFO - Ingress_Enter GWZVN5QP
2025-03-18 00:41:17,624 - INFO - Ingress_Exit DPV614TP
2025-03-18 00:41:17,644 - INFO - Ingress_Exit GWZVN5QP
2025-03-18 00:41:17,970 - INFO - Ingress_Enter QRRQ3GWG
2025-03-18 00:41:18,064 - INFO - Ingress_Exit QRRQ3GWG
2025-03-18 00:41:18,196 - INFO - Ingress_Enter Q3UGTFTY
2025-03-18 00:41:18,296 - INFO - Ingress_Exit Q3UGTFTY
2025-03-18 00:41:18,516 - INFO - Ingress_Enter L8L0SVHI
2025-03-18 00:41:18,581 - INFO - Ingress_Enter N2Q3J8PW
2025-03-18 00:41:18,610 - INFO - Ingress_Exit L8L0SVHI
2025-03-18 00:41:18,684 - INFO - Ingress_Exit N2Q3J8PW
2025-03-18 00:41:18,837 - INFO - Ingress_Enter 1SS64XRW
2025-03-18 00:41:18,935 - INFO - Ingress_Exit 1SS64XRW
2025-03-18 00:41:20,221 - INFO - Ingress_Enter Q89TXLJ7
2025-03-18 00:41:20,311 - INFO - Ingress_Exit Q89TXLJ7
2025-03-18 00:41:21,542 - INFO - Ingress_Enter OSTSPCGM
2025-03-18 00:41:21,641 - INFO - Ingress_Exit OSTSPCGM
2025-03-18 00:41:21,766 - INFO - Ingress_Enter F6Q1TDXN
2025-03-18 00:41:21,870 - INFO - Ingress_Exit F6Q1TDXN
2025-03-18 00:41:22,152 - INFO - Ingress_Enter 3ZRJTHNK
2025-03-18 00:41:22,246 - INFO - Ingress_Exit 3ZRJTHNK
2025-03-18 00:41:23,154 - INFO - Ingress_Enter 7PD5VMCV
2025-03-18 00:41:23,255 - INFO - Ingress_Exit 7PD5VMCV
2025-03-18 00:41:23,796 - INFO - Ingress_Enter 7U5UFPLY
2025-03-18 00:41:23,890 - INFO - Ingress_Exit 7U5UFPLY
2025-03-18 00:41:23,956 - INFO - Ingress_Enter UZWPWKD2
2025-03-18 00:41:24,059 - INFO - Ingress_Exit UZWPWKD2
2025-03-18 00:41:24,633 - INFO - Ingress_Enter V6KSXKYT
2025-03-18 00:41:24,734 - INFO - Ingress_Exit V6KSXKYT
2025-03-18 00:41:24,889 - INFO - Ingress_Enter 4UR6735C
2025-03-18 00:41:24,986 - INFO - Ingress_Exit 4UR6735C
2025-03-18 00:41:25,114 - INFO - Ingress_Enter QWJCDC9U
2025-03-18 00:41:25,211 - INFO - Ingress_Exit QWJCDC9U
2025-03-18 00:41:25,373 - INFO - Ingress_Enter EBY452M1
2025-03-18 00:41:25,476 - INFO - Ingress_Exit EBY452M1
2025-03-18 00:41:25,792 - INFO - Ingress_Enter IM4ECG07
2025-03-18 00:41:25,886 - INFO - Ingress_Exit IM4ECG07
2025-03-18 00:41:25,986 - INFO - Ingress_Enter BRAPHMH8
2025-03-18 00:41:26,086 - INFO - Ingress_Exit BRAPHMH8
2025-03-18 00:41:26,404 - INFO - Ingress_Enter W9T5XB4G
2025-03-18 00:41:26,500 - INFO - Ingress_Exit W9T5XB4G
2025-03-18 00:41:27,016 - INFO - Ingress_Enter JKOFEF7E
2025-03-18 00:41:27,110 - INFO - Ingress_Exit JKOFEF7E
2025-03-18 00:41:27,403 - INFO - Ingress_Enter B402OSUJ
2025-03-18 00:41:27,468 - INFO - Ingress_Enter CBJZPV8B
2025-03-18 00:41:27,498 - INFO - Ingress_Exit B402OSUJ
2025-03-18 00:41:27,565 - INFO - Ingress_Exit CBJZPV8B
