2025-03-31 23:21:27,638 - INFO - Ingress_Enter XSFDK0JZ
2025-03-31 23:21:28,026 - INFO - Ingress_Enter RKVEL8HB
2025-03-31 23:21:28,318 - INFO - Ingress_Enter Z26A81EJ
2025-03-31 23:21:28,557 - INFO - Ingress_Enter 5Q7U07XC
2025-03-31 23:21:28,630 - INFO - Ingress_Exit XSFDK0JZ
2025-03-31 23:21:28,741 - INFO - Ingress_Exit RKVEL8HB
2025-03-31 23:21:28,910 - INFO - Ingress_Exit Z26A81EJ
2025-03-31 23:21:28,931 - INFO - Ingress_Exit 5Q7U07XC
2025-03-31 23:21:30,176 - INFO - Ingress_Enter UXQXI7KC
2025-03-31 23:21:30,291 - INFO - Ingress_Exit UXQXI7KC
2025-03-31 23:21:30,685 - INFO - Ingress_Enter T9BFLXX6
2025-03-31 23:21:30,786 - INFO - Ingress_Enter JJKFNF3H
2025-03-31 23:21:30,870 - INFO - Ingress_Enter UYHRG7XW
2025-03-31 23:21:30,888 - INFO - Ingress_Exit T9BFLXX6
2025-03-31 23:21:30,921 - INFO - Ingress_Exit JJKFNF3H
2025-03-31 23:21:31,018 - INFO - Ingress_Exit UYHRG7XW
2025-03-31 23:21:31,312 - INFO - Ingress_Enter 3IIWOZ3H
2025-03-31 23:21:31,329 - INFO - Ingress_Enter 37GJUCGZ
2025-03-31 23:21:31,378 - INFO - Ingress_Enter POHRAQCF
2025-03-31 23:21:31,445 - INFO - Ingress_Enter 0W6PUTZR
2025-03-31 23:21:31,480 - INFO - Ingress_Exit POHRAQCF
2025-03-31 23:21:31,547 - INFO - Ingress_Exit 3IIWOZ3H
2025-03-31 23:21:31,549 - INFO - Ingress_Exit 37GJUCGZ
2025-03-31 23:21:31,639 - INFO - Ingress_Exit 0W6PUTZR
2025-03-31 23:21:32,057 - INFO - Ingress_Enter 4WV6ERAX
2025-03-31 23:21:32,191 - INFO - Ingress_Enter 36EH1NHQ
2025-03-31 23:21:32,258 - INFO - Ingress_Enter BO21A500
2025-03-31 23:21:32,316 - INFO - Ingress_Exit 36EH1NHQ
2025-03-31 23:21:32,420 - INFO - Ingress_Exit 4WV6ERAX
2025-03-31 23:21:32,422 - INFO - Ingress_Exit BO21A500
2025-03-31 23:21:32,477 - INFO - Ingress_Enter 5AL3QN5U
2025-03-31 23:21:32,614 - INFO - Ingress_Enter VEDU4C7C
2025-03-31 23:21:32,622 - INFO - Ingress_Exit 5AL3QN5U
2025-03-31 23:21:32,631 - INFO - Ingress_Enter H24QYVRO
2025-03-31 23:21:32,716 - INFO - Ingress_Enter 5RBNZVNL
2025-03-31 23:21:32,806 - INFO - Ingress_Exit VEDU4C7C
2025-03-31 23:21:32,908 - INFO - Ingress_Exit H24QYVRO
2025-03-31 23:21:32,992 - INFO - Ingress_Exit 5RBNZVNL
2025-03-31 23:21:33,739 - INFO - Ingress_Enter CJDYL8PI
2025-03-31 23:21:33,791 - INFO - Ingress_Enter F0WZRIOC
2025-03-31 23:21:33,869 - INFO - Ingress_Exit CJDYL8PI
2025-03-31 23:21:33,910 - INFO - Ingress_Exit F0WZRIOC
2025-03-31 23:21:33,942 - INFO - Ingress_Enter KHUB3XX5
2025-03-31 23:21:33,960 - INFO - Ingress_Enter XJ35XJBX
2025-03-31 23:21:34,043 - INFO - Ingress_Exit KHUB3XX5
2025-03-31 23:21:34,046 - INFO - Ingress_Enter VX0GZG4V
2025-03-31 23:21:34,074 - INFO - Ingress_Exit XJ35XJBX
2025-03-31 23:21:34,155 - INFO - Ingress_Exit VX0GZG4V
2025-03-31 23:21:34,488 - INFO - Ingress_Enter DSWMNSZV
2025-03-31 23:21:34,595 - INFO - Ingress_Exit DSWMNSZV
2025-03-31 23:21:34,929 - INFO - Ingress_Enter PT8LRN2H
2025-03-31 23:21:34,944 - INFO - Ingress_Enter D57ILZR9
2025-03-31 23:21:35,040 - INFO - Ingress_Exit PT8LRN2H
2025-03-31 23:21:35,093 - INFO - Ingress_Exit D57ILZR9
2025-03-31 23:21:36,101 - INFO - Ingress_Enter QZI3N37B
2025-03-31 23:21:36,168 - INFO - Ingress_Enter 0HVP5O7N
2025-03-31 23:21:36,219 - INFO - Ingress_Exit QZI3N37B
2025-03-31 23:21:36,319 - INFO - Ingress_Exit 0HVP5O7N
2025-03-31 23:21:36,372 - INFO - Ingress_Enter J2AB0E6N
2025-03-31 23:21:36,562 - INFO - Ingress_Exit J2AB0E6N
2025-03-31 23:21:36,658 - INFO - Ingress_Enter U4W6BJYR
2025-03-31 23:21:36,675 - INFO - Ingress_Enter CJNB0ONZ
2025-03-31 23:21:36,755 - INFO - Ingress_Exit U4W6BJYR
2025-03-31 23:21:36,817 - INFO - Ingress_Exit CJNB0ONZ
2025-03-31 23:21:36,861 - INFO - Ingress_Enter W7FNDH1M
2025-03-31 23:21:37,026 - INFO - Ingress_Exit W7FNDH1M
2025-03-31 23:21:37,066 - INFO - Ingress_Enter ZY1WHG33
2025-03-31 23:21:37,116 - INFO - Ingress_Enter F0EHCGI3
2025-03-31 23:21:37,177 - INFO - Ingress_Exit ZY1WHG33
2025-03-31 23:21:37,213 - INFO - Ingress_Exit F0EHCGI3
2025-03-31 23:21:37,253 - INFO - Ingress_Enter G3XZKE4I
2025-03-31 23:21:37,269 - INFO - Ingress_Enter WAYWE00A
2025-03-31 23:21:37,320 - INFO - Ingress_Enter JCCNYKHN
2025-03-31 23:21:37,363 - INFO - Ingress_Exit G3XZKE4I
2025-03-31 23:21:37,392 - INFO - Ingress_Exit WAYWE00A
2025-03-31 23:21:37,438 - INFO - Ingress_Exit JCCNYKHN
2025-03-31 23:21:38,306 - INFO - Ingress_Enter 2WKOGS0Z
2025-03-31 23:21:38,418 - INFO - Ingress_Exit 2WKOGS0Z
2025-03-31 23:21:38,628 - INFO - Ingress_Enter J8UJIXC4
2025-03-31 23:21:38,661 - INFO - Ingress_Enter 8L8PRAWE
2025-03-31 23:21:38,725 - INFO - Ingress_Exit J8UJIXC4
2025-03-31 23:21:38,761 - INFO - Ingress_Exit 8L8PRAWE
2025-03-31 23:21:39,101 - INFO - Ingress_Enter Q84R0UJZ
2025-03-31 23:21:39,221 - INFO - Ingress_Exit Q84R0UJZ
2025-03-31 23:21:39,253 - INFO - Ingress_Enter C9YVXRC1
2025-03-31 23:21:39,406 - INFO - Ingress_Enter RCZW65NV
2025-03-31 23:21:39,413 - INFO - Ingress_Exit C9YVXRC1
2025-03-31 23:21:39,503 - INFO - Ingress_Exit RCZW65NV
2025-03-31 23:21:39,592 - INFO - Ingress_Enter DK12RKF7
2025-03-31 23:21:39,685 - INFO - Ingress_Exit DK12RKF7
2025-03-31 23:21:39,763 - INFO - Ingress_Enter GSA02I6W
2025-03-31 23:21:39,922 - INFO - Ingress_Exit GSA02I6W
2025-03-31 23:21:40,018 - INFO - Ingress_Enter YSCX139O
2025-03-31 23:21:40,169 - INFO - Ingress_Exit YSCX139O
2025-03-31 23:21:40,239 - INFO - Ingress_Enter QZC0EGPT
2025-03-31 23:21:40,290 - INFO - Ingress_Enter 2GEIIZIV
2025-03-31 23:21:40,409 - INFO - Ingress_Exit QZC0EGPT
2025-03-31 23:21:40,442 - INFO - Ingress_Exit 2GEIIZIV
2025-03-31 23:21:40,511 - INFO - Ingress_Enter 8BV56OG4
2025-03-31 23:21:40,578 - INFO - Ingress_Enter BMA9UNCX
2025-03-31 23:21:40,624 - INFO - Ingress_Exit 8BV56OG4
2025-03-31 23:21:40,677 - INFO - Ingress_Exit BMA9UNCX
2025-03-31 23:21:40,750 - INFO - Ingress_Enter X8S4XTC4
2025-03-31 23:21:40,817 - INFO - Ingress_Enter ELH5T4XP
2025-03-31 23:21:40,852 - INFO - Ingress_Enter JC3REPVX
2025-03-31 23:21:40,908 - INFO - Ingress_Exit X8S4XTC4
2025-03-31 23:21:40,941 - INFO - Ingress_Exit ELH5T4XP
2025-03-31 23:21:40,952 - INFO - Ingress_Exit JC3REPVX
2025-03-31 23:21:41,470 - INFO - Ingress_Enter 1FXHI9NK
2025-03-31 23:21:41,539 - INFO - Ingress_Enter L1UD4EY9
2025-03-31 23:21:41,568 - INFO - Ingress_Exit 1FXHI9NK
2025-03-31 23:21:41,572 - INFO - Ingress_Enter 1CEJ25QL
2025-03-31 23:21:41,590 - INFO - Ingress_Enter 1X3AI3B4
2025-03-31 23:21:41,641 - INFO - Ingress_Exit L1UD4EY9
2025-03-31 23:21:41,683 - INFO - Ingress_Exit 1X3AI3B4
2025-03-31 23:21:41,715 - INFO - Ingress_Exit 1CEJ25QL
2025-03-31 23:21:41,724 - INFO - Ingress_Enter 7OOM83UZ
2025-03-31 23:21:41,826 - INFO - Ingress_Enter E481E1LI
2025-03-31 23:21:41,878 - INFO - Ingress_Exit 7OOM83UZ
2025-03-31 23:21:42,010 - INFO - Ingress_Exit E481E1LI
2025-03-31 23:21:42,168 - INFO - Ingress_Enter 8JMWJKP4
2025-03-31 23:21:42,270 - INFO - Ingress_Exit 8JMWJKP4
2025-03-31 23:21:42,457 - INFO - Ingress_Enter ZOUNK3CM
2025-03-31 23:21:42,566 - INFO - Ingress_Exit ZOUNK3CM
2025-03-31 23:21:42,591 - INFO - Ingress_Enter 4G3NG13P
2025-03-31 23:21:42,609 - INFO - Ingress_Enter 2HEHJ0QP
2025-03-31 23:21:42,677 - INFO - Ingress_Enter 0BC8IKH5
2025-03-31 23:21:42,705 - INFO - Ingress_Exit 2HEHJ0QP
2025-03-31 23:21:42,715 - INFO - Ingress_Exit 4G3NG13P
2025-03-31 23:21:42,818 - INFO - Ingress_Exit 0BC8IKH5
2025-03-31 23:21:43,210 - INFO - Ingress_Enter 6EBPN1QO
2025-03-31 23:21:43,254 - INFO - Ingress_Enter 7NE61E1M
2025-03-31 23:21:43,305 - INFO - Ingress_Enter IBKM081A
2025-03-31 23:21:43,319 - INFO - Ingress_Exit 6EBPN1QO
2025-03-31 23:21:43,353 - INFO - Ingress_Exit 7NE61E1M
2025-03-31 23:21:43,422 - INFO - Ingress_Exit IBKM081A
2025-03-31 23:21:43,751 - INFO - Ingress_Enter SQVBAHT3
2025-03-31 23:21:43,871 - INFO - Ingress_Enter JF99ZIEM
2025-03-31 23:21:43,930 - INFO - Ingress_Exit SQVBAHT3
2025-03-31 23:21:44,004 - INFO - Ingress_Enter N23D6YBK
2025-03-31 23:21:44,048 - INFO - Ingress_Exit JF99ZIEM
2025-03-31 23:21:44,089 - INFO - Ingress_Enter FOL0FKQ3
2025-03-31 23:21:44,112 - INFO - Ingress_Exit N23D6YBK
2025-03-31 23:21:44,293 - INFO - Ingress_Enter TCQU7NK2
2025-03-31 23:21:44,304 - INFO - Ingress_Exit FOL0FKQ3
2025-03-31 23:21:44,408 - INFO - Ingress_Exit TCQU7NK2
2025-03-31 23:21:44,635 - INFO - Ingress_Enter Z4P69RPX
2025-03-31 23:21:44,703 - INFO - Ingress_Enter IG35P8Y3
2025-03-31 23:21:44,796 - INFO - Ingress_Exit Z4P69RPX
2025-03-31 23:21:44,839 - INFO - Ingress_Enter 6HLD26NH
2025-03-31 23:21:44,849 - INFO - Ingress_Exit IG35P8Y3
2025-03-31 23:21:44,968 - INFO - Ingress_Exit 6HLD26NH
2025-03-31 23:21:44,975 - INFO - Ingress_Enter 24193Y7D
2025-03-31 23:21:45,085 - INFO - Ingress_Exit 24193Y7D
2025-03-31 23:21:45,451 - INFO - Ingress_Enter PDXZHIDJ
2025-03-31 23:21:45,552 - INFO - Ingress_Enter 9NM36JBU
2025-03-31 23:21:45,627 - INFO - Ingress_Exit PDXZHIDJ
2025-03-31 23:21:45,636 - INFO - Ingress_Enter JA5EPQJZ
2025-03-31 23:21:45,706 - INFO - Ingress_Exit 9NM36JBU
2025-03-31 23:21:45,732 - INFO - Ingress_Exit JA5EPQJZ
2025-03-31 23:21:45,806 - INFO - Ingress_Enter 5K96AIB9
2025-03-31 23:21:45,924 - INFO - Ingress_Exit 5K96AIB9
2025-03-31 23:21:45,957 - INFO - Ingress_Enter E5D7HJ4Z
2025-03-31 23:21:46,054 - INFO - Ingress_Exit E5D7HJ4Z
2025-03-31 23:21:46,128 - INFO - Ingress_Enter 52IIW6JH
2025-03-31 23:21:46,196 - INFO - Ingress_Enter QVJEM2X6
2025-03-31 23:21:46,224 - INFO - Ingress_Exit 52IIW6JH
2025-03-31 23:21:46,281 - INFO - Ingress_Enter G770VWKG
2025-03-31 23:21:46,350 - INFO - Ingress_Enter 1FQZ42HK
2025-03-31 23:21:46,351 - INFO - Ingress_Exit QVJEM2X6
2025-03-31 23:21:46,382 - INFO - Ingress_Exit G770VWKG
2025-03-31 23:21:46,443 - INFO - Ingress_Exit 1FQZ42HK
2025-03-31 23:21:46,706 - INFO - Ingress_Enter JMZ38PMD
2025-03-31 23:21:46,803 - INFO - Ingress_Exit JMZ38PMD
2025-03-31 23:21:46,825 - INFO - Ingress_Enter 8AT0XF1K
2025-03-31 23:21:46,843 - INFO - Ingress_Enter EXHPH8CG
2025-03-31 23:21:46,911 - INFO - Ingress_Enter S0EQTMG7
2025-03-31 23:21:47,010 - INFO - Ingress_Exit 8AT0XF1K
2025-03-31 23:21:47,013 - INFO - Ingress_Exit S0EQTMG7
2025-03-31 23:21:47,044 - INFO - Ingress_Exit EXHPH8CG
2025-03-31 23:21:47,286 - INFO - Ingress_Enter CM6HXZSW
2025-03-31 23:21:47,337 - INFO - Ingress_Enter GBZ78531
2025-03-31 23:21:47,395 - INFO - Ingress_Exit CM6HXZSW
2025-03-31 23:21:47,435 - INFO - Ingress_Exit GBZ78531
2025-03-31 23:21:47,556 - INFO - Ingress_Enter 3JL6AC3V
2025-03-31 23:21:47,624 - INFO - Ingress_Enter LQ0BB9J9
2025-03-31 23:21:47,657 - INFO - Ingress_Enter XDQALS5D
2025-03-31 23:21:47,667 - INFO - Ingress_Exit 3JL6AC3V
2025-03-31 23:21:47,761 - INFO - Ingress_Exit LQ0BB9J9
2025-03-31 23:21:47,796 - INFO - Ingress_Exit XDQALS5D
2025-03-31 23:21:49,242 - INFO - Ingress_Enter G5DW1TZO
2025-03-31 23:21:49,415 - INFO - Ingress_Exit G5DW1TZO
2025-03-31 23:21:49,495 - INFO - Ingress_Enter V20BI5WJ
2025-03-31 23:21:49,604 - INFO - Ingress_Exit V20BI5WJ
2025-03-31 23:21:49,801 - INFO - Ingress_Enter VBDZHHQ1
2025-03-31 23:21:49,922 - INFO - Ingress_Enter TZ0Q52IM
2025-03-31 23:21:49,944 - INFO - Ingress_Exit VBDZHHQ1
2025-03-31 23:21:50,113 - INFO - Ingress_Exit TZ0Q52IM
2025-03-31 23:21:50,328 - INFO - Ingress_Enter 5EW4ACDY
2025-03-31 23:21:50,395 - INFO - Ingress_Enter FB5JV5IS
2025-03-31 23:21:50,428 - INFO - Ingress_Enter TWQGD8NU
2025-03-31 23:21:50,430 - INFO - Ingress_Exit 5EW4ACDY
2025-03-31 23:21:50,548 - INFO - Ingress_Exit FB5JV5IS
2025-03-31 23:21:50,549 - INFO - Ingress_Exit TWQGD8NU
2025-03-31 23:21:57,343 - INFO - Ingress_Enter 5B203K1E
2025-03-31 23:21:57,466 - INFO - Ingress_Exit 5B203K1E
2025-03-31 23:21:57,478 - INFO - Ingress_Enter QBNQLL7E
2025-03-31 23:21:57,677 - INFO - Ingress_Exit QBNQLL7E
2025-03-31 23:21:57,922 - INFO - Ingress_Enter SBEQXJPU
2025-03-31 23:21:58,022 - INFO - Ingress_Exit SBEQXJPU
2025-03-31 23:21:58,074 - INFO - Ingress_Enter 5P19JWYO
2025-03-31 23:21:58,125 - INFO - Ingress_Enter DJ127KJA
2025-03-31 23:21:58,170 - INFO - Ingress_Exit 5P19JWYO
2025-03-31 23:21:58,228 - INFO - Ingress_Exit DJ127KJA
2025-03-31 23:21:58,892 - INFO - Ingress_Enter IKCSC38N
2025-03-31 23:21:59,014 - INFO - Ingress_Exit IKCSC38N
2025-03-31 23:21:59,198 - INFO - Ingress_Enter FX5ZKWAY
2025-03-31 23:21:59,317 - INFO - Ingress_Enter TZCPQWPY
2025-03-31 23:21:59,345 - INFO - Ingress_Exit FX5ZKWAY
2025-03-31 23:21:59,451 - INFO - Ingress_Exit TZCPQWPY
2025-03-31 23:21:59,793 - INFO - Ingress_Enter UB0UWJD9
2025-03-31 23:21:59,930 - INFO - Ingress_Exit UB0UWJD9
2025-03-31 23:22:00,201 - INFO - Ingress_Enter 7H2KF26N
2025-03-31 23:22:00,270 - INFO - Ingress_Enter Y7CFNI89
2025-03-31 23:22:00,286 - INFO - Ingress_Enter 05XV1PYJ
2025-03-31 23:22:00,368 - INFO - Ingress_Exit 7H2KF26N
2025-03-31 23:22:00,423 - INFO - Ingress_Exit 05XV1PYJ
2025-03-31 23:22:00,423 - INFO - Ingress_Exit Y7CFNI89
2025-03-31 23:22:01,121 - INFO - Ingress_Enter 3VMQ18L6
2025-03-31 23:22:01,171 - INFO - Ingress_Enter 9P0Z83JE
2025-03-31 23:22:01,241 - INFO - Ingress_Exit 3VMQ18L6
2025-03-31 23:22:01,287 - INFO - Ingress_Exit 9P0Z83JE
2025-03-31 23:22:01,306 - INFO - Ingress_Enter UCEY6PP3
2025-03-31 23:22:01,461 - INFO - Ingress_Exit UCEY6PP3
2025-03-31 23:22:01,595 - INFO - Ingress_Enter M3RVJKLA
2025-03-31 23:22:01,715 - INFO - Ingress_Enter OJ1TH444
2025-03-31 23:22:01,766 - INFO - Ingress_Exit M3RVJKLA
2025-03-31 23:22:01,851 - INFO - Ingress_Enter QG6HG1YH
2025-03-31 23:22:01,868 - INFO - Ingress_Enter EFC9DT8Q
2025-03-31 23:22:01,917 - INFO - Ingress_Exit OJ1TH444
2025-03-31 23:22:02,053 - INFO - Ingress_Exit QG6HG1YH
2025-03-31 23:22:02,054 - INFO - Ingress_Exit EFC9DT8Q
2025-03-31 23:22:02,585 - INFO - Ingress_Enter XG5Z030X
2025-03-31 23:22:02,617 - INFO - Ingress_Enter CXV8PIOY
2025-03-31 23:22:02,728 - INFO - Ingress_Exit CXV8PIOY
2025-03-31 23:22:02,738 - INFO - Ingress_Exit XG5Z030X
2025-03-31 23:22:03,043 - INFO - Ingress_Enter 7K6YFNHP
2025-03-31 23:22:03,111 - INFO - Ingress_Enter 0TL3LC0T
2025-03-31 23:22:03,160 - INFO - Ingress_Exit 7K6YFNHP
2025-03-31 23:22:03,295 - INFO - Ingress_Exit 0TL3LC0T
2025-03-31 23:22:03,332 - INFO - Ingress_Enter 8GZ9OUJB
2025-03-31 23:22:03,417 - INFO - Ingress_Enter TU0YZY1I
2025-03-31 23:22:03,440 - INFO - Ingress_Exit 8GZ9OUJB
2025-03-31 23:22:03,528 - INFO - Ingress_Exit TU0YZY1I
2025-03-31 23:22:03,676 - INFO - Ingress_Enter YPO7A3CV
2025-03-31 23:22:03,772 - INFO - Ingress_Exit YPO7A3CV
2025-03-31 23:22:03,997 - INFO - Ingress_Enter RYKNUDK8
2025-03-31 23:22:04,014 - INFO - Ingress_Enter 795SQ8SH
2025-03-31 23:22:04,160 - INFO - Ingress_Exit RYKNUDK8
2025-03-31 23:22:04,161 - INFO - Ingress_Exit 795SQ8SH
2025-03-31 23:22:04,218 - INFO - Ingress_Enter NM9AS3CI
2025-03-31 23:22:04,363 - INFO - Ingress_Exit NM9AS3CI
2025-03-31 23:22:04,557 - INFO - Ingress_Enter BE3BIRKS
2025-03-31 23:22:04,642 - INFO - Ingress_Enter 98XOPXVC
2025-03-31 23:22:04,704 - INFO - Ingress_Exit BE3BIRKS
2025-03-31 23:22:04,788 - INFO - Ingress_Exit 98XOPXVC
2025-03-31 23:22:05,050 - INFO - Ingress_Enter PLI5P0PW
2025-03-31 23:22:05,183 - INFO - Ingress_Exit PLI5P0PW
2025-03-31 23:22:05,217 - INFO - Ingress_Enter 5I29A77Z
2025-03-31 23:22:05,338 - INFO - Ingress_Exit 5I29A77Z
2025-03-31 23:22:05,539 - INFO - Ingress_Enter HOVSJOFY
2025-03-31 23:22:05,713 - INFO - Ingress_Exit HOVSJOFY
2025-03-31 23:22:06,015 - INFO - Ingress_Enter FK13Z7LT
2025-03-31 23:22:06,129 - INFO - Ingress_Exit FK13Z7LT
2025-03-31 23:22:06,167 - INFO - Ingress_Enter OL95EA6L
2025-03-31 23:22:06,326 - INFO - Ingress_Exit OL95EA6L
2025-03-31 23:22:06,454 - INFO - Ingress_Enter PQL4DQUC
2025-03-31 23:22:06,605 - INFO - Ingress_Exit PQL4DQUC
2025-03-31 23:22:06,792 - INFO - Ingress_Enter NEH8BS6K
2025-03-31 23:22:06,918 - INFO - Ingress_Exit NEH8BS6K
2025-03-31 23:22:07,081 - INFO - Ingress_Enter Q1JBDKY6
2025-03-31 23:22:07,149 - INFO - Ingress_Enter MLIK4MGL
2025-03-31 23:22:07,180 - INFO - Ingress_Exit Q1JBDKY6
2025-03-31 23:22:07,305 - INFO - Ingress_Exit MLIK4MGL
2025-03-31 23:22:07,815 - INFO - Ingress_Enter C01UCVYJ
2025-03-31 23:22:07,902 - INFO - Ingress_Enter OYE30Q3F
2025-03-31 23:22:08,007 - INFO - Ingress_Exit OYE30Q3F
2025-03-31 23:22:08,022 - INFO - Ingress_Exit C01UCVYJ
2025-03-31 23:22:08,389 - INFO - Ingress_Enter RN4G2W23
2025-03-31 23:22:08,505 - INFO - Ingress_Exit RN4G2W23
2025-03-31 23:22:08,557 - INFO - Ingress_Enter Q9Z26KS5
2025-03-31 23:22:08,573 - INFO - Ingress_Enter 6TBJZOSP
2025-03-31 23:22:08,662 - INFO - Ingress_Exit Q9Z26KS5
2025-03-31 23:22:08,757 - INFO - Ingress_Exit 6TBJZOSP
2025-03-31 23:22:09,288 - INFO - Ingress_Enter WJD2QGPZ
2025-03-31 23:22:09,385 - INFO - Ingress_Exit WJD2QGPZ
2025-03-31 23:22:09,533 - INFO - Ingress_Enter SD3ODZTM
2025-03-31 23:22:09,669 - INFO - Ingress_Exit SD3ODZTM
2025-03-31 23:22:09,757 - INFO - Ingress_Enter 8T7B4ZKS
2025-03-31 23:22:09,921 - INFO - Ingress_Exit 8T7B4ZKS
2025-03-31 23:22:10,133 - INFO - Ingress_Enter H3XOY886
2025-03-31 23:22:10,166 - INFO - Ingress_Enter HR7BQM07
2025-03-31 23:22:10,261 - INFO - Ingress_Exit H3XOY886
2025-03-31 23:22:10,278 - INFO - Ingress_Exit HR7BQM07
2025-03-31 23:22:10,765 - INFO - Ingress_Enter 1NY4P11J
2025-03-31 23:22:10,911 - INFO - Ingress_Exit 1NY4P11J
2025-03-31 23:22:10,985 - INFO - Ingress_Enter 3TA455ZY
2025-03-31 23:22:11,084 - INFO - Ingress_Exit 3TA455ZY
2025-03-31 23:22:11,258 - INFO - Ingress_Enter 7KTG2GSY
2025-03-31 23:22:11,361 - INFO - Ingress_Exit 7KTG2GSY
2025-03-31 23:22:11,462 - INFO - Ingress_Enter 805JBYJG
2025-03-31 23:22:11,562 - INFO - Ingress_Exit 805JBYJG
2025-03-31 23:22:11,821 - INFO - Ingress_Enter DKHOZXQ5
2025-03-31 23:22:11,956 - INFO - Ingress_Enter SER4UQOH
2025-03-31 23:22:11,985 - INFO - Ingress_Exit DKHOZXQ5
2025-03-31 23:22:12,057 - INFO - Ingress_Enter 8LOWC2E9
2025-03-31 23:22:12,096 - INFO - Ingress_Exit SER4UQOH
2025-03-31 23:22:12,204 - INFO - Ingress_Exit 8LOWC2E9
2025-03-31 23:22:13,007 - INFO - Ingress_Enter W57DAX3K
2025-03-31 23:22:13,109 - INFO - Ingress_Exit W57DAX3K
2025-03-31 23:22:13,142 - INFO - Ingress_Enter HYEKAXPI
2025-03-31 23:22:13,193 - INFO - Ingress_Enter 0BFHE3P5
2025-03-31 23:22:13,290 - INFO - Ingress_Exit HYEKAXPI
2025-03-31 23:22:13,297 - INFO - Ingress_Exit 0BFHE3P5
2025-03-31 23:22:13,466 - INFO - Ingress_Enter ZPD6NHZX
2025-03-31 23:22:13,533 - INFO - Ingress_Enter DPGLFTLT
2025-03-31 23:22:13,602 - INFO - Ingress_Enter 47C52B89
2025-03-31 23:22:13,608 - INFO - Ingress_Exit ZPD6NHZX
2025-03-31 23:22:13,690 - INFO - Ingress_Exit DPGLFTLT
2025-03-31 23:22:13,720 - INFO - Ingress_Enter A7VJ0H9E
2025-03-31 23:22:13,727 - INFO - Ingress_Exit 47C52B89
2025-03-31 23:22:13,829 - INFO - Ingress_Exit A7VJ0H9E
2025-03-31 23:22:13,942 - INFO - Ingress_Enter Z5FSZ7WW
2025-03-31 23:22:13,992 - INFO - Ingress_Enter 851AY41E
2025-03-31 23:22:14,076 - INFO - Ingress_Exit Z5FSZ7WW
2025-03-31 23:22:14,107 - INFO - Ingress_Exit 851AY41E
2025-03-31 23:22:14,655 - INFO - Ingress_Enter LKMM0UDH
2025-03-31 23:22:14,775 - INFO - Ingress_Enter EQWWTZOB
2025-03-31 23:22:14,918 - INFO - Ingress_Exit LKMM0UDH
2025-03-31 23:22:15,001 - INFO - Ingress_Exit EQWWTZOB
2025-03-31 23:22:15,507 - INFO - Ingress_Enter 9VNV6A8U
2025-03-31 23:22:15,524 - INFO - Ingress_Enter N3F706AC
2025-03-31 23:22:15,608 - INFO - Ingress_Exit 9VNV6A8U
2025-03-31 23:22:15,673 - INFO - Ingress_Exit N3F706AC
2025-03-31 23:22:16,002 - INFO - Ingress_Enter 2GH5Q6LS
2025-03-31 23:22:16,136 - INFO - Ingress_Exit 2GH5Q6LS
2025-03-31 23:22:16,155 - INFO - Ingress_Enter 5NQP6SZ1
2025-03-31 23:22:16,259 - INFO - Ingress_Exit 5NQP6SZ1
2025-03-31 23:22:16,291 - INFO - Ingress_Enter M99G9SY6
2025-03-31 23:22:16,308 - INFO - Ingress_Enter 58DPUUPL
2025-03-31 23:22:16,427 - INFO - Ingress_Exit M99G9SY6
2025-03-31 23:22:16,437 - INFO - Ingress_Exit 58DPUUPL
2025-03-31 23:22:16,614 - INFO - Ingress_Enter AQAF72BY
2025-03-31 23:22:16,798 - INFO - Ingress_Exit AQAF72BY
2025-03-31 23:22:16,956 - INFO - Ingress_Enter 8MUP4UCY
2025-03-31 23:22:17,075 - INFO - Ingress_Enter FZ6EHYRE
2025-03-31 23:22:17,080 - INFO - Ingress_Exit 8MUP4UCY
2025-03-31 23:22:17,185 - INFO - Ingress_Exit FZ6EHYRE
2025-03-31 23:22:17,518 - INFO - Ingress_Enter E9XMO25W
2025-03-31 23:22:17,620 - INFO - Ingress_Enter ZWG0EBAL
2025-03-31 23:22:17,657 - INFO - Ingress_Exit E9XMO25W
2025-03-31 23:22:17,720 - INFO - Ingress_Exit ZWG0EBAL
2025-03-31 23:22:18,078 - INFO - Ingress_Enter H6HNHGMK
2025-03-31 23:22:18,205 - INFO - Ingress_Exit H6HNHGMK
2025-03-31 23:22:18,316 - INFO - Ingress_Enter 5QW0DIAQ
2025-03-31 23:22:18,427 - INFO - Ingress_Exit 5QW0DIAQ
2025-03-31 23:22:18,434 - INFO - Ingress_Enter A8UJEPHA
2025-03-31 23:22:18,559 - INFO - Ingress_Exit A8UJEPHA
2025-03-31 23:22:18,826 - INFO - Ingress_Enter GOYJ4WGO
2025-03-31 23:22:18,880 - INFO - Ingress_Enter 16ITOUUI
2025-03-31 23:22:18,911 - INFO - Ingress_Enter LND0R8F6
2025-03-31 23:22:18,938 - INFO - Ingress_Exit GOYJ4WGO
2025-03-31 23:22:18,973 - INFO - Ingress_Exit 16ITOUUI
2025-03-31 23:22:19,013 - INFO - Ingress_Exit LND0R8F6
2025-03-31 23:22:19,662 - INFO - Ingress_Enter FNE68FDR
2025-03-31 23:22:19,746 - INFO - Ingress_Enter G8N73OMF
2025-03-31 23:22:19,849 - INFO - Ingress_Enter 5G2ME4WV
2025-03-31 23:22:19,863 - INFO - Ingress_Exit G8N73OMF
2025-03-31 23:22:19,870 - INFO - Ingress_Exit FNE68FDR
2025-03-31 23:22:19,948 - INFO - Ingress_Exit 5G2ME4WV
2025-03-31 23:22:20,174 - INFO - Ingress_Enter TOER1910
2025-03-31 23:22:20,284 - INFO - Ingress_Exit TOER1910
2025-03-31 23:22:20,478 - INFO - Ingress_Enter RX8UJVXH
2025-03-31 23:22:20,569 - INFO - Ingress_Exit RX8UJVXH
2025-03-31 23:22:20,682 - INFO - Ingress_Enter 3HYEP6MA
2025-03-31 23:22:20,798 - INFO - Ingress_Exit 3HYEP6MA
2025-03-31 23:22:20,955 - INFO - Ingress_Enter T1U4N30Q
2025-03-31 23:22:20,972 - INFO - Ingress_Enter 89FOSKML
2025-03-31 23:22:21,074 - INFO - Ingress_Enter E2Y8ZI1J
2025-03-31 23:22:21,103 - INFO - Ingress_Exit 89FOSKML
2025-03-31 23:22:21,162 - INFO - Ingress_Exit T1U4N30Q
2025-03-31 23:22:21,218 - INFO - Ingress_Exit E2Y8ZI1J
2025-03-31 23:22:21,468 - INFO - Ingress_Enter 8S8NCC2Z
2025-03-31 23:22:21,582 - INFO - Ingress_Exit 8S8NCC2Z
2025-03-31 23:22:21,689 - INFO - Ingress_Enter O5JCV4WG
2025-03-31 23:22:21,825 - INFO - Ingress_Exit O5JCV4WG
2025-03-31 23:22:21,875 - INFO - Ingress_Enter AMU4VYVK
2025-03-31 23:22:21,926 - INFO - Ingress_Enter EE8L1LPS
2025-03-31 23:22:21,942 - INFO - Ingress_Enter R6YTZZF1
2025-03-31 23:22:22,023 - INFO - Ingress_Exit EE8L1LPS
2025-03-31 23:22:22,030 - INFO - Ingress_Exit AMU4VYVK
2025-03-31 23:22:22,092 - INFO - Ingress_Exit R6YTZZF1
2025-03-31 23:22:28,184 - INFO - Ingress_Enter EA97YPAR
2025-03-31 23:22:28,235 - INFO - Ingress_Enter PGN99BLU
2025-03-31 23:22:28,304 - INFO - Ingress_Exit EA97YPAR
2025-03-31 23:22:28,347 - INFO - Ingress_Exit PGN99BLU
2025-03-31 23:22:28,406 - INFO - Ingress_Enter FB0J32N0
2025-03-31 23:22:28,491 - INFO - Ingress_Enter 8DSYQV0Z
2025-03-31 23:22:28,506 - INFO - Ingress_Exit FB0J32N0
2025-03-31 23:22:28,646 - INFO - Ingress_Exit 8DSYQV0Z
2025-03-31 23:22:28,864 - INFO - Ingress_Enter 9I7OK2LL
2025-03-31 23:22:28,980 - INFO - Ingress_Enter XL89MPPC
2025-03-31 23:22:29,021 - INFO - Ingress_Exit 9I7OK2LL
2025-03-31 23:22:29,105 - INFO - Ingress_Exit XL89MPPC
2025-03-31 23:22:29,287 - INFO - Ingress_Enter M88F7R6N
2025-03-31 23:22:29,355 - INFO - Ingress_Enter CCCSAOOQ
2025-03-31 23:22:29,485 - INFO - Ingress_Exit CCCSAOOQ
2025-03-31 23:22:29,489 - INFO - Ingress_Exit M88F7R6N
2025-03-31 23:22:29,544 - INFO - Ingress_Enter LDGMORL0
2025-03-31 23:22:29,561 - INFO - Ingress_Enter IZN92TMG
2025-03-31 23:22:29,644 - INFO - Ingress_Exit LDGMORL0
2025-03-31 23:22:29,697 - INFO - Ingress_Enter O64MP50W
2025-03-31 23:22:29,706 - INFO - Ingress_Exit IZN92TMG
2025-03-31 23:22:29,765 - INFO - Ingress_Enter P81UUN7R
2025-03-31 23:22:29,793 - INFO - Ingress_Exit O64MP50W
2025-03-31 23:22:29,816 - INFO - Ingress_Enter CW1WXNF3
2025-03-31 23:22:29,939 - INFO - Ingress_Exit CW1WXNF3
2025-03-31 23:22:29,961 - INFO - Ingress_Exit P81UUN7R
2025-03-31 23:22:30,158 - INFO - Ingress_Enter F8J46VZT
2025-03-31 23:22:30,191 - INFO - Ingress_Enter LUSDMEES
2025-03-31 23:22:30,308 - INFO - Ingress_Exit LUSDMEES
2025-03-31 23:22:30,322 - INFO - Ingress_Exit F8J46VZT
2025-03-31 23:22:30,668 - INFO - Ingress_Enter 3L3LAKDL
2025-03-31 23:22:30,684 - INFO - Ingress_Enter UMWHDR0I
2025-03-31 23:22:30,794 - INFO - Ingress_Exit 3L3LAKDL
2025-03-31 23:22:30,808 - INFO - Ingress_Exit UMWHDR0I
2025-03-31 23:22:31,398 - INFO - Ingress_Enter IBFIIHRE
2025-03-31 23:22:31,504 - INFO - Ingress_Exit IBFIIHRE
2025-03-31 23:22:31,653 - INFO - Ingress_Enter GE7KBL1X
2025-03-31 23:22:31,774 - INFO - Ingress_Exit GE7KBL1X
2025-03-31 23:22:31,822 - INFO - Ingress_Enter 2TDJR945
2025-03-31 23:22:31,958 - INFO - Ingress_Exit 2TDJR945
2025-03-31 23:22:32,010 - INFO - Ingress_Enter 21OMAVRF
2025-03-31 23:22:32,028 - INFO - Ingress_Enter YH9BDRL8
2025-03-31 23:22:32,119 - INFO - Ingress_Exit 21OMAVRF
2025-03-31 23:22:32,157 - INFO - Ingress_Exit YH9BDRL8
2025-03-31 23:22:32,504 - INFO - Ingress_Enter 0D94WDIX
2025-03-31 23:22:32,619 - INFO - Ingress_Exit 0D94WDIX
2025-03-31 23:22:32,845 - INFO - Ingress_Enter UR7Y1P08
2025-03-31 23:22:32,944 - INFO - Ingress_Exit UR7Y1P08
2025-03-31 23:22:32,963 - INFO - Ingress_Enter 48K38KA0
2025-03-31 23:22:33,086 - INFO - Ingress_Exit 48K38KA0
2025-03-31 23:22:33,168 - INFO - Ingress_Enter EVUJH61E
2025-03-31 23:22:33,270 - INFO - Ingress_Enter KXTZ1MN2
2025-03-31 23:22:33,277 - INFO - Ingress_Exit EVUJH61E
2025-03-31 23:22:33,379 - INFO - Ingress_Exit KXTZ1MN2
2025-03-31 23:22:33,526 - INFO - Ingress_Enter JYU7FUHL
2025-03-31 23:22:33,628 - INFO - Ingress_Enter HJELDU92
2025-03-31 23:22:33,665 - INFO - Ingress_Exit JYU7FUHL
2025-03-31 23:22:33,729 - INFO - Ingress_Exit HJELDU92
2025-03-31 23:22:34,156 - INFO - Ingress_Enter JNA7YYX9
2025-03-31 23:22:34,298 - INFO - Ingress_Exit JNA7YYX9
2025-03-31 23:22:34,717 - INFO - Ingress_Enter ZAEMTEOQ
2025-03-31 23:22:34,785 - INFO - Ingress_Enter IV6EI0ET
2025-03-31 23:22:34,815 - INFO - Ingress_Exit ZAEMTEOQ
2025-03-31 23:22:34,853 - INFO - Ingress_Enter P0BCI97L
2025-03-31 23:22:34,888 - INFO - Ingress_Exit IV6EI0ET
2025-03-31 23:22:34,974 - INFO - Ingress_Exit P0BCI97L
2025-03-31 23:22:35,432 - INFO - Ingress_Enter ZRM4U5O1
2025-03-31 23:22:35,466 - INFO - Ingress_Enter HOCIQ46P
2025-03-31 23:22:35,500 - INFO - Ingress_Enter MT7BICER
2025-03-31 23:22:35,564 - INFO - Ingress_Exit HOCIQ46P
2025-03-31 23:22:35,601 - INFO - Ingress_Exit ZRM4U5O1
2025-03-31 23:22:35,634 - INFO - Ingress_Exit MT7BICER
2025-03-31 23:22:36,216 - INFO - Ingress_Enter YLWNVDKK
2025-03-31 23:22:36,336 - INFO - Ingress_Exit YLWNVDKK
2025-03-31 23:22:36,539 - INFO - Ingress_Enter OVTQCRI8
2025-03-31 23:22:36,574 - INFO - Ingress_Enter NITED3KF
2025-03-31 23:22:36,624 - INFO - Ingress_Enter 1IU8NIBC
2025-03-31 23:22:36,691 - INFO - Ingress_Exit NITED3KF
2025-03-31 23:22:36,713 - INFO - Ingress_Exit OVTQCRI8
2025-03-31 23:22:36,761 - INFO - Ingress_Exit 1IU8NIBC
2025-03-31 23:22:37,168 - INFO - Ingress_Enter 6JDCRSYE
2025-03-31 23:22:37,202 - INFO - Ingress_Enter WKAEDC3C
2025-03-31 23:22:37,283 - INFO - Ingress_Exit 6JDCRSYE
2025-03-31 23:22:37,318 - INFO - Ingress_Exit WKAEDC3C
2025-03-31 23:22:37,355 - INFO - Ingress_Enter P7KEJUCK
2025-03-31 23:22:37,458 - INFO - Ingress_Enter V23VGV3J
2025-03-31 23:22:37,492 - INFO - Ingress_Enter DUZ76UZD
2025-03-31 23:22:37,512 - INFO - Ingress_Exit P7KEJUCK
2025-03-31 23:22:37,602 - INFO - Ingress_Exit DUZ76UZD
2025-03-31 23:22:37,661 - INFO - Ingress_Exit V23VGV3J
2025-03-31 23:22:37,933 - INFO - Ingress_Enter L9EKQG8J
2025-03-31 23:22:38,001 - INFO - Ingress_Enter VL4UP6C1
2025-03-31 23:22:38,092 - INFO - Ingress_Exit L9EKQG8J
2025-03-31 23:22:38,114 - INFO - Ingress_Exit VL4UP6C1
2025-03-31 23:22:38,241 - INFO - Ingress_Enter 4K7QO8VG
2025-03-31 23:22:38,462 - INFO - Ingress_Exit 4K7QO8VG
2025-03-31 23:22:38,549 - INFO - Ingress_Enter JEMNIPJL
2025-03-31 23:22:38,649 - INFO - Ingress_Exit JEMNIPJL
2025-03-31 23:22:38,734 - INFO - Ingress_Enter 9IJ9XYAB
2025-03-31 23:22:38,768 - INFO - Ingress_Enter AKIGINEF
2025-03-31 23:22:38,827 - INFO - Ingress_Exit 9IJ9XYAB
2025-03-31 23:22:38,889 - INFO - Ingress_Exit AKIGINEF
2025-03-31 23:22:38,938 - INFO - Ingress_Enter 51Y9X9D6
2025-03-31 23:22:39,049 - INFO - Ingress_Exit 51Y9X9D6
2025-03-31 23:22:39,075 - INFO - Ingress_Enter W23HYS26
2025-03-31 23:22:39,190 - INFO - Ingress_Exit W23HYS26
2025-03-31 23:22:39,282 - INFO - Ingress_Enter Q1U7A6KN
2025-03-31 23:22:39,333 - INFO - Ingress_Enter 51UXFCQS
2025-03-31 23:22:39,366 - INFO - Ingress_Enter VJ4O8EH6
2025-03-31 23:22:39,378 - INFO - Ingress_Exit Q1U7A6KN
2025-03-31 23:22:39,444 - INFO - Ingress_Exit 51UXFCQS
2025-03-31 23:22:39,459 - INFO - Ingress_Exit VJ4O8EH6
2025-03-31 23:22:39,775 - INFO - Ingress_Enter 57ON1FRS
2025-03-31 23:22:39,882 - INFO - Ingress_Exit 57ON1FRS
2025-03-31 23:22:39,927 - INFO - Ingress_Enter IM2C1IT7
2025-03-31 23:22:39,996 - INFO - Ingress_Enter H78629ZQ
2025-03-31 23:22:40,070 - INFO - Ingress_Exit IM2C1IT7
2025-03-31 23:22:40,131 - INFO - Ingress_Enter KRLPW7OK
2025-03-31 23:22:40,139 - INFO - Ingress_Exit H78629ZQ
2025-03-31 23:22:40,222 - INFO - Ingress_Exit KRLPW7OK
2025-03-31 23:22:40,352 - INFO - Ingress_Enter R3PTMO9D
2025-03-31 23:22:40,460 - INFO - Ingress_Exit R3PTMO9D
2025-03-31 23:22:40,778 - INFO - Ingress_Enter 21HUQMTD
2025-03-31 23:22:40,830 - INFO - Ingress_Enter L2TOU89Y
2025-03-31 23:22:40,882 - INFO - Ingress_Exit 21HUQMTD
2025-03-31 23:22:40,895 - INFO - Ingress_Enter YERIZYNE
2025-03-31 23:22:40,922 - INFO - Ingress_Exit L2TOU89Y
2025-03-31 23:22:41,081 - INFO - Ingress_Exit YERIZYNE
2025-03-31 23:22:41,202 - INFO - Ingress_Enter HNQ4XHST
2025-03-31 23:22:41,306 - INFO - Ingress_Exit HNQ4XHST
2025-03-31 23:22:41,320 - INFO - Ingress_Enter OI88EY81
2025-03-31 23:22:41,460 - INFO - Ingress_Exit OI88EY81
2025-03-31 23:22:41,592 - INFO - Ingress_Enter 1DK88WKD
2025-03-31 23:22:41,696 - INFO - Ingress_Exit 1DK88WKD
2025-03-31 23:22:41,828 - INFO - Ingress_Enter NMLJ19X5
2025-03-31 23:22:41,930 - INFO - Ingress_Enter 4YQL4OIE
2025-03-31 23:22:41,974 - INFO - Ingress_Exit NMLJ19X5
2025-03-31 23:22:42,065 - INFO - Ingress_Exit 4YQL4OIE
2025-03-31 23:22:42,116 - INFO - Ingress_Enter GVAMWMO1
2025-03-31 23:22:42,215 - INFO - Ingress_Exit GVAMWMO1
2025-03-31 23:22:42,285 - INFO - Ingress_Enter 3Q6CXBJ7
2025-03-31 23:22:42,302 - INFO - Ingress_Enter 13VHJ83U
2025-03-31 23:22:42,403 - INFO - Ingress_Exit 13VHJ83U
2025-03-31 23:22:42,489 - INFO - Ingress_Exit 3Q6CXBJ7
2025-03-31 23:22:42,559 - INFO - Ingress_Enter RQ8TISPI
2025-03-31 23:22:42,670 - INFO - Ingress_Exit RQ8TISPI
2025-03-31 23:22:42,696 - INFO - Ingress_Enter DHADSEDR
2025-03-31 23:22:42,829 - INFO - Ingress_Exit DHADSEDR
2025-03-31 23:22:42,849 - INFO - Ingress_Enter CH6D1I7X
2025-03-31 23:22:42,916 - INFO - Ingress_Enter 2GGX4O0B
2025-03-31 23:22:42,970 - INFO - Ingress_Exit CH6D1I7X
2025-03-31 23:22:42,984 - INFO - Ingress_Enter M08N1DPT
2025-03-31 23:22:43,031 - INFO - Ingress_Exit 2GGX4O0B
2025-03-31 23:22:43,035 - INFO - Ingress_Enter LGRZWET5
2025-03-31 23:22:43,123 - INFO - Ingress_Exit M08N1DPT
2025-03-31 23:22:43,134 - INFO - Ingress_Exit LGRZWET5
2025-03-31 23:22:43,205 - INFO - Ingress_Enter 4QQHSRZC
2025-03-31 23:22:43,238 - INFO - Ingress_Enter 2YMFAUF7
2025-03-31 23:22:43,361 - INFO - Ingress_Exit 2YMFAUF7
2025-03-31 23:22:43,408 - INFO - Ingress_Exit 4QQHSRZC
2025-03-31 23:22:43,477 - INFO - Ingress_Enter KA8ES78E
2025-03-31 23:22:43,577 - INFO - Ingress_Exit KA8ES78E
2025-03-31 23:22:43,681 - INFO - Ingress_Enter 0O9SAZW6
2025-03-31 23:22:43,698 - INFO - Ingress_Enter DXOJ5KV1
2025-03-31 23:22:43,791 - INFO - Ingress_Exit DXOJ5KV1
2025-03-31 23:22:43,832 - INFO - Ingress_Exit 0O9SAZW6
2025-03-31 23:22:44,088 - INFO - Ingress_Enter 3ME1WF02
2025-03-31 23:22:44,234 - INFO - Ingress_Exit 3ME1WF02
2025-03-31 23:22:44,310 - INFO - Ingress_Enter D6F84KUY
2025-03-31 23:22:44,404 - INFO - Ingress_Exit D6F84KUY
2025-03-31 23:22:44,428 - INFO - Ingress_Enter 7FXNX656
2025-03-31 23:22:44,463 - INFO - Ingress_Enter KT6HI0OC
2025-03-31 23:22:44,594 - INFO - Ingress_Exit 7FXNX656
2025-03-31 23:22:44,625 - INFO - Ingress_Exit KT6HI0OC
2025-03-31 23:22:44,651 - INFO - Ingress_Enter Q1A0XWOI
2025-03-31 23:22:44,703 - INFO - Ingress_Enter CN367OS2
2025-03-31 23:22:44,817 - INFO - Ingress_Exit CN367OS2
2025-03-31 23:22:44,832 - INFO - Ingress_Exit Q1A0XWOI
2025-03-31 23:22:45,287 - INFO - Ingress_Enter AKWQI5VS
2025-03-31 23:22:45,384 - INFO - Ingress_Exit AKWQI5VS
2025-03-31 23:22:45,456 - INFO - Ingress_Enter 8BKYNKZ1
2025-03-31 23:22:45,523 - INFO - Ingress_Enter EJ3NFVHD
2025-03-31 23:22:45,558 - INFO - Ingress_Exit 8BKYNKZ1
2025-03-31 23:22:45,658 - INFO - Ingress_Enter 7YCFX678
2025-03-31 23:22:45,675 - INFO - Ingress_Enter LYYBKYSA
2025-03-31 23:22:45,682 - INFO - Ingress_Exit EJ3NFVHD
2025-03-31 23:22:45,774 - INFO - Ingress_Exit 7YCFX678
2025-03-31 23:22:45,804 - INFO - Ingress_Exit LYYBKYSA
2025-03-31 23:22:45,879 - INFO - Ingress_Enter AC06MLGD
2025-03-31 23:22:46,019 - INFO - Ingress_Exit AC06MLGD
2025-03-31 23:22:46,067 - INFO - Ingress_Enter BQB45SWL
2025-03-31 23:22:46,119 - INFO - Ingress_Enter 4EVSCY1N
2025-03-31 23:22:46,186 - INFO - Ingress_Enter DQK9HA3X
2025-03-31 23:22:46,192 - INFO - Ingress_Exit BQB45SWL
2025-03-31 23:22:46,281 - INFO - Ingress_Exit 4EVSCY1N
2025-03-31 23:22:46,311 - INFO - Ingress_Exit DQK9HA3X
2025-03-31 23:22:48,040 - INFO - Ingress_Enter DMB7Y3S2
2025-03-31 23:22:48,107 - INFO - Ingress_Enter JFZIQL2I
2025-03-31 23:22:48,158 - INFO - Ingress_Exit DMB7Y3S2
2025-03-31 23:22:48,207 - INFO - Ingress_Exit JFZIQL2I
2025-03-31 23:22:48,412 - INFO - Ingress_Enter 67XBYY2G
2025-03-31 23:22:48,463 - INFO - Ingress_Enter D7XRLD4Q
2025-03-31 23:22:48,479 - INFO - Ingress_Enter UHJEWUMY
2025-03-31 23:22:48,504 - INFO - Ingress_Exit 67XBYY2G
2025-03-31 23:22:48,559 - INFO - Ingress_Exit D7XRLD4Q
2025-03-31 23:22:48,564 - INFO - Ingress_Enter 03XZVUIX
2025-03-31 23:22:48,615 - INFO - Ingress_Exit UHJEWUMY
2025-03-31 23:22:48,695 - INFO - Ingress_Exit 03XZVUIX
2025-03-31 23:22:48,837 - INFO - Ingress_Enter B91NE7ES
2025-03-31 23:22:48,871 - INFO - Ingress_Enter 6Q41R6PV
2025-03-31 23:22:48,945 - INFO - Ingress_Exit B91NE7ES
2025-03-31 23:22:49,046 - INFO - Ingress_Exit 6Q41R6PV
2025-03-31 23:22:49,141 - INFO - Ingress_Enter 1BD862ZJ
2025-03-31 23:22:49,236 - INFO - Ingress_Exit 1BD862ZJ
2025-03-31 23:22:49,584 - INFO - Ingress_Enter ROK3FNJF
2025-03-31 23:22:49,706 - INFO - Ingress_Exit ROK3FNJF
2025-03-31 23:22:49,857 - INFO - Ingress_Enter 1HZQ3KQF
2025-03-31 23:22:49,969 - INFO - Ingress_Exit 1HZQ3KQF
2025-03-31 23:22:49,975 - INFO - Ingress_Enter LYNKYLQW
2025-03-31 23:22:50,045 - INFO - Ingress_Enter 4ESPDX8G
2025-03-31 23:22:50,125 - INFO - Ingress_Exit LYNKYLQW
2025-03-31 23:22:50,130 - INFO - Ingress_Enter WMQVIVGZ
2025-03-31 23:22:50,146 - INFO - Ingress_Exit 4ESPDX8G
2025-03-31 23:22:50,273 - INFO - Ingress_Exit WMQVIVGZ
2025-03-31 23:22:50,367 - INFO - Ingress_Enter E82T8F6B
2025-03-31 23:22:50,461 - INFO - Ingress_Exit E82T8F6B
2025-03-31 23:22:50,485 - INFO - Ingress_Enter LJISBC25
2025-03-31 23:22:50,586 - INFO - Ingress_Exit LJISBC25
2025-03-31 23:22:50,757 - INFO - Ingress_Enter N6GA92CI
2025-03-31 23:22:50,842 - INFO - Ingress_Enter 01XVO8RW
2025-03-31 23:22:50,866 - INFO - Ingress_Exit N6GA92CI
2025-03-31 23:22:50,937 - INFO - Ingress_Exit 01XVO8RW
2025-03-31 23:22:51,336 - INFO - Ingress_Enter CKCCSF6U
2025-03-31 23:22:51,507 - INFO - Ingress_Exit CKCCSF6U
2025-03-31 23:22:51,523 - INFO - Ingress_Enter H8M8DAM1
2025-03-31 23:22:51,624 - INFO - Ingress_Exit H8M8DAM1
2025-03-31 23:22:51,642 - INFO - Ingress_Enter 4W54J123
2025-03-31 23:22:51,693 - INFO - Ingress_Enter 46AV0UUL
2025-03-31 23:22:51,775 - INFO - Ingress_Exit 4W54J123
2025-03-31 23:22:51,795 - INFO - Ingress_Enter H81PBRM7
2025-03-31 23:22:51,850 - INFO - Ingress_Exit 46AV0UUL
2025-03-31 23:22:51,892 - INFO - Ingress_Exit H81PBRM7
2025-03-31 23:22:52,033 - INFO - Ingress_Enter BAN7DGH6
2025-03-31 23:22:52,186 - INFO - Ingress_Enter G34K8C5F
2025-03-31 23:22:52,235 - INFO - Ingress_Enter 76WJG5XY
2025-03-31 23:22:52,237 - INFO - Ingress_Exit BAN7DGH6
2025-03-31 23:22:52,331 - INFO - Ingress_Exit G34K8C5F
2025-03-31 23:22:52,360 - INFO - Ingress_Exit 76WJG5XY
2025-03-31 23:22:52,441 - INFO - Ingress_Enter 9HANYGKR
2025-03-31 23:22:52,475 - INFO - Ingress_Enter XSUTG0WQ
2025-03-31 23:22:52,587 - INFO - Ingress_Exit 9HANYGKR
2025-03-31 23:22:52,603 - INFO - Ingress_Exit XSUTG0WQ
2025-03-31 23:22:53,122 - INFO - Ingress_Enter SDW9V9KE
2025-03-31 23:22:53,267 - INFO - Ingress_Exit SDW9V9KE
2025-03-31 23:22:53,274 - INFO - Ingress_Enter N420L7DD
2025-03-31 23:22:53,308 - INFO - Ingress_Enter MVXA4N6B
2025-03-31 23:22:53,398 - INFO - Ingress_Exit N420L7DD
2025-03-31 23:22:53,410 - INFO - Ingress_Enter OCYYGIRW
2025-03-31 23:22:53,428 - INFO - Ingress_Exit MVXA4N6B
2025-03-31 23:22:53,533 - INFO - Ingress_Exit OCYYGIRW
2025-03-31 23:22:53,563 - INFO - Ingress_Enter 5YF15K62
2025-03-31 23:22:53,648 - INFO - Ingress_Enter RUV7UK77
2025-03-31 23:22:53,706 - INFO - Ingress_Exit 5YF15K62
2025-03-31 23:22:53,767 - INFO - Ingress_Enter U64UFKFY
2025-03-31 23:22:53,797 - INFO - Ingress_Exit RUV7UK77
2025-03-31 23:22:53,834 - INFO - Ingress_Enter FJNN2E91
2025-03-31 23:22:53,865 - INFO - Ingress_Exit U64UFKFY
2025-03-31 23:22:53,957 - INFO - Ingress_Exit FJNN2E91
2025-03-31 23:22:54,021 - INFO - Ingress_Enter OAVDD9E4
2025-03-31 23:22:54,158 - INFO - Ingress_Exit OAVDD9E4
2025-03-31 23:22:54,413 - INFO - Ingress_Enter Q4QW1JTD
2025-03-31 23:22:54,430 - INFO - Ingress_Enter VO88BFHH
2025-03-31 23:22:54,555 - INFO - Ingress_Exit Q4QW1JTD
2025-03-31 23:22:54,565 - INFO - Ingress_Exit VO88BFHH
2025-03-31 23:22:55,013 - INFO - Ingress_Enter MIS2G0RZ
2025-03-31 23:22:55,110 - INFO - Ingress_Exit MIS2G0RZ
2025-03-31 23:22:55,299 - INFO - Ingress_Enter GH3URGXK
2025-03-31 23:22:55,466 - INFO - Ingress_Exit GH3URGXK
2025-03-31 23:22:55,996 - INFO - Ingress_Enter T74T59AX
2025-03-31 23:22:56,118 - INFO - Ingress_Exit T74T59AX
2025-03-31 23:22:56,318 - INFO - Ingress_Enter FI2BN19C
2025-03-31 23:22:56,421 - INFO - Ingress_Enter 2R39HIXK
2025-03-31 23:22:56,488 - INFO - Ingress_Enter CF299JP2
2025-03-31 23:22:56,511 - INFO - Ingress_Exit FI2BN19C
2025-03-31 23:22:56,560 - INFO - Ingress_Exit 2R39HIXK
2025-03-31 23:22:56,589 - INFO - Ingress_Exit CF299JP2
2025-03-31 23:22:56,742 - INFO - Ingress_Enter YAVNWSZR
2025-03-31 23:22:56,853 - INFO - Ingress_Exit YAVNWSZR
2025-03-31 23:22:56,929 - INFO - Ingress_Enter 97Y33SRJ
2025-03-31 23:22:57,066 - INFO - Ingress_Exit 97Y33SRJ
2025-03-31 23:22:57,203 - INFO - Ingress_Enter QTXFIM28
2025-03-31 23:22:57,237 - INFO - Ingress_Enter FGNSUFYM
2025-03-31 23:22:57,296 - INFO - Ingress_Exit QTXFIM28
2025-03-31 23:22:57,453 - INFO - Ingress_Exit FGNSUFYM
2025-03-31 23:22:57,679 - INFO - Ingress_Enter 2UWJF0PJ
2025-03-31 23:22:57,695 - INFO - Ingress_Enter TIS92BLZ
2025-03-31 23:22:57,814 - INFO - Ingress_Enter D3P057X8
2025-03-31 23:22:57,820 - INFO - Ingress_Exit 2UWJF0PJ
2025-03-31 23:22:57,873 - INFO - Ingress_Exit TIS92BLZ
2025-03-31 23:22:57,916 - INFO - Ingress_Exit D3P057X8
2025-03-31 23:22:58,679 - INFO - Ingress_Enter FI4M826C
2025-03-31 23:22:58,891 - INFO - Ingress_Exit FI4M826C
2025-03-31 23:22:59,205 - INFO - Ingress_Enter AQFJDOZ5
2025-03-31 23:22:59,221 - INFO - Ingress_Enter SWCELCX5
2025-03-31 23:22:59,300 - INFO - Ingress_Exit AQFJDOZ5
2025-03-31 23:22:59,329 - INFO - Ingress_Exit SWCELCX5
2025-03-31 23:22:59,459 - INFO - Ingress_Enter 3TFSP5H6
2025-03-31 23:22:59,545 - INFO - Ingress_Enter JC25L3AA
2025-03-31 23:22:59,558 - INFO - Ingress_Exit 3TFSP5H6
2025-03-31 23:22:59,671 - INFO - Ingress_Exit JC25L3AA
2025-03-31 23:23:00,837 - INFO - Ingress_Enter 9XRWEG7Z
2025-03-31 23:23:00,938 - INFO - Ingress_Enter GTB9ZX7W
2025-03-31 23:23:00,969 - INFO - Ingress_Exit 9XRWEG7Z
2025-03-31 23:23:01,091 - INFO - Ingress_Enter 1BDZU4R7
2025-03-31 23:23:01,098 - INFO - Ingress_Exit GTB9ZX7W
2025-03-31 23:23:01,188 - INFO - Ingress_Exit 1BDZU4R7
2025-03-31 23:23:01,806 - INFO - Ingress_Enter IHB923BC
2025-03-31 23:23:01,900 - INFO - Ingress_Exit IHB923BC
2025-03-31 23:23:02,045 - INFO - Ingress_Enter 7U52JIQW
2025-03-31 23:23:02,198 - INFO - Ingress_Enter COD9FTZ8
2025-03-31 23:23:02,203 - INFO - Ingress_Exit 7U52JIQW
2025-03-31 23:23:02,353 - INFO - Ingress_Exit COD9FTZ8
2025-03-31 23:23:02,471 - INFO - Ingress_Enter W7NXLSR1
2025-03-31 23:23:02,584 - INFO - Ingress_Exit W7NXLSR1
2025-03-31 23:23:02,869 - INFO - Ingress_Enter QJW0FPR4
2025-03-31 23:23:02,918 - INFO - Ingress_Enter BJNX4LFI
2025-03-31 23:23:02,963 - INFO - Ingress_Exit QJW0FPR4
2025-03-31 23:23:03,032 - INFO - Ingress_Exit BJNX4LFI
2025-03-31 23:23:03,103 - INFO - Ingress_Enter 1TELPJ01
2025-03-31 23:23:03,214 - INFO - Ingress_Exit 1TELPJ01
2025-03-31 23:23:03,323 - INFO - Ingress_Enter 3HPFFZKC
2025-03-31 23:23:03,407 - INFO - Ingress_Enter 6QIYZ6RS
2025-03-31 23:23:03,492 - INFO - Ingress_Exit 3HPFFZKC
2025-03-31 23:23:03,504 - INFO - Ingress_Exit 6QIYZ6RS
2025-03-31 23:23:03,560 - INFO - Ingress_Enter SXU8V4FY
2025-03-31 23:23:03,667 - INFO - Ingress_Exit SXU8V4FY
2025-03-31 23:23:04,088 - INFO - Ingress_Enter 0N2OCRDU
2025-03-31 23:23:04,183 - INFO - Ingress_Exit 0N2OCRDU
2025-03-31 23:23:04,189 - INFO - Ingress_Enter STYD1DSP
2025-03-31 23:23:04,291 - INFO - Ingress_Enter DX1VA0EG
2025-03-31 23:23:04,301 - INFO - Ingress_Exit STYD1DSP
2025-03-31 23:23:04,389 - INFO - Ingress_Exit DX1VA0EG
2025-03-31 23:23:05,006 - INFO - Ingress_Enter 9P7T0CXN
2025-03-31 23:23:05,125 - INFO - Ingress_Enter UKNY2NDO
2025-03-31 23:23:05,138 - INFO - Ingress_Exit 9P7T0CXN
2025-03-31 23:23:05,159 - INFO - Ingress_Enter C4BX5U3D
2025-03-31 23:23:05,229 - INFO - Ingress_Exit UKNY2NDO
2025-03-31 23:23:05,261 - INFO - Ingress_Enter A069AQU0
2025-03-31 23:23:05,266 - INFO - Ingress_Exit C4BX5U3D
2025-03-31 23:23:05,373 - INFO - Ingress_Exit A069AQU0
2025-03-31 23:23:05,463 - INFO - Ingress_Enter X1W0D3XV
2025-03-31 23:23:05,531 - INFO - Ingress_Enter HSWBGQYG
2025-03-31 23:23:05,619 - INFO - Ingress_Exit X1W0D3XV
2025-03-31 23:23:05,673 - INFO - Ingress_Exit HSWBGQYG
2025-03-31 23:23:05,989 - INFO - Ingress_Enter B8OR7YLM
2025-03-31 23:23:06,110 - INFO - Ingress_Exit B8OR7YLM
2025-03-31 23:23:06,260 - INFO - Ingress_Enter 00OMA0F7
2025-03-31 23:23:06,381 - INFO - Ingress_Exit 00OMA0F7
2025-03-31 23:23:06,395 - INFO - Ingress_Enter FUHERIW7
2025-03-31 23:23:06,536 - INFO - Ingress_Exit FUHERIW7
2025-03-31 23:23:06,700 - INFO - Ingress_Enter 87ATGS2Q
2025-03-31 23:23:06,717 - INFO - Ingress_Enter GBVAIDRA
2025-03-31 23:23:06,853 - INFO - Ingress_Exit 87ATGS2Q
2025-03-31 23:23:06,872 - INFO - Ingress_Enter K12Q7XIG
2025-03-31 23:23:06,878 - INFO - Ingress_Exit GBVAIDRA
2025-03-31 23:23:07,034 - INFO - Ingress_Exit K12Q7XIG
2025-03-31 23:23:07,167 - INFO - Ingress_Enter LULE7AH5
2025-03-31 23:23:07,260 - INFO - Ingress_Exit LULE7AH5
2025-03-31 23:23:07,264 - INFO - Ingress_Enter QHGP612A
2025-03-31 23:23:07,281 - INFO - Ingress_Enter EXXJ4IYY
2025-03-31 23:23:07,375 - INFO - Ingress_Exit EXXJ4IYY
2025-03-31 23:23:07,382 - INFO - Ingress_Enter UKZ79V26
2025-03-31 23:23:07,407 - INFO - Ingress_Exit QHGP612A
2025-03-31 23:23:07,494 - INFO - Ingress_Exit UKZ79V26
2025-03-31 23:23:07,620 - INFO - Ingress_Enter Z9NQJPOL
2025-03-31 23:23:07,705 - INFO - Ingress_Enter F9MV9Y02
2025-03-31 23:23:07,735 - INFO - Ingress_Exit Z9NQJPOL
2025-03-31 23:23:07,825 - INFO - Ingress_Exit F9MV9Y02
2025-03-31 23:23:07,841 - INFO - Ingress_Enter EHCFN18Y
2025-03-31 23:23:07,910 - INFO - Ingress_Enter 2GHZGCRK
2025-03-31 23:23:07,989 - INFO - Ingress_Exit EHCFN18Y
2025-03-31 23:23:08,100 - INFO - Ingress_Exit 2GHZGCRK
2025-03-31 23:23:08,236 - INFO - Ingress_Enter ZNB8XZG1
2025-03-31 23:23:08,382 - INFO - Ingress_Exit ZNB8XZG1
2025-03-31 23:23:08,389 - INFO - Ingress_Enter JCFEL9YZ
2025-03-31 23:23:08,697 - INFO - Ingress_Exit JCFEL9YZ
2025-03-31 23:23:08,729 - INFO - Ingress_Enter 6Q3HWDX7
2025-03-31 23:23:08,746 - INFO - Ingress_Enter DK79XWKE
2025-03-31 23:23:08,814 - INFO - Ingress_Enter 2I2BLVQX
2025-03-31 23:23:08,844 - INFO - Ingress_Exit 6Q3HWDX7
2025-03-31 23:23:08,907 - INFO - Ingress_Exit DK79XWKE
2025-03-31 23:23:08,913 - INFO - Ingress_Exit 2I2BLVQX
2025-03-31 23:23:08,932 - INFO - Ingress_Enter SWSWZ8FO
2025-03-31 23:23:09,027 - INFO - Ingress_Exit SWSWZ8FO
2025-03-31 23:23:09,343 - INFO - Ingress_Enter Y2DDGBM6
2025-03-31 23:23:09,440 - INFO - Ingress_Exit Y2DDGBM6
2025-03-31 23:23:09,564 - INFO - Ingress_Enter MDJU98LL
2025-03-31 23:23:09,680 - INFO - Ingress_Exit MDJU98LL
