2025-04-01 02:42:31,245 - INFO - StepB_Enter Q4OTLKGC
2025-04-01 02:42:31,513 - INFO - StepB_Exit Q4OTLKGC
2025-04-01 02:42:31,514 - INFO - StepB_Enter 2SJI0BX1
StepB_Enter 0ZLDD2ZE
StepB_Enter RS3DIEIL
StepB_Enter QXQ8UOJP
StepB_Enter ZGY2MN0L
StepB_Enter HUN7WURM
2025-04-01 02:42:31,733 - INFO - StepB_Exit 2SJI0BX1
StepB_Exit 0ZLDD2ZE
StepB_Exit RS3DIEIL
StepB_Exit QXQ8UOJP
StepB_Exit ZGY2MN0L
StepB_Exit HUN7WURM
2025-04-01 02:42:31,735 - INFO - StepB_Enter T32FZEXJ
StepB_Enter O9LVX586
StepB_Enter 6VLSJLC6
StepB_Enter 6GF384XR
StepB_Enter XBB98CHN
StepB_Enter YMK1OWL9
StepB_Enter 82FXE5TE
StepB_Enter 85G8DO8F
StepB_Enter ABI8XK4L
StepB_Enter FIHYKDMA
StepB_Enter 1K1Q23PX
StepB_Enter NKV7JJM3
2025-04-01 02:42:32,005 - INFO - StepB_Exit T32FZEXJ
StepB_Exit O9LVX586
StepB_Exit 6VLSJLC6
StepB_Exit 6GF384XR
StepB_Exit XBB98CHN
StepB_Exit YMK1OWL9
StepB_Exit 82FXE5TE
StepB_Exit 85G8DO8F
StepB_Exit ABI8XK4L
StepB_Exit FIHYKDMA
StepB_Exit 1K1Q23PX
StepB_Exit NKV7JJM3
2025-04-01 02:42:32,007 - INFO - StepB_Enter HGAPSBIL
StepB_Enter K27XE0II
StepB_Enter 52HJ3HW5
StepB_Enter CI8IJ7QX
StepB_Enter 84A3Y8NF
StepB_Enter RI18GBGP
StepB_Enter NDGQ9I4M
2025-04-01 02:42:32,176 - INFO - StepB_Exit HGAPSBIL
StepB_Exit K27XE0II
StepB_Exit 52HJ3HW5
StepB_Exit CI8IJ7QX
StepB_Exit 84A3Y8NF
StepB_Exit RI18GBGP
StepB_Exit NDGQ9I4M
2025-04-01 02:42:32,177 - INFO - StepB_Enter SOT6SNQC
StepB_Enter 3GL4OIUY
StepB_Enter Q1MLFCGQ
2025-04-01 02:42:32,257 - INFO - StepB_Exit SOT6SNQC
StepB_Exit 3GL4OIUY
StepB_Exit Q1MLFCGQ
2025-04-01 02:42:32,260 - INFO - StepB_Enter UVGZ5PON
StepB_Enter 918DHKFU
2025-04-01 02:42:32,319 - INFO - StepB_Exit UVGZ5PON
StepB_Exit 918DHKFU
2025-04-01 02:42:32,320 - INFO - StepB_Enter 8K3FZ6PH
StepB_Enter WN9FKW57
2025-04-01 02:42:32,375 - INFO - StepB_Exit 8K3FZ6PH
StepB_Exit WN9FKW57
2025-04-01 02:42:32,446 - INFO - StepB_Enter K63WSR4O
2025-04-01 02:42:32,478 - INFO - StepB_Exit K63WSR4O
2025-04-01 02:42:32,479 - INFO - StepB_Enter JEPXODCB
StepB_Enter KC1DK48T
2025-04-01 02:42:32,533 - INFO - StepB_Exit JEPXODCB
StepB_Exit KC1DK48T
2025-04-01 02:42:32,556 - INFO - StepB_Enter 7HSIVUM3
2025-04-01 02:42:32,588 - INFO - StepB_Exit 7HSIVUM3
2025-04-01 02:42:32,590 - INFO - StepB_Enter 7YQ3U31J
2025-04-01 02:42:32,621 - INFO - StepB_Exit 7YQ3U31J
2025-04-01 02:42:32,623 - INFO - StepB_Enter YS9UD3MI
2025-04-01 02:42:32,655 - INFO - StepB_Exit YS9UD3MI
2025-04-01 02:42:32,751 - INFO - StepB_Enter EZCYA395
2025-04-01 02:42:32,782 - INFO - StepB_Exit EZCYA395
2025-04-01 02:42:32,937 - INFO - StepB_Enter YYIKMIA4
2025-04-01 02:42:32,969 - INFO - StepB_Exit YYIKMIA4
2025-04-01 02:42:32,970 - INFO - StepB_Enter D122BNP4
2025-04-01 02:42:33,002 - INFO - StepB_Exit D122BNP4
2025-04-01 02:42:33,003 - INFO - StepB_Enter IJ0VCT82
2025-04-01 02:42:33,034 - INFO - StepB_Exit IJ0VCT82
2025-04-01 02:42:33,099 - INFO - StepB_Enter Z2VH9FTH
2025-04-01 02:42:33,130 - INFO - StepB_Exit Z2VH9FTH
2025-04-01 02:42:33,165 - INFO - StepB_Enter 4AAN8H1Q
2025-04-01 02:42:33,196 - INFO - StepB_Exit 4AAN8H1Q
2025-04-01 02:42:33,218 - INFO - StepB_Enter 99MLIHCZ
2025-04-01 02:42:33,249 - INFO - StepB_Exit 99MLIHCZ
2025-04-01 02:42:33,250 - INFO - StepB_Enter 7UID2O2L
StepB_Enter 2LLNL6WK
2025-04-01 02:42:33,304 - INFO - StepB_Exit 7UID2O2L
StepB_Exit 2LLNL6WK
2025-04-01 02:42:33,353 - INFO - StepB_Enter 4NAFNJJQ
2025-04-01 02:42:33,385 - INFO - StepB_Exit 4NAFNJJQ
2025-04-01 02:42:33,386 - INFO - StepB_Enter W92TCY16
2025-04-01 02:42:33,623 - INFO - StepB_Exit W92TCY16
2025-04-01 02:42:33,625 - INFO - StepB_Enter HAK6E1BQ
StepB_Enter LQKPVQ4W
StepB_Enter 9SZI42VR
StepB_Enter 2SPDW8CN
StepB_Enter DOFBV64Q
StepB_Enter 72UAENTD
2025-04-01 02:42:33,776 - INFO - StepB_Exit HAK6E1BQ
StepB_Exit LQKPVQ4W
StepB_Exit 9SZI42VR
StepB_Exit 2SPDW8CN
StepB_Exit DOFBV64Q
StepB_Exit 72UAENTD
2025-04-01 02:42:33,909 - INFO - StepB_Enter UXSXFR2T
2025-04-01 02:42:33,942 - INFO - StepB_Exit UXSXFR2T
2025-04-01 02:42:33,943 - INFO - StepB_Enter P855DUJ8
2025-04-01 02:42:33,974 - INFO - StepB_Exit P855DUJ8
2025-04-01 02:42:34,022 - INFO - StepB_Enter 4GTZZV3T
2025-04-01 02:42:34,053 - INFO - StepB_Exit 4GTZZV3T
2025-04-01 02:42:34,055 - INFO - StepB_Enter NWCY9ERY
2025-04-01 02:42:34,086 - INFO - StepB_Exit NWCY9ERY
2025-04-01 02:42:34,180 - INFO - StepB_Enter F6CQVNUX
2025-04-01 02:42:34,216 - INFO - StepB_Exit F6CQVNUX
2025-04-01 02:42:34,217 - INFO - StepB_Enter P41ZLPZ0
StepB_Enter 5FH9DNCC
StepB_Enter U8OSWH3Q
2025-04-01 02:42:34,294 - INFO - StepB_Exit P41ZLPZ0
StepB_Exit 5FH9DNCC
StepB_Exit U8OSWH3Q
2025-04-01 02:42:34,295 - INFO - StepB_Enter 2A82KFYG
StepB_Enter J2PH8L9I
2025-04-01 02:42:34,351 - INFO - StepB_Exit 2A82KFYG
StepB_Exit J2PH8L9I
2025-04-01 02:42:34,418 - INFO - StepB_Enter 0DQXHTXZ
2025-04-01 02:42:34,450 - INFO - StepB_Exit 0DQXHTXZ
2025-04-01 02:42:34,451 - INFO - StepB_Enter 6CDNMGGO
2025-04-01 02:42:34,483 - INFO - StepB_Exit 6CDNMGGO
2025-04-01 02:42:34,484 - INFO - StepB_Enter JFNRWOL2
StepB_Enter 18V6NITJ
2025-04-01 02:42:34,538 - INFO - StepB_Exit JFNRWOL2
StepB_Exit 18V6NITJ
2025-04-01 02:42:34,540 - INFO - StepB_Enter DY6CYM0G
2025-04-01 02:42:34,573 - INFO - StepB_Exit DY6CYM0G
2025-04-01 02:42:34,577 - INFO - StepB_Enter X05UTERC
2025-04-01 02:42:34,608 - INFO - StepB_Exit X05UTERC
2025-04-01 02:42:34,610 - INFO - StepB_Enter XPXY3G7Z
StepB_Enter 3GEQEG1V
StepB_Enter QVZIDV75
2025-04-01 02:42:34,686 - INFO - StepB_Exit XPXY3G7Z
StepB_Exit 3GEQEG1V
StepB_Exit QVZIDV75
2025-04-01 02:42:34,688 - INFO - StepB_Enter NXGJUXS8
StepB_Enter 1MA9DAU6
StepB_Enter SO3JZ0HT
StepB_Enter ZPNO75VV
StepB_Enter 1RR1T3WS
2025-04-01 02:42:34,816 - INFO - StepB_Exit NXGJUXS8
StepB_Exit 1MA9DAU6
StepB_Exit SO3JZ0HT
StepB_Exit ZPNO75VV
StepB_Exit 1RR1T3WS
2025-04-01 02:42:34,818 - INFO - StepB_Enter G2DITGQ7
StepB_Enter PP9Z2Z8I
StepB_Enter XEYIJTFW
StepB_Enter YTF70KXY
2025-04-01 02:42:34,921 - INFO - StepB_Exit G2DITGQ7
StepB_Exit PP9Z2Z8I
StepB_Exit XEYIJTFW
StepB_Exit YTF70KXY
2025-04-01 02:42:34,923 - INFO - StepB_Enter 7UK6S64G
StepB_Enter 2RVO1RSX
StepB_Enter X8K2G6TO
StepB_Enter 5IAGRMRG
2025-04-01 02:42:35,025 - INFO - StepB_Exit 7UK6S64G
StepB_Exit 2RVO1RSX
StepB_Exit X8K2G6TO
StepB_Exit 5IAGRMRG
2025-04-01 02:42:35,027 - INFO - StepB_Enter HX238A22
StepB_Enter K6MF3TZR
StepB_Enter 8SCSSJDF
StepB_Enter CP9YOB2H
2025-04-01 02:42:35,128 - INFO - StepB_Exit HX238A22
StepB_Exit K6MF3TZR
StepB_Exit 8SCSSJDF
StepB_Exit CP9YOB2H
2025-04-01 02:42:35,130 - INFO - StepB_Enter FACMVWH4
StepB_Enter LLBHIRW9
StepB_Enter L3OBZ2VR
StepB_Enter KZY4HEQ7
2025-04-01 02:42:35,232 - INFO - StepB_Exit FACMVWH4
StepB_Exit LLBHIRW9
StepB_Exit L3OBZ2VR
StepB_Exit KZY4HEQ7
2025-04-01 02:42:35,234 - INFO - StepB_Enter 8AX19F4C
StepB_Enter 9EB9LQCE
StepB_Enter F3RKPA01
StepB_Enter 99AU659C
StepB_Enter 7SHHIB6L
2025-04-01 02:42:35,363 - INFO - StepB_Exit 8AX19F4C
StepB_Exit 9EB9LQCE
StepB_Exit F3RKPA01
StepB_Exit 99AU659C
StepB_Exit 7SHHIB6L
2025-04-01 02:42:35,366 - INFO - StepB_Enter GL4ZV35V
StepB_Enter YI6JL0PU
StepB_Enter S3GCGIG0
StepB_Enter UVF0J4UR
StepB_Enter WA93WRCY
StepB_Enter N4IG7GD0
2025-04-01 02:42:35,517 - INFO - StepB_Exit GL4ZV35V
StepB_Exit YI6JL0PU
StepB_Exit S3GCGIG0
StepB_Exit UVF0J4UR
StepB_Exit WA93WRCY
StepB_Exit N4IG7GD0
2025-04-01 02:42:35,520 - INFO - StepB_Enter CYP0K72R
StepB_Enter ICWFSINB
2025-04-01 02:42:35,577 - INFO - StepB_Exit CYP0K72R
StepB_Exit ICWFSINB
2025-04-01 02:42:35,578 - INFO - StepB_Enter MAJPDYRI
2025-04-01 02:42:35,610 - INFO - StepB_Exit MAJPDYRI
2025-04-01 02:42:35,612 - INFO - StepB_Enter E7ASQU4B
2025-04-01 02:42:35,644 - INFO - StepB_Exit E7ASQU4B
2025-04-01 02:42:35,682 - INFO - StepB_Enter R7CP5LO6
2025-04-01 02:42:35,714 - INFO - StepB_Exit R7CP5LO6
2025-04-01 02:42:35,741 - INFO - StepB_Enter SZD4A6NH
2025-04-01 02:42:35,772 - INFO - StepB_Exit SZD4A6NH
2025-04-01 02:42:35,843 - INFO - StepB_Enter OP9NDKL8
2025-04-01 02:42:35,874 - INFO - StepB_Exit OP9NDKL8
2025-04-01 02:42:35,875 - INFO - StepB_Enter 8ASFNL6G
StepB_Enter DZKEA01J
2025-04-01 02:42:35,929 - INFO - StepB_Exit 8ASFNL6G
StepB_Exit DZKEA01J
2025-04-01 02:42:35,931 - INFO - StepB_Enter YU7PMBIO
StepB_Enter G9DY0CQK
2025-04-01 02:42:35,985 - INFO - StepB_Exit YU7PMBIO
StepB_Exit G9DY0CQK
2025-04-01 02:42:35,986 - INFO - StepB_Enter WUO9TUNE
2025-04-01 02:42:36,019 - INFO - StepB_Exit WUO9TUNE
2025-04-01 02:42:36,021 - INFO - StepB_Enter 93QF6QIQ
2025-04-01 02:42:36,053 - INFO - StepB_Exit 93QF6QIQ
2025-04-01 02:42:36,055 - INFO - StepB_Enter I1SPGJ98
2025-04-01 02:42:36,087 - INFO - StepB_Exit I1SPGJ98
2025-04-01 02:42:36,156 - INFO - StepB_Enter SSGFF9GU
2025-04-01 02:42:36,187 - INFO - StepB_Exit SSGFF9GU
2025-04-01 02:42:36,188 - INFO - StepB_Enter J5IU9S55
2025-04-01 02:42:36,220 - INFO - StepB_Exit J5IU9S55
2025-04-01 02:42:36,221 - INFO - StepB_Enter XF93PSFG
2025-04-01 02:42:36,252 - INFO - StepB_Exit XF93PSFG
2025-04-01 02:42:36,253 - INFO - StepB_Enter U2OMOOUN
2025-04-01 02:42:36,285 - INFO - StepB_Exit U2OMOOUN
2025-04-01 02:42:36,335 - INFO - StepB_Enter ZETLJ836
2025-04-01 02:42:36,365 - INFO - StepB_Exit ZETLJ836
2025-04-01 02:42:36,379 - INFO - StepB_Enter KB6AE3CU
2025-04-01 02:42:36,410 - INFO - StepB_Exit KB6AE3CU
2025-04-01 02:42:36,411 - INFO - StepB_Enter NCLG7WDR
2025-04-01 02:42:36,442 - INFO - StepB_Exit NCLG7WDR
2025-04-01 02:42:36,462 - INFO - StepB_Enter IU39R3KD
2025-04-01 02:42:36,493 - INFO - StepB_Exit IU39R3KD
2025-04-01 02:42:36,494 - INFO - StepB_Enter XEN87GQ9
StepB_Enter RRWYMO12
2025-04-01 02:42:36,548 - INFO - StepB_Exit XEN87GQ9
StepB_Exit RRWYMO12
2025-04-01 02:42:36,553 - INFO - StepB_Enter 75M8DFTC
2025-04-01 02:42:36,584 - INFO - StepB_Exit 75M8DFTC
2025-04-01 02:42:36,586 - INFO - StepB_Enter CZGEAG0V
2025-04-01 02:42:36,617 - INFO - StepB_Exit CZGEAG0V
2025-04-01 02:42:36,618 - INFO - StepB_Enter 9X11LLYO
2025-04-01 02:42:36,650 - INFO - StepB_Exit 9X11LLYO
2025-04-01 02:42:36,651 - INFO - StepB_Enter EXT1UFAK
2025-04-01 02:42:36,682 - INFO - StepB_Exit EXT1UFAK
2025-04-01 02:42:36,684 - INFO - StepB_Enter MHJ9BAA2
2025-04-01 02:42:36,715 - INFO - StepB_Exit MHJ9BAA2
2025-04-01 02:42:36,716 - INFO - StepB_Enter JITECUE3
StepB_Enter 6MA781WQ
2025-04-01 02:42:36,770 - INFO - StepB_Exit JITECUE3
StepB_Exit 6MA781WQ
2025-04-01 02:42:36,771 - INFO - StepB_Enter 03171LGM
StepB_Enter J26UD0J7
2025-04-01 02:42:36,825 - INFO - StepB_Exit 03171LGM
StepB_Exit J26UD0J7
2025-04-01 02:42:36,829 - INFO - StepB_Enter VR9QGZXZ
2025-04-01 02:42:36,861 - INFO - StepB_Exit VR9QGZXZ
2025-04-01 02:42:36,862 - INFO - StepB_Enter BGE67KFA
StepB_Enter JA1CVZH3
2025-04-01 02:42:36,916 - INFO - StepB_Exit BGE67KFA
StepB_Exit JA1CVZH3
2025-04-01 02:42:36,917 - INFO - StepB_Enter MFQVLDE9
StepB_Enter BPAB27H2
2025-04-01 02:42:36,972 - INFO - StepB_Exit MFQVLDE9
StepB_Exit BPAB27H2
2025-04-01 02:42:36,974 - INFO - StepB_Enter VEGUYEYJ
StepB_Enter BTNIAVQA
StepB_Enter YNMNSQ0B
2025-04-01 02:42:37,051 - INFO - StepB_Exit VEGUYEYJ
StepB_Exit BTNIAVQA
StepB_Exit YNMNSQ0B
2025-04-01 02:42:37,053 - INFO - StepB_Enter CX90CYV9
StepB_Enter PU7RFPWL
2025-04-01 02:42:37,109 - INFO - StepB_Exit CX90CYV9
StepB_Exit PU7RFPWL
2025-04-01 02:42:37,110 - INFO - StepB_Enter 87FQPVYR
2025-04-01 02:42:37,142 - INFO - StepB_Exit 87FQPVYR
2025-04-01 02:42:37,144 - INFO - StepB_Enter NWKYB3UG
2025-04-01 02:42:37,176 - INFO - StepB_Exit NWKYB3UG
2025-04-01 02:42:37,177 - INFO - StepB_Enter EF8GFEOZ
2025-04-01 02:42:37,209 - INFO - StepB_Exit EF8GFEOZ
2025-04-01 02:42:37,242 - INFO - StepB_Enter 9BJU8OPC
2025-04-01 02:42:37,273 - INFO - StepB_Exit 9BJU8OPC
2025-04-01 02:42:37,276 - INFO - StepB_Enter SFTKVGSY
StepB_Enter JYG54GER
StepB_Enter V2APXMLM
2025-04-01 02:42:37,354 - INFO - StepB_Exit SFTKVGSY
StepB_Exit JYG54GER
StepB_Exit V2APXMLM
2025-04-01 02:42:37,356 - INFO - StepB_Enter P97D4RQ6
StepB_Enter X1MD05DG
StepB_Enter P8WMW70B
2025-04-01 02:42:37,435 - INFO - StepB_Exit P97D4RQ6
StepB_Exit X1MD05DG
StepB_Exit P8WMW70B
2025-04-01 02:42:37,436 - INFO - StepB_Enter WNINZLSS
StepB_Enter O1Y3B8BX
2025-04-01 02:42:37,494 - INFO - StepB_Exit WNINZLSS
StepB_Exit O1Y3B8BX
2025-04-01 02:42:37,496 - INFO - StepB_Enter D7JQRYJZ
StepB_Enter O7OEWMKP
2025-04-01 02:42:37,550 - INFO - StepB_Exit D7JQRYJZ
StepB_Exit O7OEWMKP
2025-04-01 02:42:37,551 - INFO - StepB_Enter TEAB7HCV
StepB_Enter V6L8OKLG
StepB_Enter VSFI3EYI
2025-04-01 02:42:37,628 - INFO - StepB_Exit TEAB7HCV
StepB_Exit V6L8OKLG
StepB_Exit VSFI3EYI
2025-04-01 02:42:37,629 - INFO - StepB_Enter MXQRI0JW
StepB_Enter 62YTDO7M
2025-04-01 02:42:37,685 - INFO - StepB_Exit MXQRI0JW
StepB_Exit 62YTDO7M
2025-04-01 02:42:37,686 - INFO - StepB_Enter 8CI9YRI4
2025-04-01 02:42:37,719 - INFO - StepB_Exit 8CI9YRI4
2025-04-01 02:42:37,720 - INFO - StepB_Enter N99D7L26
2025-04-01 02:42:37,751 - INFO - StepB_Exit N99D7L26
2025-04-01 02:42:37,752 - INFO - StepB_Enter BH0KS5GG
2025-04-01 02:42:37,784 - INFO - StepB_Exit BH0KS5GG
2025-04-01 02:42:37,808 - INFO - StepB_Enter BJPCDJLU
2025-04-01 02:42:37,839 - INFO - StepB_Exit BJPCDJLU
2025-04-01 02:42:37,851 - INFO - StepB_Enter O06TEQ5C
2025-04-01 02:42:37,882 - INFO - StepB_Exit O06TEQ5C
2025-04-01 02:42:37,959 - INFO - StepB_Enter GHQWNZ5L
2025-04-01 02:42:37,990 - INFO - StepB_Exit GHQWNZ5L
2025-04-01 02:42:37,991 - INFO - StepB_Enter 5EQVRBN2
StepB_Enter ALPNV5PA
2025-04-01 02:42:38,046 - INFO - StepB_Exit 5EQVRBN2
StepB_Exit ALPNV5PA
2025-04-01 02:42:38,047 - INFO - StepB_Enter DCRUCWMZ
StepB_Enter FC9L117U
2025-04-01 02:42:38,102 - INFO - StepB_Exit DCRUCWMZ
StepB_Exit FC9L117U
2025-04-01 02:42:38,103 - INFO - StepB_Enter 39XKA2D1
2025-04-01 02:42:38,135 - INFO - StepB_Exit 39XKA2D1
2025-04-01 02:42:38,137 - INFO - StepB_Enter V1NV7L4L
StepB_Enter P8XNNNO9
2025-04-01 02:42:38,191 - INFO - StepB_Exit V1NV7L4L
StepB_Exit P8XNNNO9
2025-04-01 02:42:38,192 - INFO - StepB_Enter SM5Q2XTU
2025-04-01 02:42:38,224 - INFO - StepB_Exit SM5Q2XTU
2025-04-01 02:42:38,255 - INFO - StepB_Enter HQFM28FC
2025-04-01 02:42:38,286 - INFO - StepB_Exit HQFM28FC
2025-04-01 02:42:38,294 - INFO - StepB_Enter FX1TQ5H2
2025-04-01 02:42:38,325 - INFO - StepB_Exit FX1TQ5H2
2025-04-01 02:42:38,326 - INFO - StepB_Enter 0KNTOZQ3
2025-04-01 02:42:38,358 - INFO - StepB_Exit 0KNTOZQ3
2025-04-01 02:42:38,359 - INFO - StepB_Enter 664F6NO2
2025-04-01 02:42:38,391 - INFO - StepB_Exit 664F6NO2
2025-04-01 02:42:38,392 - INFO - StepB_Enter GFPSDO3R
StepB_Enter 347K1889
2025-04-01 02:42:38,446 - INFO - StepB_Exit GFPSDO3R
StepB_Exit 347K1889
2025-04-01 02:42:38,448 - INFO - StepB_Enter CLDISQJZ
StepB_Enter CUCV8OHA
StepB_Enter XAJM5FNI
2025-04-01 02:42:38,525 - INFO - StepB_Exit CLDISQJZ
StepB_Exit CUCV8OHA
StepB_Exit XAJM5FNI
2025-04-01 02:42:38,527 - INFO - StepB_Enter F54YPTQM
StepB_Enter 125VZPNL
StepB_Enter OYEPT5FL
StepB_Enter JAZNJBAY
2025-04-01 02:42:38,628 - INFO - StepB_Exit F54YPTQM
StepB_Exit 125VZPNL
StepB_Exit OYEPT5FL
StepB_Exit JAZNJBAY
2025-04-01 02:42:38,630 - INFO - StepB_Enter I8LQHC96
StepB_Enter YKMMEOGD
StepB_Enter UT2B6BNT
StepB_Enter MCA6D0JS
StepB_Enter 0EQ2LCZ9
StepB_Enter MPNWTX92
2025-04-01 02:42:38,780 - INFO - StepB_Exit I8LQHC96
StepB_Exit YKMMEOGD
StepB_Exit UT2B6BNT
StepB_Exit MCA6D0JS
StepB_Exit 0EQ2LCZ9
StepB_Exit MPNWTX92
2025-04-01 02:42:38,782 - INFO - StepB_Enter Z23WO6KJ
StepB_Enter DFTR02MD
StepB_Enter MXD4D2JD
StepB_Enter BT5ZXXKT
StepB_Enter 4VNSXPU8
2025-04-01 02:42:38,908 - INFO - StepB_Exit Z23WO6KJ
StepB_Exit DFTR02MD
StepB_Exit MXD4D2JD
StepB_Exit BT5ZXXKT
StepB_Exit 4VNSXPU8
2025-04-01 02:42:38,910 - INFO - StepB_Enter 7ZQJOADG
StepB_Enter 0CQFB9TF
StepB_Enter TGS8PKY9
2025-04-01 02:42:38,988 - INFO - StepB_Exit 7ZQJOADG
StepB_Exit 0CQFB9TF
StepB_Exit TGS8PKY9
2025-04-01 02:42:38,989 - INFO - StepB_Enter IUCL9IPD
2025-04-01 02:42:39,022 - INFO - StepB_Exit IUCL9IPD
2025-04-01 02:42:39,050 - INFO - StepB_Enter EWB9JFJ5
2025-04-01 02:42:39,081 - INFO - StepB_Exit EWB9JFJ5
2025-04-01 02:42:39,086 - INFO - StepB_Enter 194IWB5X
2025-04-01 02:42:39,117 - INFO - StepB_Exit 194IWB5X
2025-04-01 02:42:39,143 - INFO - StepB_Enter KVYPAJI7
2025-04-01 02:42:39,174 - INFO - StepB_Exit KVYPAJI7
2025-04-01 02:42:39,207 - INFO - StepB_Enter 0WOT75XX
2025-04-01 02:42:39,238 - INFO - StepB_Exit 0WOT75XX
2025-04-01 02:42:39,239 - INFO - StepB_Enter CMJ8MV1J
StepB_Enter O0NPBLS4
2025-04-01 02:42:39,293 - INFO - StepB_Exit CMJ8MV1J
StepB_Exit O0NPBLS4
2025-04-01 02:42:39,303 - INFO - StepB_Enter VG9M46CO
2025-04-01 02:42:39,334 - INFO - StepB_Exit VG9M46CO
2025-04-01 02:42:39,430 - INFO - StepB_Enter 9418TXUC
2025-04-01 02:42:39,461 - INFO - StepB_Exit 9418TXUC
2025-04-01 02:42:39,498 - INFO - StepB_Enter CA8HQOCG
2025-04-01 02:42:39,528 - INFO - StepB_Exit CA8HQOCG
2025-04-01 02:42:39,529 - INFO - StepB_Enter OB4D7WHQ
2025-04-01 02:42:39,561 - INFO - StepB_Exit OB4D7WHQ
2025-04-01 02:42:39,562 - INFO - StepB_Enter 7CABRHD3
2025-04-01 02:42:39,593 - INFO - StepB_Exit 7CABRHD3
2025-04-01 02:42:39,594 - INFO - StepB_Enter 5Z6ZZ2LE
2025-04-01 02:42:39,625 - INFO - StepB_Exit 5Z6ZZ2LE
2025-04-01 02:42:39,626 - INFO - StepB_Enter D3YNASEK
2025-04-01 02:42:39,658 - INFO - StepB_Exit D3YNASEK
2025-04-01 02:42:39,659 - INFO - StepB_Enter 7BOO8V6B
StepB_Enter 055FEM1G
2025-04-01 02:42:39,713 - INFO - StepB_Exit 7BOO8V6B
StepB_Exit 055FEM1G
2025-04-01 02:42:39,714 - INFO - StepB_Enter 0GBHJ963
StepB_Enter YQZJVCKT
2025-04-01 02:42:39,769 - INFO - StepB_Exit 0GBHJ963
StepB_Exit YQZJVCKT
2025-04-01 02:42:39,771 - INFO - StepB_Enter IP0J8EZE
StepB_Enter 18EPGJ7J
2025-04-01 02:42:39,825 - INFO - StepB_Exit IP0J8EZE
StepB_Exit 18EPGJ7J
2025-04-01 02:42:39,826 - INFO - StepB_Enter XYDZLH0R
StepB_Enter PLIP9S6W
2025-04-01 02:42:39,880 - INFO - StepB_Exit XYDZLH0R
StepB_Exit PLIP9S6W
2025-04-01 02:42:39,882 - INFO - StepB_Enter 5RW4CWPW
StepB_Enter RD7DJ1OH
StepB_Enter BYLYNTCQ
StepB_Enter U3SV9ANF
2025-04-01 02:42:39,985 - INFO - StepB_Exit 5RW4CWPW
StepB_Exit RD7DJ1OH
StepB_Exit BYLYNTCQ
StepB_Exit U3SV9ANF
2025-04-01 02:42:39,987 - INFO - StepB_Enter FMNF1Q3R
StepB_Enter 3DO07G6D
StepB_Enter G4KTBBRS
StepB_Enter 4GM9KEXB
StepB_Enter YRAZRDHK
StepB_Enter K6SM9ZQ1
2025-04-01 02:42:40,137 - INFO - StepB_Exit FMNF1Q3R
StepB_Exit 3DO07G6D
StepB_Exit G4KTBBRS
StepB_Exit 4GM9KEXB
StepB_Exit YRAZRDHK
StepB_Exit K6SM9ZQ1
2025-04-01 02:42:40,139 - INFO - StepB_Enter S8RFFX1I
StepB_Enter 21WOB81W
2025-04-01 02:42:40,195 - INFO - StepB_Exit S8RFFX1I
StepB_Exit 21WOB81W
2025-04-01 02:42:40,197 - INFO - StepB_Enter NK3ANGWC
StepB_Enter 69QBLLT4
StepB_Enter GUUSHJYB
StepB_Enter CEV67M3W
2025-04-01 02:42:40,299 - INFO - StepB_Exit NK3ANGWC
StepB_Exit 69QBLLT4
StepB_Exit GUUSHJYB
StepB_Exit CEV67M3W
2025-04-01 02:42:40,300 - INFO - StepB_Enter YFGXXOQM
2025-04-01 02:42:40,333 - INFO - StepB_Exit YFGXXOQM
2025-04-01 02:42:40,337 - INFO - StepB_Enter GTJ3OX6Q
2025-04-01 02:42:40,368 - INFO - StepB_Exit GTJ3OX6Q
2025-04-01 02:42:40,369 - INFO - StepB_Enter 47FI8QCH
2025-04-01 02:42:40,401 - INFO - StepB_Exit 47FI8QCH
2025-04-01 02:42:40,414 - INFO - StepB_Enter 9D2Q5O9V
2025-04-01 02:42:40,445 - INFO - StepB_Exit 9D2Q5O9V
2025-04-01 02:42:40,446 - INFO - StepB_Enter WSI26HXV
StepB_Enter GYY43AB1
StepB_Enter QVJLVNI3
2025-04-01 02:42:40,522 - INFO - StepB_Exit WSI26HXV
StepB_Exit GYY43AB1
StepB_Exit QVJLVNI3
2025-04-01 02:42:40,523 - INFO - StepB_Enter NB2TNDDO
2025-04-01 02:42:40,556 - INFO - StepB_Exit NB2TNDDO
2025-04-01 02:42:40,557 - INFO - StepB_Enter P0F4G0IF
StepB_Enter O3CCKRUO
2025-04-01 02:42:40,611 - INFO - StepB_Exit P0F4G0IF
StepB_Exit O3CCKRUO
2025-04-01 02:42:40,612 - INFO - StepB_Enter VASXBXT6
StepB_Enter C1E241DF
StepB_Enter I75MXLH3
2025-04-01 02:42:40,689 - INFO - StepB_Exit VASXBXT6
StepB_Exit C1E241DF
StepB_Exit I75MXLH3
2025-04-01 02:42:40,691 - INFO - StepB_Enter VKHN1XBL
StepB_Enter JVJDJSOW
2025-04-01 02:42:40,746 - INFO - StepB_Exit VKHN1XBL
StepB_Exit JVJDJSOW
2025-04-01 02:42:40,780 - INFO - StepB_Enter W8CFRCTK
StepB_Enter E38MB1TB
StepB_Enter QLSAH0KM
2025-04-01 02:42:40,857 - INFO - StepB_Exit W8CFRCTK
StepB_Exit E38MB1TB
StepB_Exit QLSAH0KM
2025-04-01 02:42:40,858 - INFO - StepB_Enter WHW47KI1
StepB_Enter GBZA602U
2025-04-01 02:42:40,913 - INFO - StepB_Exit WHW47KI1
StepB_Exit GBZA602U
2025-04-01 02:42:40,915 - INFO - StepB_Enter 363XJQRV
2025-04-01 02:42:40,947 - INFO - StepB_Exit 363XJQRV
2025-04-01 02:42:40,948 - INFO - StepB_Enter IBVAQCA4
StepB_Enter 6JPBEB29
2025-04-01 02:42:41,003 - INFO - StepB_Exit IBVAQCA4
StepB_Exit 6JPBEB29
2025-04-01 02:42:41,004 - INFO - StepB_Enter 2YH9BHTJ
StepB_Enter 9NUAFMBF
2025-04-01 02:42:41,059 - INFO - StepB_Exit 2YH9BHTJ
StepB_Exit 9NUAFMBF
2025-04-01 02:42:41,060 - INFO - StepB_Enter YOQR7P91
2025-04-01 02:42:41,092 - INFO - StepB_Exit YOQR7P91
2025-04-01 02:42:41,117 - INFO - StepB_Enter DHQ801ZP
2025-04-01 02:42:41,148 - INFO - StepB_Exit DHQ801ZP
2025-04-01 02:42:41,150 - INFO - StepB_Enter RADT2OO8
StepB_Enter K8S692CL
2025-04-01 02:42:41,203 - INFO - StepB_Exit RADT2OO8
StepB_Exit K8S692CL
2025-04-01 02:42:41,206 - INFO - StepB_Enter E4FS667J
2025-04-01 02:42:41,238 - INFO - StepB_Exit E4FS667J
2025-04-01 02:42:41,242 - INFO - StepB_Enter 546NYS33
StepB_Enter UAGTN0QV
2025-04-01 02:42:41,296 - INFO - StepB_Exit 546NYS33
StepB_Exit UAGTN0QV
2025-04-01 02:42:41,298 - INFO - StepB_Enter HSFUIW9C
StepB_Enter 0Q1UG9IY
StepB_Enter YRFQ0219
StepB_Enter MZ26WLLC
2025-04-01 02:42:41,400 - INFO - StepB_Exit HSFUIW9C
StepB_Exit 0Q1UG9IY
StepB_Exit YRFQ0219
StepB_Exit MZ26WLLC
2025-04-01 02:42:41,403 - INFO - StepB_Enter RBYNGK39
StepB_Enter X2069FS3
StepB_Enter 0SHXHPMN
2025-04-01 02:42:41,481 - INFO - StepB_Exit RBYNGK39
StepB_Exit X2069FS3
StepB_Exit 0SHXHPMN
2025-04-01 02:42:41,483 - INFO - StepB_Enter Z3WKKQTW
StepB_Enter O0X28MBS
StepB_Enter TN3HVKEI
StepB_Enter D553RBHJ
2025-04-01 02:42:41,585 - INFO - StepB_Exit Z3WKKQTW
StepB_Exit O0X28MBS
StepB_Exit TN3HVKEI
StepB_Exit D553RBHJ
2025-04-01 02:42:41,587 - INFO - StepB_Enter 7QJLP9P4
StepB_Enter NJX4Y1KX
StepB_Enter HWSA39FM
StepB_Enter TMZLST1P
StepB_Enter S92V77K7
2025-04-01 02:42:41,713 - INFO - StepB_Exit 7QJLP9P4
StepB_Exit NJX4Y1KX
StepB_Exit HWSA39FM
StepB_Exit TMZLST1P
StepB_Exit S92V77K7
2025-04-01 02:42:41,716 - INFO - StepB_Enter W4MZENOO
2025-04-01 02:42:41,750 - INFO - StepB_Exit W4MZENOO
2025-04-01 02:42:41,783 - INFO - StepB_Enter GV70DYDR
2025-04-01 02:42:41,815 - INFO - StepB_Exit GV70DYDR
2025-04-01 02:42:41,824 - INFO - StepB_Enter O7R9G0A1
2025-04-01 02:42:41,855 - INFO - StepB_Exit O7R9G0A1
2025-04-01 02:42:41,870 - INFO - StepB_Enter I2499BQY
2025-04-01 02:42:41,902 - INFO - StepB_Exit I2499BQY
2025-04-01 02:42:41,904 - INFO - StepB_Enter ET2E41WC
2025-04-01 02:42:41,936 - INFO - StepB_Exit ET2E41WC
2025-04-01 02:42:41,938 - INFO - StepB_Enter 9YDLDHV0
2025-04-01 02:42:41,970 - INFO - StepB_Exit 9YDLDHV0
2025-04-01 02:42:41,971 - INFO - StepB_Enter 4AT1RGOE
StepB_Enter WN5OJQZQ
2025-04-01 02:42:42,025 - INFO - StepB_Exit 4AT1RGOE
StepB_Exit WN5OJQZQ
2025-04-01 02:42:42,039 - INFO - StepB_Enter D3KSM51A
2025-04-01 02:42:42,071 - INFO - StepB_Exit D3KSM51A
2025-04-01 02:42:42,092 - INFO - StepB_Enter 7GVLZZRJ
2025-04-01 02:42:42,124 - INFO - StepB_Exit 7GVLZZRJ
2025-04-01 02:42:42,125 - INFO - StepB_Enter 0NTXR215
StepB_Enter 8TNM3Z5N
StepB_Enter T24PIPD1
2025-04-01 02:42:42,202 - INFO - StepB_Exit 0NTXR215
StepB_Exit 8TNM3Z5N
StepB_Exit T24PIPD1
2025-04-01 02:42:42,203 - INFO - StepB_Enter L2CCPNQR
2025-04-01 02:42:42,237 - INFO - StepB_Exit L2CCPNQR
2025-04-01 02:42:42,290 - INFO - StepB_Enter XEJAM0X7
2025-04-01 02:42:42,322 - INFO - StepB_Exit XEJAM0X7
2025-04-01 02:42:42,323 - INFO - StepB_Enter C9F2UXI5
2025-04-01 02:42:42,354 - INFO - StepB_Exit C9F2UXI5
2025-04-01 02:42:42,355 - INFO - StepB_Enter 9A7XY30N
2025-04-01 02:42:42,387 - INFO - StepB_Exit 9A7XY30N
2025-04-01 02:42:42,433 - INFO - StepB_Enter 0WN252KH
2025-04-01 02:42:42,464 - INFO - StepB_Exit 0WN252KH
2025-04-01 02:42:42,465 - INFO - StepB_Enter YM0ZKSVA
2025-04-01 02:42:42,497 - INFO - StepB_Exit YM0ZKSVA
2025-04-01 02:42:42,499 - INFO - StepB_Enter YGQI6CMW
StepB_Enter B046G72D
StepB_Enter IJVPVCWC
2025-04-01 02:42:42,575 - INFO - StepB_Exit YGQI6CMW
StepB_Exit B046G72D
StepB_Exit IJVPVCWC
2025-04-01 02:42:42,577 - INFO - StepB_Enter 93JASSJ6
StepB_Enter S4VEV3FH
StepB_Enter VL3AJZCG
StepB_Enter G3CGMDMT
2025-04-01 02:42:42,679 - INFO - StepB_Exit 93JASSJ6
StepB_Exit S4VEV3FH
StepB_Exit VL3AJZCG
StepB_Exit G3CGMDMT
2025-04-01 02:42:42,680 - INFO - StepB_Enter LXXIYF4I
StepB_Enter WMX1ACWV
StepB_Enter M4DD41QA
2025-04-01 02:42:42,760 - INFO - StepB_Exit LXXIYF4I
StepB_Exit WMX1ACWV
StepB_Exit M4DD41QA
2025-04-01 02:42:42,762 - INFO - StepB_Enter CJ63Y67M
StepB_Enter 40HXOBNN
StepB_Enter 2AMWA057
2025-04-01 02:42:42,840 - INFO - StepB_Exit CJ63Y67M
StepB_Exit 40HXOBNN
StepB_Exit 2AMWA057
2025-04-01 02:42:42,842 - INFO - StepB_Enter VRRSOETO
StepB_Enter 5ZRT5ZI9
2025-04-01 02:42:42,897 - INFO - StepB_Exit VRRSOETO
StepB_Exit 5ZRT5ZI9
2025-04-01 02:42:42,963 - INFO - StepB_Enter APDUM2W1
2025-04-01 02:42:42,994 - INFO - StepB_Exit APDUM2W1
2025-04-01 02:42:43,058 - INFO - StepB_Enter 73AL2LPV
2025-04-01 02:42:43,089 - INFO - StepB_Exit 73AL2LPV
2025-04-01 02:42:43,143 - INFO - StepB_Enter WMV3LNJ7
2025-04-01 02:42:43,174 - INFO - StepB_Exit WMV3LNJ7
2025-04-01 02:42:43,207 - INFO - StepB_Enter R55KNSB1
2025-04-01 02:42:43,238 - INFO - StepB_Exit R55KNSB1
2025-04-01 02:42:43,259 - INFO - StepB_Enter WFVMA6M9
2025-04-01 02:42:43,290 - INFO - StepB_Exit WFVMA6M9
2025-04-01 02:42:43,291 - INFO - StepB_Enter X7XW73NP
2025-04-01 02:42:43,322 - INFO - StepB_Exit X7XW73NP
2025-04-01 02:42:43,390 - INFO - StepB_Enter CD8DLQEC
StepB_Enter 93FSTTLF
2025-04-01 02:42:43,444 - INFO - StepB_Exit CD8DLQEC
StepB_Exit 93FSTTLF
2025-04-01 02:42:43,445 - INFO - StepB_Enter IXJ34AMA
StepB_Enter MRLP7NNU
StepB_Enter 5ZQGND7U
2025-04-01 02:42:43,523 - INFO - StepB_Exit IXJ34AMA
StepB_Exit MRLP7NNU
StepB_Exit 5ZQGND7U
2025-04-01 02:42:43,524 - INFO - StepB_Enter AC74NNQ1
StepB_Enter 2GD47YG2
StepB_Enter EKPIU5DF
2025-04-01 02:42:43,602 - INFO - StepB_Exit AC74NNQ1
StepB_Exit 2GD47YG2
StepB_Exit EKPIU5DF
2025-04-01 02:42:43,605 - INFO - StepB_Enter PUZRRKGM
2025-04-01 02:42:43,638 - INFO - StepB_Exit PUZRRKGM
2025-04-01 02:42:43,640 - INFO - StepB_Enter V13Y7LQM
2025-04-01 02:42:43,671 - INFO - StepB_Exit V13Y7LQM
2025-04-01 02:42:43,672 - INFO - StepB_Enter IGEP4AT0
2025-04-01 02:42:43,704 - INFO - StepB_Exit IGEP4AT0
2025-04-01 02:42:43,710 - INFO - StepB_Enter RPZD94P4
2025-04-01 02:42:43,741 - INFO - StepB_Exit RPZD94P4
2025-04-01 02:42:43,742 - INFO - StepB_Enter AHTGOK5W
2025-04-01 02:42:43,774 - INFO - StepB_Exit AHTGOK5W
2025-04-01 02:42:43,776 - INFO - StepB_Enter 23L6FN5M
StepB_Enter AC1K6GZV
2025-04-01 02:42:43,830 - INFO - StepB_Exit 23L6FN5M
StepB_Exit AC1K6GZV
2025-04-01 02:42:43,833 - INFO - StepB_Enter RIQQQYRG
StepB_Enter SYCKL8Q4
2025-04-01 02:42:43,888 - INFO - StepB_Exit RIQQQYRG
StepB_Exit SYCKL8Q4
2025-04-01 02:42:43,891 - INFO - StepB_Enter GOJDOHBG
StepB_Enter HX472TGY
StepB_Enter 906DASR5
2025-04-01 02:42:43,968 - INFO - StepB_Exit GOJDOHBG
StepB_Exit HX472TGY
StepB_Exit 906DASR5
2025-04-01 02:42:43,970 - INFO - StepB_Enter CWCK88HH
StepB_Enter 7TXFV717
StepB_Enter XGUPN49S
StepB_Enter YVVC2BKS
StepB_Enter AOUW4M5V
StepB_Enter T2K9WGUO
2025-04-01 02:42:44,120 - INFO - StepB_Exit CWCK88HH
StepB_Exit 7TXFV717
StepB_Exit XGUPN49S
StepB_Exit YVVC2BKS
StepB_Exit AOUW4M5V
StepB_Exit T2K9WGUO
2025-04-01 02:42:44,123 - INFO - StepB_Enter X44UOKB3
StepB_Enter 5ZU4VUM3
StepB_Enter K1JOGKVE
2025-04-01 02:42:44,201 - INFO - StepB_Exit X44UOKB3
StepB_Exit 5ZU4VUM3
StepB_Exit K1JOGKVE
2025-04-01 02:42:44,203 - INFO - StepB_Enter 86XOSG6E
2025-04-01 02:42:44,236 - INFO - StepB_Exit 86XOSG6E
2025-04-01 02:42:44,238 - INFO - StepB_Enter QQ012LLF
StepB_Enter SHQ1YYJ8
2025-04-01 02:42:44,291 - INFO - StepB_Exit QQ012LLF
StepB_Exit SHQ1YYJ8
2025-04-01 02:42:44,293 - INFO - StepB_Enter CIVRRVC7
StepB_Enter 04GLY2F6
StepB_Enter 7GN44S5W
2025-04-01 02:42:44,370 - INFO - StepB_Exit CIVRRVC7
StepB_Exit 04GLY2F6
StepB_Exit 7GN44S5W
2025-04-01 02:42:44,371 - INFO - StepB_Enter 87A0C5KG
2025-04-01 02:42:44,405 - INFO - StepB_Exit 87A0C5KG
2025-04-01 02:42:44,406 - INFO - StepB_Enter 8M5VWZOV
2025-04-01 02:42:44,438 - INFO - StepB_Exit 8M5VWZOV
2025-04-01 02:42:44,439 - INFO - StepB_Enter IFXGE9AT
StepB_Enter A8S1V0LJ
2025-04-01 02:42:44,494 - INFO - StepB_Exit IFXGE9AT
StepB_Exit A8S1V0LJ
2025-04-01 02:42:44,547 - INFO - StepB_Enter B63PGEBR
2025-04-01 02:42:44,579 - INFO - StepB_Exit B63PGEBR
2025-04-01 02:42:44,618 - INFO - StepB_Enter XHT2IL20
2025-04-01 02:42:44,650 - INFO - StepB_Exit XHT2IL20
2025-04-01 02:42:44,658 - INFO - StepB_Enter 7MS0X90P
2025-04-01 02:42:44,689 - INFO - StepB_Exit 7MS0X90P
2025-04-01 02:42:44,690 - INFO - StepB_Enter 9QVDS05J
2025-04-01 02:42:44,722 - INFO - StepB_Exit 9QVDS05J
2025-04-01 02:42:44,731 - INFO - StepB_Enter TQTKTWH0
2025-04-01 02:42:44,762 - INFO - StepB_Exit TQTKTWH0
2025-04-01 02:42:44,763 - INFO - StepB_Enter EBWDH8YQ
StepB_Enter 9H6FL44A
2025-04-01 02:42:44,817 - INFO - StepB_Exit EBWDH8YQ
StepB_Exit 9H6FL44A
2025-04-01 02:42:44,850 - INFO - StepB_Enter 54W6TW0V
2025-04-01 02:42:44,882 - INFO - StepB_Exit 54W6TW0V
2025-04-01 02:42:44,884 - INFO - StepB_Enter XQNMSHUB
2025-04-01 02:42:44,916 - INFO - StepB_Exit XQNMSHUB
2025-04-01 02:42:44,917 - INFO - StepB_Enter YM9JGIYX
2025-04-01 02:42:44,949 - INFO - StepB_Exit YM9JGIYX
2025-04-01 02:42:44,964 - INFO - StepB_Enter 45BLEQF6
2025-04-01 02:42:44,996 - INFO - StepB_Exit 45BLEQF6
2025-04-01 02:42:44,997 - INFO - StepB_Enter YWZK6MQH
2025-04-01 02:42:45,029 - INFO - StepB_Exit YWZK6MQH
2025-04-01 02:42:45,030 - INFO - StepB_Enter U0XRYRCT
StepB_Enter YVHU6TS3
2025-04-01 02:42:45,084 - INFO - StepB_Exit U0XRYRCT
StepB_Exit YVHU6TS3
2025-04-01 02:42:45,086 - INFO - StepB_Enter 6T2FKEWA
StepB_Enter 3SZ930RY
2025-04-01 02:42:45,140 - INFO - StepB_Exit 6T2FKEWA
StepB_Exit 3SZ930RY
2025-04-01 02:42:45,142 - INFO - StepB_Enter F3480HFJ
StepB_Enter 58CBP50U
StepB_Enter OELVMYUU
2025-04-01 02:42:45,219 - INFO - StepB_Exit F3480HFJ
StepB_Exit 58CBP50U
StepB_Exit OELVMYUU
2025-04-01 02:42:45,221 - INFO - StepB_Enter DP7NVHCQ
2025-04-01 02:42:45,254 - INFO - StepB_Exit DP7NVHCQ
2025-04-01 02:42:45,256 - INFO - StepB_Enter PXEC2EFF
StepB_Enter P4ATSHGS
StepB_Enter E58T80EX
2025-04-01 02:42:45,334 - INFO - StepB_Exit PXEC2EFF
StepB_Exit P4ATSHGS
StepB_Exit E58T80EX
2025-04-01 02:42:45,336 - INFO - StepB_Enter MM9AT1MS
StepB_Enter YUKA21DB
StepB_Enter OJ9DQELP
2025-04-01 02:42:45,413 - INFO - StepB_Exit MM9AT1MS
StepB_Exit YUKA21DB
StepB_Exit OJ9DQELP
2025-04-01 02:42:45,415 - INFO - StepB_Enter RNCNZZY1
2025-04-01 02:42:45,449 - INFO - StepB_Exit RNCNZZY1
2025-04-01 02:42:45,450 - INFO - StepB_Enter ZJOUPT1G
2025-04-01 02:42:45,482 - INFO - StepB_Exit ZJOUPT1G
2025-04-01 02:42:45,483 - INFO - StepB_Enter QXI2L8YC
2025-04-01 02:42:45,515 - INFO - StepB_Exit QXI2L8YC
2025-04-01 02:42:45,516 - INFO - StepB_Enter JQQ6U3EW
2025-04-01 02:42:45,547 - INFO - StepB_Exit JQQ6U3EW
2025-04-01 02:42:45,549 - INFO - StepB_Enter S08U4JRE
2025-04-01 02:42:45,580 - INFO - StepB_Exit S08U4JRE
2025-04-01 02:42:45,589 - INFO - StepB_Enter 3JD1SF04
2025-04-01 02:42:45,620 - INFO - StepB_Exit 3JD1SF04
2025-04-01 02:42:45,621 - INFO - StepB_Enter ZP0PJGLD
2025-04-01 02:42:45,653 - INFO - StepB_Exit ZP0PJGLD
2025-04-01 02:42:45,655 - INFO - StepB_Enter TJ83NE01
2025-04-01 02:42:45,687 - INFO - StepB_Exit TJ83NE01
2025-04-01 02:42:45,688 - INFO - StepB_Enter 402XFX4G
2025-04-01 02:42:45,719 - INFO - StepB_Exit 402XFX4G
2025-04-01 02:42:45,721 - INFO - StepB_Enter 8U72TPKM
2025-04-01 02:42:45,752 - INFO - StepB_Exit 8U72TPKM
2025-04-01 02:42:45,789 - INFO - StepB_Enter ZEJORUPL
2025-04-01 02:42:45,820 - INFO - StepB_Exit ZEJORUPL
2025-04-01 02:42:45,821 - INFO - StepB_Enter 4LXNMJ34
StepB_Enter CW4O7PIG
StepB_Enter 32T0W3KO
StepB_Enter 1F287S6K
2025-04-01 02:42:45,921 - INFO - StepB_Exit 4LXNMJ34
StepB_Exit CW4O7PIG
StepB_Exit 32T0W3KO
StepB_Exit 1F287S6K
2025-04-01 02:42:45,924 - INFO - StepB_Enter CP3DO37H
StepB_Enter LDMEUZL8
StepB_Enter UMGI9WJH
2025-04-01 02:42:46,002 - INFO - StepB_Exit CP3DO37H
StepB_Exit LDMEUZL8
StepB_Exit UMGI9WJH
2025-04-01 02:42:46,004 - INFO - StepB_Enter 6VQLYW0X
StepB_Enter QNDE9GSB
StepB_Enter L0SSCNOJ
StepB_Enter RUO7DQZR
StepB_Enter BD9C7TLH
2025-04-01 02:42:46,131 - INFO - StepB_Exit 6VQLYW0X
StepB_Exit QNDE9GSB
StepB_Exit L0SSCNOJ
StepB_Exit RUO7DQZR
StepB_Exit BD9C7TLH
2025-04-01 02:42:46,132 - INFO - StepB_Enter HTWKT2U2
StepB_Enter KAFY7PV8
2025-04-01 02:42:46,188 - INFO - StepB_Exit HTWKT2U2
StepB_Exit KAFY7PV8
2025-04-01 02:42:46,262 - INFO - StepB_Enter PRYI773Z
2025-04-01 02:42:46,294 - INFO - StepB_Exit PRYI773Z
2025-04-01 02:42:46,303 - INFO - StepB_Enter 30UMGN1H
2025-04-01 02:42:46,335 - INFO - StepB_Exit 30UMGN1H
2025-04-01 02:42:46,336 - INFO - StepB_Enter ALR6F7QU
StepB_Enter 6YVIN84M
2025-04-01 02:42:46,390 - INFO - StepB_Exit ALR6F7QU
StepB_Exit 6YVIN84M
2025-04-01 02:42:46,391 - INFO - StepB_Enter NB0U30ER
StepB_Enter 6JASJTBU
2025-04-01 02:42:46,446 - INFO - StepB_Exit NB0U30ER
StepB_Exit 6JASJTBU
2025-04-01 02:42:46,447 - INFO - StepB_Enter N04LGNZ2
2025-04-01 02:42:46,480 - INFO - StepB_Exit N04LGNZ2
2025-04-01 02:42:46,483 - INFO - StepB_Enter 3NGWC10S
2025-04-01 02:42:46,514 - INFO - StepB_Exit 3NGWC10S
2025-04-01 02:42:46,573 - INFO - StepB_Enter P4QBU1PW
2025-04-01 02:42:46,604 - INFO - StepB_Exit P4QBU1PW
2025-04-01 02:42:46,605 - INFO - StepB_Enter 5WFA5B25
2025-04-01 02:42:46,636 - INFO - StepB_Exit 5WFA5B25
2025-04-01 02:42:46,638 - INFO - StepB_Enter YHNXA8KI
2025-04-01 02:42:46,669 - INFO - StepB_Exit YHNXA8KI
2025-04-01 02:42:46,670 - INFO - StepB_Enter ZFYMGKI5
2025-04-01 02:42:46,702 - INFO - StepB_Exit ZFYMGKI5
2025-04-01 02:42:46,703 - INFO - StepB_Enter V6CO8TC6
StepB_Enter H5C2DQ7U
StepB_Enter 3ANJ838U
2025-04-01 02:42:46,779 - INFO - StepB_Exit V6CO8TC6
StepB_Exit H5C2DQ7U
StepB_Exit 3ANJ838U
2025-04-01 02:42:46,781 - INFO - StepB_Enter VN75D886
2025-04-01 02:42:46,813 - INFO - StepB_Exit VN75D886
2025-04-01 02:42:46,826 - INFO - StepB_Enter DC5GOGP3
2025-04-01 02:42:46,857 - INFO - StepB_Exit DC5GOGP3
2025-04-01 02:42:46,858 - INFO - StepB_Enter 56BJF14P
2025-04-01 02:42:46,890 - INFO - StepB_Exit 56BJF14P
2025-04-01 02:42:46,891 - INFO - StepB_Enter NH7XPO8A
2025-04-01 02:42:46,923 - INFO - StepB_Exit NH7XPO8A
2025-04-01 02:42:46,924 - INFO - StepB_Enter KU0ZX6YY
2025-04-01 02:42:46,955 - INFO - StepB_Exit KU0ZX6YY
2025-04-01 02:42:46,957 - INFO - StepB_Enter CEPHQEVO
2025-04-01 02:42:46,988 - INFO - StepB_Exit CEPHQEVO
2025-04-01 02:42:47,081 - INFO - StepB_Enter WWU3NM74
2025-04-01 02:42:47,112 - INFO - StepB_Exit WWU3NM74
2025-04-01 02:42:47,119 - INFO - StepB_Enter DCNZADET
2025-04-01 02:42:47,149 - INFO - StepB_Exit DCNZADET
2025-04-01 02:42:47,153 - INFO - StepB_Enter TGRBJ6PJ
2025-04-01 02:42:47,184 - INFO - StepB_Exit TGRBJ6PJ
2025-04-01 02:42:47,185 - INFO - StepB_Enter H4EPIGP4
2025-04-01 02:42:47,217 - INFO - StepB_Exit H4EPIGP4
2025-04-01 02:42:47,272 - INFO - StepB_Enter DIM1V9Y2
2025-04-01 02:42:47,303 - INFO - StepB_Exit DIM1V9Y2
2025-04-01 02:42:47,343 - INFO - StepB_Enter 3ZSUOD9Y
2025-04-01 02:42:47,374 - INFO - StepB_Exit 3ZSUOD9Y
2025-04-01 02:42:47,375 - INFO - StepB_Enter XEP07SI9
2025-04-01 02:42:47,406 - INFO - StepB_Exit XEP07SI9
2025-04-01 02:42:47,472 - INFO - StepB_Enter JA62JKJ9
2025-04-01 02:42:47,503 - INFO - StepB_Exit JA62JKJ9
2025-04-01 02:42:47,504 - INFO - StepB_Enter YFQBWY7P
2025-04-01 02:42:47,535 - INFO - StepB_Exit YFQBWY7P
2025-04-01 02:42:47,537 - INFO - StepB_Enter 60YL574B
StepB_Enter OSMXB9BD
2025-04-01 02:42:47,590 - INFO - StepB_Exit 60YL574B
StepB_Exit OSMXB9BD
2025-04-01 02:42:47,591 - INFO - StepB_Enter 9YCQR847
StepB_Enter PFVXQATP
2025-04-01 02:42:47,646 - INFO - StepB_Exit 9YCQR847
StepB_Exit PFVXQATP
2025-04-01 02:42:47,647 - INFO - StepB_Enter 3CGSYXB0
2025-04-01 02:42:47,680 - INFO - StepB_Exit 3CGSYXB0
2025-04-01 02:42:47,681 - INFO - StepB_Enter JUXHD0ZQ
2025-04-01 02:42:47,713 - INFO - StepB_Exit JUXHD0ZQ
2025-04-01 02:42:47,714 - INFO - StepB_Enter N0Q2NJ6T
2025-04-01 02:42:47,746 - INFO - StepB_Exit N0Q2NJ6T
2025-04-01 02:42:47,760 - INFO - StepB_Enter B1E62I7T
2025-04-01 02:42:47,791 - INFO - StepB_Exit B1E62I7T
2025-04-01 02:42:47,811 - INFO - StepB_Enter 0MMC18FM
2025-04-01 02:42:47,842 - INFO - StepB_Exit 0MMC18FM
2025-04-01 02:42:47,843 - INFO - StepB_Enter TJ7ZKMAY
StepB_Enter 4WPBRXAR
2025-04-01 02:42:47,897 - INFO - StepB_Exit TJ7ZKMAY
StepB_Exit 4WPBRXAR
2025-04-01 02:42:47,899 - INFO - StepB_Enter 687D9MHG
StepB_Enter N5PHXM7P
2025-04-01 02:42:47,955 - INFO - StepB_Exit 687D9MHG
StepB_Exit N5PHXM7P
2025-04-01 02:42:47,957 - INFO - StepB_Enter QQIKPCKV
2025-04-01 02:42:47,990 - INFO - StepB_Exit QQIKPCKV
2025-04-01 02:42:47,992 - INFO - StepB_Enter 5MAJVSIP
2025-04-01 02:42:48,024 - INFO - StepB_Exit 5MAJVSIP
2025-04-01 02:42:48,025 - INFO - StepB_Enter 9UAJXG8I
2025-04-01 02:42:48,056 - INFO - StepB_Exit 9UAJXG8I
2025-04-01 02:42:48,058 - INFO - StepB_Enter I25QZY4C
2025-04-01 02:42:48,089 - INFO - StepB_Exit I25QZY4C
2025-04-01 02:42:48,091 - INFO - StepB_Enter BIG6TU4X
2025-04-01 02:42:48,122 - INFO - StepB_Exit BIG6TU4X
2025-04-01 02:42:48,163 - INFO - StepB_Enter REH3M7I3
2025-04-01 02:42:48,194 - INFO - StepB_Exit REH3M7I3
2025-04-01 02:42:48,200 - INFO - StepB_Enter IHQ8N00E
2025-04-01 02:42:48,231 - INFO - StepB_Exit IHQ8N00E
2025-04-01 02:42:48,260 - INFO - StepB_Enter AOLCI9BT
2025-04-01 02:42:48,291 - INFO - StepB_Exit AOLCI9BT
2025-04-01 02:42:48,292 - INFO - StepB_Enter NNBXQ6E9
2025-04-01 02:42:48,324 - INFO - StepB_Exit NNBXQ6E9
2025-04-01 02:42:48,325 - INFO - StepB_Enter 1N9X9GAQ
2025-04-01 02:42:48,357 - INFO - StepB_Exit 1N9X9GAQ
2025-04-01 02:42:48,359 - INFO - StepB_Enter 2NRSJ4PY
2025-04-01 02:42:48,390 - INFO - StepB_Exit 2NRSJ4PY
2025-04-01 02:42:48,391 - INFO - StepB_Enter 78F8CPT9
2025-04-01 02:42:48,422 - INFO - StepB_Exit 78F8CPT9
2025-04-01 02:42:48,424 - INFO - StepB_Enter I7M89EOC
2025-04-01 02:42:48,455 - INFO - StepB_Exit I7M89EOC
2025-04-01 02:42:48,457 - INFO - StepB_Enter FGVF3KB5
StepB_Enter GTM67MKM
StepB_Enter URWABDFN
2025-04-01 02:42:48,534 - INFO - StepB_Exit FGVF3KB5
StepB_Exit GTM67MKM
StepB_Exit URWABDFN
2025-04-01 02:42:48,536 - INFO - StepB_Enter T4AU7NP8
StepB_Enter CWGXF838
StepB_Enter YW6W4KYD
2025-04-01 02:42:48,614 - INFO - StepB_Exit T4AU7NP8
StepB_Exit CWGXF838
StepB_Exit YW6W4KYD
2025-04-01 02:42:48,615 - INFO - StepB_Enter LJDN14HZ
StepB_Enter Q461NAHV
StepB_Enter UIL3VB6J
2025-04-01 02:42:48,693 - INFO - StepB_Exit LJDN14HZ
StepB_Exit Q461NAHV
StepB_Exit UIL3VB6J
2025-04-01 02:42:48,694 - INFO - StepB_Enter ESEBKZZG
StepB_Enter RFPYXGSA
StepB_Enter H0XVX791
2025-04-01 02:42:48,771 - INFO - StepB_Exit ESEBKZZG
StepB_Exit RFPYXGSA
StepB_Exit H0XVX791
2025-04-01 02:42:48,773 - INFO - StepB_Enter Q4C2XM4J
2025-04-01 02:42:48,806 - INFO - StepB_Exit Q4C2XM4J
2025-04-01 02:42:48,826 - INFO - StepB_Enter 31MB2X0W
2025-04-01 02:42:48,858 - INFO - StepB_Exit 31MB2X0W
2025-04-01 02:42:48,863 - INFO - StepB_Enter 5ZU7H9YK
2025-04-01 02:42:48,895 - INFO - StepB_Exit 5ZU7H9YK
2025-04-01 02:42:48,896 - INFO - StepB_Enter 2G50Y323
2025-04-01 02:42:48,929 - INFO - StepB_Exit 2G50Y323
2025-04-01 02:42:48,930 - INFO - StepB_Enter HFY6AFC4
StepB_Enter 008SRBFA
2025-04-01 02:42:48,984 - INFO - StepB_Exit HFY6AFC4
StepB_Exit 008SRBFA
2025-04-01 02:42:48,985 - INFO - StepB_Enter 2CDJ5OB5
2025-04-01 02:42:49,018 - INFO - StepB_Exit 2CDJ5OB5
2025-04-01 02:42:49,020 - INFO - StepB_Enter VH7SLN27
2025-04-01 02:42:49,053 - INFO - StepB_Exit VH7SLN27
2025-04-01 02:42:49,057 - INFO - StepB_Enter 7TB7YOZS
StepB_Enter 48GETULL
2025-04-01 02:42:49,112 - INFO - StepB_Exit 7TB7YOZS
StepB_Exit 48GETULL
2025-04-01 02:42:49,114 - INFO - StepB_Enter 64AP6IDK
StepB_Enter 96JBY71C
2025-04-01 02:42:49,169 - INFO - StepB_Exit 64AP6IDK
StepB_Exit 96JBY71C
2025-04-01 02:42:49,172 - INFO - StepB_Enter I6D3V196
StepB_Enter 9LCHQ2QX
2025-04-01 02:42:49,228 - INFO - StepB_Exit I6D3V196
StepB_Exit 9LCHQ2QX
2025-04-01 02:42:49,229 - INFO - StepB_Enter EYDTA7E0
2025-04-01 02:42:49,262 - INFO - StepB_Exit EYDTA7E0
2025-04-01 02:42:49,265 - INFO - StepB_Enter SCYSWZLQ
StepB_Enter 55XNQ8JZ
2025-04-01 02:42:49,320 - INFO - StepB_Exit SCYSWZLQ
StepB_Exit 55XNQ8JZ
2025-04-01 02:42:49,322 - INFO - StepB_Enter 2B78CY8E
StepB_Enter KCS1IYVI
2025-04-01 02:42:49,377 - INFO - StepB_Exit 2B78CY8E
StepB_Exit KCS1IYVI
2025-04-01 02:42:49,379 - INFO - StepB_Enter IKVZCECU
2025-04-01 02:42:49,412 - INFO - StepB_Exit IKVZCECU
2025-04-01 02:42:49,414 - INFO - StepB_Enter L0E99MO5
2025-04-01 02:42:49,447 - INFO - StepB_Exit L0E99MO5
2025-04-01 02:42:49,449 - INFO - StepB_Enter 2C1E2L9V
StepB_Enter YNMIRRW6
StepB_Enter GSFTOSVC
2025-04-01 02:42:49,527 - INFO - StepB_Exit 2C1E2L9V
StepB_Exit YNMIRRW6
StepB_Exit GSFTOSVC
2025-04-01 02:42:49,531 - INFO - StepB_Enter 4MDM3BBQ
2025-04-01 02:42:49,564 - INFO - StepB_Exit 4MDM3BBQ
2025-04-01 02:42:49,566 - INFO - StepB_Enter AMKVBH4K
2025-04-01 02:42:49,599 - INFO - StepB_Exit AMKVBH4K
2025-04-01 02:42:49,600 - INFO - StepB_Enter RKBEH9SB
StepB_Enter RIXL1OWL
StepB_Enter EYGGWNL2
2025-04-01 02:42:49,677 - INFO - StepB_Exit RKBEH9SB
StepB_Exit RIXL1OWL
StepB_Exit EYGGWNL2
2025-04-01 02:42:49,680 - INFO - StepB_Enter QO4I7V3U
2025-04-01 02:42:49,715 - INFO - StepB_Exit QO4I7V3U
2025-04-01 02:42:49,716 - INFO - StepB_Enter AMXZN17J
StepB_Enter 17O3OII1
2025-04-01 02:42:49,771 - INFO - StepB_Exit AMXZN17J
StepB_Exit 17O3OII1
2025-04-01 02:42:49,772 - INFO - StepB_Enter W3RCHYS6
2025-04-01 02:42:49,805 - INFO - StepB_Exit W3RCHYS6
2025-04-01 02:42:49,807 - INFO - StepB_Enter 4G2XW729
2025-04-01 02:42:49,838 - INFO - StepB_Exit 4G2XW729
2025-04-01 02:42:49,840 - INFO - StepB_Enter O1UEITR7
2025-04-01 02:42:49,873 - INFO - StepB_Exit O1UEITR7
2025-04-01 02:42:49,875 - INFO - StepB_Enter 6DDFJ37H
2025-04-01 02:42:49,907 - INFO - StepB_Exit 6DDFJ37H
2025-04-01 02:42:49,909 - INFO - StepB_Enter 2GBL97QJ
StepB_Enter Y06HRJS9
2025-04-01 02:42:49,963 - INFO - StepB_Exit 2GBL97QJ
StepB_Exit Y06HRJS9
2025-04-01 02:42:49,965 - INFO - StepB_Enter 2SBMFWA4
StepB_Enter 7NEOCHX3
2025-04-01 02:42:50,020 - INFO - StepB_Exit 2SBMFWA4
StepB_Exit 7NEOCHX3
2025-04-01 02:42:50,021 - INFO - StepB_Enter R2VUGKJX
2025-04-01 02:42:50,054 - INFO - StepB_Exit R2VUGKJX
2025-04-01 02:42:50,056 - INFO - StepB_Enter GD0D1VE6
2025-04-01 02:42:50,089 - INFO - StepB_Exit GD0D1VE6
2025-04-01 02:42:50,090 - INFO - StepB_Enter TYW91ZKE
2025-04-01 02:42:50,123 - INFO - StepB_Exit TYW91ZKE
2025-04-01 02:42:50,124 - INFO - StepB_Enter BU3S56V4
2025-04-01 02:42:50,156 - INFO - StepB_Exit BU3S56V4
2025-04-01 02:42:50,157 - INFO - StepB_Enter WDQZI6QU
2025-04-01 02:42:50,189 - INFO - StepB_Exit WDQZI6QU
2025-04-01 02:42:50,229 - INFO - StepB_Enter TICCHJVO
2025-04-01 02:42:50,260 - INFO - StepB_Exit TICCHJVO
2025-04-01 02:42:50,300 - INFO - StepB_Enter DOP4NO10
2025-04-01 02:42:50,331 - INFO - StepB_Exit DOP4NO10
2025-04-01 02:42:50,359 - INFO - StepB_Enter ZRNM2ZHJ
2025-04-01 02:42:50,392 - INFO - StepB_Exit ZRNM2ZHJ
2025-04-01 02:42:50,393 - INFO - StepB_Enter PFHONRH8
StepB_Enter FIZP4OGX
StepB_Enter 8CR7KD4R
2025-04-01 02:42:50,470 - INFO - StepB_Exit PFHONRH8
StepB_Exit FIZP4OGX
StepB_Exit 8CR7KD4R
2025-04-01 02:42:50,472 - INFO - StepB_Enter CYAD3GHX
StepB_Enter OLA4C1PZ
StepB_Enter SZOME9DU
StepB_Enter HW5KDTJ3
2025-04-01 02:42:50,575 - INFO - StepB_Exit CYAD3GHX
StepB_Exit OLA4C1PZ
StepB_Exit SZOME9DU
StepB_Exit HW5KDTJ3
2025-04-01 02:42:50,578 - INFO - StepB_Enter 5D3P60YM
StepB_Enter X9F37GUV
StepB_Enter EU7OHX19
StepB_Enter FBDBC05L
StepB_Enter JAXU2IKN
StepB_Enter U8NJISQF
2025-04-01 02:42:50,730 - INFO - StepB_Exit 5D3P60YM
StepB_Exit X9F37GUV
StepB_Exit EU7OHX19
StepB_Exit FBDBC05L
StepB_Exit JAXU2IKN
StepB_Exit U8NJISQF
2025-04-01 02:42:50,733 - INFO - StepB_Enter MZSPPU7O
2025-04-01 02:42:50,770 - INFO - StepB_Exit MZSPPU7O
2025-04-01 02:42:50,771 - INFO - StepB_Enter 0MDONXEU
2025-04-01 02:42:50,803 - INFO - StepB_Exit 0MDONXEU
2025-04-01 02:42:50,808 - INFO - StepB_Enter 2OHF0GKL
2025-04-01 02:42:50,840 - INFO - StepB_Exit 2OHF0GKL
2025-04-01 02:42:50,841 - INFO - StepB_Enter 4Y3IGSNM
2025-04-01 02:42:50,873 - INFO - StepB_Exit 4Y3IGSNM
2025-04-01 02:42:50,875 - INFO - StepB_Enter AFI9MNXS
2025-04-01 02:42:50,907 - INFO - StepB_Exit AFI9MNXS
2025-04-01 02:42:50,908 - INFO - StepB_Enter JOAWUCUK
2025-04-01 02:42:50,940 - INFO - StepB_Exit JOAWUCUK
2025-04-01 02:42:50,941 - INFO - StepB_Enter Q8KA3G3N
StepB_Enter KMZMCW6B
2025-04-01 02:42:50,995 - INFO - StepB_Exit Q8KA3G3N
StepB_Exit KMZMCW6B
2025-04-01 02:42:50,997 - INFO - StepB_Enter UQ1GNBZO
StepB_Enter VXNB8UIF
StepB_Enter XF48Z4BM
2025-04-01 02:42:51,074 - INFO - StepB_Exit UQ1GNBZO
StepB_Exit VXNB8UIF
StepB_Exit XF48Z4BM
2025-04-01 02:42:51,076 - INFO - StepB_Enter O7WMVXRC
StepB_Enter PJ47J4JS
StepB_Enter KC54SBSX
StepB_Enter CNM60FB4
2025-04-01 02:42:51,178 - INFO - StepB_Exit O7WMVXRC
StepB_Exit PJ47J4JS
StepB_Exit KC54SBSX
StepB_Exit CNM60FB4
2025-04-01 02:42:51,181 - INFO - StepB_Enter YJ5POKM2
StepB_Enter KVOTSGQP
2025-04-01 02:42:51,237 - INFO - StepB_Exit YJ5POKM2
StepB_Exit KVOTSGQP
2025-04-01 02:42:51,240 - INFO - StepB_Enter KY2254U5
2025-04-01 02:42:51,273 - INFO - StepB_Exit KY2254U5
2025-04-01 02:42:51,274 - INFO - StepB_Enter GTE79I39
StepB_Enter YLZOMWH6
2025-04-01 02:42:51,328 - INFO - StepB_Exit GTE79I39
StepB_Exit YLZOMWH6
2025-04-01 02:42:51,330 - INFO - StepB_Enter MHQ4U110
2025-04-01 02:42:51,362 - INFO - StepB_Exit MHQ4U110
2025-04-01 02:42:51,363 - INFO - StepB_Enter 0SPCMIMK
2025-04-01 02:42:51,395 - INFO - StepB_Exit 0SPCMIMK
2025-04-01 02:42:51,406 - INFO - StepB_Enter Z6XO8NP5
2025-04-01 02:42:51,438 - INFO - StepB_Exit Z6XO8NP5
2025-04-01 02:42:51,500 - INFO - StepB_Enter D4RQVIT6
2025-04-01 02:42:51,533 - INFO - StepB_Exit D4RQVIT6
2025-04-01 02:42:51,536 - INFO - StepB_Enter BP7OWVDC
2025-04-01 02:42:51,568 - INFO - StepB_Exit BP7OWVDC
2025-04-01 02:42:51,569 - INFO - StepB_Enter LG4635K9
2025-04-01 02:42:51,601 - INFO - StepB_Exit LG4635K9
2025-04-01 02:42:51,658 - INFO - StepB_Enter TFZHREHP
2025-04-01 02:42:51,690 - INFO - StepB_Exit TFZHREHP
2025-04-01 02:42:51,731 - INFO - StepB_Enter ZW7PTONN
2025-04-01 02:42:51,763 - INFO - StepB_Exit ZW7PTONN
2025-04-01 02:42:51,771 - INFO - StepB_Enter EFPHVYMV
2025-04-01 02:42:51,802 - INFO - StepB_Exit EFPHVYMV
2025-04-01 02:42:51,804 - INFO - StepB_Enter 6YZAOMBX
StepB_Enter TIMB4X9P
2025-04-01 02:42:51,858 - INFO - StepB_Exit 6YZAOMBX
StepB_Exit TIMB4X9P
2025-04-01 02:42:51,860 - INFO - StepB_Enter RMUKP4AZ
StepB_Enter 11ADC79I
StepB_Enter 4HNIFGEH
StepB_Enter WWW3SQEH
2025-04-01 02:42:51,961 - INFO - StepB_Exit RMUKP4AZ
StepB_Exit 11ADC79I
StepB_Exit 4HNIFGEH
StepB_Exit WWW3SQEH
2025-04-01 02:42:51,963 - INFO - StepB_Enter 5MFOK4B5
StepB_Enter CKV4A4M6
2025-04-01 02:42:52,019 - INFO - StepB_Exit 5MFOK4B5
StepB_Exit CKV4A4M6
2025-04-01 02:42:52,021 - INFO - StepB_Enter YFUXL1M2
2025-04-01 02:42:52,054 - INFO - StepB_Exit YFUXL1M2
2025-04-01 02:42:52,092 - INFO - StepB_Enter HJYGNCO7
2025-04-01 02:42:52,124 - INFO - StepB_Exit HJYGNCO7
2025-04-01 02:42:52,126 - INFO - StepB_Enter S26DOVY1
2025-04-01 02:42:52,157 - INFO - StepB_Exit S26DOVY1
2025-04-01 02:42:52,160 - INFO - StepB_Enter OK8NPH2I
StepB_Enter 7U3HYH4W
2025-04-01 02:42:52,214 - INFO - StepB_Exit OK8NPH2I
StepB_Exit 7U3HYH4W
2025-04-01 02:42:52,216 - INFO - StepB_Enter NFQ6J9PT
StepB_Enter YFVBWCUZ
2025-04-01 02:42:52,270 - INFO - StepB_Exit NFQ6J9PT
StepB_Exit YFVBWCUZ
2025-04-01 02:42:52,273 - INFO - StepB_Enter MEO4D0K2
StepB_Enter U59AIN4T
2025-04-01 02:42:52,328 - INFO - StepB_Exit MEO4D0K2
StepB_Exit U59AIN4T
2025-04-01 02:42:52,330 - INFO - StepB_Enter USYQ9Q79
2025-04-01 02:42:52,363 - INFO - StepB_Exit USYQ9Q79
2025-04-01 02:42:52,364 - INFO - StepB_Enter J9N74CAA
StepB_Enter 8L4FBVS7
2025-04-01 02:42:52,419 - INFO - StepB_Exit J9N74CAA
StepB_Exit 8L4FBVS7
2025-04-01 02:42:52,421 - INFO - StepB_Enter LXGB68GX
2025-04-01 02:42:52,454 - INFO - StepB_Exit LXGB68GX
2025-04-01 02:42:52,475 - INFO - StepB_Enter 4VP1TPE3
2025-04-01 02:42:52,506 - INFO - StepB_Exit 4VP1TPE3
2025-04-01 02:42:52,523 - INFO - StepB_Enter O4B4UQK9
2025-04-01 02:42:52,554 - INFO - StepB_Exit O4B4UQK9
2025-04-01 02:42:52,555 - INFO - StepB_Enter N6WS0TXS
StepB_Enter Z2YHCVN5
2025-04-01 02:42:52,609 - INFO - StepB_Exit N6WS0TXS
StepB_Exit Z2YHCVN5
2025-04-01 02:42:52,611 - INFO - StepB_Enter A7BJV2SF
StepB_Enter PG5CLEXW
StepB_Enter 7W0L5YCM
2025-04-01 02:42:52,688 - INFO - StepB_Exit A7BJV2SF
StepB_Exit PG5CLEXW
StepB_Exit 7W0L5YCM
2025-04-01 02:42:52,690 - INFO - StepB_Enter SR3U1BTD
StepB_Enter 0WKQZ4US
2025-04-01 02:42:52,746 - INFO - StepB_Exit SR3U1BTD
StepB_Exit 0WKQZ4US
2025-04-01 02:42:52,747 - INFO - StepB_Enter QBWELEYE
StepB_Enter P9OT1KV8
2025-04-01 02:42:52,802 - INFO - StepB_Exit QBWELEYE
StepB_Exit P9OT1KV8
2025-04-01 02:42:52,816 - INFO - StepB_Enter R657M6UF
2025-04-01 02:42:52,848 - INFO - StepB_Exit R657M6UF
2025-04-01 02:42:52,849 - INFO - StepB_Enter J1G51849
2025-04-01 02:42:52,880 - INFO - StepB_Exit J1G51849
2025-04-01 02:42:52,886 - INFO - StepB_Enter L3T2QIT9
2025-04-01 02:42:52,917 - INFO - StepB_Exit L3T2QIT9
2025-04-01 02:42:52,921 - INFO - StepB_Enter 8111A6Z4
2025-04-01 02:42:52,952 - INFO - StepB_Exit 8111A6Z4
2025-04-01 02:42:52,953 - INFO - StepB_Enter XZ17SFS4
StepB_Enter HO6NDNIP
2025-04-01 02:42:53,007 - INFO - StepB_Exit XZ17SFS4
StepB_Exit HO6NDNIP
2025-04-01 02:42:53,009 - INFO - StepB_Enter CIE42H69
StepB_Enter WFPKIQDJ
StepB_Enter YV4UHOVH
StepB_Enter 7IRIISLU
2025-04-01 02:42:53,110 - INFO - StepB_Exit CIE42H69
StepB_Exit WFPKIQDJ
StepB_Exit YV4UHOVH
StepB_Exit 7IRIISLU
2025-04-01 02:42:53,113 - INFO - StepB_Enter L0G3UTZV
StepB_Enter FTLEKPM2
StepB_Enter TW7OO878
StepB_Enter 98Q88CZW
2025-04-01 02:42:53,214 - INFO - StepB_Exit L0G3UTZV
StepB_Exit FTLEKPM2
StepB_Exit TW7OO878
StepB_Exit 98Q88CZW
2025-04-01 02:42:53,216 - INFO - StepB_Enter 2285QNNS
2025-04-01 02:42:53,250 - INFO - StepB_Exit 2285QNNS
2025-04-01 02:42:53,251 - INFO - StepB_Enter I4EJQ06A
2025-04-01 02:42:53,284 - INFO - StepB_Exit I4EJQ06A
2025-04-01 02:42:53,296 - INFO - StepB_Enter U1WHSLZQ
2025-04-01 02:42:53,328 - INFO - StepB_Exit U1WHSLZQ
2025-04-01 02:42:53,373 - INFO - StepB_Enter R70GFGTN
2025-04-01 02:42:53,404 - INFO - StepB_Exit R70GFGTN
2025-04-01 02:42:53,405 - INFO - StepB_Enter NJQZ9CFM
2025-04-01 02:42:53,437 - INFO - StepB_Exit NJQZ9CFM
2025-04-01 02:42:53,438 - INFO - StepB_Enter WWUDP799
StepB_Enter XMDJBC9H
2025-04-01 02:42:53,492 - INFO - StepB_Exit WWUDP799
StepB_Exit XMDJBC9H
2025-04-01 02:42:53,493 - INFO - StepB_Enter YPFDSNPT
StepB_Enter 6STZXZ6S
2025-04-01 02:42:53,548 - INFO - StepB_Exit YPFDSNPT
StepB_Exit 6STZXZ6S
2025-04-01 02:42:53,550 - INFO - StepB_Enter TY0RM9NO
StepB_Enter 2GPNGEXP
2025-04-01 02:42:53,605 - INFO - StepB_Exit TY0RM9NO
StepB_Exit 2GPNGEXP
2025-04-01 02:42:53,607 - INFO - StepB_Enter U1SQWNSG
StepB_Enter EK1QGOEJ
2025-04-01 02:42:53,661 - INFO - StepB_Exit U1SQWNSG
StepB_Exit EK1QGOEJ
2025-04-01 02:42:53,663 - INFO - StepB_Enter P1U9EDHY
StepB_Enter QE9PTR4K
StepB_Enter 7QKGETE2
StepB_Enter 6KDCPRRZ
StepB_Enter PX7YTNFP
2025-04-01 02:42:53,790 - INFO - StepB_Exit P1U9EDHY
StepB_Exit QE9PTR4K
StepB_Exit 7QKGETE2
StepB_Exit 6KDCPRRZ
StepB_Exit PX7YTNFP
2025-04-01 02:42:53,793 - INFO - StepB_Enter VGDH7ZDQ
StepB_Enter 6R1HPX7Y
StepB_Enter GSCG6DCP
StepB_Enter B4BMMVZK
StepB_Enter KYJCE5B4
StepB_Enter 79PD9U59
StepB_Enter 8BOVLBR2
2025-04-01 02:42:53,962 - INFO - StepB_Exit VGDH7ZDQ
StepB_Exit 6R1HPX7Y
StepB_Exit GSCG6DCP
StepB_Exit B4BMMVZK
StepB_Exit KYJCE5B4
StepB_Exit 79PD9U59
StepB_Exit 8BOVLBR2
2025-04-01 02:42:53,965 - INFO - StepB_Enter R3WLI430
2025-04-01 02:42:54,000 - INFO - StepB_Exit R3WLI430
2025-04-01 02:42:54,001 - INFO - StepB_Enter 7NG0ABB8
StepB_Enter LT9UZGOL
2025-04-01 02:42:54,056 - INFO - StepB_Exit 7NG0ABB8
StepB_Exit LT9UZGOL
2025-04-01 02:42:54,058 - INFO - StepB_Enter BGUFYLTZ
2025-04-01 02:42:54,090 - INFO - StepB_Exit BGUFYLTZ
2025-04-01 02:42:54,107 - INFO - StepB_Enter 3OSJ09IX
2025-04-01 02:42:54,139 - INFO - StepB_Exit 3OSJ09IX
2025-04-01 02:42:54,140 - INFO - StepB_Enter OF0JEGMH
2025-04-01 02:42:54,172 - INFO - StepB_Exit OF0JEGMH
2025-04-01 02:42:54,173 - INFO - StepB_Enter E53XNZCV
2025-04-01 02:42:54,205 - INFO - StepB_Exit E53XNZCV
2025-04-01 02:42:54,206 - INFO - StepB_Enter OO92XFNI
2025-04-01 02:42:54,237 - INFO - StepB_Exit OO92XFNI
2025-04-01 02:42:54,316 - INFO - StepB_Enter 07IXB25D
2025-04-01 02:42:54,348 - INFO - StepB_Exit 07IXB25D
2025-04-01 02:42:54,349 - INFO - StepB_Enter HL2F8S30
StepB_Enter JK9ZI056
2025-04-01 02:42:54,403 - INFO - StepB_Exit HL2F8S30
StepB_Exit JK9ZI056
2025-04-01 02:42:54,410 - INFO - StepB_Enter 1SI0DQNL
2025-04-01 02:42:54,441 - INFO - StepB_Exit 1SI0DQNL
2025-04-01 02:42:54,442 - INFO - StepB_Enter SVPWY3RK
2025-04-01 02:42:54,474 - INFO - StepB_Exit SVPWY3RK
2025-04-01 02:42:54,506 - INFO - StepB_Enter BT7BB508
2025-04-01 02:42:54,537 - INFO - StepB_Exit BT7BB508
2025-04-01 02:42:54,658 - INFO - StepB_Enter EY3WKZIL
2025-04-01 02:42:54,690 - INFO - StepB_Exit EY3WKZIL
2025-04-01 02:42:54,712 - INFO - StepB_Enter 1W9ZRTJV
2025-04-01 02:42:54,743 - INFO - StepB_Exit 1W9ZRTJV
2025-04-01 02:42:54,745 - INFO - StepB_Enter 0FNO5BGK
2025-04-01 02:42:54,776 - INFO - StepB_Exit 0FNO5BGK
2025-04-01 02:42:54,778 - INFO - StepB_Enter 71P9RQHP
2025-04-01 02:42:54,809 - INFO - StepB_Exit 71P9RQHP
2025-04-01 02:42:54,824 - INFO - StepB_Enter 7ZN9WEIJ
2025-04-01 02:42:54,855 - INFO - StepB_Exit 7ZN9WEIJ
2025-04-01 02:42:54,860 - INFO - StepB_Enter 78A6MECY
2025-04-01 02:42:54,892 - INFO - StepB_Exit 78A6MECY
2025-04-01 02:42:54,924 - INFO - StepB_Enter JMXTYPX0
2025-04-01 02:42:54,955 - INFO - StepB_Exit JMXTYPX0
2025-04-01 02:42:54,957 - INFO - StepB_Enter B5OM34D4
2025-04-01 02:42:54,989 - INFO - StepB_Exit B5OM34D4
2025-04-01 02:42:55,052 - INFO - StepB_Enter 6AHCJOCE
2025-04-01 02:42:55,083 - INFO - StepB_Exit 6AHCJOCE
2025-04-01 02:42:55,085 - INFO - StepB_Enter V86JU6PF
StepB_Enter P5FUHW3A
2025-04-01 02:42:55,140 - INFO - StepB_Exit V86JU6PF
StepB_Exit P5FUHW3A
2025-04-01 02:42:55,141 - INFO - StepB_Enter PH0U4IY0
StepB_Enter ZVFZQ3VR
2025-04-01 02:42:55,195 - INFO - StepB_Exit PH0U4IY0
StepB_Exit ZVFZQ3VR
2025-04-01 02:42:55,197 - INFO - StepB_Enter RG1MOIJA
2025-04-01 02:42:55,229 - INFO - StepB_Exit RG1MOIJA
2025-04-01 02:42:55,231 - INFO - StepB_Enter NGUY2R2C
2025-04-01 02:42:55,262 - INFO - StepB_Exit NGUY2R2C
2025-04-01 02:42:55,322 - INFO - StepB_Enter 0I9D4E34
2025-04-01 02:42:55,355 - INFO - StepB_Exit 0I9D4E34
2025-04-01 02:42:55,357 - INFO - StepB_Enter 2524CXVI
StepB_Enter W3H4UT00
2025-04-01 02:42:55,413 - INFO - StepB_Exit 2524CXVI
StepB_Exit W3H4UT00
2025-04-01 02:42:55,414 - INFO - StepB_Enter ZT1FEREI
StepB_Enter C874X687
StepB_Enter S3BR6615
2025-04-01 02:42:55,492 - INFO - StepB_Exit ZT1FEREI
StepB_Exit C874X687
StepB_Exit S3BR6615
2025-04-01 02:42:55,507 - INFO - StepB_Enter OHFKZW6G
2025-04-01 02:42:55,539 - INFO - StepB_Exit OHFKZW6G
2025-04-01 02:42:55,541 - INFO - StepB_Enter HV9HEKWM
2025-04-01 02:42:55,573 - INFO - StepB_Exit HV9HEKWM
2025-04-01 02:42:55,622 - INFO - StepB_Enter LZ4HM50O
2025-04-01 02:42:55,655 - INFO - StepB_Exit LZ4HM50O
2025-04-01 02:42:55,657 - INFO - StepB_Enter WQ1FGDPM
StepB_Enter NBPE5AHD
2025-04-01 02:42:55,711 - INFO - StepB_Exit WQ1FGDPM
StepB_Exit NBPE5AHD
2025-04-01 02:42:55,714 - INFO - StepB_Enter ZH6MCI1Q
2025-04-01 02:42:55,747 - INFO - StepB_Exit ZH6MCI1Q
2025-04-01 02:42:55,756 - INFO - StepB_Enter 96YJ7FVI
2025-04-01 02:42:55,788 - INFO - StepB_Exit 96YJ7FVI
2025-04-01 02:42:55,791 - INFO - StepB_Enter 11G8V9VY
StepB_Enter 9P4RTLHV
2025-04-01 02:42:55,846 - INFO - StepB_Exit 11G8V9VY
StepB_Exit 9P4RTLHV
2025-04-01 02:42:55,848 - INFO - StepB_Enter XFVF7GGM
2025-04-01 02:42:55,880 - INFO - StepB_Exit XFVF7GGM
2025-04-01 02:42:55,885 - INFO - StepB_Enter UU71R05I
2025-04-01 02:42:55,918 - INFO - StepB_Exit UU71R05I
2025-04-01 02:42:55,920 - INFO - StepB_Enter UVK5EIHD
2025-04-01 02:42:55,953 - INFO - StepB_Exit UVK5EIHD
2025-04-01 02:42:55,954 - INFO - StepB_Enter C0C3KCWL
2025-04-01 02:42:55,986 - INFO - StepB_Exit C0C3KCWL
2025-04-01 02:42:55,996 - INFO - StepB_Enter OUBU893A
2025-04-01 02:42:56,028 - INFO - StepB_Exit OUBU893A
2025-04-01 02:42:56,030 - INFO - StepB_Enter 90OOU1WB
StepB_Enter 3GVE3PJI
2025-04-01 02:42:56,084 - INFO - StepB_Exit 90OOU1WB
StepB_Exit 3GVE3PJI
2025-04-01 02:42:56,089 - INFO - StepB_Enter KYEGBS6U
StepB_Enter KYD24DNB
2025-04-01 02:42:56,144 - INFO - StepB_Exit KYEGBS6U
StepB_Exit KYD24DNB
2025-04-01 02:42:56,146 - INFO - StepB_Enter FT2B1PIS
2025-04-01 02:42:56,179 - INFO - StepB_Exit FT2B1PIS
2025-04-01 02:42:56,203 - INFO - StepB_Enter Y6ZAZPKE
2025-04-01 02:42:56,236 - INFO - StepB_Exit Y6ZAZPKE
2025-04-01 02:42:56,238 - INFO - StepB_Enter YKQIKF1Z
2025-04-01 02:42:56,270 - INFO - StepB_Exit YKQIKF1Z
2025-04-01 02:42:56,275 - INFO - StepB_Enter GS6YWWN3
2025-04-01 02:42:56,307 - INFO - StepB_Exit GS6YWWN3
2025-04-01 02:42:56,308 - INFO - StepB_Enter RDDV7PSG
2025-04-01 02:42:56,340 - INFO - StepB_Exit RDDV7PSG
2025-04-01 02:42:56,342 - INFO - StepB_Enter 0UC6U897
StepB_Enter ZXSUNVJM
2025-04-01 02:42:56,396 - INFO - StepB_Exit 0UC6U897
StepB_Exit ZXSUNVJM
2025-04-01 02:42:56,399 - INFO - StepB_Enter O5C40A54
StepB_Enter 7ED51VGA
StepB_Enter P4QBW37H
2025-04-01 02:42:56,476 - INFO - StepB_Exit O5C40A54
StepB_Exit 7ED51VGA
StepB_Exit P4QBW37H
2025-04-01 02:42:56,519 - INFO - StepB_Enter PL1ZWLCH
2025-04-01 02:42:56,551 - INFO - StepB_Exit PL1ZWLCH
2025-04-01 02:42:56,553 - INFO - StepB_Enter USOWK1PH
2025-04-01 02:42:56,585 - INFO - StepB_Exit USOWK1PH
2025-04-01 02:42:56,615 - INFO - StepB_Enter J7LOJTBQ
2025-04-01 02:42:56,646 - INFO - StepB_Exit J7LOJTBQ
2025-04-01 02:42:56,647 - INFO - StepB_Enter OF8UVO8G
2025-04-01 02:42:56,679 - INFO - StepB_Exit OF8UVO8G
2025-04-01 02:42:56,680 - INFO - StepB_Enter FN55MLNM
StepB_Enter B4UHIBZN
2025-04-01 02:42:56,734 - INFO - StepB_Exit FN55MLNM
StepB_Exit B4UHIBZN
2025-04-01 02:42:56,735 - INFO - StepB_Enter I2VH2DL0
StepB_Enter 2BIPSCTO
2025-04-01 02:42:56,790 - INFO - StepB_Exit I2VH2DL0
StepB_Exit 2BIPSCTO
2025-04-01 02:42:56,791 - INFO - StepB_Enter 21F1HURB
StepB_Enter QHT2A3V5
StepB_Enter HPYXKYA1
2025-04-01 02:42:56,868 - INFO - StepB_Exit 21F1HURB
StepB_Exit QHT2A3V5
StepB_Exit HPYXKYA1
2025-04-01 02:42:56,870 - INFO - StepB_Enter EAVA7M9G
StepB_Enter STG45J4U
2025-04-01 02:42:56,926 - INFO - StepB_Exit EAVA7M9G
StepB_Exit STG45J4U
2025-04-01 02:42:56,928 - INFO - StepB_Enter 7QAVYMFD
2025-04-01 02:42:56,962 - INFO - StepB_Exit 7QAVYMFD
2025-04-01 02:42:56,971 - INFO - StepB_Enter 3JJE30QK
2025-04-01 02:42:57,004 - INFO - StepB_Exit 3JJE30QK
2025-04-01 02:42:57,006 - INFO - StepB_Enter 5S78X645
StepB_Enter S7NZZNIQ
StepB_Enter EDU3Z9S4
2025-04-01 02:42:57,083 - INFO - StepB_Exit 5S78X645
StepB_Exit S7NZZNIQ
StepB_Exit EDU3Z9S4
2025-04-01 02:42:57,084 - INFO - StepB_Enter XN4UP0B7
StepB_Enter 4A72A7XZ
StepB_Enter FQX76XBM
2025-04-01 02:42:57,163 - INFO - StepB_Exit XN4UP0B7
StepB_Exit 4A72A7XZ
StepB_Exit FQX76XBM
2025-04-01 02:42:57,165 - INFO - StepB_Enter CAITJUVB
StepB_Enter M67NM835
2025-04-01 02:42:57,222 - INFO - StepB_Exit CAITJUVB
StepB_Exit M67NM835
2025-04-01 02:42:57,223 - INFO - StepB_Enter GRTMP801
2025-04-01 02:42:57,257 - INFO - StepB_Exit GRTMP801
2025-04-01 02:42:57,258 - INFO - StepB_Enter ZUF10BVV
2025-04-01 02:42:57,291 - INFO - StepB_Exit ZUF10BVV
2025-04-01 02:42:57,373 - INFO - StepB_Enter 59XTFDX3
2025-04-01 02:42:57,405 - INFO - StepB_Exit 59XTFDX3
2025-04-01 02:42:57,407 - INFO - StepB_Enter BOMVWFSX
2025-04-01 02:42:57,438 - INFO - StepB_Exit BOMVWFSX
2025-04-01 02:42:57,440 - INFO - StepB_Enter EBFWD615
2025-04-01 02:42:57,472 - INFO - StepB_Exit EBFWD615
2025-04-01 02:42:57,473 - INFO - StepB_Enter HUB168K3
2025-04-01 02:42:57,505 - INFO - StepB_Exit HUB168K3
2025-04-01 02:42:57,601 - INFO - StepB_Enter RAE250FF
2025-04-01 02:42:57,632 - INFO - StepB_Exit RAE250FF
2025-04-01 02:42:57,634 - INFO - StepB_Enter 5NVU9P1A
StepB_Enter J0CQMOHU
2025-04-01 02:42:57,688 - INFO - StepB_Exit 5NVU9P1A
StepB_Exit J0CQMOHU
2025-04-01 02:42:57,690 - INFO - StepB_Enter 5FUUJHNM
2025-04-01 02:42:57,723 - INFO - StepB_Exit 5FUUJHNM
2025-04-01 02:42:57,725 - INFO - StepB_Enter MO1ELGNA
2025-04-01 02:42:57,757 - INFO - StepB_Exit MO1ELGNA
2025-04-01 02:42:57,759 - INFO - StepB_Enter R7H7U5NJ
StepB_Enter YWQQXVI9
2025-04-01 02:42:57,813 - INFO - StepB_Exit R7H7U5NJ
StepB_Exit YWQQXVI9
2025-04-01 02:42:57,816 - INFO - StepB_Enter FBL8EHOO
StepB_Enter 1KIZ749J
StepB_Enter 98EBQ62C
2025-04-01 02:42:57,894 - INFO - StepB_Exit FBL8EHOO
StepB_Exit 1KIZ749J
StepB_Exit 98EBQ62C
2025-04-01 02:42:57,898 - INFO - StepB_Enter 6MKR6DT3
2025-04-01 02:42:57,933 - INFO - StepB_Exit 6MKR6DT3
2025-04-01 02:42:57,935 - INFO - StepB_Enter 6VPXQP27
StepB_Enter XBX1BIQ0
2025-04-01 02:42:57,991 - INFO - StepB_Exit 6VPXQP27
StepB_Exit XBX1BIQ0
2025-04-01 02:42:57,994 - INFO - StepB_Enter J5DGQ5SJ
StepB_Enter ZBGIEAZ6
2025-04-01 02:42:58,050 - INFO - StepB_Exit J5DGQ5SJ
StepB_Exit ZBGIEAZ6
2025-04-01 02:42:58,052 - INFO - StepB_Enter U1GS29V5
2025-04-01 02:42:58,085 - INFO - StepB_Exit U1GS29V5
2025-04-01 02:42:58,159 - INFO - StepB_Enter OVGO1WQA
2025-04-01 02:42:58,191 - INFO - StepB_Exit OVGO1WQA
2025-04-01 02:42:58,233 - INFO - StepB_Enter FPUFU3DX
2025-04-01 02:42:58,264 - INFO - StepB_Exit FPUFU3DX
2025-04-01 02:42:58,267 - INFO - StepB_Enter ZWM5B6J4
2025-04-01 02:42:58,299 - INFO - StepB_Exit ZWM5B6J4
2025-04-01 02:42:58,334 - INFO - StepB_Enter XB3WT7EO
2025-04-01 02:42:58,365 - INFO - StepB_Exit XB3WT7EO
2025-04-01 02:42:58,368 - INFO - StepB_Enter YOB45OBZ
2025-04-01 02:42:58,399 - INFO - StepB_Exit YOB45OBZ
2025-04-01 02:42:58,465 - INFO - StepB_Enter ZW4HGOC2
2025-04-01 02:42:58,497 - INFO - StepB_Exit ZW4HGOC2
2025-04-01 02:42:58,498 - INFO - StepB_Enter 5WC2XB5Z
StepB_Enter GKS7AYBL
2025-04-01 02:42:58,553 - INFO - StepB_Exit 5WC2XB5Z
StepB_Exit GKS7AYBL
2025-04-01 02:42:58,555 - INFO - StepB_Enter GPP2CXTP
StepB_Enter MW6CK70Q
2025-04-01 02:42:58,610 - INFO - StepB_Exit GPP2CXTP
StepB_Exit MW6CK70Q
2025-04-01 02:42:58,724 - INFO - StepB_Enter INCND0VJ
2025-04-01 02:42:58,758 - INFO - StepB_Exit INCND0VJ
2025-04-01 02:42:58,760 - INFO - StepB_Enter VCNGL0K2
2025-04-01 02:42:58,792 - INFO - StepB_Exit VCNGL0K2
2025-04-01 02:42:58,835 - INFO - StepB_Enter YYDVTS83
2025-04-01 02:42:58,867 - INFO - StepB_Exit YYDVTS83
2025-04-01 02:42:58,869 - INFO - StepB_Enter 49IO1TDG
2025-04-01 02:42:58,900 - INFO - StepB_Exit 49IO1TDG
2025-04-01 02:42:58,902 - INFO - StepB_Enter 7FRI5ZXZ
StepB_Enter NIXMTYSE
2025-04-01 02:42:58,956 - INFO - StepB_Exit 7FRI5ZXZ
StepB_Exit NIXMTYSE
2025-04-01 02:42:58,997 - INFO - StepB_Enter JQVGILF1
2025-04-01 02:42:59,029 - INFO - StepB_Exit JQVGILF1
2025-04-01 02:42:59,030 - INFO - StepB_Enter 1TTSCTBY
2025-04-01 02:42:59,062 - INFO - StepB_Exit 1TTSCTBY
2025-04-01 02:42:59,064 - INFO - StepB_Enter SPIUX29E
2025-04-01 02:42:59,096 - INFO - StepB_Exit SPIUX29E
2025-04-01 02:42:59,097 - INFO - StepB_Enter VJTZXU03
StepB_Enter HTSVU1HQ
StepB_Enter 2874IA34
2025-04-01 02:42:59,175 - INFO - StepB_Exit VJTZXU03
StepB_Exit HTSVU1HQ
StepB_Exit 2874IA34
2025-04-01 02:42:59,178 - INFO - StepB_Enter YYRT75KB
StepB_Enter N8U44TW9
StepB_Enter KECWPU55
2025-04-01 02:42:59,257 - INFO - StepB_Exit YYRT75KB
StepB_Exit N8U44TW9
StepB_Exit KECWPU55
2025-04-01 02:42:59,259 - INFO - StepB_Enter G182OWS8
StepB_Enter Z7HGKCMQ
2025-04-01 02:42:59,316 - INFO - StepB_Exit G182OWS8
StepB_Exit Z7HGKCMQ
2025-04-01 02:42:59,318 - INFO - StepB_Enter WP4GJMLM
StepB_Enter VZ7EP673
StepB_Enter IU0QZMNE
2025-04-01 02:42:59,396 - INFO - StepB_Exit WP4GJMLM
StepB_Exit VZ7EP673
StepB_Exit IU0QZMNE
2025-04-01 02:42:59,401 - INFO - StepB_Enter HYYP0DDA
StepB_Enter O5W0W864
2025-04-01 02:42:59,457 - INFO - StepB_Exit HYYP0DDA
StepB_Exit O5W0W864
2025-04-01 02:42:59,458 - INFO - StepB_Enter I196STZA
2025-04-01 02:42:59,491 - INFO - StepB_Exit I196STZA
2025-04-01 02:42:59,493 - INFO - StepB_Enter F17D51W6
2025-04-01 02:42:59,526 - INFO - StepB_Exit F17D51W6
2025-04-01 02:42:59,578 - INFO - StepB_Enter QUKH2815
2025-04-01 02:42:59,610 - INFO - StepB_Exit QUKH2815
2025-04-01 02:42:59,612 - INFO - StepB_Enter WDILAPST
2025-04-01 02:42:59,644 - INFO - StepB_Exit WDILAPST
2025-04-01 02:42:59,646 - INFO - StepB_Enter 1OXKDPM6
2025-04-01 02:42:59,677 - INFO - StepB_Exit 1OXKDPM6
2025-04-01 02:42:59,682 - INFO - StepB_Enter J20U5O73
2025-04-01 02:42:59,714 - INFO - StepB_Exit J20U5O73
2025-04-01 02:42:59,766 - INFO - StepB_Enter Z1GCAL0V
2025-04-01 02:42:59,798 - INFO - StepB_Exit Z1GCAL0V
2025-04-01 02:42:59,802 - INFO - StepB_Enter M8CQ7LSI
2025-04-01 02:42:59,833 - INFO - StepB_Exit M8CQ7LSI
2025-04-01 02:42:59,835 - INFO - StepB_Enter 2JGU5EOZ
StepB_Enter CI23G6KE
2025-04-01 02:42:59,890 - INFO - StepB_Exit 2JGU5EOZ
StepB_Exit CI23G6KE
2025-04-01 02:42:59,893 - INFO - StepB_Enter UOFN5POB
StepB_Enter EWJQDY6B
2025-04-01 02:42:59,948 - INFO - StepB_Exit UOFN5POB
StepB_Exit EWJQDY6B
2025-04-01 02:42:59,950 - INFO - StepB_Enter A3MYFR1D
StepB_Enter WNQR174V
StepB_Enter TT5P6Z41
2025-04-01 02:43:00,028 - INFO - StepB_Exit A3MYFR1D
StepB_Exit WNQR174V
StepB_Exit TT5P6Z41
2025-04-01 02:43:00,030 - INFO - StepB_Enter 2V623KIQ
2025-04-01 02:43:00,064 - INFO - StepB_Exit 2V623KIQ
2025-04-01 02:43:00,084 - INFO - StepB_Enter EPPTTSEJ
2025-04-01 02:43:00,117 - INFO - StepB_Exit EPPTTSEJ
2025-04-01 02:43:00,126 - INFO - StepB_Enter 5WRXW519
2025-04-01 02:43:00,157 - INFO - StepB_Exit 5WRXW519
2025-04-01 02:43:00,159 - INFO - StepB_Enter XQNBPZWM
2025-04-01 02:43:00,190 - INFO - StepB_Exit XQNBPZWM
2025-04-01 02:43:00,192 - INFO - StepB_Enter 7ODKUCE9
StepB_Enter 7R1RBOH1
2025-04-01 02:43:00,245 - INFO - StepB_Exit 7ODKUCE9
StepB_Exit 7R1RBOH1
2025-04-01 02:43:00,268 - INFO - StepB_Enter F809XIUM
2025-04-01 02:43:00,299 - INFO - StepB_Exit F809XIUM
2025-04-01 02:43:00,302 - INFO - StepB_Enter XK078OZ0
2025-04-01 02:43:00,334 - INFO - StepB_Exit XK078OZ0
2025-04-01 02:43:00,335 - INFO - StepB_Enter EDJ1Q5J4
2025-04-01 02:43:00,367 - INFO - StepB_Exit EDJ1Q5J4
2025-04-01 02:43:00,369 - INFO - StepB_Enter 8LU0I2NR
StepB_Enter VXSPN8JX
StepB_Enter HM74WKYK
StepB_Enter LZPMM7WE
2025-04-01 02:43:00,471 - INFO - StepB_Exit 8LU0I2NR
StepB_Exit VXSPN8JX
StepB_Exit HM74WKYK
StepB_Exit LZPMM7WE
2025-04-01 02:43:00,474 - INFO - StepB_Enter 1MOZF9C8
StepB_Enter VXYI3A12
StepB_Enter MVQUNRX3
StepB_Enter YPE8CH4Y
StepB_Enter D1R2Z12P
2025-04-01 02:43:00,603 - INFO - StepB_Exit 1MOZF9C8
StepB_Exit VXYI3A12
StepB_Exit MVQUNRX3
StepB_Exit YPE8CH4Y
StepB_Exit D1R2Z12P
2025-04-01 02:43:00,606 - INFO - StepB_Enter 6KKO54MQ
StepB_Enter 5B7JKL8G
StepB_Enter F6NBW1IJ
StepB_Enter CQ8TXULY
StepB_Enter NO51TV3H
StepB_Enter H5DP6MZS
2025-04-01 02:43:00,757 - INFO - StepB_Exit 6KKO54MQ
StepB_Exit 5B7JKL8G
StepB_Exit F6NBW1IJ
StepB_Exit CQ8TXULY
StepB_Exit NO51TV3H
StepB_Exit H5DP6MZS
2025-04-01 02:43:00,760 - INFO - StepB_Enter WPQBGPFI
StepB_Enter TXTJ54FO
2025-04-01 02:43:00,816 - INFO - StepB_Exit WPQBGPFI
StepB_Exit TXTJ54FO
2025-04-01 02:43:00,858 - INFO - StepB_Enter H3AA6IT3
2025-04-01 02:43:00,890 - INFO - StepB_Exit H3AA6IT3
2025-04-01 02:43:00,922 - INFO - StepB_Enter F2I5WTOL
2025-04-01 02:43:00,953 - INFO - StepB_Exit F2I5WTOL
2025-04-01 02:43:00,954 - INFO - StepB_Enter B8O1ZXX5
2025-04-01 02:43:00,986 - INFO - StepB_Exit B8O1ZXX5
2025-04-01 02:43:01,050 - INFO - StepB_Enter 73XKAYUL
2025-04-01 02:43:01,082 - INFO - StepB_Exit 73XKAYUL
2025-04-01 02:43:01,087 - INFO - StepB_Enter M30V2X4W
2025-04-01 02:43:01,118 - INFO - StepB_Exit M30V2X4W
2025-04-01 02:43:01,120 - INFO - StepB_Enter 55EAR17F
2025-04-01 02:43:01,151 - INFO - StepB_Exit 55EAR17F
2025-04-01 02:43:01,152 - INFO - StepB_Enter N6DBYO3Q
2025-04-01 02:43:01,184 - INFO - StepB_Exit N6DBYO3Q
2025-04-01 02:43:01,228 - INFO - StepB_Enter 90EASQNJ
2025-04-01 02:43:01,259 - INFO - StepB_Exit 90EASQNJ
2025-04-01 02:43:01,274 - INFO - StepB_Enter DNPGVZR3
2025-04-01 02:43:01,306 - INFO - StepB_Exit DNPGVZR3
2025-04-01 02:43:01,308 - INFO - StepB_Enter V80VXJCU
StepB_Enter LKUFZXQK
2025-04-01 02:43:01,362 - INFO - StepB_Exit V80VXJCU
StepB_Exit LKUFZXQK
2025-04-01 02:43:01,363 - INFO - StepB_Enter WFKUMD0R
StepB_Enter 8IULPV36
2025-04-01 02:43:01,419 - INFO - StepB_Exit WFKUMD0R
StepB_Exit 8IULPV36
2025-04-01 02:43:01,421 - INFO - StepB_Enter 8P4USXAZ
StepB_Enter TOX908SJ
StepB_Enter YGID7WQC
2025-04-01 02:43:01,498 - INFO - StepB_Exit 8P4USXAZ
StepB_Exit TOX908SJ
StepB_Exit YGID7WQC
2025-04-01 02:43:01,501 - INFO - StepB_Enter MOOZDRZ9
2025-04-01 02:43:01,534 - INFO - StepB_Exit MOOZDRZ9
2025-04-01 02:43:01,535 - INFO - StepB_Enter 4T6IL11T
2025-04-01 02:43:01,567 - INFO - StepB_Exit 4T6IL11T
2025-04-01 02:43:01,656 - INFO - StepB_Enter ZK1MD86M
2025-04-01 02:43:01,688 - INFO - StepB_Exit ZK1MD86M
2025-04-01 02:43:01,689 - INFO - StepB_Enter 7HK3HOC6
2025-04-01 02:43:01,721 - INFO - StepB_Exit 7HK3HOC6
2025-04-01 02:43:01,741 - INFO - StepB_Enter NSUWSHHS
2025-04-01 02:43:01,772 - INFO - StepB_Exit NSUWSHHS
2025-04-01 02:43:01,832 - INFO - StepB_Enter GKT34RFB
2025-04-01 02:43:01,863 - INFO - StepB_Exit GKT34RFB
2025-04-01 02:43:01,864 - INFO - StepB_Enter KR3N1NMX
2025-04-01 02:43:01,896 - INFO - StepB_Exit KR3N1NMX
2025-04-01 02:43:01,903 - INFO - StepB_Enter ZIO0CE5T
2025-04-01 02:43:01,934 - INFO - StepB_Exit ZIO0CE5T
2025-04-01 02:43:01,935 - INFO - StepB_Enter VCQG0QTF
2025-04-01 02:43:01,967 - INFO - StepB_Exit VCQG0QTF
2025-04-01 02:43:01,968 - INFO - StepB_Enter B9XRUASS
2025-04-01 02:43:01,999 - INFO - StepB_Exit B9XRUASS
2025-04-01 02:43:02,080 - INFO - StepB_Enter WSZEPM18
2025-04-01 02:43:02,112 - INFO - StepB_Exit WSZEPM18
2025-04-01 02:43:02,113 - INFO - StepB_Enter XL30LGPV
2025-04-01 02:43:02,144 - INFO - StepB_Exit XL30LGPV
2025-04-01 02:43:02,176 - INFO - StepB_Enter 70F4BTEU
2025-04-01 02:43:02,207 - INFO - StepB_Exit 70F4BTEU
2025-04-01 02:43:02,208 - INFO - StepB_Enter YRB6OR4E
StepB_Enter PQ61C7CO
2025-04-01 02:43:02,261 - INFO - StepB_Exit YRB6OR4E
StepB_Exit PQ61C7CO
2025-04-01 02:43:02,264 - INFO - StepB_Enter Q2C0ZX3T
StepB_Enter IYNEHLB2
2025-04-01 02:43:02,319 - INFO - StepB_Exit Q2C0ZX3T
StepB_Exit IYNEHLB2
2025-04-01 02:43:02,320 - INFO - StepB_Enter AO3U0PKZ
StepB_Enter PK0SQHHP
2025-04-01 02:43:02,375 - INFO - StepB_Exit AO3U0PKZ
StepB_Exit PK0SQHHP
2025-04-01 02:43:02,394 - INFO - StepB_Enter LKB4XCW1
2025-04-01 02:43:02,426 - INFO - StepB_Exit LKB4XCW1
2025-04-01 02:43:02,487 - INFO - StepB_Enter FODZ7RAU
2025-04-01 02:43:02,519 - INFO - StepB_Exit FODZ7RAU
2025-04-01 02:43:02,522 - INFO - StepB_Enter V7ZV1KEM
2025-04-01 02:43:02,554 - INFO - StepB_Exit V7ZV1KEM
2025-04-01 02:43:02,564 - INFO - StepB_Enter LT01LX21
2025-04-01 02:43:02,596 - INFO - StepB_Exit LT01LX21
2025-04-01 02:43:02,614 - INFO - StepB_Enter FLGFTG6B
2025-04-01 02:43:02,645 - INFO - StepB_Exit FLGFTG6B
2025-04-01 02:43:02,646 - INFO - StepB_Enter 8VJ26A0D
StepB_Enter BKI0O7CG
2025-04-01 02:43:02,701 - INFO - StepB_Exit 8VJ26A0D
StepB_Exit BKI0O7CG
2025-04-01 02:43:02,715 - INFO - StepB_Enter X7J2HD9M
2025-04-01 02:43:02,748 - INFO - StepB_Exit X7J2HD9M
2025-04-01 02:43:02,773 - INFO - StepB_Enter E4JF4ZZZ
2025-04-01 02:43:02,805 - INFO - StepB_Exit E4JF4ZZZ
2025-04-01 02:43:02,824 - INFO - StepB_Enter 34J05XP3
2025-04-01 02:43:02,855 - INFO - StepB_Exit 34J05XP3
2025-04-01 02:43:02,857 - INFO - StepB_Enter Z9N24J66
2025-04-01 02:43:02,888 - INFO - StepB_Exit Z9N24J66
2025-04-01 02:43:02,917 - INFO - StepB_Enter CR2OJ22A
2025-04-01 02:43:02,949 - INFO - StepB_Exit CR2OJ22A
2025-04-01 02:43:02,950 - INFO - StepB_Enter 92YARMHC
StepB_Enter 1IDE1J4J
2025-04-01 02:43:03,003 - INFO - StepB_Exit 92YARMHC
StepB_Exit 1IDE1J4J
2025-04-01 02:43:03,005 - INFO - StepB_Enter YCY1ZLZV
2025-04-01 02:43:03,037 - INFO - StepB_Exit YCY1ZLZV
2025-04-01 02:43:03,038 - INFO - StepB_Enter MAK8Z471
StepB_Enter C6R92Z9T
2025-04-01 02:43:03,093 - INFO - StepB_Exit MAK8Z471
StepB_Exit C6R92Z9T
2025-04-01 02:43:03,094 - INFO - StepB_Enter 3XRHFKOG
StepB_Enter 9A3AFDU9
2025-04-01 02:43:03,149 - INFO - StepB_Exit 3XRHFKOG
StepB_Exit 9A3AFDU9
2025-04-01 02:43:03,150 - INFO - StepB_Enter KU5I11UV
StepB_Enter L790XR92
2025-04-01 02:43:03,206 - INFO - StepB_Exit KU5I11UV
StepB_Exit L790XR92
2025-04-01 02:43:03,207 - INFO - StepB_Enter 13O8SO4T
2025-04-01 02:43:03,239 - INFO - StepB_Exit 13O8SO4T
2025-04-01 02:43:03,250 - INFO - StepB_Enter ERFATMIJ
2025-04-01 02:43:03,282 - INFO - StepB_Exit ERFATMIJ
2025-04-01 02:43:03,283 - INFO - StepB_Enter OKV9ZUYT
StepB_Enter FTR3WU5Z
StepB_Enter BCUUWCHI
2025-04-01 02:43:03,359 - INFO - StepB_Exit OKV9ZUYT
StepB_Exit FTR3WU5Z
StepB_Exit BCUUWCHI
2025-04-01 02:43:03,388 - INFO - StepB_Enter X5XP9EMK
2025-04-01 02:43:03,420 - INFO - StepB_Exit X5XP9EMK
2025-04-01 02:43:03,421 - INFO - StepB_Enter 7WTYTOCP
StepB_Enter 31LV39G3
2025-04-01 02:43:03,475 - INFO - StepB_Exit 7WTYTOCP
StepB_Exit 31LV39G3
2025-04-01 02:43:03,476 - INFO - StepB_Enter DX1961YA
StepB_Enter ZEK3QGJW
StepB_Enter H3SGSI3D
2025-04-01 02:43:03,553 - INFO - StepB_Exit DX1961YA
StepB_Exit ZEK3QGJW
StepB_Exit H3SGSI3D
2025-04-01 02:43:03,554 - INFO - StepB_Enter J79CLTKT
2025-04-01 02:43:03,587 - INFO - StepB_Exit J79CLTKT
2025-04-01 02:43:03,589 - INFO - StepB_Enter YH3SO3EE
StepB_Enter T6XUL0S4
2025-04-01 02:43:03,643 - INFO - StepB_Exit YH3SO3EE
StepB_Exit T6XUL0S4
2025-04-01 02:43:03,718 - INFO - StepB_Enter EYRGOIN0
2025-04-01 02:43:03,749 - INFO - StepB_Exit EYRGOIN0
2025-04-01 02:43:03,793 - INFO - StepB_Enter GYCMSKUE
2025-04-01 02:43:03,825 - INFO - StepB_Exit GYCMSKUE
2025-04-01 02:43:03,897 - INFO - StepB_Enter TIKPW1TQ
2025-04-01 02:43:03,928 - INFO - StepB_Exit TIKPW1TQ
2025-04-01 02:43:03,929 - INFO - StepB_Enter 2NH79SBF
StepB_Enter KPHPZ8K0
2025-04-01 02:43:03,983 - INFO - StepB_Exit 2NH79SBF
StepB_Exit KPHPZ8K0
2025-04-01 02:43:03,985 - INFO - StepB_Enter JFYR37MI
StepB_Enter A7HISZA0
StepB_Enter LHDIVN7F
2025-04-01 02:43:04,062 - INFO - StepB_Exit JFYR37MI
StepB_Exit A7HISZA0
StepB_Exit LHDIVN7F
2025-04-01 02:43:04,091 - INFO - StepB_Enter T93XUNJ0
2025-04-01 02:43:04,123 - INFO - StepB_Exit T93XUNJ0
2025-04-01 02:43:04,124 - INFO - StepB_Enter 7WRH7DJ4
StepB_Enter 2J92J1AB
2025-04-01 02:43:04,178 - INFO - StepB_Exit 7WRH7DJ4
StepB_Exit 2J92J1AB
2025-04-01 02:43:04,180 - INFO - StepB_Enter IOT9MH24
StepB_Enter XX5G5K9J
2025-04-01 02:43:04,234 - INFO - StepB_Exit IOT9MH24
StepB_Exit XX5G5K9J
2025-04-01 02:43:04,236 - INFO - StepB_Enter 9DE8WXJW
StepB_Enter YTW4YG28
2025-04-01 02:43:04,290 - INFO - StepB_Exit 9DE8WXJW
StepB_Exit YTW4YG28
2025-04-01 02:43:04,292 - INFO - StepB_Enter 36WGPME6
StepB_Enter BWLA00GS
StepB_Enter 0RV1C79X
2025-04-01 02:43:04,369 - INFO - StepB_Exit 36WGPME6
StepB_Exit BWLA00GS
StepB_Exit 0RV1C79X
2025-04-01 02:43:04,371 - INFO - StepB_Enter IE2YLX51
StepB_Enter A8O8UZ3T
StepB_Enter IWHRYC65
2025-04-01 02:43:04,449 - INFO - StepB_Exit IE2YLX51
StepB_Exit A8O8UZ3T
StepB_Exit IWHRYC65
2025-04-01 02:43:04,450 - INFO - StepB_Enter HZCY4YM8
StepB_Enter SJG2QKFL
StepB_Enter G1XTF4SY
2025-04-01 02:43:04,528 - INFO - StepB_Exit HZCY4YM8
StepB_Exit SJG2QKFL
StepB_Exit G1XTF4SY
2025-04-01 02:43:04,530 - INFO - StepB_Enter MRULKP56
StepB_Enter NCJXZKAO
2025-04-01 02:43:04,586 - INFO - StepB_Exit MRULKP56
StepB_Exit NCJXZKAO
2025-04-01 02:43:04,587 - INFO - StepB_Enter VRMOUQSR
StepB_Enter 0EHGCQ2N
2025-04-01 02:43:04,642 - INFO - StepB_Exit VRMOUQSR
StepB_Exit 0EHGCQ2N
2025-04-01 02:43:04,643 - INFO - StepB_Enter X6O0L292
2025-04-01 02:43:04,677 - INFO - StepB_Exit X6O0L292
2025-04-01 02:43:04,678 - INFO - StepB_Enter 904DWKY5
StepB_Enter 9NZWSHY3
2025-04-01 02:43:04,732 - INFO - StepB_Exit 904DWKY5
StepB_Exit 9NZWSHY3
2025-04-01 02:43:04,733 - INFO - StepB_Enter N5S591XD
2025-04-01 02:43:04,766 - INFO - StepB_Exit N5S591XD
2025-04-01 02:43:04,767 - INFO - StepB_Enter AOT77X5B
2025-04-01 02:43:04,799 - INFO - StepB_Exit AOT77X5B
2025-04-01 02:43:04,816 - INFO - StepB_Enter IST402RF
2025-04-01 02:43:04,848 - INFO - StepB_Exit IST402RF
2025-04-01 02:43:04,849 - INFO - StepB_Enter 81ZALHBH
StepB_Enter J0LHIPOL
2025-04-01 02:43:04,903 - INFO - StepB_Exit 81ZALHBH
StepB_Exit J0LHIPOL
2025-04-01 02:43:04,947 - INFO - StepB_Enter EK0MEHZG
2025-04-01 02:43:04,978 - INFO - StepB_Exit EK0MEHZG
2025-04-01 02:43:04,979 - INFO - StepB_Enter YO41BCGF
2025-04-01 02:43:05,011 - INFO - StepB_Exit YO41BCGF
2025-04-01 02:43:05,016 - INFO - StepB_Enter X1T705HO
2025-04-01 02:43:05,047 - INFO - StepB_Exit X1T705HO
2025-04-01 02:43:05,048 - INFO - StepB_Enter 6HX1RSWG
2025-04-01 02:43:05,080 - INFO - StepB_Exit 6HX1RSWG
2025-04-01 02:43:05,085 - INFO - StepB_Enter ABJVAOZ8
2025-04-01 02:43:05,116 - INFO - StepB_Exit ABJVAOZ8
2025-04-01 02:43:05,117 - INFO - StepB_Enter VP68GXK0
2025-04-01 02:43:05,149 - INFO - StepB_Exit VP68GXK0
2025-04-01 02:43:05,150 - INFO - StepB_Enter UMTZ99QE
2025-04-01 02:43:05,182 - INFO - StepB_Exit UMTZ99QE
2025-04-01 02:43:05,183 - INFO - StepB_Enter T5VKPWFW
2025-04-01 02:43:05,214 - INFO - StepB_Exit T5VKPWFW
2025-04-01 02:43:05,284 - INFO - StepB_Enter L2SGW9R0
2025-04-01 02:43:05,315 - INFO - StepB_Exit L2SGW9R0
2025-04-01 02:43:05,316 - INFO - StepB_Enter NSWR96PM
StepB_Enter QOSKC585
StepB_Enter 0VC7PUSZ
2025-04-01 02:43:05,393 - INFO - StepB_Exit NSWR96PM
StepB_Exit QOSKC585
StepB_Exit 0VC7PUSZ
2025-04-01 02:43:05,394 - INFO - StepB_Enter Z3X921MT
StepB_Enter XLFBUY3N
StepB_Enter VJIYPW31
StepB_Enter V904TBCQ
2025-04-01 02:43:05,497 - INFO - StepB_Exit Z3X921MT
StepB_Exit XLFBUY3N
StepB_Exit VJIYPW31
StepB_Exit V904TBCQ
2025-04-01 02:43:05,499 - INFO - StepB_Enter XOTC6RQ1
StepB_Enter NANI00YJ
StepB_Enter YXGZ50PM
2025-04-01 02:43:05,577 - INFO - StepB_Exit XOTC6RQ1
StepB_Exit NANI00YJ
StepB_Exit YXGZ50PM
2025-04-01 02:43:05,578 - INFO - StepB_Enter 1JMFP7PI
2025-04-01 02:43:05,612 - INFO - StepB_Exit 1JMFP7PI
2025-04-01 02:43:05,668 - INFO - StepB_Enter UFU2QBAG
2025-04-01 02:43:05,700 - INFO - StepB_Exit UFU2QBAG
2025-04-01 02:43:05,701 - INFO - StepB_Enter MXMVDVFN
2025-04-01 02:43:05,733 - INFO - StepB_Exit MXMVDVFN
2025-04-01 02:43:05,748 - INFO - StepB_Enter EQQ5QGDT
2025-04-01 02:43:05,779 - INFO - StepB_Exit EQQ5QGDT
2025-04-01 02:43:05,780 - INFO - StepB_Enter 6QQBYSNI
2025-04-01 02:43:05,812 - INFO - StepB_Exit 6QQBYSNI
2025-04-01 02:43:05,884 - INFO - StepB_Enter UDEB8O96
2025-04-01 02:43:05,915 - INFO - StepB_Exit UDEB8O96
2025-04-01 02:43:05,940 - INFO - StepB_Enter RJF5S867
2025-04-01 02:43:05,971 - INFO - StepB_Exit RJF5S867
2025-04-01 02:43:05,972 - INFO - StepB_Enter Q0SMCBB8
2025-04-01 02:43:06,003 - INFO - StepB_Exit Q0SMCBB8
2025-04-01 02:43:06,005 - INFO - StepB_Enter UPXOBMN9
StepB_Enter KL9LLI9N
2025-04-01 02:43:06,059 - INFO - StepB_Exit UPXOBMN9
StepB_Exit KL9LLI9N
2025-04-01 02:43:06,060 - INFO - StepB_Enter EGP4EMO2
2025-04-01 02:43:06,093 - INFO - StepB_Exit EGP4EMO2
2025-04-01 02:43:06,094 - INFO - StepB_Enter X9RNGZF3
StepB_Enter PKE9BXK6
2025-04-01 02:43:06,148 - INFO - StepB_Exit X9RNGZF3
StepB_Exit PKE9BXK6
2025-04-01 02:43:06,150 - INFO - StepB_Enter QASZI8JP
2025-04-01 02:43:06,182 - INFO - StepB_Exit QASZI8JP
2025-04-01 02:43:06,188 - INFO - StepB_Enter EDUFDYXO
2025-04-01 02:43:06,219 - INFO - StepB_Exit EDUFDYXO
2025-04-01 02:43:06,221 - INFO - StepB_Enter 31ZYYLAF
2025-04-01 02:43:06,253 - INFO - StepB_Exit 31ZYYLAF
2025-04-01 02:43:06,254 - INFO - StepB_Enter 9A8V2CNJ
StepB_Enter AF5M7B09
2025-04-01 02:43:06,308 - INFO - StepB_Exit 9A8V2CNJ
StepB_Exit AF5M7B09
2025-04-01 02:43:06,309 - INFO - StepB_Enter 74PQAK6D
StepB_Enter 52YEQUXS
StepB_Enter UZZ4RPAZ
StepB_Enter 11I9IJ16
2025-04-01 02:43:06,411 - INFO - StepB_Exit 74PQAK6D
StepB_Exit 52YEQUXS
StepB_Exit UZZ4RPAZ
StepB_Exit 11I9IJ16
2025-04-01 02:43:06,442 - INFO - StepB_Enter 7HQQFSBN
2025-04-01 02:43:06,473 - INFO - StepB_Exit 7HQQFSBN
2025-04-01 02:43:06,493 - INFO - StepB_Enter TVST0UJO
2025-04-01 02:43:06,524 - INFO - StepB_Exit TVST0UJO
2025-04-01 02:43:06,528 - INFO - StepB_Enter 4PJN88KK
2025-04-01 02:43:06,559 - INFO - StepB_Exit 4PJN88KK
2025-04-01 02:43:06,560 - INFO - StepB_Enter XLTJH675
2025-04-01 02:43:06,591 - INFO - StepB_Exit XLTJH675
2025-04-01 02:43:06,592 - INFO - StepB_Enter EMKY4NJL
StepB_Enter S41O13HB
2025-04-01 02:43:06,646 - INFO - StepB_Exit EMKY4NJL
StepB_Exit S41O13HB
2025-04-01 02:43:06,648 - INFO - StepB_Enter 2N8BGBAJ
StepB_Enter BC2BSNNF
StepB_Enter EP23UFBT
2025-04-01 02:43:06,725 - INFO - StepB_Exit 2N8BGBAJ
StepB_Exit BC2BSNNF
StepB_Exit EP23UFBT
2025-04-01 02:43:06,727 - INFO - StepB_Enter CZDM28CP
StepB_Enter CS198UE6
StepB_Enter JCR686TO
StepB_Enter HG1ECY3H
2025-04-01 02:43:06,829 - INFO - StepB_Exit CZDM28CP
StepB_Exit CS198UE6
StepB_Exit JCR686TO
StepB_Exit HG1ECY3H
2025-04-01 02:43:06,830 - INFO - StepB_Enter SXRJXN7V
StepB_Enter 9OZ8QC9Q
2025-04-01 02:43:06,886 - INFO - StepB_Exit SXRJXN7V
StepB_Exit 9OZ8QC9Q
2025-04-01 02:43:06,888 - INFO - StepB_Enter YTP1AWWH
StepB_Enter CDLJ19FF
2025-04-01 02:43:06,942 - INFO - StepB_Exit YTP1AWWH
StepB_Exit CDLJ19FF
2025-04-01 02:43:06,964 - INFO - StepB_Enter QN2ITIQX
2025-04-01 02:43:06,996 - INFO - StepB_Exit QN2ITIQX
2025-04-01 02:43:06,997 - INFO - StepB_Enter ZTBQBWC1
2025-04-01 02:43:07,029 - INFO - StepB_Exit ZTBQBWC1
2025-04-01 02:43:07,030 - INFO - StepB_Enter H8XYYNNS
2025-04-01 02:43:07,062 - INFO - StepB_Exit H8XYYNNS
2025-04-01 02:43:07,063 - INFO - StepB_Enter N1M47E69
2025-04-01 02:43:07,095 - INFO - StepB_Exit N1M47E69
2025-04-01 02:43:07,097 - INFO - StepB_Enter QBLUWX5C
StepB_Enter 0CL6VXHE
StepB_Enter GE7WOSFT
2025-04-01 02:43:07,173 - INFO - StepB_Exit QBLUWX5C
StepB_Exit 0CL6VXHE
StepB_Exit GE7WOSFT
2025-04-01 02:43:07,175 - INFO - StepB_Enter 6PE00XCQ
StepB_Enter ELG14KMA
StepB_Enter H0EZF2S6
StepB_Enter YN95CNBZ
StepB_Enter WETTTNS3
StepB_Enter 0HRHLBK4
2025-04-01 02:43:07,326 - INFO - StepB_Exit 6PE00XCQ
StepB_Exit ELG14KMA
StepB_Exit H0EZF2S6
StepB_Exit YN95CNBZ
StepB_Exit WETTTNS3
StepB_Exit 0HRHLBK4
2025-04-01 02:43:07,327 - INFO - StepB_Enter TBBJ8Z9L
2025-04-01 02:43:07,361 - INFO - StepB_Exit TBBJ8Z9L
2025-04-01 02:43:07,384 - INFO - StepB_Enter VEEU3UKV
2025-04-01 02:43:07,415 - INFO - StepB_Exit VEEU3UKV
2025-04-01 02:43:07,416 - INFO - StepB_Enter BRXYNNLF
StepB_Enter X0E3X55D
2025-04-01 02:43:07,470 - INFO - StepB_Exit BRXYNNLF
StepB_Exit X0E3X55D
2025-04-01 02:43:07,471 - INFO - StepB_Enter BNW4BELH
2025-04-01 02:43:07,504 - INFO - StepB_Exit BNW4BELH
2025-04-01 02:43:07,543 - INFO - StepB_Enter SRB2S04N
2025-04-01 02:43:07,575 - INFO - StepB_Exit SRB2S04N
2025-04-01 02:43:07,576 - INFO - StepB_Enter NWZAMB3Q
StepB_Enter Y8Y6GGRH
2025-04-01 02:43:07,630 - INFO - StepB_Exit NWZAMB3Q
StepB_Exit Y8Y6GGRH
2025-04-01 02:43:07,663 - INFO - StepB_Enter 388CQBEZ
2025-04-01 02:43:07,694 - INFO - StepB_Exit 388CQBEZ
2025-04-01 02:43:07,741 - INFO - StepB_Enter ZZX4KD3L
2025-04-01 02:43:07,772 - INFO - StepB_Exit ZZX4KD3L
2025-04-01 02:43:07,773 - INFO - StepB_Enter HKYOEIOY
StepB_Enter ZXT2JAZB
2025-04-01 02:43:07,827 - INFO - StepB_Exit HKYOEIOY
StepB_Exit ZXT2JAZB
2025-04-01 02:43:07,828 - INFO - StepB_Enter IQE1PHHL
StepB_Enter U395UKH9
2025-04-01 02:43:07,883 - INFO - StepB_Exit IQE1PHHL
StepB_Exit U395UKH9
2025-04-01 02:43:07,886 - INFO - StepB_Enter UKCWF78Z
2025-04-01 02:43:07,920 - INFO - StepB_Exit UKCWF78Z
2025-04-01 02:43:07,922 - INFO - StepB_Enter SK3DRENN
2025-04-01 02:43:07,954 - INFO - StepB_Exit SK3DRENN
2025-04-01 02:43:07,976 - INFO - StepB_Enter WLW8BTMS
2025-04-01 02:43:08,008 - INFO - StepB_Exit WLW8BTMS
2025-04-01 02:43:08,019 - INFO - StepB_Enter OYHW7SLP
2025-04-01 02:43:08,051 - INFO - StepB_Exit OYHW7SLP
2025-04-01 02:43:08,054 - INFO - StepB_Enter J6PGKK54
StepB_Enter 10F7EU5W
2025-04-01 02:43:08,108 - INFO - StepB_Exit J6PGKK54
StepB_Exit 10F7EU5W
2025-04-01 02:43:08,109 - INFO - StepB_Enter 478ULB97
2025-04-01 02:43:08,142 - INFO - StepB_Exit 478ULB97
2025-04-01 02:43:08,143 - INFO - StepB_Enter Q0ES3PX6
2025-04-01 02:43:08,175 - INFO - StepB_Exit Q0ES3PX6
2025-04-01 02:43:08,177 - INFO - StepB_Enter 88UUHNHZ
StepB_Enter ACTPJ6JB
StepB_Enter 1KV2G7L3
2025-04-01 02:43:08,254 - INFO - StepB_Exit 88UUHNHZ
StepB_Exit ACTPJ6JB
StepB_Exit 1KV2G7L3
2025-04-01 02:43:08,257 - INFO - StepB_Enter W090L5F3
StepB_Enter 48QU2K3R
StepB_Enter JUPWYXBA
StepB_Enter LB442PGW
2025-04-01 02:43:08,360 - INFO - StepB_Exit W090L5F3
StepB_Exit 48QU2K3R
StepB_Exit JUPWYXBA
StepB_Exit LB442PGW
2025-04-01 02:43:08,362 - INFO - StepB_Enter VNRJX191
StepB_Enter MU9VKCVP
2025-04-01 02:43:08,418 - INFO - StepB_Exit VNRJX191
StepB_Exit MU9VKCVP
2025-04-01 02:43:08,420 - INFO - StepB_Enter 5FQW1X8S
2025-04-01 02:43:08,453 - INFO - StepB_Exit 5FQW1X8S
2025-04-01 02:43:08,454 - INFO - StepB_Enter B9SJNT7J
2025-04-01 02:43:08,487 - INFO - StepB_Exit B9SJNT7J
2025-04-01 02:43:08,488 - INFO - StepB_Enter MQ01LZMI
2025-04-01 02:43:08,521 - INFO - StepB_Exit MQ01LZMI
2025-04-01 02:43:08,523 - INFO - StepB_Enter S4PO19GO
StepB_Enter 2SI5WY10
2025-04-01 02:43:08,577 - INFO - StepB_Exit S4PO19GO
StepB_Exit 2SI5WY10
2025-04-01 02:43:08,578 - INFO - StepB_Enter 0ZGZD5GU
2025-04-01 02:43:08,611 - INFO - StepB_Exit 0ZGZD5GU
2025-04-01 02:43:08,613 - INFO - StepB_Enter 3LMA0HUT
StepB_Enter 859Z0V41
2025-04-01 02:43:08,667 - INFO - StepB_Exit 3LMA0HUT
StepB_Exit 859Z0V41
2025-04-01 02:43:08,688 - INFO - StepB_Enter B9JIRM5M
2025-04-01 02:43:08,721 - INFO - StepB_Exit B9JIRM5M
2025-04-01 02:43:08,776 - INFO - StepB_Enter YP4DB7M8
2025-04-01 02:43:08,808 - INFO - StepB_Exit YP4DB7M8
2025-04-01 02:43:08,810 - INFO - StepB_Enter APXDOLMA
StepB_Enter ZTRJKFAU
2025-04-01 02:43:08,864 - INFO - StepB_Exit APXDOLMA
StepB_Exit ZTRJKFAU
2025-04-01 02:43:08,865 - INFO - StepB_Enter MOKTGJ2N
2025-04-01 02:43:08,898 - INFO - StepB_Exit MOKTGJ2N
2025-04-01 02:43:08,899 - INFO - StepB_Enter UJBDIIG1
2025-04-01 02:43:08,931 - INFO - StepB_Exit UJBDIIG1
2025-04-01 02:43:08,932 - INFO - StepB_Enter ZFINOFVC
2025-04-01 02:43:08,964 - INFO - StepB_Exit ZFINOFVC
2025-04-01 02:43:09,046 - INFO - StepB_Enter 3YOCBEG1
2025-04-01 02:43:09,077 - INFO - StepB_Exit 3YOCBEG1
2025-04-01 02:43:09,079 - INFO - StepB_Enter 5L21F967
2025-04-01 02:43:09,111 - INFO - StepB_Exit 5L21F967
2025-04-01 02:43:09,112 - INFO - StepB_Enter Y2RRZG8B
2025-04-01 02:43:09,144 - INFO - StepB_Exit Y2RRZG8B
2025-04-01 02:43:09,146 - INFO - StepB_Enter ANKMUPR4
2025-04-01 02:43:09,178 - INFO - StepB_Exit ANKMUPR4
2025-04-01 02:43:09,237 - INFO - StepB_Enter 7EHXB92B
2025-04-01 02:43:09,268 - INFO - StepB_Exit 7EHXB92B
2025-04-01 02:43:09,297 - INFO - StepB_Enter LSVB2VJP
2025-04-01 02:43:09,329 - INFO - StepB_Exit LSVB2VJP
2025-04-01 02:43:09,331 - INFO - StepB_Enter YVG8ZXFS
StepB_Enter A090R88M
2025-04-01 02:43:09,385 - INFO - StepB_Exit YVG8ZXFS
StepB_Exit A090R88M
2025-04-01 02:43:09,389 - INFO - StepB_Enter ADLNZK15
StepB_Enter G6801RNR
2025-04-01 02:43:09,444 - INFO - StepB_Exit ADLNZK15
StepB_Exit G6801RNR
2025-04-01 02:43:09,446 - INFO - StepB_Enter O0PZCXZS
2025-04-01 02:43:09,479 - INFO - StepB_Exit O0PZCXZS
2025-04-01 02:43:09,480 - INFO - StepB_Enter LCU22RST
StepB_Enter 5H3HXVLK
2025-04-01 02:43:09,534 - INFO - StepB_Exit LCU22RST
StepB_Exit 5H3HXVLK
2025-04-01 02:43:09,537 - INFO - StepB_Enter X67IM9X3
2025-04-01 02:43:09,569 - INFO - StepB_Exit X67IM9X3
2025-04-01 02:43:09,594 - INFO - StepB_Enter TYWSL8TH
2025-04-01 02:43:09,626 - INFO - StepB_Exit TYWSL8TH
2025-04-01 02:43:09,629 - INFO - StepB_Enter DKXAVXB3
2025-04-01 02:43:09,661 - INFO - StepB_Exit DKXAVXB3
2025-04-01 02:43:09,662 - INFO - StepB_Enter EYT7D86H
2025-04-01 02:43:09,694 - INFO - StepB_Exit EYT7D86H
2025-04-01 02:43:09,695 - INFO - StepB_Enter 7OCPBJV9
2025-04-01 02:43:09,726 - INFO - StepB_Exit 7OCPBJV9
2025-04-01 02:43:09,728 - INFO - StepB_Enter 5FNMSSDQ
StepB_Enter 88EGJE4P
2025-04-01 02:43:09,781 - INFO - StepB_Exit 5FNMSSDQ
StepB_Exit 88EGJE4P
2025-04-01 02:43:09,785 - INFO - StepB_Enter 8AMW2HT9
StepB_Enter WUNNIQK7
2025-04-01 02:43:09,841 - INFO - StepB_Exit 8AMW2HT9
StepB_Exit WUNNIQK7
2025-04-01 02:43:09,844 - INFO - StepB_Enter FGE53ANG
StepB_Enter 8GE051KU
2025-04-01 02:43:09,899 - INFO - StepB_Exit FGE53ANG
StepB_Exit 8GE051KU
2025-04-01 02:43:09,923 - INFO - StepB_Enter 9OTVD0KT
2025-04-01 02:43:09,955 - INFO - StepB_Exit 9OTVD0KT
2025-04-01 02:43:09,986 - INFO - StepB_Enter IN1NMZC3
2025-04-01 02:43:10,017 - INFO - StepB_Exit IN1NMZC3
2025-04-01 02:43:10,019 - INFO - StepB_Enter M6X0TNYA
2025-04-01 02:43:10,051 - INFO - StepB_Exit M6X0TNYA
2025-04-01 02:43:10,052 - INFO - StepB_Enter 8NZO5SZK
2025-04-01 02:43:10,085 - INFO - StepB_Exit 8NZO5SZK
2025-04-01 02:43:10,087 - INFO - StepB_Enter HRGOZ9RY
2025-04-01 02:43:10,119 - INFO - StepB_Exit HRGOZ9RY
2025-04-01 02:43:10,133 - INFO - StepB_Enter 8QZJHY3F
2025-04-01 02:43:10,164 - INFO - StepB_Exit 8QZJHY3F
2025-04-01 02:43:10,165 - INFO - StepB_Enter Q9MQWPC5
2025-04-01 02:43:10,197 - INFO - StepB_Exit Q9MQWPC5
2025-04-01 02:43:10,317 - INFO - StepB_Enter G7UTI1HW
2025-04-01 02:43:10,348 - INFO - StepB_Exit G7UTI1HW
2025-04-01 02:43:10,349 - INFO - StepB_Enter IP6W13HT
2025-04-01 02:43:10,381 - INFO - StepB_Exit IP6W13HT
2025-04-01 02:43:10,382 - INFO - StepB_Enter VGI61MNI
2025-04-01 02:43:10,414 - INFO - StepB_Exit VGI61MNI
2025-04-01 02:43:10,415 - INFO - StepB_Enter HYNR3PPT
StepB_Enter 91920GEZ
2025-04-01 02:43:10,470 - INFO - StepB_Exit HYNR3PPT
StepB_Exit 91920GEZ
2025-04-01 02:43:10,475 - INFO - StepB_Enter MS68B8OB
2025-04-01 02:43:10,507 - INFO - StepB_Exit MS68B8OB
2025-04-01 02:43:10,508 - INFO - StepB_Enter K5HK4OJ8
2025-04-01 02:43:10,540 - INFO - StepB_Exit K5HK4OJ8
2025-04-01 02:43:10,574 - INFO - StepB_Enter P5NIYHDE
2025-04-01 02:43:10,605 - INFO - StepB_Exit P5NIYHDE
2025-04-01 02:43:10,606 - INFO - StepB_Enter E139YJAK
StepB_Enter OALZ557W
2025-04-01 02:43:10,661 - INFO - StepB_Exit E139YJAK
StepB_Exit OALZ557W
2025-04-01 02:43:10,662 - INFO - StepB_Enter X37IR4CE
StepB_Enter 22R73A8Y
2025-04-01 02:43:10,717 - INFO - StepB_Exit X37IR4CE
StepB_Exit 22R73A8Y
2025-04-01 02:43:10,719 - INFO - StepB_Enter XJD4U0ME
StepB_Enter 4WBETDIU
StepB_Enter TJMB4YIJ
2025-04-01 02:43:10,797 - INFO - StepB_Exit XJD4U0ME
StepB_Exit 4WBETDIU
StepB_Exit TJMB4YIJ
2025-04-01 02:43:10,800 - INFO - StepB_Enter 6WYP10MZ
StepB_Enter 39OXVL5C
StepB_Enter 34DBHJM4
StepB_Enter 1K9K0AG8
2025-04-01 02:43:10,903 - INFO - StepB_Exit 6WYP10MZ
StepB_Exit 39OXVL5C
StepB_Exit 34DBHJM4
StepB_Exit 1K9K0AG8
2025-04-01 02:43:10,906 - INFO - StepB_Enter IUVFZ26D
StepB_Enter NUYBBJNF
StepB_Enter DP3PGJKN
2025-04-01 02:43:10,984 - INFO - StepB_Exit IUVFZ26D
StepB_Exit NUYBBJNF
StepB_Exit DP3PGJKN
2025-04-01 02:43:10,986 - INFO - StepB_Enter BK8PJ3NI
StepB_Enter 0PQ4TW1M
StepB_Enter 14T7QQBW
StepB_Enter R1PLVDGX
2025-04-01 02:43:11,089 - INFO - StepB_Exit BK8PJ3NI
StepB_Exit 0PQ4TW1M
StepB_Exit 14T7QQBW
StepB_Exit R1PLVDGX
2025-04-01 02:43:11,091 - INFO - StepB_Enter 8JMW1HOD
StepB_Enter HM9T3ZNI
StepB_Enter AMKJI26F
StepB_Enter 40SOY8R2
2025-04-01 02:43:11,194 - INFO - StepB_Exit 8JMW1HOD
StepB_Exit HM9T3ZNI
StepB_Exit AMKJI26F
StepB_Exit 40SOY8R2
2025-04-01 02:43:11,196 - INFO - StepB_Enter 7JKE77SQ
2025-04-01 02:43:11,229 - INFO - StepB_Exit 7JKE77SQ
2025-04-01 02:43:11,246 - INFO - StepB_Enter WGLB17VS
2025-04-01 02:43:11,278 - INFO - StepB_Exit WGLB17VS
2025-04-01 02:43:11,302 - INFO - StepB_Enter AMDFMH37
2025-04-01 02:43:11,334 - INFO - StepB_Exit AMDFMH37
2025-04-01 02:43:11,344 - INFO - StepB_Enter HYVTBS2H
2025-04-01 02:43:11,375 - INFO - StepB_Exit HYVTBS2H
2025-04-01 02:43:11,625 - INFO - StepB_Enter 336O5PP1
2025-04-01 02:43:11,656 - INFO - StepB_Exit 336O5PP1
2025-04-01 02:43:11,776 - INFO - StepB_Enter TWPH1OTB
2025-04-01 02:43:11,808 - INFO - StepB_Exit TWPH1OTB
2025-04-01 02:43:11,809 - INFO - StepB_Enter 7VI8J18O
2025-04-01 02:43:11,841 - INFO - StepB_Exit 7VI8J18O
2025-04-01 02:43:11,843 - INFO - StepB_Enter I7X4HE2G
2025-04-01 02:43:11,875 - INFO - StepB_Exit I7X4HE2G
2025-04-01 02:43:11,909 - INFO - StepB_Enter O6BILDLD
2025-04-01 02:43:11,940 - INFO - StepB_Exit O6BILDLD
2025-04-01 02:43:12,036 - INFO - StepB_Enter EW8IP8XH
2025-04-01 02:43:12,068 - INFO - StepB_Exit EW8IP8XH
2025-04-01 02:43:12,070 - INFO - StepB_Enter MAF8KTW9
2025-04-01 02:43:12,102 - INFO - StepB_Exit MAF8KTW9
2025-04-01 02:43:12,103 - INFO - StepB_Enter K7GVPH0H
2025-04-01 02:43:12,135 - INFO - StepB_Exit K7GVPH0H
2025-04-01 02:43:12,140 - INFO - StepB_Enter 3MLCHQL2
2025-04-01 02:43:12,171 - INFO - StepB_Exit 3MLCHQL2
2025-04-01 02:43:12,225 - INFO - StepB_Enter 33IRUGTO
2025-04-01 02:43:12,258 - INFO - StepB_Exit 33IRUGTO
2025-04-01 02:43:12,297 - INFO - StepB_Enter WBUSU4HG
2025-04-01 02:43:12,329 - INFO - StepB_Exit WBUSU4HG
2025-04-01 02:43:12,330 - INFO - StepB_Enter 3434NHEX
StepB_Enter G4LZ9EB1
2025-04-01 02:43:12,384 - INFO - StepB_Exit 3434NHEX
StepB_Exit G4LZ9EB1
2025-04-01 02:43:12,386 - INFO - StepB_Enter 4A0GHQFD
StepB_Enter PILB9WSD
2025-04-01 02:43:12,441 - INFO - StepB_Exit 4A0GHQFD
StepB_Exit PILB9WSD
2025-04-01 02:43:12,443 - INFO - StepB_Enter U4ERT1QX
2025-04-01 02:43:12,477 - INFO - StepB_Exit U4ERT1QX
2025-04-01 02:43:12,510 - INFO - StepB_Enter GJY4SYSE
2025-04-01 02:43:12,541 - INFO - StepB_Exit GJY4SYSE
2025-04-01 02:43:12,543 - INFO - StepB_Enter 3XL6L7G5
StepB_Enter I2K5ZVX7
StepB_Enter 29G37AN6
StepB_Enter L3CQVP63
2025-04-01 02:43:12,644 - INFO - StepB_Exit 3XL6L7G5
StepB_Exit I2K5ZVX7
StepB_Exit 29G37AN6
StepB_Exit L3CQVP63
2025-04-01 02:43:12,648 - INFO - StepB_Enter Y8LRMUDU
2025-04-01 02:43:12,681 - INFO - StepB_Exit Y8LRMUDU
2025-04-01 02:43:12,769 - INFO - StepB_Enter 33BYFDOI
2025-04-01 02:43:12,801 - INFO - StepB_Exit 33BYFDOI
2025-04-01 02:43:12,825 - INFO - StepB_Enter BQ5RUQRH
2025-04-01 02:43:12,856 - INFO - StepB_Exit BQ5RUQRH
2025-04-01 02:43:12,857 - INFO - StepB_Enter 9EFETPL7
2025-04-01 02:43:12,889 - INFO - StepB_Exit 9EFETPL7
2025-04-01 02:43:12,890 - INFO - StepB_Enter LCODK12M
2025-04-01 02:43:12,922 - INFO - StepB_Exit LCODK12M
2025-04-01 02:43:12,958 - INFO - StepB_Enter 4P8YGAH9
2025-04-01 02:43:12,989 - INFO - StepB_Exit 4P8YGAH9
2025-04-01 02:43:12,991 - INFO - StepB_Enter NGFPU4WT
2025-04-01 02:43:13,022 - INFO - StepB_Exit NGFPU4WT
2025-04-01 02:43:13,025 - INFO - StepB_Enter AU8145J8
StepB_Enter FPNFPCCW
2025-04-01 02:43:13,079 - INFO - StepB_Exit AU8145J8
StepB_Exit FPNFPCCW
2025-04-01 02:43:13,081 - INFO - StepB_Enter 7JNJ4LRG
2025-04-01 02:43:13,113 - INFO - StepB_Exit 7JNJ4LRG
2025-04-01 02:43:13,114 - INFO - StepB_Enter 6DRCL7TL
2025-04-01 02:43:13,146 - INFO - StepB_Exit 6DRCL7TL
2025-04-01 02:43:13,147 - INFO - StepB_Enter FAXHZL8X
StepB_Enter 5QNQ2F23
2025-04-01 02:43:13,202 - INFO - StepB_Exit FAXHZL8X
StepB_Exit 5QNQ2F23
2025-04-01 02:43:13,203 - INFO - StepB_Enter EO3H8M7W
StepB_Enter FJNNSLAE
2025-04-01 02:43:13,259 - INFO - StepB_Exit EO3H8M7W
StepB_Exit FJNNSLAE
2025-04-01 02:43:13,261 - INFO - StepB_Enter XRHO24TA
2025-04-01 02:43:13,293 - INFO - StepB_Exit XRHO24TA
2025-04-01 02:43:13,295 - INFO - StepB_Enter 52KITG7M
StepB_Enter IRG789B9
2025-04-01 02:43:13,349 - INFO - StepB_Exit 52KITG7M
StepB_Exit IRG789B9
2025-04-01 02:43:13,350 - INFO - StepB_Enter 5ENCV1QB
StepB_Enter 4XT2XKYD
2025-04-01 02:43:13,406 - INFO - StepB_Exit 5ENCV1QB
StepB_Exit 4XT2XKYD
2025-04-01 02:43:13,409 - INFO - StepB_Enter UASRODBV
StepB_Enter HIAIJO27
StepB_Enter ET5A9NFN
2025-04-01 02:43:13,486 - INFO - StepB_Exit UASRODBV
StepB_Exit HIAIJO27
StepB_Exit ET5A9NFN
2025-04-01 02:43:13,489 - INFO - StepB_Enter KSLA33R8
StepB_Enter Q3A1TVC2
StepB_Enter UQT9NMNZ
StepB_Enter 3RQ1A2ZP
2025-04-01 02:43:13,591 - INFO - StepB_Exit KSLA33R8
StepB_Exit Q3A1TVC2
StepB_Exit UQT9NMNZ
StepB_Exit 3RQ1A2ZP
2025-04-01 02:43:13,594 - INFO - StepB_Enter WQ2N2C4B
StepB_Enter CAO48LL3
StepB_Enter OKX1VJKQ
StepB_Enter STCEBDFF
StepB_Enter 11U8ORTB
StepB_Enter 8TNINYC3
2025-04-01 02:43:13,747 - INFO - StepB_Exit WQ2N2C4B
StepB_Exit CAO48LL3
StepB_Exit OKX1VJKQ
StepB_Exit STCEBDFF
StepB_Exit 11U8ORTB
StepB_Exit 8TNINYC3
2025-04-01 02:43:13,750 - INFO - StepB_Enter AJCS813G
2025-04-01 02:43:13,786 - INFO - StepB_Exit AJCS813G
2025-04-01 02:43:13,807 - INFO - StepB_Enter YZVF9P0E
2025-04-01 02:43:13,839 - INFO - StepB_Exit YZVF9P0E
2025-04-01 02:43:13,947 - INFO - StepB_Enter OZ1GETZC
2025-04-01 02:43:13,979 - INFO - StepB_Exit OZ1GETZC
2025-04-01 02:43:13,980 - INFO - StepB_Enter 9MYTIXMI
2025-04-01 02:43:14,012 - INFO - StepB_Exit 9MYTIXMI
2025-04-01 02:43:14,018 - INFO - StepB_Enter RB0AQ9IE
2025-04-01 02:43:14,049 - INFO - StepB_Exit RB0AQ9IE
2025-04-01 02:43:14,091 - INFO - StepB_Enter QUTV7HL2
2025-04-01 02:43:14,122 - INFO - StepB_Exit QUTV7HL2
2025-04-01 02:43:14,123 - INFO - StepB_Enter JYMDJVXB
2025-04-01 02:43:14,154 - INFO - StepB_Exit JYMDJVXB
2025-04-01 02:43:14,161 - INFO - StepB_Enter XAL81DKR
2025-04-01 02:43:14,192 - INFO - StepB_Exit XAL81DKR
2025-04-01 02:43:14,194 - INFO - StepB_Enter 3HWSK2MF
2025-04-01 02:43:14,225 - INFO - StepB_Exit 3HWSK2MF
2025-04-01 02:43:14,325 - INFO - StepB_Enter W2FCBQGK
2025-04-01 02:43:14,357 - INFO - StepB_Exit W2FCBQGK
2025-04-01 02:43:14,359 - INFO - StepB_Enter 02QB5ROB
2025-04-01 02:43:14,390 - INFO - StepB_Exit 02QB5ROB
2025-04-01 02:43:14,392 - INFO - StepB_Enter 8FTPRJAI
2025-04-01 02:43:14,424 - INFO - StepB_Exit 8FTPRJAI
2025-04-01 02:43:14,425 - INFO - StepB_Enter XM3ZGG9E
2025-04-01 02:43:14,456 - INFO - StepB_Exit XM3ZGG9E
