2025-04-13 20:39:25,835 - INFO - Ingress_Enter 6TFBE27I
2025-04-13 20:39:25,855 - INFO - Ingress_Input_Decoded 6TFBE27I
2025-04-13 20:39:25,857 - INFO - Ingress_Numpy_Converted 6TFBE27I
2025-04-13 20:39:26,504 - INFO - Ingress_Exit 6TFBE27I
2025-04-13 20:39:28,482 - INFO - Ingress_Enter F3LEVYCR
2025-04-13 20:39:28,496 - INFO - Ingress_Input_Decoded F3LEVYCR
2025-04-13 20:39:28,497 - INFO - Ingress_Numpy_Converted F3LEVYCR
2025-04-13 20:39:28,743 - INFO - Ingress_Enter 79J95FKJ
2025-04-13 20:39:28,762 - INFO - Ingress_Input_Decoded 79J95FKJ
2025-04-13 20:39:28,764 - INFO - Ingress_Numpy_Converted 79J95FKJ
2025-04-13 20:39:28,961 - INFO - Ingress_Exit F3LEVYCR
2025-04-13 20:39:28,982 - INFO - Ingress_Enter GO2L3TQL
2025-04-13 20:39:28,995 - INFO - Ingress_Input_Decoded GO2L3TQL
2025-04-13 20:39:28,997 - INFO - Ingress_Numpy_Converted GO2L3TQL
2025-04-13 20:39:28,998 - INFO - Ingress_Enter CZ5R9X5C
2025-04-13 20:39:29,013 - INFO - Ingress_Input_Decoded CZ5R9X5C
2025-04-13 20:39:29,015 - INFO - Ingress_Numpy_Converted CZ5R9X5C
2025-04-13 20:39:29,242 - INFO - Ingress_Enter 155595K9
2025-04-13 20:39:29,260 - INFO - Ingress_Input_Decoded 155595K9
2025-04-13 20:39:29,262 - INFO - Ingress_Numpy_Converted 155595K9
2025-04-13 20:39:29,484 - INFO - Ingress_Enter 6VGUC9NW
2025-04-13 20:39:29,499 - INFO - Ingress_Input_Decoded 6VGUC9NW
2025-04-13 20:39:29,500 - INFO - Ingress_Numpy_Converted 6VGUC9NW
2025-04-13 20:39:29,647 - INFO - Ingress_Exit CZ5R9X5C
2025-04-13 20:39:29,663 - INFO - Ingress_Exit 79J95FKJ
2025-04-13 20:39:29,739 - INFO - Ingress_Enter WNA27R87
2025-04-13 20:39:29,756 - INFO - Ingress_Input_Decoded WNA27R87
2025-04-13 20:39:29,757 - INFO - Ingress_Numpy_Converted WNA27R87
2025-04-13 20:39:29,759 - INFO - Ingress_Exit 155595K9
2025-04-13 20:39:29,771 - INFO - Ingress_Exit GO2L3TQL
2025-04-13 20:39:29,808 - INFO - Ingress_Enter LD4HHMQP
2025-04-13 20:39:29,837 - INFO - Ingress_Input_Decoded LD4HHMQP
2025-04-13 20:39:29,840 - INFO - Ingress_Numpy_Converted LD4HHMQP
2025-04-13 20:39:29,934 - INFO - Ingress_Exit 6VGUC9NW
2025-04-13 20:39:30,289 - INFO - Ingress_Exit WNA27R87
2025-04-13 20:39:30,295 - INFO - Ingress_Enter LZ5M189S
2025-04-13 20:39:30,314 - INFO - Ingress_Input_Decoded LZ5M189S
2025-04-13 20:39:30,315 - INFO - Ingress_Numpy_Converted LZ5M189S
2025-04-13 20:39:30,335 - INFO - Ingress_Enter OPRULXZH
2025-04-13 20:39:30,349 - INFO - Ingress_Input_Decoded OPRULXZH
2025-04-13 20:39:30,350 - INFO - Ingress_Numpy_Converted OPRULXZH
2025-04-13 20:39:30,458 - INFO - Ingress_Exit LD4HHMQP
2025-04-13 20:39:30,684 - INFO - Ingress_Enter IE0WN7TC
2025-04-13 20:39:30,695 - INFO - Ingress_Input_Decoded IE0WN7TC
2025-04-13 20:39:30,696 - INFO - Ingress_Numpy_Converted IE0WN7TC
2025-04-13 20:39:30,853 - INFO - Ingress_Exit LZ5M189S
2025-04-13 20:39:30,856 - INFO - Ingress_Enter 289I35XE
2025-04-13 20:39:30,879 - INFO - Ingress_Input_Decoded 289I35XE
2025-04-13 20:39:30,881 - INFO - Ingress_Numpy_Converted 289I35XE
2025-04-13 20:39:30,956 - INFO - Ingress_Enter 2GMOLAON
2025-04-13 20:39:30,980 - INFO - Ingress_Input_Decoded 2GMOLAON
2025-04-13 20:39:30,983 - INFO - Ingress_Numpy_Converted 2GMOLAON
2025-04-13 20:39:31,061 - INFO - Ingress_Exit OPRULXZH
2025-04-13 20:39:31,088 - INFO - Ingress_Enter BG9ADPZB
2025-04-13 20:39:31,101 - INFO - Ingress_Input_Decoded BG9ADPZB
2025-04-13 20:39:31,103 - INFO - Ingress_Numpy_Converted BG9ADPZB
2025-04-13 20:39:31,581 - INFO - Ingress_Exit IE0WN7TC
2025-04-13 20:39:31,748 - INFO - Ingress_Enter KMHZ1AO1
2025-04-13 20:39:31,765 - INFO - Ingress_Input_Decoded KMHZ1AO1
2025-04-13 20:39:31,767 - INFO - Ingress_Numpy_Converted KMHZ1AO1
2025-04-13 20:39:31,769 - INFO - Ingress_Enter WU63U6AU
2025-04-13 20:39:31,795 - INFO - Ingress_Input_Decoded WU63U6AU
2025-04-13 20:39:31,798 - INFO - Ingress_Numpy_Converted WU63U6AU
2025-04-13 20:39:31,800 - INFO - Ingress_Enter 3PKXJJ1G
2025-04-13 20:39:31,814 - INFO - Ingress_Input_Decoded 3PKXJJ1G
2025-04-13 20:39:31,815 - INFO - Ingress_Numpy_Converted 3PKXJJ1G
2025-04-13 20:39:32,366 - INFO - Ingress_Exit 2GMOLAON
2025-04-13 20:39:32,589 - INFO - Ingress_Exit WU63U6AU
2025-04-13 20:39:32,603 - INFO - Ingress_Exit 3PKXJJ1G
2025-04-13 20:39:32,624 - INFO - Ingress_Exit BG9ADPZB
2025-04-13 20:39:32,675 - INFO - Ingress_Exit 289I35XE
2025-04-13 20:39:32,838 - INFO - Ingress_Exit KMHZ1AO1
2025-04-13 20:39:32,954 - INFO - Ingress_Enter ZILHKZYK
2025-04-13 20:39:32,974 - INFO - Ingress_Input_Decoded ZILHKZYK
2025-04-13 20:39:32,976 - INFO - Ingress_Numpy_Converted ZILHKZYK
2025-04-13 20:39:33,001 - INFO - Ingress_Enter U4MLFE0L
2025-04-13 20:39:33,018 - INFO - Ingress_Input_Decoded U4MLFE0L
2025-04-13 20:39:33,020 - INFO - Ingress_Numpy_Converted U4MLFE0L
2025-04-13 20:39:33,300 - INFO - Ingress_Enter 6Q1GR1CA
2025-04-13 20:39:33,317 - INFO - Ingress_Input_Decoded 6Q1GR1CA
2025-04-13 20:39:33,318 - INFO - Ingress_Numpy_Converted 6Q1GR1CA
2025-04-13 20:39:33,702 - INFO - Ingress_Enter RCH8FE4H
2025-04-13 20:39:33,713 - INFO - Ingress_Input_Decoded RCH8FE4H
2025-04-13 20:39:33,715 - INFO - Ingress_Numpy_Converted RCH8FE4H
2025-04-13 20:39:33,811 - INFO - Ingress_Exit ZILHKZYK
2025-04-13 20:39:33,975 - INFO - Ingress_Enter DO6FJ55Y
2025-04-13 20:39:34,001 - INFO - Ingress_Input_Decoded DO6FJ55Y
2025-04-13 20:39:34,003 - INFO - Ingress_Numpy_Converted DO6FJ55Y
2025-04-13 20:39:34,079 - INFO - Ingress_Exit U4MLFE0L
2025-04-13 20:39:34,113 - INFO - Ingress_Enter GW8ZJBCM
2025-04-13 20:39:34,131 - INFO - Ingress_Input_Decoded GW8ZJBCM
2025-04-13 20:39:34,133 - INFO - Ingress_Numpy_Converted GW8ZJBCM
2025-04-13 20:39:34,181 - INFO - Ingress_Exit 6Q1GR1CA
2025-04-13 20:39:34,360 - INFO - Ingress_Enter TC7J9O8H
2025-04-13 20:39:34,376 - INFO - Ingress_Input_Decoded TC7J9O8H
2025-04-13 20:39:34,377 - INFO - Ingress_Numpy_Converted TC7J9O8H
2025-04-13 20:39:34,413 - INFO - Ingress_Enter GIOFYVZE
2025-04-13 20:39:34,432 - INFO - Ingress_Input_Decoded GIOFYVZE
2025-04-13 20:39:34,433 - INFO - Ingress_Numpy_Converted GIOFYVZE
2025-04-13 20:39:34,606 - INFO - Ingress_Enter X7CPXEQ2
2025-04-13 20:39:34,620 - INFO - Ingress_Input_Decoded X7CPXEQ2
2025-04-13 20:39:34,621 - INFO - Ingress_Numpy_Converted X7CPXEQ2
2025-04-13 20:39:34,688 - INFO - Ingress_Exit RCH8FE4H
2025-04-13 20:39:34,715 - INFO - Ingress_Enter OWNDCLSE
2025-04-13 20:39:34,715 - INFO - Ingress_Exit DO6FJ55Y
2025-04-13 20:39:34,734 - INFO - Ingress_Input_Decoded OWNDCLSE
2025-04-13 20:39:34,735 - INFO - Ingress_Numpy_Converted OWNDCLSE
2025-04-13 20:39:34,808 - INFO - Ingress_Enter LPI81IW5
2025-04-13 20:39:34,820 - INFO - Ingress_Input_Decoded LPI81IW5
2025-04-13 20:39:34,822 - INFO - Ingress_Numpy_Converted LPI81IW5
2025-04-13 20:39:34,927 - INFO - Ingress_Exit GW8ZJBCM
2025-04-13 20:39:34,960 - INFO - Ingress_Enter DPVBJ7LY
2025-04-13 20:39:34,976 - INFO - Ingress_Input_Decoded DPVBJ7LY
2025-04-13 20:39:34,977 - INFO - Ingress_Numpy_Converted DPVBJ7LY
2025-04-13 20:39:35,223 - INFO - Ingress_Exit TC7J9O8H
2025-04-13 20:39:35,331 - INFO - Ingress_Exit GIOFYVZE
2025-04-13 20:39:35,597 - INFO - Ingress_Exit OWNDCLSE
2025-04-13 20:39:35,604 - INFO - Ingress_Exit LPI81IW5
2025-04-13 20:39:35,647 - INFO - Ingress_Exit X7CPXEQ2
2025-04-13 20:39:35,874 - INFO - Ingress_Enter KG60RYZ1
2025-04-13 20:39:35,895 - INFO - Ingress_Input_Decoded KG60RYZ1
2025-04-13 20:39:35,897 - INFO - Ingress_Numpy_Converted KG60RYZ1
2025-04-13 20:39:35,968 - INFO - Ingress_Enter WBQDX218
2025-04-13 20:39:35,988 - INFO - Ingress_Input_Decoded WBQDX218
2025-04-13 20:39:35,990 - INFO - Ingress_Numpy_Converted WBQDX218
2025-04-13 20:39:36,025 - INFO - Ingress_Enter 5563OBBZ
2025-04-13 20:39:36,048 - INFO - Ingress_Input_Decoded 5563OBBZ
2025-04-13 20:39:36,050 - INFO - Ingress_Numpy_Converted 5563OBBZ
2025-04-13 20:39:36,067 - INFO - Ingress_Enter 9Y78YP9B
2025-04-13 20:39:36,086 - INFO - Ingress_Input_Decoded 9Y78YP9B
2025-04-13 20:39:36,088 - INFO - Ingress_Numpy_Converted 9Y78YP9B
2025-04-13 20:39:36,166 - INFO - Ingress_Enter NBMTM6NJ
2025-04-13 20:39:36,185 - INFO - Ingress_Input_Decoded NBMTM6NJ
2025-04-13 20:39:36,186 - INFO - Ingress_Numpy_Converted NBMTM6NJ
2025-04-13 20:39:36,213 - INFO - Ingress_Enter DIMOB2BS
2025-04-13 20:39:36,229 - INFO - Ingress_Input_Decoded DIMOB2BS
2025-04-13 20:39:36,231 - INFO - Ingress_Numpy_Converted DIMOB2BS
2025-04-13 20:39:36,304 - INFO - Ingress_Exit DPVBJ7LY
2025-04-13 20:39:36,713 - INFO - Ingress_Exit KG60RYZ1
2025-04-13 20:39:36,730 - INFO - Ingress_Exit WBQDX218
2025-04-13 20:39:36,997 - INFO - Ingress_Exit 5563OBBZ
2025-04-13 20:39:37,053 - INFO - Ingress_Exit 9Y78YP9B
2025-04-13 20:39:37,111 - INFO - Ingress_Enter G69DNF6Z
2025-04-13 20:39:37,124 - INFO - Ingress_Input_Decoded G69DNF6Z
2025-04-13 20:39:37,125 - INFO - Ingress_Numpy_Converted G69DNF6Z
2025-04-13 20:39:37,127 - INFO - Ingress_Enter PKXOUYSL
2025-04-13 20:39:37,151 - INFO - Ingress_Input_Decoded PKXOUYSL
2025-04-13 20:39:37,153 - INFO - Ingress_Numpy_Converted PKXOUYSL
2025-04-13 20:39:37,171 - INFO - Ingress_Enter 0JIGUTQ9
2025-04-13 20:39:37,191 - INFO - Ingress_Input_Decoded 0JIGUTQ9
2025-04-13 20:39:37,193 - INFO - Ingress_Numpy_Converted 0JIGUTQ9
2025-04-13 20:39:37,239 - INFO - Ingress_Exit NBMTM6NJ
2025-04-13 20:39:37,312 - INFO - Ingress_Enter MYER5IIV
2025-04-13 20:39:37,326 - INFO - Ingress_Input_Decoded MYER5IIV
2025-04-13 20:39:37,327 - INFO - Ingress_Numpy_Converted MYER5IIV
2025-04-13 20:39:37,417 - INFO - Ingress_Enter MWETZW0S
2025-04-13 20:39:37,435 - INFO - Ingress_Input_Decoded MWETZW0S
2025-04-13 20:39:37,437 - INFO - Ingress_Numpy_Converted MWETZW0S
2025-04-13 20:39:37,586 - INFO - Ingress_Exit DIMOB2BS
2025-04-13 20:39:37,929 - INFO - Ingress_Enter D0OG1FHF
2025-04-13 20:39:37,952 - INFO - Ingress_Input_Decoded D0OG1FHF
2025-04-13 20:39:37,955 - INFO - Ingress_Numpy_Converted D0OG1FHF
2025-04-13 20:39:37,955 - INFO - Ingress_Exit G69DNF6Z
2025-04-13 20:39:38,017 - INFO - Ingress_Enter OW3Q6DO0
2025-04-13 20:39:38,032 - INFO - Ingress_Input_Decoded OW3Q6DO0
2025-04-13 20:39:38,034 - INFO - Ingress_Numpy_Converted OW3Q6DO0
2025-04-13 20:39:38,120 - INFO - Ingress_Exit PKXOUYSL
2025-04-13 20:39:38,130 - INFO - Ingress_Exit MYER5IIV
2025-04-13 20:39:38,250 - INFO - Ingress_Exit MWETZW0S
2025-04-13 20:39:38,263 - INFO - Ingress_Exit 0JIGUTQ9
2025-04-13 20:39:38,376 - INFO - Ingress_Enter DAMFAXWD
2025-04-13 20:39:38,393 - INFO - Ingress_Input_Decoded DAMFAXWD
2025-04-13 20:39:38,395 - INFO - Ingress_Numpy_Converted DAMFAXWD
2025-04-13 20:39:38,633 - INFO - Ingress_Enter JTHC0ISY
2025-04-13 20:39:38,655 - INFO - Ingress_Input_Decoded JTHC0ISY
2025-04-13 20:39:38,657 - INFO - Ingress_Numpy_Converted JTHC0ISY
2025-04-13 20:39:38,677 - INFO - Ingress_Enter W7NQ43EH
2025-04-13 20:39:38,695 - INFO - Ingress_Input_Decoded W7NQ43EH
2025-04-13 20:39:38,696 - INFO - Ingress_Numpy_Converted W7NQ43EH
2025-04-13 20:39:38,781 - INFO - Ingress_Enter TV2CZI0M
2025-04-13 20:39:38,802 - INFO - Ingress_Input_Decoded TV2CZI0M
2025-04-13 20:39:38,804 - INFO - Ingress_Numpy_Converted TV2CZI0M
2025-04-13 20:39:38,830 - INFO - Ingress_Enter 3O3FHCMC
2025-04-13 20:39:38,849 - INFO - Ingress_Input_Decoded 3O3FHCMC
2025-04-13 20:39:38,851 - INFO - Ingress_Numpy_Converted 3O3FHCMC
2025-04-13 20:39:39,194 - INFO - Ingress_Exit D0OG1FHF
2025-04-13 20:39:39,313 - INFO - Ingress_Exit OW3Q6DO0
2025-04-13 20:39:39,366 - INFO - Ingress_Exit JTHC0ISY
2025-04-13 20:39:39,463 - INFO - Ingress_Exit DAMFAXWD
2025-04-13 20:39:39,569 - INFO - Ingress_Exit TV2CZI0M
2025-04-13 20:39:39,708 - INFO - Ingress_Exit W7NQ43EH
2025-04-13 20:39:39,829 - INFO - Ingress_Exit 3O3FHCMC
2025-04-13 20:39:43,372 - INFO - Ingress_Enter XSUJWQAW
2025-04-13 20:39:43,391 - INFO - Ingress_Input_Decoded XSUJWQAW
2025-04-13 20:39:43,393 - INFO - Ingress_Numpy_Converted XSUJWQAW
2025-04-13 20:39:43,994 - INFO - Ingress_Exit XSUJWQAW
2025-04-13 20:39:44,285 - INFO - Ingress_Enter RV48RQJJ
2025-04-13 20:39:44,303 - INFO - Ingress_Input_Decoded RV48RQJJ
2025-04-13 20:39:44,305 - INFO - Ingress_Numpy_Converted RV48RQJJ
2025-04-13 20:39:44,344 - INFO - Ingress_Enter Z9SE1ZQG
2025-04-13 20:39:44,361 - INFO - Ingress_Input_Decoded Z9SE1ZQG
2025-04-13 20:39:44,363 - INFO - Ingress_Numpy_Converted Z9SE1ZQG
2025-04-13 20:39:44,787 - INFO - Ingress_Enter W86QWD9X
2025-04-13 20:39:44,788 - INFO - Ingress_Enter R2EH6LV9
2025-04-13 20:39:44,801 - INFO - Ingress_Input_Decoded W86QWD9X
2025-04-13 20:39:44,803 - INFO - Ingress_Numpy_Converted W86QWD9X
2025-04-13 20:39:44,821 - INFO - Ingress_Input_Decoded R2EH6LV9
2025-04-13 20:39:44,823 - INFO - Ingress_Numpy_Converted R2EH6LV9
2025-04-13 20:39:44,840 - INFO - Ingress_Enter SFXK69YL
2025-04-13 20:39:44,855 - INFO - Ingress_Input_Decoded SFXK69YL
2025-04-13 20:39:44,857 - INFO - Ingress_Numpy_Converted SFXK69YL
2025-04-13 20:39:44,887 - INFO - Ingress_Enter J5JJTE39
2025-04-13 20:39:44,904 - INFO - Ingress_Input_Decoded J5JJTE39
2025-04-13 20:39:44,906 - INFO - Ingress_Numpy_Converted J5JJTE39
2025-04-13 20:39:44,954 - INFO - Ingress_Enter 8TX1L9A8
2025-04-13 20:39:44,978 - INFO - Ingress_Input_Decoded 8TX1L9A8
2025-04-13 20:39:44,981 - INFO - Ingress_Numpy_Converted 8TX1L9A8
2025-04-13 20:39:45,086 - INFO - Ingress_Enter JA2KVYZM
2025-04-13 20:39:45,105 - INFO - Ingress_Input_Decoded JA2KVYZM
2025-04-13 20:39:45,107 - INFO - Ingress_Numpy_Converted JA2KVYZM
2025-04-13 20:39:45,308 - INFO - Ingress_Exit Z9SE1ZQG
2025-04-13 20:39:45,370 - INFO - Ingress_Exit W86QWD9X
2025-04-13 20:39:45,375 - INFO - Ingress_Exit RV48RQJJ
2025-04-13 20:39:45,592 - INFO - Ingress_Exit R2EH6LV9
2025-04-13 20:39:45,748 - INFO - Ingress_Exit J5JJTE39
2025-04-13 20:39:45,846 - INFO - Ingress_Exit SFXK69YL
2025-04-13 20:39:45,931 - INFO - Ingress_Exit 8TX1L9A8
2025-04-13 20:39:46,181 - INFO - Ingress_Exit JA2KVYZM
2025-04-13 20:39:48,431 - INFO - Ingress_Enter OLQHUBGI
2025-04-13 20:39:48,451 - INFO - Ingress_Input_Decoded OLQHUBGI
2025-04-13 20:39:48,452 - INFO - Ingress_Numpy_Converted OLQHUBGI
2025-04-13 20:39:48,572 - INFO - Ingress_Enter ND9KCB3G
2025-04-13 20:39:48,590 - INFO - Ingress_Input_Decoded ND9KCB3G
2025-04-13 20:39:48,592 - INFO - Ingress_Numpy_Converted ND9KCB3G
2025-04-13 20:39:48,790 - INFO - Ingress_Enter Q34A8FS9
2025-04-13 20:39:48,814 - INFO - Ingress_Input_Decoded Q34A8FS9
2025-04-13 20:39:48,816 - INFO - Ingress_Numpy_Converted Q34A8FS9
2025-04-13 20:39:48,896 - INFO - Ingress_Enter 9QEW6WKU
2025-04-13 20:39:48,898 - INFO - Ingress_Enter S3A00ZTU
2025-04-13 20:39:48,918 - INFO - Ingress_Input_Decoded 9QEW6WKU
2025-04-13 20:39:48,921 - INFO - Ingress_Numpy_Converted 9QEW6WKU
2025-04-13 20:39:48,931 - INFO - Ingress_Input_Decoded S3A00ZTU
2025-04-13 20:39:48,933 - INFO - Ingress_Numpy_Converted S3A00ZTU
2025-04-13 20:39:49,172 - INFO - Ingress_Enter XHZR9QNV
2025-04-13 20:39:49,184 - INFO - Ingress_Input_Decoded XHZR9QNV
2025-04-13 20:39:49,185 - INFO - Ingress_Numpy_Converted XHZR9QNV
2025-04-13 20:39:49,316 - INFO - Ingress_Exit ND9KCB3G
2025-04-13 20:39:49,431 - INFO - Ingress_Exit 9QEW6WKU
2025-04-13 20:39:49,628 - INFO - Ingress_Enter LOBV8QVY
2025-04-13 20:39:49,650 - INFO - Ingress_Input_Decoded LOBV8QVY
2025-04-13 20:39:49,652 - INFO - Ingress_Numpy_Converted LOBV8QVY
2025-04-13 20:39:49,653 - INFO - Ingress_Exit Q34A8FS9
2025-04-13 20:39:49,674 - INFO - Ingress_Exit OLQHUBGI
2025-04-13 20:39:49,723 - INFO - Ingress_Enter 9NXA29C0
2025-04-13 20:39:49,740 - INFO - Ingress_Input_Decoded 9NXA29C0
2025-04-13 20:39:49,742 - INFO - Ingress_Numpy_Converted 9NXA29C0
2025-04-13 20:39:49,750 - INFO - Ingress_Exit S3A00ZTU
2025-04-13 20:39:49,975 - INFO - Ingress_Enter F7LDB3DP
2025-04-13 20:39:49,994 - INFO - Ingress_Input_Decoded F7LDB3DP
2025-04-13 20:39:49,996 - INFO - Ingress_Numpy_Converted F7LDB3DP
2025-04-13 20:39:50,999 - INFO - Ingress_Enter 6T7YM1V0
2025-04-13 20:39:50,018 - INFO - Ingress_Input_Decoded 6T7YM1V0
2025-04-13 20:39:50,020 - INFO - Ingress_Numpy_Converted 6T7YM1V0
2025-04-13 20:39:50,399 - INFO - Ingress_Exit 9NXA29C0
2025-04-13 20:39:50,484 - INFO - Ingress_Enter SQRHMCD3
2025-04-13 20:39:50,502 - INFO - Ingress_Input_Decoded SQRHMCD3
2025-04-13 20:39:50,504 - INFO - Ingress_Numpy_Converted SQRHMCD3
2025-04-13 20:39:50,505 - INFO - Ingress_Exit LOBV8QVY
2025-04-13 20:39:50,536 - INFO - Ingress_Exit XHZR9QNV
2025-04-13 20:39:50,727 - INFO - Ingress_Exit 6T7YM1V0
2025-04-13 20:39:50,729 - INFO - Ingress_Enter NJEIQX8T
2025-04-13 20:39:50,744 - INFO - Ingress_Input_Decoded NJEIQX8T
2025-04-13 20:39:50,745 - INFO - Ingress_Numpy_Converted NJEIQX8T
2025-04-13 20:39:51,193 - INFO - Ingress_Exit F7LDB3DP
2025-04-13 20:39:51,248 - INFO - Ingress_Enter W7Q37408
2025-04-13 20:39:51,268 - INFO - Ingress_Input_Decoded W7Q37408
2025-04-13 20:39:51,270 - INFO - Ingress_Numpy_Converted W7Q37408
2025-04-13 20:39:51,393 - INFO - Ingress_Enter KW9K4TY3
2025-04-13 20:39:51,417 - INFO - Ingress_Input_Decoded KW9K4TY3
2025-04-13 20:39:51,419 - INFO - Ingress_Numpy_Converted KW9K4TY3
2025-04-13 20:39:51,434 - INFO - Ingress_Enter RRFGVAYR
2025-04-13 20:39:51,445 - INFO - Ingress_Input_Decoded RRFGVAYR
2025-04-13 20:39:51,446 - INFO - Ingress_Numpy_Converted RRFGVAYR
2025-04-13 20:39:51,480 - INFO - Ingress_Exit SQRHMCD3
2025-04-13 20:39:51,544 - INFO - Ingress_Enter YK0AMKZR
2025-04-13 20:39:51,566 - INFO - Ingress_Input_Decoded YK0AMKZR
2025-04-13 20:39:51,568 - INFO - Ingress_Numpy_Converted YK0AMKZR
2025-04-13 20:39:51,592 - INFO - Ingress_Exit NJEIQX8T
2025-04-13 20:39:52,126 - INFO - Ingress_Exit KW9K4TY3
2025-04-13 20:39:52,137 - INFO - Ingress_Enter 0QU4Q2GR
2025-04-13 20:39:52,153 - INFO - Ingress_Input_Decoded 0QU4Q2GR
2025-04-13 20:39:52,155 - INFO - Ingress_Numpy_Converted 0QU4Q2GR
2025-04-13 20:39:52,212 - INFO - Ingress_Exit YK0AMKZR
2025-04-13 20:39:52,277 - INFO - Ingress_Exit W7Q37408
2025-04-13 20:39:52,398 - INFO - Ingress_Enter C2LKWBKA
2025-04-13 20:39:52,417 - INFO - Ingress_Input_Decoded C2LKWBKA
2025-04-13 20:39:52,419 - INFO - Ingress_Numpy_Converted C2LKWBKA
2025-04-13 20:39:52,439 - INFO - Ingress_Exit RRFGVAYR
2025-04-13 20:39:52,537 - INFO - Ingress_Enter LKDOQTWB
2025-04-13 20:39:52,553 - INFO - Ingress_Input_Decoded LKDOQTWB
2025-04-13 20:39:52,555 - INFO - Ingress_Numpy_Converted LKDOQTWB
2025-04-13 20:39:52,757 - INFO - Ingress_Enter 9D3HT9EK
2025-04-13 20:39:52,780 - INFO - Ingress_Input_Decoded 9D3HT9EK
2025-04-13 20:39:52,783 - INFO - Ingress_Numpy_Converted 9D3HT9EK
2025-04-13 20:39:52,798 - INFO - Ingress_Enter 2SRQZKAF
2025-04-13 20:39:52,817 - INFO - Ingress_Input_Decoded 2SRQZKAF
2025-04-13 20:39:52,818 - INFO - Ingress_Numpy_Converted 2SRQZKAF
2025-04-13 20:39:52,845 - INFO - Ingress_Exit 0QU4Q2GR
2025-04-13 20:39:53,132 - INFO - Ingress_Enter YEWS51XM
2025-04-13 20:39:53,146 - INFO - Ingress_Input_Decoded YEWS51XM
2025-04-13 20:39:53,147 - INFO - Ingress_Numpy_Converted YEWS51XM
2025-04-13 20:39:53,251 - INFO - Ingress_Exit 9D3HT9EK
2025-04-13 20:39:53,294 - INFO - Ingress_Enter XXVFQTLR
2025-04-13 20:39:53,311 - INFO - Ingress_Input_Decoded XXVFQTLR
2025-04-13 20:39:53,313 - INFO - Ingress_Numpy_Converted XXVFQTLR
2025-04-13 20:39:53,371 - INFO - Ingress_Exit C2LKWBKA
2025-04-13 20:39:53,437 - INFO - Ingress_Enter X7HDJQUE
2025-04-13 20:39:53,453 - INFO - Ingress_Input_Decoded X7HDJQUE
2025-04-13 20:39:53,455 - INFO - Ingress_Numpy_Converted X7HDJQUE
2025-04-13 20:39:53,456 - INFO - Ingress_Enter ZYONEOEO
2025-04-13 20:39:53,469 - INFO - Ingress_Input_Decoded ZYONEOEO
2025-04-13 20:39:53,471 - INFO - Ingress_Numpy_Converted ZYONEOEO
2025-04-13 20:39:53,521 - INFO - Ingress_Exit 2SRQZKAF
2025-04-13 20:39:53,541 - INFO - Ingress_Enter CGQ0UATI
2025-04-13 20:39:53,558 - INFO - Ingress_Input_Decoded CGQ0UATI
2025-04-13 20:39:53,559 - INFO - Ingress_Numpy_Converted CGQ0UATI
2025-04-13 20:39:53,593 - INFO - Ingress_Enter WOJYKB4M
2025-04-13 20:39:53,613 - INFO - Ingress_Input_Decoded WOJYKB4M
2025-04-13 20:39:53,615 - INFO - Ingress_Numpy_Converted WOJYKB4M
2025-04-13 20:39:53,617 - INFO - Ingress_Exit LKDOQTWB
2025-04-13 20:39:53,729 - INFO - Ingress_Enter B9ZLKKJU
2025-04-13 20:39:53,740 - INFO - Ingress_Input_Decoded B9ZLKKJU
2025-04-13 20:39:53,741 - INFO - Ingress_Numpy_Converted B9ZLKKJU
2025-04-13 20:39:53,745 - INFO - Ingress_Enter I3VCO6DA
2025-04-13 20:39:53,759 - INFO - Ingress_Input_Decoded I3VCO6DA
2025-04-13 20:39:53,761 - INFO - Ingress_Numpy_Converted I3VCO6DA
2025-04-13 20:39:53,995 - INFO - Ingress_Exit XXVFQTLR
2025-04-13 20:39:54,022 - INFO - Ingress_Exit X7HDJQUE
2025-04-13 20:39:54,067 - INFO - Ingress_Exit CGQ0UATI
2025-04-13 20:39:54,254 - INFO - Ingress_Exit WOJYKB4M
2025-04-13 20:39:54,298 - INFO - Ingress_Exit ZYONEOEO
2025-04-13 20:39:54,359 - INFO - Ingress_Exit YEWS51XM
2025-04-13 20:39:54,479 - INFO - Ingress_Exit I3VCO6DA
2025-04-13 20:39:54,568 - INFO - Ingress_Exit B9ZLKKJU
2025-04-13 20:39:56,545 - INFO - Ingress_Enter IWVGCUX9
2025-04-13 20:39:56,563 - INFO - Ingress_Input_Decoded IWVGCUX9
2025-04-13 20:39:56,564 - INFO - Ingress_Numpy_Converted IWVGCUX9
2025-04-13 20:39:56,698 - INFO - Ingress_Enter Z6HE4RE5
2025-04-13 20:39:56,718 - INFO - Ingress_Input_Decoded Z6HE4RE5
2025-04-13 20:39:56,720 - INFO - Ingress_Numpy_Converted Z6HE4RE5
2025-04-13 20:39:56,760 - INFO - Ingress_Enter M9ANOKA0
2025-04-13 20:39:56,788 - INFO - Ingress_Input_Decoded M9ANOKA0
2025-04-13 20:39:56,791 - INFO - Ingress_Numpy_Converted M9ANOKA0
2025-04-13 20:39:57,250 - INFO - Ingress_Enter B3YV8BTB
2025-04-13 20:39:57,272 - INFO - Ingress_Input_Decoded B3YV8BTB
2025-04-13 20:39:57,274 - INFO - Ingress_Numpy_Converted B3YV8BTB
2025-04-13 20:39:57,343 - INFO - Ingress_Exit IWVGCUX9
2025-04-13 20:39:57,435 - INFO - Ingress_Exit Z6HE4RE5
2025-04-13 20:39:57,651 - INFO - Ingress_Exit M9ANOKA0
2025-04-13 20:39:58,008 - INFO - Ingress_Enter IXBNHOC7
2025-04-13 20:39:58,031 - INFO - Ingress_Input_Decoded IXBNHOC7
2025-04-13 20:39:58,034 - INFO - Ingress_Numpy_Converted IXBNHOC7
2025-04-13 20:39:58,053 - INFO - Ingress_Exit B3YV8BTB
2025-04-13 20:39:58,347 - INFO - Ingress_Enter KJE3CLCI
2025-04-13 20:39:58,364 - INFO - Ingress_Input_Decoded KJE3CLCI
2025-04-13 20:39:58,365 - INFO - Ingress_Numpy_Converted KJE3CLCI
2025-04-13 20:39:58,390 - INFO - Ingress_Enter PK6RZ7I6
2025-04-13 20:39:58,403 - INFO - Ingress_Input_Decoded PK6RZ7I6
2025-04-13 20:39:58,404 - INFO - Ingress_Numpy_Converted PK6RZ7I6
2025-04-13 20:39:58,436 - INFO - Ingress_Enter 34X3WFZI
2025-04-13 20:39:58,448 - INFO - Ingress_Input_Decoded 34X3WFZI
2025-04-13 20:39:58,449 - INFO - Ingress_Numpy_Converted 34X3WFZI
2025-04-13 20:39:58,641 - INFO - Ingress_Enter E53DDQ40
2025-04-13 20:39:58,654 - INFO - Ingress_Input_Decoded E53DDQ40
2025-04-13 20:39:58,655 - INFO - Ingress_Numpy_Converted E53DDQ40
2025-04-13 20:39:58,695 - INFO - Ingress_Enter GWI71QRD
2025-04-13 20:39:58,710 - INFO - Ingress_Input_Decoded GWI71QRD
2025-04-13 20:39:58,711 - INFO - Ingress_Numpy_Converted GWI71QRD
2025-04-13 20:39:58,733 - INFO - Ingress_Enter DUX7ODR2
2025-04-13 20:39:58,796 - INFO - Ingress_Input_Decoded DUX7ODR2
2025-04-13 20:39:58,799 - INFO - Ingress_Numpy_Converted DUX7ODR2
2025-04-13 20:39:58,819 - INFO - Ingress_Exit KJE3CLCI
2025-04-13 20:39:58,939 - INFO - Ingress_Exit IXBNHOC7
2025-04-13 20:39:58,968 - INFO - Ingress_Exit 34X3WFZI
2025-04-13 20:39:59,063 - INFO - Ingress_Enter DJCSM60J
2025-04-13 20:39:59,080 - INFO - Ingress_Input_Decoded DJCSM60J
2025-04-13 20:39:59,081 - INFO - Ingress_Numpy_Converted DJCSM60J
2025-04-13 20:39:59,220 - INFO - Ingress_Enter T3BEXRHL
2025-04-13 20:39:59,240 - INFO - Ingress_Input_Decoded T3BEXRHL
2025-04-13 20:39:59,242 - INFO - Ingress_Numpy_Converted T3BEXRHL
2025-04-13 20:39:59,314 - INFO - Ingress_Exit E53DDQ40
2025-04-13 20:39:59,422 - INFO - Ingress_Exit DUX7ODR2
2025-04-13 20:39:59,554 - INFO - Ingress_Enter MNZ1GXA9
2025-04-13 20:39:59,579 - INFO - Ingress_Input_Decoded MNZ1GXA9
2025-04-13 20:39:59,582 - INFO - Ingress_Numpy_Converted MNZ1GXA9
2025-04-13 20:39:59,594 - INFO - Ingress_Exit PK6RZ7I6
2025-04-13 20:39:59,747 - INFO - Ingress_Enter 3Y9JN2GE
2025-04-13 20:39:59,767 - INFO - Ingress_Input_Decoded 3Y9JN2GE
2025-04-13 20:39:59,769 - INFO - Ingress_Numpy_Converted 3Y9JN2GE
2025-04-13 20:39:59,770 - INFO - Ingress_Exit GWI71QRD
2025-04-13 20:39:59,892 - INFO - Ingress_Exit DJCSM60J
2025-04-13 20:40:00,163 - INFO - Ingress_Enter L63EKOZ8
2025-04-13 20:40:00,180 - INFO - Ingress_Input_Decoded L63EKOZ8
2025-04-13 20:40:00,182 - INFO - Ingress_Numpy_Converted L63EKOZ8
2025-04-13 20:40:00,184 - INFO - Ingress_Exit T3BEXRHL
2025-04-13 20:40:00,288 - INFO - Ingress_Exit 3Y9JN2GE
2025-04-13 20:40:00,316 - INFO - Ingress_Enter HWBS7HZF
2025-04-13 20:40:00,337 - INFO - Ingress_Input_Decoded HWBS7HZF
2025-04-13 20:40:00,339 - INFO - Ingress_Numpy_Converted HWBS7HZF
2025-04-13 20:40:00,387 - INFO - Ingress_Exit MNZ1GXA9
2025-04-13 20:40:00,760 - INFO - Ingress_Enter RMV9F5MH
2025-04-13 20:40:00,777 - INFO - Ingress_Input_Decoded RMV9F5MH
2025-04-13 20:40:00,778 - INFO - Ingress_Numpy_Converted RMV9F5MH
2025-04-13 20:40:00,923 - INFO - Ingress_Enter B0TVTQ22
2025-04-13 20:40:00,948 - INFO - Ingress_Input_Decoded B0TVTQ22
2025-04-13 20:40:00,951 - INFO - Ingress_Numpy_Converted B0TVTQ22
2025-04-13 20:40:00,991 - INFO - Ingress_Exit HWBS7HZF
2025-04-13 20:40:01,024 - INFO - Ingress_Exit L63EKOZ8
2025-04-13 20:40:01,223 - INFO - Ingress_Enter G8EYFFJC
2025-04-13 20:40:01,247 - INFO - Ingress_Input_Decoded G8EYFFJC
2025-04-13 20:40:01,249 - INFO - Ingress_Numpy_Converted G8EYFFJC
2025-04-13 20:40:01,358 - INFO - Ingress_Enter LPA3TAH9
2025-04-13 20:40:01,372 - INFO - Ingress_Input_Decoded LPA3TAH9
2025-04-13 20:40:01,373 - INFO - Ingress_Numpy_Converted LPA3TAH9
2025-04-13 20:40:01,616 - INFO - Ingress_Enter DG8VMFRP
2025-04-13 20:40:01,630 - INFO - Ingress_Input_Decoded DG8VMFRP
2025-04-13 20:40:01,632 - INFO - Ingress_Numpy_Converted DG8VMFRP
2025-04-13 20:40:01,659 - INFO - Ingress_Exit RMV9F5MH
2025-04-13 20:40:01,667 - INFO - Ingress_Enter 51XV3W65
2025-04-13 20:40:01,681 - INFO - Ingress_Input_Decoded 51XV3W65
2025-04-13 20:40:01,682 - INFO - Ingress_Numpy_Converted 51XV3W65
2025-04-13 20:40:01,719 - INFO - Ingress_Enter NQYTNXU5
2025-04-13 20:40:01,734 - INFO - Ingress_Input_Decoded NQYTNXU5
2025-04-13 20:40:01,736 - INFO - Ingress_Numpy_Converted NQYTNXU5
2025-04-13 20:40:01,878 - INFO - Ingress_Enter UT2BDKE2
2025-04-13 20:40:01,900 - INFO - Ingress_Input_Decoded UT2BDKE2
2025-04-13 20:40:01,902 - INFO - Ingress_Numpy_Converted UT2BDKE2
2025-04-13 20:40:01,910 - INFO - Ingress_Exit B0TVTQ22
2025-04-13 20:40:01,944 - INFO - Ingress_Exit G8EYFFJC
2025-04-13 20:40:02,274 - INFO - Ingress_Enter QQL1QFH4
2025-04-13 20:40:02,289 - INFO - Ingress_Input_Decoded QQL1QFH4
2025-04-13 20:40:02,290 - INFO - Ingress_Numpy_Converted QQL1QFH4
2025-04-13 20:40:02,303 - INFO - Ingress_Exit DG8VMFRP
2025-04-13 20:40:02,432 - INFO - Ingress_Exit 51XV3W65
2025-04-13 20:40:02,506 - INFO - Ingress_Exit LPA3TAH9
2025-04-13 20:40:02,520 - INFO - Ingress_Enter AO2ZEXDY
2025-04-13 20:40:02,531 - INFO - Ingress_Input_Decoded AO2ZEXDY
2025-04-13 20:40:02,532 - INFO - Ingress_Numpy_Converted AO2ZEXDY
2025-04-13 20:40:02,716 - INFO - Ingress_Exit UT2BDKE2
2025-04-13 20:40:02,733 - INFO - Ingress_Exit NQYTNXU5
2025-04-13 20:40:02,828 - INFO - Ingress_Enter FCU10QQC
2025-04-13 20:40:02,845 - INFO - Ingress_Input_Decoded FCU10QQC
2025-04-13 20:40:02,846 - INFO - Ingress_Numpy_Converted FCU10QQC
2025-04-13 20:40:02,862 - INFO - Ingress_Exit QQL1QFH4
2025-04-13 20:40:03,130 - INFO - Ingress_Enter ZS3VLKPO
2025-04-13 20:40:03,146 - INFO - Ingress_Input_Decoded ZS3VLKPO
2025-04-13 20:40:03,148 - INFO - Ingress_Numpy_Converted ZS3VLKPO
2025-04-13 20:40:03,241 - INFO - Ingress_Enter LEQUCRSF
2025-04-13 20:40:03,256 - INFO - Ingress_Input_Decoded LEQUCRSF
2025-04-13 20:40:03,258 - INFO - Ingress_Numpy_Converted LEQUCRSF
2025-04-13 20:40:03,259 - INFO - Ingress_Enter 8UENBJEC
2025-04-13 20:40:03,286 - INFO - Ingress_Input_Decoded 8UENBJEC
2025-04-13 20:40:03,289 - INFO - Ingress_Numpy_Converted 8UENBJEC
2025-04-13 20:40:03,290 - INFO - Ingress_Exit AO2ZEXDY
2025-04-13 20:40:03,432 - INFO - Ingress_Exit FCU10QQC
2025-04-13 20:40:03,501 - INFO - Ingress_Enter 85NK0Q27
2025-04-13 20:40:03,523 - INFO - Ingress_Input_Decoded 85NK0Q27
2025-04-13 20:40:03,526 - INFO - Ingress_Numpy_Converted 85NK0Q27
2025-04-13 20:40:03,766 - INFO - Ingress_Exit ZS3VLKPO
2025-04-13 20:40:03,791 - INFO - Ingress_Enter HHPUXNGP
2025-04-13 20:40:03,806 - INFO - Ingress_Input_Decoded HHPUXNGP
2025-04-13 20:40:03,807 - INFO - Ingress_Numpy_Converted HHPUXNGP
2025-04-13 20:40:03,858 - INFO - Ingress_Enter H1OB3K15
2025-04-13 20:40:03,882 - INFO - Ingress_Input_Decoded H1OB3K15
2025-04-13 20:40:03,884 - INFO - Ingress_Numpy_Converted H1OB3K15
2025-04-13 20:40:03,888 - INFO - Ingress_Exit LEQUCRSF
2025-04-13 20:40:04,116 - INFO - Ingress_Exit 8UENBJEC
2025-04-13 20:40:04,144 - INFO - Ingress_Exit 85NK0Q27
2025-04-13 20:40:04,356 - INFO - Ingress_Enter T28Q1RIE
2025-04-13 20:40:04,380 - INFO - Ingress_Input_Decoded T28Q1RIE
2025-04-13 20:40:04,382 - INFO - Ingress_Numpy_Converted T28Q1RIE
2025-04-13 20:40:04,528 - INFO - Ingress_Exit HHPUXNGP
2025-04-13 20:40:04,606 - INFO - Ingress_Exit H1OB3K15
2025-04-13 20:40:04,790 - INFO - Ingress_Enter Q47LOA4O
2025-04-13 20:40:04,805 - INFO - Ingress_Input_Decoded Q47LOA4O
2025-04-13 20:40:04,806 - INFO - Ingress_Numpy_Converted Q47LOA4O
2025-04-13 20:40:04,808 - INFO - Ingress_Enter FIECB8V4
2025-04-13 20:40:04,827 - INFO - Ingress_Input_Decoded FIECB8V4
2025-04-13 20:40:04,829 - INFO - Ingress_Numpy_Converted FIECB8V4
2025-04-13 20:40:04,885 - INFO - Ingress_Exit T28Q1RIE
2025-04-13 20:40:04,987 - INFO - Ingress_Enter A3WTY4X5
2025-04-13 20:40:04,999 - INFO - Ingress_Input_Decoded A3WTY4X5
2025-04-13 20:40:05,000 - INFO - Ingress_Numpy_Converted A3WTY4X5
2025-04-13 20:40:05,103 - INFO - Ingress_Enter QCD0N1GI
2025-04-13 20:40:05,105 - INFO - Ingress_Enter 2XH67G57
2025-04-13 20:40:05,138 - INFO - Ingress_Input_Decoded QCD0N1GI
2025-04-13 20:40:05,141 - INFO - Ingress_Numpy_Converted QCD0N1GI
2025-04-13 20:40:05,159 - INFO - Ingress_Input_Decoded 2XH67G57
2025-04-13 20:40:05,161 - INFO - Ingress_Numpy_Converted 2XH67G57
2025-04-13 20:40:05,342 - INFO - Ingress_Exit Q47LOA4O
2025-04-13 20:40:05,462 - INFO - Ingress_Enter Z6POIZIO
2025-04-13 20:40:05,487 - INFO - Ingress_Input_Decoded Z6POIZIO
2025-04-13 20:40:05,490 - INFO - Ingress_Numpy_Converted Z6POIZIO
2025-04-13 20:40:05,499 - INFO - Ingress_Exit FIECB8V4
2025-04-13 20:40:05,647 - INFO - Ingress_Exit QCD0N1GI
2025-04-13 20:40:05,799 - INFO - Ingress_Exit A3WTY4X5
2025-04-13 20:40:05,803 - INFO - Ingress_Enter EXYPFO0V
2025-04-13 20:40:05,820 - INFO - Ingress_Input_Decoded EXYPFO0V
2025-04-13 20:40:05,822 - INFO - Ingress_Numpy_Converted EXYPFO0V
2025-04-13 20:40:05,880 - INFO - Ingress_Exit 2XH67G57
2025-04-13 20:40:05,891 - INFO - Ingress_Enter K1447HJE
2025-04-13 20:40:05,902 - INFO - Ingress_Input_Decoded K1447HJE
2025-04-13 20:40:05,903 - INFO - Ingress_Numpy_Converted K1447HJE
2025-04-13 20:40:05,972 - INFO - Ingress_Exit Z6POIZIO
2025-04-13 20:40:06,304 - INFO - Ingress_Exit EXYPFO0V
2025-04-13 20:40:06,311 - INFO - Ingress_Enter 17EACF4O
2025-04-13 20:40:06,333 - INFO - Ingress_Input_Decoded 17EACF4O
2025-04-13 20:40:06,335 - INFO - Ingress_Numpy_Converted 17EACF4O
2025-04-13 20:40:06,430 - INFO - Ingress_Exit K1447HJE
2025-04-13 20:40:06,493 - INFO - Ingress_Enter ZP2EVSE3
2025-04-13 20:40:06,504 - INFO - Ingress_Input_Decoded ZP2EVSE3
2025-04-13 20:40:06,505 - INFO - Ingress_Numpy_Converted ZP2EVSE3
2025-04-13 20:40:06,599 - INFO - Ingress_Enter SEOX4XQF
2025-04-13 20:40:06,614 - INFO - Ingress_Input_Decoded SEOX4XQF
2025-04-13 20:40:06,615 - INFO - Ingress_Numpy_Converted SEOX4XQF
2025-04-13 20:40:07,149 - INFO - Ingress_Exit ZP2EVSE3
2025-04-13 20:40:07,291 - INFO - Ingress_Exit SEOX4XQF
2025-04-13 20:40:07,351 - INFO - Ingress_Exit 17EACF4O
2025-04-13 20:40:07,847 - INFO - Ingress_Enter KAJF0UE1
2025-04-13 20:40:07,861 - INFO - Ingress_Input_Decoded KAJF0UE1
2025-04-13 20:40:07,862 - INFO - Ingress_Numpy_Converted KAJF0UE1
2025-04-13 20:40:08,105 - INFO - Ingress_Enter 2PT439UG
2025-04-13 20:40:08,123 - INFO - Ingress_Input_Decoded 2PT439UG
2025-04-13 20:40:08,125 - INFO - Ingress_Numpy_Converted 2PT439UG
2025-04-13 20:40:08,353 - INFO - Ingress_Enter 4C47EUMQ
2025-04-13 20:40:08,370 - INFO - Ingress_Input_Decoded 4C47EUMQ
2025-04-13 20:40:08,371 - INFO - Ingress_Numpy_Converted 4C47EUMQ
2025-04-13 20:40:08,522 - INFO - Ingress_Enter OV0TWZK3
2025-04-13 20:40:08,548 - INFO - Ingress_Input_Decoded OV0TWZK3
2025-04-13 20:40:08,551 - INFO - Ingress_Numpy_Converted OV0TWZK3
2025-04-13 20:40:08,756 - INFO - Ingress_Exit KAJF0UE1
2025-04-13 20:40:08,821 - INFO - Ingress_Enter C3TYON7L
2025-04-13 20:40:08,847 - INFO - Ingress_Input_Decoded C3TYON7L
2025-04-13 20:40:08,849 - INFO - Ingress_Numpy_Converted C3TYON7L
2025-04-13 20:40:08,851 - INFO - Ingress_Exit 2PT439UG
2025-04-13 20:40:09,067 - INFO - Ingress_Enter YCOY0SZ1
2025-04-13 20:40:09,091 - INFO - Ingress_Input_Decoded YCOY0SZ1
2025-04-13 20:40:09,093 - INFO - Ingress_Numpy_Converted YCOY0SZ1
2025-04-13 20:40:09,191 - INFO - Ingress_Exit OV0TWZK3
2025-04-13 20:40:09,218 - INFO - Ingress_Enter R31LWLNR
2025-04-13 20:40:09,240 - INFO - Ingress_Input_Decoded R31LWLNR
2025-04-13 20:40:09,242 - INFO - Ingress_Numpy_Converted R31LWLNR
2025-04-13 20:40:09,266 - INFO - Ingress_Exit 4C47EUMQ
2025-04-13 20:40:09,285 - INFO - Ingress_Exit C3TYON7L
2025-04-13 20:40:09,472 - INFO - Ingress_Enter MCKE4V32
2025-04-13 20:40:09,498 - INFO - Ingress_Input_Decoded MCKE4V32
2025-04-13 20:40:09,501 - INFO - Ingress_Numpy_Converted MCKE4V32
2025-04-13 20:40:09,606 - INFO - Ingress_Enter V0KXHKZA
2025-04-13 20:40:09,621 - INFO - Ingress_Input_Decoded V0KXHKZA
2025-04-13 20:40:09,623 - INFO - Ingress_Numpy_Converted V0KXHKZA
2025-04-13 20:40:09,856 - INFO - Ingress_Enter D0B1EPZL
2025-04-13 20:40:09,872 - INFO - Ingress_Input_Decoded D0B1EPZL
2025-04-13 20:40:09,874 - INFO - Ingress_Numpy_Converted D0B1EPZL
2025-04-13 20:40:09,881 - INFO - Ingress_Exit R31LWLNR
2025-04-13 20:40:09,923 - INFO - Ingress_Exit YCOY0SZ1
2025-04-13 20:40:10,118 - INFO - Ingress_Exit MCKE4V32
2025-04-13 20:40:10,387 - INFO - Ingress_Exit V0KXHKZA
2025-04-13 20:40:10,738 - INFO - Ingress_Exit D0B1EPZL
2025-04-13 20:40:10,799 - INFO - Ingress_Enter 86D9FITX
2025-04-13 20:40:10,809 - INFO - Ingress_Input_Decoded 86D9FITX
2025-04-13 20:40:10,810 - INFO - Ingress_Numpy_Converted 86D9FITX
2025-04-13 20:40:10,820 - INFO - Ingress_Enter 5L5KWNHH
2025-04-13 20:40:10,845 - INFO - Ingress_Input_Decoded 5L5KWNHH
2025-04-13 20:40:10,847 - INFO - Ingress_Numpy_Converted 5L5KWNHH
2025-04-13 20:40:10,865 - INFO - Ingress_Enter 16MZQBZ6
2025-04-13 20:40:10,884 - INFO - Ingress_Input_Decoded 16MZQBZ6
2025-04-13 20:40:10,886 - INFO - Ingress_Numpy_Converted 16MZQBZ6
2025-04-13 20:40:11,005 - INFO - Ingress_Enter YASU37AW
2025-04-13 20:40:11,018 - INFO - Ingress_Input_Decoded YASU37AW
2025-04-13 20:40:11,020 - INFO - Ingress_Numpy_Converted YASU37AW
2025-04-13 20:40:11,097 - INFO - Ingress_Enter C93P6ML3
2025-04-13 20:40:11,107 - INFO - Ingress_Input_Decoded C93P6ML3
2025-04-13 20:40:11,108 - INFO - Ingress_Numpy_Converted C93P6ML3
2025-04-13 20:40:11,201 - INFO - Ingress_Exit 86D9FITX
2025-04-13 20:40:11,312 - INFO - Ingress_Enter 9RFZ7T3J
2025-04-13 20:40:11,336 - INFO - Ingress_Input_Decoded 9RFZ7T3J
2025-04-13 20:40:11,339 - INFO - Ingress_Numpy_Converted 9RFZ7T3J
2025-04-13 20:40:11,370 - INFO - Ingress_Exit 5L5KWNHH
2025-04-13 20:40:11,437 - INFO - Ingress_Enter KB9MOF89
2025-04-13 20:40:11,492 - INFO - Ingress_Input_Decoded KB9MOF89
2025-04-13 20:40:11,498 - INFO - Ingress_Numpy_Converted KB9MOF89
2025-04-13 20:40:11,503 - INFO - Ingress_Enter T8Q7BQFF
2025-04-13 20:40:11,521 - INFO - Ingress_Input_Decoded T8Q7BQFF
2025-04-13 20:40:11,523 - INFO - Ingress_Numpy_Converted T8Q7BQFF
2025-04-13 20:40:11,671 - INFO - Ingress_Exit 16MZQBZ6
2025-04-13 20:40:11,939 - INFO - Ingress_Exit YASU37AW
2025-04-13 20:40:12,029 - INFO - Ingress_Exit C93P6ML3
2025-04-13 20:40:12,055 - INFO - Ingress_Exit KB9MOF89
2025-04-13 20:40:12,152 - INFO - Ingress_Exit 9RFZ7T3J
2025-04-13 20:40:12,154 - INFO - Ingress_Exit T8Q7BQFF
2025-04-13 20:40:13,269 - INFO - Ingress_Enter TAEO5XEI
2025-04-13 20:40:13,293 - INFO - Ingress_Input_Decoded TAEO5XEI
2025-04-13 20:40:13,295 - INFO - Ingress_Numpy_Converted TAEO5XEI
2025-04-13 20:40:13,314 - INFO - Ingress_Enter 0WLMPBZA
2025-04-13 20:40:13,334 - INFO - Ingress_Input_Decoded 0WLMPBZA
2025-04-13 20:40:13,336 - INFO - Ingress_Numpy_Converted 0WLMPBZA
2025-04-13 20:40:13,365 - INFO - Ingress_Enter NDMJR5QM
2025-04-13 20:40:13,380 - INFO - Ingress_Input_Decoded NDMJR5QM
2025-04-13 20:40:13,381 - INFO - Ingress_Numpy_Converted NDMJR5QM
2025-04-13 20:40:13,405 - INFO - Ingress_Enter FRRSU8RC
2025-04-13 20:40:13,421 - INFO - Ingress_Input_Decoded FRRSU8RC
2025-04-13 20:40:13,423 - INFO - Ingress_Numpy_Converted FRRSU8RC
2025-04-13 20:40:13,662 - INFO - Ingress_Enter A95KGXLZ
2025-04-13 20:40:13,699 - INFO - Ingress_Input_Decoded A95KGXLZ
2025-04-13 20:40:13,702 - INFO - Ingress_Numpy_Converted A95KGXLZ
2025-04-13 20:40:13,771 - INFO - Ingress_Enter Q33P9LFH
2025-04-13 20:40:13,791 - INFO - Ingress_Input_Decoded Q33P9LFH
2025-04-13 20:40:13,793 - INFO - Ingress_Numpy_Converted Q33P9LFH
2025-04-13 20:40:13,794 - INFO - Ingress_Exit 0WLMPBZA
2025-04-13 20:40:13,851 - INFO - Ingress_Exit NDMJR5QM
2025-04-13 20:40:13,990 - INFO - Ingress_Exit FRRSU8RC
2025-04-13 20:40:14,033 - INFO - Ingress_Exit TAEO5XEI
2025-04-13 20:40:14,060 - INFO - Ingress_Enter 0RQSM2Y8
2025-04-13 20:40:14,075 - INFO - Ingress_Input_Decoded 0RQSM2Y8
2025-04-13 20:40:14,076 - INFO - Ingress_Numpy_Converted 0RQSM2Y8
2025-04-13 20:40:14,337 - INFO - Ingress_Exit A95KGXLZ
2025-04-13 20:40:14,413 - INFO - Ingress_Enter 43XAX9PK
2025-04-13 20:40:14,414 - INFO - Ingress_Enter EF6ZWNXZ
2025-04-13 20:40:14,430 - INFO - Ingress_Input_Decoded 43XAX9PK
2025-04-13 20:40:14,431 - INFO - Ingress_Numpy_Converted 43XAX9PK
2025-04-13 20:40:14,447 - INFO - Ingress_Input_Decoded EF6ZWNXZ
2025-04-13 20:40:14,448 - INFO - Ingress_Numpy_Converted EF6ZWNXZ
2025-04-13 20:40:14,466 - INFO - Ingress_Enter TVXRYF4Q
2025-04-13 20:40:14,483 - INFO - Ingress_Input_Decoded TVXRYF4Q
2025-04-13 20:40:14,484 - INFO - Ingress_Numpy_Converted TVXRYF4Q
2025-04-13 20:40:14,576 - INFO - Ingress_Enter E5NZQMCV
2025-04-13 20:40:14,596 - INFO - Ingress_Input_Decoded E5NZQMCV
2025-04-13 20:40:14,598 - INFO - Ingress_Numpy_Converted E5NZQMCV
2025-04-13 20:40:14,599 - INFO - Ingress_Exit Q33P9LFH
2025-04-13 20:40:14,666 - INFO - Ingress_Enter VKELSOK9
2025-04-13 20:40:14,682 - INFO - Ingress_Input_Decoded VKELSOK9
2025-04-13 20:40:14,684 - INFO - Ingress_Numpy_Converted VKELSOK9
2025-04-13 20:40:14,712 - INFO - Ingress_Enter Y9313J9W
2025-04-13 20:40:14,728 - INFO - Ingress_Input_Decoded Y9313J9W
2025-04-13 20:40:14,729 - INFO - Ingress_Numpy_Converted Y9313J9W
2025-04-13 20:40:14,868 - INFO - Ingress_Exit 0RQSM2Y8
2025-04-13 20:40:15,027 - INFO - Ingress_Enter ZPUX2ZNI
2025-04-13 20:40:15,048 - INFO - Ingress_Input_Decoded ZPUX2ZNI
2025-04-13 20:40:15,050 - INFO - Ingress_Numpy_Converted ZPUX2ZNI
2025-04-13 20:40:15,070 - INFO - Ingress_Exit EF6ZWNXZ
2025-04-13 20:40:15,107 - INFO - Ingress_Exit 43XAX9PK
2025-04-13 20:40:15,129 - INFO - Ingress_Exit TVXRYF4Q
2025-04-13 20:40:15,171 - INFO - Ingress_Enter P2646SVH
2025-04-13 20:40:15,171 - INFO - Ingress_Exit VKELSOK9
2025-04-13 20:40:15,188 - INFO - Ingress_Input_Decoded P2646SVH
2025-04-13 20:40:15,190 - INFO - Ingress_Numpy_Converted P2646SVH
2025-04-13 20:40:15,213 - INFO - Ingress_Enter GSOMDPZA
2025-04-13 20:40:15,231 - INFO - Ingress_Input_Decoded GSOMDPZA
2025-04-13 20:40:15,232 - INFO - Ingress_Numpy_Converted GSOMDPZA
2025-04-13 20:40:15,236 - INFO - Ingress_Exit Y9313J9W
2025-04-13 20:40:15,339 - INFO - Ingress_Exit E5NZQMCV
2025-04-13 20:40:15,418 - INFO - Ingress_Enter YHNYT2V6
2025-04-13 20:40:15,436 - INFO - Ingress_Input_Decoded YHNYT2V6
2025-04-13 20:40:15,437 - INFO - Ingress_Numpy_Converted YHNYT2V6
2025-04-13 20:40:15,706 - INFO - Ingress_Exit ZPUX2ZNI
2025-04-13 20:40:15,770 - INFO - Ingress_Enter 4XKQYS9U
2025-04-13 20:40:15,787 - INFO - Ingress_Input_Decoded 4XKQYS9U
2025-04-13 20:40:15,788 - INFO - Ingress_Numpy_Converted 4XKQYS9U
2025-04-13 20:40:15,905 - INFO - Ingress_Exit P2646SVH
2025-04-13 20:40:15,972 - INFO - Ingress_Exit GSOMDPZA
2025-04-13 20:40:15,975 - INFO - Ingress_Exit YHNYT2V6
2025-04-13 20:40:16,168 - INFO - Ingress_Enter G5YC59JM
2025-04-13 20:40:16,205 - INFO - Ingress_Input_Decoded G5YC59JM
2025-04-13 20:40:16,208 - INFO - Ingress_Numpy_Converted G5YC59JM
2025-04-13 20:40:16,250 - INFO - Ingress_Enter VG4NOWSJ
2025-04-13 20:40:16,266 - INFO - Ingress_Input_Decoded VG4NOWSJ
2025-04-13 20:40:16,267 - INFO - Ingress_Numpy_Converted VG4NOWSJ
2025-04-13 20:40:16,326 - INFO - Ingress_Exit 4XKQYS9U
2025-04-13 20:40:16,398 - INFO - Ingress_Enter 4ZPS3MH5
2025-04-13 20:40:16,413 - INFO - Ingress_Input_Decoded 4ZPS3MH5
2025-04-13 20:40:16,414 - INFO - Ingress_Numpy_Converted 4ZPS3MH5
2025-04-13 20:40:16,871 - INFO - Ingress_Exit G5YC59JM
2025-04-13 20:40:17,080 - INFO - Ingress_Exit VG4NOWSJ
2025-04-13 20:40:17,105 - INFO - Ingress_Enter LC3Q1A7N
2025-04-13 20:40:17,123 - INFO - Ingress_Input_Decoded LC3Q1A7N
2025-04-13 20:40:17,124 - INFO - Ingress_Numpy_Converted LC3Q1A7N
2025-04-13 20:40:17,287 - INFO - Ingress_Exit 4ZPS3MH5
2025-04-13 20:40:17,400 - INFO - Ingress_Enter NUWLQB8K
2025-04-13 20:40:17,418 - INFO - Ingress_Input_Decoded NUWLQB8K
2025-04-13 20:40:17,420 - INFO - Ingress_Numpy_Converted NUWLQB8K
2025-04-13 20:40:17,523 - INFO - Ingress_Enter DDOSPFCU
2025-04-13 20:40:17,555 - INFO - Ingress_Input_Decoded DDOSPFCU
2025-04-13 20:40:17,558 - INFO - Ingress_Numpy_Converted DDOSPFCU
2025-04-13 20:40:17,600 - INFO - Ingress_Enter 1RE6KK9K
2025-04-13 20:40:17,613 - INFO - Ingress_Input_Decoded 1RE6KK9K
2025-04-13 20:40:17,614 - INFO - Ingress_Numpy_Converted 1RE6KK9K
2025-04-13 20:40:17,704 - INFO - Ingress_Enter RMMGJB65
2025-04-13 20:40:17,722 - INFO - Ingress_Input_Decoded RMMGJB65
2025-04-13 20:40:17,723 - INFO - Ingress_Numpy_Converted RMMGJB65
2025-04-13 20:40:17,854 - INFO - Ingress_Enter GNJSCJZH
2025-04-13 20:40:17,869 - INFO - Ingress_Input_Decoded GNJSCJZH
2025-04-13 20:40:17,870 - INFO - Ingress_Numpy_Converted GNJSCJZH
2025-04-13 20:40:17,893 - INFO - Ingress_Enter H3FEZNPD
2025-04-13 20:40:17,907 - INFO - Ingress_Input_Decoded H3FEZNPD
2025-04-13 20:40:17,908 - INFO - Ingress_Numpy_Converted H3FEZNPD
2025-04-13 20:40:18,127 - INFO - Ingress_Exit LC3Q1A7N
2025-04-13 20:40:18,187 - INFO - Ingress_Exit 1RE6KK9K
2025-04-13 20:40:18,404 - INFO - Ingress_Exit NUWLQB8K
2025-04-13 20:40:18,440 - INFO - Ingress_Exit DDOSPFCU
2025-04-13 20:40:18,487 - INFO - Ingress_Exit GNJSCJZH
2025-04-13 20:40:18,787 - INFO - Ingress_Exit RMMGJB65
2025-04-13 20:40:19,061 - INFO - Ingress_Exit H3FEZNPD
2025-04-13 20:40:19,591 - INFO - Ingress_Enter H5N2HVFW
2025-04-13 20:40:19,610 - INFO - Ingress_Input_Decoded H5N2HVFW
2025-04-13 20:40:19,612 - INFO - Ingress_Numpy_Converted H5N2HVFW
2025-04-13 20:40:19,653 - INFO - Ingress_Enter 66IM268H
2025-04-13 20:40:19,674 - INFO - Ingress_Input_Decoded 66IM268H
2025-04-13 20:40:19,676 - INFO - Ingress_Numpy_Converted 66IM268H
2025-04-13 20:40:19,892 - INFO - Ingress_Enter 6YVB8KEN
2025-04-13 20:40:19,911 - INFO - Ingress_Input_Decoded 6YVB8KEN
2025-04-13 20:40:19,913 - INFO - Ingress_Numpy_Converted 6YVB8KEN
2025-04-13 20:40:20,097 - INFO - Ingress_Enter BTTE8GUN
2025-04-13 20:40:20,120 - INFO - Ingress_Input_Decoded BTTE8GUN
2025-04-13 20:40:20,122 - INFO - Ingress_Numpy_Converted BTTE8GUN
2025-04-13 20:40:20,464 - INFO - Ingress_Exit H5N2HVFW
2025-04-13 20:40:20,544 - INFO - Ingress_Exit 6YVB8KEN
2025-04-13 20:40:20,598 - INFO - Ingress_Enter FF7XB0KX
2025-04-13 20:40:20,611 - INFO - Ingress_Input_Decoded FF7XB0KX
2025-04-13 20:40:20,612 - INFO - Ingress_Numpy_Converted FF7XB0KX
2025-04-13 20:40:20,613 - INFO - Ingress_Exit BTTE8GUN
2025-04-13 20:40:20,706 - INFO - Ingress_Enter Q20HJRJ2
2025-04-13 20:40:20,722 - INFO - Ingress_Input_Decoded Q20HJRJ2
2025-04-13 20:40:20,724 - INFO - Ingress_Numpy_Converted Q20HJRJ2
2025-04-13 20:40:20,733 - INFO - Ingress_Exit 66IM268H
2025-04-13 20:40:21,364 - INFO - Ingress_Exit Q20HJRJ2
2025-04-13 20:40:21,398 - INFO - Ingress_Enter JR5BMFHC
2025-04-13 20:40:21,415 - INFO - Ingress_Input_Decoded JR5BMFHC
2025-04-13 20:40:21,416 - INFO - Ingress_Numpy_Converted JR5BMFHC
2025-04-13 20:40:21,457 - INFO - Ingress_Enter RF6SJLBI
2025-04-13 20:40:21,474 - INFO - Ingress_Input_Decoded RF6SJLBI
2025-04-13 20:40:21,475 - INFO - Ingress_Numpy_Converted RF6SJLBI
2025-04-13 20:40:21,478 - INFO - Ingress_Exit FF7XB0KX
2025-04-13 20:40:21,576 - INFO - Ingress_Enter LTCDLJUK
2025-04-13 20:40:21,598 - INFO - Ingress_Input_Decoded LTCDLJUK
2025-04-13 20:40:21,600 - INFO - Ingress_Numpy_Converted LTCDLJUK
2025-04-13 20:40:22,030 - INFO - Ingress_Enter YMDSAWVJ
2025-04-13 20:40:22,044 - INFO - Ingress_Input_Decoded YMDSAWVJ
2025-04-13 20:40:22,045 - INFO - Ingress_Numpy_Converted YMDSAWVJ
2025-04-13 20:40:22,053 - INFO - Ingress_Exit JR5BMFHC
2025-04-13 20:40:22,179 - INFO - Ingress_Enter MLFFC1UL
2025-04-13 20:40:22,209 - INFO - Ingress_Input_Decoded MLFFC1UL
2025-04-13 20:40:22,212 - INFO - Ingress_Numpy_Converted MLFFC1UL
2025-04-13 20:40:22,245 - INFO - Ingress_Enter GC3RFVT4
2025-04-13 20:40:22,267 - INFO - Ingress_Input_Decoded GC3RFVT4
2025-04-13 20:40:22,270 - INFO - Ingress_Numpy_Converted GC3RFVT4
2025-04-13 20:40:22,272 - INFO - Ingress_Exit LTCDLJUK
2025-04-13 20:40:22,288 - INFO - Ingress_Exit RF6SJLBI
2025-04-13 20:40:22,591 - INFO - Ingress_Exit YMDSAWVJ
2025-04-13 20:40:22,697 - INFO - Ingress_Enter OYGP27TH
2025-04-13 20:40:22,720 - INFO - Ingress_Input_Decoded OYGP27TH
2025-04-13 20:40:22,723 - INFO - Ingress_Numpy_Converted OYGP27TH
2025-04-13 20:40:22,727 - INFO - Ingress_Enter W71ZQERQ
2025-04-13 20:40:22,739 - INFO - Ingress_Input_Decoded W71ZQERQ
2025-04-13 20:40:22,740 - INFO - Ingress_Numpy_Converted W71ZQERQ
2025-04-13 20:40:22,823 - INFO - Ingress_Enter EZ6479R4
2025-04-13 20:40:22,839 - INFO - Ingress_Input_Decoded EZ6479R4
2025-04-13 20:40:22,841 - INFO - Ingress_Numpy_Converted EZ6479R4
2025-04-13 20:40:22,906 - INFO - Ingress_Exit MLFFC1UL
2025-04-13 20:40:23,080 - INFO - Ingress_Enter BXBBNVOW
2025-04-13 20:40:23,093 - INFO - Ingress_Input_Decoded BXBBNVOW
2025-04-13 20:40:23,094 - INFO - Ingress_Numpy_Converted BXBBNVOW
2025-04-13 20:40:23,188 - INFO - Ingress_Enter VAIFZ7HX
2025-04-13 20:40:23,212 - INFO - Ingress_Input_Decoded VAIFZ7HX
2025-04-13 20:40:23,214 - INFO - Ingress_Numpy_Converted VAIFZ7HX
2025-04-13 20:40:23,271 - INFO - Ingress_Enter BOI9XQ0Y
2025-04-13 20:40:23,285 - INFO - Ingress_Input_Decoded BOI9XQ0Y
2025-04-13 20:40:23,287 - INFO - Ingress_Numpy_Converted BOI9XQ0Y
2025-04-13 20:40:23,313 - INFO - Ingress_Exit W71ZQERQ
2025-04-13 20:40:23,335 - INFO - Ingress_Enter MB69EEY6
2025-04-13 20:40:23,350 - INFO - Ingress_Input_Decoded MB69EEY6
2025-04-13 20:40:23,351 - INFO - Ingress_Numpy_Converted MB69EEY6
2025-04-13 20:40:23,369 - INFO - Ingress_Exit OYGP27TH
2025-04-13 20:40:23,372 - INFO - Ingress_Exit GC3RFVT4
2025-04-13 20:40:23,629 - INFO - Ingress_Enter N9YMHHHG
2025-04-13 20:40:23,641 - INFO - Ingress_Input_Decoded N9YMHHHG
2025-04-13 20:40:23,643 - INFO - Ingress_Numpy_Converted N9YMHHHG
2025-04-13 20:40:23,754 - INFO - Ingress_Exit EZ6479R4
2025-04-13 20:40:23,939 - INFO - Ingress_Enter MZI5O2GZ
2025-04-13 20:40:23,956 - INFO - Ingress_Input_Decoded MZI5O2GZ
2025-04-13 20:40:23,958 - INFO - Ingress_Numpy_Converted MZI5O2GZ
2025-04-13 20:40:23,972 - INFO - Ingress_Exit BXBBNVOW
2025-04-13 20:40:23,993 - INFO - Ingress_Exit MB69EEY6
2025-04-13 20:40:24,043 - INFO - Ingress_Enter BCDLZVE9
2025-04-13 20:40:24,044 - INFO - Ingress_Exit VAIFZ7HX
2025-04-13 20:40:24,063 - INFO - Ingress_Input_Decoded BCDLZVE9
2025-04-13 20:40:24,065 - INFO - Ingress_Numpy_Converted BCDLZVE9
2025-04-13 20:40:24,113 - INFO - Ingress_Exit N9YMHHHG
2025-04-13 20:40:24,122 - INFO - Ingress_Enter YL5VW0ZF
2025-04-13 20:40:24,136 - INFO - Ingress_Input_Decoded YL5VW0ZF
2025-04-13 20:40:24,137 - INFO - Ingress_Numpy_Converted YL5VW0ZF
2025-04-13 20:40:24,139 - INFO - Ingress_Enter 426VE60X
2025-04-13 20:40:24,156 - INFO - Ingress_Input_Decoded 426VE60X
2025-04-13 20:40:24,158 - INFO - Ingress_Numpy_Converted 426VE60X
2025-04-13 20:40:24,162 - INFO - Ingress_Exit BOI9XQ0Y
2025-04-13 20:40:24,393 - INFO - Ingress_Enter BV00J4LH
2025-04-13 20:40:24,413 - INFO - Ingress_Input_Decoded BV00J4LH
2025-04-13 20:40:24,415 - INFO - Ingress_Numpy_Converted BV00J4LH
2025-04-13 20:40:24,501 - INFO - Ingress_Enter EUYVT4GK
2025-04-13 20:40:24,533 - INFO - Ingress_Input_Decoded EUYVT4GK
2025-04-13 20:40:24,536 - INFO - Ingress_Numpy_Converted EUYVT4GK
2025-04-13 20:40:24,539 - INFO - Ingress_Enter 6FWJOSGK
2025-04-13 20:40:24,555 - INFO - Ingress_Input_Decoded 6FWJOSGK
2025-04-13 20:40:24,556 - INFO - Ingress_Numpy_Converted 6FWJOSGK
2025-04-13 20:40:24,557 - INFO - Ingress_Exit MZI5O2GZ
2025-04-13 20:40:24,634 - INFO - Ingress_Enter DDT9U9PK
2025-04-13 20:40:24,654 - INFO - Ingress_Input_Decoded DDT9U9PK
2025-04-13 20:40:24,657 - INFO - Ingress_Numpy_Converted DDT9U9PK
2025-04-13 20:40:24,659 - INFO - Ingress_Enter W9H21T54
2025-04-13 20:40:24,683 - INFO - Ingress_Input_Decoded W9H21T54
2025-04-13 20:40:24,685 - INFO - Ingress_Numpy_Converted W9H21T54
2025-04-13 20:40:24,726 - INFO - Ingress_Exit BCDLZVE9
2025-04-13 20:40:24,812 - INFO - Ingress_Exit YL5VW0ZF
2025-04-13 20:40:24,890 - INFO - Ingress_Exit BV00J4LH
2025-04-13 20:40:24,918 - INFO - Ingress_Exit 426VE60X
2025-04-13 20:40:25,191 - INFO - Ingress_Exit DDT9U9PK
2025-04-13 20:40:25,196 - INFO - Ingress_Exit 6FWJOSGK
2025-04-13 20:40:25,218 - INFO - Ingress_Exit EUYVT4GK
2025-04-13 20:40:25,369 - INFO - Ingress_Exit W9H21T54
2025-04-13 20:40:32,941 - INFO - Ingress_Enter 5I0VS7SV
2025-04-13 20:40:32,956 - INFO - Ingress_Input_Decoded 5I0VS7SV
2025-04-13 20:40:32,958 - INFO - Ingress_Numpy_Converted 5I0VS7SV
2025-04-13 20:40:32,960 - INFO - Ingress_Enter SYP850CW
2025-04-13 20:40:32,977 - INFO - Ingress_Input_Decoded SYP850CW
2025-04-13 20:40:32,979 - INFO - Ingress_Numpy_Converted SYP850CW
2025-04-13 20:40:33,650 - INFO - Ingress_Enter DN6XMKM8
2025-04-13 20:40:33,668 - INFO - Ingress_Input_Decoded DN6XMKM8
2025-04-13 20:40:33,670 - INFO - Ingress_Numpy_Converted DN6XMKM8
2025-04-13 20:40:33,749 - INFO - Ingress_Exit 5I0VS7SV
2025-04-13 20:40:33,770 - INFO - Ingress_Exit SYP850CW
2025-04-13 20:40:34,136 - INFO - Ingress_Enter QE4PCH8H
2025-04-13 20:40:34,166 - INFO - Ingress_Input_Decoded QE4PCH8H
2025-04-13 20:40:34,168 - INFO - Ingress_Numpy_Converted QE4PCH8H
2025-04-13 20:40:34,171 - INFO - Ingress_Enter XDJGD8E7
2025-04-13 20:40:34,187 - INFO - Ingress_Input_Decoded XDJGD8E7
2025-04-13 20:40:34,189 - INFO - Ingress_Numpy_Converted XDJGD8E7
2025-04-13 20:40:34,209 - INFO - Ingress_Enter 6QZWJPJE
2025-04-13 20:40:34,222 - INFO - Ingress_Input_Decoded 6QZWJPJE
2025-04-13 20:40:34,223 - INFO - Ingress_Numpy_Converted 6QZWJPJE
2025-04-13 20:40:34,301 - INFO - Ingress_Enter 3XUV8L8Q
2025-04-13 20:40:34,319 - INFO - Ingress_Input_Decoded 3XUV8L8Q
2025-04-13 20:40:34,321 - INFO - Ingress_Numpy_Converted 3XUV8L8Q
2025-04-13 20:40:34,415 - INFO - Ingress_Enter XZ9DTCFJ
2025-04-13 20:40:34,431 - INFO - Ingress_Input_Decoded XZ9DTCFJ
2025-04-13 20:40:34,433 - INFO - Ingress_Numpy_Converted XZ9DTCFJ
2025-04-13 20:40:34,449 - INFO - Ingress_Exit DN6XMKM8
2025-04-13 20:40:34,542 - INFO - Ingress_Exit QE4PCH8H
2025-04-13 20:40:34,562 - INFO - Ingress_Enter 7114TZMR
2025-04-13 20:40:34,576 - INFO - Ingress_Input_Decoded 7114TZMR
2025-04-13 20:40:34,578 - INFO - Ingress_Numpy_Converted 7114TZMR
2025-04-13 20:40:34,698 - INFO - Ingress_Enter XNU7X8DZ
2025-04-13 20:40:34,713 - INFO - Ingress_Input_Decoded XNU7X8DZ
2025-04-13 20:40:34,715 - INFO - Ingress_Numpy_Converted XNU7X8DZ
2025-04-13 20:40:34,845 - INFO - Ingress_Enter 3STUWY8X
2025-04-13 20:40:34,860 - INFO - Ingress_Input_Decoded 3STUWY8X
2025-04-13 20:40:34,861 - INFO - Ingress_Numpy_Converted 3STUWY8X
2025-04-13 20:40:34,863 - INFO - Ingress_Exit XZ9DTCFJ
2025-04-13 20:40:34,865 - INFO - Ingress_Enter C6YX4O2P
2025-04-13 20:40:34,867 - INFO - Ingress_Exit 3XUV8L8Q
2025-04-13 20:40:34,882 - INFO - Ingress_Input_Decoded C6YX4O2P
2025-04-13 20:40:34,884 - INFO - Ingress_Numpy_Converted C6YX4O2P
2025-04-13 20:40:34,941 - INFO - Ingress_Exit 6QZWJPJE
2025-04-13 20:40:35,101 - INFO - Ingress_Exit XDJGD8E7
2025-04-13 20:40:35,171 - INFO - Ingress_Enter 2AF2HTD5
2025-04-13 20:40:35,191 - INFO - Ingress_Input_Decoded 2AF2HTD5
2025-04-13 20:40:35,193 - INFO - Ingress_Numpy_Converted 2AF2HTD5
2025-04-13 20:40:35,217 - INFO - Ingress_Enter XUY0CZ62
2025-04-13 20:40:35,234 - INFO - Ingress_Input_Decoded XUY0CZ62
2025-04-13 20:40:35,236 - INFO - Ingress_Numpy_Converted XUY0CZ62
2025-04-13 20:40:35,239 - INFO - Ingress_Exit 7114TZMR
2025-04-13 20:40:35,346 - INFO - Ingress_Enter MA1KM2Z1
2025-04-13 20:40:35,362 - INFO - Ingress_Input_Decoded MA1KM2Z1
2025-04-13 20:40:35,364 - INFO - Ingress_Numpy_Converted MA1KM2Z1
2025-04-13 20:40:35,392 - INFO - Ingress_Enter 9WR8FXAM
2025-04-13 20:40:35,406 - INFO - Ingress_Input_Decoded 9WR8FXAM
2025-04-13 20:40:35,407 - INFO - Ingress_Numpy_Converted 9WR8FXAM
2025-04-13 20:40:35,505 - INFO - Ingress_Exit 3STUWY8X
2025-04-13 20:40:35,523 - INFO - Ingress_Exit C6YX4O2P
2025-04-13 20:40:35,556 - INFO - Ingress_Enter 1EZ8UHX3
2025-04-13 20:40:35,576 - INFO - Ingress_Input_Decoded 1EZ8UHX3
2025-04-13 20:40:35,578 - INFO - Ingress_Numpy_Converted 1EZ8UHX3
2025-04-13 20:40:35,581 - INFO - Ingress_Enter THYBUL2V
2025-04-13 20:40:35,597 - INFO - Ingress_Input_Decoded THYBUL2V
2025-04-13 20:40:35,599 - INFO - Ingress_Numpy_Converted THYBUL2V
2025-04-13 20:40:35,687 - INFO - Ingress_Exit XNU7X8DZ
2025-04-13 20:40:35,746 - INFO - Ingress_Enter 4PTUTLX9
2025-04-13 20:40:35,759 - INFO - Ingress_Input_Decoded 4PTUTLX9
2025-04-13 20:40:35,761 - INFO - Ingress_Numpy_Converted 4PTUTLX9
2025-04-13 20:40:35,835 - INFO - Ingress_Exit XUY0CZ62
2025-04-13 20:40:35,837 - INFO - Ingress_Exit 2AF2HTD5
2025-04-13 20:40:35,927 - INFO - Ingress_Exit 9WR8FXAM
2025-04-13 20:40:36,008 - INFO - Ingress_Exit MA1KM2Z1
2025-04-13 20:40:36,205 - INFO - Ingress_Exit THYBUL2V
2025-04-13 20:40:36,207 - INFO - Ingress_Enter CD7CGSDV
2025-04-13 20:40:36,227 - INFO - Ingress_Input_Decoded CD7CGSDV
2025-04-13 20:40:36,229 - INFO - Ingress_Numpy_Converted CD7CGSDV
2025-04-13 20:40:36,267 - INFO - Ingress_Enter 0H0NJ94U
2025-04-13 20:40:36,283 - INFO - Ingress_Input_Decoded 0H0NJ94U
2025-04-13 20:40:36,284 - INFO - Ingress_Numpy_Converted 0H0NJ94U
2025-04-13 20:40:36,299 - INFO - Ingress_Enter Z1A0OIHG
2025-04-13 20:40:36,314 - INFO - Ingress_Input_Decoded Z1A0OIHG
2025-04-13 20:40:36,316 - INFO - Ingress_Numpy_Converted Z1A0OIHG
2025-04-13 20:40:36,363 - INFO - Ingress_Exit 1EZ8UHX3
2025-04-13 20:40:36,545 - INFO - Ingress_Exit 4PTUTLX9
2025-04-13 20:40:36,733 - INFO - Ingress_Enter EQQXNJVO
2025-04-13 20:40:36,757 - INFO - Ingress_Input_Decoded EQQXNJVO
2025-04-13 20:40:36,760 - INFO - Ingress_Numpy_Converted EQQXNJVO
2025-04-13 20:40:36,937 - INFO - Ingress_Exit CD7CGSDV
2025-04-13 20:40:37,039 - INFO - Ingress_Exit Z1A0OIHG
2025-04-13 20:40:37,048 - INFO - Ingress_Enter 4OEBRMOA
2025-04-13 20:40:37,063 - INFO - Ingress_Input_Decoded 4OEBRMOA
2025-04-13 20:40:37,064 - INFO - Ingress_Numpy_Converted 4OEBRMOA
2025-04-13 20:40:37,096 - INFO - Ingress_Enter 68ZJO0O4
2025-04-13 20:40:37,108 - INFO - Ingress_Input_Decoded 68ZJO0O4
2025-04-13 20:40:37,110 - INFO - Ingress_Numpy_Converted 68ZJO0O4
2025-04-13 20:40:37,117 - INFO - Ingress_Enter 4SNHN6M3
2025-04-13 20:40:37,133 - INFO - Ingress_Input_Decoded 4SNHN6M3
2025-04-13 20:40:37,134 - INFO - Ingress_Numpy_Converted 4SNHN6M3
2025-04-13 20:40:37,323 - INFO - Ingress_Enter WJJBHHZV
2025-04-13 20:40:37,340 - INFO - Ingress_Input_Decoded WJJBHHZV
2025-04-13 20:40:37,342 - INFO - Ingress_Numpy_Converted WJJBHHZV
2025-04-13 20:40:37,344 - INFO - Ingress_Exit 0H0NJ94U
2025-04-13 20:40:37,416 - INFO - Ingress_Exit EQQXNJVO
2025-04-13 20:40:37,444 - INFO - Ingress_Enter AYB7LKS6
2025-04-13 20:40:37,455 - INFO - Ingress_Input_Decoded AYB7LKS6
2025-04-13 20:40:37,456 - INFO - Ingress_Numpy_Converted AYB7LKS6
2025-04-13 20:40:37,503 - INFO - Ingress_Enter 4I6ZY0AP
2025-04-13 20:40:37,520 - INFO - Ingress_Input_Decoded 4I6ZY0AP
2025-04-13 20:40:37,521 - INFO - Ingress_Numpy_Converted 4I6ZY0AP
2025-04-13 20:40:37,544 - INFO - Ingress_Enter 14JMW6VX
2025-04-13 20:40:37,556 - INFO - Ingress_Input_Decoded 14JMW6VX
2025-04-13 20:40:37,557 - INFO - Ingress_Numpy_Converted 14JMW6VX
2025-04-13 20:40:37,628 - INFO - Ingress_Exit 68ZJO0O4
2025-04-13 20:40:37,657 - INFO - Ingress_Enter BWTXCN3S
2025-04-13 20:40:37,676 - INFO - Ingress_Input_Decoded BWTXCN3S
2025-04-13 20:40:37,678 - INFO - Ingress_Numpy_Converted BWTXCN3S
2025-04-13 20:40:37,683 - INFO - Ingress_Enter SEFGVMZ1
2025-04-13 20:40:37,701 - INFO - Ingress_Input_Decoded SEFGVMZ1
2025-04-13 20:40:37,702 - INFO - Ingress_Numpy_Converted SEFGVMZ1
2025-04-13 20:40:37,837 - INFO - Ingress_Exit WJJBHHZV
2025-04-13 20:40:37,888 - INFO - Ingress_Exit 4OEBRMOA
2025-04-13 20:40:38,079 - INFO - Ingress_Exit 4SNHN6M3
2025-04-13 20:40:38,277 - INFO - Ingress_Exit 14JMW6VX
2025-04-13 20:40:38,339 - INFO - Ingress_Exit BWTXCN3S
2025-04-13 20:40:38,385 - INFO - Ingress_Exit SEFGVMZ1
2025-04-13 20:40:38,412 - INFO - Ingress_Exit 4I6ZY0AP
2025-04-13 20:40:38,456 - INFO - Ingress_Exit AYB7LKS6
2025-04-13 20:40:47,999 - INFO - Ingress_Enter DT8QAHMN
2025-04-13 20:40:48,020 - INFO - Ingress_Input_Decoded DT8QAHMN
2025-04-13 20:40:48,022 - INFO - Ingress_Numpy_Converted DT8QAHMN
2025-04-13 20:40:48,208 - INFO - Ingress_Enter 0GOFM3CR
2025-04-13 20:40:48,228 - INFO - Ingress_Input_Decoded 0GOFM3CR
2025-04-13 20:40:48,230 - INFO - Ingress_Numpy_Converted 0GOFM3CR
2025-04-13 20:40:48,261 - INFO - Ingress_Enter 2USOMF87
2025-04-13 20:40:48,282 - INFO - Ingress_Input_Decoded 2USOMF87
2025-04-13 20:40:48,284 - INFO - Ingress_Numpy_Converted 2USOMF87
2025-04-13 20:40:48,385 - INFO - Ingress_Enter GZ6FOZ5Z
2025-04-13 20:40:48,398 - INFO - Ingress_Input_Decoded GZ6FOZ5Z
2025-04-13 20:40:48,399 - INFO - Ingress_Numpy_Converted GZ6FOZ5Z
2025-04-13 20:40:48,457 - INFO - Ingress_Enter VWXZ51CN
2025-04-13 20:40:48,475 - INFO - Ingress_Input_Decoded VWXZ51CN
2025-04-13 20:40:48,476 - INFO - Ingress_Numpy_Converted VWXZ51CN
2025-04-13 20:40:48,797 - INFO - Ingress_Exit DT8QAHMN
2025-04-13 20:40:49,058 - INFO - Ingress_Exit 2USOMF87
2025-04-13 20:40:49,178 - INFO - Ingress_Exit GZ6FOZ5Z
2025-04-13 20:40:49,528 - INFO - Ingress_Exit 0GOFM3CR
2025-04-13 20:40:49,543 - INFO - Ingress_Exit VWXZ51CN
2025-04-13 20:40:50,198 - INFO - Ingress_Enter 4TQ8G8GF
2025-04-13 20:40:50,216 - INFO - Ingress_Input_Decoded 4TQ8G8GF
2025-04-13 20:40:50,217 - INFO - Ingress_Numpy_Converted 4TQ8G8GF
2025-04-13 20:40:50,342 - INFO - Ingress_Enter MBRSJ18G
2025-04-13 20:40:50,398 - INFO - Ingress_Input_Decoded MBRSJ18G
2025-04-13 20:40:50,403 - INFO - Ingress_Numpy_Converted MBRSJ18G
2025-04-13 20:40:50,497 - INFO - Ingress_Enter HORBMX7J
2025-04-13 20:40:50,518 - INFO - Ingress_Input_Decoded HORBMX7J
2025-04-13 20:40:50,520 - INFO - Ingress_Numpy_Converted HORBMX7J
2025-04-13 20:40:50,643 - INFO - Ingress_Enter FV94P2IU
2025-04-13 20:40:50,660 - INFO - Ingress_Input_Decoded FV94P2IU
2025-04-13 20:40:50,661 - INFO - Ingress_Numpy_Converted FV94P2IU
2025-04-13 20:40:50,704 - INFO - Ingress_Exit 4TQ8G8GF
2025-04-13 20:40:51,054 - INFO - Ingress_Enter RLNOOEDR
2025-04-13 20:40:51,077 - INFO - Ingress_Input_Decoded RLNOOEDR
2025-04-13 20:40:51,079 - INFO - Ingress_Numpy_Converted RLNOOEDR
2025-04-13 20:40:51,080 - INFO - Ingress_Exit MBRSJ18G
2025-04-13 20:40:51,089 - INFO - Ingress_Enter PZQ18NBR
2025-04-13 20:40:51,105 - INFO - Ingress_Input_Decoded PZQ18NBR
2025-04-13 20:40:51,107 - INFO - Ingress_Numpy_Converted PZQ18NBR
2025-04-13 20:40:51,168 - INFO - Ingress_Exit HORBMX7J
2025-04-13 20:40:51,213 - INFO - Ingress_Enter DGQVDFKQ
2025-04-13 20:40:51,240 - INFO - Ingress_Input_Decoded DGQVDFKQ
2025-04-13 20:40:51,242 - INFO - Ingress_Numpy_Converted DGQVDFKQ
2025-04-13 20:40:51,297 - INFO - Ingress_Enter 6RBJPMNZ
2025-04-13 20:40:51,313 - INFO - Ingress_Input_Decoded 6RBJPMNZ
2025-04-13 20:40:51,314 - INFO - Ingress_Numpy_Converted 6RBJPMNZ
2025-04-13 20:40:51,501 - INFO - Ingress_Exit FV94P2IU
2025-04-13 20:40:51,818 - INFO - Ingress_Exit PZQ18NBR
2025-04-13 20:40:51,858 - INFO - Ingress_Exit RLNOOEDR
2025-04-13 20:40:51,981 - INFO - Ingress_Exit 6RBJPMNZ
2025-04-13 20:40:52,041 - INFO - Ingress_Exit DGQVDFKQ
2025-04-13 20:40:53,311 - INFO - Ingress_Enter WNDUEIRU
2025-04-13 20:40:53,326 - INFO - Ingress_Input_Decoded WNDUEIRU
2025-04-13 20:40:53,327 - INFO - Ingress_Numpy_Converted WNDUEIRU
2025-04-13 20:40:53,524 - INFO - Ingress_Enter A8H16KY2
2025-04-13 20:40:53,548 - INFO - Ingress_Input_Decoded A8H16KY2
2025-04-13 20:40:53,550 - INFO - Ingress_Numpy_Converted A8H16KY2
2025-04-13 20:40:53,560 - INFO - Ingress_Enter 4ND2VIJL
2025-04-13 20:40:53,574 - INFO - Ingress_Input_Decoded 4ND2VIJL
2025-04-13 20:40:53,576 - INFO - Ingress_Numpy_Converted 4ND2VIJL
2025-04-13 20:40:53,764 - INFO - Ingress_Enter 6I7FWWUB
2025-04-13 20:40:53,782 - INFO - Ingress_Input_Decoded 6I7FWWUB
2025-04-13 20:40:53,783 - INFO - Ingress_Numpy_Converted 6I7FWWUB
2025-04-13 20:40:53,871 - INFO - Ingress_Enter 6F6WX0R9
2025-04-13 20:40:53,885 - INFO - Ingress_Input_Decoded 6F6WX0R9
2025-04-13 20:40:53,886 - INFO - Ingress_Numpy_Converted 6F6WX0R9
2025-04-13 20:40:53,980 - INFO - Ingress_Exit WNDUEIRU
2025-04-13 20:40:54,082 - INFO - Ingress_Enter IN8EIC9Z
2025-04-13 20:40:54,102 - INFO - Ingress_Input_Decoded IN8EIC9Z
2025-04-13 20:40:54,104 - INFO - Ingress_Numpy_Converted IN8EIC9Z
2025-04-13 20:40:54,183 - INFO - Ingress_Enter WCFH1C1L
2025-04-13 20:40:54,202 - INFO - Ingress_Input_Decoded WCFH1C1L
2025-04-13 20:40:54,204 - INFO - Ingress_Numpy_Converted WCFH1C1L
2025-04-13 20:40:54,325 - INFO - Ingress_Exit 4ND2VIJL
2025-04-13 20:40:54,423 - INFO - Ingress_Exit A8H16KY2
2025-04-13 20:40:54,446 - INFO - Ingress_Exit 6I7FWWUB
2025-04-13 20:40:54,565 - INFO - Ingress_Exit 6F6WX0R9
2025-04-13 20:40:55,117 - INFO - Ingress_Exit IN8EIC9Z
2025-04-13 20:40:55,383 - INFO - Ingress_Exit WCFH1C1L
2025-04-13 20:40:58,566 - INFO - Ingress_Enter JDPEW45H
2025-04-13 20:40:58,582 - INFO - Ingress_Input_Decoded JDPEW45H
2025-04-13 20:40:58,583 - INFO - Ingress_Numpy_Converted JDPEW45H
2025-04-13 20:40:58,585 - INFO - Ingress_Enter LX283UR1
2025-04-13 20:40:58,601 - INFO - Ingress_Input_Decoded LX283UR1
2025-04-13 20:40:58,603 - INFO - Ingress_Numpy_Converted LX283UR1
2025-04-13 20:40:58,621 - INFO - Ingress_Enter 36Z4N87A
2025-04-13 20:40:58,637 - INFO - Ingress_Input_Decoded 36Z4N87A
2025-04-13 20:40:58,639 - INFO - Ingress_Numpy_Converted 36Z4N87A
2025-04-13 20:40:58,671 - INFO - Ingress_Enter O15K55K2
2025-04-13 20:40:58,688 - INFO - Ingress_Input_Decoded O15K55K2
2025-04-13 20:40:58,690 - INFO - Ingress_Numpy_Converted O15K55K2
2025-04-13 20:40:58,773 - INFO - Ingress_Enter QGQA769I
2025-04-13 20:40:58,791 - INFO - Ingress_Input_Decoded QGQA769I
2025-04-13 20:40:58,793 - INFO - Ingress_Numpy_Converted QGQA769I
2025-04-13 20:40:59,025 - INFO - Ingress_Enter RQZ3F6AR
2025-04-13 20:40:59,039 - INFO - Ingress_Input_Decoded RQZ3F6AR
2025-04-13 20:40:59,041 - INFO - Ingress_Numpy_Converted RQZ3F6AR
2025-04-13 20:40:59,046 - INFO - Ingress_Enter DFQP0PVU
2025-04-13 20:40:59,070 - INFO - Ingress_Input_Decoded DFQP0PVU
2025-04-13 20:40:59,072 - INFO - Ingress_Numpy_Converted DFQP0PVU
2025-04-13 20:40:59,136 - INFO - Ingress_Exit JDPEW45H
2025-04-13 20:40:59,167 - INFO - Ingress_Exit LX283UR1
2025-04-13 20:40:59,351 - INFO - Ingress_Exit 36Z4N87A
2025-04-13 20:40:59,436 - INFO - Ingress_Exit O15K55K2
2025-04-13 20:40:59,864 - INFO - Ingress_Exit QGQA769I
2025-04-13 20:40:59,937 - INFO - Ingress_Exit RQZ3F6AR
2025-04-13 20:41:00,054 - INFO - Ingress_Exit DFQP0PVU
2025-04-13 20:41:02,207 - INFO - Ingress_Enter 0Q6KJIDW
2025-04-13 20:41:02,222 - INFO - Ingress_Input_Decoded 0Q6KJIDW
2025-04-13 20:41:02,223 - INFO - Ingress_Numpy_Converted 0Q6KJIDW
2025-04-13 20:41:02,307 - INFO - Ingress_Enter AXY3UUJI
2025-04-13 20:41:02,322 - INFO - Ingress_Input_Decoded AXY3UUJI
2025-04-13 20:41:02,324 - INFO - Ingress_Numpy_Converted AXY3UUJI
2025-04-13 20:41:02,688 - INFO - Ingress_Exit 0Q6KJIDW
2025-04-13 20:41:02,766 - INFO - Ingress_Exit AXY3UUJI
2025-04-13 20:41:02,769 - INFO - Ingress_Enter Q5AVJ7Z1
2025-04-13 20:41:02,790 - INFO - Ingress_Input_Decoded Q5AVJ7Z1
2025-04-13 20:41:02,792 - INFO - Ingress_Numpy_Converted Q5AVJ7Z1
2025-04-13 20:41:03,158 - INFO - Ingress_Enter 6EN8QLB9
2025-04-13 20:41:03,173 - INFO - Ingress_Input_Decoded 6EN8QLB9
2025-04-13 20:41:03,174 - INFO - Ingress_Numpy_Converted 6EN8QLB9
2025-04-13 20:41:03,258 - INFO - Ingress_Enter A4Q6J9WY
2025-04-13 20:41:03,272 - INFO - Ingress_Input_Decoded A4Q6J9WY
2025-04-13 20:41:03,273 - INFO - Ingress_Numpy_Converted A4Q6J9WY
2025-04-13 20:41:03,338 - INFO - Ingress_Exit Q5AVJ7Z1
2025-04-13 20:41:03,512 - INFO - Ingress_Exit 6EN8QLB9
2025-04-13 20:41:03,605 - INFO - Ingress_Enter 7JOZLEJO
2025-04-13 20:41:03,628 - INFO - Ingress_Input_Decoded 7JOZLEJO
2025-04-13 20:41:03,631 - INFO - Ingress_Numpy_Converted 7JOZLEJO
2025-04-13 20:41:03,747 - INFO - Ingress_Enter 2X91J1YV
2025-04-13 20:41:03,766 - INFO - Ingress_Input_Decoded 2X91J1YV
2025-04-13 20:41:03,768 - INFO - Ingress_Numpy_Converted 2X91J1YV
2025-04-13 20:41:03,953 - INFO - Ingress_Exit A4Q6J9WY
2025-04-13 20:41:04,197 - INFO - Ingress_Exit 7JOZLEJO
2025-04-13 20:41:04,443 - INFO - Ingress_Exit 2X91J1YV
2025-04-13 20:41:04,552 - INFO - Ingress_Enter RDY72EXA
2025-04-13 20:41:04,566 - INFO - Ingress_Input_Decoded RDY72EXA
2025-04-13 20:41:04,568 - INFO - Ingress_Numpy_Converted RDY72EXA
2025-04-13 20:41:05,035 - INFO - Ingress_Enter MNIRLAXH
2025-04-13 20:41:05,053 - INFO - Ingress_Input_Decoded MNIRLAXH
2025-04-13 20:41:05,055 - INFO - Ingress_Numpy_Converted MNIRLAXH
2025-04-13 20:41:05,153 - INFO - Ingress_Exit RDY72EXA
2025-04-13 20:41:05,186 - INFO - Ingress_Enter VPRH45YH
2025-04-13 20:41:05,204 - INFO - Ingress_Input_Decoded VPRH45YH
2025-04-13 20:41:05,206 - INFO - Ingress_Numpy_Converted VPRH45YH
2025-04-13 20:41:05,242 - INFO - Ingress_Enter DPQ7E314
2025-04-13 20:41:05,256 - INFO - Ingress_Input_Decoded DPQ7E314
2025-04-13 20:41:05,257 - INFO - Ingress_Numpy_Converted DPQ7E314
2025-04-13 20:41:05,297 - INFO - Ingress_Enter PWS21NYN
2025-04-13 20:41:05,322 - INFO - Ingress_Input_Decoded PWS21NYN
2025-04-13 20:41:05,324 - INFO - Ingress_Numpy_Converted PWS21NYN
2025-04-13 20:41:05,560 - INFO - Ingress_Exit MNIRLAXH
2025-04-13 20:41:05,689 - INFO - Ingress_Exit VPRH45YH
2025-04-13 20:41:05,809 - INFO - Ingress_Exit DPQ7E314
2025-04-13 20:41:05,967 - INFO - Ingress_Enter L7SJ8TFR
2025-04-13 20:41:05,986 - INFO - Ingress_Input_Decoded L7SJ8TFR
2025-04-13 20:41:05,988 - INFO - Ingress_Numpy_Converted L7SJ8TFR
2025-04-13 20:41:06,353 - INFO - Ingress_Enter 0HGHU9IH
2025-04-13 20:41:06,369 - INFO - Ingress_Input_Decoded 0HGHU9IH
2025-04-13 20:41:06,371 - INFO - Ingress_Numpy_Converted 0HGHU9IH
2025-04-13 20:41:06,374 - INFO - Ingress_Enter 2HP5389X
2025-04-13 20:41:06,392 - INFO - Ingress_Input_Decoded 2HP5389X
2025-04-13 20:41:06,393 - INFO - Ingress_Numpy_Converted 2HP5389X
2025-04-13 20:41:06,398 - INFO - Ingress_Enter 21FT903Y
2025-04-13 20:41:06,414 - INFO - Ingress_Input_Decoded 21FT903Y
2025-04-13 20:41:06,415 - INFO - Ingress_Numpy_Converted 21FT903Y
2025-04-13 20:41:06,507 - INFO - Ingress_Exit PWS21NYN
2025-04-13 20:41:06,949 - INFO - Ingress_Enter RVU1VYS3
2025-04-13 20:41:06,964 - INFO - Ingress_Input_Decoded RVU1VYS3
2025-04-13 20:41:06,966 - INFO - Ingress_Numpy_Converted RVU1VYS3
2025-04-13 20:41:06,967 - INFO - Ingress_Exit 21FT903Y
2025-04-13 20:41:07,060 - INFO - Ingress_Exit L7SJ8TFR
2025-04-13 20:41:07,091 - INFO - Ingress_Exit 2HP5389X
2025-04-13 20:41:07,164 - INFO - Ingress_Exit 0HGHU9IH
2025-04-13 20:41:07,299 - INFO - Ingress_Enter UATGJ2RK
2025-04-13 20:41:07,322 - INFO - Ingress_Input_Decoded UATGJ2RK
2025-04-13 20:41:07,324 - INFO - Ingress_Numpy_Converted UATGJ2RK
2025-04-13 20:41:07,437 - INFO - Ingress_Enter IU8JVJOM
2025-04-13 20:41:07,453 - INFO - Ingress_Input_Decoded IU8JVJOM
2025-04-13 20:41:07,455 - INFO - Ingress_Numpy_Converted IU8JVJOM
2025-04-13 20:41:07,471 - INFO - Ingress_Exit RVU1VYS3
2025-04-13 20:41:07,585 - INFO - Ingress_Enter H4X7YLUS
2025-04-13 20:41:07,597 - INFO - Ingress_Input_Decoded H4X7YLUS
2025-04-13 20:41:07,599 - INFO - Ingress_Numpy_Converted H4X7YLUS
2025-04-13 20:41:07,785 - INFO - Ingress_Exit UATGJ2RK
2025-04-13 20:41:07,790 - INFO - Ingress_Enter TMYNYV9N
2025-04-13 20:41:07,818 - INFO - Ingress_Input_Decoded TMYNYV9N
2025-04-13 20:41:07,821 - INFO - Ingress_Numpy_Converted TMYNYV9N
2025-04-13 20:41:07,971 - INFO - Ingress_Enter T5ORZXL2
2025-04-13 20:41:07,987 - INFO - Ingress_Input_Decoded T5ORZXL2
2025-04-13 20:41:07,989 - INFO - Ingress_Numpy_Converted T5ORZXL2
2025-04-13 20:41:08,036 - INFO - Ingress_Enter BE5WHLKT
2025-04-13 20:41:08,061 - INFO - Ingress_Input_Decoded BE5WHLKT
2025-04-13 20:41:08,064 - INFO - Ingress_Numpy_Converted BE5WHLKT
2025-04-13 20:41:08,124 - INFO - Ingress_Enter 2IW2URDF
2025-04-13 20:41:08,142 - INFO - Ingress_Input_Decoded 2IW2URDF
2025-04-13 20:41:08,144 - INFO - Ingress_Numpy_Converted 2IW2URDF
2025-04-13 20:41:08,276 - INFO - Ingress_Exit IU8JVJOM
2025-04-13 20:41:08,330 - INFO - Ingress_Exit T5ORZXL2
2025-04-13 20:41:08,337 - INFO - Ingress_Exit H4X7YLUS
2025-04-13 20:41:08,364 - INFO - Ingress_Exit TMYNYV9N
2025-04-13 20:41:08,595 - INFO - Ingress_Exit BE5WHLKT
2025-04-13 20:41:08,726 - INFO - Ingress_Exit 2IW2URDF
