2025-04-01 02:39:04,301 - INFO - Ingress_Enter FFXMNBFA
2025-04-01 02:39:04,363 - INFO - Ingress_Enter VVDYJ725
2025-04-01 02:39:05,063 - INFO - Ingress_Exit VVDYJ725
2025-04-01 02:39:05,215 - INFO - Ingress_Exit FFXMNBFA
2025-04-01 02:39:05,748 - INFO - Ingress_Enter BHA9906E
2025-04-01 02:39:05,883 - INFO - Ingress_Exit BHA9906E
2025-04-01 02:39:05,903 - INFO - Ingress_Enter 640MXQTH
2025-04-01 02:39:06,010 - INFO - Ingress_Exit 640MXQTH
2025-04-01 02:39:06,127 - INFO - Ingress_Enter GB9H1NJC
2025-04-01 02:39:06,236 - INFO - Ingress_Exit GB9H1NJC
2025-04-01 02:39:06,333 - INFO - Ingress_Enter 714FYQIA
2025-04-01 02:39:06,448 - INFO - Ingress_Exit 714FYQIA
2025-04-01 02:39:07,266 - INFO - Ingress_Enter 5K7SXVVF
2025-04-01 02:39:07,282 - INFO - Ingress_Enter 5Y64QQ1L
2025-04-01 02:39:07,299 - INFO - Ingress_Enter FTUMB6L0
2025-04-01 02:39:07,410 - INFO - Ingress_Exit 5K7SXVVF
2025-04-01 02:39:07,412 - INFO - Ingress_Exit 5Y64QQ1L
2025-04-01 02:39:07,423 - INFO - Ingress_Exit FTUMB6L0
2025-04-01 02:39:15,891 - INFO - Ingress_Enter 688YX6EI
2025-04-01 02:39:16,025 - INFO - Ingress_Exit 688YX6EI
2025-04-01 02:39:16,287 - INFO - Ingress_Enter SLQMEYCA
2025-04-01 02:39:16,385 - INFO - Ingress_Exit SLQMEYCA
2025-04-01 02:39:16,613 - INFO - Ingress_Enter VJG5R6KW
2025-04-01 02:39:16,682 - INFO - Ingress_Enter 5N3AAGU0
2025-04-01 02:39:16,705 - INFO - Ingress_Exit VJG5R6KW
2025-04-01 02:39:16,803 - INFO - Ingress_Exit 5N3AAGU0
2025-04-01 02:39:17,958 - INFO - Ingress_Enter EBTZ2IMN
2025-04-01 02:39:18,061 - INFO - Ingress_Exit EBTZ2IMN
2025-04-01 02:39:18,770 - INFO - Ingress_Enter 8IXJVK7L
2025-04-01 02:39:19,218 - INFO - Ingress_Exit 8IXJVK7L
2025-04-01 02:39:19,682 - INFO - Ingress_Enter 8VVROCV6
2025-04-01 02:39:19,785 - INFO - Ingress_Exit 8VVROCV6
2025-04-01 02:39:19,940 - INFO - Ingress_Enter 4GLULLMW
2025-04-01 02:39:20,010 - INFO - Ingress_Enter 4ND8EV59
2025-04-01 02:39:20,081 - INFO - Ingress_Exit 4GLULLMW
2025-04-01 02:39:20,144 - INFO - Ingress_Exit 4ND8EV59
2025-04-01 02:39:20,698 - INFO - Ingress_Enter 25QWARV6
2025-04-01 02:39:20,818 - INFO - Ingress_Exit 25QWARV6
2025-04-01 02:39:21,765 - INFO - Ingress_Enter 5FZ1YFOU
2025-04-01 02:39:21,783 - INFO - Ingress_Enter 7NI6OZN9
2025-04-01 02:39:21,880 - INFO - Ingress_Exit 5FZ1YFOU
2025-04-01 02:39:21,883 - INFO - Ingress_Exit 7NI6OZN9
2025-04-01 02:39:22,382 - INFO - Ingress_Enter JKWPTZOX
2025-04-01 02:39:22,492 - INFO - Ingress_Exit JKWPTZOX
2025-04-01 02:39:22,503 - INFO - Ingress_Enter MFJPEBBZ
2025-04-01 02:39:22,602 - INFO - Ingress_Exit MFJPEBBZ
2025-04-01 02:39:22,678 - INFO - Ingress_Enter NBESFSRG
2025-04-01 02:39:22,779 - INFO - Ingress_Exit NBESFSRG
2025-04-01 02:39:22,918 - INFO - Ingress_Enter 09RL9Q9R
2025-04-01 02:39:23,023 - INFO - Ingress_Exit 09RL9Q9R
2025-04-01 02:39:23,058 - INFO - Ingress_Enter QC96MOG4
2025-04-01 02:39:23,144 - INFO - Ingress_Enter DGU5YEE2
2025-04-01 02:39:23,153 - INFO - Ingress_Exit QC96MOG4
2025-04-01 02:39:23,234 - INFO - Ingress_Exit DGU5YEE2
2025-04-01 02:39:23,986 - INFO - Ingress_Enter S126NLO7
2025-04-01 02:39:24,071 - INFO - Ingress_Enter LKRG9WEB
2025-04-01 02:39:24,131 - INFO - Ingress_Exit S126NLO7
2025-04-01 02:39:24,157 - INFO - Ingress_Enter 0OOXHS1V
2025-04-01 02:39:24,212 - INFO - Ingress_Exit LKRG9WEB
2025-04-01 02:39:24,259 - INFO - Ingress_Exit 0OOXHS1V
2025-04-01 02:39:24,363 - INFO - Ingress_Enter 362D5ER8
2025-04-01 02:39:24,414 - INFO - Ingress_Enter 1EJNE6XW
2025-04-01 02:39:24,474 - INFO - Ingress_Exit 362D5ER8
2025-04-01 02:39:24,524 - INFO - Ingress_Exit 1EJNE6XW
2025-04-01 02:39:26,690 - INFO - Ingress_Enter MWE89KY9
2025-04-01 02:39:26,741 - INFO - Ingress_Enter ODDGLLT5
2025-04-01 02:39:26,784 - INFO - Ingress_Exit MWE89KY9
2025-04-01 02:39:26,861 - INFO - Ingress_Enter UJE1Y6HE
2025-04-01 02:39:26,863 - INFO - Ingress_Exit ODDGLLT5
2025-04-01 02:39:26,946 - INFO - Ingress_Enter YQVBB6WA
2025-04-01 02:39:26,957 - INFO - Ingress_Exit UJE1Y6HE
2025-04-01 02:39:27,057 - INFO - Ingress_Exit YQVBB6WA
2025-04-01 02:39:27,621 - INFO - Ingress_Enter K0JKB8FX
2025-04-01 02:39:27,722 - INFO - Ingress_Exit K0JKB8FX
2025-04-01 02:39:27,945 - INFO - Ingress_Enter 6JOITWYJ
2025-04-01 02:39:28,041 - INFO - Ingress_Exit 6JOITWYJ
2025-04-01 02:39:28,184 - INFO - Ingress_Enter ZL2QUQT8
2025-04-01 02:39:28,354 - INFO - Ingress_Exit ZL2QUQT8
2025-04-01 02:39:28,458 - INFO - Ingress_Enter JZNSOBZ3
2025-04-01 02:39:28,560 - INFO - Ingress_Exit JZNSOBZ3
2025-04-01 02:39:28,751 - INFO - Ingress_Enter 6W6NWHB1
2025-04-01 02:39:28,895 - INFO - Ingress_Exit 6W6NWHB1
2025-04-01 02:39:29,218 - INFO - Ingress_Enter 0NMN63XV
2025-04-01 02:39:29,396 - INFO - Ingress_Exit 0NMN63XV
2025-04-01 02:39:29,410 - INFO - Ingress_Enter 1M7152ID
2025-04-01 02:39:29,503 - INFO - Ingress_Exit 1M7152ID
2025-04-01 02:39:29,651 - INFO - Ingress_Enter OTRS11DV
2025-04-01 02:39:29,776 - INFO - Ingress_Exit OTRS11DV
2025-04-01 02:39:30,730 - INFO - Ingress_Enter C7QU189Q
2025-04-01 02:39:30,858 - INFO - Ingress_Exit C7QU189Q
2025-04-01 02:39:31,193 - INFO - Ingress_Enter O49J9YLW
2025-04-01 02:39:31,306 - INFO - Ingress_Exit O49J9YLW
2025-04-01 02:39:31,432 - INFO - Ingress_Enter WG6LY94Y
2025-04-01 02:39:31,466 - INFO - Ingress_Enter JP3BLGZZ
2025-04-01 02:39:31,544 - INFO - Ingress_Exit WG6LY94Y
2025-04-01 02:39:31,558 - INFO - Ingress_Exit JP3BLGZZ
2025-04-01 02:39:34,354 - INFO - Ingress_Enter IP413IS5
2025-04-01 02:39:34,486 - INFO - Ingress_Exit IP413IS5
2025-04-01 02:39:34,664 - INFO - Ingress_Enter E41CLRRY
2025-04-01 02:39:34,758 - INFO - Ingress_Exit E41CLRRY
2025-04-01 02:39:34,921 - INFO - Ingress_Enter BRSNHAH5
2025-04-01 02:39:35,026 - INFO - Ingress_Exit BRSNHAH5
2025-04-01 02:39:35,574 - INFO - Ingress_Enter YP2ZZ41P
2025-04-01 02:39:35,665 - INFO - Ingress_Exit YP2ZZ41P
2025-04-01 02:39:35,831 - INFO - Ingress_Enter 763Y61K3
2025-04-01 02:39:35,929 - INFO - Ingress_Exit 763Y61K3
2025-04-01 02:39:36,070 - INFO - Ingress_Enter PEAM5DY4
2025-04-01 02:39:36,184 - INFO - Ingress_Exit PEAM5DY4
2025-04-01 02:39:36,225 - INFO - Ingress_Enter CB81I2ZC
2025-04-01 02:39:36,326 - INFO - Ingress_Exit CB81I2ZC
2025-04-01 02:39:37,479 - INFO - Ingress_Enter TWQ44DVQ
2025-04-01 02:39:37,577 - INFO - Ingress_Exit TWQ44DVQ
2025-04-01 02:39:37,684 - INFO - Ingress_Enter K81JOHLU
2025-04-01 02:39:37,734 - INFO - Ingress_Enter BD98QN4C
2025-04-01 02:39:37,778 - INFO - Ingress_Exit K81JOHLU
2025-04-01 02:39:37,846 - INFO - Ingress_Exit BD98QN4C
2025-04-01 02:39:43,400 - INFO - Ingress_Enter BIQDFJ4H
2025-04-01 02:39:43,507 - INFO - Ingress_Exit BIQDFJ4H
2025-04-01 02:39:43,673 - INFO - Ingress_Enter 40ZJ4F40
2025-04-01 02:39:43,768 - INFO - Ingress_Exit 40ZJ4F40
2025-04-01 02:39:43,811 - INFO - Ingress_Enter Q7YEECPQ
2025-04-01 02:39:43,914 - INFO - Ingress_Exit Q7YEECPQ
2025-04-01 02:39:44,711 - INFO - Ingress_Enter ZBCI8EGY
2025-04-01 02:39:44,804 - INFO - Ingress_Exit ZBCI8EGY
2025-04-01 02:39:44,865 - INFO - Ingress_Enter WNBLATU7
2025-04-01 02:39:44,917 - INFO - Ingress_Enter T9FB31VW
2025-04-01 02:39:44,966 - INFO - Ingress_Exit WNBLATU7
2025-04-01 02:39:45,031 - INFO - Ingress_Exit T9FB31VW
2025-04-01 02:39:45,098 - INFO - Ingress_Enter M9TZOITH
2025-04-01 02:39:45,157 - INFO - Ingress_Enter CYQP97YT
2025-04-01 02:39:45,222 - INFO - Ingress_Exit M9TZOITH
2025-04-01 02:39:45,291 - INFO - Ingress_Exit CYQP97YT
2025-04-01 02:39:46,326 - INFO - Ingress_Enter P3HD34C1
2025-04-01 02:39:46,342 - INFO - Ingress_Enter ZL2XJIF9
2025-04-01 02:39:46,446 - INFO - Ingress_Exit P3HD34C1
2025-04-01 02:39:46,447 - INFO - Ingress_Exit ZL2XJIF9
2025-04-01 02:39:47,645 - INFO - Ingress_Enter MDS9R7MJ
2025-04-01 02:39:47,748 - INFO - Ingress_Exit MDS9R7MJ
2025-04-01 02:39:47,936 - INFO - Ingress_Enter 00H4GGYI
2025-04-01 02:39:48,028 - INFO - Ingress_Exit 00H4GGYI
2025-04-01 02:39:48,297 - INFO - Ingress_Enter 8Z4AYW3Q
2025-04-01 02:39:48,390 - INFO - Ingress_Exit 8Z4AYW3Q
2025-04-01 02:39:49,003 - INFO - Ingress_Enter N8L1EZ0N
2025-04-01 02:39:49,020 - INFO - Ingress_Enter GD5C61ON
2025-04-01 02:39:49,113 - INFO - Ingress_Exit N8L1EZ0N
2025-04-01 02:39:49,116 - INFO - Ingress_Exit GD5C61ON
2025-04-01 02:39:49,554 - INFO - Ingress_Enter 1N2HU2ZL
2025-04-01 02:39:49,605 - INFO - Ingress_Enter 8WI1Y0ES
2025-04-01 02:39:49,705 - INFO - Ingress_Exit 1N2HU2ZL
2025-04-01 02:39:49,707 - INFO - Ingress_Exit 8WI1Y0ES
2025-04-01 02:39:51,445 - INFO - Ingress_Enter KNI4EJTY
2025-04-01 02:39:51,576 - INFO - Ingress_Exit KNI4EJTY
2025-04-01 02:39:51,737 - INFO - Ingress_Enter FMW0PGM3
2025-04-01 02:39:51,833 - INFO - Ingress_Exit FMW0PGM3
2025-04-01 02:39:52,322 - INFO - Ingress_Enter O7MTCXM4
2025-04-01 02:39:52,422 - INFO - Ingress_Exit O7MTCXM4
2025-04-01 02:39:53,023 - INFO - Ingress_Enter 1AZC2EKO
2025-04-01 02:39:53,120 - INFO - Ingress_Exit 1AZC2EKO
2025-04-01 02:39:53,416 - INFO - Ingress_Enter OUEEWV0O
2025-04-01 02:39:53,518 - INFO - Ingress_Exit OUEEWV0O
2025-04-01 02:39:54,928 - INFO - Ingress_Enter F59KOLUN
2025-04-01 02:39:54,978 - INFO - Ingress_Enter 058AMLFN
2025-04-01 02:39:55,023 - INFO - Ingress_Exit F59KOLUN
2025-04-01 02:39:55,079 - INFO - Ingress_Exit 058AMLFN
2025-04-01 02:39:55,719 - INFO - Ingress_Enter 4YPBTSGB
2025-04-01 02:39:55,823 - INFO - Ingress_Exit 4YPBTSGB
2025-04-01 02:39:55,908 - INFO - Ingress_Enter YAGG7VGE
2025-04-01 02:39:56,031 - INFO - Ingress_Exit YAGG7VGE
2025-04-01 02:39:56,354 - INFO - Ingress_Enter UISDF4UR
2025-04-01 02:39:56,452 - INFO - Ingress_Exit UISDF4UR
2025-04-01 02:39:56,492 - INFO - Ingress_Enter OA24G5KZ
2025-04-01 02:39:56,611 - INFO - Ingress_Exit OA24G5KZ
2025-04-01 02:39:56,716 - INFO - Ingress_Enter YE6OTHM4
2025-04-01 02:39:56,802 - INFO - Ingress_Enter ZFN3574P
2025-04-01 02:39:56,818 - INFO - Ingress_Exit YE6OTHM4
2025-04-01 02:39:56,924 - INFO - Ingress_Exit ZFN3574P
2025-04-01 02:39:57,130 - INFO - Ingress_Enter MTK3Z67M
2025-04-01 02:39:57,242 - INFO - Ingress_Exit MTK3Z67M
2025-04-01 02:39:57,576 - INFO - Ingress_Enter VKPNCUJB
2025-04-01 02:39:57,678 - INFO - Ingress_Exit VKPNCUJB
2025-04-01 02:39:57,988 - INFO - Ingress_Enter 62TZI8Y3
2025-04-01 02:39:58,022 - INFO - Ingress_Enter NV8QC1R4
2025-04-01 02:39:58,085 - INFO - Ingress_Exit 62TZI8Y3
2025-04-01 02:39:58,108 - INFO - Ingress_Enter WWH0FCNZ
2025-04-01 02:39:58,121 - INFO - Ingress_Exit NV8QC1R4
2025-04-01 02:39:58,227 - INFO - Ingress_Exit WWH0FCNZ
2025-04-01 02:39:58,402 - INFO - Ingress_Enter CE4CS50Y
2025-04-01 02:39:58,502 - INFO - Ingress_Exit CE4CS50Y
2025-04-01 02:39:59,177 - INFO - Ingress_Enter 4IXS7KI4
2025-04-01 02:39:59,270 - INFO - Ingress_Exit 4IXS7KI4
2025-04-01 02:39:59,840 - INFO - Ingress_Enter 9TSQYW6Y
2025-04-01 02:39:59,934 - INFO - Ingress_Exit 9TSQYW6Y
2025-04-01 02:40:00,699 - INFO - Ingress_Enter ED9QWWZE
2025-04-01 02:40:00,802 - INFO - Ingress_Enter 3Z7BLARA
2025-04-01 02:40:00,818 - INFO - Ingress_Exit ED9QWWZE
2025-04-01 02:40:00,908 - INFO - Ingress_Exit 3Z7BLARA
2025-04-01 02:40:00,973 - INFO - Ingress_Enter 996AE39M
2025-04-01 02:40:01,042 - INFO - Ingress_Enter G3FKX4MB
2025-04-01 02:40:01,077 - INFO - Ingress_Exit 996AE39M
2025-04-01 02:40:01,146 - INFO - Ingress_Exit G3FKX4MB
2025-04-01 02:40:01,712 - INFO - Ingress_Enter W647PAHF
2025-04-01 02:40:01,811 - INFO - Ingress_Exit W647PAHF
2025-04-01 02:40:01,815 - INFO - Ingress_Enter 8HFJWASU
2025-04-01 02:40:01,913 - INFO - Ingress_Exit 8HFJWASU
2025-04-01 02:40:02,674 - INFO - Ingress_Enter 5M8IQD4R
2025-04-01 02:40:02,742 - INFO - Ingress_Enter EJNFOPQE
2025-04-01 02:40:02,781 - INFO - Ingress_Exit 5M8IQD4R
2025-04-01 02:40:02,848 - INFO - Ingress_Exit EJNFOPQE
2025-04-01 02:40:03,007 - INFO - Ingress_Enter ZNAH15ZL
2025-04-01 02:40:03,111 - INFO - Ingress_Exit ZNAH15ZL
2025-04-01 02:40:03,661 - INFO - Ingress_Enter HL1XFE8Z
2025-04-01 02:40:03,695 - INFO - Ingress_Enter NFEPL6XF
2025-04-01 02:40:03,764 - INFO - Ingress_Enter GFMMXNNR
2025-04-01 02:40:03,766 - INFO - Ingress_Exit HL1XFE8Z
2025-04-01 02:40:03,794 - INFO - Ingress_Exit NFEPL6XF
2025-04-01 02:40:03,867 - INFO - Ingress_Exit GFMMXNNR
2025-04-01 02:40:04,041 - INFO - Ingress_Enter 7E5L0U1I
2025-04-01 02:40:04,142 - INFO - Ingress_Exit 7E5L0U1I
2025-04-01 02:40:04,194 - INFO - Ingress_Enter IDWRY4OV
2025-04-01 02:40:04,229 - INFO - Ingress_Enter JUELKI39
2025-04-01 02:40:04,246 - INFO - Ingress_Enter FQB13DZU
2025-04-01 02:40:04,291 - INFO - Ingress_Exit IDWRY4OV
2025-04-01 02:40:04,330 - INFO - Ingress_Exit JUELKI39
2025-04-01 02:40:04,342 - INFO - Ingress_Exit FQB13DZU
2025-04-01 02:40:08,426 - INFO - Ingress_Enter AS7BEM8A
2025-04-01 02:40:08,519 - INFO - Ingress_Exit AS7BEM8A
2025-04-01 02:40:08,616 - INFO - Ingress_Enter 48K5GRQT
2025-04-01 02:40:08,715 - INFO - Ingress_Exit 48K5GRQT
2025-04-01 02:40:10,168 - INFO - Ingress_Enter W9V69GAU
2025-04-01 02:40:10,266 - INFO - Ingress_Exit W9V69GAU
2025-04-01 02:40:10,375 - INFO - Ingress_Enter VEGD846D
2025-04-01 02:40:10,468 - INFO - Ingress_Exit VEGD846D
2025-04-01 02:40:11,152 - INFO - Ingress_Enter 85RIABCH
2025-04-01 02:40:11,357 - INFO - Ingress_Exit 85RIABCH
2025-04-01 02:40:11,836 - INFO - Ingress_Enter LQDVDN06
2025-04-01 02:40:11,935 - INFO - Ingress_Exit LQDVDN06
2025-04-01 02:40:11,956 - INFO - Ingress_Enter YP7FXA09
2025-04-01 02:40:12,059 - INFO - Ingress_Enter 6H4PYK8L
2025-04-01 02:40:12,124 - INFO - Ingress_Exit YP7FXA09
2025-04-01 02:40:12,154 - INFO - Ingress_Exit 6H4PYK8L
2025-04-01 02:40:12,179 - INFO - Ingress_Enter TK4DL3Y4
2025-04-01 02:40:12,213 - INFO - Ingress_Enter KZ9Y86LI
2025-04-01 02:40:12,264 - INFO - Ingress_Enter U8Q7UBR8
2025-04-01 02:40:12,325 - INFO - Ingress_Exit TK4DL3Y4
2025-04-01 02:40:12,360 - INFO - Ingress_Exit U8Q7UBR8
2025-04-01 02:40:12,400 - INFO - Ingress_Exit KZ9Y86LI
2025-04-01 02:40:23,059 - INFO - Ingress_Enter HG4Y6L35
2025-04-01 02:40:23,157 - INFO - Ingress_Exit HG4Y6L35
2025-04-01 02:40:23,677 - INFO - Ingress_Enter NCJN38RH
2025-04-01 02:40:23,771 - INFO - Ingress_Exit NCJN38RH
2025-04-01 02:40:24,140 - INFO - Ingress_Enter PAXILQQG
2025-04-01 02:40:24,173 - INFO - Ingress_Enter Y9N3GVF0
2025-04-01 02:40:24,256 - INFO - Ingress_Exit PAXILQQG
2025-04-01 02:40:24,274 - INFO - Ingress_Exit Y9N3GVF0
2025-04-01 02:40:24,688 - INFO - Ingress_Enter C0M2FA65
2025-04-01 02:40:24,787 - INFO - Ingress_Exit C0M2FA65
2025-04-01 02:40:25,668 - INFO - Ingress_Enter D7L5VKK4
2025-04-01 02:40:25,772 - INFO - Ingress_Exit D7L5VKK4
2025-04-01 02:40:26,166 - INFO - Ingress_Enter 2YVGVFQY
2025-04-01 02:40:26,217 - INFO - Ingress_Enter 0TR3T6AG
2025-04-01 02:40:26,311 - INFO - Ingress_Exit 2YVGVFQY
2025-04-01 02:40:26,335 - INFO - Ingress_Exit 0TR3T6AG
2025-04-01 02:40:27,233 - INFO - Ingress_Enter UIDWZ7HW
2025-04-01 02:40:27,349 - INFO - Ingress_Exit UIDWZ7HW
2025-04-01 02:40:27,370 - INFO - Ingress_Enter PVMQ943E
2025-04-01 02:40:27,458 - INFO - Ingress_Exit PVMQ943E
2025-04-01 02:40:28,094 - INFO - Ingress_Enter L8Q6UQA1
2025-04-01 02:40:28,178 - INFO - Ingress_Enter 0V2JB619
2025-04-01 02:40:28,191 - INFO - Ingress_Exit L8Q6UQA1
2025-04-01 02:40:28,300 - INFO - Ingress_Exit 0V2JB619
2025-04-01 02:40:31,621 - INFO - Ingress_Enter 2U0IA2V1
2025-04-01 02:40:31,713 - INFO - Ingress_Exit 2U0IA2V1
2025-04-01 02:40:31,810 - INFO - Ingress_Enter ZVK0UYPJ
2025-04-01 02:40:31,906 - INFO - Ingress_Exit ZVK0UYPJ
2025-04-01 02:40:31,930 - INFO - Ingress_Enter K2Z1EXU4
2025-04-01 02:40:32,086 - INFO - Ingress_Exit K2Z1EXU4
2025-04-01 02:40:32,498 - INFO - Ingress_Enter D3PEA44J
2025-04-01 02:40:32,515 - INFO - Ingress_Enter FQAR5G4O
2025-04-01 02:40:32,598 - INFO - Ingress_Exit D3PEA44J
2025-04-01 02:40:32,603 - INFO - Ingress_Exit FQAR5G4O
2025-04-01 02:40:34,025 - INFO - Ingress_Enter SJ2KLCFU
2025-04-01 02:40:34,083 - INFO - Ingress_Enter F6EWXSBI
2025-04-01 02:40:34,124 - INFO - Ingress_Exit SJ2KLCFU
2025-04-01 02:40:34,183 - INFO - Ingress_Exit F6EWXSBI
2025-04-01 02:40:36,225 - INFO - Ingress_Enter 4XNESD0E
2025-04-01 02:40:36,319 - INFO - Ingress_Exit 4XNESD0E
2025-04-01 02:40:36,346 - INFO - Ingress_Enter JVP57UVT
2025-04-01 02:40:36,433 - INFO - Ingress_Exit JVP57UVT
2025-04-01 02:40:36,690 - INFO - Ingress_Enter O4UZ940U
2025-04-01 02:40:36,804 - INFO - Ingress_Exit O4UZ940U
2025-04-01 02:40:36,812 - INFO - Ingress_Enter 64NPHPF5
2025-04-01 02:40:36,912 - INFO - Ingress_Exit 64NPHPF5
2025-04-01 02:40:37,485 - INFO - Ingress_Enter 32MSC5I5
2025-04-01 02:40:37,582 - INFO - Ingress_Exit 32MSC5I5
2025-04-01 02:40:38,395 - INFO - Ingress_Enter RU54XMS6
2025-04-01 02:40:38,463 - INFO - Ingress_Enter U1EL4WY0
2025-04-01 02:40:38,497 - INFO - Ingress_Exit RU54XMS6
2025-04-01 02:40:38,574 - INFO - Ingress_Exit U1EL4WY0
2025-04-01 02:40:40,119 - INFO - Ingress_Enter 193L39VT
2025-04-01 02:40:40,228 - INFO - Ingress_Exit 193L39VT
2025-04-01 02:40:40,393 - INFO - Ingress_Enter NJKGHCDL
2025-04-01 02:40:40,509 - INFO - Ingress_Exit NJKGHCDL
2025-04-01 02:40:40,600 - INFO - Ingress_Enter GQHBQNZY
2025-04-01 02:40:40,694 - INFO - Ingress_Exit GQHBQNZY
2025-04-01 02:40:40,892 - INFO - Ingress_Enter BJ0VKVYW
2025-04-01 02:40:40,995 - INFO - Ingress_Exit BJ0VKVYW
2025-04-01 02:40:41,956 - INFO - Ingress_Enter JSI6LGMF
2025-04-01 02:40:42,078 - INFO - Ingress_Exit JSI6LGMF
2025-04-01 02:40:42,471 - INFO - Ingress_Enter 7ZTGWNV4
2025-04-01 02:40:42,587 - INFO - Ingress_Exit 7ZTGWNV4
2025-04-01 02:40:42,660 - INFO - Ingress_Enter SWA7ZYE4
2025-04-01 02:40:42,790 - INFO - Ingress_Exit SWA7ZYE4
2025-04-01 02:40:43,019 - INFO - Ingress_Enter UIVIQHDP
2025-04-01 02:40:43,071 - INFO - Ingress_Enter 9P8KKB78
2025-04-01 02:40:43,129 - INFO - Ingress_Exit UIVIQHDP
2025-04-01 02:40:43,171 - INFO - Ingress_Exit 9P8KKB78
2025-04-01 02:40:43,639 - INFO - Ingress_Enter T5RX69TU
2025-04-01 02:40:43,673 - INFO - Ingress_Enter JZ87T2C6
2025-04-01 02:40:43,751 - INFO - Ingress_Exit T5RX69TU
2025-04-01 02:40:43,768 - INFO - Ingress_Exit JZ87T2C6
2025-04-01 02:40:44,070 - INFO - Ingress_Enter 5P3KDD84
2025-04-01 02:40:44,176 - INFO - Ingress_Exit 5P3KDD84
2025-04-01 02:40:44,568 - INFO - Ingress_Enter PLDDUFJF
2025-04-01 02:40:44,662 - INFO - Ingress_Exit PLDDUFJF
2025-04-01 02:40:44,688 - INFO - Ingress_Enter 74XVDIDS
2025-04-01 02:40:44,777 - INFO - Ingress_Exit 74XVDIDS
2025-04-01 02:40:45,085 - INFO - Ingress_Enter P0RXPR80
2025-04-01 02:40:45,103 - INFO - Ingress_Enter OO33OA3Q
2025-04-01 02:40:45,180 - INFO - Ingress_Exit P0RXPR80
2025-04-01 02:40:45,209 - INFO - Ingress_Exit OO33OA3Q
