2025-03-31 23:53:09,046 - INFO - Ingress_Enter G6SKXJ3W
2025-03-31 23:53:09,449 - INFO - Ingress_Enter C2V5LZ6O
2025-03-31 23:53:09,671 - INFO - Ingress_Enter Q2ML158D
2025-03-31 23:53:09,728 - INFO - Ingress_Enter 7EPW5PF2
2025-03-31 23:53:09,933 - INFO - Ingress_Exit G6SKXJ3W
2025-03-31 23:53:09,944 - INFO - Ingress_Enter SHKA4TWO
2025-03-31 23:53:10,224 - INFO - Ingress_Enter JJU42Z2S
2025-03-31 23:53:10,364 - INFO - Ingress_Exit C2V5LZ6O
2025-03-31 23:53:10,493 - INFO - Ingress_Enter UEK50DEX
2025-03-31 23:53:10,536 - INFO - Ingress_Enter 6KWE055C
2025-03-31 23:53:10,590 - INFO - Ingress_Enter IA4NIJV9
2025-03-31 23:53:10,675 - INFO - Ingress_Exit 7EPW5PF2
2025-03-31 23:53:10,676 - INFO - Ingress_Exit Q2ML158D
2025-03-31 23:53:10,694 - INFO - Ingress_Enter CVYOZSRT
2025-03-31 23:53:10,755 - INFO - Ingress_Enter FSGOL5WO
2025-03-31 23:53:10,841 - INFO - Ingress_Enter USD4VOQ5
2025-03-31 23:53:10,932 - INFO - Ingress_Exit SHKA4TWO
2025-03-31 23:53:10,999 - INFO - Ingress_Enter 53S9YJHR
2025-03-31 23:53:11,045 - INFO - Ingress_Exit JJU42Z2S
2025-03-31 23:53:11,193 - INFO - Ingress_Exit CVYOZSRT
2025-03-31 23:53:11,194 - INFO - Ingress_Exit FSGOL5WO
2025-03-31 23:53:11,197 - INFO - Ingress_Exit USD4VOQ5
2025-03-31 23:53:11,307 - INFO - Ingress_Exit 53S9YJHR
2025-03-31 23:53:11,340 - INFO - Ingress_Exit UEK50DEX
2025-03-31 23:53:11,342 - INFO - Ingress_Exit 6KWE055C
2025-03-31 23:53:11,343 - INFO - Ingress_Exit IA4NIJV9
2025-03-31 23:53:11,785 - INFO - Ingress_Enter 6HJVQQ01
2025-03-31 23:53:11,869 - INFO - Ingress_Enter CEQX7JEW
2025-03-31 23:53:11,986 - INFO - Ingress_Exit 6HJVQQ01
2025-03-31 23:53:12,013 - INFO - Ingress_Enter 60BQWHUM
2025-03-31 23:53:12,027 - INFO - Ingress_Enter KQ3F62QZ
2025-03-31 23:53:12,103 - INFO - Ingress_Exit CEQX7JEW
2025-03-31 23:53:12,112 - INFO - Ingress_Enter KPG15WSY
2025-03-31 23:53:12,190 - INFO - Ingress_Exit 60BQWHUM
2025-03-31 23:53:12,197 - INFO - Ingress_Enter EDNVJSCA
2025-03-31 23:53:12,245 - INFO - Ingress_Enter WY4ESVD3
2025-03-31 23:53:12,268 - INFO - Ingress_Enter WAIWZ3CQ
2025-03-31 23:53:12,280 - INFO - Ingress_Enter HS6NQVG6
2025-03-31 23:53:12,282 - INFO - Ingress_Exit KPG15WSY
2025-03-31 23:53:12,365 - INFO - Ingress_Enter ULVLSORZ
2025-03-31 23:53:12,373 - INFO - Ingress_Exit WY4ESVD3
2025-03-31 23:53:12,400 - INFO - Ingress_Enter PGMT8FED
2025-03-31 23:53:12,431 - INFO - Ingress_Exit KQ3F62QZ
2025-03-31 23:53:12,472 - INFO - Ingress_Exit EDNVJSCA
2025-03-31 23:53:12,651 - INFO - Ingress_Exit HS6NQVG6
2025-03-31 23:53:12,686 - INFO - Ingress_Exit WAIWZ3CQ
2025-03-31 23:53:12,687 - INFO - Ingress_Exit PGMT8FED
2025-03-31 23:53:12,705 - INFO - Ingress_Exit ULVLSORZ
2025-03-31 23:53:12,984 - INFO - Ingress_Enter JNOVJ33R
2025-03-31 23:53:13,131 - INFO - Ingress_Enter 13ZSHLPW
2025-03-31 23:53:13,147 - INFO - Ingress_Exit JNOVJ33R
2025-03-31 23:53:13,179 - INFO - Ingress_Enter NXLDEZFT
2025-03-31 23:53:13,216 - INFO - Ingress_Enter UYXXBV9B
2025-03-31 23:53:13,300 - INFO - Ingress_Enter NWIND5G0
2025-03-31 23:53:13,341 - INFO - Ingress_Exit 13ZSHLPW
2025-03-31 23:53:13,412 - INFO - Ingress_Exit NXLDEZFT
2025-03-31 23:53:13,491 - INFO - Ingress_Exit NWIND5G0
2025-03-31 23:53:13,492 - INFO - Ingress_Exit UYXXBV9B
2025-03-31 23:53:13,528 - INFO - Ingress_Enter C9ZUG1OJ
2025-03-31 23:53:13,723 - INFO - Ingress_Enter GTQQCKCM
2025-03-31 23:53:13,734 - INFO - Ingress_Enter QBVS58H9
2025-03-31 23:53:13,767 - INFO - Ingress_Exit C9ZUG1OJ
2025-03-31 23:53:13,847 - INFO - Ingress_Enter Z2PP1QCD
2025-03-31 23:53:13,865 - INFO - Ingress_Exit GTQQCKCM
2025-03-31 23:53:13,905 - INFO - Ingress_Exit QBVS58H9
2025-03-31 23:53:14,040 - INFO - Ingress_Enter OXEI776L
2025-03-31 23:53:14,101 - INFO - Ingress_Enter 7X7U6YQ2
2025-03-31 23:53:14,136 - INFO - Ingress_Enter 0H1NT5WI
2025-03-31 23:53:14,236 - INFO - Ingress_Exit Z2PP1QCD
2025-03-31 23:53:14,345 - INFO - Ingress_Exit OXEI776L
2025-03-31 23:53:14,346 - INFO - Ingress_Exit 7X7U6YQ2
2025-03-31 23:53:14,441 - INFO - Ingress_Exit 0H1NT5WI
2025-03-31 23:53:14,475 - INFO - Ingress_Enter Z3MZH3LA
2025-03-31 23:53:14,621 - INFO - Ingress_Enter THI494BQ
2025-03-31 23:53:14,633 - INFO - Ingress_Enter NOCGD4I4
2025-03-31 23:53:14,646 - INFO - Ingress_Exit Z3MZH3LA
2025-03-31 23:53:14,755 - INFO - Ingress_Exit THI494BQ
2025-03-31 23:53:14,830 - INFO - Ingress_Exit NOCGD4I4
2025-03-31 23:53:15,506 - INFO - Ingress_Enter 0NSU6CTB
2025-03-31 23:53:15,543 - INFO - Ingress_Enter 9IDHNJT0
2025-03-31 23:53:15,617 - INFO - Ingress_Exit 0NSU6CTB
2025-03-31 23:53:15,652 - INFO - Ingress_Enter SC6MHU0Y
2025-03-31 23:53:15,761 - INFO - Ingress_Exit 9IDHNJT0
2025-03-31 23:53:15,791 - INFO - Ingress_Exit SC6MHU0Y
2025-03-31 23:53:16,112 - INFO - Ingress_Enter SSKRDFVM
2025-03-31 23:53:16,335 - INFO - Ingress_Exit SSKRDFVM
2025-03-31 23:53:16,416 - INFO - Ingress_Enter 6VCBTF2F
2025-03-31 23:53:16,478 - INFO - Ingress_Enter 48YACOYN
2025-03-31 23:53:16,550 - INFO - Ingress_Exit 6VCBTF2F
2025-03-31 23:53:16,577 - INFO - Ingress_Enter ESZ2W6Z8
2025-03-31 23:53:16,674 - INFO - Ingress_Enter VFBLBOU8
2025-03-31 23:53:16,684 - INFO - Ingress_Exit 48YACOYN
2025-03-31 23:53:16,750 - INFO - Ingress_Exit ESZ2W6Z8
2025-03-31 23:53:16,796 - INFO - Ingress_Enter 0UZ1D9EQ
2025-03-31 23:53:16,827 - INFO - Ingress_Exit VFBLBOU8
2025-03-31 23:53:16,844 - INFO - Ingress_Enter TJMPX3QQ
2025-03-31 23:53:16,857 - INFO - Ingress_Enter Q53F88VI
2025-03-31 23:53:17,031 - INFO - Ingress_Exit Q53F88VI
2025-03-31 23:53:17,040 - INFO - Ingress_Exit 0UZ1D9EQ
2025-03-31 23:53:17,173 - INFO - Ingress_Enter Z2DCO9BL
2025-03-31 23:53:17,180 - INFO - Ingress_Exit TJMPX3QQ
2025-03-31 23:53:17,220 - INFO - Ingress_Enter CUZ95CB6
2025-03-31 23:53:17,233 - INFO - Ingress_Enter B3P3KJC8
2025-03-31 23:53:17,257 - INFO - Ingress_Enter 70TVZWEF
2025-03-31 23:53:17,389 - INFO - Ingress_Exit B3P3KJC8
2025-03-31 23:53:17,412 - INFO - Ingress_Exit Z2DCO9BL
2025-03-31 23:53:17,426 - INFO - Ingress_Enter W31CH9SI
2025-03-31 23:53:17,439 - INFO - Ingress_Exit CUZ95CB6
2025-03-31 23:53:17,515 - INFO - Ingress_Exit 70TVZWEF
2025-03-31 23:53:17,549 - INFO - Ingress_Enter ARK5GMHM
2025-03-31 23:53:17,597 - INFO - Ingress_Enter UBYF8PW5
2025-03-31 23:53:17,663 - INFO - Ingress_Exit W31CH9SI
2025-03-31 23:53:17,720 - INFO - Ingress_Exit ARK5GMHM
2025-03-31 23:53:17,780 - INFO - Ingress_Exit UBYF8PW5
2025-03-31 23:53:17,975 - INFO - Ingress_Enter HJ7FR2B4
2025-03-31 23:53:18,161 - INFO - Ingress_Exit HJ7FR2B4
2025-03-31 23:53:18,207 - INFO - Ingress_Enter QTFDVCAX
2025-03-31 23:53:18,244 - INFO - Ingress_Enter OZFSCS56
2025-03-31 23:53:18,257 - INFO - Ingress_Enter 5QVPTEIR
2025-03-31 23:53:18,373 - INFO - Ingress_Exit QTFDVCAX
2025-03-31 23:53:18,392 - INFO - Ingress_Enter LFRZA0L6
2025-03-31 23:53:18,426 - INFO - Ingress_Exit 5QVPTEIR
2025-03-31 23:53:18,439 - INFO - Ingress_Enter YFV9CD58
2025-03-31 23:53:18,525 - INFO - Ingress_Enter XTN3KTBO
2025-03-31 23:53:18,582 - INFO - Ingress_Exit LFRZA0L6
2025-03-31 23:53:18,612 - INFO - Ingress_Exit OZFSCS56
2025-03-31 23:53:18,710 - INFO - Ingress_Exit YFV9CD58
2025-03-31 23:53:18,723 - INFO - Ingress_Exit XTN3KTBO
2025-03-31 23:53:18,926 - INFO - Ingress_Enter 1EDR5T7B
2025-03-31 23:53:19,022 - INFO - Ingress_Enter 1A03V85Q
2025-03-31 23:53:19,084 - INFO - Ingress_Enter LC0F3RN0
2025-03-31 23:53:19,106 - INFO - Ingress_Exit 1EDR5T7B
2025-03-31 23:53:19,175 - INFO - Ingress_Exit 1A03V85Q
2025-03-31 23:53:19,231 - INFO - Ingress_Exit LC0F3RN0
2025-03-31 23:53:19,244 - INFO - Ingress_Enter HWPPUE89
2025-03-31 23:53:19,359 - INFO - Ingress_Enter 3VDUHO4Q
2025-03-31 23:53:19,455 - INFO - Ingress_Exit HWPPUE89
2025-03-31 23:53:19,602 - INFO - Ingress_Exit 3VDUHO4Q
2025-03-31 23:53:19,693 - INFO - Ingress_Enter PZXZPPZ6
2025-03-31 23:53:19,706 - INFO - Ingress_Enter XCXBV925
2025-03-31 23:53:19,767 - INFO - Ingress_Enter 0XK2FDX7
2025-03-31 23:53:19,922 - INFO - Ingress_Exit PZXZPPZ6
2025-03-31 23:53:19,923 - INFO - Ingress_Exit XCXBV925
2025-03-31 23:53:19,926 - INFO - Ingress_Enter 2Y9TYU78
2025-03-31 23:53:19,949 - INFO - Ingress_Enter WPI3XCXP
2025-03-31 23:53:20,037 - INFO - Ingress_Exit 0XK2FDX7
2025-03-31 23:53:20,099 - INFO - Ingress_Exit WPI3XCXP
2025-03-31 23:53:20,115 - INFO - Ingress_Exit 2Y9TYU78
2025-03-31 23:53:20,146 - INFO - Ingress_Enter L3BMB68H
2025-03-31 23:53:20,159 - INFO - Ingress_Enter 09J4VUY9
2025-03-31 23:53:20,262 - INFO - Ingress_Exit L3BMB68H
2025-03-31 23:53:20,306 - INFO - Ingress_Enter WPAGKKW9
2025-03-31 23:53:20,382 - INFO - Ingress_Exit 09J4VUY9
2025-03-31 23:53:20,402 - INFO - Ingress_Enter KNB1H6H3
2025-03-31 23:53:20,427 - INFO - Ingress_Enter Y6PFNUKZ
2025-03-31 23:53:20,495 - INFO - Ingress_Exit WPAGKKW9
2025-03-31 23:53:20,545 - INFO - Ingress_Exit Y6PFNUKZ
2025-03-31 23:53:20,703 - INFO - Ingress_Exit KNB1H6H3
2025-03-31 23:53:21,240 - INFO - Ingress_Enter UF21Q3Y0
2025-03-31 23:53:21,339 - INFO - Ingress_Enter Q8LAFD4F
2025-03-31 23:53:21,557 - INFO - Ingress_Enter WZ9EAK85
2025-03-31 23:53:21,593 - INFO - Ingress_Enter 2HXK2MZX
2025-03-31 23:53:21,616 - INFO - Ingress_Enter E2449M6F
2025-03-31 23:53:21,638 - INFO - Ingress_Exit UF21Q3Y0
2025-03-31 23:53:21,669 - INFO - Ingress_Exit Q8LAFD4F
2025-03-31 23:53:21,749 - INFO - Ingress_Exit E2449M6F
2025-03-31 23:53:21,785 - INFO - Ingress_Exit 2HXK2MZX
2025-03-31 23:53:21,848 - INFO - Ingress_Exit WZ9EAK85
2025-03-31 23:53:22,380 - INFO - Ingress_Enter V7D4YAVD
2025-03-31 23:53:22,488 - INFO - Ingress_Enter NY3PEIX7
2025-03-31 23:53:22,551 - INFO - Ingress_Exit V7D4YAVD
2025-03-31 23:53:22,584 - INFO - Ingress_Enter 5088UVLV
2025-03-31 23:53:22,661 - INFO - Ingress_Exit NY3PEIX7
2025-03-31 23:53:22,669 - INFO - Ingress_Enter NUWCE6WU
2025-03-31 23:53:22,734 - INFO - Ingress_Exit 5088UVLV
2025-03-31 23:53:22,778 - INFO - Ingress_Enter R1KHOMJN
2025-03-31 23:53:22,792 - INFO - Ingress_Exit NUWCE6WU
2025-03-31 23:53:22,814 - INFO - Ingress_Enter VW48ZBUO
2025-03-31 23:53:22,915 - INFO - Ingress_Exit VW48ZBUO
2025-03-31 23:53:23,069 - INFO - Ingress_Enter YTY045AU
2025-03-31 23:53:23,120 - INFO - Ingress_Exit R1KHOMJN
2025-03-31 23:53:23,190 - INFO - Ingress_Enter HV8IEDEE
2025-03-31 23:53:23,204 - INFO - Ingress_Enter A7AUDPWY
2025-03-31 23:53:23,370 - INFO - Ingress_Exit YTY045AU
2025-03-31 23:53:23,373 - INFO - Ingress_Enter 1GGCVQHZ
2025-03-31 23:53:23,397 - INFO - Ingress_Enter 8521LELG
2025-03-31 23:53:23,445 - INFO - Ingress_Exit A7AUDPWY
2025-03-31 23:53:23,468 - INFO - Ingress_Exit HV8IEDEE
2025-03-31 23:53:23,566 - INFO - Ingress_Exit 1GGCVQHZ
2025-03-31 23:53:23,580 - INFO - Ingress_Exit 8521LELG
2025-03-31 23:53:24,389 - INFO - Ingress_Enter TZGGDSVL
2025-03-31 23:53:24,402 - INFO - Ingress_Enter 4GFXQP50
2025-03-31 23:53:24,475 - INFO - Ingress_Enter LD3X78VV
2025-03-31 23:53:24,523 - INFO - Ingress_Enter P7CZY2B4
2025-03-31 23:53:24,535 - INFO - Ingress_Enter O318REM0
2025-03-31 23:53:24,609 - INFO - Ingress_Exit TZGGDSVL
2025-03-31 23:53:24,636 - INFO - Ingress_Exit LD3X78VV
2025-03-31 23:53:24,668 - INFO - Ingress_Exit O318REM0
2025-03-31 23:53:24,692 - INFO - Ingress_Exit 4GFXQP50
2025-03-31 23:53:24,727 - INFO - Ingress_Exit P7CZY2B4
2025-03-31 23:53:29,444 - INFO - Ingress_Enter N6ZBUIKI
2025-03-31 23:53:29,492 - INFO - Ingress_Enter C018LF7P
2025-03-31 23:53:29,516 - INFO - Ingress_Enter 2NNQUV8T
2025-03-31 23:53:29,679 - INFO - Ingress_Exit 2NNQUV8T
2025-03-31 23:53:29,682 - INFO - Ingress_Exit N6ZBUIKI
2025-03-31 23:53:29,764 - INFO - Ingress_Exit C018LF7P
2025-03-31 23:53:30,137 - INFO - Ingress_Enter Z9QYQ42V
2025-03-31 23:53:30,293 - INFO - Ingress_Enter 915H83UQ
2025-03-31 23:53:30,306 - INFO - Ingress_Enter CB6FQC5T
2025-03-31 23:53:30,356 - INFO - Ingress_Exit Z9QYQ42V
2025-03-31 23:53:30,516 - INFO - Ingress_Exit CB6FQC5T
2025-03-31 23:53:30,522 - INFO - Ingress_Exit 915H83UQ
2025-03-31 23:53:30,704 - INFO - Ingress_Enter 4PJHUYM3
2025-03-31 23:53:30,718 - INFO - Ingress_Enter XCQFNKFG
2025-03-31 23:53:30,839 - INFO - Ingress_Enter EUKY8H4J
2025-03-31 23:53:30,901 - INFO - Ingress_Enter 2D7M2RGX
2025-03-31 23:53:31,017 - INFO - Ingress_Exit XCQFNKFG
2025-03-31 23:53:31,034 - INFO - Ingress_Exit 4PJHUYM3
2025-03-31 23:53:31,079 - INFO - Ingress_Exit EUKY8H4J
2025-03-31 23:53:31,156 - INFO - Ingress_Enter W2QCVCPU
2025-03-31 23:53:31,169 - INFO - Ingress_Enter 4DL1X72H
2025-03-31 23:53:31,251 - INFO - Ingress_Exit 2D7M2RGX
2025-03-31 23:53:31,358 - INFO - Ingress_Exit W2QCVCPU
2025-03-31 23:53:31,359 - INFO - Ingress_Exit 4DL1X72H
2025-03-31 23:53:31,372 - INFO - Ingress_Enter 97Z54PW3
2025-03-31 23:53:31,470 - INFO - Ingress_Enter Q5LYODEK
2025-03-31 23:53:31,534 - INFO - Ingress_Exit 97Z54PW3
2025-03-31 23:53:31,556 - INFO - Ingress_Enter H177HHT6
2025-03-31 23:53:31,580 - INFO - Ingress_Enter WDAIOYFI
2025-03-31 23:53:31,700 - INFO - Ingress_Enter JA191VUV
2025-03-31 23:53:31,706 - INFO - Ingress_Exit Q5LYODEK
2025-03-31 23:53:31,738 - INFO - Ingress_Enter W2CADAH2
2025-03-31 23:53:31,812 - INFO - Ingress_Enter ZB0D7P5M
2025-03-31 23:53:31,838 - INFO - Ingress_Exit WDAIOYFI
2025-03-31 23:53:31,863 - INFO - Ingress_Exit H177HHT6
2025-03-31 23:53:31,923 - INFO - Ingress_Exit JA191VUV
2025-03-31 23:53:31,961 - INFO - Ingress_Exit W2CADAH2
2025-03-31 23:53:32,228 - INFO - Ingress_Exit ZB0D7P5M
2025-03-31 23:53:32,808 - INFO - Ingress_Enter Z3WFYOXF
2025-03-31 23:53:32,942 - INFO - Ingress_Enter W61TOU4V
2025-03-31 23:53:32,966 - INFO - Ingress_Enter S9XJ9ZWC
2025-03-31 23:53:33,052 - INFO - Ingress_Enter LBZCY0UY
2025-03-31 23:53:33,363 - INFO - Ingress_Enter XYW37E6I
2025-03-31 23:53:33,474 - INFO - Ingress_Enter 3EQBGQSO
2025-03-31 23:53:33,585 - INFO - Ingress_Enter T698FRA1
2025-03-31 23:53:33,684 - INFO - Ingress_Exit Z3WFYOXF
2025-03-31 23:53:33,773 - INFO - Ingress_Exit S9XJ9ZWC
2025-03-31 23:53:33,873 - INFO - Ingress_Exit W61TOU4V
2025-03-31 23:53:33,937 - INFO - Ingress_Exit LBZCY0UY
2025-03-31 23:53:34,076 - INFO - Ingress_Exit XYW37E6I
2025-03-31 23:53:34,429 - INFO - Ingress_Exit 3EQBGQSO
2025-03-31 23:53:34,534 - INFO - Ingress_Exit T698FRA1
2025-03-31 23:53:34,712 - INFO - Ingress_Enter TX7GT0FB
2025-03-31 23:53:34,724 - INFO - Ingress_Enter YXJSK5AU
2025-03-31 23:53:34,833 - INFO - Ingress_Enter I3N1RTTQ
2025-03-31 23:53:35,075 - INFO - Ingress_Enter 6GYTEA2G
2025-03-31 23:53:35,103 - INFO - Ingress_Exit TX7GT0FB
2025-03-31 23:53:35,105 - INFO - Ingress_Exit YXJSK5AU
2025-03-31 23:53:35,175 - INFO - Ingress_Enter 2WX9BUUZ
2025-03-31 23:53:35,273 - INFO - Ingress_Exit I3N1RTTQ
2025-03-31 23:53:35,279 - INFO - Ingress_Exit 2WX9BUUZ
2025-03-31 23:53:35,295 - INFO - Ingress_Enter HIECATLT
2025-03-31 23:53:35,308 - INFO - Ingress_Enter PPTJ7AK2
2025-03-31 23:53:35,450 - INFO - Ingress_Exit 6GYTEA2G
2025-03-31 23:53:35,538 - INFO - Ingress_Exit PPTJ7AK2
2025-03-31 23:53:35,685 - INFO - Ingress_Exit HIECATLT
2025-03-31 23:53:35,743 - INFO - Ingress_Enter AV9GFQC2
2025-03-31 23:53:35,792 - INFO - Ingress_Enter QH9S3SEF
2025-03-31 23:53:35,816 - INFO - Ingress_Enter DYCSMRJ4
2025-03-31 23:53:35,973 - INFO - Ingress_Enter TEBAIHPJ
2025-03-31 23:53:36,002 - INFO - Ingress_Exit AV9GFQC2
2025-03-31 23:53:36,003 - INFO - Ingress_Exit QH9S3SEF
2025-03-31 23:53:36,023 - INFO - Ingress_Exit DYCSMRJ4
2025-03-31 23:53:36,207 - INFO - Ingress_Exit TEBAIHPJ
2025-03-31 23:53:36,329 - INFO - Ingress_Enter JO1OFF9A
2025-03-31 23:53:36,353 - INFO - Ingress_Enter LIOAFRVF
2025-03-31 23:53:36,535 - INFO - Ingress_Enter 1651LAXG
2025-03-31 23:53:36,610 - INFO - Ingress_Exit JO1OFF9A
2025-03-31 23:53:36,632 - INFO - Ingress_Exit LIOAFRVF
2025-03-31 23:53:36,739 - INFO - Ingress_Exit 1651LAXG
2025-03-31 23:53:37,028 - INFO - Ingress_Enter GJJZXUVJ
2025-03-31 23:53:37,102 - INFO - Ingress_Enter 88UJEGJL
2025-03-31 23:53:37,167 - INFO - Ingress_Exit GJJZXUVJ
2025-03-31 23:53:37,262 - INFO - Ingress_Exit 88UJEGJL
2025-03-31 23:53:37,464 - INFO - Ingress_Enter 0WA156D2
2025-03-31 23:53:37,502 - INFO - Ingress_Enter F447M76K
2025-03-31 23:53:37,525 - INFO - Ingress_Enter 5IGXKVB3
2025-03-31 23:53:37,613 - INFO - Ingress_Exit F447M76K
2025-03-31 23:53:37,651 - INFO - Ingress_Exit 0WA156D2
2025-03-31 23:53:37,706 - INFO - Ingress_Exit 5IGXKVB3
2025-03-31 23:53:37,864 - INFO - Ingress_Enter S2G7RHK4
2025-03-31 23:53:37,889 - INFO - Ingress_Enter DDMOQWOU
2025-03-31 23:53:38,018 - INFO - Ingress_Exit S2G7RHK4
2025-03-31 23:53:38,033 - INFO - Ingress_Enter FD8ILKKH
2025-03-31 23:53:38,168 - INFO - Ingress_Enter BCHXX9AL
2025-03-31 23:53:38,206 - INFO - Ingress_Enter HHN8HU1J
2025-03-31 23:53:38,213 - INFO - Ingress_Exit DDMOQWOU
2025-03-31 23:53:38,244 - INFO - Ingress_Enter ZRJQXD25
2025-03-31 23:53:38,326 - INFO - Ingress_Exit HHN8HU1J
2025-03-31 23:53:38,358 - INFO - Ingress_Exit FD8ILKKH
2025-03-31 23:53:38,403 - INFO - Ingress_Enter SLP3P7BS
2025-03-31 23:53:38,412 - INFO - Ingress_Exit ZRJQXD25
2025-03-31 23:53:38,433 - INFO - Ingress_Exit BCHXX9AL
2025-03-31 23:53:38,501 - INFO - Ingress_Enter IMQHF7XH
2025-03-31 23:53:38,526 - INFO - Ingress_Enter QLWHI59Q
2025-03-31 23:53:38,533 - INFO - Ingress_Exit SLP3P7BS
2025-03-31 23:53:38,696 - INFO - Ingress_Exit IMQHF7XH
2025-03-31 23:53:38,726 - INFO - Ingress_Exit QLWHI59Q
2025-03-31 23:53:39,025 - INFO - Ingress_Enter UL9WO2AE
2025-03-31 23:53:39,050 - INFO - Ingress_Enter EJ7HTBOZ
2025-03-31 23:53:39,123 - INFO - Ingress_Enter F0KHP8X5
2025-03-31 23:53:39,190 - INFO - Ingress_Exit EJ7HTBOZ
2025-03-31 23:53:39,333 - INFO - Ingress_Exit UL9WO2AE
2025-03-31 23:53:39,435 - INFO - Ingress_Exit F0KHP8X5
2025-03-31 23:53:39,477 - INFO - Ingress_Enter PPPUHSCE
2025-03-31 23:53:39,538 - INFO - Ingress_Enter D0U6ZF4L
2025-03-31 23:53:39,549 - INFO - Ingress_Enter NYE5TWRJ
2025-03-31 23:53:39,562 - INFO - Ingress_Enter Y94YOTS0
2025-03-31 23:53:39,597 - INFO - Ingress_Enter OM6B1YUU
2025-03-31 23:53:39,703 - INFO - Ingress_Exit PPPUHSCE
2025-03-31 23:53:39,704 - INFO - Ingress_Exit D0U6ZF4L
2025-03-31 23:53:39,764 - INFO - Ingress_Exit NYE5TWRJ
2025-03-31 23:53:39,849 - INFO - Ingress_Exit Y94YOTS0
2025-03-31 23:53:39,850 - INFO - Ingress_Exit OM6B1YUU
2025-03-31 23:53:40,082 - INFO - Ingress_Enter MXGH0965
2025-03-31 23:53:40,245 - INFO - Ingress_Exit MXGH0965
2025-03-31 23:53:40,472 - INFO - Ingress_Enter 5376PU7C
2025-03-31 23:53:40,578 - INFO - Ingress_Exit 5376PU7C
2025-03-31 23:53:40,654 - INFO - Ingress_Enter X1EIFYOS
2025-03-31 23:53:40,667 - INFO - Ingress_Enter M4EDYALL
2025-03-31 23:53:40,789 - INFO - Ingress_Enter 0PPCO292
2025-03-31 23:53:40,837 - INFO - Ingress_Enter 59SSDMMN
2025-03-31 23:53:40,894 - INFO - Ingress_Exit X1EIFYOS
2025-03-31 23:53:40,898 - INFO - Ingress_Exit M4EDYALL
2025-03-31 23:53:40,910 - INFO - Ingress_Enter P8PSBOS0
2025-03-31 23:53:40,998 - INFO - Ingress_Exit 59SSDMMN
2025-03-31 23:53:41,044 - INFO - Ingress_Enter LMD5GJ03
2025-03-31 23:53:41,055 - INFO - Ingress_Exit 0PPCO292
2025-03-31 23:53:41,113 - INFO - Ingress_Exit P8PSBOS0
2025-03-31 23:53:41,140 - INFO - Ingress_Enter 86AHO7TL
2025-03-31 23:53:41,239 - INFO - Ingress_Exit LMD5GJ03
2025-03-31 23:53:41,285 - INFO - Ingress_Enter 9FB2FVRM
2025-03-31 23:53:41,383 - INFO - Ingress_Enter 37O14CR7
2025-03-31 23:53:41,409 - INFO - Ingress_Exit 86AHO7TL
2025-03-31 23:53:41,579 - INFO - Ingress_Exit 37O14CR7
2025-03-31 23:53:41,610 - INFO - Ingress_Exit 9FB2FVRM
2025-03-31 23:53:41,882 - INFO - Ingress_Enter 3GD0HRSG
2025-03-31 23:53:41,895 - INFO - Ingress_Enter 6HOC5M9S
2025-03-31 23:53:41,943 - INFO - Ingress_Enter L1V707J7
2025-03-31 23:53:41,979 - INFO - Ingress_Enter 6J5EYNE0
2025-03-31 23:53:42,028 - INFO - Ingress_Enter 5MA5F2IA
2025-03-31 23:53:42,094 - INFO - Ingress_Exit 6HOC5M9S
2025-03-31 23:53:42,128 - INFO - Ingress_Exit L1V707J7
2025-03-31 23:53:42,185 - INFO - Ingress_Exit 5MA5F2IA
2025-03-31 23:53:42,188 - INFO - Ingress_Enter XLP1YJHI
2025-03-31 23:53:42,189 - INFO - Ingress_Exit 3GD0HRSG
2025-03-31 23:53:42,220 - INFO - Ingress_Exit 6J5EYNE0
2025-03-31 23:53:42,345 - INFO - Ingress_Enter C614ANA4
2025-03-31 23:53:42,417 - INFO - Ingress_Enter 35WBZ9D4
2025-03-31 23:53:42,469 - INFO - Ingress_Exit C614ANA4
2025-03-31 23:53:42,634 - INFO - Ingress_Exit 35WBZ9D4
2025-03-31 23:53:42,638 - INFO - Ingress_Enter 80NZ2HEY
2025-03-31 23:53:42,644 - INFO - Ingress_Exit XLP1YJHI
2025-03-31 23:53:42,773 - INFO - Ingress_Enter 8HBGTR4C
2025-03-31 23:53:42,908 - INFO - Ingress_Enter WTD0BG2R
2025-03-31 23:53:42,914 - INFO - Ingress_Exit 80NZ2HEY
2025-03-31 23:53:42,979 - INFO - Ingress_Exit 8HBGTR4C
2025-03-31 23:53:43,036 - INFO - Ingress_Exit WTD0BG2R
2025-03-31 23:53:43,154 - INFO - Ingress_Enter CM939FQC
2025-03-31 23:53:43,347 - INFO - Ingress_Enter 5EGVHLDD
2025-03-31 23:53:43,361 - INFO - Ingress_Exit CM939FQC
2025-03-31 23:53:43,432 - INFO - Ingress_Enter KFKS3GQO
2025-03-31 23:53:43,480 - INFO - Ingress_Enter 0A5P9MOR
2025-03-31 23:53:43,532 - INFO - Ingress_Exit KFKS3GQO
2025-03-31 23:53:43,685 - INFO - Ingress_Exit 5EGVHLDD
2025-03-31 23:53:43,727 - INFO - Ingress_Exit 0A5P9MOR
2025-03-31 23:53:43,761 - INFO - Ingress_Enter BFST4WRB
2025-03-31 23:53:43,884 - INFO - Ingress_Enter 406CGGMJ
2025-03-31 23:53:44,007 - INFO - Ingress_Exit BFST4WRB
2025-03-31 23:53:44,052 - INFO - Ingress_Enter D1KZVD7O
2025-03-31 23:53:44,101 - INFO - Ingress_Enter TFGXH5ZW
2025-03-31 23:53:44,113 - INFO - Ingress_Enter 4B1M4135
2025-03-31 23:53:44,141 - INFO - Ingress_Exit 406CGGMJ
2025-03-31 23:53:44,284 - INFO - Ingress_Exit D1KZVD7O
2025-03-31 23:53:44,331 - INFO - Ingress_Enter 1Y3VRX0B
2025-03-31 23:53:44,373 - INFO - Ingress_Exit TFGXH5ZW
2025-03-31 23:53:44,374 - INFO - Ingress_Exit 4B1M4135
2025-03-31 23:53:44,381 - INFO - Ingress_Enter 67F5N2QU
2025-03-31 23:53:44,511 - INFO - Ingress_Exit 1Y3VRX0B
2025-03-31 23:53:44,570 - INFO - Ingress_Exit 67F5N2QU
2025-03-31 23:53:44,682 - INFO - Ingress_Enter 01OPT6LF
2025-03-31 23:53:44,965 - INFO - Ingress_Exit 01OPT6LF
2025-03-31 23:53:45,010 - INFO - Ingress_Enter DCR20YK3
2025-03-31 23:53:45,072 - INFO - Ingress_Enter XYW3NPXK
2025-03-31 23:53:45,132 - INFO - Ingress_Enter PA0CJRE5
2025-03-31 23:53:45,138 - INFO - Ingress_Exit DCR20YK3
2025-03-31 23:53:45,236 - INFO - Ingress_Exit XYW3NPXK
2025-03-31 23:53:45,267 - INFO - Ingress_Exit PA0CJRE5
2025-03-31 23:53:45,279 - INFO - Ingress_Enter B1XHI8RR
2025-03-31 23:53:45,376 - INFO - Ingress_Enter Y2CU5ROB
2025-03-31 23:53:45,398 - INFO - Ingress_Exit B1XHI8RR
2025-03-31 23:53:45,522 - INFO - Ingress_Enter A0AXJTDX
2025-03-31 23:53:45,582 - INFO - Ingress_Exit Y2CU5ROB
2025-03-31 23:53:45,627 - INFO - Ingress_Exit A0AXJTDX
2025-03-31 23:53:45,657 - INFO - Ingress_Enter 4LMBGI6V
2025-03-31 23:53:45,705 - INFO - Ingress_Enter LWDBRP55
2025-03-31 23:53:45,829 - INFO - Ingress_Exit 4LMBGI6V
2025-03-31 23:53:45,830 - INFO - Ingress_Exit LWDBRP55
2025-03-31 23:53:45,948 - INFO - Ingress_Enter Y10T3RKJ
2025-03-31 23:53:46,021 - INFO - Ingress_Enter D16FO05U
2025-03-31 23:53:46,144 - INFO - Ingress_Enter TG0D6A2O
2025-03-31 23:53:46,162 - INFO - Ingress_Exit D16FO05U
2025-03-31 23:53:46,200 - INFO - Ingress_Exit Y10T3RKJ
2025-03-31 23:53:46,217 - INFO - Ingress_Enter 16JFPLOV
2025-03-31 23:53:46,356 - INFO - Ingress_Exit TG0D6A2O
2025-03-31 23:53:46,380 - INFO - Ingress_Exit 16JFPLOV
2025-03-31 23:53:46,496 - INFO - Ingress_Enter 0UTL6SS5
2025-03-31 23:53:46,556 - INFO - Ingress_Enter HOREDOS5
2025-03-31 23:53:46,569 - INFO - Ingress_Enter 5D4JK8U4
2025-03-31 23:53:46,581 - INFO - Ingress_Enter PUGM4HIT
2025-03-31 23:53:46,678 - INFO - Ingress_Exit 0UTL6SS5
2025-03-31 23:53:46,706 - INFO - Ingress_Exit 5D4JK8U4
2025-03-31 23:53:46,776 - INFO - Ingress_Exit PUGM4HIT
2025-03-31 23:53:46,778 - INFO - Ingress_Exit HOREDOS5
2025-03-31 23:53:46,912 - INFO - Ingress_Enter 974S5H2Q
2025-03-31 23:53:47,072 - INFO - Ingress_Enter T2D18C9Q
2025-03-31 23:53:47,111 - INFO - Ingress_Exit 974S5H2Q
2025-03-31 23:53:47,198 - INFO - Ingress_Enter AONNUMHX
2025-03-31 23:53:47,216 - INFO - Ingress_Enter DQ4JC0C1
2025-03-31 23:53:47,289 - INFO - Ingress_Enter RE0RPX1E
2025-03-31 23:53:47,301 - INFO - Ingress_Enter 6HBL432F
2025-03-31 23:53:47,313 - INFO - Ingress_Exit T2D18C9Q
2025-03-31 23:53:47,337 - INFO - Ingress_Enter 701IV982
2025-03-31 23:53:47,395 - INFO - Ingress_Exit AONNUMHX
2025-03-31 23:53:47,428 - INFO - Ingress_Exit DQ4JC0C1
2025-03-31 23:53:47,494 - INFO - Ingress_Exit 6HBL432F
2025-03-31 23:53:47,515 - INFO - Ingress_Exit RE0RPX1E
2025-03-31 23:53:47,641 - INFO - Ingress_Exit 701IV982
2025-03-31 23:53:47,741 - INFO - Ingress_Enter PAGBIGNZ
2025-03-31 23:53:47,752 - INFO - Ingress_Enter ZHBSXL4V
2025-03-31 23:53:47,916 - INFO - Ingress_Enter SYH2IINE
2025-03-31 23:53:47,917 - INFO - Ingress_Exit ZHBSXL4V
2025-03-31 23:53:47,938 - INFO - Ingress_Enter MO2KLXD0
2025-03-31 23:53:48,044 - INFO - Ingress_Exit PAGBIGNZ
2025-03-31 23:53:48,096 - INFO - Ingress_Enter I36C1HZ5
2025-03-31 23:53:48,143 - INFO - Ingress_Exit MO2KLXD0
2025-03-31 23:53:48,146 - INFO - Ingress_Enter 6DYSVXSF
2025-03-31 23:53:48,257 - INFO - Ingress_Exit SYH2IINE
2025-03-31 23:53:48,279 - INFO - Ingress_Enter E50TPXFX
2025-03-31 23:53:48,316 - INFO - Ingress_Enter 0HZVW0W4
2025-03-31 23:53:48,333 - INFO - Ingress_Exit I36C1HZ5
2025-03-31 23:53:48,403 - INFO - Ingress_Exit 6DYSVXSF
2025-03-31 23:53:48,483 - INFO - Ingress_Exit E50TPXFX
2025-03-31 23:53:48,484 - INFO - Ingress_Exit 0HZVW0W4
2025-03-31 23:53:48,715 - INFO - Ingress_Enter 0IM39ZYA
2025-03-31 23:53:48,740 - INFO - Ingress_Enter 89VV8KG4
2025-03-31 23:53:48,880 - INFO - Ingress_Enter AGKDSP05
2025-03-31 23:53:48,922 - INFO - Ingress_Exit 0IM39ZYA
2025-03-31 23:53:49,022 - INFO - Ingress_Exit 89VV8KG4
2025-03-31 23:53:49,237 - INFO - Ingress_Enter MDA1NT9R
2025-03-31 23:53:49,319 - INFO - Ingress_Exit AGKDSP05
2025-03-31 23:53:49,363 - INFO - Ingress_Enter IUHLAYAJ
2025-03-31 23:53:49,433 - INFO - Ingress_Enter ZFN7TEGK
2025-03-31 23:53:49,629 - INFO - Ingress_Exit MDA1NT9R
2025-03-31 23:53:49,638 - INFO - Ingress_Exit IUHLAYAJ
2025-03-31 23:53:49,642 - INFO - Ingress_Exit ZFN7TEGK
2025-03-31 23:53:49,797 - INFO - Ingress_Enter M3MKIXOG
2025-03-31 23:53:49,918 - INFO - Ingress_Exit M3MKIXOG
2025-03-31 23:53:49,968 - INFO - Ingress_Enter TVSZ86GT
2025-03-31 23:53:50,028 - INFO - Ingress_Enter HPY6UUCL
2025-03-31 23:53:50,110 - INFO - Ingress_Exit TVSZ86GT
2025-03-31 23:53:50,175 - INFO - Ingress_Enter WZC1UR2T
2025-03-31 23:53:50,251 - INFO - Ingress_Exit HPY6UUCL
2025-03-31 23:53:50,307 - INFO - Ingress_Enter 0KVILOKX
2025-03-31 23:53:50,320 - INFO - Ingress_Enter K6M6ZVSX
2025-03-31 23:53:50,440 - INFO - Ingress_Enter RB7S10R6
2025-03-31 23:53:50,480 - INFO - Ingress_Exit WZC1UR2T
2025-03-31 23:53:50,633 - INFO - Ingress_Exit RB7S10R6
2025-03-31 23:53:50,675 - INFO - Ingress_Exit 0KVILOKX
2025-03-31 23:53:50,676 - INFO - Ingress_Exit K6M6ZVSX
2025-03-31 23:53:51,034 - INFO - Ingress_Enter 6XU7JMTI
2025-03-31 23:53:51,095 - INFO - Ingress_Enter NAP3XMY6
2025-03-31 23:53:51,107 - INFO - Ingress_Enter DLNY7G6L
2025-03-31 23:53:51,226 - INFO - Ingress_Exit NAP3XMY6
2025-03-31 23:53:51,340 - INFO - Ingress_Enter CZG04AS9
2025-03-31 23:53:51,352 - INFO - Ingress_Enter FYJNGCWF
2025-03-31 23:53:51,365 - INFO - Ingress_Exit 6XU7JMTI
2025-03-31 23:53:51,396 - INFO - Ingress_Exit DLNY7G6L
2025-03-31 23:53:51,415 - INFO - Ingress_Enter CZYCJSOP
2025-03-31 23:53:51,552 - INFO - Ingress_Exit FYJNGCWF
2025-03-31 23:53:51,565 - INFO - Ingress_Exit CZG04AS9
2025-03-31 23:53:51,585 - INFO - Ingress_Exit CZYCJSOP
2025-03-31 23:53:51,814 - INFO - Ingress_Enter JVRHLHM2
2025-03-31 23:53:51,825 - INFO - Ingress_Enter SCOFA1FH
2025-03-31 23:53:51,850 - INFO - Ingress_Enter 99UF4EC6
2025-03-31 23:53:51,962 - INFO - Ingress_Exit JVRHLHM2
2025-03-31 23:53:52,016 - INFO - Ingress_Exit SCOFA1FH
2025-03-31 23:53:52,018 - INFO - Ingress_Exit 99UF4EC6
2025-03-31 23:53:52,068 - INFO - Ingress_Enter 475KT32H
2025-03-31 23:53:52,301 - INFO - Ingress_Exit 475KT32H
2025-03-31 23:53:52,479 - INFO - Ingress_Enter CILVFNWE
2025-03-31 23:53:52,599 - INFO - Ingress_Enter QFP2FYLW
2025-03-31 23:53:52,672 - INFO - Ingress_Enter 2XTHKN36
2025-03-31 23:53:52,685 - INFO - Ingress_Enter LS7KZCLE
2025-03-31 23:53:52,746 - INFO - Ingress_Exit CILVFNWE
2025-03-31 23:53:52,854 - INFO - Ingress_Exit QFP2FYLW
2025-03-31 23:53:52,855 - INFO - Ingress_Exit 2XTHKN36
2025-03-31 23:53:52,861 - INFO - Ingress_Exit LS7KZCLE
2025-03-31 23:53:52,889 - INFO - Ingress_Enter QP8QP3N6
2025-03-31 23:53:52,913 - INFO - Ingress_Enter 3K5HWM5W
2025-03-31 23:53:52,999 - INFO - Ingress_Exit QP8QP3N6
2025-03-31 23:53:53,056 - INFO - Ingress_Exit 3K5HWM5W
2025-03-31 23:53:53,532 - INFO - Ingress_Enter JQG0Z2QU
2025-03-31 23:53:53,629 - INFO - Ingress_Enter IDYRRHC9
2025-03-31 23:53:53,760 - INFO - Ingress_Exit JQG0Z2QU
2025-03-31 23:53:53,826 - INFO - Ingress_Enter CAZJ28BB
2025-03-31 23:53:53,871 - INFO - Ingress_Exit IDYRRHC9
2025-03-31 23:53:53,874 - INFO - Ingress_Enter 96W6Q6R2
2025-03-31 23:53:53,972 - INFO - Ingress_Enter 7616XVQA
2025-03-31 23:53:54,000 - INFO - Ingress_Exit CAZJ28BB
2025-03-31 23:53:54,113 - INFO - Ingress_Exit 96W6Q6R2
2025-03-31 23:53:54,247 - INFO - Ingress_Exit 7616XVQA
2025-03-31 23:53:54,495 - INFO - Ingress_Enter 6ODGBO42
2025-03-31 23:53:54,507 - INFO - Ingress_Enter F37HHQKJ
2025-03-31 23:53:54,665 - INFO - Ingress_Enter 1YQ0PQ8C
2025-03-31 23:53:54,689 - INFO - Ingress_Enter LS8T489P
2025-03-31 23:53:54,771 - INFO - Ingress_Exit 6ODGBO42
2025-03-31 23:53:54,772 - INFO - Ingress_Exit F37HHQKJ
2025-03-31 23:53:54,823 - INFO - Ingress_Exit LS8T489P
2025-03-31 23:53:54,845 - INFO - Ingress_Enter FLU9CLX6
2025-03-31 23:53:54,893 - INFO - Ingress_Enter PBXV9GSE
2025-03-31 23:53:54,904 - INFO - Ingress_Exit 1YQ0PQ8C
2025-03-31 23:53:55,024 - INFO - Ingress_Exit FLU9CLX6
2025-03-31 23:53:55,063 - INFO - Ingress_Enter AFQG7XPQ
2025-03-31 23:53:55,068 - INFO - Ingress_Exit PBXV9GSE
2025-03-31 23:53:55,229 - INFO - Ingress_Exit AFQG7XPQ
2025-03-31 23:53:55,318 - INFO - Ingress_Enter VAMT1M2F
2025-03-31 23:53:55,330 - INFO - Ingress_Enter IHTAH2ZI
2025-03-31 23:53:55,390 - INFO - Ingress_Enter 56DC558C
2025-03-31 23:53:55,427 - INFO - Ingress_Enter V4B19F7A
2025-03-31 23:53:55,508 - INFO - Ingress_Exit VAMT1M2F
2025-03-31 23:53:55,509 - INFO - Ingress_Exit IHTAH2ZI
2025-03-31 23:53:55,560 - INFO - Ingress_Exit V4B19F7A
2025-03-31 23:53:55,631 - INFO - Ingress_Exit 56DC558C
2025-03-31 23:53:55,695 - INFO - Ingress_Enter 7W4SQLDM
2025-03-31 23:53:55,732 - INFO - Ingress_Enter FDC1Y2UM
2025-03-31 23:53:55,905 - INFO - Ingress_Exit 7W4SQLDM
2025-03-31 23:53:55,932 - INFO - Ingress_Exit FDC1Y2UM
2025-03-31 23:53:55,950 - INFO - Ingress_Enter VVSX6E0P
2025-03-31 23:53:55,962 - INFO - Ingress_Enter P4LJID2M
2025-03-31 23:53:56,037 - INFO - Ingress_Enter ZTKT6QKO
2025-03-31 23:53:56,060 - INFO - Ingress_Enter UJVE4BD6
2025-03-31 23:53:56,068 - INFO - Ingress_Exit VVSX6E0P
2025-03-31 23:53:56,168 - INFO - Ingress_Exit ZTKT6QKO
2025-03-31 23:53:56,223 - INFO - Ingress_Exit UJVE4BD6
2025-03-31 23:53:56,231 - INFO - Ingress_Exit P4LJID2M
2025-03-31 23:53:56,352 - INFO - Ingress_Enter B80HPG1E
2025-03-31 23:53:56,427 - INFO - Ingress_Enter 33Y8PU48
2025-03-31 23:53:56,451 - INFO - Ingress_Enter SG3407TB
2025-03-31 23:53:56,464 - INFO - Ingress_Enter TGZ2DBMA
2025-03-31 23:53:56,528 - INFO - Ingress_Exit B80HPG1E
2025-03-31 23:53:56,548 - INFO - Ingress_Enter 9F7H8RPV
2025-03-31 23:53:56,615 - INFO - Ingress_Exit 33Y8PU48
2025-03-31 23:53:56,663 - INFO - Ingress_Exit SG3407TB
2025-03-31 23:53:56,672 - INFO - Ingress_Exit TGZ2DBMA
2025-03-31 23:53:56,766 - INFO - Ingress_Exit 9F7H8RPV
2025-03-31 23:53:56,793 - INFO - Ingress_Enter F4I60IBE
2025-03-31 23:53:56,933 - INFO - Ingress_Exit F4I60IBE
2025-03-31 23:53:57,058 - INFO - Ingress_Enter Y5ZJ6ZY8
2025-03-31 23:53:57,132 - INFO - Ingress_Enter V2O37IZ1
2025-03-31 23:53:57,232 - INFO - Ingress_Exit Y5ZJ6ZY8
2025-03-31 23:53:57,321 - INFO - Ingress_Exit V2O37IZ1
2025-03-31 23:53:57,522 - INFO - Ingress_Enter 8IJG5IJE
2025-03-31 23:53:57,545 - INFO - Ingress_Enter 96FY5IHA
2025-03-31 23:53:57,569 - INFO - Ingress_Enter YXJB4R11
2025-03-31 23:53:57,606 - INFO - Ingress_Enter YUNARKHQ
2025-03-31 23:53:57,756 - INFO - Ingress_Exit 96FY5IHA
2025-03-31 23:53:57,761 - INFO - Ingress_Exit 8IJG5IJE
2025-03-31 23:53:57,818 - INFO - Ingress_Exit YUNARKHQ
2025-03-31 23:53:57,864 - INFO - Ingress_Exit YXJB4R11
2025-03-31 23:53:58,645 - INFO - Ingress_Enter XLN5LKH1
2025-03-31 23:53:58,658 - INFO - Ingress_Enter 7A5GY9VJ
2025-03-31 23:53:58,717 - INFO - Ingress_Enter WEO2YS1N
2025-03-31 23:53:58,837 - INFO - Ingress_Enter 37A8CQLM
2025-03-31 23:53:58,903 - INFO - Ingress_Exit 7A5GY9VJ
2025-03-31 23:53:58,923 - INFO - Ingress_Exit XLN5LKH1
2025-03-31 23:53:58,983 - INFO - Ingress_Enter 1WFJ2PWO
2025-03-31 23:53:59,008 - INFO - Ingress_Enter 9S51WWM6
2025-03-31 23:53:59,019 - INFO - Ingress_Exit WEO2YS1N
2025-03-31 23:53:59,072 - INFO - Ingress_Exit 37A8CQLM
2025-03-31 23:53:59,184 - INFO - Ingress_Exit 1WFJ2PWO
2025-03-31 23:53:59,272 - INFO - Ingress_Exit 9S51WWM6
2025-03-31 23:53:59,421 - INFO - Ingress_Enter SN0LH2SQ
2025-03-31 23:53:59,438 - INFO - Ingress_Enter XQXJIJIH
2025-03-31 23:53:59,494 - INFO - Ingress_Enter 71HFW1DW
2025-03-31 23:53:59,612 - INFO - Ingress_Exit SN0LH2SQ
2025-03-31 23:53:59,665 - INFO - Ingress_Exit XQXJIJIH
2025-03-31 23:53:59,666 - INFO - Ingress_Exit 71HFW1DW
2025-03-31 23:53:59,944 - INFO - Ingress_Enter MS1S13V3
2025-03-31 23:54:00,054 - INFO - Ingress_Enter EMOW6HPM
2025-03-31 23:54:00,200 - INFO - Ingress_Exit MS1S13V3
2025-03-31 23:54:00,206 - INFO - Ingress_Exit EMOW6HPM
2025-03-31 23:54:00,249 - INFO - Ingress_Enter PDMG4IR0
2025-03-31 23:54:00,433 - INFO - Ingress_Exit PDMG4IR0
2025-03-31 23:54:00,478 - INFO - Ingress_Enter MP9AKBS8
2025-03-31 23:54:00,566 - INFO - Ingress_Enter NBQOT51U
2025-03-31 23:54:00,613 - INFO - Ingress_Enter OHBIHSEN
2025-03-31 23:54:00,708 - INFO - Ingress_Exit NBQOT51U
2025-03-31 23:54:00,749 - INFO - Ingress_Exit MP9AKBS8
2025-03-31 23:54:00,790 - INFO - Ingress_Exit OHBIHSEN
2025-03-31 23:54:00,818 - INFO - Ingress_Enter 8K4DQ0IJ
2025-03-31 23:54:00,892 - INFO - Ingress_Enter 55ZHHE3W
2025-03-31 23:54:01,032 - INFO - Ingress_Exit 8K4DQ0IJ
2025-03-31 23:54:01,037 - INFO - Ingress_Enter U0RPARE7
2025-03-31 23:54:01,074 - INFO - Ingress_Enter A0CNP954
2025-03-31 23:54:01,221 - INFO - Ingress_Enter JRV99OHN
2025-03-31 23:54:01,226 - INFO - Ingress_Exit 55ZHHE3W
2025-03-31 23:54:01,304 - INFO - Ingress_Exit U0RPARE7
2025-03-31 23:54:01,320 - INFO - Ingress_Exit A0CNP954
2025-03-31 23:54:01,405 - INFO - Ingress_Exit JRV99OHN
2025-03-31 23:54:01,730 - INFO - Ingress_Enter CSGX947Z
2025-03-31 23:54:01,814 - INFO - Ingress_Enter L8TGJIAB
2025-03-31 23:54:01,921 - INFO - Ingress_Enter 55FSRAMU
2025-03-31 23:54:01,927 - INFO - Ingress_Exit CSGX947Z
2025-03-31 23:54:01,972 - INFO - Ingress_Exit L8TGJIAB
2025-03-31 23:54:02,054 - INFO - Ingress_Enter YKVCLSDH
2025-03-31 23:54:02,071 - INFO - Ingress_Exit 55FSRAMU
2025-03-31 23:54:02,152 - INFO - Ingress_Enter K1TGHDS1
2025-03-31 23:54:02,192 - INFO - Ingress_Exit YKVCLSDH
2025-03-31 23:54:02,298 - INFO - Ingress_Enter MZC5SSOB
2025-03-31 23:54:02,329 - INFO - Ingress_Exit K1TGHDS1
2025-03-31 23:54:02,358 - INFO - Ingress_Enter 1CESDVKF
2025-03-31 23:54:02,495 - INFO - Ingress_Exit MZC5SSOB
2025-03-31 23:54:02,516 - INFO - Ingress_Enter Z1KGE2G4
2025-03-31 23:54:02,686 - INFO - Ingress_Enter YH5FSVS4
2025-03-31 23:54:02,709 - INFO - Ingress_Exit 1CESDVKF
2025-03-31 23:54:02,734 - INFO - Ingress_Enter XVC0RF0D
2025-03-31 23:54:02,798 - INFO - Ingress_Exit Z1KGE2G4
2025-03-31 23:54:02,808 - INFO - Ingress_Enter JK1J6X69
2025-03-31 23:54:02,892 - INFO - Ingress_Enter D7PXRFQK
2025-03-31 23:54:02,899 - INFO - Ingress_Exit YH5FSVS4
2025-03-31 23:54:02,955 - INFO - Ingress_Exit JK1J6X69
2025-03-31 23:54:02,984 - INFO - Ingress_Exit XVC0RF0D
2025-03-31 23:54:03,066 - INFO - Ingress_Exit D7PXRFQK
2025-03-31 23:54:03,663 - INFO - Ingress_Enter IE9VG1TU
2025-03-31 23:54:03,815 - INFO - Ingress_Enter OWJQSHQG
2025-03-31 23:54:03,877 - INFO - Ingress_Enter U5UC7H53
2025-03-31 23:54:03,890 - INFO - Ingress_Exit IE9VG1TU
2025-03-31 23:54:03,960 - INFO - Ingress_Exit OWJQSHQG
2025-03-31 23:54:03,995 - INFO - Ingress_Exit U5UC7H53
2025-03-31 23:54:04,192 - INFO - Ingress_Enter UN9DLV79
2025-03-31 23:54:04,301 - INFO - Ingress_Enter 5GHM6NII
2025-03-31 23:54:04,394 - INFO - Ingress_Exit UN9DLV79
2025-03-31 23:54:04,513 - INFO - Ingress_Exit 5GHM6NII
2025-03-31 23:54:04,679 - INFO - Ingress_Enter 6ZH8161Q
2025-03-31 23:54:04,691 - INFO - Ingress_Enter FAPT1UYB
2025-03-31 23:54:04,824 - INFO - Ingress_Exit 6ZH8161Q
2025-03-31 23:54:04,827 - INFO - Ingress_Enter JN3IXJNX
2025-03-31 23:54:04,898 - INFO - Ingress_Enter 3X4YWFIX
2025-03-31 23:54:04,923 - INFO - Ingress_Exit JN3IXJNX
2025-03-31 23:54:04,995 - INFO - Ingress_Exit FAPT1UYB
2025-03-31 23:54:05,021 - INFO - Ingress_Enter 52EGMSFA
2025-03-31 23:54:05,081 - INFO - Ingress_Exit 3X4YWFIX
2025-03-31 23:54:05,182 - INFO - Ingress_Exit 52EGMSFA
2025-03-31 23:54:05,263 - INFO - Ingress_Enter W70S7RQT
2025-03-31 23:54:05,486 - INFO - Ingress_Exit W70S7RQT
2025-03-31 23:54:05,631 - INFO - Ingress_Enter 6CCWCFX3
2025-03-31 23:54:05,800 - INFO - Ingress_Enter VID4FYO0
2025-03-31 23:54:05,832 - INFO - Ingress_Exit 6CCWCFX3
2025-03-31 23:54:05,981 - INFO - Ingress_Exit VID4FYO0
2025-03-31 23:54:05,993 - INFO - Ingress_Enter 5O3QCHJW
2025-03-31 23:54:06,125 - INFO - Ingress_Enter 76QL35CH
2025-03-31 23:54:06,139 - INFO - Ingress_Exit 5O3QCHJW
2025-03-31 23:54:06,223 - INFO - Ingress_Enter LKO6J2OY
2025-03-31 23:54:06,234 - INFO - Ingress_Enter K5JTCUDD
2025-03-31 23:54:06,332 - INFO - Ingress_Enter A9FLZ84T
2025-03-31 23:54:06,345 - INFO - Ingress_Exit 76QL35CH
2025-03-31 23:54:06,442 - INFO - Ingress_Exit K5JTCUDD
2025-03-31 23:54:06,444 - INFO - Ingress_Exit LKO6J2OY
2025-03-31 23:54:06,673 - INFO - Ingress_Exit A9FLZ84T
2025-03-31 23:54:06,782 - INFO - Ingress_Enter IY5D9FTJ
2025-03-31 23:54:06,794 - INFO - Ingress_Enter KED5OLBN
2025-03-31 23:54:06,818 - INFO - Ingress_Enter BUSHGB46
2025-03-31 23:54:06,866 - INFO - Ingress_Enter CE90VPJ4
2025-03-31 23:54:06,957 - INFO - Ingress_Exit KED5OLBN
2025-03-31 23:54:06,999 - INFO - Ingress_Exit BUSHGB46
2025-03-31 23:54:07,025 - INFO - Ingress_Enter Q0E1VNAE
2025-03-31 23:54:07,115 - INFO - Ingress_Exit Q0E1VNAE
2025-03-31 23:54:07,119 - INFO - Ingress_Exit IY5D9FTJ
2025-03-31 23:54:07,120 - INFO - Ingress_Exit CE90VPJ4
2025-03-31 23:54:07,147 - INFO - Ingress_Enter 30Z9L6R8
2025-03-31 23:54:07,361 - INFO - Ingress_Enter XA6HHIQ2
2025-03-31 23:54:07,391 - INFO - Ingress_Exit 30Z9L6R8
2025-03-31 23:54:07,402 - INFO - Ingress_Enter WDZGRJPU
2025-03-31 23:54:07,412 - INFO - Ingress_Enter KQSSTKJO
2025-03-31 23:54:07,578 - INFO - Ingress_Exit XA6HHIQ2
2025-03-31 23:54:07,656 - INFO - Ingress_Exit WDZGRJPU
2025-03-31 23:54:07,675 - INFO - Ingress_Exit KQSSTKJO
2025-03-31 23:54:07,803 - INFO - Ingress_Enter RSBJV9FB
2025-03-31 23:54:07,813 - INFO - Ingress_Enter RSW77WV0
2025-03-31 23:54:07,955 - INFO - Ingress_Exit RSBJV9FB
2025-03-31 23:54:08,020 - INFO - Ingress_Enter RUHDUJ1U
2025-03-31 23:54:08,125 - INFO - Ingress_Exit RSW77WV0
2025-03-31 23:54:08,130 - INFO - Ingress_Enter Q7L1GM7J
2025-03-31 23:54:08,210 - INFO - Ingress_Exit RUHDUJ1U
2025-03-31 23:54:08,286 - INFO - Ingress_Enter O99OC301
2025-03-31 23:54:08,413 - INFO - Ingress_Exit O99OC301
2025-03-31 23:54:08,447 - INFO - Ingress_Exit Q7L1GM7J
2025-03-31 23:54:08,457 - INFO - Ingress_Enter OSIMG4JZ
2025-03-31 23:54:08,492 - INFO - Ingress_Enter COT6GVFK
2025-03-31 23:54:08,601 - INFO - Ingress_Enter 7AM3AS9H
2025-03-31 23:54:08,634 - INFO - Ingress_Exit OSIMG4JZ
2025-03-31 23:54:08,692 - INFO - Ingress_Exit COT6GVFK
2025-03-31 23:54:08,760 - INFO - Ingress_Exit 7AM3AS9H
2025-03-31 23:54:09,229 - INFO - Ingress_Enter EJQRVKLO
2025-03-31 23:54:09,435 - INFO - Ingress_Enter 6C1R7ODA
2025-03-31 23:54:09,484 - INFO - Ingress_Enter KKTQVONN
2025-03-31 23:54:09,615 - INFO - Ingress_Exit EJQRVKLO
2025-03-31 23:54:09,618 - INFO - Ingress_Enter 44EMJDKP
2025-03-31 23:54:09,734 - INFO - Ingress_Exit KKTQVONN
2025-03-31 23:54:09,743 - INFO - Ingress_Exit 6C1R7ODA
2025-03-31 23:54:09,818 - INFO - Ingress_Exit 44EMJDKP
2025-03-31 23:54:09,985 - INFO - Ingress_Enter IXMEH3Z0
2025-03-31 23:54:10,072 - INFO - Ingress_Enter MQWJFWQV
2025-03-31 23:54:10,175 - INFO - Ingress_Exit MQWJFWQV
2025-03-31 23:54:10,231 - INFO - Ingress_Enter 5KSIWY3V
2025-03-31 23:54:10,255 - INFO - Ingress_Enter L2Z0XSSO
2025-03-31 23:54:10,260 - INFO - Ingress_Exit IXMEH3Z0
2025-03-31 23:54:10,489 - INFO - Ingress_Enter 5AVVY3CF
2025-03-31 23:54:10,531 - INFO - Ingress_Exit 5KSIWY3V
2025-03-31 23:54:10,532 - INFO - Ingress_Exit L2Z0XSSO
2025-03-31 23:54:10,648 - INFO - Ingress_Enter NJF7P8OO
2025-03-31 23:54:10,771 - INFO - Ingress_Exit 5AVVY3CF
2025-03-31 23:54:10,782 - INFO - Ingress_Enter 7Q6RWK2U
2025-03-31 23:54:10,794 - INFO - Ingress_Exit NJF7P8OO
2025-03-31 23:54:10,903 - INFO - Ingress_Enter J5TF5BH8
2025-03-31 23:54:10,976 - INFO - Ingress_Exit 7Q6RWK2U
2025-03-31 23:54:11,031 - INFO - Ingress_Exit J5TF5BH8
2025-03-31 23:54:11,109 - INFO - Ingress_Enter K6CIRDFQ
2025-03-31 23:54:11,156 - INFO - Ingress_Enter ZH01QD8J
2025-03-31 23:54:11,337 - INFO - Ingress_Enter Q0HWB03X
2025-03-31 23:54:11,357 - INFO - Ingress_Exit K6CIRDFQ
2025-03-31 23:54:11,384 - INFO - Ingress_Exit ZH01QD8J
2025-03-31 23:54:11,473 - INFO - Ingress_Enter 0ESB0DG9
2025-03-31 23:54:11,653 - INFO - Ingress_Enter LWMY1XJH
2025-03-31 23:54:11,659 - INFO - Ingress_Exit Q0HWB03X
2025-03-31 23:54:11,794 - INFO - Ingress_Exit LWMY1XJH
2025-03-31 23:54:11,853 - INFO - Ingress_Exit 0ESB0DG9
2025-03-31 23:54:11,980 - INFO - Ingress_Enter 7E2QWUSZ
2025-03-31 23:54:12,004 - INFO - Ingress_Enter T7CPRP2V
2025-03-31 23:54:12,027 - INFO - Ingress_Enter W3JI2VMN
2025-03-31 23:54:12,099 - INFO - Ingress_Exit 7E2QWUSZ
2025-03-31 23:54:12,133 - INFO - Ingress_Exit T7CPRP2V
2025-03-31 23:54:12,190 - INFO - Ingress_Exit W3JI2VMN
2025-03-31 23:54:12,234 - INFO - Ingress_Enter 3J2XHW8U
2025-03-31 23:54:12,398 - INFO - Ingress_Exit 3J2XHW8U
2025-03-31 23:54:12,430 - INFO - Ingress_Enter 7RV19NTO
2025-03-31 23:54:12,491 - INFO - Ingress_Enter K30B52NP
2025-03-31 23:54:12,527 - INFO - Ingress_Enter DNGSN51L
2025-03-31 23:54:12,542 - INFO - Ingress_Exit 7RV19NTO
2025-03-31 23:54:12,617 - INFO - Ingress_Exit K30B52NP
2025-03-31 23:54:12,734 - INFO - Ingress_Exit DNGSN51L
2025-03-31 23:54:13,087 - INFO - Ingress_Enter NZNTM5UT
2025-03-31 23:54:13,188 - INFO - Ingress_Exit NZNTM5UT
2025-03-31 23:54:13,327 - INFO - Ingress_Enter Q22HH382
2025-03-31 23:54:13,402 - INFO - Ingress_Enter UUO3QOM1
2025-03-31 23:54:13,473 - INFO - Ingress_Exit Q22HH382
2025-03-31 23:54:13,498 - INFO - Ingress_Enter VJVQGPO2
2025-03-31 23:54:13,515 - INFO - Ingress_Exit UUO3QOM1
2025-03-31 23:54:13,521 - INFO - Ingress_Enter 13PSC71G
2025-03-31 23:54:13,594 - INFO - Ingress_Enter 9R7O099Z
2025-03-31 23:54:13,765 - INFO - Ingress_Exit VJVQGPO2
2025-03-31 23:54:13,766 - INFO - Ingress_Exit 13PSC71G
2025-03-31 23:54:13,949 - INFO - Ingress_Enter K0ATTU70
2025-03-31 23:54:14,104 - INFO - Ingress_Exit 9R7O099Z
2025-03-31 23:54:14,143 - INFO - Ingress_Exit K0ATTU70
2025-03-31 23:54:14,168 - INFO - Ingress_Enter D6GJ0LQY
2025-03-31 23:54:14,181 - INFO - Ingress_Enter JHDIJXG6
2025-03-31 23:54:14,311 - INFO - Ingress_Enter 9R1LFAEF
2025-03-31 23:54:14,323 - INFO - Ingress_Enter RNWBSP8N
2025-03-31 23:54:14,400 - INFO - Ingress_Exit D6GJ0LQY
2025-03-31 23:54:14,405 - INFO - Ingress_Exit JHDIJXG6
2025-03-31 23:54:14,457 - INFO - Ingress_Exit RNWBSP8N
2025-03-31 23:54:14,547 - INFO - Ingress_Exit 9R1LFAEF
2025-03-31 23:54:14,716 - INFO - Ingress_Enter L9TLKJ22
2025-03-31 23:54:14,753 - INFO - Ingress_Enter 4KE7CWRX
2025-03-31 23:54:14,862 - INFO - Ingress_Exit L9TLKJ22
2025-03-31 23:54:14,915 - INFO - Ingress_Enter A4KTY696
2025-03-31 23:54:14,927 - INFO - Ingress_Enter B7JD1YGJ
2025-03-31 23:54:14,975 - INFO - Ingress_Exit 4KE7CWRX
2025-03-31 23:54:15,081 - INFO - Ingress_Exit A4KTY696
2025-03-31 23:54:15,131 - INFO - Ingress_Exit B7JD1YGJ
2025-03-31 23:54:15,253 - INFO - Ingress_Enter 3IL8MOMR
2025-03-31 23:54:15,325 - INFO - Ingress_Enter IYENPE4E
2025-03-31 23:54:15,349 - INFO - Ingress_Enter D2JK59ZM
2025-03-31 23:54:15,409 - INFO - Ingress_Enter BFXCVAW4
2025-03-31 23:54:15,454 - INFO - Ingress_Exit 3IL8MOMR
2025-03-31 23:54:15,465 - INFO - Ingress_Exit IYENPE4E
2025-03-31 23:54:15,506 - INFO - Ingress_Enter DR73N5WB
2025-03-31 23:54:15,587 - INFO - Ingress_Exit D2JK59ZM
2025-03-31 23:54:15,604 - INFO - Ingress_Enter 0HGX7HA8
2025-03-31 23:54:15,651 - INFO - Ingress_Exit BFXCVAW4
2025-03-31 23:54:15,653 - INFO - Ingress_Exit DR73N5WB
2025-03-31 23:54:15,663 - INFO - Ingress_Enter 73MZS4EQ
2025-03-31 23:54:15,809 - INFO - Ingress_Enter T2QYVPNH
2025-03-31 23:54:15,966 - INFO - Ingress_Enter 8KMDWON9
2025-03-31 23:54:15,995 - INFO - Ingress_Exit 0HGX7HA8
2025-03-31 23:54:15,996 - INFO - Ingress_Exit 73MZS4EQ
2025-03-31 23:54:16,040 - INFO - Ingress_Enter DHUN5FY9
2025-03-31 23:54:16,052 - INFO - Ingress_Enter 9JBEV9HN
2025-03-31 23:54:16,073 - INFO - Ingress_Exit T2QYVPNH
2025-03-31 23:54:16,076 - INFO - Ingress_Enter NF3LR690
2025-03-31 23:54:16,149 - INFO - Ingress_Enter L6HOTQ5U
2025-03-31 23:54:16,157 - INFO - Ingress_Exit 8KMDWON9
2025-03-31 23:54:16,226 - INFO - Ingress_Exit DHUN5FY9
2025-03-31 23:54:16,287 - INFO - Ingress_Exit L6HOTQ5U
2025-03-31 23:54:16,306 - INFO - Ingress_Exit 9JBEV9HN
2025-03-31 23:54:16,382 - INFO - Ingress_Exit NF3LR690
2025-03-31 23:54:16,404 - INFO - Ingress_Enter P7I58JW5
2025-03-31 23:54:16,569 - INFO - Ingress_Exit P7I58JW5
2025-03-31 23:54:16,747 - INFO - Ingress_Enter XVOEJYIF
2025-03-31 23:54:16,784 - INFO - Ingress_Enter H8G7H270
2025-03-31 23:54:16,833 - INFO - Ingress_Enter 213WIE0J
2025-03-31 23:54:16,852 - INFO - Ingress_Exit XVOEJYIF
2025-03-31 23:54:16,870 - INFO - Ingress_Enter VT25OJEK
2025-03-31 23:54:16,922 - INFO - Ingress_Exit H8G7H270
2025-03-31 23:54:16,978 - INFO - Ingress_Exit 213WIE0J
2025-03-31 23:54:17,087 - INFO - Ingress_Enter AOMEQYJS
2025-03-31 23:54:17,142 - INFO - Ingress_Exit VT25OJEK
2025-03-31 23:54:17,210 - INFO - Ingress_Exit AOMEQYJS
2025-03-31 23:54:17,441 - INFO - Ingress_Enter RA7H6M5K
2025-03-31 23:54:17,555 - INFO - Ingress_Exit RA7H6M5K
2025-03-31 23:54:17,673 - INFO - Ingress_Enter 5TI8XVLI
2025-03-31 23:54:17,709 - INFO - Ingress_Enter 9ONONE18
2025-03-31 23:54:17,772 - INFO - Ingress_Enter S6XG22UG
2025-03-31 23:54:17,809 - INFO - Ingress_Exit 5TI8XVLI
2025-03-31 23:54:17,834 - INFO - Ingress_Exit 9ONONE18
2025-03-31 23:54:17,896 - INFO - Ingress_Exit S6XG22UG
2025-03-31 23:54:18,176 - INFO - Ingress_Enter GF66C175
2025-03-31 23:54:18,248 - INFO - Ingress_Enter 7WNGAJWB
2025-03-31 23:54:18,309 - INFO - Ingress_Enter VN0FM5R5
2025-03-31 23:54:18,401 - INFO - Ingress_Exit GF66C175
2025-03-31 23:54:18,402 - INFO - Ingress_Exit 7WNGAJWB
2025-03-31 23:54:18,430 - INFO - Ingress_Enter FMX7NLIF
2025-03-31 23:54:18,479 - INFO - Ingress_Enter 2ACQBU21
2025-03-31 23:54:18,508 - INFO - Ingress_Exit VN0FM5R5
2025-03-31 23:54:18,516 - INFO - Ingress_Enter RODQN6E4
2025-03-31 23:54:18,617 - INFO - Ingress_Exit FMX7NLIF
2025-03-31 23:54:18,642 - INFO - Ingress_Exit RODQN6E4
2025-03-31 23:54:18,696 - INFO - Ingress_Exit 2ACQBU21
2025-03-31 23:54:18,890 - INFO - Ingress_Enter ERGKPWP8
2025-03-31 23:54:19,041 - INFO - Ingress_Exit ERGKPWP8
2025-03-31 23:54:19,059 - INFO - Ingress_Enter TGMWE95I
2025-03-31 23:54:19,302 - INFO - Ingress_Exit TGMWE95I
2025-03-31 23:54:19,315 - INFO - Ingress_Enter QKYPVH9H
2025-03-31 23:54:19,472 - INFO - Ingress_Exit QKYPVH9H
2025-03-31 23:54:19,488 - INFO - Ingress_Enter 8PXBNISH
2025-03-31 23:54:19,610 - INFO - Ingress_Enter QG79JKNH
2025-03-31 23:54:19,642 - INFO - Ingress_Exit 8PXBNISH
2025-03-31 23:54:19,708 - INFO - Ingress_Enter IDT6N38R
2025-03-31 23:54:19,736 - INFO - Ingress_Exit QG79JKNH
2025-03-31 23:54:19,829 - INFO - Ingress_Enter 6LNZS94L
2025-03-31 23:54:19,889 - INFO - Ingress_Exit IDT6N38R
2025-03-31 23:54:20,065 - INFO - Ingress_Exit 6LNZS94L
2025-03-31 23:54:20,315 - INFO - Ingress_Enter 96N2ZDYM
2025-03-31 23:54:20,338 - INFO - Ingress_Enter 6H33X37B
2025-03-31 23:54:20,461 - INFO - Ingress_Exit 6H33X37B
2025-03-31 23:54:20,495 - INFO - Ingress_Enter 5E3E9XK5
2025-03-31 23:54:20,502 - INFO - Ingress_Exit 96N2ZDYM
2025-03-31 23:54:20,580 - INFO - Ingress_Enter EQO0APPS
2025-03-31 23:54:20,660 - INFO - Ingress_Exit 5E3E9XK5
2025-03-31 23:54:20,663 - INFO - Ingress_Enter TIX01GKH
2025-03-31 23:54:20,676 - INFO - Ingress_Enter P4IXGLI6
2025-03-31 23:54:20,699 - INFO - Ingress_Enter ZMX4KCL0
2025-03-31 23:54:20,769 - INFO - Ingress_Exit EQO0APPS
2025-03-31 23:54:20,826 - INFO - Ingress_Exit TIX01GKH
2025-03-31 23:54:20,852 - INFO - Ingress_Exit ZMX4KCL0
2025-03-31 23:54:20,856 - INFO - Ingress_Exit P4IXGLI6
2025-03-31 23:54:20,895 - INFO - Ingress_Enter PGGJX7U7
2025-03-31 23:54:21,040 - INFO - Ingress_Enter 3QEVTS8C
2025-03-31 23:54:21,056 - INFO - Ingress_Exit PGGJX7U7
2025-03-31 23:54:21,197 - INFO - Ingress_Exit 3QEVTS8C
2025-03-31 23:54:21,296 - INFO - Ingress_Enter G1SR93XG
2025-03-31 23:54:21,429 - INFO - Ingress_Enter L165A33M
2025-03-31 23:54:21,462 - INFO - Ingress_Exit G1SR93XG
2025-03-31 23:54:21,489 - INFO - Ingress_Enter DNHAQRZY
2025-03-31 23:54:21,614 - INFO - Ingress_Exit L165A33M
2025-03-31 23:54:21,662 - INFO - Ingress_Exit DNHAQRZY
2025-03-31 23:54:21,916 - INFO - Ingress_Enter GTBULHUO
2025-03-31 23:54:22,035 - INFO - Ingress_Exit GTBULHUO
2025-03-31 23:54:22,073 - INFO - Ingress_Enter GBN8DX3X
2025-03-31 23:54:22,208 - INFO - Ingress_Enter NG63IULM
2025-03-31 23:54:22,273 - INFO - Ingress_Exit GBN8DX3X
2025-03-31 23:54:22,478 - INFO - Ingress_Exit NG63IULM
