2025-03-31 23:53:09,127 - INFO - Ingress_Enter 4R3DTISJ
2025-03-31 23:53:09,353 - INFO - Ingress_Enter V289MP74
2025-03-31 23:53:09,632 - INFO - Ingress_Enter SGQTUUGJ
2025-03-31 23:53:09,644 - INFO - Ingress_Enter 562XKSPB
2025-03-31 23:53:09,850 - INFO - Ingress_Enter W02CSO6V
2025-03-31 23:53:09,885 - INFO - Ingress_Enter CX0MHIXW
2025-03-31 23:53:09,962 - INFO - Ingress_Exit 4R3DTISJ
2025-03-31 23:53:10,004 - INFO - Ingress_Enter GIJ5GCKR
2025-03-31 23:53:10,163 - INFO - Ingress_Enter 962VXLA4
2025-03-31 23:53:10,311 - INFO - Ingress_Enter 4M9DTSTL
2025-03-31 23:53:10,328 - INFO - Ingress_Exit V289MP74
2025-03-31 23:53:10,641 - INFO - Ingress_Exit SGQTUUGJ
2025-03-31 23:53:10,642 - INFO - Ingress_Exit GIJ5GCKR
2025-03-31 23:53:10,673 - INFO - Ingress_Exit 562XKSPB
2025-03-31 23:53:10,674 - INFO - Ingress_Exit W02CSO6V
2025-03-31 23:53:10,675 - INFO - Ingress_Exit CX0MHIXW
2025-03-31 23:53:10,934 - INFO - Ingress_Exit 962VXLA4
2025-03-31 23:53:10,935 - INFO - Ingress_Exit 4M9DTSTL
2025-03-31 23:53:20,537 - INFO - Ingress_Enter VGFKYJY7
2025-03-31 23:53:20,572 - INFO - Ingress_Enter EMXNWZGS
2025-03-31 23:53:20,738 - INFO - Ingress_Exit VGFKYJY7
2025-03-31 23:53:20,854 - INFO - Ingress_Enter ZFFDXK9E
2025-03-31 23:53:20,861 - INFO - Ingress_Exit EMXNWZGS
2025-03-31 23:53:21,028 - INFO - Ingress_Exit ZFFDXK9E
2025-03-31 23:53:21,145 - INFO - Ingress_Enter FMH7OLK1
2025-03-31 23:53:21,169 - INFO - Ingress_Enter F2K8T4CJ
2025-03-31 23:53:21,344 - INFO - Ingress_Exit F2K8T4CJ
2025-03-31 23:53:21,532 - INFO - Ingress_Enter 6RZBEZQV
2025-03-31 23:53:21,638 - INFO - Ingress_Exit FMH7OLK1
2025-03-31 23:53:21,713 - INFO - Ingress_Enter UMPSNNXL
2025-03-31 23:53:21,771 - INFO - Ingress_Exit 6RZBEZQV
2025-03-31 23:53:21,973 - INFO - Ingress_Exit UMPSNNXL
2025-03-31 23:53:22,106 - INFO - Ingress_Enter G7FHSVF5
2025-03-31 23:53:22,462 - INFO - Ingress_Exit G7FHSVF5
2025-03-31 23:53:22,464 - INFO - Ingress_Enter TTKCLWUS
2025-03-31 23:53:22,660 - INFO - Ingress_Exit TTKCLWUS
2025-03-31 23:53:22,876 - INFO - Ingress_Enter MQZS76OK
2025-03-31 23:53:22,935 - INFO - Ingress_Enter MOCL0W1S
2025-03-31 23:53:22,996 - INFO - Ingress_Enter U6CNGNKA
2025-03-31 23:53:23,082 - INFO - Ingress_Enter TI93ZST8
2025-03-31 23:53:23,113 - INFO - Ingress_Exit MOCL0W1S
2025-03-31 23:53:23,154 - INFO - Ingress_Exit MQZS76OK
2025-03-31 23:53:23,180 - INFO - Ingress_Exit U6CNGNKA
2025-03-31 23:53:23,255 - INFO - Ingress_Exit TI93ZST8
2025-03-31 23:53:23,288 - INFO - Ingress_Enter 6K0LCPOY
2025-03-31 23:53:23,443 - INFO - Ingress_Exit 6K0LCPOY
2025-03-31 23:53:23,695 - INFO - Ingress_Enter K21XU62G
2025-03-31 23:53:23,708 - INFO - Ingress_Enter OGZDOFNH
2025-03-31 23:53:23,782 - INFO - Ingress_Enter JDMGE49E
2025-03-31 23:53:23,900 - INFO - Ingress_Exit K21XU62G
2025-03-31 23:53:23,933 - INFO - Ingress_Exit OGZDOFNH
2025-03-31 23:53:23,955 - INFO - Ingress_Enter YZDJ1P1D
2025-03-31 23:53:24,002 - INFO - Ingress_Exit JDMGE49E
2025-03-31 23:53:24,040 - INFO - Ingress_Enter B0NTYBK8
2025-03-31 23:53:24,112 - INFO - Ingress_Enter NJUU0YBF
2025-03-31 23:53:24,157 - INFO - Ingress_Exit YZDJ1P1D
2025-03-31 23:53:24,309 - INFO - Ingress_Exit B0NTYBK8
2025-03-31 23:53:24,412 - INFO - Ingress_Exit NJUU0YBF
2025-03-31 23:53:24,923 - INFO - Ingress_Enter 1P49ADDU
2025-03-31 23:53:25,057 - INFO - Ingress_Enter SM49ASF7
2025-03-31 23:53:25,155 - INFO - Ingress_Enter 2DQMID3A
2025-03-31 23:53:25,248 - INFO - Ingress_Exit 1P49ADDU
2025-03-31 23:53:25,313 - INFO - Ingress_Exit SM49ASF7
2025-03-31 23:53:25,347 - INFO - Ingress_Enter O7APWXNI
2025-03-31 23:53:25,415 - INFO - Ingress_Exit 2DQMID3A
2025-03-31 23:53:25,422 - INFO - Ingress_Enter BQEXXXDJ
2025-03-31 23:53:25,506 - INFO - Ingress_Enter 3ERO83U5
2025-03-31 23:53:25,545 - INFO - Ingress_Exit O7APWXNI
2025-03-31 23:53:25,666 - INFO - Ingress_Exit 3ERO83U5
2025-03-31 23:53:25,701 - INFO - Ingress_Exit BQEXXXDJ
2025-03-31 23:53:25,894 - INFO - Ingress_Enter OU8T00X3
2025-03-31 23:53:25,912 - INFO - Ingress_Enter W0S434VW
2025-03-31 23:53:25,941 - INFO - Ingress_Enter VLGGVKZH
2025-03-31 23:53:26,188 - INFO - Ingress_Exit VLGGVKZH
2025-03-31 23:53:26,188 - INFO - Ingress_Exit W0S434VW
2025-03-31 23:53:26,189 - INFO - Ingress_Exit OU8T00X3
2025-03-31 23:53:26,197 - INFO - Ingress_Enter TN04LYW7
2025-03-31 23:53:26,306 - INFO - Ingress_Enter IVA4DKYM
2025-03-31 23:53:26,359 - INFO - Ingress_Exit TN04LYW7
2025-03-31 23:53:26,440 - INFO - Ingress_Enter ARDEY7GI
2025-03-31 23:53:26,537 - INFO - Ingress_Enter R0FXXU2M
2025-03-31 23:53:26,576 - INFO - Ingress_Exit IVA4DKYM
2025-03-31 23:53:26,622 - INFO - Ingress_Enter AJC108GO
2025-03-31 23:53:26,639 - INFO - Ingress_Exit ARDEY7GI
2025-03-31 23:53:26,693 - INFO - Ingress_Exit R0FXXU2M
2025-03-31 23:53:26,707 - INFO - Ingress_Enter 6EFDJP5I
2025-03-31 23:53:26,841 - INFO - Ingress_Exit AJC108GO
2025-03-31 23:53:26,981 - INFO - Ingress_Exit 6EFDJP5I
2025-03-31 23:53:27,049 - INFO - Ingress_Enter AKMNXMRL
2025-03-31 23:53:27,085 - INFO - Ingress_Enter 177W874E
2025-03-31 23:53:27,182 - INFO - Ingress_Exit AKMNXMRL
2025-03-31 23:53:27,238 - INFO - Ingress_Exit 177W874E
2025-03-31 23:53:27,294 - INFO - Ingress_Enter 3NKMZZNZ
2025-03-31 23:53:27,342 - INFO - Ingress_Enter QF1BOXGB
2025-03-31 23:53:27,429 - INFO - Ingress_Enter 90ZM073N
2025-03-31 23:53:27,468 - INFO - Ingress_Exit 3NKMZZNZ
2025-03-31 23:53:27,557 - INFO - Ingress_Exit QF1BOXGB
2025-03-31 23:53:27,598 - INFO - Ingress_Exit 90ZM073N
2025-03-31 23:53:27,635 - INFO - Ingress_Enter 6ZFRSQJF
2025-03-31 23:53:27,732 - INFO - Ingress_Enter 34WFTFL1
2025-03-31 23:53:27,780 - INFO - Ingress_Enter DFN6T1ZU
2025-03-31 23:53:27,790 - INFO - Ingress_Exit 6ZFRSQJF
2025-03-31 23:53:27,878 - INFO - Ingress_Enter KTSL61EU
2025-03-31 23:53:27,973 - INFO - Ingress_Exit 34WFTFL1
2025-03-31 23:53:28,010 - INFO - Ingress_Exit KTSL61EU
2025-03-31 23:53:28,049 - INFO - Ingress_Enter Q4ZLUVGV
2025-03-31 23:53:28,121 - INFO - Ingress_Enter 1JP2A14Q
2025-03-31 23:53:28,133 - INFO - Ingress_Enter WXC160BO
2025-03-31 23:53:28,182 - INFO - Ingress_Enter E2TLEVP2
2025-03-31 23:53:28,199 - INFO - Ingress_Exit DFN6T1ZU
2025-03-31 23:53:28,359 - INFO - Ingress_Exit Q4ZLUVGV
2025-03-31 23:53:28,398 - INFO - Ingress_Exit E2TLEVP2
2025-03-31 23:53:28,510 - INFO - Ingress_Exit 1JP2A14Q
2025-03-31 23:53:28,511 - INFO - Ingress_Exit WXC160BO
2025-03-31 23:53:31,570 - INFO - Ingress_Enter T9RMT5ZW
2025-03-31 23:53:31,743 - INFO - Ingress_Exit T9RMT5ZW
2025-03-31 23:53:31,763 - INFO - Ingress_Enter 60WKF5L6
2025-03-31 23:53:31,788 - INFO - Ingress_Enter KIB50KAB
2025-03-31 23:53:31,897 - INFO - Ingress_Enter YH7LEIKC
2025-03-31 23:53:31,993 - INFO - Ingress_Enter L7BSAIBW
2025-03-31 23:53:31,998 - INFO - Ingress_Exit 60WKF5L6
2025-03-31 23:53:32,204 - INFO - Ingress_Exit YH7LEIKC
2025-03-31 23:53:32,228 - INFO - Ingress_Exit KIB50KAB
2025-03-31 23:53:32,252 - INFO - Ingress_Exit L7BSAIBW
2025-03-31 23:53:32,469 - INFO - Ingress_Enter DAFOKVXY
2025-03-31 23:53:32,865 - INFO - Ingress_Enter 0V32FKPS
2025-03-31 23:53:32,906 - INFO - Ingress_Enter GWVK6LBO
2025-03-31 23:53:32,979 - INFO - Ingress_Enter M41N6PN2
2025-03-31 23:53:33,150 - INFO - Ingress_Enter ZJMSAN7H
2025-03-31 23:53:33,256 - INFO - Ingress_Exit DAFOKVXY
2025-03-31 23:53:33,669 - INFO - Ingress_Exit 0V32FKPS
2025-03-31 23:53:33,830 - INFO - Ingress_Enter TJTU8DKI
2025-03-31 23:53:33,931 - INFO - Ingress_Enter T36EE9ZH
2025-03-31 23:53:33,981 - INFO - Ingress_Enter VW7YOQE6
2025-03-31 23:53:34,040 - INFO - Ingress_Exit GWVK6LBO
2025-03-31 23:53:34,042 - INFO - Ingress_Exit M41N6PN2
2025-03-31 23:53:34,075 - INFO - Ingress_Exit ZJMSAN7H
2025-03-31 23:53:34,436 - INFO - Ingress_Exit TJTU8DKI
2025-03-31 23:53:34,511 - INFO - Ingress_Enter TIWV1FDT
2025-03-31 23:53:34,541 - INFO - Ingress_Exit T36EE9ZH
2025-03-31 23:53:34,564 - INFO - Ingress_Enter 16PZMEUP
2025-03-31 23:53:34,741 - INFO - Ingress_Exit VW7YOQE6
2025-03-31 23:53:34,768 - INFO - Ingress_Enter TYB1JCHB
2025-03-31 23:53:34,867 - INFO - Ingress_Enter DCXHFFWZ
2025-03-31 23:53:34,891 - INFO - Ingress_Enter 2WBEPVUY
2025-03-31 23:53:34,928 - INFO - Ingress_Enter 6JFS5P1H
2025-03-31 23:53:35,001 - INFO - Ingress_Exit TIWV1FDT
2025-03-31 23:53:35,003 - INFO - Ingress_Exit 16PZMEUP
2025-03-31 23:53:35,136 - INFO - Ingress_Exit 6JFS5P1H
2025-03-31 23:53:35,271 - INFO - Ingress_Exit TYB1JCHB
2025-03-31 23:53:35,274 - INFO - Ingress_Exit DCXHFFWZ
2025-03-31 23:53:35,276 - INFO - Ingress_Exit 2WBEPVUY
2025-03-31 23:53:35,601 - INFO - Ingress_Enter 53Q4Q96B
2025-03-31 23:53:35,829 - INFO - Ingress_Enter U0FJFQJT
2025-03-31 23:53:35,879 - INFO - Ingress_Exit 53Q4Q96B
2025-03-31 23:53:35,900 - INFO - Ingress_Enter 9GGAJC8P
2025-03-31 23:53:35,992 - INFO - Ingress_Exit U0FJFQJT
2025-03-31 23:53:35,998 - INFO - Ingress_Enter G8BNJ02C
2025-03-31 23:53:36,013 - INFO - Ingress_Enter M8O87L9C
2025-03-31 23:53:36,086 - INFO - Ingress_Enter QYX8B8VJ
2025-03-31 23:53:36,101 - INFO - Ingress_Exit 9GGAJC8P
2025-03-31 23:53:36,137 - INFO - Ingress_Exit M8O87L9C
2025-03-31 23:53:36,145 - INFO - Ingress_Enter 6CJYEV0I
2025-03-31 23:53:36,218 - INFO - Ingress_Exit G8BNJ02C
2025-03-31 23:53:36,242 - INFO - Ingress_Exit QYX8B8VJ
2025-03-31 23:53:36,267 - INFO - Ingress_Enter PFGP4RDO
2025-03-31 23:53:36,292 - INFO - Ingress_Enter TSQ0HHOW
2025-03-31 23:53:36,328 - INFO - Ingress_Exit 6CJYEV0I
2025-03-31 23:53:36,498 - INFO - Ingress_Exit PFGP4RDO
2025-03-31 23:53:36,611 - INFO - Ingress_Exit TSQ0HHOW
2025-03-31 23:53:36,956 - INFO - Ingress_Enter EFV1TC3M
2025-03-31 23:53:37,078 - INFO - Ingress_Enter 0H2ELSMP
2025-03-31 23:53:37,089 - INFO - Ingress_Exit EFV1TC3M
2025-03-31 23:53:37,201 - INFO - Ingress_Exit 0H2ELSMP
2025-03-31 23:53:37,260 - INFO - Ingress_Enter K6IB56Z9
2025-03-31 23:53:37,418 - INFO - Ingress_Exit K6IB56Z9
2025-03-31 23:53:37,440 - INFO - Ingress_Enter X4W54YPK
2025-03-31 23:53:37,550 - INFO - Ingress_Enter C1DNPAFU
2025-03-31 23:53:37,674 - INFO - Ingress_Exit X4W54YPK
2025-03-31 23:53:37,789 - INFO - Ingress_Exit C1DNPAFU
2025-03-31 23:53:37,852 - INFO - Ingress_Enter 56QVRJ45
2025-03-31 23:53:37,949 - INFO - Ingress_Enter 7A8CYZ69
2025-03-31 23:53:37,977 - INFO - Ingress_Exit 56QVRJ45
2025-03-31 23:53:38,021 - INFO - Ingress_Enter JU493QVF
2025-03-31 23:53:38,095 - INFO - Ingress_Enter 4UG290SE
2025-03-31 23:53:38,220 - INFO - Ingress_Enter Y62O7SK7
2025-03-31 23:53:38,265 - INFO - Ingress_Exit 7A8CYZ69
2025-03-31 23:53:38,265 - INFO - Ingress_Exit JU493QVF
2025-03-31 23:53:38,269 - INFO - Ingress_Enter H2XDK0CC
2025-03-31 23:53:38,359 - INFO - Ingress_Exit Y62O7SK7
2025-03-31 23:53:38,360 - INFO - Ingress_Exit 4UG290SE
2025-03-31 23:53:38,443 - INFO - Ingress_Exit H2XDK0CC
2025-03-31 23:53:38,453 - INFO - Ingress_Enter QYC1FMIM
2025-03-31 23:53:38,477 - INFO - Ingress_Enter SDSQ3WHM
2025-03-31 23:53:38,561 - INFO - Ingress_Exit QYC1FMIM
2025-03-31 23:53:38,657 - INFO - Ingress_Exit SDSQ3WHM
2025-03-31 23:53:39,149 - INFO - Ingress_Enter 3M9XBFJ5
2025-03-31 23:53:39,234 - INFO - Ingress_Enter BYIBTM8R
2025-03-31 23:53:39,245 - INFO - Ingress_Enter K3XU0YL1
2025-03-31 23:53:39,334 - INFO - Ingress_Exit 3M9XBFJ5
2025-03-31 23:53:39,340 - INFO - Ingress_Exit BYIBTM8R
2025-03-31 23:53:39,431 - INFO - Ingress_Exit K3XU0YL1
2025-03-31 23:53:39,660 - INFO - Ingress_Enter O0LP8QEG
2025-03-31 23:53:39,684 - INFO - Ingress_Enter AY0U9NGG
2025-03-31 23:53:39,769 - INFO - Ingress_Exit O0LP8QEG
2025-03-31 23:53:39,806 - INFO - Ingress_Enter DSWSSPKO
2025-03-31 23:53:39,899 - INFO - Ingress_Exit AY0U9NGG
2025-03-31 23:53:39,937 - INFO - Ingress_Enter 4EDMAR46
2025-03-31 23:53:39,938 - INFO - Ingress_Exit DSWSSPKO
2025-03-31 23:53:39,961 - INFO - Ingress_Enter NOESGULU
2025-03-31 23:53:40,057 - INFO - Ingress_Enter A4WW5RFR
2025-03-31 23:53:40,058 - INFO - Ingress_Exit NOESGULU
2025-03-31 23:53:40,069 - INFO - Ingress_Enter Q3MNTL4A
2025-03-31 23:53:40,095 - INFO - Ingress_Enter 3BYLL1Y6
2025-03-31 23:53:40,131 - INFO - Ingress_Enter BPGUSS44
2025-03-31 23:53:40,144 - INFO - Ingress_Enter P1759MQ5
2025-03-31 23:53:40,184 - INFO - Ingress_Exit 4EDMAR46
2025-03-31 23:53:40,192 - INFO - Ingress_Exit Q3MNTL4A
2025-03-31 23:53:40,195 - INFO - Ingress_Enter BLTVTDOK
2025-03-31 23:53:40,204 - INFO - Ingress_Enter GBDLIYBA
2025-03-31 23:53:40,224 - INFO - Ingress_Exit 3BYLL1Y6
2025-03-31 23:53:40,262 - INFO - Ingress_Exit BPGUSS44
2025-03-31 23:53:40,331 - INFO - Ingress_Exit A4WW5RFR
2025-03-31 23:53:40,384 - INFO - Ingress_Exit GBDLIYBA
2025-03-31 23:53:40,437 - INFO - Ingress_Exit P1759MQ5
2025-03-31 23:53:40,439 - INFO - Ingress_Exit BLTVTDOK
2025-03-31 23:53:40,801 - INFO - Ingress_Enter W8DHRFFW
2025-03-31 23:53:40,959 - INFO - Ingress_Enter ZU3NLXSF
2025-03-31 23:53:40,994 - INFO - Ingress_Exit W8DHRFFW
2025-03-31 23:53:41,080 - INFO - Ingress_Enter 4O1ZFT08
2025-03-31 23:53:41,212 - INFO - Ingress_Exit ZU3NLXSF
2025-03-31 23:53:41,225 - INFO - Ingress_Enter PAOBVQA9
2025-03-31 23:53:41,318 - INFO - Ingress_Exit 4O1ZFT08
2025-03-31 23:53:41,410 - INFO - Ingress_Exit PAOBVQA9
2025-03-31 23:53:41,469 - INFO - Ingress_Enter W4LBRJP8
2025-03-31 23:53:41,517 - INFO - Ingress_Enter NXTTGMOL
2025-03-31 23:53:41,602 - INFO - Ingress_Enter KSV0D157
2025-03-31 23:53:41,676 - INFO - Ingress_Exit W4LBRJP8
2025-03-31 23:53:41,725 - INFO - Ingress_Enter 2S31JUSL
2025-03-31 23:53:41,739 - INFO - Ingress_Exit NXTTGMOL
2025-03-31 23:53:41,773 - INFO - Ingress_Enter 4D7WR1VY
2025-03-31 23:53:41,801 - INFO - Ingress_Exit KSV0D157
2025-03-31 23:53:41,875 - INFO - Ingress_Exit 2S31JUSL
2025-03-31 23:53:42,099 - INFO - Ingress_Exit 4D7WR1VY
2025-03-31 23:53:42,298 - INFO - Ingress_Enter F6INO53A
2025-03-31 23:53:42,491 - INFO - Ingress_Enter DA05GX4E
2025-03-31 23:53:42,528 - INFO - Ingress_Enter RL8HWZJV
2025-03-31 23:53:42,595 - INFO - Ingress_Exit F6INO53A
2025-03-31 23:53:42,740 - INFO - Ingress_Exit DA05GX4E
2025-03-31 23:53:42,766 - INFO - Ingress_Exit RL8HWZJV
2025-03-31 23:53:42,811 - INFO - Ingress_Enter 3N7R78I6
2025-03-31 23:53:42,884 - INFO - Ingress_Enter HD3K5ZV1
2025-03-31 23:53:42,933 - INFO - Ingress_Enter 8H4IT1TN
2025-03-31 23:53:42,981 - INFO - Ingress_Enter KHJEDWGT
2025-03-31 23:53:43,067 - INFO - Ingress_Enter RWCWE9AR
2025-03-31 23:53:43,139 - INFO - Ingress_Exit 3N7R78I6
2025-03-31 23:53:43,141 - INFO - Ingress_Exit HD3K5ZV1
2025-03-31 23:53:43,207 - INFO - Ingress_Exit RWCWE9AR
2025-03-31 23:53:43,253 - INFO - Ingress_Exit 8H4IT1TN
2025-03-31 23:53:43,253 - INFO - Ingress_Exit KHJEDWGT
2025-03-31 23:53:43,287 - INFO - Ingress_Enter UBHQPYOM
2025-03-31 23:53:43,518 - INFO - Ingress_Enter LSY89C82
2025-03-31 23:53:43,565 - INFO - Ingress_Enter AQJ0LDJI
2025-03-31 23:53:43,583 - INFO - Ingress_Exit UBHQPYOM
2025-03-31 23:53:43,627 - INFO - Ingress_Enter W2OG4LPZ
2025-03-31 23:53:43,726 - INFO - Ingress_Exit LSY89C82
2025-03-31 23:53:43,929 - INFO - Ingress_Exit AQJ0LDJI
2025-03-31 23:53:43,945 - INFO - Ingress_Exit W2OG4LPZ
2025-03-31 23:53:43,981 - INFO - Ingress_Enter FPDKLI7B
2025-03-31 23:53:44,005 - INFO - Ingress_Enter U2O3U138
2025-03-31 23:53:44,137 - INFO - Ingress_Enter PX5AR6QK
2025-03-31 23:53:44,197 - INFO - Ingress_Exit FPDKLI7B
2025-03-31 23:53:44,284 - INFO - Ingress_Exit PX5AR6QK
2025-03-31 23:53:44,290 - INFO - Ingress_Exit U2O3U138
2025-03-31 23:53:44,585 - INFO - Ingress_Enter KSPZWN8W
2025-03-31 23:53:44,601 - INFO - Ingress_Enter 2UJ50458
2025-03-31 23:53:44,633 - INFO - Ingress_Enter WH2HO2OQ
2025-03-31 23:53:44,768 - INFO - Ingress_Enter N25VMOPY
2025-03-31 23:53:44,775 - INFO - Ingress_Exit WH2HO2OQ
2025-03-31 23:53:44,807 - INFO - Ingress_Exit KSPZWN8W
2025-03-31 23:53:44,854 - INFO - Ingress_Exit 2UJ50458
2025-03-31 23:53:44,883 - INFO - Ingress_Exit N25VMOPY
2025-03-31 23:53:44,925 - INFO - Ingress_Enter ML4LA9LP
2025-03-31 23:53:44,937 - INFO - Ingress_Enter A42DPW22
2025-03-31 23:53:45,100 - INFO - Ingress_Exit ML4LA9LP
2025-03-31 23:53:45,122 - INFO - Ingress_Exit A42DPW22
2025-03-31 23:53:45,145 - INFO - Ingress_Enter IQBS9EH0
2025-03-31 23:53:45,266 - INFO - Ingress_Enter 2WM1ZG7U
2025-03-31 23:53:45,339 - INFO - Ingress_Exit IQBS9EH0
2025-03-31 23:53:45,442 - INFO - Ingress_Exit 2WM1ZG7U
2025-03-31 23:53:45,768 - INFO - Ingress_Enter PNE0PA7R
2025-03-31 23:53:45,924 - INFO - Ingress_Enter 9ZA0N3R4
2025-03-31 23:53:45,968 - INFO - Ingress_Exit PNE0PA7R
2025-03-31 23:53:46,009 - INFO - Ingress_Enter Z8CCF31K
2025-03-31 23:53:46,122 - INFO - Ingress_Exit 9ZA0N3R4
2025-03-31 23:53:46,159 - INFO - Ingress_Exit Z8CCF31K
2025-03-31 23:53:46,509 - INFO - Ingress_Enter UHT3XD2N
2025-03-31 23:53:46,642 - INFO - Ingress_Enter 76KJRY08
2025-03-31 23:53:46,691 - INFO - Ingress_Enter 84BHSYWN
2025-03-31 23:53:46,745 - INFO - Ingress_Exit UHT3XD2N
2025-03-31 23:53:46,843 - INFO - Ingress_Exit 76KJRY08
2025-03-31 23:53:46,844 - INFO - Ingress_Exit 84BHSYWN
2025-03-31 23:53:48,342 - INFO - Ingress_Enter 3QHS7XV0
2025-03-31 23:53:48,400 - INFO - Ingress_Enter 0D48CH2J
2025-03-31 23:53:48,506 - INFO - Ingress_Exit 3QHS7XV0
2025-03-31 23:53:48,570 - INFO - Ingress_Enter 1IYOCOT3
2025-03-31 23:53:48,629 - INFO - Ingress_Exit 0D48CH2J
2025-03-31 23:53:48,728 - INFO - Ingress_Enter 07B4OH3R
2025-03-31 23:53:48,801 - INFO - Ingress_Exit 1IYOCOT3
2025-03-31 23:53:48,821 - INFO - Ingress_Enter UZYBN8U2
2025-03-31 23:53:48,978 - INFO - Ingress_Enter QL8B40R4
2025-03-31 23:53:48,989 - INFO - Ingress_Exit 07B4OH3R
2025-03-31 23:53:49,061 - INFO - Ingress_Exit UZYBN8U2
2025-03-31 23:53:49,216 - INFO - Ingress_Exit QL8B40R4
2025-03-31 23:53:49,494 - INFO - Ingress_Enter 1TI5IIX4
2025-03-31 23:53:49,506 - INFO - Ingress_Enter EU9A0X7F
2025-03-31 23:53:49,581 - INFO - Ingress_Enter QWY02782
2025-03-31 23:53:49,654 - INFO - Ingress_Enter DI7MU0ZK
2025-03-31 23:53:49,689 - INFO - Ingress_Exit 1TI5IIX4
2025-03-31 23:53:49,690 - INFO - Ingress_Exit EU9A0X7F
2025-03-31 23:53:49,805 - INFO - Ingress_Exit QWY02782
2025-03-31 23:53:49,806 - INFO - Ingress_Exit DI7MU0ZK
2025-03-31 23:53:51,329 - INFO - Ingress_Enter A67FSAW2
2025-03-31 23:53:51,404 - INFO - Ingress_Enter DR52J65U
2025-03-31 23:53:51,452 - INFO - Ingress_Enter BQQ6GAX8
2025-03-31 23:53:51,469 - INFO - Ingress_Enter B4TBHKS9
2025-03-31 23:53:51,504 - INFO - Ingress_Exit DR52J65U
2025-03-31 23:53:51,617 - INFO - Ingress_Exit B4TBHKS9
2025-03-31 23:53:51,658 - INFO - Ingress_Exit A67FSAW2
2025-03-31 23:53:51,659 - INFO - Ingress_Exit BQQ6GAX8
2025-03-31 23:53:51,669 - INFO - Ingress_Enter BJX6ERMA
2025-03-31 23:53:51,705 - INFO - Ingress_Enter G9VK3TY4
2025-03-31 23:53:51,805 - INFO - Ingress_Exit G9VK3TY4
2025-03-31 23:53:51,838 - INFO - Ingress_Enter S0OCZS15
2025-03-31 23:53:51,852 - INFO - Ingress_Exit BJX6ERMA
2025-03-31 23:53:51,875 - INFO - Ingress_Enter FHQ2H8II
2025-03-31 23:53:51,997 - INFO - Ingress_Enter C6YBXWPJ
2025-03-31 23:53:52,041 - INFO - Ingress_Exit FHQ2H8II
2025-03-31 23:53:52,057 - INFO - Ingress_Enter RZ9SEL3N
2025-03-31 23:53:52,081 - INFO - Ingress_Enter K2AO0EAG
2025-03-31 23:53:52,104 - INFO - Ingress_Exit S0OCZS15
2025-03-31 23:53:52,200 - INFO - Ingress_Exit K2AO0EAG
2025-03-31 23:53:52,215 - INFO - Ingress_Exit C6YBXWPJ
2025-03-31 23:53:52,301 - INFO - Ingress_Exit RZ9SEL3N
2025-03-31 23:53:52,805 - INFO - Ingress_Enter 216V0XRS
2025-03-31 23:53:52,853 - INFO - Ingress_Enter 6INQTHFN
2025-03-31 23:53:52,901 - INFO - Ingress_Enter JRGS2NUR
2025-03-31 23:53:53,014 - INFO - Ingress_Exit 216V0XRS
2025-03-31 23:53:53,015 - INFO - Ingress_Exit 6INQTHFN
2025-03-31 23:53:53,049 - INFO - Ingress_Exit JRGS2NUR
2025-03-31 23:53:53,074 - INFO - Ingress_Enter 7QGIWAKO
2025-03-31 23:53:53,171 - INFO - Ingress_Enter T9760YMI
2025-03-31 23:53:53,194 - INFO - Ingress_Enter FJ7FG82U
2025-03-31 23:53:53,268 - INFO - Ingress_Exit 7QGIWAKO
2025-03-31 23:53:53,363 - INFO - Ingress_Exit T9760YMI
2025-03-31 23:53:53,392 - INFO - Ingress_Exit FJ7FG82U
2025-03-31 23:53:53,766 - INFO - Ingress_Enter 24N2RT87
2025-03-31 23:53:53,791 - INFO - Ingress_Enter 88910KKO
2025-03-31 23:53:53,851 - INFO - Ingress_Enter YS4HXVRE
2025-03-31 23:53:53,862 - INFO - Ingress_Enter F0WH8QQI
2025-03-31 23:53:53,932 - INFO - Ingress_Exit 88910KKO
2025-03-31 23:53:53,966 - INFO - Ingress_Exit YS4HXVRE
2025-03-31 23:53:54,034 - INFO - Ingress_Exit F0WH8QQI
2025-03-31 23:53:54,112 - INFO - Ingress_Exit 24N2RT87
2025-03-31 23:53:54,703 - INFO - Ingress_Enter SGSFXI3G
2025-03-31 23:53:54,738 - INFO - Ingress_Enter OWAIDMCV
2025-03-31 23:53:54,882 - INFO - Ingress_Enter CW8U4NL3
2025-03-31 23:53:54,891 - INFO - Ingress_Exit SGSFXI3G
2025-03-31 23:53:54,892 - INFO - Ingress_Exit OWAIDMCV
2025-03-31 23:53:54,930 - INFO - Ingress_Enter YTJDAI9T
2025-03-31 23:53:54,978 - INFO - Ingress_Enter PN32MXP8
2025-03-31 23:53:55,068 - INFO - Ingress_Exit CW8U4NL3
2025-03-31 23:53:55,099 - INFO - Ingress_Exit YTJDAI9T
2025-03-31 23:53:55,158 - INFO - Ingress_Exit PN32MXP8
2025-03-31 23:53:55,295 - INFO - Ingress_Enter CXL7BJ6N
2025-03-31 23:53:55,356 - INFO - Ingress_Enter VBRNVDYL
2025-03-31 23:53:55,415 - INFO - Ingress_Enter D3FLSMPV
2025-03-31 23:53:55,500 - INFO - Ingress_Enter RST10WJ4
2025-03-31 23:53:55,602 - INFO - Ingress_Exit CXL7BJ6N
2025-03-31 23:53:55,690 - INFO - Ingress_Exit VBRNVDYL
2025-03-31 23:53:55,691 - INFO - Ingress_Exit RST10WJ4
2025-03-31 23:53:55,694 - INFO - Ingress_Exit D3FLSMPV
2025-03-31 23:53:57,071 - INFO - Ingress_Enter Q2R9BDRX
2025-03-31 23:53:57,106 - INFO - Ingress_Enter ATOJ1FUT
2025-03-31 23:53:57,143 - INFO - Ingress_Enter 061BE7WV
2025-03-31 23:53:57,308 - INFO - Ingress_Exit 061BE7WV
2025-03-31 23:53:57,332 - INFO - Ingress_Exit Q2R9BDRX
2025-03-31 23:53:57,333 - INFO - Ingress_Exit ATOJ1FUT
2025-03-31 23:53:57,425 - INFO - Ingress_Enter DWCMIXVO
2025-03-31 23:53:57,437 - INFO - Ingress_Enter 0U9UTJQ2
2025-03-31 23:53:57,461 - INFO - Ingress_Enter XSQ57FED
2025-03-31 23:53:57,534 - INFO - Ingress_Exit DWCMIXVO
2025-03-31 23:53:57,616 - INFO - Ingress_Exit XSQ57FED
2025-03-31 23:53:57,705 - INFO - Ingress_Enter D5DQOSB6
2025-03-31 23:53:57,760 - INFO - Ingress_Exit 0U9UTJQ2
2025-03-31 23:53:57,887 - INFO - Ingress_Enter 0KDOJBKI
2025-03-31 23:53:57,897 - INFO - Ingress_Exit D5DQOSB6
2025-03-31 23:53:58,034 - INFO - Ingress_Enter ZCQVM9UU
2025-03-31 23:53:58,083 - INFO - Ingress_Enter Q6CHQC87
2025-03-31 23:53:58,226 - INFO - Ingress_Exit Q6CHQC87
2025-03-31 23:53:58,253 - INFO - Ingress_Exit 0KDOJBKI
2025-03-31 23:53:58,255 - INFO - Ingress_Exit ZCQVM9UU
2025-03-31 23:53:58,353 - INFO - Ingress_Enter RJ8O3QHF
2025-03-31 23:53:58,473 - INFO - Ingress_Enter 3NF70AI1
2025-03-31 23:53:58,510 - INFO - Ingress_Enter M4HNS42G
2025-03-31 23:53:58,662 - INFO - Ingress_Exit 3NF70AI1
2025-03-31 23:53:58,683 - INFO - Ingress_Exit RJ8O3QHF
2025-03-31 23:53:58,694 - INFO - Ingress_Exit M4HNS42G
2025-03-31 23:53:59,117 - INFO - Ingress_Enter M8JA00R0
2025-03-31 23:53:59,214 - INFO - Ingress_Enter JN097B9H
2025-03-31 23:53:59,336 - INFO - Ingress_Exit M8JA00R0
2025-03-31 23:53:59,347 - INFO - Ingress_Exit JN097B9H
2025-03-31 23:53:59,375 - INFO - Ingress_Enter RGFQN1PH
2025-03-31 23:53:59,520 - INFO - Ingress_Enter VZRRK66E
2025-03-31 23:53:59,555 - INFO - Ingress_Exit RGFQN1PH
2025-03-31 23:53:59,666 - INFO - Ingress_Enter 3U5XVF2L
2025-03-31 23:53:59,697 - INFO - Ingress_Exit VZRRK66E
2025-03-31 23:53:59,727 - INFO - Ingress_Enter XOI2VLV6
2025-03-31 23:53:59,825 - INFO - Ingress_Enter IY9Y869I
2025-03-31 23:53:59,836 - INFO - Ingress_Enter BK0RVC62
2025-03-31 23:53:59,884 - INFO - Ingress_Enter NKFS3675
2025-03-31 23:53:59,903 - INFO - Ingress_Exit 3U5XVF2L
2025-03-31 23:53:59,992 - INFO - Ingress_Exit IY9Y869I
2025-03-31 23:54:00,047 - INFO - Ingress_Exit XOI2VLV6
2025-03-31 23:54:00,075 - INFO - Ingress_Exit BK0RVC62
2025-03-31 23:54:00,107 - INFO - Ingress_Exit NKFS3675
2025-03-31 23:54:03,781 - INFO - Ingress_Enter JM2NUBUE
2025-03-31 23:54:03,880 - INFO - Ingress_Exit JM2NUBUE
2025-03-31 23:54:03,961 - INFO - Ingress_Enter 580BEHX1
2025-03-31 23:54:04,010 - INFO - Ingress_Enter 2KNCTHW5
2025-03-31 23:54:04,021 - INFO - Ingress_Enter EWWZO9MG
2025-03-31 23:54:04,095 - INFO - Ingress_Enter QNK9GG6O
2025-03-31 23:54:04,156 - INFO - Ingress_Exit 580BEHX1
2025-03-31 23:54:04,262 - INFO - Ingress_Exit 2KNCTHW5
2025-03-31 23:54:04,264 - INFO - Ingress_Exit EWWZO9MG
2025-03-31 23:54:04,265 - INFO - Ingress_Exit QNK9GG6O
2025-03-31 23:54:04,353 - INFO - Ingress_Enter GATU00WQ
2025-03-31 23:54:04,456 - INFO - Ingress_Exit GATU00WQ
2025-03-31 23:54:04,876 - INFO - Ingress_Enter REHGHDCZ
2025-03-31 23:54:04,924 - INFO - Ingress_Enter TCWLT1UB
2025-03-31 23:54:05,082 - INFO - Ingress_Exit REHGHDCZ
2025-03-31 23:54:05,094 - INFO - Ingress_Enter YGCWBD74
2025-03-31 23:54:05,106 - INFO - Ingress_Enter K29HA832
2025-03-31 23:54:05,147 - INFO - Ingress_Exit TCWLT1UB
2025-03-31 23:54:05,308 - INFO - Ingress_Exit YGCWBD74
2025-03-31 23:54:05,361 - INFO - Ingress_Enter GYVGHCPW
2025-03-31 23:54:05,368 - INFO - Ingress_Exit K29HA832
2025-03-31 23:54:05,496 - INFO - Ingress_Exit GYVGHCPW
2025-03-31 23:54:05,581 - INFO - Ingress_Enter AES2Z527
2025-03-31 23:54:05,832 - INFO - Ingress_Exit AES2Z527
2025-03-31 23:54:06,197 - INFO - Ingress_Enter GQ15QKZV
2025-03-31 23:54:06,370 - INFO - Ingress_Enter ZBZNAMJT
2025-03-31 23:54:06,380 - INFO - Ingress_Exit GQ15QKZV
2025-03-31 23:54:06,627 - INFO - Ingress_Exit ZBZNAMJT
2025-03-31 23:54:06,661 - INFO - Ingress_Enter 1JY91HTX
2025-03-31 23:54:06,899 - INFO - Ingress_Exit 1JY91HTX
2025-03-31 23:54:06,964 - INFO - Ingress_Enter OO5FG2BU
2025-03-31 23:54:07,001 - INFO - Ingress_Enter RN7VZO1S
2025-03-31 23:54:07,209 - INFO - Ingress_Enter YV1528L7
2025-03-31 23:54:07,397 - INFO - Ingress_Exit OO5FG2BU
2025-03-31 23:54:07,398 - INFO - Ingress_Exit RN7VZO1S
2025-03-31 23:54:07,434 - INFO - Ingress_Enter 2WZDRF7K
2025-03-31 23:54:07,458 - INFO - Ingress_Enter HSPZ5A1G
2025-03-31 23:54:07,483 - INFO - Ingress_Enter M5XUZQ2G
2025-03-31 23:54:07,499 - INFO - Ingress_Exit YV1528L7
2025-03-31 23:54:07,616 - INFO - Ingress_Enter W6B0SPLC
2025-03-31 23:54:07,634 - INFO - Ingress_Exit 2WZDRF7K
2025-03-31 23:54:07,698 - INFO - Ingress_Exit M5XUZQ2G
2025-03-31 23:54:07,769 - INFO - Ingress_Exit HSPZ5A1G
2025-03-31 23:54:07,777 - INFO - Ingress_Enter 4M79MSKO
2025-03-31 23:54:07,801 - INFO - Ingress_Exit W6B0SPLC
2025-03-31 23:54:07,960 - INFO - Ingress_Enter JFNZWC0Q
2025-03-31 23:54:07,996 - INFO - Ingress_Enter FS73FQZC
2025-03-31 23:54:08,033 - INFO - Ingress_Exit 4M79MSKO
2025-03-31 23:54:08,241 - INFO - Ingress_Exit JFNZWC0Q
2025-03-31 23:54:08,341 - INFO - Ingress_Exit FS73FQZC
2025-03-31 23:54:08,398 - INFO - Ingress_Enter N9DFFHQ8
2025-03-31 23:54:08,433 - INFO - Ingress_Enter FZHF8PS0
2025-03-31 23:54:08,603 - INFO - Ingress_Exit N9DFFHQ8
2025-03-31 23:54:08,662 - INFO - Ingress_Exit FZHF8PS0
2025-03-31 23:54:08,845 - INFO - Ingress_Enter MK724TUY
2025-03-31 23:54:08,893 - INFO - Ingress_Enter NFZ4JA10
2025-03-31 23:54:09,002 - INFO - Ingress_Enter 4W7LND7A
2025-03-31 23:54:09,014 - INFO - Ingress_Enter Z04IK0EY
2025-03-31 23:54:09,021 - INFO - Ingress_Exit NFZ4JA10
2025-03-31 23:54:09,102 - INFO - Ingress_Exit 4W7LND7A
2025-03-31 23:54:09,111 - INFO - Ingress_Enter PGYAH58D
2025-03-31 23:54:09,120 - INFO - Ingress_Exit MK724TUY
2025-03-31 23:54:09,197 - INFO - Ingress_Exit Z04IK0EY
2025-03-31 23:54:09,213 - INFO - Ingress_Exit PGYAH58D
2025-03-31 23:54:09,643 - INFO - Ingress_Enter 22K9DQNP
2025-03-31 23:54:09,691 - INFO - Ingress_Enter 394B2JMZ
2025-03-31 23:54:09,764 - INFO - Ingress_Enter UWKD2LYM
2025-03-31 23:54:09,860 - INFO - Ingress_Exit 22K9DQNP
2025-03-31 23:54:09,996 - INFO - Ingress_Exit UWKD2LYM
2025-03-31 23:54:09,998 - INFO - Ingress_Enter A7GQIVT6
2025-03-31 23:54:10,039 - INFO - Ingress_Exit 394B2JMZ
2025-03-31 23:54:10,194 - INFO - Ingress_Enter HIXGMEFF
2025-03-31 23:54:10,263 - INFO - Ingress_Exit A7GQIVT6
2025-03-31 23:54:10,357 - INFO - Ingress_Exit HIXGMEFF
2025-03-31 23:54:10,441 - INFO - Ingress_Enter ZT2329UE
2025-03-31 23:54:10,501 - INFO - Ingress_Enter 09AAFXQB
2025-03-31 23:54:10,612 - INFO - Ingress_Enter KGBNG8ID
2025-03-31 23:54:10,657 - INFO - Ingress_Exit ZT2329UE
2025-03-31 23:54:10,772 - INFO - Ingress_Exit 09AAFXQB
2025-03-31 23:54:10,816 - INFO - Ingress_Exit KGBNG8ID
2025-03-31 23:54:10,891 - INFO - Ingress_Enter 6WS5AAVD
2025-03-31 23:54:10,951 - INFO - Ingress_Enter 4UFFTJ3S
2025-03-31 23:54:11,000 - INFO - Ingress_Enter K8YC97YX
2025-03-31 23:54:11,084 - INFO - Ingress_Enter N36O6AFD
2025-03-31 23:54:11,117 - INFO - Ingress_Exit 6WS5AAVD
2025-03-31 23:54:11,252 - INFO - Ingress_Exit 4UFFTJ3S
2025-03-31 23:54:11,253 - INFO - Ingress_Exit K8YC97YX
2025-03-31 23:54:11,309 - INFO - Ingress_Exit N36O6AFD
2025-03-31 23:54:11,496 - INFO - Ingress_Enter 5XZYUMLP
2025-03-31 23:54:11,544 - INFO - Ingress_Enter TCGZR8Z1
2025-03-31 23:54:11,689 - INFO - Ingress_Enter XJX2XAKV
2025-03-31 23:54:11,709 - INFO - Ingress_Exit TCGZR8Z1
2025-03-31 23:54:11,854 - INFO - Ingress_Exit 5XZYUMLP
2025-03-31 23:54:11,911 - INFO - Ingress_Exit XJX2XAKV
2025-03-31 23:54:11,956 - INFO - Ingress_Enter JMWPQ180
2025-03-31 23:54:12,060 - INFO - Ingress_Exit JMWPQ180
2025-03-31 23:54:12,126 - INFO - Ingress_Enter MSBQ07OO
2025-03-31 23:54:12,150 - INFO - Ingress_Enter WO9HKWC0
2025-03-31 23:54:12,289 - INFO - Ingress_Exit WO9HKWC0
2025-03-31 23:54:12,325 - INFO - Ingress_Exit MSBQ07OO
2025-03-31 23:54:12,405 - INFO - Ingress_Enter MC3KIPNS
2025-03-31 23:54:12,576 - INFO - Ingress_Enter T0PITSJT
2025-03-31 23:54:12,582 - INFO - Ingress_Exit MC3KIPNS
2025-03-31 23:54:12,636 - INFO - Ingress_Enter HX145G9T
2025-03-31 23:54:12,782 - INFO - Ingress_Exit T0PITSJT
2025-03-31 23:54:12,783 - INFO - Ingress_Exit HX145G9T
2025-03-31 23:54:12,830 - INFO - Ingress_Enter TCB61D8V
2025-03-31 23:54:12,842 - INFO - Ingress_Enter H2ALSZN7
2025-03-31 23:54:12,866 - INFO - Ingress_Enter JQQSIVTP
2025-03-31 23:54:12,977 - INFO - Ingress_Enter 4SM1VUU4
2025-03-31 23:54:12,982 - INFO - Ingress_Exit JQQSIVTP
2025-03-31 23:54:12,985 - INFO - Ingress_Exit H2ALSZN7
2025-03-31 23:54:13,026 - INFO - Ingress_Enter UXZHJ6M4
2025-03-31 23:54:13,070 - INFO - Ingress_Exit TCB61D8V
2025-03-31 23:54:13,075 - INFO - Ingress_Enter E7353JOT
2025-03-31 23:54:13,116 - INFO - Ingress_Exit 4SM1VUU4
2025-03-31 23:54:13,122 - INFO - Ingress_Enter W67TKBMF
2025-03-31 23:54:13,223 - INFO - Ingress_Exit UXZHJ6M4
2025-03-31 23:54:13,229 - INFO - Ingress_Exit E7353JOT
2025-03-31 23:54:13,280 - INFO - Ingress_Enter UR7HPOM7
2025-03-31 23:54:13,287 - INFO - Ingress_Exit W67TKBMF
2025-03-31 23:54:13,388 - INFO - Ingress_Enter 9IYXCOF2
2025-03-31 23:54:13,472 - INFO - Ingress_Exit UR7HPOM7
2025-03-31 23:54:13,534 - INFO - Ingress_Enter Z4V4N0TO
2025-03-31 23:54:13,568 - INFO - Ingress_Exit 9IYXCOF2
2025-03-31 23:54:13,618 - INFO - Ingress_Enter WIJ3T4TI
2025-03-31 23:54:13,644 - INFO - Ingress_Enter R60ALESM
2025-03-31 23:54:13,705 - INFO - Ingress_Enter ER0IPQBJ
2025-03-31 23:54:13,755 - INFO - Ingress_Enter 4N4Q0WD2
2025-03-31 23:54:13,874 - INFO - Ingress_Exit 4N4Q0WD2
2025-03-31 23:54:14,362 - INFO - Ingress_Exit Z4V4N0TO
2025-03-31 23:54:14,364 - INFO - Ingress_Exit WIJ3T4TI
2025-03-31 23:54:14,366 - INFO - Ingress_Exit ER0IPQBJ
2025-03-31 23:54:14,368 - INFO - Ingress_Exit R60ALESM
