2025-04-01 04:48:51,468 - INFO - Ingress_Enter FJVKRRGT
2025-04-01 04:48:51,679 - INFO - Ingress_Enter TZ35HOLR
2025-04-01 04:48:51,871 - INFO - Ingress_Enter KOAEER7I
2025-04-01 04:48:52,411 - INFO - Ingress_Exit FJVKRRGT
2025-04-01 04:48:52,571 - INFO - Ingress_Enter P8RDAHUG
2025-04-01 04:48:52,618 - INFO - Ingress_Exit TZ35HOLR
2025-04-01 04:48:52,711 - INFO - Ingress_Enter 64Y2VPPH
2025-04-01 04:48:52,783 - INFO - Ingress_Enter 5FYISLVM
2025-04-01 04:48:52,841 - INFO - Ingress_Exit KOAEER7I
2025-04-01 04:48:53,288 - INFO - Ingress_Enter KQ42VKXJ
2025-04-01 04:48:53,749 - INFO - Ingress_Exit P8RDAHUG
2025-04-01 04:48:53,751 - INFO - Ingress_Exit 64Y2VPPH
2025-04-01 04:48:53,753 - INFO - Ingress_Exit 5FYISLVM
2025-04-01 04:48:54,015 - INFO - Ingress_Exit KQ42VKXJ
2025-04-01 04:48:54,031 - INFO - Ingress_Enter WF6PQ86A
2025-04-01 04:48:54,271 - INFO - Ingress_Enter HI7Q0JLV
2025-04-01 04:48:54,343 - INFO - Ingress_Enter 007BXJ38
2025-04-01 04:48:54,415 - INFO - Ingress_Enter 5O0PV6IN
2025-04-01 04:48:54,823 - INFO - Ingress_Exit WF6PQ86A
2025-04-01 04:48:54,985 - INFO - Ingress_Exit 5O0PV6IN
2025-04-01 04:48:55,189 - INFO - Ingress_Exit HI7Q0JLV
2025-04-01 04:48:55,191 - INFO - Ingress_Exit 007BXJ38
2025-04-01 04:48:55,327 - INFO - Ingress_Enter C5KCFXMJ
2025-04-01 04:48:55,568 - INFO - Ingress_Enter S7JFLL0P
2025-04-01 04:48:55,664 - INFO - Ingress_Enter P5CJT8FG
2025-04-01 04:48:55,879 - INFO - Ingress_Enter J361IYI6
2025-04-01 04:48:56,085 - INFO - Ingress_Exit C5KCFXMJ
2025-04-01 04:48:56,262 - INFO - Ingress_Exit S7JFLL0P
2025-04-01 04:48:56,286 - INFO - Ingress_Enter NZB04YWZ
2025-04-01 04:48:56,363 - INFO - Ingress_Exit P5CJT8FG
2025-04-01 04:48:56,382 - INFO - Ingress_Enter AXLX4R8B
2025-04-01 04:48:56,543 - INFO - Ingress_Exit J361IYI6
2025-04-01 04:48:56,846 - INFO - Ingress_Exit NZB04YWZ
2025-04-01 04:48:56,984 - INFO - Ingress_Enter FWPCQGZX
2025-04-01 04:48:57,008 - INFO - Ingress_Enter L74TB7BG
2025-04-01 04:48:57,047 - INFO - Ingress_Exit AXLX4R8B
2025-04-01 04:48:57,128 - INFO - Ingress_Enter 4JNU20EU
2025-04-01 04:48:57,395 - INFO - Ingress_Enter ILDWSIVC
2025-04-01 04:48:57,488 - INFO - Ingress_Enter WN0R1UFK
2025-04-01 04:48:57,510 - INFO - Ingress_Exit FWPCQGZX
2025-04-01 04:48:57,591 - INFO - Ingress_Exit L74TB7BG
2025-04-01 04:48:57,702 - INFO - Ingress_Enter 1MNXPP0J
2025-04-01 04:48:57,822 - INFO - Ingress_Exit 4JNU20EU
2025-04-01 04:48:57,846 - INFO - Ingress_Enter APR48YDX
2025-04-01 04:48:57,950 - INFO - Ingress_Exit ILDWSIVC
2025-04-01 04:48:57,965 - INFO - Ingress_Enter A7MQHNI1
2025-04-01 04:48:58,048 - INFO - Ingress_Exit WN0R1UFK
2025-04-01 04:48:58,060 - INFO - Ingress_Enter ZF6C8NP8
2025-04-01 04:48:58,292 - INFO - Ingress_Exit 1MNXPP0J
2025-04-01 04:48:58,332 - INFO - Ingress_Exit APR48YDX
2025-04-01 04:48:58,487 - INFO - Ingress_Exit A7MQHNI1
2025-04-01 04:48:58,640 - INFO - Ingress_Enter 65JTYZ58
2025-04-01 04:48:58,728 - INFO - Ingress_Exit ZF6C8NP8
2025-04-01 04:48:58,836 - INFO - Ingress_Enter TWKR787D
2025-04-01 04:48:58,884 - INFO - Ingress_Enter 78OKFTVP
2025-04-01 04:48:59,146 - INFO - Ingress_Exit 65JTYZ58
2025-04-01 04:48:59,377 - INFO - Ingress_Exit TWKR787D
2025-04-01 04:48:59,379 - INFO - Ingress_Exit 78OKFTVP
2025-04-01 04:48:59,412 - INFO - Ingress_Enter FRPQWUSH
2025-04-01 04:48:59,604 - INFO - Ingress_Enter TGUY5A9X
2025-04-01 04:48:59,627 - INFO - Ingress_Enter 9EULME7P
2025-04-01 04:49:00,025 - INFO - Ingress_Exit FRPQWUSH
2025-04-01 04:49:00,104 - INFO - Ingress_Exit TGUY5A9X
2025-04-01 04:49:00,194 - INFO - Ingress_Exit 9EULME7P
2025-04-01 04:49:00,299 - INFO - Ingress_Enter B768LAV7
2025-04-01 04:49:00,896 - INFO - Ingress_Enter UWID798V
2025-04-01 04:49:00,992 - INFO - Ingress_Enter N3LQEZZ4
2025-04-01 04:49:01,010 - INFO - Ingress_Exit B768LAV7
2025-04-01 04:49:01,044 - INFO - Ingress_Enter WWG9W4OG
2025-04-01 04:49:01,236 - INFO - Ingress_Enter 6ZPK100P
2025-04-01 04:49:01,476 - INFO - Ingress_Enter ENPFTUB3
2025-04-01 04:49:01,477 - INFO - Ingress_Exit UWID798V
2025-04-01 04:49:01,500 - INFO - Ingress_Enter 7NVM07KB
2025-04-01 04:49:01,663 - INFO - Ingress_Exit N3LQEZZ4
2025-04-01 04:49:01,664 - INFO - Ingress_Exit WWG9W4OG
2025-04-01 04:49:01,912 - INFO - Ingress_Exit 6ZPK100P
2025-04-01 04:49:02,460 - INFO - Ingress_Enter QZ7NFRQL
2025-04-01 04:49:02,633 - INFO - Ingress_Exit ENPFTUB3
2025-04-01 04:49:02,634 - INFO - Ingress_Exit 7NVM07KB
2025-04-01 04:49:02,772 - INFO - Ingress_Enter OS1J3L4G
2025-04-01 04:49:03,156 - INFO - Ingress_Enter XP9CNDR1
2025-04-01 04:49:03,284 - INFO - Ingress_Exit QZ7NFRQL
2025-04-01 04:49:03,396 - INFO - Ingress_Enter WRRY62PP
2025-04-01 04:49:03,670 - INFO - Ingress_Exit OS1J3L4G
2025-04-01 04:49:03,757 - INFO - Ingress_Enter 773REG3X
2025-04-01 04:49:03,853 - INFO - Ingress_Enter 9MXY11XQ
2025-04-01 04:49:03,893 - INFO - Ingress_Exit XP9CNDR1
2025-04-01 04:49:04,105 - INFO - Ingress_Exit WRRY62PP
2025-04-01 04:49:04,283 - INFO - Ingress_Enter 85JMX58N
2025-04-01 04:49:04,332 - INFO - Ingress_Enter S68257AJ
2025-04-01 04:49:04,522 - INFO - Ingress_Exit 773REG3X
2025-04-01 04:49:04,524 - INFO - Ingress_Exit 9MXY11XQ
2025-04-01 04:49:04,593 - INFO - Ingress_Enter 2VJIMWAX
2025-04-01 04:49:04,905 - INFO - Ingress_Exit 85JMX58N
2025-04-01 04:49:05,122 - INFO - Ingress_Exit S68257AJ
2025-04-01 04:49:05,342 - INFO - Ingress_Exit 2VJIMWAX
2025-04-01 04:49:05,522 - INFO - Ingress_Enter G0BIWTNV
2025-04-01 04:49:05,855 - INFO - Ingress_Enter 7BF17428
2025-04-01 04:49:05,878 - INFO - Ingress_Enter 075YPM7Z
2025-04-01 04:49:06,169 - INFO - Ingress_Exit G0BIWTNV
2025-04-01 04:49:06,258 - INFO - Ingress_Enter FZE4S2EG
2025-04-01 04:49:06,343 - INFO - Ingress_Exit 7BF17428
2025-04-01 04:49:06,460 - INFO - Ingress_Exit 075YPM7Z
2025-04-01 04:49:06,545 - INFO - Ingress_Enter HT4U1RPD
2025-04-01 04:49:06,616 - INFO - Ingress_Enter S0E41LBC
2025-04-01 04:49:06,883 - INFO - Ingress_Enter LOUXHYXN
2025-04-01 04:49:06,916 - INFO - Ingress_Exit FZE4S2EG
2025-04-01 04:49:07,143 - INFO - Ingress_Exit HT4U1RPD
2025-04-01 04:49:07,145 - INFO - Ingress_Exit S0E41LBC
2025-04-01 04:49:07,146 - INFO - Ingress_Enter Z2VLJQC7
2025-04-01 04:49:07,291 - INFO - Ingress_Enter W1TX1D8Z
2025-04-01 04:49:07,418 - INFO - Ingress_Exit LOUXHYXN
2025-04-01 04:49:07,557 - INFO - Ingress_Enter J4K72HJK
2025-04-01 04:49:07,581 - INFO - Ingress_Enter RG6QABZ7
2025-04-01 04:49:07,687 - INFO - Ingress_Exit Z2VLJQC7
2025-04-01 04:49:07,776 - INFO - Ingress_Enter ISAAVOPL
2025-04-01 04:49:07,848 - INFO - Ingress_Enter 1QGWQP3O
2025-04-01 04:49:07,876 - INFO - Ingress_Exit W1TX1D8Z
2025-04-01 04:49:08,078 - INFO - Ingress_Exit J4K72HJK
2025-04-01 04:49:08,134 - INFO - Ingress_Enter K9D1ZFRB
2025-04-01 04:49:08,312 - INFO - Ingress_Exit RG6QABZ7
2025-04-01 04:49:08,314 - INFO - Ingress_Exit ISAAVOPL
2025-04-01 04:49:08,421 - INFO - Ingress_Enter MZCETLT1
2025-04-01 04:49:08,448 - INFO - Ingress_Exit 1QGWQP3O
2025-04-01 04:49:08,708 - INFO - Ingress_Enter EFFYEVJA
2025-04-01 04:49:08,744 - INFO - Ingress_Exit K9D1ZFRB
2025-04-01 04:49:08,780 - INFO - Ingress_Enter DZ39D55S
2025-04-01 04:49:08,969 - INFO - Ingress_Exit MZCETLT1
2025-04-01 04:49:09,210 - INFO - Ingress_Exit EFFYEVJA
2025-04-01 04:49:09,432 - INFO - Ingress_Exit DZ39D55S
2025-04-01 04:49:09,885 - INFO - Ingress_Enter AR6TZ5UN
2025-04-01 04:49:09,956 - INFO - Ingress_Enter LX8CJ8J2
2025-04-01 04:49:10,137 - INFO - Ingress_Exit AR6TZ5UN
2025-04-01 04:49:10,242 - INFO - Ingress_Enter 1IPKO2YN
2025-04-01 04:49:10,289 - INFO - Ingress_Exit LX8CJ8J2
2025-04-01 04:49:10,314 - INFO - Ingress_Enter QUT242LX
2025-04-01 04:49:10,339 - INFO - Ingress_Enter NOPA58JR
2025-04-01 04:49:10,362 - INFO - Ingress_Enter 7OQ8JCU1
2025-04-01 04:49:10,606 - INFO - Ingress_Exit 1IPKO2YN
2025-04-01 04:49:10,760 - INFO - Ingress_Exit QUT242LX
2025-04-01 04:49:10,761 - INFO - Ingress_Exit NOPA58JR
2025-04-01 04:49:10,762 - INFO - Ingress_Exit 7OQ8JCU1
2025-04-01 04:49:11,703 - INFO - Ingress_Enter 0SINSKWT
2025-04-01 04:49:11,799 - INFO - Ingress_Enter 5M0HHCYW
2025-04-01 04:49:12,170 - INFO - Ingress_Exit 0SINSKWT
2025-04-01 04:49:12,403 - INFO - Ingress_Exit 5M0HHCYW
2025-04-01 04:49:12,424 - INFO - Ingress_Enter N3EAK9A4
2025-04-01 04:49:12,665 - INFO - Ingress_Enter NCV9LMY9
2025-04-01 04:49:12,855 - INFO - Ingress_Enter QUPR7HWB
2025-04-01 04:49:12,990 - INFO - Ingress_Exit N3EAK9A4
2025-04-01 04:49:13,191 - INFO - Ingress_Exit NCV9LMY9
2025-04-01 04:49:13,422 - INFO - Ingress_Exit QUPR7HWB
2025-04-01 04:49:13,552 - INFO - Ingress_Enter AI2ZLU9I
2025-04-01 04:49:13,720 - INFO - Ingress_Enter 64KQ5Q40
2025-04-01 04:49:13,840 - INFO - Ingress_Enter FLRR10LE
2025-04-01 04:49:14,035 - INFO - Ingress_Exit AI2ZLU9I
2025-04-01 04:49:14,308 - INFO - Ingress_Exit 64KQ5Q40
2025-04-01 04:49:14,309 - INFO - Ingress_Exit FLRR10LE
2025-04-01 04:49:14,437 - INFO - Ingress_Enter 776Q2WCZ
2025-04-01 04:49:14,916 - INFO - Ingress_Enter A1OFE21Q
2025-04-01 04:49:15,047 - INFO - Ingress_Exit 776Q2WCZ
2025-04-01 04:49:15,155 - INFO - Ingress_Enter 8XF3JZMW
2025-04-01 04:49:15,467 - INFO - Ingress_Enter R76X3G35
2025-04-01 04:49:15,923 - INFO - Ingress_Enter M4KYWJG9
2025-04-01 04:49:16,139 - INFO - Ingress_Enter K3EUQ4ON
2025-04-01 04:49:16,378 - INFO - Ingress_Enter L93ZUTPK
2025-04-01 04:49:16,405 - INFO - Ingress_Exit A1OFE21Q
2025-04-01 04:49:16,410 - INFO - Ingress_Exit 8XF3JZMW
2025-04-01 04:49:16,516 - INFO - Ingress_Exit R76X3G35
2025-04-01 04:49:16,996 - INFO - Ingress_Exit M4KYWJG9
2025-04-01 04:49:16,998 - INFO - Ingress_Exit K3EUQ4ON
2025-04-01 04:49:17,014 - INFO - Ingress_Enter LBW8X6Z8
2025-04-01 04:49:17,154 - INFO - Ingress_Enter 6RLQDAOK
2025-04-01 04:49:17,249 - INFO - Ingress_Enter CCHQ4IPU
2025-04-01 04:49:17,369 - INFO - Ingress_Enter 0MQT82IB
2025-04-01 04:49:17,620 - INFO - Ingress_Exit L93ZUTPK
2025-04-01 04:49:17,686 - INFO - Ingress_Enter DSW1DCCX
2025-04-01 04:49:17,856 - INFO - Ingress_Exit LBW8X6Z8
2025-04-01 04:49:18,182 - INFO - Ingress_Exit 6RLQDAOK
2025-04-01 04:49:18,183 - INFO - Ingress_Exit CCHQ4IPU
2025-04-01 04:49:18,186 - INFO - Ingress_Exit 0MQT82IB
2025-04-01 04:49:18,267 - INFO - Ingress_Enter 4RRVZLJK
2025-04-01 04:49:18,314 - INFO - Ingress_Enter FJ3NKG8V
2025-04-01 04:49:18,401 - INFO - Ingress_Exit DSW1DCCX
2025-04-01 04:49:18,699 - INFO - Ingress_Enter FDCV92K3
2025-04-01 04:49:18,841 - INFO - Ingress_Enter HKUC19M5
2025-04-01 04:49:18,864 - INFO - Ingress_Enter MLPIZXZ4
2025-04-01 04:49:18,971 - INFO - Ingress_Exit 4RRVZLJK
2025-04-01 04:49:18,974 - INFO - Ingress_Exit FJ3NKG8V
2025-04-01 04:49:19,334 - INFO - Ingress_Exit HKUC19M5
2025-04-01 04:49:19,389 - INFO - Ingress_Exit FDCV92K3
2025-04-01 04:49:19,507 - INFO - Ingress_Exit MLPIZXZ4
2025-04-01 04:49:19,875 - INFO - Ingress_Enter 9AGZUBRO
2025-04-01 04:49:19,945 - INFO - Ingress_Enter BLVOM2QH
2025-04-01 04:49:20,088 - INFO - Ingress_Enter LZB3ZP77
2025-04-01 04:49:20,375 - INFO - Ingress_Enter AP969ZK0
2025-04-01 04:49:20,436 - INFO - Ingress_Exit 9AGZUBRO
2025-04-01 04:49:20,438 - INFO - Ingress_Exit BLVOM2QH
2025-04-01 04:49:20,591 - INFO - Ingress_Enter YMMEXKTT
2025-04-01 04:49:20,661 - INFO - Ingress_Exit LZB3ZP77
2025-04-01 04:49:20,782 - INFO - Ingress_Enter DGI5FRR7
2025-04-01 04:49:20,897 - INFO - Ingress_Exit AP969ZK0
2025-04-01 04:49:20,973 - INFO - Ingress_Enter 7SFMIRE0
2025-04-01 04:49:21,159 - INFO - Ingress_Exit YMMEXKTT
2025-04-01 04:49:21,238 - INFO - Ingress_Enter GVAE5G2W
2025-04-01 04:49:21,388 - INFO - Ingress_Exit DGI5FRR7
2025-04-01 04:49:21,406 - INFO - Ingress_Enter XNIT0Y8B
2025-04-01 04:49:21,623 - INFO - Ingress_Enter L3BN9I2C
2025-04-01 04:49:21,630 - INFO - Ingress_Exit 7SFMIRE0
2025-04-01 04:49:21,817 - INFO - Ingress_Exit GVAE5G2W
2025-04-01 04:49:21,885 - INFO - Ingress_Exit XNIT0Y8B
2025-04-01 04:49:22,217 - INFO - Ingress_Exit L3BN9I2C
2025-04-01 04:49:22,222 - INFO - Ingress_Enter JPSRIGM9
2025-04-01 04:49:22,460 - INFO - Ingress_Enter BRFCOUTW
2025-04-01 04:49:22,677 - INFO - Ingress_Enter RESDEFV5
2025-04-01 04:49:22,756 - INFO - Ingress_Exit JPSRIGM9
2025-04-01 04:49:22,844 - INFO - Ingress_Enter X4GFWON0
2025-04-01 04:49:22,915 - INFO - Ingress_Enter GCSE81JJ
2025-04-01 04:49:23,008 - INFO - Ingress_Exit BRFCOUTW
2025-04-01 04:49:23,199 - INFO - Ingress_Exit RESDEFV5
2025-04-01 04:49:23,253 - INFO - Ingress_Enter 411BI5D7
2025-04-01 04:49:23,420 - INFO - Ingress_Enter TEHSHD0S
2025-04-01 04:49:23,435 - INFO - Ingress_Exit X4GFWON0
2025-04-01 04:49:23,437 - INFO - Ingress_Exit GCSE81JJ
2025-04-01 04:49:23,866 - INFO - Ingress_Exit 411BI5D7
2025-04-01 04:49:24,117 - INFO - Ingress_Exit TEHSHD0S
2025-04-01 04:49:24,400 - INFO - Ingress_Enter 0NU16I23
2025-04-01 04:49:24,446 - INFO - Ingress_Enter 112G9GIQ
2025-04-01 04:49:24,662 - INFO - Ingress_Enter E1RZ34QC
2025-04-01 04:49:25,056 - INFO - Ingress_Exit 0NU16I23
2025-04-01 04:49:25,057 - INFO - Ingress_Exit 112G9GIQ
2025-04-01 04:49:25,070 - INFO - Ingress_Enter 7V9DHZAB
2025-04-01 04:49:25,166 - INFO - Ingress_Enter NZ6F4JC5
2025-04-01 04:49:25,248 - INFO - Ingress_Exit E1RZ34QC
2025-04-01 04:49:25,333 - INFO - Ingress_Enter IFCRKMVE
2025-04-01 04:49:25,405 - INFO - Ingress_Enter 284LIUMR
2025-04-01 04:49:25,746 - INFO - Ingress_Exit 7V9DHZAB
2025-04-01 04:49:25,747 - INFO - Ingress_Exit NZ6F4JC5
2025-04-01 04:49:25,944 - INFO - Ingress_Exit IFCRKMVE
2025-04-01 04:49:25,945 - INFO - Ingress_Exit 284LIUMR
2025-04-01 04:49:26,627 - INFO - Ingress_Enter 7F24BGL9
2025-04-01 04:49:26,674 - INFO - Ingress_Enter 5PNZHB95
2025-04-01 04:49:27,151 - INFO - Ingress_Enter W0SG66FP
2025-04-01 04:49:27,152 - INFO - Ingress_Exit 7F24BGL9
2025-04-01 04:49:27,370 - INFO - Ingress_Exit 5PNZHB95
2025-04-01 04:49:27,508 - INFO - Ingress_Enter 6CTKZWXE
2025-04-01 04:49:27,746 - INFO - Ingress_Enter AKWR92FS
2025-04-01 04:49:27,782 - INFO - Ingress_Exit W0SG66FP
2025-04-01 04:49:27,866 - INFO - Ingress_Enter 78WOC081
2025-04-01 04:49:28,056 - INFO - Ingress_Exit 6CTKZWXE
2025-04-01 04:49:28,299 - INFO - Ingress_Exit AKWR92FS
2025-04-01 04:49:28,441 - INFO - Ingress_Enter XNPZQDYP
2025-04-01 04:49:28,536 - INFO - Ingress_Enter K8HCYFHM
2025-04-01 04:49:28,537 - INFO - Ingress_Exit 78WOC081
2025-04-01 04:49:28,775 - INFO - Ingress_Enter 6EZGV46J
2025-04-01 04:49:28,823 - INFO - Ingress_Enter W4ROPE24
2025-04-01 04:49:28,853 - INFO - Ingress_Enter KD19M1OD
2025-04-01 04:49:28,985 - INFO - Ingress_Exit XNPZQDYP
2025-04-01 04:49:29,178 - INFO - Ingress_Exit K8HCYFHM
2025-04-01 04:49:29,231 - INFO - Ingress_Enter 4K235WCH
2025-04-01 04:49:29,440 - INFO - Ingress_Exit 6EZGV46J
2025-04-01 04:49:29,442 - INFO - Ingress_Exit W4ROPE24
2025-04-01 04:49:29,443 - INFO - Ingress_Exit KD19M1OD
2025-04-01 04:49:29,452 - INFO - Ingress_Enter FZ8JP5NK
2025-04-01 04:49:29,809 - INFO - Ingress_Enter LT0H4Y1K
2025-04-01 04:49:29,890 - INFO - Ingress_Exit 4K235WCH
2025-04-01 04:49:30,139 - INFO - Ingress_Exit FZ8JP5NK
2025-04-01 04:49:30,168 - INFO - Ingress_Enter 8JQZSKU0
2025-04-01 04:49:30,332 - INFO - Ingress_Exit LT0H4Y1K
2025-04-01 04:49:30,431 - INFO - Ingress_Enter KXCW1WQK
2025-04-01 04:49:30,528 - INFO - Ingress_Enter HEH0BW2R
2025-04-01 04:49:30,623 - INFO - Ingress_Enter PMSEYKCY
2025-04-01 04:49:30,790 - INFO - Ingress_Exit 8JQZSKU0
2025-04-01 04:49:30,943 - INFO - Ingress_Exit KXCW1WQK
2025-04-01 04:49:31,013 - INFO - Ingress_Exit HEH0BW2R
2025-04-01 04:49:31,221 - INFO - Ingress_Exit PMSEYKCY
2025-04-01 04:49:33,154 - INFO - Ingress_Enter LJUUGVVM
2025-04-01 04:49:33,225 - INFO - Ingress_Enter EINK5R3E
2025-04-01 04:49:33,440 - INFO - Ingress_Enter OYKHB01I
2025-04-01 04:49:33,464 - INFO - Ingress_Enter DQZIIEOP
2025-04-01 04:49:33,792 - INFO - Ingress_Exit LJUUGVVM
2025-04-01 04:49:33,793 - INFO - Ingress_Exit EINK5R3E
2025-04-01 04:49:34,046 - INFO - Ingress_Exit OYKHB01I
2025-04-01 04:49:34,046 - INFO - Ingress_Exit DQZIIEOP
2025-04-01 04:49:34,791 - INFO - Ingress_Enter IGXRY9OG
2025-04-01 04:49:34,886 - INFO - Ingress_Enter S4E63O2G
2025-04-01 04:49:35,148 - INFO - Ingress_Enter 5Y4J1EMK
2025-04-01 04:49:35,390 - INFO - Ingress_Exit IGXRY9OG
2025-04-01 04:49:35,392 - INFO - Ingress_Exit S4E63O2G
2025-04-01 04:49:35,580 - INFO - Ingress_Enter UGPWBCE9
2025-04-01 04:49:35,631 - INFO - Ingress_Enter ZIVUP739
2025-04-01 04:49:35,677 - INFO - Ingress_Enter ODL6XAZM
2025-04-01 04:49:35,861 - INFO - Ingress_Exit 5Y4J1EMK
2025-04-01 04:49:36,073 - INFO - Ingress_Exit UGPWBCE9
2025-04-01 04:49:36,158 - INFO - Ingress_Exit ZIVUP739
2025-04-01 04:49:36,297 - INFO - Ingress_Exit ODL6XAZM
2025-04-01 04:49:36,753 - INFO - Ingress_Enter QH9TUDW3
2025-04-01 04:49:37,273 - INFO - Ingress_Exit QH9TUDW3
2025-04-01 04:49:37,377 - INFO - Ingress_Enter KPOX6SAO
2025-04-01 04:49:37,473 - INFO - Ingress_Enter 8C8D6PFL
2025-04-01 04:49:37,689 - INFO - Ingress_Enter 8DEDNFKX
2025-04-01 04:49:37,808 - INFO - Ingress_Enter N739K0JP
2025-04-01 04:49:37,857 - INFO - Ingress_Enter SQ9XKOFN
2025-04-01 04:49:37,882 - INFO - Ingress_Exit KPOX6SAO
2025-04-01 04:49:38,087 - INFO - Ingress_Exit 8C8D6PFL
2025-04-01 04:49:38,353 - INFO - Ingress_Exit 8DEDNFKX
2025-04-01 04:49:38,356 - INFO - Ingress_Exit N739K0JP
2025-04-01 04:49:38,387 - INFO - Ingress_Exit SQ9XKOFN
2025-04-01 04:49:39,198 - INFO - Ingress_Enter IR5W9QH9
2025-04-01 04:49:39,270 - INFO - Ingress_Enter YQSGJN72
2025-04-01 04:49:39,608 - INFO - Ingress_Enter MR5150XC
2025-04-01 04:49:39,721 - INFO - Ingress_Exit IR5W9QH9
2025-04-01 04:49:39,798 - INFO - Ingress_Exit YQSGJN72
2025-04-01 04:49:40,183 - INFO - Ingress_Enter AR8D8CO0
2025-04-01 04:49:40,193 - INFO - Ingress_Exit MR5150XC
2025-04-01 04:49:40,207 - INFO - Ingress_Enter HLKBWWRR
2025-04-01 04:49:40,451 - INFO - Ingress_Enter 87NHH5UR
2025-04-01 04:49:40,522 - INFO - Ingress_Enter INOFYF0J
2025-04-01 04:49:40,666 - INFO - Ingress_Enter 3D0QK7VG
2025-04-01 04:49:40,743 - INFO - Ingress_Exit AR8D8CO0
2025-04-01 04:49:40,745 - INFO - Ingress_Exit HLKBWWRR
2025-04-01 04:49:41,062 - INFO - Ingress_Exit 87NHH5UR
2025-04-01 04:49:41,064 - INFO - Ingress_Exit INOFYF0J
2025-04-01 04:49:41,218 - INFO - Ingress_Enter VE5TH08O
2025-04-01 04:49:41,303 - INFO - Ingress_Exit 3D0QK7VG
2025-04-01 04:49:41,552 - INFO - Ingress_Enter 29YWYQJL
2025-04-01 04:49:41,782 - INFO - Ingress_Exit VE5TH08O
2025-04-01 04:49:41,912 - INFO - Ingress_Enter VEKWQNDV
2025-04-01 04:49:42,031 - INFO - Ingress_Enter GP0UAUOH
2025-04-01 04:49:42,057 - INFO - Ingress_Enter 3CNQ75FP
2025-04-01 04:49:42,080 - INFO - Ingress_Enter 5TFE4V1N
2025-04-01 04:49:42,089 - INFO - Ingress_Exit 29YWYQJL
2025-04-01 04:49:42,441 - INFO - Ingress_Exit VEKWQNDV
2025-04-01 04:49:42,603 - INFO - Ingress_Exit GP0UAUOH
2025-04-01 04:49:42,603 - INFO - Ingress_Exit 3CNQ75FP
2025-04-01 04:49:42,702 - INFO - Ingress_Exit 5TFE4V1N
2025-04-01 04:49:43,161 - INFO - Ingress_Enter BFWVMSYW
2025-04-01 04:49:43,257 - INFO - Ingress_Enter UKT9CN3B
2025-04-01 04:49:43,782 - INFO - Ingress_Enter MFO1I00J
2025-04-01 04:49:43,807 - INFO - Ingress_Exit BFWVMSYW
2025-04-01 04:49:43,808 - INFO - Ingress_Exit UKT9CN3B
2025-04-01 04:49:43,924 - INFO - Ingress_Enter SBYLA3O2
2025-04-01 04:49:44,020 - INFO - Ingress_Enter A81UDD1Z
2025-04-01 04:49:44,139 - INFO - Ingress_Enter VF551554
2025-04-01 04:49:44,264 - INFO - Ingress_Exit MFO1I00J
2025-04-01 04:49:44,329 - INFO - Ingress_Enter 2UPUYKIY
2025-04-01 04:49:44,509 - INFO - Ingress_Exit SBYLA3O2
2025-04-01 04:49:44,510 - INFO - Ingress_Exit A81UDD1Z
2025-04-01 04:49:44,664 - INFO - Ingress_Enter 8SMNGNLC
2025-04-01 04:49:44,687 - INFO - Ingress_Enter V88BV1K9
2025-04-01 04:49:44,756 - INFO - Ingress_Exit VF551554
2025-04-01 04:49:44,984 - INFO - Ingress_Exit 2UPUYKIY
2025-04-01 04:49:45,143 - INFO - Ingress_Enter 1UNTE8BG
2025-04-01 04:49:45,193 - INFO - Ingress_Exit 8SMNGNLC
2025-04-01 04:49:45,194 - INFO - Ingress_Exit V88BV1K9
2025-04-01 04:49:45,333 - INFO - Ingress_Enter PPKPFV7U
2025-04-01 04:49:45,452 - INFO - Ingress_Enter PNFDMHJZ
2025-04-01 04:49:45,620 - INFO - Ingress_Enter BGQZSWQ1
2025-04-01 04:49:45,654 - INFO - Ingress_Exit 1UNTE8BG
2025-04-01 04:49:45,811 - INFO - Ingress_Enter WC0TWDLF
2025-04-01 04:49:45,852 - INFO - Ingress_Exit PPKPFV7U
2025-04-01 04:49:46,130 - INFO - Ingress_Exit PNFDMHJZ
2025-04-01 04:49:46,133 - INFO - Ingress_Exit BGQZSWQ1
2025-04-01 04:49:46,322 - INFO - Ingress_Exit WC0TWDLF
2025-04-01 04:49:46,509 - INFO - Ingress_Enter U47FD77H
2025-04-01 04:49:46,724 - INFO - Ingress_Enter 995QHW48
2025-04-01 04:49:47,039 - INFO - Ingress_Exit U47FD77H
2025-04-01 04:49:47,232 - INFO - Ingress_Exit 995QHW48
2025-04-01 04:49:47,468 - INFO - Ingress_Enter 3NKM0M43
2025-04-01 04:49:47,756 - INFO - Ingress_Enter DGLP3A3S
2025-04-01 04:49:48,125 - INFO - Ingress_Exit 3NKM0M43
2025-04-01 04:49:48,211 - INFO - Ingress_Enter PGAOEDTA
2025-04-01 04:49:48,283 - INFO - Ingress_Enter BHBEBVU0
2025-04-01 04:49:48,337 - INFO - Ingress_Exit DGLP3A3S
2025-04-01 04:49:48,425 - INFO - Ingress_Enter VK375G5C
2025-04-01 04:49:48,861 - INFO - Ingress_Exit PGAOEDTA
2025-04-01 04:49:48,862 - INFO - Ingress_Exit BHBEBVU0
2025-04-01 04:49:49,047 - INFO - Ingress_Enter GX4TEC72
2025-04-01 04:49:49,054 - INFO - Ingress_Exit VK375G5C
2025-04-01 04:49:49,143 - INFO - Ingress_Enter RX2W1ZN7
2025-04-01 04:49:49,167 - INFO - Ingress_Enter Q3MUBZL7
2025-04-01 04:49:49,431 - INFO - Ingress_Enter 348LZ7QI
2025-04-01 04:49:49,540 - INFO - Ingress_Exit GX4TEC72
2025-04-01 04:49:49,624 - INFO - Ingress_Enter DJOR6Y4D
2025-04-01 04:49:49,648 - INFO - Ingress_Enter 68S9OUNU
2025-04-01 04:49:49,730 - INFO - Ingress_Exit RX2W1ZN7
2025-04-01 04:49:49,732 - INFO - Ingress_Exit Q3MUBZL7
2025-04-01 04:49:49,967 - INFO - Ingress_Exit 348LZ7QI
2025-04-01 04:49:50,211 - INFO - Ingress_Exit DJOR6Y4D
2025-04-01 04:49:50,212 - INFO - Ingress_Exit 68S9OUNU
2025-04-01 04:49:50,271 - INFO - Ingress_Enter YWIXEYMU
2025-04-01 04:49:50,584 - INFO - Ingress_Enter CGP5D5WB
2025-04-01 04:49:50,876 - INFO - Ingress_Exit YWIXEYMU
2025-04-01 04:49:51,094 - INFO - Ingress_Exit CGP5D5WB
2025-04-01 04:49:51,136 - INFO - Ingress_Enter RJYQT59E
2025-04-01 04:49:51,232 - INFO - Ingress_Enter W80FDK74
2025-04-01 04:49:51,710 - INFO - Ingress_Enter H5XW7ZW6
2025-04-01 04:49:51,775 - INFO - Ingress_Exit RJYQT59E
2025-04-01 04:49:51,776 - INFO - Ingress_Exit W80FDK74
2025-04-01 04:49:52,214 - INFO - Ingress_Enter W4FMYKHE
2025-04-01 04:49:52,226 - INFO - Ingress_Exit H5XW7ZW6
2025-04-01 04:49:52,574 - INFO - Ingress_Enter WWZ3SNLI
2025-04-01 04:49:52,680 - INFO - Ingress_Exit W4FMYKHE
2025-04-01 04:49:52,910 - INFO - Ingress_Enter KVTB6U7C
2025-04-01 04:49:53,171 - INFO - Ingress_Exit WWZ3SNLI
2025-04-01 04:49:53,200 - INFO - Ingress_Enter 01PZYL3S
2025-04-01 04:49:53,404 - INFO - Ingress_Exit KVTB6U7C
2025-04-01 04:49:53,467 - INFO - Ingress_Enter 8X590VDR
2025-04-01 04:49:53,860 - INFO - Ingress_Exit 01PZYL3S
2025-04-01 04:49:54,063 - INFO - Ingress_Exit 8X590VDR
2025-04-01 04:49:54,406 - INFO - Ingress_Enter 63IOP7EG
2025-04-01 04:49:54,646 - INFO - Ingress_Enter OP3WDRF6
2025-04-01 04:49:54,719 - INFO - Ingress_Enter YFV9HJ04
2025-04-01 04:49:54,994 - INFO - Ingress_Exit 63IOP7EG
2025-04-01 04:49:55,204 - INFO - Ingress_Exit YFV9HJ04
2025-04-01 04:49:55,205 - INFO - Ingress_Exit OP3WDRF6
2025-04-01 04:49:55,246 - INFO - Ingress_Enter DXKTW6OD
2025-04-01 04:49:55,341 - INFO - Ingress_Enter 3LLGABOQ
2025-04-01 04:49:55,728 - INFO - Ingress_Enter KW9CIRWU
2025-04-01 04:49:55,752 - INFO - Ingress_Enter 176DD2FV
2025-04-01 04:49:55,843 - INFO - Ingress_Exit DXKTW6OD
2025-04-01 04:49:55,844 - INFO - Ingress_Exit 3LLGABOQ
2025-04-01 04:49:56,362 - INFO - Ingress_Exit 176DD2FV
2025-04-01 04:49:56,362 - INFO - Ingress_Exit KW9CIRWU
2025-04-01 04:49:56,373 - INFO - Ingress_Enter VBX61TT6
2025-04-01 04:49:56,397 - INFO - Ingress_Enter 50QDCD5D
2025-04-01 04:49:56,469 - INFO - Ingress_Enter ZF2W2781
2025-04-01 04:49:56,732 - INFO - Ingress_Enter 91B37TD3
2025-04-01 04:49:56,992 - INFO - Ingress_Exit 50QDCD5D
2025-04-01 04:49:56,994 - INFO - Ingress_Exit VBX61TT6
2025-04-01 04:49:56,995 - INFO - Ingress_Exit ZF2W2781
2025-04-01 04:49:57,214 - INFO - Ingress_Exit 91B37TD3
2025-04-01 04:49:57,555 - INFO - Ingress_Enter YFQHWT56
2025-04-01 04:49:57,868 - INFO - Ingress_Enter 3WAJ62SQ
2025-04-01 04:49:57,986 - INFO - Ingress_Enter QFC50NFS
2025-04-01 04:49:58,217 - INFO - Ingress_Exit YFQHWT56
2025-04-01 04:49:58,444 - INFO - Ingress_Enter JV60DX31
2025-04-01 04:49:58,456 - INFO - Ingress_Exit 3WAJ62SQ
2025-04-01 04:49:58,703 - INFO - Ingress_Exit QFC50NFS
2025-04-01 04:49:58,708 - INFO - Ingress_Enter LF0DS866
2025-04-01 04:49:58,970 - INFO - Ingress_Enter X2BSVKIB
2025-04-01 04:49:59,042 - INFO - Ingress_Enter 46X03NYA
2025-04-01 04:49:59,066 - INFO - Ingress_Enter 6IBZZD45
2025-04-01 04:49:59,148 - INFO - Ingress_Exit JV60DX31
2025-04-01 04:49:59,210 - INFO - Ingress_Enter VR5JNMNW
2025-04-01 04:49:59,353 - INFO - Ingress_Exit LF0DS866
2025-04-01 04:49:59,602 - INFO - Ingress_Exit X2BSVKIB
2025-04-01 04:49:59,603 - INFO - Ingress_Exit 6IBZZD45
2025-04-01 04:49:59,605 - INFO - Ingress_Exit 46X03NYA
2025-04-01 04:49:59,834 - INFO - Ingress_Exit VR5JNMNW
2025-04-01 04:50:00,264 - INFO - Ingress_Enter DMJYEP1U
2025-04-01 04:50:00,768 - INFO - Ingress_Exit DMJYEP1U
2025-04-01 04:50:01,151 - INFO - Ingress_Enter 5KBVQ85J
2025-04-01 04:50:01,388 - INFO - Ingress_Enter M0FHG28R
2025-04-01 04:50:01,653 - INFO - Ingress_Exit 5KBVQ85J
2025-04-01 04:50:01,866 - INFO - Ingress_Enter 0OAA6R4R
2025-04-01 04:50:01,905 - INFO - Ingress_Exit M0FHG28R
2025-04-01 04:50:02,081 - INFO - Ingress_Enter BHNI8THC
2025-04-01 04:50:02,343 - INFO - Ingress_Exit 0OAA6R4R
2025-04-01 04:50:02,567 - INFO - Ingress_Enter XWPSHDRH
2025-04-01 04:50:02,595 - INFO - Ingress_Exit BHNI8THC
2025-04-01 04:50:02,662 - INFO - Ingress_Enter 1NYHZYS4
2025-04-01 04:50:02,685 - INFO - Ingress_Enter 16BJ0VG0
2025-04-01 04:50:03,070 - INFO - Ingress_Exit XWPSHDRH
2025-04-01 04:50:03,235 - INFO - Ingress_Enter 5TAHXV67
2025-04-01 04:50:03,256 - INFO - Ingress_Exit 1NYHZYS4
2025-04-01 04:50:03,257 - INFO - Ingress_Exit 16BJ0VG0
2025-04-01 04:50:03,548 - INFO - Ingress_Enter YZ7U670Q
2025-04-01 04:50:03,596 - INFO - Ingress_Enter H5GQCCWT
2025-04-01 04:50:03,711 - INFO - Ingress_Exit 5TAHXV67
2025-04-01 04:50:03,958 - INFO - Ingress_Enter 2C542SS6
2025-04-01 04:50:04,173 - INFO - Ingress_Enter 8CF19Y0G
2025-04-01 04:50:04,183 - INFO - Ingress_Exit YZ7U670Q
2025-04-01 04:50:04,185 - INFO - Ingress_Exit H5GQCCWT
2025-04-01 04:50:04,629 - INFO - Ingress_Enter 6TW7K8RO
2025-04-01 04:50:04,645 - INFO - Ingress_Exit 2C542SS6
2025-04-01 04:50:04,704 - INFO - Ingress_Exit 8CF19Y0G
2025-04-01 04:50:04,728 - INFO - Ingress_Enter UYGRD1H4
2025-04-01 04:50:04,993 - INFO - Ingress_Enter 7GVOIDOI
2025-04-01 04:50:05,111 - INFO - Ingress_Enter 3OJQIRAR
2025-04-01 04:50:05,164 - INFO - Ingress_Exit 6TW7K8RO
2025-04-01 04:50:05,343 - INFO - Ingress_Exit UYGRD1H4
2025-04-01 04:50:05,426 - INFO - Ingress_Enter GFPFV7Z2
2025-04-01 04:50:05,576 - INFO - Ingress_Exit 7GVOIDOI
2025-04-01 04:50:05,777 - INFO - Ingress_Exit 3OJQIRAR
2025-04-01 04:50:05,886 - INFO - Ingress_Enter M7H3RYH7
2025-04-01 04:50:05,935 - INFO - Ingress_Enter 94U4YSSY
2025-04-01 04:50:06,007 - INFO - Ingress_Enter Y1K7X5U2
2025-04-01 04:50:06,032 - INFO - Ingress_Exit GFPFV7Z2
2025-04-01 04:50:06,055 - INFO - Ingress_Enter EDS81I0I
2025-04-01 04:50:06,151 - INFO - Ingress_Enter NM9QSCLQ
2025-04-01 04:50:06,416 - INFO - Ingress_Enter XAZLGG37
2025-04-01 04:50:06,450 - INFO - Ingress_Exit M7H3RYH7
2025-04-01 04:50:06,451 - INFO - Ingress_Exit 94U4YSSY
2025-04-01 04:50:06,674 - INFO - Ingress_Exit Y1K7X5U2
2025-04-01 04:50:06,675 - INFO - Ingress_Exit EDS81I0I
2025-04-01 04:50:06,677 - INFO - Ingress_Exit NM9QSCLQ
2025-04-01 04:50:06,944 - INFO - Ingress_Exit XAZLGG37
2025-04-01 04:50:16,791 - INFO - Ingress_Enter RXF0D41V
2025-04-01 04:50:16,862 - INFO - Ingress_Enter TJ7WURV9
2025-04-01 04:50:17,029 - INFO - Ingress_Enter KSF2RO70
2025-04-01 04:50:17,052 - INFO - Ingress_Enter PTXNFGFB
2025-04-01 04:50:17,196 - INFO - Ingress_Enter 6VEUODUP
2025-04-01 04:50:17,310 - INFO - Ingress_Exit RXF0D41V
2025-04-01 04:50:17,488 - INFO - Ingress_Enter GE6GGWFR
2025-04-01 04:50:17,537 - INFO - Ingress_Enter YHM3NFPU
2025-04-01 04:50:17,548 - INFO - Ingress_Exit TJ7WURV9
2025-04-01 04:50:17,551 - INFO - Ingress_Exit KSF2RO70
2025-04-01 04:50:17,553 - INFO - Ingress_Exit PTXNFGFB
2025-04-01 04:50:17,761 - INFO - Ingress_Exit 6VEUODUP
2025-04-01 04:50:17,989 - INFO - Ingress_Exit GE6GGWFR
2025-04-01 04:50:18,048 - INFO - Ingress_Exit YHM3NFPU
2025-04-01 04:50:20,696 - INFO - Ingress_Enter KQMJXDGW
2025-04-01 04:50:20,766 - INFO - Ingress_Enter HBTC994W
2025-04-01 04:50:21,249 - INFO - Ingress_Exit KQMJXDGW
2025-04-01 04:50:21,250 - INFO - Ingress_Exit HBTC994W
2025-04-01 04:50:21,583 - INFO - Ingress_Enter C5S7151P
2025-04-01 04:50:21,608 - INFO - Ingress_Enter S9N1STB7
2025-04-01 04:50:21,891 - INFO - Ingress_Exit C5S7151P
2025-04-01 04:50:21,892 - INFO - Ingress_Exit S9N1STB7
2025-04-01 04:50:21,903 - INFO - Ingress_Enter KAX3GNTH
2025-04-01 04:50:22,071 - INFO - Ingress_Enter YKFBT1ZT
2025-04-01 04:50:22,237 - INFO - Ingress_Exit KAX3GNTH
2025-04-01 04:50:22,366 - INFO - Ingress_Exit YKFBT1ZT
2025-04-01 04:50:22,454 - INFO - Ingress_Enter 4UOEFGWS
2025-04-01 04:50:22,574 - INFO - Ingress_Enter CLNM5U56
2025-04-01 04:50:22,598 - INFO - Ingress_Enter VO85UFQ6
2025-04-01 04:50:22,623 - INFO - Ingress_Enter 8LNPN30Z
2025-04-01 04:50:22,671 - INFO - Ingress_Enter SDDRFODC
2025-04-01 04:50:22,844 - INFO - Ingress_Enter LFNJB4Y1
2025-04-01 04:50:22,854 - INFO - Ingress_Exit 4UOEFGWS
2025-04-01 04:50:23,035 - INFO - Ingress_Exit CLNM5U56
2025-04-01 04:50:23,037 - INFO - Ingress_Exit SDDRFODC
2025-04-01 04:50:23,038 - INFO - Ingress_Exit VO85UFQ6
2025-04-01 04:50:23,038 - INFO - Ingress_Exit 8LNPN30Z
2025-04-01 04:50:23,209 - INFO - Ingress_Exit LFNJB4Y1
2025-04-01 04:50:31,315 - INFO - Ingress_Enter YVSIAWSW
2025-04-01 04:50:31,339 - INFO - Ingress_Enter DXR1YEMI
2025-04-01 04:50:31,391 - INFO - Ingress_Enter 7ZNW26JK
2025-04-01 04:50:31,683 - INFO - Ingress_Enter YULHVWLW
2025-04-01 04:50:31,754 - INFO - Ingress_Enter BREHQDBE
2025-04-01 04:50:31,847 - INFO - Ingress_Exit YVSIAWSW
2025-04-01 04:50:31,922 - INFO - Ingress_Enter O205B773
2025-04-01 04:50:32,019 - INFO - Ingress_Enter S52O0TAP
2025-04-01 04:50:32,034 - INFO - Ingress_Exit DXR1YEMI
2025-04-01 04:50:32,034 - INFO - Ingress_Exit 7ZNW26JK
2025-04-01 04:50:32,069 - INFO - Ingress_Enter AA0ONHM7
2025-04-01 04:50:32,239 - INFO - Ingress_Exit YULHVWLW
2025-04-01 04:50:32,241 - INFO - Ingress_Exit BREHQDBE
2025-04-01 04:50:32,499 - INFO - Ingress_Exit O205B773
2025-04-01 04:50:32,531 - INFO - Ingress_Enter VZII9URW
2025-04-01 04:50:32,537 - INFO - Ingress_Exit S52O0TAP
2025-04-01 04:50:32,706 - INFO - Ingress_Exit AA0ONHM7
2025-04-01 04:50:32,768 - INFO - Ingress_Enter TTS77URR
2025-04-01 04:50:32,960 - INFO - Ingress_Enter 4NA90R25
2025-04-01 04:50:33,030 - INFO - Ingress_Enter G9RE9ILZ
2025-04-01 04:50:33,174 - INFO - Ingress_Exit VZII9URW
2025-04-01 04:50:33,373 - INFO - Ingress_Exit TTS77URR
2025-04-01 04:50:33,623 - INFO - Ingress_Exit G9RE9ILZ
2025-04-01 04:50:33,624 - INFO - Ingress_Exit 4NA90R25
2025-04-01 04:50:33,680 - INFO - Ingress_Enter TBQJX0LY
2025-04-01 04:50:33,874 - INFO - Ingress_Enter VHKT9990
2025-04-01 04:50:33,969 - INFO - Ingress_Enter OT0BBBK6
2025-04-01 04:50:34,017 - INFO - Ingress_Enter A5PSK0SG
2025-04-01 04:50:34,260 - INFO - Ingress_Enter R1DK72RX
2025-04-01 04:50:34,285 - INFO - Ingress_Exit TBQJX0LY
2025-04-01 04:50:34,356 - INFO - Ingress_Enter NENGYPPT
2025-04-01 04:50:34,525 - INFO - Ingress_Enter VXLIQX65
2025-04-01 04:50:34,531 - INFO - Ingress_Exit VHKT9990
2025-04-01 04:50:34,532 - INFO - Ingress_Exit OT0BBBK6
2025-04-01 04:50:34,534 - INFO - Ingress_Exit A5PSK0SG
2025-04-01 04:50:34,695 - INFO - Ingress_Exit R1DK72RX
2025-04-01 04:50:34,971 - INFO - Ingress_Exit NENGYPPT
2025-04-01 04:50:35,230 - INFO - Ingress_Exit VXLIQX65
2025-04-01 04:50:42,142 - INFO - Ingress_Enter N2NRUOKR
2025-04-01 04:50:42,453 - INFO - Ingress_Enter 19G0CNE4
2025-04-01 04:50:42,549 - INFO - Ingress_Enter 37XIKF66
2025-04-01 04:50:42,669 - INFO - Ingress_Enter TH1X8CKC
2025-04-01 04:50:42,692 - INFO - Ingress_Enter M3H4IXNY
2025-04-01 04:50:42,789 - INFO - Ingress_Enter H3XKK2OF
2025-04-01 04:50:42,832 - INFO - Ingress_Exit N2NRUOKR
2025-04-01 04:50:42,883 - INFO - Ingress_Enter PJITW43T
2025-04-01 04:50:43,053 - INFO - Ingress_Exit 19G0CNE4
2025-04-01 04:50:43,055 - INFO - Ingress_Exit 37XIKF66
2025-04-01 04:50:43,270 - INFO - Ingress_Exit TH1X8CKC
2025-04-01 04:50:43,271 - INFO - Ingress_Exit M3H4IXNY
2025-04-01 04:50:43,272 - INFO - Ingress_Exit H3XKK2OF
2025-04-01 04:50:43,359 - INFO - Ingress_Enter WPPV7J1S
2025-04-01 04:50:43,503 - INFO - Ingress_Enter HPX7440R
2025-04-01 04:50:43,528 - INFO - Ingress_Exit PJITW43T
2025-04-01 04:50:43,550 - INFO - Ingress_Enter N7QLF55O
2025-04-01 04:50:43,860 - INFO - Ingress_Enter G9KIKD5S
2025-04-01 04:50:43,987 - INFO - Ingress_Exit WPPV7J1S
2025-04-01 04:50:43,988 - INFO - Ingress_Exit HPX7440R
2025-04-01 04:50:44,052 - INFO - Ingress_Enter 3EZ6ZQG2
2025-04-01 04:50:44,194 - INFO - Ingress_Exit N7QLF55O
2025-04-01 04:50:44,244 - INFO - Ingress_Enter ET9P6X2J
2025-04-01 04:50:44,268 - INFO - Ingress_Enter DDZVHXQ9
2025-04-01 04:50:44,458 - INFO - Ingress_Exit G9KIKD5S
2025-04-01 04:50:44,483 - INFO - Ingress_Enter VIYJE8BJ
2025-04-01 04:50:44,687 - INFO - Ingress_Exit 3EZ6ZQG2
2025-04-01 04:50:44,699 - INFO - Ingress_Enter 71U91WUJ
2025-04-01 04:50:44,867 - INFO - Ingress_Enter 3N17K78A
2025-04-01 04:50:44,891 - INFO - Ingress_Enter QXCVOF87
2025-04-01 04:50:44,932 - INFO - Ingress_Exit ET9P6X2J
2025-04-01 04:50:44,934 - INFO - Ingress_Exit DDZVHXQ9
2025-04-01 04:50:45,176 - INFO - Ingress_Exit VIYJE8BJ
2025-04-01 04:50:45,207 - INFO - Ingress_Enter 7IN8HBID
2025-04-01 04:50:45,236 - INFO - Ingress_Exit 71U91WUJ
2025-04-01 04:50:45,287 - INFO - Ingress_Enter 8QA0B4SQ
2025-04-01 04:50:45,393 - INFO - Ingress_Exit QXCVOF87
2025-04-01 04:50:45,393 - INFO - Ingress_Exit 3N17K78A
2025-04-01 04:50:45,829 - INFO - Ingress_Exit 7IN8HBID
2025-04-01 04:50:45,831 - INFO - Ingress_Exit 8QA0B4SQ
2025-04-01 04:50:47,012 - INFO - Ingress_Enter FN6ZA4TO
2025-04-01 04:50:47,523 - INFO - Ingress_Exit FN6ZA4TO
2025-04-01 04:50:47,639 - INFO - Ingress_Enter X1DN1LBP
2025-04-01 04:50:47,687 - INFO - Ingress_Enter EPMI014H
2025-04-01 04:50:48,149 - INFO - Ingress_Exit X1DN1LBP
2025-04-01 04:50:48,188 - INFO - Ingress_Enter 5ZZO0MJI
2025-04-01 04:50:48,331 - INFO - Ingress_Enter TCTVR8FM
2025-04-01 04:50:48,398 - INFO - Ingress_Exit EPMI014H
2025-04-01 04:50:48,811 - INFO - Ingress_Enter E6FHRBOS
2025-04-01 04:50:48,839 - INFO - Ingress_Exit 5ZZO0MJI
2025-04-01 04:50:48,840 - INFO - Ingress_Exit TCTVR8FM
2025-04-01 04:50:48,907 - INFO - Ingress_Enter GQRFHP39
2025-04-01 04:50:49,026 - INFO - Ingress_Enter Z7KUVECO
2025-04-01 04:50:49,219 - INFO - Ingress_Enter AQTPPB70
2025-04-01 04:50:49,331 - INFO - Ingress_Exit E6FHRBOS
2025-04-01 04:50:49,525 - INFO - Ingress_Exit GQRFHP39
2025-04-01 04:50:49,526 - INFO - Ingress_Exit Z7KUVECO
2025-04-01 04:50:49,699 - INFO - Ingress_Enter TNA146FE
2025-04-01 04:50:49,746 - INFO - Ingress_Enter 0JNVSI1F
2025-04-01 04:50:49,757 - INFO - Ingress_Exit AQTPPB70
2025-04-01 04:50:49,985 - INFO - Ingress_Enter TPGI08VD
2025-04-01 04:50:50,224 - INFO - Ingress_Enter 0HM19BJJ
2025-04-01 04:50:50,238 - INFO - Ingress_Exit TNA146FE
2025-04-01 04:50:50,239 - INFO - Ingress_Exit 0JNVSI1F
2025-04-01 04:50:50,247 - INFO - Ingress_Enter 0VVBG46E
2025-04-01 04:50:50,476 - INFO - Ingress_Exit TPGI08VD
2025-04-01 04:50:50,709 - INFO - Ingress_Exit 0HM19BJJ
2025-04-01 04:50:50,843 - INFO - Ingress_Enter TUWSFMC9
2025-04-01 04:50:50,929 - INFO - Ingress_Exit 0VVBG46E
2025-04-01 04:50:50,963 - INFO - Ingress_Enter DNNZCOPJ
2025-04-01 04:50:50,988 - INFO - Ingress_Enter 1C200MHX
2025-04-01 04:50:51,130 - INFO - Ingress_Enter F4VO7RZ5
2025-04-01 04:50:51,371 - INFO - Ingress_Enter 9HIVM815
2025-04-01 04:50:51,429 - INFO - Ingress_Exit TUWSFMC9
2025-04-01 04:50:51,466 - INFO - Ingress_Enter XOYAUGWC
2025-04-01 04:50:51,476 - INFO - Ingress_Exit DNNZCOPJ
2025-04-01 04:50:51,634 - INFO - Ingress_Enter NRY6QWO3
2025-04-01 04:50:51,637 - INFO - Ingress_Exit 1C200MHX
2025-04-01 04:50:51,638 - INFO - Ingress_Exit F4VO7RZ5
2025-04-01 04:50:51,730 - INFO - Ingress_Enter JVO4VYBP
2025-04-01 04:50:51,777 - INFO - Ingress_Enter 438IPAKT
2025-04-01 04:50:51,902 - INFO - Ingress_Exit 9HIVM815
2025-04-01 04:50:52,016 - INFO - Ingress_Enter 3Z9RRRN9
2025-04-01 04:50:52,112 - INFO - Ingress_Enter 28SE1MTX
2025-04-01 04:50:52,140 - INFO - Ingress_Exit XOYAUGWC
2025-04-01 04:50:52,142 - INFO - Ingress_Exit NRY6QWO3
2025-04-01 04:50:52,364 - INFO - Ingress_Exit JVO4VYBP
2025-04-01 04:50:52,365 - INFO - Ingress_Exit 438IPAKT
2025-04-01 04:50:52,562 - INFO - Ingress_Exit 3Z9RRRN9
2025-04-01 04:50:52,707 - INFO - Ingress_Exit 28SE1MTX
2025-04-01 04:51:02,756 - INFO - Ingress_Enter 38RSIBRK
2025-04-01 04:51:03,147 - INFO - Ingress_Enter 5IS4DSJQ
2025-04-01 04:51:03,312 - INFO - Ingress_Exit 38RSIBRK
2025-04-01 04:51:03,483 - INFO - Ingress_Enter KZ3Z501F
2025-04-01 04:51:03,603 - INFO - Ingress_Enter 1J0XLCAK
2025-04-01 04:51:03,715 - INFO - Ingress_Exit 5IS4DSJQ
2025-04-01 04:51:03,979 - INFO - Ingress_Exit KZ3Z501F
2025-04-01 04:51:04,180 - INFO - Ingress_Exit 1J0XLCAK
2025-04-01 04:51:04,752 - INFO - Ingress_Enter F0WNSEWE
2025-04-01 04:51:05,212 - INFO - Ingress_Enter MPG7407K
2025-04-01 04:51:05,356 - INFO - Ingress_Exit F0WNSEWE
2025-04-01 04:51:05,380 - INFO - Ingress_Enter RRKZ4XRT
2025-04-01 04:51:05,548 - INFO - Ingress_Enter DKK1W1RY
2025-04-01 04:51:05,668 - INFO - Ingress_Enter 6MYX7MJQ
2025-04-01 04:51:05,786 - INFO - Ingress_Exit MPG7407K
2025-04-01 04:51:05,835 - INFO - Ingress_Enter HD18VOSB
2025-04-01 04:51:06,041 - INFO - Ingress_Exit RRKZ4XRT
2025-04-01 04:51:06,042 - INFO - Ingress_Exit DKK1W1RY
2025-04-01 04:51:06,200 - INFO - Ingress_Exit 6MYX7MJQ
2025-04-01 04:51:06,506 - INFO - Ingress_Exit HD18VOSB
2025-04-01 04:51:06,698 - INFO - Ingress_Enter BR4JD0O9
2025-04-01 04:51:07,203 - INFO - Ingress_Exit BR4JD0O9
2025-04-01 04:51:07,669 - INFO - Ingress_Enter 1F0FI6EW
2025-04-01 04:51:07,691 - INFO - Ingress_Enter 569OIQAA
2025-04-01 04:51:07,955 - INFO - Ingress_Enter 4O90PABC
2025-04-01 04:51:08,147 - INFO - Ingress_Enter 8D0AAA37
2025-04-01 04:51:08,284 - INFO - Ingress_Exit 1F0FI6EW
2025-04-01 04:51:08,286 - INFO - Ingress_Exit 569OIQAA
2025-04-01 04:51:08,518 - INFO - Ingress_Exit 4O90PABC
2025-04-01 04:51:08,758 - INFO - Ingress_Exit 8D0AAA37
2025-04-01 04:51:09,348 - INFO - Ingress_Enter 6QN3BP3U
2025-04-01 04:51:09,467 - INFO - Ingress_Enter XDGZUHBW
2025-04-01 04:51:09,547 - INFO - Ingress_Enter 9H4U5ERE
2025-04-01 04:51:09,937 - INFO - Ingress_Exit 6QN3BP3U
2025-04-01 04:51:09,989 - INFO - Ingress_Exit XDGZUHBW
2025-04-01 04:51:10,124 - INFO - Ingress_Exit 9H4U5ERE
2025-04-01 04:51:10,386 - INFO - Ingress_Enter TUNRH356
2025-04-01 04:51:10,410 - INFO - Ingress_Enter YH1FW0JT
2025-04-01 04:51:10,531 - INFO - Ingress_Enter 2FT18KJV
2025-04-01 04:51:10,555 - INFO - Ingress_Enter 53F4ZP51
2025-04-01 04:51:10,981 - INFO - Ingress_Exit TUNRH356
2025-04-01 04:51:10,982 - INFO - Ingress_Exit YH1FW0JT
2025-04-01 04:51:11,080 - INFO - Ingress_Exit 53F4ZP51
2025-04-01 04:51:11,081 - INFO - Ingress_Exit 2FT18KJV
2025-04-01 04:51:11,088 - INFO - Ingress_Enter V5MNOY0X
2025-04-01 04:51:11,615 - INFO - Ingress_Enter 7DAHYH9Q
2025-04-01 04:51:11,741 - INFO - Ingress_Exit V5MNOY0X
2025-04-01 04:51:12,181 - INFO - Ingress_Exit 7DAHYH9Q
2025-04-01 04:51:12,286 - INFO - Ingress_Enter AIMPO57J
2025-04-01 04:51:12,407 - INFO - Ingress_Enter OUINWC5L
2025-04-01 04:51:12,575 - INFO - Ingress_Enter H8SRN53P
2025-04-01 04:51:12,888 - INFO - Ingress_Enter A8JGDHM3
2025-04-01 04:51:12,908 - INFO - Ingress_Exit AIMPO57J
2025-04-01 04:51:12,910 - INFO - Ingress_Exit OUINWC5L
2025-04-01 04:51:12,983 - INFO - Ingress_Enter FD0SLJ2I
2025-04-01 04:51:13,116 - INFO - Ingress_Exit H8SRN53P
2025-04-01 04:51:13,197 - INFO - Ingress_Enter P1NJTSYO
2025-04-01 04:51:13,411 - INFO - Ingress_Enter ZTFMG004
2025-04-01 04:51:13,414 - INFO - Ingress_Exit A8JGDHM3
2025-04-01 04:51:13,460 - INFO - Ingress_Enter CPZVHQR8
2025-04-01 04:51:13,483 - INFO - Ingress_Enter TP9K3MCM
2025-04-01 04:51:13,534 - INFO - Ingress_Exit FD0SLJ2I
2025-04-01 04:51:13,843 - INFO - Ingress_Exit P1NJTSYO
2025-04-01 04:51:14,025 - INFO - Ingress_Exit ZTFMG004
2025-04-01 04:51:14,025 - INFO - Ingress_Exit CPZVHQR8
2025-04-01 04:51:14,028 - INFO - Ingress_Exit TP9K3MCM
