2025-04-13 20:33:30,302 - INFO - Ingress_Enter OWMKRRH9
2025-04-13 20:33:30,320 - INFO - Ingress_Input_Decoded OWMKRRH9
2025-04-13 20:33:30,322 - INFO - Ingress_Numpy_Converted OWMKRRH9
2025-04-13 20:33:30,544 - INFO - Ingress_Enter JP8I05T7
2025-04-13 20:33:30,563 - INFO - Ingress_Input_Decoded JP8I05T7
2025-04-13 20:33:30,565 - INFO - Ingress_Numpy_Converted JP8I05T7
2025-04-13 20:33:31,091 - INFO - Ingress_Exit OWMKRRH9
2025-04-13 20:33:31,169 - INFO - Ingress_Exit JP8I05T7
2025-04-13 20:33:31,299 - INFO - Ingress_Enter MO1D4YAD
2025-04-13 20:33:31,323 - INFO - Ingress_Input_Decoded MO1D4YAD
2025-04-13 20:33:31,326 - INFO - Ingress_Numpy_Converted MO1D4YAD
2025-04-13 20:33:31,468 - INFO - Ingress_Enter GYJIAHHS
2025-04-13 20:33:31,484 - INFO - Ingress_Input_Decoded GYJIAHHS
2025-04-13 20:33:31,485 - INFO - Ingress_Numpy_Converted GYJIAHHS
2025-04-13 20:33:31,790 - INFO - Ingress_Exit GYJIAHHS
2025-04-13 20:33:31,883 - INFO - Ingress_Exit MO1D4YAD
2025-04-13 20:33:32,028 - INFO - Ingress_Enter WQQ6LOMQ
2025-04-13 20:33:32,048 - INFO - Ingress_Input_Decoded WQQ6LOMQ
2025-04-13 20:33:32,050 - INFO - Ingress_Numpy_Converted WQQ6LOMQ
2025-04-13 20:33:32,399 - INFO - Ingress_Enter 6TFQXK9E
2025-04-13 20:33:32,423 - INFO - Ingress_Input_Decoded 6TFQXK9E
2025-04-13 20:33:32,425 - INFO - Ingress_Numpy_Converted 6TFQXK9E
2025-04-13 20:33:32,537 - INFO - Ingress_Exit WQQ6LOMQ
2025-04-13 20:33:32,896 - INFO - Ingress_Enter 9X9MLX81
2025-04-13 20:33:32,918 - INFO - Ingress_Input_Decoded 9X9MLX81
2025-04-13 20:33:32,920 - INFO - Ingress_Numpy_Converted 9X9MLX81
2025-04-13 20:33:32,979 - INFO - Ingress_Enter U1JNK3JM
2025-04-13 20:33:32,995 - INFO - Ingress_Input_Decoded U1JNK3JM
2025-04-13 20:33:32,996 - INFO - Ingress_Numpy_Converted U1JNK3JM
2025-04-13 20:33:33,078 - INFO - Ingress_Enter RED0ZCRE
2025-04-13 20:33:33,095 - INFO - Ingress_Input_Decoded RED0ZCRE
2025-04-13 20:33:33,096 - INFO - Ingress_Numpy_Converted RED0ZCRE
2025-04-13 20:33:33,318 - INFO - Ingress_Exit 6TFQXK9E
2025-04-13 20:33:33,601 - INFO - Ingress_Exit 9X9MLX81
2025-04-13 20:33:33,670 - INFO - Ingress_Exit U1JNK3JM
2025-04-13 20:33:33,742 - INFO - Ingress_Exit RED0ZCRE
2025-04-13 20:33:33,757 - INFO - Ingress_Enter J7YJMGG1
2025-04-13 20:33:33,770 - INFO - Ingress_Input_Decoded J7YJMGG1
2025-04-13 20:33:33,772 - INFO - Ingress_Numpy_Converted J7YJMGG1
2025-04-13 20:33:33,774 - INFO - Ingress_Enter 47E2FU4Y
2025-04-13 20:33:33,796 - INFO - Ingress_Input_Decoded 47E2FU4Y
2025-04-13 20:33:33,799 - INFO - Ingress_Numpy_Converted 47E2FU4Y
2025-04-13 20:33:34,008 - INFO - Ingress_Enter H2PHZ0XW
2025-04-13 20:33:34,030 - INFO - Ingress_Input_Decoded H2PHZ0XW
2025-04-13 20:33:34,032 - INFO - Ingress_Numpy_Converted H2PHZ0XW
2025-04-13 20:33:34,169 - INFO - Ingress_Enter DLBM4K3A
2025-04-13 20:33:34,185 - INFO - Ingress_Input_Decoded DLBM4K3A
2025-04-13 20:33:34,186 - INFO - Ingress_Numpy_Converted DLBM4K3A
2025-04-13 20:33:34,327 - INFO - Ingress_Exit J7YJMGG1
2025-04-13 20:33:34,593 - INFO - Ingress_Exit 47E2FU4Y
2025-04-13 20:33:34,972 - INFO - Ingress_Enter G871I1WS
2025-04-13 20:33:34,998 - INFO - Ingress_Input_Decoded G871I1WS
2025-04-13 20:33:35,001 - INFO - Ingress_Numpy_Converted G871I1WS
2025-04-13 20:33:35,001 - INFO - Ingress_Exit DLBM4K3A
2025-04-13 20:33:35,063 - INFO - Ingress_Enter WKBUCPQY
2025-04-13 20:33:35,089 - INFO - Ingress_Input_Decoded WKBUCPQY
2025-04-13 20:33:35,092 - INFO - Ingress_Numpy_Converted WKBUCPQY
2025-04-13 20:33:35,288 - INFO - Ingress_Exit H2PHZ0XW
2025-04-13 20:33:35,336 - INFO - Ingress_Enter 0MYNWPQF
2025-04-13 20:33:35,362 - INFO - Ingress_Input_Decoded 0MYNWPQF
2025-04-13 20:33:35,365 - INFO - Ingress_Numpy_Converted 0MYNWPQF
2025-04-13 20:33:35,369 - INFO - Ingress_Enter 2J0Z3NGV
2025-04-13 20:33:35,384 - INFO - Ingress_Input_Decoded 2J0Z3NGV
2025-04-13 20:33:35,385 - INFO - Ingress_Numpy_Converted 2J0Z3NGV
2025-04-13 20:33:35,387 - INFO - Ingress_Enter OGDYVPUW
2025-04-13 20:33:35,413 - INFO - Ingress_Input_Decoded OGDYVPUW
2025-04-13 20:33:35,416 - INFO - Ingress_Numpy_Converted OGDYVPUW
2025-04-13 20:33:35,943 - INFO - Ingress_Exit G871I1WS
2025-04-13 20:33:36,391 - INFO - Ingress_Exit 0MYNWPQF
2025-04-13 20:33:36,496 - INFO - Ingress_Exit WKBUCPQY
2025-04-13 20:33:36,659 - INFO - Ingress_Exit 2J0Z3NGV
2025-04-13 20:33:36,999 - INFO - Ingress_Exit OGDYVPUW
2025-04-13 20:33:37,332 - INFO - Ingress_Enter J51963QS
2025-04-13 20:33:37,344 - INFO - Ingress_Input_Decoded J51963QS
2025-04-13 20:33:37,345 - INFO - Ingress_Numpy_Converted J51963QS
2025-04-13 20:33:38,035 - INFO - Ingress_Enter X4AVBUMV
2025-04-13 20:33:38,058 - INFO - Ingress_Input_Decoded X4AVBUMV
2025-04-13 20:33:38,060 - INFO - Ingress_Numpy_Converted X4AVBUMV
2025-04-13 20:33:38,155 - INFO - Ingress_Enter R919KQVZ
2025-04-13 20:33:38,167 - INFO - Ingress_Input_Decoded R919KQVZ
2025-04-13 20:33:38,169 - INFO - Ingress_Numpy_Converted R919KQVZ
2025-04-13 20:33:38,201 - INFO - Ingress_Enter 7T4U05GD
2025-04-13 20:33:38,214 - INFO - Ingress_Input_Decoded 7T4U05GD
2025-04-13 20:33:38,215 - INFO - Ingress_Numpy_Converted 7T4U05GD
2025-04-13 20:33:38,668 - INFO - Ingress_Enter OIFMXAXT
2025-04-13 20:33:38,688 - INFO - Ingress_Input_Decoded OIFMXAXT
2025-04-13 20:33:38,690 - INFO - Ingress_Numpy_Converted OIFMXAXT
2025-04-13 20:33:38,708 - INFO - Ingress_Exit J51963QS
2025-04-13 20:33:38,837 - INFO - Ingress_Exit R919KQVZ
2025-04-13 20:33:38,890 - INFO - Ingress_Enter CO0HDR5S
2025-04-13 20:33:38,908 - INFO - Ingress_Input_Decoded CO0HDR5S
2025-04-13 20:33:38,910 - INFO - Ingress_Numpy_Converted CO0HDR5S
2025-04-13 20:33:38,911 - INFO - Ingress_Exit X4AVBUMV
2025-04-13 20:33:39,027 - INFO - Ingress_Enter KHB0B0W3
2025-04-13 20:33:39,045 - INFO - Ingress_Input_Decoded KHB0B0W3
2025-04-13 20:33:39,047 - INFO - Ingress_Numpy_Converted KHB0B0W3
2025-04-13 20:33:39,146 - INFO - Ingress_Exit 7T4U05GD
2025-04-13 20:33:39,161 - INFO - Ingress_Enter OF0JXTJU
2025-04-13 20:33:39,176 - INFO - Ingress_Input_Decoded OF0JXTJU
2025-04-13 20:33:39,178 - INFO - Ingress_Numpy_Converted OF0JXTJU
2025-04-13 20:33:39,258 - INFO - Ingress_Enter 08JSKTYN
2025-04-13 20:33:39,277 - INFO - Ingress_Input_Decoded 08JSKTYN
2025-04-13 20:33:39,278 - INFO - Ingress_Numpy_Converted 08JSKTYN
2025-04-13 20:33:39,486 - INFO - Ingress_Enter EYRB4IRD
2025-04-13 20:33:39,506 - INFO - Ingress_Input_Decoded EYRB4IRD
2025-04-13 20:33:39,508 - INFO - Ingress_Numpy_Converted EYRB4IRD
2025-04-13 20:33:39,744 - INFO - Ingress_Exit CO0HDR5S
2025-04-13 20:33:39,827 - INFO - Ingress_Exit OIFMXAXT
2025-04-13 20:33:39,914 - INFO - Ingress_Exit KHB0B0W3
2025-04-13 20:33:40,021 - INFO - Ingress_Exit OF0JXTJU
2025-04-13 20:33:40,307 - INFO - Ingress_Exit 08JSKTYN
2025-04-13 20:33:40,617 - INFO - Ingress_Enter OR8I0R9T
2025-04-13 20:33:40,633 - INFO - Ingress_Input_Decoded OR8I0R9T
2025-04-13 20:33:40,635 - INFO - Ingress_Numpy_Converted OR8I0R9T
2025-04-13 20:33:40,999 - INFO - Ingress_Enter EB3EGSOK
2025-04-13 20:33:41,016 - INFO - Ingress_Input_Decoded EB3EGSOK
2025-04-13 20:33:41,018 - INFO - Ingress_Numpy_Converted EB3EGSOK
2025-04-13 20:33:41,096 - INFO - Ingress_Enter GBZMYDV5
2025-04-13 20:33:41,122 - INFO - Ingress_Enter 4XDIY15B
2025-04-13 20:33:41,139 - INFO - Ingress_Input_Decoded 4XDIY15B
2025-04-13 20:33:41,141 - INFO - Ingress_Numpy_Converted 4XDIY15B
2025-04-13 20:33:41,167 - INFO - Ingress_Input_Decoded GBZMYDV5
2025-04-13 20:33:41,171 - INFO - Ingress_Numpy_Converted GBZMYDV5
2025-04-13 20:33:41,175 - INFO - Ingress_Enter 3VESWOCN
2025-04-13 20:33:41,176 - INFO - Ingress_Exit EYRB4IRD
2025-04-13 20:33:41,194 - INFO - Ingress_Input_Decoded 3VESWOCN
2025-04-13 20:33:41,196 - INFO - Ingress_Numpy_Converted 3VESWOCN
2025-04-13 20:33:41,721 - INFO - Ingress_Enter UB33GVD0
2025-04-13 20:33:41,735 - INFO - Ingress_Input_Decoded UB33GVD0
2025-04-13 20:33:41,736 - INFO - Ingress_Numpy_Converted UB33GVD0
2025-04-13 20:33:41,921 - INFO - Ingress_Enter OZ7HQIQR
2025-04-13 20:33:41,945 - INFO - Ingress_Input_Decoded OZ7HQIQR
2025-04-13 20:33:41,948 - INFO - Ingress_Numpy_Converted OZ7HQIQR
2025-04-13 20:33:42,232 - INFO - Ingress_Exit OR8I0R9T
2025-04-13 20:33:42,336 - INFO - Ingress_Exit EB3EGSOK
2025-04-13 20:33:42,443 - INFO - Ingress_Exit 4XDIY15B
2025-04-13 20:33:42,477 - INFO - Ingress_Exit GBZMYDV5
2025-04-13 20:33:42,731 - INFO - Ingress_Exit 3VESWOCN
2025-04-13 20:33:43,322 - INFO - Ingress_Enter U4UNBANJ
2025-04-13 20:33:43,338 - INFO - Ingress_Input_Decoded U4UNBANJ
2025-04-13 20:33:43,340 - INFO - Ingress_Numpy_Converted U4UNBANJ
2025-04-13 20:33:43,426 - INFO - Ingress_Enter GHLPGF02
2025-04-13 20:33:43,449 - INFO - Ingress_Input_Decoded GHLPGF02
2025-04-13 20:33:43,451 - INFO - Ingress_Numpy_Converted GHLPGF02
2025-04-13 20:33:43,527 - INFO - Ingress_Exit UB33GVD0
2025-04-13 20:33:43,552 - INFO - Ingress_Enter 5QPF6X2Z
2025-04-13 20:33:43,564 - INFO - Ingress_Input_Decoded 5QPF6X2Z
2025-04-13 20:33:43,565 - INFO - Ingress_Numpy_Converted 5QPF6X2Z
2025-04-13 20:33:43,613 - INFO - Ingress_Enter 7CKVDJV3
2025-04-13 20:33:43,633 - INFO - Ingress_Input_Decoded 7CKVDJV3
2025-04-13 20:33:43,635 - INFO - Ingress_Numpy_Converted 7CKVDJV3
2025-04-13 20:33:43,695 - INFO - Ingress_Enter 97QUR6UU
2025-04-13 20:33:43,717 - INFO - Ingress_Input_Decoded 97QUR6UU
2025-04-13 20:33:43,719 - INFO - Ingress_Numpy_Converted 97QUR6UU
2025-04-13 20:33:43,731 - INFO - Ingress_Enter HWA5QJ09
2025-04-13 20:33:43,746 - INFO - Ingress_Input_Decoded HWA5QJ09
2025-04-13 20:33:43,748 - INFO - Ingress_Numpy_Converted HWA5QJ09
2025-04-13 20:33:44,059 - INFO - Ingress_Exit OZ7HQIQR
2025-04-13 20:33:44,142 - INFO - Ingress_Enter PPEQIWIH
2025-04-13 20:33:44,153 - INFO - Ingress_Input_Decoded PPEQIWIH
2025-04-13 20:33:44,155 - INFO - Ingress_Numpy_Converted PPEQIWIH
2025-04-13 20:33:44,338 - INFO - Ingress_Enter 89KYK0ZH
2025-04-13 20:33:44,357 - INFO - Ingress_Input_Decoded 89KYK0ZH
2025-04-13 20:33:44,359 - INFO - Ingress_Numpy_Converted 89KYK0ZH
2025-04-13 20:33:44,816 - INFO - Ingress_Exit U4UNBANJ
2025-04-13 20:33:44,858 - INFO - Ingress_Exit GHLPGF02
2025-04-13 20:33:44,879 - INFO - Ingress_Exit 5QPF6X2Z
2025-04-13 20:33:45,015 - INFO - Ingress_Exit 7CKVDJV3
2025-04-13 20:33:45,023 - INFO - Ingress_Exit HWA5QJ09
2025-04-13 20:33:45,311 - INFO - Ingress_Enter 4RPKEHLT
2025-04-13 20:33:45,338 - INFO - Ingress_Input_Decoded 4RPKEHLT
2025-04-13 20:33:45,340 - INFO - Ingress_Numpy_Converted 4RPKEHLT
2025-04-13 20:33:45,494 - INFO - Ingress_Exit 97QUR6UU
2025-04-13 20:33:45,891 - INFO - Ingress_Enter DTYHG6HD
2025-04-13 20:33:45,891 - INFO - Ingress_Enter JWHB7RI2
2025-04-13 20:33:45,913 - INFO - Ingress_Input_Decoded DTYHG6HD
2025-04-13 20:33:45,915 - INFO - Ingress_Numpy_Converted DTYHG6HD
2025-04-13 20:33:45,939 - INFO - Ingress_Input_Decoded JWHB7RI2
2025-04-13 20:33:45,942 - INFO - Ingress_Numpy_Converted JWHB7RI2
2025-04-13 20:33:46,030 - INFO - Ingress_Enter E9C535DB
2025-04-13 20:33:46,032 - INFO - Ingress_Exit 89KYK0ZH
2025-04-13 20:33:46,057 - INFO - Ingress_Input_Decoded E9C535DB
2025-04-13 20:33:46,060 - INFO - Ingress_Numpy_Converted E9C535DB
2025-04-13 20:33:46,196 - INFO - Ingress_Enter RJLYPP72
2025-04-13 20:33:46,220 - INFO - Ingress_Input_Decoded RJLYPP72
2025-04-13 20:33:46,223 - INFO - Ingress_Numpy_Converted RJLYPP72
2025-04-13 20:33:46,224 - INFO - Ingress_Exit 4RPKEHLT
2025-04-13 20:33:46,240 - INFO - Ingress_Enter 78MSLQ88
2025-04-13 20:33:46,256 - INFO - Ingress_Input_Decoded 78MSLQ88
2025-04-13 20:33:46,257 - INFO - Ingress_Numpy_Converted 78MSLQ88
2025-04-13 20:33:46,450 - INFO - Ingress_Enter QCJCLOPH
2025-04-13 20:33:46,463 - INFO - Ingress_Input_Decoded QCJCLOPH
2025-04-13 20:33:46,464 - INFO - Ingress_Numpy_Converted QCJCLOPH
2025-04-13 20:33:46,501 - INFO - Ingress_Enter INESDKQ1
2025-04-13 20:33:46,516 - INFO - Ingress_Input_Decoded INESDKQ1
2025-04-13 20:33:46,518 - INFO - Ingress_Numpy_Converted INESDKQ1
2025-04-13 20:33:46,723 - INFO - Ingress_Exit PPEQIWIH
2025-04-13 20:33:46,738 - INFO - Ingress_Enter Q813UU8U
2025-04-13 20:33:46,778 - INFO - Ingress_Input_Decoded Q813UU8U
2025-04-13 20:33:46,781 - INFO - Ingress_Numpy_Converted Q813UU8U
2025-04-13 20:33:46,867 - INFO - Ingress_Exit JWHB7RI2
2025-04-13 20:33:47,147 - INFO - Ingress_Exit DTYHG6HD
2025-04-13 20:33:47,199 - INFO - Ingress_Enter 1OS7XF3U
2025-04-13 20:33:47,216 - INFO - Ingress_Input_Decoded 1OS7XF3U
2025-04-13 20:33:47,218 - INFO - Ingress_Numpy_Converted 1OS7XF3U
2025-04-13 20:33:47,343 - INFO - Ingress_Exit RJLYPP72
2025-04-13 20:33:47,373 - INFO - Ingress_Enter Z089KZF5
2025-04-13 20:33:47,387 - INFO - Ingress_Input_Decoded Z089KZF5
2025-04-13 20:33:47,389 - INFO - Ingress_Numpy_Converted Z089KZF5
2025-04-13 20:33:47,531 - INFO - Ingress_Exit E9C535DB
2025-04-13 20:33:47,635 - INFO - Ingress_Enter AUDHF4OG
2025-04-13 20:33:47,652 - INFO - Ingress_Input_Decoded AUDHF4OG
2025-04-13 20:33:47,654 - INFO - Ingress_Numpy_Converted AUDHF4OG
2025-04-13 20:33:47,683 - INFO - Ingress_Enter TP0ZV7B0
2025-04-13 20:33:47,701 - INFO - Ingress_Input_Decoded TP0ZV7B0
2025-04-13 20:33:47,703 - INFO - Ingress_Numpy_Converted TP0ZV7B0
2025-04-13 20:33:47,705 - INFO - Ingress_Enter 439Y5OYR
2025-04-13 20:33:47,720 - INFO - Ingress_Input_Decoded 439Y5OYR
2025-04-13 20:33:47,721 - INFO - Ingress_Numpy_Converted 439Y5OYR
2025-04-13 20:33:47,825 - INFO - Ingress_Enter EY6T70EF
2025-04-13 20:33:47,847 - INFO - Ingress_Input_Decoded EY6T70EF
2025-04-13 20:33:47,849 - INFO - Ingress_Numpy_Converted EY6T70EF
2025-04-13 20:33:48,013 - INFO - Ingress_Exit 78MSLQ88
2025-04-13 20:33:48,330 - INFO - Ingress_Exit QCJCLOPH
2025-04-13 20:33:48,419 - INFO - Ingress_Exit Q813UU8U
2025-04-13 20:33:48,570 - INFO - Ingress_Exit AUDHF4OG
2025-04-13 20:33:48,722 - INFO - Ingress_Exit INESDKQ1
2025-04-13 20:33:48,731 - INFO - Ingress_Exit 1OS7XF3U
2025-04-13 20:33:49,214 - INFO - Ingress_Enter BLGZH75P
2025-04-13 20:33:49,230 - INFO - Ingress_Input_Decoded BLGZH75P
2025-04-13 20:33:49,232 - INFO - Ingress_Numpy_Converted BLGZH75P
2025-04-13 20:33:49,300 - INFO - Ingress_Exit Z089KZF5
2025-04-13 20:33:49,607 - INFO - Ingress_Exit TP0ZV7B0
2025-04-13 20:33:49,881 - INFO - Ingress_Enter 251CPVTU
2025-04-13 20:33:49,898 - INFO - Ingress_Input_Decoded 251CPVTU
2025-04-13 20:33:49,899 - INFO - Ingress_Numpy_Converted 251CPVTU
2025-04-13 20:33:49,911 - INFO - Ingress_Exit 439Y5OYR
2025-04-13 20:33:49,976 - INFO - Ingress_Enter NPXB8F47
2025-04-13 20:33:49,994 - INFO - Ingress_Input_Decoded NPXB8F47
2025-04-13 20:33:49,995 - INFO - Ingress_Numpy_Converted NPXB8F47
2025-04-13 20:33:50,019 - INFO - Ingress_Enter M314QS71
2025-04-13 20:33:50,035 - INFO - Ingress_Input_Decoded M314QS71
2025-04-13 20:33:50,036 - INFO - Ingress_Numpy_Converted M314QS71
2025-04-13 20:33:50,474 - INFO - Ingress_Enter INYA3QOJ
2025-04-13 20:33:50,500 - INFO - Ingress_Input_Decoded INYA3QOJ
2025-04-13 20:33:50,503 - INFO - Ingress_Numpy_Converted INYA3QOJ
2025-04-13 20:33:50,511 - INFO - Ingress_Exit BLGZH75P
2025-04-13 20:33:50,532 - INFO - Ingress_Enter EPA0NEH0
2025-04-13 20:33:50,554 - INFO - Ingress_Input_Decoded EPA0NEH0
2025-04-13 20:33:50,556 - INFO - Ingress_Numpy_Converted EPA0NEH0
2025-04-13 20:33:50,606 - INFO - Ingress_Exit EY6T70EF
2025-04-13 20:33:50,770 - INFO - Ingress_Enter MAZB1KV4
2025-04-13 20:33:50,782 - INFO - Ingress_Input_Decoded MAZB1KV4
2025-04-13 20:33:50,783 - INFO - Ingress_Numpy_Converted MAZB1KV4
2025-04-13 20:33:50,784 - INFO - Ingress_Exit 251CPVTU
2025-04-13 20:33:50,828 - INFO - Ingress_Enter VLZ1810K
2025-04-13 20:33:50,847 - INFO - Ingress_Input_Decoded VLZ1810K
2025-04-13 20:33:50,849 - INFO - Ingress_Numpy_Converted VLZ1810K
2025-04-13 20:33:50,854 - INFO - Ingress_Enter 709DGNAD
2025-04-13 20:33:50,870 - INFO - Ingress_Input_Decoded 709DGNAD
2025-04-13 20:33:50,872 - INFO - Ingress_Numpy_Converted 709DGNAD
2025-04-13 20:33:51,007 - INFO - Ingress_Enter ZAWTXIR8
2025-04-13 20:33:51,024 - INFO - Ingress_Input_Decoded ZAWTXIR8
2025-04-13 20:33:51,026 - INFO - Ingress_Numpy_Converted ZAWTXIR8
2025-04-13 20:33:51,060 - INFO - Ingress_Exit NPXB8F47
2025-04-13 20:33:51,199 - INFO - Ingress_Enter ONI74QAC
2025-04-13 20:33:51,211 - INFO - Ingress_Input_Decoded ONI74QAC
2025-04-13 20:33:51,212 - INFO - Ingress_Numpy_Converted ONI74QAC
2025-04-13 20:33:51,345 - INFO - Ingress_Enter 7IQXVRPG
2025-04-13 20:33:51,363 - INFO - Ingress_Input_Decoded 7IQXVRPG
2025-04-13 20:33:51,364 - INFO - Ingress_Numpy_Converted 7IQXVRPG
2025-04-13 20:33:51,403 - INFO - Ingress_Exit M314QS71
2025-04-13 20:33:51,415 - INFO - Ingress_Enter 4GL7QGY8
2025-04-13 20:33:51,430 - INFO - Ingress_Input_Decoded 4GL7QGY8
2025-04-13 20:33:51,432 - INFO - Ingress_Numpy_Converted 4GL7QGY8
2025-04-13 20:33:51,733 - INFO - Ingress_Enter 6K2XG7LY
2025-04-13 20:33:51,746 - INFO - Ingress_Input_Decoded 6K2XG7LY
2025-04-13 20:33:51,747 - INFO - Ingress_Numpy_Converted 6K2XG7LY
2025-04-13 20:33:51,758 - INFO - Ingress_Enter P0X2L90D
2025-04-13 20:33:51,777 - INFO - Ingress_Input_Decoded P0X2L90D
2025-04-13 20:33:51,779 - INFO - Ingress_Numpy_Converted P0X2L90D
2025-04-13 20:33:51,782 - INFO - Ingress_Enter B78Z2QG7
2025-04-13 20:33:51,793 - INFO - Ingress_Input_Decoded B78Z2QG7
2025-04-13 20:33:51,794 - INFO - Ingress_Numpy_Converted B78Z2QG7
2025-04-13 20:33:52,299 - INFO - Ingress_Exit EPA0NEH0
2025-04-13 20:33:52,392 - INFO - Ingress_Exit MAZB1KV4
2025-04-13 20:33:52,632 - INFO - Ingress_Exit INYA3QOJ
2025-04-13 20:33:52,891 - INFO - Ingress_Exit VLZ1810K
2025-04-13 20:33:52,980 - INFO - Ingress_Exit 709DGNAD
2025-04-13 20:33:53,105 - INFO - Ingress_Exit ONI74QAC
2025-04-13 20:33:53,239 - INFO - Ingress_Exit ZAWTXIR8
2025-04-13 20:33:53,584 - INFO - Ingress_Exit 4GL7QGY8
2025-04-13 20:33:53,924 - INFO - Ingress_Exit 6K2XG7LY
2025-04-13 20:33:54,117 - INFO - Ingress_Exit 7IQXVRPG
2025-04-13 20:33:55,750 - INFO - Ingress_Enter QLV48RSR
2025-04-13 20:33:55,773 - INFO - Ingress_Input_Decoded QLV48RSR
2025-04-13 20:33:55,776 - INFO - Ingress_Numpy_Converted QLV48RSR
2025-04-13 20:33:55,794 - INFO - Ingress_Enter GYMHTDQ6
2025-04-13 20:33:55,816 - INFO - Ingress_Input_Decoded GYMHTDQ6
2025-04-13 20:33:55,818 - INFO - Ingress_Numpy_Converted GYMHTDQ6
2025-04-13 20:33:56,195 - INFO - Ingress_Enter TQVCE2GW
2025-04-13 20:33:56,220 - INFO - Ingress_Input_Decoded TQVCE2GW
2025-04-13 20:33:56,222 - INFO - Ingress_Numpy_Converted TQVCE2GW
2025-04-13 20:33:56,230 - INFO - Ingress_Enter QV5C2115
2025-04-13 20:33:56,249 - INFO - Ingress_Input_Decoded QV5C2115
2025-04-13 20:33:56,251 - INFO - Ingress_Numpy_Converted QV5C2115
2025-04-13 20:33:56,266 - INFO - Ingress_Enter DF16IA0R
2025-04-13 20:33:56,292 - INFO - Ingress_Input_Decoded DF16IA0R
2025-04-13 20:33:56,294 - INFO - Ingress_Numpy_Converted DF16IA0R
2025-04-13 20:33:56,298 - INFO - Ingress_Enter LXS4B7FV
2025-04-13 20:33:56,313 - INFO - Ingress_Input_Decoded LXS4B7FV
2025-04-13 20:33:56,315 - INFO - Ingress_Numpy_Converted LXS4B7FV
2025-04-13 20:33:56,448 - INFO - Ingress_Exit P0X2L90D
2025-04-13 20:33:56,650 - INFO - Ingress_Enter DOJ3HK8Q
2025-04-13 20:33:56,674 - INFO - Ingress_Input_Decoded DOJ3HK8Q
2025-04-13 20:33:56,676 - INFO - Ingress_Numpy_Converted DOJ3HK8Q
2025-04-13 20:33:56,783 - INFO - Ingress_Enter 7XHLKZ7D
2025-04-13 20:33:56,797 - INFO - Ingress_Input_Decoded 7XHLKZ7D
2025-04-13 20:33:56,799 - INFO - Ingress_Numpy_Converted 7XHLKZ7D
2025-04-13 20:33:56,856 - INFO - Ingress_Exit QLV48RSR
2025-04-13 20:33:56,958 - INFO - Ingress_Exit B78Z2QG7
2025-04-13 20:33:57,155 - INFO - Ingress_Enter 5RTNGLUY
2025-04-13 20:33:57,173 - INFO - Ingress_Input_Decoded 5RTNGLUY
2025-04-13 20:33:57,175 - INFO - Ingress_Numpy_Converted 5RTNGLUY
2025-04-13 20:33:57,192 - INFO - Ingress_Enter MEY2NPQU
2025-04-13 20:33:57,220 - INFO - Ingress_Input_Decoded MEY2NPQU
2025-04-13 20:33:57,223 - INFO - Ingress_Numpy_Converted MEY2NPQU
2025-04-13 20:33:57,429 - INFO - Ingress_Enter EEYAQZO5
2025-04-13 20:33:57,449 - INFO - Ingress_Input_Decoded EEYAQZO5
2025-04-13 20:33:57,451 - INFO - Ingress_Numpy_Converted EEYAQZO5
2025-04-13 20:33:57,491 - INFO - Ingress_Exit TQVCE2GW
2025-04-13 20:33:57,564 - INFO - Ingress_Enter PJ0X9KKA
2025-04-13 20:33:57,581 - INFO - Ingress_Input_Decoded PJ0X9KKA
2025-04-13 20:33:57,583 - INFO - Ingress_Numpy_Converted PJ0X9KKA
2025-04-13 20:33:57,610 - INFO - Ingress_Enter Q674JWVM
2025-04-13 20:33:57,628 - INFO - Ingress_Input_Decoded Q674JWVM
2025-04-13 20:33:57,630 - INFO - Ingress_Numpy_Converted Q674JWVM
2025-04-13 20:33:57,754 - INFO - Ingress_Exit GYMHTDQ6
2025-04-13 20:33:57,807 - INFO - Ingress_Enter VWJ2R2YQ
2025-04-13 20:33:57,843 - INFO - Ingress_Input_Decoded VWJ2R2YQ
2025-04-13 20:33:57,847 - INFO - Ingress_Numpy_Converted VWJ2R2YQ
2025-04-13 20:33:57,932 - INFO - Ingress_Enter 6LVE03R7
2025-04-13 20:33:57,946 - INFO - Ingress_Input_Decoded 6LVE03R7
2025-04-13 20:33:57,947 - INFO - Ingress_Numpy_Converted 6LVE03R7
2025-04-13 20:33:58,209 - INFO - Ingress_Exit QV5C2115
2025-04-13 20:33:58,222 - INFO - Ingress_Enter 8KTSFP2C
2025-04-13 20:33:58,241 - INFO - Ingress_Input_Decoded 8KTSFP2C
2025-04-13 20:33:58,243 - INFO - Ingress_Numpy_Converted 8KTSFP2C
2025-04-13 20:33:58,244 - INFO - Ingress_Exit LXS4B7FV
2025-04-13 20:33:58,314 - INFO - Ingress_Enter NBIWAN2M
2025-04-13 20:33:58,333 - INFO - Ingress_Input_Decoded NBIWAN2M
2025-04-13 20:33:58,335 - INFO - Ingress_Numpy_Converted NBIWAN2M
2025-04-13 20:33:58,411 - INFO - Ingress_Exit DOJ3HK8Q
2025-04-13 20:33:58,430 - INFO - Ingress_Enter N7P2E7R7
2025-04-13 20:33:58,448 - INFO - Ingress_Input_Decoded N7P2E7R7
2025-04-13 20:33:58,450 - INFO - Ingress_Numpy_Converted N7P2E7R7
2025-04-13 20:33:58,454 - INFO - Ingress_Enter GJTONUJ3
2025-04-13 20:33:58,454 - INFO - Ingress_Exit DF16IA0R
2025-04-13 20:33:58,467 - INFO - Ingress_Input_Decoded GJTONUJ3
2025-04-13 20:33:58,468 - INFO - Ingress_Numpy_Converted GJTONUJ3
2025-04-13 20:33:58,509 - INFO - Ingress_Exit 7XHLKZ7D
2025-04-13 20:33:58,531 - INFO - Ingress_Exit 5RTNGLUY
2025-04-13 20:33:58,683 - INFO - Ingress_Exit EEYAQZO5
2025-04-13 20:33:58,706 - INFO - Ingress_Exit MEY2NPQU
2025-04-13 20:33:59,166 - INFO - Ingress_Exit PJ0X9KKA
2025-04-13 20:33:59,322 - INFO - Ingress_Exit VWJ2R2YQ
2025-04-13 20:33:59,680 - INFO - Ingress_Exit 6LVE03R7
2025-04-13 20:34:00,129 - INFO - Ingress_Exit Q674JWVM
2025-04-13 20:34:00,292 - INFO - Ingress_Enter JHRGI0ZH
2025-04-13 20:34:00,326 - INFO - Ingress_Input_Decoded JHRGI0ZH
2025-04-13 20:34:00,329 - INFO - Ingress_Numpy_Converted JHRGI0ZH
2025-04-13 20:34:00,449 - INFO - Ingress_Exit NBIWAN2M
2025-04-13 20:34:00,504 - INFO - Ingress_Enter 34IMVXIL
2025-04-13 20:34:00,519 - INFO - Ingress_Input_Decoded 34IMVXIL
2025-04-13 20:34:00,520 - INFO - Ingress_Numpy_Converted 34IMVXIL
2025-04-13 20:34:00,554 - INFO - Ingress_Enter QBNKTB0F
2025-04-13 20:34:00,572 - INFO - Ingress_Input_Decoded QBNKTB0F
2025-04-13 20:34:00,574 - INFO - Ingress_Numpy_Converted QBNKTB0F
2025-04-13 20:34:00,645 - INFO - Ingress_Enter GYBV2UF4
2025-04-13 20:34:00,662 - INFO - Ingress_Input_Decoded GYBV2UF4
2025-04-13 20:34:00,663 - INFO - Ingress_Numpy_Converted GYBV2UF4
2025-04-13 20:34:00,686 - INFO - Ingress_Enter N0OCTAJ9
2025-04-13 20:34:00,701 - INFO - Ingress_Input_Decoded N0OCTAJ9
2025-04-13 20:34:00,702 - INFO - Ingress_Numpy_Converted N0OCTAJ9
2025-04-13 20:34:00,844 - INFO - Ingress_Enter VQUZHXZR
2025-04-13 20:34:00,861 - INFO - Ingress_Input_Decoded VQUZHXZR
2025-04-13 20:34:00,862 - INFO - Ingress_Numpy_Converted VQUZHXZR
2025-04-13 20:34:01,264 - INFO - Ingress_Enter 2RDOKUI6
2025-04-13 20:34:01,286 - INFO - Ingress_Input_Decoded 2RDOKUI6
2025-04-13 20:34:01,289 - INFO - Ingress_Numpy_Converted 2RDOKUI6
2025-04-13 20:34:01,291 - INFO - Ingress_Enter FZR92INU
2025-04-13 20:34:01,311 - INFO - Ingress_Input_Decoded FZR92INU
2025-04-13 20:34:01,313 - INFO - Ingress_Numpy_Converted FZR92INU
2025-04-13 20:34:01,526 - INFO - Ingress_Exit N7P2E7R7
2025-04-13 20:34:01,547 - INFO - Ingress_Exit 8KTSFP2C
2025-04-13 20:34:01,600 - INFO - Ingress_Exit GJTONUJ3
2025-04-13 20:34:01,620 - INFO - Ingress_Enter V4II6BUK
2025-04-13 20:34:01,637 - INFO - Ingress_Input_Decoded V4II6BUK
2025-04-13 20:34:01,640 - INFO - Ingress_Numpy_Converted V4II6BUK
2025-04-13 20:34:01,841 - INFO - Ingress_Enter BPTAH5WG
2025-04-13 20:34:01,853 - INFO - Ingress_Input_Decoded BPTAH5WG
2025-04-13 20:34:01,855 - INFO - Ingress_Numpy_Converted BPTAH5WG
2025-04-13 20:34:01,887 - INFO - Ingress_Enter 3LVFPGV1
2025-04-13 20:34:01,901 - INFO - Ingress_Input_Decoded 3LVFPGV1
2025-04-13 20:34:01,903 - INFO - Ingress_Numpy_Converted 3LVFPGV1
2025-04-13 20:34:02,042 - INFO - Ingress_Enter 6U49H3ZY
2025-04-13 20:34:02,066 - INFO - Ingress_Input_Decoded 6U49H3ZY
2025-04-13 20:34:02,068 - INFO - Ingress_Numpy_Converted 6U49H3ZY
2025-04-13 20:34:02,203 - INFO - Ingress_Enter F06WRGG8
2025-04-13 20:34:02,221 - INFO - Ingress_Input_Decoded F06WRGG8
2025-04-13 20:34:02,223 - INFO - Ingress_Numpy_Converted F06WRGG8
2025-04-13 20:34:02,389 - INFO - Ingress_Enter G4CTASQL
2025-04-13 20:34:02,409 - INFO - Ingress_Input_Decoded G4CTASQL
2025-04-13 20:34:02,411 - INFO - Ingress_Numpy_Converted G4CTASQL
2025-04-13 20:34:02,511 - INFO - Ingress_Exit 34IMVXIL
2025-04-13 20:34:02,550 - INFO - Ingress_Enter XP3ZE411
2025-04-13 20:34:02,571 - INFO - Ingress_Input_Decoded XP3ZE411
2025-04-13 20:34:02,573 - INFO - Ingress_Numpy_Converted XP3ZE411
2025-04-13 20:34:02,924 - INFO - Ingress_Exit QBNKTB0F
2025-04-13 20:34:02,966 - INFO - Ingress_Exit JHRGI0ZH
2025-04-13 20:34:03,181 - INFO - Ingress_Exit N0OCTAJ9
2025-04-13 20:34:03,224 - INFO - Ingress_Exit GYBV2UF4
2025-04-13 20:34:03,233 - INFO - Ingress_Exit 2RDOKUI6
2025-04-13 20:34:03,364 - INFO - Ingress_Exit VQUZHXZR
2025-04-13 20:34:03,555 - INFO - Ingress_Exit 3LVFPGV1
2025-04-13 20:34:03,704 - INFO - Ingress_Exit FZR92INU
2025-04-13 20:34:03,868 - INFO - Ingress_Exit 6U49H3ZY
2025-04-13 20:34:03,892 - INFO - Ingress_Exit V4II6BUK
2025-04-13 20:34:03,994 - INFO - Ingress_Exit BPTAH5WG
2025-04-13 20:34:04,145 - INFO - Ingress_Exit F06WRGG8
2025-04-13 20:34:04,352 - INFO - Ingress_Exit G4CTASQL
2025-04-13 20:34:04,582 - INFO - Ingress_Exit XP3ZE411
2025-04-13 20:34:05,646 - INFO - Ingress_Enter VMN4QBGM
2025-04-13 20:34:05,670 - INFO - Ingress_Input_Decoded VMN4QBGM
2025-04-13 20:34:05,673 - INFO - Ingress_Numpy_Converted VMN4QBGM
2025-04-13 20:34:05,675 - INFO - Ingress_Enter 9W9KIF4G
2025-04-13 20:34:05,690 - INFO - Ingress_Input_Decoded 9W9KIF4G
2025-04-13 20:34:05,692 - INFO - Ingress_Numpy_Converted 9W9KIF4G
2025-04-13 20:34:05,758 - INFO - Ingress_Enter HEI09RTD
2025-04-13 20:34:05,777 - INFO - Ingress_Input_Decoded HEI09RTD
2025-04-13 20:34:05,779 - INFO - Ingress_Numpy_Converted HEI09RTD
2025-04-13 20:34:06,398 - INFO - Ingress_Enter E75DBC0H
2025-04-13 20:34:06,409 - INFO - Ingress_Input_Decoded E75DBC0H
2025-04-13 20:34:06,410 - INFO - Ingress_Numpy_Converted E75DBC0H
2025-04-13 20:34:06,451 - INFO - Ingress_Enter WESCASVR
2025-04-13 20:34:06,471 - INFO - Ingress_Input_Decoded WESCASVR
2025-04-13 20:34:06,473 - INFO - Ingress_Numpy_Converted WESCASVR
2025-04-13 20:34:06,577 - INFO - Ingress_Enter QTAA0T5I
2025-04-13 20:34:06,592 - INFO - Ingress_Input_Decoded QTAA0T5I
2025-04-13 20:34:06,594 - INFO - Ingress_Numpy_Converted QTAA0T5I
2025-04-13 20:34:06,761 - INFO - Ingress_Enter LQREN20E
2025-04-13 20:34:06,778 - INFO - Ingress_Input_Decoded LQREN20E
2025-04-13 20:34:06,779 - INFO - Ingress_Numpy_Converted LQREN20E
2025-04-13 20:34:06,833 - INFO - Ingress_Exit VMN4QBGM
2025-04-13 20:34:06,866 - INFO - Ingress_Enter 7WPCOF7B
2025-04-13 20:34:06,890 - INFO - Ingress_Input_Decoded 7WPCOF7B
2025-04-13 20:34:06,893 - INFO - Ingress_Numpy_Converted 7WPCOF7B
2025-04-13 20:34:06,923 - INFO - Ingress_Enter 2PYUNXIP
2025-04-13 20:34:06,947 - INFO - Ingress_Input_Decoded 2PYUNXIP
2025-04-13 20:34:06,949 - INFO - Ingress_Numpy_Converted 2PYUNXIP
2025-04-13 20:34:06,966 - INFO - Ingress_Exit 9W9KIF4G
2025-04-13 20:34:06,994 - INFO - Ingress_Enter PPREYJ5J
2025-04-13 20:34:07,005 - INFO - Ingress_Input_Decoded PPREYJ5J
2025-04-13 20:34:07,006 - INFO - Ingress_Numpy_Converted PPREYJ5J
2025-04-13 20:34:07,052 - INFO - Ingress_Exit HEI09RTD
2025-04-13 20:34:07,075 - INFO - Ingress_Enter UYCLLWGZ
2025-04-13 20:34:07,088 - INFO - Ingress_Input_Decoded UYCLLWGZ
2025-04-13 20:34:07,089 - INFO - Ingress_Numpy_Converted UYCLLWGZ
2025-04-13 20:34:07,463 - INFO - Ingress_Enter HCO487Q5
2025-04-13 20:34:07,488 - INFO - Ingress_Input_Decoded HCO487Q5
2025-04-13 20:34:07,490 - INFO - Ingress_Numpy_Converted HCO487Q5
2025-04-13 20:34:07,506 - INFO - Ingress_Enter X7ENVGWR
2025-04-13 20:34:07,530 - INFO - Ingress_Input_Decoded X7ENVGWR
2025-04-13 20:34:07,532 - INFO - Ingress_Numpy_Converted X7ENVGWR
2025-04-13 20:34:07,679 - INFO - Ingress_Enter YZSNQ97M
2025-04-13 20:34:07,698 - INFO - Ingress_Input_Decoded YZSNQ97M
2025-04-13 20:34:07,699 - INFO - Ingress_Numpy_Converted YZSNQ97M
2025-04-13 20:34:07,946 - INFO - Ingress_Enter G9DBJO7U
2025-04-13 20:34:07,961 - INFO - Ingress_Input_Decoded G9DBJO7U
2025-04-13 20:34:07,962 - INFO - Ingress_Numpy_Converted G9DBJO7U
2025-04-13 20:34:07,965 - INFO - Ingress_Enter V9JMTVF9
2025-04-13 20:34:07,982 - INFO - Ingress_Input_Decoded V9JMTVF9
2025-04-13 20:34:07,984 - INFO - Ingress_Numpy_Converted V9JMTVF9
2025-04-13 20:34:08,186 - INFO - Ingress_Enter A6MXQZ61
2025-04-13 20:34:08,204 - INFO - Ingress_Input_Decoded A6MXQZ61
2025-04-13 20:34:08,206 - INFO - Ingress_Numpy_Converted A6MXQZ61
2025-04-13 20:34:08,214 - INFO - Ingress_Exit PPREYJ5J
2025-04-13 20:34:08,297 - INFO - Ingress_Exit WESCASVR
2025-04-13 20:34:08,610 - INFO - Ingress_Exit E75DBC0H
2025-04-13 20:34:08,848 - INFO - Ingress_Exit LQREN20E
2025-04-13 20:34:09,138 - INFO - Ingress_Exit 2PYUNXIP
2025-04-13 20:34:09,178 - INFO - Ingress_Exit 7WPCOF7B
2025-04-13 20:34:09,193 - INFO - Ingress_Exit QTAA0T5I
2025-04-13 20:34:09,346 - INFO - Ingress_Exit HCO487Q5
2025-04-13 20:34:10,123 - INFO - Ingress_Exit UYCLLWGZ
2025-04-13 20:34:10,424 - INFO - Ingress_Exit X7ENVGWR
2025-04-13 20:34:10,682 - INFO - Ingress_Exit YZSNQ97M
2025-04-13 20:34:10,849 - INFO - Ingress_Exit G9DBJO7U
2025-04-13 20:34:11,582 - INFO - Ingress_Exit V9JMTVF9
2025-04-13 20:34:11,735 - INFO - Ingress_Enter LYD8EUWR
2025-04-13 20:34:11,736 - INFO - Ingress_Enter 96JO7ISZ
2025-04-13 20:34:11,754 - INFO - Ingress_Input_Decoded LYD8EUWR
2025-04-13 20:34:11,755 - INFO - Ingress_Numpy_Converted LYD8EUWR
2025-04-13 20:34:11,776 - INFO - Ingress_Input_Decoded 96JO7ISZ
2025-04-13 20:34:11,779 - INFO - Ingress_Numpy_Converted 96JO7ISZ
2025-04-13 20:34:11,783 - INFO - Ingress_Enter O212H73W
2025-04-13 20:34:11,799 - INFO - Ingress_Input_Decoded O212H73W
2025-04-13 20:34:11,800 - INFO - Ingress_Numpy_Converted O212H73W
2025-04-13 20:34:11,905 - INFO - Ingress_Enter S1Q9T44A
2025-04-13 20:34:11,906 - INFO - Ingress_Enter ONHA8MC4
2025-04-13 20:34:11,915 - INFO - Ingress_Input_Decoded S1Q9T44A
2025-04-13 20:34:11,916 - INFO - Ingress_Numpy_Converted S1Q9T44A
2025-04-13 20:34:11,930 - INFO - Ingress_Input_Decoded ONHA8MC4
2025-04-13 20:34:11,932 - INFO - Ingress_Numpy_Converted ONHA8MC4
2025-04-13 20:34:11,946 - INFO - Ingress_Enter 725TLRAO
2025-04-13 20:34:11,959 - INFO - Ingress_Input_Decoded 725TLRAO
2025-04-13 20:34:11,960 - INFO - Ingress_Numpy_Converted 725TLRAO
2025-04-13 20:34:12,226 - INFO - Ingress_Enter KHYMEN6L
2025-04-13 20:34:12,258 - INFO - Ingress_Input_Decoded KHYMEN6L
2025-04-13 20:34:12,262 - INFO - Ingress_Numpy_Converted KHYMEN6L
2025-04-13 20:34:12,264 - INFO - Ingress_Enter R71SCY54
2025-04-13 20:34:12,279 - INFO - Ingress_Input_Decoded R71SCY54
2025-04-13 20:34:12,281 - INFO - Ingress_Numpy_Converted R71SCY54
2025-04-13 20:34:12,307 - INFO - Ingress_Enter Q67SUSLJ
2025-04-13 20:34:12,328 - INFO - Ingress_Input_Decoded Q67SUSLJ
2025-04-13 20:34:12,330 - INFO - Ingress_Numpy_Converted Q67SUSLJ
2025-04-13 20:34:12,636 - INFO - Ingress_Enter 9C4RM770
2025-04-13 20:34:12,652 - INFO - Ingress_Input_Decoded 9C4RM770
2025-04-13 20:34:12,654 - INFO - Ingress_Numpy_Converted 9C4RM770
2025-04-13 20:34:12,810 - INFO - Ingress_Enter S5SVO0S4
2025-04-13 20:34:12,830 - INFO - Ingress_Input_Decoded S5SVO0S4
2025-04-13 20:34:12,832 - INFO - Ingress_Numpy_Converted S5SVO0S4
2025-04-13 20:34:12,891 - INFO - Ingress_Enter UHTOJE55
2025-04-13 20:34:12,908 - INFO - Ingress_Input_Decoded UHTOJE55
2025-04-13 20:34:12,910 - INFO - Ingress_Numpy_Converted UHTOJE55
2025-04-13 20:34:12,979 - INFO - Ingress_Enter XYEONDMK
2025-04-13 20:34:13,002 - INFO - Ingress_Input_Decoded XYEONDMK
2025-04-13 20:34:13,004 - INFO - Ingress_Numpy_Converted XYEONDMK
2025-04-13 20:34:13,181 - INFO - Ingress_Enter OKKCI16T
2025-04-13 20:34:13,200 - INFO - Ingress_Input_Decoded OKKCI16T
2025-04-13 20:34:13,202 - INFO - Ingress_Numpy_Converted OKKCI16T
2025-04-13 20:34:13,489 - INFO - Ingress_Exit LYD8EUWR
2025-04-13 20:34:13,668 - INFO - Ingress_Exit A6MXQZ61
2025-04-13 20:34:13,740 - INFO - Ingress_Exit 96JO7ISZ
2025-04-13 20:34:14,291 - INFO - Ingress_Exit O212H73W
2025-04-13 20:34:14,751 - INFO - Ingress_Exit 725TLRAO
2025-04-13 20:34:14,886 - INFO - Ingress_Exit S1Q9T44A
2025-04-13 20:34:15,004 - INFO - Ingress_Exit Q67SUSLJ
2025-04-13 20:34:15,446 - INFO - Ingress_Exit ONHA8MC4
2025-04-13 20:34:15,540 - INFO - Ingress_Exit KHYMEN6L
2025-04-13 20:34:15,716 - INFO - Ingress_Exit UHTOJE55
2025-04-13 20:34:15,819 - INFO - Ingress_Exit 9C4RM770
2025-04-13 20:34:15,950 - INFO - Ingress_Exit R71SCY54
2025-04-13 20:34:17,515 - INFO - Ingress_Enter ZGJ95SHA
2025-04-13 20:34:17,533 - INFO - Ingress_Input_Decoded ZGJ95SHA
2025-04-13 20:34:17,535 - INFO - Ingress_Numpy_Converted ZGJ95SHA
2025-04-13 20:34:17,870 - INFO - Ingress_Exit S5SVO0S4
2025-04-13 20:34:17,878 - INFO - Ingress_Enter AM0RI4B0
2025-04-13 20:34:17,901 - INFO - Ingress_Input_Decoded AM0RI4B0
2025-04-13 20:34:17,904 - INFO - Ingress_Numpy_Converted AM0RI4B0
2025-04-13 20:34:18,235 - INFO - Ingress_Enter M86EBWED
2025-04-13 20:34:18,260 - INFO - Ingress_Input_Decoded M86EBWED
2025-04-13 20:34:18,262 - INFO - Ingress_Numpy_Converted M86EBWED
2025-04-13 20:34:18,362 - INFO - Ingress_Enter THQDMMBY
2025-04-13 20:34:18,382 - INFO - Ingress_Input_Decoded THQDMMBY
2025-04-13 20:34:18,384 - INFO - Ingress_Numpy_Converted THQDMMBY
2025-04-13 20:34:18,890 - INFO - Ingress_Enter JRM3KCF5
2025-04-13 20:34:18,913 - INFO - Ingress_Input_Decoded JRM3KCF5
2025-04-13 20:34:18,915 - INFO - Ingress_Numpy_Converted JRM3KCF5
2025-04-13 20:34:18,924 - INFO - Ingress_Enter Q0SOVRD5
2025-04-13 20:34:18,952 - INFO - Ingress_Input_Decoded Q0SOVRD5
2025-04-13 20:34:18,956 - INFO - Ingress_Numpy_Converted Q0SOVRD5
2025-04-13 20:34:19,007 - INFO - Ingress_Exit XYEONDMK
2025-04-13 20:34:19,027 - INFO - Ingress_Enter SL0KCY7H
2025-04-13 20:34:19,050 - INFO - Ingress_Input_Decoded SL0KCY7H
2025-04-13 20:34:19,052 - INFO - Ingress_Numpy_Converted SL0KCY7H
2025-04-13 20:34:19,116 - INFO - Ingress_Enter EYDIYG7B
2025-04-13 20:34:19,137 - INFO - Ingress_Input_Decoded EYDIYG7B
2025-04-13 20:34:19,139 - INFO - Ingress_Numpy_Converted EYDIYG7B
2025-04-13 20:34:19,248 - INFO - Ingress_Enter VACFOHWQ
2025-04-13 20:34:19,266 - INFO - Ingress_Input_Decoded VACFOHWQ
2025-04-13 20:34:19,268 - INFO - Ingress_Numpy_Converted VACFOHWQ
2025-04-13 20:34:19,352 - INFO - Ingress_Exit OKKCI16T
2025-04-13 20:34:19,535 - INFO - Ingress_Enter D49F82CR
2025-04-13 20:34:19,561 - INFO - Ingress_Input_Decoded D49F82CR
2025-04-13 20:34:19,564 - INFO - Ingress_Numpy_Converted D49F82CR
2025-04-13 20:34:19,973 - INFO - Ingress_Exit ZGJ95SHA
2025-04-13 20:34:19,993 - INFO - Ingress_Enter Q45R3P2U
2025-04-13 20:34:20,013 - INFO - Ingress_Input_Decoded Q45R3P2U
2025-04-13 20:34:20,015 - INFO - Ingress_Numpy_Converted Q45R3P2U
2025-04-13 20:34:20,180 - INFO - Ingress_Exit M86EBWED
2025-04-13 20:34:20,211 - INFO - Ingress_Enter 27EDR20Z
2025-04-13 20:34:20,249 - INFO - Ingress_Input_Decoded 27EDR20Z
2025-04-13 20:34:20,253 - INFO - Ingress_Numpy_Converted 27EDR20Z
2025-04-13 20:34:20,255 - INFO - Ingress_Exit THQDMMBY
2025-04-13 20:34:20,347 - INFO - Ingress_Exit JRM3KCF5
2025-04-13 20:34:20,406 - INFO - Ingress_Enter DTSDQQFW
2025-04-13 20:34:20,425 - INFO - Ingress_Input_Decoded DTSDQQFW
2025-04-13 20:34:20,427 - INFO - Ingress_Numpy_Converted DTSDQQFW
2025-04-13 20:34:20,635 - INFO - Ingress_Exit AM0RI4B0
2025-04-13 20:34:20,884 - INFO - Ingress_Enter 8C43MGLS
2025-04-13 20:34:20,905 - INFO - Ingress_Input_Decoded 8C43MGLS
2025-04-13 20:34:20,907 - INFO - Ingress_Numpy_Converted 8C43MGLS
2025-04-13 20:34:20,913 - INFO - Ingress_Enter MCFOO479
2025-04-13 20:34:20,953 - INFO - Ingress_Input_Decoded MCFOO479
2025-04-13 20:34:20,958 - INFO - Ingress_Numpy_Converted MCFOO479
2025-04-13 20:34:20,961 - INFO - Ingress_Enter Q8T1S4N0
2025-04-13 20:34:20,992 - INFO - Ingress_Input_Decoded Q8T1S4N0
2025-04-13 20:34:20,995 - INFO - Ingress_Numpy_Converted Q8T1S4N0
2025-04-13 20:34:21,178 - INFO - Ingress_Enter UO2C68CM
2025-04-13 20:34:21,206 - INFO - Ingress_Input_Decoded UO2C68CM
2025-04-13 20:34:21,210 - INFO - Ingress_Numpy_Converted UO2C68CM
2025-04-13 20:34:21,211 - INFO - Ingress_Enter FO9FL25D
2025-04-13 20:34:21,251 - INFO - Ingress_Input_Decoded FO9FL25D
2025-04-13 20:34:21,255 - INFO - Ingress_Numpy_Converted FO9FL25D
2025-04-13 20:34:21,268 - INFO - Ingress_Enter EZRT0ISS
2025-04-13 20:34:21,294 - INFO - Ingress_Input_Decoded EZRT0ISS
2025-04-13 20:34:21,296 - INFO - Ingress_Numpy_Converted EZRT0ISS
2025-04-13 20:34:21,305 - INFO - Ingress_Enter 7M4GICIP
2025-04-13 20:34:21,324 - INFO - Ingress_Input_Decoded 7M4GICIP
2025-04-13 20:34:21,326 - INFO - Ingress_Numpy_Converted 7M4GICIP
2025-04-13 20:34:21,701 - INFO - Ingress_Exit Q0SOVRD5
2025-04-13 20:34:21,902 - INFO - Ingress_Exit Q45R3P2U
2025-04-13 20:34:21,993 - INFO - Ingress_Exit SL0KCY7H
2025-04-13 20:34:22,118 - INFO - Ingress_Exit VACFOHWQ
2025-04-13 20:34:22,625 - INFO - Ingress_Exit EYDIYG7B
2025-04-13 20:34:22,846 - INFO - Ingress_Exit 8C43MGLS
2025-04-13 20:34:22,966 - INFO - Ingress_Exit DTSDQQFW
2025-04-13 20:34:23,133 - INFO - Ingress_Exit UO2C68CM
2025-04-13 20:34:23,136 - INFO - Ingress_Exit D49F82CR
2025-04-13 20:34:23,625 - INFO - Ingress_Enter 6CBORQCE
2025-04-13 20:34:23,655 - INFO - Ingress_Input_Decoded 6CBORQCE
2025-04-13 20:34:23,659 - INFO - Ingress_Numpy_Converted 6CBORQCE
2025-04-13 20:34:23,660 - INFO - Ingress_Exit MCFOO479
2025-04-13 20:34:23,699 - INFO - Ingress_Exit 27EDR20Z
2025-04-13 20:34:23,749 - INFO - Ingress_Enter 572MP6AO
2025-04-13 20:34:23,770 - INFO - Ingress_Input_Decoded 572MP6AO
2025-04-13 20:34:23,772 - INFO - Ingress_Numpy_Converted 572MP6AO
2025-04-13 20:34:23,794 - INFO - Ingress_Enter QAMWD2ED
2025-04-13 20:34:23,817 - INFO - Ingress_Input_Decoded QAMWD2ED
2025-04-13 20:34:23,819 - INFO - Ingress_Numpy_Converted QAMWD2ED
2025-04-13 20:34:23,835 - INFO - Ingress_Enter ARCMBDID
2025-04-13 20:34:23,852 - INFO - Ingress_Input_Decoded ARCMBDID
2025-04-13 20:34:23,854 - INFO - Ingress_Numpy_Converted ARCMBDID
2025-04-13 20:34:23,947 - INFO - Ingress_Exit 7M4GICIP
2025-04-13 20:34:24,027 - INFO - Ingress_Enter AK2SU76H
2025-04-13 20:34:24,051 - INFO - Ingress_Input_Decoded AK2SU76H
2025-04-13 20:34:24,053 - INFO - Ingress_Numpy_Converted AK2SU76H
2025-04-13 20:34:24,176 - INFO - Ingress_Exit Q8T1S4N0
2025-04-13 20:34:24,318 - INFO - Ingress_Exit FO9FL25D
2025-04-13 20:34:24,577 - INFO - Ingress_Enter YJJLXNSO
2025-04-13 20:34:24,602 - INFO - Ingress_Input_Decoded YJJLXNSO
2025-04-13 20:34:24,604 - INFO - Ingress_Numpy_Converted YJJLXNSO
2025-04-13 20:34:24,780 - INFO - Ingress_Exit EZRT0ISS
2025-04-13 20:34:24,793 - INFO - Ingress_Enter AX2UK5NP
2025-04-13 20:34:24,810 - INFO - Ingress_Input_Decoded AX2UK5NP
2025-04-13 20:34:24,811 - INFO - Ingress_Numpy_Converted AX2UK5NP
2025-04-13 20:34:24,834 - INFO - Ingress_Enter ZFEB8Y49
2025-04-13 20:34:24,849 - INFO - Ingress_Input_Decoded ZFEB8Y49
2025-04-13 20:34:24,850 - INFO - Ingress_Numpy_Converted ZFEB8Y49
2025-04-13 20:34:24,994 - INFO - Ingress_Exit 6CBORQCE
2025-04-13 20:34:25,535 - INFO - Ingress_Enter 93QTXSUF
2025-04-13 20:34:25,555 - INFO - Ingress_Input_Decoded 93QTXSUF
2025-04-13 20:34:25,556 - INFO - Ingress_Numpy_Converted 93QTXSUF
2025-04-13 20:34:25,573 - INFO - Ingress_Enter 0LRBGRDU
2025-04-13 20:34:25,591 - INFO - Ingress_Input_Decoded 0LRBGRDU
2025-04-13 20:34:25,593 - INFO - Ingress_Numpy_Converted 0LRBGRDU
2025-04-13 20:34:25,597 - INFO - Ingress_Enter 1CFLBMX3
2025-04-13 20:34:25,625 - INFO - Ingress_Input_Decoded 1CFLBMX3
2025-04-13 20:34:25,628 - INFO - Ingress_Numpy_Converted 1CFLBMX3
2025-04-13 20:34:25,789 - INFO - Ingress_Exit QAMWD2ED
2025-04-13 20:34:25,954 - INFO - Ingress_Enter FWZGX7LF
2025-04-13 20:34:25,974 - INFO - Ingress_Input_Decoded FWZGX7LF
2025-04-13 20:34:25,975 - INFO - Ingress_Numpy_Converted FWZGX7LF
2025-04-13 20:34:26,118 - INFO - Ingress_Exit 572MP6AO
2025-04-13 20:34:26,425 - INFO - Ingress_Enter QN7O4ZL7
2025-04-13 20:34:26,448 - INFO - Ingress_Input_Decoded QN7O4ZL7
2025-04-13 20:34:26,450 - INFO - Ingress_Numpy_Converted QN7O4ZL7
2025-04-13 20:34:26,453 - INFO - Ingress_Enter 36QB6QKO
2025-04-13 20:34:26,491 - INFO - Ingress_Input_Decoded 36QB6QKO
2025-04-13 20:34:26,496 - INFO - Ingress_Numpy_Converted 36QB6QKO
2025-04-13 20:34:26,498 - INFO - Ingress_Enter 079GPMFD
2025-04-13 20:34:26,516 - INFO - Ingress_Input_Decoded 079GPMFD
2025-04-13 20:34:26,519 - INFO - Ingress_Numpy_Converted 079GPMFD
2025-04-13 20:34:26,524 - INFO - Ingress_Enter 2S7BFJ7Z
2025-04-13 20:34:26,525 - INFO - Ingress_Exit ARCMBDID
2025-04-13 20:34:26,541 - INFO - Ingress_Input_Decoded 2S7BFJ7Z
2025-04-13 20:34:26,543 - INFO - Ingress_Numpy_Converted 2S7BFJ7Z
2025-04-13 20:34:26,838 - INFO - Ingress_Exit AK2SU76H
2025-04-13 20:34:26,880 - INFO - Ingress_Exit YJJLXNSO
2025-04-13 20:34:26,989 - INFO - Ingress_Enter W18E6JK3
2025-04-13 20:34:27,010 - INFO - Ingress_Input_Decoded W18E6JK3
2025-04-13 20:34:27,012 - INFO - Ingress_Numpy_Converted W18E6JK3
2025-04-13 20:34:27,014 - INFO - Ingress_Enter KAHIKLPT
2025-04-13 20:34:27,065 - INFO - Ingress_Input_Decoded KAHIKLPT
2025-04-13 20:34:27,069 - INFO - Ingress_Numpy_Converted KAHIKLPT
2025-04-13 20:34:27,113 - INFO - Ingress_Enter 7B4H7TT1
2025-04-13 20:34:27,128 - INFO - Ingress_Input_Decoded 7B4H7TT1
2025-04-13 20:34:27,130 - INFO - Ingress_Numpy_Converted 7B4H7TT1
2025-04-13 20:34:27,131 - INFO - Ingress_Exit 93QTXSUF
2025-04-13 20:34:27,205 - INFO - Ingress_Enter KP7CY1F6
2025-04-13 20:34:27,220 - INFO - Ingress_Input_Decoded KP7CY1F6
2025-04-13 20:34:27,221 - INFO - Ingress_Numpy_Converted KP7CY1F6
2025-04-13 20:34:27,306 - INFO - Ingress_Exit ZFEB8Y49
2025-04-13 20:34:27,354 - INFO - Ingress_Enter ZWY8T5G7
2025-04-13 20:34:27,372 - INFO - Ingress_Input_Decoded ZWY8T5G7
2025-04-13 20:34:27,374 - INFO - Ingress_Numpy_Converted ZWY8T5G7
2025-04-13 20:34:27,375 - INFO - Ingress_Exit AX2UK5NP
2025-04-13 20:34:27,582 - INFO - Ingress_Enter NFZ9NONJ
2025-04-13 20:34:27,604 - INFO - Ingress_Input_Decoded NFZ9NONJ
2025-04-13 20:34:27,606 - INFO - Ingress_Numpy_Converted NFZ9NONJ
2025-04-13 20:34:27,690 - INFO - Ingress_Exit FWZGX7LF
2025-04-13 20:34:27,759 - INFO - Ingress_Exit 0LRBGRDU
2025-04-13 20:34:27,848 - INFO - Ingress_Enter VG5S873L
2025-04-13 20:34:27,864 - INFO - Ingress_Input_Decoded VG5S873L
2025-04-13 20:34:27,865 - INFO - Ingress_Numpy_Converted VG5S873L
2025-04-13 20:34:27,891 - INFO - Ingress_Enter 1BPS9WUQ
2025-04-13 20:34:27,903 - INFO - Ingress_Input_Decoded 1BPS9WUQ
2025-04-13 20:34:27,904 - INFO - Ingress_Numpy_Converted 1BPS9WUQ
2025-04-13 20:34:27,946 - INFO - Ingress_Enter ICOEH32T
2025-04-13 20:34:27,966 - INFO - Ingress_Input_Decoded ICOEH32T
2025-04-13 20:34:27,968 - INFO - Ingress_Numpy_Converted ICOEH32T
2025-04-13 20:34:27,985 - INFO - Ingress_Enter FUIDEEQN
2025-04-13 20:34:28,001 - INFO - Ingress_Input_Decoded FUIDEEQN
2025-04-13 20:34:28,002 - INFO - Ingress_Numpy_Converted FUIDEEQN
2025-04-13 20:34:28,114 - INFO - Ingress_Enter ZTWZIVKL
2025-04-13 20:34:28,159 - INFO - Ingress_Input_Decoded ZTWZIVKL
2025-04-13 20:34:28,163 - INFO - Ingress_Numpy_Converted ZTWZIVKL
2025-04-13 20:34:28,314 - INFO - Ingress_Exit KP7CY1F6
2025-04-13 20:34:28,380 - INFO - Ingress_Exit QN7O4ZL7
2025-04-13 20:34:28,716 - INFO - Ingress_Exit 1CFLBMX3
2025-04-13 20:34:28,753 - INFO - Ingress_Exit 36QB6QKO
2025-04-13 20:34:29,078 - INFO - Ingress_Exit W18E6JK3
2025-04-13 20:34:29,116 - INFO - Ingress_Exit 079GPMFD
2025-04-13 20:34:29,137 - INFO - Ingress_Exit 2S7BFJ7Z
2025-04-13 20:34:29,264 - INFO - Ingress_Exit KAHIKLPT
2025-04-13 20:34:29,456 - INFO - Ingress_Exit 7B4H7TT1
2025-04-13 20:34:29,550 - INFO - Ingress_Exit ZWY8T5G7
2025-04-13 20:34:30,177 - INFO - Ingress_Enter D9T0W9K7
2025-04-13 20:34:30,194 - INFO - Ingress_Input_Decoded D9T0W9K7
2025-04-13 20:34:30,195 - INFO - Ingress_Numpy_Converted D9T0W9K7
2025-04-13 20:34:30,273 - INFO - Ingress_Enter YRAL3QJS
2025-04-13 20:34:30,297 - INFO - Ingress_Input_Decoded YRAL3QJS
2025-04-13 20:34:30,299 - INFO - Ingress_Numpy_Converted YRAL3QJS
2025-04-13 20:34:30,397 - INFO - Ingress_Enter V5BJFH6K
2025-04-13 20:34:30,409 - INFO - Ingress_Input_Decoded V5BJFH6K
2025-04-13 20:34:30,410 - INFO - Ingress_Numpy_Converted V5BJFH6K
2025-04-13 20:34:30,665 - INFO - Ingress_Exit NFZ9NONJ
2025-04-13 20:34:30,722 - INFO - Ingress_Enter AMGQZNQZ
2025-04-13 20:34:30,723 - INFO - Ingress_Exit VG5S873L
2025-04-13 20:34:30,737 - INFO - Ingress_Input_Decoded AMGQZNQZ
2025-04-13 20:34:30,738 - INFO - Ingress_Numpy_Converted AMGQZNQZ
2025-04-13 20:34:30,827 - INFO - Ingress_Enter K9WX3RYO
2025-04-13 20:34:30,851 - INFO - Ingress_Input_Decoded K9WX3RYO
2025-04-13 20:34:30,853 - INFO - Ingress_Numpy_Converted K9WX3RYO
2025-04-13 20:34:30,870 - INFO - Ingress_Exit 1BPS9WUQ
2025-04-13 20:34:30,910 - INFO - Ingress_Enter HHWLKZDF
2025-04-13 20:34:30,929 - INFO - Ingress_Input_Decoded HHWLKZDF
2025-04-13 20:34:30,931 - INFO - Ingress_Numpy_Converted HHWLKZDF
2025-04-13 20:34:31,085 - INFO - Ingress_Enter 15P2R93F
2025-04-13 20:34:31,101 - INFO - Ingress_Input_Decoded 15P2R93F
2025-04-13 20:34:31,102 - INFO - Ingress_Numpy_Converted 15P2R93F
2025-04-13 20:34:31,180 - INFO - Ingress_Enter ZSI4NI3Y
2025-04-13 20:34:31,196 - INFO - Ingress_Input_Decoded ZSI4NI3Y
2025-04-13 20:34:31,198 - INFO - Ingress_Numpy_Converted ZSI4NI3Y
2025-04-13 20:34:31,387 - INFO - Ingress_Enter 9PLGZ7R4
2025-04-13 20:34:31,410 - INFO - Ingress_Input_Decoded 9PLGZ7R4
2025-04-13 20:34:31,412 - INFO - Ingress_Numpy_Converted 9PLGZ7R4
2025-04-13 20:34:31,561 - INFO - Ingress_Enter 09AQPDH0
2025-04-13 20:34:31,579 - INFO - Ingress_Input_Decoded 09AQPDH0
2025-04-13 20:34:31,581 - INFO - Ingress_Numpy_Converted 09AQPDH0
2025-04-13 20:34:31,789 - INFO - Ingress_Enter M9J7F4U8
2025-04-13 20:34:31,807 - INFO - Ingress_Input_Decoded M9J7F4U8
2025-04-13 20:34:31,808 - INFO - Ingress_Numpy_Converted M9J7F4U8
2025-04-13 20:34:31,876 - INFO - Ingress_Enter 7JOS697M
2025-04-13 20:34:31,892 - INFO - Ingress_Input_Decoded 7JOS697M
2025-04-13 20:34:31,893 - INFO - Ingress_Numpy_Converted 7JOS697M
2025-04-13 20:34:32,057 - INFO - Ingress_Enter HR137CHY
2025-04-13 20:34:32,076 - INFO - Ingress_Input_Decoded HR137CHY
2025-04-13 20:34:32,077 - INFO - Ingress_Numpy_Converted HR137CHY
2025-04-13 20:34:32,245 - INFO - Ingress_Exit YRAL3QJS
2025-04-13 20:34:32,306 - INFO - Ingress_Enter KZ8IPMMF
2025-04-13 20:34:32,332 - INFO - Ingress_Input_Decoded KZ8IPMMF
2025-04-13 20:34:32,335 - INFO - Ingress_Numpy_Converted KZ8IPMMF
2025-04-13 20:34:32,501 - INFO - Ingress_Exit D9T0W9K7
2025-04-13 20:34:32,623 - INFO - Ingress_Exit FUIDEEQN
2025-04-13 20:34:32,744 - INFO - Ingress_Exit ZTWZIVKL
2025-04-13 20:34:32,785 - INFO - Ingress_Enter ZFGR94II
2025-04-13 20:34:32,798 - INFO - Ingress_Input_Decoded ZFGR94II
2025-04-13 20:34:32,799 - INFO - Ingress_Numpy_Converted ZFGR94II
2025-04-13 20:34:33,234 - INFO - Ingress_Exit V5BJFH6K
2025-04-13 20:34:33,299 - INFO - Ingress_Enter IWR8GU4P
2025-04-13 20:34:33,319 - INFO - Ingress_Input_Decoded IWR8GU4P
2025-04-13 20:34:33,321 - INFO - Ingress_Numpy_Converted IWR8GU4P
2025-04-13 20:34:33,368 - INFO - Ingress_Exit ICOEH32T
2025-04-13 20:34:33,493 - INFO - Ingress_Exit AMGQZNQZ
2025-04-13 20:34:33,520 - INFO - Ingress_Enter MLM5ML7S
2025-04-13 20:34:33,537 - INFO - Ingress_Input_Decoded MLM5ML7S
2025-04-13 20:34:33,539 - INFO - Ingress_Numpy_Converted MLM5ML7S
2025-04-13 20:34:33,647 - INFO - Ingress_Exit HHWLKZDF
2025-04-13 20:34:33,648 - INFO - Ingress_Exit 15P2R93F
2025-04-13 20:34:33,753 - INFO - Ingress_Enter 4QLS5JEC
2025-04-13 20:34:33,774 - INFO - Ingress_Input_Decoded 4QLS5JEC
2025-04-13 20:34:33,776 - INFO - Ingress_Numpy_Converted 4QLS5JEC
2025-04-13 20:34:33,777 - INFO - Ingress_Exit K9WX3RYO
2025-04-13 20:34:33,837 - INFO - Ingress_Enter YCKFIOK0
2025-04-13 20:34:33,851 - INFO - Ingress_Input_Decoded YCKFIOK0
2025-04-13 20:34:33,852 - INFO - Ingress_Numpy_Converted YCKFIOK0
2025-04-13 20:34:33,859 - INFO - Ingress_Exit ZSI4NI3Y
2025-04-13 20:34:34,483 - INFO - Ingress_Exit M9J7F4U8
2025-04-13 20:34:34,566 - INFO - Ingress_Enter 2EL0XS0T
2025-04-13 20:34:34,581 - INFO - Ingress_Input_Decoded 2EL0XS0T
2025-04-13 20:34:34,582 - INFO - Ingress_Numpy_Converted 2EL0XS0T
2025-04-13 20:34:34,979 - INFO - Ingress_Enter 51BEDZK0
2025-04-13 20:34:34,998 - INFO - Ingress_Input_Decoded 51BEDZK0
2025-04-13 20:34:35,001 - INFO - Ingress_Numpy_Converted 51BEDZK0
2025-04-13 20:34:35,017 - INFO - Ingress_Enter STQUO2X6
2025-04-13 20:34:35,030 - INFO - Ingress_Input_Decoded STQUO2X6
2025-04-13 20:34:35,031 - INFO - Ingress_Numpy_Converted STQUO2X6
2025-04-13 20:34:35,080 - INFO - Ingress_Enter GGS6ZLJJ
2025-04-13 20:34:35,104 - INFO - Ingress_Input_Decoded GGS6ZLJJ
2025-04-13 20:34:35,107 - INFO - Ingress_Numpy_Converted GGS6ZLJJ
2025-04-13 20:34:35,109 - INFO - Ingress_Exit 09AQPDH0
2025-04-13 20:34:35,204 - INFO - Ingress_Enter E58MWIHU
2025-04-13 20:34:35,220 - INFO - Ingress_Input_Decoded E58MWIHU
2025-04-13 20:34:35,222 - INFO - Ingress_Numpy_Converted E58MWIHU
2025-04-13 20:34:35,370 - INFO - Ingress_Exit 7JOS697M
2025-04-13 20:34:35,441 - INFO - Ingress_Enter X3Z1YVFS
2025-04-13 20:34:35,463 - INFO - Ingress_Input_Decoded X3Z1YVFS
2025-04-13 20:34:35,465 - INFO - Ingress_Numpy_Converted X3Z1YVFS
2025-04-13 20:34:35,524 - INFO - Ingress_Enter B4U5QNXP
2025-04-13 20:34:35,541 - INFO - Ingress_Input_Decoded B4U5QNXP
2025-04-13 20:34:35,543 - INFO - Ingress_Numpy_Converted B4U5QNXP
2025-04-13 20:34:35,578 - INFO - Ingress_Enter 8FA13DFS
2025-04-13 20:34:35,600 - INFO - Ingress_Input_Decoded 8FA13DFS
2025-04-13 20:34:35,602 - INFO - Ingress_Numpy_Converted 8FA13DFS
2025-04-13 20:34:35,714 - INFO - Ingress_Enter AB7EV20Z
2025-04-13 20:34:35,736 - INFO - Ingress_Input_Decoded AB7EV20Z
2025-04-13 20:34:35,739 - INFO - Ingress_Numpy_Converted AB7EV20Z
2025-04-13 20:34:35,797 - INFO - Ingress_Exit 9PLGZ7R4
2025-04-13 20:34:35,848 - INFO - Ingress_Exit HR137CHY
2025-04-13 20:34:35,892 - INFO - Ingress_Enter C5SI1E5J
2025-04-13 20:34:35,912 - INFO - Ingress_Input_Decoded C5SI1E5J
2025-04-13 20:34:35,914 - INFO - Ingress_Numpy_Converted C5SI1E5J
2025-04-13 20:34:36,026 - INFO - Ingress_Enter 60SL6GBZ
2025-04-13 20:34:36,048 - INFO - Ingress_Input_Decoded 60SL6GBZ
2025-04-13 20:34:36,050 - INFO - Ingress_Numpy_Converted 60SL6GBZ
2025-04-13 20:34:36,200 - INFO - Ingress_Exit ZFGR94II
2025-04-13 20:34:36,505 - INFO - Ingress_Exit KZ8IPMMF
2025-04-13 20:34:36,943 - INFO - Ingress_Exit IWR8GU4P
2025-04-13 20:34:37,269 - INFO - Ingress_Exit YCKFIOK0
2025-04-13 20:34:37,444 - INFO - Ingress_Exit MLM5ML7S
2025-04-13 20:34:37,566 - INFO - Ingress_Exit 4QLS5JEC
2025-04-13 20:34:38,037 - INFO - Ingress_Exit 2EL0XS0T
2025-04-13 20:34:38,384 - INFO - Ingress_Exit STQUO2X6
2025-04-13 20:34:38,405 - INFO - Ingress_Exit 51BEDZK0
2025-04-13 20:34:38,616 - INFO - Ingress_Exit GGS6ZLJJ
2025-04-13 20:34:38,841 - INFO - Ingress_Exit B4U5QNXP
2025-04-13 20:34:39,166 - INFO - Ingress_Enter 578VUAVS
2025-04-13 20:34:39,183 - INFO - Ingress_Input_Decoded 578VUAVS
2025-04-13 20:34:39,185 - INFO - Ingress_Numpy_Converted 578VUAVS
2025-04-13 20:34:39,472 - INFO - Ingress_Enter YQQ3BZSY
2025-04-13 20:34:39,491 - INFO - Ingress_Input_Decoded YQQ3BZSY
2025-04-13 20:34:39,492 - INFO - Ingress_Numpy_Converted YQQ3BZSY
2025-04-13 20:34:39,639 - INFO - Ingress_Enter 7ATJQ3WW
2025-04-13 20:34:39,669 - INFO - Ingress_Input_Decoded 7ATJQ3WW
2025-04-13 20:34:39,673 - INFO - Ingress_Numpy_Converted 7ATJQ3WW
2025-04-13 20:34:39,676 - INFO - Ingress_Enter 17IUXMPH
2025-04-13 20:34:39,676 - INFO - Ingress_Exit E58MWIHU
2025-04-13 20:34:39,701 - INFO - Ingress_Input_Decoded 17IUXMPH
2025-04-13 20:34:39,703 - INFO - Ingress_Numpy_Converted 17IUXMPH
2025-04-13 20:34:39,829 - INFO - Ingress_Exit 8FA13DFS
2025-04-13 20:34:39,840 - INFO - Ingress_Enter 9L5A8KOG
2025-04-13 20:34:39,860 - INFO - Ingress_Input_Decoded 9L5A8KOG
2025-04-13 20:34:39,862 - INFO - Ingress_Numpy_Converted 9L5A8KOG
2025-04-13 20:34:39,979 - INFO - Ingress_Enter 6Y7TDU91
2025-04-13 20:34:40,001 - INFO - Ingress_Input_Decoded 6Y7TDU91
2025-04-13 20:34:40,003 - INFO - Ingress_Numpy_Converted 6Y7TDU91
2025-04-13 20:34:40,051 - INFO - Ingress_Enter E5J3MI6E
2025-04-13 20:34:40,094 - INFO - Ingress_Input_Decoded E5J3MI6E
2025-04-13 20:34:40,098 - INFO - Ingress_Numpy_Converted E5J3MI6E
2025-04-13 20:34:40,169 - INFO - Ingress_Enter SU161687
2025-04-13 20:34:40,195 - INFO - Ingress_Input_Decoded SU161687
2025-04-13 20:34:40,198 - INFO - Ingress_Numpy_Converted SU161687
2025-04-13 20:34:40,254 - INFO - Ingress_Exit X3Z1YVFS
2025-04-13 20:34:40,393 - INFO - Ingress_Enter RXQSPW4C
2025-04-13 20:34:40,407 - INFO - Ingress_Input_Decoded RXQSPW4C
2025-04-13 20:34:40,408 - INFO - Ingress_Numpy_Converted RXQSPW4C
2025-04-13 20:34:40,436 - INFO - Ingress_Enter GSQJNOB6
2025-04-13 20:34:40,450 - INFO - Ingress_Input_Decoded GSQJNOB6
2025-04-13 20:34:40,451 - INFO - Ingress_Numpy_Converted GSQJNOB6
2025-04-13 20:34:40,697 - INFO - Ingress_Exit AB7EV20Z
2025-04-13 20:34:40,809 - INFO - Ingress_Exit C5SI1E5J
2025-04-13 20:34:40,877 - INFO - Ingress_Enter 4W87SBQ2
2025-04-13 20:34:40,893 - INFO - Ingress_Input_Decoded 4W87SBQ2
2025-04-13 20:34:40,895 - INFO - Ingress_Numpy_Converted 4W87SBQ2
2025-04-13 20:34:40,915 - INFO - Ingress_Exit YQQ3BZSY
2025-04-13 20:34:41,062 - INFO - Ingress_Enter 06AGE2AA
2025-04-13 20:34:41,081 - INFO - Ingress_Input_Decoded 06AGE2AA
2025-04-13 20:34:41,083 - INFO - Ingress_Numpy_Converted 06AGE2AA
2025-04-13 20:34:41,212 - INFO - Ingress_Enter L41LX9QB
2025-04-13 20:34:41,227 - INFO - Ingress_Input_Decoded L41LX9QB
2025-04-13 20:34:41,228 - INFO - Ingress_Numpy_Converted L41LX9QB
2025-04-13 20:34:41,270 - INFO - Ingress_Enter F3T7087W
2025-04-13 20:34:41,291 - INFO - Ingress_Input_Decoded F3T7087W
2025-04-13 20:34:41,299 - INFO - Ingress_Numpy_Converted F3T7087W
2025-04-13 20:34:41,402 - INFO - Ingress_Enter 47ILWUAC
2025-04-13 20:34:41,422 - INFO - Ingress_Input_Decoded 47ILWUAC
2025-04-13 20:34:41,424 - INFO - Ingress_Numpy_Converted 47ILWUAC
2025-04-13 20:34:41,544 - INFO - Ingress_Enter 1MX10JDB
2025-04-13 20:34:41,560 - INFO - Ingress_Input_Decoded 1MX10JDB
2025-04-13 20:34:41,562 - INFO - Ingress_Numpy_Converted 1MX10JDB
2025-04-13 20:34:41,655 - INFO - Ingress_Enter BESEBBN1
2025-04-13 20:34:41,686 - INFO - Ingress_Input_Decoded BESEBBN1
2025-04-13 20:34:41,690 - INFO - Ingress_Numpy_Converted BESEBBN1
2025-04-13 20:34:41,821 - INFO - Ingress_Exit 60SL6GBZ
2025-04-13 20:34:41,943 - INFO - Ingress_Enter ZTPRNKDN
2025-04-13 20:34:41,969 - INFO - Ingress_Input_Decoded ZTPRNKDN
2025-04-13 20:34:41,971 - INFO - Ingress_Numpy_Converted ZTPRNKDN
2025-04-13 20:34:41,977 - INFO - Ingress_Enter VMIZ31XB
2025-04-13 20:34:41,993 - INFO - Ingress_Input_Decoded VMIZ31XB
2025-04-13 20:34:41,995 - INFO - Ingress_Numpy_Converted VMIZ31XB
2025-04-13 20:34:41,997 - INFO - Ingress_Exit 578VUAVS
2025-04-13 20:34:42,647 - INFO - Ingress_Exit 7ATJQ3WW
2025-04-13 20:34:43,032 - INFO - Ingress_Exit 17IUXMPH
2025-04-13 20:34:43,356 - INFO - Ingress_Enter YBPP0NON
2025-04-13 20:34:43,375 - INFO - Ingress_Input_Decoded YBPP0NON
2025-04-13 20:34:43,377 - INFO - Ingress_Numpy_Converted YBPP0NON
2025-04-13 20:34:43,486 - INFO - Ingress_Enter 71WJ2I4E
2025-04-13 20:34:43,501 - INFO - Ingress_Input_Decoded 71WJ2I4E
2025-04-13 20:34:43,503 - INFO - Ingress_Numpy_Converted 71WJ2I4E
2025-04-13 20:34:43,505 - INFO - Ingress_Enter W77S7NCE
2025-04-13 20:34:43,529 - INFO - Ingress_Input_Decoded W77S7NCE
2025-04-13 20:34:43,532 - INFO - Ingress_Numpy_Converted W77S7NCE
2025-04-13 20:34:43,535 - INFO - Ingress_Enter VH56UP6N
2025-04-13 20:34:43,554 - INFO - Ingress_Input_Decoded VH56UP6N
2025-04-13 20:34:43,555 - INFO - Ingress_Numpy_Converted VH56UP6N
2025-04-13 20:34:43,583 - INFO - Ingress_Exit 6Y7TDU91
2025-04-13 20:34:43,890 - INFO - Ingress_Exit SU161687
2025-04-13 20:34:43,950 - INFO - Ingress_Enter A1QFIHXF
2025-04-13 20:34:43,972 - INFO - Ingress_Input_Decoded A1QFIHXF
2025-04-13 20:34:43,974 - INFO - Ingress_Numpy_Converted A1QFIHXF
2025-04-13 20:34:44,053 - INFO - Ingress_Exit 9L5A8KOG
2025-04-13 20:34:44,121 - INFO - Ingress_Enter OVWM2F73
2025-04-13 20:34:44,135 - INFO - Ingress_Input_Decoded OVWM2F73
2025-04-13 20:34:44,136 - INFO - Ingress_Numpy_Converted OVWM2F73
2025-04-13 20:34:44,496 - INFO - Ingress_Enter WUUUPVLS
2025-04-13 20:34:44,512 - INFO - Ingress_Input_Decoded WUUUPVLS
2025-04-13 20:34:44,514 - INFO - Ingress_Numpy_Converted WUUUPVLS
2025-04-13 20:34:44,621 - INFO - Ingress_Exit GSQJNOB6
2025-04-13 20:34:44,655 - INFO - Ingress_Enter W2TBF4C2
2025-04-13 20:34:44,685 - INFO - Ingress_Input_Decoded W2TBF4C2
2025-04-13 20:34:44,689 - INFO - Ingress_Numpy_Converted W2TBF4C2
2025-04-13 20:34:44,692 - INFO - Ingress_Enter JNXJ0Y9K
2025-04-13 20:34:44,713 - INFO - Ingress_Input_Decoded JNXJ0Y9K
2025-04-13 20:34:44,715 - INFO - Ingress_Numpy_Converted JNXJ0Y9K
2025-04-13 20:34:44,778 - INFO - Ingress_Exit E5J3MI6E
2025-04-13 20:34:45,162 - INFO - Ingress_Enter 6A4QB85A
2025-04-13 20:34:45,196 - INFO - Ingress_Input_Decoded 6A4QB85A
2025-04-13 20:34:45,200 - INFO - Ingress_Numpy_Converted 6A4QB85A
2025-04-13 20:34:45,335 - INFO - Ingress_Exit RXQSPW4C
2025-04-13 20:34:45,574 - INFO - Ingress_Exit 4W87SBQ2
2025-04-13 20:34:45,781 - INFO - Ingress_Exit 1MX10JDB
2025-04-13 20:34:45,808 - INFO - Ingress_Exit 06AGE2AA
2025-04-13 20:34:46,109 - INFO - Ingress_Enter 3RS71DVX
2025-04-13 20:34:46,126 - INFO - Ingress_Input_Decoded 3RS71DVX
2025-04-13 20:34:46,127 - INFO - Ingress_Numpy_Converted 3RS71DVX
2025-04-13 20:34:46,204 - INFO - Ingress_Exit BESEBBN1
2025-04-13 20:34:46,226 - INFO - Ingress_Enter FTPHTN7Y
2025-04-13 20:34:46,260 - INFO - Ingress_Input_Decoded FTPHTN7Y
2025-04-13 20:34:46,263 - INFO - Ingress_Numpy_Converted FTPHTN7Y
2025-04-13 20:34:46,265 - INFO - Ingress_Exit F3T7087W
2025-04-13 20:34:46,391 - INFO - Ingress_Enter M4N7ESOC
2025-04-13 20:34:46,392 - INFO - Ingress_Enter YFC9F4XV
2025-04-13 20:34:46,411 - INFO - Ingress_Input_Decoded M4N7ESOC
2025-04-13 20:34:46,413 - INFO - Ingress_Numpy_Converted M4N7ESOC
2025-04-13 20:34:46,429 - INFO - Ingress_Input_Decoded YFC9F4XV
2025-04-13 20:34:46,431 - INFO - Ingress_Numpy_Converted YFC9F4XV
2025-04-13 20:34:46,433 - INFO - Ingress_Exit ZTPRNKDN
2025-04-13 20:34:46,435 - INFO - Ingress_Enter TZ6DVDL7
2025-04-13 20:34:46,452 - INFO - Ingress_Input_Decoded TZ6DVDL7
2025-04-13 20:34:46,454 - INFO - Ingress_Numpy_Converted TZ6DVDL7
2025-04-13 20:34:46,473 - INFO - Ingress_Enter SYXZ5TVF
2025-04-13 20:34:46,488 - INFO - Ingress_Input_Decoded SYXZ5TVF
2025-04-13 20:34:46,490 - INFO - Ingress_Numpy_Converted SYXZ5TVF
2025-04-13 20:34:46,535 - INFO - Ingress_Enter 5QWDIGEH
2025-04-13 20:34:46,556 - INFO - Ingress_Input_Decoded 5QWDIGEH
2025-04-13 20:34:46,559 - INFO - Ingress_Numpy_Converted 5QWDIGEH
2025-04-13 20:34:46,653 - INFO - Ingress_Enter O2B8T8N0
2025-04-13 20:34:46,670 - INFO - Ingress_Input_Decoded O2B8T8N0
2025-04-13 20:34:46,671 - INFO - Ingress_Numpy_Converted O2B8T8N0
2025-04-13 20:34:46,849 - INFO - Ingress_Exit L41LX9QB
2025-04-13 20:34:47,639 - INFO - Ingress_Exit A1QFIHXF
2025-04-13 20:34:48,083 - INFO - Ingress_Exit 47ILWUAC
2025-04-13 20:34:48,105 - INFO - Ingress_Exit VMIZ31XB
2025-04-13 20:34:48,405 - INFO - Ingress_Enter SILMOBV1
2025-04-13 20:34:48,421 - INFO - Ingress_Input_Decoded SILMOBV1
2025-04-13 20:34:48,423 - INFO - Ingress_Numpy_Converted SILMOBV1
2025-04-13 20:34:48,425 - INFO - Ingress_Exit YBPP0NON
2025-04-13 20:34:48,547 - INFO - Ingress_Enter IIPTN9GE
2025-04-13 20:34:48,567 - INFO - Ingress_Input_Decoded IIPTN9GE
2025-04-13 20:34:48,569 - INFO - Ingress_Numpy_Converted IIPTN9GE
2025-04-13 20:34:48,579 - INFO - Ingress_Enter 7G4K7FDH
2025-04-13 20:34:48,591 - INFO - Ingress_Input_Decoded 7G4K7FDH
2025-04-13 20:34:48,593 - INFO - Ingress_Numpy_Converted 7G4K7FDH
2025-04-13 20:34:48,595 - INFO - Ingress_Enter OAK9V78I
2025-04-13 20:34:48,613 - INFO - Ingress_Input_Decoded OAK9V78I
2025-04-13 20:34:48,615 - INFO - Ingress_Numpy_Converted OAK9V78I
2025-04-13 20:34:48,634 - INFO - Ingress_Enter 8C5IG6BZ
2025-04-13 20:34:48,653 - INFO - Ingress_Input_Decoded 8C5IG6BZ
2025-04-13 20:34:48,655 - INFO - Ingress_Numpy_Converted 8C5IG6BZ
2025-04-13 20:34:48,715 - INFO - Ingress_Exit W77S7NCE
2025-04-13 20:34:48,761 - INFO - Ingress_Exit 71WJ2I4E
2025-04-13 20:34:49,166 - INFO - Ingress_Exit WUUUPVLS
2025-04-13 20:34:49,187 - INFO - Ingress_Enter PZ1HYQVX
2025-04-13 20:34:49,204 - INFO - Ingress_Input_Decoded PZ1HYQVX
2025-04-13 20:34:49,206 - INFO - Ingress_Numpy_Converted PZ1HYQVX
2025-04-13 20:34:49,214 - INFO - Ingress_Exit VH56UP6N
2025-04-13 20:34:49,420 - INFO - Ingress_Exit OVWM2F73
2025-04-13 20:34:49,622 - INFO - Ingress_Exit W2TBF4C2
2025-04-13 20:34:49,643 - INFO - Ingress_Exit FTPHTN7Y
2025-04-13 20:34:49,649 - INFO - Ingress_Enter 3BFVR4D4
2025-04-13 20:34:49,671 - INFO - Ingress_Input_Decoded 3BFVR4D4
2025-04-13 20:34:49,673 - INFO - Ingress_Numpy_Converted 3BFVR4D4
2025-04-13 20:34:49,875 - INFO - Ingress_Enter ZTH9AZO6
2025-04-13 20:34:49,895 - INFO - Ingress_Input_Decoded ZTH9AZO6
2025-04-13 20:34:49,897 - INFO - Ingress_Numpy_Converted ZTH9AZO6
2025-04-13 20:34:49,899 - INFO - Ingress_Enter 0P8ZFMOB
2025-04-13 20:34:49,914 - INFO - Ingress_Input_Decoded 0P8ZFMOB
2025-04-13 20:34:49,915 - INFO - Ingress_Numpy_Converted 0P8ZFMOB
2025-04-13 20:34:49,917 - INFO - Ingress_Exit JNXJ0Y9K
2025-04-13 20:34:49,975 - INFO - Ingress_Enter 9RQ1HZI9
2025-04-13 20:34:50,015 - INFO - Ingress_Input_Decoded 9RQ1HZI9
2025-04-13 20:34:50,019 - INFO - Ingress_Numpy_Converted 9RQ1HZI9
2025-04-13 20:34:50,022 - INFO - Ingress_Exit YFC9F4XV
2025-04-13 20:34:50,024 - INFO - Ingress_Enter JQSNKHQ2
2025-04-13 20:34:50,043 - INFO - Ingress_Input_Decoded JQSNKHQ2
2025-04-13 20:34:50,045 - INFO - Ingress_Numpy_Converted JQSNKHQ2
2025-04-13 20:34:50,197 - INFO - Ingress_Exit M4N7ESOC
2025-04-13 20:34:50,295 - INFO - Ingress_Exit 6A4QB85A
2025-04-13 20:34:50,309 - INFO - Ingress_Enter 7CC47AWU
2025-04-13 20:34:50,332 - INFO - Ingress_Input_Decoded 7CC47AWU
2025-04-13 20:34:50,334 - INFO - Ingress_Numpy_Converted 7CC47AWU
2025-04-13 20:34:50,470 - INFO - Ingress_Enter HLZNIBTE
2025-04-13 20:34:50,491 - INFO - Ingress_Input_Decoded HLZNIBTE
2025-04-13 20:34:50,493 - INFO - Ingress_Numpy_Converted HLZNIBTE
2025-04-13 20:34:50,624 - INFO - Ingress_Enter JNY1P5RK
2025-04-13 20:34:50,636 - INFO - Ingress_Input_Decoded JNY1P5RK
2025-04-13 20:34:50,638 - INFO - Ingress_Numpy_Converted JNY1P5RK
2025-04-13 20:34:50,687 - INFO - Ingress_Enter 95ZRS76G
2025-04-13 20:34:50,702 - INFO - Ingress_Input_Decoded 95ZRS76G
2025-04-13 20:34:50,704 - INFO - Ingress_Numpy_Converted 95ZRS76G
2025-04-13 20:34:50,780 - INFO - Ingress_Enter UUXGC0T0
2025-04-13 20:34:50,796 - INFO - Ingress_Input_Decoded UUXGC0T0
2025-04-13 20:34:50,798 - INFO - Ingress_Numpy_Converted UUXGC0T0
2025-04-13 20:34:50,817 - INFO - Ingress_Enter Y8UMZPHC
2025-04-13 20:34:50,835 - INFO - Ingress_Input_Decoded Y8UMZPHC
2025-04-13 20:34:50,837 - INFO - Ingress_Numpy_Converted Y8UMZPHC
2025-04-13 20:34:51,200 - INFO - Ingress_Exit 3RS71DVX
2025-04-13 20:34:51,355 - INFO - Ingress_Exit SYXZ5TVF
2025-04-13 20:34:51,639 - INFO - Ingress_Exit SILMOBV1
2025-04-13 20:34:51,938 - INFO - Ingress_Exit TZ6DVDL7
2025-04-13 20:34:53,033 - INFO - Ingress_Exit 5QWDIGEH
2025-04-13 20:34:53,258 - INFO - Ingress_Exit 7G4K7FDH
2025-04-13 20:34:53,496 - INFO - Ingress_Enter 0ZITKZ3V
2025-04-13 20:34:53,524 - INFO - Ingress_Input_Decoded 0ZITKZ3V
2025-04-13 20:34:53,527 - INFO - Ingress_Numpy_Converted 0ZITKZ3V
2025-04-13 20:34:53,574 - INFO - Ingress_Enter L2DOOZ1K
2025-04-13 20:34:53,594 - INFO - Ingress_Input_Decoded L2DOOZ1K
2025-04-13 20:34:53,596 - INFO - Ingress_Numpy_Converted L2DOOZ1K
2025-04-13 20:34:53,615 - INFO - Ingress_Enter E2SV75GJ
2025-04-13 20:34:53,633 - INFO - Ingress_Input_Decoded E2SV75GJ
2025-04-13 20:34:53,635 - INFO - Ingress_Numpy_Converted E2SV75GJ
2025-04-13 20:34:53,709 - INFO - Ingress_Enter U91HKFZL
2025-04-13 20:34:53,728 - INFO - Ingress_Input_Decoded U91HKFZL
2025-04-13 20:34:53,730 - INFO - Ingress_Numpy_Converted U91HKFZL
2025-04-13 20:34:54,003 - INFO - Ingress_Enter TMR4X71Z
2025-04-13 20:34:54,017 - INFO - Ingress_Input_Decoded TMR4X71Z
2025-04-13 20:34:54,019 - INFO - Ingress_Numpy_Converted TMR4X71Z
2025-04-13 20:34:54,328 - INFO - Ingress_Exit OAK9V78I
2025-04-13 20:34:54,430 - INFO - Ingress_Enter 3SV97GMI
2025-04-13 20:34:54,448 - INFO - Ingress_Input_Decoded 3SV97GMI
2025-04-13 20:34:54,450 - INFO - Ingress_Numpy_Converted 3SV97GMI
2025-04-13 20:34:54,462 - INFO - Ingress_Exit O2B8T8N0
2025-04-13 20:34:54,478 - INFO - Ingress_Enter LWE33C8G
2025-04-13 20:34:54,498 - INFO - Ingress_Input_Decoded LWE33C8G
2025-04-13 20:34:54,500 - INFO - Ingress_Numpy_Converted LWE33C8G
2025-04-13 20:34:54,543 - INFO - Ingress_Enter YS60XS5A
2025-04-13 20:34:54,562 - INFO - Ingress_Input_Decoded YS60XS5A
2025-04-13 20:34:54,564 - INFO - Ingress_Numpy_Converted YS60XS5A
2025-04-13 20:34:54,644 - INFO - Ingress_Exit 8C5IG6BZ
2025-04-13 20:34:54,840 - INFO - Ingress_Enter IG7MTVZK
2025-04-13 20:34:54,856 - INFO - Ingress_Input_Decoded IG7MTVZK
2025-04-13 20:34:54,858 - INFO - Ingress_Numpy_Converted IG7MTVZK
2025-04-13 20:34:54,975 - INFO - Ingress_Enter 08VTL2XH
2025-04-13 20:34:54,990 - INFO - Ingress_Input_Decoded 08VTL2XH
2025-04-13 20:34:54,992 - INFO - Ingress_Numpy_Converted 08VTL2XH
2025-04-13 20:34:55,217 - INFO - Ingress_Enter WKERPGW4
2025-04-13 20:34:55,237 - INFO - Ingress_Input_Decoded WKERPGW4
2025-04-13 20:34:55,239 - INFO - Ingress_Numpy_Converted WKERPGW4
2025-04-13 20:34:55,795 - INFO - Ingress_Exit IIPTN9GE
2025-04-13 20:34:56,091 - INFO - Ingress_Exit 0P8ZFMOB
2025-04-13 20:34:56,176 - INFO - Ingress_Exit PZ1HYQVX
2025-04-13 20:34:56,254 - INFO - Ingress_Exit 3BFVR4D4
2025-04-13 20:34:56,482 - INFO - Ingress_Exit JQSNKHQ2
2025-04-13 20:34:56,505 - INFO - Ingress_Exit ZTH9AZO6
2025-04-13 20:34:56,567 - INFO - Ingress_Exit HLZNIBTE
2025-04-13 20:34:57,131 - INFO - Ingress_Exit 7CC47AWU
2025-04-13 20:34:57,530 - INFO - Ingress_Exit 9RQ1HZI9
2025-04-13 20:34:57,666 - INFO - Ingress_Exit 95ZRS76G
2025-04-13 20:34:57,800 - INFO - Ingress_Exit L2DOOZ1K
2025-04-13 20:34:57,907 - INFO - Ingress_Exit 0ZITKZ3V
2025-04-13 20:34:58,017 - INFO - Ingress_Enter 5FU2CDF2
2025-04-13 20:34:58,037 - INFO - Ingress_Input_Decoded 5FU2CDF2
2025-04-13 20:34:58,039 - INFO - Ingress_Numpy_Converted 5FU2CDF2
2025-04-13 20:34:58,084 - INFO - Ingress_Enter X0RCT82H
2025-04-13 20:34:58,099 - INFO - Ingress_Input_Decoded X0RCT82H
2025-04-13 20:34:58,101 - INFO - Ingress_Numpy_Converted X0RCT82H
2025-04-13 20:34:58,143 - INFO - Ingress_Enter LIPS4UIK
2025-04-13 20:34:58,156 - INFO - Ingress_Input_Decoded LIPS4UIK
2025-04-13 20:34:58,157 - INFO - Ingress_Numpy_Converted LIPS4UIK
2025-04-13 20:34:58,378 - INFO - Ingress_Exit JNY1P5RK
2025-04-13 20:34:58,479 - INFO - Ingress_Enter KC2NK5FH
2025-04-13 20:34:58,502 - INFO - Ingress_Input_Decoded KC2NK5FH
2025-04-13 20:34:58,505 - INFO - Ingress_Numpy_Converted KC2NK5FH
2025-04-13 20:34:58,811 - INFO - Ingress_Enter BOAHE176
2025-04-13 20:34:58,825 - INFO - Ingress_Input_Decoded BOAHE176
2025-04-13 20:34:58,826 - INFO - Ingress_Numpy_Converted BOAHE176
2025-04-13 20:34:58,854 - INFO - Ingress_Enter 16HLYKRT
2025-04-13 20:34:58,867 - INFO - Ingress_Input_Decoded 16HLYKRT
2025-04-13 20:34:58,868 - INFO - Ingress_Numpy_Converted 16HLYKRT
2025-04-13 20:34:59,172 - INFO - Ingress_Exit UUXGC0T0
2025-04-13 20:34:59,227 - INFO - Ingress_Enter A2S5SPTA
2025-04-13 20:34:59,238 - INFO - Ingress_Input_Decoded A2S5SPTA
2025-04-13 20:34:59,240 - INFO - Ingress_Numpy_Converted A2S5SPTA
2025-04-13 20:34:59,271 - INFO - Ingress_Enter GXOXIQXS
2025-04-13 20:34:59,289 - INFO - Ingress_Input_Decoded GXOXIQXS
2025-04-13 20:34:59,292 - INFO - Ingress_Numpy_Converted GXOXIQXS
2025-04-13 20:34:59,351 - INFO - Ingress_Enter CN6ZVKR6
2025-04-13 20:34:59,454 - INFO - Ingress_Input_Decoded CN6ZVKR6
2025-04-13 20:34:59,458 - INFO - Ingress_Numpy_Converted CN6ZVKR6
2025-04-13 20:34:59,478 - INFO - Ingress_Exit YS60XS5A
2025-04-13 20:34:59,505 - INFO - Ingress_Enter 0B67B7F9
2025-04-13 20:34:59,529 - INFO - Ingress_Input_Decoded 0B67B7F9
2025-04-13 20:34:59,531 - INFO - Ingress_Numpy_Converted 0B67B7F9
2025-04-13 20:34:59,759 - INFO - Ingress_Exit Y8UMZPHC
2025-04-13 20:35:00,553 - INFO - Ingress_Enter 2XLZYNXV
2025-04-13 20:35:00,570 - INFO - Ingress_Input_Decoded 2XLZYNXV
2025-04-13 20:35:00,572 - INFO - Ingress_Numpy_Converted 2XLZYNXV
2025-04-13 20:35:00,779 - INFO - Ingress_Enter Q86SBATM
2025-04-13 20:35:00,794 - INFO - Ingress_Input_Decoded Q86SBATM
2025-04-13 20:35:00,796 - INFO - Ingress_Numpy_Converted Q86SBATM
2025-04-13 20:35:00,863 - INFO - Ingress_Enter 5V5ZXEH4
2025-04-13 20:35:00,873 - INFO - Ingress_Input_Decoded 5V5ZXEH4
2025-04-13 20:35:00,875 - INFO - Ingress_Numpy_Converted 5V5ZXEH4
2025-04-13 20:35:01,182 - INFO - Ingress_Enter 8Q67W0RS
2025-04-13 20:35:01,197 - INFO - Ingress_Input_Decoded 8Q67W0RS
2025-04-13 20:35:01,199 - INFO - Ingress_Numpy_Converted 8Q67W0RS
2025-04-13 20:35:01,234 - INFO - Ingress_Exit E2SV75GJ
2025-04-13 20:35:01,534 - INFO - Ingress_Enter 90NOBAJS
2025-04-13 20:35:01,550 - INFO - Ingress_Input_Decoded 90NOBAJS
2025-04-13 20:35:01,551 - INFO - Ingress_Numpy_Converted 90NOBAJS
2025-04-13 20:35:01,602 - INFO - Ingress_Enter X09CJV68
2025-04-13 20:35:01,615 - INFO - Ingress_Input_Decoded X09CJV68
2025-04-13 20:35:01,617 - INFO - Ingress_Numpy_Converted X09CJV68
2025-04-13 20:35:01,753 - INFO - Ingress_Enter 6K6ML178
2025-04-13 20:35:01,774 - INFO - Ingress_Input_Decoded 6K6ML178
2025-04-13 20:35:01,776 - INFO - Ingress_Numpy_Converted 6K6ML178
2025-04-13 20:35:02,413 - INFO - Ingress_Exit 3SV97GMI
2025-04-13 20:35:02,590 - INFO - Ingress_Exit U91HKFZL
2025-04-13 20:35:02,756 - INFO - Ingress_Exit TMR4X71Z
2025-04-13 20:35:02,920 - INFO - Ingress_Exit LWE33C8G
2025-04-13 20:35:03,177 - INFO - Ingress_Exit IG7MTVZK
2025-04-13 20:35:03,296 - INFO - Ingress_Exit 08VTL2XH
2025-04-13 20:35:03,986 - INFO - Ingress_Exit WKERPGW4
2025-04-13 20:35:04,423 - INFO - Ingress_Exit X0RCT82H
2025-04-13 20:35:04,996 - INFO - Ingress_Exit 5FU2CDF2
2025-04-13 20:35:05,144 - INFO - Ingress_Exit A2S5SPTA
2025-04-13 20:35:05,387 - INFO - Ingress_Exit KC2NK5FH
2025-04-13 20:35:05,454 - INFO - Ingress_Exit BOAHE176
2025-04-13 20:35:06,350 - INFO - Ingress_Exit LIPS4UIK
2025-04-13 20:35:07,675 - INFO - Ingress_Exit 16HLYKRT
2025-04-13 20:35:08,403 - INFO - Ingress_Exit CN6ZVKR6
2025-04-13 20:35:08,452 - INFO - Ingress_Exit GXOXIQXS
2025-04-13 20:35:09,172 - INFO - Ingress_Exit 0B67B7F9
2025-04-13 20:35:09,470 - INFO - Ingress_Exit 2XLZYNXV
2025-04-13 20:35:09,669 - INFO - Ingress_Exit 8Q67W0RS
2025-04-13 20:35:09,689 - INFO - Ingress_Exit 5V5ZXEH4
2025-04-13 20:35:09,691 - INFO - Ingress_Exit Q86SBATM
2025-04-13 20:35:09,804 - INFO - Ingress_Exit 90NOBAJS
2025-04-13 20:35:09,896 - INFO - Ingress_Exit X09CJV68
2025-04-13 20:35:09,949 - INFO - Ingress_Exit 6K6ML178
