2025-04-12 19:40:22,695 - INFO - Ingress_Enter 3FFS16YN
2025-04-12 19:40:22,712 - INFO - Ingress_Input_Decoded 3FFS16YN
2025-04-12 19:40:22,713 - INFO - Ingress_Numpy_Converted 3FFS16YN
2025-04-12 19:40:23,123 - INFO - Ingress_Exit 3FFS16YN
2025-04-12 19:40:23,392 - INFO - Ingress_Enter 8S89HDY6
2025-04-12 19:40:23,439 - INFO - Ingress_Input_Decoded 8S89HDY6
2025-04-12 19:40:23,441 - INFO - Ingress_Numpy_Converted 8S89HDY6
2025-04-12 19:40:23,768 - INFO - Ingress_Enter 3HIHSN66
2025-04-12 19:40:23,792 - INFO - Ingress_Input_Decoded 3HIHSN66
2025-04-12 19:40:23,794 - INFO - Ingress_Numpy_Converted 3HIHSN66
2025-04-12 19:40:23,992 - INFO - Ingress_Enter 84U3LQ09
2025-04-12 19:40:24,009 - INFO - Ingress_Input_Decoded 84U3LQ09
2025-04-12 19:40:24,011 - INFO - Ingress_Numpy_Converted 84U3LQ09
2025-04-12 19:40:24,402 - INFO - Ingress_Exit 8S89HDY6
2025-04-12 19:40:24,507 - INFO - Ingress_Enter TCEBDZ98
2025-04-12 19:40:24,526 - INFO - Ingress_Input_Decoded TCEBDZ98
2025-04-12 19:40:24,527 - INFO - Ingress_Numpy_Converted TCEBDZ98
2025-04-12 19:40:25,084 - INFO - Ingress_Exit 84U3LQ09
2025-04-12 19:40:25,096 - INFO - Ingress_Exit 3HIHSN66
2025-04-12 19:40:25,366 - INFO - Ingress_Exit TCEBDZ98
2025-04-12 19:40:28,157 - INFO - Ingress_Enter A7E986KX
2025-04-12 19:40:28,177 - INFO - Ingress_Input_Decoded A7E986KX
2025-04-12 19:40:28,179 - INFO - Ingress_Numpy_Converted A7E986KX
2025-04-12 19:40:28,497 - INFO - Ingress_Enter X5DHKCLO
2025-04-12 19:40:28,512 - INFO - Ingress_Input_Decoded X5DHKCLO
2025-04-12 19:40:28,514 - INFO - Ingress_Numpy_Converted X5DHKCLO
2025-04-12 19:40:28,889 - INFO - Ingress_Enter GI55B9J8
2025-04-12 19:40:28,912 - INFO - Ingress_Input_Decoded GI55B9J8
2025-04-12 19:40:28,914 - INFO - Ingress_Numpy_Converted GI55B9J8
2025-04-12 19:40:29,153 - INFO - Ingress_Exit A7E986KX
2025-04-12 19:40:29,735 - INFO - Ingress_Exit X5DHKCLO
2025-04-12 19:40:29,899 - INFO - Ingress_Enter 57ZY2YUR
2025-04-12 19:40:29,923 - INFO - Ingress_Input_Decoded 57ZY2YUR
2025-04-12 19:40:29,925 - INFO - Ingress_Numpy_Converted 57ZY2YUR
2025-04-12 19:40:31,240 - INFO - Ingress_Exit GI55B9J8
2025-04-12 19:40:31,405 - INFO - Ingress_Enter XWJAN6TD
2025-04-12 19:40:31,423 - INFO - Ingress_Input_Decoded XWJAN6TD
2025-04-12 19:40:31,425 - INFO - Ingress_Numpy_Converted XWJAN6TD
2025-04-12 19:40:31,456 - INFO - Ingress_Exit 57ZY2YUR
2025-04-12 19:40:31,758 - INFO - Ingress_Enter DGR2R6ON
2025-04-12 19:40:31,779 - INFO - Ingress_Input_Decoded DGR2R6ON
2025-04-12 19:40:31,781 - INFO - Ingress_Numpy_Converted DGR2R6ON
2025-04-12 19:40:31,831 - INFO - Ingress_Enter 7VYRSH67
2025-04-12 19:40:31,858 - INFO - Ingress_Input_Decoded 7VYRSH67
2025-04-12 19:40:31,861 - INFO - Ingress_Numpy_Converted 7VYRSH67
2025-04-12 19:40:32,514 - INFO - Ingress_Exit XWJAN6TD
2025-04-12 19:40:32,689 - INFO - Ingress_Exit 7VYRSH67
2025-04-12 19:40:32,939 - INFO - Ingress_Enter S1JJWUPO
2025-04-12 19:40:32,957 - INFO - Ingress_Input_Decoded S1JJWUPO
2025-04-12 19:40:32,958 - INFO - Ingress_Numpy_Converted S1JJWUPO
2025-04-12 19:40:33,099 - INFO - Ingress_Enter 2JQPHJUY
2025-04-12 19:40:33,133 - INFO - Ingress_Input_Decoded 2JQPHJUY
2025-04-12 19:40:33,137 - INFO - Ingress_Numpy_Converted 2JQPHJUY
2025-04-12 19:40:33,182 - INFO - Ingress_Enter YAYE6IVU
2025-04-12 19:40:33,197 - INFO - Ingress_Input_Decoded YAYE6IVU
2025-04-12 19:40:33,198 - INFO - Ingress_Numpy_Converted YAYE6IVU
2025-04-12 19:40:33,837 - INFO - Ingress_Exit DGR2R6ON
2025-04-12 19:40:34,110 - INFO - Ingress_Exit 2JQPHJUY
2025-04-12 19:40:34,178 - INFO - Ingress_Enter H3ZDP1Z9
2025-04-12 19:40:34,203 - INFO - Ingress_Input_Decoded H3ZDP1Z9
2025-04-12 19:40:34,205 - INFO - Ingress_Numpy_Converted H3ZDP1Z9
2025-04-12 19:40:34,216 - INFO - Ingress_Enter XP1FW9DB
2025-04-12 19:40:34,241 - INFO - Ingress_Input_Decoded XP1FW9DB
2025-04-12 19:40:34,243 - INFO - Ingress_Numpy_Converted XP1FW9DB
2025-04-12 19:40:34,261 - INFO - Ingress_Exit S1JJWUPO
2025-04-12 19:40:35,048 - INFO - Ingress_Exit YAYE6IVU
2025-04-12 19:40:35,090 - INFO - Ingress_Enter 2V4JUH6R
2025-04-12 19:40:35,113 - INFO - Ingress_Input_Decoded 2V4JUH6R
2025-04-12 19:40:35,115 - INFO - Ingress_Numpy_Converted 2V4JUH6R
2025-04-12 19:40:35,123 - INFO - Ingress_Enter Z1W038AU
2025-04-12 19:40:35,143 - INFO - Ingress_Input_Decoded Z1W038AU
2025-04-12 19:40:35,145 - INFO - Ingress_Numpy_Converted Z1W038AU
2025-04-12 19:40:35,252 - INFO - Ingress_Enter 0298TWEV
2025-04-12 19:40:35,282 - INFO - Ingress_Input_Decoded 0298TWEV
2025-04-12 19:40:35,285 - INFO - Ingress_Numpy_Converted 0298TWEV
2025-04-12 19:40:35,904 - INFO - Ingress_Enter E40GLWLY
2025-04-12 19:40:35,921 - INFO - Ingress_Input_Decoded E40GLWLY
2025-04-12 19:40:35,922 - INFO - Ingress_Numpy_Converted E40GLWLY
2025-04-12 19:40:36,024 - INFO - Ingress_Exit H3ZDP1Z9
2025-04-12 19:40:36,060 - INFO - Ingress_Exit 2V4JUH6R
2025-04-12 19:40:36,297 - INFO - Ingress_Exit XP1FW9DB
2025-04-12 19:40:36,418 - INFO - Ingress_Exit Z1W038AU
2025-04-12 19:40:37,843 - INFO - Ingress_Enter HVP44MFW
2025-04-12 19:40:37,891 - INFO - Ingress_Input_Decoded HVP44MFW
2025-04-12 19:40:37,894 - INFO - Ingress_Numpy_Converted HVP44MFW
2025-04-12 19:40:38,233 - INFO - Ingress_Exit 0298TWEV
2025-04-12 19:40:38,565 - INFO - Ingress_Exit E40GLWLY
2025-04-12 19:40:39,234 - INFO - Ingress_Enter 3PMHBKHP
2025-04-12 19:40:39,251 - INFO - Ingress_Input_Decoded 3PMHBKHP
2025-04-12 19:40:39,252 - INFO - Ingress_Numpy_Converted 3PMHBKHP
2025-04-12 19:40:39,546 - INFO - Ingress_Enter B5GCJQUV
2025-04-12 19:40:39,566 - INFO - Ingress_Input_Decoded B5GCJQUV
2025-04-12 19:40:39,568 - INFO - Ingress_Numpy_Converted B5GCJQUV
2025-04-12 19:40:40,003 - INFO - Ingress_Exit HVP44MFW
2025-04-12 19:40:40,404 - INFO - Ingress_Enter UTZ3GYID
2025-04-12 19:40:40,422 - INFO - Ingress_Input_Decoded UTZ3GYID
2025-04-12 19:40:40,423 - INFO - Ingress_Numpy_Converted UTZ3GYID
2025-04-12 19:40:40,446 - INFO - Ingress_Exit 3PMHBKHP
2025-04-12 19:40:40,705 - INFO - Ingress_Enter O4QN2I0V
2025-04-12 19:40:40,725 - INFO - Ingress_Input_Decoded O4QN2I0V
2025-04-12 19:40:40,726 - INFO - Ingress_Numpy_Converted O4QN2I0V
2025-04-12 19:40:40,735 - INFO - Ingress_Enter Z33G0EMB
2025-04-12 19:40:40,749 - INFO - Ingress_Input_Decoded Z33G0EMB
2025-04-12 19:40:40,751 - INFO - Ingress_Numpy_Converted Z33G0EMB
2025-04-12 19:40:40,813 - INFO - Ingress_Enter 65XWZB8I
2025-04-12 19:40:40,834 - INFO - Ingress_Input_Decoded 65XWZB8I
2025-04-12 19:40:40,836 - INFO - Ingress_Numpy_Converted 65XWZB8I
2025-04-12 19:40:41,252 - INFO - Ingress_Exit B5GCJQUV
2025-04-12 19:40:41,458 - INFO - Ingress_Enter AQH3G3FQ
2025-04-12 19:40:41,486 - INFO - Ingress_Input_Decoded AQH3G3FQ
2025-04-12 19:40:41,488 - INFO - Ingress_Numpy_Converted AQH3G3FQ
2025-04-12 19:40:41,491 - INFO - Ingress_Enter V7LC4YY9
2025-04-12 19:40:41,508 - INFO - Ingress_Input_Decoded V7LC4YY9
2025-04-12 19:40:41,510 - INFO - Ingress_Numpy_Converted V7LC4YY9
2025-04-12 19:40:41,562 - INFO - Ingress_Enter RKGG6G1J
2025-04-12 19:40:41,578 - INFO - Ingress_Input_Decoded RKGG6G1J
2025-04-12 19:40:41,580 - INFO - Ingress_Numpy_Converted RKGG6G1J
2025-04-12 19:40:41,988 - INFO - Ingress_Enter J42XFCWH
2025-04-12 19:40:42,006 - INFO - Ingress_Input_Decoded J42XFCWH
2025-04-12 19:40:42,008 - INFO - Ingress_Numpy_Converted J42XFCWH
2025-04-12 19:40:42,294 - INFO - Ingress_Enter QHASU4CJ
2025-04-12 19:40:42,317 - INFO - Ingress_Input_Decoded QHASU4CJ
2025-04-12 19:40:42,319 - INFO - Ingress_Numpy_Converted QHASU4CJ
2025-04-12 19:40:42,400 - INFO - Ingress_Exit O4QN2I0V
2025-04-12 19:40:42,550 - INFO - Ingress_Exit UTZ3GYID
2025-04-12 19:40:43,633 - INFO - Ingress_Exit 65XWZB8I
2025-04-12 19:40:43,781 - INFO - Ingress_Exit Z33G0EMB
2025-04-12 19:40:43,863 - INFO - Ingress_Exit AQH3G3FQ
2025-04-12 19:40:44,355 - INFO - Ingress_Exit V7LC4YY9
2025-04-12 19:40:44,556 - INFO - Ingress_Exit RKGG6G1J
2025-04-12 19:40:45,114 - INFO - Ingress_Enter I501PQYT
2025-04-12 19:40:45,133 - INFO - Ingress_Input_Decoded I501PQYT
2025-04-12 19:40:45,135 - INFO - Ingress_Numpy_Converted I501PQYT
2025-04-12 19:40:45,233 - INFO - Ingress_Enter IUO1O239
2025-04-12 19:40:45,256 - INFO - Ingress_Input_Decoded IUO1O239
2025-04-12 19:40:45,265 - INFO - Ingress_Numpy_Converted IUO1O239
2025-04-12 19:40:45,432 - INFO - Ingress_Enter 2C0QFSJU
2025-04-12 19:40:45,459 - INFO - Ingress_Input_Decoded 2C0QFSJU
2025-04-12 19:40:45,463 - INFO - Ingress_Numpy_Converted 2C0QFSJU
2025-04-12 19:40:46,067 - INFO - Ingress_Exit J42XFCWH
2025-04-12 19:40:46,129 - INFO - Ingress_Exit IUO1O239
2025-04-12 19:40:46,176 - INFO - Ingress_Enter M2B2NIZF
2025-04-12 19:40:46,194 - INFO - Ingress_Input_Decoded M2B2NIZF
2025-04-12 19:40:46,196 - INFO - Ingress_Numpy_Converted M2B2NIZF
2025-04-12 19:40:46,673 - INFO - Ingress_Enter 18QRKK1X
2025-04-12 19:40:46,685 - INFO - Ingress_Input_Decoded 18QRKK1X
2025-04-12 19:40:46,687 - INFO - Ingress_Numpy_Converted 18QRKK1X
2025-04-12 19:40:47,227 - INFO - Ingress_Enter IMBLT76Z
2025-04-12 19:40:47,243 - INFO - Ingress_Input_Decoded IMBLT76Z
2025-04-12 19:40:47,245 - INFO - Ingress_Numpy_Converted IMBLT76Z
2025-04-12 19:40:47,344 - INFO - Ingress_Enter 5G408X5B
2025-04-12 19:40:47,362 - INFO - Ingress_Input_Decoded 5G408X5B
2025-04-12 19:40:47,363 - INFO - Ingress_Numpy_Converted 5G408X5B
2025-04-12 19:40:47,379 - INFO - Ingress_Enter EV0I7HO7
2025-04-12 19:40:47,394 - INFO - Ingress_Input_Decoded EV0I7HO7
2025-04-12 19:40:47,395 - INFO - Ingress_Numpy_Converted EV0I7HO7
2025-04-12 19:40:47,700 - INFO - Ingress_Enter HKUJ3H19
2025-04-12 19:40:47,756 - INFO - Ingress_Input_Decoded HKUJ3H19
2025-04-12 19:40:47,761 - INFO - Ingress_Numpy_Converted HKUJ3H19
2025-04-12 19:40:48,576 - INFO - Ingress_Exit M2B2NIZF
2025-04-12 19:40:48,630 - INFO - Ingress_Exit 2C0QFSJU
2025-04-12 19:40:48,875 - INFO - Ingress_Exit QHASU4CJ
2025-04-12 19:40:51,165 - INFO - Ingress_Enter CT49Q4AC
2025-04-12 19:40:51,190 - INFO - Ingress_Input_Decoded CT49Q4AC
2025-04-12 19:40:51,193 - INFO - Ingress_Numpy_Converted CT49Q4AC
2025-04-12 19:40:51,215 - INFO - Ingress_Enter BP3PUKLF
2025-04-12 19:40:51,238 - INFO - Ingress_Input_Decoded BP3PUKLF
2025-04-12 19:40:51,241 - INFO - Ingress_Numpy_Converted BP3PUKLF
2025-04-12 19:40:51,803 - INFO - Ingress_Exit I501PQYT
2025-04-12 19:40:52,034 - INFO - Ingress_Exit 18QRKK1X
2025-04-12 19:40:52,610 - INFO - Ingress_Enter VXY6AAD4
2025-04-12 19:40:52,629 - INFO - Ingress_Input_Decoded VXY6AAD4
2025-04-12 19:40:52,631 - INFO - Ingress_Numpy_Converted VXY6AAD4
2025-04-12 19:40:52,633 - INFO - Ingress_Exit 5G408X5B
2025-04-12 19:40:52,883 - INFO - Ingress_Enter SZK1DT6U
2025-04-12 19:40:52,897 - INFO - Ingress_Input_Decoded SZK1DT6U
2025-04-12 19:40:52,898 - INFO - Ingress_Numpy_Converted SZK1DT6U
2025-04-12 19:40:53,246 - INFO - Ingress_Exit EV0I7HO7
2025-04-12 19:40:54,133 - INFO - Ingress_Exit IMBLT76Z
2025-04-12 19:40:54,300 - INFO - Ingress_Exit HKUJ3H19
2025-04-12 19:40:55,153 - INFO - Ingress_Exit CT49Q4AC
2025-04-12 19:40:56,302 - INFO - Ingress_Exit BP3PUKLF
2025-04-12 19:40:56,655 - INFO - Ingress_Exit SZK1DT6U
2025-04-12 19:40:56,784 - INFO - Ingress_Exit VXY6AAD4
