2025-03-18 00:33:00,038 - INFO - Ingress_Enter LTC0XWB6
2025-03-18 00:33:00,087 - INFO - Ingress_Enter NCA0QTLL
2025-03-18 00:33:00,353 - INFO - Ingress_Enter 5UD9N3SJ
2025-03-18 00:33:00,682 - INFO - Ingress_Exit NCA0QTLL
2025-03-18 00:33:00,683 - INFO - Ingress_Exit LTC0XWB6
2025-03-18 00:33:00,715 - INFO - Ingress_Enter 4B163858
2025-03-18 00:33:00,762 - INFO - Ingress_Enter 41EZ748S
2025-03-18 00:33:00,878 - INFO - Ingress_Enter G2SA5QL4
2025-03-18 00:33:00,979 - INFO - Ingress_Exit 4B163858
2025-03-18 00:33:01,029 - INFO - Ingress_Enter NFVL3WS2
2025-03-18 00:33:01,040 - INFO - Ingress_Exit 5UD9N3SJ
2025-03-18 00:33:01,164 - INFO - Ingress_Exit 41EZ748S
2025-03-18 00:33:01,481 - INFO - Ingress_Exit G2SA5QL4
2025-03-18 00:33:01,484 - INFO - Ingress_Exit NFVL3WS2
2025-03-18 00:33:01,528 - INFO - Ingress_Enter IYO1QXZO
2025-03-18 00:33:01,901 - INFO - Ingress_Exit IYO1QXZO
2025-03-18 00:33:01,913 - INFO - Ingress_Enter HAUPPGX0
2025-03-18 00:33:01,981 - INFO - Ingress_Enter E81LUZX0
2025-03-18 00:33:02,014 - INFO - Ingress_Enter JY6XUEN4
2025-03-18 00:33:02,060 - INFO - Ingress_Exit HAUPPGX0
2025-03-18 00:33:02,278 - INFO - Ingress_Exit E81LUZX0
2025-03-18 00:33:02,279 - INFO - Ingress_Exit JY6XUEN4
2025-03-18 00:33:02,431 - INFO - Ingress_Enter Y9OU5QDE
2025-03-18 00:33:02,528 - INFO - Ingress_Exit Y9OU5QDE
2025-03-18 00:33:02,564 - INFO - Ingress_Enter S1Z7GGZV
2025-03-18 00:33:02,598 - INFO - Ingress_Enter M07190GR
2025-03-18 00:33:02,615 - INFO - Ingress_Enter NCLK47AG
2025-03-18 00:33:02,674 - INFO - Ingress_Exit S1Z7GGZV
2025-03-18 00:33:02,716 - INFO - Ingress_Exit NCLK47AG
2025-03-18 00:33:02,755 - INFO - Ingress_Exit M07190GR
2025-03-18 00:33:02,835 - INFO - Ingress_Enter 0B3WAVCO
2025-03-18 00:33:02,961 - INFO - Ingress_Exit 0B3WAVCO
2025-03-18 00:33:03,123 - INFO - Ingress_Enter ZKEGPT6M
2025-03-18 00:33:03,287 - INFO - Ingress_Exit ZKEGPT6M
2025-03-18 00:33:03,519 - INFO - Ingress_Enter 80FUD57U
2025-03-18 00:33:03,635 - INFO - Ingress_Exit 80FUD57U
2025-03-18 00:33:03,720 - INFO - Ingress_Enter 2JTVYFVB
2025-03-18 00:33:03,785 - INFO - Ingress_Enter C8F6FXY9
2025-03-18 00:33:03,853 - INFO - Ingress_Exit 2JTVYFVB
2025-03-18 00:33:03,887 - INFO - Ingress_Exit C8F6FXY9
2025-03-18 00:33:04,995 - INFO - Ingress_Enter DLEOV3NY
2025-03-18 00:33:05,010 - INFO - Ingress_Enter HXHIYKZO
2025-03-18 00:33:05,160 - INFO - Ingress_Enter TSIZ4TRY
2025-03-18 00:33:05,222 - INFO - Ingress_Exit HXHIYKZO
2025-03-18 00:33:05,223 - INFO - Ingress_Exit DLEOV3NY
2025-03-18 00:33:05,353 - INFO - Ingress_Exit TSIZ4TRY
2025-03-18 00:33:05,744 - INFO - Ingress_Enter KJZG6Z2E
2025-03-18 00:33:05,869 - INFO - Ingress_Exit KJZG6Z2E
2025-03-18 00:33:05,941 - INFO - Ingress_Enter LP6GZKY9
2025-03-18 00:33:06,008 - INFO - Ingress_Enter UBGN7WRV
2025-03-18 00:33:06,024 - INFO - Ingress_Enter Z26ZDJXO
2025-03-18 00:33:06,103 - INFO - Ingress_Exit LP6GZKY9
2025-03-18 00:33:06,197 - INFO - Ingress_Exit UBGN7WRV
2025-03-18 00:33:06,198 - INFO - Ingress_Exit Z26ZDJXO
2025-03-18 00:33:06,305 - INFO - Ingress_Enter EMXCYT5R
2025-03-18 00:33:06,419 - INFO - Ingress_Exit EMXCYT5R
2025-03-18 00:33:06,422 - INFO - Ingress_Enter ILQ8GYIL
2025-03-18 00:33:06,522 - INFO - Ingress_Enter OFIAJ6IQ
2025-03-18 00:33:06,562 - INFO - Ingress_Exit ILQ8GYIL
2025-03-18 00:33:06,637 - INFO - Ingress_Enter KB3PAQ27
2025-03-18 00:33:06,674 - INFO - Ingress_Exit OFIAJ6IQ
2025-03-18 00:33:06,687 - INFO - Ingress_Enter LTECI8AA
2025-03-18 00:33:06,775 - INFO - Ingress_Exit KB3PAQ27
2025-03-18 00:33:06,812 - INFO - Ingress_Exit LTECI8AA
2025-03-18 00:33:07,034 - INFO - Ingress_Enter KL5XOHET
2025-03-18 00:33:07,050 - INFO - Ingress_Enter 0X4DO3UV
2025-03-18 00:33:07,120 - INFO - Ingress_Enter FSDTB984
2025-03-18 00:33:07,215 - INFO - Ingress_Exit KL5XOHET
2025-03-18 00:33:07,250 - INFO - Ingress_Exit FSDTB984
2025-03-18 00:33:07,263 - INFO - Ingress_Exit 0X4DO3UV
2025-03-18 00:33:07,416 - INFO - Ingress_Enter RGIKE6D8
2025-03-18 00:33:07,481 - INFO - Ingress_Enter 8Z9Y85NI
2025-03-18 00:33:07,497 - INFO - Ingress_Enter QO9XL0OD
2025-03-18 00:33:07,563 - INFO - Ingress_Exit RGIKE6D8
2025-03-18 00:33:07,628 - INFO - Ingress_Exit 8Z9Y85NI
2025-03-18 00:33:07,678 - INFO - Ingress_Exit QO9XL0OD
2025-03-18 00:33:07,781 - INFO - Ingress_Enter JLPSPQTT
2025-03-18 00:33:07,831 - INFO - Ingress_Enter 7UJSGETU
2025-03-18 00:33:07,930 - INFO - Ingress_Exit JLPSPQTT
2025-03-18 00:33:07,991 - INFO - Ingress_Exit 7UJSGETU
2025-03-18 00:33:08,211 - INFO - Ingress_Enter FI4ECXVQ
2025-03-18 00:33:08,315 - INFO - Ingress_Exit FI4ECXVQ
2025-03-18 00:33:08,579 - INFO - Ingress_Enter XDGK7FC6
2025-03-18 00:33:08,679 - INFO - Ingress_Enter A26V6CQU
2025-03-18 00:33:08,683 - INFO - Ingress_Exit XDGK7FC6
2025-03-18 00:33:08,795 - INFO - Ingress_Enter Y55R2OEL
2025-03-18 00:33:08,835 - INFO - Ingress_Exit A26V6CQU
2025-03-18 00:33:08,889 - INFO - Ingress_Exit Y55R2OEL
2025-03-18 00:33:09,094 - INFO - Ingress_Enter FO2FQEQ9
2025-03-18 00:33:09,196 - INFO - Ingress_Exit FO2FQEQ9
2025-03-18 00:33:09,277 - INFO - Ingress_Enter 1ZBNFDMM
2025-03-18 00:33:09,370 - INFO - Ingress_Exit 1ZBNFDMM
2025-03-18 00:33:09,410 - INFO - Ingress_Enter QDXQSSRJ
2025-03-18 00:33:09,426 - INFO - Ingress_Enter HARHSFIJ
2025-03-18 00:33:09,524 - INFO - Ingress_Exit QDXQSSRJ
2025-03-18 00:33:09,561 - INFO - Ingress_Exit HARHSFIJ
2025-03-18 00:33:09,643 - INFO - Ingress_Enter K4TA6JXR
2025-03-18 00:33:09,727 - INFO - Ingress_Enter 7PYPSSB2
2025-03-18 00:33:09,776 - INFO - Ingress_Enter M52RRG7T
2025-03-18 00:33:09,819 - INFO - Ingress_Exit K4TA6JXR
2025-03-18 00:33:09,861 - INFO - Ingress_Exit 7PYPSSB2
2025-03-18 00:33:09,927 - INFO - Ingress_Exit M52RRG7T
2025-03-18 00:33:10,342 - INFO - Ingress_Enter CSXFTO6R
2025-03-18 00:33:10,453 - INFO - Ingress_Exit CSXFTO6R
2025-03-18 00:33:10,457 - INFO - Ingress_Enter 7DWTZKHD
2025-03-18 00:33:10,556 - INFO - Ingress_Enter 7V4V4G79
2025-03-18 00:33:10,596 - INFO - Ingress_Exit 7DWTZKHD
2025-03-18 00:33:10,639 - INFO - Ingress_Enter 93YR2SIE
2025-03-18 00:33:10,664 - INFO - Ingress_Exit 7V4V4G79
2025-03-18 00:33:10,788 - INFO - Ingress_Enter V615Y5V3
2025-03-18 00:33:10,849 - INFO - Ingress_Exit 93YR2SIE
2025-03-18 00:33:10,870 - INFO - Ingress_Enter LEFMDDGD
2025-03-18 00:33:10,904 - INFO - Ingress_Enter 7QM96C2D
2025-03-18 00:33:10,908 - INFO - Ingress_Exit V615Y5V3
2025-03-18 00:33:11,038 - INFO - Ingress_Enter PCM5ML2Q
2025-03-18 00:33:11,065 - INFO - Ingress_Exit 7QM96C2D
2025-03-18 00:33:11,092 - INFO - Ingress_Exit LEFMDDGD
2025-03-18 00:33:11,146 - INFO - Ingress_Exit PCM5ML2Q
2025-03-18 00:33:11,285 - INFO - Ingress_Enter LUGBY4KL
2025-03-18 00:33:11,351 - INFO - Ingress_Enter CTAQRESM
2025-03-18 00:33:11,380 - INFO - Ingress_Exit LUGBY4KL
2025-03-18 00:33:11,478 - INFO - Ingress_Exit CTAQRESM
2025-03-18 00:33:11,535 - INFO - Ingress_Enter Q3Z6T483
2025-03-18 00:33:11,626 - INFO - Ingress_Exit Q3Z6T483
2025-03-18 00:33:11,698 - INFO - Ingress_Enter CC9JTBTE
2025-03-18 00:33:11,781 - INFO - Ingress_Enter XQE18TJA
2025-03-18 00:33:11,820 - INFO - Ingress_Exit CC9JTBTE
2025-03-18 00:33:11,872 - INFO - Ingress_Exit XQE18TJA
2025-03-18 00:33:11,996 - INFO - Ingress_Enter Q44Y6P8I
2025-03-18 00:33:12,112 - INFO - Ingress_Exit Q44Y6P8I
2025-03-18 00:33:12,145 - INFO - Ingress_Enter NMMTOKP8
2025-03-18 00:33:12,293 - INFO - Ingress_Exit NMMTOKP8
2025-03-18 00:33:12,593 - INFO - Ingress_Enter EAXJXMC3
2025-03-18 00:33:12,626 - INFO - Ingress_Enter 45REVG96
2025-03-18 00:33:12,643 - INFO - Ingress_Enter 60A1BD1M
2025-03-18 00:33:12,732 - INFO - Ingress_Exit EAXJXMC3
2025-03-18 00:33:12,751 - INFO - Ingress_Exit 45REVG96
2025-03-18 00:33:12,787 - INFO - Ingress_Exit 60A1BD1M
2025-03-18 00:33:13,459 - INFO - Ingress_Enter XV1M1BKJ
2025-03-18 00:33:13,558 - INFO - Ingress_Enter 5MMD9KVV
2025-03-18 00:33:13,616 - INFO - Ingress_Exit XV1M1BKJ
2025-03-18 00:33:13,692 - INFO - Ingress_Enter YGK512W9
2025-03-18 00:33:13,740 - INFO - Ingress_Exit 5MMD9KVV
2025-03-18 00:33:13,757 - INFO - Ingress_Enter 45PE0AN8
2025-03-18 00:33:13,793 - INFO - Ingress_Exit YGK512W9
2025-03-18 00:33:13,972 - INFO - Ingress_Exit 45PE0AN8
2025-03-18 00:33:14,039 - INFO - Ingress_Enter H1XC9NVD
2025-03-18 00:33:14,072 - INFO - Ingress_Enter EXWEDNYC
2025-03-18 00:33:14,123 - INFO - Ingress_Enter 3FM1CKOS
2025-03-18 00:33:14,156 - INFO - Ingress_Enter K766P0A5
2025-03-18 00:33:14,260 - INFO - Ingress_Exit H1XC9NVD
2025-03-18 00:33:14,261 - INFO - Ingress_Exit K766P0A5
2025-03-18 00:33:14,263 - INFO - Ingress_Exit EXWEDNYC
2025-03-18 00:33:14,315 - INFO - Ingress_Exit 3FM1CKOS
2025-03-18 00:33:14,388 - INFO - Ingress_Enter JAPZ8XXI
2025-03-18 00:33:14,581 - INFO - Ingress_Exit JAPZ8XXI
2025-03-18 00:33:14,786 - INFO - Ingress_Enter 5Y9ULCIM
2025-03-18 00:33:14,835 - INFO - Ingress_Enter 5I60JAX0
2025-03-18 00:33:14,869 - INFO - Ingress_Enter EJ18LW1O
2025-03-18 00:33:14,921 - INFO - Ingress_Enter 37N1TWAF
2025-03-18 00:33:14,933 - INFO - Ingress_Exit 5I60JAX0
2025-03-18 00:33:14,969 - INFO - Ingress_Exit 5Y9ULCIM
2025-03-18 00:33:15,001 - INFO - Ingress_Exit EJ18LW1O
2025-03-18 00:33:15,022 - INFO - Ingress_Exit 37N1TWAF
2025-03-18 00:33:15,602 - INFO - Ingress_Enter S1KLOGKQ
2025-03-18 00:33:15,717 - INFO - Ingress_Exit S1KLOGKQ
2025-03-18 00:33:16,068 - INFO - Ingress_Enter G1KD0JUH
2025-03-18 00:33:16,167 - INFO - Ingress_Exit G1KD0JUH
2025-03-18 00:33:16,217 - INFO - Ingress_Enter P57XDURF
2025-03-18 00:33:16,331 - INFO - Ingress_Enter E4ITAOP1
2025-03-18 00:33:16,362 - INFO - Ingress_Exit P57XDURF
2025-03-18 00:33:16,429 - INFO - Ingress_Exit E4ITAOP1
2025-03-18 00:33:16,431 - INFO - Ingress_Enter KSZ7431E
2025-03-18 00:33:16,626 - INFO - Ingress_Exit KSZ7431E
2025-03-18 00:33:16,813 - INFO - Ingress_Enter TXN7IZXP
2025-03-18 00:33:16,898 - INFO - Ingress_Enter 109TXESD
2025-03-18 00:33:16,914 - INFO - Ingress_Enter 0TRM85E5
2025-03-18 00:33:16,921 - INFO - Ingress_Exit TXN7IZXP
2025-03-18 00:33:17,021 - INFO - Ingress_Exit 109TXESD
2025-03-18 00:33:17,054 - INFO - Ingress_Exit 0TRM85E5
2025-03-18 00:33:17,246 - INFO - Ingress_Enter E95LDIL2
2025-03-18 00:33:17,333 - INFO - Ingress_Exit E95LDIL2
2025-03-18 00:33:17,527 - INFO - Ingress_Enter 1ZULQDZP
2025-03-18 00:33:17,627 - INFO - Ingress_Enter 28W3QVTN
2025-03-18 00:33:17,638 - INFO - Ingress_Exit 1ZULQDZP
2025-03-18 00:33:17,766 - INFO - Ingress_Exit 28W3QVTN
2025-03-18 00:33:17,774 - INFO - Ingress_Enter ZD3ULTAC
2025-03-18 00:33:17,907 - INFO - Ingress_Exit ZD3ULTAC
2025-03-18 00:33:17,941 - INFO - Ingress_Enter XW8KQTZX
2025-03-18 00:33:17,974 - INFO - Ingress_Enter 32IL0WFB
2025-03-18 00:33:18,074 - INFO - Ingress_Enter 3VUV8R3R
2025-03-18 00:33:18,086 - INFO - Ingress_Exit XW8KQTZX
2025-03-18 00:33:18,150 - INFO - Ingress_Exit 32IL0WFB
2025-03-18 00:33:18,209 - INFO - Ingress_Exit 3VUV8R3R
2025-03-18 00:33:18,258 - INFO - Ingress_Enter 8EWDFYG9
2025-03-18 00:33:18,399 - INFO - Ingress_Exit 8EWDFYG9
2025-03-18 00:33:18,522 - INFO - Ingress_Enter BOPBNVT3
2025-03-18 00:33:18,631 - INFO - Ingress_Exit BOPBNVT3
2025-03-18 00:33:18,721 - INFO - Ingress_Enter IDS2LPVR
2025-03-18 00:33:18,753 - INFO - Ingress_Enter YNP9BHSW
2025-03-18 00:33:18,850 - INFO - Ingress_Exit IDS2LPVR
2025-03-18 00:33:18,882 - INFO - Ingress_Exit YNP9BHSW
2025-03-18 00:33:18,926 - INFO - Ingress_Enter UFNR5J4V
2025-03-18 00:33:19,194 - INFO - Ingress_Exit UFNR5J4V
2025-03-18 00:33:19,456 - INFO - Ingress_Enter CFDZO2A5
2025-03-18 00:33:19,573 - INFO - Ingress_Enter FXMUQQOQ
2025-03-18 00:33:19,576 - INFO - Ingress_Exit CFDZO2A5
2025-03-18 00:33:19,736 - INFO - Ingress_Exit FXMUQQOQ
2025-03-18 00:33:20,019 - INFO - Ingress_Enter 5DJ1DJQW
2025-03-18 00:33:20,171 - INFO - Ingress_Exit 5DJ1DJQW
2025-03-18 00:33:20,289 - INFO - Ingress_Enter G46ZG1XP
2025-03-18 00:33:20,379 - INFO - Ingress_Exit G46ZG1XP
2025-03-18 00:33:20,431 - INFO - Ingress_Enter 9PJL7EHI
2025-03-18 00:33:20,610 - INFO - Ingress_Exit 9PJL7EHI
2025-03-18 00:33:20,877 - INFO - Ingress_Enter B9XCBHK1
2025-03-18 00:33:20,971 - INFO - Ingress_Exit B9XCBHK1
2025-03-18 00:33:21,075 - INFO - Ingress_Enter IGVVBJTQ
2025-03-18 00:33:21,092 - INFO - Ingress_Enter YA37D4R2
2025-03-18 00:33:21,143 - INFO - Ingress_Enter M4U03CM0
2025-03-18 00:33:21,196 - INFO - Ingress_Exit YA37D4R2
2025-03-18 00:33:21,227 - INFO - Ingress_Enter 4P0BBCEC
2025-03-18 00:33:21,283 - INFO - Ingress_Exit IGVVBJTQ
2025-03-18 00:33:21,292 - INFO - Ingress_Enter 9PGOOKPE
2025-03-18 00:33:21,303 - INFO - Ingress_Exit M4U03CM0
2025-03-18 00:33:21,342 - INFO - Ingress_Enter 5H6IJRVY
2025-03-18 00:33:21,359 - INFO - Ingress_Enter 0VEEIDMU
2025-03-18 00:33:21,425 - INFO - Ingress_Exit 4P0BBCEC
2025-03-18 00:33:21,464 - INFO - Ingress_Exit 9PGOOKPE
2025-03-18 00:33:21,507 - INFO - Ingress_Exit 5H6IJRVY
2025-03-18 00:33:21,539 - INFO - Ingress_Exit 0VEEIDMU
2025-03-18 00:33:21,557 - INFO - Ingress_Enter O32N8V5C
2025-03-18 00:33:21,605 - INFO - Ingress_Enter PLDEKB8Z
2025-03-18 00:33:21,671 - INFO - Ingress_Exit O32N8V5C
2025-03-18 00:33:21,746 - INFO - Ingress_Exit PLDEKB8Z
2025-03-18 00:33:21,836 - INFO - Ingress_Enter USURWP7G
2025-03-18 00:33:21,969 - INFO - Ingress_Enter 02QM70UG
2025-03-18 00:33:22,016 - INFO - Ingress_Exit USURWP7G
2025-03-18 00:33:22,065 - INFO - Ingress_Exit 02QM70UG
2025-03-18 00:33:22,132 - INFO - Ingress_Enter QT98K530
2025-03-18 00:33:22,181 - INFO - Ingress_Enter Z7YO9EBQ
2025-03-18 00:33:22,228 - INFO - Ingress_Exit QT98K530
2025-03-18 00:33:22,297 - INFO - Ingress_Exit Z7YO9EBQ
2025-03-18 00:33:22,381 - INFO - Ingress_Enter VH85C0VH
2025-03-18 00:33:22,480 - INFO - Ingress_Enter YW141E8W
2025-03-18 00:33:22,528 - INFO - Ingress_Exit VH85C0VH
2025-03-18 00:33:22,617 - INFO - Ingress_Exit YW141E8W
2025-03-18 00:33:22,763 - INFO - Ingress_Enter 6YMM58AH
2025-03-18 00:33:22,856 - INFO - Ingress_Exit 6YMM58AH
2025-03-18 00:33:22,912 - INFO - Ingress_Enter 945RSGVR
2025-03-18 00:33:23,008 - INFO - Ingress_Exit 945RSGVR
2025-03-18 00:33:23,425 - INFO - Ingress_Enter 06MH3EO1
2025-03-18 00:33:23,457 - INFO - Ingress_Enter Q019ZXUV
2025-03-18 00:33:23,574 - INFO - Ingress_Enter XW1E6I46
2025-03-18 00:33:23,579 - INFO - Ingress_Exit 06MH3EO1
2025-03-18 00:33:23,583 - INFO - Ingress_Exit Q019ZXUV
2025-03-18 00:33:23,705 - INFO - Ingress_Exit XW1E6I46
2025-03-18 00:33:23,774 - INFO - Ingress_Enter N0EFK1NO
2025-03-18 00:33:23,873 - INFO - Ingress_Enter E1N9MBIF
2025-03-18 00:33:23,881 - INFO - Ingress_Exit N0EFK1NO
2025-03-18 00:33:23,940 - INFO - Ingress_Enter 6OUP4HZU
2025-03-18 00:33:23,989 - INFO - Ingress_Exit E1N9MBIF
2025-03-18 00:33:24,024 - INFO - Ingress_Enter KFVYYIAT
2025-03-18 00:33:24,056 - INFO - Ingress_Exit 6OUP4HZU
2025-03-18 00:33:24,190 - INFO - Ingress_Exit KFVYYIAT
2025-03-18 00:33:24,356 - INFO - Ingress_Enter UW4ID56S
2025-03-18 00:33:24,371 - INFO - Ingress_Enter T68LV6LG
2025-03-18 00:33:24,518 - INFO - Ingress_Exit UW4ID56S
2025-03-18 00:33:24,580 - INFO - Ingress_Exit T68LV6LG
2025-03-18 00:33:25,648 - INFO - Ingress_Enter TMJH5Y4G
2025-03-18 00:33:25,663 - INFO - Ingress_Enter KV0Q11O1
2025-03-18 00:33:25,756 - INFO - Ingress_Exit TMJH5Y4G
2025-03-18 00:33:25,779 - INFO - Ingress_Enter IIDYYUVX
2025-03-18 00:33:25,790 - INFO - Ingress_Exit KV0Q11O1
2025-03-18 00:33:25,888 - INFO - Ingress_Exit IIDYYUVX
2025-03-18 00:33:26,061 - INFO - Ingress_Enter W7SZ7Y37
2025-03-18 00:33:26,156 - INFO - Ingress_Exit W7SZ7Y37
2025-03-18 00:33:26,260 - INFO - Ingress_Enter 6TO277LV
2025-03-18 00:33:26,309 - INFO - Ingress_Enter 2T6VKMT4
2025-03-18 00:33:26,405 - INFO - Ingress_Exit 2T6VKMT4
2025-03-18 00:33:26,409 - INFO - Ingress_Enter M10QP8GE
2025-03-18 00:33:26,427 - INFO - Ingress_Exit 6TO277LV
2025-03-18 00:33:26,491 - INFO - Ingress_Enter S0BDE30Q
2025-03-18 00:33:26,523 - INFO - Ingress_Exit M10QP8GE
2025-03-18 00:33:26,583 - INFO - Ingress_Exit S0BDE30Q
2025-03-18 00:33:26,855 - INFO - Ingress_Enter AD8872LL
2025-03-18 00:33:26,967 - INFO - Ingress_Exit AD8872LL
2025-03-18 00:33:26,972 - INFO - Ingress_Enter TTGD7HTH
2025-03-18 00:33:27,102 - INFO - Ingress_Exit TTGD7HTH
2025-03-18 00:33:27,219 - INFO - Ingress_Enter BJYVD4E7
2025-03-18 00:33:27,252 - INFO - Ingress_Enter D929V4T0
2025-03-18 00:33:27,329 - INFO - Ingress_Exit BJYVD4E7
2025-03-18 00:33:27,386 - INFO - Ingress_Exit D929V4T0
2025-03-18 00:33:27,550 - INFO - Ingress_Enter 1OKI08U9
2025-03-18 00:33:27,567 - INFO - Ingress_Enter PNBW5V2O
2025-03-18 00:33:27,600 - INFO - Ingress_Enter E20PYVXH
2025-03-18 00:33:27,683 - INFO - Ingress_Exit 1OKI08U9
2025-03-18 00:33:27,731 - INFO - Ingress_Exit PNBW5V2O
2025-03-18 00:33:27,765 - INFO - Ingress_Exit E20PYVXH
2025-03-18 00:33:28,483 - INFO - Ingress_Enter LBZ0UP80
2025-03-18 00:33:28,576 - INFO - Ingress_Exit LBZ0UP80
2025-03-18 00:33:28,816 - INFO - Ingress_Enter 60Y0TRRA
2025-03-18 00:33:28,848 - INFO - Ingress_Enter 1YVVMFZR
2025-03-18 00:33:28,864 - INFO - Ingress_Enter 8012MJ8V
2025-03-18 00:33:29,025 - INFO - Ingress_Exit 60Y0TRRA
2025-03-18 00:33:29,081 - INFO - Ingress_Exit 1YVVMFZR
2025-03-18 00:33:29,082 - INFO - Ingress_Exit 8012MJ8V
2025-03-18 00:33:31,793 - INFO - Ingress_Enter W47PNKCQ
2025-03-18 00:33:31,979 - INFO - Ingress_Exit W47PNKCQ
2025-03-18 00:33:32,490 - INFO - Ingress_Enter J7CPG4KG
2025-03-18 00:33:32,584 - INFO - Ingress_Exit J7CPG4KG
2025-03-18 00:33:32,791 - INFO - Ingress_Enter NHWKXQN4
2025-03-18 00:33:32,884 - INFO - Ingress_Exit NHWKXQN4
2025-03-18 00:33:33,155 - INFO - Ingress_Enter 72JQNRVM
2025-03-18 00:33:33,223 - INFO - Ingress_Enter FPO04JXS
2025-03-18 00:33:33,260 - INFO - Ingress_Exit 72JQNRVM
2025-03-18 00:33:33,333 - INFO - Ingress_Exit FPO04JXS
2025-03-18 00:33:33,622 - INFO - Ingress_Enter T8XYPFCS
2025-03-18 00:33:33,655 - INFO - Ingress_Enter WFCW38RB
2025-03-18 00:33:33,742 - INFO - Ingress_Exit T8XYPFCS
2025-03-18 00:33:33,749 - INFO - Ingress_Exit WFCW38RB
2025-03-18 00:33:33,820 - INFO - Ingress_Enter 35EKDUWF
2025-03-18 00:33:33,971 - INFO - Ingress_Exit 35EKDUWF
2025-03-18 00:33:34,307 - INFO - Ingress_Enter PSWAGWMB
2025-03-18 00:33:34,396 - INFO - Ingress_Exit PSWAGWMB
2025-03-18 00:33:34,423 - INFO - Ingress_Enter 02LF6HI7
2025-03-18 00:33:34,473 - INFO - Ingress_Enter B3PXBU3J
2025-03-18 00:33:34,540 - INFO - Ingress_Exit 02LF6HI7
2025-03-18 00:33:34,579 - INFO - Ingress_Exit B3PXBU3J
2025-03-18 00:33:34,605 - INFO - Ingress_Enter WXIZC0QS
2025-03-18 00:33:34,701 - INFO - Ingress_Exit WXIZC0QS
2025-03-18 00:33:34,890 - INFO - Ingress_Enter 06HHSTWE
2025-03-18 00:33:34,907 - INFO - Ingress_Enter 7GEAFHT0
2025-03-18 00:33:35,008 - INFO - Ingress_Exit 7GEAFHT0
2025-03-18 00:33:35,022 - INFO - Ingress_Exit 06HHSTWE
2025-03-18 00:33:35,024 - INFO - Ingress_Enter O9BVWM0N
2025-03-18 00:33:35,123 - INFO - Ingress_Enter XFODZYLX
2025-03-18 00:33:35,162 - INFO - Ingress_Exit O9BVWM0N
2025-03-18 00:33:35,286 - INFO - Ingress_Exit XFODZYLX
2025-03-18 00:33:35,338 - INFO - Ingress_Enter MKO0LJFQ
2025-03-18 00:33:35,469 - INFO - Ingress_Exit MKO0LJFQ
2025-03-18 00:33:35,523 - INFO - Ingress_Enter ZOIN1QPI
2025-03-18 00:33:35,590 - INFO - Ingress_Enter 89TXXCPB
2025-03-18 00:33:35,617 - INFO - Ingress_Exit ZOIN1QPI
2025-03-18 00:33:35,720 - INFO - Ingress_Exit 89TXXCPB
2025-03-18 00:33:35,921 - INFO - Ingress_Enter A8Y8OQ1R
2025-03-18 00:33:35,988 - INFO - Ingress_Enter OXZ19K7D
2025-03-18 00:33:36,057 - INFO - Ingress_Exit A8Y8OQ1R
2025-03-18 00:33:36,088 - INFO - Ingress_Exit OXZ19K7D
2025-03-18 00:33:36,160 - INFO - Ingress_Enter NDCQSUUI
2025-03-18 00:33:36,310 - INFO - Ingress_Exit NDCQSUUI
2025-03-18 00:33:36,536 - INFO - Ingress_Enter UK2OD72H
2025-03-18 00:33:36,663 - INFO - Ingress_Exit UK2OD72H
2025-03-18 00:33:36,750 - INFO - Ingress_Enter 431PL56S
2025-03-18 00:33:36,802 - INFO - Ingress_Enter 5OOIIFFP
2025-03-18 00:33:36,867 - INFO - Ingress_Enter 0C547CTW
2025-03-18 00:33:36,879 - INFO - Ingress_Exit 431PL56S
2025-03-18 00:33:36,913 - INFO - Ingress_Exit 5OOIIFFP
2025-03-18 00:33:36,934 - INFO - Ingress_Enter 9M4P3QS5
2025-03-18 00:33:37,001 - INFO - Ingress_Enter 6JZ86PAA
2025-03-18 00:33:37,001 - INFO - Ingress_Exit 0C547CTW
2025-03-18 00:33:37,066 - INFO - Ingress_Exit 9M4P3QS5
2025-03-18 00:33:37,092 - INFO - Ingress_Exit 6JZ86PAA
2025-03-18 00:33:37,532 - INFO - Ingress_Enter 5C31G6HT
2025-03-18 00:33:37,631 - INFO - Ingress_Enter RAG548JK
2025-03-18 00:33:37,634 - INFO - Ingress_Exit 5C31G6HT
2025-03-18 00:33:37,713 - INFO - Ingress_Enter 11L054OB
2025-03-18 00:33:37,761 - INFO - Ingress_Exit RAG548JK
2025-03-18 00:33:37,897 - INFO - Ingress_Exit 11L054OB
2025-03-18 00:33:38,029 - INFO - Ingress_Enter YVCP6MVP
2025-03-18 00:33:38,195 - INFO - Ingress_Exit YVCP6MVP
2025-03-18 00:33:38,261 - INFO - Ingress_Enter EVXF2R5B
2025-03-18 00:33:38,373 - INFO - Ingress_Exit EVXF2R5B
2025-03-18 00:33:38,561 - INFO - Ingress_Enter JWZKBO0O
2025-03-18 00:33:38,577 - INFO - Ingress_Enter KQKTDWO7
2025-03-18 00:33:38,610 - INFO - Ingress_Enter NGWTK9JH
2025-03-18 00:33:38,695 - INFO - Ingress_Exit KQKTDWO7
2025-03-18 00:33:38,700 - INFO - Ingress_Exit JWZKBO0O
2025-03-18 00:33:38,759 - INFO - Ingress_Exit NGWTK9JH
2025-03-18 00:33:40,519 - INFO - Ingress_Enter DW4MYZ3J
2025-03-18 00:33:40,567 - INFO - Ingress_Enter Q4REY9QD
2025-03-18 00:33:40,644 - INFO - Ingress_Exit DW4MYZ3J
2025-03-18 00:33:40,651 - INFO - Ingress_Enter FV5GER7N
2025-03-18 00:33:40,683 - INFO - Ingress_Enter OOD1LUBW
2025-03-18 00:33:40,688 - INFO - Ingress_Exit Q4REY9QD
2025-03-18 00:33:40,733 - INFO - Ingress_Enter SM72ZQZT
2025-03-18 00:33:40,745 - INFO - Ingress_Exit FV5GER7N
2025-03-18 00:33:40,749 - INFO - Ingress_Enter ZKWJZ063
2025-03-18 00:33:40,831 - INFO - Ingress_Exit OOD1LUBW
2025-03-18 00:33:40,879 - INFO - Ingress_Exit SM72ZQZT
2025-03-18 00:33:40,886 - INFO - Ingress_Exit ZKWJZ063
2025-03-18 00:33:40,931 - INFO - Ingress_Enter 9GYUTMDH
2025-03-18 00:33:41,031 - INFO - Ingress_Exit 9GYUTMDH
2025-03-18 00:33:41,099 - INFO - Ingress_Enter 2NTVCAEN
2025-03-18 00:33:41,201 - INFO - Ingress_Exit 2NTVCAEN
2025-03-18 00:33:41,280 - INFO - Ingress_Enter 3UBAPDSY
2025-03-18 00:33:41,330 - INFO - Ingress_Enter MFSVH5FE
2025-03-18 00:33:41,380 - INFO - Ingress_Exit 3UBAPDSY
2025-03-18 00:33:41,423 - INFO - Ingress_Exit MFSVH5FE
2025-03-18 00:33:41,528 - INFO - Ingress_Enter CDB5D0D9
2025-03-18 00:33:41,627 - INFO - Ingress_Exit CDB5D0D9
2025-03-18 00:33:41,776 - INFO - Ingress_Enter 1F97QBG7
2025-03-18 00:33:41,917 - INFO - Ingress_Exit 1F97QBG7
2025-03-18 00:33:42,541 - INFO - Ingress_Enter TAKVR57D
2025-03-18 00:33:42,574 - INFO - Ingress_Enter 5WJKBBE3
2025-03-18 00:33:42,640 - INFO - Ingress_Enter OZWWVTLK
2025-03-18 00:33:42,657 - INFO - Ingress_Exit TAKVR57D
2025-03-18 00:33:42,673 - INFO - Ingress_Enter 2W86URHL
2025-03-18 00:33:42,686 - INFO - Ingress_Exit 5WJKBBE3
2025-03-18 00:33:42,734 - INFO - Ingress_Exit OZWWVTLK
2025-03-18 00:33:42,806 - INFO - Ingress_Exit 2W86URHL
2025-03-18 00:33:43,991 - INFO - Ingress_Enter BY4B0U5V
2025-03-18 00:33:44,089 - INFO - Ingress_Exit BY4B0U5V
2025-03-18 00:33:44,257 - INFO - Ingress_Enter 29PG4HJQ
2025-03-18 00:33:44,389 - INFO - Ingress_Enter QSPGPR59
2025-03-18 00:33:44,392 - INFO - Ingress_Exit 29PG4HJQ
2025-03-18 00:33:44,537 - INFO - Ingress_Exit QSPGPR59
2025-03-18 00:33:44,938 - INFO - Ingress_Enter BRPPIXEY
2025-03-18 00:33:45,035 - INFO - Ingress_Exit BRPPIXEY
2025-03-18 00:33:45,135 - INFO - Ingress_Enter A21OKK0S
2025-03-18 00:33:45,186 - INFO - Ingress_Enter OFXXLGKZ
2025-03-18 00:33:45,333 - INFO - Ingress_Enter TO3M1WQV
2025-03-18 00:33:45,341 - INFO - Ingress_Exit A21OKK0S
2025-03-18 00:33:45,394 - INFO - Ingress_Exit OFXXLGKZ
2025-03-18 00:33:45,493 - INFO - Ingress_Exit TO3M1WQV
2025-03-18 00:33:45,633 - INFO - Ingress_Enter H2QWNAXM
2025-03-18 00:33:45,735 - INFO - Ingress_Exit H2QWNAXM
2025-03-18 00:33:46,168 - INFO - Ingress_Enter 0OH5C6LE
2025-03-18 00:33:46,307 - INFO - Ingress_Exit 0OH5C6LE
2025-03-18 00:33:46,467 - INFO - Ingress_Enter 477HWCZO
2025-03-18 00:33:46,585 - INFO - Ingress_Exit 477HWCZO
2025-03-18 00:33:46,800 - INFO - Ingress_Enter BZMDQIDQ
2025-03-18 00:33:46,948 - INFO - Ingress_Exit BZMDQIDQ
2025-03-18 00:33:47,149 - INFO - Ingress_Enter W9UL18VU
2025-03-18 00:33:47,245 - INFO - Ingress_Exit W9UL18VU
2025-03-18 00:33:47,716 - INFO - Ingress_Enter HKGYQ8GU
2025-03-18 00:33:47,806 - INFO - Ingress_Exit HKGYQ8GU
2025-03-18 00:33:48,031 - INFO - Ingress_Enter HYJWYOB3
2025-03-18 00:33:48,047 - INFO - Ingress_Enter 5UYDF7IS
2025-03-18 00:33:48,112 - INFO - Ingress_Enter 5EXL471C
2025-03-18 00:33:48,125 - INFO - Ingress_Exit HYJWYOB3
2025-03-18 00:33:48,164 - INFO - Ingress_Enter JL3LF2OE
2025-03-18 00:33:48,166 - INFO - Ingress_Exit 5UYDF7IS
2025-03-18 00:33:48,210 - INFO - Ingress_Exit 5EXL471C
2025-03-18 00:33:48,245 - INFO - Ingress_Enter 3H9L1RZZ
2025-03-18 00:33:48,293 - INFO - Ingress_Exit JL3LF2OE
2025-03-18 00:33:48,381 - INFO - Ingress_Exit 3H9L1RZZ
2025-03-18 00:33:48,794 - INFO - Ingress_Enter MHD63UJL
2025-03-18 00:33:48,973 - INFO - Ingress_Exit MHD63UJL
2025-03-18 00:33:49,142 - INFO - Ingress_Enter DIPESXGE
2025-03-18 00:33:49,192 - INFO - Ingress_Enter VP5SND1E
2025-03-18 00:33:49,240 - INFO - Ingress_Exit DIPESXGE
2025-03-18 00:33:49,307 - INFO - Ingress_Exit VP5SND1E
2025-03-18 00:33:49,440 - INFO - Ingress_Enter R35XWZMB
2025-03-18 00:33:49,537 - INFO - Ingress_Exit R35XWZMB
2025-03-18 00:33:49,829 - INFO - Ingress_Enter 9STN8XLM
2025-03-18 00:33:49,931 - INFO - Ingress_Exit 9STN8XLM
2025-03-18 00:33:49,961 - INFO - Ingress_Enter 9LN9V1NZ
2025-03-18 00:33:50,074 - INFO - Ingress_Exit 9LN9V1NZ
2025-03-18 00:33:50,111 - INFO - Ingress_Enter 5550EPM6
2025-03-18 00:33:50,194 - INFO - Ingress_Enter U0HOYFSX
2025-03-18 00:33:50,238 - INFO - Ingress_Exit 5550EPM6
2025-03-18 00:33:50,353 - INFO - Ingress_Exit U0HOYFSX
2025-03-18 00:33:50,527 - INFO - Ingress_Enter L41WZIOY
2025-03-18 00:33:50,675 - INFO - Ingress_Exit L41WZIOY
2025-03-18 00:33:51,077 - INFO - Ingress_Enter QXPG9V31
2025-03-18 00:33:51,159 - INFO - Ingress_Enter BBS0MAOT
2025-03-18 00:33:51,169 - INFO - Ingress_Exit QXPG9V31
2025-03-18 00:33:51,175 - INFO - Ingress_Enter 3JE85UJX
2025-03-18 00:33:51,326 - INFO - Ingress_Exit BBS0MAOT
2025-03-18 00:33:51,327 - INFO - Ingress_Exit 3JE85UJX
2025-03-18 00:33:51,575 - INFO - Ingress_Enter 430FY6OY
2025-03-18 00:33:51,591 - INFO - Ingress_Enter DCMWOFWF
2025-03-18 00:33:51,723 - INFO - Ingress_Exit 430FY6OY
2025-03-18 00:33:51,778 - INFO - Ingress_Exit DCMWOFWF
2025-03-18 00:33:52,173 - INFO - Ingress_Enter A0II9RMG
2025-03-18 00:33:52,266 - INFO - Ingress_Exit A0II9RMG
2025-03-18 00:33:52,272 - INFO - Ingress_Enter 9LCH372F
2025-03-18 00:33:52,325 - INFO - Ingress_Enter FQMRS3JE
2025-03-18 00:33:52,389 - INFO - Ingress_Exit 9LCH372F
2025-03-18 00:33:52,421 - INFO - Ingress_Enter HW525VLR
2025-03-18 00:33:52,490 - INFO - Ingress_Exit FQMRS3JE
2025-03-18 00:33:52,504 - INFO - Ingress_Enter B6L0KU5X
2025-03-18 00:33:52,539 - INFO - Ingress_Exit HW525VLR
2025-03-18 00:33:52,555 - INFO - Ingress_Enter OOF77UHY
2025-03-18 00:33:52,639 - INFO - Ingress_Enter 3VWGY3PY
2025-03-18 00:33:52,649 - INFO - Ingress_Exit OOF77UHY
2025-03-18 00:33:52,715 - INFO - Ingress_Exit B6L0KU5X
2025-03-18 00:33:52,787 - INFO - Ingress_Exit 3VWGY3PY
2025-03-18 00:33:53,640 - INFO - Ingress_Enter XGAC4WNS
2025-03-18 00:33:53,796 - INFO - Ingress_Exit XGAC4WNS
2025-03-18 00:33:53,807 - INFO - Ingress_Enter 5WER1MZ0
2025-03-18 00:33:53,841 - INFO - Ingress_Enter BXHGJXYW
2025-03-18 00:33:53,937 - INFO - Ingress_Exit BXHGJXYW
2025-03-18 00:33:53,957 - INFO - Ingress_Exit 5WER1MZ0
2025-03-18 00:33:54,236 - INFO - Ingress_Enter YMX515NZ
2025-03-18 00:33:54,396 - INFO - Ingress_Exit YMX515NZ
2025-03-18 00:33:54,518 - INFO - Ingress_Enter JZU8AFH5
2025-03-18 00:33:54,602 - INFO - Ingress_Enter O4BR0DSK
2025-03-18 00:33:54,653 - INFO - Ingress_Exit JZU8AFH5
2025-03-18 00:33:54,754 - INFO - Ingress_Exit O4BR0DSK
2025-03-18 00:33:54,802 - INFO - Ingress_Enter 85E6WYXU
2025-03-18 00:33:54,892 - INFO - Ingress_Exit 85E6WYXU
2025-03-18 00:33:55,034 - INFO - Ingress_Enter UNKRVFAO
2025-03-18 00:33:55,050 - INFO - Ingress_Enter UZ1A3ENQ
2025-03-18 00:33:55,149 - INFO - Ingress_Exit UNKRVFAO
2025-03-18 00:33:55,184 - INFO - Ingress_Enter H7IPVZPM
2025-03-18 00:33:55,238 - INFO - Ingress_Exit UZ1A3ENQ
2025-03-18 00:33:55,310 - INFO - Ingress_Exit H7IPVZPM
2025-03-18 00:33:55,516 - INFO - Ingress_Enter S3UUPQAX
2025-03-18 00:33:55,714 - INFO - Ingress_Exit S3UUPQAX
2025-03-18 00:33:56,017 - INFO - Ingress_Enter SIBE2XDP
2025-03-18 00:33:56,158 - INFO - Ingress_Exit SIBE2XDP
2025-03-18 00:33:56,317 - INFO - Ingress_Enter AS2ZUJ64
2025-03-18 00:33:56,334 - INFO - Ingress_Enter M704DKKA
2025-03-18 00:33:56,437 - INFO - Ingress_Exit AS2ZUJ64
2025-03-18 00:33:56,462 - INFO - Ingress_Exit M704DKKA
2025-03-18 00:33:56,615 - INFO - Ingress_Enter JXSJHEF0
2025-03-18 00:33:56,648 - INFO - Ingress_Enter 712TA3C7
2025-03-18 00:33:56,744 - INFO - Ingress_Exit JXSJHEF0
2025-03-18 00:33:56,799 - INFO - Ingress_Enter O4JZ54QP
2025-03-18 00:33:56,814 - INFO - Ingress_Exit 712TA3C7
2025-03-18 00:33:56,954 - INFO - Ingress_Exit O4JZ54QP
2025-03-18 00:33:57,529 - INFO - Ingress_Enter 1J0VUCSY
2025-03-18 00:33:57,545 - INFO - Ingress_Enter 0NI9ART1
2025-03-18 00:33:57,659 - INFO - Ingress_Exit 0NI9ART1
2025-03-18 00:33:57,663 - INFO - Ingress_Enter GBORJ5A7
2025-03-18 00:33:57,674 - INFO - Ingress_Exit 1J0VUCSY
2025-03-18 00:33:57,757 - INFO - Ingress_Exit GBORJ5A7
2025-03-18 00:33:57,896 - INFO - Ingress_Enter R3BJSFRL
2025-03-18 00:33:57,946 - INFO - Ingress_Enter 45KDO5ZC
2025-03-18 00:33:58,029 - INFO - Ingress_Enter C3RHJUWM
2025-03-18 00:33:58,036 - INFO - Ingress_Exit 45KDO5ZC
2025-03-18 00:33:58,037 - INFO - Ingress_Exit R3BJSFRL
2025-03-18 00:33:58,133 - INFO - Ingress_Exit C3RHJUWM
2025-03-18 00:33:58,394 - INFO - Ingress_Enter L0BXNUO5
2025-03-18 00:33:58,487 - INFO - Ingress_Exit L0BXNUO5
2025-03-18 00:33:58,627 - INFO - Ingress_Enter 4Z034YSZ
2025-03-18 00:33:58,643 - INFO - Ingress_Enter JWKP0ZI8
2025-03-18 00:33:58,677 - INFO - Ingress_Enter W00HYYFS
2025-03-18 00:33:58,718 - INFO - Ingress_Exit 4Z034YSZ
2025-03-18 00:33:58,752 - INFO - Ingress_Exit JWKP0ZI8
2025-03-18 00:33:58,782 - INFO - Ingress_Exit W00HYYFS
2025-03-18 00:33:59,127 - INFO - Ingress_Enter 3UFN89F0
2025-03-18 00:33:59,143 - INFO - Ingress_Enter SRGU0YTN
2025-03-18 00:33:59,242 - INFO - Ingress_Exit 3UFN89F0
2025-03-18 00:33:59,276 - INFO - Ingress_Exit SRGU0YTN
2025-03-18 00:33:59,710 - INFO - Ingress_Enter 7KEZQUOR
2025-03-18 00:33:59,726 - INFO - Ingress_Enter 27ADQZNJ
2025-03-18 00:33:59,743 - INFO - Ingress_Enter MBRNYC19
2025-03-18 00:33:59,760 - INFO - Ingress_Enter G3AVEGUP
2025-03-18 00:33:59,846 - INFO - Ingress_Exit MBRNYC19
2025-03-18 00:33:59,873 - INFO - Ingress_Exit G3AVEGUP
2025-03-18 00:33:59,934 - INFO - Ingress_Exit 7KEZQUOR
2025-03-18 00:33:59,935 - INFO - Ingress_Exit 27ADQZNJ
2025-03-18 00:34:05,421 - INFO - Ingress_Enter A52PTORO
2025-03-18 00:34:05,591 - INFO - Ingress_Exit A52PTORO
2025-03-18 00:34:05,671 - INFO - Ingress_Enter 0US5GYVI
2025-03-18 00:34:05,688 - INFO - Ingress_Enter JS6ZTD9R
2025-03-18 00:34:05,784 - INFO - Ingress_Exit JS6ZTD9R
2025-03-18 00:34:05,788 - INFO - Ingress_Exit 0US5GYVI
2025-03-18 00:34:05,856 - INFO - Ingress_Enter H1VPY3RJ
2025-03-18 00:34:05,986 - INFO - Ingress_Exit H1VPY3RJ
2025-03-18 00:34:06,270 - INFO - Ingress_Enter FDUQNMFA
2025-03-18 00:34:06,436 - INFO - Ingress_Exit FDUQNMFA
2025-03-18 00:34:06,818 - INFO - Ingress_Enter S198UZBQ
2025-03-18 00:34:06,911 - INFO - Ingress_Exit S198UZBQ
2025-03-18 00:34:06,983 - INFO - Ingress_Enter DDONAV5X
2025-03-18 00:34:07,032 - INFO - Ingress_Enter MXAPCP1T
2025-03-18 00:34:07,113 - INFO - Ingress_Exit DDONAV5X
2025-03-18 00:34:07,133 - INFO - Ingress_Enter GOQ8UB5D
2025-03-18 00:34:07,138 - INFO - Ingress_Exit MXAPCP1T
2025-03-18 00:34:07,183 - INFO - Ingress_Enter NFSZQK4A
2025-03-18 00:34:07,288 - INFO - Ingress_Exit GOQ8UB5D
2025-03-18 00:34:07,329 - INFO - Ingress_Exit NFSZQK4A
2025-03-18 00:34:07,514 - INFO - Ingress_Enter H2TQV5DR
2025-03-18 00:34:07,547 - INFO - Ingress_Enter R14RUAJH
2025-03-18 00:34:07,605 - INFO - Ingress_Exit H2TQV5DR
2025-03-18 00:34:07,676 - INFO - Ingress_Exit R14RUAJH
2025-03-18 00:34:07,813 - INFO - Ingress_Enter 3KBZM3UG
2025-03-18 00:34:07,830 - INFO - Ingress_Enter 00DTCG2G
2025-03-18 00:34:07,881 - INFO - Ingress_Enter 20ZZJFTC
2025-03-18 00:34:07,930 - INFO - Ingress_Enter MI964MBJ
2025-03-18 00:34:07,943 - INFO - Ingress_Exit 3KBZM3UG
2025-03-18 00:34:07,975 - INFO - Ingress_Exit 00DTCG2G
2025-03-18 00:34:08,017 - INFO - Ingress_Exit 20ZZJFTC
2025-03-18 00:34:08,060 - INFO - Ingress_Exit MI964MBJ
2025-03-18 00:34:09,594 - INFO - Ingress_Enter SNC1BGUD
2025-03-18 00:34:09,609 - INFO - Ingress_Enter UO1KGYSD
2025-03-18 00:34:09,685 - INFO - Ingress_Exit SNC1BGUD
2025-03-18 00:34:09,766 - INFO - Ingress_Exit UO1KGYSD
2025-03-18 00:34:09,792 - INFO - Ingress_Enter LU2Z905V
2025-03-18 00:34:09,809 - INFO - Ingress_Enter PA2QZAZ8
2025-03-18 00:34:09,886 - INFO - Ingress_Exit LU2Z905V
2025-03-18 00:34:09,950 - INFO - Ingress_Exit PA2QZAZ8
2025-03-18 00:34:10,225 - INFO - Ingress_Enter 20CGTJKQ
2025-03-18 00:34:10,258 - INFO - Ingress_Enter ABF335UJ
2025-03-18 00:34:10,274 - INFO - Ingress_Enter UGYOFOZL
2025-03-18 00:34:10,308 - INFO - Ingress_Enter 5LDOXIAD
2025-03-18 00:34:10,318 - INFO - Ingress_Exit 20CGTJKQ
2025-03-18 00:34:10,351 - INFO - Ingress_Exit ABF335UJ
2025-03-18 00:34:10,381 - INFO - Ingress_Exit UGYOFOZL
2025-03-18 00:34:10,419 - INFO - Ingress_Exit 5LDOXIAD
2025-03-18 00:34:13,483 - INFO - Ingress_Enter 2AQ8RJ05
2025-03-18 00:34:13,517 - INFO - Ingress_Enter 2VAZE7HQ
2025-03-18 00:34:13,550 - INFO - Ingress_Enter D37Q97Y8
2025-03-18 00:34:13,638 - INFO - Ingress_Exit 2AQ8RJ05
2025-03-18 00:34:13,667 - INFO - Ingress_Exit 2VAZE7HQ
2025-03-18 00:34:13,729 - INFO - Ingress_Exit D37Q97Y8
2025-03-18 00:34:14,112 - INFO - Ingress_Enter 7VC54WEH
2025-03-18 00:34:14,195 - INFO - Ingress_Enter FDIC1DJN
2025-03-18 00:34:14,241 - INFO - Ingress_Exit 7VC54WEH
2025-03-18 00:34:14,294 - INFO - Ingress_Enter 2MGRSNQP
2025-03-18 00:34:14,367 - INFO - Ingress_Exit FDIC1DJN
2025-03-18 00:34:14,411 - INFO - Ingress_Enter HII64QB7
2025-03-18 00:34:14,439 - INFO - Ingress_Exit 2MGRSNQP
2025-03-18 00:34:14,511 - INFO - Ingress_Enter 2MJJADS5
2025-03-18 00:34:14,547 - INFO - Ingress_Exit HII64QB7
2025-03-18 00:34:14,644 - INFO - Ingress_Enter BDY8QHEO
2025-03-18 00:34:14,684 - INFO - Ingress_Exit 2MJJADS5
2025-03-18 00:34:14,771 - INFO - Ingress_Exit BDY8QHEO
2025-03-18 00:34:14,927 - INFO - Ingress_Enter ZX6DL2KZ
2025-03-18 00:34:14,993 - INFO - Ingress_Enter QIYIWKPF
2025-03-18 00:34:15,008 - INFO - Ingress_Enter ND0PN439
2025-03-18 00:34:15,105 - INFO - Ingress_Exit ND0PN439
2025-03-18 00:34:15,134 - INFO - Ingress_Exit ZX6DL2KZ
2025-03-18 00:34:15,207 - INFO - Ingress_Enter 3O5QI1O2
2025-03-18 00:34:15,212 - INFO - Ingress_Exit QIYIWKPF
2025-03-18 00:34:15,257 - INFO - Ingress_Enter VZEQKAZM
2025-03-18 00:34:15,313 - INFO - Ingress_Exit 3O5QI1O2
2025-03-18 00:34:15,367 - INFO - Ingress_Exit VZEQKAZM
2025-03-18 00:34:15,588 - INFO - Ingress_Enter 4SKG0HBI
2025-03-18 00:34:15,760 - INFO - Ingress_Exit 4SKG0HBI
2025-03-18 00:34:16,255 - INFO - Ingress_Enter N476LM3E
2025-03-18 00:34:16,338 - INFO - Ingress_Enter TE2OL0RP
2025-03-18 00:34:16,386 - INFO - Ingress_Exit N476LM3E
2025-03-18 00:34:16,474 - INFO - Ingress_Exit TE2OL0RP
2025-03-18 00:34:16,785 - INFO - Ingress_Enter 7UTOKPT7
2025-03-18 00:34:16,819 - INFO - Ingress_Enter I00NDTUO
2025-03-18 00:34:16,875 - INFO - Ingress_Exit 7UTOKPT7
2025-03-18 00:34:16,935 - INFO - Ingress_Exit I00NDTUO
2025-03-18 00:34:17,085 - INFO - Ingress_Enter 5OJNFYIM
2025-03-18 00:34:17,151 - INFO - Ingress_Enter NGXNOGHO
2025-03-18 00:34:17,178 - INFO - Ingress_Exit 5OJNFYIM
2025-03-18 00:34:17,253 - INFO - Ingress_Exit NGXNOGHO
2025-03-18 00:34:17,534 - INFO - Ingress_Enter D70Y4HW0
2025-03-18 00:34:17,567 - INFO - Ingress_Enter 68R4RYPO
2025-03-18 00:34:17,633 - INFO - Ingress_Enter KGIRXJ6D
2025-03-18 00:34:17,678 - INFO - Ingress_Exit 68R4RYPO
2025-03-18 00:34:17,713 - INFO - Ingress_Exit D70Y4HW0
2025-03-18 00:34:17,724 - INFO - Ingress_Exit KGIRXJ6D
2025-03-18 00:34:17,888 - INFO - Ingress_Enter 6BMX6DA0
2025-03-18 00:34:17,979 - INFO - Ingress_Exit 6BMX6DA0
2025-03-18 00:34:18,003 - INFO - Ingress_Enter CTN39QGW
2025-03-18 00:34:18,094 - INFO - Ingress_Exit CTN39QGW
2025-03-18 00:34:18,418 - INFO - Ingress_Enter NTZF90YO
2025-03-18 00:34:18,528 - INFO - Ingress_Exit NTZF90YO
2025-03-18 00:34:18,716 - INFO - Ingress_Enter CPL5KINT
2025-03-18 00:34:18,815 - INFO - Ingress_Exit CPL5KINT
2025-03-18 00:34:19,547 - INFO - Ingress_Enter 4DU68413
2025-03-18 00:34:19,646 - INFO - Ingress_Enter 726YKUBZ
2025-03-18 00:34:19,668 - INFO - Ingress_Exit 4DU68413
2025-03-18 00:34:19,773 - INFO - Ingress_Exit 726YKUBZ
2025-03-18 00:34:20,461 - INFO - Ingress_Enter UBUD57JV
2025-03-18 00:34:20,494 - INFO - Ingress_Enter JJM0O4JZ
2025-03-18 00:34:20,563 - INFO - Ingress_Exit UBUD57JV
2025-03-18 00:34:20,593 - INFO - Ingress_Enter BSE1MCN7
2025-03-18 00:34:20,641 - INFO - Ingress_Exit JJM0O4JZ
2025-03-18 00:34:20,685 - INFO - Ingress_Exit BSE1MCN7
2025-03-18 00:34:21,576 - INFO - Ingress_Enter 6G7LTSSJ
2025-03-18 00:34:21,675 - INFO - Ingress_Exit 6G7LTSSJ
2025-03-18 00:34:21,822 - INFO - Ingress_Enter SAC3HOB7
2025-03-18 00:34:21,872 - INFO - Ingress_Enter 08U7KLGC
2025-03-18 00:34:21,917 - INFO - Ingress_Exit SAC3HOB7
2025-03-18 00:34:21,981 - INFO - Ingress_Exit 08U7KLGC
2025-03-18 00:34:22,005 - INFO - Ingress_Enter NSEMV0S5
2025-03-18 00:34:22,087 - INFO - Ingress_Enter DXFNWI4X
2025-03-18 00:34:22,158 - INFO - Ingress_Exit NSEMV0S5
2025-03-18 00:34:22,221 - INFO - Ingress_Enter 1Y6VYKZ2
2025-03-18 00:34:22,265 - INFO - Ingress_Exit DXFNWI4X
2025-03-18 00:34:22,352 - INFO - Ingress_Enter I49BTZ1D
2025-03-18 00:34:22,372 - INFO - Ingress_Exit 1Y6VYKZ2
2025-03-18 00:34:22,443 - INFO - Ingress_Exit I49BTZ1D
2025-03-18 00:34:22,585 - INFO - Ingress_Enter L84RXJ45
2025-03-18 00:34:22,700 - INFO - Ingress_Exit L84RXJ45
2025-03-18 00:34:22,702 - INFO - Ingress_Enter QD9LQHPL
2025-03-18 00:34:22,841 - INFO - Ingress_Exit QD9LQHPL
2025-03-18 00:34:22,867 - INFO - Ingress_Enter IBMO16WU
2025-03-18 00:34:22,997 - INFO - Ingress_Exit IBMO16WU
2025-03-18 00:34:23,216 - INFO - Ingress_Enter 2XBMHFO7
2025-03-18 00:34:23,328 - INFO - Ingress_Exit 2XBMHFO7
2025-03-18 00:34:23,381 - INFO - Ingress_Enter 6BBINI7C
2025-03-18 00:34:23,537 - INFO - Ingress_Exit 6BBINI7C
2025-03-18 00:34:23,930 - INFO - Ingress_Enter 892N9LGQ
2025-03-18 00:34:23,979 - INFO - Ingress_Enter 7TL5SO52
2025-03-18 00:34:24,063 - INFO - Ingress_Exit 892N9LGQ
2025-03-18 00:34:24,105 - INFO - Ingress_Exit 7TL5SO52
2025-03-18 00:34:24,378 - INFO - Ingress_Enter TDISA3SB
2025-03-18 00:34:24,474 - INFO - Ingress_Exit TDISA3SB
2025-03-18 00:34:24,495 - INFO - Ingress_Enter PNIN43TE
2025-03-18 00:34:24,652 - INFO - Ingress_Exit PNIN43TE
2025-03-18 00:34:24,793 - INFO - Ingress_Enter 3PMFUSY5
2025-03-18 00:34:24,843 - INFO - Ingress_Enter Z1NNE4YT
2025-03-18 00:34:24,887 - INFO - Ingress_Exit 3PMFUSY5
2025-03-18 00:34:24,926 - INFO - Ingress_Enter K1BJJITL
2025-03-18 00:34:24,961 - INFO - Ingress_Exit Z1NNE4YT
2025-03-18 00:34:25,056 - INFO - Ingress_Exit K1BJJITL
2025-03-18 00:34:25,140 - INFO - Ingress_Enter QN5MKBPC
2025-03-18 00:34:25,208 - INFO - Ingress_Enter K3E138FA
2025-03-18 00:34:25,265 - INFO - Ingress_Exit QN5MKBPC
2025-03-18 00:34:25,298 - INFO - Ingress_Exit K3E138FA
2025-03-18 00:34:25,490 - INFO - Ingress_Enter 3RJGV52L
2025-03-18 00:34:25,600 - INFO - Ingress_Exit 3RJGV52L
2025-03-18 00:34:25,655 - INFO - Ingress_Enter 2RSIQBNU
2025-03-18 00:34:25,688 - INFO - Ingress_Enter 08ZSSICT
2025-03-18 00:34:25,756 - INFO - Ingress_Exit 2RSIQBNU
2025-03-18 00:34:25,838 - INFO - Ingress_Enter VXS79SII
2025-03-18 00:34:25,845 - INFO - Ingress_Exit 08ZSSICT
2025-03-18 00:34:25,952 - INFO - Ingress_Exit VXS79SII
2025-03-18 00:34:26,272 - INFO - Ingress_Enter D4K4D7PH
2025-03-18 00:34:26,405 - INFO - Ingress_Enter 8ZQR3GML
2025-03-18 00:34:26,437 - INFO - Ingress_Enter E8K2GKRP
2025-03-18 00:34:26,441 - INFO - Ingress_Exit D4K4D7PH
2025-03-18 00:34:26,499 - INFO - Ingress_Exit 8ZQR3GML
2025-03-18 00:34:26,534 - INFO - Ingress_Exit E8K2GKRP
2025-03-18 00:34:26,605 - INFO - Ingress_Enter 4XW7V7PD
2025-03-18 00:34:26,700 - INFO - Ingress_Exit 4XW7V7PD
2025-03-18 00:34:26,721 - INFO - Ingress_Enter MOT21J3O
2025-03-18 00:34:26,754 - INFO - Ingress_Enter QCZT42PH
2025-03-18 00:34:26,846 - INFO - Ingress_Exit QCZT42PH
2025-03-18 00:34:26,870 - INFO - Ingress_Exit MOT21J3O
2025-03-18 00:34:27,019 - INFO - Ingress_Enter M5PA950G
2025-03-18 00:34:27,035 - INFO - Ingress_Enter K4K6QXV4
2025-03-18 00:34:27,169 - INFO - Ingress_Enter 5PXW03ZN
2025-03-18 00:34:27,186 - INFO - Ingress_Exit K4K6QXV4
2025-03-18 00:34:27,187 - INFO - Ingress_Exit M5PA950G
2025-03-18 00:34:27,307 - INFO - Ingress_Exit 5PXW03ZN
2025-03-18 00:34:27,468 - INFO - Ingress_Enter 6275FWZZ
2025-03-18 00:34:27,516 - INFO - Ingress_Enter AUK69P9O
2025-03-18 00:34:27,585 - INFO - Ingress_Exit 6275FWZZ
2025-03-18 00:34:27,625 - INFO - Ingress_Exit AUK69P9O
2025-03-18 00:34:28,065 - INFO - Ingress_Enter GV9MMDDT
2025-03-18 00:34:28,114 - INFO - Ingress_Enter 4JUK7LPG
2025-03-18 00:34:28,174 - INFO - Ingress_Exit GV9MMDDT
2025-03-18 00:34:28,267 - INFO - Ingress_Exit 4JUK7LPG
2025-03-18 00:34:28,744 - INFO - Ingress_Enter UIP8KPNZ
2025-03-18 00:34:28,760 - INFO - Ingress_Enter DKNXIYYI
2025-03-18 00:34:28,863 - INFO - Ingress_Exit DKNXIYYI
2025-03-18 00:34:28,900 - INFO - Ingress_Exit UIP8KPNZ
2025-03-18 00:34:28,910 - INFO - Ingress_Enter 7D22TWTZ
2025-03-18 00:34:28,996 - INFO - Ingress_Exit 7D22TWTZ
2025-03-18 00:34:29,092 - INFO - Ingress_Enter Z17PC0LP
2025-03-18 00:34:29,125 - INFO - Ingress_Enter B4OP3TL2
2025-03-18 00:34:29,191 - INFO - Ingress_Exit Z17PC0LP
2025-03-18 00:34:29,224 - INFO - Ingress_Enter YWF73Y5D
2025-03-18 00:34:29,225 - INFO - Ingress_Exit B4OP3TL2
2025-03-18 00:34:29,317 - INFO - Ingress_Exit YWF73Y5D
2025-03-18 00:34:29,374 - INFO - Ingress_Enter XM1ZVD5M
2025-03-18 00:34:29,407 - INFO - Ingress_Enter L3G8U79E
2025-03-18 00:34:29,480 - INFO - Ingress_Exit XM1ZVD5M
2025-03-18 00:34:29,512 - INFO - Ingress_Exit L3G8U79E
2025-03-18 00:34:29,573 - INFO - Ingress_Enter EH2BS7TC
2025-03-18 00:34:29,671 - INFO - Ingress_Exit EH2BS7TC
2025-03-18 00:34:29,905 - INFO - Ingress_Enter 0N3IYWFG
2025-03-18 00:34:29,922 - INFO - Ingress_Enter 2U90RGIX
2025-03-18 00:34:29,955 - INFO - Ingress_Enter 0OYIHBTX
2025-03-18 00:34:30,039 - INFO - Ingress_Exit 0N3IYWFG
2025-03-18 00:34:30,040 - INFO - Ingress_Exit 2U90RGIX
2025-03-18 00:34:30,049 - INFO - Ingress_Exit 0OYIHBTX
2025-03-18 00:34:30,471 - INFO - Ingress_Enter 3OG4FIJQ
2025-03-18 00:34:30,521 - INFO - Ingress_Enter ISPT6WLC
2025-03-18 00:34:30,636 - INFO - Ingress_Enter N1FA29IP
2025-03-18 00:34:30,657 - INFO - Ingress_Exit 3OG4FIJQ
2025-03-18 00:34:30,658 - INFO - Ingress_Exit ISPT6WLC
2025-03-18 00:34:30,794 - INFO - Ingress_Exit N1FA29IP
2025-03-18 00:34:31,114 - INFO - Ingress_Enter HNBOHTC8
2025-03-18 00:34:31,207 - INFO - Ingress_Exit HNBOHTC8
2025-03-18 00:34:31,295 - INFO - Ingress_Enter MS6Z4MTT
2025-03-18 00:34:31,448 - INFO - Ingress_Exit MS6Z4MTT
2025-03-18 00:34:31,532 - INFO - Ingress_Enter RC1T5C2S
2025-03-18 00:34:31,628 - INFO - Ingress_Exit RC1T5C2S
2025-03-18 00:34:31,715 - INFO - Ingress_Enter Z7UA93MY
2025-03-18 00:34:31,765 - INFO - Ingress_Enter P6S0L289
2025-03-18 00:34:31,841 - INFO - Ingress_Exit Z7UA93MY
2025-03-18 00:34:31,881 - INFO - Ingress_Enter SM92LUK7
2025-03-18 00:34:31,931 - INFO - Ingress_Exit P6S0L289
2025-03-18 00:34:31,997 - INFO - Ingress_Enter 94ICHSW4
2025-03-18 00:34:32,019 - INFO - Ingress_Exit SM92LUK7
2025-03-18 00:34:32,130 - INFO - Ingress_Enter 81E6H08T
2025-03-18 00:34:32,136 - INFO - Ingress_Exit 94ICHSW4
2025-03-18 00:34:32,145 - INFO - Ingress_Enter M1NNEWNY
2025-03-18 00:34:32,179 - INFO - Ingress_Enter TL0FOPQO
2025-03-18 00:34:32,261 - INFO - Ingress_Enter OE6ZX2UP
2025-03-18 00:34:32,264 - INFO - Ingress_Exit 81E6H08T
2025-03-18 00:34:32,331 - INFO - Ingress_Exit M1NNEWNY
2025-03-18 00:34:32,331 - INFO - Ingress_Exit TL0FOPQO
2025-03-18 00:34:32,380 - INFO - Ingress_Exit OE6ZX2UP
2025-03-18 00:34:32,960 - INFO - Ingress_Enter 8OUAJDZ4
2025-03-18 00:34:32,975 - INFO - Ingress_Enter V4L6HT4B
2025-03-18 00:34:33,076 - INFO - Ingress_Exit V4L6HT4B
2025-03-18 00:34:33,111 - INFO - Ingress_Exit 8OUAJDZ4
2025-03-18 00:34:33,223 - INFO - Ingress_Enter JFZTVW9E
2025-03-18 00:34:33,355 - INFO - Ingress_Exit JFZTVW9E
2025-03-18 00:34:33,444 - INFO - Ingress_Enter R8KKVBDR
2025-03-18 00:34:33,493 - INFO - Ingress_Enter OWSQRS92
2025-03-18 00:34:33,542 - INFO - Ingress_Exit R8KKVBDR
2025-03-18 00:34:33,544 - INFO - Ingress_Enter 15NVFNLG
2025-03-18 00:34:33,588 - INFO - Ingress_Exit OWSQRS92
2025-03-18 00:34:33,610 - INFO - Ingress_Enter XRQ22VPH
2025-03-18 00:34:33,632 - INFO - Ingress_Exit 15NVFNLG
2025-03-18 00:34:33,721 - INFO - Ingress_Exit XRQ22VPH
2025-03-18 00:34:33,959 - INFO - Ingress_Enter U2ZOPNWD
2025-03-18 00:34:33,976 - INFO - Ingress_Enter 0KMJ9O24
2025-03-18 00:34:34,082 - INFO - Ingress_Exit 0KMJ9O24
2025-03-18 00:34:34,083 - INFO - Ingress_Exit U2ZOPNWD
2025-03-18 00:34:34,408 - INFO - Ingress_Enter YIXRMBFG
2025-03-18 00:34:34,570 - INFO - Ingress_Exit YIXRMBFG
2025-03-18 00:34:34,840 - INFO - Ingress_Enter 9K0JDD86
2025-03-18 00:34:34,958 - INFO - Ingress_Exit 9K0JDD86
2025-03-18 00:34:35,105 - INFO - Ingress_Enter YEVMI3X1
2025-03-18 00:34:35,138 - INFO - Ingress_Enter V9BGWWHB
2025-03-18 00:34:35,189 - INFO - Ingress_Enter FO2HJCKY
2025-03-18 00:34:35,221 - INFO - Ingress_Enter BF2NFWSX
2025-03-18 00:34:35,229 - INFO - Ingress_Exit V9BGWWHB
2025-03-18 00:34:35,244 - INFO - Ingress_Exit YEVMI3X1
2025-03-18 00:34:35,354 - INFO - Ingress_Exit FO2HJCKY
2025-03-18 00:34:35,355 - INFO - Ingress_Exit BF2NFWSX
2025-03-18 00:34:35,800 - INFO - Ingress_Enter B2N5KPRJ
2025-03-18 00:34:35,948 - INFO - Ingress_Exit B2N5KPRJ
2025-03-18 00:34:36,015 - INFO - Ingress_Enter RVI0GGFJ
2025-03-18 00:34:36,064 - INFO - Ingress_Enter EFR5X5VM
2025-03-18 00:34:36,127 - INFO - Ingress_Exit RVI0GGFJ
2025-03-18 00:34:36,263 - INFO - Ingress_Enter 9T62FZ8O
2025-03-18 00:34:36,267 - INFO - Ingress_Exit EFR5X5VM
2025-03-18 00:34:36,374 - INFO - Ingress_Exit 9T62FZ8O
2025-03-18 00:34:36,561 - INFO - Ingress_Enter LB276JH8
2025-03-18 00:34:36,578 - INFO - Ingress_Enter SNTKGE3A
2025-03-18 00:34:36,651 - INFO - Ingress_Exit LB276JH8
2025-03-18 00:34:36,750 - INFO - Ingress_Exit SNTKGE3A
2025-03-18 00:34:37,043 - INFO - Ingress_Enter L59FDVU3
2025-03-18 00:34:37,168 - INFO - Ingress_Exit L59FDVU3
2025-03-18 00:34:37,459 - INFO - Ingress_Enter N51RZGV4
2025-03-18 00:34:37,557 - INFO - Ingress_Exit N51RZGV4
2025-03-18 00:34:37,659 - INFO - Ingress_Enter 6AO3W1GI
2025-03-18 00:34:37,834 - INFO - Ingress_Exit 6AO3W1GI
2025-03-18 00:34:37,990 - INFO - Ingress_Enter ES68H8OO
2025-03-18 00:34:38,007 - INFO - Ingress_Enter 9H0O50YU
2025-03-18 00:34:38,145 - INFO - Ingress_Exit ES68H8OO
2025-03-18 00:34:38,175 - INFO - Ingress_Exit 9H0O50YU
2025-03-18 00:34:38,272 - INFO - Ingress_Enter VAVV1L1A
2025-03-18 00:34:38,376 - INFO - Ingress_Exit VAVV1L1A
2025-03-18 00:34:38,653 - INFO - Ingress_Enter MDLU1A5W
2025-03-18 00:34:38,829 - INFO - Ingress_Exit MDLU1A5W
2025-03-18 00:34:38,853 - INFO - Ingress_Enter UR2MAVA2
2025-03-18 00:34:38,944 - INFO - Ingress_Exit UR2MAVA2
2025-03-18 00:34:38,970 - INFO - Ingress_Enter BCJ3FETE
2025-03-18 00:34:39,180 - INFO - Ingress_Exit BCJ3FETE
2025-03-18 00:34:39,184 - INFO - Ingress_Enter P279RO29
2025-03-18 00:34:39,300 - INFO - Ingress_Enter KQVGM3AU
2025-03-18 00:34:39,342 - INFO - Ingress_Exit P279RO29
2025-03-18 00:34:39,349 - INFO - Ingress_Enter LBHW3D2I
2025-03-18 00:34:39,383 - INFO - Ingress_Enter XO1KCJYT
2025-03-18 00:34:39,391 - INFO - Ingress_Exit KQVGM3AU
2025-03-18 00:34:39,458 - INFO - Ingress_Exit LBHW3D2I
2025-03-18 00:34:39,484 - INFO - Ingress_Exit XO1KCJYT
2025-03-18 00:34:39,548 - INFO - Ingress_Enter UYF1LVDS
2025-03-18 00:34:39,707 - INFO - Ingress_Exit UYF1LVDS
2025-03-18 00:34:39,882 - INFO - Ingress_Enter 3JAUTK28
2025-03-18 00:34:40,014 - INFO - Ingress_Enter 77PR1JRF
2025-03-18 00:34:40,030 - INFO - Ingress_Enter 1KI0MZ2I
2025-03-18 00:34:40,052 - INFO - Ingress_Exit 3JAUTK28
2025-03-18 00:34:40,162 - INFO - Ingress_Exit 77PR1JRF
2025-03-18 00:34:40,220 - INFO - Ingress_Exit 1KI0MZ2I
2025-03-18 00:34:40,664 - INFO - Ingress_Enter GSGJB2OD
2025-03-18 00:34:40,713 - INFO - Ingress_Enter VRT64Q67
2025-03-18 00:34:40,778 - INFO - Ingress_Exit GSGJB2OD
2025-03-18 00:34:40,812 - INFO - Ingress_Exit VRT64Q67
2025-03-18 00:34:40,828 - INFO - Ingress_Enter NVIUBTPD
2025-03-18 00:34:40,944 - INFO - Ingress_Exit NVIUBTPD
2025-03-18 00:34:40,977 - INFO - Ingress_Enter 5Q8CX277
2025-03-18 00:34:41,010 - INFO - Ingress_Enter FFFTVN3M
2025-03-18 00:34:41,060 - INFO - Ingress_Enter W50851LR
2025-03-18 00:34:41,162 - INFO - Ingress_Exit 5Q8CX277
2025-03-18 00:34:41,163 - INFO - Ingress_Exit FFFTVN3M
2025-03-18 00:34:41,217 - INFO - Ingress_Exit W50851LR
2025-03-18 00:34:41,425 - INFO - Ingress_Enter 5IAVEWPC
2025-03-18 00:34:41,441 - INFO - Ingress_Enter V4O7K61J
2025-03-18 00:34:41,543 - INFO - Ingress_Exit 5IAVEWPC
2025-03-18 00:34:41,574 - INFO - Ingress_Exit V4O7K61J
2025-03-18 00:34:41,741 - INFO - Ingress_Enter 3TNKVJ8P
2025-03-18 00:34:41,857 - INFO - Ingress_Enter N54F3XQT
2025-03-18 00:34:41,876 - INFO - Ingress_Exit 3TNKVJ8P
2025-03-18 00:34:41,942 - INFO - Ingress_Enter PY3NJ82O
2025-03-18 00:34:41,949 - INFO - Ingress_Exit N54F3XQT
2025-03-18 00:34:42,093 - INFO - Ingress_Exit PY3NJ82O
2025-03-18 00:34:42,273 - INFO - Ingress_Enter 8XXLNP0T
2025-03-18 00:34:42,396 - INFO - Ingress_Exit 8XXLNP0T
2025-03-18 00:34:42,404 - INFO - Ingress_Enter FIUSUG57
2025-03-18 00:34:42,522 - INFO - Ingress_Exit FIUSUG57
2025-03-18 00:34:42,671 - INFO - Ingress_Enter KXNU9ZSI
2025-03-18 00:34:42,775 - INFO - Ingress_Exit KXNU9ZSI
2025-03-18 00:34:42,938 - INFO - Ingress_Enter NRM9FVT2
2025-03-18 00:34:43,109 - INFO - Ingress_Exit NRM9FVT2
2025-03-18 00:34:43,140 - INFO - Ingress_Enter LNSB8GWO
2025-03-18 00:34:43,190 - INFO - Ingress_Enter CXP6N92Q
2025-03-18 00:34:43,283 - INFO - Ingress_Exit LNSB8GWO
2025-03-18 00:34:43,318 - INFO - Ingress_Exit CXP6N92Q
2025-03-18 00:34:43,570 - INFO - Ingress_Enter UKDV85E2
2025-03-18 00:34:43,661 - INFO - Ingress_Exit UKDV85E2
2025-03-18 00:34:43,769 - INFO - Ingress_Enter XTHLRT1K
2025-03-18 00:34:43,866 - INFO - Ingress_Exit XTHLRT1K
2025-03-18 00:34:43,919 - INFO - Ingress_Enter RY1ORKJI
2025-03-18 00:34:44,083 - INFO - Ingress_Exit RY1ORKJI
2025-03-18 00:34:44,102 - INFO - Ingress_Enter SGER2OGZ
2025-03-18 00:34:44,169 - INFO - Ingress_Enter W08JSE59
2025-03-18 00:34:44,248 - INFO - Ingress_Exit SGER2OGZ
2025-03-18 00:34:44,335 - INFO - Ingress_Exit W08JSE59
2025-03-18 00:34:44,418 - INFO - Ingress_Enter AVD0498X
2025-03-18 00:34:44,451 - INFO - Ingress_Enter Z9S5775O
2025-03-18 00:34:44,565 - INFO - Ingress_Exit AVD0498X
2025-03-18 00:34:44,584 - INFO - Ingress_Exit Z9S5775O
2025-03-18 00:34:44,633 - INFO - Ingress_Enter 2HH5TFAW
2025-03-18 00:34:44,726 - INFO - Ingress_Exit 2HH5TFAW
2025-03-18 00:34:44,750 - INFO - Ingress_Enter 0KU6TTQY
2025-03-18 00:34:44,875 - INFO - Ingress_Exit 0KU6TTQY
2025-03-18 00:34:44,967 - INFO - Ingress_Enter QYPXEQBV
2025-03-18 00:34:45,049 - INFO - Ingress_Enter 8SO9HRHQ
2025-03-18 00:34:45,104 - INFO - Ingress_Exit QYPXEQBV
2025-03-18 00:34:45,170 - INFO - Ingress_Exit 8SO9HRHQ
2025-03-18 00:34:45,181 - INFO - Ingress_Enter PLURGUOZ
2025-03-18 00:34:45,314 - INFO - Ingress_Enter OFI3RRCS
2025-03-18 00:34:45,329 - INFO - Ingress_Exit PLURGUOZ
2025-03-18 00:34:45,364 - INFO - Ingress_Enter MPBURPRB
2025-03-18 00:34:45,427 - INFO - Ingress_Exit OFI3RRCS
2025-03-18 00:34:45,511 - INFO - Ingress_Exit MPBURPRB
2025-03-18 00:34:45,563 - INFO - Ingress_Enter QY5C8CND
2025-03-18 00:34:45,613 - INFO - Ingress_Enter DOZH2BSN
2025-03-18 00:34:45,705 - INFO - Ingress_Exit QY5C8CND
2025-03-18 00:34:45,719 - INFO - Ingress_Exit DOZH2BSN
