2025-03-18 03:48:41,156 - INFO - Ingress_Enter GQ0I77NK
2025-03-18 03:48:41,311 - INFO - Ingress_Exit GQ0I77NK
2025-03-18 03:48:41,539 - INFO - Ingress_Enter 0DB61TJI
2025-03-18 03:48:41,657 - INFO - Ingress_Exit 0DB61TJI
2025-03-18 03:48:42,085 - INFO - Ingress_Enter EZCNBB5D
2025-03-18 03:48:42,150 - INFO - Ingress_Enter ZSFSA738
2025-03-18 03:48:42,186 - INFO - Ingress_Exit EZCNBB5D
2025-03-18 03:48:42,254 - INFO - Ingress_Exit ZSFSA738
2025-03-18 03:48:48,059 - INFO - Ingress_Enter ERDB4773
2025-03-18 03:48:48,156 - INFO - Ingress_Exit ERDB4773
2025-03-18 03:48:48,285 - INFO - Ingress_Enter ZORTKT1T
2025-03-18 03:48:48,379 - INFO - Ingress_Exit ZORTKT1T
2025-03-18 03:48:49,124 - INFO - Ingress_Enter SVAS7IJV
2025-03-18 03:48:49,219 - INFO - Ingress_Exit SVAS7IJV
2025-03-18 03:48:51,026 - INFO - Ingress_Enter B4SZMOOP
2025-03-18 03:48:51,118 - INFO - Ingress_Exit B4SZMOOP
2025-03-18 03:48:51,282 - INFO - Ingress_Enter TZ1LGND6
2025-03-18 03:48:51,380 - INFO - Ingress_Exit TZ1LGND6
2025-03-18 03:48:51,411 - INFO - Ingress_Enter 4QDP2FNY
2025-03-18 03:48:51,502 - INFO - Ingress_Exit 4QDP2FNY
2025-03-18 03:48:53,186 - INFO - Ingress_Enter V7OM5BQD
2025-03-18 03:48:53,301 - INFO - Ingress_Exit V7OM5BQD
2025-03-18 03:48:55,250 - INFO - Ingress_Enter N6HS0JE9
2025-03-18 03:48:55,349 - INFO - Ingress_Exit N6HS0JE9
2025-03-18 03:48:55,539 - INFO - Ingress_Enter B4GX2AL5
2025-03-18 03:48:55,639 - INFO - Ingress_Exit B4GX2AL5
2025-03-18 03:48:55,763 - INFO - Ingress_Enter 2SSIZZG6
2025-03-18 03:48:55,860 - INFO - Ingress_Exit 2SSIZZG6
2025-03-18 03:48:56,409 - INFO - Ingress_Enter ZSODFZG1
2025-03-18 03:48:56,516 - INFO - Ingress_Exit ZSODFZG1
2025-03-18 03:48:58,630 - INFO - Ingress_Enter WINSFO5M
2025-03-18 03:48:58,735 - INFO - Ingress_Exit WINSFO5M
2025-03-18 03:48:59,565 - INFO - Ingress_Enter AHYDCUBH
2025-03-18 03:48:59,630 - INFO - Ingress_Enter 95D8O7EP
2025-03-18 03:48:59,667 - INFO - Ingress_Exit AHYDCUBH
2025-03-18 03:48:59,748 - INFO - Ingress_Exit 95D8O7EP
2025-03-18 03:49:02,858 - INFO - Ingress_Enter REI3TYE7
2025-03-18 03:49:02,957 - INFO - Ingress_Exit REI3TYE7
2025-03-18 03:49:03,633 - INFO - Ingress_Enter T2AZ64JX
2025-03-18 03:49:03,729 - INFO - Ingress_Enter A0QSW15E
2025-03-18 03:49:03,748 - INFO - Ingress_Exit T2AZ64JX
2025-03-18 03:49:03,831 - INFO - Ingress_Exit A0QSW15E
2025-03-18 03:49:05,085 - INFO - Ingress_Enter 2RIU6J57
2025-03-18 03:49:05,182 - INFO - Ingress_Exit 2RIU6J57
2025-03-18 03:49:05,244 - INFO - Ingress_Enter 2B3QHLUG
2025-03-18 03:49:05,341 - INFO - Ingress_Exit 2B3QHLUG
2025-03-18 03:49:05,986 - INFO - Ingress_Enter SZWXTNMZ
2025-03-18 03:49:06,083 - INFO - Ingress_Exit SZWXTNMZ
2025-03-18 03:49:06,632 - INFO - Ingress_Enter ACMY231I
2025-03-18 03:49:06,732 - INFO - Ingress_Exit ACMY231I
2025-03-18 03:49:06,889 - INFO - Ingress_Enter LWHNDAS5
2025-03-18 03:49:06,983 - INFO - Ingress_Exit LWHNDAS5
2025-03-18 03:49:07,405 - INFO - Ingress_Enter S0AFGDQV
2025-03-18 03:49:07,499 - INFO - Ingress_Exit S0AFGDQV
2025-03-18 03:49:08,113 - INFO - Ingress_Enter V4S5NPDS
2025-03-18 03:49:08,210 - INFO - Ingress_Exit V4S5NPDS
2025-03-18 03:49:09,209 - INFO - Ingress_Enter MJ834Q8W
2025-03-18 03:49:09,308 - INFO - Ingress_Exit MJ834Q8W
2025-03-18 03:49:10,112 - INFO - Ingress_Enter P5UERX9E
2025-03-18 03:49:10,143 - INFO - Ingress_Enter U6TFW3PL
2025-03-18 03:49:10,174 - INFO - Ingress_Enter OEW141B9
2025-03-18 03:49:10,209 - INFO - Ingress_Exit P5UERX9E
2025-03-18 03:49:10,234 - INFO - Ingress_Exit U6TFW3PL
2025-03-18 03:49:10,277 - INFO - Ingress_Exit OEW141B9
2025-03-18 03:49:20,716 - INFO - Ingress_Enter MFWXGSPN
2025-03-18 03:49:20,808 - INFO - Ingress_Exit MFWXGSPN
2025-03-18 03:49:20,879 - INFO - Ingress_Enter FK8GTWNF
2025-03-18 03:49:20,983 - INFO - Ingress_Exit FK8GTWNF
2025-03-18 03:49:21,819 - INFO - Ingress_Enter PK0Y74O6
2025-03-18 03:49:21,911 - INFO - Ingress_Exit PK0Y74O6
2025-03-18 03:49:23,073 - INFO - Ingress_Enter U4LZ4JQH
2025-03-18 03:49:23,172 - INFO - Ingress_Exit U4LZ4JQH
2025-03-18 03:49:24,269 - INFO - Ingress_Enter 628VJIOJ
2025-03-18 03:49:24,333 - INFO - Ingress_Enter 8FQUQPFL
2025-03-18 03:49:24,376 - INFO - Ingress_Exit 628VJIOJ
2025-03-18 03:49:24,396 - INFO - Ingress_Enter 77SPPZLS
2025-03-18 03:49:24,433 - INFO - Ingress_Exit 8FQUQPFL
2025-03-18 03:49:24,501 - INFO - Ingress_Exit 77SPPZLS
2025-03-18 03:49:35,403 - INFO - Ingress_Enter Q1Z2NDAP
2025-03-18 03:49:35,516 - INFO - Ingress_Exit Q1Z2NDAP
2025-03-18 03:49:35,887 - INFO - Ingress_Enter 6AE3UST2
2025-03-18 03:49:35,918 - INFO - Ingress_Enter UQ6SEL3X
2025-03-18 03:49:35,992 - INFO - Ingress_Exit 6AE3UST2
2025-03-18 03:49:36,019 - INFO - Ingress_Exit UQ6SEL3X
2025-03-18 03:49:38,641 - INFO - Ingress_Enter JE9LWOJL
2025-03-18 03:49:38,706 - INFO - Ingress_Enter 26VECCY4
2025-03-18 03:49:38,763 - INFO - Ingress_Exit JE9LWOJL
2025-03-18 03:49:38,864 - INFO - Ingress_Exit 26VECCY4
2025-03-18 03:49:39,995 - INFO - Ingress_Enter F3SLC85G
2025-03-18 03:49:40,106 - INFO - Ingress_Exit F3SLC85G
2025-03-18 03:49:40,930 - INFO - Ingress_Enter K1CVGY81
2025-03-18 03:49:41,024 - INFO - Ingress_Exit K1CVGY81
2025-03-18 03:49:41,380 - INFO - Ingress_Enter DGZHNFJ0
2025-03-18 03:49:41,477 - INFO - Ingress_Exit DGZHNFJ0
2025-03-18 03:49:42,220 - INFO - Ingress_Enter 66FVQO8K
2025-03-18 03:49:42,314 - INFO - Ingress_Exit 66FVQO8K
2025-03-18 03:49:44,676 - INFO - Ingress_Enter 7DM8PEJT
2025-03-18 03:49:44,783 - INFO - Ingress_Exit 7DM8PEJT
2025-03-18 03:49:44,804 - INFO - Ingress_Enter Y4776UB7
2025-03-18 03:49:44,901 - INFO - Ingress_Enter 3LU5OAV1
2025-03-18 03:49:44,904 - INFO - Ingress_Exit Y4776UB7
2025-03-18 03:49:44,993 - INFO - Ingress_Exit 3LU5OAV1
2025-03-18 03:49:45,256 - INFO - Ingress_Enter 90E452OA
2025-03-18 03:49:45,346 - INFO - Ingress_Exit 90E452OA
2025-03-18 03:49:46,607 - INFO - Ingress_Enter LJMHY2XL
2025-03-18 03:49:46,709 - INFO - Ingress_Exit LJMHY2XL
2025-03-18 03:49:46,929 - INFO - Ingress_Enter JAIAMSJU
2025-03-18 03:49:47,025 - INFO - Ingress_Enter UWNRP9U7
2025-03-18 03:49:47,026 - INFO - Ingress_Exit JAIAMSJU
2025-03-18 03:49:47,132 - INFO - Ingress_Exit UWNRP9U7
2025-03-18 03:49:47,412 - INFO - Ingress_Enter 53ZYX67W
2025-03-18 03:49:47,443 - INFO - Ingress_Enter 8QV5EGCB
2025-03-18 03:49:47,513 - INFO - Ingress_Exit 53ZYX67W
2025-03-18 03:49:47,537 - INFO - Ingress_Exit 8QV5EGCB
2025-03-18 03:49:47,993 - INFO - Ingress_Enter U3U0URU2
2025-03-18 03:49:48,093 - INFO - Ingress_Exit U3U0URU2
2025-03-18 03:49:48,507 - INFO - Ingress_Enter FTNXL25W
2025-03-18 03:49:48,600 - INFO - Ingress_Exit FTNXL25W
2025-03-18 03:49:49,249 - INFO - Ingress_Enter SRISMWU2
2025-03-18 03:49:49,349 - INFO - Ingress_Exit SRISMWU2
2025-03-18 03:49:50,739 - INFO - Ingress_Enter M1P1OZUZ
2025-03-18 03:49:50,833 - INFO - Ingress_Exit M1P1OZUZ
2025-03-18 03:49:51,674 - INFO - Ingress_Enter M680V6UY
2025-03-18 03:49:51,778 - INFO - Ingress_Exit M680V6UY
2025-03-18 03:49:52,319 - INFO - Ingress_Enter 5I6JI9BZ
2025-03-18 03:49:52,421 - INFO - Ingress_Exit 5I6JI9BZ
2025-03-18 03:49:53,932 - INFO - Ingress_Enter 4JY7O35G
2025-03-18 03:49:53,995 - INFO - Ingress_Enter 0FQL3HJF
2025-03-18 03:49:54,023 - INFO - Ingress_Exit 4JY7O35G
2025-03-18 03:49:54,094 - INFO - Ingress_Exit 0FQL3HJF
2025-03-18 03:49:59,707 - INFO - Ingress_Enter L097D8AM
2025-03-18 03:49:59,816 - INFO - Ingress_Exit L097D8AM
2025-03-18 03:49:59,834 - INFO - Ingress_Enter U7Z1RZHY
2025-03-18 03:49:59,935 - INFO - Ingress_Exit U7Z1RZHY
2025-03-18 03:50:00,996 - INFO - Ingress_Enter G4R93P4L
2025-03-18 03:50:01,060 - INFO - Ingress_Enter 06ZKGHPN
2025-03-18 03:50:01,107 - INFO - Ingress_Exit G4R93P4L
2025-03-18 03:50:01,154 - INFO - Ingress_Exit 06ZKGHPN
2025-03-18 03:50:02,260 - INFO - Ingress_Enter 245XIPVF
2025-03-18 03:50:02,349 - INFO - Ingress_Exit 245XIPVF
2025-03-18 03:50:02,744 - INFO - Ingress_Enter GOKRSJNX
2025-03-18 03:50:02,838 - INFO - Ingress_Exit GOKRSJNX
2025-03-18 03:50:03,711 - INFO - Ingress_Enter 9OAVXURA
2025-03-18 03:50:03,807 - INFO - Ingress_Exit 9OAVXURA
2025-03-18 03:50:04,260 - INFO - Ingress_Enter LRLK4EM4
2025-03-18 03:50:04,292 - INFO - Ingress_Enter 8AZ3WC07
2025-03-18 03:50:04,351 - INFO - Ingress_Exit LRLK4EM4
2025-03-18 03:50:04,381 - INFO - Ingress_Exit 8AZ3WC07
2025-03-18 03:50:04,972 - INFO - Ingress_Enter 5T2JWP43
2025-03-18 03:50:05,064 - INFO - Ingress_Exit 5T2JWP43
2025-03-18 03:50:05,328 - INFO - Ingress_Enter OG10VPZL
2025-03-18 03:50:05,418 - INFO - Ingress_Exit OG10VPZL
2025-03-18 03:50:05,812 - INFO - Ingress_Enter D43U0GSB
2025-03-18 03:50:05,906 - INFO - Ingress_Exit D43U0GSB
2025-03-18 03:50:06,038 - INFO - Ingress_Enter CUWZPNEG
2025-03-18 03:50:06,134 - INFO - Ingress_Exit CUWZPNEG
2025-03-18 03:50:06,393 - INFO - Ingress_Enter D2O4V672
2025-03-18 03:50:06,484 - INFO - Ingress_Exit D2O4V672
2025-03-18 03:50:07,135 - INFO - Ingress_Enter FZZ5VLPK
2025-03-18 03:50:07,227 - INFO - Ingress_Exit FZZ5VLPK
2025-03-18 03:50:07,427 - INFO - Ingress_Enter UZTRFTPZ
2025-03-18 03:50:07,520 - INFO - Ingress_Exit UZTRFTPZ
2025-03-18 03:50:08,073 - INFO - Ingress_Enter BGA1IAC0
2025-03-18 03:50:08,164 - INFO - Ingress_Exit BGA1IAC0
2025-03-18 03:50:08,300 - INFO - Ingress_Enter 4II5V0JC
2025-03-18 03:50:08,363 - INFO - Ingress_Enter 776ZYUAG
2025-03-18 03:50:08,390 - INFO - Ingress_Exit 4II5V0JC
2025-03-18 03:50:08,456 - INFO - Ingress_Exit 776ZYUAG
2025-03-18 03:50:09,138 - INFO - Ingress_Enter MYZW1F3X
2025-03-18 03:50:09,240 - INFO - Ingress_Exit MYZW1F3X
2025-03-18 03:50:09,492 - INFO - Ingress_Enter DF08YE3A
2025-03-18 03:50:09,586 - INFO - Ingress_Exit DF08YE3A
2025-03-18 03:50:09,716 - INFO - Ingress_Enter DMT7CAVD
2025-03-18 03:50:09,818 - INFO - Ingress_Exit DMT7CAVD
2025-03-18 03:50:10,718 - INFO - Ingress_Enter YB24HJ6N
2025-03-18 03:50:10,813 - INFO - Ingress_Exit YB24HJ6N
2025-03-18 03:50:10,877 - INFO - Ingress_Enter GWCFVUI4
2025-03-18 03:50:10,968 - INFO - Ingress_Exit GWCFVUI4
2025-03-18 03:50:11,168 - INFO - Ingress_Enter Y00DDN6X
2025-03-18 03:50:11,262 - INFO - Ingress_Exit Y00DDN6X
2025-03-18 03:50:11,620 - INFO - Ingress_Enter LL53KQNG
2025-03-18 03:50:11,711 - INFO - Ingress_Exit LL53KQNG
2025-03-18 03:50:12,104 - INFO - Ingress_Enter 3XRE39ID
2025-03-18 03:50:12,200 - INFO - Ingress_Exit 3XRE39ID
2025-03-18 03:50:12,394 - INFO - Ingress_Enter 584R17X2
2025-03-18 03:50:12,486 - INFO - Ingress_Exit 584R17X2
2025-03-18 03:50:13,760 - INFO - Ingress_Enter G0FE56RN
2025-03-18 03:50:13,855 - INFO - Ingress_Exit G0FE56RN
2025-03-18 03:50:15,373 - INFO - Ingress_Enter SER4OWBG
2025-03-18 03:50:15,462 - INFO - Ingress_Exit SER4OWBG
2025-03-18 03:50:15,858 - INFO - Ingress_Enter F22K4IMO
2025-03-18 03:50:15,920 - INFO - Ingress_Enter 6I3KMOHG
2025-03-18 03:50:15,946 - INFO - Ingress_Exit F22K4IMO
2025-03-18 03:50:16,013 - INFO - Ingress_Exit 6I3KMOHG
2025-03-18 03:50:18,211 - INFO - Ingress_Enter L4A1R5Z4
2025-03-18 03:50:18,302 - INFO - Ingress_Exit L4A1R5Z4
2025-03-18 03:50:18,665 - INFO - Ingress_Enter QRZ9NXNP
2025-03-18 03:50:18,765 - INFO - Ingress_Exit QRZ9NXNP
2025-03-18 03:50:19,088 - INFO - Ingress_Enter LQLPQ1HJ
2025-03-18 03:50:19,205 - INFO - Ingress_Exit LQLPQ1HJ
2025-03-18 03:50:19,866 - INFO - Ingress_Enter AYWJ0HYO
2025-03-18 03:50:19,965 - INFO - Ingress_Exit AYWJ0HYO
2025-03-18 03:50:20,478 - INFO - Ingress_Enter NVQKZ7Q8
2025-03-18 03:50:20,583 - INFO - Ingress_Exit NVQKZ7Q8
2025-03-18 03:50:20,995 - INFO - Ingress_Enter SC5H7BJL
2025-03-18 03:50:21,085 - INFO - Ingress_Exit SC5H7BJL
2025-03-18 03:50:21,124 - INFO - Ingress_Enter FOT1JGM8
2025-03-18 03:50:21,213 - INFO - Ingress_Exit FOT1JGM8
2025-03-18 03:50:23,415 - INFO - Ingress_Enter BPIE57FQ
2025-03-18 03:50:23,517 - INFO - Ingress_Exit BPIE57FQ
