2025-03-18 03:48:40,877 - INFO - StepE_Enter JTJVKYJV
2025-03-18 03:48:41,193 - INFO - StepE_Exit JTJVKYJV
2025-03-18 03:48:41,194 - INFO - StepE_Enter 6ITTM19J
StepE_Enter JZP40EPZ
StepE_Enter 5WBYRM1U
2025-03-18 03:48:41,301 - INFO - StepE_Exit 6ITTM19J
StepE_Exit JZP40EPZ
StepE_Exit 5WBYRM1U
2025-03-18 03:48:41,507 - INFO - StepE_Enter CK4WUJWC
2025-03-18 03:48:41,541 - INFO - StepE_Exit CK4WUJWC
2025-03-18 03:48:41,542 - INFO - StepE_Enter BG1KWQ6M
2025-03-18 03:48:41,574 - INFO - StepE_Exit BG1KWQ6M
2025-03-18 03:48:41,627 - INFO - StepE_Enter UJG6X3ZE
2025-03-18 03:48:41,659 - INFO - StepE_Exit UJG6X3ZE
2025-03-18 03:48:41,773 - INFO - StepE_Enter 53J6M26Z
2025-03-18 03:48:41,805 - INFO - StepE_Exit 53J6M26Z
2025-03-18 03:48:41,985 - INFO - StepE_Enter 5DXGRE6C
2025-03-18 03:48:42,019 - INFO - StepE_Exit 5DXGRE6C
2025-03-18 03:48:42,113 - INFO - StepE_Enter RIRPRCXJ
2025-03-18 03:48:42,144 - INFO - StepE_Exit RIRPRCXJ
2025-03-18 03:48:42,531 - INFO - StepE_Enter O8YET47K
2025-03-18 03:48:42,564 - INFO - StepE_Exit O8YET47K
2025-03-18 03:48:42,738 - INFO - StepE_Enter 1ED229ZS
2025-03-18 03:48:42,767 - INFO - StepE_Exit 1ED229ZS
2025-03-18 03:48:43,096 - INFO - StepE_Enter YMYM7SDK
2025-03-18 03:48:43,128 - INFO - StepE_Exit YMYM7SDK
2025-03-18 03:48:43,128 - INFO - StepE_Enter 2EGQIJBK
2025-03-18 03:48:43,174 - INFO - StepE_Exit 2EGQIJBK
2025-03-18 03:48:43,663 - INFO - StepE_Enter ZJB6Y4SH
2025-03-18 03:48:43,697 - INFO - StepE_Exit ZJB6Y4SH
2025-03-18 03:48:44,153 - INFO - StepE_Enter ZQ0GUOZB
2025-03-18 03:48:44,182 - INFO - StepE_Exit ZQ0GUOZB
2025-03-18 03:48:44,469 - INFO - StepE_Enter 9ZOJOIGS
2025-03-18 03:48:44,499 - INFO - StepE_Exit 9ZOJOIGS
2025-03-18 03:48:44,656 - INFO - StepE_Enter 9P81K8GW
2025-03-18 03:48:44,687 - INFO - StepE_Exit 9P81K8GW
2025-03-18 03:48:44,734 - INFO - StepE_Enter 5BQJA4MD
2025-03-18 03:48:44,774 - INFO - StepE_Exit 5BQJA4MD
2025-03-18 03:48:44,936 - INFO - StepE_Enter PY8AGZG9
2025-03-18 03:48:44,975 - INFO - StepE_Exit PY8AGZG9
2025-03-18 03:48:45,305 - INFO - StepE_Enter 57VAHITY
2025-03-18 03:48:45,341 - INFO - StepE_Exit 57VAHITY
2025-03-18 03:48:45,758 - INFO - StepE_Enter 5CGLFUBW
2025-03-18 03:48:45,792 - INFO - StepE_Exit 5CGLFUBW
2025-03-18 03:48:45,856 - INFO - StepE_Enter D9GW51TD
2025-03-18 03:48:45,890 - INFO - StepE_Exit D9GW51TD
2025-03-18 03:48:46,100 - INFO - StepE_Enter U5B7RR9N
2025-03-18 03:48:46,136 - INFO - StepE_Exit U5B7RR9N
2025-03-18 03:48:46,474 - INFO - StepE_Enter VTZKQ8YG
2025-03-18 03:48:46,515 - INFO - StepE_Exit VTZKQ8YG
2025-03-18 03:48:46,515 - INFO - StepE_Enter 7HG7OAO9
2025-03-18 03:48:46,555 - INFO - StepE_Exit 7HG7OAO9
2025-03-18 03:48:46,556 - INFO - StepE_Enter 3ZWD8NRP
2025-03-18 03:48:46,593 - INFO - StepE_Exit 3ZWD8NRP
2025-03-18 03:48:46,661 - INFO - StepE_Enter CB70PC41
2025-03-18 03:48:46,695 - INFO - StepE_Exit CB70PC41
2025-03-18 03:48:46,890 - INFO - StepE_Enter NB2YWVBF
2025-03-18 03:48:46,926 - INFO - StepE_Exit NB2YWVBF
2025-03-18 03:48:46,927 - INFO - StepE_Enter C7XJ344F
2025-03-18 03:48:46,962 - INFO - StepE_Exit C7XJ344F
2025-03-18 03:48:47,089 - INFO - StepE_Enter 37EGMELG
2025-03-18 03:48:47,125 - INFO - StepE_Exit 37EGMELG
2025-03-18 03:48:47,312 - INFO - StepE_Enter 9A517NLP
2025-03-18 03:48:47,348 - INFO - StepE_Exit 9A517NLP
2025-03-18 03:48:47,488 - INFO - StepE_Enter PYHUUDKF
2025-03-18 03:48:47,528 - INFO - StepE_Exit PYHUUDKF
2025-03-18 03:48:47,680 - INFO - StepE_Enter O934NE58
2025-03-18 03:48:47,720 - INFO - StepE_Exit O934NE58
2025-03-18 03:48:47,739 - INFO - StepE_Enter 2YCKVNMQ
2025-03-18 03:48:47,776 - INFO - StepE_Exit 2YCKVNMQ
2025-03-18 03:48:47,990 - INFO - StepE_Enter 5DE8I9BU
2025-03-18 03:48:48,024 - INFO - StepE_Exit 5DE8I9BU
2025-03-18 03:48:48,247 - INFO - StepE_Enter VKUDTMY7
2025-03-18 03:48:48,281 - INFO - StepE_Exit VKUDTMY7
2025-03-18 03:48:48,315 - INFO - StepE_Enter SNHCGY66
2025-03-18 03:48:48,345 - INFO - StepE_Exit SNHCGY66
2025-03-18 03:48:48,347 - INFO - StepE_Enter ZORTKT1T
2025-03-18 03:48:48,378 - INFO - StepE_Exit ZORTKT1T
2025-03-18 03:48:48,474 - INFO - StepE_Enter 6NG3MZXV
2025-03-18 03:48:48,509 - INFO - StepE_Exit 6NG3MZXV
2025-03-18 03:48:48,800 - INFO - StepE_Enter SND11ZVO
2025-03-18 03:48:48,833 - INFO - StepE_Exit SND11ZVO
2025-03-18 03:48:48,898 - INFO - StepE_Enter FFM7ATFV
2025-03-18 03:48:48,930 - INFO - StepE_Exit FFM7ATFV
2025-03-18 03:48:48,990 - INFO - StepE_Enter D0H1FY5B
2025-03-18 03:48:49,023 - INFO - StepE_Exit D0H1FY5B
2025-03-18 03:48:49,025 - INFO - StepE_Enter P0EIHDRS
2025-03-18 03:48:49,057 - INFO - StepE_Exit P0EIHDRS
2025-03-18 03:48:49,315 - INFO - StepE_Enter VVFLAHFE
2025-03-18 03:48:49,351 - INFO - StepE_Exit VVFLAHFE
2025-03-18 03:48:49,507 - INFO - StepE_Enter QIONXC0S
2025-03-18 03:48:49,545 - INFO - StepE_Exit QIONXC0S
2025-03-18 03:48:49,863 - INFO - StepE_Enter GH3XF1Y0
2025-03-18 03:48:49,897 - INFO - StepE_Exit GH3XF1Y0
2025-03-18 03:48:50,057 - INFO - StepE_Enter O071RVS4
2025-03-18 03:48:50,096 - INFO - StepE_Exit O071RVS4
2025-03-18 03:48:50,097 - INFO - StepE_Enter 9Y9PMOAW
2025-03-18 03:48:50,134 - INFO - StepE_Exit 9Y9PMOAW
2025-03-18 03:48:50,135 - INFO - StepE_Enter U63ITB2E
2025-03-18 03:48:50,173 - INFO - StepE_Exit U63ITB2E
2025-03-18 03:48:50,317 - INFO - StepE_Enter T7AWDEUU
2025-03-18 03:48:50,350 - INFO - StepE_Exit T7AWDEUU
2025-03-18 03:48:50,472 - INFO - StepE_Enter WHYIDO9R
2025-03-18 03:48:50,503 - INFO - StepE_Exit WHYIDO9R
2025-03-18 03:48:50,606 - INFO - StepE_Enter X1JF9BYH
2025-03-18 03:48:50,635 - INFO - StepE_Exit X1JF9BYH
2025-03-18 03:48:50,670 - INFO - StepE_Enter 9XMGBJ96
2025-03-18 03:48:50,714 - INFO - StepE_Exit 9XMGBJ96
2025-03-18 03:48:51,021 - INFO - StepE_Enter 3WNKI6O4
2025-03-18 03:48:51,056 - INFO - StepE_Exit 3WNKI6O4
2025-03-18 03:48:51,378 - INFO - StepE_Enter 2DOE9ASF
2025-03-18 03:48:51,408 - INFO - StepE_Exit 2DOE9ASF
2025-03-18 03:48:51,443 - INFO - StepE_Enter BDI4IZRY
2025-03-18 03:48:51,476 - INFO - StepE_Exit BDI4IZRY
2025-03-18 03:48:51,702 - INFO - StepE_Enter US7XJBCH
2025-03-18 03:48:51,734 - INFO - StepE_Exit US7XJBCH
2025-03-18 03:48:51,766 - INFO - StepE_Enter 2D6Y4MS8
2025-03-18 03:48:51,795 - INFO - StepE_Exit 2D6Y4MS8
2025-03-18 03:48:51,860 - INFO - StepE_Enter 10DUJA7K
2025-03-18 03:48:51,892 - INFO - StepE_Exit 10DUJA7K
2025-03-18 03:48:51,956 - INFO - StepE_Enter HESCD7P1
2025-03-18 03:48:51,995 - INFO - StepE_Exit HESCD7P1
2025-03-18 03:48:51,996 - INFO - StepE_Enter LL8AS7DJ
2025-03-18 03:48:52,028 - INFO - StepE_Exit LL8AS7DJ
2025-03-18 03:48:52,028 - INFO - StepE_Enter OA0ACB2Q
2025-03-18 03:48:52,067 - INFO - StepE_Exit OA0ACB2Q
2025-03-18 03:48:52,311 - INFO - StepE_Enter RCUI73VE
2025-03-18 03:48:52,345 - INFO - StepE_Exit RCUI73VE
2025-03-18 03:48:52,474 - INFO - StepE_Enter UP64LPF7
2025-03-18 03:48:52,508 - INFO - StepE_Exit UP64LPF7
2025-03-18 03:48:52,531 - INFO - StepE_Enter RVMVPWG4
2025-03-18 03:48:52,570 - INFO - StepE_Exit RVMVPWG4
2025-03-18 03:48:52,643 - INFO - StepE_Enter 3SR7P22B
2025-03-18 03:48:52,681 - INFO - StepE_Exit 3SR7P22B
2025-03-18 03:48:52,923 - INFO - StepE_Enter 10T7XTLQ
2025-03-18 03:48:52,959 - INFO - StepE_Exit 10T7XTLQ
2025-03-18 03:48:53,089 - INFO - StepE_Enter CD1TD4IX
2025-03-18 03:48:53,126 - INFO - StepE_Exit CD1TD4IX
2025-03-18 03:48:53,151 - INFO - StepE_Enter INLZ9R3H
2025-03-18 03:48:53,188 - INFO - StepE_Exit INLZ9R3H
2025-03-18 03:48:53,261 - INFO - StepE_Enter V7OM5BQD
2025-03-18 03:48:53,299 - INFO - StepE_Exit V7OM5BQD
2025-03-18 03:48:53,301 - INFO - StepE_Enter JROS1SMP
2025-03-18 03:48:53,337 - INFO - StepE_Exit JROS1SMP
2025-03-18 03:48:53,580 - INFO - StepE_Enter JTB4SO9O
2025-03-18 03:48:53,617 - INFO - StepE_Exit JTB4SO9O
2025-03-18 03:48:53,618 - INFO - StepE_Enter O93HAU3M
2025-03-18 03:48:53,658 - INFO - StepE_Exit O93HAU3M
2025-03-18 03:48:53,664 - INFO - StepE_Enter IKWTSCEJ
2025-03-18 03:48:53,698 - INFO - StepE_Exit IKWTSCEJ
2025-03-18 03:48:53,793 - INFO - StepE_Enter OKJ8GNT9
2025-03-18 03:48:53,828 - INFO - StepE_Exit OKJ8GNT9
2025-03-18 03:48:54,115 - INFO - StepE_Enter 4I8GFRPN
2025-03-18 03:48:54,153 - INFO - StepE_Exit 4I8GFRPN
2025-03-18 03:48:54,279 - INFO - StepE_Enter LMPYMDWN
2025-03-18 03:48:54,317 - INFO - StepE_Exit LMPYMDWN
2025-03-18 03:48:54,375 - INFO - StepE_Enter L72D24P6
2025-03-18 03:48:54,412 - INFO - StepE_Exit L72D24P6
2025-03-18 03:48:54,569 - INFO - StepE_Enter GIJPJPUP
2025-03-18 03:48:54,606 - INFO - StepE_Exit GIJPJPUP
2025-03-18 03:48:55,280 - INFO - StepE_Enter SDPMEN9P
2025-03-18 03:48:55,322 - INFO - StepE_Exit SDPMEN9P
2025-03-18 03:48:55,375 - INFO - StepE_Enter NIKUDXUH
2025-03-18 03:48:55,411 - INFO - StepE_Exit NIKUDXUH
2025-03-18 03:48:55,510 - INFO - StepE_Enter OTGFW13S
2025-03-18 03:48:55,543 - INFO - StepE_Exit OTGFW13S
2025-03-18 03:48:55,669 - INFO - StepE_Enter XLIDYRXF
2025-03-18 03:48:55,743 - INFO - StepE_Exit XLIDYRXF
2025-03-18 03:48:56,468 - INFO - StepE_Enter ZSODFZG1
2025-03-18 03:48:56,514 - INFO - StepE_Exit ZSODFZG1
2025-03-18 03:48:56,516 - INFO - StepE_Enter AIGYJF6K
2025-03-18 03:48:56,554 - INFO - StepE_Exit AIGYJF6K
2025-03-18 03:48:56,791 - INFO - StepE_Enter 4IGJ6NDK
2025-03-18 03:48:56,825 - INFO - StepE_Exit 4IGJ6NDK
2025-03-18 03:48:56,897 - INFO - StepE_Enter L9VFEMHM
2025-03-18 03:48:56,939 - INFO - StepE_Exit L9VFEMHM
2025-03-18 03:48:56,986 - INFO - StepE_Enter VZUQ08DQ
2025-03-18 03:48:57,024 - INFO - StepE_Exit VZUQ08DQ
2025-03-18 03:48:57,025 - INFO - StepE_Enter G2YTZBQH
2025-03-18 03:48:57,059 - INFO - StepE_Exit G2YTZBQH
2025-03-18 03:48:57,402 - INFO - StepE_Enter F8UZUK8N
2025-03-18 03:48:57,439 - INFO - StepE_Exit F8UZUK8N
2025-03-18 03:48:57,626 - INFO - StepE_Enter 1F1XVFB7
2025-03-18 03:48:57,664 - INFO - StepE_Exit 1F1XVFB7
2025-03-18 03:48:58,051 - INFO - StepE_Enter ZWGIZJRJ
2025-03-18 03:48:58,091 - INFO - StepE_Exit ZWGIZJRJ
2025-03-18 03:48:58,529 - INFO - StepE_Enter H7L03DSD
2025-03-18 03:48:58,563 - INFO - StepE_Exit H7L03DSD
2025-03-18 03:48:58,754 - INFO - StepE_Enter 9NKIAH32
2025-03-18 03:48:58,789 - INFO - StepE_Exit 9NKIAH32
2025-03-18 03:48:58,790 - INFO - StepE_Enter Q1MFWGX0
2025-03-18 03:48:58,823 - INFO - StepE_Exit Q1MFWGX0
2025-03-18 03:48:59,049 - INFO - StepE_Enter TKEWZY2F
2025-03-18 03:48:59,080 - INFO - StepE_Exit TKEWZY2F
2025-03-18 03:48:59,339 - INFO - StepE_Enter GROE6G16
2025-03-18 03:48:59,374 - INFO - StepE_Exit GROE6G16
2025-03-18 03:48:59,560 - INFO - StepE_Enter 53EFU9G0
2025-03-18 03:48:59,600 - INFO - StepE_Exit 53EFU9G0
2025-03-18 03:48:59,709 - INFO - StepE_Enter 95D8O7EP
2025-03-18 03:48:59,746 - INFO - StepE_Exit 95D8O7EP
2025-03-18 03:48:59,750 - INFO - StepE_Enter 214Y2PV8
2025-03-18 03:48:59,784 - INFO - StepE_Exit 214Y2PV8
2025-03-18 03:49:00,318 - INFO - StepE_Enter 7VQR82ZK
2025-03-18 03:49:00,354 - INFO - StepE_Exit 7VQR82ZK
2025-03-18 03:49:00,705 - INFO - StepE_Enter XGDJBX6V
2025-03-18 03:49:00,738 - INFO - StepE_Exit XGDJBX6V
2025-03-18 03:49:00,883 - INFO - StepE_Enter ZKVYGLLC
2025-03-18 03:49:00,916 - INFO - StepE_Exit ZKVYGLLC
2025-03-18 03:49:01,073 - INFO - StepE_Enter XUUPAOQB
2025-03-18 03:49:01,105 - INFO - StepE_Exit XUUPAOQB
2025-03-18 03:49:01,396 - INFO - StepE_Enter K9UUHV47
2025-03-18 03:49:01,429 - INFO - StepE_Exit K9UUHV47
2025-03-18 03:49:01,554 - INFO - StepE_Enter 884IW2BQ
2025-03-18 03:49:01,587 - INFO - StepE_Exit 884IW2BQ
2025-03-18 03:49:01,621 - INFO - StepE_Enter A6TKEFTH
2025-03-18 03:49:01,654 - INFO - StepE_Exit A6TKEFTH
2025-03-18 03:49:01,688 - INFO - StepE_Enter GDY9PGYB
2025-03-18 03:49:01,722 - INFO - StepE_Exit GDY9PGYB
2025-03-18 03:49:02,437 - INFO - StepE_Enter Z1866OYS
2025-03-18 03:49:02,473 - INFO - StepE_Exit Z1866OYS
2025-03-18 03:49:02,694 - INFO - StepE_Enter 6TCE2Q6Z
2025-03-18 03:49:02,725 - INFO - StepE_Exit 6TCE2Q6Z
2025-03-18 03:49:03,000 - INFO - StepE_Enter 9F6OELJJ
2025-03-18 03:49:03,031 - INFO - StepE_Exit 9F6OELJJ
2025-03-18 03:49:03,048 - INFO - StepE_Enter 8XSQBKPJ
2025-03-18 03:49:03,077 - INFO - StepE_Exit 8XSQBKPJ
2025-03-18 03:49:03,715 - INFO - StepE_Enter T2AZ64JX
2025-03-18 03:49:03,747 - INFO - StepE_Exit T2AZ64JX
2025-03-18 03:49:03,792 - INFO - StepE_Enter QN5B01B7
2025-03-18 03:49:03,825 - INFO - StepE_Exit QN5B01B7
2025-03-18 03:49:04,145 - INFO - StepE_Enter 1OWVKGY2
2025-03-18 03:49:04,179 - INFO - StepE_Exit 1OWVKGY2
2025-03-18 03:49:04,402 - INFO - StepE_Enter KUBV0W6V
2025-03-18 03:49:04,436 - INFO - StepE_Exit KUBV0W6V
2025-03-18 03:49:04,438 - INFO - StepE_Enter QLE7YCLJ
2025-03-18 03:49:04,469 - INFO - StepE_Exit QLE7YCLJ
2025-03-18 03:49:04,528 - INFO - StepE_Enter H6RSPRXF
2025-03-18 03:49:04,559 - INFO - StepE_Exit H6RSPRXF
2025-03-18 03:49:04,564 - INFO - StepE_Enter 7LHQI9AH
2025-03-18 03:49:04,601 - INFO - StepE_Exit 7LHQI9AH
2025-03-18 03:49:04,659 - INFO - StepE_Enter VPK815TA
2025-03-18 03:49:04,690 - INFO - StepE_Exit VPK815TA
2025-03-18 03:49:04,835 - INFO - StepE_Enter 0IGK4FT7
2025-03-18 03:49:04,868 - INFO - StepE_Exit 0IGK4FT7
2025-03-18 03:49:04,869 - INFO - StepE_Enter 5HXYNM13
2025-03-18 03:49:04,903 - INFO - StepE_Exit 5HXYNM13
2025-03-18 03:49:04,916 - INFO - StepE_Enter L23Y4HJD
2025-03-18 03:49:04,948 - INFO - StepE_Exit L23Y4HJD
2025-03-18 03:49:05,304 - INFO - StepE_Enter 2B3QHLUG
2025-03-18 03:49:05,339 - INFO - StepE_Exit 2B3QHLUG
2025-03-18 03:49:05,340 - INFO - StepE_Enter 0LKCBW1O
2025-03-18 03:49:05,376 - INFO - StepE_Exit 0LKCBW1O
2025-03-18 03:49:05,498 - INFO - StepE_Enter 3RLQR33B
2025-03-18 03:49:05,531 - INFO - StepE_Exit 3RLQR33B
2025-03-18 03:49:05,631 - INFO - StepE_Enter GQXDZN54
2025-03-18 03:49:05,671 - INFO - StepE_Exit GQXDZN54
2025-03-18 03:49:05,690 - INFO - StepE_Enter 3JQN416U
2025-03-18 03:49:05,723 - INFO - StepE_Exit 3JQN416U
2025-03-18 03:49:05,820 - INFO - StepE_Enter ROB69T9B
2025-03-18 03:49:05,856 - INFO - StepE_Exit ROB69T9B
2025-03-18 03:49:05,887 - INFO - StepE_Enter YZKAGO9J
2025-03-18 03:49:05,921 - INFO - StepE_Exit YZKAGO9J
2025-03-18 03:49:06,176 - INFO - StepE_Enter VRWJYNBM
2025-03-18 03:49:06,220 - INFO - StepE_Exit VRWJYNBM
2025-03-18 03:49:06,466 - INFO - StepE_Enter MB57EV2Z
2025-03-18 03:49:06,501 - INFO - StepE_Exit MB57EV2Z
2025-03-18 03:49:06,723 - INFO - StepE_Enter DIZYVBXK
2025-03-18 03:49:06,758 - INFO - StepE_Exit DIZYVBXK
2025-03-18 03:49:07,136 - INFO - StepE_Enter 7HSCJ77E
2025-03-18 03:49:07,177 - INFO - StepE_Exit 7HSCJ77E
2025-03-18 03:49:07,856 - INFO - StepE_Enter ZCN1HPVC
2025-03-18 03:49:07,892 - INFO - StepE_Exit ZCN1HPVC
2025-03-18 03:49:08,233 - INFO - StepE_Enter 61VVNEV4
2025-03-18 03:49:08,269 - INFO - StepE_Exit 61VVNEV4
2025-03-18 03:49:08,367 - INFO - StepE_Enter KE5VH8QE
2025-03-18 03:49:08,409 - INFO - StepE_Exit KE5VH8QE
2025-03-18 03:49:08,434 - INFO - StepE_Enter MV07HVTI
2025-03-18 03:49:08,482 - INFO - StepE_Exit MV07HVTI
2025-03-18 03:49:08,483 - INFO - StepE_Enter 6ATTB9N9
2025-03-18 03:49:08,524 - INFO - StepE_Exit 6ATTB9N9
2025-03-18 03:49:09,174 - INFO - StepE_Enter L4XS6QDJ
2025-03-18 03:49:09,210 - INFO - StepE_Exit L4XS6QDJ
2025-03-18 03:49:09,623 - INFO - StepE_Enter KMKTQPJ8
2025-03-18 03:49:09,658 - INFO - StepE_Exit KMKTQPJ8
2025-03-18 03:49:09,687 - INFO - StepE_Enter 17LCOF7Z
2025-03-18 03:49:09,722 - INFO - StepE_Exit 17LCOF7Z
2025-03-18 03:49:09,753 - INFO - StepE_Enter WHLZMBVD
2025-03-18 03:49:09,785 - INFO - StepE_Exit WHLZMBVD
2025-03-18 03:49:09,913 - INFO - StepE_Enter B5L3HMHT
2025-03-18 03:49:09,944 - INFO - StepE_Exit B5L3HMHT
2025-03-18 03:49:10,040 - INFO - StepE_Enter M0IVG14R
2025-03-18 03:49:10,075 - INFO - StepE_Exit M0IVG14R
2025-03-18 03:49:10,077 - INFO - StepE_Enter 64S9HDIQ
2025-03-18 03:49:10,110 - INFO - StepE_Exit 64S9HDIQ
2025-03-18 03:49:10,139 - INFO - StepE_Enter JD85G6Z5
2025-03-18 03:49:10,169 - INFO - StepE_Exit JD85G6Z5
2025-03-18 03:49:10,266 - INFO - StepE_Enter R5MXCJNV
2025-03-18 03:49:10,304 - INFO - StepE_Exit R5MXCJNV
2025-03-18 03:49:10,496 - INFO - StepE_Enter U4EY32IG
2025-03-18 03:49:10,536 - INFO - StepE_Exit U4EY32IG
2025-03-18 03:49:10,687 - INFO - StepE_Enter A5S323TK
2025-03-18 03:49:10,719 - INFO - StepE_Exit A5S323TK
2025-03-18 03:49:10,751 - INFO - StepE_Enter 6GQZL22S
2025-03-18 03:49:10,783 - INFO - StepE_Exit 6GQZL22S
2025-03-18 03:49:11,556 - INFO - StepE_Enter O66OFO0L
2025-03-18 03:49:11,593 - INFO - StepE_Exit O66OFO0L
2025-03-18 03:49:11,686 - INFO - StepE_Enter SKW146J4
2025-03-18 03:49:11,730 - INFO - StepE_Exit SKW146J4
2025-03-18 03:49:11,749 - INFO - StepE_Enter 0ZM20XFL
2025-03-18 03:49:11,783 - INFO - StepE_Exit 0ZM20XFL
2025-03-18 03:49:11,974 - INFO - StepE_Enter IBBG6A5F
2025-03-18 03:49:12,007 - INFO - StepE_Exit IBBG6A5F
2025-03-18 03:49:12,083 - INFO - StepE_Enter EPNSW801
2025-03-18 03:49:12,119 - INFO - StepE_Exit EPNSW801
2025-03-18 03:49:12,207 - INFO - StepE_Enter SDOGSGWH
2025-03-18 03:49:12,237 - INFO - StepE_Exit SDOGSGWH
2025-03-18 03:49:12,345 - INFO - StepE_Enter FWZE95TN
2025-03-18 03:49:12,383 - INFO - StepE_Exit FWZE95TN
2025-03-18 03:49:12,489 - INFO - StepE_Enter O6I6ZDBV
2025-03-18 03:49:12,529 - INFO - StepE_Exit O6I6ZDBV
2025-03-18 03:49:12,618 - INFO - StepE_Enter 08Z23U81
2025-03-18 03:49:12,657 - INFO - StepE_Exit 08Z23U81
2025-03-18 03:49:12,846 - INFO - StepE_Enter V5CZ2LP8
2025-03-18 03:49:12,880 - INFO - StepE_Exit V5CZ2LP8
2025-03-18 03:49:13,169 - INFO - StepE_Enter BVW8U5VO
2025-03-18 03:49:13,204 - INFO - StepE_Exit BVW8U5VO
2025-03-18 03:49:13,617 - INFO - StepE_Enter HMPJXRAE
2025-03-18 03:49:13,650 - INFO - StepE_Exit HMPJXRAE
2025-03-18 03:49:13,651 - INFO - StepE_Enter 4M28WSB5
2025-03-18 03:49:13,682 - INFO - StepE_Exit 4M28WSB5
2025-03-18 03:49:13,779 - INFO - StepE_Enter TS8SFJL3
2025-03-18 03:49:13,815 - INFO - StepE_Exit TS8SFJL3
2025-03-18 03:49:14,296 - INFO - StepE_Enter 3ABWS9Y4
2025-03-18 03:49:14,329 - INFO - StepE_Exit 3ABWS9Y4
2025-03-18 03:49:14,836 - INFO - StepE_Enter 2S61SGYS
2025-03-18 03:49:14,870 - INFO - StepE_Exit 2S61SGYS
2025-03-18 03:49:15,169 - INFO - StepE_Enter A9IPR4T3
2025-03-18 03:49:15,204 - INFO - StepE_Exit A9IPR4T3
2025-03-18 03:49:15,393 - INFO - StepE_Enter V6Y6NYVL
2025-03-18 03:49:15,425 - INFO - StepE_Exit V6Y6NYVL
2025-03-18 03:49:15,461 - INFO - StepE_Enter 8DNEU8FO
2025-03-18 03:49:15,495 - INFO - StepE_Exit 8DNEU8FO
2025-03-18 03:49:15,667 - INFO - StepE_Enter Y8O570NL
2025-03-18 03:49:15,710 - INFO - StepE_Exit Y8O570NL
2025-03-18 03:49:15,974 - INFO - StepE_Enter TPZT6RQU
2025-03-18 03:49:16,008 - INFO - StepE_Exit TPZT6RQU
2025-03-18 03:49:16,050 - INFO - StepE_Enter ABK47R94
2025-03-18 03:49:16,082 - INFO - StepE_Exit ABK47R94
2025-03-18 03:49:16,209 - INFO - StepE_Enter 4GBKZF8J
2025-03-18 03:49:16,239 - INFO - StepE_Exit 4GBKZF8J
2025-03-18 03:49:16,362 - INFO - StepE_Enter O1BSPSAW
2025-03-18 03:49:16,395 - INFO - StepE_Exit O1BSPSAW
2025-03-18 03:49:16,425 - INFO - StepE_Enter G455MVJT
2025-03-18 03:49:16,457 - INFO - StepE_Exit G455MVJT
2025-03-18 03:49:16,712 - INFO - StepE_Enter 4IUW582Z
2025-03-18 03:49:16,751 - INFO - StepE_Exit 4IUW582Z
2025-03-18 03:49:16,846 - INFO - StepE_Enter OTF0C7RX
2025-03-18 03:49:16,882 - INFO - StepE_Exit OTF0C7RX
2025-03-18 03:49:16,917 - INFO - StepE_Enter Z9PPCMQS
2025-03-18 03:49:16,948 - INFO - StepE_Exit Z9PPCMQS
2025-03-18 03:49:16,949 - INFO - StepE_Enter NM3NFQBX
2025-03-18 03:49:16,982 - INFO - StepE_Exit NM3NFQBX
2025-03-18 03:49:17,261 - INFO - StepE_Enter UE68GSSD
2025-03-18 03:49:17,299 - INFO - StepE_Exit UE68GSSD
2025-03-18 03:49:17,300 - INFO - StepE_Enter LHAEBA9Z
2025-03-18 03:49:17,332 - INFO - StepE_Exit LHAEBA9Z
2025-03-18 03:49:17,746 - INFO - StepE_Enter 5VY40QAN
2025-03-18 03:49:17,783 - INFO - StepE_Exit 5VY40QAN
2025-03-18 03:49:17,784 - INFO - StepE_Enter XBWKGZXH
2025-03-18 03:49:17,816 - INFO - StepE_Exit XBWKGZXH
2025-03-18 03:49:18,072 - INFO - StepE_Enter E8KVRI0I
2025-03-18 03:49:18,103 - INFO - StepE_Exit E8KVRI0I
2025-03-18 03:49:18,134 - INFO - StepE_Enter 2REBZJ1I
2025-03-18 03:49:18,166 - INFO - StepE_Exit 2REBZJ1I
2025-03-18 03:49:18,167 - INFO - StepE_Enter L0FPHDZ2
2025-03-18 03:49:18,199 - INFO - StepE_Exit L0FPHDZ2
2025-03-18 03:49:18,427 - INFO - StepE_Enter IGVG43XT
2025-03-18 03:49:18,460 - INFO - StepE_Exit IGVG43XT
2025-03-18 03:49:18,939 - INFO - StepE_Enter 8TRPHLMG
2025-03-18 03:49:18,969 - INFO - StepE_Exit 8TRPHLMG
2025-03-18 03:49:19,200 - INFO - StepE_Enter Z3AUHXU4
2025-03-18 03:49:19,232 - INFO - StepE_Exit Z3AUHXU4
2025-03-18 03:49:19,459 - INFO - StepE_Enter UA1C6G62
2025-03-18 03:49:19,492 - INFO - StepE_Exit UA1C6G62
2025-03-18 03:49:19,548 - INFO - StepE_Enter VO1BMGK5
2025-03-18 03:49:19,579 - INFO - StepE_Exit VO1BMGK5
2025-03-18 03:49:19,594 - INFO - StepE_Enter 4O329T7K
2025-03-18 03:49:19,627 - INFO - StepE_Exit 4O329T7K
2025-03-18 03:49:19,746 - INFO - StepE_Enter DIQO0I5N
2025-03-18 03:49:19,782 - INFO - StepE_Exit DIQO0I5N
2025-03-18 03:49:19,811 - INFO - StepE_Enter LC29SBJH
2025-03-18 03:49:19,844 - INFO - StepE_Exit LC29SBJH
2025-03-18 03:49:20,519 - INFO - StepE_Enter CSVBS0K2
2025-03-18 03:49:20,550 - INFO - StepE_Exit CSVBS0K2
2025-03-18 03:49:20,553 - INFO - StepE_Enter H4I22Y93
2025-03-18 03:49:20,585 - INFO - StepE_Exit H4I22Y93
2025-03-18 03:49:20,616 - INFO - StepE_Enter Z5UKQSE4
2025-03-18 03:49:20,647 - INFO - StepE_Exit Z5UKQSE4
2025-03-18 03:49:20,648 - INFO - StepE_Enter 2ODPCEBQ
2025-03-18 03:49:20,685 - INFO - StepE_Exit 2ODPCEBQ
2025-03-18 03:49:21,071 - INFO - StepE_Enter JS8TG4CJ
2025-03-18 03:49:21,106 - INFO - StepE_Exit JS8TG4CJ
2025-03-18 03:49:21,107 - INFO - StepE_Enter SS2AK6M3
2025-03-18 03:49:21,140 - INFO - StepE_Exit SS2AK6M3
2025-03-18 03:49:21,141 - INFO - StepE_Enter 4QTYFAK9
2025-03-18 03:49:21,172 - INFO - StepE_Exit 4QTYFAK9
2025-03-18 03:49:21,332 - INFO - StepE_Enter ZVBWIMKL
2025-03-18 03:49:21,362 - INFO - StepE_Exit ZVBWIMKL
2025-03-18 03:49:22,584 - INFO - StepE_Enter RLP3RC8N
2025-03-18 03:49:22,625 - INFO - StepE_Exit RLP3RC8N
2025-03-18 03:49:23,136 - INFO - StepE_Enter U4LZ4JQH
2025-03-18 03:49:23,170 - INFO - StepE_Exit U4LZ4JQH
2025-03-18 03:49:23,425 - INFO - StepE_Enter JVCG6AH2
2025-03-18 03:49:23,459 - INFO - StepE_Exit JVCG6AH2
2025-03-18 03:49:23,693 - INFO - StepE_Enter SJQMXQD6
2025-03-18 03:49:23,724 - INFO - StepE_Exit SJQMXQD6
2025-03-18 03:49:23,783 - INFO - StepE_Enter LP45I8WJ
2025-03-18 03:49:23,814 - INFO - StepE_Exit LP45I8WJ
2025-03-18 03:49:23,816 - INFO - StepE_Enter OOSNA8YH
2025-03-18 03:49:23,850 - INFO - StepE_Exit OOSNA8YH
2025-03-18 03:49:23,943 - INFO - StepE_Enter I9CA1S8J
2025-03-18 03:49:23,980 - INFO - StepE_Exit I9CA1S8J
2025-03-18 03:49:24,135 - INFO - StepE_Enter B6O3ZSCU
2025-03-18 03:49:24,167 - INFO - StepE_Exit B6O3ZSCU
2025-03-18 03:49:24,424 - INFO - StepE_Enter B1R4TUHH
2025-03-18 03:49:24,459 - INFO - StepE_Exit B1R4TUHH
2025-03-18 03:49:24,686 - INFO - StepE_Enter GLQZKVTE
2025-03-18 03:49:24,720 - INFO - StepE_Exit GLQZKVTE
2025-03-18 03:49:24,842 - INFO - StepE_Enter QOP5EB0L
2025-03-18 03:49:24,875 - INFO - StepE_Exit QOP5EB0L
2025-03-18 03:49:24,967 - INFO - StepE_Enter NBMUYTF3
2025-03-18 03:49:25,001 - INFO - StepE_Exit NBMUYTF3
2025-03-18 03:49:25,427 - INFO - StepE_Enter 5VP6AD50
2025-03-18 03:49:25,459 - INFO - StepE_Exit 5VP6AD50
2025-03-18 03:49:25,710 - INFO - StepE_Enter Y7Y78O5U
2025-03-18 03:49:25,741 - INFO - StepE_Exit Y7Y78O5U
2025-03-18 03:49:25,774 - INFO - StepE_Enter RSCVE236
2025-03-18 03:49:25,805 - INFO - StepE_Exit RSCVE236
2025-03-18 03:49:26,295 - INFO - StepE_Enter U4WEDD4F
2025-03-18 03:49:26,331 - INFO - StepE_Exit U4WEDD4F
2025-03-18 03:49:26,388 - INFO - StepE_Enter 2IE8ZJ7Q
2025-03-18 03:49:26,424 - INFO - StepE_Exit 2IE8ZJ7Q
2025-03-18 03:49:26,518 - INFO - StepE_Enter HWWYWMTN
2025-03-18 03:49:26,554 - INFO - StepE_Exit HWWYWMTN
2025-03-18 03:49:26,727 - INFO - StepE_Enter 2VG7LUL2
2025-03-18 03:49:26,762 - INFO - StepE_Exit 2VG7LUL2
2025-03-18 03:49:27,191 - INFO - StepE_Enter 7BUQVPYY
2025-03-18 03:49:27,224 - INFO - StepE_Exit 7BUQVPYY
2025-03-18 03:49:27,259 - INFO - StepE_Enter JRMTUP7F
2025-03-18 03:49:27,295 - INFO - StepE_Exit JRMTUP7F
2025-03-18 03:49:27,302 - INFO - StepE_Enter 48S17V9C
2025-03-18 03:49:27,337 - INFO - StepE_Exit 48S17V9C
2025-03-18 03:49:27,457 - INFO - StepE_Enter BSWLW51A
2025-03-18 03:49:27,488 - INFO - StepE_Exit BSWLW51A
2025-03-18 03:49:27,622 - INFO - StepE_Enter YPOV6JY3
2025-03-18 03:49:27,658 - INFO - StepE_Exit YPOV6JY3
2025-03-18 03:49:27,678 - INFO - StepE_Enter 0DN3WCHG
2025-03-18 03:49:27,713 - INFO - StepE_Exit 0DN3WCHG
2025-03-18 03:49:27,807 - INFO - StepE_Enter OCRT395R
2025-03-18 03:49:27,841 - INFO - StepE_Exit OCRT395R
2025-03-18 03:49:27,999 - INFO - StepE_Enter 4M82Q5FA
2025-03-18 03:49:28,031 - INFO - StepE_Exit 4M82Q5FA
2025-03-18 03:49:28,516 - INFO - StepE_Enter QE70U73D
2025-03-18 03:49:28,549 - INFO - StepE_Exit QE70U73D
2025-03-18 03:49:29,002 - INFO - StepE_Enter OGYHK6HG
2025-03-18 03:49:29,035 - INFO - StepE_Exit OGYHK6HG
2025-03-18 03:49:29,094 - INFO - StepE_Enter NICCM7KO
2025-03-18 03:49:29,135 - INFO - StepE_Exit NICCM7KO
2025-03-18 03:49:29,136 - INFO - StepE_Enter 7D8V7DTD
2025-03-18 03:49:29,170 - INFO - StepE_Exit 7D8V7DTD
2025-03-18 03:49:29,194 - INFO - StepE_Enter Q8EMM2MT
2025-03-18 03:49:29,225 - INFO - StepE_Exit Q8EMM2MT
2025-03-18 03:49:29,285 - INFO - StepE_Enter HVYZZE8N
2025-03-18 03:49:29,319 - INFO - StepE_Exit HVYZZE8N
2025-03-18 03:49:29,550 - INFO - StepE_Enter TWNA821V
2025-03-18 03:49:29,584 - INFO - StepE_Exit TWNA821V
2025-03-18 03:49:29,803 - INFO - StepE_Enter V8WTN6FV
2025-03-18 03:49:29,838 - INFO - StepE_Exit V8WTN6FV
2025-03-18 03:49:29,938 - INFO - StepE_Enter MA1RNSPE
2025-03-18 03:49:29,974 - INFO - StepE_Exit MA1RNSPE
2025-03-18 03:49:30,450 - INFO - StepE_Enter PTPM45GU
2025-03-18 03:49:30,484 - INFO - StepE_Exit PTPM45GU
2025-03-18 03:49:30,490 - INFO - StepE_Enter QRLKBBWS
2025-03-18 03:49:30,522 - INFO - StepE_Exit QRLKBBWS
2025-03-18 03:49:30,873 - INFO - StepE_Enter 7GFQSL3Y
2025-03-18 03:49:30,908 - INFO - StepE_Exit 7GFQSL3Y
2025-03-18 03:49:30,908 - INFO - StepE_Enter P79896HW
2025-03-18 03:49:30,943 - INFO - StepE_Exit P79896HW
2025-03-18 03:49:31,125 - INFO - StepE_Enter JWXWEUYW
2025-03-18 03:49:31,157 - INFO - StepE_Exit JWXWEUYW
2025-03-18 03:49:31,278 - INFO - StepE_Enter U7ROR95M
2025-03-18 03:49:31,311 - INFO - StepE_Exit U7ROR95M
2025-03-18 03:49:31,491 - INFO - StepE_Enter N00WTSNC
2025-03-18 03:49:31,524 - INFO - StepE_Exit N00WTSNC
2025-03-18 03:49:31,549 - INFO - StepE_Enter VPJPI41T
2025-03-18 03:49:31,586 - INFO - StepE_Exit VPJPI41T
2025-03-18 03:49:31,723 - INFO - StepE_Enter B0SRICI2
2025-03-18 03:49:31,754 - INFO - StepE_Exit B0SRICI2
2025-03-18 03:49:31,804 - INFO - StepE_Enter STUSQF3J
2025-03-18 03:49:31,837 - INFO - StepE_Exit STUSQF3J
2025-03-18 03:49:32,033 - INFO - StepE_Enter VR0S7NPS
2025-03-18 03:49:32,063 - INFO - StepE_Exit VR0S7NPS
2025-03-18 03:49:32,165 - INFO - StepE_Enter PLT17I3F
2025-03-18 03:49:32,195 - INFO - StepE_Exit PLT17I3F
2025-03-18 03:49:32,328 - INFO - StepE_Enter 9HMIAN7B
2025-03-18 03:49:32,361 - INFO - StepE_Exit 9HMIAN7B
2025-03-18 03:49:32,428 - INFO - StepE_Enter Z1L0B20N
2025-03-18 03:49:32,463 - INFO - StepE_Exit Z1L0B20N
2025-03-18 03:49:32,586 - INFO - StepE_Enter 705OHXIR
2025-03-18 03:49:32,624 - INFO - StepE_Exit 705OHXIR
2025-03-18 03:49:32,980 - INFO - StepE_Enter 4S2F81F8
2025-03-18 03:49:33,012 - INFO - StepE_Exit 4S2F81F8
2025-03-18 03:49:33,528 - INFO - StepE_Enter O1O02VC6
2025-03-18 03:49:33,563 - INFO - StepE_Exit O1O02VC6
2025-03-18 03:49:33,591 - INFO - StepE_Enter DNRSHB7X
2025-03-18 03:49:33,630 - INFO - StepE_Exit DNRSHB7X
2025-03-18 03:49:33,631 - INFO - StepE_Enter HV3S5JPX
2025-03-18 03:49:33,663 - INFO - StepE_Exit HV3S5JPX
2025-03-18 03:49:33,891 - INFO - StepE_Enter N4W3IYIP
2025-03-18 03:49:33,924 - INFO - StepE_Exit N4W3IYIP
2025-03-18 03:49:34,019 - INFO - StepE_Enter 7EUBHMPA
2025-03-18 03:49:34,054 - INFO - StepE_Exit 7EUBHMPA
2025-03-18 03:49:34,055 - INFO - StepE_Enter OG8MDQ0S
2025-03-18 03:49:34,086 - INFO - StepE_Exit OG8MDQ0S
2025-03-18 03:49:34,111 - INFO - StepE_Enter 3R59BAH2
2025-03-18 03:49:34,148 - INFO - StepE_Exit 3R59BAH2
2025-03-18 03:49:34,171 - INFO - StepE_Enter QDMO4A5E
2025-03-18 03:49:34,213 - INFO - StepE_Exit QDMO4A5E
2025-03-18 03:49:34,338 - INFO - StepE_Enter RMDKM7XK
2025-03-18 03:49:34,371 - INFO - StepE_Exit RMDKM7XK
2025-03-18 03:49:34,530 - INFO - StepE_Enter CF33R3TN
2025-03-18 03:49:34,564 - INFO - StepE_Exit CF33R3TN
2025-03-18 03:49:34,597 - INFO - StepE_Enter 6S4WS6XJ
2025-03-18 03:49:34,629 - INFO - StepE_Exit 6S4WS6XJ
2025-03-18 03:49:34,851 - INFO - StepE_Enter U2P4T9WU
2025-03-18 03:49:34,884 - INFO - StepE_Exit U2P4T9WU
2025-03-18 03:49:34,886 - INFO - StepE_Enter A4U1FZGQ
2025-03-18 03:49:34,918 - INFO - StepE_Exit A4U1FZGQ
2025-03-18 03:49:35,047 - INFO - StepE_Enter WWZBHUKG
2025-03-18 03:49:35,079 - INFO - StepE_Exit WWZBHUKG
2025-03-18 03:49:35,270 - INFO - StepE_Enter 3H8N2B66
2025-03-18 03:49:35,307 - INFO - StepE_Exit 3H8N2B66
2025-03-18 03:49:35,432 - INFO - StepE_Enter 6JT49L0W
2025-03-18 03:49:35,464 - INFO - StepE_Exit 6JT49L0W
2025-03-18 03:49:35,683 - INFO - StepE_Enter PDNLAQ9G
2025-03-18 03:49:35,720 - INFO - StepE_Exit PDNLAQ9G
2025-03-18 03:49:35,786 - INFO - StepE_Enter 7M1ZX4EE
2025-03-18 03:49:35,820 - INFO - StepE_Exit 7M1ZX4EE
2025-03-18 03:49:36,170 - INFO - StepE_Enter EH0NQI6O
2025-03-18 03:49:36,203 - INFO - StepE_Exit EH0NQI6O
2025-03-18 03:49:36,247 - INFO - StepE_Enter OPRU5WEW
2025-03-18 03:49:36,278 - INFO - StepE_Exit OPRU5WEW
2025-03-18 03:49:36,592 - INFO - StepE_Enter RIKAS070
2025-03-18 03:49:36,628 - INFO - StepE_Exit RIKAS070
2025-03-18 03:49:36,687 - INFO - StepE_Enter 32U0LEIU
2025-03-18 03:49:36,717 - INFO - StepE_Exit 32U0LEIU
2025-03-18 03:49:36,878 - INFO - StepE_Enter MZTCX14F
2025-03-18 03:49:36,913 - INFO - StepE_Exit MZTCX14F
2025-03-18 03:49:37,104 - INFO - StepE_Enter 3SG6JQUO
2025-03-18 03:49:37,138 - INFO - StepE_Exit 3SG6JQUO
2025-03-18 03:49:37,495 - INFO - StepE_Enter Y633VEOI
2025-03-18 03:49:37,530 - INFO - StepE_Exit Y633VEOI
2025-03-18 03:49:38,013 - INFO - StepE_Enter 4380PWPN
2025-03-18 03:49:38,050 - INFO - StepE_Exit 4380PWPN
2025-03-18 03:49:38,074 - INFO - StepE_Enter BV2RUGGY
2025-03-18 03:49:38,108 - INFO - StepE_Exit BV2RUGGY
2025-03-18 03:49:38,109 - INFO - StepE_Enter CWWM8AZJ
2025-03-18 03:49:38,141 - INFO - StepE_Exit CWWM8AZJ
2025-03-18 03:49:38,897 - INFO - StepE_Enter Z5SS5G9X
2025-03-18 03:49:38,927 - INFO - StepE_Exit Z5SS5G9X
2025-03-18 03:49:39,026 - INFO - StepE_Enter ND5M3IR2
2025-03-18 03:49:39,061 - INFO - StepE_Exit ND5M3IR2
2025-03-18 03:49:39,441 - INFO - StepE_Enter HE94V2UU
2025-03-18 03:49:39,474 - INFO - StepE_Exit HE94V2UU
2025-03-18 03:49:39,604 - INFO - StepE_Enter J68ZJUBZ
2025-03-18 03:49:39,636 - INFO - StepE_Exit J68ZJUBZ
2025-03-18 03:49:39,893 - INFO - StepE_Enter V7ZH7NY0
2025-03-18 03:49:39,923 - INFO - StepE_Exit V7ZH7NY0
2025-03-18 03:49:39,924 - INFO - StepE_Enter BMCIGU1W
2025-03-18 03:49:39,955 - INFO - StepE_Exit BMCIGU1W
2025-03-18 03:49:40,473 - INFO - StepE_Enter HYI8QZ05
2025-03-18 03:49:40,506 - INFO - StepE_Exit HYI8QZ05
2025-03-18 03:49:40,605 - INFO - StepE_Enter W118DYWD
2025-03-18 03:49:40,640 - INFO - StepE_Exit W118DYWD
2025-03-18 03:49:40,700 - INFO - StepE_Enter K2L3GX04
2025-03-18 03:49:40,733 - INFO - StepE_Exit K2L3GX04
2025-03-18 03:49:40,958 - INFO - StepE_Enter TDAP77SK
2025-03-18 03:49:40,990 - INFO - StepE_Exit TDAP77SK
2025-03-18 03:49:41,156 - INFO - StepE_Enter P1PKBL58
2025-03-18 03:49:41,188 - INFO - StepE_Exit P1PKBL58
2025-03-18 03:49:41,189 - INFO - StepE_Enter YBCX03NG
2025-03-18 03:49:41,221 - INFO - StepE_Exit YBCX03NG
2025-03-18 03:49:41,633 - INFO - StepE_Enter VH9WB8V2
2025-03-18 03:49:41,666 - INFO - StepE_Exit VH9WB8V2
2025-03-18 03:49:41,861 - INFO - StepE_Enter 80FTB9VS
2025-03-18 03:49:41,890 - INFO - StepE_Exit 80FTB9VS
2025-03-18 03:49:41,892 - INFO - StepE_Enter C6ZAM3DY
2025-03-18 03:49:41,926 - INFO - StepE_Exit C6ZAM3DY
2025-03-18 03:49:42,087 - INFO - StepE_Enter OUVPTSV7
2025-03-18 03:49:42,119 - INFO - StepE_Exit OUVPTSV7
2025-03-18 03:49:42,665 - INFO - StepE_Enter V3EUMGK0
2025-03-18 03:49:42,696 - INFO - StepE_Exit V3EUMGK0
2025-03-18 03:49:42,731 - INFO - StepE_Enter CNFTZ75X
2025-03-18 03:49:42,761 - INFO - StepE_Exit CNFTZ75X
2025-03-18 03:49:42,793 - INFO - StepE_Enter 1CCZ3AD3
2025-03-18 03:49:42,825 - INFO - StepE_Exit 1CCZ3AD3
2025-03-18 03:49:42,825 - INFO - StepE_Enter 1TVLT7WY
2025-03-18 03:49:42,860 - INFO - StepE_Exit 1TVLT7WY
2025-03-18 03:49:43,503 - INFO - StepE_Enter E014RSEJ
2025-03-18 03:49:43,537 - INFO - StepE_Exit E014RSEJ
2025-03-18 03:49:43,538 - INFO - StepE_Enter VWWZSH37
2025-03-18 03:49:43,569 - INFO - StepE_Exit VWWZSH37
2025-03-18 03:49:43,570 - INFO - StepE_Enter 4TU0D5EK
2025-03-18 03:49:43,604 - INFO - StepE_Exit 4TU0D5EK
2025-03-18 03:49:43,728 - INFO - StepE_Enter UOGGHGV8
2025-03-18 03:49:43,759 - INFO - StepE_Exit UOGGHGV8
2025-03-18 03:49:43,888 - INFO - StepE_Enter RKT2DXZL
2025-03-18 03:49:43,919 - INFO - StepE_Exit RKT2DXZL
2025-03-18 03:49:44,049 - INFO - StepE_Enter OAIIQZ0K
2025-03-18 03:49:44,083 - INFO - StepE_Exit OAIIQZ0K
2025-03-18 03:49:44,408 - INFO - StepE_Enter VJ92GWG5
2025-03-18 03:49:44,441 - INFO - StepE_Exit VJ92GWG5
2025-03-18 03:49:44,545 - INFO - StepE_Enter GOW7S3IW
2025-03-18 03:49:44,578 - INFO - StepE_Exit GOW7S3IW
2025-03-18 03:49:44,868 - INFO - StepE_Enter Y4776UB7
2025-03-18 03:49:44,903 - INFO - StepE_Exit Y4776UB7
2025-03-18 03:49:44,993 - INFO - StepE_Enter UZ6JXKWJ
2025-03-18 03:49:45,026 - INFO - StepE_Exit UZ6JXKWJ
2025-03-18 03:49:45,027 - INFO - StepE_Enter C8YUU6PY
2025-03-18 03:49:45,061 - INFO - StepE_Exit C8YUU6PY
2025-03-18 03:49:45,605 - INFO - StepE_Enter A2BM3HAZ
2025-03-18 03:49:45,641 - INFO - StepE_Exit A2BM3HAZ
2025-03-18 03:49:45,665 - INFO - StepE_Enter TBITWQWN
2025-03-18 03:49:45,697 - INFO - StepE_Exit TBITWQWN
2025-03-18 03:49:45,829 - INFO - StepE_Enter JGNXARPY
2025-03-18 03:49:45,864 - INFO - StepE_Exit JGNXARPY
2025-03-18 03:49:45,865 - INFO - StepE_Enter OOUYGN8K
2025-03-18 03:49:45,894 - INFO - StepE_Exit OOUYGN8K
2025-03-18 03:49:45,926 - INFO - StepE_Enter S962QD8C
2025-03-18 03:49:45,961 - INFO - StepE_Exit S962QD8C
2025-03-18 03:49:46,215 - INFO - StepE_Enter XPBJQKLN
2025-03-18 03:49:46,249 - INFO - StepE_Exit XPBJQKLN
2025-03-18 03:49:46,259 - INFO - StepE_Enter L8CR64JK
2025-03-18 03:49:46,291 - INFO - StepE_Exit L8CR64JK
2025-03-18 03:49:46,645 - INFO - StepE_Enter CXCWKLTQ
2025-03-18 03:49:46,680 - INFO - StepE_Exit CXCWKLTQ
2025-03-18 03:49:47,639 - INFO - StepE_Enter WO8NTSZA
2025-03-18 03:49:47,673 - INFO - StepE_Exit WO8NTSZA
2025-03-18 03:49:47,856 - INFO - StepE_Enter 240EYMHU
2025-03-18 03:49:47,886 - INFO - StepE_Exit 240EYMHU
2025-03-18 03:49:48,151 - INFO - StepE_Enter CM99DWD5
2025-03-18 03:49:48,183 - INFO - StepE_Exit CM99DWD5
2025-03-18 03:49:48,277 - INFO - StepE_Enter Q2VK4LN0
2025-03-18 03:49:48,311 - INFO - StepE_Exit Q2VK4LN0
2025-03-18 03:49:48,312 - INFO - StepE_Enter ML0H3NZ8
2025-03-18 03:49:48,342 - INFO - StepE_Exit ML0H3NZ8
2025-03-18 03:49:48,760 - INFO - StepE_Enter PY4XE0W4
2025-03-18 03:49:48,794 - INFO - StepE_Exit PY4XE0W4
2025-03-18 03:49:48,857 - INFO - StepE_Enter R5ONPCO5
2025-03-18 03:49:48,890 - INFO - StepE_Exit R5ONPCO5
2025-03-18 03:49:49,467 - INFO - StepE_Enter IOESTE49
2025-03-18 03:49:49,499 - INFO - StepE_Exit IOESTE49
2025-03-18 03:49:49,568 - INFO - StepE_Enter 67ZICL39
2025-03-18 03:49:49,602 - INFO - StepE_Exit 67ZICL39
2025-03-18 03:49:49,727 - INFO - StepE_Enter JGQUXQR2
2025-03-18 03:49:49,760 - INFO - StepE_Exit JGQUXQR2
2025-03-18 03:49:49,761 - INFO - StepE_Enter GJM3PCOI
2025-03-18 03:49:49,792 - INFO - StepE_Exit GJM3PCOI
2025-03-18 03:49:49,986 - INFO - StepE_Enter GEVYSWWE
2025-03-18 03:49:50,017 - INFO - StepE_Exit GEVYSWWE
2025-03-18 03:49:50,380 - INFO - StepE_Enter HAJYNZJA
2025-03-18 03:49:50,413 - INFO - StepE_Exit HAJYNZJA
2025-03-18 03:49:51,277 - INFO - StepE_Enter Y658N8J1
2025-03-18 03:49:51,309 - INFO - StepE_Exit Y658N8J1
2025-03-18 03:49:51,886 - INFO - StepE_Enter YW8WOBZU
2025-03-18 03:49:51,918 - INFO - StepE_Exit YW8WOBZU
2025-03-18 03:49:52,410 - INFO - StepE_Enter 44TWRE9L
2025-03-18 03:49:52,442 - INFO - StepE_Exit 44TWRE9L
2025-03-18 03:49:52,472 - INFO - StepE_Enter OBEP9VS4
2025-03-18 03:49:52,509 - INFO - StepE_Exit OBEP9VS4
2025-03-18 03:49:53,196 - INFO - StepE_Enter D1Z9O8RQ
2025-03-18 03:49:53,227 - INFO - StepE_Exit D1Z9O8RQ
2025-03-18 03:49:53,246 - INFO - StepE_Enter P89I8TJA
2025-03-18 03:49:53,280 - INFO - StepE_Exit P89I8TJA
2025-03-18 03:49:53,766 - INFO - StepE_Enter RVRPOW2S
2025-03-18 03:49:53,798 - INFO - StepE_Exit RVRPOW2S
2025-03-18 03:49:54,376 - INFO - StepE_Enter LVF5C9C1
2025-03-18 03:49:54,409 - INFO - StepE_Exit LVF5C9C1
2025-03-18 03:49:54,857 - INFO - StepE_Enter EY6MHALT
2025-03-18 03:49:54,891 - INFO - StepE_Exit EY6MHALT
2025-03-18 03:49:54,925 - INFO - StepE_Enter 2EBJ7JOS
2025-03-18 03:49:54,960 - INFO - StepE_Exit 2EBJ7JOS
2025-03-18 03:49:55,153 - INFO - StepE_Enter PRGUM2WC
2025-03-18 03:49:55,194 - INFO - StepE_Exit PRGUM2WC
2025-03-18 03:49:55,195 - INFO - StepE_Enter 0UEWVDIE
2025-03-18 03:49:55,225 - INFO - StepE_Exit 0UEWVDIE
2025-03-18 03:49:55,312 - INFO - StepE_Enter NWEKH791
2025-03-18 03:49:55,343 - INFO - StepE_Exit NWEKH791
2025-03-18 03:49:55,568 - INFO - StepE_Enter K3HN47NY
2025-03-18 03:49:55,601 - INFO - StepE_Exit K3HN47NY
2025-03-18 03:49:55,607 - INFO - StepE_Enter 19N0OFUT
2025-03-18 03:49:55,639 - INFO - StepE_Exit 19N0OFUT
2025-03-18 03:49:55,696 - INFO - StepE_Enter ORX7F7RF
2025-03-18 03:49:55,731 - INFO - StepE_Exit ORX7F7RF
2025-03-18 03:49:55,864 - INFO - StepE_Enter H6B2ZTJ3
2025-03-18 03:49:55,896 - INFO - StepE_Exit H6B2ZTJ3
2025-03-18 03:49:55,996 - INFO - StepE_Enter MA4NTOAH
2025-03-18 03:49:56,030 - INFO - StepE_Exit MA4NTOAH
2025-03-18 03:49:56,285 - INFO - StepE_Enter EEFY35ZA
2025-03-18 03:49:56,321 - INFO - StepE_Exit EEFY35ZA
2025-03-18 03:49:56,450 - INFO - StepE_Enter ZOKWIMMN
2025-03-18 03:49:56,488 - INFO - StepE_Exit ZOKWIMMN
2025-03-18 03:49:56,583 - INFO - StepE_Enter 3HIEF1M6
2025-03-18 03:49:56,618 - INFO - StepE_Exit 3HIEF1M6
2025-03-18 03:49:56,714 - INFO - StepE_Enter TBPKG1YM
2025-03-18 03:49:56,746 - INFO - StepE_Exit TBPKG1YM
2025-03-18 03:49:56,888 - INFO - StepE_Enter BOMTEO6J
2025-03-18 03:49:56,920 - INFO - StepE_Exit BOMTEO6J
2025-03-18 03:49:56,933 - INFO - StepE_Enter GABYPYNT
2025-03-18 03:49:56,964 - INFO - StepE_Exit GABYPYNT
2025-03-18 03:49:57,040 - INFO - StepE_Enter H5ILI5DF
2025-03-18 03:49:57,072 - INFO - StepE_Exit H5ILI5DF
2025-03-18 03:49:57,072 - INFO - StepE_Enter 660CGP27
2025-03-18 03:49:57,103 - INFO - StepE_Exit 660CGP27
2025-03-18 03:49:57,104 - INFO - StepE_Enter 6BEOE7WA
2025-03-18 03:49:57,136 - INFO - StepE_Exit 6BEOE7WA
2025-03-18 03:49:57,733 - INFO - StepE_Enter CYPQ380I
2025-03-18 03:49:57,766 - INFO - StepE_Exit CYPQ380I
2025-03-18 03:49:57,829 - INFO - StepE_Enter OE72WEIF
2025-03-18 03:49:57,862 - INFO - StepE_Exit OE72WEIF
2025-03-18 03:49:57,959 - INFO - StepE_Enter P3GN98J2
2025-03-18 03:49:57,993 - INFO - StepE_Exit P3GN98J2
2025-03-18 03:49:58,349 - INFO - StepE_Enter IU1YIF7E
2025-03-18 03:49:58,382 - INFO - StepE_Exit IU1YIF7E
2025-03-18 03:49:58,604 - INFO - StepE_Enter J0P9T1NY
2025-03-18 03:49:58,638 - INFO - StepE_Exit J0P9T1NY
2025-03-18 03:49:58,736 - INFO - StepE_Enter J8J7VE2I
2025-03-18 03:49:58,771 - INFO - StepE_Exit J8J7VE2I
2025-03-18 03:49:59,057 - INFO - StepE_Enter GNBDGLOF
2025-03-18 03:49:59,096 - INFO - StepE_Exit GNBDGLOF
2025-03-18 03:49:59,096 - INFO - StepE_Enter 5971HUIA
2025-03-18 03:49:59,133 - INFO - StepE_Exit 5971HUIA
2025-03-18 03:49:59,188 - INFO - StepE_Enter 34PKWI4J
2025-03-18 03:49:59,219 - INFO - StepE_Exit 34PKWI4J
2025-03-18 03:49:59,316 - INFO - StepE_Enter 1UYUZEC0
2025-03-18 03:49:59,348 - INFO - StepE_Exit 1UYUZEC0
2025-03-18 03:49:59,510 - INFO - StepE_Enter OGYG83WH
2025-03-18 03:49:59,542 - INFO - StepE_Exit OGYG83WH
2025-03-18 03:49:59,608 - INFO - StepE_Enter LORPZTQA
2025-03-18 03:49:59,639 - INFO - StepE_Exit LORPZTQA
2025-03-18 03:49:59,735 - INFO - StepE_Enter M1H9KOMY
2025-03-18 03:49:59,766 - INFO - StepE_Exit M1H9KOMY
2025-03-18 03:49:59,924 - INFO - StepE_Enter BMR2C5EX
2025-03-18 03:49:59,954 - INFO - StepE_Exit BMR2C5EX
2025-03-18 03:50:00,347 - INFO - StepE_Enter Q8WFZEJE
2025-03-18 03:50:00,385 - INFO - StepE_Exit Q8WFZEJE
2025-03-18 03:50:00,804 - INFO - StepE_Enter SQJXD0YH
2025-03-18 03:50:00,837 - INFO - StepE_Exit SQJXD0YH
2025-03-18 03:50:01,086 - INFO - StepE_Enter QPDAZJT9
2025-03-18 03:50:01,119 - INFO - StepE_Exit QPDAZJT9
2025-03-18 03:50:01,281 - INFO - StepE_Enter 2WCD2310
2025-03-18 03:50:01,316 - INFO - StepE_Exit 2WCD2310
2025-03-18 03:50:01,345 - INFO - StepE_Enter 553TWGV5
2025-03-18 03:50:01,379 - INFO - StepE_Exit 553TWGV5
2025-03-18 03:50:01,636 - INFO - StepE_Enter T7TJFHCI
2025-03-18 03:50:01,667 - INFO - StepE_Exit T7TJFHCI
2025-03-18 03:50:02,000 - INFO - StepE_Enter K22CJ58D
2025-03-18 03:50:02,034 - INFO - StepE_Exit K22CJ58D
2025-03-18 03:50:02,288 - INFO - StepE_Enter DI2EXZHJ
2025-03-18 03:50:02,320 - INFO - StepE_Exit DI2EXZHJ
2025-03-18 03:50:02,453 - INFO - StepE_Enter 9TYOS73I
2025-03-18 03:50:02,483 - INFO - StepE_Exit 9TYOS73I
2025-03-18 03:50:02,539 - INFO - StepE_Enter SI8ZK7OW
2025-03-18 03:50:02,571 - INFO - StepE_Exit SI8ZK7OW
2025-03-18 03:50:02,681 - INFO - StepE_Enter DE0T6M03
2025-03-18 03:50:02,714 - INFO - StepE_Exit DE0T6M03
2025-03-18 03:50:02,804 - INFO - StepE_Enter GOKRSJNX
2025-03-18 03:50:02,837 - INFO - StepE_Exit GOKRSJNX
2025-03-18 03:50:02,942 - INFO - StepE_Enter 4PVVRPSD
2025-03-18 03:50:02,975 - INFO - StepE_Exit 4PVVRPSD
2025-03-18 03:50:03,641 - INFO - StepE_Enter 5HEFH3Z5
2025-03-18 03:50:03,674 - INFO - StepE_Exit 5HEFH3Z5
2025-03-18 03:50:03,771 - INFO - StepE_Enter 9OAVXURA
2025-03-18 03:50:03,805 - INFO - StepE_Exit 9OAVXURA
2025-03-18 03:50:03,806 - INFO - StepE_Enter Z3GA0W21
2025-03-18 03:50:03,846 - INFO - StepE_Exit Z3GA0W21
2025-03-18 03:50:03,846 - INFO - StepE_Enter QDZUTWVP
2025-03-18 03:50:03,879 - INFO - StepE_Exit QDZUTWVP
2025-03-18 03:50:03,996 - INFO - StepE_Enter XVIOOOSU
2025-03-18 03:50:04,031 - INFO - StepE_Exit XVIOOOSU
2025-03-18 03:50:04,099 - INFO - StepE_Enter DY7OV3C4
2025-03-18 03:50:04,131 - INFO - StepE_Exit DY7OV3C4
2025-03-18 03:50:04,192 - INFO - StepE_Enter GAFBR14F
2025-03-18 03:50:04,222 - INFO - StepE_Exit GAFBR14F
2025-03-18 03:50:04,352 - INFO - StepE_Enter 8AZ3WC07
2025-03-18 03:50:04,380 - INFO - StepE_Exit 8AZ3WC07
2025-03-18 03:50:04,582 - INFO - StepE_Enter I71KGV28
2025-03-18 03:50:04,610 - INFO - StepE_Exit I71KGV28
2025-03-18 03:50:04,840 - INFO - StepE_Enter DPIZIYLP
2025-03-18 03:50:04,876 - INFO - StepE_Exit DPIZIYLP
2025-03-18 03:50:04,931 - INFO - StepE_Enter LI6UOBXE
2025-03-18 03:50:04,962 - INFO - StepE_Exit LI6UOBXE
2025-03-18 03:50:05,031 - INFO - StepE_Enter 5T2JWP43
2025-03-18 03:50:05,062 - INFO - StepE_Exit 5T2JWP43
2025-03-18 03:50:05,094 - INFO - StepE_Enter DT73L9CG
2025-03-18 03:50:05,130 - INFO - StepE_Exit DT73L9CG
2025-03-18 03:50:05,292 - INFO - StepE_Enter 4HV2DX9L
2025-03-18 03:50:05,324 - INFO - StepE_Exit 4HV2DX9L
2025-03-18 03:50:05,453 - INFO - StepE_Enter 1VZGFKI7
2025-03-18 03:50:05,484 - INFO - StepE_Exit 1VZGFKI7
2025-03-18 03:50:05,582 - INFO - StepE_Enter 4EE77UYZ
2025-03-18 03:50:05,613 - INFO - StepE_Exit 4EE77UYZ
2025-03-18 03:50:05,615 - INFO - StepE_Enter D7MODWC5
2025-03-18 03:50:05,644 - INFO - StepE_Exit D7MODWC5
2025-03-18 03:50:05,678 - INFO - StepE_Enter WFG4RQ02
2025-03-18 03:50:05,708 - INFO - StepE_Exit WFG4RQ02
2025-03-18 03:50:06,033 - INFO - StepE_Enter HHGR18XW
2025-03-18 03:50:06,063 - INFO - StepE_Exit HHGR18XW
2025-03-18 03:50:06,873 - INFO - StepE_Enter TR4VVLMU
2025-03-18 03:50:06,916 - INFO - StepE_Exit TR4VVLMU
2025-03-18 03:50:06,917 - INFO - StepE_Enter WFCX8VXB
2025-03-18 03:50:06,952 - INFO - StepE_Exit WFCX8VXB
2025-03-18 03:50:07,098 - INFO - StepE_Enter 75GSS9HS
2025-03-18 03:50:07,129 - INFO - StepE_Exit 75GSS9HS
2025-03-18 03:50:07,142 - INFO - StepE_Enter J6MLYXFA
2025-03-18 03:50:07,170 - INFO - StepE_Exit J6MLYXFA
2025-03-18 03:50:07,226 - INFO - StepE_Enter MHDU85RJ
2025-03-18 03:50:07,260 - INFO - StepE_Exit MHDU85RJ
2025-03-18 03:50:07,261 - INFO - StepE_Enter 0QGMMEVT
2025-03-18 03:50:07,291 - INFO - StepE_Exit 0QGMMEVT
2025-03-18 03:50:07,386 - INFO - StepE_Enter 44BQEDL1
2025-03-18 03:50:07,418 - INFO - StepE_Exit 44BQEDL1
2025-03-18 03:50:07,485 - INFO - StepE_Enter UZTRFTPZ
2025-03-18 03:50:07,519 - INFO - StepE_Exit UZTRFTPZ
2025-03-18 03:50:07,713 - INFO - StepE_Enter 54PQ2AU8
2025-03-18 03:50:07,745 - INFO - StepE_Exit 54PQ2AU8
2025-03-18 03:50:07,780 - INFO - StepE_Enter MQOW57RX
2025-03-18 03:50:07,812 - INFO - StepE_Exit MQOW57RX
2025-03-18 03:50:07,845 - INFO - StepE_Enter 4LFJONDK
2025-03-18 03:50:07,877 - INFO - StepE_Exit 4LFJONDK
2025-03-18 03:50:08,070 - INFO - StepE_Enter 58WAIYDL
2025-03-18 03:50:08,102 - INFO - StepE_Exit 58WAIYDL
2025-03-18 03:50:08,229 - INFO - StepE_Enter A2LMI1GW
2025-03-18 03:50:08,256 - INFO - StepE_Exit A2LMI1GW
2025-03-18 03:50:08,261 - INFO - StepE_Enter 2ALH52MX
2025-03-18 03:50:08,295 - INFO - StepE_Exit 2ALH52MX
2025-03-18 03:50:08,501 - INFO - StepE_Enter XVVI8GIL
2025-03-18 03:50:08,533 - INFO - StepE_Exit XVVI8GIL
2025-03-18 03:50:08,776 - INFO - StepE_Enter V8OXQLMH
2025-03-18 03:50:08,807 - INFO - StepE_Exit V8OXQLMH
2025-03-18 03:50:08,809 - INFO - StepE_Enter 2A32SWWE
2025-03-18 03:50:08,841 - INFO - StepE_Exit 2A32SWWE
2025-03-18 03:50:08,973 - INFO - StepE_Enter 932RKPYU
2025-03-18 03:50:09,004 - INFO - StepE_Exit 932RKPYU
2025-03-18 03:50:09,259 - INFO - StepE_Enter 2ICEZ699
2025-03-18 03:50:09,291 - INFO - StepE_Exit 2ICEZ699
2025-03-18 03:50:09,616 - INFO - StepE_Enter JINIDSTO
2025-03-18 03:50:09,647 - INFO - StepE_Exit JINIDSTO
2025-03-18 03:50:09,648 - INFO - StepE_Enter OLM2OKJ0
2025-03-18 03:50:09,680 - INFO - StepE_Exit OLM2OKJ0
2025-03-18 03:50:09,903 - INFO - StepE_Enter Z2TWUE45
2025-03-18 03:50:09,932 - INFO - StepE_Exit Z2TWUE45
2025-03-18 03:50:09,970 - INFO - StepE_Enter BBRDRMN0
2025-03-18 03:50:10,000 - INFO - StepE_Exit BBRDRMN0
2025-03-18 03:50:10,132 - INFO - StepE_Enter PK292UKB
2025-03-18 03:50:10,163 - INFO - StepE_Exit PK292UKB
2025-03-18 03:50:10,272 - INFO - StepE_Enter JM9ESDDE
2025-03-18 03:50:10,302 - INFO - StepE_Exit JM9ESDDE
2025-03-18 03:50:10,614 - INFO - StepE_Enter 43Q3YQ44
2025-03-18 03:50:10,647 - INFO - StepE_Exit 43Q3YQ44
2025-03-18 03:50:10,648 - INFO - StepE_Enter CQ2ZBZZT
2025-03-18 03:50:10,680 - INFO - StepE_Exit CQ2ZBZZT
2025-03-18 03:50:10,684 - INFO - StepE_Enter YEPRTZQC
2025-03-18 03:50:10,715 - INFO - StepE_Exit YEPRTZQC
2025-03-18 03:50:10,715 - INFO - StepE_Enter W8WQZ3FV
2025-03-18 03:50:10,746 - INFO - StepE_Exit W8WQZ3FV
2025-03-18 03:50:10,918 - INFO - StepE_Enter Z6DI9ML6
2025-03-18 03:50:10,949 - INFO - StepE_Exit Z6DI9ML6
2025-03-18 03:50:11,591 - INFO - StepE_Enter VGPLEPR3
2025-03-18 03:50:11,623 - INFO - StepE_Exit VGPLEPR3
2025-03-18 03:50:11,680 - INFO - StepE_Enter LL53KQNG
2025-03-18 03:50:11,710 - INFO - StepE_Exit LL53KQNG
2025-03-18 03:50:11,808 - INFO - StepE_Enter 5UQTRLZ6
2025-03-18 03:50:11,841 - INFO - StepE_Exit 5UQTRLZ6
2025-03-18 03:50:11,841 - INFO - StepE_Enter QBKLV91G
2025-03-18 03:50:11,873 - INFO - StepE_Exit QBKLV91G
2025-03-18 03:50:12,045 - INFO - StepE_Enter 3S09AZEV
2025-03-18 03:50:12,077 - INFO - StepE_Exit 3S09AZEV
2025-03-18 03:50:12,100 - INFO - StepE_Enter USRVF5LF
2025-03-18 03:50:12,133 - INFO - StepE_Exit USRVF5LF
2025-03-18 03:50:12,134 - INFO - StepE_Enter RWN9J0DW
2025-03-18 03:50:12,165 - INFO - StepE_Exit RWN9J0DW
2025-03-18 03:50:13,037 - INFO - StepE_Enter VJIVC06E
2025-03-18 03:50:13,071 - INFO - StepE_Exit VJIVC06E
2025-03-18 03:50:13,167 - INFO - StepE_Enter 2U1F0B3C
2025-03-18 03:50:13,197 - INFO - StepE_Exit 2U1F0B3C
2025-03-18 03:50:13,330 - INFO - StepE_Enter 3Z1L6HDX
2025-03-18 03:50:13,359 - INFO - StepE_Exit 3Z1L6HDX
2025-03-18 03:50:13,689 - INFO - StepE_Enter WSLFZEIU
2025-03-18 03:50:13,719 - INFO - StepE_Exit WSLFZEIU
2025-03-18 03:50:14,108 - INFO - StepE_Enter 0XE080RO
2025-03-18 03:50:14,149 - INFO - StepE_Exit 0XE080RO
2025-03-18 03:50:14,624 - INFO - StepE_Enter VF6EA26R
2025-03-18 03:50:14,655 - INFO - StepE_Exit VF6EA26R
2025-03-18 03:50:14,884 - INFO - StepE_Enter 6ANT1Q1V
2025-03-18 03:50:14,915 - INFO - StepE_Exit 6ANT1Q1V
2025-03-18 03:50:15,213 - INFO - StepE_Enter 6I7BL1KS
2025-03-18 03:50:15,244 - INFO - StepE_Exit 6I7BL1KS
2025-03-18 03:50:15,272 - INFO - StepE_Enter VUNZH2CK
2025-03-18 03:50:15,300 - INFO - StepE_Exit VUNZH2CK
2025-03-18 03:50:15,570 - INFO - StepE_Enter D5NBD9T4
2025-03-18 03:50:15,600 - INFO - StepE_Exit D5NBD9T4
2025-03-18 03:50:15,638 - INFO - StepE_Enter 0DUFYMPW
2025-03-18 03:50:15,665 - INFO - StepE_Exit 0DUFYMPW
2025-03-18 03:50:15,687 - INFO - StepE_Enter 5JGYKTZI
2025-03-18 03:50:15,717 - INFO - StepE_Exit 5JGYKTZI
2025-03-18 03:50:15,752 - INFO - StepE_Enter ON6ASZW7
2025-03-18 03:50:15,780 - INFO - StepE_Exit ON6ASZW7
2025-03-18 03:50:15,960 - INFO - StepE_Enter 3ZO08HX8
2025-03-18 03:50:15,987 - INFO - StepE_Exit 3ZO08HX8
2025-03-18 03:50:16,075 - INFO - StepE_Enter UTKZRGOL
2025-03-18 03:50:16,110 - INFO - StepE_Exit UTKZRGOL
2025-03-18 03:50:16,110 - INFO - StepE_Enter JQZF7RAA
2025-03-18 03:50:16,141 - INFO - StepE_Exit JQZF7RAA
2025-03-18 03:50:16,335 - INFO - StepE_Enter ECVN4ZOL
2025-03-18 03:50:16,366 - INFO - StepE_Exit ECVN4ZOL
2025-03-18 03:50:16,368 - INFO - StepE_Enter SGMQPQH8
2025-03-18 03:50:16,400 - INFO - StepE_Exit SGMQPQH8
2025-03-18 03:50:17,271 - INFO - StepE_Enter U27T8TRX
2025-03-18 03:50:17,300 - INFO - StepE_Exit U27T8TRX
2025-03-18 03:50:17,365 - INFO - StepE_Enter 42GMZ4QT
2025-03-18 03:50:17,395 - INFO - StepE_Exit 42GMZ4QT
2025-03-18 03:50:17,462 - INFO - StepE_Enter 2A0RJKTE
2025-03-18 03:50:17,491 - INFO - StepE_Exit 2A0RJKTE
2025-03-18 03:50:17,531 - INFO - StepE_Enter YS91NJYY
2025-03-18 03:50:17,562 - INFO - StepE_Exit YS91NJYY
2025-03-18 03:50:17,593 - INFO - StepE_Enter MXS86OEF
2025-03-18 03:50:17,625 - INFO - StepE_Exit MXS86OEF
2025-03-18 03:50:17,684 - INFO - StepE_Enter WTZJS2C8
2025-03-18 03:50:17,716 - INFO - StepE_Exit WTZJS2C8
2025-03-18 03:50:17,883 - INFO - StepE_Enter F8FFWCYM
2025-03-18 03:50:17,916 - INFO - StepE_Exit F8FFWCYM
2025-03-18 03:50:17,947 - INFO - StepE_Enter 13LQ4IAE
2025-03-18 03:50:17,979 - INFO - StepE_Exit 13LQ4IAE
2025-03-18 03:50:17,980 - INFO - StepE_Enter VYQS45AZ
2025-03-18 03:50:18,013 - INFO - StepE_Exit VYQS45AZ
2025-03-18 03:50:18,108 - INFO - StepE_Enter VR3TAN6V
2025-03-18 03:50:18,139 - INFO - StepE_Exit VR3TAN6V
2025-03-18 03:50:18,236 - INFO - StepE_Enter LJUIVR94
2025-03-18 03:50:18,266 - INFO - StepE_Exit LJUIVR94
2025-03-18 03:50:18,269 - INFO - StepE_Enter L4A1R5Z4
2025-03-18 03:50:18,300 - INFO - StepE_Exit L4A1R5Z4
2025-03-18 03:50:18,384 - INFO - StepE_Enter 5SKISZZ9
2025-03-18 03:50:18,418 - INFO - StepE_Exit 5SKISZZ9
2025-03-18 03:50:18,419 - INFO - StepE_Enter FK6S6US0
2025-03-18 03:50:18,451 - INFO - StepE_Exit FK6S6US0
2025-03-18 03:50:18,922 - INFO - StepE_Enter Z88G87YC
2025-03-18 03:50:18,960 - INFO - StepE_Exit Z88G87YC
2025-03-18 03:50:18,960 - INFO - StepE_Enter TWA5C22T
2025-03-18 03:50:18,995 - INFO - StepE_Exit TWA5C22T
2025-03-18 03:50:19,216 - INFO - StepE_Enter 4C7C6GBR
2025-03-18 03:50:19,249 - INFO - StepE_Exit 4C7C6GBR
2025-03-18 03:50:19,469 - INFO - StepE_Enter BVNX720A
2025-03-18 03:50:19,500 - INFO - StepE_Exit BVNX720A
2025-03-18 03:50:20,055 - INFO - StepE_Enter TR2MCZ0B
2025-03-18 03:50:20,092 - INFO - StepE_Exit TR2MCZ0B
2025-03-18 03:50:20,345 - INFO - StepE_Enter YP1B380F
2025-03-18 03:50:20,377 - INFO - StepE_Exit YP1B380F
2025-03-18 03:50:20,702 - INFO - StepE_Enter WLWNL03L
2025-03-18 03:50:20,731 - INFO - StepE_Exit WLWNL03L
2025-03-18 03:50:20,893 - INFO - StepE_Enter L1LI4YHM
2025-03-18 03:50:20,922 - INFO - StepE_Exit L1LI4YHM
2025-03-18 03:50:21,312 - INFO - StepE_Enter E9AWG9WG
2025-03-18 03:50:21,342 - INFO - StepE_Exit E9AWG9WG
2025-03-18 03:50:21,574 - INFO - StepE_Enter IRQS7ZIZ
2025-03-18 03:50:21,606 - INFO - StepE_Exit IRQS7ZIZ
2025-03-18 03:50:21,608 - INFO - StepE_Enter PUCW0D6T
2025-03-18 03:50:21,637 - INFO - StepE_Exit PUCW0D6T
2025-03-18 03:50:22,248 - INFO - StepE_Enter QX88FK8Z
2025-03-18 03:50:22,280 - INFO - StepE_Exit QX88FK8Z
2025-03-18 03:50:22,637 - INFO - StepE_Enter M5KLH61R
2025-03-18 03:50:22,669 - INFO - StepE_Exit M5KLH61R
2025-03-18 03:50:22,828 - INFO - StepE_Enter AXFCTTJD
2025-03-18 03:50:22,858 - INFO - StepE_Exit AXFCTTJD
2025-03-18 03:50:23,061 - INFO - StepE_Enter 0V2MJS6O
2025-03-18 03:50:23,094 - INFO - StepE_Exit 0V2MJS6O
2025-03-18 03:50:23,453 - INFO - StepE_Enter FCV9610G
2025-03-18 03:50:23,486 - INFO - StepE_Exit FCV9610G
2025-03-18 03:50:23,486 - INFO - StepE_Enter BPIE57FQ
2025-03-18 03:50:23,516 - INFO - StepE_Exit BPIE57FQ
