2025-04-12 18:39:31,638 - INFO - Ingress_Mono_Enter ZOU0I1A6
2025-04-12 18:39:31,667 - INFO - Ingress_Mono_Input_Decoded ZOU0I1A6
2025-04-12 18:39:31,670 - INFO - Ingress_Mono_Numpy_Converted ZOU0I1A6
2025-04-12 18:39:31,778 - INFO - Ingress_Mono_Enter ZLK5RBTG
2025-04-12 18:39:31,822 - INFO - Ingress_Mono_Input_Decoded ZLK5RBTG
2025-04-12 18:39:31,826 - INFO - Ingress_Mono_Numpy_Converted ZLK5RBTG
2025-04-12 18:39:31,941 - INFO - Ingress_Mono_Exit ZOU0I1A6
2025-04-12 18:39:32,447 - INFO - Ingress_Mono_Exit ZLK5RBTG
2025-04-12 18:39:35,905 - INFO - Ingress_Mono_Enter 1N13VLW2
2025-04-12 18:39:35,953 - INFO - Ingress_Mono_Input_Decoded 1N13VLW2
2025-04-12 18:39:35,957 - INFO - Ingress_Mono_Numpy_Converted 1N13VLW2
2025-04-12 18:39:36,429 - INFO - Ingress_Mono_Enter 249OWO42
2025-04-12 18:39:36,460 - INFO - Ingress_Mono_Input_Decoded 249OWO42
2025-04-12 18:39:36,463 - INFO - Ingress_Mono_Numpy_Converted 249OWO42
2025-04-12 18:39:36,625 - INFO - Ingress_Mono_Enter R7RNLXA0
2025-04-12 18:39:36,655 - INFO - Ingress_Mono_Input_Decoded R7RNLXA0
2025-04-12 18:39:36,658 - INFO - Ingress_Mono_Numpy_Converted R7RNLXA0
2025-04-12 18:39:37,324 - INFO - Ingress_Mono_Exit 249OWO42
2025-04-12 18:39:37,558 - INFO - Ingress_Mono_Exit 1N13VLW2
2025-04-12 18:39:38,756 - INFO - Ingress_Mono_Exit R7RNLXA0
2025-04-12 18:39:39,442 - INFO - Ingress_Mono_Enter 7TTD4XT8
2025-04-12 18:39:39,489 - INFO - Ingress_Mono_Input_Decoded 7TTD4XT8
2025-04-12 18:39:39,493 - INFO - Ingress_Mono_Numpy_Converted 7TTD4XT8
2025-04-12 18:39:39,637 - INFO - Ingress_Mono_Enter 3LNC1IIQ
2025-04-12 18:39:39,677 - INFO - Ingress_Mono_Input_Decoded 3LNC1IIQ
2025-04-12 18:39:39,681 - INFO - Ingress_Mono_Numpy_Converted 3LNC1IIQ
2025-04-12 18:39:40,041 - INFO - Ingress_Mono_Enter 0LSWC6ZF
2025-04-12 18:39:40,084 - INFO - Ingress_Mono_Input_Decoded 0LSWC6ZF
2025-04-12 18:39:40,088 - INFO - Ingress_Mono_Numpy_Converted 0LSWC6ZF
2025-04-12 18:39:40,312 - INFO - Ingress_Mono_Enter EDL91BZV
2025-04-12 18:39:40,363 - INFO - Ingress_Mono_Input_Decoded EDL91BZV
2025-04-12 18:39:40,367 - INFO - Ingress_Mono_Numpy_Converted EDL91BZV
2025-04-12 18:39:40,654 - INFO - Ingress_Mono_Exit 0LSWC6ZF
2025-04-12 18:39:40,927 - INFO - Ingress_Mono_Exit 3LNC1IIQ
2025-04-12 18:39:41,375 - INFO - Ingress_Mono_Exit EDL91BZV
2025-04-12 18:39:41,435 - INFO - Ingress_Mono_Exit 7TTD4XT8
2025-04-12 18:39:42,841 - INFO - Ingress_Mono_Enter 29I2HCJO
2025-04-12 18:39:42,883 - INFO - Ingress_Mono_Input_Decoded 29I2HCJO
2025-04-12 18:39:42,887 - INFO - Ingress_Mono_Numpy_Converted 29I2HCJO
2025-04-12 18:39:43,030 - INFO - Ingress_Mono_Enter WZMETISA
2025-04-12 18:39:43,058 - INFO - Ingress_Mono_Input_Decoded WZMETISA
2025-04-12 18:39:43,061 - INFO - Ingress_Mono_Numpy_Converted WZMETISA
2025-04-12 18:39:44,059 - INFO - Ingress_Mono_Exit WZMETISA
2025-04-12 18:39:44,243 - INFO - Ingress_Mono_Enter LMK696AW
2025-04-12 18:39:44,285 - INFO - Ingress_Mono_Input_Decoded LMK696AW
2025-04-12 18:39:44,289 - INFO - Ingress_Mono_Numpy_Converted LMK696AW
2025-04-12 18:39:44,311 - INFO - Ingress_Mono_Enter 3D6TIGJ0
2025-04-12 18:39:44,351 - INFO - Ingress_Mono_Input_Decoded 3D6TIGJ0
2025-04-12 18:39:44,353 - INFO - Ingress_Mono_Numpy_Converted 3D6TIGJ0
2025-04-12 18:39:44,771 - INFO - Ingress_Mono_Enter ENGV5KRE
2025-04-12 18:39:44,803 - INFO - Ingress_Mono_Input_Decoded ENGV5KRE
2025-04-12 18:39:44,807 - INFO - Ingress_Mono_Numpy_Converted ENGV5KRE
2025-04-12 18:39:44,871 - INFO - Ingress_Mono_Exit 3D6TIGJ0
2025-04-12 18:39:45,165 - INFO - Ingress_Mono_Exit 29I2HCJO
2025-04-12 18:39:45,405 - INFO - Ingress_Mono_Exit LMK696AW
2025-04-12 18:39:45,510 - INFO - Ingress_Mono_Exit ENGV5KRE
2025-04-12 18:39:46,983 - INFO - Ingress_Mono_Enter XNP1GG4S
2025-04-12 18:39:47,030 - INFO - Ingress_Mono_Input_Decoded XNP1GG4S
2025-04-12 18:39:47,035 - INFO - Ingress_Mono_Numpy_Converted XNP1GG4S
2025-04-12 18:39:47,172 - INFO - Ingress_Mono_Enter 0NRJVEWU
2025-04-12 18:39:47,204 - INFO - Ingress_Mono_Input_Decoded 0NRJVEWU
2025-04-12 18:39:47,207 - INFO - Ingress_Mono_Numpy_Converted 0NRJVEWU
2025-04-12 18:39:48,506 - INFO - Ingress_Mono_Enter YIMDR2J0
2025-04-12 18:39:48,534 - INFO - Ingress_Mono_Input_Decoded YIMDR2J0
2025-04-12 18:39:48,536 - INFO - Ingress_Mono_Numpy_Converted YIMDR2J0
2025-04-12 18:39:48,712 - INFO - Ingress_Mono_Enter ZHEXUVIC
2025-04-12 18:39:48,751 - INFO - Ingress_Mono_Input_Decoded ZHEXUVIC
2025-04-12 18:39:48,755 - INFO - Ingress_Mono_Numpy_Converted ZHEXUVIC
2025-04-12 18:39:48,789 - INFO - Ingress_Mono_Enter CR1NJM5S
2025-04-12 18:39:48,839 - INFO - Ingress_Mono_Input_Decoded CR1NJM5S
2025-04-12 18:39:48,842 - INFO - Ingress_Mono_Numpy_Converted CR1NJM5S
2025-04-12 18:39:49,538 - INFO - Ingress_Mono_Exit XNP1GG4S
2025-04-12 18:39:49,541 - INFO - Ingress_Mono_Exit 0NRJVEWU
2025-04-12 18:39:50,415 - INFO - Ingress_Mono_Exit YIMDR2J0
2025-04-12 18:39:51,375 - INFO - Ingress_Mono_Enter YFMO6527
2025-04-12 18:39:51,405 - INFO - Ingress_Mono_Input_Decoded YFMO6527
2025-04-12 18:39:51,408 - INFO - Ingress_Mono_Numpy_Converted YFMO6527
2025-04-12 18:39:51,459 - INFO - Ingress_Mono_Exit ZHEXUVIC
2025-04-12 18:39:51,460 - INFO - Ingress_Mono_Exit CR1NJM5S
2025-04-12 18:39:52,867 - INFO - Ingress_Mono_Enter GHK3GZEY
2025-04-12 18:39:52,902 - INFO - Ingress_Mono_Input_Decoded GHK3GZEY
2025-04-12 18:39:52,906 - INFO - Ingress_Mono_Numpy_Converted GHK3GZEY
2025-04-12 18:39:54,637 - INFO - Ingress_Mono_Exit YFMO6527
2025-04-12 18:39:54,989 - INFO - Ingress_Mono_Exit GHK3GZEY
2025-04-12 18:39:55,135 - INFO - Ingress_Mono_Enter GY4BNEL8
2025-04-12 18:39:55,172 - INFO - Ingress_Mono_Input_Decoded GY4BNEL8
2025-04-12 18:39:55,176 - INFO - Ingress_Mono_Numpy_Converted GY4BNEL8
2025-04-12 18:39:55,672 - INFO - Ingress_Mono_Enter 2BAAZTB0
2025-04-12 18:39:55,715 - INFO - Ingress_Mono_Input_Decoded 2BAAZTB0
2025-04-12 18:39:55,719 - INFO - Ingress_Mono_Numpy_Converted 2BAAZTB0
2025-04-12 18:39:55,728 - INFO - Ingress_Mono_Enter MG0QQV98
2025-04-12 18:39:55,758 - INFO - Ingress_Mono_Input_Decoded MG0QQV98
2025-04-12 18:39:55,761 - INFO - Ingress_Mono_Numpy_Converted MG0QQV98
2025-04-12 18:39:56,270 - INFO - Ingress_Mono_Enter MQVSK4N9
2025-04-12 18:39:56,308 - INFO - Ingress_Mono_Input_Decoded MQVSK4N9
2025-04-12 18:39:56,312 - INFO - Ingress_Mono_Numpy_Converted MQVSK4N9
2025-04-12 18:39:56,471 - INFO - Ingress_Mono_Enter 52KNOB4G
2025-04-12 18:39:56,515 - INFO - Ingress_Mono_Input_Decoded 52KNOB4G
2025-04-12 18:39:56,520 - INFO - Ingress_Mono_Numpy_Converted 52KNOB4G
2025-04-12 18:39:57,424 - INFO - Ingress_Mono_Exit GY4BNEL8
2025-04-12 18:39:58,405 - INFO - Ingress_Mono_Enter MS8W2C7D
2025-04-12 18:39:58,445 - INFO - Ingress_Mono_Input_Decoded MS8W2C7D
2025-04-12 18:39:58,449 - INFO - Ingress_Mono_Numpy_Converted MS8W2C7D
2025-04-12 18:39:58,451 - INFO - Ingress_Mono_Exit 2BAAZTB0
2025-04-12 18:39:58,452 - INFO - Ingress_Mono_Exit MG0QQV98
2025-04-12 18:39:58,675 - INFO - Ingress_Mono_Enter 2ANKOOLE
2025-04-12 18:39:58,702 - INFO - Ingress_Mono_Input_Decoded 2ANKOOLE
2025-04-12 18:39:58,706 - INFO - Ingress_Mono_Numpy_Converted 2ANKOOLE
2025-04-12 18:39:58,747 - INFO - Ingress_Mono_Exit MQVSK4N9
2025-04-12 18:39:58,749 - INFO - Ingress_Mono_Exit 52KNOB4G
2025-04-12 18:39:59,135 - INFO - Ingress_Mono_Enter 8XVG88TH
2025-04-12 18:39:59,177 - INFO - Ingress_Mono_Input_Decoded 8XVG88TH
2025-04-12 18:39:59,180 - INFO - Ingress_Mono_Numpy_Converted 8XVG88TH
2025-04-12 18:40:00,223 - INFO - Ingress_Mono_Exit MS8W2C7D
2025-04-12 18:40:01,354 - INFO - Ingress_Mono_Exit 2ANKOOLE
2025-04-12 18:40:01,357 - INFO - Ingress_Mono_Exit 8XVG88TH
2025-04-12 18:40:01,398 - INFO - Ingress_Mono_Enter 82L8FB2B
2025-04-12 18:40:01,424 - INFO - Ingress_Mono_Input_Decoded 82L8FB2B
2025-04-12 18:40:01,426 - INFO - Ingress_Mono_Numpy_Converted 82L8FB2B
2025-04-12 18:40:02,278 - INFO - Ingress_Mono_Enter CFPEQO8X
2025-04-12 18:40:02,319 - INFO - Ingress_Mono_Input_Decoded CFPEQO8X
2025-04-12 18:40:02,323 - INFO - Ingress_Mono_Numpy_Converted CFPEQO8X
2025-04-12 18:40:02,675 - INFO - Ingress_Mono_Enter N6PL94FZ
2025-04-12 18:40:02,711 - INFO - Ingress_Mono_Input_Decoded N6PL94FZ
2025-04-12 18:40:02,714 - INFO - Ingress_Mono_Numpy_Converted N6PL94FZ
2025-04-12 18:40:02,822 - INFO - Ingress_Mono_Enter 270IA74P
2025-04-12 18:40:02,873 - INFO - Ingress_Mono_Input_Decoded 270IA74P
2025-04-12 18:40:02,877 - INFO - Ingress_Mono_Numpy_Converted 270IA74P
2025-04-12 18:40:03,401 - INFO - Ingress_Mono_Enter 1GMYUAH4
2025-04-12 18:40:03,428 - INFO - Ingress_Mono_Input_Decoded 1GMYUAH4
2025-04-12 18:40:03,431 - INFO - Ingress_Mono_Numpy_Converted 1GMYUAH4
2025-04-12 18:40:03,771 - INFO - Ingress_Mono_Exit 82L8FB2B
2025-04-12 18:40:04,143 - INFO - Ingress_Mono_Enter 36BE68UM
2025-04-12 18:40:04,176 - INFO - Ingress_Mono_Input_Decoded 36BE68UM
2025-04-12 18:40:04,180 - INFO - Ingress_Mono_Numpy_Converted 36BE68UM
2025-04-12 18:40:04,751 - INFO - Ingress_Mono_Enter ET200SGR
2025-04-12 18:40:04,782 - INFO - Ingress_Mono_Input_Decoded ET200SGR
2025-04-12 18:40:04,785 - INFO - Ingress_Mono_Numpy_Converted ET200SGR
2025-04-12 18:40:05,916 - INFO - Ingress_Mono_Exit CFPEQO8X
2025-04-12 18:40:06,251 - INFO - Ingress_Mono_Exit N6PL94FZ
2025-04-12 18:40:06,255 - INFO - Ingress_Mono_Exit 270IA74P
2025-04-12 18:40:06,460 - INFO - Ingress_Mono_Exit 1GMYUAH4
2025-04-12 18:40:07,963 - INFO - Ingress_Mono_Enter DW638XIQ
2025-04-12 18:40:08,012 - INFO - Ingress_Mono_Input_Decoded DW638XIQ
2025-04-12 18:40:08,017 - INFO - Ingress_Mono_Numpy_Converted DW638XIQ
2025-04-12 18:40:08,019 - INFO - Ingress_Mono_Enter K1LMIQ5B
2025-04-12 18:40:08,043 - INFO - Ingress_Mono_Input_Decoded K1LMIQ5B
2025-04-12 18:40:08,046 - INFO - Ingress_Mono_Numpy_Converted K1LMIQ5B
2025-04-12 18:40:08,359 - INFO - Ingress_Mono_Enter FFQB6T67
2025-04-12 18:40:08,408 - INFO - Ingress_Mono_Input_Decoded FFQB6T67
2025-04-12 18:40:08,413 - INFO - Ingress_Mono_Numpy_Converted FFQB6T67
2025-04-12 18:40:10,831 - INFO - Ingress_Mono_Exit 36BE68UM
2025-04-12 18:40:11,420 - INFO - Ingress_Mono_Enter 7IL0FWUQ
2025-04-12 18:40:11,439 - INFO - Ingress_Mono_Input_Decoded 7IL0FWUQ
2025-04-12 18:40:11,440 - INFO - Ingress_Mono_Numpy_Converted 7IL0FWUQ
2025-04-12 18:40:12,031 - INFO - Ingress_Mono_Enter VPYJN6D5
2025-04-12 18:40:12,068 - INFO - Ingress_Mono_Input_Decoded VPYJN6D5
2025-04-12 18:40:12,072 - INFO - Ingress_Mono_Numpy_Converted VPYJN6D5
2025-04-12 18:40:12,761 - INFO - Ingress_Mono_Exit ET200SGR
2025-04-12 18:40:12,866 - INFO - Ingress_Mono_Exit FFQB6T67
2025-04-12 18:40:13,297 - INFO - Ingress_Mono_Enter N4UZ8H47
2025-04-12 18:40:13,332 - INFO - Ingress_Mono_Input_Decoded N4UZ8H47
2025-04-12 18:40:13,335 - INFO - Ingress_Mono_Numpy_Converted N4UZ8H47
2025-04-12 18:40:14,528 - INFO - Ingress_Mono_Enter GI7H6T64
2025-04-12 18:40:14,577 - INFO - Ingress_Mono_Input_Decoded GI7H6T64
2025-04-12 18:40:14,582 - INFO - Ingress_Mono_Numpy_Converted GI7H6T64
2025-04-12 18:40:14,583 - INFO - Ingress_Mono_Exit DW638XIQ
2025-04-12 18:40:14,584 - INFO - Ingress_Mono_Exit K1LMIQ5B
2025-04-12 18:40:16,047 - INFO - Ingress_Mono_Enter 2NB7OLGI
2025-04-12 18:40:16,127 - INFO - Ingress_Mono_Input_Decoded 2NB7OLGI
2025-04-12 18:40:16,132 - INFO - Ingress_Mono_Numpy_Converted 2NB7OLGI
2025-04-12 18:40:16,687 - INFO - Ingress_Mono_Exit N4UZ8H47
2025-04-12 18:40:17,851 - INFO - Ingress_Mono_Exit 7IL0FWUQ
2025-04-12 18:40:17,853 - INFO - Ingress_Mono_Exit VPYJN6D5
2025-04-12 18:40:18,670 - INFO - Ingress_Mono_Exit GI7H6T64
2025-04-12 18:40:19,388 - INFO - Ingress_Mono_Enter 5KW10725
2025-04-12 18:40:19,431 - INFO - Ingress_Mono_Input_Decoded 5KW10725
2025-04-12 18:40:19,435 - INFO - Ingress_Mono_Numpy_Converted 5KW10725
2025-04-12 18:40:20,174 - INFO - Ingress_Mono_Enter 9QVLVCCF
2025-04-12 18:40:20,196 - INFO - Ingress_Mono_Input_Decoded 9QVLVCCF
2025-04-12 18:40:20,199 - INFO - Ingress_Mono_Numpy_Converted 9QVLVCCF
2025-04-12 18:40:20,724 - INFO - Ingress_Mono_Enter MOXPIIH4
2025-04-12 18:40:20,766 - INFO - Ingress_Mono_Input_Decoded MOXPIIH4
2025-04-12 18:40:20,770 - INFO - Ingress_Mono_Numpy_Converted MOXPIIH4
2025-04-12 18:40:21,055 - INFO - Ingress_Mono_Enter F77S50VS
2025-04-12 18:40:21,094 - INFO - Ingress_Mono_Input_Decoded F77S50VS
2025-04-12 18:40:21,097 - INFO - Ingress_Mono_Numpy_Converted F77S50VS
2025-04-12 18:40:21,783 - INFO - Ingress_Mono_Enter GRBD3EZ4
2025-04-12 18:40:21,816 - INFO - Ingress_Mono_Input_Decoded GRBD3EZ4
2025-04-12 18:40:21,819 - INFO - Ingress_Mono_Numpy_Converted GRBD3EZ4
2025-04-12 18:40:21,999 - INFO - Ingress_Mono_Enter Q0WE28YA
2025-04-12 18:40:22,053 - INFO - Ingress_Mono_Input_Decoded Q0WE28YA
2025-04-12 18:40:22,058 - INFO - Ingress_Mono_Numpy_Converted Q0WE28YA
2025-04-12 18:40:22,675 - INFO - Ingress_Mono_Exit 5KW10725
2025-04-12 18:40:22,993 - INFO - Ingress_Mono_Enter 12WZUSHW
2025-04-12 18:40:23,035 - INFO - Ingress_Mono_Input_Decoded 12WZUSHW
2025-04-12 18:40:23,039 - INFO - Ingress_Mono_Numpy_Converted 12WZUSHW
2025-04-12 18:40:23,188 - INFO - Ingress_Mono_Exit 2NB7OLGI
2025-04-12 18:40:23,262 - INFO - Ingress_Mono_Enter BVG3FP4T
2025-04-12 18:40:23,308 - INFO - Ingress_Mono_Input_Decoded BVG3FP4T
2025-04-12 18:40:23,312 - INFO - Ingress_Mono_Numpy_Converted BVG3FP4T
2025-04-12 18:40:23,498 - INFO - Ingress_Mono_Exit 9QVLVCCF
2025-04-12 18:40:23,587 - INFO - Ingress_Mono_Enter PURMLKRS
2025-04-12 18:40:23,621 - INFO - Ingress_Mono_Input_Decoded PURMLKRS
2025-04-12 18:40:23,627 - INFO - Ingress_Mono_Numpy_Converted PURMLKRS
2025-04-12 18:40:24,075 - INFO - Ingress_Mono_Exit MOXPIIH4
2025-04-12 18:40:24,522 - INFO - Ingress_Mono_Enter YIIO4UEA
2025-04-12 18:40:24,555 - INFO - Ingress_Mono_Input_Decoded YIIO4UEA
2025-04-12 18:40:24,558 - INFO - Ingress_Mono_Numpy_Converted YIIO4UEA
2025-04-12 18:40:26,014 - INFO - Ingress_Mono_Exit F77S50VS
2025-04-12 18:40:26,035 - INFO - Ingress_Mono_Exit GRBD3EZ4
2025-04-12 18:40:26,319 - INFO - Ingress_Mono_Enter 9SGHR1O1
2025-04-12 18:40:26,346 - INFO - Ingress_Mono_Input_Decoded 9SGHR1O1
2025-04-12 18:40:26,348 - INFO - Ingress_Mono_Numpy_Converted 9SGHR1O1
2025-04-12 18:40:27,655 - INFO - Ingress_Mono_Enter F6HO8JK1
2025-04-12 18:40:27,685 - INFO - Ingress_Mono_Input_Decoded F6HO8JK1
2025-04-12 18:40:27,688 - INFO - Ingress_Mono_Numpy_Converted F6HO8JK1
2025-04-12 18:40:27,922 - INFO - Ingress_Mono_Enter 9D7KE05U
2025-04-12 18:40:27,951 - INFO - Ingress_Mono_Input_Decoded 9D7KE05U
2025-04-12 18:40:27,954 - INFO - Ingress_Mono_Numpy_Converted 9D7KE05U
2025-04-12 18:40:28,204 - INFO - Ingress_Mono_Exit 12WZUSHW
2025-04-12 18:40:28,207 - INFO - Ingress_Mono_Exit BVG3FP4T
2025-04-12 18:40:28,834 - INFO - Ingress_Mono_Exit Q0WE28YA
2025-04-12 18:40:29,503 - INFO - Ingress_Mono_Exit PURMLKRS
2025-04-12 18:40:30,314 - INFO - Ingress_Mono_Exit 9SGHR1O1
2025-04-12 18:40:30,670 - INFO - Ingress_Mono_Enter IQMW85E1
2025-04-12 18:40:30,714 - INFO - Ingress_Mono_Input_Decoded IQMW85E1
2025-04-12 18:40:30,718 - INFO - Ingress_Mono_Numpy_Converted IQMW85E1
2025-04-12 18:40:30,858 - INFO - Ingress_Mono_Enter 1X4ARBHS
2025-04-12 18:40:30,887 - INFO - Ingress_Mono_Input_Decoded 1X4ARBHS
2025-04-12 18:40:30,890 - INFO - Ingress_Mono_Numpy_Converted 1X4ARBHS
2025-04-12 18:40:31,229 - INFO - Ingress_Mono_Enter A9CJLFII
2025-04-12 18:40:31,296 - INFO - Ingress_Mono_Input_Decoded A9CJLFII
2025-04-12 18:40:31,301 - INFO - Ingress_Mono_Numpy_Converted A9CJLFII
2025-04-12 18:40:31,485 - INFO - Ingress_Mono_Enter CGWDNTIZ
2025-04-12 18:40:31,522 - INFO - Ingress_Mono_Input_Decoded CGWDNTIZ
2025-04-12 18:40:31,531 - INFO - Ingress_Mono_Numpy_Converted CGWDNTIZ
2025-04-12 18:40:32,206 - INFO - Ingress_Mono_Enter HFC2R7ZZ
2025-04-12 18:40:32,228 - INFO - Ingress_Mono_Input_Decoded HFC2R7ZZ
2025-04-12 18:40:32,230 - INFO - Ingress_Mono_Numpy_Converted HFC2R7ZZ
2025-04-12 18:40:32,364 - INFO - Ingress_Mono_Exit F6HO8JK1
2025-04-12 18:40:33,361 - INFO - Ingress_Mono_Enter 1MN0AJNN
2025-04-12 18:40:33,409 - INFO - Ingress_Mono_Input_Decoded 1MN0AJNN
2025-04-12 18:40:33,413 - INFO - Ingress_Mono_Numpy_Converted 1MN0AJNN
2025-04-12 18:40:33,623 - INFO - Ingress_Mono_Exit YIIO4UEA
2025-04-12 18:40:33,624 - INFO - Ingress_Mono_Exit 9D7KE05U
2025-04-12 18:40:33,627 - INFO - Ingress_Mono_Exit IQMW85E1
2025-04-12 18:40:34,148 - INFO - Ingress_Mono_Enter LRAXW4QN
2025-04-12 18:40:34,176 - INFO - Ingress_Mono_Input_Decoded LRAXW4QN
2025-04-12 18:40:34,179 - INFO - Ingress_Mono_Numpy_Converted LRAXW4QN
2025-04-12 18:40:34,953 - INFO - Ingress_Mono_Enter NPCY9KTC
2025-04-12 18:40:34,986 - INFO - Ingress_Mono_Input_Decoded NPCY9KTC
2025-04-12 18:40:34,990 - INFO - Ingress_Mono_Numpy_Converted NPCY9KTC
2025-04-12 18:40:35,899 - INFO - Ingress_Mono_Exit 1X4ARBHS
2025-04-12 18:40:37,014 - INFO - Ingress_Mono_Exit A9CJLFII
2025-04-12 18:40:38,098 - INFO - Ingress_Mono_Exit HFC2R7ZZ
2025-04-12 18:40:38,123 - INFO - Ingress_Mono_Enter X9WSO9HE
2025-04-12 18:40:38,161 - INFO - Ingress_Mono_Input_Decoded X9WSO9HE
2025-04-12 18:40:38,165 - INFO - Ingress_Mono_Numpy_Converted X9WSO9HE
2025-04-12 18:40:38,856 - INFO - Ingress_Mono_Enter EUR4XFYC
2025-04-12 18:40:38,895 - INFO - Ingress_Mono_Input_Decoded EUR4XFYC
2025-04-12 18:40:38,899 - INFO - Ingress_Mono_Numpy_Converted EUR4XFYC
2025-04-12 18:40:38,928 - INFO - Ingress_Mono_Exit CGWDNTIZ
2025-04-12 18:40:39,257 - INFO - Ingress_Mono_Enter NP4NDAYS
2025-04-12 18:40:39,295 - INFO - Ingress_Mono_Input_Decoded NP4NDAYS
2025-04-12 18:40:39,299 - INFO - Ingress_Mono_Numpy_Converted NP4NDAYS
2025-04-12 18:40:39,660 - INFO - Ingress_Mono_Enter RHIC7329
2025-04-12 18:40:39,704 - INFO - Ingress_Mono_Input_Decoded RHIC7329
2025-04-12 18:40:39,709 - INFO - Ingress_Mono_Numpy_Converted RHIC7329
2025-04-12 18:40:40,396 - INFO - Ingress_Mono_Enter 34FDBA0H
2025-04-12 18:40:40,442 - INFO - Ingress_Mono_Input_Decoded 34FDBA0H
2025-04-12 18:40:40,446 - INFO - Ingress_Mono_Numpy_Converted 34FDBA0H
2025-04-12 18:40:40,687 - INFO - Ingress_Mono_Enter 6VG6Y4X0
2025-04-12 18:40:40,744 - INFO - Ingress_Mono_Input_Decoded 6VG6Y4X0
2025-04-12 18:40:40,754 - INFO - Ingress_Mono_Numpy_Converted 6VG6Y4X0
2025-04-12 18:40:40,755 - INFO - Ingress_Mono_Exit 1MN0AJNN
2025-04-12 18:40:41,018 - INFO - Ingress_Mono_Enter Z2E97ERY
2025-04-12 18:40:41,065 - INFO - Ingress_Mono_Input_Decoded Z2E97ERY
2025-04-12 18:40:41,069 - INFO - Ingress_Mono_Numpy_Converted Z2E97ERY
2025-04-12 18:40:41,222 - INFO - Ingress_Mono_Exit LRAXW4QN
2025-04-12 18:40:41,778 - INFO - Ingress_Mono_Exit RHIC7329
2025-04-12 18:40:42,266 - INFO - Ingress_Mono_Exit EUR4XFYC
2025-04-12 18:40:42,269 - INFO - Ingress_Mono_Exit NP4NDAYS
2025-04-12 18:40:43,242 - INFO - Ingress_Mono_Exit NPCY9KTC
2025-04-12 18:40:43,522 - INFO - Ingress_Mono_Enter DOJL8COS
2025-04-12 18:40:43,559 - INFO - Ingress_Mono_Input_Decoded DOJL8COS
2025-04-12 18:40:43,562 - INFO - Ingress_Mono_Numpy_Converted DOJL8COS
2025-04-12 18:40:43,924 - INFO - Ingress_Mono_Enter GL0IU941
2025-04-12 18:40:43,962 - INFO - Ingress_Mono_Input_Decoded GL0IU941
2025-04-12 18:40:43,966 - INFO - Ingress_Mono_Numpy_Converted GL0IU941
2025-04-12 18:40:44,056 - INFO - Ingress_Mono_Enter 2XAFLX7G
2025-04-12 18:40:44,092 - INFO - Ingress_Mono_Input_Decoded 2XAFLX7G
2025-04-12 18:40:44,096 - INFO - Ingress_Mono_Numpy_Converted 2XAFLX7G
2025-04-12 18:40:44,641 - INFO - Ingress_Mono_Exit X9WSO9HE
2025-04-12 18:40:44,790 - INFO - Ingress_Mono_Enter W7Q8MOU2
2025-04-12 18:40:44,828 - INFO - Ingress_Mono_Input_Decoded W7Q8MOU2
2025-04-12 18:40:44,833 - INFO - Ingress_Mono_Numpy_Converted W7Q8MOU2
2025-04-12 18:40:45,150 - INFO - Ingress_Mono_Exit 34FDBA0H
2025-04-12 18:40:45,190 - INFO - Ingress_Mono_Enter XH5KYSGV
2025-04-12 18:40:45,225 - INFO - Ingress_Mono_Input_Decoded XH5KYSGV
2025-04-12 18:40:45,229 - INFO - Ingress_Mono_Numpy_Converted XH5KYSGV
2025-04-12 18:40:45,795 - INFO - Ingress_Mono_Enter GRV9P9WL
2025-04-12 18:40:45,832 - INFO - Ingress_Mono_Input_Decoded GRV9P9WL
2025-04-12 18:40:45,836 - INFO - Ingress_Mono_Numpy_Converted GRV9P9WL
2025-04-12 18:40:46,608 - INFO - Ingress_Mono_Exit 6VG6Y4X0
2025-04-12 18:40:47,526 - INFO - Ingress_Mono_Enter 7VSB6NPY
2025-04-12 18:40:47,556 - INFO - Ingress_Mono_Input_Decoded 7VSB6NPY
2025-04-12 18:40:47,559 - INFO - Ingress_Mono_Numpy_Converted 7VSB6NPY
2025-04-12 18:40:47,587 - INFO - Ingress_Mono_Exit 2XAFLX7G
2025-04-12 18:40:48,236 - INFO - Ingress_Mono_Exit Z2E97ERY
2025-04-12 18:40:48,239 - INFO - Ingress_Mono_Exit DOJL8COS
2025-04-12 18:40:48,241 - INFO - Ingress_Mono_Exit GL0IU941
2025-04-12 18:40:49,645 - INFO - Ingress_Mono_Exit W7Q8MOU2
2025-04-12 18:40:50,262 - INFO - Ingress_Mono_Enter 2GK6XY8N
2025-04-12 18:40:50,294 - INFO - Ingress_Mono_Input_Decoded 2GK6XY8N
2025-04-12 18:40:50,297 - INFO - Ingress_Mono_Numpy_Converted 2GK6XY8N
2025-04-12 18:40:50,408 - INFO - Ingress_Mono_Enter 0PGHKJJ1
2025-04-12 18:40:50,456 - INFO - Ingress_Mono_Input_Decoded 0PGHKJJ1
2025-04-12 18:40:50,461 - INFO - Ingress_Mono_Numpy_Converted 0PGHKJJ1
2025-04-12 18:40:50,739 - INFO - Ingress_Mono_Enter VC4L1S0Y
2025-04-12 18:40:50,785 - INFO - Ingress_Mono_Input_Decoded VC4L1S0Y
2025-04-12 18:40:50,789 - INFO - Ingress_Mono_Numpy_Converted VC4L1S0Y
2025-04-12 18:40:51,709 - INFO - Ingress_Mono_Exit XH5KYSGV
2025-04-12 18:40:53,218 - INFO - Ingress_Mono_Exit GRV9P9WL
2025-04-12 18:40:53,418 - INFO - Ingress_Mono_Enter TUVMPCWO
2025-04-12 18:40:53,456 - INFO - Ingress_Mono_Input_Decoded TUVMPCWO
2025-04-12 18:40:53,460 - INFO - Ingress_Mono_Numpy_Converted TUVMPCWO
2025-04-12 18:40:53,747 - INFO - Ingress_Mono_Exit VC4L1S0Y
2025-04-12 18:40:54,215 - INFO - Ingress_Mono_Enter 3NW06I5B
2025-04-12 18:40:54,250 - INFO - Ingress_Mono_Input_Decoded 3NW06I5B
2025-04-12 18:40:54,255 - INFO - Ingress_Mono_Numpy_Converted 3NW06I5B
2025-04-12 18:40:54,472 - INFO - Ingress_Mono_Exit 7VSB6NPY
2025-04-12 18:40:54,750 - INFO - Ingress_Mono_Enter 101731MT
2025-04-12 18:40:54,787 - INFO - Ingress_Mono_Input_Decoded 101731MT
2025-04-12 18:40:54,791 - INFO - Ingress_Mono_Numpy_Converted 101731MT
2025-04-12 18:40:55,111 - INFO - Ingress_Mono_Enter 6ASSZQ67
2025-04-12 18:40:55,181 - INFO - Ingress_Mono_Input_Decoded 6ASSZQ67
2025-04-12 18:40:55,186 - INFO - Ingress_Mono_Numpy_Converted 6ASSZQ67
2025-04-12 18:40:55,427 - INFO - Ingress_Mono_Enter D84WH02G
2025-04-12 18:40:55,472 - INFO - Ingress_Mono_Input_Decoded D84WH02G
2025-04-12 18:40:55,476 - INFO - Ingress_Mono_Numpy_Converted D84WH02G
2025-04-12 18:40:55,968 - INFO - Ingress_Mono_Exit 3NW06I5B
2025-04-12 18:40:56,082 - INFO - Ingress_Mono_Enter PCQ0Y9EH
2025-04-12 18:40:56,116 - INFO - Ingress_Mono_Input_Decoded PCQ0Y9EH
2025-04-12 18:40:56,119 - INFO - Ingress_Mono_Numpy_Converted PCQ0Y9EH
2025-04-12 18:40:56,646 - INFO - Ingress_Mono_Exit 0PGHKJJ1
2025-04-12 18:40:56,649 - INFO - Ingress_Mono_Exit TUVMPCWO
2025-04-12 18:40:56,814 - INFO - Ingress_Mono_Enter 6KADY0MF
2025-04-12 18:40:56,843 - INFO - Ingress_Mono_Input_Decoded 6KADY0MF
2025-04-12 18:40:56,846 - INFO - Ingress_Mono_Numpy_Converted 6KADY0MF
2025-04-12 18:40:57,146 - INFO - Ingress_Mono_Enter HHUD8JA0
2025-04-12 18:40:57,170 - INFO - Ingress_Mono_Input_Decoded HHUD8JA0
2025-04-12 18:40:57,172 - INFO - Ingress_Mono_Numpy_Converted HHUD8JA0
2025-04-12 18:40:57,635 - INFO - Ingress_Mono_Exit 2GK6XY8N
2025-04-12 18:40:58,289 - INFO - Ingress_Mono_Enter YCNEQ6U1
2025-04-12 18:40:58,326 - INFO - Ingress_Mono_Input_Decoded YCNEQ6U1
2025-04-12 18:40:58,330 - INFO - Ingress_Mono_Numpy_Converted YCNEQ6U1
2025-04-12 18:40:58,818 - INFO - Ingress_Mono_Enter D7AGWSRU
2025-04-12 18:40:58,848 - INFO - Ingress_Mono_Input_Decoded D7AGWSRU
2025-04-12 18:40:58,850 - INFO - Ingress_Mono_Numpy_Converted D7AGWSRU
2025-04-12 18:40:59,368 - INFO - Ingress_Mono_Enter H52O9EG7
2025-04-12 18:40:59,417 - INFO - Ingress_Mono_Input_Decoded H52O9EG7
2025-04-12 18:40:59,422 - INFO - Ingress_Mono_Numpy_Converted H52O9EG7
2025-04-12 18:41:00,324 - INFO - Ingress_Mono_Exit PCQ0Y9EH
2025-04-12 18:41:00,918 - INFO - Ingress_Mono_Exit D84WH02G
2025-04-12 18:41:00,921 - INFO - Ingress_Mono_Exit 6KADY0MF
2025-04-12 18:41:01,240 - INFO - Ingress_Mono_Exit 101731MT
2025-04-12 18:41:01,840 - INFO - Ingress_Mono_Exit D7AGWSRU
2025-04-12 18:41:02,308 - INFO - Ingress_Mono_Exit HHUD8JA0
2025-04-12 18:41:02,647 - INFO - Ingress_Mono_Enter JBEBVBOT
2025-04-12 18:41:02,707 - INFO - Ingress_Mono_Input_Decoded JBEBVBOT
2025-04-12 18:41:02,711 - INFO - Ingress_Mono_Numpy_Converted JBEBVBOT
2025-04-12 18:41:02,847 - INFO - Ingress_Mono_Exit 6ASSZQ67
2025-04-12 18:41:02,849 - INFO - Ingress_Mono_Exit YCNEQ6U1
2025-04-12 18:41:03,491 - INFO - Ingress_Mono_Enter 8RK7ZU4K
2025-04-12 18:41:03,521 - INFO - Ingress_Mono_Input_Decoded 8RK7ZU4K
2025-04-12 18:41:03,524 - INFO - Ingress_Mono_Numpy_Converted 8RK7ZU4K
2025-04-12 18:41:04,221 - INFO - Ingress_Mono_Enter LZBEW1FI
2025-04-12 18:41:04,247 - INFO - Ingress_Mono_Input_Decoded LZBEW1FI
2025-04-12 18:41:04,249 - INFO - Ingress_Mono_Numpy_Converted LZBEW1FI
2025-04-12 18:41:04,645 - INFO - Ingress_Mono_Enter PWH1UHVK
2025-04-12 18:41:04,704 - INFO - Ingress_Mono_Input_Decoded PWH1UHVK
2025-04-12 18:41:04,707 - INFO - Ingress_Mono_Numpy_Converted PWH1UHVK
2025-04-12 18:41:04,776 - INFO - Ingress_Mono_Exit H52O9EG7
2025-04-12 18:41:05,569 - INFO - Ingress_Mono_Enter 4MINZW6Q
2025-04-12 18:41:05,609 - INFO - Ingress_Mono_Input_Decoded 4MINZW6Q
2025-04-12 18:41:05,613 - INFO - Ingress_Mono_Numpy_Converted 4MINZW6Q
2025-04-12 18:41:05,763 - INFO - Ingress_Mono_Enter PC5OR80Q
2025-04-12 18:41:05,798 - INFO - Ingress_Mono_Input_Decoded PC5OR80Q
2025-04-12 18:41:05,801 - INFO - Ingress_Mono_Numpy_Converted PC5OR80Q
2025-04-12 18:41:05,962 - INFO - Ingress_Mono_Enter SE1BNJ4P
2025-04-12 18:41:05,994 - INFO - Ingress_Mono_Input_Decoded SE1BNJ4P
2025-04-12 18:41:05,997 - INFO - Ingress_Mono_Numpy_Converted SE1BNJ4P
2025-04-12 18:41:06,300 - INFO - Ingress_Mono_Enter 8PJCJD6D
2025-04-12 18:41:06,338 - INFO - Ingress_Mono_Input_Decoded 8PJCJD6D
2025-04-12 18:41:06,342 - INFO - Ingress_Mono_Numpy_Converted 8PJCJD6D
2025-04-12 18:41:07,152 - INFO - Ingress_Mono_Exit JBEBVBOT
2025-04-12 18:41:07,691 - INFO - Ingress_Mono_Exit 8RK7ZU4K
2025-04-12 18:41:09,378 - INFO - Ingress_Mono_Exit LZBEW1FI
2025-04-12 18:41:10,066 - INFO - Ingress_Mono_Exit PWH1UHVK
2025-04-12 18:41:10,070 - INFO - Ingress_Mono_Exit 4MINZW6Q
2025-04-12 18:41:11,149 - INFO - Ingress_Mono_Exit PC5OR80Q
2025-04-12 18:41:15,548 - INFO - Ingress_Mono_Enter SB4HQRDE
2025-04-12 18:41:15,583 - INFO - Ingress_Mono_Input_Decoded SB4HQRDE
2025-04-12 18:41:15,586 - INFO - Ingress_Mono_Numpy_Converted SB4HQRDE
2025-04-12 18:41:16,151 - INFO - Ingress_Mono_Enter 9T61UTE0
2025-04-12 18:41:16,250 - INFO - Ingress_Mono_Input_Decoded 9T61UTE0
2025-04-12 18:41:16,256 - INFO - Ingress_Mono_Numpy_Converted 9T61UTE0
2025-04-12 18:41:16,264 - INFO - Ingress_Mono_Enter FGEGHA2E
2025-04-12 18:41:16,304 - INFO - Ingress_Mono_Input_Decoded FGEGHA2E
2025-04-12 18:41:16,308 - INFO - Ingress_Mono_Numpy_Converted FGEGHA2E
2025-04-12 18:41:16,838 - INFO - Ingress_Mono_Enter SLINYCF4
2025-04-12 18:41:16,867 - INFO - Ingress_Mono_Input_Decoded SLINYCF4
2025-04-12 18:41:16,870 - INFO - Ingress_Mono_Numpy_Converted SLINYCF4
2025-04-12 18:41:16,984 - INFO - Ingress_Mono_Enter KKXVOX8T
2025-04-12 18:41:17,016 - INFO - Ingress_Mono_Input_Decoded KKXVOX8T
2025-04-12 18:41:17,019 - INFO - Ingress_Mono_Numpy_Converted KKXVOX8T
2025-04-12 18:41:17,387 - INFO - Ingress_Mono_Enter HREWCM26
2025-04-12 18:41:17,438 - INFO - Ingress_Mono_Input_Decoded HREWCM26
2025-04-12 18:41:17,443 - INFO - Ingress_Mono_Numpy_Converted HREWCM26
2025-04-12 18:41:18,057 - INFO - Ingress_Mono_Exit SE1BNJ4P
2025-04-12 18:41:18,105 - INFO - Ingress_Mono_Enter 2QS4TJ92
2025-04-12 18:41:18,135 - INFO - Ingress_Mono_Input_Decoded 2QS4TJ92
2025-04-12 18:41:18,138 - INFO - Ingress_Mono_Numpy_Converted 2QS4TJ92
2025-04-12 18:41:18,703 - INFO - Ingress_Mono_Enter L5LA0JSN
2025-04-12 18:41:18,730 - INFO - Ingress_Mono_Input_Decoded L5LA0JSN
2025-04-12 18:41:18,733 - INFO - Ingress_Mono_Numpy_Converted L5LA0JSN
2025-04-12 18:41:19,158 - INFO - Ingress_Mono_Exit 8PJCJD6D
2025-04-12 18:41:19,160 - INFO - Ingress_Mono_Exit SB4HQRDE
2025-04-12 18:41:19,983 - INFO - Ingress_Mono_Enter DQ0XF7RT
2025-04-12 18:41:20,024 - INFO - Ingress_Mono_Input_Decoded DQ0XF7RT
2025-04-12 18:41:20,028 - INFO - Ingress_Mono_Numpy_Converted DQ0XF7RT
2025-04-12 18:41:21,125 - INFO - Ingress_Mono_Enter IB957XND
2025-04-12 18:41:21,169 - INFO - Ingress_Mono_Input_Decoded IB957XND
2025-04-12 18:41:21,173 - INFO - Ingress_Mono_Numpy_Converted IB957XND
2025-04-12 18:41:22,183 - INFO - Ingress_Mono_Enter O5XUCJUY
2025-04-12 18:41:22,222 - INFO - Ingress_Mono_Input_Decoded O5XUCJUY
2025-04-12 18:41:22,226 - INFO - Ingress_Mono_Numpy_Converted O5XUCJUY
2025-04-12 18:41:25,882 - INFO - Ingress_Mono_Exit 9T61UTE0
2025-04-12 18:41:28,105 - INFO - Ingress_Mono_Enter H8GFVXX3
2025-04-12 18:41:28,137 - INFO - Ingress_Mono_Input_Decoded H8GFVXX3
2025-04-12 18:41:28,140 - INFO - Ingress_Mono_Numpy_Converted H8GFVXX3
2025-04-12 18:41:29,287 - INFO - Ingress_Mono_Exit FGEGHA2E
2025-04-12 18:41:30,145 - INFO - Ingress_Mono_Exit SLINYCF4
2025-04-12 18:41:30,148 - INFO - Ingress_Mono_Exit KKXVOX8T
2025-04-12 18:41:30,163 - INFO - Ingress_Mono_Enter JYUTCON7
2025-04-12 18:41:30,196 - INFO - Ingress_Mono_Input_Decoded JYUTCON7
2025-04-12 18:41:30,199 - INFO - Ingress_Mono_Numpy_Converted JYUTCON7
2025-04-12 18:41:30,426 - INFO - Ingress_Mono_Enter 64V5ZMT9
2025-04-12 18:41:30,457 - INFO - Ingress_Mono_Input_Decoded 64V5ZMT9
2025-04-12 18:41:30,460 - INFO - Ingress_Mono_Numpy_Converted 64V5ZMT9
2025-04-12 18:41:31,413 - INFO - Ingress_Mono_Exit HREWCM26
2025-04-12 18:41:31,848 - INFO - Ingress_Mono_Exit L5LA0JSN
2025-04-12 18:41:32,114 - INFO - Ingress_Mono_Exit 2QS4TJ92
2025-04-12 18:41:33,038 - INFO - Ingress_Mono_Exit O5XUCJUY
2025-04-12 18:41:33,099 - INFO - Ingress_Mono_Exit DQ0XF7RT
2025-04-12 18:41:33,214 - INFO - Ingress_Mono_Enter QFLDVNMP
2025-04-12 18:41:33,268 - INFO - Ingress_Mono_Input_Decoded QFLDVNMP
2025-04-12 18:41:33,273 - INFO - Ingress_Mono_Numpy_Converted QFLDVNMP
2025-04-12 18:41:33,529 - INFO - Ingress_Mono_Enter H6VB7208
2025-04-12 18:41:33,559 - INFO - Ingress_Mono_Input_Decoded H6VB7208
2025-04-12 18:41:33,562 - INFO - Ingress_Mono_Numpy_Converted H6VB7208
2025-04-12 18:41:34,314 - INFO - Ingress_Mono_Exit 64V5ZMT9
2025-04-12 18:41:34,424 - INFO - Ingress_Mono_Exit IB957XND
2025-04-12 18:41:34,427 - INFO - Ingress_Mono_Exit JYUTCON7
2025-04-12 18:41:34,934 - INFO - Ingress_Mono_Enter QA225WGI
2025-04-12 18:41:34,963 - INFO - Ingress_Mono_Input_Decoded QA225WGI
2025-04-12 18:41:34,966 - INFO - Ingress_Mono_Numpy_Converted QA225WGI
2025-04-12 18:41:35,069 - INFO - Ingress_Mono_Enter GWRBN9S4
2025-04-12 18:41:35,105 - INFO - Ingress_Mono_Input_Decoded GWRBN9S4
2025-04-12 18:41:35,109 - INFO - Ingress_Mono_Numpy_Converted GWRBN9S4
2025-04-12 18:41:35,348 - INFO - Ingress_Mono_Enter PAPLHTD8
2025-04-12 18:41:35,397 - INFO - Ingress_Mono_Input_Decoded PAPLHTD8
2025-04-12 18:41:35,402 - INFO - Ingress_Mono_Numpy_Converted PAPLHTD8
2025-04-12 18:41:36,551 - INFO - Ingress_Mono_Enter V68RZX7C
2025-04-12 18:41:36,589 - INFO - Ingress_Mono_Input_Decoded V68RZX7C
2025-04-12 18:41:36,593 - INFO - Ingress_Mono_Numpy_Converted V68RZX7C
2025-04-12 18:41:36,764 - INFO - Ingress_Mono_Enter 989QCVHP
2025-04-12 18:41:36,817 - INFO - Ingress_Mono_Input_Decoded 989QCVHP
2025-04-12 18:41:36,821 - INFO - Ingress_Mono_Numpy_Converted 989QCVHP
2025-04-12 18:41:37,378 - INFO - Ingress_Mono_Exit H8GFVXX3
2025-04-12 18:41:37,416 - INFO - Ingress_Mono_Enter 413HNRPF
2025-04-12 18:41:37,452 - INFO - Ingress_Mono_Input_Decoded 413HNRPF
2025-04-12 18:41:37,456 - INFO - Ingress_Mono_Numpy_Converted 413HNRPF
2025-04-12 18:41:37,749 - INFO - Ingress_Mono_Enter ZO748TEQ
2025-04-12 18:41:37,779 - INFO - Ingress_Mono_Input_Decoded ZO748TEQ
2025-04-12 18:41:37,781 - INFO - Ingress_Mono_Numpy_Converted ZO748TEQ
2025-04-12 18:41:37,828 - INFO - Ingress_Mono_Enter 5I017PTM
2025-04-12 18:41:37,880 - INFO - Ingress_Mono_Input_Decoded 5I017PTM
2025-04-12 18:41:37,884 - INFO - Ingress_Mono_Numpy_Converted 5I017PTM
2025-04-12 18:41:37,886 - INFO - Ingress_Mono_Exit QFLDVNMP
2025-04-12 18:41:37,891 - INFO - Ingress_Mono_Exit H6VB7208
2025-04-12 18:41:38,081 - INFO - Ingress_Mono_Enter X1ONWPDJ
2025-04-12 18:41:38,115 - INFO - Ingress_Mono_Input_Decoded X1ONWPDJ
2025-04-12 18:41:38,119 - INFO - Ingress_Mono_Numpy_Converted X1ONWPDJ
2025-04-12 18:41:38,622 - INFO - Ingress_Mono_Enter A1RD3G1M
2025-04-12 18:41:38,659 - INFO - Ingress_Mono_Input_Decoded A1RD3G1M
2025-04-12 18:41:38,662 - INFO - Ingress_Mono_Numpy_Converted A1RD3G1M
2025-04-12 18:41:38,752 - INFO - Ingress_Mono_Enter WSU4D07L
2025-04-12 18:41:38,789 - INFO - Ingress_Mono_Input_Decoded WSU4D07L
2025-04-12 18:41:38,793 - INFO - Ingress_Mono_Numpy_Converted WSU4D07L
2025-04-12 18:41:38,862 - INFO - Ingress_Mono_Exit GWRBN9S4
2025-04-12 18:41:38,867 - INFO - Ingress_Mono_Exit PAPLHTD8
2025-04-12 18:41:39,089 - INFO - Ingress_Mono_Enter F7O7M9KU
2025-04-12 18:41:39,118 - INFO - Ingress_Mono_Input_Decoded F7O7M9KU
2025-04-12 18:41:39,121 - INFO - Ingress_Mono_Numpy_Converted F7O7M9KU
2025-04-12 18:41:39,287 - INFO - Ingress_Mono_Enter T4GXLMJU
2025-04-12 18:41:39,326 - INFO - Ingress_Mono_Input_Decoded T4GXLMJU
2025-04-12 18:41:39,330 - INFO - Ingress_Mono_Numpy_Converted T4GXLMJU
2025-04-12 18:41:40,426 - INFO - Ingress_Mono_Enter WOEYV3Q9
2025-04-12 18:41:40,465 - INFO - Ingress_Mono_Input_Decoded WOEYV3Q9
2025-04-12 18:41:40,469 - INFO - Ingress_Mono_Numpy_Converted WOEYV3Q9
2025-04-12 18:41:40,538 - INFO - Ingress_Mono_Exit QA225WGI
2025-04-12 18:41:40,543 - INFO - Ingress_Mono_Exit V68RZX7C
2025-04-12 18:41:41,255 - INFO - Ingress_Mono_Enter CMMOWPHX
2025-04-12 18:41:41,330 - INFO - Ingress_Mono_Input_Decoded CMMOWPHX
2025-04-12 18:41:41,335 - INFO - Ingress_Mono_Numpy_Converted CMMOWPHX
2025-04-12 18:41:41,761 - INFO - Ingress_Mono_Exit 989QCVHP
2025-04-12 18:41:44,653 - INFO - Ingress_Mono_Enter 64NLT9CV
2025-04-12 18:41:44,699 - INFO - Ingress_Mono_Input_Decoded 64NLT9CV
2025-04-12 18:41:44,704 - INFO - Ingress_Mono_Numpy_Converted 64NLT9CV
2025-04-12 18:41:44,711 - INFO - Ingress_Mono_Enter 1E0O2V3A
2025-04-12 18:41:44,739 - INFO - Ingress_Mono_Input_Decoded 1E0O2V3A
2025-04-12 18:41:44,741 - INFO - Ingress_Mono_Numpy_Converted 1E0O2V3A
2025-04-12 18:41:45,450 - INFO - Ingress_Mono_Enter Q6R681BH
2025-04-12 18:41:45,489 - INFO - Ingress_Mono_Input_Decoded Q6R681BH
2025-04-12 18:41:45,492 - INFO - Ingress_Mono_Numpy_Converted Q6R681BH
2025-04-12 18:41:45,517 - INFO - Ingress_Mono_Enter JKQDAOX1
2025-04-12 18:41:45,558 - INFO - Ingress_Mono_Input_Decoded JKQDAOX1
2025-04-12 18:41:45,561 - INFO - Ingress_Mono_Numpy_Converted JKQDAOX1
2025-04-12 18:41:47,018 - INFO - Ingress_Mono_Exit 413HNRPF
2025-04-12 18:41:47,020 - INFO - Ingress_Mono_Exit ZO748TEQ
2025-04-12 18:41:53,624 - INFO - Ingress_Mono_Exit 5I017PTM
2025-04-12 18:41:53,626 - INFO - Ingress_Mono_Exit X1ONWPDJ
2025-04-12 18:41:53,679 - INFO - Ingress_Mono_Exit A1RD3G1M
2025-04-12 18:41:53,682 - INFO - Ingress_Mono_Exit F7O7M9KU
2025-04-12 18:41:53,683 - INFO - Ingress_Mono_Exit WSU4D07L
2025-04-12 18:41:54,592 - INFO - Ingress_Mono_Exit T4GXLMJU
2025-04-12 18:41:54,620 - INFO - Ingress_Mono_Exit JKQDAOX1
2025-04-12 18:41:54,640 - INFO - Ingress_Mono_Exit 64NLT9CV
2025-04-12 18:41:54,641 - INFO - Ingress_Mono_Exit WOEYV3Q9
2025-04-12 18:41:54,969 - INFO - Ingress_Mono_Exit CMMOWPHX
2025-04-12 18:41:55,642 - INFO - Ingress_Mono_Exit 1E0O2V3A
2025-04-12 18:41:55,772 - INFO - Ingress_Mono_Exit Q6R681BH
