2025-04-01 04:52:42,995 - INFO - Ingress_Enter AO5CA0M3
2025-04-01 04:52:43,357 - INFO - Ingress_Enter BB6V5EGG
2025-04-01 04:52:43,661 - INFO - Ingress_Exit AO5CA0M3
2025-04-01 04:52:43,844 - INFO - Ingress_Exit BB6V5EGG
2025-04-01 04:52:43,918 - INFO - Ingress_Enter MX7KI0BH
2025-04-01 04:52:43,951 - INFO - Ingress_Enter UYGD1696
2025-04-01 04:52:44,165 - INFO - Ingress_Exit MX7KI0BH
2025-04-01 04:52:44,167 - INFO - Ingress_Exit UYGD1696
2025-04-01 04:52:44,280 - INFO - Ingress_Enter H7R8ODLC
2025-04-01 04:52:44,396 - INFO - Ingress_Exit H7R8ODLC
2025-04-01 04:52:44,707 - INFO - Ingress_Enter 1RL527O1
2025-04-01 04:52:44,818 - INFO - Ingress_Exit 1RL527O1
2025-04-01 04:52:45,821 - INFO - Ingress_Enter D51FQMGK
2025-04-01 04:52:45,893 - INFO - Ingress_Enter YBVL1P07
2025-04-01 04:52:45,923 - INFO - Ingress_Exit D51FQMGK
2025-04-01 04:52:45,988 - INFO - Ingress_Exit YBVL1P07
2025-04-01 04:52:46,875 - INFO - Ingress_Enter HYKQYG0U
2025-04-01 04:52:46,973 - INFO - Ingress_Exit HYKQYG0U
2025-04-01 04:52:47,239 - INFO - Ingress_Enter UOD7784K
2025-04-01 04:52:47,330 - INFO - Ingress_Exit UOD7784K
2025-04-01 04:52:47,566 - INFO - Ingress_Enter 5G8FONYU
2025-04-01 04:52:47,661 - INFO - Ingress_Exit 5G8FONYU
2025-04-01 04:52:47,666 - INFO - Ingress_Enter MM6T00WP
2025-04-01 04:52:47,758 - INFO - Ingress_Exit MM6T00WP
2025-04-01 04:52:48,094 - INFO - Ingress_Enter BR1S02HI
2025-04-01 04:52:48,189 - INFO - Ingress_Exit BR1S02HI
2025-04-01 04:52:48,421 - INFO - Ingress_Enter 121LGE0C
2025-04-01 04:52:48,516 - INFO - Ingress_Exit 121LGE0C
2025-04-01 04:52:49,014 - INFO - Ingress_Enter FPVOFUEE
2025-04-01 04:52:49,110 - INFO - Ingress_Exit FPVOFUEE
2025-04-01 04:52:49,608 - INFO - Ingress_Enter BX7608GN
2025-04-01 04:52:49,673 - INFO - Ingress_Enter BNJZ2GGY
2025-04-01 04:52:49,703 - INFO - Ingress_Exit BX7608GN
2025-04-01 04:52:49,768 - INFO - Ingress_Exit BNJZ2GGY
2025-04-01 04:52:49,904 - INFO - Ingress_Enter YV5SJAA6
2025-04-01 04:52:49,995 - INFO - Ingress_Exit YV5SJAA6
2025-04-01 04:52:50,103 - INFO - Ingress_Enter CVIQ987S
2025-04-01 04:52:50,136 - INFO - Ingress_Enter A7B6NJ96
2025-04-01 04:52:50,198 - INFO - Ingress_Exit CVIQ987S
2025-04-01 04:52:50,229 - INFO - Ingress_Exit A7B6NJ96
2025-04-01 04:52:50,564 - INFO - Ingress_Enter 8VOCZYLF
2025-04-01 04:52:50,597 - INFO - Ingress_Enter DIZA3XIH
2025-04-01 04:52:50,660 - INFO - Ingress_Exit 8VOCZYLF
2025-04-01 04:52:50,691 - INFO - Ingress_Exit DIZA3XIH
2025-04-01 04:52:51,123 - INFO - Ingress_Enter BZHPGAZF
2025-04-01 04:52:51,321 - INFO - Ingress_Enter EV9FA9N5
2025-04-01 04:52:51,585 - INFO - Ingress_Enter M6AWL1BN
2025-04-01 04:52:51,823 - INFO - Ingress_Exit BZHPGAZF
2025-04-01 04:52:51,825 - INFO - Ingress_Exit EV9FA9N5
2025-04-01 04:52:51,973 - INFO - Ingress_Exit M6AWL1BN
2025-04-01 04:52:51,982 - INFO - Ingress_Enter 2TWBIT02
2025-04-01 04:52:52,115 - INFO - Ingress_Enter F8U281OW
2025-04-01 04:52:52,219 - INFO - Ingress_Exit 2TWBIT02
2025-04-01 04:52:52,318 - INFO - Ingress_Exit F8U281OW
2025-04-01 04:52:54,708 - INFO - Ingress_Enter 7NX4A8UR
2025-04-01 04:52:54,812 - INFO - Ingress_Exit 7NX4A8UR
2025-04-01 04:52:55,035 - INFO - Ingress_Enter RA99QESV
2025-04-01 04:52:55,072 - INFO - Ingress_Enter OIOB7X7R
2025-04-01 04:52:55,100 - INFO - Ingress_Enter 08EHZST4
2025-04-01 04:52:55,151 - INFO - Ingress_Exit RA99QESV
2025-04-01 04:52:55,180 - INFO - Ingress_Exit OIOB7X7R
2025-04-01 04:52:55,213 - INFO - Ingress_Exit 08EHZST4
2025-04-01 04:53:05,734 - INFO - Ingress_Enter 6EXJT6AW
2025-04-01 04:53:05,839 - INFO - Ingress_Exit 6EXJT6AW
2025-04-01 04:53:06,366 - INFO - Ingress_Enter IO5LXLU4
2025-04-01 04:53:06,464 - INFO - Ingress_Exit IO5LXLU4
2025-04-01 04:53:06,695 - INFO - Ingress_Enter Q1Z0B2JL
2025-04-01 04:53:06,728 - INFO - Ingress_Enter JU6YISTB
2025-04-01 04:53:06,788 - INFO - Ingress_Exit Q1Z0B2JL
2025-04-01 04:53:06,823 - INFO - Ingress_Exit JU6YISTB
2025-04-01 04:53:06,925 - INFO - Ingress_Enter I1Y4S40H
2025-04-01 04:53:07,021 - INFO - Ingress_Exit I1Y4S40H
2025-04-01 04:53:07,516 - INFO - Ingress_Enter UM2MEEVC
2025-04-01 04:53:07,614 - INFO - Ingress_Exit UM2MEEVC
2025-04-01 04:53:07,615 - INFO - Ingress_Enter 5LROXKMW
2025-04-01 04:53:07,647 - INFO - Ingress_Enter V6YO0ORZ
2025-04-01 04:53:07,712 - INFO - Ingress_Exit 5LROXKMW
2025-04-01 04:53:07,744 - INFO - Ingress_Exit V6YO0ORZ
2025-04-01 04:53:09,876 - INFO - Ingress_Enter U2URJCYI
2025-04-01 04:53:09,988 - INFO - Ingress_Exit U2URJCYI
2025-04-01 04:53:10,169 - INFO - Ingress_Enter K82L7GU8
2025-04-01 04:53:10,202 - INFO - Ingress_Enter 80G2V8WY
2025-04-01 04:53:10,282 - INFO - Ingress_Exit K82L7GU8
2025-04-01 04:53:10,314 - INFO - Ingress_Exit 80G2V8WY
2025-04-01 04:53:13,477 - INFO - Ingress_Enter 252YKPS3
2025-04-01 04:53:13,593 - INFO - Ingress_Exit 252YKPS3
2025-04-01 04:53:13,771 - INFO - Ingress_Enter UMYWW2VZ
2025-04-01 04:53:13,884 - INFO - Ingress_Exit UMYWW2VZ
2025-04-01 04:53:14,524 - INFO - Ingress_Enter DEOYZI7D
2025-04-01 04:53:14,632 - INFO - Ingress_Exit DEOYZI7D
2025-04-01 04:53:15,836 - INFO - Ingress_Enter 1VRV4RUN
2025-04-01 04:53:15,939 - INFO - Ingress_Exit 1VRV4RUN
2025-04-01 04:53:16,327 - INFO - Ingress_Enter IUM47B73
2025-04-01 04:53:16,428 - INFO - Ingress_Exit IUM47B73
2025-04-01 04:53:16,523 - INFO - Ingress_Enter 05HXYP00
2025-04-01 04:53:16,628 - INFO - Ingress_Exit 05HXYP00
2025-04-01 04:53:17,214 - INFO - Ingress_Enter U4EVUNTL
2025-04-01 04:53:17,318 - INFO - Ingress_Exit U4EVUNTL
2025-04-01 04:53:17,411 - INFO - Ingress_Enter GRSE5775
2025-04-01 04:53:17,508 - INFO - Ingress_Exit GRSE5775
2025-04-01 04:53:17,808 - INFO - Ingress_Enter 2MY664LD
2025-04-01 04:53:17,905 - INFO - Ingress_Exit 2MY664LD
2025-04-01 04:53:17,906 - INFO - Ingress_Enter RYGHO16L
2025-04-01 04:53:17,998 - INFO - Ingress_Exit RYGHO16L
2025-04-01 04:53:18,793 - INFO - Ingress_Enter UUFSBPLE
2025-04-01 04:53:18,886 - INFO - Ingress_Exit UUFSBPLE
2025-04-01 04:53:19,022 - INFO - Ingress_Enter 9J25AODJ
2025-04-01 04:53:19,088 - INFO - Ingress_Enter 56EO567K
2025-04-01 04:53:19,115 - INFO - Ingress_Exit 9J25AODJ
2025-04-01 04:53:19,187 - INFO - Ingress_Exit 56EO567K
2025-04-01 04:53:20,007 - INFO - Ingress_Enter GYCZN8ST
2025-04-01 04:53:20,106 - INFO - Ingress_Exit GYCZN8ST
2025-04-01 04:53:20,302 - INFO - Ingress_Enter 2I6LA0PD
2025-04-01 04:53:20,397 - INFO - Ingress_Exit 2I6LA0PD
2025-04-01 04:53:21,680 - INFO - Ingress_Enter OALIW2NA
2025-04-01 04:53:21,712 - INFO - Ingress_Enter DF6BIC1K
2025-04-01 04:53:21,773 - INFO - Ingress_Exit OALIW2NA
2025-04-01 04:53:21,779 - INFO - Ingress_Enter EY5IKJ71
2025-04-01 04:53:21,805 - INFO - Ingress_Exit DF6BIC1K
2025-04-01 04:53:21,875 - INFO - Ingress_Exit EY5IKJ71
2025-04-01 04:53:22,108 - INFO - Ingress_Enter YICVJWQI
2025-04-01 04:53:22,140 - INFO - Ingress_Enter T2ACT1MR
2025-04-01 04:53:22,204 - INFO - Ingress_Exit YICVJWQI
2025-04-01 04:53:22,237 - INFO - Ingress_Exit T2ACT1MR
2025-04-01 04:53:24,372 - INFO - Ingress_Enter PTOEF9CW
2025-04-01 04:53:24,469 - INFO - Ingress_Exit PTOEF9CW
2025-04-01 04:53:24,828 - INFO - Ingress_Enter YBQEV1FZ
2025-04-01 04:53:24,921 - INFO - Ingress_Exit YBQEV1FZ
2025-04-01 04:53:25,451 - INFO - Ingress_Enter SE83EQH8
2025-04-01 04:53:25,484 - INFO - Ingress_Enter Y9QKH2VB
2025-04-01 04:53:25,545 - INFO - Ingress_Exit SE83EQH8
2025-04-01 04:53:25,576 - INFO - Ingress_Exit Y9QKH2VB
2025-04-01 04:53:27,390 - INFO - Ingress_Enter WR0Y89SA
2025-04-01 04:53:27,483 - INFO - Ingress_Exit WR0Y89SA
2025-04-01 04:53:27,619 - INFO - Ingress_Enter LX85Q2RO
2025-04-01 04:53:27,716 - INFO - Ingress_Exit LX85Q2RO
2025-04-01 04:53:28,079 - INFO - Ingress_Enter BGMBK7KC
2025-04-01 04:53:28,174 - INFO - Ingress_Exit BGMBK7KC
2025-04-01 04:53:28,307 - INFO - Ingress_Enter 1I5H5KPS
2025-04-01 04:53:28,401 - INFO - Ingress_Exit 1I5H5KPS
2025-04-01 04:53:28,471 - INFO - Ingress_Enter 5C5DBYDN
2025-04-01 04:53:28,571 - INFO - Ingress_Exit 5C5DBYDN
2025-04-01 04:53:28,998 - INFO - Ingress_Enter FZGU9N6F
2025-04-01 04:53:29,090 - INFO - Ingress_Exit FZGU9N6F
2025-04-01 04:53:29,228 - INFO - Ingress_Enter KAQWYXPS
2025-04-01 04:53:29,323 - INFO - Ingress_Exit KAQWYXPS
2025-04-01 04:53:29,490 - INFO - Ingress_Enter QX3POMHV
2025-04-01 04:53:29,592 - INFO - Ingress_Exit QX3POMHV
2025-04-01 04:53:29,884 - INFO - Ingress_Enter 2P08H0B9
2025-04-01 04:53:29,977 - INFO - Ingress_Exit 2P08H0B9
2025-04-01 04:53:30,179 - INFO - Ingress_Enter OIZIQ6ID
2025-04-01 04:53:30,270 - INFO - Ingress_Exit OIZIQ6ID
2025-04-01 04:53:30,343 - INFO - Ingress_Enter 9OXTC40L
2025-04-01 04:53:30,375 - INFO - Ingress_Enter 38Y0OWK6
2025-04-01 04:53:30,439 - INFO - Ingress_Exit 9OXTC40L
2025-04-01 04:53:30,441 - INFO - Ingress_Enter HA79T40H
2025-04-01 04:53:30,469 - INFO - Ingress_Exit 38Y0OWK6
2025-04-01 04:53:30,536 - INFO - Ingress_Exit HA79T40H
2025-04-01 04:53:41,481 - INFO - Ingress_Enter K9Q4FERX
2025-04-01 04:53:41,602 - INFO - Ingress_Exit K9Q4FERX
2025-04-01 04:53:41,741 - INFO - Ingress_Enter DL007853
2025-04-01 04:53:41,861 - INFO - Ingress_Exit DL007853
2025-04-01 04:53:41,873 - INFO - Ingress_Enter CPP5WYBZ
2025-04-01 04:53:41,995 - INFO - Ingress_Exit CPP5WYBZ
2025-04-01 04:53:42,004 - INFO - Ingress_Enter ASIHUKQT
2025-04-01 04:53:42,070 - INFO - Ingress_Enter QR9YFL68
2025-04-01 04:53:42,122 - INFO - Ingress_Exit ASIHUKQT
2025-04-01 04:53:42,191 - INFO - Ingress_Exit QR9YFL68
2025-04-01 04:53:43,223 - INFO - Ingress_Enter 33VL2WEX
2025-04-01 04:53:43,337 - INFO - Ingress_Exit 33VL2WEX
2025-04-01 04:53:43,485 - INFO - Ingress_Enter 0LMCSKCH
2025-04-01 04:53:43,576 - INFO - Ingress_Exit 0LMCSKCH
2025-04-01 04:53:43,582 - INFO - Ingress_Enter CEIJRZJ6
2025-04-01 04:53:43,616 - INFO - Ingress_Enter AEDH3V9U
2025-04-01 04:53:43,718 - INFO - Ingress_Exit CEIJRZJ6
2025-04-01 04:53:43,746 - INFO - Ingress_Exit AEDH3V9U
2025-04-01 04:53:43,812 - INFO - Ingress_Enter 5U9IYH81
2025-04-01 04:53:43,929 - INFO - Ingress_Exit 5U9IYH81
2025-04-01 04:53:44,042 - INFO - Ingress_Enter WQSZSLTR
2025-04-01 04:53:44,165 - INFO - Ingress_Exit WQSZSLTR
2025-04-01 04:53:45,054 - INFO - Ingress_Enter R3TVSM2G
2025-04-01 04:53:45,152 - INFO - Ingress_Enter 5BA1XYTB
2025-04-01 04:53:45,177 - INFO - Ingress_Exit R3TVSM2G
2025-04-01 04:53:45,266 - INFO - Ingress_Exit 5BA1XYTB
2025-04-01 04:53:45,512 - INFO - Ingress_Enter Z6LFAMXS
2025-04-01 04:53:45,628 - INFO - Ingress_Exit Z6LFAMXS
2025-04-01 04:53:46,001 - INFO - Ingress_Enter D8JU40EN
2025-04-01 04:53:46,113 - INFO - Ingress_Exit D8JU40EN
2025-04-01 04:53:46,656 - INFO - Ingress_Enter PDD69G28
2025-04-01 04:53:46,752 - INFO - Ingress_Exit PDD69G28
2025-04-01 04:53:47,408 - INFO - Ingress_Enter U5K6WGMX
2025-04-01 04:53:47,505 - INFO - Ingress_Enter KWNKPDBY
2025-04-01 04:53:47,520 - INFO - Ingress_Exit U5K6WGMX
2025-04-01 04:53:47,616 - INFO - Ingress_Exit KWNKPDBY
2025-04-01 04:53:48,685 - INFO - Ingress_Enter YXD7UC3Q
2025-04-01 04:53:48,787 - INFO - Ingress_Exit YXD7UC3Q
2025-04-01 04:53:48,880 - INFO - Ingress_Enter BR3II9S4
2025-04-01 04:53:48,912 - INFO - Ingress_Enter YT2M82AD
2025-04-01 04:53:48,988 - INFO - Ingress_Exit BR3II9S4
2025-04-01 04:53:49,019 - INFO - Ingress_Exit YT2M82AD
2025-04-01 04:53:53,165 - INFO - Ingress_Enter 6E1OVZZO
2025-04-01 04:53:53,229 - INFO - Ingress_Enter HNOLXUBH
2025-04-01 04:53:53,274 - INFO - Ingress_Exit 6E1OVZZO
2025-04-01 04:53:53,340 - INFO - Ingress_Exit HNOLXUBH
2025-04-01 04:53:53,950 - INFO - Ingress_Enter 3MROJQA7
2025-04-01 04:53:54,056 - INFO - Ingress_Exit 3MROJQA7
2025-04-01 04:53:54,277 - INFO - Ingress_Enter XKZ2JVO7
2025-04-01 04:53:54,342 - INFO - Ingress_Enter 4GUGUDZ2
2025-04-01 04:53:54,379 - INFO - Ingress_Exit XKZ2JVO7
2025-04-01 04:53:54,446 - INFO - Ingress_Exit 4GUGUDZ2
2025-04-01 04:53:55,163 - INFO - Ingress_Enter 59QV80Z5
2025-04-01 04:53:55,262 - INFO - Ingress_Exit 59QV80Z5
2025-04-01 04:53:56,080 - INFO - Ingress_Enter V9K23P6O
2025-04-01 04:53:56,179 - INFO - Ingress_Exit V9K23P6O
2025-04-01 04:53:56,407 - INFO - Ingress_Enter B1OAR7FW
2025-04-01 04:53:56,473 - INFO - Ingress_Enter PMC7KGY3
2025-04-01 04:53:56,501 - INFO - Ingress_Exit B1OAR7FW
2025-04-01 04:53:56,568 - INFO - Ingress_Exit PMC7KGY3
2025-04-01 04:53:56,735 - INFO - Ingress_Enter IIW7QD11
2025-04-01 04:53:56,827 - INFO - Ingress_Exit IIW7QD11
2025-04-01 04:53:56,932 - INFO - Ingress_Enter YVFJ3G9Z
2025-04-01 04:53:57,055 - INFO - Ingress_Exit YVFJ3G9Z
2025-04-01 04:53:57,194 - INFO - Ingress_Enter UTS8QR7X
2025-04-01 04:53:57,318 - INFO - Ingress_Exit UTS8QR7X
2025-04-01 04:53:57,358 - INFO - Ingress_Enter NSENVAQL
2025-04-01 04:53:57,483 - INFO - Ingress_Exit NSENVAQL
2025-04-01 04:53:57,588 - INFO - Ingress_Enter HFSE2ZN6
2025-04-01 04:53:57,700 - INFO - Ingress_Exit HFSE2ZN6
2025-04-01 04:53:57,850 - INFO - Ingress_Enter 71VKN20N
2025-04-01 04:53:57,964 - INFO - Ingress_Exit 71VKN20N
2025-04-01 04:53:57,981 - INFO - Ingress_Enter 1ZSD1LWY
2025-04-01 04:53:58,077 - INFO - Ingress_Enter B5CIVCBW
2025-04-01 04:53:58,151 - INFO - Ingress_Exit 1ZSD1LWY
2025-04-01 04:53:58,237 - INFO - Ingress_Exit B5CIVCBW
2025-04-01 04:53:59,193 - INFO - Ingress_Enter WKUIE2KS
2025-04-01 04:53:59,305 - INFO - Ingress_Exit WKUIE2KS
2025-04-01 04:53:59,520 - INFO - Ingress_Enter DQTKFJCP
2025-04-01 04:53:59,634 - INFO - Ingress_Exit DQTKFJCP
2025-04-01 04:53:59,814 - INFO - Ingress_Enter JJ2MCKYD
2025-04-01 04:53:59,934 - INFO - Ingress_Exit JJ2MCKYD
2025-04-01 04:54:00,536 - INFO - Ingress_Enter LGPY2G2C
2025-04-01 04:54:00,681 - INFO - Ingress_Exit LGPY2G2C
2025-04-01 04:54:00,863 - INFO - Ingress_Enter RPJB8GVT
2025-04-01 04:54:00,928 - INFO - Ingress_Enter W2LIC9DD
2025-04-01 04:54:00,993 - INFO - Ingress_Enter NU6M6SLZ
2025-04-01 04:54:01,005 - INFO - Ingress_Exit RPJB8GVT
2025-04-01 04:54:01,071 - INFO - Ingress_Exit W2LIC9DD
2025-04-01 04:54:01,133 - INFO - Ingress_Exit NU6M6SLZ
2025-04-01 04:54:01,683 - INFO - Ingress_Enter EDFKA0P9
2025-04-01 04:54:01,841 - INFO - Ingress_Exit EDFKA0P9
2025-04-01 04:54:02,042 - INFO - Ingress_Enter OLV84SVQ
2025-04-01 04:54:02,175 - INFO - Ingress_Exit OLV84SVQ
2025-04-01 04:54:02,797 - INFO - Ingress_Enter 9WMM5QEP
2025-04-01 04:54:02,908 - INFO - Ingress_Exit 9WMM5QEP
2025-04-01 04:54:03,680 - INFO - Ingress_Enter VI6MN3RR
2025-04-01 04:54:03,778 - INFO - Ingress_Enter PVA8MMMQ
2025-04-01 04:54:03,787 - INFO - Ingress_Exit VI6MN3RR
2025-04-01 04:54:03,885 - INFO - Ingress_Exit PVA8MMMQ
2025-04-01 04:54:03,974 - INFO - Ingress_Enter CJIC7LM1
2025-04-01 04:54:04,083 - INFO - Ingress_Exit CJIC7LM1
2025-04-01 04:54:04,104 - INFO - Ingress_Enter XMZZSTS5
2025-04-01 04:54:04,137 - INFO - Ingress_Enter KL0EP9MI
2025-04-01 04:54:04,213 - INFO - Ingress_Exit XMZZSTS5
2025-04-01 04:54:04,247 - INFO - Ingress_Exit KL0EP9MI
2025-04-01 04:54:05,611 - INFO - Ingress_Enter S2G5A3Y1
2025-04-01 04:54:05,727 - INFO - Ingress_Exit S2G5A3Y1
2025-04-01 04:54:06,265 - INFO - Ingress_Enter AMTOB9KP
2025-04-01 04:54:06,379 - INFO - Ingress_Exit AMTOB9KP
2025-04-01 04:54:06,396 - INFO - Ingress_Enter O0E55E6Z
2025-04-01 04:54:06,507 - INFO - Ingress_Exit O0E55E6Z
2025-04-01 04:54:07,410 - INFO - Ingress_Enter 66QNIH2J
2025-04-01 04:54:07,521 - INFO - Ingress_Exit 66QNIH2J
2025-04-01 04:54:07,868 - INFO - Ingress_Enter 6UFZZP6L
2025-04-01 04:54:07,901 - INFO - Ingress_Enter 1QB58ZV4
2025-04-01 04:54:07,982 - INFO - Ingress_Exit 6UFZZP6L
2025-04-01 04:54:08,011 - INFO - Ingress_Exit 1QB58ZV4
2025-04-01 04:54:08,262 - INFO - Ingress_Enter ZRAXFAW1
2025-04-01 04:54:08,371 - INFO - Ingress_Exit ZRAXFAW1
2025-04-01 04:54:09,214 - INFO - Ingress_Enter 79EBY88E
2025-04-01 04:54:09,317 - INFO - Ingress_Exit 79EBY88E
2025-04-01 04:54:09,607 - INFO - Ingress_Enter 0SF5YI2R
2025-04-01 04:54:09,640 - INFO - Ingress_Enter ZNPNXQ9A
2025-04-01 04:54:09,711 - INFO - Ingress_Exit 0SF5YI2R
2025-04-01 04:54:09,743 - INFO - Ingress_Exit ZNPNXQ9A
2025-04-01 04:54:10,856 - INFO - Ingress_Enter 7FFEUGYT
2025-04-01 04:54:10,952 - INFO - Ingress_Exit 7FFEUGYT
2025-04-01 04:54:11,479 - INFO - Ingress_Enter OBBWV2HG
2025-04-01 04:54:11,576 - INFO - Ingress_Exit OBBWV2HG
2025-04-01 04:54:11,578 - INFO - Ingress_Enter NJUM53UU
2025-04-01 04:54:11,676 - INFO - Ingress_Exit NJUM53UU
2025-04-01 04:54:11,776 - INFO - Ingress_Enter GOTS33UN
2025-04-01 04:54:11,868 - INFO - Ingress_Exit GOTS33UN
2025-04-01 04:54:12,039 - INFO - Ingress_Enter OKMM8OJS
2025-04-01 04:54:12,131 - INFO - Ingress_Exit OKMM8OJS
2025-04-01 04:54:12,171 - INFO - Ingress_Enter GCK7PPUX
2025-04-01 04:54:12,269 - INFO - Ingress_Exit GCK7PPUX
2025-04-01 04:54:12,598 - INFO - Ingress_Enter K3TCOXRF
2025-04-01 04:54:12,698 - INFO - Ingress_Exit K3TCOXRF
2025-04-01 04:54:12,827 - INFO - Ingress_Enter 72Q7FYYT
2025-04-01 04:54:12,925 - INFO - Ingress_Enter NTWI759N
2025-04-01 04:54:12,926 - INFO - Ingress_Exit 72Q7FYYT
2025-04-01 04:54:13,024 - INFO - Ingress_Exit NTWI759N
2025-04-01 04:54:13,549 - INFO - Ingress_Enter FWMR2H4J
2025-04-01 04:54:13,645 - INFO - Ingress_Exit FWMR2H4J
2025-04-01 04:54:14,043 - INFO - Ingress_Enter P6EL8882
2025-04-01 04:54:14,138 - INFO - Ingress_Exit P6EL8882
2025-04-01 04:54:14,305 - INFO - Ingress_Enter 992KSROB
2025-04-01 04:54:14,398 - INFO - Ingress_Exit 992KSROB
2025-04-01 04:54:14,503 - INFO - Ingress_Enter T239UF6I
2025-04-01 04:54:14,601 - INFO - Ingress_Exit T239UF6I
2025-04-01 04:54:14,667 - INFO - Ingress_Enter O34Q59N9
2025-04-01 04:54:14,763 - INFO - Ingress_Exit O34Q59N9
2025-04-01 04:54:15,324 - INFO - Ingress_Enter MUBMMK8U
2025-04-01 04:54:15,421 - INFO - Ingress_Exit MUBMMK8U
2025-04-01 04:54:16,905 - INFO - Ingress_Enter HH6N412A
2025-04-01 04:54:16,996 - INFO - Ingress_Exit HH6N412A
2025-04-01 04:54:17,297 - INFO - Ingress_Enter FQJWQD5R
2025-04-01 04:54:17,363 - INFO - Ingress_Enter K4OVUHPZ
2025-04-01 04:54:17,398 - INFO - Ingress_Exit FQJWQD5R
2025-04-01 04:54:17,456 - INFO - Ingress_Exit K4OVUHPZ
2025-04-01 04:54:18,258 - INFO - Ingress_Enter NVIAX22C
2025-04-01 04:54:18,289 - INFO - Ingress_Enter 6C64W9SZ
2025-04-01 04:54:18,348 - INFO - Ingress_Exit NVIAX22C
2025-04-01 04:54:18,380 - INFO - Ingress_Exit 6C64W9SZ
2025-04-01 04:54:18,618 - INFO - Ingress_Enter AOQE9FY9
2025-04-01 04:54:18,712 - INFO - Ingress_Exit AOQE9FY9
2025-04-01 04:54:18,813 - INFO - Ingress_Enter 6XYUR0KJ
2025-04-01 04:54:18,910 - INFO - Ingress_Exit 6XYUR0KJ
2025-04-01 04:54:19,107 - INFO - Ingress_Enter DHJ011F4
2025-04-01 04:54:19,201 - INFO - Ingress_Exit DHJ011F4
2025-04-01 04:54:19,733 - INFO - Ingress_Enter 7ZWIFHKA
2025-04-01 04:54:19,824 - INFO - Ingress_Exit 7ZWIFHKA
2025-04-01 04:54:19,962 - INFO - Ingress_Enter G3KPMKMA
2025-04-01 04:54:20,052 - INFO - Ingress_Exit G3KPMKMA
2025-04-01 04:54:20,159 - INFO - Ingress_Enter 5LDH6OMP
2025-04-01 04:54:20,254 - INFO - Ingress_Exit 5LDH6OMP
2025-04-01 04:54:20,356 - INFO - Ingress_Enter XPXLDKHS
2025-04-01 04:54:20,451 - INFO - Ingress_Exit XPXLDKHS
2025-04-01 04:54:20,848 - INFO - Ingress_Enter D4BSF9CU
2025-04-01 04:54:20,939 - INFO - Ingress_Exit D4BSF9CU
2025-04-01 04:54:21,634 - INFO - Ingress_Enter NMSI341S
2025-04-01 04:54:21,729 - INFO - Ingress_Exit NMSI341S
2025-04-01 04:54:22,158 - INFO - Ingress_Enter HJTW031V
2025-04-01 04:54:22,250 - INFO - Ingress_Exit HJTW031V
2025-04-01 04:54:22,387 - INFO - Ingress_Enter 8GO98VSP
2025-04-01 04:54:22,481 - INFO - Ingress_Exit 8GO98VSP
2025-04-01 04:54:22,585 - INFO - Ingress_Enter UB24ZI9Z
2025-04-01 04:54:22,617 - INFO - Ingress_Enter 922ANN0D
2025-04-01 04:54:22,684 - INFO - Ingress_Exit UB24ZI9Z
2025-04-01 04:54:22,713 - INFO - Ingress_Exit 922ANN0D
2025-04-01 04:54:24,000 - INFO - Ingress_Enter 1UWQPKLO
2025-04-01 04:54:24,101 - INFO - Ingress_Exit 1UWQPKLO
2025-04-01 04:54:24,295 - INFO - Ingress_Enter FYNY73CB
2025-04-01 04:54:24,328 - INFO - Ingress_Enter 1TL7898A
2025-04-01 04:54:24,393 - INFO - Ingress_Exit FYNY73CB
2025-04-01 04:54:24,428 - INFO - Ingress_Exit 1TL7898A
2025-04-01 04:54:28,065 - INFO - Ingress_Enter ZQQKFGJH
2025-04-01 04:54:28,097 - INFO - Ingress_Enter L08324GS
2025-04-01 04:54:28,165 - INFO - Ingress_Exit ZQQKFGJH
2025-04-01 04:54:28,199 - INFO - Ingress_Exit L08324GS
2025-04-01 04:54:28,457 - INFO - Ingress_Enter KX4TUGH4
2025-04-01 04:54:28,489 - INFO - Ingress_Enter QJ80VUDN
2025-04-01 04:54:28,554 - INFO - Ingress_Enter 63U3F6O5
2025-04-01 04:54:28,561 - INFO - Ingress_Exit KX4TUGH4
2025-04-01 04:54:28,595 - INFO - Ingress_Exit QJ80VUDN
2025-04-01 04:54:28,662 - INFO - Ingress_Exit 63U3F6O5
2025-04-01 04:54:38,655 - INFO - Ingress_Enter EJWGOFOW
2025-04-01 04:54:38,783 - INFO - Ingress_Exit EJWGOFOW
2025-04-01 04:54:39,177 - INFO - Ingress_Enter 7W0WZDXE
2025-04-01 04:54:39,309 - INFO - Ingress_Enter DSIJ4N5I
2025-04-01 04:54:39,310 - INFO - Ingress_Exit 7W0WZDXE
2025-04-01 04:54:39,431 - INFO - Ingress_Exit DSIJ4N5I
2025-04-01 04:54:39,570 - INFO - Ingress_Enter JTXFI3FB
2025-04-01 04:54:39,688 - INFO - Ingress_Exit JTXFI3FB
2025-04-01 04:54:40,785 - INFO - Ingress_Enter 75XO6H9X
2025-04-01 04:54:40,902 - INFO - Ingress_Exit 75XO6H9X
2025-04-01 04:54:40,914 - INFO - Ingress_Enter 9NXYXDQG
2025-04-01 04:54:41,040 - INFO - Ingress_Exit 9NXYXDQG
2025-04-01 04:54:41,603 - INFO - Ingress_Enter KZSL1K8X
2025-04-01 04:54:41,718 - INFO - Ingress_Exit KZSL1K8X
2025-04-01 04:54:41,896 - INFO - Ingress_Enter XPBHK1AN
2025-04-01 04:54:42,016 - INFO - Ingress_Exit XPBHK1AN
2025-04-01 04:54:42,159 - INFO - Ingress_Enter BASLG952
2025-04-01 04:54:42,281 - INFO - Ingress_Exit BASLG952
2025-04-01 04:54:42,586 - INFO - Ingress_Enter 7B0G5EC2
2025-04-01 04:54:42,651 - INFO - Ingress_Enter CYS0GWUV
2025-04-01 04:54:42,683 - INFO - Ingress_Enter 3ZG7D4ZA
2025-04-01 04:54:42,712 - INFO - Ingress_Exit 7B0G5EC2
2025-04-01 04:54:42,775 - INFO - Ingress_Exit CYS0GWUV
2025-04-01 04:54:42,810 - INFO - Ingress_Exit 3ZG7D4ZA
2025-04-01 04:54:51,796 - INFO - Ingress_Enter 99S0X7VQ
2025-04-01 04:54:51,918 - INFO - Ingress_Exit 99S0X7VQ
2025-04-01 04:54:52,220 - INFO - Ingress_Enter P6H6C93L
2025-04-01 04:54:52,318 - INFO - Ingress_Enter YTFBVNJY
2025-04-01 04:54:52,333 - INFO - Ingress_Exit P6H6C93L
2025-04-01 04:54:52,428 - INFO - Ingress_Exit YTFBVNJY
2025-04-01 04:54:53,601 - INFO - Ingress_Enter 4T6PL5PS
2025-04-01 04:54:53,715 - INFO - Ingress_Exit 4T6PL5PS
2025-04-01 04:54:53,734 - INFO - Ingress_Enter WRHC97D4
2025-04-01 04:54:53,846 - INFO - Ingress_Exit WRHC97D4
2025-04-01 04:54:53,928 - INFO - Ingress_Enter A7UCLPFG
2025-04-01 04:54:54,043 - INFO - Ingress_Exit A7UCLPFG
2025-04-01 04:54:54,123 - INFO - Ingress_Enter 2KQMEWAL
2025-04-01 04:54:54,237 - INFO - Ingress_Exit 2KQMEWAL
2025-04-01 04:54:54,286 - INFO - Ingress_Enter P16JRE3T
2025-04-01 04:54:54,397 - INFO - Ingress_Exit P16JRE3T
2025-04-01 04:54:54,647 - INFO - Ingress_Enter 9RR5ZSPZ
2025-04-01 04:54:54,760 - INFO - Ingress_Exit 9RR5ZSPZ
2025-04-01 04:54:54,777 - INFO - Ingress_Enter FEQXG7WR
2025-04-01 04:54:54,890 - INFO - Ingress_Exit FEQXG7WR
2025-04-01 04:54:54,909 - INFO - Ingress_Enter 10XFIA17
2025-04-01 04:54:55,024 - INFO - Ingress_Exit 10XFIA17
2025-04-01 04:54:55,499 - INFO - Ingress_Enter N35P438N
2025-04-01 04:54:55,564 - INFO - Ingress_Enter 8CJ0UKL7
2025-04-01 04:54:55,609 - INFO - Ingress_Exit N35P438N
2025-04-01 04:54:55,681 - INFO - Ingress_Exit 8CJ0UKL7
2025-04-01 04:54:55,728 - INFO - Ingress_Enter 38GEMY3S
2025-04-01 04:54:55,826 - INFO - Ingress_Enter 3BFQG693
2025-04-01 04:54:55,840 - INFO - Ingress_Exit 38GEMY3S
2025-04-01 04:54:55,936 - INFO - Ingress_Exit 3BFQG693
2025-04-01 04:54:56,349 - INFO - Ingress_Enter FJGVA7RA
2025-04-01 04:54:56,472 - INFO - Ingress_Exit FJGVA7RA
2025-04-01 04:54:56,610 - INFO - Ingress_Enter D0X3X3F9
2025-04-01 04:54:56,753 - INFO - Ingress_Exit D0X3X3F9
2025-04-01 04:54:57,398 - INFO - Ingress_Enter 83HU3IZD
2025-04-01 04:54:57,569 - INFO - Ingress_Exit 83HU3IZD
2025-04-01 04:54:58,020 - INFO - Ingress_Enter A8X1DCPE
2025-04-01 04:54:58,132 - INFO - Ingress_Exit A8X1DCPE
2025-04-01 04:54:58,413 - INFO - Ingress_Enter A9571P3E
2025-04-01 04:54:58,528 - INFO - Ingress_Exit A9571P3E
2025-04-01 04:54:58,608 - INFO - Ingress_Enter ZL4GA6TT
2025-04-01 04:54:58,640 - INFO - Ingress_Enter PPL4LU5W
2025-04-01 04:54:58,722 - INFO - Ingress_Exit ZL4GA6TT
2025-04-01 04:54:58,754 - INFO - Ingress_Exit PPL4LU5W
2025-04-01 04:54:59,394 - INFO - Ingress_Enter IO8AK0DN
2025-04-01 04:54:59,508 - INFO - Ingress_Exit IO8AK0DN
2025-04-01 04:54:59,590 - INFO - Ingress_Enter V9FVO84D
2025-04-01 04:54:59,701 - INFO - Ingress_Exit V9FVO84D
2025-04-01 04:55:00,049 - INFO - Ingress_Enter UN1EW932
2025-04-01 04:55:00,163 - INFO - Ingress_Exit UN1EW932
2025-04-01 04:55:00,310 - INFO - Ingress_Enter S1D04UW5
2025-04-01 04:55:00,424 - INFO - Ingress_Exit S1D04UW5
2025-04-01 04:55:00,900 - INFO - Ingress_Enter XPDNTSTC
2025-04-01 04:55:01,022 - INFO - Ingress_Exit XPDNTSTC
2025-04-01 04:55:01,063 - INFO - Ingress_Enter EI68WBUO
2025-04-01 04:55:01,181 - INFO - Ingress_Exit EI68WBUO
2025-04-01 04:55:01,458 - INFO - Ingress_Enter GXO1EI4M
2025-04-01 04:55:01,524 - INFO - Ingress_Enter OTIKYZUI
2025-04-01 04:55:01,636 - INFO - Ingress_Exit GXO1EI4M
2025-04-01 04:55:01,662 - INFO - Ingress_Exit OTIKYZUI
2025-04-01 04:55:05,648 - INFO - Ingress_Enter IP0L10JL
2025-04-01 04:55:05,763 - INFO - Ingress_Exit IP0L10JL
2025-04-01 04:55:05,778 - INFO - Ingress_Enter TI3HK5HL
2025-04-01 04:55:05,897 - INFO - Ingress_Exit TI3HK5HL
2025-04-01 04:55:05,941 - INFO - Ingress_Enter 7LGETOJ3
2025-04-01 04:55:05,975 - INFO - Ingress_Enter D0EKES9B
2025-04-01 04:55:06,062 - INFO - Ingress_Exit 7LGETOJ3
2025-04-01 04:55:06,091 - INFO - Ingress_Exit D0EKES9B
2025-04-01 04:55:06,860 - INFO - Ingress_Enter 4F1YPNLX
2025-04-01 04:55:06,978 - INFO - Ingress_Exit 4F1YPNLX
2025-04-01 04:55:06,990 - INFO - Ingress_Enter IMW6QQDW
2025-04-01 04:55:07,099 - INFO - Ingress_Exit IMW6QQDW
2025-04-01 04:55:07,742 - INFO - Ingress_Enter R1WQZWBW
2025-04-01 04:55:07,856 - INFO - Ingress_Exit R1WQZWBW
2025-04-01 04:55:08,036 - INFO - Ingress_Enter 1QTDV88F
2025-04-01 04:55:08,154 - INFO - Ingress_Exit 1QTDV88F
2025-04-01 04:55:08,297 - INFO - Ingress_Enter QS6E19VC
2025-04-01 04:55:08,329 - INFO - Ingress_Enter LFF2T06W
2025-04-01 04:55:08,425 - INFO - Ingress_Exit QS6E19VC
2025-04-01 04:55:08,454 - INFO - Ingress_Exit LFF2T06W
2025-04-01 04:55:08,461 - INFO - Ingress_Enter JWSMH2M6
2025-04-01 04:55:08,587 - INFO - Ingress_Exit JWSMH2M6
2025-04-01 04:55:08,658 - INFO - Ingress_Enter ZJ83EVV6
2025-04-01 04:55:08,770 - INFO - Ingress_Exit ZJ83EVV6
2025-04-01 04:55:09,019 - INFO - Ingress_Enter QWEVPUXT
2025-04-01 04:55:09,132 - INFO - Ingress_Exit QWEVPUXT
2025-04-01 04:55:09,248 - INFO - Ingress_Enter CSJT3GSV
2025-04-01 04:55:09,360 - INFO - Ingress_Exit CSJT3GSV
2025-04-01 04:55:09,609 - INFO - Ingress_Enter I1J0ORE0
2025-04-01 04:55:09,723 - INFO - Ingress_Exit I1J0ORE0
2025-04-01 04:55:09,805 - INFO - Ingress_Enter 70I77HET
2025-04-01 04:55:09,932 - INFO - Ingress_Exit 70I77HET
2025-04-01 04:55:09,937 - INFO - Ingress_Enter MREQ3WFS
2025-04-01 04:55:10,057 - INFO - Ingress_Exit MREQ3WFS
2025-04-01 04:55:10,166 - INFO - Ingress_Enter XK575GNC
2025-04-01 04:55:10,295 - INFO - Ingress_Exit XK575GNC
2025-04-01 04:55:11,611 - INFO - Ingress_Enter 85BIOV0B
2025-04-01 04:55:11,729 - INFO - Ingress_Exit 85BIOV0B
2025-04-01 04:55:11,808 - INFO - Ingress_Enter 623I5SVQ
2025-04-01 04:55:11,925 - INFO - Ingress_Exit 623I5SVQ
2025-04-01 04:55:12,201 - INFO - Ingress_Enter A8E2DNE2
2025-04-01 04:55:12,328 - INFO - Ingress_Exit A8E2DNE2
2025-04-01 04:55:12,528 - INFO - Ingress_Enter 72RLJKRY
2025-04-01 04:55:12,656 - INFO - Ingress_Exit 72RLJKRY
2025-04-01 04:55:14,303 - INFO - Ingress_Enter LPGN4Q7S
2025-04-01 04:55:14,430 - INFO - Ingress_Exit LPGN4Q7S
2025-04-01 04:55:14,729 - INFO - Ingress_Enter MK5OGSZY
2025-04-01 04:55:14,851 - INFO - Ingress_Exit MK5OGSZY
2025-04-01 04:55:15,809 - INFO - Ingress_Enter T3P08LG1
2025-04-01 04:55:15,922 - INFO - Ingress_Exit T3P08LG1
2025-04-01 04:55:16,201 - INFO - Ingress_Enter 0BFBWKJ4
2025-04-01 04:55:16,300 - INFO - Ingress_Enter 551XMK2W
2025-04-01 04:55:16,358 - INFO - Ingress_Exit 0BFBWKJ4
2025-04-01 04:55:16,432 - INFO - Ingress_Exit 551XMK2W
2025-04-01 04:55:19,581 - INFO - Ingress_Enter B61TYNON
2025-04-01 04:55:19,679 - INFO - Ingress_Exit B61TYNON
2025-04-01 04:55:19,810 - INFO - Ingress_Enter QVRLEW61
2025-04-01 04:55:19,876 - INFO - Ingress_Enter N6FQ49N2
2025-04-01 04:55:19,910 - INFO - Ingress_Exit QVRLEW61
2025-04-01 04:55:19,941 - INFO - Ingress_Enter KZQGOOMV
2025-04-01 04:55:19,975 - INFO - Ingress_Exit N6FQ49N2
2025-04-01 04:55:20,044 - INFO - Ingress_Exit KZQGOOMV
2025-04-01 04:55:20,892 - INFO - Ingress_Enter LVE1R44R
2025-04-01 04:55:20,925 - INFO - Ingress_Enter EFUJZUDL
2025-04-01 04:55:20,998 - INFO - Ingress_Exit LVE1R44R
2025-04-01 04:55:21,031 - INFO - Ingress_Exit EFUJZUDL
2025-04-01 04:55:27,806 - INFO - Ingress_Enter 0JOU05IH
2025-04-01 04:55:27,902 - INFO - Ingress_Exit 0JOU05IH
2025-04-01 04:55:27,905 - INFO - Ingress_Enter 49OEPBRR
2025-04-01 04:55:28,001 - INFO - Ingress_Exit 49OEPBRR
2025-04-01 04:55:29,026 - INFO - Ingress_Enter 3WQADGNG
2025-04-01 04:55:29,132 - INFO - Ingress_Exit 3WQADGNG
2025-04-01 04:55:29,221 - INFO - Ingress_Enter NLELSAEX
2025-04-01 04:55:29,321 - INFO - Ingress_Exit NLELSAEX
2025-04-01 04:55:29,746 - INFO - Ingress_Enter B14ZZYOW
2025-04-01 04:55:29,844 - INFO - Ingress_Enter P3PXSU6B
2025-04-01 04:55:29,851 - INFO - Ingress_Exit B14ZZYOW
2025-04-01 04:55:29,942 - INFO - Ingress_Exit P3PXSU6B
2025-04-01 04:55:34,087 - INFO - Ingress_Enter TAI7V7JF
2025-04-01 04:55:34,183 - INFO - Ingress_Exit TAI7V7JF
2025-04-01 04:55:35,366 - INFO - Ingress_Enter WIYYFEE4
2025-04-01 04:55:35,465 - INFO - Ingress_Exit WIYYFEE4
2025-04-01 04:55:35,497 - INFO - Ingress_Enter 1X0FH9YE
2025-04-01 04:55:35,598 - INFO - Ingress_Exit 1X0FH9YE
2025-04-01 04:55:35,793 - INFO - Ingress_Enter NXUK6VF0
2025-04-01 04:55:35,893 - INFO - Ingress_Exit NXUK6VF0
2025-04-01 04:55:36,220 - INFO - Ingress_Enter 4BHHC5J2
2025-04-01 04:55:36,318 - INFO - Ingress_Enter S61QTU7Y
2025-04-01 04:55:36,319 - INFO - Ingress_Exit 4BHHC5J2
2025-04-01 04:55:36,351 - INFO - Ingress_Enter ZKEL2TIZ
2025-04-01 04:55:36,419 - INFO - Ingress_Exit S61QTU7Y
2025-04-01 04:55:36,453 - INFO - Ingress_Exit ZKEL2TIZ
2025-04-01 04:55:38,059 - INFO - Ingress_Enter 6OYCPTGL
2025-04-01 04:55:38,157 - INFO - Ingress_Enter 9Y1F2QNK
2025-04-01 04:55:38,169 - INFO - Ingress_Exit 6OYCPTGL
2025-04-01 04:55:38,258 - INFO - Ingress_Exit 9Y1F2QNK
2025-04-01 04:55:38,878 - INFO - Ingress_Enter L87W3JB8
2025-04-01 04:55:38,977 - INFO - Ingress_Exit L87W3JB8
2025-04-01 04:55:40,027 - INFO - Ingress_Enter YPF0MAEZ
2025-04-01 04:55:40,090 - INFO - Ingress_Enter LV5M7V0R
2025-04-01 04:55:40,126 - INFO - Ingress_Exit YPF0MAEZ
2025-04-01 04:55:40,190 - INFO - Ingress_Exit LV5M7V0R
2025-04-01 04:55:42,290 - INFO - Ingress_Enter C0M08080
2025-04-01 04:55:42,385 - INFO - Ingress_Exit C0M08080
2025-04-01 04:55:42,388 - INFO - Ingress_Enter O4J0VN1O
2025-04-01 04:55:42,492 - INFO - Ingress_Exit O4J0VN1O
2025-04-01 04:55:47,006 - INFO - Ingress_Enter NSQPSPFU
2025-04-01 04:55:47,038 - INFO - Ingress_Enter TX5MSADS
2025-04-01 04:55:47,122 - INFO - Ingress_Exit NSQPSPFU
2025-04-01 04:55:47,156 - INFO - Ingress_Exit TX5MSADS
2025-04-01 04:55:47,299 - INFO - Ingress_Enter FBDDGIWH
2025-04-01 04:55:47,397 - INFO - Ingress_Enter VAOB9OH7
2025-04-01 04:55:47,424 - INFO - Ingress_Exit FBDDGIWH
2025-04-01 04:55:47,519 - INFO - Ingress_Exit VAOB9OH7
2025-04-01 04:55:47,758 - INFO - Ingress_Enter 3SY38M9Y
2025-04-01 04:55:47,877 - INFO - Ingress_Exit 3SY38M9Y
2025-04-01 04:55:47,954 - INFO - Ingress_Enter FB17SYHI
2025-04-01 04:55:48,068 - INFO - Ingress_Exit FB17SYHI
2025-04-01 04:55:48,806 - INFO - Ingress_Enter DIULWRWJ
2025-04-01 04:55:48,838 - INFO - Ingress_Enter N6KRNFER
2025-04-01 04:55:48,921 - INFO - Ingress_Exit DIULWRWJ
2025-04-01 04:55:48,951 - INFO - Ingress_Exit N6KRNFER
2025-04-01 04:55:49,067 - INFO - Ingress_Enter 8RFWRBCP
2025-04-01 04:55:49,179 - INFO - Ingress_Exit 8RFWRBCP
2025-04-01 04:55:49,197 - INFO - Ingress_Enter BHN0SPQW
2025-04-01 04:55:49,308 - INFO - Ingress_Exit BHN0SPQW
2025-04-01 04:55:49,427 - INFO - Ingress_Enter XYF5I6PJ
2025-04-01 04:55:49,525 - INFO - Ingress_Enter 8EL82ZX7
2025-04-01 04:55:49,538 - INFO - Ingress_Exit XYF5I6PJ
2025-04-01 04:55:49,635 - INFO - Ingress_Exit 8EL82ZX7
2025-04-01 04:55:50,870 - INFO - Ingress_Enter CIHUNUF2
2025-04-01 04:55:51,046 - INFO - Ingress_Exit CIHUNUF2
2025-04-01 04:55:51,066 - INFO - Ingress_Enter PBEA7ACN
2025-04-01 04:55:51,185 - INFO - Ingress_Exit PBEA7ACN
2025-04-01 04:55:52,248 - INFO - Ingress_Enter WGPAF1L6
2025-04-01 04:55:52,364 - INFO - Ingress_Exit WGPAF1L6
2025-04-01 04:55:52,379 - INFO - Ingress_Enter U09B7GY2
2025-04-01 04:55:52,412 - INFO - Ingress_Enter K5DZNZL6
2025-04-01 04:55:52,477 - INFO - Ingress_Enter 2EOSQRO8
2025-04-01 04:55:52,496 - INFO - Ingress_Exit U09B7GY2
2025-04-01 04:55:52,527 - INFO - Ingress_Exit K5DZNZL6
2025-04-01 04:55:52,592 - INFO - Ingress_Exit 2EOSQRO8
2025-04-01 04:55:53,264 - INFO - Ingress_Enter H1B22OR9
2025-04-01 04:55:53,375 - INFO - Ingress_Exit H1B22OR9
2025-04-01 04:55:53,623 - INFO - Ingress_Enter TBNJBZ5Y
2025-04-01 04:55:53,736 - INFO - Ingress_Exit TBNJBZ5Y
2025-04-01 04:55:53,886 - INFO - Ingress_Enter X0QEEVPM
2025-04-01 04:55:53,984 - INFO - Ingress_Enter JW1WV9XX
2025-04-01 04:55:53,994 - INFO - Ingress_Exit X0QEEVPM
2025-04-01 04:55:54,092 - INFO - Ingress_Exit JW1WV9XX
2025-04-01 04:55:55,391 - INFO - Ingress_Enter DJ7KUTRN
2025-04-01 04:55:55,489 - INFO - Ingress_Exit DJ7KUTRN
2025-04-01 04:55:55,554 - INFO - Ingress_Enter LT6V8I6M
2025-04-01 04:55:55,651 - INFO - Ingress_Exit LT6V8I6M
2025-04-01 04:55:55,786 - INFO - Ingress_Enter TQ5JW0W0
2025-04-01 04:55:55,906 - INFO - Ingress_Exit TQ5JW0W0
2025-04-01 04:55:55,950 - INFO - Ingress_Enter LT6WJNBR
2025-04-01 04:55:55,987 - INFO - Ingress_Enter 112LG2RW
2025-04-01 04:55:56,041 - INFO - Ingress_Exit LT6WJNBR
2025-04-01 04:55:56,050 - INFO - Ingress_Enter PIEH4YER
2025-04-01 04:55:56,081 - INFO - Ingress_Exit 112LG2RW
2025-04-01 04:55:56,144 - INFO - Ingress_Exit PIEH4YER
2025-04-01 04:55:56,347 - INFO - Ingress_Enter ZZP3HRG8
2025-04-01 04:55:56,439 - INFO - Ingress_Exit ZZP3HRG8
2025-04-01 04:55:58,217 - INFO - Ingress_Enter G0OY4YFG
2025-04-01 04:55:58,313 - INFO - Ingress_Exit G0OY4YFG
2025-04-01 04:55:58,511 - INFO - Ingress_Enter M0IL674G
2025-04-01 04:55:58,603 - INFO - Ingress_Exit M0IL674G
2025-04-01 04:55:58,806 - INFO - Ingress_Enter 4VPRSRDR
2025-04-01 04:55:58,873 - INFO - Ingress_Enter T5AFOQRR
2025-04-01 04:55:58,897 - INFO - Ingress_Exit 4VPRSRDR
2025-04-01 04:55:58,966 - INFO - Ingress_Exit T5AFOQRR
