2025-03-18 00:21:03,606 - INFO - Ingress_Enter O7LICM9S
2025-03-18 00:21:03,762 - INFO - Ingress_Exit O7LICM9S
2025-03-18 00:21:07,287 - INFO - Ingress_Enter A0WC2A1Q
2025-03-18 00:21:07,402 - INFO - Ingress_Exit A0WC2A1Q
2025-03-18 00:21:07,476 - INFO - Ingress_Enter FOV6U1TM
2025-03-18 00:21:07,578 - INFO - Ingress_Exit FOV6U1TM
2025-03-18 00:21:07,985 - INFO - Ingress_Enter MH1BGMVS
2025-03-18 00:21:08,098 - INFO - Ingress_Exit MH1BGMVS
2025-03-18 00:21:08,747 - INFO - Ingress_Enter P4OJAPGZ
2025-03-18 00:21:08,851 - INFO - Ingress_Exit P4OJAPGZ
2025-03-18 00:21:08,937 - INFO - Ingress_Enter H5KSBQL6
2025-03-18 00:21:09,042 - INFO - Ingress_Exit H5KSBQL6
2025-03-18 00:21:09,127 - INFO - Ingress_Enter WOCWXJ5E
2025-03-18 00:21:09,220 - INFO - Ingress_Exit WOCWXJ5E
2025-03-18 00:21:09,508 - INFO - Ingress_Enter ETDJOP3C
2025-03-18 00:21:09,607 - INFO - Ingress_Exit ETDJOP3C
2025-03-18 00:21:09,700 - INFO - Ingress_Enter CXVRKMQ0
2025-03-18 00:21:09,810 - INFO - Ingress_Exit CXVRKMQ0
2025-03-18 00:21:10,145 - INFO - Ingress_Enter RCHX5D8C
2025-03-18 00:21:10,242 - INFO - Ingress_Exit RCHX5D8C
2025-03-18 00:21:10,906 - INFO - Ingress_Enter NXA2NO42
2025-03-18 00:21:11,008 - INFO - Ingress_Exit NXA2NO42
2025-03-18 00:21:11,223 - INFO - Ingress_Enter CO28DUE4
2025-03-18 00:21:11,318 - INFO - Ingress_Exit CO28DUE4
2025-03-18 00:21:11,413 - INFO - Ingress_Enter T9B3ZWLV
2025-03-18 00:21:11,527 - INFO - Ingress_Exit T9B3ZWLV
2025-03-18 00:21:12,555 - INFO - Ingress_Enter PENQG87F
2025-03-18 00:21:12,651 - INFO - Ingress_Exit PENQG87F
2025-03-18 00:21:13,252 - INFO - Ingress_Enter WRWAF4D4
2025-03-18 00:21:13,350 - INFO - Ingress_Exit WRWAF4D4
2025-03-18 00:21:13,442 - INFO - Ingress_Enter CD1DXC7S
2025-03-18 00:21:13,534 - INFO - Ingress_Exit CD1DXC7S
2025-03-18 00:21:14,714 - INFO - Ingress_Enter 3I7M12PV
2025-03-18 00:21:14,823 - INFO - Ingress_Exit 3I7M12PV
2025-03-18 00:21:14,904 - INFO - Ingress_Enter UHICEJT0
2025-03-18 00:21:15,015 - INFO - Ingress_Exit UHICEJT0
2025-03-18 00:21:15,030 - INFO - Ingress_Enter MMQLO920
2025-03-18 00:21:15,133 - INFO - Ingress_Exit MMQLO920
2025-03-18 00:21:15,412 - INFO - Ingress_Enter W9ZP70BO
2025-03-18 00:21:15,517 - INFO - Ingress_Exit W9ZP70BO
2025-03-18 00:21:16,810 - INFO - Ingress_Enter D0ZXYYNM
2025-03-18 00:21:16,907 - INFO - Ingress_Exit D0ZXYYNM
2025-03-18 00:21:17,000 - INFO - Ingress_Enter HKN560AX
2025-03-18 00:21:17,105 - INFO - Ingress_Exit HKN560AX
2025-03-18 00:21:17,189 - INFO - Ingress_Enter JCCX1QGU
2025-03-18 00:21:17,297 - INFO - Ingress_Exit JCCX1QGU
2025-03-18 00:21:17,507 - INFO - Ingress_Enter 5FBRFRLG
2025-03-18 00:21:17,603 - INFO - Ingress_Exit 5FBRFRLG
2025-03-18 00:21:18,014 - INFO - Ingress_Enter GMD3SXV7
2025-03-18 00:21:18,117 - INFO - Ingress_Exit GMD3SXV7
2025-03-18 00:21:19,411 - INFO - Ingress_Enter 1PEKMLOC
2025-03-18 00:21:19,506 - INFO - Ingress_Exit 1PEKMLOC
2025-03-18 00:21:19,665 - INFO - Ingress_Enter QEY7005N
2025-03-18 00:21:19,772 - INFO - Ingress_Exit QEY7005N
2025-03-18 00:21:20,236 - INFO - Ingress_Enter PIH5YVPA
2025-03-18 00:21:20,341 - INFO - Ingress_Exit PIH5YVPA
2025-03-18 00:21:20,553 - INFO - Ingress_Enter M5J70PUT
2025-03-18 00:21:20,661 - INFO - Ingress_Exit M5J70PUT
2025-03-18 00:21:21,504 - INFO - Ingress_Enter D0T76EIS
2025-03-18 00:21:21,598 - INFO - Ingress_Exit D0T76EIS
2025-03-18 00:21:23,535 - INFO - Ingress_Enter 9VIL3B45
2025-03-18 00:21:23,642 - INFO - Ingress_Exit 9VIL3B45
2025-03-18 00:21:27,089 - INFO - Ingress_Enter 3WEIOSXJ
2025-03-18 00:21:27,181 - INFO - Ingress_Exit 3WEIOSXJ
2025-03-18 00:21:29,056 - INFO - Ingress_Enter 5PC1NX95
2025-03-18 00:21:29,158 - INFO - Ingress_Exit 5PC1NX95
2025-03-18 00:21:29,498 - INFO - Ingress_Enter WCBUWMHF
2025-03-18 00:21:29,598 - INFO - Ingress_Exit WCBUWMHF
2025-03-18 00:21:31,911 - INFO - Ingress_Enter ZBL2ZMZ1
2025-03-18 00:21:32,014 - INFO - Ingress_Exit ZBL2ZMZ1
2025-03-18 00:21:32,292 - INFO - Ingress_Enter 0IZJP7ES
2025-03-18 00:21:32,404 - INFO - Ingress_Exit 0IZJP7ES
2025-03-18 00:21:33,116 - INFO - Ingress_Enter 75KVVPSG
2025-03-18 00:21:33,240 - INFO - Ingress_Exit 75KVVPSG
2025-03-18 00:21:33,433 - INFO - Ingress_Enter 1VFSR8MZ
2025-03-18 00:21:33,543 - INFO - Ingress_Exit 1VFSR8MZ
2025-03-18 00:21:33,941 - INFO - Ingress_Enter KP7WPSNI
2025-03-18 00:21:34,051 - INFO - Ingress_Exit KP7WPSNI
2025-03-18 00:21:34,195 - INFO - Ingress_Enter OAF6U6UH
2025-03-18 00:21:34,303 - INFO - Ingress_Exit OAF6U6UH
2025-03-18 00:21:34,384 - INFO - Ingress_Enter 7GC2GISY
2025-03-18 00:21:34,496 - INFO - Ingress_Exit 7GC2GISY
2025-03-18 00:21:34,638 - INFO - Ingress_Enter LLVALHTQ
2025-03-18 00:21:34,748 - INFO - Ingress_Exit LLVALHTQ
2025-03-18 00:21:34,765 - INFO - Ingress_Enter G0YEUBUA
2025-03-18 00:21:34,879 - INFO - Ingress_Exit G0YEUBUA
2025-03-18 00:21:40,981 - INFO - Ingress_Enter UZW4EXTF
2025-03-18 00:21:41,088 - INFO - Ingress_Exit UZW4EXTF
2025-03-18 00:21:41,996 - INFO - Ingress_Enter KTRDVEI2
2025-03-18 00:21:42,102 - INFO - Ingress_Exit KTRDVEI2
2025-03-18 00:21:42,249 - INFO - Ingress_Enter FC07AR8X
2025-03-18 00:21:42,354 - INFO - Ingress_Exit FC07AR8X
2025-03-18 00:21:43,074 - INFO - Ingress_Enter 9SDUFI3Z
2025-03-18 00:21:43,179 - INFO - Ingress_Exit 9SDUFI3Z
2025-03-18 00:21:45,488 - INFO - Ingress_Enter 3G05HOPJ
2025-03-18 00:21:45,586 - INFO - Ingress_Exit 3G05HOPJ
2025-03-18 00:21:46,629 - INFO - Ingress_Enter IVK7EK5L
2025-03-18 00:21:46,734 - INFO - Ingress_Exit IVK7EK5L
2025-03-18 00:21:47,326 - INFO - Ingress_Enter WYYV38SF
2025-03-18 00:21:47,428 - INFO - Ingress_Exit WYYV38SF
2025-03-18 00:21:53,292 - INFO - Ingress_Enter ZGFH5S2C
2025-03-18 00:21:53,355 - INFO - Ingress_Enter GY50ER72
2025-03-18 00:21:53,387 - INFO - Ingress_Exit ZGFH5S2C
2025-03-18 00:21:53,463 - INFO - Ingress_Exit GY50ER72
2025-03-18 00:21:54,560 - INFO - Ingress_Enter KGJL84XJ
2025-03-18 00:21:54,657 - INFO - Ingress_Exit KGJL84XJ
2025-03-18 00:21:57,543 - INFO - Ingress_Enter Q0SZF2Y5
2025-03-18 00:21:57,652 - INFO - Ingress_Exit Q0SZF2Y5
2025-03-18 00:21:57,669 - INFO - Ingress_Enter DFEXMYXY
2025-03-18 00:21:57,734 - INFO - Ingress_Enter 1K2NINRK
2025-03-18 00:21:57,775 - INFO - Ingress_Exit DFEXMYXY
2025-03-18 00:21:57,850 - INFO - Ingress_Exit 1K2NINRK
2025-03-18 00:21:58,812 - INFO - Ingress_Enter GCY4Y6W6
2025-03-18 00:21:58,911 - INFO - Ingress_Exit GCY4Y6W6
2025-03-18 00:21:59,320 - INFO - Ingress_Enter QAV5QBQT
2025-03-18 00:21:59,415 - INFO - Ingress_Exit QAV5QBQT
2025-03-18 00:22:00,587 - INFO - Ingress_Enter O1YYRH44
2025-03-18 00:22:00,686 - INFO - Ingress_Exit O1YYRH44
2025-03-18 00:22:01,919 - INFO - Ingress_Enter 0OJ5GIEG
2025-03-18 00:22:02,016 - INFO - Ingress_Exit 0OJ5GIEG
2025-03-18 00:22:02,361 - INFO - Ingress_Enter 5Y4120SA
2025-03-18 00:22:02,455 - INFO - Ingress_Exit 5Y4120SA
2025-03-18 00:22:03,313 - INFO - Ingress_Enter YIC5NNAZ
2025-03-18 00:22:03,413 - INFO - Ingress_Exit YIC5NNAZ
2025-03-18 00:22:03,567 - INFO - Ingress_Enter HLNUL07I
2025-03-18 00:22:03,673 - INFO - Ingress_Exit HLNUL07I
2025-03-18 00:22:06,233 - INFO - Ingress_Enter 0NTM6346
2025-03-18 00:22:06,337 - INFO - Ingress_Exit 0NTM6346
2025-03-18 00:22:06,358 - INFO - Ingress_Enter FLM5J3ON
2025-03-18 00:22:06,457 - INFO - Ingress_Exit FLM5J3ON
2025-03-18 00:22:07,819 - INFO - Ingress_Enter Q1IQXKJS
2025-03-18 00:22:07,930 - INFO - Ingress_Exit Q1IQXKJS
2025-03-18 00:22:08,200 - INFO - Ingress_Enter 22LBEQMC
2025-03-18 00:22:08,297 - INFO - Ingress_Exit 22LBEQMC
2025-03-18 00:22:08,580 - INFO - Ingress_Enter OQ8NSR4D
2025-03-18 00:22:08,742 - INFO - Ingress_Exit OQ8NSR4D
2025-03-18 00:22:09,216 - INFO - Ingress_Enter MSGFARVF
2025-03-18 00:22:09,309 - INFO - Ingress_Exit MSGFARVF
2025-03-18 00:22:09,533 - INFO - Ingress_Enter KX9YBMYK
2025-03-18 00:22:09,635 - INFO - Ingress_Exit KX9YBMYK
2025-03-18 00:22:13,404 - INFO - Ingress_Enter GH31O1IF
2025-03-18 00:22:13,502 - INFO - Ingress_Exit GH31O1IF
2025-03-18 00:22:14,735 - INFO - Ingress_Enter Q5UY7WOV
2025-03-18 00:22:14,846 - INFO - Ingress_Exit Q5UY7WOV
2025-03-18 00:22:15,749 - INFO - Ingress_Enter 9ZJBWSSG
2025-03-18 00:22:15,853 - INFO - Ingress_Exit 9ZJBWSSG
2025-03-18 00:22:15,939 - INFO - Ingress_Enter PIXGXBPV
2025-03-18 00:22:16,028 - INFO - Ingress_Exit PIXGXBPV
2025-03-18 00:22:17,969 - INFO - Ingress_Enter K020ZIQT
2025-03-18 00:22:18,064 - INFO - Ingress_Exit K020ZIQT
2025-03-18 00:22:18,349 - INFO - Ingress_Enter UE1V4LVV
2025-03-18 00:22:18,460 - INFO - Ingress_Exit UE1V4LVV
2025-03-18 00:22:19,366 - INFO - Ingress_Enter U3N1GPVH
2025-03-18 00:22:19,472 - INFO - Ingress_Exit U3N1GPVH
2025-03-18 00:22:20,255 - INFO - Ingress_Enter H7UUNROW
2025-03-18 00:22:20,356 - INFO - Ingress_Exit H7UUNROW
2025-03-18 00:22:21,206 - INFO - Ingress_Enter W77VS9ME
2025-03-18 00:22:21,300 - INFO - Ingress_Exit W77VS9ME
2025-03-18 00:22:22,538 - INFO - Ingress_Enter AOME8JR7
2025-03-18 00:22:22,640 - INFO - Ingress_Exit AOME8JR7
2025-03-18 00:22:24,188 - INFO - Ingress_Enter 6VQJ2FSK
2025-03-18 00:22:24,290 - INFO - Ingress_Exit 6VQJ2FSK
2025-03-18 00:22:24,758 - INFO - Ingress_Enter 0GY0J6AV
2025-03-18 00:22:24,860 - INFO - Ingress_Exit 0GY0J6AV
2025-03-18 00:22:25,077 - INFO - Ingress_Enter S0UVMA67
2025-03-18 00:22:25,179 - INFO - Ingress_Exit S0UVMA67
2025-03-18 00:22:25,203 - INFO - Ingress_Enter YLNHUAUB
2025-03-18 00:22:25,297 - INFO - Ingress_Exit YLNHUAUB
2025-03-18 00:22:28,564 - INFO - Ingress_Enter 0I791HGA
2025-03-18 00:22:28,658 - INFO - Ingress_Exit 0I791HGA
2025-03-18 00:22:29,324 - INFO - Ingress_Enter Z37ATBSF
2025-03-18 00:22:29,420 - INFO - Ingress_Exit Z37ATBSF
2025-03-18 00:22:29,705 - INFO - Ingress_Enter 9GY1ZALU
2025-03-18 00:22:29,810 - INFO - Ingress_Exit 9GY1ZALU
2025-03-18 00:22:31,420 - INFO - Ingress_Enter 660EZPKM
2025-03-18 00:22:31,521 - INFO - Ingress_Exit 660EZPKM
2025-03-18 00:22:31,799 - INFO - Ingress_Enter KMYN56BR
2025-03-18 00:22:31,902 - INFO - Ingress_Exit KMYN56BR
2025-03-18 00:22:32,560 - INFO - Ingress_Enter SUITQQAW
2025-03-18 00:22:32,657 - INFO - Ingress_Exit SUITQQAW
2025-03-18 00:22:34,465 - INFO - Ingress_Enter U9PAVJXG
2025-03-18 00:22:34,567 - INFO - Ingress_Exit U9PAVJXG
2025-03-18 00:22:36,053 - INFO - Ingress_Enter P4KFFU1S
2025-03-18 00:22:36,157 - INFO - Ingress_Exit P4KFFU1S
2025-03-18 00:22:37,324 - INFO - Ingress_Enter FSVAZHEZ
2025-03-18 00:22:37,438 - INFO - Ingress_Exit FSVAZHEZ
2025-03-18 00:22:39,101 - INFO - Ingress_Enter 17G1YQRA
2025-03-18 00:22:39,205 - INFO - Ingress_Exit 17G1YQRA
2025-03-18 00:22:39,228 - INFO - Ingress_Enter X90HEYN6
2025-03-18 00:22:39,341 - INFO - Ingress_Exit X90HEYN6
2025-03-18 00:22:40,245 - INFO - Ingress_Enter JDEBZO8I
2025-03-18 00:22:40,339 - INFO - Ingress_Exit JDEBZO8I
2025-03-18 00:22:41,324 - INFO - Ingress_Enter 35V3XBQS
2025-03-18 00:22:41,441 - INFO - Ingress_Exit 35V3XBQS
2025-03-18 00:22:41,895 - INFO - Ingress_Enter R0KK5PXF
2025-03-18 00:22:42,004 - INFO - Ingress_Exit R0KK5PXF
2025-03-18 00:22:42,340 - INFO - Ingress_Enter X47NDS8C
2025-03-18 00:22:42,442 - INFO - Ingress_Exit X47NDS8C
2025-03-18 00:22:42,659 - INFO - Ingress_Enter PTKS5648
2025-03-18 00:22:42,755 - INFO - Ingress_Exit PTKS5648
2025-03-18 00:22:43,040 - INFO - Ingress_Enter MWMP9MXY
2025-03-18 00:22:43,149 - INFO - Ingress_Exit MWMP9MXY
2025-03-18 00:22:43,993 - INFO - Ingress_Enter Z7MCFE33
2025-03-18 00:22:44,098 - INFO - Ingress_Exit Z7MCFE33
