2025-04-12 17:25:21,438 - INFO - Ingress_Mono_Enter 49ZHIAM9
2025-04-12 17:25:21,470 - INFO - Ingress_Mono_Input_Decoded 49ZHIAM9
2025-04-12 17:25:21,473 - INFO - Ingress_Mono_Numpy_Converted 49ZHIAM9
2025-04-12 17:25:21,775 - INFO - Ingress_Mono_Enter 7LKPWOIN
2025-04-12 17:25:21,814 - INFO - Ingress_Mono_Input_Decoded 7LKPWOIN
2025-04-12 17:25:21,817 - INFO - Ingress_Mono_Numpy_Converted 7LKPWOIN
2025-04-12 17:25:21,820 - INFO - Ingress_Mono_Exit 49ZHIAM9
2025-04-12 17:25:22,231 - INFO - Ingress_Mono_Exit 7LKPWOIN
2025-04-12 17:25:23,611 - INFO - Ingress_Mono_Enter OX680O8Z
2025-04-12 17:25:23,645 - INFO - Ingress_Mono_Input_Decoded OX680O8Z
2025-04-12 17:25:23,648 - INFO - Ingress_Mono_Numpy_Converted OX680O8Z
2025-04-12 17:25:24,368 - INFO - Ingress_Mono_Exit OX680O8Z
2025-04-12 17:25:25,785 - INFO - Ingress_Mono_Enter IZLWSXWS
2025-04-12 17:25:25,823 - INFO - Ingress_Mono_Input_Decoded IZLWSXWS
2025-04-12 17:25:25,827 - INFO - Ingress_Mono_Numpy_Converted IZLWSXWS
2025-04-12 17:25:26,152 - INFO - Ingress_Mono_Exit IZLWSXWS
2025-04-12 17:25:27,448 - INFO - Ingress_Mono_Enter 83W13QSD
2025-04-12 17:25:27,482 - INFO - Ingress_Mono_Input_Decoded 83W13QSD
2025-04-12 17:25:27,485 - INFO - Ingress_Mono_Numpy_Converted 83W13QSD
2025-04-12 17:25:28,095 - INFO - Ingress_Mono_Exit 83W13QSD
2025-04-12 17:25:28,639 - INFO - Ingress_Mono_Enter F2CBX8IH
2025-04-12 17:25:28,700 - INFO - Ingress_Mono_Input_Decoded F2CBX8IH
2025-04-12 17:25:28,703 - INFO - Ingress_Mono_Numpy_Converted F2CBX8IH
2025-04-12 17:25:28,983 - INFO - Ingress_Mono_Exit F2CBX8IH
2025-04-12 17:25:29,115 - INFO - Ingress_Mono_Enter XAF50Z5Y
2025-04-12 17:25:29,146 - INFO - Ingress_Mono_Input_Decoded XAF50Z5Y
2025-04-12 17:25:29,149 - INFO - Ingress_Mono_Numpy_Converted XAF50Z5Y
2025-04-12 17:25:29,460 - INFO - Ingress_Mono_Enter XXGLNQ1A
2025-04-12 17:25:29,510 - INFO - Ingress_Mono_Input_Decoded XXGLNQ1A
2025-04-12 17:25:29,515 - INFO - Ingress_Mono_Numpy_Converted XXGLNQ1A
2025-04-12 17:25:29,516 - INFO - Ingress_Mono_Exit XAF50Z5Y
2025-04-12 17:25:29,614 - INFO - Ingress_Mono_Enter 4534ZHAV
2025-04-12 17:25:29,646 - INFO - Ingress_Mono_Input_Decoded 4534ZHAV
2025-04-12 17:25:29,649 - INFO - Ingress_Mono_Numpy_Converted 4534ZHAV
2025-04-12 17:25:29,761 - INFO - Ingress_Mono_Exit XXGLNQ1A
2025-04-12 17:25:30,001 - INFO - Ingress_Mono_Exit 4534ZHAV
2025-04-12 17:25:31,131 - INFO - Ingress_Mono_Enter G1AC7LZ7
2025-04-12 17:25:31,180 - INFO - Ingress_Mono_Input_Decoded G1AC7LZ7
2025-04-12 17:25:31,185 - INFO - Ingress_Mono_Numpy_Converted G1AC7LZ7
2025-04-12 17:25:31,288 - INFO - Ingress_Mono_Enter 8HNAFQEZ
2025-04-12 17:25:31,326 - INFO - Ingress_Mono_Input_Decoded 8HNAFQEZ
2025-04-12 17:25:31,330 - INFO - Ingress_Mono_Numpy_Converted 8HNAFQEZ
2025-04-12 17:25:31,622 - INFO - Ingress_Mono_Exit 8HNAFQEZ
2025-04-12 17:25:32,002 - INFO - Ingress_Mono_Exit G1AC7LZ7
2025-04-12 17:25:43,474 - INFO - Ingress_Mono_Enter 7N5EXOX9
2025-04-12 17:25:43,520 - INFO - Ingress_Mono_Input_Decoded 7N5EXOX9
2025-04-12 17:25:43,524 - INFO - Ingress_Mono_Numpy_Converted 7N5EXOX9
2025-04-12 17:25:43,798 - INFO - Ingress_Mono_Enter QFGQRPWA
2025-04-12 17:25:43,833 - INFO - Ingress_Mono_Input_Decoded QFGQRPWA
2025-04-12 17:25:43,836 - INFO - Ingress_Mono_Numpy_Converted QFGQRPWA
2025-04-12 17:25:43,975 - INFO - Ingress_Mono_Exit 7N5EXOX9
2025-04-12 17:25:44,120 - INFO - Ingress_Mono_Exit QFGQRPWA
2025-04-12 17:25:55,308 - INFO - Ingress_Mono_Enter SDTKWL9S
2025-04-12 17:25:55,342 - INFO - Ingress_Mono_Input_Decoded SDTKWL9S
2025-04-12 17:25:55,345 - INFO - Ingress_Mono_Numpy_Converted SDTKWL9S
2025-04-12 17:25:55,983 - INFO - Ingress_Mono_Exit SDTKWL9S
2025-04-12 17:25:57,987 - INFO - Ingress_Mono_Enter 2JBUSV9V
2025-04-12 17:25:58,031 - INFO - Ingress_Mono_Input_Decoded 2JBUSV9V
2025-04-12 17:25:58,035 - INFO - Ingress_Mono_Numpy_Converted 2JBUSV9V
2025-04-12 17:25:58,533 - INFO - Ingress_Mono_Exit 2JBUSV9V
2025-04-12 17:25:58,638 - INFO - Ingress_Mono_Enter 484D0QRS
2025-04-12 17:25:58,664 - INFO - Ingress_Mono_Input_Decoded 484D0QRS
2025-04-12 17:25:58,666 - INFO - Ingress_Mono_Numpy_Converted 484D0QRS
2025-04-12 17:25:59,195 - INFO - Ingress_Mono_Exit 484D0QRS
2025-04-12 17:26:01,477 - INFO - Ingress_Mono_Enter ZCEYCC2N
2025-04-12 17:26:01,504 - INFO - Ingress_Mono_Input_Decoded ZCEYCC2N
2025-04-12 17:26:01,506 - INFO - Ingress_Mono_Numpy_Converted ZCEYCC2N
2025-04-12 17:26:01,826 - INFO - Ingress_Mono_Exit ZCEYCC2N
2025-04-12 17:26:02,172 - INFO - Ingress_Mono_Enter KJJ4D16E
2025-04-12 17:26:02,234 - INFO - Ingress_Mono_Input_Decoded KJJ4D16E
2025-04-12 17:26:02,238 - INFO - Ingress_Mono_Numpy_Converted KJJ4D16E
2025-04-12 17:26:02,318 - INFO - Ingress_Mono_Enter CRPY7XB0
2025-04-12 17:26:02,357 - INFO - Ingress_Mono_Input_Decoded CRPY7XB0
2025-04-12 17:26:02,361 - INFO - Ingress_Mono_Numpy_Converted CRPY7XB0
2025-04-12 17:26:02,576 - INFO - Ingress_Mono_Exit KJJ4D16E
2025-04-12 17:26:02,936 - INFO - Ingress_Mono_Exit CRPY7XB0
2025-04-12 17:26:03,318 - INFO - Ingress_Mono_Enter JY2MJ81V
2025-04-12 17:26:03,357 - INFO - Ingress_Mono_Input_Decoded JY2MJ81V
2025-04-12 17:26:03,360 - INFO - Ingress_Mono_Numpy_Converted JY2MJ81V
2025-04-12 17:26:03,596 - INFO - Ingress_Mono_Exit JY2MJ81V
2025-04-12 17:26:04,483 - INFO - Ingress_Mono_Enter K5L3AJV1
2025-04-12 17:26:04,515 - INFO - Ingress_Mono_Input_Decoded K5L3AJV1
2025-04-12 17:26:04,518 - INFO - Ingress_Mono_Numpy_Converted K5L3AJV1
2025-04-12 17:26:04,974 - INFO - Ingress_Mono_Exit K5L3AJV1
2025-04-12 17:26:05,848 - INFO - Ingress_Mono_Enter 3EVEHETD
2025-04-12 17:26:05,914 - INFO - Ingress_Mono_Input_Decoded 3EVEHETD
2025-04-12 17:26:05,919 - INFO - Ingress_Mono_Numpy_Converted 3EVEHETD
2025-04-12 17:26:06,264 - INFO - Ingress_Mono_Exit 3EVEHETD
2025-04-12 17:26:06,710 - INFO - Ingress_Mono_Enter O50I12GJ
2025-04-12 17:26:06,804 - INFO - Ingress_Mono_Input_Decoded O50I12GJ
2025-04-12 17:26:06,809 - INFO - Ingress_Mono_Numpy_Converted O50I12GJ
2025-04-12 17:26:07,105 - INFO - Ingress_Mono_Exit O50I12GJ
2025-04-12 17:26:07,645 - INFO - Ingress_Mono_Enter DX3VUE1X
2025-04-12 17:26:07,669 - INFO - Ingress_Mono_Input_Decoded DX3VUE1X
2025-04-12 17:26:07,671 - INFO - Ingress_Mono_Numpy_Converted DX3VUE1X
2025-04-12 17:26:07,822 - INFO - Ingress_Mono_Enter Z5GDNISX
2025-04-12 17:26:07,858 - INFO - Ingress_Mono_Input_Decoded Z5GDNISX
2025-04-12 17:26:07,861 - INFO - Ingress_Mono_Numpy_Converted Z5GDNISX
2025-04-12 17:26:08,153 - INFO - Ingress_Mono_Exit Z5GDNISX
2025-04-12 17:26:08,159 - INFO - Ingress_Mono_Enter JO7E2S9P
2025-04-12 17:26:08,192 - INFO - Ingress_Mono_Input_Decoded JO7E2S9P
2025-04-12 17:26:08,196 - INFO - Ingress_Mono_Numpy_Converted JO7E2S9P
2025-04-12 17:26:08,226 - INFO - Ingress_Mono_Exit DX3VUE1X
2025-04-12 17:26:08,465 - INFO - Ingress_Mono_Exit JO7E2S9P
2025-04-12 17:26:20,680 - INFO - Ingress_Mono_Enter L5J4EL60
2025-04-12 17:26:20,727 - INFO - Ingress_Mono_Input_Decoded L5J4EL60
2025-04-12 17:26:20,732 - INFO - Ingress_Mono_Numpy_Converted L5J4EL60
2025-04-12 17:26:21,054 - INFO - Ingress_Mono_Exit L5J4EL60
2025-04-12 17:26:25,672 - INFO - Ingress_Mono_Enter 43AQCXX9
2025-04-12 17:26:25,706 - INFO - Ingress_Mono_Input_Decoded 43AQCXX9
2025-04-12 17:26:25,710 - INFO - Ingress_Mono_Numpy_Converted 43AQCXX9
2025-04-12 17:26:26,067 - INFO - Ingress_Mono_Exit 43AQCXX9
2025-04-12 17:26:28,352 - INFO - Ingress_Mono_Enter Y0H5TO90
2025-04-12 17:26:28,397 - INFO - Ingress_Mono_Input_Decoded Y0H5TO90
2025-04-12 17:26:28,401 - INFO - Ingress_Mono_Numpy_Converted Y0H5TO90
2025-04-12 17:26:28,684 - INFO - Ingress_Mono_Exit Y0H5TO90
2025-04-12 17:26:28,842 - INFO - Ingress_Mono_Enter BT7V8R13
2025-04-12 17:26:28,876 - INFO - Ingress_Mono_Input_Decoded BT7V8R13
2025-04-12 17:26:28,880 - INFO - Ingress_Mono_Numpy_Converted BT7V8R13
2025-04-12 17:26:29,236 - INFO - Ingress_Mono_Exit BT7V8R13
2025-04-12 17:26:32,807 - INFO - Ingress_Mono_Enter 4VGBHWW6
2025-04-12 17:26:32,842 - INFO - Ingress_Mono_Input_Decoded 4VGBHWW6
2025-04-12 17:26:32,846 - INFO - Ingress_Mono_Numpy_Converted 4VGBHWW6
2025-04-12 17:26:33,139 - INFO - Ingress_Mono_Exit 4VGBHWW6
2025-04-12 17:26:33,999 - INFO - Ingress_Mono_Enter T5EMQ51S
2025-04-12 17:26:34,062 - INFO - Ingress_Mono_Input_Decoded T5EMQ51S
2025-04-12 17:26:34,066 - INFO - Ingress_Mono_Numpy_Converted T5EMQ51S
2025-04-12 17:26:34,278 - INFO - Ingress_Mono_Exit T5EMQ51S
2025-04-12 17:26:35,151 - INFO - Ingress_Mono_Enter PVE2LM0W
2025-04-12 17:26:35,198 - INFO - Ingress_Mono_Input_Decoded PVE2LM0W
2025-04-12 17:26:35,202 - INFO - Ingress_Mono_Numpy_Converted PVE2LM0W
2025-04-12 17:26:35,602 - INFO - Ingress_Mono_Exit PVE2LM0W
2025-04-12 17:26:37,844 - INFO - Ingress_Mono_Enter A1KWTG3G
2025-04-12 17:26:37,911 - INFO - Ingress_Mono_Input_Decoded A1KWTG3G
2025-04-12 17:26:37,916 - INFO - Ingress_Mono_Numpy_Converted A1KWTG3G
2025-04-12 17:26:38,138 - INFO - Ingress_Mono_Exit A1KWTG3G
2025-04-12 17:26:38,810 - INFO - Ingress_Mono_Enter 3KCGT153
2025-04-12 17:26:38,841 - INFO - Ingress_Mono_Input_Decoded 3KCGT153
2025-04-12 17:26:38,844 - INFO - Ingress_Mono_Numpy_Converted 3KCGT153
2025-04-12 17:26:39,111 - INFO - Ingress_Mono_Exit 3KCGT153
2025-04-12 17:26:40,482 - INFO - Ingress_Mono_Enter 8UIUJ0LC
2025-04-12 17:26:40,517 - INFO - Ingress_Mono_Input_Decoded 8UIUJ0LC
2025-04-12 17:26:40,520 - INFO - Ingress_Mono_Numpy_Converted 8UIUJ0LC
2025-04-12 17:26:40,797 - INFO - Ingress_Mono_Exit 8UIUJ0LC
2025-04-12 17:26:41,322 - INFO - Ingress_Mono_Enter J81NBC9E
2025-04-12 17:26:41,366 - INFO - Ingress_Mono_Input_Decoded J81NBC9E
2025-04-12 17:26:41,370 - INFO - Ingress_Mono_Numpy_Converted J81NBC9E
2025-04-12 17:26:41,642 - INFO - Ingress_Mono_Exit J81NBC9E
2025-04-12 17:26:42,818 - INFO - Ingress_Mono_Enter V8PSSNNE
2025-04-12 17:26:42,855 - INFO - Ingress_Mono_Input_Decoded V8PSSNNE
2025-04-12 17:26:42,859 - INFO - Ingress_Mono_Numpy_Converted V8PSSNNE
2025-04-12 17:26:43,321 - INFO - Ingress_Mono_Exit V8PSSNNE
2025-04-12 17:26:44,655 - INFO - Ingress_Mono_Enter 8CC9J6YI
2025-04-12 17:26:44,695 - INFO - Ingress_Mono_Input_Decoded 8CC9J6YI
2025-04-12 17:26:44,699 - INFO - Ingress_Mono_Numpy_Converted 8CC9J6YI
2025-04-12 17:26:45,039 - INFO - Ingress_Mono_Exit 8CC9J6YI
2025-04-12 17:26:45,999 - INFO - Ingress_Mono_Enter BJBHQFCT
2025-04-12 17:26:46,052 - INFO - Ingress_Mono_Input_Decoded BJBHQFCT
2025-04-12 17:26:46,057 - INFO - Ingress_Mono_Numpy_Converted BJBHQFCT
2025-04-12 17:26:46,780 - INFO - Ingress_Mono_Exit BJBHQFCT
2025-04-12 17:26:48,666 - INFO - Ingress_Mono_Enter PCOCD9EE
2025-04-12 17:26:48,715 - INFO - Ingress_Mono_Input_Decoded PCOCD9EE
2025-04-12 17:26:48,720 - INFO - Ingress_Mono_Numpy_Converted PCOCD9EE
2025-04-12 17:26:49,240 - INFO - Ingress_Mono_Exit PCOCD9EE
2025-04-12 17:26:50,494 - INFO - Ingress_Mono_Enter KS55OL7Z
2025-04-12 17:26:50,534 - INFO - Ingress_Mono_Input_Decoded KS55OL7Z
2025-04-12 17:26:50,538 - INFO - Ingress_Mono_Numpy_Converted KS55OL7Z
2025-04-12 17:26:51,302 - INFO - Ingress_Mono_Exit KS55OL7Z
2025-04-12 17:26:51,666 - INFO - Ingress_Mono_Enter GBPYF4DU
2025-04-12 17:26:51,712 - INFO - Ingress_Mono_Input_Decoded GBPYF4DU
2025-04-12 17:26:51,717 - INFO - Ingress_Mono_Numpy_Converted GBPYF4DU
2025-04-12 17:26:52,075 - INFO - Ingress_Mono_Exit GBPYF4DU
2025-04-12 17:26:56,493 - INFO - Ingress_Mono_Enter SHLKH5YX
2025-04-12 17:26:56,525 - INFO - Ingress_Mono_Input_Decoded SHLKH5YX
2025-04-12 17:26:56,528 - INFO - Ingress_Mono_Numpy_Converted SHLKH5YX
2025-04-12 17:26:56,720 - INFO - Ingress_Mono_Enter VBSQG2JL
2025-04-12 17:26:56,808 - INFO - Ingress_Mono_Input_Decoded VBSQG2JL
2025-04-12 17:26:56,818 - INFO - Ingress_Mono_Numpy_Converted VBSQG2JL
2025-04-12 17:26:56,835 - INFO - Ingress_Mono_Exit SHLKH5YX
2025-04-12 17:26:57,088 - INFO - Ingress_Mono_Exit VBSQG2JL
2025-04-12 17:27:09,673 - INFO - Ingress_Mono_Enter IBZYYYZK
2025-04-12 17:27:09,707 - INFO - Ingress_Mono_Input_Decoded IBZYYYZK
2025-04-12 17:27:09,710 - INFO - Ingress_Mono_Numpy_Converted IBZYYYZK
2025-04-12 17:27:10,137 - INFO - Ingress_Mono_Exit IBZYYYZK
2025-04-12 17:27:11,845 - INFO - Ingress_Mono_Enter F9W2MJMU
2025-04-12 17:27:11,883 - INFO - Ingress_Mono_Input_Decoded F9W2MJMU
2025-04-12 17:27:11,886 - INFO - Ingress_Mono_Numpy_Converted F9W2MJMU
2025-04-12 17:27:12,216 - INFO - Ingress_Mono_Exit F9W2MJMU
2025-04-12 17:27:12,840 - INFO - Ingress_Mono_Enter UP06NCDR
2025-04-12 17:27:12,870 - INFO - Ingress_Mono_Input_Decoded UP06NCDR
2025-04-12 17:27:12,873 - INFO - Ingress_Mono_Numpy_Converted UP06NCDR
2025-04-12 17:27:13,135 - INFO - Ingress_Mono_Exit UP06NCDR
2025-04-12 17:27:13,357 - INFO - Ingress_Mono_Enter OUWF4JMN
2025-04-12 17:27:13,408 - INFO - Ingress_Mono_Input_Decoded OUWF4JMN
2025-04-12 17:27:13,412 - INFO - Ingress_Mono_Numpy_Converted OUWF4JMN
2025-04-12 17:27:13,690 - INFO - Ingress_Mono_Exit OUWF4JMN
2025-04-12 17:27:13,701 - INFO - Ingress_Mono_Enter AG6LI6K7
2025-04-12 17:27:13,761 - INFO - Ingress_Mono_Input_Decoded AG6LI6K7
2025-04-12 17:27:13,765 - INFO - Ingress_Mono_Numpy_Converted AG6LI6K7
2025-04-12 17:27:14,057 - INFO - Ingress_Mono_Exit AG6LI6K7
2025-04-12 17:27:19,175 - INFO - Ingress_Mono_Enter K8KV27V0
2025-04-12 17:27:19,198 - INFO - Ingress_Mono_Input_Decoded K8KV27V0
2025-04-12 17:27:19,200 - INFO - Ingress_Mono_Numpy_Converted K8KV27V0
2025-04-12 17:27:19,491 - INFO - Ingress_Mono_Exit K8KV27V0
2025-04-12 17:27:19,862 - INFO - Ingress_Mono_Enter BYK7LQIR
2025-04-12 17:27:19,910 - INFO - Ingress_Mono_Input_Decoded BYK7LQIR
2025-04-12 17:27:19,915 - INFO - Ingress_Mono_Numpy_Converted BYK7LQIR
2025-04-12 17:27:20,209 - INFO - Ingress_Mono_Exit BYK7LQIR
2025-04-12 17:27:26,530 - INFO - Ingress_Mono_Enter E3SC7F98
2025-04-12 17:27:26,568 - INFO - Ingress_Mono_Input_Decoded E3SC7F98
2025-04-12 17:27:26,572 - INFO - Ingress_Mono_Numpy_Converted E3SC7F98
2025-04-12 17:27:26,880 - INFO - Ingress_Mono_Exit E3SC7F98
2025-04-12 17:27:32,034 - INFO - Ingress_Mono_Enter CY7D9HJP
2025-04-12 17:27:32,074 - INFO - Ingress_Mono_Input_Decoded CY7D9HJP
2025-04-12 17:27:32,080 - INFO - Ingress_Mono_Numpy_Converted CY7D9HJP
2025-04-12 17:27:32,384 - INFO - Ingress_Mono_Exit CY7D9HJP
2025-04-12 17:27:33,697 - INFO - Ingress_Mono_Enter 7EXUR0RL
2025-04-12 17:27:33,728 - INFO - Ingress_Mono_Input_Decoded 7EXUR0RL
2025-04-12 17:27:33,731 - INFO - Ingress_Mono_Numpy_Converted 7EXUR0RL
2025-04-12 17:27:34,042 - INFO - Ingress_Mono_Enter RLPDCB91
2025-04-12 17:27:34,086 - INFO - Ingress_Mono_Input_Decoded RLPDCB91
2025-04-12 17:27:34,091 - INFO - Ingress_Mono_Numpy_Converted RLPDCB91
2025-04-12 17:27:34,149 - INFO - Ingress_Mono_Exit 7EXUR0RL
2025-04-12 17:27:34,396 - INFO - Ingress_Mono_Exit RLPDCB91
2025-04-12 17:27:44,545 - INFO - Ingress_Mono_Enter ZR5WF4EO
2025-04-12 17:27:44,582 - INFO - Ingress_Mono_Input_Decoded ZR5WF4EO
2025-04-12 17:27:44,585 - INFO - Ingress_Mono_Numpy_Converted ZR5WF4EO
2025-04-12 17:27:44,985 - INFO - Ingress_Mono_Exit ZR5WF4EO
2025-04-12 17:27:46,204 - INFO - Ingress_Mono_Enter CNCH4B8Z
2025-04-12 17:27:46,229 - INFO - Ingress_Mono_Input_Decoded CNCH4B8Z
2025-04-12 17:27:46,232 - INFO - Ingress_Mono_Numpy_Converted CNCH4B8Z
2025-04-12 17:27:46,526 - INFO - Ingress_Mono_Exit CNCH4B8Z
2025-04-12 17:27:48,884 - INFO - Ingress_Mono_Enter 1ZDHCD6E
2025-04-12 17:27:48,923 - INFO - Ingress_Mono_Input_Decoded 1ZDHCD6E
2025-04-12 17:27:48,926 - INFO - Ingress_Mono_Numpy_Converted 1ZDHCD6E
2025-04-12 17:27:49,208 - INFO - Ingress_Mono_Exit 1ZDHCD6E
2025-04-12 17:27:49,551 - INFO - Ingress_Mono_Enter E5S9HP2L
2025-04-12 17:27:49,588 - INFO - Ingress_Mono_Input_Decoded E5S9HP2L
2025-04-12 17:27:49,591 - INFO - Ingress_Mono_Numpy_Converted E5S9HP2L
2025-04-12 17:27:49,909 - INFO - Ingress_Mono_Exit E5S9HP2L
2025-04-12 17:27:51,549 - INFO - Ingress_Mono_Enter LX2SKJ9C
2025-04-12 17:27:51,583 - INFO - Ingress_Mono_Input_Decoded LX2SKJ9C
2025-04-12 17:27:51,586 - INFO - Ingress_Mono_Numpy_Converted LX2SKJ9C
2025-04-12 17:27:52,157 - INFO - Ingress_Mono_Exit LX2SKJ9C
2025-04-12 17:28:01,098 - INFO - Ingress_Mono_Enter 3P7716JG
2025-04-12 17:28:01,171 - INFO - Ingress_Mono_Input_Decoded 3P7716JG
2025-04-12 17:28:01,176 - INFO - Ingress_Mono_Numpy_Converted 3P7716JG
2025-04-12 17:28:01,491 - INFO - Ingress_Mono_Exit 3P7716JG
2025-04-12 17:28:01,919 - INFO - Ingress_Mono_Enter UD9MDNYG
2025-04-12 17:28:01,957 - INFO - Ingress_Mono_Input_Decoded UD9MDNYG
2025-04-12 17:28:01,960 - INFO - Ingress_Mono_Numpy_Converted UD9MDNYG
2025-04-12 17:28:02,067 - INFO - Ingress_Mono_Enter AI7SMO41
2025-04-12 17:28:02,109 - INFO - Ingress_Mono_Input_Decoded AI7SMO41
2025-04-12 17:28:02,113 - INFO - Ingress_Mono_Numpy_Converted AI7SMO41
2025-04-12 17:28:02,255 - INFO - Ingress_Mono_Exit UD9MDNYG
2025-04-12 17:28:02,647 - INFO - Ingress_Mono_Exit AI7SMO41
2025-04-12 17:28:02,731 - INFO - Ingress_Mono_Enter 3I2MMAI1
2025-04-12 17:28:02,769 - INFO - Ingress_Mono_Input_Decoded 3I2MMAI1
2025-04-12 17:28:02,773 - INFO - Ingress_Mono_Numpy_Converted 3I2MMAI1
2025-04-12 17:28:03,286 - INFO - Ingress_Mono_Exit 3I2MMAI1
2025-04-12 17:28:09,058 - INFO - Ingress_Mono_Enter JWV58CBB
2025-04-12 17:28:09,083 - INFO - Ingress_Mono_Input_Decoded JWV58CBB
2025-04-12 17:28:09,085 - INFO - Ingress_Mono_Numpy_Converted JWV58CBB
2025-04-12 17:28:09,381 - INFO - Ingress_Mono_Exit JWV58CBB
2025-04-12 17:28:11,418 - INFO - Ingress_Mono_Enter XERPLCKS
2025-04-12 17:28:11,475 - INFO - Ingress_Mono_Input_Decoded XERPLCKS
2025-04-12 17:28:11,480 - INFO - Ingress_Mono_Numpy_Converted XERPLCKS
2025-04-12 17:28:11,579 - INFO - Ingress_Mono_Enter 40W33TQC
2025-04-12 17:28:11,635 - INFO - Ingress_Mono_Input_Decoded 40W33TQC
2025-04-12 17:28:11,638 - INFO - Ingress_Mono_Numpy_Converted 40W33TQC
2025-04-12 17:28:11,828 - INFO - Ingress_Mono_Exit XERPLCKS
2025-04-12 17:28:11,932 - INFO - Ingress_Mono_Exit 40W33TQC
2025-04-12 17:28:25,748 - INFO - Ingress_Mono_Enter DEGFEQRW
2025-04-12 17:28:25,781 - INFO - Ingress_Mono_Input_Decoded DEGFEQRW
2025-04-12 17:28:25,784 - INFO - Ingress_Mono_Numpy_Converted DEGFEQRW
2025-04-12 17:28:26,087 - INFO - Ingress_Mono_Exit DEGFEQRW
2025-04-12 17:28:27,589 - INFO - Ingress_Mono_Enter X1FYT9G1
2025-04-12 17:28:27,627 - INFO - Ingress_Mono_Input_Decoded X1FYT9G1
2025-04-12 17:28:27,630 - INFO - Ingress_Mono_Numpy_Converted X1FYT9G1
2025-04-12 17:28:27,929 - INFO - Ingress_Mono_Exit X1FYT9G1
2025-04-12 17:28:28,923 - INFO - Ingress_Mono_Enter 2MP9TJ0U
2025-04-12 17:28:28,959 - INFO - Ingress_Mono_Input_Decoded 2MP9TJ0U
2025-04-12 17:28:28,963 - INFO - Ingress_Mono_Numpy_Converted 2MP9TJ0U
2025-04-12 17:28:29,333 - INFO - Ingress_Mono_Exit 2MP9TJ0U
2025-04-12 17:28:30,762 - INFO - Ingress_Mono_Enter X7QNW9VA
2025-04-12 17:28:30,808 - INFO - Ingress_Mono_Input_Decoded X7QNW9VA
2025-04-12 17:28:30,812 - INFO - Ingress_Mono_Numpy_Converted X7QNW9VA
2025-04-12 17:28:31,401 - INFO - Ingress_Mono_Exit X7QNW9VA
2025-04-12 17:28:31,918 - INFO - Ingress_Mono_Enter ZQESQ7O8
2025-04-12 17:28:31,945 - INFO - Ingress_Mono_Input_Decoded ZQESQ7O8
2025-04-12 17:28:31,948 - INFO - Ingress_Mono_Numpy_Converted ZQESQ7O8
2025-04-12 17:28:32,268 - INFO - Ingress_Mono_Exit ZQESQ7O8
2025-04-12 17:28:32,432 - INFO - Ingress_Mono_Enter DANRHWZD
2025-04-12 17:28:32,475 - INFO - Ingress_Mono_Input_Decoded DANRHWZD
2025-04-12 17:28:32,479 - INFO - Ingress_Mono_Numpy_Converted DANRHWZD
2025-04-12 17:28:33,073 - INFO - Ingress_Mono_Exit DANRHWZD
2025-04-12 17:28:35,425 - INFO - Ingress_Mono_Enter 23VFDCE6
2025-04-12 17:28:35,457 - INFO - Ingress_Mono_Input_Decoded 23VFDCE6
2025-04-12 17:28:35,460 - INFO - Ingress_Mono_Numpy_Converted 23VFDCE6
2025-04-12 17:28:36,015 - INFO - Ingress_Mono_Exit 23VFDCE6
2025-04-12 17:28:38,268 - INFO - Ingress_Mono_Enter 641FWM3A
2025-04-12 17:28:38,311 - INFO - Ingress_Mono_Input_Decoded 641FWM3A
2025-04-12 17:28:38,315 - INFO - Ingress_Mono_Numpy_Converted 641FWM3A
2025-04-12 17:28:38,616 - INFO - Ingress_Mono_Exit 641FWM3A
2025-04-12 17:28:40,927 - INFO - Ingress_Mono_Enter SW5AO1EM
2025-04-12 17:28:40,958 - INFO - Ingress_Mono_Input_Decoded SW5AO1EM
2025-04-12 17:28:40,961 - INFO - Ingress_Mono_Numpy_Converted SW5AO1EM
2025-04-12 17:28:41,194 - INFO - Ingress_Mono_Exit SW5AO1EM
2025-04-12 17:28:45,963 - INFO - Ingress_Mono_Enter Q3C7ITP2
2025-04-12 17:28:46,026 - INFO - Ingress_Mono_Input_Decoded Q3C7ITP2
2025-04-12 17:28:46,030 - INFO - Ingress_Mono_Numpy_Converted Q3C7ITP2
2025-04-12 17:28:46,316 - INFO - Ingress_Mono_Exit Q3C7ITP2
2025-04-12 17:28:50,116 - INFO - Ingress_Mono_Enter AGJP8P8Z
2025-04-12 17:28:50,159 - INFO - Ingress_Mono_Input_Decoded AGJP8P8Z
2025-04-12 17:28:50,163 - INFO - Ingress_Mono_Numpy_Converted AGJP8P8Z
2025-04-12 17:28:50,533 - INFO - Ingress_Mono_Exit AGJP8P8Z
2025-04-12 17:28:51,966 - INFO - Ingress_Mono_Enter CHCGG15O
2025-04-12 17:28:52,029 - INFO - Ingress_Mono_Input_Decoded CHCGG15O
2025-04-12 17:28:52,033 - INFO - Ingress_Mono_Numpy_Converted CHCGG15O
2025-04-12 17:28:52,362 - INFO - Ingress_Mono_Exit CHCGG15O
2025-04-12 17:28:53,794 - INFO - Ingress_Mono_Enter K9LTAR20
2025-04-12 17:28:53,850 - INFO - Ingress_Mono_Input_Decoded K9LTAR20
2025-04-12 17:28:53,854 - INFO - Ingress_Mono_Numpy_Converted K9LTAR20
2025-04-12 17:28:53,961 - INFO - Ingress_Mono_Enter N12UOQ9A
2025-04-12 17:28:54,021 - INFO - Ingress_Mono_Input_Decoded N12UOQ9A
2025-04-12 17:28:54,024 - INFO - Ingress_Mono_Numpy_Converted N12UOQ9A
2025-04-12 17:28:54,172 - INFO - Ingress_Mono_Exit K9LTAR20
2025-04-12 17:28:54,626 - INFO - Ingress_Mono_Exit N12UOQ9A
2025-04-12 17:29:06,140 - INFO - Ingress_Mono_Enter EE0N4KRK
2025-04-12 17:29:06,199 - INFO - Ingress_Mono_Input_Decoded EE0N4KRK
2025-04-12 17:29:06,203 - INFO - Ingress_Mono_Numpy_Converted EE0N4KRK
2025-04-12 17:29:06,900 - INFO - Ingress_Mono_Exit EE0N4KRK
2025-04-12 17:29:07,471 - INFO - Ingress_Mono_Enter OIKZ4BCW
2025-04-12 17:29:07,525 - INFO - Ingress_Mono_Input_Decoded OIKZ4BCW
2025-04-12 17:29:07,530 - INFO - Ingress_Mono_Numpy_Converted OIKZ4BCW
2025-04-12 17:29:07,931 - INFO - Ingress_Mono_Exit OIKZ4BCW
2025-04-12 17:29:07,956 - INFO - Ingress_Mono_Enter CKDRX1W6
2025-04-12 17:29:07,988 - INFO - Ingress_Mono_Input_Decoded CKDRX1W6
2025-04-12 17:29:07,990 - INFO - Ingress_Mono_Numpy_Converted CKDRX1W6
2025-04-12 17:29:08,492 - INFO - Ingress_Mono_Exit CKDRX1W6
2025-04-12 17:29:12,633 - INFO - Ingress_Mono_Enter 171YGE1F
2025-04-12 17:29:12,672 - INFO - Ingress_Mono_Input_Decoded 171YGE1F
2025-04-12 17:29:12,676 - INFO - Ingress_Mono_Numpy_Converted 171YGE1F
2025-04-12 17:29:12,989 - INFO - Ingress_Mono_Exit 171YGE1F
2025-04-12 17:29:13,127 - INFO - Ingress_Mono_Enter 0LKUHZAQ
2025-04-12 17:29:13,157 - INFO - Ingress_Mono_Input_Decoded 0LKUHZAQ
2025-04-12 17:29:13,160 - INFO - Ingress_Mono_Numpy_Converted 0LKUHZAQ
2025-04-12 17:29:13,297 - INFO - Ingress_Mono_Enter IEUKNZYQ
2025-04-12 17:29:13,329 - INFO - Ingress_Mono_Input_Decoded IEUKNZYQ
2025-04-12 17:29:13,332 - INFO - Ingress_Mono_Numpy_Converted IEUKNZYQ
2025-04-12 17:29:13,592 - INFO - Ingress_Mono_Exit 0LKUHZAQ
2025-04-12 17:29:13,681 - INFO - Ingress_Mono_Exit IEUKNZYQ
2025-04-12 17:29:16,637 - INFO - Ingress_Mono_Enter FRPQ5HZ6
2025-04-12 17:29:16,676 - INFO - Ingress_Mono_Input_Decoded FRPQ5HZ6
2025-04-12 17:29:16,679 - INFO - Ingress_Mono_Numpy_Converted FRPQ5HZ6
2025-04-12 17:29:16,989 - INFO - Ingress_Mono_Exit FRPQ5HZ6
2025-04-12 17:29:17,127 - INFO - Ingress_Mono_Enter 56GM5O2D
2025-04-12 17:29:17,154 - INFO - Ingress_Mono_Input_Decoded 56GM5O2D
2025-04-12 17:29:17,157 - INFO - Ingress_Mono_Numpy_Converted 56GM5O2D
2025-04-12 17:29:17,437 - INFO - Ingress_Mono_Exit 56GM5O2D
2025-04-12 17:29:18,835 - INFO - Ingress_Mono_Enter BGXJ2H1W
2025-04-12 17:29:18,905 - INFO - Ingress_Mono_Input_Decoded BGXJ2H1W
2025-04-12 17:29:18,910 - INFO - Ingress_Mono_Numpy_Converted BGXJ2H1W
2025-04-12 17:29:19,246 - INFO - Ingress_Mono_Exit BGXJ2H1W
2025-04-12 17:29:20,135 - INFO - Ingress_Mono_Enter 2U9G1UEI
2025-04-12 17:29:20,166 - INFO - Ingress_Mono_Input_Decoded 2U9G1UEI
2025-04-12 17:29:20,169 - INFO - Ingress_Mono_Numpy_Converted 2U9G1UEI
2025-04-12 17:29:20,959 - INFO - Ingress_Mono_Exit 2U9G1UEI
2025-04-12 17:29:21,146 - INFO - Ingress_Mono_Enter JA9OA3CU
2025-04-12 17:29:21,192 - INFO - Ingress_Mono_Input_Decoded JA9OA3CU
2025-04-12 17:29:21,197 - INFO - Ingress_Mono_Numpy_Converted JA9OA3CU
2025-04-12 17:29:21,484 - INFO - Ingress_Mono_Enter LEVCX2EC
2025-04-12 17:29:21,537 - INFO - Ingress_Mono_Input_Decoded LEVCX2EC
2025-04-12 17:29:21,544 - INFO - Ingress_Mono_Numpy_Converted LEVCX2EC
2025-04-12 17:29:21,942 - INFO - Ingress_Mono_Exit JA9OA3CU
2025-04-12 17:29:21,979 - INFO - Ingress_Mono_Exit LEVCX2EC
2025-04-12 17:29:24,645 - INFO - Ingress_Mono_Enter XLPQBGH6
2025-04-12 17:29:24,685 - INFO - Ingress_Mono_Input_Decoded XLPQBGH6
2025-04-12 17:29:24,689 - INFO - Ingress_Mono_Numpy_Converted XLPQBGH6
2025-04-12 17:29:25,178 - INFO - Ingress_Mono_Exit XLPQBGH6
2025-04-12 17:29:26,989 - INFO - Ingress_Mono_Enter Z8F3HET6
2025-04-12 17:29:27,026 - INFO - Ingress_Mono_Input_Decoded Z8F3HET6
2025-04-12 17:29:27,030 - INFO - Ingress_Mono_Numpy_Converted Z8F3HET6
2025-04-12 17:29:27,315 - INFO - Ingress_Mono_Exit Z8F3HET6
2025-04-12 17:29:27,483 - INFO - Ingress_Mono_Enter WLQ82LX2
2025-04-12 17:29:27,525 - INFO - Ingress_Mono_Input_Decoded WLQ82LX2
2025-04-12 17:29:27,529 - INFO - Ingress_Mono_Numpy_Converted WLQ82LX2
2025-04-12 17:29:27,835 - INFO - Ingress_Mono_Exit WLQ82LX2
2025-04-12 17:29:30,315 - INFO - Ingress_Mono_Enter GQ1BHUPD
2025-04-12 17:29:30,351 - INFO - Ingress_Mono_Input_Decoded GQ1BHUPD
2025-04-12 17:29:30,354 - INFO - Ingress_Mono_Numpy_Converted GQ1BHUPD
2025-04-12 17:29:30,673 - INFO - Ingress_Mono_Exit GQ1BHUPD
2025-04-12 17:29:34,154 - INFO - Ingress_Mono_Enter 1925FYLB
2025-04-12 17:29:34,193 - INFO - Ingress_Mono_Input_Decoded 1925FYLB
2025-04-12 17:29:34,196 - INFO - Ingress_Mono_Numpy_Converted 1925FYLB
2025-04-12 17:29:34,467 - INFO - Ingress_Mono_Exit 1925FYLB
2025-04-12 17:29:35,004 - INFO - Ingress_Mono_Enter UVD6QNPA
2025-04-12 17:29:35,061 - INFO - Ingress_Mono_Input_Decoded UVD6QNPA
2025-04-12 17:29:35,064 - INFO - Ingress_Mono_Numpy_Converted UVD6QNPA
2025-04-12 17:29:35,487 - INFO - Ingress_Mono_Enter PAVCMUNH
2025-04-12 17:29:35,523 - INFO - Ingress_Mono_Input_Decoded PAVCMUNH
2025-04-12 17:29:35,526 - INFO - Ingress_Mono_Numpy_Converted PAVCMUNH
2025-04-12 17:29:35,546 - INFO - Ingress_Mono_Exit UVD6QNPA
2025-04-12 17:29:36,059 - INFO - Ingress_Mono_Exit PAVCMUNH
2025-04-12 17:29:41,833 - INFO - Ingress_Mono_Enter 7J782XH8
2025-04-12 17:29:41,873 - INFO - Ingress_Mono_Input_Decoded 7J782XH8
2025-04-12 17:29:41,877 - INFO - Ingress_Mono_Numpy_Converted 7J782XH8
2025-04-12 17:29:42,183 - INFO - Ingress_Mono_Exit 7J782XH8
2025-04-12 17:29:42,658 - INFO - Ingress_Mono_Enter KOJBX0IF
2025-04-12 17:29:42,689 - INFO - Ingress_Mono_Input_Decoded KOJBX0IF
2025-04-12 17:29:42,692 - INFO - Ingress_Mono_Numpy_Converted KOJBX0IF
2025-04-12 17:29:43,066 - INFO - Ingress_Mono_Exit KOJBX0IF
2025-04-12 17:29:43,658 - INFO - Ingress_Mono_Enter VO1OMGTR
2025-04-12 17:29:43,688 - INFO - Ingress_Mono_Input_Decoded VO1OMGTR
2025-04-12 17:29:43,690 - INFO - Ingress_Mono_Numpy_Converted VO1OMGTR
2025-04-12 17:29:44,216 - INFO - Ingress_Mono_Exit VO1OMGTR
2025-04-12 17:29:44,837 - INFO - Ingress_Mono_Enter SKD0KAWD
2025-04-12 17:29:44,883 - INFO - Ingress_Mono_Input_Decoded SKD0KAWD
2025-04-12 17:29:44,888 - INFO - Ingress_Mono_Numpy_Converted SKD0KAWD
2025-04-12 17:29:45,214 - INFO - Ingress_Mono_Exit SKD0KAWD
2025-04-12 17:29:45,824 - INFO - Ingress_Mono_Enter SKUTRTT9
2025-04-12 17:29:45,851 - INFO - Ingress_Mono_Input_Decoded SKUTRTT9
2025-04-12 17:29:45,854 - INFO - Ingress_Mono_Numpy_Converted SKUTRTT9
2025-04-12 17:29:46,444 - INFO - Ingress_Mono_Exit SKUTRTT9
2025-04-12 17:29:48,858 - INFO - Ingress_Mono_Enter E924LLXI
2025-04-12 17:29:48,922 - INFO - Ingress_Mono_Input_Decoded E924LLXI
2025-04-12 17:29:48,927 - INFO - Ingress_Mono_Numpy_Converted E924LLXI
2025-04-12 17:29:48,996 - INFO - Ingress_Mono_Enter DG80UYLH
2025-04-12 17:29:49,027 - INFO - Ingress_Mono_Input_Decoded DG80UYLH
2025-04-12 17:29:49,030 - INFO - Ingress_Mono_Numpy_Converted DG80UYLH
2025-04-12 17:29:49,434 - INFO - Ingress_Mono_Exit DG80UYLH
2025-04-12 17:29:49,517 - INFO - Ingress_Mono_Exit E924LLXI
2025-04-12 17:29:53,902 - INFO - Ingress_Mono_Enter CE13NCOZ
2025-04-12 17:29:54,001 - INFO - Ingress_Mono_Input_Decoded CE13NCOZ
2025-04-12 17:29:54,006 - INFO - Ingress_Mono_Numpy_Converted CE13NCOZ
2025-04-12 17:29:54,356 - INFO - Ingress_Mono_Exit CE13NCOZ
2025-04-12 17:29:55,672 - INFO - Ingress_Mono_Enter D7LGEU8L
2025-04-12 17:29:55,708 - INFO - Ingress_Mono_Input_Decoded D7LGEU8L
2025-04-12 17:29:55,712 - INFO - Ingress_Mono_Numpy_Converted D7LGEU8L
2025-04-12 17:29:56,052 - INFO - Ingress_Mono_Exit D7LGEU8L
2025-04-12 17:29:59,177 - INFO - Ingress_Mono_Enter XK8E5AUO
2025-04-12 17:29:59,211 - INFO - Ingress_Mono_Input_Decoded XK8E5AUO
2025-04-12 17:29:59,214 - INFO - Ingress_Mono_Numpy_Converted XK8E5AUO
2025-04-12 17:29:59,537 - INFO - Ingress_Mono_Exit XK8E5AUO
2025-04-12 17:30:01,681 - INFO - Ingress_Mono_Enter OGSG9HT7
2025-04-12 17:30:01,714 - INFO - Ingress_Mono_Input_Decoded OGSG9HT7
2025-04-12 17:30:01,717 - INFO - Ingress_Mono_Numpy_Converted OGSG9HT7
2025-04-12 17:30:02,025 - INFO - Ingress_Mono_Enter BLS8OD55
2025-04-12 17:30:02,079 - INFO - Ingress_Mono_Input_Decoded BLS8OD55
2025-04-12 17:30:02,082 - INFO - Ingress_Mono_Numpy_Converted BLS8OD55
2025-04-12 17:30:02,084 - INFO - Ingress_Mono_Exit OGSG9HT7
2025-04-12 17:30:02,439 - INFO - Ingress_Mono_Exit BLS8OD55
2025-04-12 17:30:03,549 - INFO - Ingress_Mono_Enter BH8505HW
2025-04-12 17:30:03,620 - INFO - Ingress_Mono_Input_Decoded BH8505HW
2025-04-12 17:30:03,625 - INFO - Ingress_Mono_Numpy_Converted BH8505HW
2025-04-12 17:30:03,968 - INFO - Ingress_Mono_Exit BH8505HW
2025-04-12 17:30:04,526 - INFO - Ingress_Mono_Enter S1GKVTSY
2025-04-12 17:30:04,574 - INFO - Ingress_Mono_Input_Decoded S1GKVTSY
2025-04-12 17:30:04,579 - INFO - Ingress_Mono_Numpy_Converted S1GKVTSY
2025-04-12 17:30:04,967 - INFO - Ingress_Mono_Exit S1GKVTSY
2025-04-12 17:30:07,532 - INFO - Ingress_Mono_Enter 8J2XTLSW
2025-04-12 17:30:07,567 - INFO - Ingress_Mono_Input_Decoded 8J2XTLSW
2025-04-12 17:30:07,571 - INFO - Ingress_Mono_Numpy_Converted 8J2XTLSW
2025-04-12 17:30:08,208 - INFO - Ingress_Mono_Exit 8J2XTLSW
2025-04-12 17:30:11,524 - INFO - Ingress_Mono_Enter RC9FP1YN
2025-04-12 17:30:11,559 - INFO - Ingress_Mono_Input_Decoded RC9FP1YN
2025-04-12 17:30:11,563 - INFO - Ingress_Mono_Numpy_Converted RC9FP1YN
2025-04-12 17:30:11,892 - INFO - Ingress_Mono_Exit RC9FP1YN
2025-04-12 17:30:16,698 - INFO - Ingress_Mono_Enter HGROPGQJ
2025-04-12 17:30:16,738 - INFO - Ingress_Mono_Input_Decoded HGROPGQJ
2025-04-12 17:30:16,741 - INFO - Ingress_Mono_Numpy_Converted HGROPGQJ
2025-04-12 17:30:17,123 - INFO - Ingress_Mono_Exit HGROPGQJ
2025-04-12 17:30:17,533 - INFO - Ingress_Mono_Enter UPC44D2W
2025-04-12 17:30:17,571 - INFO - Ingress_Mono_Input_Decoded UPC44D2W
2025-04-12 17:30:17,574 - INFO - Ingress_Mono_Numpy_Converted UPC44D2W
2025-04-12 17:30:17,872 - INFO - Ingress_Mono_Exit UPC44D2W
2025-04-12 17:30:19,025 - INFO - Ingress_Mono_Enter TA775F9F
2025-04-12 17:30:19,052 - INFO - Ingress_Mono_Input_Decoded TA775F9F
2025-04-12 17:30:19,055 - INFO - Ingress_Mono_Numpy_Converted TA775F9F
2025-04-12 17:30:19,225 - INFO - Ingress_Mono_Enter FEF7QFNV
2025-04-12 17:30:19,291 - INFO - Ingress_Mono_Input_Decoded FEF7QFNV
2025-04-12 17:30:19,295 - INFO - Ingress_Mono_Numpy_Converted FEF7QFNV
2025-04-12 17:30:19,335 - INFO - Ingress_Mono_Exit TA775F9F
2025-04-12 17:30:19,685 - INFO - Ingress_Mono_Exit FEF7QFNV
2025-04-12 17:30:27,198 - INFO - Ingress_Mono_Enter 7Z0UE1NQ
2025-04-12 17:30:27,225 - INFO - Ingress_Mono_Input_Decoded 7Z0UE1NQ
2025-04-12 17:30:27,228 - INFO - Ingress_Mono_Numpy_Converted 7Z0UE1NQ
2025-04-12 17:30:27,802 - INFO - Ingress_Mono_Exit 7Z0UE1NQ
2025-04-12 17:30:29,042 - INFO - Ingress_Mono_Enter J0I56FYU
2025-04-12 17:30:29,079 - INFO - Ingress_Mono_Input_Decoded J0I56FYU
2025-04-12 17:30:29,083 - INFO - Ingress_Mono_Numpy_Converted J0I56FYU
2025-04-12 17:30:29,225 - INFO - Ingress_Mono_Enter 764VG1T8
2025-04-12 17:30:29,282 - INFO - Ingress_Mono_Input_Decoded 764VG1T8
2025-04-12 17:30:29,285 - INFO - Ingress_Mono_Numpy_Converted 764VG1T8
2025-04-12 17:30:29,540 - INFO - Ingress_Mono_Exit J0I56FYU
2025-04-12 17:30:30,192 - INFO - Ingress_Mono_Exit 764VG1T8
2025-04-12 17:30:30,376 - INFO - Ingress_Mono_Enter 7KSA96U4
2025-04-12 17:30:30,416 - INFO - Ingress_Mono_Input_Decoded 7KSA96U4
2025-04-12 17:30:30,420 - INFO - Ingress_Mono_Numpy_Converted 7KSA96U4
2025-04-12 17:30:31,218 - INFO - Ingress_Mono_Exit 7KSA96U4
2025-04-12 17:30:31,879 - INFO - Ingress_Mono_Enter JR4NFLVF
2025-04-12 17:30:31,919 - INFO - Ingress_Mono_Input_Decoded JR4NFLVF
2025-04-12 17:30:31,923 - INFO - Ingress_Mono_Numpy_Converted JR4NFLVF
2025-04-12 17:30:32,237 - INFO - Ingress_Mono_Enter C2D6WKKM
2025-04-12 17:30:32,301 - INFO - Ingress_Mono_Input_Decoded C2D6WKKM
2025-04-12 17:30:32,308 - INFO - Ingress_Mono_Numpy_Converted C2D6WKKM
2025-04-12 17:30:32,309 - INFO - Ingress_Mono_Exit JR4NFLVF
2025-04-12 17:30:32,689 - INFO - Ingress_Mono_Exit C2D6WKKM
2025-04-12 17:30:34,375 - INFO - Ingress_Mono_Enter 67PESK19
2025-04-12 17:30:34,405 - INFO - Ingress_Mono_Input_Decoded 67PESK19
2025-04-12 17:30:34,408 - INFO - Ingress_Mono_Numpy_Converted 67PESK19
2025-04-12 17:30:34,745 - INFO - Ingress_Mono_Exit 67PESK19
2025-04-12 17:30:36,038 - INFO - Ingress_Mono_Enter ZG36BTMI
2025-04-12 17:30:36,063 - INFO - Ingress_Mono_Input_Decoded ZG36BTMI
2025-04-12 17:30:36,065 - INFO - Ingress_Mono_Numpy_Converted ZG36BTMI
2025-04-12 17:30:36,771 - INFO - Ingress_Mono_Exit ZG36BTMI
2025-04-12 17:30:37,248 - INFO - Ingress_Mono_Enter S2FTNGYP
2025-04-12 17:30:37,317 - INFO - Ingress_Mono_Input_Decoded S2FTNGYP
2025-04-12 17:30:37,322 - INFO - Ingress_Mono_Numpy_Converted S2FTNGYP
2025-04-12 17:30:38,223 - INFO - Ingress_Mono_Exit S2FTNGYP
2025-04-12 17:30:38,879 - INFO - Ingress_Mono_Enter EA6DR1DG
2025-04-12 17:30:38,908 - INFO - Ingress_Mono_Input_Decoded EA6DR1DG
2025-04-12 17:30:38,911 - INFO - Ingress_Mono_Numpy_Converted EA6DR1DG
2025-04-12 17:30:39,190 - INFO - Ingress_Mono_Exit EA6DR1DG
2025-04-12 17:30:45,214 - INFO - Ingress_Mono_Enter 0DV3SU6A
2025-04-12 17:30:45,240 - INFO - Ingress_Mono_Input_Decoded 0DV3SU6A
2025-04-12 17:30:45,244 - INFO - Ingress_Mono_Numpy_Converted 0DV3SU6A
2025-04-12 17:30:45,391 - INFO - Ingress_Mono_Enter 7JTJ0998
2025-04-12 17:30:45,427 - INFO - Ingress_Mono_Input_Decoded 7JTJ0998
2025-04-12 17:30:45,431 - INFO - Ingress_Mono_Numpy_Converted 7JTJ0998
2025-04-12 17:30:45,507 - INFO - Ingress_Mono_Exit 0DV3SU6A
2025-04-12 17:30:45,736 - INFO - Ingress_Mono_Exit 7JTJ0998
2025-04-12 17:30:47,219 - INFO - Ingress_Mono_Enter UAC08OAR
2025-04-12 17:30:47,249 - INFO - Ingress_Mono_Input_Decoded UAC08OAR
2025-04-12 17:30:47,252 - INFO - Ingress_Mono_Numpy_Converted UAC08OAR
2025-04-12 17:30:47,845 - INFO - Ingress_Mono_Exit UAC08OAR
