2025-04-01 03:40:17,208 - INFO - Monolith_Enter MLOYU1ZI
2025-04-01 03:40:17,728 - INFO - Monolith_Exit MLOYU1ZI
2025-04-01 03:40:17,731 - INFO - Monolith_Enter ZJCLZAI9
Monolith_Enter 6BSV8TZA
Monolith_Enter DFKJMUGK
2025-04-01 03:40:17,953 - INFO - Monolith_Exit ZJCLZAI9
Monolith_Exit 6BSV8TZA
Monolith_Exit DFKJMUGK
2025-04-01 03:40:17,955 - INFO - Monolith_Enter HLPT3XDQ
Monolith_Enter 34EHHBNI
2025-04-01 03:40:18,071 - INFO - Monolith_Exit HLPT3XDQ
Monolith_Exit 34EHHBNI
2025-04-01 03:40:18,075 - INFO - Monolith_Enter A325Q3DW
Monolith_Enter DHZ0UWTF
Monolith_Enter 1F7B8E2N
2025-04-01 03:40:18,226 - INFO - Monolith_Exit A325Q3DW
Monolith_Exit DHZ0UWTF
Monolith_Exit 1F7B8E2N
2025-04-01 03:40:18,235 - INFO - Monolith_Enter P63BPW2G
Monolith_Enter GS7VN25X
Monolith_Enter YM04DLDJ
Monolith_Enter S70DVVVV
2025-04-01 03:40:18,431 - INFO - Monolith_Exit P63BPW2G
Monolith_Exit GS7VN25X
Monolith_Exit YM04DLDJ
Monolith_Exit S70DVVVV
2025-04-01 03:40:18,435 - INFO - Monolith_Enter D03O0TSB
Monolith_Enter DMXI0U3E
Monolith_Enter ENP8IYWC
2025-04-01 03:40:18,591 - INFO - Monolith_Exit D03O0TSB
Monolith_Exit DMXI0U3E
Monolith_Exit ENP8IYWC
2025-04-01 03:40:18,593 - INFO - Monolith_Enter CQH4GALE
2025-04-01 03:40:18,654 - INFO - Monolith_Exit CQH4GALE
2025-04-01 03:40:18,663 - INFO - Monolith_Enter UHH8MVLO
2025-04-01 03:40:18,732 - INFO - Monolith_Exit UHH8MVLO
2025-04-01 03:40:18,735 - INFO - Monolith_Enter B8895CMI
Monolith_Enter 6XB65M6S
2025-04-01 03:40:18,847 - INFO - Monolith_Exit B8895CMI
Monolith_Exit 6XB65M6S
2025-04-01 03:40:18,849 - INFO - Monolith_Enter ZT60FXYF
Monolith_Enter P795HKJA
Monolith_Enter YJU8QJGX
2025-04-01 03:40:18,994 - INFO - Monolith_Exit ZT60FXYF
Monolith_Exit P795HKJA
Monolith_Exit YJU8QJGX
2025-04-01 03:40:18,997 - INFO - Monolith_Enter R586I3NL
Monolith_Enter KP0K332I
2025-04-01 03:40:19,101 - INFO - Monolith_Exit R586I3NL
Monolith_Exit KP0K332I
2025-04-01 03:40:19,152 - INFO - Monolith_Enter HSFOJ68R
2025-04-01 03:40:19,222 - INFO - Monolith_Exit HSFOJ68R
2025-04-01 03:40:19,314 - INFO - Monolith_Enter DVG7G9AC
2025-04-01 03:40:19,375 - INFO - Monolith_Exit DVG7G9AC
2025-04-01 03:40:19,383 - INFO - Monolith_Enter M7S5X9HS
2025-04-01 03:40:19,443 - INFO - Monolith_Exit M7S5X9HS
2025-04-01 03:40:19,588 - INFO - Monolith_Enter 9U0MPPPV
2025-04-01 03:40:19,657 - INFO - Monolith_Exit 9U0MPPPV
2025-04-01 03:40:19,658 - INFO - Monolith_Enter AXUMDG0U
2025-04-01 03:40:19,719 - INFO - Monolith_Exit AXUMDG0U
2025-04-01 03:40:19,738 - INFO - Monolith_Enter 361TOLZ1
2025-04-01 03:40:19,810 - INFO - Monolith_Exit 361TOLZ1
2025-04-01 03:40:19,812 - INFO - Monolith_Enter NSU7T6J6
2025-04-01 03:40:19,879 - INFO - Monolith_Exit NSU7T6J6
2025-04-01 03:40:19,881 - INFO - Monolith_Enter VP66V16M
2025-04-01 03:40:19,943 - INFO - Monolith_Exit VP66V16M
2025-04-01 03:40:19,945 - INFO - Monolith_Enter 3RL6SZT7
2025-04-01 03:40:20,007 - INFO - Monolith_Exit 3RL6SZT7
2025-04-01 03:40:20,008 - INFO - Monolith_Enter R27W84E2
2025-04-01 03:40:20,075 - INFO - Monolith_Exit R27W84E2
2025-04-01 03:40:20,078 - INFO - Monolith_Enter SE59TC13
Monolith_Enter QIHZ9Y83
2025-04-01 03:40:20,177 - INFO - Monolith_Exit SE59TC13
Monolith_Exit QIHZ9Y83
2025-04-01 03:40:20,180 - INFO - Monolith_Enter 8F90H895
Monolith_Enter ETRXDZUG
2025-04-01 03:40:20,295 - INFO - Monolith_Exit 8F90H895
Monolith_Exit ETRXDZUG
2025-04-01 03:40:20,297 - INFO - Monolith_Enter OCHP5P7H
2025-04-01 03:40:20,361 - INFO - Monolith_Exit OCHP5P7H
2025-04-01 03:40:20,363 - INFO - Monolith_Enter FW5SAW56
Monolith_Enter QAQJD7LF
2025-04-01 03:40:20,468 - INFO - Monolith_Exit FW5SAW56
Monolith_Exit QAQJD7LF
2025-04-01 03:40:20,473 - INFO - Monolith_Enter NX39BS4Y
2025-04-01 03:40:20,539 - INFO - Monolith_Exit NX39BS4Y
2025-04-01 03:40:20,541 - INFO - Monolith_Enter OQ7EQSBW
2025-04-01 03:40:20,614 - INFO - Monolith_Exit OQ7EQSBW
2025-04-01 03:40:20,616 - INFO - Monolith_Enter MAMEF6ZC
2025-04-01 03:40:20,677 - INFO - Monolith_Exit MAMEF6ZC
2025-04-01 03:40:20,722 - INFO - Monolith_Enter UE80QBAQ
2025-04-01 03:40:20,790 - INFO - Monolith_Exit UE80QBAQ
2025-04-01 03:40:20,802 - INFO - Monolith_Enter VCCCFR7E
2025-04-01 03:40:20,868 - INFO - Monolith_Exit VCCCFR7E
2025-04-01 03:40:20,870 - INFO - Monolith_Enter D0J1UZOD
2025-04-01 03:40:20,933 - INFO - Monolith_Exit D0J1UZOD
2025-04-01 03:40:20,942 - INFO - Monolith_Enter 4U7FKMYZ
Monolith_Enter B3VSK6GU
Monolith_Enter RSA4REIW
2025-04-01 03:40:21,085 - INFO - Monolith_Exit 4U7FKMYZ
Monolith_Exit B3VSK6GU
Monolith_Exit RSA4REIW
2025-04-01 03:40:21,088 - INFO - Monolith_Enter VX53R5Q1
Monolith_Enter CPHIZJDZ
2025-04-01 03:40:21,197 - INFO - Monolith_Exit VX53R5Q1
Monolith_Exit CPHIZJDZ
2025-04-01 03:40:21,200 - INFO - Monolith_Enter PEVFSBOK
Monolith_Enter JZ4A77AY
2025-04-01 03:40:21,305 - INFO - Monolith_Exit PEVFSBOK
Monolith_Exit JZ4A77AY
2025-04-01 03:40:21,312 - INFO - Monolith_Enter 6EG7YBJX
2025-04-01 03:40:21,373 - INFO - Monolith_Exit 6EG7YBJX
2025-04-01 03:40:21,415 - INFO - Monolith_Enter 5D20MZTZ
2025-04-01 03:40:21,476 - INFO - Monolith_Exit 5D20MZTZ
2025-04-01 03:40:21,564 - INFO - Monolith_Enter YY8EX9NW
2025-04-01 03:40:21,626 - INFO - Monolith_Exit YY8EX9NW
2025-04-01 03:40:21,629 - INFO - Monolith_Enter UITGYWUY
Monolith_Enter KOVUHKOG
2025-04-01 03:40:21,729 - INFO - Monolith_Exit UITGYWUY
Monolith_Exit KOVUHKOG
2025-04-01 03:40:21,732 - INFO - Monolith_Enter N719D0F9
Monolith_Enter UYTPL8ZK
2025-04-01 03:40:21,836 - INFO - Monolith_Exit N719D0F9
Monolith_Exit UYTPL8ZK
2025-04-01 03:40:21,934 - INFO - Monolith_Enter ARM1560P
2025-04-01 03:40:21,996 - INFO - Monolith_Exit ARM1560P
2025-04-01 03:40:22,026 - INFO - Monolith_Enter 10NLKQ32
2025-04-01 03:40:22,091 - INFO - Monolith_Exit 10NLKQ32
2025-04-01 03:40:22,094 - INFO - Monolith_Enter KD6R0UKN
2025-04-01 03:40:22,157 - INFO - Monolith_Exit KD6R0UKN
2025-04-01 03:40:22,159 - INFO - Monolith_Enter 1KOQNRHI
2025-04-01 03:40:22,223 - INFO - Monolith_Exit 1KOQNRHI
2025-04-01 03:40:22,225 - INFO - Monolith_Enter 7TRWX84E
2025-04-01 03:40:22,289 - INFO - Monolith_Exit 7TRWX84E
2025-04-01 03:40:22,330 - INFO - Monolith_Enter BP4QQL8K
2025-04-01 03:40:22,400 - INFO - Monolith_Exit BP4QQL8K
2025-04-01 03:40:22,407 - INFO - Monolith_Enter H7BD7ACA
Monolith_Enter YNK7JHQH
2025-04-01 03:40:22,510 - INFO - Monolith_Exit H7BD7ACA
Monolith_Exit YNK7JHQH
2025-04-01 03:40:22,574 - INFO - Monolith_Enter 54432OJG
2025-04-01 03:40:22,635 - INFO - Monolith_Exit 54432OJG
2025-04-01 03:40:22,637 - INFO - Monolith_Enter O6WLS8FM
2025-04-01 03:40:22,698 - INFO - Monolith_Exit O6WLS8FM
2025-04-01 03:40:22,699 - INFO - Monolith_Enter ZBFFVO75
2025-04-01 03:40:22,763 - INFO - Monolith_Exit ZBFFVO75
2025-04-01 03:40:22,765 - INFO - Monolith_Enter QB4YNZ7W
Monolith_Enter TNRQWJZC
2025-04-01 03:40:22,867 - INFO - Monolith_Exit QB4YNZ7W
Monolith_Exit TNRQWJZC
2025-04-01 03:40:22,869 - INFO - Monolith_Enter MIUUJ1HL
2025-04-01 03:40:22,931 - INFO - Monolith_Exit MIUUJ1HL
2025-04-01 03:40:22,988 - INFO - Monolith_Enter DSGFZ6EI
2025-04-01 03:40:23,058 - INFO - Monolith_Exit DSGFZ6EI
2025-04-01 03:40:23,080 - INFO - Monolith_Enter ITV86G5W
2025-04-01 03:40:23,142 - INFO - Monolith_Exit ITV86G5W
2025-04-01 03:40:23,161 - INFO - Monolith_Enter MUPEBAI2
2025-04-01 03:40:23,222 - INFO - Monolith_Exit MUPEBAI2
2025-04-01 03:40:23,224 - INFO - Monolith_Enter L1PGDII2
2025-04-01 03:40:23,288 - INFO - Monolith_Exit L1PGDII2
2025-04-01 03:40:23,290 - INFO - Monolith_Enter I2YHJ0M5
Monolith_Enter M2S5VCUJ
2025-04-01 03:40:23,392 - INFO - Monolith_Exit I2YHJ0M5
Monolith_Exit M2S5VCUJ
2025-04-01 03:40:23,394 - INFO - Monolith_Enter FVS35XKM
2025-04-01 03:40:23,458 - INFO - Monolith_Exit FVS35XKM
2025-04-01 03:40:23,469 - INFO - Monolith_Enter 2RB0Q17I
2025-04-01 03:40:23,531 - INFO - Monolith_Exit 2RB0Q17I
2025-04-01 03:40:23,612 - INFO - Monolith_Enter TNPLZ05L
2025-04-01 03:40:23,679 - INFO - Monolith_Exit TNPLZ05L
2025-04-01 03:40:23,682 - INFO - Monolith_Enter C5NMYDHD
2025-04-01 03:40:23,747 - INFO - Monolith_Exit C5NMYDHD
2025-04-01 03:40:23,786 - INFO - Monolith_Enter PXL4B58W
2025-04-01 03:40:23,850 - INFO - Monolith_Exit PXL4B58W
2025-04-01 03:40:23,856 - INFO - Monolith_Enter UCAIZDXZ
2025-04-01 03:40:23,918 - INFO - Monolith_Exit UCAIZDXZ
2025-04-01 03:40:23,926 - INFO - Monolith_Enter 5FHCKZUY
2025-04-01 03:40:23,988 - INFO - Monolith_Exit 5FHCKZUY
2025-04-01 03:40:24,145 - INFO - Monolith_Enter 8PHKC5AL
2025-04-01 03:40:24,208 - INFO - Monolith_Exit 8PHKC5AL
2025-04-01 03:40:24,209 - INFO - Monolith_Enter 9XPFCCG3
2025-04-01 03:40:24,274 - INFO - Monolith_Exit 9XPFCCG3
2025-04-01 03:40:24,427 - INFO - Monolith_Enter G3YWI8VK
2025-04-01 03:40:24,489 - INFO - Monolith_Exit G3YWI8VK
2025-04-01 03:40:24,527 - INFO - Monolith_Enter HE694I9W
2025-04-01 03:40:24,588 - INFO - Monolith_Exit HE694I9W
2025-04-01 03:40:24,792 - INFO - Monolith_Enter BAZ23ZRL
2025-04-01 03:40:24,854 - INFO - Monolith_Exit BAZ23ZRL
2025-04-01 03:40:24,856 - INFO - Monolith_Enter AFS3H80X
Monolith_Enter VJD98E4K
2025-04-01 03:40:24,961 - INFO - Monolith_Exit AFS3H80X
Monolith_Exit VJD98E4K
2025-04-01 03:40:24,969 - INFO - Monolith_Enter UG7GP6GM
Monolith_Enter BX50R2SX
Monolith_Enter 66PFYZX1
Monolith_Enter 54DS4VL5
2025-04-01 03:40:25,158 - INFO - Monolith_Exit UG7GP6GM
Monolith_Exit BX50R2SX
Monolith_Exit 66PFYZX1
Monolith_Exit 54DS4VL5
2025-04-01 03:40:25,161 - INFO - Monolith_Enter AI8SPGRW
Monolith_Enter NG4BX1YK
2025-04-01 03:40:25,269 - INFO - Monolith_Exit AI8SPGRW
Monolith_Exit NG4BX1YK
2025-04-01 03:40:25,271 - INFO - Monolith_Enter ZOIWMAT2
2025-04-01 03:40:25,332 - INFO - Monolith_Exit ZOIWMAT2
2025-04-01 03:40:25,395 - INFO - Monolith_Enter 9R9CW7Y5
2025-04-01 03:40:25,457 - INFO - Monolith_Exit 9R9CW7Y5
2025-04-01 03:40:25,459 - INFO - Monolith_Enter 7PMY2X0V
2025-04-01 03:40:25,520 - INFO - Monolith_Exit 7PMY2X0V
2025-04-01 03:40:25,637 - INFO - Monolith_Enter NEIQ6HEB
2025-04-01 03:40:25,709 - INFO - Monolith_Exit NEIQ6HEB
2025-04-01 03:40:25,710 - INFO - Monolith_Enter CBHT971E
2025-04-01 03:40:25,779 - INFO - Monolith_Exit CBHT971E
2025-04-01 03:40:25,786 - INFO - Monolith_Enter IM231HLH
Monolith_Enter CY0R4V9D
2025-04-01 03:40:25,890 - INFO - Monolith_Exit IM231HLH
Monolith_Exit CY0R4V9D
2025-04-01 03:40:26,088 - INFO - Monolith_Enter PFMZS3QS
2025-04-01 03:40:26,149 - INFO - Monolith_Exit PFMZS3QS
2025-04-01 03:40:26,238 - INFO - Monolith_Enter MUOBOMZC
2025-04-01 03:40:26,303 - INFO - Monolith_Exit MUOBOMZC
2025-04-01 03:40:26,305 - INFO - Monolith_Enter 45QPWSB2
2025-04-01 03:40:26,367 - INFO - Monolith_Exit 45QPWSB2
2025-04-01 03:40:26,369 - INFO - Monolith_Enter MUAW4WZO
2025-04-01 03:40:26,438 - INFO - Monolith_Exit MUAW4WZO
2025-04-01 03:40:26,440 - INFO - Monolith_Enter JDQZZMNU
2025-04-01 03:40:26,506 - INFO - Monolith_Exit JDQZZMNU
2025-04-01 03:40:26,508 - INFO - Monolith_Enter 3A6DK95Q
2025-04-01 03:40:26,574 - INFO - Monolith_Exit 3A6DK95Q
2025-04-01 03:40:26,576 - INFO - Monolith_Enter J0DYYIN6
2025-04-01 03:40:26,644 - INFO - Monolith_Exit J0DYYIN6
2025-04-01 03:40:26,646 - INFO - Monolith_Enter E754VF7Q
2025-04-01 03:40:26,712 - INFO - Monolith_Exit E754VF7Q
2025-04-01 03:40:26,714 - INFO - Monolith_Enter 4H8I1L5G
2025-04-01 03:40:26,776 - INFO - Monolith_Exit 4H8I1L5G
2025-04-01 03:40:26,778 - INFO - Monolith_Enter 53QRXKM5
Monolith_Enter SB9BJR4Z
2025-04-01 03:40:26,884 - INFO - Monolith_Exit 53QRXKM5
Monolith_Exit SB9BJR4Z
2025-04-01 03:40:26,887 - INFO - Monolith_Enter RPLYRADF
Monolith_Enter MDQXRWAO
Monolith_Enter RSKZMFWZ
2025-04-01 03:40:27,036 - INFO - Monolith_Exit RPLYRADF
Monolith_Exit MDQXRWAO
Monolith_Exit RSKZMFWZ
2025-04-01 03:40:27,038 - INFO - Monolith_Enter CLXXUM8S
2025-04-01 03:40:27,105 - INFO - Monolith_Exit CLXXUM8S
2025-04-01 03:40:27,107 - INFO - Monolith_Enter GDEP5PID
Monolith_Enter Z5VHVZ8Z
2025-04-01 03:40:27,214 - INFO - Monolith_Exit GDEP5PID
Monolith_Exit Z5VHVZ8Z
2025-04-01 03:40:27,216 - INFO - Monolith_Enter LMF88AFZ
2025-04-01 03:40:27,285 - INFO - Monolith_Exit LMF88AFZ
2025-04-01 03:40:27,288 - INFO - Monolith_Enter LPP658MO
Monolith_Enter 3JL57J53
Monolith_Enter 0RTXKD5A
Monolith_Enter DF0V9HCS
2025-04-01 03:40:27,483 - INFO - Monolith_Exit LPP658MO
Monolith_Exit 3JL57J53
Monolith_Exit 0RTXKD5A
Monolith_Exit DF0V9HCS
2025-04-01 03:40:27,492 - INFO - Monolith_Enter VDCI72KM
Monolith_Enter XG93G794
2025-04-01 03:40:27,599 - INFO - Monolith_Exit VDCI72KM
Monolith_Exit XG93G794
2025-04-01 03:40:27,601 - INFO - Monolith_Enter 67UIAOYK
Monolith_Enter 5JX19F0U
2025-04-01 03:40:27,710 - INFO - Monolith_Exit 67UIAOYK
Monolith_Exit 5JX19F0U
2025-04-01 03:40:27,714 - INFO - Monolith_Enter HV78XET2
Monolith_Enter OIFEHNPG
Monolith_Enter X8V666JU
2025-04-01 03:40:27,857 - INFO - Monolith_Exit HV78XET2
Monolith_Exit OIFEHNPG
Monolith_Exit X8V666JU
2025-04-01 03:40:27,861 - INFO - Monolith_Enter HZ2OT508
Monolith_Enter UBF7FEFY
2025-04-01 03:40:27,967 - INFO - Monolith_Exit HZ2OT508
Monolith_Exit UBF7FEFY
2025-04-01 03:40:27,971 - INFO - Monolith_Enter Z9FJ7H28
Monolith_Enter 1S0Z8TSD
Monolith_Enter 1UQJ27RE
2025-04-01 03:40:28,122 - INFO - Monolith_Exit Z9FJ7H28
Monolith_Exit 1S0Z8TSD
Monolith_Exit 1UQJ27RE
2025-04-01 03:40:28,240 - INFO - Monolith_Enter GSYM84TX
2025-04-01 03:40:28,303 - INFO - Monolith_Exit GSYM84TX
2025-04-01 03:40:28,306 - INFO - Monolith_Enter KYHYTC9L
Monolith_Enter CXQ293PB
2025-04-01 03:40:28,409 - INFO - Monolith_Exit KYHYTC9L
Monolith_Exit CXQ293PB
2025-04-01 03:40:28,412 - INFO - Monolith_Enter PEXXTDQ7
2025-04-01 03:40:28,478 - INFO - Monolith_Exit PEXXTDQ7
2025-04-01 03:40:28,480 - INFO - Monolith_Enter N6QJLW7I
Monolith_Enter KVFWFJAV
2025-04-01 03:40:28,589 - INFO - Monolith_Exit N6QJLW7I
Monolith_Exit KVFWFJAV
2025-04-01 03:40:28,592 - INFO - Monolith_Enter 0BB13QTX
Monolith_Enter 9R2J0KBT
2025-04-01 03:40:28,699 - INFO - Monolith_Exit 0BB13QTX
Monolith_Exit 9R2J0KBT
2025-04-01 03:40:28,704 - INFO - Monolith_Enter E011KGPK
Monolith_Enter 4GDBQHY2
Monolith_Enter 5FO34MXJ
Monolith_Enter RZ37DVNQ
2025-04-01 03:40:28,891 - INFO - Monolith_Exit E011KGPK
Monolith_Exit 4GDBQHY2
Monolith_Exit 5FO34MXJ
Monolith_Exit RZ37DVNQ
2025-04-01 03:40:28,901 - INFO - Monolith_Enter MSFHORJQ
Monolith_Enter VS45OED5
Monolith_Enter LQMVCZ1Q
2025-04-01 03:40:29,053 - INFO - Monolith_Exit MSFHORJQ
Monolith_Exit VS45OED5
Monolith_Exit LQMVCZ1Q
2025-04-01 03:40:29,055 - INFO - Monolith_Enter QAKSBPQB
Monolith_Enter L1LTDKK2
2025-04-01 03:40:29,164 - INFO - Monolith_Exit QAKSBPQB
Monolith_Exit L1LTDKK2
2025-04-01 03:40:29,167 - INFO - Monolith_Enter NX37VLYX
Monolith_Enter UFFOP4KB
Monolith_Enter 339B90NY
2025-04-01 03:40:29,313 - INFO - Monolith_Exit NX37VLYX
Monolith_Exit UFFOP4KB
Monolith_Exit 339B90NY
2025-04-01 03:40:29,315 - INFO - Monolith_Enter TTBWFJXP
2025-04-01 03:40:29,379 - INFO - Monolith_Exit TTBWFJXP
2025-04-01 03:40:29,426 - INFO - Monolith_Enter 4MBROSWE
2025-04-01 03:40:29,499 - INFO - Monolith_Exit 4MBROSWE
2025-04-01 03:40:29,502 - INFO - Monolith_Enter V2Y272YD
Monolith_Enter 1YCMSPEE
Monolith_Enter J8SN3DEI
Monolith_Enter FHUMCKGO
Monolith_Enter WCJWBZQL
2025-04-01 03:40:29,743 - INFO - Monolith_Exit V2Y272YD
Monolith_Exit 1YCMSPEE
Monolith_Exit J8SN3DEI
Monolith_Exit FHUMCKGO
Monolith_Exit WCJWBZQL
2025-04-01 03:40:29,747 - INFO - Monolith_Enter AMME8VSN
Monolith_Enter D51ZHUB6
Monolith_Enter 6PWQW9O2
2025-04-01 03:40:29,895 - INFO - Monolith_Exit AMME8VSN
Monolith_Exit D51ZHUB6
Monolith_Exit 6PWQW9O2
2025-04-01 03:40:29,898 - INFO - Monolith_Enter 690A8FDL
Monolith_Enter HZ77Y18W
2025-04-01 03:40:30,003 - INFO - Monolith_Exit 690A8FDL
Monolith_Exit HZ77Y18W
2025-04-01 03:40:30,076 - INFO - Monolith_Enter 49FLEZ3M
2025-04-01 03:40:30,140 - INFO - Monolith_Exit 49FLEZ3M
2025-04-01 03:40:30,142 - INFO - Monolith_Enter N8PUCVJX
2025-04-01 03:40:30,204 - INFO - Monolith_Exit N8PUCVJX
2025-04-01 03:40:30,284 - INFO - Monolith_Enter OLG7C5OC
2025-04-01 03:40:30,347 - INFO - Monolith_Exit OLG7C5OC
2025-04-01 03:40:30,349 - INFO - Monolith_Enter C8K5XSJ7
2025-04-01 03:40:30,410 - INFO - Monolith_Exit C8K5XSJ7
2025-04-01 03:40:30,414 - INFO - Monolith_Enter S1NY34UC
2025-04-01 03:40:30,486 - INFO - Monolith_Exit S1NY34UC
2025-04-01 03:40:30,551 - INFO - Monolith_Enter 5F9GRWV3
2025-04-01 03:40:30,618 - INFO - Monolith_Exit 5F9GRWV3
2025-04-01 03:40:30,620 - INFO - Monolith_Enter 8XU0OEE1
2025-04-01 03:40:30,684 - INFO - Monolith_Exit 8XU0OEE1
2025-04-01 03:40:30,686 - INFO - Monolith_Enter MV5TLKNC
2025-04-01 03:40:30,750 - INFO - Monolith_Exit MV5TLKNC
2025-04-01 03:40:30,887 - INFO - Monolith_Enter H6AX8KJX
2025-04-01 03:40:30,949 - INFO - Monolith_Exit H6AX8KJX
2025-04-01 03:40:30,955 - INFO - Monolith_Enter SCGDGQPT
2025-04-01 03:40:31,019 - INFO - Monolith_Exit SCGDGQPT
2025-04-01 03:40:31,140 - INFO - Monolith_Enter P4O6KSMF
2025-04-01 03:40:31,202 - INFO - Monolith_Exit P4O6KSMF
2025-04-01 03:40:31,204 - INFO - Monolith_Enter 5Z6IHURO
2025-04-01 03:40:31,267 - INFO - Monolith_Exit 5Z6IHURO
2025-04-01 03:40:31,269 - INFO - Monolith_Enter V65PQP8B
2025-04-01 03:40:31,340 - INFO - Monolith_Exit V65PQP8B
2025-04-01 03:40:31,342 - INFO - Monolith_Enter CE0RA6ER
Monolith_Enter O4WGX1FS
2025-04-01 03:40:31,447 - INFO - Monolith_Exit CE0RA6ER
Monolith_Exit O4WGX1FS
2025-04-01 03:40:31,467 - INFO - Monolith_Enter 9RUM9462
2025-04-01 03:40:31,538 - INFO - Monolith_Exit 9RUM9462
2025-04-01 03:40:31,541 - INFO - Monolith_Enter VWBN0ZMN
Monolith_Enter 4K6KHZYC
2025-04-01 03:40:31,652 - INFO - Monolith_Exit VWBN0ZMN
Monolith_Exit 4K6KHZYC
2025-04-01 03:40:31,654 - INFO - Monolith_Enter BQTVKBIN
2025-04-01 03:40:31,718 - INFO - Monolith_Exit BQTVKBIN
2025-04-01 03:40:31,721 - INFO - Monolith_Enter UMCEM1VQ
2025-04-01 03:40:31,786 - INFO - Monolith_Exit UMCEM1VQ
2025-04-01 03:40:31,788 - INFO - Monolith_Enter M1DXJIEJ
2025-04-01 03:40:31,856 - INFO - Monolith_Exit M1DXJIEJ
2025-04-01 03:40:31,858 - INFO - Monolith_Enter 0E92F1A0
Monolith_Enter S38D9R6R
Monolith_Enter JBYXU5XE
2025-04-01 03:40:32,009 - INFO - Monolith_Exit 0E92F1A0
Monolith_Exit S38D9R6R
Monolith_Exit JBYXU5XE
2025-04-01 03:40:32,015 - INFO - Monolith_Enter 6C2HJQ88
Monolith_Enter YYLQTWUK
Monolith_Enter L3GXZMVX
Monolith_Enter 04XR187I
2025-04-01 03:40:32,206 - INFO - Monolith_Exit 6C2HJQ88
Monolith_Exit YYLQTWUK
Monolith_Exit L3GXZMVX
Monolith_Exit 04XR187I
2025-04-01 03:40:32,210 - INFO - Monolith_Enter 0SKLVNNF
Monolith_Enter 0MG5SCI8
2025-04-01 03:40:32,316 - INFO - Monolith_Exit 0SKLVNNF
Monolith_Exit 0MG5SCI8
2025-04-01 03:40:32,328 - INFO - Monolith_Enter SV66N47P
2025-04-01 03:40:32,391 - INFO - Monolith_Exit SV66N47P
2025-04-01 03:40:32,393 - INFO - Monolith_Enter UAF9YPP8
2025-04-01 03:40:32,460 - INFO - Monolith_Exit UAF9YPP8
2025-04-01 03:40:32,462 - INFO - Monolith_Enter DKAEGLGK
2025-04-01 03:40:32,523 - INFO - Monolith_Exit DKAEGLGK
2025-04-01 03:40:32,701 - INFO - Monolith_Enter UT1DUARU
2025-04-01 03:40:32,770 - INFO - Monolith_Exit UT1DUARU
2025-04-01 03:40:32,946 - INFO - Monolith_Enter 5I4YFR9Y
2025-04-01 03:40:33,009 - INFO - Monolith_Exit 5I4YFR9Y
2025-04-01 03:40:33,051 - INFO - Monolith_Enter H24S5JG8
2025-04-01 03:40:33,115 - INFO - Monolith_Exit H24S5JG8
2025-04-01 03:40:33,117 - INFO - Monolith_Enter KQYXBLX8
2025-04-01 03:40:33,180 - INFO - Monolith_Exit KQYXBLX8
2025-04-01 03:40:33,203 - INFO - Monolith_Enter N0J5V5GK
2025-04-01 03:40:33,267 - INFO - Monolith_Exit N0J5V5GK
2025-04-01 03:40:33,269 - INFO - Monolith_Enter FAZ4PC7I
2025-04-01 03:40:33,332 - INFO - Monolith_Exit FAZ4PC7I
2025-04-01 03:40:33,334 - INFO - Monolith_Enter GI335KEJ
2025-04-01 03:40:33,399 - INFO - Monolith_Exit GI335KEJ
2025-04-01 03:40:33,458 - INFO - Monolith_Enter C2A9FN0K
2025-04-01 03:40:33,532 - INFO - Monolith_Exit C2A9FN0K
2025-04-01 03:40:33,538 - INFO - Monolith_Enter 6XRG77NU
2025-04-01 03:40:33,601 - INFO - Monolith_Exit 6XRG77NU
2025-04-01 03:40:33,678 - INFO - Monolith_Enter KER6RZID
2025-04-01 03:40:33,740 - INFO - Monolith_Exit KER6RZID
2025-04-01 03:40:33,760 - INFO - Monolith_Enter 4JPEST7A
2025-04-01 03:40:33,822 - INFO - Monolith_Exit 4JPEST7A
2025-04-01 03:40:33,824 - INFO - Monolith_Enter I5BBEN31
Monolith_Enter W23A4NR9
2025-04-01 03:40:33,931 - INFO - Monolith_Exit I5BBEN31
Monolith_Exit W23A4NR9
2025-04-01 03:40:33,933 - INFO - Monolith_Enter FNQSI9EW
Monolith_Enter DINEKPLK
2025-04-01 03:40:34,040 - INFO - Monolith_Exit FNQSI9EW
Monolith_Exit DINEKPLK
2025-04-01 03:40:34,063 - INFO - Monolith_Enter 12RGCM3F
2025-04-01 03:40:34,127 - INFO - Monolith_Exit 12RGCM3F
2025-04-01 03:40:34,129 - INFO - Monolith_Enter B0MVH0XC
2025-04-01 03:40:34,191 - INFO - Monolith_Exit B0MVH0XC
2025-04-01 03:40:34,193 - INFO - Monolith_Enter U5EE6Q4G
2025-04-01 03:40:34,255 - INFO - Monolith_Exit U5EE6Q4G
2025-04-01 03:40:34,262 - INFO - Monolith_Enter FI8J38S1
2025-04-01 03:40:34,333 - INFO - Monolith_Exit FI8J38S1
2025-04-01 03:40:34,340 - INFO - Monolith_Enter PY9NRJ4W
Monolith_Enter 4RAQY5NA
2025-04-01 03:40:34,444 - INFO - Monolith_Exit PY9NRJ4W
Monolith_Exit 4RAQY5NA
2025-04-01 03:40:34,446 - INFO - Monolith_Enter P373NTDS
Monolith_Enter DWXX7NJC
Monolith_Enter XEF33U09
2025-04-01 03:40:34,591 - INFO - Monolith_Exit P373NTDS
Monolith_Exit DWXX7NJC
Monolith_Exit XEF33U09
2025-04-01 03:40:34,599 - INFO - Monolith_Enter 9FS9LYKW
Monolith_Enter YVRIDLH0
Monolith_Enter X1WZW6O6
2025-04-01 03:40:34,756 - INFO - Monolith_Exit 9FS9LYKW
Monolith_Exit YVRIDLH0
Monolith_Exit X1WZW6O6
2025-04-01 03:40:34,766 - INFO - Monolith_Enter 93HQ0WDH
Monolith_Enter X0OXUD7O
Monolith_Enter N09M5CE4
Monolith_Enter SN3Y03RC
2025-04-01 03:40:34,964 - INFO - Monolith_Exit 93HQ0WDH
Monolith_Exit X0OXUD7O
Monolith_Exit N09M5CE4
Monolith_Exit SN3Y03RC
2025-04-01 03:40:34,974 - INFO - Monolith_Enter M0B7Q0UR
Monolith_Enter QDNMIHIG
Monolith_Enter WCNHFZTL
Monolith_Enter ZCV14NIQ
2025-04-01 03:40:35,168 - INFO - Monolith_Exit M0B7Q0UR
Monolith_Exit QDNMIHIG
Monolith_Exit WCNHFZTL
Monolith_Exit ZCV14NIQ
2025-04-01 03:40:35,171 - INFO - Monolith_Enter 2UG6PIF8
Monolith_Enter C7ZNR2MP
Monolith_Enter YHPZ4BR0
2025-04-01 03:40:35,321 - INFO - Monolith_Exit 2UG6PIF8
Monolith_Exit C7ZNR2MP
Monolith_Exit YHPZ4BR0
2025-04-01 03:40:35,326 - INFO - Monolith_Enter TN8ZQ80R
Monolith_Enter H42KAXQ5
Monolith_Enter D3PZLCDW
Monolith_Enter XO95MLDR
2025-04-01 03:40:35,513 - INFO - Monolith_Exit TN8ZQ80R
Monolith_Exit H42KAXQ5
Monolith_Exit D3PZLCDW
Monolith_Exit XO95MLDR
2025-04-01 03:40:35,517 - INFO - Monolith_Enter 53W1NYRL
Monolith_Enter 85EUSOBB
Monolith_Enter 0WBGU1V0
2025-04-01 03:40:35,663 - INFO - Monolith_Exit 53W1NYRL
Monolith_Exit 85EUSOBB
Monolith_Exit 0WBGU1V0
2025-04-01 03:40:35,790 - INFO - Monolith_Enter UITOV0GI
2025-04-01 03:40:35,852 - INFO - Monolith_Exit UITOV0GI
2025-04-01 03:40:35,854 - INFO - Monolith_Enter XO246KZL
2025-04-01 03:40:35,915 - INFO - Monolith_Exit XO246KZL
2025-04-01 03:40:36,023 - INFO - Monolith_Enter QI53SD1Y
2025-04-01 03:40:36,093 - INFO - Monolith_Exit QI53SD1Y
2025-04-01 03:40:36,094 - INFO - Monolith_Enter HCR7U4LH
2025-04-01 03:40:36,161 - INFO - Monolith_Exit HCR7U4LH
2025-04-01 03:40:36,169 - INFO - Monolith_Enter ANNLSUKC
Monolith_Enter ZMIZRJ2S
2025-04-01 03:40:36,270 - INFO - Monolith_Exit ANNLSUKC
Monolith_Exit ZMIZRJ2S
2025-04-01 03:40:36,278 - INFO - Monolith_Enter EOLIEOVS
2025-04-01 03:40:36,339 - INFO - Monolith_Exit EOLIEOVS
2025-04-01 03:40:36,342 - INFO - Monolith_Enter RSD5XVQQ
Monolith_Enter R6WGNMX7
2025-04-01 03:40:36,444 - INFO - Monolith_Exit RSD5XVQQ
Monolith_Exit R6WGNMX7
2025-04-01 03:40:36,446 - INFO - Monolith_Enter WTIF94NT
2025-04-01 03:40:36,508 - INFO - Monolith_Exit WTIF94NT
2025-04-01 03:40:36,537 - INFO - Monolith_Enter 5TXOUG9L
2025-04-01 03:40:36,606 - INFO - Monolith_Exit 5TXOUG9L
2025-04-01 03:40:36,641 - INFO - Monolith_Enter HJ835NET
2025-04-01 03:40:36,702 - INFO - Monolith_Exit HJ835NET
2025-04-01 03:40:36,704 - INFO - Monolith_Enter 2UR7XRPA
2025-04-01 03:40:36,765 - INFO - Monolith_Exit 2UR7XRPA
2025-04-01 03:40:36,820 - INFO - Monolith_Enter 67QEYP5I
2025-04-01 03:40:36,882 - INFO - Monolith_Exit 67QEYP5I
2025-04-01 03:40:36,883 - INFO - Monolith_Enter WWEXPJZ0
2025-04-01 03:40:36,949 - INFO - Monolith_Exit WWEXPJZ0
2025-04-01 03:40:36,983 - INFO - Monolith_Enter LS5T4496
2025-04-01 03:40:37,045 - INFO - Monolith_Exit LS5T4496
2025-04-01 03:40:37,065 - INFO - Monolith_Enter 0RUF7RCD
2025-04-01 03:40:37,125 - INFO - Monolith_Exit 0RUF7RCD
2025-04-01 03:40:37,128 - INFO - Monolith_Enter XAR4VIWF
2025-04-01 03:40:37,193 - INFO - Monolith_Exit XAR4VIWF
2025-04-01 03:40:37,200 - INFO - Monolith_Enter X3L8527P
2025-04-01 03:40:37,263 - INFO - Monolith_Exit X3L8527P
2025-04-01 03:40:37,333 - INFO - Monolith_Enter F327OOEC
2025-04-01 03:40:37,408 - INFO - Monolith_Exit F327OOEC
2025-04-01 03:40:37,415 - INFO - Monolith_Enter VLZI5KL7
2025-04-01 03:40:37,480 - INFO - Monolith_Exit VLZI5KL7
2025-04-01 03:40:37,532 - INFO - Monolith_Enter OUBUBCB9
2025-04-01 03:40:37,596 - INFO - Monolith_Exit OUBUBCB9
2025-04-01 03:40:37,625 - INFO - Monolith_Enter N3UZRSXG
2025-04-01 03:40:37,689 - INFO - Monolith_Exit N3UZRSXG
2025-04-01 03:40:37,691 - INFO - Monolith_Enter 4G9X4JU3
2025-04-01 03:40:37,760 - INFO - Monolith_Exit 4G9X4JU3
2025-04-01 03:40:37,762 - INFO - Monolith_Enter LTS5FHA3
2025-04-01 03:40:37,830 - INFO - Monolith_Exit LTS5FHA3
2025-04-01 03:40:37,832 - INFO - Monolith_Enter WBKXRS8M
2025-04-01 03:40:37,897 - INFO - Monolith_Exit WBKXRS8M
2025-04-01 03:40:37,906 - INFO - Monolith_Enter RUPHE0T6
2025-04-01 03:40:37,977 - INFO - Monolith_Exit RUPHE0T6
2025-04-01 03:40:37,980 - INFO - Monolith_Enter Y794WC37
Monolith_Enter T9A7MCUX
Monolith_Enter 9GPYSPPL
2025-04-01 03:40:38,132 - INFO - Monolith_Exit Y794WC37
Monolith_Exit T9A7MCUX
Monolith_Exit 9GPYSPPL
2025-04-01 03:40:38,142 - INFO - Monolith_Enter 0DUYUFIM
Monolith_Enter RAV7MU50
Monolith_Enter YRVUJ4PY
Monolith_Enter WTLTH0L2
2025-04-01 03:40:38,330 - INFO - Monolith_Exit 0DUYUFIM
Monolith_Exit RAV7MU50
Monolith_Exit YRVUJ4PY
Monolith_Exit WTLTH0L2
2025-04-01 03:40:38,333 - INFO - Monolith_Enter C7B1PAHA
Monolith_Enter C1EJO8G3
Monolith_Enter PHRN7NZA
2025-04-01 03:40:38,491 - INFO - Monolith_Exit C7B1PAHA
Monolith_Exit C1EJO8G3
Monolith_Exit PHRN7NZA
2025-04-01 03:40:38,495 - INFO - Monolith_Enter G9BBRD85
Monolith_Enter 0Z3T9CI1
2025-04-01 03:40:38,602 - INFO - Monolith_Exit G9BBRD85
Monolith_Exit 0Z3T9CI1
2025-04-01 03:40:38,605 - INFO - Monolith_Enter UMPJLS5Z
Monolith_Enter AJ6E015Q
2025-04-01 03:40:38,712 - INFO - Monolith_Exit UMPJLS5Z
Monolith_Exit AJ6E015Q
2025-04-01 03:40:38,762 - INFO - Monolith_Enter DCV6O9V6
2025-04-01 03:40:38,835 - INFO - Monolith_Exit DCV6O9V6
2025-04-01 03:40:38,837 - INFO - Monolith_Enter GYJLTG28
Monolith_Enter JK4AIAB1
2025-04-01 03:40:38,954 - INFO - Monolith_Exit GYJLTG28
Monolith_Exit JK4AIAB1
2025-04-01 03:40:38,963 - INFO - Monolith_Enter 575I223L
Monolith_Enter SVGAL66I
Monolith_Enter XROX95TW
2025-04-01 03:40:39,110 - INFO - Monolith_Exit 575I223L
Monolith_Exit SVGAL66I
Monolith_Exit XROX95TW
2025-04-01 03:40:39,114 - INFO - Monolith_Enter Y2EFF822
2025-04-01 03:40:39,178 - INFO - Monolith_Exit Y2EFF822
2025-04-01 03:40:39,253 - INFO - Monolith_Enter S382J8BO
2025-04-01 03:40:39,320 - INFO - Monolith_Exit S382J8BO
2025-04-01 03:40:39,322 - INFO - Monolith_Enter SDWS9PSK
2025-04-01 03:40:39,386 - INFO - Monolith_Exit SDWS9PSK
2025-04-01 03:40:39,440 - INFO - Monolith_Enter S91V9AKQ
2025-04-01 03:40:39,514 - INFO - Monolith_Exit S91V9AKQ
2025-04-01 03:40:39,545 - INFO - Monolith_Enter KCJIB5HB
2025-04-01 03:40:39,612 - INFO - Monolith_Exit KCJIB5HB
2025-04-01 03:40:39,674 - INFO - Monolith_Enter 98JJ3PDE
2025-04-01 03:40:39,745 - INFO - Monolith_Exit 98JJ3PDE
2025-04-01 03:40:39,753 - INFO - Monolith_Enter 38ID2H0W
Monolith_Enter UOV6WRYT
Monolith_Enter SV2IWAUD
2025-04-01 03:40:39,899 - INFO - Monolith_Exit 38ID2H0W
Monolith_Exit UOV6WRYT
Monolith_Exit SV2IWAUD
2025-04-01 03:40:39,902 - INFO - Monolith_Enter SM55BDB7
2025-04-01 03:40:39,968 - INFO - Monolith_Exit SM55BDB7
2025-04-01 03:40:40,003 - INFO - Monolith_Enter WC5BGV0S
2025-04-01 03:40:40,076 - INFO - Monolith_Exit WC5BGV0S
2025-04-01 03:40:40,078 - INFO - Monolith_Enter X51THNL2
2025-04-01 03:40:40,145 - INFO - Monolith_Exit X51THNL2
2025-04-01 03:40:40,147 - INFO - Monolith_Enter W3AF7M0L
2025-04-01 03:40:40,211 - INFO - Monolith_Exit W3AF7M0L
2025-04-01 03:40:40,213 - INFO - Monolith_Enter 06S1PSM7
2025-04-01 03:40:40,276 - INFO - Monolith_Exit 06S1PSM7
2025-04-01 03:40:40,278 - INFO - Monolith_Enter 7GHGAAX1
2025-04-01 03:40:40,346 - INFO - Monolith_Exit 7GHGAAX1
2025-04-01 03:40:40,348 - INFO - Monolith_Enter B4P6XHAI
Monolith_Enter SKYIFL55
2025-04-01 03:40:40,464 - INFO - Monolith_Exit B4P6XHAI
Monolith_Exit SKYIFL55
2025-04-01 03:40:40,466 - INFO - Monolith_Enter 6CX0FGIW
2025-04-01 03:40:40,536 - INFO - Monolith_Exit 6CX0FGIW
2025-04-01 03:40:40,537 - INFO - Monolith_Enter 5MWISAAN
2025-04-01 03:40:40,609 - INFO - Monolith_Exit 5MWISAAN
2025-04-01 03:40:40,611 - INFO - Monolith_Enter YDIW42L4
2025-04-01 03:40:40,678 - INFO - Monolith_Exit YDIW42L4
2025-04-01 03:40:40,680 - INFO - Monolith_Enter QERR24A3
2025-04-01 03:40:40,751 - INFO - Monolith_Exit QERR24A3
2025-04-01 03:40:40,753 - INFO - Monolith_Enter U11QAWHG
2025-04-01 03:40:40,820 - INFO - Monolith_Exit U11QAWHG
2025-04-01 03:40:40,822 - INFO - Monolith_Enter KBWR5I40
Monolith_Enter 42MQDFQ8
2025-04-01 03:40:40,928 - INFO - Monolith_Exit KBWR5I40
Monolith_Exit 42MQDFQ8
2025-04-01 03:40:40,960 - INFO - Monolith_Enter DT1SWXVC
2025-04-01 03:40:41,029 - INFO - Monolith_Exit DT1SWXVC
2025-04-01 03:40:41,040 - INFO - Monolith_Enter OTSQ8UNY
2025-04-01 03:40:41,103 - INFO - Monolith_Exit OTSQ8UNY
2025-04-01 03:40:41,143 - INFO - Monolith_Enter Z2S7KM0I
2025-04-01 03:40:41,208 - INFO - Monolith_Exit Z2S7KM0I
2025-04-01 03:40:41,214 - INFO - Monolith_Enter 8BL25ZKW
2025-04-01 03:40:41,276 - INFO - Monolith_Exit 8BL25ZKW
2025-04-01 03:40:41,389 - INFO - Monolith_Enter RY6J3FGO
2025-04-01 03:40:41,454 - INFO - Monolith_Exit RY6J3FGO
2025-04-01 03:40:41,506 - INFO - Monolith_Enter KRM1CB12
2025-04-01 03:40:41,572 - INFO - Monolith_Exit KRM1CB12
2025-04-01 03:40:41,576 - INFO - Monolith_Enter QT2HOJMB
2025-04-01 03:40:41,640 - INFO - Monolith_Exit QT2HOJMB
2025-04-01 03:40:41,646 - INFO - Monolith_Enter ZY58XR6E
2025-04-01 03:40:41,712 - INFO - Monolith_Exit ZY58XR6E
2025-04-01 03:40:41,809 - INFO - Monolith_Enter KND8SMBW
2025-04-01 03:40:41,872 - INFO - Monolith_Exit KND8SMBW
2025-04-01 03:40:41,874 - INFO - Monolith_Enter XWCR2SD4
2025-04-01 03:40:41,937 - INFO - Monolith_Exit XWCR2SD4
2025-04-01 03:40:41,940 - INFO - Monolith_Enter MQSX32UB
Monolith_Enter T6RPJNG7
2025-04-01 03:40:42,046 - INFO - Monolith_Exit MQSX32UB
Monolith_Exit T6RPJNG7
2025-04-01 03:40:42,048 - INFO - Monolith_Enter QTEU3847
2025-04-01 03:40:42,112 - INFO - Monolith_Exit QTEU3847
2025-04-01 03:40:42,123 - INFO - Monolith_Enter H97DXAVJ
2025-04-01 03:40:42,192 - INFO - Monolith_Exit H97DXAVJ
2025-04-01 03:40:42,195 - INFO - Monolith_Enter WOEVU4S5
Monolith_Enter YEX2NSG7
2025-04-01 03:40:42,302 - INFO - Monolith_Exit WOEVU4S5
Monolith_Exit YEX2NSG7
2025-04-01 03:40:42,305 - INFO - Monolith_Enter R3VYPNFP
Monolith_Enter O7LQ7PHI
2025-04-01 03:40:42,411 - INFO - Monolith_Exit R3VYPNFP
Monolith_Exit O7LQ7PHI
2025-04-01 03:40:42,526 - INFO - Monolith_Enter 557BSKQI
2025-04-01 03:40:42,596 - INFO - Monolith_Exit 557BSKQI
2025-04-01 03:40:42,598 - INFO - Monolith_Enter D82EYI5A
2025-04-01 03:40:42,661 - INFO - Monolith_Exit D82EYI5A
2025-04-01 03:40:42,663 - INFO - Monolith_Enter QQ9PYK5H
2025-04-01 03:40:42,728 - INFO - Monolith_Exit QQ9PYK5H
2025-04-01 03:40:42,844 - INFO - Monolith_Enter 2RUWEEOY
2025-04-01 03:40:42,908 - INFO - Monolith_Exit 2RUWEEOY
2025-04-01 03:40:42,949 - INFO - Monolith_Enter YB9HZRMM
2025-04-01 03:40:43,013 - INFO - Monolith_Exit YB9HZRMM
2025-04-01 03:40:43,064 - INFO - Monolith_Enter H2MD1EMT
2025-04-01 03:40:43,129 - INFO - Monolith_Exit H2MD1EMT
2025-04-01 03:40:43,131 - INFO - Monolith_Enter WKCNRFS6
Monolith_Enter RWC0JYQF
2025-04-01 03:40:43,236 - INFO - Monolith_Exit WKCNRFS6
Monolith_Exit RWC0JYQF
2025-04-01 03:40:43,238 - INFO - Monolith_Enter Q00N1HL5
2025-04-01 03:40:43,303 - INFO - Monolith_Exit Q00N1HL5
2025-04-01 03:40:43,305 - INFO - Monolith_Enter 9MXU9092
2025-04-01 03:40:43,375 - INFO - Monolith_Exit 9MXU9092
2025-04-01 03:40:43,378 - INFO - Monolith_Enter I07FLKJH
2025-04-01 03:40:43,442 - INFO - Monolith_Exit I07FLKJH
2025-04-01 03:40:43,445 - INFO - Monolith_Enter VQUC2ZAG
Monolith_Enter E98J4QQQ
Monolith_Enter XR20HTJ0
2025-04-01 03:40:43,591 - INFO - Monolith_Exit VQUC2ZAG
Monolith_Exit E98J4QQQ
Monolith_Exit XR20HTJ0
2025-04-01 03:40:43,601 - INFO - Monolith_Enter X0MFZUDT
Monolith_Enter J069WTZM
Monolith_Enter VQ0DZ7FY
Monolith_Enter XL0T2Y9L
2025-04-01 03:40:43,798 - INFO - Monolith_Exit X0MFZUDT
Monolith_Exit J069WTZM
Monolith_Exit VQ0DZ7FY
Monolith_Exit XL0T2Y9L
2025-04-01 03:40:43,804 - INFO - Monolith_Enter QGM283OM
Monolith_Enter UU4IHSOJ
Monolith_Enter 1PGD08QZ
Monolith_Enter T5OGZS3V
Monolith_Enter 1EXH9AZN
Monolith_Enter 6O8JLK2F
2025-04-01 03:40:44,110 - INFO - Monolith_Exit QGM283OM
Monolith_Exit UU4IHSOJ
Monolith_Exit 1PGD08QZ
Monolith_Exit T5OGZS3V
Monolith_Exit 1EXH9AZN
Monolith_Exit 6O8JLK2F
2025-04-01 03:40:44,115 - INFO - Monolith_Enter F2RAFUBS
Monolith_Enter T61LKXJD
Monolith_Enter 29KWIZP6
Monolith_Enter 0Q9LLSF6
Monolith_Enter HX3WIFSG
Monolith_Enter C4Y16H86
2025-04-01 03:40:44,405 - INFO - Monolith_Exit F2RAFUBS
Monolith_Exit T61LKXJD
Monolith_Exit 29KWIZP6
Monolith_Exit 0Q9LLSF6
Monolith_Exit HX3WIFSG
Monolith_Exit C4Y16H86
2025-04-01 03:40:44,418 - INFO - Monolith_Enter R9U6QDFD
Monolith_Enter VWC474IG
Monolith_Enter 97H2LN10
Monolith_Enter BKIBZWAY
2025-04-01 03:40:44,619 - INFO - Monolith_Exit R9U6QDFD
Monolith_Exit VWC474IG
Monolith_Exit 97H2LN10
Monolith_Exit BKIBZWAY
2025-04-01 03:40:44,630 - INFO - Monolith_Enter MZFGAAUB
Monolith_Enter K4WQ9184
Monolith_Enter B22QY7F9
Monolith_Enter QKRIHW2G
2025-04-01 03:40:44,824 - INFO - Monolith_Exit MZFGAAUB
Monolith_Exit K4WQ9184
Monolith_Exit B22QY7F9
Monolith_Exit QKRIHW2G
2025-04-01 03:40:44,836 - INFO - Monolith_Enter I88RLFXC
Monolith_Enter U098LERG
Monolith_Enter ABNX5PXI
Monolith_Enter 5TOSMJDN
2025-04-01 03:40:45,031 - INFO - Monolith_Exit I88RLFXC
Monolith_Exit U098LERG
Monolith_Exit ABNX5PXI
Monolith_Exit 5TOSMJDN
2025-04-01 03:40:45,034 - INFO - Monolith_Enter DIL2XPKK
2025-04-01 03:40:45,103 - INFO - Monolith_Exit DIL2XPKK
2025-04-01 03:40:45,118 - INFO - Monolith_Enter M5S83VOR
2025-04-01 03:40:45,180 - INFO - Monolith_Exit M5S83VOR
2025-04-01 03:40:45,269 - INFO - Monolith_Enter MINDR7XE
2025-04-01 03:40:45,343 - INFO - Monolith_Exit MINDR7XE
2025-04-01 03:40:45,345 - INFO - Monolith_Enter 5FT2MP2I
2025-04-01 03:40:45,421 - INFO - Monolith_Exit 5FT2MP2I
2025-04-01 03:40:45,424 - INFO - Monolith_Enter DUTIKRH4
Monolith_Enter GBKUQSIY
2025-04-01 03:40:45,537 - INFO - Monolith_Exit DUTIKRH4
Monolith_Exit GBKUQSIY
2025-04-01 03:40:45,539 - INFO - Monolith_Enter 34B4JPMM
2025-04-01 03:40:45,606 - INFO - Monolith_Exit 34B4JPMM
2025-04-01 03:40:45,609 - INFO - Monolith_Enter UR1LDD7U
Monolith_Enter ECOX6SSU
2025-04-01 03:40:45,712 - INFO - Monolith_Exit UR1LDD7U
Monolith_Exit ECOX6SSU
2025-04-01 03:40:46,038 - INFO - Monolith_Enter 71ZUE6Z5
2025-04-01 03:40:46,110 - INFO - Monolith_Exit 71ZUE6Z5
2025-04-01 03:40:46,112 - INFO - Monolith_Enter 9ZIGAY1J
Monolith_Enter 5RHY3GMC
2025-04-01 03:40:46,218 - INFO - Monolith_Exit 9ZIGAY1J
Monolith_Exit 5RHY3GMC
2025-04-01 03:40:46,220 - INFO - Monolith_Enter ZRRBHBOB
2025-04-01 03:40:46,284 - INFO - Monolith_Exit ZRRBHBOB
2025-04-01 03:40:46,286 - INFO - Monolith_Enter 2RNC79SQ
2025-04-01 03:40:46,349 - INFO - Monolith_Exit 2RNC79SQ
2025-04-01 03:40:46,361 - INFO - Monolith_Enter ZVI7QCL6
2025-04-01 03:40:46,423 - INFO - Monolith_Exit ZVI7QCL6
2025-04-01 03:40:46,425 - INFO - Monolith_Enter 1P7TROPQ
2025-04-01 03:40:46,488 - INFO - Monolith_Exit 1P7TROPQ
2025-04-01 03:40:46,637 - INFO - Monolith_Enter R7D2HYWQ
2025-04-01 03:40:46,709 - INFO - Monolith_Exit R7D2HYWQ
2025-04-01 03:40:46,916 - INFO - Monolith_Enter F2YSZCXD
2025-04-01 03:40:46,982 - INFO - Monolith_Exit F2YSZCXD
2025-04-01 03:40:46,986 - INFO - Monolith_Enter 4GX7YIRZ
2025-04-01 03:40:47,047 - INFO - Monolith_Exit 4GX7YIRZ
2025-04-01 03:40:47,160 - INFO - Monolith_Enter 4LZXB03Z
2025-04-01 03:40:47,223 - INFO - Monolith_Exit 4LZXB03Z
2025-04-01 03:40:47,275 - INFO - Monolith_Enter YLMGB2S2
2025-04-01 03:40:47,340 - INFO - Monolith_Exit YLMGB2S2
2025-04-01 03:40:47,368 - INFO - Monolith_Enter GE5J3MR5
2025-04-01 03:40:47,429 - INFO - Monolith_Exit GE5J3MR5
2025-04-01 03:40:47,431 - INFO - Monolith_Enter 6M9YPSOP
2025-04-01 03:40:47,495 - INFO - Monolith_Exit 6M9YPSOP
2025-04-01 03:40:47,497 - INFO - Monolith_Enter 0TQ2KWS8
Monolith_Enter VJ8JBM44
2025-04-01 03:40:47,603 - INFO - Monolith_Exit 0TQ2KWS8
Monolith_Exit VJ8JBM44
2025-04-01 03:40:47,612 - INFO - Monolith_Enter FM3UIHXD
Monolith_Enter 0OW9P3G2
Monolith_Enter UO2FIY3W
Monolith_Enter BERDP7LI
2025-04-01 03:40:47,812 - INFO - Monolith_Exit FM3UIHXD
Monolith_Exit 0OW9P3G2
Monolith_Exit UO2FIY3W
Monolith_Exit BERDP7LI
2025-04-01 03:40:47,814 - INFO - Monolith_Enter WS7P535P
Monolith_Enter WHS3FWXO
2025-04-01 03:40:47,922 - INFO - Monolith_Exit WS7P535P
Monolith_Exit WHS3FWXO
2025-04-01 03:40:47,925 - INFO - Monolith_Enter FKA56DUY
Monolith_Enter F7Y2WYGF
2025-04-01 03:40:48,043 - INFO - Monolith_Exit FKA56DUY
Monolith_Exit F7Y2WYGF
2025-04-01 03:40:48,045 - INFO - Monolith_Enter LNJDY2MC
2025-04-01 03:40:48,113 - INFO - Monolith_Exit LNJDY2MC
2025-04-01 03:40:48,115 - INFO - Monolith_Enter BVJ5N0HH
Monolith_Enter 8XMBQ7Z0
Monolith_Enter M856T8Z2
2025-04-01 03:40:48,263 - INFO - Monolith_Exit BVJ5N0HH
Monolith_Exit 8XMBQ7Z0
Monolith_Exit M856T8Z2
2025-04-01 03:40:48,272 - INFO - Monolith_Enter V9O79WU4
Monolith_Enter S70A1TU8
Monolith_Enter LIP16WS6
2025-04-01 03:40:48,427 - INFO - Monolith_Exit V9O79WU4
Monolith_Exit S70A1TU8
Monolith_Exit LIP16WS6
2025-04-01 03:40:48,436 - INFO - Monolith_Enter B4ERTG3L
Monolith_Enter EQYPE8PU
Monolith_Enter 0FX1FRFY
Monolith_Enter 22UX0GNE
2025-04-01 03:40:48,624 - INFO - Monolith_Exit B4ERTG3L
Monolith_Exit EQYPE8PU
Monolith_Exit 0FX1FRFY
Monolith_Exit 22UX0GNE
2025-04-01 03:40:48,635 - INFO - Monolith_Enter MXFZKXXY
Monolith_Enter 1SL9IGM9
Monolith_Enter 4S8DGESN
Monolith_Enter OBO415VF
Monolith_Enter 1OB684ZY
2025-04-01 03:40:48,870 - INFO - Monolith_Exit MXFZKXXY
Monolith_Exit 1SL9IGM9
Monolith_Exit 4S8DGESN
Monolith_Exit OBO415VF
Monolith_Exit 1OB684ZY
2025-04-01 03:40:48,874 - INFO - Monolith_Enter Q3UPKH7T
Monolith_Enter WOVW7BRI
Monolith_Enter GCCT0K7C
2025-04-01 03:40:49,021 - INFO - Monolith_Exit Q3UPKH7T
Monolith_Exit WOVW7BRI
Monolith_Exit GCCT0K7C
2025-04-01 03:40:49,034 - INFO - Monolith_Enter VXRFHGJL
2025-04-01 03:40:49,099 - INFO - Monolith_Exit VXRFHGJL
2025-04-01 03:40:49,101 - INFO - Monolith_Enter L7PLSF0H
2025-04-01 03:40:49,168 - INFO - Monolith_Exit L7PLSF0H
2025-04-01 03:40:49,170 - INFO - Monolith_Enter CCOUJOXO
2025-04-01 03:40:49,238 - INFO - Monolith_Exit CCOUJOXO
2025-04-01 03:40:49,240 - INFO - Monolith_Enter K9V6HKZ3
2025-04-01 03:40:49,303 - INFO - Monolith_Exit K9V6HKZ3
2025-04-01 03:40:49,425 - INFO - Monolith_Enter S7DF5PYJ
2025-04-01 03:40:49,497 - INFO - Monolith_Exit S7DF5PYJ
2025-04-01 03:40:49,528 - INFO - Monolith_Enter UMTICNEQ
2025-04-01 03:40:49,592 - INFO - Monolith_Exit UMTICNEQ
2025-04-01 03:40:49,772 - INFO - Monolith_Enter ZZSU0566
2025-04-01 03:40:49,836 - INFO - Monolith_Exit ZZSU0566
2025-04-01 03:40:49,838 - INFO - Monolith_Enter OJIJOB20
2025-04-01 03:40:49,901 - INFO - Monolith_Exit OJIJOB20
2025-04-01 03:40:50,027 - INFO - Monolith_Enter HOM7ZJ32
2025-04-01 03:40:50,091 - INFO - Monolith_Exit HOM7ZJ32
2025-04-01 03:40:50,203 - INFO - Monolith_Enter ZBI2TH19
2025-04-01 03:40:50,267 - INFO - Monolith_Exit ZBI2TH19
2025-04-01 03:40:50,269 - INFO - Monolith_Enter WAEWMJW7
2025-04-01 03:40:50,332 - INFO - Monolith_Exit WAEWMJW7
2025-04-01 03:40:50,353 - INFO - Monolith_Enter POPBKF33
2025-04-01 03:40:50,432 - INFO - Monolith_Exit POPBKF33
2025-04-01 03:40:50,440 - INFO - Monolith_Enter XASGE024
2025-04-01 03:40:50,502 - INFO - Monolith_Exit XASGE024
2025-04-01 03:40:50,620 - INFO - Monolith_Enter DPV16WLF
2025-04-01 03:40:50,686 - INFO - Monolith_Exit DPV16WLF
2025-04-01 03:40:50,694 - INFO - Monolith_Enter F0HFM95B
Monolith_Enter T0LJWZXJ
2025-04-01 03:40:50,805 - INFO - Monolith_Exit F0HFM95B
Monolith_Exit T0LJWZXJ
2025-04-01 03:40:50,808 - INFO - Monolith_Enter OY0N6N9O
Monolith_Enter TTNF1JEC
2025-04-01 03:40:50,920 - INFO - Monolith_Exit OY0N6N9O
Monolith_Exit TTNF1JEC
2025-04-01 03:40:50,922 - INFO - Monolith_Enter B9JIHFXL
2025-04-01 03:40:50,986 - INFO - Monolith_Exit B9JIHFXL
2025-04-01 03:40:50,992 - INFO - Monolith_Enter YQ6I1L2Q
2025-04-01 03:40:51,060 - INFO - Monolith_Exit YQ6I1L2Q
2025-04-01 03:40:51,063 - INFO - Monolith_Enter 59YN1EAX
Monolith_Enter EH9L19BE
2025-04-01 03:40:51,167 - INFO - Monolith_Exit 59YN1EAX
Monolith_Exit EH9L19BE
2025-04-01 03:40:51,169 - INFO - Monolith_Enter SJVU8X7J
2025-04-01 03:40:51,233 - INFO - Monolith_Exit SJVU8X7J
2025-04-01 03:40:51,235 - INFO - Monolith_Enter E2SZ49P7
2025-04-01 03:40:51,299 - INFO - Monolith_Exit E2SZ49P7
2025-04-01 03:40:51,432 - INFO - Monolith_Enter EC6W0S3D
2025-04-01 03:40:51,504 - INFO - Monolith_Exit EC6W0S3D
2025-04-01 03:40:51,548 - INFO - Monolith_Enter 4B2734H0
2025-04-01 03:40:51,612 - INFO - Monolith_Exit 4B2734H0
2025-04-01 03:40:51,614 - INFO - Monolith_Enter E96QBTI1
2025-04-01 03:40:51,676 - INFO - Monolith_Exit E96QBTI1
2025-04-01 03:40:51,721 - INFO - Monolith_Enter J2CRPV07
2025-04-01 03:40:51,784 - INFO - Monolith_Exit J2CRPV07
2025-04-01 03:40:51,873 - INFO - Monolith_Enter 8W9QCNJQ
2025-04-01 03:40:51,936 - INFO - Monolith_Exit 8W9QCNJQ
2025-04-01 03:40:51,988 - INFO - Monolith_Enter V02WPV74
2025-04-01 03:40:52,052 - INFO - Monolith_Exit V02WPV74
2025-04-01 03:40:52,054 - INFO - Monolith_Enter PEOS6IYH
Monolith_Enter NWPQH2A3
2025-04-01 03:40:52,158 - INFO - Monolith_Exit PEOS6IYH
Monolith_Exit NWPQH2A3
2025-04-01 03:40:52,160 - INFO - Monolith_Enter 4J2FBV7C
Monolith_Enter 45D6GRQP
2025-04-01 03:40:52,267 - INFO - Monolith_Exit 4J2FBV7C
Monolith_Exit 45D6GRQP
2025-04-01 03:40:52,269 - INFO - Monolith_Enter NB8B727Q
2025-04-01 03:40:52,333 - INFO - Monolith_Exit NB8B727Q
2025-04-01 03:40:52,407 - INFO - Monolith_Enter CEBYXYZV
2025-04-01 03:40:52,477 - INFO - Monolith_Exit CEBYXYZV
2025-04-01 03:40:52,480 - INFO - Monolith_Enter EU1QB0AI
Monolith_Enter Y3T8TJ7B
2025-04-01 03:40:52,589 - INFO - Monolith_Exit EU1QB0AI
Monolith_Exit Y3T8TJ7B
2025-04-01 03:40:52,597 - INFO - Monolith_Enter NSBKNRMV
Monolith_Enter UY8QWYP0
2025-04-01 03:40:52,704 - INFO - Monolith_Exit NSBKNRMV
Monolith_Exit UY8QWYP0
2025-04-01 03:40:52,707 - INFO - Monolith_Enter D5GSRAR8
Monolith_Enter NO0HL99Z
Monolith_Enter NURGLVF0
2025-04-01 03:40:52,858 - INFO - Monolith_Exit D5GSRAR8
Monolith_Exit NO0HL99Z
Monolith_Exit NURGLVF0
2025-04-01 03:40:52,863 - INFO - Monolith_Enter 2CFRTV9N
Monolith_Enter Q8BX0UZD
Monolith_Enter YHZKYBYB
Monolith_Enter AIRFNT6S
Monolith_Enter ZGKWTATO
2025-04-01 03:40:53,104 - INFO - Monolith_Exit 2CFRTV9N
Monolith_Exit Q8BX0UZD
Monolith_Exit YHZKYBYB
Monolith_Exit AIRFNT6S
Monolith_Exit ZGKWTATO
2025-04-01 03:40:53,107 - INFO - Monolith_Enter 0ZBP9DS9
2025-04-01 03:40:53,174 - INFO - Monolith_Exit 0ZBP9DS9
2025-04-01 03:40:53,209 - INFO - Monolith_Enter VTBFKNSH
2025-04-01 03:40:53,281 - INFO - Monolith_Exit VTBFKNSH
2025-04-01 03:40:53,394 - INFO - Monolith_Enter IKP1JGUD
2025-04-01 03:40:53,457 - INFO - Monolith_Exit IKP1JGUD
2025-04-01 03:40:53,465 - INFO - Monolith_Enter NY3NBGNH
Monolith_Enter 13FUROTZ
Monolith_Enter U4VLM0MM
2025-04-01 03:40:53,613 - INFO - Monolith_Exit NY3NBGNH
Monolith_Exit 13FUROTZ
Monolith_Exit U4VLM0MM
2025-04-01 03:40:53,618 - INFO - Monolith_Enter X01CQWHM
Monolith_Enter BLNS66ZB
Monolith_Enter 8FLL62LZ
Monolith_Enter T8SEKUTM
Monolith_Enter SJ4A1P2U
Monolith_Enter AXAMY9DN
2025-04-01 03:40:53,903 - INFO - Monolith_Exit X01CQWHM
Monolith_Exit BLNS66ZB
Monolith_Exit 8FLL62LZ
Monolith_Exit T8SEKUTM
Monolith_Exit SJ4A1P2U
Monolith_Exit AXAMY9DN
2025-04-01 03:40:53,915 - INFO - Monolith_Enter OX7CDCB3
Monolith_Enter 570N0O8V
Monolith_Enter UXMW8ZEF
Monolith_Enter O0ZIDA57
Monolith_Enter U7OSO9C3
2025-04-01 03:40:54,156 - INFO - Monolith_Exit OX7CDCB3
Monolith_Exit 570N0O8V
Monolith_Exit UXMW8ZEF
Monolith_Exit O0ZIDA57
Monolith_Exit U7OSO9C3
2025-04-01 03:40:54,158 - INFO - Monolith_Enter AG3EEWH5
2025-04-01 03:40:54,225 - INFO - Monolith_Exit AG3EEWH5
2025-04-01 03:40:54,227 - INFO - Monolith_Enter 1345PCVP
2025-04-01 03:40:54,297 - INFO - Monolith_Exit 1345PCVP
2025-04-01 03:40:54,303 - INFO - Monolith_Enter ETWK3458
2025-04-01 03:40:54,365 - INFO - Monolith_Exit ETWK3458
2025-04-01 03:40:54,368 - INFO - Monolith_Enter 8WEQXD0W
Monolith_Enter NMQ0IAZM
2025-04-01 03:40:54,480 - INFO - Monolith_Exit 8WEQXD0W
Monolith_Exit NMQ0IAZM
2025-04-01 03:40:54,488 - INFO - Monolith_Enter 4HPAVP6Q
Monolith_Enter 4ZZP2ATY
2025-04-01 03:40:54,594 - INFO - Monolith_Exit 4HPAVP6Q
Monolith_Exit 4ZZP2ATY
2025-04-01 03:40:54,607 - INFO - Monolith_Enter KRQ6H5HC
2025-04-01 03:40:54,675 - INFO - Monolith_Exit KRQ6H5HC
2025-04-01 03:40:54,921 - INFO - Monolith_Enter 6969Y3P0
2025-04-01 03:40:54,985 - INFO - Monolith_Exit 6969Y3P0
2025-04-01 03:40:54,987 - INFO - Monolith_Enter C32N0JB0
2025-04-01 03:40:55,055 - INFO - Monolith_Exit C32N0JB0
2025-04-01 03:40:55,057 - INFO - Monolith_Enter RX0JHODR
Monolith_Enter I2ZLPMLV
2025-04-01 03:40:55,170 - INFO - Monolith_Exit RX0JHODR
Monolith_Exit I2ZLPMLV
2025-04-01 03:40:55,179 - INFO - Monolith_Enter AP0DIWN2
Monolith_Enter FP32JEIU
Monolith_Enter CYV14815
2025-04-01 03:40:55,327 - INFO - Monolith_Exit AP0DIWN2
Monolith_Exit FP32JEIU
Monolith_Exit CYV14815
2025-04-01 03:40:55,329 - INFO - Monolith_Enter K36Y2FF1
2025-04-01 03:40:55,395 - INFO - Monolith_Exit K36Y2FF1
2025-04-01 03:40:55,397 - INFO - Monolith_Enter 5XXS5L35
2025-04-01 03:40:55,470 - INFO - Monolith_Exit 5XXS5L35
2025-04-01 03:40:55,472 - INFO - Monolith_Enter FKYSNZYU
Monolith_Enter ZC6SOVN5
2025-04-01 03:40:55,576 - INFO - Monolith_Exit FKYSNZYU
Monolith_Exit ZC6SOVN5
2025-04-01 03:40:55,601 - INFO - Monolith_Enter QCZ1LEE6
2025-04-01 03:40:55,671 - INFO - Monolith_Exit QCZ1LEE6
2025-04-01 03:40:55,788 - INFO - Monolith_Enter XQBZ03PC
2025-04-01 03:40:55,855 - INFO - Monolith_Exit XQBZ03PC
2025-04-01 03:40:56,185 - INFO - Monolith_Enter I1JAS8J7
2025-04-01 03:40:56,250 - INFO - Monolith_Exit I1JAS8J7
2025-04-01 03:40:56,252 - INFO - Monolith_Enter P9WB5UZ3
Monolith_Enter 5M3W70S7
2025-04-01 03:40:56,360 - INFO - Monolith_Exit P9WB5UZ3
Monolith_Exit 5M3W70S7
2025-04-01 03:40:56,362 - INFO - Monolith_Enter 9OZ0HXSH
2025-04-01 03:40:56,425 - INFO - Monolith_Exit 9OZ0HXSH
2025-04-01 03:40:56,427 - INFO - Monolith_Enter QCZ85O78
2025-04-01 03:40:56,494 - INFO - Monolith_Exit QCZ85O78
2025-04-01 03:40:56,497 - INFO - Monolith_Enter D2F4FP3L
Monolith_Enter GF9YRI3P
2025-04-01 03:40:56,607 - INFO - Monolith_Exit D2F4FP3L
Monolith_Exit GF9YRI3P
2025-04-01 03:40:56,615 - INFO - Monolith_Enter DAGKFMBY
Monolith_Enter HSQ6ZMQG
Monolith_Enter 8R39ENLJ
Monolith_Enter 6A1DP486
2025-04-01 03:40:56,810 - INFO - Monolith_Exit DAGKFMBY
Monolith_Exit HSQ6ZMQG
Monolith_Exit 8R39ENLJ
Monolith_Exit 6A1DP486
2025-04-01 03:40:56,813 - INFO - Monolith_Enter SM9IBB5S
Monolith_Enter BVKCL3SS
Monolith_Enter FAHXK7AG
2025-04-01 03:40:56,968 - INFO - Monolith_Exit SM9IBB5S
Monolith_Exit BVKCL3SS
Monolith_Exit FAHXK7AG
2025-04-01 03:40:56,971 - INFO - Monolith_Enter WC2GJQIY
Monolith_Enter 50QI2IYY
2025-04-01 03:40:57,079 - INFO - Monolith_Exit WC2GJQIY
Monolith_Exit 50QI2IYY
2025-04-01 03:40:57,082 - INFO - Monolith_Enter WF0DQRVN
Monolith_Enter HVEZR3WE
2025-04-01 03:40:57,191 - INFO - Monolith_Exit WF0DQRVN
Monolith_Exit HVEZR3WE
2025-04-01 03:40:57,193 - INFO - Monolith_Enter 1B9UWPMS
2025-04-01 03:40:57,257 - INFO - Monolith_Exit 1B9UWPMS
2025-04-01 03:40:57,268 - INFO - Monolith_Enter Y9DT8HDP
2025-04-01 03:40:57,331 - INFO - Monolith_Exit Y9DT8HDP
2025-04-01 03:40:57,444 - INFO - Monolith_Enter ZB7PDZZ4
2025-04-01 03:40:57,512 - INFO - Monolith_Exit ZB7PDZZ4
2025-04-01 03:40:57,513 - INFO - Monolith_Enter JO6OJ3OS
2025-04-01 03:40:57,577 - INFO - Monolith_Exit JO6OJ3OS
2025-04-01 03:40:57,791 - INFO - Monolith_Enter NZTXDSWK
2025-04-01 03:40:57,853 - INFO - Monolith_Exit NZTXDSWK
2025-04-01 03:40:58,096 - INFO - Monolith_Enter I7VXNVKQ
2025-04-01 03:40:58,160 - INFO - Monolith_Exit I7VXNVKQ
2025-04-01 03:40:58,188 - INFO - Monolith_Enter GZMLO3EU
2025-04-01 03:40:58,250 - INFO - Monolith_Exit GZMLO3EU
2025-04-01 03:40:58,258 - INFO - Monolith_Enter 4S7KJDAR
2025-04-01 03:40:58,321 - INFO - Monolith_Exit 4S7KJDAR
2025-04-01 03:40:58,323 - INFO - Monolith_Enter 7LV91JQL
Monolith_Enter JDGSCAFR
2025-04-01 03:40:58,425 - INFO - Monolith_Exit 7LV91JQL
Monolith_Exit JDGSCAFR
2025-04-01 03:40:58,467 - INFO - Monolith_Enter EX1WT4GV
2025-04-01 03:40:58,530 - INFO - Monolith_Exit EX1WT4GV
2025-04-01 03:40:58,607 - INFO - Monolith_Enter 748E100A
2025-04-01 03:40:58,670 - INFO - Monolith_Exit 748E100A
2025-04-01 03:40:58,672 - INFO - Monolith_Enter TQY4G9D2
Monolith_Enter C3XA4XK7
2025-04-01 03:40:58,777 - INFO - Monolith_Exit TQY4G9D2
Monolith_Exit C3XA4XK7
2025-04-01 03:40:58,779 - INFO - Monolith_Enter UEY0N8DV
Monolith_Enter 2PAWIQHG
2025-04-01 03:40:58,884 - INFO - Monolith_Exit UEY0N8DV
Monolith_Exit 2PAWIQHG
2025-04-01 03:40:58,886 - INFO - Monolith_Enter ZG9NDQVD
Monolith_Enter 51WNGGRF
2025-04-01 03:40:58,992 - INFO - Monolith_Exit ZG9NDQVD
Monolith_Exit 51WNGGRF
2025-04-01 03:40:58,994 - INFO - Monolith_Enter FMLHFIFJ
Monolith_Enter ALSBPWQB
2025-04-01 03:40:59,099 - INFO - Monolith_Exit FMLHFIFJ
Monolith_Exit ALSBPWQB
2025-04-01 03:40:59,101 - INFO - Monolith_Enter E5WP3XXY
2025-04-01 03:40:59,164 - INFO - Monolith_Exit E5WP3XXY
2025-04-01 03:40:59,175 - INFO - Monolith_Enter XAB4FSL2
2025-04-01 03:40:59,240 - INFO - Monolith_Exit XAB4FSL2
2025-04-01 03:40:59,242 - INFO - Monolith_Enter BNW29D19
Monolith_Enter 8B4BBF1D
2025-04-01 03:40:59,344 - INFO - Monolith_Exit BNW29D19
Monolith_Exit 8B4BBF1D
2025-04-01 03:40:59,346 - INFO - Monolith_Enter DBN28ZEK
Monolith_Enter MRYCQO4U
2025-04-01 03:40:59,450 - INFO - Monolith_Exit DBN28ZEK
Monolith_Exit MRYCQO4U
2025-04-01 03:40:59,539 - INFO - Monolith_Enter 7K03RB2G
2025-04-01 03:40:59,610 - INFO - Monolith_Exit 7K03RB2G
2025-04-01 03:40:59,612 - INFO - Monolith_Enter IKWIEJI8
Monolith_Enter C5VHME0J
2025-04-01 03:40:59,719 - INFO - Monolith_Exit IKWIEJI8
Monolith_Exit C5VHME0J
2025-04-01 03:40:59,721 - INFO - Monolith_Enter 9PGFA58W
2025-04-01 03:40:59,785 - INFO - Monolith_Exit 9PGFA58W
2025-04-01 03:40:59,794 - INFO - Monolith_Enter OGO3WNZB
2025-04-01 03:40:59,857 - INFO - Monolith_Exit OGO3WNZB
2025-04-01 03:41:00,212 - INFO - Monolith_Enter GJSDW4LM
2025-04-01 03:41:00,274 - INFO - Monolith_Exit GJSDW4LM
2025-04-01 03:41:00,329 - INFO - Monolith_Enter 6GEMH8LE
2025-04-01 03:41:00,394 - INFO - Monolith_Exit 6GEMH8LE
2025-04-01 03:41:00,456 - INFO - Monolith_Enter TWF9030M
2025-04-01 03:41:00,521 - INFO - Monolith_Exit TWF9030M
2025-04-01 03:41:00,523 - INFO - Monolith_Enter IGFWS5WK
2025-04-01 03:41:00,595 - INFO - Monolith_Exit IGFWS5WK
2025-04-01 03:41:00,597 - INFO - Monolith_Enter RPP63534
2025-04-01 03:41:00,667 - INFO - Monolith_Exit RPP63534
2025-04-01 03:41:00,668 - INFO - Monolith_Enter QPUYK0BK
2025-04-01 03:41:00,734 - INFO - Monolith_Exit QPUYK0BK
2025-04-01 03:41:00,737 - INFO - Monolith_Enter TVD2Q5Y9
Monolith_Enter RPFN9ZW5
Monolith_Enter EPHB1L95
2025-04-01 03:41:00,885 - INFO - Monolith_Exit TVD2Q5Y9
Monolith_Exit RPFN9ZW5
Monolith_Exit EPHB1L95
2025-04-01 03:41:00,895 - INFO - Monolith_Enter N25NL9JK
Monolith_Enter B1B020EC
Monolith_Enter 9ODPBP8V
2025-04-01 03:41:01,042 - INFO - Monolith_Exit N25NL9JK
Monolith_Exit B1B020EC
Monolith_Exit 9ODPBP8V
2025-04-01 03:41:01,045 - INFO - Monolith_Enter YDQK3LJ0
Monolith_Enter ODTG1K9D
2025-04-01 03:41:01,149 - INFO - Monolith_Exit YDQK3LJ0
Monolith_Exit ODTG1K9D
2025-04-01 03:41:01,233 - INFO - Monolith_Enter PKO4QXHA
2025-04-01 03:41:01,297 - INFO - Monolith_Exit PKO4QXHA
2025-04-01 03:41:01,299 - INFO - Monolith_Enter AON80RJC
2025-04-01 03:41:01,362 - INFO - Monolith_Exit AON80RJC
2025-04-01 03:41:01,442 - INFO - Monolith_Enter 159K8TCY
2025-04-01 03:41:01,506 - INFO - Monolith_Exit 159K8TCY
2025-04-01 03:41:01,514 - INFO - Monolith_Enter C3DUBK62
Monolith_Enter QUOY4BVA
Monolith_Enter ADT0UGPW
2025-04-01 03:41:01,663 - INFO - Monolith_Exit C3DUBK62
Monolith_Exit QUOY4BVA
Monolith_Exit ADT0UGPW
2025-04-01 03:41:01,668 - INFO - Monolith_Enter 26L90HN8
Monolith_Enter B74QZVVG
Monolith_Enter ZAWAENVA
2025-04-01 03:41:01,820 - INFO - Monolith_Exit 26L90HN8
Monolith_Exit B74QZVVG
Monolith_Exit ZAWAENVA
2025-04-01 03:41:01,822 - INFO - Monolith_Enter LNHRKIBB
2025-04-01 03:41:01,888 - INFO - Monolith_Exit LNHRKIBB
2025-04-01 03:41:01,900 - INFO - Monolith_Enter 85DCI3IM
Monolith_Enter J7X25PX9
2025-04-01 03:41:02,003 - INFO - Monolith_Exit 85DCI3IM
Monolith_Exit J7X25PX9
2025-04-01 03:41:02,007 - INFO - Monolith_Enter XBWQR81E
Monolith_Enter D3J6JYXB
Monolith_Enter PYB0PVVY
2025-04-01 03:41:02,154 - INFO - Monolith_Exit XBWQR81E
Monolith_Exit D3J6JYXB
Monolith_Exit PYB0PVVY
2025-04-01 03:41:02,164 - INFO - Monolith_Enter 1O1BEFEU
Monolith_Enter F0NUWWUE
Monolith_Enter G0HYCTEI
2025-04-01 03:41:02,313 - INFO - Monolith_Exit 1O1BEFEU
Monolith_Exit F0NUWWUE
Monolith_Exit G0HYCTEI
2025-04-01 03:41:02,316 - INFO - Monolith_Enter 471TWJCZ
Monolith_Enter 63C5F7XM
2025-04-01 03:41:02,425 - INFO - Monolith_Exit 471TWJCZ
Monolith_Exit 63C5F7XM
2025-04-01 03:41:02,435 - INFO - Monolith_Enter 8WBW5SRT
Monolith_Enter VLEIQFOR
Monolith_Enter NA871H8A
Monolith_Enter I6HHLQPS
Monolith_Enter FI8P9IKW
Monolith_Enter 66G7TW6C
2025-04-01 03:41:02,713 - INFO - Monolith_Exit 8WBW5SRT
Monolith_Exit VLEIQFOR
Monolith_Exit NA871H8A
Monolith_Exit I6HHLQPS
Monolith_Exit FI8P9IKW
Monolith_Exit 66G7TW6C
2025-04-01 03:41:02,716 - INFO - Monolith_Enter Z1A1XO8L
Monolith_Enter 4ZX5UUNF
2025-04-01 03:41:02,832 - INFO - Monolith_Exit Z1A1XO8L
Monolith_Exit 4ZX5UUNF
2025-04-01 03:41:02,845 - INFO - Monolith_Enter TRRLU68O
2025-04-01 03:41:02,909 - INFO - Monolith_Exit TRRLU68O
2025-04-01 03:41:02,911 - INFO - Monolith_Enter F26N5PRQ
2025-04-01 03:41:02,972 - INFO - Monolith_Exit F26N5PRQ
2025-04-01 03:41:03,027 - INFO - Monolith_Enter GA2CH95Q
2025-04-01 03:41:03,100 - INFO - Monolith_Exit GA2CH95Q
2025-04-01 03:41:03,102 - INFO - Monolith_Enter TJZF5WQU
2025-04-01 03:41:03,167 - INFO - Monolith_Exit TJZF5WQU
2025-04-01 03:41:03,180 - INFO - Monolith_Enter RTO12KM1
2025-04-01 03:41:03,243 - INFO - Monolith_Exit RTO12KM1
2025-04-01 03:41:03,273 - INFO - Monolith_Enter L753FR8Q
2025-04-01 03:41:03,335 - INFO - Monolith_Exit L753FR8Q
2025-04-01 03:41:03,338 - INFO - Monolith_Enter 23P6704J
Monolith_Enter BJB04AWR
2025-04-01 03:41:03,450 - INFO - Monolith_Exit 23P6704J
Monolith_Exit BJB04AWR
2025-04-01 03:41:03,452 - INFO - Monolith_Enter KDG64YJA
2025-04-01 03:41:03,518 - INFO - Monolith_Exit KDG64YJA
2025-04-01 03:41:03,520 - INFO - Monolith_Enter W0Q9FYGC
2025-04-01 03:41:03,587 - INFO - Monolith_Exit W0Q9FYGC
2025-04-01 03:41:03,590 - INFO - Monolith_Enter G272LHJQ
Monolith_Enter GZ2W9JK9
Monolith_Enter FITDTMIR
2025-04-01 03:41:03,737 - INFO - Monolith_Exit G272LHJQ
Monolith_Exit GZ2W9JK9
Monolith_Exit FITDTMIR
2025-04-01 03:41:03,760 - INFO - Monolith_Enter YBEUNS0E
2025-04-01 03:41:03,823 - INFO - Monolith_Exit YBEUNS0E
2025-04-01 03:41:03,826 - INFO - Monolith_Enter R0UAK4IG
Monolith_Enter 6S83AVFS
2025-04-01 03:41:03,930 - INFO - Monolith_Exit R0UAK4IG
Monolith_Exit 6S83AVFS
2025-04-01 03:41:03,932 - INFO - Monolith_Enter 5Q5PO0SW
2025-04-01 03:41:03,997 - INFO - Monolith_Exit 5Q5PO0SW
2025-04-01 03:41:04,009 - INFO - Monolith_Enter 1UQO7TNJ
2025-04-01 03:41:04,074 - INFO - Monolith_Exit 1UQO7TNJ
2025-04-01 03:41:04,096 - INFO - Monolith_Enter ZPO1MT10
2025-04-01 03:41:04,163 - INFO - Monolith_Exit ZPO1MT10
2025-04-01 03:41:04,165 - INFO - Monolith_Enter W7MB3B2U
2025-04-01 03:41:04,233 - INFO - Monolith_Exit W7MB3B2U
2025-04-01 03:41:04,242 - INFO - Monolith_Enter XDF138X0
Monolith_Enter WTPX1P0K
2025-04-01 03:41:04,346 - INFO - Monolith_Exit XDF138X0
Monolith_Exit WTPX1P0K
2025-04-01 03:41:04,348 - INFO - Monolith_Enter SPMWT2ET
2025-04-01 03:41:04,412 - INFO - Monolith_Exit SPMWT2ET
2025-04-01 03:41:04,421 - INFO - Monolith_Enter KGHXZ4HL
2025-04-01 03:41:04,488 - INFO - Monolith_Exit KGHXZ4HL
2025-04-01 03:41:04,490 - INFO - Monolith_Enter TCWPK9WP
2025-04-01 03:41:04,553 - INFO - Monolith_Exit TCWPK9WP
2025-04-01 03:41:04,555 - INFO - Monolith_Enter Z3KAP6TT
2025-04-01 03:41:04,620 - INFO - Monolith_Exit Z3KAP6TT
2025-04-01 03:41:04,622 - INFO - Monolith_Enter 5A8KWIX0
2025-04-01 03:41:04,686 - INFO - Monolith_Exit 5A8KWIX0
2025-04-01 03:41:04,829 - INFO - Monolith_Enter EYPLFZUZ
2025-04-01 03:41:04,902 - INFO - Monolith_Exit EYPLFZUZ
2025-04-01 03:41:04,904 - INFO - Monolith_Enter 3LANYN64
2025-04-01 03:41:04,968 - INFO - Monolith_Exit 3LANYN64
2025-04-01 03:41:04,970 - INFO - Monolith_Enter KN7ZBWST
2025-04-01 03:41:05,035 - INFO - Monolith_Exit KN7ZBWST
2025-04-01 03:41:05,038 - INFO - Monolith_Enter 3YP89MND
2025-04-01 03:41:05,101 - INFO - Monolith_Exit 3YP89MND
2025-04-01 03:41:05,103 - INFO - Monolith_Enter FV237QUX
2025-04-01 03:41:05,166 - INFO - Monolith_Exit FV237QUX
2025-04-01 03:41:05,169 - INFO - Monolith_Enter 3I1GFFY1
Monolith_Enter N52E39DA
2025-04-01 03:41:05,273 - INFO - Monolith_Exit 3I1GFFY1
Monolith_Exit N52E39DA
2025-04-01 03:41:05,475 - INFO - Monolith_Enter EY5JV771
2025-04-01 03:41:05,544 - INFO - Monolith_Exit EY5JV771
2025-04-01 03:41:05,671 - INFO - Monolith_Enter HZVV8ORF
2025-04-01 03:41:05,735 - INFO - Monolith_Exit HZVV8ORF
2025-04-01 03:41:05,788 - INFO - Monolith_Enter RI0SN1WC
2025-04-01 03:41:05,851 - INFO - Monolith_Exit RI0SN1WC
2025-04-01 03:41:05,853 - INFO - Monolith_Enter N9FGVW2X
2025-04-01 03:41:05,916 - INFO - Monolith_Exit N9FGVW2X
2025-04-01 03:41:05,997 - INFO - Monolith_Enter FP7BKMWR
2025-04-01 03:41:06,072 - INFO - Monolith_Exit FP7BKMWR
2025-04-01 03:41:06,125 - INFO - Monolith_Enter R2G5FM74
2025-04-01 03:41:06,195 - INFO - Monolith_Exit R2G5FM74
2025-04-01 03:41:06,241 - INFO - Monolith_Enter XXD9V4L2
2025-04-01 03:41:06,304 - INFO - Monolith_Exit XXD9V4L2
2025-04-01 03:41:06,403 - INFO - Monolith_Enter 8DEKXK8V
2025-04-01 03:41:06,467 - INFO - Monolith_Exit 8DEKXK8V
2025-04-01 03:41:06,504 - INFO - Monolith_Enter 6WHDIMTP
2025-04-01 03:41:06,568 - INFO - Monolith_Exit 6WHDIMTP
2025-04-01 03:41:06,570 - INFO - Monolith_Enter S6N00H9D
2025-04-01 03:41:06,635 - INFO - Monolith_Exit S6N00H9D
2025-04-01 03:41:06,638 - INFO - Monolith_Enter OV2N43OO
Monolith_Enter KZ6ZHYSJ
Monolith_Enter FYYFFENO
2025-04-01 03:41:06,787 - INFO - Monolith_Exit OV2N43OO
Monolith_Exit KZ6ZHYSJ
Monolith_Exit FYYFFENO
2025-04-01 03:41:06,790 - INFO - Monolith_Enter NAJJ8RO9
Monolith_Enter IW2YFBV1
Monolith_Enter TLLOGEGX
2025-04-01 03:41:06,946 - INFO - Monolith_Exit NAJJ8RO9
Monolith_Exit IW2YFBV1
Monolith_Exit TLLOGEGX
2025-04-01 03:41:06,950 - INFO - Monolith_Enter PXDQU57W
Monolith_Enter E03304LC
Monolith_Enter FFW2W6PE
2025-04-01 03:41:07,105 - INFO - Monolith_Exit PXDQU57W
Monolith_Exit E03304LC
Monolith_Exit FFW2W6PE
2025-04-01 03:41:07,107 - INFO - Monolith_Enter P694F5O7
2025-04-01 03:41:07,173 - INFO - Monolith_Exit P694F5O7
2025-04-01 03:41:07,176 - INFO - Monolith_Enter 1GQE8A77
Monolith_Enter FZJ76UDY
Monolith_Enter HAFPE84Y
2025-04-01 03:41:07,322 - INFO - Monolith_Exit 1GQE8A77
Monolith_Exit FZJ76UDY
Monolith_Exit HAFPE84Y
2025-04-01 03:41:07,324 - INFO - Monolith_Enter UVVBCIOG
2025-04-01 03:41:07,388 - INFO - Monolith_Exit UVVBCIOG
2025-04-01 03:41:07,412 - INFO - Monolith_Enter 3RO8K27H
2025-04-01 03:41:07,483 - INFO - Monolith_Exit 3RO8K27H
2025-04-01 03:41:07,485 - INFO - Monolith_Enter 3RYHRTAE
2025-04-01 03:41:07,546 - INFO - Monolith_Exit 3RYHRTAE
2025-04-01 03:41:07,565 - INFO - Monolith_Enter 56RYCC5P
2025-04-01 03:41:07,629 - INFO - Monolith_Exit 56RYCC5P
2025-04-01 03:41:07,657 - INFO - Monolith_Enter AUP5WMLG
2025-04-01 03:41:07,719 - INFO - Monolith_Exit AUP5WMLG
2025-04-01 03:41:07,721 - INFO - Monolith_Enter Y54H98Q4
2025-04-01 03:41:07,785 - INFO - Monolith_Exit Y54H98Q4
2025-04-01 03:41:07,787 - INFO - Monolith_Enter GIE2ZS4Y
2025-04-01 03:41:07,854 - INFO - Monolith_Exit GIE2ZS4Y
2025-04-01 03:41:07,856 - INFO - Monolith_Enter 6LE6QU6M
2025-04-01 03:41:07,919 - INFO - Monolith_Exit 6LE6QU6M
2025-04-01 03:41:07,994 - INFO - Monolith_Enter 9OWJ5LHY
2025-04-01 03:41:08,066 - INFO - Monolith_Exit 9OWJ5LHY
2025-04-01 03:41:08,100 - INFO - Monolith_Enter RZEM5ZQZ
2025-04-01 03:41:08,168 - INFO - Monolith_Exit RZEM5ZQZ
2025-04-01 03:41:08,170 - INFO - Monolith_Enter 2YTEM3YH
2025-04-01 03:41:08,233 - INFO - Monolith_Exit 2YTEM3YH
2025-04-01 03:41:08,235 - INFO - Monolith_Enter TY69UGM2
2025-04-01 03:41:08,300 - INFO - Monolith_Exit TY69UGM2
2025-04-01 03:41:08,302 - INFO - Monolith_Enter 5ZJZA61E
2025-04-01 03:41:08,365 - INFO - Monolith_Exit 5ZJZA61E
2025-04-01 03:41:08,446 - INFO - Monolith_Enter 7OQJML0V
2025-04-01 03:41:08,516 - INFO - Monolith_Exit 7OQJML0V
2025-04-01 03:41:08,527 - INFO - Monolith_Enter ECSUWC4K
2025-04-01 03:41:08,591 - INFO - Monolith_Exit ECSUWC4K
2025-04-01 03:41:08,644 - INFO - Monolith_Enter LUC2N5VH
2025-04-01 03:41:08,706 - INFO - Monolith_Exit LUC2N5VH
2025-04-01 03:41:08,945 - INFO - Monolith_Enter LSP4ITF3
2025-04-01 03:41:09,008 - INFO - Monolith_Exit LSP4ITF3
2025-04-01 03:41:09,011 - INFO - Monolith_Enter IJ7EJ0BS
Monolith_Enter 6JZ1ONT6
2025-04-01 03:41:09,116 - INFO - Monolith_Exit IJ7EJ0BS
Monolith_Exit 6JZ1ONT6
2025-04-01 03:41:09,118 - INFO - Monolith_Enter JBAQ0HTH
2025-04-01 03:41:09,183 - INFO - Monolith_Exit JBAQ0HTH
2025-04-01 03:41:09,185 - INFO - Monolith_Enter R33L9HEO
2025-04-01 03:41:09,253 - INFO - Monolith_Exit R33L9HEO
2025-04-01 03:41:09,256 - INFO - Monolith_Enter 2T5H1YAL
2025-04-01 03:41:09,317 - INFO - Monolith_Exit 2T5H1YAL
2025-04-01 03:41:09,353 - INFO - Monolith_Enter WVRNYFGO
2025-04-01 03:41:09,426 - INFO - Monolith_Exit WVRNYFGO
2025-04-01 03:41:09,428 - INFO - Monolith_Enter PXR78774
2025-04-01 03:41:09,490 - INFO - Monolith_Exit PXR78774
2025-04-01 03:41:09,493 - INFO - Monolith_Enter 9XLVSDLA
Monolith_Enter HE0ERMG4
2025-04-01 03:41:09,604 - INFO - Monolith_Exit 9XLVSDLA
Monolith_Exit HE0ERMG4
2025-04-01 03:41:09,612 - INFO - Monolith_Enter NA4P1JHT
Monolith_Enter 58FL9S4H
2025-04-01 03:41:09,720 - INFO - Monolith_Exit NA4P1JHT
Monolith_Exit 58FL9S4H
2025-04-01 03:41:09,722 - INFO - Monolith_Enter FPQ0TF2R
2025-04-01 03:41:09,784 - INFO - Monolith_Exit FPQ0TF2R
2025-04-01 03:41:09,795 - INFO - Monolith_Enter 5NY9UWRE
2025-04-01 03:41:09,858 - INFO - Monolith_Exit 5NY9UWRE
2025-04-01 03:41:09,861 - INFO - Monolith_Enter APUWO6Y1
2025-04-01 03:41:09,927 - INFO - Monolith_Exit APUWO6Y1
2025-04-01 03:41:09,929 - INFO - Monolith_Enter ILD0LRQY
2025-04-01 03:41:09,993 - INFO - Monolith_Exit ILD0LRQY
2025-04-01 03:41:09,995 - INFO - Monolith_Enter 6LW3P12Q
2025-04-01 03:41:10,058 - INFO - Monolith_Exit 6LW3P12Q
2025-04-01 03:41:10,070 - INFO - Monolith_Enter 7AFENY2Y
2025-04-01 03:41:10,142 - INFO - Monolith_Exit 7AFENY2Y
2025-04-01 03:41:10,144 - INFO - Monolith_Enter U3AF8MAM
Monolith_Enter BYFFBRV7
2025-04-01 03:41:10,255 - INFO - Monolith_Exit U3AF8MAM
Monolith_Exit BYFFBRV7
2025-04-01 03:41:10,263 - INFO - Monolith_Enter WDX4F3NX
Monolith_Enter Y96JEZS9
2025-04-01 03:41:10,368 - INFO - Monolith_Exit WDX4F3NX
Monolith_Exit Y96JEZS9
2025-04-01 03:41:10,371 - INFO - Monolith_Enter 93T06JXN
2025-04-01 03:41:10,437 - INFO - Monolith_Exit 93T06JXN
2025-04-01 03:41:10,439 - INFO - Monolith_Enter B08EUATJ
2025-04-01 03:41:10,505 - INFO - Monolith_Exit B08EUATJ
2025-04-01 03:41:10,508 - INFO - Monolith_Enter V846HWG1
Monolith_Enter 0VEDC61M
2025-04-01 03:41:10,607 - INFO - Monolith_Exit V846HWG1
Monolith_Exit 0VEDC61M
2025-04-01 03:41:10,618 - INFO - Monolith_Enter 60LOJ69F
2025-04-01 03:41:10,685 - INFO - Monolith_Exit 60LOJ69F
2025-04-01 03:41:10,722 - INFO - Monolith_Enter CK1TRMPQ
2025-04-01 03:41:10,786 - INFO - Monolith_Exit CK1TRMPQ
2025-04-01 03:41:10,789 - INFO - Monolith_Enter XOVLW7OH
Monolith_Enter YM50YKFV
2025-04-01 03:41:10,897 - INFO - Monolith_Exit XOVLW7OH
Monolith_Exit YM50YKFV
2025-04-01 03:41:10,899 - INFO - Monolith_Enter IQS26P7P
2025-04-01 03:41:10,963 - INFO - Monolith_Exit IQS26P7P
2025-04-01 03:41:10,966 - INFO - Monolith_Enter B40HDS46
Monolith_Enter P65PE0GN
Monolith_Enter 173YM83V
2025-04-01 03:41:11,110 - INFO - Monolith_Exit B40HDS46
Monolith_Exit P65PE0GN
Monolith_Exit 173YM83V
2025-04-01 03:41:11,112 - INFO - Monolith_Enter L19LC2RR
2025-04-01 03:41:11,179 - INFO - Monolith_Exit L19LC2RR
2025-04-01 03:41:11,182 - INFO - Monolith_Enter WOUBGO2O
Monolith_Enter D0D1HE3W
2025-04-01 03:41:11,284 - INFO - Monolith_Exit WOUBGO2O
Monolith_Exit D0D1HE3W
2025-04-01 03:41:11,304 - INFO - Monolith_Enter 7VRX5I6G
2025-04-01 03:41:11,368 - INFO - Monolith_Exit 7VRX5I6G
2025-04-01 03:41:11,385 - INFO - Monolith_Enter 83C2DZ8T
2025-04-01 03:41:11,448 - INFO - Monolith_Exit 83C2DZ8T
2025-04-01 03:41:11,559 - INFO - Monolith_Enter XUDJF3K9
2025-04-01 03:41:11,621 - INFO - Monolith_Exit XUDJF3K9
2025-04-01 03:41:11,652 - INFO - Monolith_Enter 51GDJN7R
2025-04-01 03:41:11,713 - INFO - Monolith_Exit 51GDJN7R
2025-04-01 03:41:11,827 - INFO - Monolith_Enter 6PLHXGUW
2025-04-01 03:41:11,889 - INFO - Monolith_Exit 6PLHXGUW
2025-04-01 03:41:11,932 - INFO - Monolith_Enter EYDUS65L
2025-04-01 03:41:11,994 - INFO - Monolith_Exit EYDUS65L
2025-04-01 03:41:11,996 - INFO - Monolith_Enter W3VKBQQ4
2025-04-01 03:41:12,059 - INFO - Monolith_Exit W3VKBQQ4
2025-04-01 03:41:12,062 - INFO - Monolith_Enter 79QQ8PMJ
Monolith_Enter 179TR4F7
Monolith_Enter RSVY7G65
2025-04-01 03:41:12,214 - INFO - Monolith_Exit 79QQ8PMJ
Monolith_Exit 179TR4F7
Monolith_Exit RSVY7G65
2025-04-01 03:41:12,217 - INFO - Monolith_Enter PJILSAEW
Monolith_Enter 7PXRVD5T
2025-04-01 03:41:12,324 - INFO - Monolith_Exit PJILSAEW
Monolith_Exit 7PXRVD5T
2025-04-01 03:41:12,326 - INFO - Monolith_Enter C5UR54LD
2025-04-01 03:41:12,389 - INFO - Monolith_Exit C5UR54LD
2025-04-01 03:41:12,412 - INFO - Monolith_Enter GWD8NFV3
2025-04-01 03:41:12,482 - INFO - Monolith_Exit GWD8NFV3
2025-04-01 03:41:12,484 - INFO - Monolith_Enter XPZHM9NN
2025-04-01 03:41:12,547 - INFO - Monolith_Exit XPZHM9NN
2025-04-01 03:41:12,549 - INFO - Monolith_Enter NO31AHED
2025-04-01 03:41:12,612 - INFO - Monolith_Exit NO31AHED
2025-04-01 03:41:12,621 - INFO - Monolith_Enter 4QBPW49I
2025-04-01 03:41:12,685 - INFO - Monolith_Exit 4QBPW49I
2025-04-01 03:41:12,771 - INFO - Monolith_Enter D5Q16YY7
2025-04-01 03:41:12,834 - INFO - Monolith_Exit D5Q16YY7
2025-04-01 03:41:12,836 - INFO - Monolith_Enter 2AL9PCAB
2025-04-01 03:41:12,899 - INFO - Monolith_Exit 2AL9PCAB
2025-04-01 03:41:12,944 - INFO - Monolith_Enter 9UXI075A
2025-04-01 03:41:13,014 - INFO - Monolith_Exit 9UXI075A
2025-04-01 03:41:13,016 - INFO - Monolith_Enter MI2U8IOZ
2025-04-01 03:41:13,077 - INFO - Monolith_Exit MI2U8IOZ
2025-04-01 03:41:13,084 - INFO - Monolith_Enter JTUFRZRC
2025-04-01 03:41:13,148 - INFO - Monolith_Exit JTUFRZRC
2025-04-01 03:41:13,151 - INFO - Monolith_Enter 4XHIITJ5
Monolith_Enter E3R8DA71
2025-04-01 03:41:13,255 - INFO - Monolith_Exit 4XHIITJ5
Monolith_Exit E3R8DA71
2025-04-01 03:41:13,258 - INFO - Monolith_Enter UZCMB3RS
Monolith_Enter 0RKR51KN
2025-04-01 03:41:13,360 - INFO - Monolith_Exit UZCMB3RS
Monolith_Exit 0RKR51KN
2025-04-01 03:41:13,385 - INFO - Monolith_Enter 7BT1RLWC
2025-04-01 03:41:13,445 - INFO - Monolith_Exit 7BT1RLWC
2025-04-01 03:41:13,447 - INFO - Monolith_Enter TCN76ESE
2025-04-01 03:41:13,516 - INFO - Monolith_Exit TCN76ESE
2025-04-01 03:41:13,519 - INFO - Monolith_Enter 4AERO86Y
2025-04-01 03:41:13,580 - INFO - Monolith_Exit 4AERO86Y
2025-04-01 03:41:13,593 - INFO - Monolith_Enter KDDAZ80F
2025-04-01 03:41:13,663 - INFO - Monolith_Exit KDDAZ80F
2025-04-01 03:41:13,733 - INFO - Monolith_Enter PEVB8W07
2025-04-01 03:41:13,798 - INFO - Monolith_Exit PEVB8W07
2025-04-01 03:41:13,886 - INFO - Monolith_Enter 5AUFHXYX
2025-04-01 03:41:13,950 - INFO - Monolith_Exit 5AUFHXYX
2025-04-01 03:41:14,061 - INFO - Monolith_Enter CN4UYFMS
2025-04-01 03:41:14,124 - INFO - Monolith_Exit CN4UYFMS
2025-04-01 03:41:14,359 - INFO - Monolith_Enter O27NPWJ1
2025-04-01 03:41:14,423 - INFO - Monolith_Exit O27NPWJ1
2025-04-01 03:41:14,451 - INFO - Monolith_Enter UNYY8OZ9
2025-04-01 03:41:14,514 - INFO - Monolith_Exit UNYY8OZ9
2025-04-01 03:41:14,516 - INFO - Monolith_Enter 67NC0WBF
2025-04-01 03:41:14,581 - INFO - Monolith_Exit 67NC0WBF
2025-04-01 03:41:14,624 - INFO - Monolith_Enter TLTD3Z0S
2025-04-01 03:41:14,696 - INFO - Monolith_Exit TLTD3Z0S
2025-04-01 03:41:14,773 - INFO - Monolith_Enter GFWJNIDW
2025-04-01 03:41:14,843 - INFO - Monolith_Exit GFWJNIDW
2025-04-01 03:41:14,852 - INFO - Monolith_Enter BCVM3UA6
Monolith_Enter YKADZ8F0
2025-04-01 03:41:14,953 - INFO - Monolith_Exit BCVM3UA6
Monolith_Exit YKADZ8F0
2025-04-01 03:41:14,955 - INFO - Monolith_Enter ERWL2AIZ
2025-04-01 03:41:15,018 - INFO - Monolith_Exit ERWL2AIZ
2025-04-01 03:41:15,063 - INFO - Monolith_Enter KS7CXR7B
2025-04-01 03:41:15,134 - INFO - Monolith_Exit KS7CXR7B
2025-04-01 03:41:15,249 - INFO - Monolith_Enter TO6MJA8E
2025-04-01 03:41:15,315 - INFO - Monolith_Exit TO6MJA8E
2025-04-01 03:41:15,341 - INFO - Monolith_Enter RAZ6I78T
2025-04-01 03:41:15,402 - INFO - Monolith_Exit RAZ6I78T
2025-04-01 03:41:15,491 - INFO - Monolith_Enter NMRP051R
2025-04-01 03:41:15,554 - INFO - Monolith_Exit NMRP051R
2025-04-01 03:41:15,607 - INFO - Monolith_Enter A1CXMJRJ
2025-04-01 03:41:15,670 - INFO - Monolith_Exit A1CXMJRJ
2025-04-01 03:41:15,711 - INFO - Monolith_Enter 6MFYPVXZ
2025-04-01 03:41:15,774 - INFO - Monolith_Exit 6MFYPVXZ
2025-04-01 03:41:15,776 - INFO - Monolith_Enter HC5JZBRF
2025-04-01 03:41:15,843 - INFO - Monolith_Exit HC5JZBRF
2025-04-01 03:41:15,982 - INFO - Monolith_Enter 3IR6TPNB
2025-04-01 03:41:16,044 - INFO - Monolith_Exit 3IR6TPNB
2025-04-01 03:41:16,155 - INFO - Monolith_Enter JF7G2VKK
2025-04-01 03:41:16,218 - INFO - Monolith_Exit JF7G2VKK
2025-04-01 03:41:16,220 - INFO - Monolith_Enter FUWMQKMM
2025-04-01 03:41:16,288 - INFO - Monolith_Exit FUWMQKMM
2025-04-01 03:41:16,319 - INFO - Monolith_Enter 5GD10276
2025-04-01 03:41:16,383 - INFO - Monolith_Exit 5GD10276
2025-04-01 03:41:16,385 - INFO - Monolith_Enter M1WUDL09
Monolith_Enter KOBL278Q
2025-04-01 03:41:16,489 - INFO - Monolith_Exit M1WUDL09
Monolith_Exit KOBL278Q
2025-04-01 03:41:16,491 - INFO - Monolith_Enter 9UU2QJN1
2025-04-01 03:41:16,555 - INFO - Monolith_Exit 9UU2QJN1
2025-04-01 03:41:16,585 - INFO - Monolith_Enter KHTO5JOL
2025-04-01 03:41:16,655 - INFO - Monolith_Exit KHTO5JOL
2025-04-01 03:41:16,657 - INFO - Monolith_Enter RJ9OVKJ5
2025-04-01 03:41:16,722 - INFO - Monolith_Exit RJ9OVKJ5
2025-04-01 03:41:16,724 - INFO - Monolith_Enter TI9B0BUT
2025-04-01 03:41:16,791 - INFO - Monolith_Exit TI9B0BUT
2025-04-01 03:41:16,793 - INFO - Monolith_Enter YCNJNW21
2025-04-01 03:41:16,856 - INFO - Monolith_Exit YCNJNW21
2025-04-01 03:41:16,859 - INFO - Monolith_Enter BATE32BI
Monolith_Enter 5YFHN2GA
Monolith_Enter AYXRMNMB
2025-04-01 03:41:17,009 - INFO - Monolith_Exit BATE32BI
Monolith_Exit 5YFHN2GA
Monolith_Exit AYXRMNMB
2025-04-01 03:41:17,101 - INFO - Monolith_Enter G5K9ULP0
2025-04-01 03:41:17,164 - INFO - Monolith_Exit G5K9ULP0
2025-04-01 03:41:17,166 - INFO - Monolith_Enter 0JK0MUR1
Monolith_Enter VKXHPBX8
2025-04-01 03:41:17,277 - INFO - Monolith_Exit 0JK0MUR1
Monolith_Exit VKXHPBX8
2025-04-01 03:41:17,298 - INFO - Monolith_Enter L38AZHQY
2025-04-01 03:41:17,362 - INFO - Monolith_Exit L38AZHQY
2025-04-01 03:41:17,364 - INFO - Monolith_Enter IOKCR01J
2025-04-01 03:41:17,429 - INFO - Monolith_Exit IOKCR01J
2025-04-01 03:41:17,543 - INFO - Monolith_Enter 677JPFI3
2025-04-01 03:41:17,612 - INFO - Monolith_Exit 677JPFI3
2025-04-01 03:41:17,621 - INFO - Monolith_Enter QW8937OH
Monolith_Enter 8FRTZB4O
Monolith_Enter W17ZM1VI
2025-04-01 03:41:17,775 - INFO - Monolith_Exit QW8937OH
Monolith_Exit 8FRTZB4O
Monolith_Exit W17ZM1VI
2025-04-01 03:41:17,779 - INFO - Monolith_Enter ZWDC63II
Monolith_Enter FXVKECCR
Monolith_Enter WJ32TPDR
2025-04-01 03:41:17,928 - INFO - Monolith_Exit ZWDC63II
Monolith_Exit FXVKECCR
Monolith_Exit WJ32TPDR
2025-04-01 03:41:17,936 - INFO - Monolith_Enter R9OY6B7X
2025-04-01 03:41:18,007 - INFO - Monolith_Exit R9OY6B7X
2025-04-01 03:41:18,009 - INFO - Monolith_Enter 0Q6VXJ4A
2025-04-01 03:41:18,072 - INFO - Monolith_Exit 0Q6VXJ4A
2025-04-01 03:41:18,079 - INFO - Monolith_Enter KJ03QPIY
2025-04-01 03:41:18,149 - INFO - Monolith_Exit KJ03QPIY
2025-04-01 03:41:18,205 - INFO - Monolith_Enter LIF885IV
2025-04-01 03:41:18,269 - INFO - Monolith_Exit LIF885IV
2025-04-01 03:41:18,272 - INFO - Monolith_Enter AC2GWKZT
Monolith_Enter 1XKW6DKG
2025-04-01 03:41:18,383 - INFO - Monolith_Exit AC2GWKZT
Monolith_Exit 1XKW6DKG
2025-04-01 03:41:18,405 - INFO - Monolith_Enter S9FMKX6F
2025-04-01 03:41:18,467 - INFO - Monolith_Exit S9FMKX6F
2025-04-01 03:41:18,508 - INFO - Monolith_Enter CBI9E4SQ
2025-04-01 03:41:18,573 - INFO - Monolith_Exit CBI9E4SQ
2025-04-01 03:41:18,575 - INFO - Monolith_Enter HE220ILA
2025-04-01 03:41:18,641 - INFO - Monolith_Exit HE220ILA
2025-04-01 03:41:18,643 - INFO - Monolith_Enter 5XRKLL3Z
2025-04-01 03:41:18,706 - INFO - Monolith_Exit 5XRKLL3Z
2025-04-01 03:41:18,717 - INFO - Monolith_Enter 1E7MGEYQ
2025-04-01 03:41:18,778 - INFO - Monolith_Exit 1E7MGEYQ
2025-04-01 03:41:18,781 - INFO - Monolith_Enter MJATLGXR
Monolith_Enter O9DXNNPT
2025-04-01 03:41:18,886 - INFO - Monolith_Exit MJATLGXR
Monolith_Exit O9DXNNPT
2025-04-01 03:41:18,974 - INFO - Monolith_Enter 5BUOXEF2
2025-04-01 03:41:19,040 - INFO - Monolith_Exit 5BUOXEF2
2025-04-01 03:41:19,042 - INFO - Monolith_Enter OH4N5M8Y
2025-04-01 03:41:19,111 - INFO - Monolith_Exit OH4N5M8Y
2025-04-01 03:41:19,114 - INFO - Monolith_Enter NZFUJZVB
Monolith_Enter 5X4SU2GU
2025-04-01 03:41:19,213 - INFO - Monolith_Exit NZFUJZVB
Monolith_Exit 5X4SU2GU
2025-04-01 03:41:19,215 - INFO - Monolith_Enter WVYLZJ3G
2025-04-01 03:41:19,278 - INFO - Monolith_Exit WVYLZJ3G
2025-04-01 03:41:19,289 - INFO - Monolith_Enter JI228B8G
Monolith_Enter 1ZAG0XUO
2025-04-01 03:41:19,392 - INFO - Monolith_Exit JI228B8G
Monolith_Exit 1ZAG0XUO
2025-04-01 03:41:19,395 - INFO - Monolith_Enter D01YWE4F
Monolith_Enter JV0HO1HD
2025-04-01 03:41:19,500 - INFO - Monolith_Exit D01YWE4F
Monolith_Exit JV0HO1HD
2025-04-01 03:41:19,502 - INFO - Monolith_Enter RD8MFQPL
Monolith_Enter NOO0L8HG
2025-04-01 03:41:19,616 - INFO - Monolith_Exit RD8MFQPL
Monolith_Exit NOO0L8HG
2025-04-01 03:41:19,619 - INFO - Monolith_Enter ZR8TKMJA
2025-04-01 03:41:19,685 - INFO - Monolith_Exit ZR8TKMJA
2025-04-01 03:41:19,688 - INFO - Monolith_Enter 32VREKE6
Monolith_Enter QRWSLGUU
2025-04-01 03:41:19,794 - INFO - Monolith_Exit 32VREKE6
Monolith_Exit QRWSLGUU
2025-04-01 03:41:19,798 - INFO - Monolith_Enter 06AA1YUU
Monolith_Enter Q5MYES3T
Monolith_Enter XD1MF5UO
2025-04-01 03:41:19,944 - INFO - Monolith_Exit 06AA1YUU
Monolith_Exit Q5MYES3T
Monolith_Exit XD1MF5UO
2025-04-01 03:41:20,039 - INFO - Monolith_Enter 6A0N7NKC
2025-04-01 03:41:20,102 - INFO - Monolith_Exit 6A0N7NKC
2025-04-01 03:41:20,104 - INFO - Monolith_Enter 650N0O5K
2025-04-01 03:41:20,167 - INFO - Monolith_Exit 650N0O5K
2025-04-01 03:41:20,170 - INFO - Monolith_Enter I8HEZKSW
Monolith_Enter Z5BS8ZA2
2025-04-01 03:41:20,277 - INFO - Monolith_Exit I8HEZKSW
Monolith_Exit Z5BS8ZA2
2025-04-01 03:41:20,279 - INFO - Monolith_Enter 5X65951D
Monolith_Enter 5FMVSZ75
2025-04-01 03:41:20,387 - INFO - Monolith_Exit 5X65951D
Monolith_Exit 5FMVSZ75
2025-04-01 03:41:20,479 - INFO - Monolith_Enter WCOAE1EU
2025-04-01 03:41:20,543 - INFO - Monolith_Exit WCOAE1EU
2025-04-01 03:41:20,583 - INFO - Monolith_Enter X4RYG4SN
2025-04-01 03:41:20,645 - INFO - Monolith_Exit X4RYG4SN
2025-04-01 03:41:20,647 - INFO - Monolith_Enter P5GRNM45
2025-04-01 03:41:20,710 - INFO - Monolith_Exit P5GRNM45
2025-04-01 03:41:20,794 - INFO - Monolith_Enter 6M2N9CRC
2025-04-01 03:41:20,867 - INFO - Monolith_Exit 6M2N9CRC
2025-04-01 03:41:20,874 - INFO - Monolith_Enter DA3RVK59
2025-04-01 03:41:20,935 - INFO - Monolith_Exit DA3RVK59
2025-04-01 03:41:20,937 - INFO - Monolith_Enter 7E3YYN5U
2025-04-01 03:41:21,006 - INFO - Monolith_Exit 7E3YYN5U
2025-04-01 03:41:21,009 - INFO - Monolith_Enter LPEPL5B0
Monolith_Enter KX71O6NY
2025-04-01 03:41:21,115 - INFO - Monolith_Exit LPEPL5B0
Monolith_Exit KX71O6NY
2025-04-01 03:41:21,117 - INFO - Monolith_Enter BAUT077E
2025-04-01 03:41:21,178 - INFO - Monolith_Exit BAUT077E
2025-04-01 03:41:21,549 - INFO - Monolith_Enter ER13L84R
2025-04-01 03:41:21,621 - INFO - Monolith_Exit ER13L84R
2025-04-01 03:41:21,629 - INFO - Monolith_Enter ZTAAUFZY
Monolith_Enter O0EPTIKD
2025-04-01 03:41:21,731 - INFO - Monolith_Exit ZTAAUFZY
Monolith_Exit O0EPTIKD
2025-04-01 03:41:21,734 - INFO - Monolith_Enter FY1NILDF
2025-04-01 03:41:21,799 - INFO - Monolith_Exit FY1NILDF
2025-04-01 03:41:21,802 - INFO - Monolith_Enter 34P95XBY
Monolith_Enter 43DWBMU8
2025-04-01 03:41:21,910 - INFO - Monolith_Exit 34P95XBY
Monolith_Exit 43DWBMU8
2025-04-01 03:41:21,913 - INFO - Monolith_Enter HOJ8YXVB
2025-04-01 03:41:21,977 - INFO - Monolith_Exit HOJ8YXVB
2025-04-01 03:41:22,082 - INFO - Monolith_Enter QGFSTFKC
2025-04-01 03:41:22,155 - INFO - Monolith_Exit QGFSTFKC
2025-04-01 03:41:22,157 - INFO - Monolith_Enter W0HBU8P1
2025-04-01 03:41:22,225 - INFO - Monolith_Exit W0HBU8P1
2025-04-01 03:41:22,233 - INFO - Monolith_Enter ZN9U8TIR
Monolith_Enter 99FAH9BF
2025-04-01 03:41:22,339 - INFO - Monolith_Exit ZN9U8TIR
Monolith_Exit 99FAH9BF
2025-04-01 03:41:22,341 - INFO - Monolith_Enter VRAKIAM9
2025-04-01 03:41:22,405 - INFO - Monolith_Exit VRAKIAM9
2025-04-01 03:41:22,416 - INFO - Monolith_Enter 4JQOW7GQ
2025-04-01 03:41:22,479 - INFO - Monolith_Exit 4JQOW7GQ
2025-04-01 03:41:22,481 - INFO - Monolith_Enter 77OO10T6
2025-04-01 03:41:22,550 - INFO - Monolith_Exit 77OO10T6
2025-04-01 03:41:22,552 - INFO - Monolith_Enter YUBPFU7K
2025-04-01 03:41:22,616 - INFO - Monolith_Exit YUBPFU7K
2025-04-01 03:41:22,676 - INFO - Monolith_Enter CGDBVABF
2025-04-01 03:41:22,748 - INFO - Monolith_Exit CGDBVABF
2025-04-01 03:41:22,770 - INFO - Monolith_Enter 1PMNR0I6
2025-04-01 03:41:22,837 - INFO - Monolith_Exit 1PMNR0I6
2025-04-01 03:41:22,839 - INFO - Monolith_Enter U0BIQU97
2025-04-01 03:41:22,908 - INFO - Monolith_Exit U0BIQU97
2025-04-01 03:41:22,911 - INFO - Monolith_Enter 6ODPQT33
Monolith_Enter JYI64EB3
2025-04-01 03:41:23,016 - INFO - Monolith_Exit 6ODPQT33
Monolith_Exit JYI64EB3
2025-04-01 03:41:23,019 - INFO - Monolith_Enter H5IXIFH9
Monolith_Enter 6CN04C37
2025-04-01 03:41:23,132 - INFO - Monolith_Exit H5IXIFH9
Monolith_Exit 6CN04C37
2025-04-01 03:41:23,134 - INFO - Monolith_Enter H6YSWZWS
Monolith_Enter LDT6UBHV
2025-04-01 03:41:23,239 - INFO - Monolith_Exit H6YSWZWS
Monolith_Exit LDT6UBHV
2025-04-01 03:41:23,241 - INFO - Monolith_Enter GFUFAK4L
2025-04-01 03:41:23,310 - INFO - Monolith_Exit GFUFAK4L
2025-04-01 03:41:23,312 - INFO - Monolith_Enter LMSTAA6R
2025-04-01 03:41:23,382 - INFO - Monolith_Exit LMSTAA6R
2025-04-01 03:41:23,384 - INFO - Monolith_Enter J3WP9PV3
2025-04-01 03:41:23,453 - INFO - Monolith_Exit J3WP9PV3
2025-04-01 03:41:23,455 - INFO - Monolith_Enter 8M1SNT3G
2025-04-01 03:41:23,515 - INFO - Monolith_Exit 8M1SNT3G
2025-04-01 03:41:23,562 - INFO - Monolith_Enter ADX64ESJ
2025-04-01 03:41:23,633 - INFO - Monolith_Exit ADX64ESJ
2025-04-01 03:41:23,635 - INFO - Monolith_Enter I0OGZ40H
2025-04-01 03:41:23,700 - INFO - Monolith_Exit I0OGZ40H
2025-04-01 03:41:23,759 - INFO - Monolith_Enter WV4JILKQ
2025-04-01 03:41:23,822 - INFO - Monolith_Exit WV4JILKQ
2025-04-01 03:41:23,824 - INFO - Monolith_Enter 8D07ZOXD
2025-04-01 03:41:23,892 - INFO - Monolith_Exit 8D07ZOXD
2025-04-01 03:41:23,894 - INFO - Monolith_Enter YAJ4JDCN
2025-04-01 03:41:23,958 - INFO - Monolith_Exit YAJ4JDCN
2025-04-01 03:41:24,072 - INFO - Monolith_Enter RB5K6JJ0
2025-04-01 03:41:24,144 - INFO - Monolith_Exit RB5K6JJ0
2025-04-01 03:41:24,199 - INFO - Monolith_Enter 3BVKGXHB
2025-04-01 03:41:24,270 - INFO - Monolith_Exit 3BVKGXHB
2025-04-01 03:41:24,351 - INFO - Monolith_Enter Q3E08UAJ
2025-04-01 03:41:24,416 - INFO - Monolith_Exit Q3E08UAJ
2025-04-01 03:41:24,517 - INFO - Monolith_Enter W4R9AX2R
2025-04-01 03:41:24,580 - INFO - Monolith_Exit W4R9AX2R
2025-04-01 03:41:24,597 - INFO - Monolith_Enter 9AGGMXVX
2025-04-01 03:41:24,659 - INFO - Monolith_Exit 9AGGMXVX
2025-04-01 03:41:24,724 - INFO - Monolith_Enter UAG747GC
2025-04-01 03:41:24,786 - INFO - Monolith_Exit UAG747GC
2025-04-01 03:41:24,876 - INFO - Monolith_Enter WE28MFZJ
2025-04-01 03:41:24,940 - INFO - Monolith_Exit WE28MFZJ
2025-04-01 03:41:24,943 - INFO - Monolith_Enter CBP3K7P8
Monolith_Enter G2Y3VRSF
2025-04-01 03:41:25,046 - INFO - Monolith_Exit CBP3K7P8
Monolith_Exit G2Y3VRSF
2025-04-01 03:41:25,048 - INFO - Monolith_Enter PX0L7HLK
Monolith_Enter TNCVM0GL
2025-04-01 03:41:25,154 - INFO - Monolith_Exit PX0L7HLK
Monolith_Exit TNCVM0GL
2025-04-01 03:41:25,157 - INFO - Monolith_Enter QBLE43V6
Monolith_Enter AUJGS48S
2025-04-01 03:41:25,268 - INFO - Monolith_Exit QBLE43V6
Monolith_Exit AUJGS48S
2025-04-01 03:41:25,412 - INFO - Monolith_Enter BA9BUIO4
2025-04-01 03:41:25,476 - INFO - Monolith_Exit BA9BUIO4
2025-04-01 03:41:25,504 - INFO - Monolith_Enter GAWDRFMT
2025-04-01 03:41:25,566 - INFO - Monolith_Exit GAWDRFMT
2025-04-01 03:41:25,568 - INFO - Monolith_Enter 2CRTFHH5
Monolith_Enter 2TRJJOAS
2025-04-01 03:41:25,682 - INFO - Monolith_Exit 2CRTFHH5
Monolith_Exit 2TRJJOAS
2025-04-01 03:41:25,684 - INFO - Monolith_Enter KBPZPBVR
2025-04-01 03:41:25,749 - INFO - Monolith_Exit KBPZPBVR
2025-04-01 03:41:25,807 - INFO - Monolith_Enter 6QJ01UBX
2025-04-01 03:41:25,880 - INFO - Monolith_Exit 6QJ01UBX
2025-04-01 03:41:25,882 - INFO - Monolith_Enter VAHSZ30R
Monolith_Enter B0BEKC9H
2025-04-01 03:41:25,986 - INFO - Monolith_Exit VAHSZ30R
Monolith_Exit B0BEKC9H
2025-04-01 03:41:25,990 - INFO - Monolith_Enter S4EB9PBY
Monolith_Enter XYE6AZZ9
Monolith_Enter X9LHTNZ5
2025-04-01 03:41:26,135 - INFO - Monolith_Exit S4EB9PBY
Monolith_Exit XYE6AZZ9
Monolith_Exit X9LHTNZ5
2025-04-01 03:41:26,157 - INFO - Monolith_Enter W750B4I1
2025-04-01 03:41:26,221 - INFO - Monolith_Exit W750B4I1
2025-04-01 03:41:26,237 - INFO - Monolith_Enter 35XRXZHD
2025-04-01 03:41:26,300 - INFO - Monolith_Exit 35XRXZHD
2025-04-01 03:41:26,302 - INFO - Monolith_Enter J6LJ3H8U
2025-04-01 03:41:26,366 - INFO - Monolith_Exit J6LJ3H8U
2025-04-01 03:41:26,376 - INFO - Monolith_Enter 5DIRQXFH
2025-04-01 03:41:26,447 - INFO - Monolith_Exit 5DIRQXFH
2025-04-01 03:41:26,449 - INFO - Monolith_Enter IPUOY6HX
2025-04-01 03:41:26,520 - INFO - Monolith_Exit IPUOY6HX
2025-04-01 03:41:26,562 - INFO - Monolith_Enter XUAB18QO
2025-04-01 03:41:26,626 - INFO - Monolith_Exit XUAB18QO
2025-04-01 03:41:26,629 - INFO - Monolith_Enter 3IEEI0W0
2025-04-01 03:41:26,692 - INFO - Monolith_Exit 3IEEI0W0
2025-04-01 03:41:26,710 - INFO - Monolith_Enter P6FDPYZ8
2025-04-01 03:41:26,775 - INFO - Monolith_Exit P6FDPYZ8
2025-04-01 03:41:26,777 - INFO - Monolith_Enter USQRJVZR
2025-04-01 03:41:26,840 - INFO - Monolith_Exit USQRJVZR
2025-04-01 03:41:26,842 - INFO - Monolith_Enter 6GH36XHO
2025-04-01 03:41:26,912 - INFO - Monolith_Exit 6GH36XHO
2025-04-01 03:41:26,915 - INFO - Monolith_Enter WBRE7FY5
Monolith_Enter 2OLXVM4K
Monolith_Enter 24A9GHQI
2025-04-01 03:41:27,065 - INFO - Monolith_Exit WBRE7FY5
Monolith_Exit 2OLXVM4K
Monolith_Exit 24A9GHQI
2025-04-01 03:41:27,075 - INFO - Monolith_Enter B2ZZCGQP
Monolith_Enter BMPHWN9J
Monolith_Enter LYECSPMS
2025-04-01 03:41:27,221 - INFO - Monolith_Exit B2ZZCGQP
Monolith_Exit BMPHWN9J
Monolith_Exit LYECSPMS
