2025-04-01 00:44:47,809 - INFO - Ingress_Enter DMGXGT6Y
2025-04-01 00:44:47,902 - INFO - Ingress_Enter Z89F4DJL
2025-04-01 00:44:47,949 - INFO - Ingress_Enter XA0NSXHM
2025-04-01 00:44:48,221 - INFO - Ingress_Enter PJXOND1H
2025-04-01 00:44:48,309 - INFO - Ingress_Enter GX1EXDRK
2025-04-01 00:44:48,445 - INFO - Ingress_Enter J2Q3PX1M
2025-04-01 00:44:48,786 - INFO - Ingress_Enter MC2MQ1HP
2025-04-01 00:44:48,797 - INFO - Ingress_Exit XA0NSXHM
2025-04-01 00:44:48,798 - INFO - Ingress_Exit DMGXGT6Y
2025-04-01 00:44:49,080 - INFO - Ingress_Exit J2Q3PX1M
2025-04-01 00:44:49,114 - INFO - Ingress_Exit Z89F4DJL
2025-04-01 00:44:49,121 - INFO - Ingress_Exit PJXOND1H
2025-04-01 00:44:49,130 - INFO - Ingress_Enter NMCARXQ8
2025-04-01 00:44:49,267 - INFO - Ingress_Enter HN3A691Q
2025-04-01 00:44:49,325 - INFO - Ingress_Exit GX1EXDRK
2025-04-01 00:44:49,406 - INFO - Ingress_Enter T7R36PSN
2025-04-01 00:44:49,424 - INFO - Ingress_Enter M6S9153Y
2025-04-01 00:44:49,483 - INFO - Ingress_Enter I14P3HWJ
2025-04-01 00:44:49,492 - INFO - Ingress_Enter 86KJ4PGD
2025-04-01 00:44:49,564 - INFO - Ingress_Enter QHR1RS4P
2025-04-01 00:44:49,714 - INFO - Ingress_Exit MC2MQ1HP
2025-04-01 00:44:49,918 - INFO - Ingress_Exit HN3A691Q
2025-04-01 00:44:49,930 - INFO - Ingress_Enter DQUR8B8I
2025-04-01 00:44:50,008 - INFO - Ingress_Enter 8G2RWAPV
2025-04-01 00:44:50,099 - INFO - Ingress_Exit 86KJ4PGD
2025-04-01 00:44:50,171 - INFO - Ingress_Exit QHR1RS4P
2025-04-01 00:44:50,201 - INFO - Ingress_Enter R2VPD2TE
2025-04-01 00:44:50,393 - INFO - Ingress_Enter WUDAT203
2025-04-01 00:44:50,403 - INFO - Ingress_Enter 9Z90ZG9K
2025-04-01 00:44:50,544 - INFO - Ingress_Exit DQUR8B8I
2025-04-01 00:44:50,546 - INFO - Ingress_Exit 8G2RWAPV
2025-04-01 00:44:50,555 - INFO - Ingress_Exit NMCARXQ8
2025-04-01 00:44:50,863 - INFO - Ingress_Exit M6S9153Y
2025-04-01 00:44:51,004 - INFO - Ingress_Exit T7R36PSN
2025-04-01 00:44:51,011 - INFO - Ingress_Exit I14P3HWJ
2025-04-01 00:44:51,090 - INFO - Ingress_Exit R2VPD2TE
2025-04-01 00:44:51,195 - INFO - Ingress_Exit WUDAT203
2025-04-01 00:44:51,216 - INFO - Ingress_Enter ZHE2HJS8
2025-04-01 00:44:51,246 - INFO - Ingress_Enter XGGHDOUV
2025-04-01 00:44:51,255 - INFO - Ingress_Enter GKWY8XID
2025-04-01 00:44:51,344 - INFO - Ingress_Exit 9Z90ZG9K
2025-04-01 00:44:51,461 - INFO - Ingress_Enter 113XC0SQ
2025-04-01 00:44:51,719 - INFO - Ingress_Enter FMMEM76R
2025-04-01 00:44:51,728 - INFO - Ingress_Enter N32P2HNA
2025-04-01 00:44:51,779 - INFO - Ingress_Enter 2YBF00HH
2025-04-01 00:44:51,786 - INFO - Ingress_Exit ZHE2HJS8
2025-04-01 00:44:51,974 - INFO - Ingress_Enter 54C3J36Q
2025-04-01 00:44:52,099 - INFO - Ingress_Enter Y8U13K44
2025-04-01 00:44:52,134 - INFO - Ingress_Exit XGGHDOUV
2025-04-01 00:44:52,135 - INFO - Ingress_Exit GKWY8XID
2025-04-01 00:44:52,286 - INFO - Ingress_Enter HHH0PTRN
2025-04-01 00:44:52,302 - INFO - Ingress_Exit 113XC0SQ
2025-04-01 00:44:52,305 - INFO - Ingress_Exit FMMEM76R
2025-04-01 00:44:52,355 - INFO - Ingress_Enter JSQ3LLZO
2025-04-01 00:44:52,376 - INFO - Ingress_Enter M8V69GMC
2025-04-01 00:44:52,424 - INFO - Ingress_Enter IUA07E7J
2025-04-01 00:44:52,606 - INFO - Ingress_Exit N32P2HNA
2025-04-01 00:44:52,608 - INFO - Ingress_Exit 2YBF00HH
2025-04-01 00:44:52,658 - INFO - Ingress_Enter MP2Y07T6
2025-04-01 00:44:52,686 - INFO - Ingress_Exit Y8U13K44
2025-04-01 00:44:52,931 - INFO - Ingress_Exit 54C3J36Q
2025-04-01 00:44:52,963 - INFO - Ingress_Enter 2EF4BK9P
2025-04-01 00:44:52,978 - INFO - Ingress_Exit MP2Y07T6
2025-04-01 00:44:53,206 - INFO - Ingress_Enter 798GDQEI
2025-04-01 00:44:53,228 - INFO - Ingress_Exit HHH0PTRN
2025-04-01 00:44:53,229 - INFO - Ingress_Exit JSQ3LLZO
2025-04-01 00:44:53,231 - INFO - Ingress_Exit M8V69GMC
2025-04-01 00:44:53,234 - INFO - Ingress_Exit IUA07E7J
2025-04-01 00:44:53,280 - INFO - Ingress_Enter QQ87YUWO
2025-04-01 00:44:53,291 - INFO - Ingress_Enter 134XIZHF
2025-04-01 00:44:53,302 - INFO - Ingress_Enter F4QDKTKK
2025-04-01 00:44:53,329 - INFO - Ingress_Enter ZDBH8X7D
2025-04-01 00:44:53,339 - INFO - Ingress_Enter 5F4VX5HQ
2025-04-01 00:44:53,397 - INFO - Ingress_Enter QBLLK3DT
2025-04-01 00:44:53,435 - INFO - Ingress_Enter ZN3OLNNL
2025-04-01 00:44:53,501 - INFO - Ingress_Enter 9IG1WR0Y
2025-04-01 00:44:53,622 - INFO - Ingress_Exit 2EF4BK9P
2025-04-01 00:44:53,723 - INFO - Ingress_Exit QQ87YUWO
2025-04-01 00:44:53,724 - INFO - Ingress_Exit F4QDKTKK
2025-04-01 00:44:53,726 - INFO - Ingress_Exit 5F4VX5HQ
2025-04-01 00:44:53,862 - INFO - Ingress_Exit 798GDQEI
2025-04-01 00:44:53,864 - INFO - Ingress_Exit 134XIZHF
2025-04-01 00:44:53,867 - INFO - Ingress_Exit QBLLK3DT
2025-04-01 00:44:53,868 - INFO - Ingress_Exit ZN3OLNNL
2025-04-01 00:44:53,868 - INFO - Ingress_Exit ZDBH8X7D
2025-04-01 00:44:54,017 - INFO - Ingress_Exit 9IG1WR0Y
2025-04-01 00:45:03,623 - INFO - Ingress_Enter MKWABUXT
2025-04-01 00:45:03,660 - INFO - Ingress_Enter SAPQR4DI
2025-04-01 00:45:03,717 - INFO - Ingress_Enter 7R0BIY3X
2025-04-01 00:45:03,794 - INFO - Ingress_Enter AZ4RWNIF
2025-04-01 00:45:03,825 - INFO - Ingress_Enter SZSLTUMU
2025-04-01 00:45:03,844 - INFO - Ingress_Enter CHBGFCA7
2025-04-01 00:45:03,942 - INFO - Ingress_Enter 0EAG1UJK
2025-04-01 00:45:03,943 - INFO - Ingress_Exit MKWABUXT
2025-04-01 00:45:04,046 - INFO - Ingress_Exit 7R0BIY3X
2025-04-01 00:45:04,071 - INFO - Ingress_Exit AZ4RWNIF
2025-04-01 00:45:04,228 - INFO - Ingress_Exit SAPQR4DI
2025-04-01 00:45:04,240 - INFO - Ingress_Exit CHBGFCA7
2025-04-01 00:45:04,368 - INFO - Ingress_Exit SZSLTUMU
2025-04-01 00:45:04,466 - INFO - Ingress_Enter JL11QBP9
2025-04-01 00:45:04,515 - INFO - Ingress_Exit 0EAG1UJK
2025-04-01 00:45:04,534 - INFO - Ingress_Enter G3O173QX
2025-04-01 00:45:04,544 - INFO - Ingress_Enter 8KO8TC4I
2025-04-01 00:45:04,701 - INFO - Ingress_Enter HIS2C22C
2025-04-01 00:45:04,752 - INFO - Ingress_Exit JL11QBP9
2025-04-01 00:45:04,760 - INFO - Ingress_Enter N1HKKZJS
2025-04-01 00:45:04,981 - INFO - Ingress_Exit G3O173QX
2025-04-01 00:45:04,982 - INFO - Ingress_Exit 8KO8TC4I
2025-04-01 00:45:04,999 - INFO - Ingress_Enter A1TVMNKF
2025-04-01 00:45:05,009 - INFO - Ingress_Enter FMWPQ5HM
2025-04-01 00:45:05,048 - INFO - Ingress_Exit HIS2C22C
2025-04-01 00:45:05,049 - INFO - Ingress_Enter TTDSS0RI
2025-04-01 00:45:05,051 - INFO - Ingress_Exit N1HKKZJS
2025-04-01 00:45:05,250 - INFO - Ingress_Exit FMWPQ5HM
2025-04-01 00:45:05,293 - INFO - Ingress_Enter PA5U8SMJ
2025-04-01 00:45:05,362 - INFO - Ingress_Enter Z9FC9DFB
2025-04-01 00:45:05,371 - INFO - Ingress_Enter WC5WYMX8
2025-04-01 00:45:05,466 - INFO - Ingress_Exit TTDSS0RI
2025-04-01 00:45:05,468 - INFO - Ingress_Enter 4NBKDC7N
2025-04-01 00:45:05,545 - INFO - Ingress_Enter 9I454C4V
2025-04-01 00:45:05,575 - INFO - Ingress_Exit A1TVMNKF
2025-04-01 00:45:05,612 - INFO - Ingress_Exit Z9FC9DFB
2025-04-01 00:45:05,629 - INFO - Ingress_Exit PA5U8SMJ
2025-04-01 00:45:05,912 - INFO - Ingress_Exit WC5WYMX8
2025-04-01 00:45:05,913 - INFO - Ingress_Exit 4NBKDC7N
2025-04-01 00:45:05,914 - INFO - Ingress_Exit 9I454C4V
2025-04-01 00:45:06,097 - INFO - Ingress_Enter W7L7LRMU
2025-04-01 00:45:06,324 - INFO - Ingress_Enter MW9142Q1
2025-04-01 00:45:06,333 - INFO - Ingress_Enter XQ3MPAJ2
2025-04-01 00:45:06,492 - INFO - Ingress_Enter 7S0J5VD1
2025-04-01 00:45:06,565 - INFO - Ingress_Exit W7L7LRMU
2025-04-01 00:45:06,569 - INFO - Ingress_Enter EJUBRRBR
2025-04-01 00:45:06,595 - INFO - Ingress_Exit MW9142Q1
2025-04-01 00:45:06,617 - INFO - Ingress_Enter W7F28WGN
2025-04-01 00:45:06,717 - INFO - Ingress_Exit EJUBRRBR
2025-04-01 00:45:06,722 - INFO - Ingress_Enter 30Z9TXAX
2025-04-01 00:45:06,775 - INFO - Ingress_Exit XQ3MPAJ2
2025-04-01 00:45:06,993 - INFO - Ingress_Exit 7S0J5VD1
2025-04-01 00:45:07,087 - INFO - Ingress_Enter D4FZGHH2
2025-04-01 00:45:07,233 - INFO - Ingress_Enter H2IDVONC
2025-04-01 00:45:07,267 - INFO - Ingress_Exit D4FZGHH2
2025-04-01 00:45:07,281 - INFO - Ingress_Enter KZQER2UU
2025-04-01 00:45:07,309 - INFO - Ingress_Enter O9EQLSC0
2025-04-01 00:45:07,444 - INFO - Ingress_Exit W7F28WGN
2025-04-01 00:45:07,446 - INFO - Ingress_Exit 30Z9TXAX
2025-04-01 00:45:07,611 - INFO - Ingress_Enter G7DZ6GWV
2025-04-01 00:45:07,703 - INFO - Ingress_Exit KZQER2UU
2025-04-01 00:45:07,735 - INFO - Ingress_Enter EPZGM91G
2025-04-01 00:45:07,748 - INFO - Ingress_Exit H2IDVONC
2025-04-01 00:45:07,841 - INFO - Ingress_Enter 5X28O3UI
2025-04-01 00:45:07,850 - INFO - Ingress_Enter 6AI2S79H
2025-04-01 00:45:07,927 - INFO - Ingress_Exit O9EQLSC0
2025-04-01 00:45:07,940 - INFO - Ingress_Enter 7HZMOZHN
2025-04-01 00:45:07,948 - INFO - Ingress_Enter 667VHZAS
2025-04-01 00:45:08,029 - INFO - Ingress_Exit 5X28O3UI
2025-04-01 00:45:08,159 - INFO - Ingress_Exit 6AI2S79H
2025-04-01 00:45:08,205 - INFO - Ingress_Enter SXARXIIM
2025-04-01 00:45:08,238 - INFO - Ingress_Exit 7HZMOZHN
2025-04-01 00:45:08,257 - INFO - Ingress_Exit G7DZ6GWV
2025-04-01 00:45:08,260 - INFO - Ingress_Exit EPZGM91G
2025-04-01 00:45:08,280 - INFO - Ingress_Enter TU5K9OMJ
2025-04-01 00:45:08,435 - INFO - Ingress_Enter DMOZM24Y
2025-04-01 00:45:08,453 - INFO - Ingress_Enter OJQ7S5VR
2025-04-01 00:45:08,463 - INFO - Ingress_Enter P37V64H8
2025-04-01 00:45:08,569 - INFO - Ingress_Exit TU5K9OMJ
2025-04-01 00:45:08,679 - INFO - Ingress_Exit 667VHZAS
2025-04-01 00:45:08,796 - INFO - Ingress_Exit SXARXIIM
2025-04-01 00:45:08,858 - INFO - Ingress_Enter ZAADBEND
2025-04-01 00:45:08,903 - INFO - Ingress_Exit DMOZM24Y
2025-04-01 00:45:08,906 - INFO - Ingress_Exit P37V64H8
2025-04-01 00:45:08,983 - INFO - Ingress_Enter 08PCVY4X
2025-04-01 00:45:09,094 - INFO - Ingress_Enter RA4KNO3T
2025-04-01 00:45:09,110 - INFO - Ingress_Enter 6URIHSXU
2025-04-01 00:45:09,227 - INFO - Ingress_Enter 4S9MC92K
2025-04-01 00:45:09,278 - INFO - Ingress_Exit OJQ7S5VR
2025-04-01 00:45:09,303 - INFO - Ingress_Exit ZAADBEND
2025-04-01 00:45:09,373 - INFO - Ingress_Enter FKCK2S83
2025-04-01 00:45:09,504 - INFO - Ingress_Enter BIW23OCP
2025-04-01 00:45:09,601 - INFO - Ingress_Exit FKCK2S83
2025-04-01 00:45:09,608 - INFO - Ingress_Exit RA4KNO3T
2025-04-01 00:45:09,610 - INFO - Ingress_Exit 6URIHSXU
2025-04-01 00:45:09,623 - INFO - Ingress_Exit 08PCVY4X
2025-04-01 00:45:09,894 - INFO - Ingress_Exit BIW23OCP
2025-04-01 00:45:09,904 - INFO - Ingress_Enter 9OLB44AG
2025-04-01 00:45:09,914 - INFO - Ingress_Enter 3L5ZZG3L
2025-04-01 00:45:09,981 - INFO - Ingress_Enter LQ1AIW5I
2025-04-01 00:45:10,047 - INFO - Ingress_Exit 4S9MC92K
2025-04-01 00:45:10,115 - INFO - Ingress_Enter CDQRJ1PH
2025-04-01 00:45:10,177 - INFO - Ingress_Exit 3L5ZZG3L
2025-04-01 00:45:10,250 - INFO - Ingress_Exit LQ1AIW5I
2025-04-01 00:45:10,328 - INFO - Ingress_Exit 9OLB44AG
2025-04-01 00:45:10,666 - INFO - Ingress_Enter D8VX830T
2025-04-01 00:45:10,672 - INFO - Ingress_Exit CDQRJ1PH
2025-04-01 00:45:10,814 - INFO - Ingress_Enter L1J79I0D
2025-04-01 00:45:10,852 - INFO - Ingress_Enter LVTP5GPO
2025-04-01 00:45:10,945 - INFO - Ingress_Enter 3H3V797W
2025-04-01 00:45:10,974 - INFO - Ingress_Enter QRE23NGO
2025-04-01 00:45:10,994 - INFO - Ingress_Exit D8VX830T
2025-04-01 00:45:11,051 - INFO - Ingress_Exit L1J79I0D
2025-04-01 00:45:11,130 - INFO - Ingress_Exit LVTP5GPO
2025-04-01 00:45:11,225 - INFO - Ingress_Enter NGYBS2ZY
2025-04-01 00:45:11,251 - INFO - Ingress_Exit 3H3V797W
2025-04-01 00:45:11,332 - INFO - Ingress_Exit QRE23NGO
2025-04-01 00:45:11,419 - INFO - Ingress_Enter QW577KUR
2025-04-01 00:45:11,487 - INFO - Ingress_Enter AOYWHEDF
2025-04-01 00:45:11,505 - INFO - Ingress_Enter VM4NE41N
2025-04-01 00:45:11,557 - INFO - Ingress_Enter E2AGZJRQ
2025-04-01 00:45:11,571 - INFO - Ingress_Exit NGYBS2ZY
2025-04-01 00:45:11,643 - INFO - Ingress_Enter EX3FKFJ8
2025-04-01 00:45:11,694 - INFO - Ingress_Enter 0NN6G0XY
2025-04-01 00:45:11,800 - INFO - Ingress_Enter RTYL88D1
2025-04-01 00:45:11,852 - INFO - Ingress_Exit QW577KUR
2025-04-01 00:45:11,919 - INFO - Ingress_Exit E2AGZJRQ
2025-04-01 00:45:11,977 - INFO - Ingress_Exit AOYWHEDF
2025-04-01 00:45:11,977 - INFO - Ingress_Exit VM4NE41N
2025-04-01 00:45:11,984 - INFO - Ingress_Exit EX3FKFJ8
2025-04-01 00:45:12,036 - INFO - Ingress_Exit 0NN6G0XY
2025-04-01 00:45:12,093 - INFO - Ingress_Enter KLM365XP
2025-04-01 00:45:12,132 - INFO - Ingress_Enter H1DP4D8V
2025-04-01 00:45:12,140 - INFO - Ingress_Enter 8H0NJWFB
2025-04-01 00:45:12,150 - INFO - Ingress_Enter ER8DTQAP
2025-04-01 00:45:12,179 - INFO - Ingress_Enter M321HWOE
2025-04-01 00:45:12,286 - INFO - Ingress_Exit RTYL88D1
2025-04-01 00:45:12,420 - INFO - Ingress_Exit KLM365XP
2025-04-01 00:45:12,422 - INFO - Ingress_Exit M321HWOE
2025-04-01 00:45:12,430 - INFO - Ingress_Enter T3LGCBLV
2025-04-01 00:45:12,476 - INFO - Ingress_Exit 8H0NJWFB
2025-04-01 00:45:12,488 - INFO - Ingress_Enter 5CN3H9C7
2025-04-01 00:45:12,525 - INFO - Ingress_Exit H1DP4D8V
2025-04-01 00:45:12,526 - INFO - Ingress_Exit ER8DTQAP
2025-04-01 00:45:12,894 - INFO - Ingress_Enter N68BNHTM
2025-04-01 00:45:12,968 - INFO - Ingress_Exit 5CN3H9C7
2025-04-01 00:45:12,991 - INFO - Ingress_Exit T3LGCBLV
2025-04-01 00:45:13,000 - INFO - Ingress_Enter GQO3Q8MS
2025-04-01 00:45:13,019 - INFO - Ingress_Enter 25JUFDOW
2025-04-01 00:45:13,028 - INFO - Ingress_Enter MIKSTZS6
2025-04-01 00:45:13,146 - INFO - Ingress_Enter PEPM7O1Y
2025-04-01 00:45:13,295 - INFO - Ingress_Exit MIKSTZS6
2025-04-01 00:45:13,427 - INFO - Ingress_Exit GQO3Q8MS
2025-04-01 00:45:13,444 - INFO - Ingress_Enter QXJP0M8Q
2025-04-01 00:45:13,619 - INFO - Ingress_Enter T8GLEPXS
2025-04-01 00:45:13,649 - INFO - Ingress_Exit 25JUFDOW
2025-04-01 00:45:13,707 - INFO - Ingress_Enter HIXO010P
2025-04-01 00:45:13,795 - INFO - Ingress_Enter M7EZ2453
2025-04-01 00:45:13,826 - INFO - Ingress_Enter OFAY1LYJ
2025-04-01 00:45:13,967 - INFO - Ingress_Exit N68BNHTM
2025-04-01 00:45:13,969 - INFO - Ingress_Exit PEPM7O1Y
2025-04-01 00:45:14,034 - INFO - Ingress_Enter UER3T8QF
2025-04-01 00:45:14,055 - INFO - Ingress_Exit QXJP0M8Q
2025-04-01 00:45:14,057 - INFO - Ingress_Exit HIXO010P
2025-04-01 00:45:14,175 - INFO - Ingress_Enter RXONMJ2W
2025-04-01 00:45:14,245 - INFO - Ingress_Exit T8GLEPXS
2025-04-01 00:45:14,247 - INFO - Ingress_Exit OFAY1LYJ
2025-04-01 00:45:14,265 - INFO - Ingress_Exit M7EZ2453
2025-04-01 00:45:14,392 - INFO - Ingress_Enter V0FPSMBX
2025-04-01 00:45:14,403 - INFO - Ingress_Enter 8M6507SI
2025-04-01 00:45:14,430 - INFO - Ingress_Enter S2HP14HJ
2025-04-01 00:45:14,431 - INFO - Ingress_Exit RXONMJ2W
2025-04-01 00:45:14,636 - INFO - Ingress_Enter OGW81NYO
2025-04-01 00:45:14,651 - INFO - Ingress_Exit V0FPSMBX
2025-04-01 00:45:14,658 - INFO - Ingress_Exit UER3T8QF
2025-04-01 00:45:14,763 - INFO - Ingress_Exit S2HP14HJ
2025-04-01 00:45:14,859 - INFO - Ingress_Enter 6I3F5E0G
2025-04-01 00:45:14,909 - INFO - Ingress_Exit 8M6507SI
2025-04-01 00:45:14,968 - INFO - Ingress_Enter L3SBSG1B
2025-04-01 00:45:14,987 - INFO - Ingress_Enter AL27M667
2025-04-01 00:45:15,036 - INFO - Ingress_Enter VVYNS4FA
2025-04-01 00:45:15,095 - INFO - Ingress_Enter 1SXEKVTJ
2025-04-01 00:45:15,110 - INFO - Ingress_Exit OGW81NYO
2025-04-01 00:45:15,121 - INFO - Ingress_Enter X1046Y18
2025-04-01 00:45:15,133 - INFO - Ingress_Enter BV99DTQC
2025-04-01 00:45:15,233 - INFO - Ingress_Enter AQDK4DXI
2025-04-01 00:45:15,245 - INFO - Ingress_Exit 6I3F5E0G
2025-04-01 00:45:15,331 - INFO - Ingress_Exit L3SBSG1B
2025-04-01 00:45:15,367 - INFO - Ingress_Enter 5IOJT071
2025-04-01 00:45:15,427 - INFO - Ingress_Enter 1TC0OBJE
2025-04-01 00:45:15,428 - INFO - Ingress_Exit 1SXEKVTJ
2025-04-01 00:45:15,516 - INFO - Ingress_Exit AL27M667
2025-04-01 00:45:15,517 - INFO - Ingress_Exit VVYNS4FA
2025-04-01 00:45:15,520 - INFO - Ingress_Exit X1046Y18
2025-04-01 00:45:15,723 - INFO - Ingress_Exit 5IOJT071
2025-04-01 00:45:15,725 - INFO - Ingress_Exit BV99DTQC
2025-04-01 00:45:15,729 - INFO - Ingress_Exit AQDK4DXI
2025-04-01 00:45:15,830 - INFO - Ingress_Exit 1TC0OBJE
2025-04-01 00:45:16,968 - INFO - Ingress_Enter 2SNYXO8Z
2025-04-01 00:45:16,996 - INFO - Ingress_Enter UQRV966Y
2025-04-01 00:45:17,152 - INFO - Ingress_Enter RZVW6PMR
2025-04-01 00:45:17,199 - INFO - Ingress_Enter IAPT475A
2025-04-01 00:45:17,285 - INFO - Ingress_Exit UQRV966Y
2025-04-01 00:45:17,316 - INFO - Ingress_Enter L1G42M5L
2025-04-01 00:45:17,394 - INFO - Ingress_Enter 074MBNH2
2025-04-01 00:45:17,417 - INFO - Ingress_Exit 2SNYXO8Z
2025-04-01 00:45:17,439 - INFO - Ingress_Enter NS1ITIFL
2025-04-01 00:45:17,448 - INFO - Ingress_Enter NJDVBENI
2025-04-01 00:45:17,497 - INFO - Ingress_Enter Z3P9XOF9
2025-04-01 00:45:17,507 - INFO - Ingress_Enter F9U86F4U
2025-04-01 00:45:17,577 - INFO - Ingress_Exit IAPT475A
2025-04-01 00:45:17,629 - INFO - Ingress_Exit RZVW6PMR
2025-04-01 00:45:17,707 - INFO - Ingress_Exit L1G42M5L
2025-04-01 00:45:17,710 - INFO - Ingress_Exit NJDVBENI
2025-04-01 00:45:17,837 - INFO - Ingress_Exit 074MBNH2
2025-04-01 00:45:17,940 - INFO - Ingress_Exit NS1ITIFL
2025-04-01 00:45:17,943 - INFO - Ingress_Exit Z3P9XOF9
2025-04-01 00:45:17,944 - INFO - Ingress_Exit F9U86F4U
2025-04-01 00:45:18,110 - INFO - Ingress_Enter CX0HAQBR
2025-04-01 00:45:18,262 - INFO - Ingress_Enter IMAG63OU
2025-04-01 00:45:18,311 - INFO - Ingress_Enter MXBMDW1J
2025-04-01 00:45:18,319 - INFO - Ingress_Enter 19FGLJYJ
2025-04-01 00:45:18,391 - INFO - Ingress_Exit CX0HAQBR
2025-04-01 00:45:18,477 - INFO - Ingress_Enter C9LXG3GW
2025-04-01 00:45:18,625 - INFO - Ingress_Enter 4U7BQGCC
2025-04-01 00:45:18,636 - INFO - Ingress_Exit IMAG63OU
2025-04-01 00:45:18,752 - INFO - Ingress_Enter S4T210A8
2025-04-01 00:45:18,814 - INFO - Ingress_Exit C9LXG3GW
2025-04-01 00:45:18,849 - INFO - Ingress_Enter 3P8Y04BQ
2025-04-01 00:45:18,869 - INFO - Ingress_Enter C3RKZSXI
2025-04-01 00:45:18,947 - INFO - Ingress_Enter 7ISD6U0M
2025-04-01 00:45:18,948 - INFO - Ingress_Exit 4U7BQGCC
2025-04-01 00:45:18,957 - INFO - Ingress_Exit MXBMDW1J
2025-04-01 00:45:18,959 - INFO - Ingress_Exit 19FGLJYJ
2025-04-01 00:45:18,961 - INFO - Ingress_Enter KR8AGB83
2025-04-01 00:45:19,009 - INFO - Ingress_Enter PVHXZSUQ
2025-04-01 00:45:19,027 - INFO - Ingress_Enter 6MK7JTDV
2025-04-01 00:45:19,067 - INFO - Ingress_Exit S4T210A8
2025-04-01 00:45:19,347 - INFO - Ingress_Exit 3P8Y04BQ
2025-04-01 00:45:19,349 - INFO - Ingress_Exit KR8AGB83
2025-04-01 00:45:19,367 - INFO - Ingress_Exit C3RKZSXI
2025-04-01 00:45:19,369 - INFO - Ingress_Exit 7ISD6U0M
2025-04-01 00:45:19,371 - INFO - Ingress_Exit PVHXZSUQ
2025-04-01 00:45:19,445 - INFO - Ingress_Exit 6MK7JTDV
2025-04-01 00:45:19,465 - INFO - Ingress_Enter HR06UTXS
2025-04-01 00:45:19,805 - INFO - Ingress_Enter KE72W43V
2025-04-01 00:45:19,845 - INFO - Ingress_Exit HR06UTXS
2025-04-01 00:45:19,893 - INFO - Ingress_Enter 9Q4C1O8F
2025-04-01 00:45:19,922 - INFO - Ingress_Enter 1DLXVMO3
2025-04-01 00:45:19,932 - INFO - Ingress_Enter ZJZRN7FY
2025-04-01 00:45:19,973 - INFO - Ingress_Enter OYTK9E2P
2025-04-01 00:45:20,047 - INFO - Ingress_Exit KE72W43V
2025-04-01 00:45:20,107 - INFO - Ingress_Exit 9Q4C1O8F
2025-04-01 00:45:20,108 - INFO - Ingress_Exit 1DLXVMO3
2025-04-01 00:45:20,128 - INFO - Ingress_Enter 5X9FHABA
2025-04-01 00:45:20,186 - INFO - Ingress_Enter 1HGN6CE4
2025-04-01 00:45:20,359 - INFO - Ingress_Exit ZJZRN7FY
2025-04-01 00:45:20,361 - INFO - Ingress_Exit OYTK9E2P
2025-04-01 00:45:20,381 - INFO - Ingress_Enter FDVRNR8C
2025-04-01 00:45:20,429 - INFO - Ingress_Enter HXDRGWEJ
2025-04-01 00:45:20,447 - INFO - Ingress_Enter 3CIDFY8S
2025-04-01 00:45:20,490 - INFO - Ingress_Exit 5X9FHABA
2025-04-01 00:45:20,505 - INFO - Ingress_Enter WHIK8Q0U
2025-04-01 00:45:20,622 - INFO - Ingress_Enter GRGGJDR6
2025-04-01 00:45:20,629 - INFO - Ingress_Exit 1HGN6CE4
2025-04-01 00:45:20,669 - INFO - Ingress_Enter 6PC1DUSL
2025-04-01 00:45:20,707 - INFO - Ingress_Enter DWCUIX8E
2025-04-01 00:45:20,831 - INFO - Ingress_Exit FDVRNR8C
2025-04-01 00:45:20,909 - INFO - Ingress_Exit HXDRGWEJ
2025-04-01 00:45:20,914 - INFO - Ingress_Exit WHIK8Q0U
2025-04-01 00:45:20,922 - INFO - Ingress_Enter SGCCQYDT
2025-04-01 00:45:20,928 - INFO - Ingress_Exit 3CIDFY8S
2025-04-01 00:45:20,942 - INFO - Ingress_Enter 3SGQA6HP
2025-04-01 00:45:20,970 - INFO - Ingress_Exit DWCUIX8E
2025-04-01 00:45:21,069 - INFO - Ingress_Enter YQVRHJ0X
2025-04-01 00:45:21,098 - INFO - Ingress_Exit 3SGQA6HP
2025-04-01 00:45:21,108 - INFO - Ingress_Enter 7T3IHPYG
2025-04-01 00:45:21,134 - INFO - Ingress_Exit GRGGJDR6
2025-04-01 00:45:21,137 - INFO - Ingress_Exit 6PC1DUSL
2025-04-01 00:45:21,142 - INFO - Ingress_Enter 1AIXJSN9
2025-04-01 00:45:21,146 - INFO - Ingress_Enter NJ6D2IWN
2025-04-01 00:45:21,158 - INFO - Ingress_Enter VDWPZBJN
2025-04-01 00:45:21,212 - INFO - Ingress_Exit YQVRHJ0X
2025-04-01 00:45:21,263 - INFO - Ingress_Exit SGCCQYDT
2025-04-01 00:45:21,343 - INFO - Ingress_Exit 7T3IHPYG
2025-04-01 00:45:21,448 - INFO - Ingress_Exit VDWPZBJN
2025-04-01 00:45:21,465 - INFO - Ingress_Exit 1AIXJSN9
2025-04-01 00:45:21,465 - INFO - Ingress_Exit NJ6D2IWN
2025-04-01 00:45:21,643 - INFO - Ingress_Enter UTVRHVLW
2025-04-01 00:45:21,790 - INFO - Ingress_Enter UGL0PSPT
2025-04-01 00:45:21,807 - INFO - Ingress_Enter R797IWUI
2025-04-01 00:45:21,876 - INFO - Ingress_Enter SBAZL9VI
2025-04-01 00:45:21,972 - INFO - Ingress_Enter PYSD8AQ5
2025-04-01 00:45:21,996 - INFO - Ingress_Exit UTVRHVLW
2025-04-01 00:45:22,030 - INFO - Ingress_Enter J3FEVRTP
2025-04-01 00:45:22,077 - INFO - Ingress_Enter K9JBK05C
2025-04-01 00:45:22,088 - INFO - Ingress_Exit R797IWUI
2025-04-01 00:45:22,199 - INFO - Ingress_Exit SBAZL9VI
2025-04-01 00:45:22,437 - INFO - Ingress_Exit PYSD8AQ5
2025-04-01 00:45:22,439 - INFO - Ingress_Exit UGL0PSPT
2025-04-01 00:45:22,466 - INFO - Ingress_Enter 05SOXNJ7
2025-04-01 00:45:22,535 - INFO - Ingress_Enter I86ACFN7
2025-04-01 00:45:22,548 - INFO - Ingress_Exit K9JBK05C
2025-04-01 00:45:22,563 - INFO - Ingress_Enter JW5H8SMY
2025-04-01 00:45:22,565 - INFO - Ingress_Exit J3FEVRTP
2025-04-01 00:45:22,591 - INFO - Ingress_Enter 4FFYD6EP
2025-04-01 00:45:22,642 - INFO - Ingress_Enter IDCDTBVU
2025-04-01 00:45:22,702 - INFO - Ingress_Enter 61OWNKIC
2025-04-01 00:45:22,897 - INFO - Ingress_Enter 4KSIVI5T
2025-04-01 00:45:22,924 - INFO - Ingress_Enter ZAJ7Z8YR
2025-04-01 00:45:22,971 - INFO - Ingress_Exit 05SOXNJ7
2025-04-01 00:45:23,120 - INFO - Ingress_Exit I86ACFN7
2025-04-01 00:45:23,123 - INFO - Ingress_Exit JW5H8SMY
2025-04-01 00:45:23,124 - INFO - Ingress_Exit 4FFYD6EP
2025-04-01 00:45:23,125 - INFO - Ingress_Exit 4KSIVI5T
2025-04-01 00:45:23,129 - INFO - Ingress_Exit IDCDTBVU
2025-04-01 00:45:23,280 - INFO - Ingress_Exit 61OWNKIC
2025-04-01 00:45:23,280 - INFO - Ingress_Exit ZAJ7Z8YR
2025-04-01 00:45:33,195 - INFO - Ingress_Enter 3OZLEG72
2025-04-01 00:45:33,249 - INFO - Ingress_Enter 0DKYG136
2025-04-01 00:45:33,330 - INFO - Ingress_Enter JQC7G14T
2025-04-01 00:45:33,398 - INFO - Ingress_Exit 3OZLEG72
2025-04-01 00:45:33,495 - INFO - Ingress_Enter IEOXX21E
2025-04-01 00:45:33,558 - INFO - Ingress_Exit 0DKYG136
2025-04-01 00:45:33,616 - INFO - Ingress_Exit JQC7G14T
2025-04-01 00:45:33,789 - INFO - Ingress_Exit IEOXX21E
2025-04-01 00:45:33,860 - INFO - Ingress_Enter 6BRM3TGW
2025-04-01 00:45:33,967 - INFO - Ingress_Enter QLYJ6JUF
2025-04-01 00:45:33,994 - INFO - Ingress_Enter Z4Q8KAWP
2025-04-01 00:45:34,053 - INFO - Ingress_Enter DYRYOCIK
2025-04-01 00:45:34,081 - INFO - Ingress_Enter ALOI5NBG
2025-04-01 00:45:34,206 - INFO - Ingress_Exit 6BRM3TGW
2025-04-01 00:45:34,235 - INFO - Ingress_Exit Z4Q8KAWP
2025-04-01 00:45:34,279 - INFO - Ingress_Exit QLYJ6JUF
2025-04-01 00:45:34,340 - INFO - Ingress_Exit ALOI5NBG
2025-04-01 00:45:34,381 - INFO - Ingress_Enter OHPLKZ3D
2025-04-01 00:45:34,400 - INFO - Ingress_Enter 96NDTVXA
2025-04-01 00:45:34,417 - INFO - Ingress_Exit DYRYOCIK
2025-04-01 00:45:34,681 - INFO - Ingress_Enter Q6UOQ10C
2025-04-01 00:45:34,704 - INFO - Ingress_Exit OHPLKZ3D
2025-04-01 00:45:34,710 - INFO - Ingress_Exit 96NDTVXA
2025-04-01 00:45:34,780 - INFO - Ingress_Enter NDLMH5B9
2025-04-01 00:45:34,799 - INFO - Ingress_Enter OTZOWID1
2025-04-01 00:45:34,837 - INFO - Ingress_Enter 8KE44UQ3
2025-04-01 00:45:34,953 - INFO - Ingress_Enter 0SP1YXY4
2025-04-01 00:45:34,970 - INFO - Ingress_Exit Q6UOQ10C
2025-04-01 00:45:35,050 - INFO - Ingress_Exit 8KE44UQ3
2025-04-01 00:45:35,052 - INFO - Ingress_Exit NDLMH5B9
2025-04-01 00:45:35,081 - INFO - Ingress_Exit 0SP1YXY4
2025-04-01 00:45:35,184 - INFO - Ingress_Exit OTZOWID1
2025-04-01 00:45:35,293 - INFO - Ingress_Enter W3B82TI8
2025-04-01 00:45:35,322 - INFO - Ingress_Enter URLAQZD1
2025-04-01 00:45:35,380 - INFO - Ingress_Enter 9RTVU9SP
2025-04-01 00:45:35,409 - INFO - Ingress_Enter 00FWK1UN
2025-04-01 00:45:35,458 - INFO - Ingress_Enter Y8AP3LES
2025-04-01 00:45:35,573 - INFO - Ingress_Enter FYBRR4TT
2025-04-01 00:45:35,747 - INFO - Ingress_Exit 00FWK1UN
2025-04-01 00:45:35,749 - INFO - Ingress_Exit W3B82TI8
2025-04-01 00:45:35,751 - INFO - Ingress_Exit URLAQZD1
2025-04-01 00:45:35,752 - INFO - Ingress_Exit Y8AP3LES
2025-04-01 00:45:35,872 - INFO - Ingress_Exit 9RTVU9SP
2025-04-01 00:45:35,902 - INFO - Ingress_Exit FYBRR4TT
2025-04-01 00:45:36,861 - INFO - Ingress_Enter Z7TG6BF4
2025-04-01 00:45:37,044 - INFO - Ingress_Enter E21V7PZL
2025-04-01 00:45:37,095 - INFO - Ingress_Enter ZHLYCPK4
2025-04-01 00:45:37,181 - INFO - Ingress_Enter MFGCWSTF
2025-04-01 00:45:37,200 - INFO - Ingress_Enter 9V07HV4K
2025-04-01 00:45:37,229 - INFO - Ingress_Exit ZHLYCPK4
2025-04-01 00:45:37,277 - INFO - Ingress_Enter NK1OJJIG
2025-04-01 00:45:37,307 - INFO - Ingress_Enter VKZ85BDX
2025-04-01 00:45:37,401 - INFO - Ingress_Exit Z7TG6BF4
2025-04-01 00:45:37,500 - INFO - Ingress_Enter YB5YTX5R
2025-04-01 00:45:37,558 - INFO - Ingress_Exit E21V7PZL
2025-04-01 00:45:37,559 - INFO - Ingress_Exit MFGCWSTF
2025-04-01 00:45:37,568 - INFO - Ingress_Enter 4ICC02Q1
2025-04-01 00:45:37,635 - INFO - Ingress_Enter UFNEVQSK
2025-04-01 00:45:37,658 - INFO - Ingress_Exit 9V07HV4K
2025-04-01 00:45:37,673 - INFO - Ingress_Enter 4HUCLOWA
2025-04-01 00:45:37,677 - INFO - Ingress_Exit NK1OJJIG
2025-04-01 00:45:37,679 - INFO - Ingress_Exit VKZ85BDX
2025-04-01 00:45:37,684 - INFO - Ingress_Enter 431YUR1K
2025-04-01 00:45:37,693 - INFO - Ingress_Enter 3CMCDX02
2025-04-01 00:45:37,917 - INFO - Ingress_Exit 431YUR1K
2025-04-01 00:45:37,928 - INFO - Ingress_Enter OQ65TGP5
2025-04-01 00:45:37,996 - INFO - Ingress_Exit 3CMCDX02
2025-04-01 00:45:38,035 - INFO - Ingress_Enter LQ8M9U0F
2025-04-01 00:45:38,040 - INFO - Ingress_Exit 4ICC02Q1
2025-04-01 00:45:38,049 - INFO - Ingress_Exit YB5YTX5R
2025-04-01 00:45:38,053 - INFO - Ingress_Exit 4HUCLOWA
2025-04-01 00:45:38,055 - INFO - Ingress_Enter QX1O8WTB
2025-04-01 00:45:38,150 - INFO - Ingress_Enter V59DGAT1
2025-04-01 00:45:38,282 - INFO - Ingress_Exit UFNEVQSK
2025-04-01 00:45:38,483 - INFO - Ingress_Exit QX1O8WTB
2025-04-01 00:45:38,519 - INFO - Ingress_Exit OQ65TGP5
2025-04-01 00:45:38,520 - INFO - Ingress_Exit LQ8M9U0F
2025-04-01 00:45:38,640 - INFO - Ingress_Exit V59DGAT1
2025-04-01 00:45:38,693 - INFO - Ingress_Enter Y7V6KXL7
2025-04-01 00:45:38,722 - INFO - Ingress_Enter DMDXDQIJ
2025-04-01 00:45:38,761 - INFO - Ingress_Enter IEVQXSHU
2025-04-01 00:45:38,876 - INFO - Ingress_Enter ZXZXOZRP
2025-04-01 00:45:38,907 - INFO - Ingress_Exit Y7V6KXL7
2025-04-01 00:45:38,994 - INFO - Ingress_Enter 2GBGL4WH
2025-04-01 00:45:39,033 - INFO - Ingress_Enter MY28O9JO
2025-04-01 00:45:39,035 - INFO - Ingress_Exit DMDXDQIJ
2025-04-01 00:45:39,036 - INFO - Ingress_Exit IEVQXSHU
2025-04-01 00:45:39,109 - INFO - Ingress_Exit ZXZXOZRP
2025-04-01 00:45:39,209 - INFO - Ingress_Enter 23RIWWXV
2025-04-01 00:45:39,292 - INFO - Ingress_Exit 2GBGL4WH
2025-04-01 00:45:39,326 - INFO - Ingress_Exit MY28O9JO
2025-04-01 00:45:39,520 - INFO - Ingress_Enter RP15VIMS
2025-04-01 00:45:39,529 - INFO - Ingress_Enter 52GJ06J3
2025-04-01 00:45:39,608 - INFO - Ingress_Enter DKDM214S
2025-04-01 00:45:39,661 - INFO - Ingress_Exit 23RIWWXV
2025-04-01 00:45:39,820 - INFO - Ingress_Enter Y5AFZ33M
2025-04-01 00:45:39,842 - INFO - Ingress_Exit DKDM214S
2025-04-01 00:45:39,849 - INFO - Ingress_Enter DQNCM6JS
2025-04-01 00:45:39,996 - INFO - Ingress_Enter QBBM3K0V
2025-04-01 00:45:39,998 - INFO - Ingress_Exit RP15VIMS
2025-04-01 00:45:39,999 - INFO - Ingress_Exit 52GJ06J3
2025-04-01 00:45:40,290 - INFO - Ingress_Enter 7999FMQ1
2025-04-01 00:45:40,307 - INFO - Ingress_Exit Y5AFZ33M
2025-04-01 00:45:40,474 - INFO - Ingress_Exit QBBM3K0V
2025-04-01 00:45:40,475 - INFO - Ingress_Enter TTWZJB5Z
2025-04-01 00:45:40,477 - INFO - Ingress_Exit DQNCM6JS
2025-04-01 00:45:40,603 - INFO - Ingress_Exit 7999FMQ1
2025-04-01 00:45:40,612 - INFO - Ingress_Exit TTWZJB5Z
2025-04-01 00:45:40,730 - INFO - Ingress_Enter 19W79X3W
2025-04-01 00:45:40,798 - INFO - Ingress_Enter LJGB5D52
2025-04-01 00:45:40,846 - INFO - Ingress_Enter V0CSGZC5
2025-04-01 00:45:41,042 - INFO - Ingress_Enter E32QFB4G
2025-04-01 00:45:41,083 - INFO - Ingress_Exit 19W79X3W
2025-04-01 00:45:41,084 - INFO - Ingress_Exit V0CSGZC5
2025-04-01 00:45:41,085 - INFO - Ingress_Exit LJGB5D52
2025-04-01 00:45:41,157 - INFO - Ingress_Enter J91GY040
2025-04-01 00:45:41,187 - INFO - Ingress_Enter GXCYGVB9
2025-04-01 00:45:41,215 - INFO - Ingress_Enter NR90IU7Q
2025-04-01 00:45:41,318 - INFO - Ingress_Exit J91GY040
2025-04-01 00:45:41,429 - INFO - Ingress_Enter JVUVLYNV
2025-04-01 00:45:41,449 - INFO - Ingress_Exit E32QFB4G
2025-04-01 00:45:41,450 - INFO - Ingress_Enter WOFZ3PAQ
2025-04-01 00:45:41,478 - INFO - Ingress_Exit GXCYGVB9
2025-04-01 00:45:41,498 - INFO - Ingress_Enter D1ONAT2C
2025-04-01 00:45:41,617 - INFO - Ingress_Enter IFRB3KOC
2025-04-01 00:45:41,635 - INFO - Ingress_Enter BYBZVVBO
2025-04-01 00:45:41,692 - INFO - Ingress_Exit JVUVLYNV
2025-04-01 00:45:41,695 - INFO - Ingress_Enter 16ME7RH2
2025-04-01 00:45:41,756 - INFO - Ingress_Exit NR90IU7Q
2025-04-01 00:45:41,867 - INFO - Ingress_Exit D1ONAT2C
2025-04-01 00:45:41,881 - INFO - Ingress_Enter 026AKI09
2025-04-01 00:45:41,890 - INFO - Ingress_Exit WOFZ3PAQ
2025-04-01 00:45:41,892 - INFO - Ingress_Exit IFRB3KOC
2025-04-01 00:45:42,008 - INFO - Ingress_Enter 5ZOXTS58
2025-04-01 00:45:42,043 - INFO - Ingress_Exit BYBZVVBO
2025-04-01 00:45:42,135 - INFO - Ingress_Enter YRA48M9J
2025-04-01 00:45:42,147 - INFO - Ingress_Exit 16ME7RH2
2025-04-01 00:45:42,175 - INFO - Ingress_Exit 026AKI09
2025-04-01 00:45:42,195 - INFO - Ingress_Enter SVQJWSIR
2025-04-01 00:45:42,339 - INFO - Ingress_Enter IIHF7DN8
2025-04-01 00:45:42,352 - INFO - Ingress_Exit 5ZOXTS58
2025-04-01 00:45:42,405 - INFO - Ingress_Enter B9ISW2JZ
2025-04-01 00:45:42,417 - INFO - Ingress_Exit YRA48M9J
2025-04-01 00:45:42,435 - INFO - Ingress_Exit SVQJWSIR
2025-04-01 00:45:42,535 - INFO - Ingress_Exit B9ISW2JZ
2025-04-01 00:45:42,630 - INFO - Ingress_Exit IIHF7DN8
2025-04-01 00:45:42,717 - INFO - Ingress_Enter 84DIUH6Q
2025-04-01 00:45:42,736 - INFO - Ingress_Enter 0P3PATRB
2025-04-01 00:45:42,775 - INFO - Ingress_Enter IK8W1VSP
2025-04-01 00:45:42,959 - INFO - Ingress_Exit 84DIUH6Q
2025-04-01 00:45:42,992 - INFO - Ingress_Exit IK8W1VSP
2025-04-01 00:45:43,062 - INFO - Ingress_Exit 0P3PATRB
2025-04-01 00:45:43,063 - INFO - Ingress_Enter 5NA3IEZU
2025-04-01 00:45:43,130 - INFO - Ingress_Enter DBCR114Q
2025-04-01 00:45:43,276 - INFO - Ingress_Exit 5NA3IEZU
2025-04-01 00:45:43,396 - INFO - Ingress_Exit DBCR114Q
2025-04-01 00:45:43,412 - INFO - Ingress_Enter DRP95R95
2025-04-01 00:45:43,440 - INFO - Ingress_Enter X6NOOPKX
2025-04-01 00:45:43,634 - INFO - Ingress_Enter 878B6G9P
2025-04-01 00:45:43,661 - INFO - Ingress_Exit DRP95R95
2025-04-01 00:45:43,752 - INFO - Ingress_Enter W8CS6856
2025-04-01 00:45:43,782 - INFO - Ingress_Exit X6NOOPKX
2025-04-01 00:45:43,962 - INFO - Ingress_Exit 878B6G9P
2025-04-01 00:45:44,058 - INFO - Ingress_Exit W8CS6856
2025-04-01 00:45:44,060 - INFO - Ingress_Enter 1GSGQIWD
2025-04-01 00:45:44,116 - INFO - Ingress_Enter UPGZDEFV
2025-04-01 00:45:44,173 - INFO - Ingress_Enter 33RSZS3X
2025-04-01 00:45:44,270 - INFO - Ingress_Enter 3AOPAJHW
2025-04-01 00:45:44,288 - INFO - Ingress_Enter M635B68X
2025-04-01 00:45:44,365 - INFO - Ingress_Enter NGKCZG29
2025-04-01 00:45:44,389 - INFO - Ingress_Exit UPGZDEFV
2025-04-01 00:45:44,390 - INFO - Ingress_Exit 1GSGQIWD
2025-04-01 00:45:44,493 - INFO - Ingress_Exit 33RSZS3X
2025-04-01 00:45:44,732 - INFO - Ingress_Enter RSZJVWLF
2025-04-01 00:45:44,750 - INFO - Ingress_Exit NGKCZG29
2025-04-01 00:45:44,752 - INFO - Ingress_Exit 3AOPAJHW
2025-04-01 00:45:44,754 - INFO - Ingress_Exit M635B68X
2025-04-01 00:45:44,938 - INFO - Ingress_Exit RSZJVWLF
2025-04-01 00:45:45,234 - INFO - Ingress_Enter K2BYQA0R
2025-04-01 00:45:45,253 - INFO - Ingress_Enter ROKSQV1N
2025-04-01 00:45:45,351 - INFO - Ingress_Enter GDDGYNRY
2025-04-01 00:45:45,379 - INFO - Ingress_Enter PRHRBA4B
2025-04-01 00:45:45,447 - INFO - Ingress_Enter B5H5SBO2
2025-04-01 00:45:45,456 - INFO - Ingress_Enter GD7X9L9Z
2025-04-01 00:45:45,458 - INFO - Ingress_Exit K2BYQA0R
2025-04-01 00:45:45,495 - INFO - Ingress_Enter 939LDGN6
2025-04-01 00:45:45,535 - INFO - Ingress_Exit GDDGYNRY
2025-04-01 00:45:45,670 - INFO - Ingress_Exit PRHRBA4B
2025-04-01 00:45:45,671 - INFO - Ingress_Exit ROKSQV1N
2025-04-01 00:45:45,794 - INFO - Ingress_Enter ML18DJX1
2025-04-01 00:45:45,811 - INFO - Ingress_Enter MDQQT6M5
2025-04-01 00:45:45,854 - INFO - Ingress_Exit B5H5SBO2
2025-04-01 00:45:45,941 - INFO - Ingress_Enter WTOSOKHN
2025-04-01 00:45:45,948 - INFO - Ingress_Exit GD7X9L9Z
2025-04-01 00:45:45,951 - INFO - Ingress_Enter SMNNEUAM
2025-04-01 00:45:45,961 - INFO - Ingress_Exit 939LDGN6
2025-04-01 00:45:46,080 - INFO - Ingress_Enter T3YKZ0MI
2025-04-01 00:45:46,253 - INFO - Ingress_Enter T3MT5VAC
2025-04-01 00:45:46,260 - INFO - Ingress_Exit MDQQT6M5
2025-04-01 00:45:46,270 - INFO - Ingress_Enter WRBNPP65
2025-04-01 00:45:46,300 - INFO - Ingress_Enter VUO373HJ
2025-04-01 00:45:46,309 - INFO - Ingress_Exit SMNNEUAM
2025-04-01 00:45:46,342 - INFO - Ingress_Exit WTOSOKHN
2025-04-01 00:45:46,395 - INFO - Ingress_Exit ML18DJX1
2025-04-01 00:45:46,414 - INFO - Ingress_Enter 7STFX4V5
2025-04-01 00:45:46,453 - INFO - Ingress_Enter TFDDIKHA
2025-04-01 00:45:46,522 - INFO - Ingress_Enter BLW5TEI8
2025-04-01 00:45:46,523 - INFO - Ingress_Exit T3MT5VAC
2025-04-01 00:45:46,584 - INFO - Ingress_Exit 7STFX4V5
2025-04-01 00:45:46,599 - INFO - Ingress_Enter 2FJDHKK4
2025-04-01 00:45:46,729 - INFO - Ingress_Exit WRBNPP65
2025-04-01 00:45:46,730 - INFO - Ingress_Exit VUO373HJ
2025-04-01 00:45:46,732 - INFO - Ingress_Exit T3YKZ0MI
2025-04-01 00:45:46,884 - INFO - Ingress_Exit BLW5TEI8
2025-04-01 00:45:46,886 - INFO - Ingress_Exit TFDDIKHA
2025-04-01 00:45:46,979 - INFO - Ingress_Exit 2FJDHKK4
