2025-03-18 00:55:57,860 - INFO - Ingress_Enter AAO38COZ
2025-03-18 00:55:57,887 - INFO - Ingress_Enter GLYTIXHJ
2025-03-18 00:55:58,035 - INFO - Ingress_Enter 5H0Q0GW5
2025-03-18 00:55:58,247 - INFO - Ingress_Enter WRWS7L8C
2025-03-18 00:55:58,363 - INFO - Ingress_Enter J76UJFIX
2025-03-18 00:55:58,555 - INFO - Ingress_Enter CI7XXBW7
2025-03-18 00:55:58,662 - INFO - Ingress_Exit AAO38COZ
2025-03-18 00:55:58,681 - INFO - Ingress_Enter MN623JOH
2025-03-18 00:55:58,698 - INFO - Ingress_Exit GLYTIXHJ
2025-03-18 00:55:59,009 - INFO - Ingress_Enter GGP5BBFA
2025-03-18 00:55:59,044 - INFO - Ingress_Enter K0IM4NMV
2025-03-18 00:55:59,056 - INFO - Ingress_Exit 5H0Q0GW5
2025-03-18 00:55:59,255 - INFO - Ingress_Exit J76UJFIX
2025-03-18 00:55:59,257 - INFO - Ingress_Exit WRWS7L8C
2025-03-18 00:55:59,290 - INFO - Ingress_Enter 13N6GX2V
2025-03-18 00:55:59,414 - INFO - Ingress_Enter NECWT83F
2025-03-18 00:55:59,494 - INFO - Ingress_Enter CI32ESJZ
2025-03-18 00:55:59,565 - INFO - Ingress_Enter QMO1V2DP
2025-03-18 00:55:59,658 - INFO - Ingress_Enter K705T3C2
2025-03-18 00:55:59,686 - INFO - Ingress_Exit MN623JOH
2025-03-18 00:55:59,813 - INFO - Ingress_Enter 9OQEOUIC
2025-03-18 00:55:59,856 - INFO - Ingress_Enter EL4OG2C4
2025-03-18 00:56:00,106 - INFO - Ingress_Exit CI7XXBW7
2025-03-18 00:56:00,192 - INFO - Ingress_Exit GGP5BBFA
2025-03-18 00:56:00,472 - INFO - Ingress_Enter VV8S7V5B
2025-03-18 00:56:00,584 - INFO - Ingress_Exit K0IM4NMV
2025-03-18 00:56:00,709 - INFO - Ingress_Exit 13N6GX2V
2025-03-18 00:56:00,785 - INFO - Ingress_Exit NECWT83F
2025-03-18 00:56:00,787 - INFO - Ingress_Exit CI32ESJZ
2025-03-18 00:56:00,787 - INFO - Ingress_Exit QMO1V2DP
2025-03-18 00:56:00,799 - INFO - Ingress_Enter KC6NQAT8
2025-03-18 00:56:00,833 - INFO - Ingress_Enter ED81LDGR
2025-03-18 00:56:00,948 - INFO - Ingress_Enter FR84UCQR
2025-03-18 00:56:00,973 - INFO - Ingress_Enter IZNXBRYZ
2025-03-18 00:56:00,992 - INFO - Ingress_Enter 7HZRCI89
2025-03-18 00:56:01,073 - INFO - Ingress_Exit K705T3C2
2025-03-18 00:56:01,080 - INFO - Ingress_Exit 9OQEOUIC
2025-03-18 00:56:01,185 - INFO - Ingress_Exit EL4OG2C4
2025-03-18 00:56:01,286 - INFO - Ingress_Enter EXUQDTPD
2025-03-18 00:56:01,338 - INFO - Ingress_Enter R6O07WY7
2025-03-18 00:56:01,502 - INFO - Ingress_Enter TR2AHVRV
2025-03-18 00:56:01,528 - INFO - Ingress_Enter U5A632JB
2025-03-18 00:56:01,662 - INFO - Ingress_Enter CK8HJ384
2025-03-18 00:56:01,745 - INFO - Ingress_Enter 96PBGBMF
2025-03-18 00:56:01,848 - INFO - Ingress_Enter YHRDY4WN
2025-03-18 00:56:01,969 - INFO - Ingress_Exit KC6NQAT8
2025-03-18 00:56:01,970 - INFO - Ingress_Exit VV8S7V5B
2025-03-18 00:56:02,063 - INFO - Ingress_Exit IZNXBRYZ
2025-03-18 00:56:02,212 - INFO - Ingress_Exit ED81LDGR
2025-03-18 00:56:02,213 - INFO - Ingress_Exit FR84UCQR
2025-03-18 00:56:02,215 - INFO - Ingress_Exit 7HZRCI89
2025-03-18 00:56:02,552 - INFO - Ingress_Enter VJQZYYZC
2025-03-18 00:56:02,614 - INFO - Ingress_Exit EXUQDTPD
2025-03-18 00:56:02,624 - INFO - Ingress_Exit R6O07WY7
2025-03-18 00:56:02,678 - INFO - Ingress_Enter BCKXE6GF
2025-03-18 00:56:02,733 - INFO - Ingress_Enter 6UBXAP9N
2025-03-18 00:56:02,750 - INFO - Ingress_Enter 26HR5IX7
2025-03-18 00:56:02,801 - INFO - Ingress_Enter JG803LC5
2025-03-18 00:56:02,803 - INFO - Ingress_Exit TR2AHVRV
2025-03-18 00:56:02,822 - INFO - Ingress_Enter HB29IR2G
2025-03-18 00:56:02,831 - INFO - Ingress_Enter VKZDMGLT
2025-03-18 00:56:03,013 - INFO - Ingress_Enter GRUJTNHL
2025-03-18 00:56:03,034 - INFO - Ingress_Exit U5A632JB
2025-03-18 00:56:03,040 - INFO - Ingress_Exit CK8HJ384
2025-03-18 00:56:03,050 - INFO - Ingress_Enter WEVSP45A
2025-03-18 00:56:03,059 - INFO - Ingress_Enter PKMMPF0O
2025-03-18 00:56:03,149 - INFO - Ingress_Enter 4TZ6HDNU
2025-03-18 00:56:03,158 - INFO - Ingress_Enter 6PNP7BGD
2025-03-18 00:56:03,178 - INFO - Ingress_Exit 96PBGBMF
2025-03-18 00:56:03,193 - INFO - Ingress_Enter GFG3VUC4
2025-03-18 00:56:03,202 - INFO - Ingress_Enter KLISUJE2
2025-03-18 00:56:03,420 - INFO - Ingress_Exit YHRDY4WN
2025-03-18 00:56:03,757 - INFO - Ingress_Exit BCKXE6GF
2025-03-18 00:56:03,921 - INFO - Ingress_Exit VJQZYYZC
2025-03-18 00:56:04,106 - INFO - Ingress_Exit 26HR5IX7
2025-03-18 00:56:04,107 - INFO - Ingress_Exit HB29IR2G
2025-03-18 00:56:04,109 - INFO - Ingress_Exit VKZDMGLT
2025-03-18 00:56:04,916 - INFO - Ingress_Exit GRUJTNHL
2025-03-18 00:56:04,918 - INFO - Ingress_Exit 6UBXAP9N
2025-03-18 00:56:04,919 - INFO - Ingress_Exit JG803LC5
2025-03-18 00:56:04,934 - INFO - Ingress_Exit WEVSP45A
2025-03-18 00:56:04,966 - INFO - Ingress_Enter G78SDPWV
2025-03-18 00:56:05,002 - INFO - Ingress_Enter YHLI3JFM
2025-03-18 00:56:05,155 - INFO - Ingress_Enter 8F0L9VLH
2025-03-18 00:56:05,165 - INFO - Ingress_Enter OQVXZ2BY
2025-03-18 00:56:05,181 - INFO - Ingress_Enter 45NU5ZA3
2025-03-18 00:56:05,332 - INFO - Ingress_Enter 1A8KISJX
2025-03-18 00:56:05,817 - INFO - Ingress_Enter B05UZHVR
2025-03-18 00:56:05,914 - INFO - Ingress_Enter VRJIE1ZS
2025-03-18 00:56:05,994 - INFO - Ingress_Enter LOGFZGHZ
2025-03-18 00:56:06,127 - INFO - Ingress_Enter 2P3ODF8A
2025-03-18 00:56:06,569 - INFO - Ingress_Enter CN7SS11W
2025-03-18 00:56:06,724 - INFO - Ingress_Enter LDGI18IQ
2025-03-18 00:56:06,732 - INFO - Ingress_Enter PR66EIN5
2025-03-18 00:56:07,366 - INFO - Ingress_Enter ZHP616LX
2025-03-18 00:56:08,001 - INFO - Ingress_Enter 1GGJFX5U
2025-03-18 00:56:08,015 - INFO - Ingress_Exit PKMMPF0O
2025-03-18 00:56:08,016 - INFO - Ingress_Exit 6PNP7BGD
2025-03-18 00:56:08,022 - INFO - Ingress_Exit GFG3VUC4
2025-03-18 00:56:08,136 - INFO - Ingress_Enter 8V5OWCRS
2025-03-18 00:56:08,224 - INFO - Ingress_Enter 0TAIFCX7
2025-03-18 00:56:08,257 - INFO - Ingress_Exit KLISUJE2
2025-03-18 00:56:08,258 - INFO - Ingress_Exit 4TZ6HDNU
2025-03-18 00:56:08,260 - INFO - Ingress_Exit G78SDPWV
2025-03-18 00:56:08,261 - INFO - Ingress_Exit YHLI3JFM
2025-03-18 00:56:08,263 - INFO - Ingress_Exit OQVXZ2BY
2025-03-18 00:56:08,592 - INFO - Ingress_Enter SUL5K841
2025-03-18 00:56:08,634 - INFO - Ingress_Enter 6TI0EYGY
2025-03-18 00:56:08,676 - INFO - Ingress_Enter XGH0DCVU
2025-03-18 00:56:08,793 - INFO - Ingress_Enter X1ETZ54Y
2025-03-18 00:56:08,821 - INFO - Ingress_Enter W8OBAG4P
2025-03-18 00:56:08,916 - INFO - Ingress_Enter S8RZR3V4
2025-03-18 00:56:09,029 - INFO - Ingress_Exit 45NU5ZA3
2025-03-18 00:56:09,030 - INFO - Ingress_Exit 8F0L9VLH
2025-03-18 00:56:09,033 - INFO - Ingress_Exit 1A8KISJX
2025-03-18 00:56:09,037 - INFO - Ingress_Exit B05UZHVR
2025-03-18 00:56:09,037 - INFO - Ingress_Exit VRJIE1ZS
2025-03-18 00:56:09,039 - INFO - Ingress_Exit LOGFZGHZ
2025-03-18 00:56:09,172 - INFO - Ingress_Exit 2P3ODF8A
2025-03-18 00:56:09,320 - INFO - Ingress_Exit CN7SS11W
2025-03-18 00:56:09,321 - INFO - Ingress_Exit LDGI18IQ
2025-03-18 00:56:09,323 - INFO - Ingress_Exit PR66EIN5
2025-03-18 00:56:09,625 - INFO - Ingress_Exit ZHP616LX
2025-03-18 00:56:09,627 - INFO - Ingress_Exit 1GGJFX5U
2025-03-18 00:56:10,048 - INFO - Ingress_Enter X97HPI8F
2025-03-18 00:56:10,074 - INFO - Ingress_Enter PWVXSDJI
2025-03-18 00:56:10,094 - INFO - Ingress_Exit 8V5OWCRS
2025-03-18 00:56:10,095 - INFO - Ingress_Exit 0TAIFCX7
2025-03-18 00:56:10,097 - INFO - Ingress_Exit SUL5K841
2025-03-18 00:56:10,201 - INFO - Ingress_Enter 8YRW3N7C
2025-03-18 00:56:10,212 - INFO - Ingress_Exit 6TI0EYGY
2025-03-18 00:56:10,334 - INFO - Ingress_Enter D7E2B55G
2025-03-18 00:56:10,553 - INFO - Ingress_Exit X1ETZ54Y
2025-03-18 00:56:10,742 - INFO - Ingress_Enter NB4TV1RY
2025-03-18 00:56:10,863 - INFO - Ingress_Enter QYPF9FQP
2025-03-18 00:56:10,925 - INFO - Ingress_Enter 0IN8HUXX
2025-03-18 00:56:10,980 - INFO - Ingress_Enter SZSBDQFX
2025-03-18 00:56:11,044 - INFO - Ingress_Enter WZ9NM6HL
2025-03-18 00:56:11,108 - INFO - Ingress_Exit XGH0DCVU
2025-03-18 00:56:11,108 - INFO - Ingress_Exit W8OBAG4P
2025-03-18 00:56:11,196 - INFO - Ingress_Enter BHXWPNEG
2025-03-18 00:56:11,275 - INFO - Ingress_Enter LK5TJHI1
2025-03-18 00:56:11,285 - INFO - Ingress_Enter 908DC3TL
2025-03-18 00:56:11,302 - INFO - Ingress_Enter 20N10C5X
2025-03-18 00:56:11,319 - INFO - Ingress_Enter UIEDL3OZ
2025-03-18 00:56:11,364 - INFO - Ingress_Enter 5LIUQFW2
2025-03-18 00:56:11,419 - INFO - Ingress_Exit PWVXSDJI
2025-03-18 00:56:11,446 - INFO - Ingress_Enter LA9WIABV
2025-03-18 00:56:11,448 - INFO - Ingress_Exit S8RZR3V4
2025-03-18 00:56:11,535 - INFO - Ingress_Enter JZ1QGOXA
2025-03-18 00:56:11,545 - INFO - Ingress_Exit X97HPI8F
2025-03-18 00:56:11,599 - INFO - Ingress_Enter CP8UD33V
2025-03-18 00:56:11,618 - INFO - Ingress_Enter NPPVKBAF
2025-03-18 00:56:11,770 - INFO - Ingress_Enter 90C59EFD
2025-03-18 00:56:11,851 - INFO - Ingress_Exit NB4TV1RY
2025-03-18 00:56:11,930 - INFO - Ingress_Enter UN0TUC1J
2025-03-18 00:56:11,948 - INFO - Ingress_Exit 8YRW3N7C
2025-03-18 00:56:11,951 - INFO - Ingress_Exit D7E2B55G
2025-03-18 00:56:11,999 - INFO - Ingress_Exit QYPF9FQP
2025-03-18 00:56:12,000 - INFO - Ingress_Exit 0IN8HUXX
2025-03-18 00:56:12,119 - INFO - Ingress_Enter U8BQZY38
2025-03-18 00:56:12,235 - INFO - Ingress_Enter VYWA30F7
2025-03-18 00:56:12,315 - INFO - Ingress_Exit SZSBDQFX
2025-03-18 00:56:12,316 - INFO - Ingress_Exit WZ9NM6HL
2025-03-18 00:56:12,340 - INFO - Ingress_Exit BHXWPNEG
2025-03-18 00:56:12,351 - INFO - Ingress_Enter T8DT5F7A
2025-03-18 00:56:12,377 - INFO - Ingress_Enter V7PEEPLL
2025-03-18 00:56:12,465 - INFO - Ingress_Enter YDLADIE9
2025-03-18 00:56:12,501 - INFO - Ingress_Exit LK5TJHI1
2025-03-18 00:56:12,503 - INFO - Ingress_Exit 908DC3TL
2025-03-18 00:56:12,507 - INFO - Ingress_Enter C5KMB74M
2025-03-18 00:56:12,542 - INFO - Ingress_Enter SLMQBNIG
2025-03-18 00:56:12,673 - INFO - Ingress_Enter WJ29Y2H7
2025-03-18 00:56:12,744 - INFO - Ingress_Exit 5LIUQFW2
2025-03-18 00:56:12,745 - INFO - Ingress_Exit 20N10C5X
2025-03-18 00:56:12,747 - INFO - Ingress_Exit UIEDL3OZ
2025-03-18 00:56:12,763 - INFO - Ingress_Enter 0RJD6AZD
2025-03-18 00:56:12,772 - INFO - Ingress_Enter MV84JX2R
2025-03-18 00:56:12,807 - INFO - Ingress_Enter AO82J895
2025-03-18 00:56:12,867 - INFO - Ingress_Exit LA9WIABV
2025-03-18 00:56:12,873 - INFO - Ingress_Exit JZ1QGOXA
2025-03-18 00:56:12,891 - INFO - Ingress_Exit CP8UD33V
2025-03-18 00:56:13,086 - INFO - Ingress_Enter KM5XB96F
2025-03-18 00:56:13,096 - INFO - Ingress_Enter REI25EDI
2025-03-18 00:56:13,194 - INFO - Ingress_Exit NPPVKBAF
2025-03-18 00:56:13,199 - INFO - Ingress_Exit UN0TUC1J
2025-03-18 00:56:13,217 - INFO - Ingress_Exit 90C59EFD
2025-03-18 00:56:13,265 - INFO - Ingress_Enter D9N5UPKQ
2025-03-18 00:56:13,391 - INFO - Ingress_Enter 0YLSHBHG
2025-03-18 00:56:13,443 - INFO - Ingress_Exit VYWA30F7
2025-03-18 00:56:13,444 - INFO - Ingress_Enter 4EK0WTON
2025-03-18 00:56:13,472 - INFO - Ingress_Enter WD2SWDGQ
2025-03-18 00:56:13,631 - INFO - Ingress_Enter M0V8NID7
2025-03-18 00:56:13,710 - INFO - Ingress_Enter 0OY71P7B
2025-03-18 00:56:14,085 - INFO - Ingress_Exit U8BQZY38
2025-03-18 00:56:14,086 - INFO - Ingress_Exit T8DT5F7A
2025-03-18 00:56:14,088 - INFO - Ingress_Exit YDLADIE9
2025-03-18 00:56:14,088 - INFO - Ingress_Exit V7PEEPLL
2025-03-18 00:56:14,089 - INFO - Ingress_Exit C5KMB74M
2025-03-18 00:56:14,118 - INFO - Ingress_Enter ER2XEUP0
2025-03-18 00:56:14,408 - INFO - Ingress_Enter 087GN0X4
2025-03-18 00:56:14,642 - INFO - Ingress_Exit SLMQBNIG
2025-03-18 00:56:14,643 - INFO - Ingress_Exit WJ29Y2H7
2025-03-18 00:56:14,645 - INFO - Ingress_Exit 0RJD6AZD
2025-03-18 00:56:14,647 - INFO - Ingress_Exit MV84JX2R
2025-03-18 00:56:14,648 - INFO - Ingress_Exit AO82J895
2025-03-18 00:56:14,649 - INFO - Ingress_Exit KM5XB96F
2025-03-18 00:56:14,956 - INFO - Ingress_Exit REI25EDI
2025-03-18 00:56:14,957 - INFO - Ingress_Exit 0YLSHBHG
2025-03-18 00:56:15,026 - INFO - Ingress_Enter JDVPFCIE
2025-03-18 00:56:15,122 - INFO - Ingress_Enter F20444R4
2025-03-18 00:56:15,148 - INFO - Ingress_Enter 87R5YOHB
2025-03-18 00:56:15,275 - INFO - Ingress_Enter O3TN6IZP
2025-03-18 00:56:15,336 - INFO - Ingress_Enter MCCA9BRV
2025-03-18 00:56:15,470 - INFO - Ingress_Enter HSOQTJ44
2025-03-18 00:56:15,517 - INFO - Ingress_Exit D9N5UPKQ
2025-03-18 00:56:15,519 - INFO - Ingress_Exit 4EK0WTON
2025-03-18 00:56:15,560 - INFO - Ingress_Enter GQMJAHHN
2025-03-18 00:56:15,748 - INFO - Ingress_Enter QUT11CWC
2025-03-18 00:56:15,774 - INFO - Ingress_Exit WD2SWDGQ
2025-03-18 00:56:15,816 - INFO - Ingress_Exit M0V8NID7
2025-03-18 00:56:15,865 - INFO - Ingress_Enter UU75KGCX
2025-03-18 00:56:16,016 - INFO - Ingress_Enter WF47BYKO
2025-03-18 00:56:16,033 - INFO - Ingress_Enter 7S43ADD1
2025-03-18 00:56:16,132 - INFO - Ingress_Enter I6TH7CHN
2025-03-18 00:56:16,260 - INFO - Ingress_Exit 0OY71P7B
2025-03-18 00:56:16,263 - INFO - Ingress_Exit 087GN0X4
2025-03-18 00:56:16,270 - INFO - Ingress_Enter QZF9ZGFH
2025-03-18 00:56:16,337 - INFO - Ingress_Exit ER2XEUP0
2025-03-18 00:56:16,433 - INFO - Ingress_Exit JDVPFCIE
2025-03-18 00:56:16,435 - INFO - Ingress_Exit F20444R4
2025-03-18 00:56:16,464 - INFO - Ingress_Enter KKD2XU5X
2025-03-18 00:56:16,490 - INFO - Ingress_Enter UE17EI90
2025-03-18 00:56:16,508 - INFO - Ingress_Enter 7YWF9VZT
2025-03-18 00:56:16,651 - INFO - Ingress_Enter GSG03BX2
2025-03-18 00:56:16,667 - INFO - Ingress_Enter C4OQG8SN
2025-03-18 00:56:16,712 - INFO - Ingress_Exit 87R5YOHB
2025-03-18 00:56:16,719 - INFO - Ingress_Exit O3TN6IZP
2025-03-18 00:56:16,723 - INFO - Ingress_Exit MCCA9BRV
2025-03-18 00:56:16,943 - INFO - Ingress_Enter LZHW8NFH
2025-03-18 00:56:17,030 - INFO - Ingress_Enter E9ZG8I1P
2025-03-18 00:56:17,185 - INFO - Ingress_Exit HSOQTJ44
2025-03-18 00:56:17,238 - INFO - Ingress_Enter E3257JJS
2025-03-18 00:56:17,262 - INFO - Ingress_Exit QUT11CWC
2025-03-18 00:56:17,263 - INFO - Ingress_Exit GQMJAHHN
2025-03-18 00:56:17,267 - INFO - Ingress_Exit UU75KGCX
2025-03-18 00:56:17,321 - INFO - Ingress_Exit WF47BYKO
2025-03-18 00:56:17,329 - INFO - Ingress_Exit 7S43ADD1
2025-03-18 00:56:17,386 - INFO - Ingress_Enter LEKZTJFG
2025-03-18 00:56:17,519 - INFO - Ingress_Enter 9L0P16C5
2025-03-18 00:56:17,641 - INFO - Ingress_Exit I6TH7CHN
2025-03-18 00:56:17,671 - INFO - Ingress_Exit QZF9ZGFH
2025-03-18 00:56:17,686 - INFO - Ingress_Enter L2250AX9
2025-03-18 00:56:17,695 - INFO - Ingress_Enter E3URCSMA
2025-03-18 00:56:17,856 - INFO - Ingress_Enter DYMTV1CB
2025-03-18 00:56:17,891 - INFO - Ingress_Enter T5CLRWW1
2025-03-18 00:56:17,918 - INFO - Ingress_Enter HMSBQ6DA
2025-03-18 00:56:18,086 - INFO - Ingress_Enter QA61O4XL
2025-03-18 00:56:18,247 - INFO - Ingress_Exit KKD2XU5X
2025-03-18 00:56:18,248 - INFO - Ingress_Exit UE17EI90
2025-03-18 00:56:18,320 - INFO - Ingress_Enter I4H3QZGN
2025-03-18 00:56:18,356 - INFO - Ingress_Enter CSBAZ0V5
2025-03-18 00:56:18,426 - INFO - Ingress_Enter WI4WJLZI
2025-03-18 00:56:18,567 - INFO - Ingress_Enter EO136WC5
2025-03-18 00:56:18,574 - INFO - Ingress_Exit C4OQG8SN
2025-03-18 00:56:18,603 - INFO - Ingress_Exit LZHW8NFH
2025-03-18 00:56:18,660 - INFO - Ingress_Exit 7YWF9VZT
2025-03-18 00:56:18,661 - INFO - Ingress_Exit GSG03BX2
2025-03-18 00:56:18,999 - INFO - Ingress_Exit E9ZG8I1P
2025-03-18 00:56:19,001 - INFO - Ingress_Exit E3257JJS
2025-03-18 00:56:19,002 - INFO - Ingress_Exit LEKZTJFG
2025-03-18 00:56:19,251 - INFO - Ingress_Exit 9L0P16C5
2025-03-18 00:56:19,254 - INFO - Ingress_Exit L2250AX9
2025-03-18 00:56:19,256 - INFO - Ingress_Exit DYMTV1CB
2025-03-18 00:56:19,447 - INFO - Ingress_Enter TCA3GS6D
2025-03-18 00:56:19,473 - INFO - Ingress_Enter 47P8K1WV
2025-03-18 00:56:19,538 - INFO - Ingress_Enter LINTQDTS
2025-03-18 00:56:19,591 - INFO - Ingress_Enter UYIB83BJ
2025-03-18 00:56:19,679 - INFO - Ingress_Enter PTXSYJ88
2025-03-18 00:56:19,804 - INFO - Ingress_Enter VA474779
2025-03-18 00:56:19,824 - INFO - Ingress_Enter LN8MGDUI
2025-03-18 00:56:19,907 - INFO - Ingress_Enter PBPBJNZ7
2025-03-18 00:56:19,934 - INFO - Ingress_Enter 7UPOZIAH
2025-03-18 00:56:19,942 - INFO - Ingress_Enter KBEE1V58
2025-03-18 00:56:20,174 - INFO - Ingress_Enter C0QVWYBV
2025-03-18 00:56:20,233 - INFO - Ingress_Exit E3URCSMA
2025-03-18 00:56:20,234 - INFO - Ingress_Exit T5CLRWW1
2025-03-18 00:56:20,235 - INFO - Ingress_Exit HMSBQ6DA
2025-03-18 00:56:20,334 - INFO - Ingress_Exit QA61O4XL
2025-03-18 00:56:20,411 - INFO - Ingress_Enter HWJ0HOTF
2025-03-18 00:56:20,555 - INFO - Ingress_Enter USFBE73A
2025-03-18 00:56:20,644 - INFO - Ingress_Exit I4H3QZGN
2025-03-18 00:56:20,647 - INFO - Ingress_Exit WI4WJLZI
2025-03-18 00:56:20,800 - INFO - Ingress_Exit CSBAZ0V5
2025-03-18 00:56:20,812 - INFO - Ingress_Enter 6KYJG71O
2025-03-18 00:56:20,839 - INFO - Ingress_Enter U37144WS
2025-03-18 00:56:20,985 - INFO - Ingress_Exit EO136WC5
2025-03-18 00:56:20,987 - INFO - Ingress_Exit TCA3GS6D
2025-03-18 00:56:20,988 - INFO - Ingress_Exit 47P8K1WV
2025-03-18 00:56:20,993 - INFO - Ingress_Enter GZPMGZ1S
2025-03-18 00:56:21,047 - INFO - Ingress_Enter PT97SX3B
2025-03-18 00:56:21,118 - INFO - Ingress_Enter IFZVUZ5D
2025-03-18 00:56:21,135 - INFO - Ingress_Enter FWCM6KX3
2025-03-18 00:56:21,327 - INFO - Ingress_Exit LINTQDTS
2025-03-18 00:56:21,330 - INFO - Ingress_Exit UYIB83BJ
2025-03-18 00:56:21,331 - INFO - Ingress_Exit VA474779
2025-03-18 00:56:21,332 - INFO - Ingress_Exit LN8MGDUI
2025-03-18 00:56:21,345 - INFO - Ingress_Enter BTLD21SZ
2025-03-18 00:56:21,478 - INFO - Ingress_Enter T5BRDG7S
2025-03-18 00:56:21,499 - INFO - Ingress_Enter 6UYNU49K
2025-03-18 00:56:21,848 - INFO - Ingress_Enter W5TFZV66
2025-03-18 00:56:22,127 - INFO - Ingress_Enter ZJNK4T2C
2025-03-18 00:56:22,163 - INFO - Ingress_Enter 3IB1HBI4
2025-03-18 00:56:22,255 - INFO - Ingress_Enter A9TXUTD9
2025-03-18 00:56:22,292 - INFO - Ingress_Enter MQDGYMVF
2025-03-18 00:56:22,592 - INFO - Ingress_Enter W8K17TW8
2025-03-18 00:56:22,718 - INFO - Ingress_Enter 5BKPRMO4
2025-03-18 00:56:22,780 - INFO - Ingress_Enter ZCM0510X
2025-03-18 00:56:22,795 - INFO - Ingress_Exit PTXSYJ88
2025-03-18 00:56:22,934 - INFO - Ingress_Enter OE9YEJYF
2025-03-18 00:56:23,059 - INFO - Ingress_Enter FQAUYAGT
2025-03-18 00:56:23,116 - INFO - Ingress_Exit PT97SX3B
2025-03-18 00:56:23,117 - INFO - Ingress_Exit IFZVUZ5D
2025-03-18 00:56:23,163 - INFO - Ingress_Exit 7UPOZIAH
2025-03-18 00:56:23,165 - INFO - Ingress_Exit KBEE1V58
2025-03-18 00:56:23,166 - INFO - Ingress_Exit PBPBJNZ7
2025-03-18 00:56:23,168 - INFO - Ingress_Exit C0QVWYBV
2025-03-18 00:56:23,170 - INFO - Ingress_Exit HWJ0HOTF
2025-03-18 00:56:23,172 - INFO - Ingress_Exit USFBE73A
2025-03-18 00:56:23,173 - INFO - Ingress_Exit 6KYJG71O
2025-03-18 00:56:23,175 - INFO - Ingress_Exit U37144WS
2025-03-18 00:56:23,178 - INFO - Ingress_Exit GZPMGZ1S
2025-03-18 00:56:23,269 - INFO - Ingress_Enter 24EV60M6
2025-03-18 00:56:23,444 - INFO - Ingress_Enter JDSPCT73
2025-03-18 00:56:23,456 - INFO - Ingress_Exit FWCM6KX3
2025-03-18 00:56:23,458 - INFO - Ingress_Exit 6UYNU49K
2025-03-18 00:56:23,461 - INFO - Ingress_Exit BTLD21SZ
2025-03-18 00:56:23,462 - INFO - Ingress_Exit T5BRDG7S
2025-03-18 00:56:23,465 - INFO - Ingress_Exit W5TFZV66
2025-03-18 00:56:23,559 - INFO - Ingress_Exit A9TXUTD9
2025-03-18 00:56:23,750 - INFO - Ingress_Enter VM0BB0OE
2025-03-18 00:56:23,802 - INFO - Ingress_Enter FPFARDWJ
2025-03-18 00:56:23,890 - INFO - Ingress_Enter POB2SSHY
2025-03-18 00:56:23,898 - INFO - Ingress_Exit 3IB1HBI4
2025-03-18 00:56:24,169 - INFO - Ingress_Enter U3JQ0WVT
2025-03-18 00:56:24,186 - INFO - Ingress_Enter 5U51Z4VR
2025-03-18 00:56:24,242 - INFO - Ingress_Enter UD3DGUG3
2025-03-18 00:56:24,333 - INFO - Ingress_Exit MQDGYMVF
2025-03-18 00:56:24,334 - INFO - Ingress_Exit ZJNK4T2C
2025-03-18 00:56:24,393 - INFO - Ingress_Enter 3621383P
2025-03-18 00:56:24,410 - INFO - Ingress_Enter 84YZEMKU
2025-03-18 00:56:24,445 - INFO - Ingress_Enter DILS2ACE
2025-03-18 00:56:24,485 - INFO - Ingress_Exit W8K17TW8
2025-03-18 00:56:24,500 - INFO - Ingress_Enter E2G4KO5G
2025-03-18 00:56:24,512 - INFO - Ingress_Exit 5BKPRMO4
2025-03-18 00:56:24,528 - INFO - Ingress_Enter 49P5VWWL
2025-03-18 00:56:24,608 - INFO - Ingress_Enter W0A4NA8G
2025-03-18 00:56:24,670 - INFO - Ingress_Enter JABMYPI9
2025-03-18 00:56:24,706 - INFO - Ingress_Enter PIE9SJRW
2025-03-18 00:56:24,716 - INFO - Ingress_Enter USVCD3E7
2025-03-18 00:56:24,771 - INFO - Ingress_Exit ZCM0510X
2025-03-18 00:56:24,798 - INFO - Ingress_Enter 7DSF4J2O
2025-03-18 00:56:24,946 - INFO - Ingress_Enter 0BVWIU5H
2025-03-18 00:56:25,027 - INFO - Ingress_Enter QA3O2GY4
2025-03-18 00:56:25,051 - INFO - Ingress_Exit OE9YEJYF
2025-03-18 00:56:25,059 - INFO - Ingress_Exit FQAUYAGT
2025-03-18 00:56:25,061 - INFO - Ingress_Exit 24EV60M6
2025-03-18 00:56:25,208 - INFO - Ingress_Exit JDSPCT73
2025-03-18 00:56:25,210 - INFO - Ingress_Exit VM0BB0OE
2025-03-18 00:56:25,369 - INFO - Ingress_Enter VEHXLZ13
2025-03-18 00:56:25,407 - INFO - Ingress_Enter NHIXT45C
2025-03-18 00:56:25,417 - INFO - Ingress_Enter XFJPUC51
2025-03-18 00:56:25,442 - INFO - Ingress_Enter 2I6XZK54
2025-03-18 00:56:25,452 - INFO - Ingress_Enter JK9PU6XI
2025-03-18 00:56:25,497 - INFO - Ingress_Enter GBSCCCZD
2025-03-18 00:56:25,507 - INFO - Ingress_Enter XYRMLAV3
2025-03-18 00:56:25,515 - INFO - Ingress_Enter H10MCWMB
2025-03-18 00:56:25,541 - INFO - Ingress_Enter GMCIDUJR
2025-03-18 00:56:25,585 - INFO - Ingress_Enter ZS14SQB3
2025-03-18 00:56:25,622 - INFO - Ingress_Exit FPFARDWJ
2025-03-18 00:56:25,623 - INFO - Ingress_Exit POB2SSHY
2025-03-18 00:56:25,750 - INFO - Ingress_Exit U3JQ0WVT
2025-03-18 00:56:25,752 - INFO - Ingress_Exit 5U51Z4VR
2025-03-18 00:56:25,766 - INFO - Ingress_Enter MXZURU8H
2025-03-18 00:56:25,933 - INFO - Ingress_Enter 52BHELFS
2025-03-18 00:56:26,058 - INFO - Ingress_Exit UD3DGUG3
2025-03-18 00:56:26,060 - INFO - Ingress_Exit 49P5VWWL
2025-03-18 00:56:26,061 - INFO - Ingress_Exit W0A4NA8G
2025-03-18 00:56:26,062 - INFO - Ingress_Exit 84YZEMKU
2025-03-18 00:56:26,064 - INFO - Ingress_Exit 3621383P
2025-03-18 00:56:26,475 - INFO - Ingress_Enter CNM9FU4E
2025-03-18 00:56:26,562 - INFO - Ingress_Enter 6DKYGMVL
2025-03-18 00:56:26,570 - INFO - Ingress_Enter QT61I0HE
2025-03-18 00:56:26,882 - INFO - Ingress_Enter 4BP0WEWT
2025-03-18 00:56:27,266 - INFO - Ingress_Enter DX03POPU
2025-03-18 00:56:27,465 - INFO - Ingress_Enter UROP0EPG
2025-03-18 00:56:27,500 - INFO - Ingress_Enter ELVFWRV4
2025-03-18 00:56:27,611 - INFO - Ingress_Enter UQC37EKM
2025-03-18 00:56:27,626 - INFO - Ingress_Enter 4ENRT7U4
2025-03-18 00:56:27,842 - INFO - Ingress_Enter Y3JAFVIB
2025-03-18 00:56:29,118 - INFO - Ingress_Enter 60ED60EG
2025-03-18 00:56:31,619 - INFO - Ingress_Exit DILS2ACE
2025-03-18 00:56:31,620 - INFO - Ingress_Exit E2G4KO5G
2025-03-18 00:56:31,621 - INFO - Ingress_Exit PIE9SJRW
2025-03-18 00:56:31,790 - INFO - Ingress_Exit 7DSF4J2O
2025-03-18 00:56:31,791 - INFO - Ingress_Exit 0BVWIU5H
2025-03-18 00:56:31,793 - INFO - Ingress_Exit JABMYPI9
2025-03-18 00:56:31,794 - INFO - Ingress_Exit USVCD3E7
2025-03-18 00:56:31,795 - INFO - Ingress_Exit QA3O2GY4
2025-03-18 00:56:31,797 - INFO - Ingress_Exit VEHXLZ13
2025-03-18 00:56:31,883 - INFO - Ingress_Enter Z4N4V36C
2025-03-18 00:56:31,953 - INFO - Ingress_Enter P3YJ5FH8
2025-03-18 00:56:31,988 - INFO - Ingress_Enter 14OIJ2PH
2025-03-18 00:56:32,006 - INFO - Ingress_Enter OJJX38KK
2025-03-18 00:56:32,051 - INFO - Ingress_Enter LFXC9D9P
2025-03-18 00:56:32,054 - INFO - Ingress_Exit NHIXT45C
2025-03-18 00:56:32,054 - INFO - Ingress_Exit XFJPUC51
2025-03-18 00:56:32,099 - INFO - Ingress_Enter AC3VPE6D
2025-03-18 00:56:32,262 - INFO - Ingress_Exit 2I6XZK54
2025-03-18 00:56:32,264 - INFO - Ingress_Exit JK9PU6XI
2025-03-18 00:56:32,264 - INFO - Ingress_Exit GBSCCCZD
2025-03-18 00:56:32,266 - INFO - Ingress_Exit XYRMLAV3
2025-03-18 00:56:32,266 - INFO - Ingress_Exit H10MCWMB
2025-03-18 00:56:32,458 - INFO - Ingress_Enter JD7CCPTG
2025-03-18 00:56:32,724 - INFO - Ingress_Enter HRG4W3NL
2025-03-18 00:56:32,786 - INFO - Ingress_Exit GMCIDUJR
2025-03-18 00:56:32,788 - INFO - Ingress_Exit ZS14SQB3
2025-03-18 00:56:32,790 - INFO - Ingress_Exit MXZURU8H
2025-03-18 00:56:32,790 - INFO - Ingress_Exit 6DKYGMVL
2025-03-18 00:56:32,792 - INFO - Ingress_Exit 52BHELFS
2025-03-18 00:56:32,794 - INFO - Ingress_Exit CNM9FU4E
2025-03-18 00:56:32,795 - INFO - Ingress_Exit QT61I0HE
2025-03-18 00:56:32,796 - INFO - Ingress_Exit 4BP0WEWT
2025-03-18 00:56:32,796 - INFO - Ingress_Exit DX03POPU
2025-03-18 00:56:33,030 - INFO - Ingress_Enter KKHKYSLZ
2025-03-18 00:56:33,075 - INFO - Ingress_Enter 6GPZAICY
2025-03-18 00:56:33,129 - INFO - Ingress_Enter 0NXEUXUU
2025-03-18 00:56:33,314 - INFO - Ingress_Enter 4A9C1SK7
2025-03-18 00:56:33,323 - INFO - Ingress_Enter K703SVJK
2025-03-18 00:56:33,331 - INFO - Ingress_Exit UROP0EPG
2025-03-18 00:56:33,331 - INFO - Ingress_Exit UQC37EKM
2025-03-18 00:56:33,333 - INFO - Ingress_Exit 4ENRT7U4
2025-03-18 00:56:33,334 - INFO - Ingress_Exit 60ED60EG
2025-03-18 00:56:33,335 - INFO - Ingress_Exit Z4N4V36C
2025-03-18 00:56:33,348 - INFO - Ingress_Exit ELVFWRV4
2025-03-18 00:56:33,349 - INFO - Ingress_Exit Y3JAFVIB
2025-03-18 00:56:33,391 - INFO - Ingress_Enter PPBZ88KR
2025-03-18 00:56:33,589 - INFO - Ingress_Enter 5HOE1BBU
2025-03-18 00:56:33,633 - INFO - Ingress_Enter IKHCEEBE
2025-03-18 00:56:33,645 - INFO - Ingress_Exit P3YJ5FH8
2025-03-18 00:56:33,649 - INFO - Ingress_Exit 14OIJ2PH
2025-03-18 00:56:33,654 - INFO - Ingress_Enter GYTFTGBR
2025-03-18 00:56:33,702 - INFO - Ingress_Enter ZTLSHTD8
2025-03-18 00:56:33,726 - INFO - Ingress_Enter 68MCYFTP
2025-03-18 00:56:33,761 - INFO - Ingress_Enter I7L5MU6E
2025-03-18 00:56:33,814 - INFO - Ingress_Enter R8XEDY5Y
2025-03-18 00:56:33,868 - INFO - Ingress_Enter IV8NGKQM
2025-03-18 00:56:33,920 - INFO - Ingress_Enter 4EN2K4HG
2025-03-18 00:56:34,089 - INFO - Ingress_Exit OJJX38KK
2025-03-18 00:56:34,163 - INFO - Ingress_Enter JABT1EM8
2025-03-18 00:56:34,256 - INFO - Ingress_Enter 3M6KSSLT
2025-03-18 00:56:34,263 - INFO - Ingress_Enter VNOCCL19
2025-03-18 00:56:34,534 - INFO - Ingress_Exit LFXC9D9P
2025-03-18 00:56:34,535 - INFO - Ingress_Exit AC3VPE6D
2025-03-18 00:56:34,602 - INFO - Ingress_Enter WTP0KLDB
2025-03-18 00:56:34,644 - INFO - Ingress_Exit JD7CCPTG
2025-03-18 00:56:34,646 - INFO - Ingress_Exit KKHKYSLZ
2025-03-18 00:56:34,649 - INFO - Ingress_Enter MQZ2ENP0
2025-03-18 00:56:34,651 - INFO - Ingress_Exit HRG4W3NL
2025-03-18 00:56:34,676 - INFO - Ingress_Enter LOADWR1I
2025-03-18 00:56:34,720 - INFO - Ingress_Enter 4INHNE51
2025-03-18 00:56:34,817 - INFO - Ingress_Enter KGZZSLZB
2025-03-18 00:56:34,940 - INFO - Ingress_Enter 0N19S5V6
2025-03-18 00:56:35,001 - INFO - Ingress_Enter OSGYQ27R
2025-03-18 00:56:35,030 - INFO - Ingress_Enter VFRNPC7V
2025-03-18 00:56:35,045 - INFO - Ingress_Exit 4A9C1SK7
2025-03-18 00:56:35,046 - INFO - Ingress_Exit PPBZ88KR
2025-03-18 00:56:35,085 - INFO - Ingress_Exit 6GPZAICY
2025-03-18 00:56:35,086 - INFO - Ingress_Exit 0NXEUXUU
2025-03-18 00:56:35,088 - INFO - Ingress_Exit K703SVJK
2025-03-18 00:56:35,092 - INFO - Ingress_Exit 5HOE1BBU
2025-03-18 00:56:35,094 - INFO - Ingress_Enter LTAKXDSH
2025-03-18 00:56:35,168 - INFO - Ingress_Enter HFSJPHBD
2025-03-18 00:56:35,273 - INFO - Ingress_Enter VHOLHJOZ
2025-03-18 00:56:35,475 - INFO - Ingress_Enter O5MLFK9B
2025-03-18 00:56:35,531 - INFO - Ingress_Enter 5J9WSCYD
2025-03-18 00:56:35,551 - INFO - Ingress_Enter XCTQ8G6G
2025-03-18 00:56:35,598 - INFO - Ingress_Enter LQSDZ4SM
2025-03-18 00:56:35,696 - INFO - Ingress_Enter W1TR9CIT
2025-03-18 00:56:35,722 - INFO - Ingress_Enter ME56JBLJ
2025-03-18 00:56:35,939 - INFO - Ingress_Enter 6RX4D43P
2025-03-18 00:56:36,010 - INFO - Ingress_Enter H1FHW7U6
2025-03-18 00:56:36,302 - INFO - Ingress_Enter 2L7XMJMA
2025-03-18 00:56:36,319 - INFO - Ingress_Enter ZXMITTRI
2025-03-18 00:56:36,427 - INFO - Ingress_Enter H18OUOHX
2025-03-18 00:56:37,232 - INFO - Ingress_Exit IKHCEEBE
2025-03-18 00:56:37,235 - INFO - Ingress_Exit 68MCYFTP
2025-03-18 00:56:37,235 - INFO - Ingress_Exit GYTFTGBR
2025-03-18 00:56:37,559 - INFO - Ingress_Exit ZTLSHTD8
2025-03-18 00:56:37,560 - INFO - Ingress_Exit I7L5MU6E
2025-03-18 00:56:37,562 - INFO - Ingress_Exit R8XEDY5Y
2025-03-18 00:56:37,563 - INFO - Ingress_Exit IV8NGKQM
2025-03-18 00:56:38,235 - INFO - Ingress_Enter J1LKSUKZ
2025-03-18 00:56:38,394 - INFO - Ingress_Enter 0A7FF6KG
2025-03-18 00:56:38,581 - INFO - Ingress_Enter ZL2I1U0A
2025-03-18 00:56:39,260 - INFO - Ingress_Enter 7JL8H3RS
2025-03-18 00:56:39,312 - INFO - Ingress_Enter RASFJSO4
2025-03-18 00:56:39,473 - INFO - Ingress_Enter QG5C9UA6
2025-03-18 00:56:39,580 - INFO - Ingress_Enter W252E5OU
2025-03-18 00:56:39,827 - INFO - Ingress_Enter SPKVE83D
2025-03-18 00:56:40,100 - INFO - Ingress_Enter 8CP56USD
2025-03-18 00:56:40,305 - INFO - Ingress_Enter 6AXBRD5Y
2025-03-18 00:56:40,394 - INFO - Ingress_Enter 273YXDZK
2025-03-18 00:56:41,344 - INFO - Ingress_Enter CO6WMTB3
2025-03-18 00:56:41,353 - INFO - Ingress_Enter UF3QTMY8
2025-03-18 00:56:43,364 - INFO - Ingress_Exit JABT1EM8
2025-03-18 00:56:43,364 - INFO - Ingress_Exit VNOCCL19
2025-03-18 00:56:43,368 - INFO - Ingress_Exit MQZ2ENP0
2025-03-18 00:56:43,368 - INFO - Ingress_Exit 3M6KSSLT
2025-03-18 00:56:43,390 - INFO - Ingress_Exit 4EN2K4HG
2025-03-18 00:56:44,750 - INFO - Ingress_Exit LOADWR1I
2025-03-18 00:56:44,751 - INFO - Ingress_Exit WTP0KLDB
2025-03-18 00:56:44,753 - INFO - Ingress_Exit 4INHNE51
2025-03-18 00:56:44,941 - INFO - Ingress_Enter 9BQW3AMN
2025-03-18 00:56:44,949 - INFO - Ingress_Enter VF1N95YY
2025-03-18 00:56:44,961 - INFO - Ingress_Exit KGZZSLZB
2025-03-18 00:56:44,963 - INFO - Ingress_Exit 0N19S5V6
2025-03-18 00:56:44,966 - INFO - Ingress_Exit OSGYQ27R
2025-03-18 00:56:44,969 - INFO - Ingress_Exit VFRNPC7V
2025-03-18 00:56:44,970 - INFO - Ingress_Exit HFSJPHBD
2025-03-18 00:56:44,971 - INFO - Ingress_Exit LTAKXDSH
2025-03-18 00:56:44,972 - INFO - Ingress_Exit VHOLHJOZ
2025-03-18 00:56:45,003 - INFO - Ingress_Enter RYGXW6OY
2025-03-18 00:56:45,219 - INFO - Ingress_Enter 3G89EE11
2025-03-18 00:56:45,247 - INFO - Ingress_Enter ZEXURUYW
2025-03-18 00:56:45,442 - INFO - Ingress_Enter 2ZX2G6Q0
2025-03-18 00:56:45,487 - INFO - Ingress_Enter UF0V5X7H
2025-03-18 00:56:46,243 - INFO - Ingress_Enter WMYCNG6K
2025-03-18 00:56:46,251 - INFO - Ingress_Exit 2L7XMJMA
2025-03-18 00:56:46,254 - INFO - Ingress_Exit ZXMITTRI
2025-03-18 00:56:46,261 - INFO - Ingress_Enter ZO8SEK6H
2025-03-18 00:56:46,335 - INFO - Ingress_Exit O5MLFK9B
2025-03-18 00:56:46,336 - INFO - Ingress_Exit 5J9WSCYD
2025-03-18 00:56:46,338 - INFO - Ingress_Exit XCTQ8G6G
2025-03-18 00:56:46,341 - INFO - Ingress_Exit LQSDZ4SM
2025-03-18 00:56:46,343 - INFO - Ingress_Exit W1TR9CIT
2025-03-18 00:56:46,344 - INFO - Ingress_Exit ME56JBLJ
2025-03-18 00:56:46,346 - INFO - Ingress_Exit H1FHW7U6
2025-03-18 00:56:46,347 - INFO - Ingress_Exit 6RX4D43P
2025-03-18 00:56:46,574 - INFO - Ingress_Exit H18OUOHX
2025-03-18 00:56:46,576 - INFO - Ingress_Exit J1LKSUKZ
2025-03-18 00:56:46,579 - INFO - Ingress_Exit 0A7FF6KG
2025-03-18 00:56:46,581 - INFO - Ingress_Exit ZL2I1U0A
2025-03-18 00:56:46,584 - INFO - Ingress_Exit 7JL8H3RS
2025-03-18 00:56:46,585 - INFO - Ingress_Exit RASFJSO4
2025-03-18 00:56:46,586 - INFO - Ingress_Enter WEUQTGNQ
2025-03-18 00:56:46,588 - INFO - Ingress_Exit QG5C9UA6
2025-03-18 00:56:46,589 - INFO - Ingress_Exit SPKVE83D
2025-03-18 00:56:46,590 - INFO - Ingress_Exit W252E5OU
2025-03-18 00:56:46,591 - INFO - Ingress_Exit 8CP56USD
2025-03-18 00:56:46,594 - INFO - Ingress_Exit 6AXBRD5Y
2025-03-18 00:56:46,644 - INFO - Ingress_Enter N776S4E9
2025-03-18 00:56:46,662 - INFO - Ingress_Enter S1Q176NZ
2025-03-18 00:56:46,672 - INFO - Ingress_Enter CAO6YJBF
2025-03-18 00:56:46,673 - INFO - Ingress_Exit UF3QTMY8
2025-03-18 00:56:46,675 - INFO - Ingress_Exit CO6WMTB3
2025-03-18 00:56:46,682 - INFO - Ingress_Exit 9BQW3AMN
2025-03-18 00:56:46,684 - INFO - Ingress_Exit VF1N95YY
2025-03-18 00:56:46,735 - INFO - Ingress_Enter 41V729L5
2025-03-18 00:56:46,754 - INFO - Ingress_Exit 273YXDZK
2025-03-18 00:56:46,870 - INFO - Ingress_Enter 05J4YZLR
2025-03-18 00:56:46,880 - INFO - Ingress_Enter JZDPK4ZV
2025-03-18 00:56:46,908 - INFO - Ingress_Enter G4KZ6WHD
2025-03-18 00:56:47,161 - INFO - Ingress_Enter U4YE8Q5M
2025-03-18 00:56:47,491 - INFO - Ingress_Enter C3P1ZPLR
2025-03-18 00:56:47,513 - INFO - Ingress_Exit RYGXW6OY
2025-03-18 00:56:47,514 - INFO - Ingress_Exit 3G89EE11
2025-03-18 00:56:47,679 - INFO - Ingress_Enter JQ73A1AX
2025-03-18 00:56:47,693 - INFO - Ingress_Exit ZEXURUYW
2025-03-18 00:56:47,741 - INFO - Ingress_Enter HAHDK7L3
2025-03-18 00:56:47,823 - INFO - Ingress_Enter ZE4H1V1M
2025-03-18 00:56:47,839 - INFO - Ingress_Enter ITZZPMIY
2025-03-18 00:56:47,861 - INFO - Ingress_Exit UF0V5X7H
2025-03-18 00:56:47,864 - INFO - Ingress_Exit 2ZX2G6Q0
2025-03-18 00:56:47,866 - INFO - Ingress_Exit WMYCNG6K
2025-03-18 00:56:47,867 - INFO - Ingress_Exit ZO8SEK6H
2025-03-18 00:56:47,872 - INFO - Ingress_Exit N776S4E9
2025-03-18 00:56:47,894 - INFO - Ingress_Enter MFKMIMPQ
2025-03-18 00:56:47,985 - INFO - Ingress_Enter FO4TRMOH
2025-03-18 00:56:47,996 - INFO - Ingress_Exit 41V729L5
2025-03-18 00:56:47,997 - INFO - Ingress_Exit WEUQTGNQ
2025-03-18 00:56:48,096 - INFO - Ingress_Enter 35ERXTRQ
2025-03-18 00:56:48,203 - INFO - Ingress_Enter 36RLG0FN
2025-03-18 00:56:48,276 - INFO - Ingress_Enter DMRHEZWP
2025-03-18 00:56:48,285 - INFO - Ingress_Enter EHU78DCH
2025-03-18 00:56:48,302 - INFO - Ingress_Enter QU4YRN1Z
2025-03-18 00:56:48,347 - INFO - Ingress_Enter QPC6WSB5
2025-03-18 00:56:48,392 - INFO - Ingress_Enter VDVJ437X
2025-03-18 00:56:48,408 - INFO - Ingress_Exit S1Q176NZ
2025-03-18 00:56:48,427 - INFO - Ingress_Enter NC65J5KE
2025-03-18 00:56:48,490 - INFO - Ingress_Enter E1TX6726
2025-03-18 00:56:48,804 - INFO - Ingress_Enter JWX4F5XJ
2025-03-18 00:56:49,119 - INFO - Ingress_Enter VT1GOA84
2025-03-18 00:56:49,283 - INFO - Ingress_Enter TC29JW07
2025-03-18 00:56:49,386 - INFO - Ingress_Enter DGWKO4NL
2025-03-18 00:56:49,564 - INFO - Ingress_Enter YD3AUM85
2025-03-18 00:56:49,581 - INFO - Ingress_Enter CR2NBK2G
2025-03-18 00:56:49,906 - INFO - Ingress_Enter C66JQWMA
2025-03-18 00:56:50,127 - INFO - Ingress_Enter ZWHWEO9O
2025-03-18 00:56:50,200 - INFO - Ingress_Enter ZT7XD03G
2025-03-18 00:56:50,247 - INFO - Ingress_Enter YE2O3EY1
2025-03-18 00:56:50,430 - INFO - Ingress_Enter M3EADOIK
2025-03-18 00:56:50,636 - INFO - Ingress_Enter XPZESBQ7
2025-03-18 00:56:50,833 - INFO - Ingress_Enter ENZYN8U4
2025-03-18 00:56:50,855 - INFO - Ingress_Enter JX98GPKW
2025-03-18 00:56:50,913 - INFO - Ingress_Enter 16LPIWAV
2025-03-18 00:56:51,265 - INFO - Ingress_Enter KBUH56VU
2025-03-18 00:56:51,291 - INFO - Ingress_Enter BOLPNXH0
2025-03-18 00:56:51,452 - INFO - Ingress_Exit VT1GOA84
2025-03-18 00:56:51,453 - INFO - Ingress_Exit DGWKO4NL
2025-03-18 00:56:51,455 - INFO - Ingress_Exit TC29JW07
2025-03-18 00:56:51,457 - INFO - Ingress_Exit YD3AUM85
2025-03-18 00:56:51,469 - INFO - Ingress_Enter 9HJOJK55
2025-03-18 00:56:51,472 - INFO - Ingress_Exit CAO6YJBF
2025-03-18 00:56:51,478 - INFO - Ingress_Exit 05J4YZLR
2025-03-18 00:56:51,480 - INFO - Ingress_Exit JZDPK4ZV
2025-03-18 00:56:51,483 - INFO - Ingress_Exit C3P1ZPLR
2025-03-18 00:56:51,485 - INFO - Ingress_Exit ZE4H1V1M
2025-03-18 00:56:51,488 - INFO - Ingress_Exit ITZZPMIY
2025-03-18 00:56:51,491 - INFO - Ingress_Exit JQ73A1AX
2025-03-18 00:56:51,494 - INFO - Ingress_Exit JWX4F5XJ
2025-03-18 00:56:51,502 - INFO - Ingress_Exit EHU78DCH
2025-03-18 00:56:51,504 - INFO - Ingress_Exit E1TX6726
2025-03-18 00:56:51,508 - INFO - Ingress_Exit G4KZ6WHD
2025-03-18 00:56:51,510 - INFO - Ingress_Exit U4YE8Q5M
2025-03-18 00:56:51,513 - INFO - Ingress_Exit HAHDK7L3
2025-03-18 00:56:51,515 - INFO - Ingress_Exit MFKMIMPQ
2025-03-18 00:56:51,520 - INFO - Ingress_Exit 35ERXTRQ
2025-03-18 00:56:51,521 - INFO - Ingress_Exit FO4TRMOH
2025-03-18 00:56:51,522 - INFO - Ingress_Exit 36RLG0FN
2025-03-18 00:56:51,523 - INFO - Ingress_Exit DMRHEZWP
2025-03-18 00:56:51,525 - INFO - Ingress_Exit QU4YRN1Z
2025-03-18 00:56:51,526 - INFO - Ingress_Exit QPC6WSB5
2025-03-18 00:56:51,526 - INFO - Ingress_Exit NC65J5KE
2025-03-18 00:56:51,527 - INFO - Ingress_Exit VDVJ437X
2025-03-18 00:56:51,557 - INFO - Ingress_Enter YLI63WQC
2025-03-18 00:56:51,801 - INFO - Ingress_Enter WG584XK2
2025-03-18 00:56:51,835 - INFO - Ingress_Enter 5I10YIL6
2025-03-18 00:56:51,978 - INFO - Ingress_Enter DHY9AVJ4
2025-03-18 00:56:52,047 - INFO - Ingress_Enter CNLEADX2
2025-03-18 00:56:52,057 - INFO - Ingress_Enter YRTNKV3W
2025-03-18 00:56:52,125 - INFO - Ingress_Enter GTD0DZAH
2025-03-18 00:56:52,134 - INFO - Ingress_Enter TPWNK8DS
2025-03-18 00:56:52,143 - INFO - Ingress_Enter GD06FRJ2
2025-03-18 00:56:52,252 - INFO - Ingress_Enter 4XZENF6Y
2025-03-18 00:56:52,371 - INFO - Ingress_Exit CR2NBK2G
2025-03-18 00:56:52,372 - INFO - Ingress_Exit C66JQWMA
2025-03-18 00:56:52,374 - INFO - Ingress_Exit ZT7XD03G
2025-03-18 00:56:52,376 - INFO - Ingress_Exit YE2O3EY1
2025-03-18 00:56:52,416 - INFO - Ingress_Enter 67EJIK9W
2025-03-18 00:56:52,439 - INFO - Ingress_Enter TBL22P4H
2025-03-18 00:56:52,459 - INFO - Ingress_Enter TGHIEHPV
2025-03-18 00:56:52,460 - INFO - Ingress_Exit ZWHWEO9O
2025-03-18 00:56:52,460 - INFO - Ingress_Exit M3EADOIK
2025-03-18 00:56:52,715 - INFO - Ingress_Exit XPZESBQ7
2025-03-18 00:56:52,716 - INFO - Ingress_Exit JX98GPKW
2025-03-18 00:56:52,916 - INFO - Ingress_Exit ENZYN8U4
2025-03-18 00:56:53,408 - INFO - Ingress_Exit 16LPIWAV
2025-03-18 00:56:53,469 - INFO - Ingress_Enter 6MTB363X
2025-03-18 00:56:53,479 - INFO - Ingress_Enter 46R5ZGOK
2025-03-18 00:56:53,488 - INFO - Ingress_Enter AJ6FAVG1
2025-03-18 00:56:53,601 - INFO - Ingress_Enter JZ42FE6A
2025-03-18 00:56:53,646 - INFO - Ingress_Enter 8N31ONGC
2025-03-18 00:56:53,691 - INFO - Ingress_Enter UOL4VBR0
2025-03-18 00:56:53,735 - INFO - Ingress_Enter X8TYGPPS
2025-03-18 00:56:53,826 - INFO - Ingress_Enter EQ3CZDI2
2025-03-18 00:56:53,860 - INFO - Ingress_Enter UVXCF2ZR
2025-03-18 00:56:53,975 - INFO - Ingress_Exit CNLEADX2
2025-03-18 00:56:53,993 - INFO - Ingress_Exit KBUH56VU
2025-03-18 00:56:53,994 - INFO - Ingress_Exit 9HJOJK55
2025-03-18 00:56:53,997 - INFO - Ingress_Exit BOLPNXH0
2025-03-18 00:56:54,001 - INFO - Ingress_Exit YLI63WQC
2025-03-18 00:56:54,004 - INFO - Ingress_Exit 5I10YIL6
2025-03-18 00:56:54,012 - INFO - Ingress_Enter HRHRVSMZ
2025-03-18 00:56:54,097 - INFO - Ingress_Enter UEYWSZL2
2025-03-18 00:56:54,123 - INFO - Ingress_Enter B6XDK8MY
2025-03-18 00:56:54,155 - INFO - Ingress_Exit WG584XK2
2025-03-18 00:56:54,275 - INFO - Ingress_Enter LM1FU853
2025-03-18 00:56:54,373 - INFO - Ingress_Enter LDSURB4K
2025-03-18 00:56:54,509 - INFO - Ingress_Enter FVRQMXM5
2025-03-18 00:56:54,560 - INFO - Ingress_Enter AI6SNQNP
2025-03-18 00:56:54,583 - INFO - Ingress_Enter 9Q49XB2I
2025-03-18 00:56:54,610 - INFO - Ingress_Enter AJX713PO
2025-03-18 00:56:54,695 - INFO - Ingress_Exit DHY9AVJ4
2025-03-18 00:56:54,697 - INFO - Ingress_Exit YRTNKV3W
2025-03-18 00:56:54,699 - INFO - Ingress_Exit 4XZENF6Y
2025-03-18 00:56:54,700 - INFO - Ingress_Exit GTD0DZAH
2025-03-18 00:56:54,828 - INFO - Ingress_Exit TPWNK8DS
2025-03-18 00:56:54,829 - INFO - Ingress_Exit TBL22P4H
2025-03-18 00:56:54,831 - INFO - Ingress_Exit 6MTB363X
2025-03-18 00:56:54,968 - INFO - Ingress_Exit GD06FRJ2
2025-03-18 00:56:54,970 - INFO - Ingress_Exit TGHIEHPV
2025-03-18 00:56:54,971 - INFO - Ingress_Exit 67EJIK9W
2025-03-18 00:56:54,972 - INFO - Ingress_Exit 46R5ZGOK
2025-03-18 00:56:54,974 - INFO - Ingress_Exit AJ6FAVG1
2025-03-18 00:56:54,980 - INFO - Ingress_Exit JZ42FE6A
2025-03-18 00:56:55,070 - INFO - Ingress_Exit 8N31ONGC
2025-03-18 00:56:55,096 - INFO - Ingress_Enter F3Z584CI
2025-03-18 00:56:55,123 - INFO - Ingress_Enter NABQIU2H
2025-03-18 00:56:55,374 - INFO - Ingress_Exit UOL4VBR0
2025-03-18 00:56:55,377 - INFO - Ingress_Exit X8TYGPPS
2025-03-18 00:56:55,378 - INFO - Ingress_Exit EQ3CZDI2
2025-03-18 00:56:55,596 - INFO - Ingress_Exit UVXCF2ZR
2025-03-18 00:56:55,725 - INFO - Ingress_Enter T6JLTE2P
2025-03-18 00:56:55,743 - INFO - Ingress_Enter Z9UPGGQM
2025-03-18 00:56:55,811 - INFO - Ingress_Enter REZNELWX
2025-03-18 00:56:55,838 - INFO - Ingress_Enter Z4VWEXBP
2025-03-18 00:56:55,940 - INFO - Ingress_Enter FRMAA9A2
2025-03-18 00:56:57,228 - INFO - Ingress_Enter O7ZTFJ38
2025-03-18 00:56:57,384 - INFO - Ingress_Enter BZ7S78PE
2025-03-18 00:56:57,418 - INFO - Ingress_Enter GFIWZOMO
2025-03-18 00:56:57,614 - INFO - Ingress_Enter OEU2TL53
2025-03-18 00:56:57,661 - INFO - Ingress_Enter 2T9FJC8Q
2025-03-18 00:56:57,740 - INFO - Ingress_Enter MZL2BFVM
2025-03-18 00:56:57,845 - INFO - Ingress_Enter OZME7JKU
2025-03-18 00:56:57,856 - INFO - Ingress_Enter DJVY0ZHA
2025-03-18 00:56:57,960 - INFO - Ingress_Enter T7QL5CLU
2025-03-18 00:56:58,464 - INFO - Ingress_Enter QVF6F9E5
2025-03-18 00:56:58,747 - INFO - Ingress_Enter GG21GC4O
2025-03-18 00:56:59,060 - INFO - Ingress_Exit UEYWSZL2
2025-03-18 00:56:59,077 - INFO - Ingress_Enter MSH2IKO5
2025-03-18 00:56:59,099 - INFO - Ingress_Exit B6XDK8MY
2025-03-18 00:56:59,100 - INFO - Ingress_Exit HRHRVSMZ
2025-03-18 00:56:59,102 - INFO - Ingress_Exit AI6SNQNP
2025-03-18 00:56:59,104 - INFO - Ingress_Exit LM1FU853
2025-03-18 00:56:59,107 - INFO - Ingress_Exit FVRQMXM5
2025-03-18 00:56:59,109 - INFO - Ingress_Exit LDSURB4K
2025-03-18 00:56:59,110 - INFO - Ingress_Exit 9Q49XB2I
2025-03-18 00:56:59,116 - INFO - Ingress_Exit AJX713PO
2025-03-18 00:56:59,118 - INFO - Ingress_Exit NABQIU2H
2025-03-18 00:56:59,119 - INFO - Ingress_Exit F3Z584CI
2025-03-18 00:56:59,121 - INFO - Ingress_Exit T6JLTE2P
2025-03-18 00:56:59,123 - INFO - Ingress_Exit REZNELWX
2025-03-18 00:56:59,123 - INFO - Ingress_Exit O7ZTFJ38
2025-03-18 00:56:59,123 - INFO - Ingress_Exit Z9UPGGQM
2025-03-18 00:56:59,125 - INFO - Ingress_Exit OEU2TL53
2025-03-18 00:56:59,127 - INFO - Ingress_Exit Z4VWEXBP
2025-03-18 00:56:59,127 - INFO - Ingress_Exit FRMAA9A2
2025-03-18 00:56:59,186 - INFO - Ingress_Enter J7MKW0WH
2025-03-18 00:56:59,203 - INFO - Ingress_Enter MDR9V3GA
2025-03-18 00:56:59,275 - INFO - Ingress_Enter MFJO7MCL
2025-03-18 00:56:59,339 - INFO - Ingress_Enter 2SU6L873
2025-03-18 00:56:59,510 - INFO - Ingress_Exit BZ7S78PE
2025-03-18 00:56:59,512 - INFO - Ingress_Exit 2T9FJC8Q
2025-03-18 00:56:59,515 - INFO - Ingress_Exit MZL2BFVM
2025-03-18 00:56:59,526 - INFO - Ingress_Enter QM0PM4KC
2025-03-18 00:56:59,571 - INFO - Ingress_Enter FK18GIUT
2025-03-18 00:56:59,580 - INFO - Ingress_Exit GFIWZOMO
2025-03-18 00:56:59,590 - INFO - Ingress_Enter L0J5I5Z3
2025-03-18 00:56:59,607 - INFO - Ingress_Enter 7KCR75NA
2025-03-18 00:56:59,634 - INFO - Ingress_Enter D2EB2MNH
2025-03-18 00:56:59,766 - INFO - Ingress_Enter 7XWPSK0P
2025-03-18 00:56:59,784 - INFO - Ingress_Enter 7DAP2UTT
2025-03-18 00:56:59,839 - INFO - Ingress_Enter LA7BR5WB
2025-03-18 00:56:59,918 - INFO - Ingress_Enter D93MK94K
2025-03-18 00:56:59,935 - INFO - Ingress_Exit DJVY0ZHA
2025-03-18 00:56:59,938 - INFO - Ingress_Exit OZME7JKU
2025-03-18 00:56:59,972 - INFO - Ingress_Enter EDSZIHA1
2025-03-18 00:57:00,045 - INFO - Ingress_Enter 4QWQAC9F
2025-03-18 00:57:00,149 - INFO - Ingress_Enter GLAS7JBR
2025-03-18 00:57:00,358 - INFO - Ingress_Exit T7QL5CLU
2025-03-18 00:57:00,375 - INFO - Ingress_Enter 43MXRZB1
2025-03-18 00:57:00,378 - INFO - Ingress_Exit QVF6F9E5
2025-03-18 00:57:00,402 - INFO - Ingress_Enter H1K15D95
2025-03-18 00:57:00,524 - INFO - Ingress_Exit GG21GC4O
2025-03-18 00:57:00,525 - INFO - Ingress_Exit MSH2IKO5
2025-03-18 00:57:00,850 - INFO - Ingress_Enter 7GUBLAQT
2025-03-18 00:57:00,887 - INFO - Ingress_Enter WIML7P68
2025-03-18 00:57:01,089 - INFO - Ingress_Enter EO6B9ZQP
2025-03-18 00:57:01,258 - INFO - Ingress_Exit J7MKW0WH
2025-03-18 00:57:01,259 - INFO - Ingress_Exit MDR9V3GA
2025-03-18 00:57:01,262 - INFO - Ingress_Exit MFJO7MCL
2025-03-18 00:57:01,461 - INFO - Ingress_Enter TM2RHJ6Q
2025-03-18 00:57:01,485 - INFO - Ingress_Enter AX1LUV0I
2025-03-18 00:57:01,581 - INFO - Ingress_Enter 6JW6D12Q
2025-03-18 00:57:01,589 - INFO - Ingress_Enter S6A7685N
2025-03-18 00:57:01,814 - INFO - Ingress_Enter JEP51DGC
2025-03-18 00:57:01,841 - INFO - Ingress_Exit 2SU6L873
2025-03-18 00:57:01,843 - INFO - Ingress_Exit QM0PM4KC
2025-03-18 00:57:01,844 - INFO - Ingress_Exit L0J5I5Z3
2025-03-18 00:57:01,845 - INFO - Ingress_Exit FK18GIUT
2025-03-18 00:57:02,026 - INFO - Ingress_Enter LE7MBJHU
2025-03-18 00:57:02,166 - INFO - Ingress_Enter ATE4D5DV
2025-03-18 00:57:02,452 - INFO - Ingress_Enter 7Z3TPEWJ
2025-03-18 00:57:02,559 - INFO - Ingress_Enter LA881RTE
2025-03-18 00:57:02,580 - INFO - Ingress_Enter P8JD7N7D
2025-03-18 00:57:02,712 - INFO - Ingress_Enter M4H803PI
2025-03-18 00:57:02,918 - INFO - Ingress_Enter X1WJEKJG
2025-03-18 00:57:02,972 - INFO - Ingress_Enter 1WNY7M0N
2025-03-18 00:57:03,060 - INFO - Ingress_Enter J4WYD2OM
2025-03-18 00:57:03,133 - INFO - Ingress_Exit 7XWPSK0P
2025-03-18 00:57:03,322 - INFO - Ingress_Exit 7KCR75NA
2025-03-18 00:57:03,324 - INFO - Ingress_Exit D2EB2MNH
2025-03-18 00:57:03,364 - INFO - Ingress_Exit 7DAP2UTT
2025-03-18 00:57:03,365 - INFO - Ingress_Exit EDSZIHA1
2025-03-18 00:57:03,369 - INFO - Ingress_Exit LA7BR5WB
2025-03-18 00:57:03,370 - INFO - Ingress_Exit 4QWQAC9F
2025-03-18 00:57:03,371 - INFO - Ingress_Exit D93MK94K
2025-03-18 00:57:03,500 - INFO - Ingress_Enter SN8TJ1M5
2025-03-18 00:57:03,615 - INFO - Ingress_Enter T1YW82MC
2025-03-18 00:57:03,724 - INFO - Ingress_Exit GLAS7JBR
2025-03-18 00:57:03,726 - INFO - Ingress_Enter ZIUXSZ82
2025-03-18 00:57:03,737 - INFO - Ingress_Enter IAW6A1NI
2025-03-18 00:57:03,788 - INFO - Ingress_Enter TROW7JDM
2025-03-18 00:57:03,912 - INFO - Ingress_Enter J7F2HT7V
2025-03-18 00:57:04,040 - INFO - Ingress_Enter 55O24VF6
2025-03-18 00:57:04,063 - INFO - Ingress_Enter RBNOEHP6
2025-03-18 00:57:04,123 - INFO - Ingress_Enter 5XU6X5HQ
2025-03-18 00:57:04,167 - INFO - Ingress_Enter APWWHETB
2025-03-18 00:57:04,235 - INFO - Ingress_Exit 43MXRZB1
2025-03-18 00:57:04,237 - INFO - Ingress_Exit H1K15D95
2025-03-18 00:57:04,273 - INFO - Ingress_Enter 6V63LDU7
2025-03-18 00:57:04,594 - INFO - Ingress_Enter 4PJTZFBG
2025-03-18 00:57:04,612 - INFO - Ingress_Enter H29MS4HN
2025-03-18 00:57:04,642 - INFO - Ingress_Exit 7GUBLAQT
2025-03-18 00:57:04,643 - INFO - Ingress_Exit WIML7P68
2025-03-18 00:57:04,646 - INFO - Ingress_Exit EO6B9ZQP
2025-03-18 00:57:04,647 - INFO - Ingress_Exit S6A7685N
2025-03-18 00:57:04,678 - INFO - Ingress_Enter H2O0X1CU
2025-03-18 00:57:04,707 - INFO - Ingress_Enter YX3W9J4D
2025-03-18 00:57:04,931 - INFO - Ingress_Enter 2PYW3DBZ
2025-03-18 00:57:04,948 - INFO - Ingress_Exit TM2RHJ6Q
2025-03-18 00:57:04,949 - INFO - Ingress_Exit AX1LUV0I
2025-03-18 00:57:04,951 - INFO - Ingress_Exit JEP51DGC
2025-03-18 00:57:04,952 - INFO - Ingress_Exit 6JW6D12Q
2025-03-18 00:57:04,953 - INFO - Ingress_Exit LE7MBJHU
2025-03-18 00:57:04,955 - INFO - Ingress_Exit ATE4D5DV
2025-03-18 00:57:04,994 - INFO - Ingress_Enter KTOSWVN3
2025-03-18 00:57:05,022 - INFO - Ingress_Enter D6CYZ7AC
2025-03-18 00:57:05,113 - INFO - Ingress_Exit P8JD7N7D
2025-03-18 00:57:05,115 - INFO - Ingress_Exit M4H803PI
2025-03-18 00:57:05,117 - INFO - Ingress_Exit 7Z3TPEWJ
2025-03-18 00:57:05,119 - INFO - Ingress_Exit LA881RTE
2025-03-18 00:57:05,146 - INFO - Ingress_Enter JP4QJL8T
2025-03-18 00:57:05,173 - INFO - Ingress_Exit X1WJEKJG
2025-03-18 00:57:05,174 - INFO - Ingress_Exit 1WNY7M0N
2025-03-18 00:57:05,176 - INFO - Ingress_Exit J4WYD2OM
2025-03-18 00:57:05,178 - INFO - Ingress_Exit T1YW82MC
2025-03-18 00:57:05,180 - INFO - Ingress_Exit SN8TJ1M5
2025-03-18 00:57:05,182 - INFO - Ingress_Exit IAW6A1NI
2025-03-18 00:57:05,193 - INFO - Ingress_Enter X7LTGG4N
2025-03-18 00:57:05,229 - INFO - Ingress_Enter KL0HINU3
2025-03-18 00:57:05,247 - INFO - Ingress_Enter MN91N3IW
2025-03-18 00:57:05,256 - INFO - Ingress_Enter 0S30I9V8
2025-03-18 00:57:05,282 - INFO - Ingress_Enter PKDFN5UN
2025-03-18 00:57:05,327 - INFO - Ingress_Enter W3SB4E1Y
2025-03-18 00:57:05,337 - INFO - Ingress_Enter SPIB1K68
2025-03-18 00:57:05,381 - INFO - Ingress_Enter DGXJRAPF
2025-03-18 00:57:05,399 - INFO - Ingress_Enter ZWMRV7JY
2025-03-18 00:57:05,507 - INFO - Ingress_Enter F3306QWL
2025-03-18 00:57:05,524 - INFO - Ingress_Enter 4CA03HR1
2025-03-18 00:57:05,542 - INFO - Ingress_Enter P7Z4QTH5
2025-03-18 00:57:05,885 - INFO - Ingress_Enter R5MCQ8C6
2025-03-18 00:57:05,928 - INFO - Ingress_Enter 3DNIL8PU
2025-03-18 00:57:05,937 - INFO - Ingress_Enter YPXWYWUA
2025-03-18 00:57:06,088 - INFO - Ingress_Enter 5T4M7MJ8
2025-03-18 00:57:06,151 - INFO - Ingress_Enter V3H7V0JF
2025-03-18 00:57:06,204 - INFO - Ingress_Enter R7EOUBS2
2025-03-18 00:57:06,212 - INFO - Ingress_Enter AJV27OW2
2025-03-18 00:57:06,969 - INFO - Ingress_Enter BACXNG1P
2025-03-18 00:57:08,135 - INFO - Ingress_Exit H2O0X1CU
2025-03-18 00:57:08,653 - INFO - Ingress_Exit TROW7JDM
2025-03-18 00:57:08,655 - INFO - Ingress_Exit J7F2HT7V
2025-03-18 00:57:08,657 - INFO - Ingress_Exit RBNOEHP6
2025-03-18 00:57:08,658 - INFO - Ingress_Exit 55O24VF6
2025-03-18 00:57:08,660 - INFO - Ingress_Exit ZIUXSZ82
2025-03-18 00:57:08,664 - INFO - Ingress_Exit 5XU6X5HQ
2025-03-18 00:57:08,665 - INFO - Ingress_Exit APWWHETB
2025-03-18 00:57:08,665 - INFO - Ingress_Exit H29MS4HN
2025-03-18 00:57:08,667 - INFO - Ingress_Exit 6V63LDU7
2025-03-18 00:57:08,667 - INFO - Ingress_Exit 4PJTZFBG
2025-03-18 00:57:09,009 - INFO - Ingress_Enter KUEVSZJD
2025-03-18 00:57:09,106 - INFO - Ingress_Enter 5J8GC72Y
2025-03-18 00:57:09,120 - INFO - Ingress_Enter 0REFQ9L7
2025-03-18 00:57:09,365 - INFO - Ingress_Enter 2L0WXCRV
2025-03-18 00:57:09,452 - INFO - Ingress_Enter YLK6ECBM
2025-03-18 00:57:09,478 - INFO - Ingress_Enter ITH2SP64
2025-03-18 00:57:09,642 - INFO - Ingress_Enter 01EW2G2U
2025-03-18 00:57:09,846 - INFO - Ingress_Enter V243BCPQ
2025-03-18 00:57:09,852 - INFO - Ingress_Exit YX3W9J4D
2025-03-18 00:57:09,854 - INFO - Ingress_Exit 2PYW3DBZ
2025-03-18 00:57:09,857 - INFO - Ingress_Exit KTOSWVN3
2025-03-18 00:57:09,858 - INFO - Ingress_Exit D6CYZ7AC
2025-03-18 00:57:09,862 - INFO - Ingress_Exit PKDFN5UN
2025-03-18 00:57:09,863 - INFO - Ingress_Exit JP4QJL8T
2025-03-18 00:57:09,865 - INFO - Ingress_Exit KL0HINU3
2025-03-18 00:57:09,865 - INFO - Ingress_Exit W3SB4E1Y
2025-03-18 00:57:09,866 - INFO - Ingress_Exit 0S30I9V8
2025-03-18 00:57:09,867 - INFO - Ingress_Exit SPIB1K68
2025-03-18 00:57:09,868 - INFO - Ingress_Exit F3306QWL
2025-03-18 00:57:09,894 - INFO - Ingress_Exit X7LTGG4N
2025-03-18 00:57:09,896 - INFO - Ingress_Exit MN91N3IW
2025-03-18 00:57:09,898 - INFO - Ingress_Exit DGXJRAPF
2025-03-18 00:57:09,901 - INFO - Ingress_Exit ZWMRV7JY
2025-03-18 00:57:09,902 - INFO - Ingress_Exit YPXWYWUA
2025-03-18 00:57:09,903 - INFO - Ingress_Exit 3DNIL8PU
2025-03-18 00:57:09,973 - INFO - Ingress_Enter XD45J9MI
2025-03-18 00:57:10,092 - INFO - Ingress_Enter SDMNK6L5
2025-03-18 00:57:10,110 - INFO - Ingress_Enter 5N5U0CPA
2025-03-18 00:57:10,146 - INFO - Ingress_Enter 97KEVKNQ
2025-03-18 00:57:10,285 - INFO - Ingress_Exit 4CA03HR1
2025-03-18 00:57:10,287 - INFO - Ingress_Exit P7Z4QTH5
2025-03-18 00:57:10,300 - INFO - Ingress_Exit R5MCQ8C6
2025-03-18 00:57:10,301 - INFO - Ingress_Exit R7EOUBS2
2025-03-18 00:57:10,302 - INFO - Ingress_Exit AJV27OW2
2025-03-18 00:57:10,305 - INFO - Ingress_Exit 5T4M7MJ8
2025-03-18 00:57:10,306 - INFO - Ingress_Exit V3H7V0JF
2025-03-18 00:57:10,344 - INFO - Ingress_Enter 8SJ5UMKX
2025-03-18 00:57:10,389 - INFO - Ingress_Enter QMLNLLIJ
2025-03-18 00:57:10,453 - INFO - Ingress_Exit BACXNG1P
2025-03-18 00:57:10,530 - INFO - Ingress_Enter HN9VYT75
2025-03-18 00:57:10,565 - INFO - Ingress_Enter KA6MIJSP
2025-03-18 00:57:10,697 - INFO - Ingress_Enter WGUCPND3
2025-03-18 00:57:10,743 - INFO - Ingress_Enter XECDPPYU
2025-03-18 00:57:10,753 - INFO - Ingress_Exit 0REFQ9L7
2025-03-18 00:57:10,779 - INFO - Ingress_Exit KUEVSZJD
2025-03-18 00:57:10,780 - INFO - Ingress_Exit 5J8GC72Y
2025-03-18 00:57:10,817 - INFO - Ingress_Enter 6QC23NVR
2025-03-18 00:57:10,874 - INFO - Ingress_Enter 3S8KYC46
2025-03-18 00:57:10,952 - INFO - Ingress_Enter JI3WWIPZ
2025-03-18 00:57:11,013 - INFO - Ingress_Enter 1QW6J229
2025-03-18 00:57:11,040 - INFO - Ingress_Enter TVEGHWAP
2025-03-18 00:57:11,051 - INFO - Ingress_Enter UY01AO3Y
2025-03-18 00:57:11,096 - INFO - Ingress_Enter ZA5ZMLG1
2025-03-18 00:57:11,104 - INFO - Ingress_Enter 2BHADOQQ
2025-03-18 00:57:11,167 - INFO - Ingress_Enter LOY2TOLS
2025-03-18 00:57:11,194 - INFO - Ingress_Exit 2L0WXCRV
2025-03-18 00:57:11,195 - INFO - Ingress_Exit YLK6ECBM
2025-03-18 00:57:11,386 - INFO - Ingress_Enter REDVSEO7
2025-03-18 00:57:11,431 - INFO - Ingress_Enter TK7EV03P
2025-03-18 00:57:11,896 - INFO - Ingress_Enter VTLUKC8U
2025-03-18 00:57:11,921 - INFO - Ingress_Enter 7P5WYTUO
2025-03-18 00:57:12,012 - INFO - Ingress_Enter FJSPVGDU
2025-03-18 00:57:12,064 - INFO - Ingress_Enter 3M7LNLLY
2025-03-18 00:57:12,227 - INFO - Ingress_Enter C5P10R3T
2025-03-18 00:57:12,245 - INFO - Ingress_Enter B1Y37SX8
2025-03-18 00:57:12,350 - INFO - Ingress_Enter XZP5YUIO
2025-03-18 00:57:12,407 - INFO - Ingress_Enter N6V7H6KG
2025-03-18 00:57:12,482 - INFO - Ingress_Enter V0U59UUL
2025-03-18 00:57:12,564 - INFO - Ingress_Enter PSV5ZL2K
2025-03-18 00:57:12,582 - INFO - Ingress_Enter OB2CFYFE
2025-03-18 00:57:12,708 - INFO - Ingress_Enter XVKRLZW9
2025-03-18 00:57:12,716 - INFO - Ingress_Enter HJTIVI6F
2025-03-18 00:57:13,812 - INFO - Ingress_Enter O4UVGGT7
2025-03-18 00:57:13,840 - INFO - Ingress_Enter CNFQTWTW
2025-03-18 00:57:14,851 - INFO - Ingress_Enter HTQUDH8X
2025-03-18 00:57:14,942 - INFO - Ingress_Enter Z9FV1JA8
2025-03-18 00:57:15,487 - INFO - Ingress_Exit ITH2SP64
2025-03-18 00:57:15,488 - INFO - Ingress_Exit 01EW2G2U
2025-03-18 00:57:15,491 - INFO - Ingress_Exit V243BCPQ
2025-03-18 00:57:15,492 - INFO - Ingress_Exit 5N5U0CPA
2025-03-18 00:57:15,494 - INFO - Ingress_Exit 97KEVKNQ
2025-03-18 00:57:15,495 - INFO - Ingress_Exit XD45J9MI
2025-03-18 00:57:15,496 - INFO - Ingress_Exit SDMNK6L5
2025-03-18 00:57:15,497 - INFO - Ingress_Exit 8SJ5UMKX
2025-03-18 00:57:15,500 - INFO - Ingress_Exit QMLNLLIJ
2025-03-18 00:57:15,502 - INFO - Ingress_Exit HN9VYT75
2025-03-18 00:57:15,787 - INFO - Ingress_Exit KA6MIJSP
2025-03-18 00:57:15,930 - INFO - Ingress_Exit WGUCPND3
2025-03-18 00:57:15,933 - INFO - Ingress_Exit XECDPPYU
2025-03-18 00:57:15,934 - INFO - Ingress_Exit 3S8KYC46
2025-03-18 00:57:15,935 - INFO - Ingress_Exit JI3WWIPZ
2025-03-18 00:57:15,936 - INFO - Ingress_Exit 6QC23NVR
2025-03-18 00:57:15,938 - INFO - Ingress_Exit UY01AO3Y
2025-03-18 00:57:16,115 - INFO - Ingress_Exit 1QW6J229
2025-03-18 00:57:16,116 - INFO - Ingress_Exit TVEGHWAP
2025-03-18 00:57:17,571 - INFO - Ingress_Exit ZA5ZMLG1
2025-03-18 00:57:17,575 - INFO - Ingress_Exit 2BHADOQQ
2025-03-18 00:57:18,134 - INFO - Ingress_Exit LOY2TOLS
2025-03-18 00:57:18,135 - INFO - Ingress_Exit TK7EV03P
2025-03-18 00:57:18,138 - INFO - Ingress_Exit REDVSEO7
2025-03-18 00:57:18,139 - INFO - Ingress_Exit VTLUKC8U
2025-03-18 00:57:18,141 - INFO - Ingress_Exit 7P5WYTUO
2025-03-18 00:57:18,143 - INFO - Ingress_Exit FJSPVGDU
2025-03-18 00:57:18,144 - INFO - Ingress_Exit 3M7LNLLY
2025-03-18 00:57:18,145 - INFO - Ingress_Exit B1Y37SX8
2025-03-18 00:57:18,498 - INFO - Ingress_Exit C5P10R3T
2025-03-18 00:57:18,500 - INFO - Ingress_Exit XZP5YUIO
2025-03-18 00:57:18,502 - INFO - Ingress_Exit N6V7H6KG
2025-03-18 00:57:19,465 - INFO - Ingress_Exit V0U59UUL
2025-03-18 00:57:19,466 - INFO - Ingress_Exit XVKRLZW9
2025-03-18 00:57:19,467 - INFO - Ingress_Exit PSV5ZL2K
2025-03-18 00:57:19,469 - INFO - Ingress_Exit OB2CFYFE
2025-03-18 00:57:19,846 - INFO - Ingress_Exit HJTIVI6F
2025-03-18 00:57:20,601 - INFO - Ingress_Exit CNFQTWTW
2025-03-18 00:57:20,787 - INFO - Ingress_Exit O4UVGGT7
2025-03-18 00:57:21,089 - INFO - Ingress_Enter 46JKXOEE
2025-03-18 00:57:21,144 - INFO - Ingress_Enter 125BFN8Z
2025-03-18 00:57:21,152 - INFO - Ingress_Enter 52D38F8I
2025-03-18 00:57:21,187 - INFO - Ingress_Enter 1U6NSL3O
2025-03-18 00:57:21,279 - INFO - Ingress_Enter TZO8ZMO0
2025-03-18 00:57:21,325 - INFO - Ingress_Enter N7XJBXLV
2025-03-18 00:57:21,342 - INFO - Ingress_Enter S2QH7ELC
2025-03-18 00:57:21,413 - INFO - Ingress_Enter FYAHNO80
2025-03-18 00:57:21,475 - INFO - Ingress_Enter 8AT6EWCN
2025-03-18 00:57:21,772 - INFO - Ingress_Enter USZ2FRCX
2025-03-18 00:57:21,789 - INFO - Ingress_Enter RI1I8VV3
2025-03-18 00:57:21,872 - INFO - Ingress_Enter 1H8DGWI5
2025-03-18 00:57:21,897 - INFO - Ingress_Enter UKIYNXET
2025-03-18 00:57:21,933 - INFO - Ingress_Enter Y96SSIDN
2025-03-18 00:57:22,074 - INFO - Ingress_Exit HTQUDH8X
2025-03-18 00:57:22,104 - INFO - Ingress_Enter BAZVH9YV
2025-03-18 00:57:22,272 - INFO - Ingress_Enter QSBGRJGF
2025-03-18 00:57:22,298 - INFO - Ingress_Enter 4MPS4XCX
2025-03-18 00:57:22,352 - INFO - Ingress_Enter 3UTA52WZ
2025-03-18 00:57:22,382 - INFO - Ingress_Exit 46JKXOEE
2025-03-18 00:57:22,383 - INFO - Ingress_Exit 125BFN8Z
2025-03-18 00:57:22,385 - INFO - Ingress_Exit Z9FV1JA8
2025-03-18 00:57:22,459 - INFO - Ingress_Enter 6HEHOVF2
2025-03-18 00:57:22,518 - INFO - Ingress_Exit 52D38F8I
2025-03-18 00:57:22,655 - INFO - Ingress_Exit 1U6NSL3O
2025-03-18 00:57:22,807 - INFO - Ingress_Enter LRCU0BP4
2025-03-18 00:57:22,940 - INFO - Ingress_Exit S2QH7ELC
2025-03-18 00:57:23,015 - INFO - Ingress_Enter 18FP6FV7
2025-03-18 00:57:23,122 - INFO - Ingress_Enter D2BMC7R9
2025-03-18 00:57:23,209 - INFO - Ingress_Enter 9IPIB4F2
2025-03-18 00:57:23,270 - INFO - Ingress_Enter YE6WR7YH
2025-03-18 00:57:23,314 - INFO - Ingress_Enter K30EUOZV
2025-03-18 00:57:23,332 - INFO - Ingress_Enter 8YHNJNNI
2025-03-18 00:57:23,470 - INFO - Ingress_Enter POIC3HMC
2025-03-18 00:57:23,550 - INFO - Ingress_Enter 4OS3HDTQ
2025-03-18 00:57:23,594 - INFO - Ingress_Enter 36UMKBJC
2025-03-18 00:57:23,611 - INFO - Ingress_Enter 3LMEHHJG
2025-03-18 00:57:23,899 - INFO - Ingress_Enter 6HZANH21
2025-03-18 00:57:24,049 - INFO - Ingress_Enter W2EGLZB7
2025-03-18 00:57:24,229 - INFO - Ingress_Enter LEVLZF9E
2025-03-18 00:57:24,291 - INFO - Ingress_Enter 9ZCVMI22
2025-03-18 00:57:24,645 - INFO - Ingress_Exit FYAHNO80
2025-03-18 00:57:24,646 - INFO - Ingress_Exit 8AT6EWCN
2025-03-18 00:57:24,647 - INFO - Ingress_Exit N7XJBXLV
2025-03-18 00:57:24,650 - INFO - Ingress_Exit TZO8ZMO0
2025-03-18 00:57:24,652 - INFO - Ingress_Exit RI1I8VV3
2025-03-18 00:57:24,653 - INFO - Ingress_Exit 1H8DGWI5
2025-03-18 00:57:24,654 - INFO - Ingress_Exit USZ2FRCX
2025-03-18 00:57:24,655 - INFO - Ingress_Exit UKIYNXET
2025-03-18 00:57:24,704 - INFO - Ingress_Exit Y96SSIDN
2025-03-18 00:57:24,706 - INFO - Ingress_Exit BAZVH9YV
2025-03-18 00:57:24,708 - INFO - Ingress_Exit 3UTA52WZ
2025-03-18 00:57:24,710 - INFO - Ingress_Exit QSBGRJGF
2025-03-18 00:57:25,508 - INFO - Ingress_Enter VHRXZ4D1
2025-03-18 00:57:25,572 - INFO - Ingress_Enter JIXJ9IYV
2025-03-18 00:57:25,679 - INFO - Ingress_Enter X9GH10TB
2025-03-18 00:57:25,706 - INFO - Ingress_Enter IXQRQ7DK
2025-03-18 00:57:25,779 - INFO - Ingress_Enter 5WMBH42L
2025-03-18 00:57:25,851 - INFO - Ingress_Enter PVT1EE8V
2025-03-18 00:57:25,894 - INFO - Ingress_Enter EEC0AROK
2025-03-18 00:57:25,938 - INFO - Ingress_Enter 3W5N1P78
2025-03-18 00:57:26,019 - INFO - Ingress_Enter YFCE4JRL
2025-03-18 00:57:26,046 - INFO - Ingress_Enter C0OLSV2Y
2025-03-18 00:57:26,267 - INFO - Ingress_Enter AZZGTBAX
2025-03-18 00:57:26,680 - INFO - Ingress_Enter BEO9MJXB
2025-03-18 00:57:26,777 - INFO - Ingress_Enter EXK9AKGU
2025-03-18 00:57:26,786 - INFO - Ingress_Exit 4MPS4XCX
2025-03-18 00:57:26,787 - INFO - Ingress_Exit 6HEHOVF2
2025-03-18 00:57:26,789 - INFO - Ingress_Exit LRCU0BP4
2025-03-18 00:57:26,791 - INFO - Ingress_Exit 18FP6FV7
2025-03-18 00:57:26,793 - INFO - Ingress_Exit D2BMC7R9
2025-03-18 00:57:26,817 - INFO - Ingress_Exit 9IPIB4F2
2025-03-18 00:57:26,818 - INFO - Ingress_Exit YE6WR7YH
2025-03-18 00:57:26,820 - INFO - Ingress_Exit K30EUOZV
2025-03-18 00:57:26,821 - INFO - Ingress_Exit 8YHNJNNI
2025-03-18 00:57:26,823 - INFO - Ingress_Exit POIC3HMC
2025-03-18 00:57:26,856 - INFO - Ingress_Enter RFVARP4Q
2025-03-18 00:57:26,910 - INFO - Ingress_Enter HTIWAMDV
2025-03-18 00:57:26,962 - INFO - Ingress_Enter HGU25MRU
2025-03-18 00:57:26,972 - INFO - Ingress_Enter UQ7J9R00
2025-03-18 00:57:27,228 - INFO - Ingress_Exit 36UMKBJC
2025-03-18 00:57:27,230 - INFO - Ingress_Exit 3LMEHHJG
2025-03-18 00:57:27,231 - INFO - Ingress_Exit 4OS3HDTQ
2025-03-18 00:57:27,235 - INFO - Ingress_Exit 6HZANH21
2025-03-18 00:57:27,236 - INFO - Ingress_Exit W2EGLZB7
2025-03-18 00:57:27,237 - INFO - Ingress_Exit LEVLZF9E
2025-03-18 00:57:27,238 - INFO - Ingress_Exit JIXJ9IYV
2025-03-18 00:57:27,241 - INFO - Ingress_Exit 9ZCVMI22
2025-03-18 00:57:27,243 - INFO - Ingress_Exit VHRXZ4D1
2025-03-18 00:57:27,264 - INFO - Ingress_Enter 4XC1FL11
2025-03-18 00:57:27,308 - INFO - Ingress_Enter YHVKZCL1
2025-03-18 00:57:27,334 - INFO - Ingress_Enter ZSX406TA
2025-03-18 00:57:27,348 - INFO - Ingress_Exit X9GH10TB
2025-03-18 00:57:27,351 - INFO - Ingress_Exit PVT1EE8V
2025-03-18 00:57:27,353 - INFO - Ingress_Exit IXQRQ7DK
2025-03-18 00:57:27,357 - INFO - Ingress_Enter 7OQ7NWN5
2025-03-18 00:57:27,357 - INFO - Ingress_Exit 5WMBH42L
2025-03-18 00:57:27,359 - INFO - Ingress_Exit EEC0AROK
2025-03-18 00:57:27,458 - INFO - Ingress_Enter JXG3E0I6
2025-03-18 00:57:27,484 - INFO - Ingress_Enter EHQLW6CI
2025-03-18 00:57:27,493 - INFO - Ingress_Enter 8NFBKHO8
2025-03-18 00:57:27,659 - INFO - Ingress_Enter APSJRNVK
2025-03-18 00:57:27,739 - INFO - Ingress_Exit 3W5N1P78
2025-03-18 00:57:27,756 - INFO - Ingress_Enter ZIH66FWG
2025-03-18 00:57:27,846 - INFO - Ingress_Enter CF4CF0CT
2025-03-18 00:57:27,947 - INFO - Ingress_Enter D9IB65P9
2025-03-18 00:57:27,989 - INFO - Ingress_Enter 54PYONHH
2025-03-18 00:57:28,052 - INFO - Ingress_Enter DVB7ODGB
2025-03-18 00:57:28,070 - INFO - Ingress_Enter AJ0VWYM8
2025-03-18 00:57:28,075 - INFO - Ingress_Exit AZZGTBAX
2025-03-18 00:57:28,077 - INFO - Ingress_Exit YFCE4JRL
2025-03-18 00:57:28,079 - INFO - Ingress_Exit C0OLSV2Y
2025-03-18 00:57:28,082 - INFO - Ingress_Exit BEO9MJXB
2025-03-18 00:57:28,187 - INFO - Ingress_Enter ES46SY0D
2025-03-18 00:57:28,204 - INFO - Ingress_Enter ZPV7C6W9
2025-03-18 00:57:28,248 - INFO - Ingress_Exit RFVARP4Q
2025-03-18 00:57:28,255 - INFO - Ingress_Enter FD2HKK8X
2025-03-18 00:57:28,309 - INFO - Ingress_Enter UW05FWTH
2025-03-18 00:57:28,397 - INFO - Ingress_Enter RBR8ZFIJ
2025-03-18 00:57:28,482 - INFO - Ingress_Enter YRW7CFKD
2025-03-18 00:57:28,521 - INFO - Ingress_Exit HTIWAMDV
2025-03-18 00:57:28,522 - INFO - Ingress_Exit HGU25MRU
2025-03-18 00:57:28,523 - INFO - Ingress_Exit UQ7J9R00
2025-03-18 00:57:28,526 - INFO - Ingress_Exit EXK9AKGU
2025-03-18 00:57:28,583 - INFO - Ingress_Exit YHVKZCL1
2025-03-18 00:57:28,585 - INFO - Ingress_Exit ZSX406TA
2025-03-18 00:57:28,586 - INFO - Ingress_Exit 7OQ7NWN5
2025-03-18 00:57:28,660 - INFO - Ingress_Enter JQDS0KEL
2025-03-18 00:57:28,895 - INFO - Ingress_Enter JI2XCCFY
2025-03-18 00:57:29,242 - INFO - Ingress_Enter TE9KYTQW
2025-03-18 00:57:29,253 - INFO - Ingress_Exit 4XC1FL11
2025-03-18 00:57:29,254 - INFO - Ingress_Exit JXG3E0I6
2025-03-18 00:57:29,256 - INFO - Ingress_Exit 8NFBKHO8
2025-03-18 00:57:29,258 - INFO - Ingress_Exit APSJRNVK
2025-03-18 00:57:29,259 - INFO - Ingress_Exit EHQLW6CI
2025-03-18 00:57:29,260 - INFO - Ingress_Exit ZIH66FWG
2025-03-18 00:57:29,371 - INFO - Ingress_Enter U30I2OYM
2025-03-18 00:57:29,436 - INFO - Ingress_Enter WETKZ49R
2025-03-18 00:57:29,675 - INFO - Ingress_Enter NVWFGY5D
2025-03-18 00:57:29,736 - INFO - Ingress_Enter LEXRE764
2025-03-18 00:57:29,771 - INFO - Ingress_Enter SAAMISUP
2025-03-18 00:57:29,916 - INFO - Ingress_Enter ATSXVR2C
2025-03-18 00:57:29,970 - INFO - Ingress_Enter DMLZQ0LU
2025-03-18 00:57:29,981 - INFO - Ingress_Enter KAOF2G7C
2025-03-18 00:57:30,078 - INFO - Ingress_Enter KL9CL00S
2025-03-18 00:57:30,222 - INFO - Ingress_Enter 3PUFOL4V
2025-03-18 00:57:30,304 - INFO - Ingress_Enter UV4G6Y78
2025-03-18 00:57:30,428 - INFO - Ingress_Enter B3HG8ON3
2025-03-18 00:57:30,617 - INFO - Ingress_Enter VHB120ER
2025-03-18 00:57:30,644 - INFO - Ingress_Enter V7PWVCH9
2025-03-18 00:57:30,652 - INFO - Ingress_Exit CF4CF0CT
2025-03-18 00:57:30,653 - INFO - Ingress_Exit D9IB65P9
2025-03-18 00:57:30,657 - INFO - Ingress_Exit 54PYONHH
2025-03-18 00:57:30,658 - INFO - Ingress_Exit AJ0VWYM8
2025-03-18 00:57:30,878 - INFO - Ingress_Exit DVB7ODGB
2025-03-18 00:57:30,897 - INFO - Ingress_Enter W7H38DCB
2025-03-18 00:57:32,372 - INFO - Ingress_Exit ES46SY0D
2025-03-18 00:57:32,374 - INFO - Ingress_Exit ZPV7C6W9
2025-03-18 00:57:32,375 - INFO - Ingress_Exit UW05FWTH
2025-03-18 00:57:33,087 - INFO - Ingress_Exit FD2HKK8X
2025-03-18 00:57:33,089 - INFO - Ingress_Exit YRW7CFKD
2025-03-18 00:57:33,091 - INFO - Ingress_Exit RBR8ZFIJ
2025-03-18 00:57:33,096 - INFO - Ingress_Exit JQDS0KEL
2025-03-18 00:57:33,098 - INFO - Ingress_Exit JI2XCCFY
2025-03-18 00:57:33,099 - INFO - Ingress_Exit U30I2OYM
2025-03-18 00:57:33,249 - INFO - Ingress_Enter U1Q35P89
2025-03-18 00:57:33,292 - INFO - Ingress_Enter V60BI14D
2025-03-18 00:57:33,318 - INFO - Ingress_Enter 2DU1AQIY
2025-03-18 00:57:33,418 - INFO - Ingress_Enter 7HBI2LJK
2025-03-18 00:57:33,435 - INFO - Ingress_Enter 93BZ60OJ
2025-03-18 00:57:33,500 - INFO - Ingress_Enter HYJ46PAZ
2025-03-18 00:57:33,749 - INFO - Ingress_Enter CXJ256S5
2025-03-18 00:57:33,914 - INFO - Ingress_Enter EJU4FQ9S
2025-03-18 00:57:34,015 - INFO - Ingress_Enter 21DQBFKX
2025-03-18 00:57:34,071 - INFO - Ingress_Exit TE9KYTQW
2025-03-18 00:57:34,072 - INFO - Ingress_Exit WETKZ49R
2025-03-18 00:57:34,160 - INFO - Ingress_Enter 5OLCBHZV
2025-03-18 00:57:34,373 - INFO - Ingress_Enter 8WUEZPV4
2025-03-18 00:57:34,422 - INFO - Ingress_Exit NVWFGY5D
2025-03-18 00:57:34,423 - INFO - Ingress_Exit LEXRE764
2025-03-18 00:57:34,427 - INFO - Ingress_Enter SXNXTSF3
2025-03-18 00:57:34,428 - INFO - Ingress_Exit ATSXVR2C
2025-03-18 00:57:34,429 - INFO - Ingress_Exit DMLZQ0LU
2025-03-18 00:57:34,724 - INFO - Ingress_Enter 1ZK4MOJG
2025-03-18 00:57:34,813 - INFO - Ingress_Enter 898WYIRK
2025-03-18 00:57:34,935 - INFO - Ingress_Exit 7HBI2LJK
2025-03-18 00:57:34,938 - INFO - Ingress_Exit 93BZ60OJ
2025-03-18 00:57:34,940 - INFO - Ingress_Exit V60BI14D
2025-03-18 00:57:34,963 - INFO - Ingress_Enter RVGRZT1Q
2025-03-18 00:57:34,971 - INFO - Ingress_Exit SAAMISUP
2025-03-18 00:57:34,972 - INFO - Ingress_Exit 3PUFOL4V
2025-03-18 00:57:34,974 - INFO - Ingress_Exit KAOF2G7C
2025-03-18 00:57:34,976 - INFO - Ingress_Exit KL9CL00S
2025-03-18 00:57:34,979 - INFO - Ingress_Exit UV4G6Y78
2025-03-18 00:57:34,981 - INFO - Ingress_Exit B3HG8ON3
2025-03-18 00:57:34,983 - INFO - Ingress_Exit VHB120ER
2025-03-18 00:57:34,986 - INFO - Ingress_Exit V7PWVCH9
2025-03-18 00:57:34,988 - INFO - Ingress_Exit W7H38DCB
2025-03-18 00:57:34,989 - INFO - Ingress_Exit U1Q35P89
2025-03-18 00:57:35,028 - INFO - Ingress_Enter 7CS6XMQH
2025-03-18 00:57:35,073 - INFO - Ingress_Enter 11E8DRQQ
2025-03-18 00:57:35,226 - INFO - Ingress_Enter 9OU1JQN5
2025-03-18 00:57:35,252 - INFO - Ingress_Enter VA5QRFBR
2025-03-18 00:57:35,270 - INFO - Ingress_Enter 7GV0PO8Z
2025-03-18 00:57:35,317 - INFO - Ingress_Enter 4PANFMZV
2025-03-18 00:57:35,356 - INFO - Ingress_Exit 2DU1AQIY
2025-03-18 00:57:35,359 - INFO - Ingress_Exit HYJ46PAZ
2025-03-18 00:57:35,360 - INFO - Ingress_Exit CXJ256S5
2025-03-18 00:57:35,399 - INFO - Ingress_Enter BO2Z9S3W
2025-03-18 00:57:35,426 - INFO - Ingress_Enter RMGH81HC
2025-03-18 00:57:35,543 - INFO - Ingress_Enter 3FZIMVQY
2025-03-18 00:57:35,586 - INFO - Ingress_Enter 8DG1KHJ1
2025-03-18 00:57:35,606 - INFO - Ingress_Exit EJU4FQ9S
2025-03-18 00:57:35,660 - INFO - Ingress_Enter RIGBSZEZ
2025-03-18 00:57:35,794 - INFO - Ingress_Enter 74TTBB2L
2025-03-18 00:57:35,801 - INFO - Ingress_Exit 21DQBFKX
2025-03-18 00:57:35,847 - INFO - Ingress_Enter 0IQMST7P
2025-03-18 00:57:35,917 - INFO - Ingress_Enter RTT3XX8J
2025-03-18 00:57:35,953 - INFO - Ingress_Exit 5OLCBHZV
2025-03-18 00:57:36,134 - INFO - Ingress_Enter 301KI3J1
2025-03-18 00:57:36,148 - INFO - Ingress_Exit 8WUEZPV4
2025-03-18 00:57:36,149 - INFO - Ingress_Exit SXNXTSF3
2025-03-18 00:57:36,554 - INFO - Ingress_Enter QNU7XT22
2025-03-18 00:57:36,573 - INFO - Ingress_Enter E9T4C7US
2025-03-18 00:57:36,581 - INFO - Ingress_Enter JRB5RA9I
2025-03-18 00:57:36,785 - INFO - Ingress_Enter JZ0J5FHT
2025-03-18 00:57:36,863 - INFO - Ingress_Enter SQIQLAWW
2025-03-18 00:57:36,988 - INFO - Ingress_Enter AFLH9MTO
2025-03-18 00:57:37,060 - INFO - Ingress_Exit 1ZK4MOJG
2025-03-18 00:57:37,062 - INFO - Ingress_Exit 898WYIRK
2025-03-18 00:57:37,063 - INFO - Ingress_Exit 7CS6XMQH
2025-03-18 00:57:37,065 - INFO - Ingress_Exit RVGRZT1Q
2025-03-18 00:57:37,098 - INFO - Ingress_Exit 11E8DRQQ
2025-03-18 00:57:37,099 - INFO - Ingress_Exit 4PANFMZV
2025-03-18 00:57:37,102 - INFO - Ingress_Enter T6D7HIKD
2025-03-18 00:57:37,104 - INFO - Ingress_Exit 9OU1JQN5
2025-03-18 00:57:37,104 - INFO - Ingress_Exit VA5QRFBR
2025-03-18 00:57:37,105 - INFO - Ingress_Exit BO2Z9S3W
2025-03-18 00:57:37,106 - INFO - Ingress_Exit 7GV0PO8Z
2025-03-18 00:57:37,107 - INFO - Ingress_Exit RMGH81HC
2025-03-18 00:57:37,129 - INFO - Ingress_Enter 5DX14L1G
2025-03-18 00:57:37,156 - INFO - Ingress_Enter XHS2DYPQ
2025-03-18 00:57:37,182 - INFO - Ingress_Enter GEKXWAHX
2025-03-18 00:57:37,350 - INFO - Ingress_Enter 4PZ131R7
2025-03-18 00:57:37,404 - INFO - Ingress_Enter PDCRB6G9
2025-03-18 00:57:37,413 - INFO - Ingress_Enter NKDO26IK
2025-03-18 00:57:37,426 - INFO - Ingress_Enter O9J32TGF
2025-03-18 00:57:37,438 - INFO - Ingress_Enter LVE6U83H
2025-03-18 00:57:37,820 - INFO - Ingress_Enter KA9ITFW9
2025-03-18 00:57:38,053 - INFO - Ingress_Enter BTWFW8D4
2025-03-18 00:57:38,133 - INFO - Ingress_Enter QGNL9TS5
2025-03-18 00:57:38,176 - INFO - Ingress_Enter F82WJBS6
2025-03-18 00:57:38,194 - INFO - Ingress_Enter 6DXHC5WV
2025-03-18 00:57:38,589 - INFO - Ingress_Enter F2VC14CC
2025-03-18 00:57:38,669 - INFO - Ingress_Enter 1PBGK2I2
2025-03-18 00:57:38,813 - INFO - Ingress_Enter Z6MO7J0U
2025-03-18 00:57:39,191 - INFO - Ingress_Enter I83FKAYV
2025-03-18 00:57:39,215 - INFO - Ingress_Exit 3FZIMVQY
2025-03-18 00:57:39,216 - INFO - Ingress_Exit RIGBSZEZ
2025-03-18 00:57:39,218 - INFO - Ingress_Exit 8DG1KHJ1
2025-03-18 00:57:39,221 - INFO - Ingress_Exit 0IQMST7P
2025-03-18 00:57:39,222 - INFO - Ingress_Exit 74TTBB2L
2025-03-18 00:57:39,223 - INFO - Ingress_Exit RTT3XX8J
2025-03-18 00:57:39,225 - INFO - Ingress_Exit 301KI3J1
2025-03-18 00:57:39,225 - INFO - Ingress_Exit E9T4C7US
2025-03-18 00:57:39,227 - INFO - Ingress_Exit SQIQLAWW
2025-03-18 00:57:39,229 - INFO - Ingress_Exit T6D7HIKD
2025-03-18 00:57:39,230 - INFO - Ingress_Exit 5DX14L1G
2025-03-18 00:57:39,233 - INFO - Ingress_Exit XHS2DYPQ
2025-03-18 00:57:39,234 - INFO - Ingress_Exit QNU7XT22
2025-03-18 00:57:39,237 - INFO - Ingress_Exit JRB5RA9I
2025-03-18 00:57:39,238 - INFO - Ingress_Exit JZ0J5FHT
2025-03-18 00:57:39,239 - INFO - Ingress_Exit AFLH9MTO
2025-03-18 00:57:39,240 - INFO - Ingress_Exit 4PZ131R7
2025-03-18 00:57:39,241 - INFO - Ingress_Exit GEKXWAHX
2025-03-18 00:57:39,242 - INFO - Ingress_Exit PDCRB6G9
2025-03-18 00:57:39,711 - INFO - Ingress_Enter 0CK5X17C
2025-03-18 00:57:39,909 - INFO - Ingress_Enter ECSZBTGM
2025-03-18 00:57:39,917 - INFO - Ingress_Enter 5J4V9YOB
2025-03-18 00:57:40,051 - INFO - Ingress_Enter O5VIHK54
2025-03-18 00:57:40,077 - INFO - Ingress_Enter Z4UD7411
2025-03-18 00:57:40,102 - INFO - Ingress_Enter 0A2L9PY0
2025-03-18 00:57:40,183 - INFO - Ingress_Exit NKDO26IK
2025-03-18 00:57:40,184 - INFO - Ingress_Exit O9J32TGF
2025-03-18 00:57:40,268 - INFO - Ingress_Enter P41Y03QX
2025-03-18 00:57:40,566 - INFO - Ingress_Enter UEQP5DUT
2025-03-18 00:57:40,701 - INFO - Ingress_Enter G1VGVFK0
2025-03-18 00:57:40,789 - INFO - Ingress_Enter Q9OE3E24
2025-03-18 00:57:40,907 - INFO - Ingress_Enter WICCIRTW
2025-03-18 00:57:40,915 - INFO - Ingress_Enter FVSPBCZO
2025-03-18 00:57:40,994 - INFO - Ingress_Enter BH7ZMHOC
2025-03-18 00:57:41,082 - INFO - Ingress_Exit LVE6U83H
2025-03-18 00:57:41,084 - INFO - Ingress_Exit BTWFW8D4
2025-03-18 00:57:41,085 - INFO - Ingress_Exit KA9ITFW9
2025-03-18 00:57:41,087 - INFO - Ingress_Exit QGNL9TS5
2025-03-18 00:57:41,148 - INFO - Ingress_Enter 3Q8JVTWK
2025-03-18 00:57:41,175 - INFO - Ingress_Enter R3BBMLC7
2025-03-18 00:57:41,272 - INFO - Ingress_Enter E3V5RAJL
2025-03-18 00:57:41,281 - INFO - Ingress_Enter N0BTDXCN
2025-03-18 00:57:41,308 - INFO - Ingress_Enter V4DGSOKV
2025-03-18 00:57:41,363 - INFO - Ingress_Enter H8X6CZ1Q
2025-03-18 00:57:41,381 - INFO - Ingress_Enter BGC6MAKC
2025-03-18 00:57:41,390 - INFO - Ingress_Enter 982P50WH
2025-03-18 00:57:41,839 - INFO - Ingress_Enter M57LWKFX
2025-03-18 00:57:41,920 - INFO - Ingress_Enter S1LBCHO4
2025-03-18 00:57:41,929 - INFO - Ingress_Enter M8TCTS05
2025-03-18 00:57:42,265 - INFO - Ingress_Enter 30EHB1P7
2025-03-18 00:57:42,345 - INFO - Ingress_Enter 6YQWG8KO
2025-03-18 00:57:43,769 - INFO - Ingress_Enter X5SN5N0W
2025-03-18 00:57:44,428 - INFO - Ingress_Enter 3DV7KRSN
2025-03-18 00:57:44,640 - INFO - Ingress_Enter DW7LUJM2
2025-03-18 00:57:45,020 - INFO - Ingress_Exit 6DXHC5WV
2025-03-18 00:57:45,021 - INFO - Ingress_Exit F82WJBS6
2025-03-18 00:57:45,162 - INFO - Ingress_Enter 1C7O2HH3
2025-03-18 00:57:45,253 - INFO - Ingress_Enter VE17LFMM
2025-03-18 00:57:45,263 - INFO - Ingress_Enter 21AUSZV7
2025-03-18 00:57:45,420 - INFO - Ingress_Enter AWRZ70FV
2025-03-18 00:57:45,444 - INFO - Ingress_Exit F2VC14CC
2025-03-18 00:57:45,445 - INFO - Ingress_Exit 1PBGK2I2
2025-03-18 00:57:45,446 - INFO - Ingress_Exit Z6MO7J0U
2025-03-18 00:57:45,449 - INFO - Ingress_Exit I83FKAYV
2025-03-18 00:57:45,450 - INFO - Ingress_Exit 0CK5X17C
2025-03-18 00:57:45,493 - INFO - Ingress_Enter 1WX3Z8XS
2025-03-18 00:57:45,621 - INFO - Ingress_Enter NB7YNKUE
2025-03-18 00:57:45,630 - INFO - Ingress_Enter FADE8CLV
2025-03-18 00:57:45,647 - INFO - Ingress_Enter VI9BVGPE
2025-03-18 00:57:45,665 - INFO - Ingress_Enter 0TKC0GDT
2025-03-18 00:57:45,699 - INFO - Ingress_Exit 5J4V9YOB
2025-03-18 00:57:45,700 - INFO - Ingress_Exit ECSZBTGM
2025-03-18 00:57:45,701 - INFO - Ingress_Exit O5VIHK54
2025-03-18 00:57:45,713 - INFO - Ingress_Enter QH4T1ZO3
2025-03-18 00:57:45,721 - INFO - Ingress_Enter IT6X0QJK
2025-03-18 00:57:45,856 - INFO - Ingress_Enter WSBL9BYP
2025-03-18 00:57:45,955 - INFO - Ingress_Enter HRMXQWB9
2025-03-18 00:57:46,080 - INFO - Ingress_Enter 613MKNXT
2025-03-18 00:57:46,210 - INFO - Ingress_Enter OEGHC1N4
2025-03-18 00:57:46,368 - INFO - Ingress_Enter IISIKSUW
2025-03-18 00:57:46,522 - INFO - Ingress_Exit Z4UD7411
2025-03-18 00:57:46,525 - INFO - Ingress_Exit P41Y03QX
2025-03-18 00:57:46,526 - INFO - Ingress_Exit 0A2L9PY0
2025-03-18 00:57:46,527 - INFO - Ingress_Exit UEQP5DUT
2025-03-18 00:57:46,532 - INFO - Ingress_Exit Q9OE3E24
2025-03-18 00:57:46,534 - INFO - Ingress_Exit G1VGVFK0
2025-03-18 00:57:46,536 - INFO - Ingress_Exit WICCIRTW
2025-03-18 00:57:46,538 - INFO - Ingress_Exit FVSPBCZO
2025-03-18 00:57:46,540 - INFO - Ingress_Exit BH7ZMHOC
2025-03-18 00:57:47,110 - INFO - Ingress_Enter JRYAE7V3
2025-03-18 00:57:47,151 - INFO - Ingress_Exit R3BBMLC7
2025-03-18 00:57:47,152 - INFO - Ingress_Exit N0BTDXCN
2025-03-18 00:57:47,154 - INFO - Ingress_Exit 3Q8JVTWK
2025-03-18 00:57:47,156 - INFO - Ingress_Exit E3V5RAJL
2025-03-18 00:57:47,157 - INFO - Ingress_Exit V4DGSOKV
2025-03-18 00:57:47,159 - INFO - Ingress_Exit H8X6CZ1Q
2025-03-18 00:57:47,161 - INFO - Ingress_Exit BGC6MAKC
2025-03-18 00:57:47,162 - INFO - Ingress_Exit 982P50WH
2025-03-18 00:57:47,163 - INFO - Ingress_Exit M57LWKFX
2025-03-18 00:57:47,165 - INFO - Ingress_Exit S1LBCHO4
2025-03-18 00:57:47,166 - INFO - Ingress_Exit M8TCTS05
2025-03-18 00:57:47,167 - INFO - Ingress_Exit 30EHB1P7
2025-03-18 00:57:47,172 - INFO - Ingress_Exit 6YQWG8KO
2025-03-18 00:57:47,174 - INFO - Ingress_Exit X5SN5N0W
2025-03-18 00:57:47,493 - INFO - Ingress_Exit 3DV7KRSN
2025-03-18 00:57:47,494 - INFO - Ingress_Exit VE17LFMM
2025-03-18 00:57:47,495 - INFO - Ingress_Exit DW7LUJM2
2025-03-18 00:57:47,497 - INFO - Ingress_Exit 21AUSZV7
2025-03-18 00:57:47,703 - INFO - Ingress_Enter BJZILBIS
2025-03-18 00:57:47,738 - INFO - Ingress_Enter NJU9X0EI
2025-03-18 00:57:47,785 - INFO - Ingress_Enter G8X7Z5J6
2025-03-18 00:57:47,838 - INFO - Ingress_Enter HF17MYA3
2025-03-18 00:57:47,865 - INFO - Ingress_Enter H1SEKT6X
2025-03-18 00:57:47,874 - INFO - Ingress_Enter 61IYTYF0
2025-03-18 00:57:47,883 - INFO - Ingress_Enter SYE45W21
2025-03-18 00:57:47,909 - INFO - Ingress_Enter BXH59AOR
2025-03-18 00:57:47,929 - INFO - Ingress_Enter 5V3LVW8H
2025-03-18 00:57:48,081 - INFO - Ingress_Enter 2I0HDJC7
2025-03-18 00:57:48,215 - INFO - Ingress_Enter PI3IA1J4
2025-03-18 00:57:48,280 - INFO - Ingress_Enter 0JP4VRLO
2025-03-18 00:57:48,285 - INFO - Ingress_Enter 9SAN5MV0
2025-03-18 00:57:48,321 - INFO - Ingress_Enter B94YTT00
2025-03-18 00:57:48,329 - INFO - Ingress_Enter G9GEXDTQ
2025-03-18 00:57:48,364 - INFO - Ingress_Enter DGOXPLC7
2025-03-18 00:57:48,400 - INFO - Ingress_Enter RGHZ5H8C
2025-03-18 00:57:48,436 - INFO - Ingress_Enter 46R8H6VA
2025-03-18 00:57:48,447 - INFO - Ingress_Exit IT6X0QJK
2025-03-18 00:57:48,448 - INFO - Ingress_Exit QH4T1ZO3
2025-03-18 00:57:48,450 - INFO - Ingress_Exit WSBL9BYP
2025-03-18 00:57:48,451 - INFO - Ingress_Exit 1WX3Z8XS
2025-03-18 00:57:48,452 - INFO - Ingress_Exit AWRZ70FV
2025-03-18 00:57:48,453 - INFO - Ingress_Exit VI9BVGPE
2025-03-18 00:57:48,455 - INFO - Ingress_Exit 0TKC0GDT
2025-03-18 00:57:48,458 - INFO - Ingress_Enter CDSDDVVG
2025-03-18 00:57:48,459 - INFO - Ingress_Exit 1C7O2HH3
2025-03-18 00:57:48,483 - INFO - Ingress_Enter CDTW68OI
2025-03-18 00:57:48,492 - INFO - Ingress_Enter BXCUJYZG
2025-03-18 00:57:48,609 - INFO - Ingress_Enter OGN5V8TJ
2025-03-18 00:57:48,656 - INFO - Ingress_Enter 0JQ8U7Y7
2025-03-18 00:57:48,682 - INFO - Ingress_Enter H3D70QQJ
2025-03-18 00:57:48,699 - INFO - Ingress_Enter 8LEO8LE9
2025-03-18 00:57:48,869 - INFO - Ingress_Enter LSM9WC36
2025-03-18 00:57:48,930 - INFO - Ingress_Enter STNC3FO3
2025-03-18 00:57:49,002 - INFO - Ingress_Exit NB7YNKUE
2025-03-18 00:57:49,003 - INFO - Ingress_Exit FADE8CLV
2025-03-18 00:57:49,005 - INFO - Ingress_Exit HRMXQWB9
2025-03-18 00:57:49,028 - INFO - Ingress_Enter 1WYTQMO7
2025-03-18 00:57:49,126 - INFO - Ingress_Enter O68KM6VD
2025-03-18 00:57:49,329 - INFO - Ingress_Exit OEGHC1N4
2025-03-18 00:57:49,330 - INFO - Ingress_Exit 613MKNXT
2025-03-18 00:57:49,332 - INFO - Ingress_Exit IISIKSUW
2025-03-18 00:57:49,335 - INFO - Ingress_Exit JRYAE7V3
2025-03-18 00:57:49,361 - INFO - Ingress_Exit 61IYTYF0
2025-03-18 00:57:49,397 - INFO - Ingress_Enter 0MJV4NH1
2025-03-18 00:57:49,441 - INFO - Ingress_Enter UQYZNA6F
2025-03-18 00:57:49,459 - INFO - Ingress_Enter R1N0GZAL
2025-03-18 00:57:49,514 - INFO - Ingress_Enter 8DJLEHZY
2025-03-18 00:57:49,593 - INFO - Ingress_Enter ZYW680UG
2025-03-18 00:57:49,683 - INFO - Ingress_Enter LQJSWVMJ
2025-03-18 00:57:49,719 - INFO - Ingress_Enter XJNX8EC4
2025-03-18 00:57:49,737 - INFO - Ingress_Enter R4S8HNNG
2025-03-18 00:57:49,854 - INFO - Ingress_Enter 7DCIVK2T
2025-03-18 00:57:49,889 - INFO - Ingress_Enter 2OVPD70J
2025-03-18 00:57:49,993 - INFO - Ingress_Enter 4B6XO98S
2025-03-18 00:57:50,310 - INFO - Ingress_Enter PBBV7UVM
2025-03-18 00:57:50,364 - INFO - Ingress_Enter 7HPOAS3G
2025-03-18 00:57:50,392 - INFO - Ingress_Enter RO7MCWJG
2025-03-18 00:57:50,739 - INFO - Ingress_Enter EPU4KQ4L
2025-03-18 00:57:50,941 - INFO - Ingress_Enter YFK9D38A
2025-03-18 00:57:51,029 - INFO - Ingress_Enter Y9BAJW31
2025-03-18 00:57:51,175 - INFO - Ingress_Enter AE4V2ZIC
2025-03-18 00:57:51,530 - INFO - Ingress_Exit SYE45W21
2025-03-18 00:57:51,532 - INFO - Ingress_Exit BXH59AOR
2025-03-18 00:57:51,533 - INFO - Ingress_Exit BJZILBIS
2025-03-18 00:57:51,535 - INFO - Ingress_Exit NJU9X0EI
2025-03-18 00:57:51,537 - INFO - Ingress_Exit G8X7Z5J6
2025-03-18 00:57:51,614 - INFO - Ingress_Enter ZVGQQ9QY
2025-03-18 00:57:51,705 - INFO - Ingress_Exit 5V3LVW8H
2025-03-18 00:57:51,976 - INFO - Ingress_Enter 4KB61SGQ
2025-03-18 00:57:52,076 - INFO - Ingress_Exit HF17MYA3
2025-03-18 00:57:52,596 - INFO - Ingress_Exit 9SAN5MV0
2025-03-18 00:57:52,598 - INFO - Ingress_Exit 46R8H6VA
2025-03-18 00:57:52,624 - INFO - Ingress_Exit H1SEKT6X
2025-03-18 00:57:52,625 - INFO - Ingress_Exit 2I0HDJC7
2025-03-18 00:57:52,627 - INFO - Ingress_Exit DGOXPLC7
2025-03-18 00:57:52,633 - INFO - Ingress_Enter A8ZKU2RX
2025-03-18 00:57:52,668 - INFO - Ingress_Enter M4PNSVLB
2025-03-18 00:57:52,677 - INFO - Ingress_Enter BKOK71H4
2025-03-18 00:57:52,963 - INFO - Ingress_Enter YP5THU3D
2025-03-18 00:57:53,272 - INFO - Ingress_Enter H7JSTETH
2025-03-18 00:57:53,318 - INFO - Ingress_Enter WI5T31QH
2025-03-18 00:57:53,744 - INFO - Ingress_Exit B94YTT00
2025-03-18 00:57:53,746 - INFO - Ingress_Exit PI3IA1J4
2025-03-18 00:57:53,854 - INFO - Ingress_Enter OTEHRTK0
2025-03-18 00:57:54,012 - INFO - Ingress_Enter B6AX3J5K
2025-03-18 00:57:54,189 - INFO - Ingress_Exit 0JP4VRLO
2025-03-18 00:57:54,190 - INFO - Ingress_Exit RGHZ5H8C
2025-03-18 00:57:54,192 - INFO - Ingress_Exit CDSDDVVG
2025-03-18 00:57:54,193 - INFO - Ingress_Exit BXCUJYZG
2025-03-18 00:57:54,194 - INFO - Ingress_Exit CDTW68OI
2025-03-18 00:57:54,195 - INFO - Ingress_Exit G9GEXDTQ
2025-03-18 00:57:54,279 - INFO - Ingress_Enter ETPI38UL
2025-03-18 00:57:54,390 - INFO - Ingress_Exit OGN5V8TJ
2025-03-18 00:57:54,391 - INFO - Ingress_Exit H3D70QQJ
2025-03-18 00:57:54,393 - INFO - Ingress_Exit 8LEO8LE9
2025-03-18 00:57:54,394 - INFO - Ingress_Exit R1N0GZAL
2025-03-18 00:57:54,399 - INFO - Ingress_Exit ZYW680UG
2025-03-18 00:57:54,400 - INFO - Ingress_Exit 0MJV4NH1
2025-03-18 00:57:54,444 - INFO - Ingress_Exit 0JQ8U7Y7
2025-03-18 00:57:54,446 - INFO - Ingress_Exit LSM9WC36
2025-03-18 00:57:54,448 - INFO - Ingress_Exit STNC3FO3
2025-03-18 00:57:54,449 - INFO - Ingress_Exit 1WYTQMO7
2025-03-18 00:57:54,623 - INFO - Ingress_Exit O68KM6VD
2025-03-18 00:57:54,624 - INFO - Ingress_Exit UQYZNA6F
2025-03-18 00:57:54,625 - INFO - Ingress_Exit 8DJLEHZY
2025-03-18 00:57:54,629 - INFO - Ingress_Exit LQJSWVMJ
2025-03-18 00:57:54,630 - INFO - Ingress_Exit R4S8HNNG
2025-03-18 00:57:54,631 - INFO - Ingress_Exit XJNX8EC4
2025-03-18 00:57:54,797 - INFO - Ingress_Exit 2OVPD70J
2025-03-18 00:57:54,798 - INFO - Ingress_Exit 7DCIVK2T
2025-03-18 00:57:54,799 - INFO - Ingress_Exit 4B6XO98S
2025-03-18 00:57:54,800 - INFO - Ingress_Exit RO7MCWJG
2025-03-18 00:57:54,901 - INFO - Ingress_Exit PBBV7UVM
2025-03-18 00:57:54,991 - INFO - Ingress_Enter W27ONA62
2025-03-18 00:57:55,098 - INFO - Ingress_Enter 498ULSAS
2025-03-18 00:57:55,195 - INFO - Ingress_Enter NGEBL8SO
2025-03-18 00:57:55,257 - INFO - Ingress_Enter VEVZBTBL
2025-03-18 00:57:55,266 - INFO - Ingress_Exit 7HPOAS3G
2025-03-18 00:57:55,269 - INFO - Ingress_Exit EPU4KQ4L
2025-03-18 00:57:55,270 - INFO - Ingress_Exit YFK9D38A
2025-03-18 00:57:55,272 - INFO - Ingress_Enter Q8PS3728
2025-03-18 00:57:55,273 - INFO - Ingress_Exit Y9BAJW31
2025-03-18 00:57:55,274 - INFO - Ingress_Exit AE4V2ZIC
2025-03-18 00:57:55,277 - INFO - Ingress_Exit ZVGQQ9QY
2025-03-18 00:57:55,359 - INFO - Ingress_Enter QPWTYZMY
2025-03-18 00:57:55,499 - INFO - Ingress_Exit 4KB61SGQ
2025-03-18 00:57:55,501 - INFO - Ingress_Exit A8ZKU2RX
2025-03-18 00:57:55,503 - INFO - Ingress_Exit M4PNSVLB
2025-03-18 00:57:55,505 - INFO - Ingress_Exit BKOK71H4
2025-03-18 00:57:55,573 - INFO - Ingress_Enter 01T9N56D
2025-03-18 00:57:55,618 - INFO - Ingress_Enter BNPQX235
2025-03-18 00:57:55,636 - INFO - Ingress_Enter 47L4FUUX
2025-03-18 00:57:55,776 - INFO - Ingress_Enter MHZ5RZU2
2025-03-18 00:57:55,794 - INFO - Ingress_Enter ZN65BXNB
2025-03-18 00:57:55,797 - INFO - Ingress_Exit YP5THU3D
2025-03-18 00:57:55,801 - INFO - Ingress_Exit H7JSTETH
2025-03-18 00:57:55,841 - INFO - Ingress_Enter WULKRINL
2025-03-18 00:57:55,958 - INFO - Ingress_Exit WI5T31QH
2025-03-18 00:57:56,410 - INFO - Ingress_Exit OTEHRTK0
2025-03-18 00:57:57,268 - INFO - Ingress_Exit B6AX3J5K
2025-03-18 00:57:57,270 - INFO - Ingress_Exit Q8PS3728
2025-03-18 00:57:57,272 - INFO - Ingress_Exit ETPI38UL
2025-03-18 00:57:57,274 - INFO - Ingress_Exit NGEBL8SO
2025-03-18 00:57:57,276 - INFO - Ingress_Exit W27ONA62
2025-03-18 00:57:57,278 - INFO - Ingress_Exit QPWTYZMY
2025-03-18 00:57:57,623 - INFO - Ingress_Exit 498ULSAS
2025-03-18 00:57:57,625 - INFO - Ingress_Exit VEVZBTBL
2025-03-18 00:57:57,630 - INFO - Ingress_Exit 01T9N56D
2025-03-18 00:57:57,631 - INFO - Ingress_Exit BNPQX235
2025-03-18 00:57:57,663 - INFO - Ingress_Exit 47L4FUUX
2025-03-18 00:57:58,378 - INFO - Ingress_Exit ZN65BXNB
2025-03-18 00:57:58,919 - INFO - Ingress_Exit WULKRINL
2025-03-18 00:58:00,000 - INFO - Ingress_Exit MHZ5RZU2
