2025-04-01 03:55:27,870 - INFO - Monolith_Enter SS0MUSW2
2025-04-01 03:55:28,371 - INFO - Monolith_Exit SS0MUSW2
2025-04-01 03:55:28,378 - INFO - Monolith_Enter ND183MQ0
Monolith_Enter 79PBU6N5
Monolith_Enter USOXOBWA
Monolith_Enter U4L3MHN3
Monolith_Enter 6ZAY4RDX
Monolith_Enter HR8P21GK
Monolith_Enter O7YTK5N8
Monolith_Enter YCMXI8N9
2025-04-01 03:55:28,831 - INFO - Monolith_Exit ND183MQ0
Monolith_Exit 79PBU6N5
Monolith_Exit USOXOBWA
Monolith_Exit U4L3MHN3
Monolith_Exit 6ZAY4RDX
Monolith_Exit HR8P21GK
Monolith_Exit O7YTK5N8
Monolith_Exit YCMXI8N9
2025-04-01 03:55:28,840 - INFO - Monolith_Enter P9UQ4CQ5
Monolith_Enter 9XGKDTRU
Monolith_Enter 2MNNF7P2
Monolith_Enter GBQDOWQ3
Monolith_Enter IXHU8K3H
Monolith_Enter R9895IHL
Monolith_Enter 3KBK1733
Monolith_Enter J7W6R5NZ
2025-04-01 03:55:29,193 - INFO - Monolith_Exit P9UQ4CQ5
Monolith_Exit 9XGKDTRU
Monolith_Exit 2MNNF7P2
Monolith_Exit GBQDOWQ3
Monolith_Exit IXHU8K3H
Monolith_Exit R9895IHL
Monolith_Exit 3KBK1733
Monolith_Exit J7W6R5NZ
2025-04-01 03:55:29,205 - INFO - Monolith_Enter Z45TUIJ9
Monolith_Enter 0IQRXZ20
Monolith_Enter 5RKW4HTO
Monolith_Enter K0HNIZDI
Monolith_Enter OIB3LLX7
Monolith_Enter 469B804Y
Monolith_Enter 4PL2YMCC
Monolith_Enter SNY75ZXW
2025-04-01 03:55:29,555 - INFO - Monolith_Exit Z45TUIJ9
Monolith_Exit 0IQRXZ20
Monolith_Exit 5RKW4HTO
Monolith_Exit K0HNIZDI
Monolith_Exit OIB3LLX7
Monolith_Exit 469B804Y
Monolith_Exit 4PL2YMCC
Monolith_Exit SNY75ZXW
2025-04-01 03:55:29,567 - INFO - Monolith_Enter WBMSEBY4
Monolith_Enter LJIYJ0LZ
Monolith_Enter 1E6V4F1R
Monolith_Enter QZUDDV1F
Monolith_Enter QOY0RTGS
Monolith_Enter JNTRJMAC
Monolith_Enter J6LL10YQ
2025-04-01 03:55:29,887 - INFO - Monolith_Exit WBMSEBY4
Monolith_Exit LJIYJ0LZ
Monolith_Exit 1E6V4F1R
Monolith_Exit QZUDDV1F
Monolith_Exit QOY0RTGS
Monolith_Exit JNTRJMAC
Monolith_Exit J6LL10YQ
2025-04-01 03:55:29,898 - INFO - Monolith_Enter TUQKL049
Monolith_Enter Z4BKV1PD
Monolith_Enter DSEEU3X6
Monolith_Enter 5G5QMM25
Monolith_Enter P3U7LQEP
Monolith_Enter Z88KM2MD
Monolith_Enter M6OQT2EL
2025-04-01 03:55:30,194 - INFO - Monolith_Exit TUQKL049
Monolith_Exit Z4BKV1PD
Monolith_Exit DSEEU3X6
Monolith_Exit 5G5QMM25
Monolith_Exit P3U7LQEP
Monolith_Exit Z88KM2MD
Monolith_Exit M6OQT2EL
2025-04-01 03:55:30,205 - INFO - Monolith_Enter PXEDP8GA
Monolith_Enter YD4WTWV3
Monolith_Enter 9VC649B4
Monolith_Enter W3NY2ZKY
Monolith_Enter 2377BXUC
2025-04-01 03:55:30,440 - INFO - Monolith_Exit PXEDP8GA
Monolith_Exit YD4WTWV3
Monolith_Exit 9VC649B4
Monolith_Exit W3NY2ZKY
Monolith_Exit 2377BXUC
2025-04-01 03:55:30,446 - INFO - Monolith_Enter 3QAVZPGN
Monolith_Enter DHHZ3FD3
Monolith_Enter ENG7WDRM
Monolith_Enter FHLRBXS8
Monolith_Enter L5H3HPRJ
Monolith_Enter K68GSY06
2025-04-01 03:55:30,736 - INFO - Monolith_Exit 3QAVZPGN
Monolith_Exit DHHZ3FD3
Monolith_Exit ENG7WDRM
Monolith_Exit FHLRBXS8
Monolith_Exit L5H3HPRJ
Monolith_Exit K68GSY06
2025-04-01 03:55:30,748 - INFO - Monolith_Enter 23FK4MTA
Monolith_Enter YI5GIQO0
Monolith_Enter EJSSDTEQ
Monolith_Enter ALHTN0TS
Monolith_Enter 83XCVSM6
Monolith_Enter LKVZTXE3
Monolith_Enter BCI6QVF8
2025-04-01 03:55:31,071 - INFO - Monolith_Exit 23FK4MTA
Monolith_Exit YI5GIQO0
Monolith_Exit EJSSDTEQ
Monolith_Exit ALHTN0TS
Monolith_Exit 83XCVSM6
Monolith_Exit LKVZTXE3
Monolith_Exit BCI6QVF8
2025-04-01 03:55:31,075 - INFO - Monolith_Enter CPULBT8B
Monolith_Enter 3KJSEZBU
2025-04-01 03:55:31,183 - INFO - Monolith_Exit CPULBT8B
Monolith_Exit 3KJSEZBU
2025-04-01 03:55:31,279 - INFO - Monolith_Enter MQLF088Z
2025-04-01 03:55:31,348 - INFO - Monolith_Exit MQLF088Z
2025-04-01 03:55:31,356 - INFO - Monolith_Enter ARW8P6C2
Monolith_Enter TRDC3LEN
Monolith_Enter G22PG8TK
2025-04-01 03:55:31,509 - INFO - Monolith_Exit ARW8P6C2
Monolith_Exit TRDC3LEN
Monolith_Exit G22PG8TK
2025-04-01 03:55:31,513 - INFO - Monolith_Enter MB8QBTYR
Monolith_Enter TMAMLD4M
Monolith_Enter 7EEB69BM
2025-04-01 03:55:31,660 - INFO - Monolith_Exit MB8QBTYR
Monolith_Exit TMAMLD4M
Monolith_Exit 7EEB69BM
2025-04-01 03:55:31,671 - INFO - Monolith_Enter TTA8U15A
Monolith_Enter AWH5735G
Monolith_Enter A5ITE03Q
Monolith_Enter QU4AUWRF
Monolith_Enter 7DEYYEDL
2025-04-01 03:55:31,908 - INFO - Monolith_Exit TTA8U15A
Monolith_Exit AWH5735G
Monolith_Exit A5ITE03Q
Monolith_Exit QU4AUWRF
Monolith_Exit 7DEYYEDL
2025-04-01 03:55:31,913 - INFO - Monolith_Enter LUWWQBB2
Monolith_Enter W22XB71Q
Monolith_Enter 0EDFU9DT
2025-04-01 03:55:32,063 - INFO - Monolith_Exit LUWWQBB2
Monolith_Exit W22XB71Q
Monolith_Exit 0EDFU9DT
2025-04-01 03:55:32,067 - INFO - Monolith_Enter XD08DVOV
Monolith_Enter UJDAG8E9
Monolith_Enter SXW1YWYE
2025-04-01 03:55:32,215 - INFO - Monolith_Exit XD08DVOV
Monolith_Exit UJDAG8E9
Monolith_Exit SXW1YWYE
2025-04-01 03:55:32,219 - INFO - Monolith_Enter SGRK0K5F
Monolith_Enter 964SBD94
Monolith_Enter HMLM8614
2025-04-01 03:55:32,367 - INFO - Monolith_Exit SGRK0K5F
Monolith_Exit 964SBD94
Monolith_Exit HMLM8614
2025-04-01 03:55:32,370 - INFO - Monolith_Enter K594M4UA
Monolith_Enter VV57KBY9
2025-04-01 03:55:32,478 - INFO - Monolith_Exit K594M4UA
Monolith_Exit VV57KBY9
2025-04-01 03:55:32,483 - INFO - Monolith_Enter YS9V1DVO
Monolith_Enter 3RPRRWKO
Monolith_Enter GG9BJDL0
Monolith_Enter UXWU8A3V
2025-04-01 03:55:32,680 - INFO - Monolith_Exit YS9V1DVO
Monolith_Exit 3RPRRWKO
Monolith_Exit GG9BJDL0
Monolith_Exit UXWU8A3V
2025-04-01 03:55:32,692 - INFO - Monolith_Enter U4MMAN96
Monolith_Enter X6TEYNOJ
Monolith_Enter POKTA7SZ
Monolith_Enter 8022X0BB
Monolith_Enter DJKC6KJ4
Monolith_Enter PF567IDZ
Monolith_Enter 8IK0GK9B
2025-04-01 03:55:33,005 - INFO - Monolith_Exit U4MMAN96
Monolith_Exit X6TEYNOJ
Monolith_Exit POKTA7SZ
Monolith_Exit 8022X0BB
Monolith_Exit DJKC6KJ4
Monolith_Exit PF567IDZ
Monolith_Exit 8IK0GK9B
2025-04-01 03:55:33,020 - INFO - Monolith_Enter 488MJTKP
Monolith_Enter K7YKSQ28
Monolith_Enter AH81ZBPZ
Monolith_Enter KTYMIQN8
Monolith_Enter KW755VK2
Monolith_Enter PSF0MBGN
Monolith_Enter NC34X6HM
Monolith_Enter 6TZDRD5U
Monolith_Enter I298C2WY
2025-04-01 03:55:33,426 - INFO - Monolith_Exit 488MJTKP
Monolith_Exit K7YKSQ28
Monolith_Exit AH81ZBPZ
Monolith_Exit KTYMIQN8
Monolith_Exit KW755VK2
Monolith_Exit PSF0MBGN
Monolith_Exit NC34X6HM
Monolith_Exit 6TZDRD5U
Monolith_Exit I298C2WY
2025-04-01 03:55:33,442 - INFO - Monolith_Enter WDHXZ8CV
Monolith_Enter P00U0YCN
Monolith_Enter P0212MIR
Monolith_Enter 4Z17PNT5
Monolith_Enter W9WPOWR1
Monolith_Enter JYIM1YDR
Monolith_Enter QXFZ533G
2025-04-01 03:55:33,761 - INFO - Monolith_Exit WDHXZ8CV
Monolith_Exit P00U0YCN
Monolith_Exit P0212MIR
Monolith_Exit 4Z17PNT5
Monolith_Exit W9WPOWR1
Monolith_Exit JYIM1YDR
Monolith_Exit QXFZ533G
2025-04-01 03:55:33,776 - INFO - Monolith_Enter U570XPWS
Monolith_Enter S9JQI8WU
Monolith_Enter FH8XNAGW
Monolith_Enter MG3D1ELC
Monolith_Enter HNDDJHWZ
Monolith_Enter L94TOVFT
Monolith_Enter 2L5RIO1E
2025-04-01 03:55:34,101 - INFO - Monolith_Exit U570XPWS
Monolith_Exit S9JQI8WU
Monolith_Exit FH8XNAGW
Monolith_Exit MG3D1ELC
Monolith_Exit HNDDJHWZ
Monolith_Exit L94TOVFT
Monolith_Exit 2L5RIO1E
2025-04-01 03:55:34,117 - INFO - Monolith_Enter 6TIO5BSI
Monolith_Enter EL3QZ3MJ
Monolith_Enter WHEDCXL5
Monolith_Enter ONER4662
Monolith_Enter MHG6I7M0
Monolith_Enter SUALQ5UQ
Monolith_Enter MVA5MZDP
2025-04-01 03:55:34,424 - INFO - Monolith_Exit 6TIO5BSI
Monolith_Exit EL3QZ3MJ
Monolith_Exit WHEDCXL5
Monolith_Exit ONER4662
Monolith_Exit MHG6I7M0
Monolith_Exit SUALQ5UQ
Monolith_Exit MVA5MZDP
2025-04-01 03:55:34,439 - INFO - Monolith_Enter FAM251AU
Monolith_Enter 2BWFLA42
Monolith_Enter 2P1BRZ6D
Monolith_Enter FP9PXNTV
2025-04-01 03:55:34,627 - INFO - Monolith_Exit FAM251AU
Monolith_Exit 2BWFLA42
Monolith_Exit 2P1BRZ6D
Monolith_Exit FP9PXNTV
2025-04-01 03:55:34,637 - INFO - Monolith_Enter 2L57P4AY
Monolith_Enter FFVJSB2S
Monolith_Enter 5KHBGEJ8
Monolith_Enter JC2CC0BK
Monolith_Enter A8FXJTI4
2025-04-01 03:55:34,868 - INFO - Monolith_Exit 2L57P4AY
Monolith_Exit FFVJSB2S
Monolith_Exit 5KHBGEJ8
Monolith_Exit JC2CC0BK
Monolith_Exit A8FXJTI4
2025-04-01 03:55:34,878 - INFO - Monolith_Enter OESKVHE3
Monolith_Enter DX4NJ32O
Monolith_Enter O58ESB3C
Monolith_Enter 364093OO
2025-04-01 03:55:35,064 - INFO - Monolith_Exit OESKVHE3
Monolith_Exit DX4NJ32O
Monolith_Exit O58ESB3C
Monolith_Exit 364093OO
2025-04-01 03:55:35,066 - INFO - Monolith_Enter 954FKBBR
2025-04-01 03:55:35,135 - INFO - Monolith_Exit 954FKBBR
2025-04-01 03:55:35,138 - INFO - Monolith_Enter F4T66IWT
Monolith_Enter ZD4IS8JX
Monolith_Enter 3BVWR6PF
2025-04-01 03:55:35,280 - INFO - Monolith_Exit F4T66IWT
Monolith_Exit ZD4IS8JX
Monolith_Exit 3BVWR6PF
2025-04-01 03:55:35,290 - INFO - Monolith_Enter 923OMMFW
Monolith_Enter P5C4GQ0G
Monolith_Enter 23B5MMU7
2025-04-01 03:55:35,435 - INFO - Monolith_Exit 923OMMFW
Monolith_Exit P5C4GQ0G
Monolith_Exit 23B5MMU7
2025-04-01 03:55:35,439 - INFO - Monolith_Enter IDJ39OK3
Monolith_Enter 5RKRXBFR
Monolith_Enter E0D4WPM7
2025-04-01 03:55:35,592 - INFO - Monolith_Exit IDJ39OK3
Monolith_Exit 5RKRXBFR
Monolith_Exit E0D4WPM7
2025-04-01 03:55:35,596 - INFO - Monolith_Enter SZMSN51S
Monolith_Enter 99Q7AFJ7
Monolith_Enter 3JIQSR5D
2025-04-01 03:55:35,747 - INFO - Monolith_Exit SZMSN51S
Monolith_Exit 99Q7AFJ7
Monolith_Exit 3JIQSR5D
2025-04-01 03:55:35,749 - INFO - Monolith_Enter DHYWPYLY
2025-04-01 03:55:35,817 - INFO - Monolith_Exit DHYWPYLY
2025-04-01 03:55:35,852 - INFO - Monolith_Enter D5CE947K
2025-04-01 03:55:35,922 - INFO - Monolith_Exit D5CE947K
2025-04-01 03:55:35,929 - INFO - Monolith_Enter UAFJIMYO
Monolith_Enter YYXF0KDF
2025-04-01 03:55:36,036 - INFO - Monolith_Exit UAFJIMYO
Monolith_Exit YYXF0KDF
2025-04-01 03:55:36,038 - INFO - Monolith_Enter P6ILI8CN
2025-04-01 03:55:36,102 - INFO - Monolith_Exit P6ILI8CN
2025-04-01 03:55:36,107 - INFO - Monolith_Enter W75BELOX
2025-04-01 03:55:36,181 - INFO - Monolith_Exit W75BELOX
2025-04-01 03:55:36,187 - INFO - Monolith_Enter MJC55LR1
2025-04-01 03:55:36,252 - INFO - Monolith_Exit MJC55LR1
2025-04-01 03:55:36,262 - INFO - Monolith_Enter NKYKHD25
Monolith_Enter VKFQD88W
Monolith_Enter ODDZEFK0
2025-04-01 03:55:36,417 - INFO - Monolith_Exit NKYKHD25
Monolith_Exit VKFQD88W
Monolith_Exit ODDZEFK0
2025-04-01 03:55:36,427 - INFO - Monolith_Enter E48626F2
Monolith_Enter 0WJGUDUE
Monolith_Enter FROMJ0Y0
Monolith_Enter 3O0SP226
Monolith_Enter 83R4L3N3
2025-04-01 03:55:36,658 - INFO - Monolith_Exit E48626F2
Monolith_Exit 0WJGUDUE
Monolith_Exit FROMJ0Y0
Monolith_Exit 3O0SP226
Monolith_Exit 83R4L3N3
2025-04-01 03:55:36,662 - INFO - Monolith_Enter M25CXWIW
Monolith_Enter OUJ71OQ3
2025-04-01 03:55:36,769 - INFO - Monolith_Exit M25CXWIW
Monolith_Exit OUJ71OQ3
2025-04-01 03:55:36,771 - INFO - Monolith_Enter VY0YDCMC
2025-04-01 03:55:36,837 - INFO - Monolith_Exit VY0YDCMC
2025-04-01 03:55:36,841 - INFO - Monolith_Enter DPETFRW2
2025-04-01 03:55:36,904 - INFO - Monolith_Exit DPETFRW2
2025-04-01 03:55:36,906 - INFO - Monolith_Enter PHXV72Q7
2025-04-01 03:55:36,975 - INFO - Monolith_Exit PHXV72Q7
2025-04-01 03:55:36,977 - INFO - Monolith_Enter GYCTVHTI
2025-04-01 03:55:37,040 - INFO - Monolith_Exit GYCTVHTI
2025-04-01 03:55:37,265 - INFO - Monolith_Enter 45D875GJ
2025-04-01 03:55:37,333 - INFO - Monolith_Exit 45D875GJ
2025-04-01 03:55:37,335 - INFO - Monolith_Enter 19LGH8VW
2025-04-01 03:55:37,400 - INFO - Monolith_Exit 19LGH8VW
2025-04-01 03:55:37,402 - INFO - Monolith_Enter EBWJQZC6
2025-04-01 03:55:37,463 - INFO - Monolith_Exit EBWJQZC6
2025-04-01 03:55:37,465 - INFO - Monolith_Enter 1UMU4TSR
2025-04-01 03:55:37,530 - INFO - Monolith_Exit 1UMU4TSR
2025-04-01 03:55:37,543 - INFO - Monolith_Enter ZX3CD2WC
2025-04-01 03:55:37,607 - INFO - Monolith_Exit ZX3CD2WC
2025-04-01 03:55:37,609 - INFO - Monolith_Enter OU52OJRD
2025-04-01 03:55:37,672 - INFO - Monolith_Exit OU52OJRD
2025-04-01 03:55:37,675 - INFO - Monolith_Enter 51V6L0N9
Monolith_Enter FJOH8KLM
2025-04-01 03:55:37,779 - INFO - Monolith_Exit 51V6L0N9
Monolith_Exit FJOH8KLM
2025-04-01 03:55:37,787 - INFO - Monolith_Enter 9AZNDVHW
Monolith_Enter LAWPKY71
Monolith_Enter B7S9BZ11
2025-04-01 03:55:37,935 - INFO - Monolith_Exit 9AZNDVHW
Monolith_Exit LAWPKY71
Monolith_Exit B7S9BZ11
2025-04-01 03:55:37,938 - INFO - Monolith_Enter 2ECVWDW3
Monolith_Enter D2QLUBJH
2025-04-01 03:55:38,050 - INFO - Monolith_Exit 2ECVWDW3
Monolith_Exit D2QLUBJH
2025-04-01 03:55:38,053 - INFO - Monolith_Enter CFVOKVXK
Monolith_Enter L2E4SM4D
2025-04-01 03:55:38,159 - INFO - Monolith_Exit CFVOKVXK
Monolith_Exit L2E4SM4D
2025-04-01 03:55:38,162 - INFO - Monolith_Enter J7401G4I
Monolith_Enter HZFUMXSN
2025-04-01 03:55:38,272 - INFO - Monolith_Exit J7401G4I
Monolith_Exit HZFUMXSN
2025-04-01 03:55:38,274 - INFO - Monolith_Enter UXPZ16BD
2025-04-01 03:55:38,337 - INFO - Monolith_Exit UXPZ16BD
2025-04-01 03:55:38,341 - INFO - Monolith_Enter HURFRO9B
Monolith_Enter F83BDOV2
Monolith_Enter EUL9FTV3
2025-04-01 03:55:38,485 - INFO - Monolith_Exit HURFRO9B
Monolith_Exit F83BDOV2
Monolith_Exit EUL9FTV3
2025-04-01 03:55:38,487 - INFO - Monolith_Enter 0KI2OJOT
2025-04-01 03:55:38,554 - INFO - Monolith_Exit 0KI2OJOT
2025-04-01 03:55:38,556 - INFO - Monolith_Enter M0ATWGRX
Monolith_Enter W45OVD7B
2025-04-01 03:55:38,665 - INFO - Monolith_Exit M0ATWGRX
Monolith_Exit W45OVD7B
2025-04-01 03:55:38,667 - INFO - Monolith_Enter P4ABCQSK
2025-04-01 03:55:38,731 - INFO - Monolith_Exit P4ABCQSK
2025-04-01 03:55:38,781 - INFO - Monolith_Enter U9O2KYBN
2025-04-01 03:55:38,854 - INFO - Monolith_Exit U9O2KYBN
2025-04-01 03:55:38,915 - INFO - Monolith_Enter UO7Z4AF3
2025-04-01 03:55:38,982 - INFO - Monolith_Exit UO7Z4AF3
2025-04-01 03:55:38,984 - INFO - Monolith_Enter 9MU67YS9
2025-04-01 03:55:39,047 - INFO - Monolith_Exit 9MU67YS9
2025-04-01 03:55:39,050 - INFO - Monolith_Enter SKOL8YDV
Monolith_Enter WWW4261O
2025-04-01 03:55:39,153 - INFO - Monolith_Exit SKOL8YDV
Monolith_Exit WWW4261O
2025-04-01 03:55:39,156 - INFO - Monolith_Enter 1B09L5NY
Monolith_Enter Z9S023A6
2025-04-01 03:55:39,268 - INFO - Monolith_Exit 1B09L5NY
Monolith_Exit Z9S023A6
2025-04-01 03:55:39,277 - INFO - Monolith_Enter RBEC4IS3
Monolith_Enter P9WM1B0M
Monolith_Enter W4ZDRR05
Monolith_Enter 82IFS9R2
Monolith_Enter P9PVVWI2
Monolith_Enter XWGQ4BU1
2025-04-01 03:55:39,540 - INFO - Monolith_Exit RBEC4IS3
Monolith_Exit P9WM1B0M
Monolith_Exit W4ZDRR05
Monolith_Exit 82IFS9R2
Monolith_Exit P9PVVWI2
Monolith_Exit XWGQ4BU1
2025-04-01 03:55:39,544 - INFO - Monolith_Enter GBT4FKY9
Monolith_Enter QXC8IHNP
Monolith_Enter 5A9CPAI8
2025-04-01 03:55:39,693 - INFO - Monolith_Exit GBT4FKY9
Monolith_Exit QXC8IHNP
Monolith_Exit 5A9CPAI8
2025-04-01 03:55:39,696 - INFO - Monolith_Enter L7G2JO33
Monolith_Enter A2YOZ4ER
Monolith_Enter 0ICDQ7RV
2025-04-01 03:55:39,848 - INFO - Monolith_Exit L7G2JO33
Monolith_Exit A2YOZ4ER
Monolith_Exit 0ICDQ7RV
2025-04-01 03:55:39,858 - INFO - Monolith_Enter JWAHNLBO
Monolith_Enter VQDA13TP
Monolith_Enter N8D4SKGS
Monolith_Enter XBG2CP23
Monolith_Enter QTU0AWXY
2025-04-01 03:55:40,084 - INFO - Monolith_Exit JWAHNLBO
Monolith_Exit VQDA13TP
Monolith_Exit N8D4SKGS
Monolith_Exit XBG2CP23
Monolith_Exit QTU0AWXY
2025-04-01 03:55:40,090 - INFO - Monolith_Enter JUQW71TS
Monolith_Enter 9CP542NR
Monolith_Enter 4OASSEL2
Monolith_Enter 25MQ762B
Monolith_Enter YR1CFDUH
Monolith_Enter SEYK3SNA
2025-04-01 03:55:40,363 - INFO - Monolith_Exit JUQW71TS
Monolith_Exit 9CP542NR
Monolith_Exit 4OASSEL2
Monolith_Exit 25MQ762B
Monolith_Exit YR1CFDUH
Monolith_Exit SEYK3SNA
2025-04-01 03:55:40,373 - INFO - Monolith_Enter Q10RI5FR
Monolith_Enter E5EJ22FS
Monolith_Enter 2Q9X69QJ
Monolith_Enter 8PHV5SCS
Monolith_Enter IN7QV80G
Monolith_Enter XCCX00MF
Monolith_Enter HK1RO34Q
2025-04-01 03:55:40,675 - INFO - Monolith_Exit Q10RI5FR
Monolith_Exit E5EJ22FS
Monolith_Exit 2Q9X69QJ
Monolith_Exit 8PHV5SCS
Monolith_Exit IN7QV80G
Monolith_Exit XCCX00MF
Monolith_Exit HK1RO34Q
2025-04-01 03:55:40,687 - INFO - Monolith_Enter 7FTOUZS1
Monolith_Enter W4J4Z4BX
Monolith_Enter HSNURJKC
Monolith_Enter EENVI9PY
2025-04-01 03:55:40,866 - INFO - Monolith_Exit 7FTOUZS1
Monolith_Exit W4J4Z4BX
Monolith_Exit HSNURJKC
Monolith_Exit EENVI9PY
2025-04-01 03:55:40,870 - INFO - Monolith_Enter PM8KIQE7
Monolith_Enter PXFJRQ4E
Monolith_Enter 4CKGYKDC
2025-04-01 03:55:41,016 - INFO - Monolith_Exit PM8KIQE7
Monolith_Exit PXFJRQ4E
Monolith_Exit 4CKGYKDC
2025-04-01 03:55:41,027 - INFO - Monolith_Enter KEAXEA41
Monolith_Enter YMAA7Q0R
Monolith_Enter RA3GVC1K
Monolith_Enter VM9XDU3R
Monolith_Enter IUWIXEAT
Monolith_Enter 3227HEDD
2025-04-01 03:55:41,295 - INFO - Monolith_Exit KEAXEA41
Monolith_Exit YMAA7Q0R
Monolith_Exit RA3GVC1K
Monolith_Exit VM9XDU3R
Monolith_Exit IUWIXEAT
Monolith_Exit 3227HEDD
2025-04-01 03:55:41,300 - INFO - Monolith_Enter 629GTZXE
Monolith_Enter KIS00LCP
Monolith_Enter LIR0TIMT
2025-04-01 03:55:41,447 - INFO - Monolith_Exit 629GTZXE
Monolith_Exit KIS00LCP
Monolith_Exit LIR0TIMT
2025-04-01 03:55:41,456 - INFO - Monolith_Enter U7FL5X8Z
Monolith_Enter 5LE9RUAL
Monolith_Enter WOI4LKUN
Monolith_Enter H8P3VTDE
Monolith_Enter E3BLFS8Y
2025-04-01 03:55:41,679 - INFO - Monolith_Exit U7FL5X8Z
Monolith_Exit 5LE9RUAL
Monolith_Exit WOI4LKUN
Monolith_Exit H8P3VTDE
Monolith_Exit E3BLFS8Y
2025-04-01 03:55:41,690 - INFO - Monolith_Enter U9ZANP2P
Monolith_Enter D7M522WN
Monolith_Enter 2S9S43MD
Monolith_Enter 5T31QIFQ
Monolith_Enter H5C75762
2025-04-01 03:55:41,917 - INFO - Monolith_Exit U9ZANP2P
Monolith_Exit D7M522WN
Monolith_Exit 2S9S43MD
Monolith_Exit 5T31QIFQ
Monolith_Exit H5C75762
2025-04-01 03:55:41,927 - INFO - Monolith_Enter XDZZRKD0
Monolith_Enter JODHWNE2
Monolith_Enter M0Q5VC68
Monolith_Enter OE2ZC1YR
Monolith_Enter WT6FTUP6
2025-04-01 03:55:42,150 - INFO - Monolith_Exit XDZZRKD0
Monolith_Exit JODHWNE2
Monolith_Exit M0Q5VC68
Monolith_Exit OE2ZC1YR
Monolith_Exit WT6FTUP6
2025-04-01 03:55:42,160 - INFO - Monolith_Enter XGGYF769
Monolith_Enter 17D1D04R
Monolith_Enter J34CASNL
Monolith_Enter WZUHKYOJ
Monolith_Enter A2ZF7UED
2025-04-01 03:55:42,388 - INFO - Monolith_Exit XGGYF769
Monolith_Exit 17D1D04R
Monolith_Exit J34CASNL
Monolith_Exit WZUHKYOJ
Monolith_Exit A2ZF7UED
2025-04-01 03:55:42,398 - INFO - Monolith_Enter 7I25BDK7
Monolith_Enter H051G3RP
Monolith_Enter R6D9B3J3
Monolith_Enter HL36F7RO
2025-04-01 03:55:42,580 - INFO - Monolith_Exit 7I25BDK7
Monolith_Exit H051G3RP
Monolith_Exit R6D9B3J3
Monolith_Exit HL36F7RO
2025-04-01 03:55:42,586 - INFO - Monolith_Enter V1KRND5R
Monolith_Enter 3F7DNA1A
Monolith_Enter XRZ3AVLY
Monolith_Enter F37FLDH2
Monolith_Enter 4RQW5ICG
Monolith_Enter 2ONP4P9I
2025-04-01 03:55:42,851 - INFO - Monolith_Exit V1KRND5R
Monolith_Exit 3F7DNA1A
Monolith_Exit XRZ3AVLY
Monolith_Exit F37FLDH2
Monolith_Exit 4RQW5ICG
Monolith_Exit 2ONP4P9I
2025-04-01 03:55:42,862 - INFO - Monolith_Enter VW0MSB4H
Monolith_Enter KPDDGNG4
Monolith_Enter M4CQI5DH
Monolith_Enter BWQJO4OD
Monolith_Enter 9JAE6Q9N
Monolith_Enter GHMF2K0K
Monolith_Enter 1HWC1J5I
2025-04-01 03:55:43,159 - INFO - Monolith_Exit VW0MSB4H
Monolith_Exit KPDDGNG4
Monolith_Exit M4CQI5DH
Monolith_Exit BWQJO4OD
Monolith_Exit 9JAE6Q9N
Monolith_Exit GHMF2K0K
Monolith_Exit 1HWC1J5I
2025-04-01 03:55:43,171 - INFO - Monolith_Enter 6FXBUH81
Monolith_Enter G6TLWMAK
Monolith_Enter OSC3KRQK
Monolith_Enter S9UIM18M
Monolith_Enter Z22X19JS
Monolith_Enter QR60HUTH
Monolith_Enter 74GNGCXD
Monolith_Enter VKYF9P4S
2025-04-01 03:55:43,522 - INFO - Monolith_Exit 6FXBUH81
Monolith_Exit G6TLWMAK
Monolith_Exit OSC3KRQK
Monolith_Exit S9UIM18M
Monolith_Exit Z22X19JS
Monolith_Exit QR60HUTH
Monolith_Exit 74GNGCXD
Monolith_Exit VKYF9P4S
2025-04-01 03:55:43,535 - INFO - Monolith_Enter 7JPL5G86
Monolith_Enter 3VUG88C7
Monolith_Enter 04O49LBI
Monolith_Enter BCAT37PI
Monolith_Enter J6YIZKCK
Monolith_Enter 0KAKGXUK
Monolith_Enter RHFTD7VK
Monolith_Enter 8Z8WIIGA
2025-04-01 03:55:43,881 - INFO - Monolith_Exit 7JPL5G86
Monolith_Exit 3VUG88C7
Monolith_Exit 04O49LBI
Monolith_Exit BCAT37PI
Monolith_Exit J6YIZKCK
Monolith_Exit 0KAKGXUK
Monolith_Exit RHFTD7VK
Monolith_Exit 8Z8WIIGA
2025-04-01 03:55:43,888 - INFO - Monolith_Enter W529DLLS
Monolith_Enter ZNR95YB9
Monolith_Enter OC0N0M64
Monolith_Enter RN4YJQPV
Monolith_Enter CHJFCO47
Monolith_Enter AQ5952OY
2025-04-01 03:55:44,168 - INFO - Monolith_Exit W529DLLS
Monolith_Exit ZNR95YB9
Monolith_Exit OC0N0M64
Monolith_Exit RN4YJQPV
Monolith_Exit CHJFCO47
Monolith_Exit AQ5952OY
2025-04-01 03:55:44,178 - INFO - Monolith_Enter POHM7IN3
Monolith_Enter 0ONIX52V
Monolith_Enter 067Q69GM
Monolith_Enter LBTIMB9U
Monolith_Enter 0GW752S5
2025-04-01 03:55:44,405 - INFO - Monolith_Exit POHM7IN3
Monolith_Exit 0ONIX52V
Monolith_Exit 067Q69GM
Monolith_Exit LBTIMB9U
Monolith_Exit 0GW752S5
2025-04-01 03:55:44,411 - INFO - Monolith_Enter XN4317FM
Monolith_Enter 62K3G42W
Monolith_Enter NMKUNYQU
Monolith_Enter 50QL0LML
Monolith_Enter B21IQYA7
2025-04-01 03:55:44,647 - INFO - Monolith_Exit XN4317FM
Monolith_Exit 62K3G42W
Monolith_Exit NMKUNYQU
Monolith_Exit 50QL0LML
Monolith_Exit B21IQYA7
2025-04-01 03:55:44,651 - INFO - Monolith_Enter ALGPTSMN
Monolith_Enter 41YQYH7F
Monolith_Enter D8BCGM8Q
2025-04-01 03:55:44,800 - INFO - Monolith_Exit ALGPTSMN
Monolith_Exit 41YQYH7F
Monolith_Exit D8BCGM8Q
2025-04-01 03:55:44,805 - INFO - Monolith_Enter HOEE0A10
Monolith_Enter SLLUXH8N
Monolith_Enter G8THTFEJ
Monolith_Enter UO29P1Q6
2025-04-01 03:55:44,988 - INFO - Monolith_Exit HOEE0A10
Monolith_Exit SLLUXH8N
Monolith_Exit G8THTFEJ
Monolith_Exit UO29P1Q6
2025-04-01 03:55:44,990 - INFO - Monolith_Enter RGOQON5L
2025-04-01 03:55:45,054 - INFO - Monolith_Exit RGOQON5L
2025-04-01 03:55:45,057 - INFO - Monolith_Enter NYA11A7Y
Monolith_Enter AB2DRZEY
Monolith_Enter 0W54Y8FK
2025-04-01 03:55:45,199 - INFO - Monolith_Exit NYA11A7Y
Monolith_Exit AB2DRZEY
Monolith_Exit 0W54Y8FK
2025-04-01 03:55:45,202 - INFO - Monolith_Enter 9ROOEP6B
Monolith_Enter EJZX40RK
2025-04-01 03:55:45,305 - INFO - Monolith_Exit 9ROOEP6B
Monolith_Exit EJZX40RK
2025-04-01 03:55:45,308 - INFO - Monolith_Enter ERGOV8VC
Monolith_Enter J05XQMCP
Monolith_Enter 7IL9NIBX
2025-04-01 03:55:45,451 - INFO - Monolith_Exit ERGOV8VC
Monolith_Exit J05XQMCP
Monolith_Exit 7IL9NIBX
2025-04-01 03:55:45,453 - INFO - Monolith_Enter 5CVGNA5R
Monolith_Enter ICSOX89Q
2025-04-01 03:55:45,556 - INFO - Monolith_Exit 5CVGNA5R
Monolith_Exit ICSOX89Q
2025-04-01 03:55:45,567 - INFO - Monolith_Enter 25OQ2K1A
Monolith_Enter 81143GJ1
2025-04-01 03:55:45,671 - INFO - Monolith_Exit 25OQ2K1A
Monolith_Exit 81143GJ1
2025-04-01 03:55:45,675 - INFO - Monolith_Enter DUOJDAAO
Monolith_Enter M1QLIN3Z
Monolith_Enter B5W3KLOK
2025-04-01 03:55:45,819 - INFO - Monolith_Exit DUOJDAAO
Monolith_Exit M1QLIN3Z
Monolith_Exit B5W3KLOK
2025-04-01 03:55:45,822 - INFO - Monolith_Enter 10SHO2E9
Monolith_Enter TDXMZO80
Monolith_Enter H07JC5BI
Monolith_Enter 15OXSF3C
2025-04-01 03:55:46,012 - INFO - Monolith_Exit 10SHO2E9
Monolith_Exit TDXMZO80
Monolith_Exit H07JC5BI
Monolith_Exit 15OXSF3C
2025-04-01 03:55:46,015 - INFO - Monolith_Enter AE43ARDH
Monolith_Enter 65J001RN
2025-04-01 03:55:46,121 - INFO - Monolith_Exit AE43ARDH
Monolith_Exit 65J001RN
2025-04-01 03:55:46,125 - INFO - Monolith_Enter P06SCCQ1
Monolith_Enter 4DT4KPPA
Monolith_Enter XLBO56FV
Monolith_Enter PDHB02FJ
2025-04-01 03:55:46,309 - INFO - Monolith_Exit P06SCCQ1
Monolith_Exit 4DT4KPPA
Monolith_Exit XLBO56FV
Monolith_Exit PDHB02FJ
2025-04-01 03:55:46,319 - INFO - Monolith_Enter B8Z7T3RV
Monolith_Enter IC3TAFJQ
Monolith_Enter ZACM38MN
Monolith_Enter CLY3FH7F
Monolith_Enter YF97TINO
Monolith_Enter VW0MAYY9
Monolith_Enter U7PX4VIM
Monolith_Enter J8BAEH0O
2025-04-01 03:55:46,662 - INFO - Monolith_Exit B8Z7T3RV
Monolith_Exit IC3TAFJQ
Monolith_Exit ZACM38MN
Monolith_Exit CLY3FH7F
Monolith_Exit YF97TINO
Monolith_Exit VW0MAYY9
Monolith_Exit U7PX4VIM
Monolith_Exit J8BAEH0O
2025-04-01 03:55:46,675 - INFO - Monolith_Enter 2OM55SKE
Monolith_Enter M7L6KPVL
Monolith_Enter 6I61M6W3
Monolith_Enter DZ8XIXIX
Monolith_Enter 07XX53MT
Monolith_Enter I2CM55CH
Monolith_Enter UZCILU6A
Monolith_Enter ZEXTKI25
2025-04-01 03:55:47,021 - INFO - Monolith_Exit 2OM55SKE
Monolith_Exit M7L6KPVL
Monolith_Exit 6I61M6W3
Monolith_Exit DZ8XIXIX
Monolith_Exit 07XX53MT
Monolith_Exit I2CM55CH
Monolith_Exit UZCILU6A
Monolith_Exit ZEXTKI25
2025-04-01 03:55:47,035 - INFO - Monolith_Enter 4UTGV4RZ
Monolith_Enter GIN8XDVX
Monolith_Enter 8OL88BK2
Monolith_Enter EVFBGPNP
Monolith_Enter 9F01TI2W
Monolith_Enter RKSLSF8T
Monolith_Enter 83ZBGGKU
Monolith_Enter 2D7KWWSX
2025-04-01 03:55:47,373 - INFO - Monolith_Exit 4UTGV4RZ
Monolith_Exit GIN8XDVX
Monolith_Exit 8OL88BK2
Monolith_Exit EVFBGPNP
Monolith_Exit 9F01TI2W
Monolith_Exit RKSLSF8T
Monolith_Exit 83ZBGGKU
Monolith_Exit 2D7KWWSX
2025-04-01 03:55:47,385 - INFO - Monolith_Enter X20VA0A0
Monolith_Enter NUP7RI1S
Monolith_Enter PTOCYN7Q
Monolith_Enter BJWP47YL
Monolith_Enter NY7OAQYW
2025-04-01 03:55:47,619 - INFO - Monolith_Exit X20VA0A0
Monolith_Exit NUP7RI1S
Monolith_Exit PTOCYN7Q
Monolith_Exit BJWP47YL
Monolith_Exit NY7OAQYW
2025-04-01 03:55:47,623 - INFO - Monolith_Enter NYUVJ0H7
Monolith_Enter HMLAQQ35
2025-04-01 03:55:47,726 - INFO - Monolith_Exit NYUVJ0H7
Monolith_Exit HMLAQQ35
2025-04-01 03:55:47,729 - INFO - Monolith_Enter I5ZMQW07
Monolith_Enter 1VW16JIP
2025-04-01 03:55:47,837 - INFO - Monolith_Exit I5ZMQW07
Monolith_Exit 1VW16JIP
2025-04-01 03:55:47,841 - INFO - Monolith_Enter H6IDKSJN
Monolith_Enter CB3GKOJB
Monolith_Enter P23S1EDY
2025-04-01 03:55:47,984 - INFO - Monolith_Exit H6IDKSJN
Monolith_Exit CB3GKOJB
Monolith_Exit P23S1EDY
2025-04-01 03:55:47,986 - INFO - Monolith_Enter MHBUAJ9Q
2025-04-01 03:55:48,049 - INFO - Monolith_Exit MHBUAJ9Q
2025-04-01 03:55:48,053 - INFO - Monolith_Enter UVPNXEGH
Monolith_Enter FUCL8W01
Monolith_Enter QNUILROC
Monolith_Enter PZ1Q62SA
2025-04-01 03:55:48,241 - INFO - Monolith_Exit UVPNXEGH
Monolith_Exit FUCL8W01
Monolith_Exit QNUILROC
Monolith_Exit PZ1Q62SA
2025-04-01 03:55:48,244 - INFO - Monolith_Enter BPF388UL
Monolith_Enter EQ4AKP3B
2025-04-01 03:55:48,352 - INFO - Monolith_Exit BPF388UL
Monolith_Exit EQ4AKP3B
2025-04-01 03:55:48,356 - INFO - Monolith_Enter HKIOGP6B
Monolith_Enter LJM0NMFR
2025-04-01 03:55:48,466 - INFO - Monolith_Exit HKIOGP6B
Monolith_Exit LJM0NMFR
2025-04-01 03:55:48,469 - INFO - Monolith_Enter KUILY7OM
Monolith_Enter JAC3M7F9
2025-04-01 03:55:48,570 - INFO - Monolith_Exit KUILY7OM
Monolith_Exit JAC3M7F9
2025-04-01 03:55:48,572 - INFO - Monolith_Enter 7O09YXKC
2025-04-01 03:55:48,643 - INFO - Monolith_Exit 7O09YXKC
2025-04-01 03:55:48,645 - INFO - Monolith_Enter 09FXWOIQ
Monolith_Enter QEYU3HD8
2025-04-01 03:55:48,755 - INFO - Monolith_Exit 09FXWOIQ
Monolith_Exit QEYU3HD8
2025-04-01 03:55:48,757 - INFO - Monolith_Enter 8DO084J3
Monolith_Enter 9JIV4A03
Monolith_Enter VBEHIZV0
2025-04-01 03:55:48,903 - INFO - Monolith_Exit 8DO084J3
Monolith_Exit 9JIV4A03
Monolith_Exit VBEHIZV0
2025-04-01 03:55:48,915 - INFO - Monolith_Enter 7D1BQ6O5
Monolith_Enter M8XVVCUL
Monolith_Enter OTEY4W4W
Monolith_Enter 9OZV4MLQ
Monolith_Enter WD2VRLTH
Monolith_Enter UL2P108W
Monolith_Enter QU2H1OCL
2025-04-01 03:55:49,222 - INFO - Monolith_Exit 7D1BQ6O5
Monolith_Exit M8XVVCUL
Monolith_Exit OTEY4W4W
Monolith_Exit 9OZV4MLQ
Monolith_Exit WD2VRLTH
Monolith_Exit UL2P108W
Monolith_Exit QU2H1OCL
2025-04-01 03:55:49,234 - INFO - Monolith_Enter KI8FBQ6C
Monolith_Enter IJ1ATEF1
Monolith_Enter R270SUQ6
Monolith_Enter GLU0YDHA
Monolith_Enter SLR8Y8GE
Monolith_Enter TW7395U2
Monolith_Enter 1JHPA0CK
2025-04-01 03:55:49,531 - INFO - Monolith_Exit KI8FBQ6C
Monolith_Exit IJ1ATEF1
Monolith_Exit R270SUQ6
Monolith_Exit GLU0YDHA
Monolith_Exit SLR8Y8GE
Monolith_Exit TW7395U2
Monolith_Exit 1JHPA0CK
2025-04-01 03:55:49,538 - INFO - Monolith_Enter 6HMK0E0C
Monolith_Enter XRR53JT2
Monolith_Enter BVR9LZ7D
Monolith_Enter 2Q2ZGI51
Monolith_Enter ORVOBZ6F
Monolith_Enter L6CYFUQ3
2025-04-01 03:55:49,807 - INFO - Monolith_Exit 6HMK0E0C
Monolith_Exit XRR53JT2
Monolith_Exit BVR9LZ7D
Monolith_Exit 2Q2ZGI51
Monolith_Exit ORVOBZ6F
Monolith_Exit L6CYFUQ3
2025-04-01 03:55:49,818 - INFO - Monolith_Enter C8TQJ7OF
Monolith_Enter MXY80XNO
Monolith_Enter OQHIGJ8D
Monolith_Enter 8QW9TW6D
Monolith_Enter 553BWTI4
2025-04-01 03:55:50,045 - INFO - Monolith_Exit C8TQJ7OF
Monolith_Exit MXY80XNO
Monolith_Exit OQHIGJ8D
Monolith_Exit 8QW9TW6D
Monolith_Exit 553BWTI4
2025-04-01 03:55:50,056 - INFO - Monolith_Enter AJ65956Z
Monolith_Enter QQS2M2US
Monolith_Enter 5V9DXYRV
Monolith_Enter U7MO6BCO
Monolith_Enter 9IOB4UX4
Monolith_Enter DJDNKZHS
Monolith_Enter ZDQXZ0H3
2025-04-01 03:55:50,354 - INFO - Monolith_Exit AJ65956Z
Monolith_Exit QQS2M2US
Monolith_Exit 5V9DXYRV
Monolith_Exit U7MO6BCO
Monolith_Exit 9IOB4UX4
Monolith_Exit DJDNKZHS
Monolith_Exit ZDQXZ0H3
2025-04-01 03:55:50,366 - INFO - Monolith_Enter ZNGXKP04
Monolith_Enter LQP1PCG2
Monolith_Enter QPXWTH2Y
Monolith_Enter 5OGH9CCS
Monolith_Enter FX9CH0G9
2025-04-01 03:55:50,593 - INFO - Monolith_Exit ZNGXKP04
Monolith_Exit LQP1PCG2
Monolith_Exit QPXWTH2Y
Monolith_Exit 5OGH9CCS
Monolith_Exit FX9CH0G9
2025-04-01 03:55:50,603 - INFO - Monolith_Enter 166RIH75
Monolith_Enter 6DTC6B3B
Monolith_Enter DLWFQ9XI
Monolith_Enter OUET8F83
2025-04-01 03:55:50,785 - INFO - Monolith_Exit 166RIH75
Monolith_Exit 6DTC6B3B
Monolith_Exit DLWFQ9XI
Monolith_Exit OUET8F83
2025-04-01 03:55:50,787 - INFO - Monolith_Enter WQKKS6ZB
Monolith_Enter 4W03OM25
2025-04-01 03:55:50,892 - INFO - Monolith_Exit WQKKS6ZB
Monolith_Exit 4W03OM25
2025-04-01 03:55:50,895 - INFO - Monolith_Enter GC471K10
Monolith_Enter M5V8XMJZ
Monolith_Enter NWGP5L9I
2025-04-01 03:55:51,036 - INFO - Monolith_Exit GC471K10
Monolith_Exit M5V8XMJZ
Monolith_Exit NWGP5L9I
2025-04-01 03:55:51,039 - INFO - Monolith_Enter Y4IQGWTZ
Monolith_Enter 707L88OY
2025-04-01 03:55:51,141 - INFO - Monolith_Exit Y4IQGWTZ
Monolith_Exit 707L88OY
2025-04-01 03:55:51,164 - INFO - Monolith_Enter AVUIDIJM
2025-04-01 03:55:51,225 - INFO - Monolith_Exit AVUIDIJM
2025-04-01 03:55:51,233 - INFO - Monolith_Enter 59BGYM6X
Monolith_Enter O2I8OIKS
Monolith_Enter 775264FD
Monolith_Enter QQDI7W0S
2025-04-01 03:55:51,415 - INFO - Monolith_Exit 59BGYM6X
Monolith_Exit O2I8OIKS
Monolith_Exit 775264FD
Monolith_Exit QQDI7W0S
2025-04-01 03:55:51,425 - INFO - Monolith_Enter D1KCH01H
Monolith_Enter SOA87VTA
Monolith_Enter 1G3LV4T7
Monolith_Enter 7ZQYID6C
Monolith_Enter FN5UU9LS
Monolith_Enter ZAS8WVF3
Monolith_Enter NRW2AWZ0
2025-04-01 03:55:51,722 - INFO - Monolith_Exit D1KCH01H
Monolith_Exit SOA87VTA
Monolith_Exit 1G3LV4T7
Monolith_Exit 7ZQYID6C
Monolith_Exit FN5UU9LS
Monolith_Exit ZAS8WVF3
Monolith_Exit NRW2AWZ0
2025-04-01 03:55:51,735 - INFO - Monolith_Enter MG68FWKY
Monolith_Enter 0T9XSRHV
Monolith_Enter 7PG30MS7
Monolith_Enter X596NTG9
Monolith_Enter F6ZGDIWF
Monolith_Enter U2WUJ3CF
Monolith_Enter F4ZMSVCQ
Monolith_Enter PUAMLVX8
2025-04-01 03:55:52,073 - INFO - Monolith_Exit MG68FWKY
Monolith_Exit 0T9XSRHV
Monolith_Exit 7PG30MS7
Monolith_Exit X596NTG9
Monolith_Exit F6ZGDIWF
Monolith_Exit U2WUJ3CF
Monolith_Exit F4ZMSVCQ
Monolith_Exit PUAMLVX8
2025-04-01 03:55:52,084 - INFO - Monolith_Enter 2R57A5TE
Monolith_Enter WFEDUF35
Monolith_Enter IA4670PQ
Monolith_Enter R0LCE7EW
2025-04-01 03:55:52,270 - INFO - Monolith_Exit 2R57A5TE
Monolith_Exit WFEDUF35
Monolith_Exit IA4670PQ
Monolith_Exit R0LCE7EW
2025-04-01 03:55:52,280 - INFO - Monolith_Enter 5RUKFKOM
Monolith_Enter YQDETA1J
Monolith_Enter 7UZ3QT76
Monolith_Enter IZS805DG
Monolith_Enter NVLHYEL3
2025-04-01 03:55:52,503 - INFO - Monolith_Exit 5RUKFKOM
Monolith_Exit YQDETA1J
Monolith_Exit 7UZ3QT76
Monolith_Exit IZS805DG
Monolith_Exit NVLHYEL3
2025-04-01 03:55:52,523 - INFO - Monolith_Enter WF2C0HGD
2025-04-01 03:55:52,586 - INFO - Monolith_Exit WF2C0HGD
2025-04-01 03:55:52,588 - INFO - Monolith_Enter H4M5LA7H
2025-04-01 03:55:52,648 - INFO - Monolith_Exit H4M5LA7H
2025-04-01 03:55:52,675 - INFO - Monolith_Enter 9V9EQDEM
2025-04-01 03:55:52,745 - INFO - Monolith_Exit 9V9EQDEM
2025-04-01 03:55:52,747 - INFO - Monolith_Enter 11BLULD7
2025-04-01 03:55:52,811 - INFO - Monolith_Exit 11BLULD7
2025-04-01 03:55:52,815 - INFO - Monolith_Enter JUT3GZ8Y
2025-04-01 03:55:52,876 - INFO - Monolith_Exit JUT3GZ8Y
2025-04-01 03:55:52,990 - INFO - Monolith_Enter F6KU139A
2025-04-01 03:55:53,052 - INFO - Monolith_Exit F6KU139A
2025-04-01 03:55:53,054 - INFO - Monolith_Enter RPWNYADL
2025-04-01 03:55:53,115 - INFO - Monolith_Exit RPWNYADL
2025-04-01 03:55:53,116 - INFO - Monolith_Enter PSNBIRC8
2025-04-01 03:55:53,178 - INFO - Monolith_Exit PSNBIRC8
2025-04-01 03:55:53,181 - INFO - Monolith_Enter UC4351Q1
Monolith_Enter HVWHY61P
2025-04-01 03:55:53,282 - INFO - Monolith_Exit UC4351Q1
Monolith_Exit HVWHY61P
2025-04-01 03:55:53,338 - INFO - Monolith_Enter EHPAUMAS
2025-04-01 03:55:53,402 - INFO - Monolith_Exit EHPAUMAS
2025-04-01 03:55:53,404 - INFO - Monolith_Enter 2CHMOKVK
2025-04-01 03:55:53,466 - INFO - Monolith_Exit 2CHMOKVK
2025-04-01 03:55:53,469 - INFO - Monolith_Enter T5CHOB69
Monolith_Enter MNPTY7FJ
2025-04-01 03:55:53,570 - INFO - Monolith_Exit T5CHOB69
Monolith_Exit MNPTY7FJ
2025-04-01 03:55:53,572 - INFO - Monolith_Enter 3QPTO3DB
2025-04-01 03:55:53,634 - INFO - Monolith_Exit 3QPTO3DB
2025-04-01 03:55:53,660 - INFO - Monolith_Enter VCEAXGP4
2025-04-01 03:55:53,726 - INFO - Monolith_Exit VCEAXGP4
2025-04-01 03:55:53,734 - INFO - Monolith_Enter WZB4FDJ9
Monolith_Enter 2NE8UYAM
Monolith_Enter WA23Q7XE
2025-04-01 03:55:53,875 - INFO - Monolith_Exit WZB4FDJ9
Monolith_Exit 2NE8UYAM
Monolith_Exit WA23Q7XE
2025-04-01 03:55:53,878 - INFO - Monolith_Enter 17SOT6T3
Monolith_Enter LZL2ZQH2
2025-04-01 03:55:53,982 - INFO - Monolith_Exit 17SOT6T3
Monolith_Exit LZL2ZQH2
2025-04-01 03:55:53,986 - INFO - Monolith_Enter HU51SRHD
Monolith_Enter 6MW1TQWM
Monolith_Enter 0GTN2VHU
Monolith_Enter S5804RHK
2025-04-01 03:55:54,167 - INFO - Monolith_Exit HU51SRHD
Monolith_Exit 6MW1TQWM
Monolith_Exit 0GTN2VHU
Monolith_Exit S5804RHK
2025-04-01 03:55:54,171 - INFO - Monolith_Enter 9NXTCKUC
Monolith_Enter VZYCWMJM
Monolith_Enter 8YLVEN8Y
Monolith_Enter PYG0G62L
2025-04-01 03:55:54,354 - INFO - Monolith_Exit 9NXTCKUC
Monolith_Exit VZYCWMJM
Monolith_Exit 8YLVEN8Y
Monolith_Exit PYG0G62L
2025-04-01 03:55:54,364 - INFO - Monolith_Enter 8CNETH6Z
Monolith_Enter U0X3GUZB
Monolith_Enter IREF1FZU
Monolith_Enter BYOJWFEJ
Monolith_Enter 0DXNM8T2
2025-04-01 03:55:54,588 - INFO - Monolith_Exit 8CNETH6Z
Monolith_Exit U0X3GUZB
Monolith_Exit IREF1FZU
Monolith_Exit BYOJWFEJ
Monolith_Exit 0DXNM8T2
2025-04-01 03:55:54,599 - INFO - Monolith_Enter C4VBPKSE
Monolith_Enter F2UL1ZZ5
Monolith_Enter 1EU4YKQI
Monolith_Enter H0DRQMHR
Monolith_Enter VCLHARJD
Monolith_Enter HBVIC9HD
Monolith_Enter U2DH26VY
2025-04-01 03:55:54,891 - INFO - Monolith_Exit C4VBPKSE
Monolith_Exit F2UL1ZZ5
Monolith_Exit 1EU4YKQI
Monolith_Exit H0DRQMHR
Monolith_Exit VCLHARJD
Monolith_Exit HBVIC9HD
Monolith_Exit U2DH26VY
2025-04-01 03:55:54,896 - INFO - Monolith_Enter W1AC4D42
Monolith_Enter G4EFUJ77
Monolith_Enter O5ZAYW3I
2025-04-01 03:55:55,040 - INFO - Monolith_Exit W1AC4D42
Monolith_Exit G4EFUJ77
Monolith_Exit O5ZAYW3I
2025-04-01 03:55:55,044 - INFO - Monolith_Enter JAD1NLXS
Monolith_Enter H8TK5EJT
Monolith_Enter G30I8XS1
2025-04-01 03:55:55,190 - INFO - Monolith_Exit JAD1NLXS
Monolith_Exit H8TK5EJT
Monolith_Exit G30I8XS1
2025-04-01 03:55:55,193 - INFO - Monolith_Enter G5Y4V7Y1
2025-04-01 03:55:55,256 - INFO - Monolith_Exit G5Y4V7Y1
2025-04-01 03:55:55,304 - INFO - Monolith_Enter UH5MS4M1
2025-04-01 03:55:55,373 - INFO - Monolith_Exit UH5MS4M1
2025-04-01 03:55:55,380 - INFO - Monolith_Enter P4A3Y4Y9
Monolith_Enter WCC9QFU8
2025-04-01 03:55:55,479 - INFO - Monolith_Exit P4A3Y4Y9
Monolith_Exit WCC9QFU8
2025-04-01 03:55:55,481 - INFO - Monolith_Enter S1LJPAT4
Monolith_Enter 2PBSRFUF
2025-04-01 03:55:55,583 - INFO - Monolith_Exit S1LJPAT4
Monolith_Exit 2PBSRFUF
2025-04-01 03:55:55,585 - INFO - Monolith_Enter 3E03L8ID
2025-04-01 03:55:55,649 - INFO - Monolith_Exit 3E03L8ID
2025-04-01 03:55:55,651 - INFO - Monolith_Enter 6UN9ULXK
Monolith_Enter FHD2955I
2025-04-01 03:55:55,760 - INFO - Monolith_Exit 6UN9ULXK
Monolith_Exit FHD2955I
2025-04-01 03:55:55,762 - INFO - Monolith_Enter YADZKU3A
2025-04-01 03:55:55,824 - INFO - Monolith_Exit YADZKU3A
2025-04-01 03:55:55,834 - INFO - Monolith_Enter M1F3DTAA
2025-04-01 03:55:55,895 - INFO - Monolith_Exit M1F3DTAA
2025-04-01 03:55:55,929 - INFO - Monolith_Enter QIEU9MYW
2025-04-01 03:55:55,993 - INFO - Monolith_Exit QIEU9MYW
2025-04-01 03:55:55,995 - INFO - Monolith_Enter QT5A6UG3
2025-04-01 03:55:56,062 - INFO - Monolith_Exit QT5A6UG3
2025-04-01 03:55:56,064 - INFO - Monolith_Enter DS0AB6V0
Monolith_Enter HQ1JUFWB
2025-04-01 03:55:56,169 - INFO - Monolith_Exit DS0AB6V0
Monolith_Exit HQ1JUFWB
2025-04-01 03:55:56,172 - INFO - Monolith_Enter 60J8FSC3
Monolith_Enter KWD1BHM9
Monolith_Enter 0OY7S7BX
2025-04-01 03:55:56,319 - INFO - Monolith_Exit 60J8FSC3
Monolith_Exit KWD1BHM9
Monolith_Exit 0OY7S7BX
2025-04-01 03:55:56,323 - INFO - Monolith_Enter 4K0BZLIH
Monolith_Enter EH3OS9Y4
2025-04-01 03:55:56,423 - INFO - Monolith_Exit 4K0BZLIH
Monolith_Exit EH3OS9Y4
2025-04-01 03:55:56,427 - INFO - Monolith_Enter 36UZ8LBM
2025-04-01 03:55:56,487 - INFO - Monolith_Exit 36UZ8LBM
2025-04-01 03:55:56,499 - INFO - Monolith_Enter 6CS8KEFB
2025-04-01 03:55:56,559 - INFO - Monolith_Exit 6CS8KEFB
2025-04-01 03:55:56,561 - INFO - Monolith_Enter 4A3SOKSC
2025-04-01 03:55:56,623 - INFO - Monolith_Exit 4A3SOKSC
2025-04-01 03:55:56,625 - INFO - Monolith_Enter A8MT5KLG
2025-04-01 03:55:56,686 - INFO - Monolith_Exit A8MT5KLG
2025-04-01 03:55:56,737 - INFO - Monolith_Enter RV3TY16E
2025-04-01 03:55:56,803 - INFO - Monolith_Exit RV3TY16E
2025-04-01 03:55:56,805 - INFO - Monolith_Enter NKN6PK3A
2025-04-01 03:55:56,867 - INFO - Monolith_Exit NKN6PK3A
2025-04-01 03:55:56,869 - INFO - Monolith_Enter 5GCR9SN0
2025-04-01 03:55:56,936 - INFO - Monolith_Exit 5GCR9SN0
2025-04-01 03:55:56,938 - INFO - Monolith_Enter RMUW3YIE
Monolith_Enter 416S2370
2025-04-01 03:55:57,041 - INFO - Monolith_Exit RMUW3YIE
Monolith_Exit 416S2370
2025-04-01 03:55:57,044 - INFO - Monolith_Enter QYR9Q0VC
Monolith_Enter X7Y1H93E
Monolith_Enter CIMRC3EK
2025-04-01 03:55:57,188 - INFO - Monolith_Exit QYR9Q0VC
Monolith_Exit X7Y1H93E
Monolith_Exit CIMRC3EK
2025-04-01 03:55:57,190 - INFO - Monolith_Enter MSXVBB4P
Monolith_Enter 41Z7DLGX
2025-04-01 03:55:57,295 - INFO - Monolith_Exit MSXVBB4P
Monolith_Exit 41Z7DLGX
2025-04-01 03:55:57,471 - INFO - Monolith_Enter XOZZVIV4
2025-04-01 03:55:57,536 - INFO - Monolith_Exit XOZZVIV4
2025-04-01 03:55:57,574 - INFO - Monolith_Enter 85BFUNU1
2025-04-01 03:55:57,638 - INFO - Monolith_Exit 85BFUNU1
2025-04-01 03:55:57,767 - INFO - Monolith_Enter 5TX4J68S
2025-04-01 03:55:57,828 - INFO - Monolith_Exit 5TX4J68S
2025-04-01 03:55:57,835 - INFO - Monolith_Enter FPY008G1
2025-04-01 03:55:57,896 - INFO - Monolith_Exit FPY008G1
2025-04-01 03:55:57,905 - INFO - Monolith_Enter Z18K0BRN
Monolith_Enter RQBNXD3V
Monolith_Enter TJ8SCBN2
Monolith_Enter V9SJ7FUO
Monolith_Enter 53B9DFR9
2025-04-01 03:55:58,135 - INFO - Monolith_Exit Z18K0BRN
Monolith_Exit RQBNXD3V
Monolith_Exit TJ8SCBN2
Monolith_Exit V9SJ7FUO
Monolith_Exit 53B9DFR9
2025-04-01 03:55:58,139 - INFO - Monolith_Enter DURSM9L2
Monolith_Enter 5MVWLKA1
Monolith_Enter V1RXC743
Monolith_Enter 7C0Q9FRX
2025-04-01 03:55:58,323 - INFO - Monolith_Exit DURSM9L2
Monolith_Exit 5MVWLKA1
Monolith_Exit V1RXC743
Monolith_Exit 7C0Q9FRX
2025-04-01 03:55:58,331 - INFO - Monolith_Enter Q4NIA5LL
Monolith_Enter HKGWHPV2
Monolith_Enter 0E9744VG
Monolith_Enter T2D8ULBV
2025-04-01 03:55:58,514 - INFO - Monolith_Exit Q4NIA5LL
Monolith_Exit HKGWHPV2
Monolith_Exit 0E9744VG
Monolith_Exit T2D8ULBV
2025-04-01 03:55:58,524 - INFO - Monolith_Enter 5Y9IQA9I
Monolith_Enter X6FROICS
Monolith_Enter CN8FDXHW
Monolith_Enter M1MZAZEI
Monolith_Enter YB9XGJLF
2025-04-01 03:55:58,753 - INFO - Monolith_Exit 5Y9IQA9I
Monolith_Exit X6FROICS
Monolith_Exit CN8FDXHW
Monolith_Exit M1MZAZEI
Monolith_Exit YB9XGJLF
2025-04-01 03:55:58,757 - INFO - Monolith_Enter ZZSMCDZB
Monolith_Enter 0V1BXJC2
Monolith_Enter I61P1221
2025-04-01 03:55:58,904 - INFO - Monolith_Exit ZZSMCDZB
Monolith_Exit 0V1BXJC2
Monolith_Exit I61P1221
2025-04-01 03:55:58,907 - INFO - Monolith_Enter 77VK2BL6
2025-04-01 03:55:58,971 - INFO - Monolith_Exit 77VK2BL6
2025-04-01 03:55:58,981 - INFO - Monolith_Enter GAANFMYO
2025-04-01 03:55:59,045 - INFO - Monolith_Exit GAANFMYO
2025-04-01 03:55:59,048 - INFO - Monolith_Enter GOJ0A6LA
Monolith_Enter YJKJ5G76
2025-04-01 03:55:59,152 - INFO - Monolith_Exit GOJ0A6LA
Monolith_Exit YJKJ5G76
2025-04-01 03:55:59,154 - INFO - Monolith_Enter S9BKBF5C
2025-04-01 03:55:59,215 - INFO - Monolith_Exit S9BKBF5C
2025-04-01 03:55:59,225 - INFO - Monolith_Enter DKEO6FJQ
2025-04-01 03:55:59,287 - INFO - Monolith_Exit DKEO6FJQ
2025-04-01 03:55:59,288 - INFO - Monolith_Enter MWKW1ZQ6
2025-04-01 03:55:59,359 - INFO - Monolith_Exit MWKW1ZQ6
2025-04-01 03:55:59,361 - INFO - Monolith_Enter 2ZLWQ66S
2025-04-01 03:55:59,426 - INFO - Monolith_Exit 2ZLWQ66S
2025-04-01 03:55:59,428 - INFO - Monolith_Enter OM9LZP1R
2025-04-01 03:55:59,489 - INFO - Monolith_Exit OM9LZP1R
2025-04-01 03:55:59,494 - INFO - Monolith_Enter L24U2HTW
2025-04-01 03:55:59,561 - INFO - Monolith_Exit L24U2HTW
2025-04-01 03:55:59,572 - INFO - Monolith_Enter TXVFVS9B
2025-04-01 03:55:59,632 - INFO - Monolith_Exit TXVFVS9B
2025-04-01 03:55:59,636 - INFO - Monolith_Enter A4FFNAQ1
2025-04-01 03:55:59,699 - INFO - Monolith_Exit A4FFNAQ1
2025-04-01 03:55:59,701 - INFO - Monolith_Enter QDOJ87Z6
Monolith_Enter Q9SVJ6CE
2025-04-01 03:55:59,804 - INFO - Monolith_Exit QDOJ87Z6
Monolith_Exit Q9SVJ6CE
2025-04-01 03:55:59,807 - INFO - Monolith_Enter Z5NRJ3RN
Monolith_Enter K7D6CSQ0
2025-04-01 03:55:59,908 - INFO - Monolith_Exit Z5NRJ3RN
Monolith_Exit K7D6CSQ0
2025-04-01 03:55:59,910 - INFO - Monolith_Enter 5CK9PSQF
2025-04-01 03:55:59,972 - INFO - Monolith_Exit 5CK9PSQF
2025-04-01 03:56:00,012 - INFO - Monolith_Enter Z1B0OK4F
2025-04-01 03:56:00,080 - INFO - Monolith_Exit Z1B0OK4F
2025-04-01 03:56:00,087 - INFO - Monolith_Enter KSA0ZPUQ
Monolith_Enter E89H769V
2025-04-01 03:56:00,191 - INFO - Monolith_Exit KSA0ZPUQ
Monolith_Exit E89H769V
2025-04-01 03:56:00,192 - INFO - Monolith_Enter JGRKO8TL
2025-04-01 03:56:00,254 - INFO - Monolith_Exit JGRKO8TL
2025-04-01 03:56:00,264 - INFO - Monolith_Enter SS2AXR4N
2025-04-01 03:56:00,327 - INFO - Monolith_Exit SS2AXR4N
2025-04-01 03:56:00,329 - INFO - Monolith_Enter F6WW5MP9
2025-04-01 03:56:00,391 - INFO - Monolith_Exit F6WW5MP9
2025-04-01 03:56:00,394 - INFO - Monolith_Enter VD5EVBCC
Monolith_Enter 9OXZB2RW
Monolith_Enter EBWW7LTC
2025-04-01 03:56:00,535 - INFO - Monolith_Exit VD5EVBCC
Monolith_Exit 9OXZB2RW
Monolith_Exit EBWW7LTC
2025-04-01 03:56:00,543 - INFO - Monolith_Enter CPRSQJ9Z
Monolith_Enter YGPJR46N
Monolith_Enter H7OZ2E4K
2025-04-01 03:56:00,687 - INFO - Monolith_Exit CPRSQJ9Z
Monolith_Exit YGPJR46N
Monolith_Exit H7OZ2E4K
2025-04-01 03:56:00,696 - INFO - Monolith_Enter 4LHGDP0S
Monolith_Enter 65ERVLLD
Monolith_Enter W49HXAQQ
Monolith_Enter B3OU3O23
2025-04-01 03:56:00,879 - INFO - Monolith_Exit 4LHGDP0S
Monolith_Exit 65ERVLLD
Monolith_Exit W49HXAQQ
Monolith_Exit B3OU3O23
2025-04-01 03:56:00,888 - INFO - Monolith_Enter 03A7LW1B
Monolith_Enter IPFYKQ4O
Monolith_Enter CP5SCP65
Monolith_Enter TE3HN8H1
2025-04-01 03:56:01,076 - INFO - Monolith_Exit 03A7LW1B
Monolith_Exit IPFYKQ4O
Monolith_Exit CP5SCP65
Monolith_Exit TE3HN8H1
2025-04-01 03:56:01,086 - INFO - Monolith_Enter IE1HLZZU
Monolith_Enter 01YN1YYX
Monolith_Enter 4R94WYDF
Monolith_Enter ZXA33G1T
2025-04-01 03:56:01,267 - INFO - Monolith_Exit IE1HLZZU
Monolith_Exit 01YN1YYX
Monolith_Exit 4R94WYDF
Monolith_Exit ZXA33G1T
2025-04-01 03:56:01,277 - INFO - Monolith_Enter OQFFZJJK
Monolith_Enter QJSMIGYX
Monolith_Enter 975NTY58
Monolith_Enter 089RRMGA
Monolith_Enter G6CE3KJL
2025-04-01 03:56:01,504 - INFO - Monolith_Exit OQFFZJJK
Monolith_Exit QJSMIGYX
Monolith_Exit 975NTY58
Monolith_Exit 089RRMGA
Monolith_Exit G6CE3KJL
2025-04-01 03:56:01,515 - INFO - Monolith_Enter ILXN1PWZ
2025-04-01 03:56:01,577 - INFO - Monolith_Exit ILXN1PWZ
2025-04-01 03:56:01,579 - INFO - Monolith_Enter MLCGPWKJ
2025-04-01 03:56:01,642 - INFO - Monolith_Exit MLCGPWKJ
2025-04-01 03:56:01,644 - INFO - Monolith_Enter UG29QZMC
2025-04-01 03:56:01,707 - INFO - Monolith_Exit UG29QZMC
2025-04-01 03:56:01,711 - INFO - Monolith_Enter SOLBVKR4
Monolith_Enter P3MHS7K8
Monolith_Enter BAFZGK9P
2025-04-01 03:56:01,851 - INFO - Monolith_Exit SOLBVKR4
Monolith_Exit P3MHS7K8
Monolith_Exit BAFZGK9P
2025-04-01 03:56:01,854 - INFO - Monolith_Enter 7Y822LYS
Monolith_Enter X6M8GSKC
2025-04-01 03:56:01,958 - INFO - Monolith_Exit 7Y822LYS
Monolith_Exit X6M8GSKC
2025-04-01 03:56:01,961 - INFO - Monolith_Enter 3BK1DZ7N
Monolith_Enter JQFPXRXY
Monolith_Enter H938NK92
2025-04-01 03:56:02,101 - INFO - Monolith_Exit 3BK1DZ7N
Monolith_Exit JQFPXRXY
Monolith_Exit H938NK92
2025-04-01 03:56:02,105 - INFO - Monolith_Enter 3MN3BGQO
Monolith_Enter FA9KQH7W
Monolith_Enter YK2PML16
2025-04-01 03:56:02,249 - INFO - Monolith_Exit 3MN3BGQO
Monolith_Exit FA9KQH7W
Monolith_Exit YK2PML16
2025-04-01 03:56:02,252 - INFO - Monolith_Enter WBLBHP9N
Monolith_Enter G6OHSURZ
Monolith_Enter PM2JSXXC
2025-04-01 03:56:02,394 - INFO - Monolith_Exit WBLBHP9N
Monolith_Exit G6OHSURZ
Monolith_Exit PM2JSXXC
2025-04-01 03:56:02,398 - INFO - Monolith_Enter 3M767786
Monolith_Enter 63VEUUNK
Monolith_Enter MJEQJP3O
Monolith_Enter 9HEDA6EP
2025-04-01 03:56:02,583 - INFO - Monolith_Exit 3M767786
Monolith_Exit 63VEUUNK
Monolith_Exit MJEQJP3O
Monolith_Exit 9HEDA6EP
2025-04-01 03:56:02,586 - INFO - Monolith_Enter 8SN5P428
Monolith_Enter 79EOSA3K
2025-04-01 03:56:02,691 - INFO - Monolith_Exit 8SN5P428
Monolith_Exit 79EOSA3K
2025-04-01 03:56:02,694 - INFO - Monolith_Enter XQJ12UT2
Monolith_Enter 9TP4RF3G
2025-04-01 03:56:02,795 - INFO - Monolith_Exit XQJ12UT2
Monolith_Exit 9TP4RF3G
2025-04-01 03:56:02,810 - INFO - Monolith_Enter C8BAJJ24
2025-04-01 03:56:02,873 - INFO - Monolith_Exit C8BAJJ24
2025-04-01 03:56:02,881 - INFO - Monolith_Enter NTLUFOWI
Monolith_Enter W2L7YT6X
Monolith_Enter X5CUUPA7
Monolith_Enter DB4FB5MD
Monolith_Enter BJLX1IH1
2025-04-01 03:56:03,102 - INFO - Monolith_Exit NTLUFOWI
Monolith_Exit W2L7YT6X
Monolith_Exit X5CUUPA7
Monolith_Exit DB4FB5MD
Monolith_Exit BJLX1IH1
2025-04-01 03:56:03,105 - INFO - Monolith_Enter XETOYTFV
Monolith_Enter 6Z3UI0EG
2025-04-01 03:56:03,210 - INFO - Monolith_Exit XETOYTFV
Monolith_Exit 6Z3UI0EG
2025-04-01 03:56:03,213 - INFO - Monolith_Enter 0ACVT4J1
Monolith_Enter 5AHR6B5Z
Monolith_Enter SKCFBTJC
2025-04-01 03:56:03,353 - INFO - Monolith_Exit 0ACVT4J1
Monolith_Exit 5AHR6B5Z
Monolith_Exit SKCFBTJC
2025-04-01 03:56:03,357 - INFO - Monolith_Enter 5UV0844R
Monolith_Enter CER4NLTA
Monolith_Enter MFF2WC6W
2025-04-01 03:56:03,502 - INFO - Monolith_Exit 5UV0844R
Monolith_Exit CER4NLTA
Monolith_Exit MFF2WC6W
2025-04-01 03:56:03,511 - INFO - Monolith_Enter JD8H7PIF
Monolith_Enter CIQZ173Q
Monolith_Enter 502QMTCC
Monolith_Enter C490Q4YT
2025-04-01 03:56:03,695 - INFO - Monolith_Exit JD8H7PIF
Monolith_Exit CIQZ173Q
Monolith_Exit 502QMTCC
Monolith_Exit C490Q4YT
2025-04-01 03:56:03,704 - INFO - Monolith_Enter EDYOXWM4
Monolith_Enter VJH5MTBB
Monolith_Enter XL6PZG9F
Monolith_Enter DCCP3L3V
2025-04-01 03:56:03,886 - INFO - Monolith_Exit EDYOXWM4
Monolith_Exit VJH5MTBB
Monolith_Exit XL6PZG9F
Monolith_Exit DCCP3L3V
2025-04-01 03:56:03,891 - INFO - Monolith_Enter 9DQ9A9O1
Monolith_Enter 27LJN4AI
Monolith_Enter L1IGG1PO
Monolith_Enter DMCOYOX8
Monolith_Enter 58XX8NR9
Monolith_Enter 6LPGOOBQ
2025-04-01 03:56:04,158 - INFO - Monolith_Exit 9DQ9A9O1
Monolith_Exit 27LJN4AI
Monolith_Exit L1IGG1PO
Monolith_Exit DMCOYOX8
Monolith_Exit 58XX8NR9
Monolith_Exit 6LPGOOBQ
2025-04-01 03:56:04,169 - INFO - Monolith_Enter YOSG1AHF
Monolith_Enter EJR4KBDE
Monolith_Enter 5TE40D5S
Monolith_Enter BAAEPEH3
Monolith_Enter ZXKHL047
Monolith_Enter ZNTGY2AW
2025-04-01 03:56:04,434 - INFO - Monolith_Exit YOSG1AHF
Monolith_Exit EJR4KBDE
Monolith_Exit 5TE40D5S
Monolith_Exit BAAEPEH3
Monolith_Exit ZXKHL047
Monolith_Exit ZNTGY2AW
2025-04-01 03:56:04,440 - INFO - Monolith_Enter DCBDO5LQ
Monolith_Enter LMPTYJY6
Monolith_Enter XVLITD41
Monolith_Enter QB3BMR2H
Monolith_Enter QG09FL8Q
Monolith_Enter 0WY50IZS
Monolith_Enter 9P712PSP
Monolith_Enter I5K2VFVU
Monolith_Enter KP162045
2025-04-01 03:56:04,829 - INFO - Monolith_Exit DCBDO5LQ
Monolith_Exit LMPTYJY6
Monolith_Exit XVLITD41
Monolith_Exit QB3BMR2H
Monolith_Exit QG09FL8Q
Monolith_Exit 0WY50IZS
Monolith_Exit 9P712PSP
Monolith_Exit I5K2VFVU
Monolith_Exit KP162045
2025-04-01 03:56:04,835 - INFO - Monolith_Enter CGYNINYL
Monolith_Enter 79GZZPAL
Monolith_Enter QCRTGYAF
Monolith_Enter F3210Q2K
Monolith_Enter ROEKMD9Y
Monolith_Enter 22PWJVIO
Monolith_Enter B3VYX4HW
2025-04-01 03:56:05,137 - INFO - Monolith_Exit CGYNINYL
Monolith_Exit 79GZZPAL
Monolith_Exit QCRTGYAF
Monolith_Exit F3210Q2K
Monolith_Exit ROEKMD9Y
Monolith_Exit 22PWJVIO
Monolith_Exit B3VYX4HW
2025-04-01 03:56:05,150 - INFO - Monolith_Enter PK7YA2PG
Monolith_Enter S2TEECBQ
Monolith_Enter D7UGGO56
Monolith_Enter BP4REF3A
Monolith_Enter IJ3RIN6V
Monolith_Enter 3AG83E3E
Monolith_Enter DYHIM1SW
2025-04-01 03:56:05,439 - INFO - Monolith_Exit PK7YA2PG
Monolith_Exit S2TEECBQ
Monolith_Exit D7UGGO56
Monolith_Exit BP4REF3A
Monolith_Exit IJ3RIN6V
Monolith_Exit 3AG83E3E
Monolith_Exit DYHIM1SW
2025-04-01 03:56:05,443 - INFO - Monolith_Enter F3WBV6I3
Monolith_Enter Q66U5N0D
Monolith_Enter J0V3ZWC1
2025-04-01 03:56:05,591 - INFO - Monolith_Exit F3WBV6I3
Monolith_Exit Q66U5N0D
Monolith_Exit J0V3ZWC1
2025-04-01 03:56:05,593 - INFO - Monolith_Enter CBBQFD2L
Monolith_Enter 19KPXM1H
2025-04-01 03:56:05,701 - INFO - Monolith_Exit CBBQFD2L
Monolith_Exit 19KPXM1H
2025-04-01 03:56:05,703 - INFO - Monolith_Enter D8N9MRRY
2025-04-01 03:56:05,769 - INFO - Monolith_Exit D8N9MRRY
2025-04-01 03:56:05,772 - INFO - Monolith_Enter UWGHUWQE
Monolith_Enter NTJVZ21J
2025-04-01 03:56:05,872 - INFO - Monolith_Exit UWGHUWQE
Monolith_Exit NTJVZ21J
2025-04-01 03:56:05,881 - INFO - Monolith_Enter EN0KHVLQ
Monolith_Enter 6Z7CQURV
Monolith_Enter 0JRYA4TO
Monolith_Enter FCMBZ7BL
2025-04-01 03:56:06,061 - INFO - Monolith_Exit EN0KHVLQ
Monolith_Exit 6Z7CQURV
Monolith_Exit 0JRYA4TO
Monolith_Exit FCMBZ7BL
2025-04-01 03:56:06,070 - INFO - Monolith_Enter 3OXHATW5
Monolith_Enter MO5WTM5I
Monolith_Enter PBGNELQP
Monolith_Enter ZXDRAYDD
Monolith_Enter FOGIMAAF
2025-04-01 03:56:06,294 - INFO - Monolith_Exit 3OXHATW5
Monolith_Exit MO5WTM5I
Monolith_Exit PBGNELQP
Monolith_Exit ZXDRAYDD
Monolith_Exit FOGIMAAF
2025-04-01 03:56:06,298 - INFO - Monolith_Enter FTOPMXEJ
2025-04-01 03:56:06,365 - INFO - Monolith_Exit FTOPMXEJ
2025-04-01 03:56:06,367 - INFO - Monolith_Enter RDOXFBMX
2025-04-01 03:56:06,430 - INFO - Monolith_Exit RDOXFBMX
2025-04-01 03:56:06,433 - INFO - Monolith_Enter G2C5MAY8
Monolith_Enter T3DUYKPS
2025-04-01 03:56:06,532 - INFO - Monolith_Exit G2C5MAY8
Monolith_Exit T3DUYKPS
2025-04-01 03:56:06,540 - INFO - Monolith_Enter GHBBFWBT
2025-04-01 03:56:06,608 - INFO - Monolith_Exit GHBBFWBT
2025-04-01 03:56:06,610 - INFO - Monolith_Enter WUD740MX
Monolith_Enter I2U9J3K7
2025-04-01 03:56:06,713 - INFO - Monolith_Exit WUD740MX
Monolith_Exit I2U9J3K7
2025-04-01 03:56:06,715 - INFO - Monolith_Enter GNGX583R
2025-04-01 03:56:06,777 - INFO - Monolith_Exit GNGX583R
2025-04-01 03:56:06,779 - INFO - Monolith_Enter 5PHEGUEW
2025-04-01 03:56:06,844 - INFO - Monolith_Exit 5PHEGUEW
2025-04-01 03:56:06,868 - INFO - Monolith_Enter 1R6RCQ2I
2025-04-01 03:56:06,936 - INFO - Monolith_Exit 1R6RCQ2I
2025-04-01 03:56:06,938 - INFO - Monolith_Enter 7B77GO2J
Monolith_Enter WFGULBXK
Monolith_Enter 3KJH6CME
2025-04-01 03:56:07,080 - INFO - Monolith_Exit 7B77GO2J
Monolith_Exit WFGULBXK
Monolith_Exit 3KJH6CME
2025-04-01 03:56:07,090 - INFO - Monolith_Enter CUDGCARU
Monolith_Enter DXV73LL8
Monolith_Enter 91H4GV3P
Monolith_Enter D4HRUVZ2
Monolith_Enter SIP0C328
Monolith_Enter 1EE3JD2O
Monolith_Enter M9OBXDLI
2025-04-01 03:56:07,383 - INFO - Monolith_Exit CUDGCARU
Monolith_Exit DXV73LL8
Monolith_Exit 91H4GV3P
Monolith_Exit D4HRUVZ2
Monolith_Exit SIP0C328
Monolith_Exit 1EE3JD2O
Monolith_Exit M9OBXDLI
2025-04-01 03:56:07,388 - INFO - Monolith_Enter FO5UFA8T
Monolith_Enter 4T4ST685
Monolith_Enter 9XUGRL8W
Monolith_Enter 8X04RHMK
Monolith_Enter KRQSFBD9
2025-04-01 03:56:07,618 - INFO - Monolith_Exit FO5UFA8T
Monolith_Exit 4T4ST685
Monolith_Exit 9XUGRL8W
Monolith_Exit 8X04RHMK
Monolith_Exit KRQSFBD9
2025-04-01 03:56:07,622 - INFO - Monolith_Enter OTP10AXE
Monolith_Enter NOFPDJXB
2025-04-01 03:56:07,723 - INFO - Monolith_Exit OTP10AXE
Monolith_Exit NOFPDJXB
2025-04-01 03:56:07,727 - INFO - Monolith_Enter 0PLEHP4O
Monolith_Enter 7M3EG9FW
Monolith_Enter T7ITMUWY
Monolith_Enter CS345S90
2025-04-01 03:56:07,908 - INFO - Monolith_Exit 0PLEHP4O
Monolith_Exit 7M3EG9FW
Monolith_Exit T7ITMUWY
Monolith_Exit CS345S90
2025-04-01 03:56:07,910 - INFO - Monolith_Enter NWXEQRCJ
2025-04-01 03:56:07,972 - INFO - Monolith_Exit NWXEQRCJ
2025-04-01 03:56:08,011 - INFO - Monolith_Enter VE0NWMVJ
2025-04-01 03:56:08,081 - INFO - Monolith_Exit VE0NWMVJ
2025-04-01 03:56:08,088 - INFO - Monolith_Enter IA2VV7MA
Monolith_Enter WJ6MESY2
2025-04-01 03:56:08,189 - INFO - Monolith_Exit IA2VV7MA
Monolith_Exit WJ6MESY2
2025-04-01 03:56:08,193 - INFO - Monolith_Enter X595GBQU
Monolith_Enter XVV6AAVJ
2025-04-01 03:56:08,292 - INFO - Monolith_Exit X595GBQU
Monolith_Exit XVV6AAVJ
2025-04-01 03:56:08,296 - INFO - Monolith_Enter 8LKT92QO
Monolith_Enter TDQD62M6
2025-04-01 03:56:08,396 - INFO - Monolith_Exit 8LKT92QO
Monolith_Exit TDQD62M6
2025-04-01 03:56:08,398 - INFO - Monolith_Enter ADHUHB7V
Monolith_Enter RFZ1SG87
2025-04-01 03:56:08,499 - INFO - Monolith_Exit ADHUHB7V
Monolith_Exit RFZ1SG87
2025-04-01 03:56:08,664 - INFO - Monolith_Enter CUK9WGHX
2025-04-01 03:56:08,727 - INFO - Monolith_Exit CUK9WGHX
2025-04-01 03:56:08,730 - INFO - Monolith_Enter 8ZAFKZN0
Monolith_Enter WQYHO8T7
2025-04-01 03:56:08,829 - INFO - Monolith_Exit 8ZAFKZN0
Monolith_Exit WQYHO8T7
2025-04-01 03:56:08,831 - INFO - Monolith_Enter J9247YPM
2025-04-01 03:56:08,893 - INFO - Monolith_Exit J9247YPM
2025-04-01 03:56:08,896 - INFO - Monolith_Enter BVW9470F
Monolith_Enter RF9UJFFD
Monolith_Enter I8IZ6WHC
2025-04-01 03:56:09,043 - INFO - Monolith_Exit BVW9470F
Monolith_Exit RF9UJFFD
Monolith_Exit I8IZ6WHC
2025-04-01 03:56:09,047 - INFO - Monolith_Enter H9INO4ZQ
Monolith_Enter Z6RHLI2N
2025-04-01 03:56:09,151 - INFO - Monolith_Exit H9INO4ZQ
Monolith_Exit Z6RHLI2N
2025-04-01 03:56:09,153 - INFO - Monolith_Enter 3NHAZ8H2
2025-04-01 03:56:09,218 - INFO - Monolith_Exit 3NHAZ8H2
2025-04-01 03:56:09,220 - INFO - Monolith_Enter MJSCJ7LU
2025-04-01 03:56:09,287 - INFO - Monolith_Exit MJSCJ7LU
2025-04-01 03:56:09,288 - INFO - Monolith_Enter QUD008GT
2025-04-01 03:56:09,348 - INFO - Monolith_Exit QUD008GT
2025-04-01 03:56:09,435 - INFO - Monolith_Enter 4U6YHKKG
2025-04-01 03:56:09,503 - INFO - Monolith_Exit 4U6YHKKG
2025-04-01 03:56:09,505 - INFO - Monolith_Enter UHC55MPE
2025-04-01 03:56:09,570 - INFO - Monolith_Exit UHC55MPE
2025-04-01 03:56:09,572 - INFO - Monolith_Enter G5Z9A2G8
2025-04-01 03:56:09,634 - INFO - Monolith_Exit G5Z9A2G8
2025-04-01 03:56:09,641 - INFO - Monolith_Enter ADIB3DD5
Monolith_Enter S1P8WYA4
Monolith_Enter SFT0LLU8
2025-04-01 03:56:09,781 - INFO - Monolith_Exit ADIB3DD5
Monolith_Exit S1P8WYA4
Monolith_Exit SFT0LLU8
2025-04-01 03:56:09,790 - INFO - Monolith_Enter 2D46BWYQ
Monolith_Enter OQFL2UVS
Monolith_Enter 66ANXWWW
Monolith_Enter 56VZAJWK
2025-04-01 03:56:09,972 - INFO - Monolith_Exit 2D46BWYQ
Monolith_Exit OQFL2UVS
Monolith_Exit 66ANXWWW
Monolith_Exit 56VZAJWK
2025-04-01 03:56:09,976 - INFO - Monolith_Enter 6FW6Z08T
Monolith_Enter FEBHXCJE
Monolith_Enter 7UWQWJVQ
2025-04-01 03:56:10,121 - INFO - Monolith_Exit 6FW6Z08T
Monolith_Exit FEBHXCJE
Monolith_Exit 7UWQWJVQ
2025-04-01 03:56:10,124 - INFO - Monolith_Enter M9MOPXE8
Monolith_Enter P3ZZEJ6Q
Monolith_Enter Z9AF1I66
2025-04-01 03:56:10,268 - INFO - Monolith_Exit M9MOPXE8
Monolith_Exit P3ZZEJ6Q
Monolith_Exit Z9AF1I66
2025-04-01 03:56:10,271 - INFO - Monolith_Enter KQ1QP2DW
2025-04-01 03:56:10,333 - INFO - Monolith_Exit KQ1QP2DW
2025-04-01 03:56:10,343 - INFO - Monolith_Enter C65Z1U3A
2025-04-01 03:56:10,404 - INFO - Monolith_Exit C65Z1U3A
2025-04-01 03:56:10,415 - INFO - Monolith_Enter 3F76HLWM
2025-04-01 03:56:10,479 - INFO - Monolith_Exit 3F76HLWM
2025-04-01 03:56:10,481 - INFO - Monolith_Enter 1H8EURIB
2025-04-01 03:56:10,545 - INFO - Monolith_Exit 1H8EURIB
2025-04-01 03:56:10,547 - INFO - Monolith_Enter 4SS0JGZP
2025-04-01 03:56:10,608 - INFO - Monolith_Exit 4SS0JGZP
2025-04-01 03:56:10,610 - INFO - Monolith_Enter 30WSKJF7
2025-04-01 03:56:10,671 - INFO - Monolith_Exit 30WSKJF7
2025-04-01 03:56:10,673 - INFO - Monolith_Enter QA7WWQNR
2025-04-01 03:56:10,737 - INFO - Monolith_Exit QA7WWQNR
2025-04-01 03:56:10,739 - INFO - Monolith_Enter 3OOPGXCT
2025-04-01 03:56:10,802 - INFO - Monolith_Exit 3OOPGXCT
2025-04-01 03:56:10,805 - INFO - Monolith_Enter H2ONQDFW
Monolith_Enter OWAE8699
2025-04-01 03:56:10,904 - INFO - Monolith_Exit H2ONQDFW
Monolith_Exit OWAE8699
2025-04-01 03:56:11,037 - INFO - Monolith_Enter 7OODRLUH
2025-04-01 03:56:11,106 - INFO - Monolith_Exit 7OODRLUH
2025-04-01 03:56:11,108 - INFO - Monolith_Enter 9HNLYU0H
Monolith_Enter Z0LH3DGG
2025-04-01 03:56:11,213 - INFO - Monolith_Exit 9HNLYU0H
Monolith_Exit Z0LH3DGG
2025-04-01 03:56:11,263 - INFO - Monolith_Enter 06JLGB06
2025-04-01 03:56:11,324 - INFO - Monolith_Exit 06JLGB06
2025-04-01 03:56:11,388 - INFO - Monolith_Enter WEG6AA0R
2025-04-01 03:56:11,449 - INFO - Monolith_Exit WEG6AA0R
2025-04-01 03:56:11,591 - INFO - Monolith_Enter 57XPLQFK
2025-04-01 03:56:11,652 - INFO - Monolith_Exit 57XPLQFK
2025-04-01 03:56:11,654 - INFO - Monolith_Enter 7V6H0Y81
2025-04-01 03:56:11,716 - INFO - Monolith_Exit 7V6H0Y81
2025-04-01 03:56:11,719 - INFO - Monolith_Enter I434RF48
Monolith_Enter RTBEGPL0
Monolith_Enter Y7WWKB3Q
2025-04-01 03:56:11,859 - INFO - Monolith_Exit I434RF48
Monolith_Exit RTBEGPL0
Monolith_Exit Y7WWKB3Q
2025-04-01 03:56:11,861 - INFO - Monolith_Enter AV13MGXE
2025-04-01 03:56:11,924 - INFO - Monolith_Exit AV13MGXE
2025-04-01 03:56:11,935 - INFO - Monolith_Enter AKOG8PME
Monolith_Enter RKKOLHOI
2025-04-01 03:56:12,036 - INFO - Monolith_Exit AKOG8PME
Monolith_Exit RKKOLHOI
2025-04-01 03:56:12,038 - INFO - Monolith_Enter RJ9GE4KH
Monolith_Enter 8AZBGZQH
2025-04-01 03:56:12,141 - INFO - Monolith_Exit RJ9GE4KH
Monolith_Exit 8AZBGZQH
2025-04-01 03:56:12,143 - INFO - Monolith_Enter YLYL989C
Monolith_Enter WPK9F198
2025-04-01 03:56:12,246 - INFO - Monolith_Exit YLYL989C
Monolith_Exit WPK9F198
2025-04-01 03:56:12,250 - INFO - Monolith_Enter K1RAGRSN
Monolith_Enter H90WJI37
Monolith_Enter 4ADJZN9F
Monolith_Enter PJQGBWY0
2025-04-01 03:56:12,431 - INFO - Monolith_Exit K1RAGRSN
Monolith_Exit H90WJI37
Monolith_Exit 4ADJZN9F
Monolith_Exit PJQGBWY0
2025-04-01 03:56:12,440 - INFO - Monolith_Enter XJ1W6XTF
Monolith_Enter 63QDEIH8
Monolith_Enter M0SSK1HA
2025-04-01 03:56:12,582 - INFO - Monolith_Exit XJ1W6XTF
Monolith_Exit 63QDEIH8
Monolith_Exit M0SSK1HA
2025-04-01 03:56:12,585 - INFO - Monolith_Enter Z52ADOCO
Monolith_Enter LX3VFO55
2025-04-01 03:56:12,691 - INFO - Monolith_Exit Z52ADOCO
Monolith_Exit LX3VFO55
2025-04-01 03:56:12,693 - INFO - Monolith_Enter VJA4UGND
2025-04-01 03:56:12,756 - INFO - Monolith_Exit VJA4UGND
2025-04-01 03:56:12,765 - INFO - Monolith_Enter CLPRY9AK
2025-04-01 03:56:12,827 - INFO - Monolith_Exit CLPRY9AK
2025-04-01 03:56:12,830 - INFO - Monolith_Enter BKK7TJMK
Monolith_Enter B7U57351
2025-04-01 03:56:12,934 - INFO - Monolith_Exit BKK7TJMK
Monolith_Exit B7U57351
2025-04-01 03:56:13,044 - INFO - Monolith_Enter GT3M8AHK
2025-04-01 03:56:13,104 - INFO - Monolith_Exit GT3M8AHK
2025-04-01 03:56:13,107 - INFO - Monolith_Enter HD4DK85J
Monolith_Enter MTWRELGR
2025-04-01 03:56:13,211 - INFO - Monolith_Exit HD4DK85J
Monolith_Exit MTWRELGR
2025-04-01 03:56:13,219 - INFO - Monolith_Enter 08E1OUU8
Monolith_Enter 1C75LAOX
Monolith_Enter D6VQE3K1
Monolith_Enter ZKUCRJDL
2025-04-01 03:56:13,398 - INFO - Monolith_Exit 08E1OUU8
Monolith_Exit 1C75LAOX
Monolith_Exit D6VQE3K1
Monolith_Exit ZKUCRJDL
2025-04-01 03:56:13,408 - INFO - Monolith_Enter PGZ9C2YW
Monolith_Enter 647MTWAO
Monolith_Enter 4BB3FGV5
Monolith_Enter ODGGYHXZ
2025-04-01 03:56:13,590 - INFO - Monolith_Exit PGZ9C2YW
Monolith_Exit 647MTWAO
Monolith_Exit 4BB3FGV5
Monolith_Exit ODGGYHXZ
2025-04-01 03:56:13,594 - INFO - Monolith_Enter 5EABBCP5
Monolith_Enter D1LLVGYJ
Monolith_Enter XU1L7Z1O
2025-04-01 03:56:13,740 - INFO - Monolith_Exit 5EABBCP5
Monolith_Exit D1LLVGYJ
Monolith_Exit XU1L7Z1O
2025-04-01 03:56:13,743 - INFO - Monolith_Enter KCWVM6LP
Monolith_Enter KXXJY0ME
2025-04-01 03:56:13,846 - INFO - Monolith_Exit KCWVM6LP
Monolith_Exit KXXJY0ME
2025-04-01 03:56:13,849 - INFO - Monolith_Enter ZD7UJJ2P
Monolith_Enter 70TS8R3G
2025-04-01 03:56:13,968 - INFO - Monolith_Exit ZD7UJJ2P
Monolith_Exit 70TS8R3G
2025-04-01 03:56:13,970 - INFO - Monolith_Enter YLOJAN4D
2025-04-01 03:56:14,032 - INFO - Monolith_Exit YLOJAN4D
2025-04-01 03:56:14,034 - INFO - Monolith_Enter POT2HE25
2025-04-01 03:56:14,099 - INFO - Monolith_Exit POT2HE25
2025-04-01 03:56:14,101 - INFO - Monolith_Enter RJ7B1X3H
Monolith_Enter 46A4UJUV
2025-04-01 03:56:14,207 - INFO - Monolith_Exit RJ7B1X3H
Monolith_Exit 46A4UJUV
2025-04-01 03:56:14,210 - INFO - Monolith_Enter IDVK2C72
Monolith_Enter Z7QGN9DH
2025-04-01 03:56:14,322 - INFO - Monolith_Exit IDVK2C72
Monolith_Exit Z7QGN9DH
2025-04-01 03:56:14,324 - INFO - Monolith_Enter KYYBKL4S
2025-04-01 03:56:14,387 - INFO - Monolith_Exit KYYBKL4S
2025-04-01 03:56:14,398 - INFO - Monolith_Enter JGS6UB9M
Monolith_Enter 22MWOPKH
2025-04-01 03:56:14,501 - INFO - Monolith_Exit JGS6UB9M
Monolith_Exit 22MWOPKH
2025-04-01 03:56:14,504 - INFO - Monolith_Enter 5GGF1L6J
Monolith_Enter AKBWR31D
Monolith_Enter TSVOYYGM
2025-04-01 03:56:14,654 - INFO - Monolith_Exit 5GGF1L6J
Monolith_Exit AKBWR31D
Monolith_Exit TSVOYYGM
2025-04-01 03:56:14,663 - INFO - Monolith_Enter YV2MJCSW
Monolith_Enter 1BZ5EODZ
Monolith_Enter 5O3F6Q2J
2025-04-01 03:56:14,803 - INFO - Monolith_Exit YV2MJCSW
Monolith_Exit 1BZ5EODZ
Monolith_Exit 5O3F6Q2J
2025-04-01 03:56:14,805 - INFO - Monolith_Enter 1JFVO45O
2025-04-01 03:56:14,867 - INFO - Monolith_Exit 1JFVO45O
2025-04-01 03:56:14,903 - INFO - Monolith_Enter WMTXINIC
2025-04-01 03:56:14,973 - INFO - Monolith_Exit WMTXINIC
2025-04-01 03:56:14,975 - INFO - Monolith_Enter XSW8CG4W
2025-04-01 03:56:15,038 - INFO - Monolith_Exit XSW8CG4W
2025-04-01 03:56:15,040 - INFO - Monolith_Enter 9I9SSK7Z
2025-04-01 03:56:15,107 - INFO - Monolith_Exit 9I9SSK7Z
2025-04-01 03:56:15,116 - INFO - Monolith_Enter ZN5YLGOM
Monolith_Enter HB42AS2L
Monolith_Enter 2MHMB8SX
Monolith_Enter MCD3FBE2
2025-04-01 03:56:15,295 - INFO - Monolith_Exit ZN5YLGOM
Monolith_Exit HB42AS2L
Monolith_Exit 2MHMB8SX
Monolith_Exit MCD3FBE2
2025-04-01 03:56:15,298 - INFO - Monolith_Enter SA7WI4G0
Monolith_Enter 2JENHMHP
2025-04-01 03:56:15,406 - INFO - Monolith_Exit SA7WI4G0
Monolith_Exit 2JENHMHP
2025-04-01 03:56:15,408 - INFO - Monolith_Enter 5SQPD1S7
Monolith_Enter AEQM8LGE
2025-04-01 03:56:15,513 - INFO - Monolith_Exit 5SQPD1S7
Monolith_Exit AEQM8LGE
2025-04-01 03:56:15,515 - INFO - Monolith_Enter TZ6B7AZP
2025-04-01 03:56:15,580 - INFO - Monolith_Exit TZ6B7AZP
2025-04-01 03:56:15,582 - INFO - Monolith_Enter C185RR1F
Monolith_Enter 7UXHXSDC
2025-04-01 03:56:15,685 - INFO - Monolith_Exit C185RR1F
Monolith_Exit 7UXHXSDC
2025-04-01 03:56:15,688 - INFO - Monolith_Enter 2TFYCVHD
Monolith_Enter 31K623AS
2025-04-01 03:56:15,794 - INFO - Monolith_Exit 2TFYCVHD
Monolith_Exit 31K623AS
