2025-04-12 17:37:17,837 - INFO - Ingress_Mono_Enter 7LULMU3S
2025-04-12 17:37:17,900 - INFO - Ingress_Mono_Input_Decoded 7LULMU3S
2025-04-12 17:37:17,906 - INFO - Ingress_Mono_Numpy_Converted 7LULMU3S
2025-04-12 17:37:18,718 - INFO - Ingress_Mono_Exit 7LULMU3S
2025-04-12 17:37:19,135 - INFO - Ingress_Mono_Enter 4NSXL9WI
2025-04-12 17:37:19,148 - INFO - Ingress_Mono_Input_Decoded 4NSXL9WI
2025-04-12 17:37:19,149 - INFO - Ingress_Mono_Numpy_Converted 4NSXL9WI
2025-04-12 17:37:19,512 - INFO - Ingress_Mono_Exit 4NSXL9WI
2025-04-12 17:37:19,770 - INFO - Ingress_Mono_Enter PO98YYU5
2025-04-12 17:37:19,787 - INFO - Ingress_Mono_Input_Decoded PO98YYU5
2025-04-12 17:37:19,789 - INFO - Ingress_Mono_Numpy_Converted PO98YYU5
2025-04-12 17:37:20,173 - INFO - Ingress_Mono_Exit PO98YYU5
2025-04-12 17:37:22,145 - INFO - Ingress_Mono_Enter YJQO6F4A
2025-04-12 17:37:22,161 - INFO - Ingress_Mono_Input_Decoded YJQO6F4A
2025-04-12 17:37:22,162 - INFO - Ingress_Mono_Numpy_Converted YJQO6F4A
2025-04-12 17:37:22,408 - INFO - Ingress_Mono_Exit YJQO6F4A
2025-04-12 17:37:24,402 - INFO - Ingress_Mono_Enter DNRX7VZO
2025-04-12 17:37:24,421 - INFO - Ingress_Mono_Input_Decoded DNRX7VZO
2025-04-12 17:37:24,422 - INFO - Ingress_Mono_Numpy_Converted DNRX7VZO
2025-04-12 17:37:24,714 - INFO - Ingress_Mono_Exit DNRX7VZO
2025-04-12 17:37:24,783 - INFO - Ingress_Mono_Enter MZSNTU8K
2025-04-12 17:37:24,806 - INFO - Ingress_Mono_Input_Decoded MZSNTU8K
2025-04-12 17:37:24,809 - INFO - Ingress_Mono_Numpy_Converted MZSNTU8K
2025-04-12 17:37:25,272 - INFO - Ingress_Mono_Enter LNCTC4TG
2025-04-12 17:37:25,289 - INFO - Ingress_Mono_Input_Decoded LNCTC4TG
2025-04-12 17:37:25,291 - INFO - Ingress_Mono_Numpy_Converted LNCTC4TG
2025-04-12 17:37:25,518 - INFO - Ingress_Mono_Exit MZSNTU8K
2025-04-12 17:37:25,536 - INFO - Ingress_Mono_Enter K9SFVZLE
2025-04-12 17:37:25,561 - INFO - Ingress_Mono_Input_Decoded K9SFVZLE
2025-04-12 17:37:25,563 - INFO - Ingress_Mono_Numpy_Converted K9SFVZLE
2025-04-12 17:37:25,591 - INFO - Ingress_Mono_Exit LNCTC4TG
2025-04-12 17:37:25,806 - INFO - Ingress_Mono_Exit K9SFVZLE
2025-04-12 17:37:31,904 - INFO - Ingress_Mono_Enter MWL5MHNL
2025-04-12 17:37:31,919 - INFO - Ingress_Mono_Input_Decoded MWL5MHNL
2025-04-12 17:37:31,921 - INFO - Ingress_Mono_Numpy_Converted MWL5MHNL
2025-04-12 17:37:32,694 - INFO - Ingress_Mono_Exit MWL5MHNL
2025-04-12 17:37:35,285 - INFO - Ingress_Mono_Enter 9ER428LI
2025-04-12 17:37:35,302 - INFO - Ingress_Mono_Input_Decoded 9ER428LI
2025-04-12 17:37:35,303 - INFO - Ingress_Mono_Numpy_Converted 9ER428LI
2025-04-12 17:37:35,823 - INFO - Ingress_Mono_Exit 9ER428LI
2025-04-12 17:37:37,659 - INFO - Ingress_Mono_Enter 625Q233F
2025-04-12 17:37:37,673 - INFO - Ingress_Mono_Input_Decoded 625Q233F
2025-04-12 17:37:37,674 - INFO - Ingress_Mono_Numpy_Converted 625Q233F
2025-04-12 17:37:38,383 - INFO - Ingress_Mono_Exit 625Q233F
2025-04-12 17:37:39,497 - INFO - Ingress_Mono_Enter EFNLLCE5
2025-04-12 17:37:39,514 - INFO - Ingress_Mono_Input_Decoded EFNLLCE5
2025-04-12 17:37:39,516 - INFO - Ingress_Mono_Numpy_Converted EFNLLCE5
2025-04-12 17:37:39,829 - INFO - Ingress_Mono_Exit EFNLLCE5
2025-04-12 17:37:44,753 - INFO - Ingress_Mono_Enter 0RNCZIKP
2025-04-12 17:37:44,771 - INFO - Ingress_Mono_Input_Decoded 0RNCZIKP
2025-04-12 17:37:44,773 - INFO - Ingress_Mono_Numpy_Converted 0RNCZIKP
2025-04-12 17:37:45,105 - INFO - Ingress_Mono_Exit 0RNCZIKP
2025-04-12 17:37:49,511 - INFO - Ingress_Mono_Enter FVM7ZSGR
2025-04-12 17:37:49,532 - INFO - Ingress_Mono_Input_Decoded FVM7ZSGR
2025-04-12 17:37:49,534 - INFO - Ingress_Mono_Numpy_Converted FVM7ZSGR
2025-04-12 17:37:49,646 - INFO - Ingress_Mono_Enter PBAYCMJ1
2025-04-12 17:37:49,674 - INFO - Ingress_Mono_Input_Decoded PBAYCMJ1
2025-04-12 17:37:49,677 - INFO - Ingress_Mono_Numpy_Converted PBAYCMJ1
2025-04-12 17:37:49,791 - INFO - Ingress_Mono_Exit FVM7ZSGR
2025-04-12 17:37:50,431 - INFO - Ingress_Mono_Exit PBAYCMJ1
2025-04-12 17:38:01,508 - INFO - Ingress_Mono_Enter ZHF1FP10
2025-04-12 17:38:01,520 - INFO - Ingress_Mono_Input_Decoded ZHF1FP10
2025-04-12 17:38:01,521 - INFO - Ingress_Mono_Numpy_Converted ZHF1FP10
2025-04-12 17:38:01,906 - INFO - Ingress_Mono_Exit ZHF1FP10
2025-04-12 17:38:02,654 - INFO - Ingress_Mono_Enter K8CMS3X6
2025-04-12 17:38:02,679 - INFO - Ingress_Mono_Input_Decoded K8CMS3X6
2025-04-12 17:38:02,681 - INFO - Ingress_Mono_Numpy_Converted K8CMS3X6
2025-04-12 17:38:02,776 - INFO - Ingress_Mono_Enter RMDRJ1VO
2025-04-12 17:38:02,799 - INFO - Ingress_Mono_Input_Decoded RMDRJ1VO
2025-04-12 17:38:02,801 - INFO - Ingress_Mono_Numpy_Converted RMDRJ1VO
2025-04-12 17:38:03,174 - INFO - Ingress_Mono_Exit RMDRJ1VO
2025-04-12 17:38:03,176 - INFO - Ingress_Mono_Exit K8CMS3X6
2025-04-12 17:38:04,643 - INFO - Ingress_Mono_Enter F72H6CKC
2025-04-12 17:38:04,658 - INFO - Ingress_Mono_Input_Decoded F72H6CKC
2025-04-12 17:38:04,659 - INFO - Ingress_Mono_Numpy_Converted F72H6CKC
2025-04-12 17:38:05,220 - INFO - Ingress_Mono_Exit F72H6CKC
2025-04-12 17:38:05,267 - INFO - Ingress_Mono_Enter KVLXI9JD
2025-04-12 17:38:05,282 - INFO - Ingress_Mono_Input_Decoded KVLXI9JD
2025-04-12 17:38:05,283 - INFO - Ingress_Mono_Numpy_Converted KVLXI9JD
2025-04-12 17:38:05,829 - INFO - Ingress_Mono_Exit KVLXI9JD
2025-04-12 17:38:06,281 - INFO - Ingress_Mono_Enter VTXU4UHU
2025-04-12 17:38:06,303 - INFO - Ingress_Mono_Input_Decoded VTXU4UHU
2025-04-12 17:38:06,305 - INFO - Ingress_Mono_Numpy_Converted VTXU4UHU
2025-04-12 17:38:06,613 - INFO - Ingress_Mono_Exit VTXU4UHU
2025-04-12 17:38:06,770 - INFO - Ingress_Mono_Enter O1GT8SON
2025-04-12 17:38:06,785 - INFO - Ingress_Mono_Input_Decoded O1GT8SON
2025-04-12 17:38:06,786 - INFO - Ingress_Mono_Numpy_Converted O1GT8SON
2025-04-12 17:38:07,049 - INFO - Ingress_Mono_Exit O1GT8SON
2025-04-12 17:38:07,274 - INFO - Ingress_Mono_Enter RJMNPH2Y
2025-04-12 17:38:07,293 - INFO - Ingress_Mono_Input_Decoded RJMNPH2Y
2025-04-12 17:38:07,294 - INFO - Ingress_Mono_Numpy_Converted RJMNPH2Y
2025-04-12 17:38:07,544 - INFO - Ingress_Mono_Exit RJMNPH2Y
2025-04-12 17:38:09,903 - INFO - Ingress_Mono_Enter 9RA37TE8
2025-04-12 17:38:09,918 - INFO - Ingress_Mono_Input_Decoded 9RA37TE8
2025-04-12 17:38:09,920 - INFO - Ingress_Mono_Numpy_Converted 9RA37TE8
2025-04-12 17:38:10,612 - INFO - Ingress_Mono_Exit 9RA37TE8
2025-04-12 17:38:10,643 - INFO - Ingress_Mono_Enter 1Y3WTQU8
2025-04-12 17:38:10,656 - INFO - Ingress_Mono_Input_Decoded 1Y3WTQU8
2025-04-12 17:38:10,657 - INFO - Ingress_Mono_Numpy_Converted 1Y3WTQU8
2025-04-12 17:38:10,871 - INFO - Ingress_Mono_Exit 1Y3WTQU8
2025-04-12 17:38:10,901 - INFO - Ingress_Mono_Enter NT7SGCP7
2025-04-12 17:38:10,918 - INFO - Ingress_Mono_Input_Decoded NT7SGCP7
2025-04-12 17:38:10,919 - INFO - Ingress_Mono_Numpy_Converted NT7SGCP7
2025-04-12 17:38:11,460 - INFO - Ingress_Mono_Exit NT7SGCP7
2025-04-12 17:38:13,403 - INFO - Ingress_Mono_Enter TXSFP50J
2025-04-12 17:38:13,419 - INFO - Ingress_Mono_Input_Decoded TXSFP50J
2025-04-12 17:38:13,421 - INFO - Ingress_Mono_Numpy_Converted TXSFP50J
2025-04-12 17:38:13,813 - INFO - Ingress_Mono_Exit TXSFP50J
2025-04-12 17:38:14,396 - INFO - Ingress_Mono_Enter Y2Z1GP5T
2025-04-12 17:38:14,407 - INFO - Ingress_Mono_Input_Decoded Y2Z1GP5T
2025-04-12 17:38:14,408 - INFO - Ingress_Mono_Numpy_Converted Y2Z1GP5T
2025-04-12 17:38:14,653 - INFO - Ingress_Mono_Exit Y2Z1GP5T
2025-04-12 17:38:19,920 - INFO - Ingress_Mono_Enter NJUF3Z69
2025-04-12 17:38:19,942 - INFO - Ingress_Mono_Input_Decoded NJUF3Z69
2025-04-12 17:38:19,944 - INFO - Ingress_Mono_Numpy_Converted NJUF3Z69
2025-04-12 17:38:20,635 - INFO - Ingress_Mono_Exit NJUF3Z69
2025-04-12 17:38:20,912 - INFO - Ingress_Mono_Enter W8LY8FZT
2025-04-12 17:38:20,930 - INFO - Ingress_Mono_Input_Decoded W8LY8FZT
2025-04-12 17:38:20,932 - INFO - Ingress_Mono_Numpy_Converted W8LY8FZT
2025-04-12 17:38:21,859 - INFO - Ingress_Mono_Exit W8LY8FZT
2025-04-12 17:38:22,290 - INFO - Ingress_Mono_Enter 6YZ9WBPQ
2025-04-12 17:38:22,308 - INFO - Ingress_Mono_Input_Decoded 6YZ9WBPQ
2025-04-12 17:38:22,310 - INFO - Ingress_Mono_Numpy_Converted 6YZ9WBPQ
2025-04-12 17:38:22,906 - INFO - Ingress_Mono_Exit 6YZ9WBPQ
2025-04-12 17:38:23,910 - INFO - Ingress_Mono_Enter W2BW9GU7
2025-04-12 17:38:23,930 - INFO - Ingress_Mono_Input_Decoded W2BW9GU7
2025-04-12 17:38:23,933 - INFO - Ingress_Mono_Numpy_Converted W2BW9GU7
2025-04-12 17:38:24,328 - INFO - Ingress_Mono_Exit W2BW9GU7
2025-04-12 17:38:24,661 - INFO - Ingress_Mono_Enter ZLG4XTQV
2025-04-12 17:38:24,675 - INFO - Ingress_Mono_Input_Decoded ZLG4XTQV
2025-04-12 17:38:24,676 - INFO - Ingress_Mono_Numpy_Converted ZLG4XTQV
2025-04-12 17:38:24,793 - INFO - Ingress_Mono_Enter CGHYTA3R
2025-04-12 17:38:24,812 - INFO - Ingress_Mono_Input_Decoded CGHYTA3R
2025-04-12 17:38:24,814 - INFO - Ingress_Mono_Numpy_Converted CGHYTA3R
2025-04-12 17:38:25,270 - INFO - Ingress_Mono_Exit ZLG4XTQV
2025-04-12 17:38:25,271 - INFO - Ingress_Mono_Exit CGHYTA3R
2025-04-12 17:38:32,428 - INFO - Ingress_Mono_Enter 4CY338JK
2025-04-12 17:38:32,447 - INFO - Ingress_Mono_Input_Decoded 4CY338JK
2025-04-12 17:38:32,449 - INFO - Ingress_Mono_Numpy_Converted 4CY338JK
2025-04-12 17:38:33,020 - INFO - Ingress_Mono_Exit 4CY338JK
2025-04-12 17:38:33,429 - INFO - Ingress_Mono_Enter HP6VFL9F
2025-04-12 17:38:33,449 - INFO - Ingress_Mono_Input_Decoded HP6VFL9F
2025-04-12 17:38:33,450 - INFO - Ingress_Mono_Numpy_Converted HP6VFL9F
2025-04-12 17:38:34,018 - INFO - Ingress_Mono_Exit HP6VFL9F
2025-04-12 17:38:34,297 - INFO - Ingress_Mono_Enter 2ARRHC7S
2025-04-12 17:38:34,318 - INFO - Ingress_Mono_Input_Decoded 2ARRHC7S
2025-04-12 17:38:34,321 - INFO - Ingress_Mono_Numpy_Converted 2ARRHC7S
2025-04-12 17:38:34,422 - INFO - Ingress_Mono_Enter PKWE3GK8
2025-04-12 17:38:34,438 - INFO - Ingress_Mono_Input_Decoded PKWE3GK8
2025-04-12 17:38:34,439 - INFO - Ingress_Mono_Numpy_Converted PKWE3GK8
2025-04-12 17:38:34,550 - INFO - Ingress_Mono_Enter 3XWETLPC
2025-04-12 17:38:34,567 - INFO - Ingress_Mono_Input_Decoded 3XWETLPC
2025-04-12 17:38:34,568 - INFO - Ingress_Mono_Numpy_Converted 3XWETLPC
2025-04-12 17:38:34,683 - INFO - Ingress_Mono_Exit 2ARRHC7S
2025-04-12 17:38:34,871 - INFO - Ingress_Mono_Exit PKWE3GK8
2025-04-12 17:38:34,948 - INFO - Ingress_Mono_Exit 3XWETLPC
2025-04-12 17:38:35,556 - INFO - Ingress_Mono_Enter 2HLVB0C1
2025-04-12 17:38:35,577 - INFO - Ingress_Mono_Input_Decoded 2HLVB0C1
2025-04-12 17:38:35,579 - INFO - Ingress_Mono_Numpy_Converted 2HLVB0C1
2025-04-12 17:38:35,888 - INFO - Ingress_Mono_Exit 2HLVB0C1
2025-04-12 17:38:36,672 - INFO - Ingress_Mono_Enter N6RG3J2N
2025-04-12 17:38:36,687 - INFO - Ingress_Mono_Input_Decoded N6RG3J2N
2025-04-12 17:38:36,688 - INFO - Ingress_Mono_Numpy_Converted N6RG3J2N
2025-04-12 17:38:36,981 - INFO - Ingress_Mono_Exit N6RG3J2N
2025-04-12 17:38:37,931 - INFO - Ingress_Mono_Enter 2O6Z90X9
2025-04-12 17:38:37,949 - INFO - Ingress_Mono_Input_Decoded 2O6Z90X9
2025-04-12 17:38:37,951 - INFO - Ingress_Mono_Numpy_Converted 2O6Z90X9
2025-04-12 17:38:38,430 - INFO - Ingress_Mono_Enter 5Z7R6UL6
2025-04-12 17:38:38,447 - INFO - Ingress_Mono_Input_Decoded 5Z7R6UL6
2025-04-12 17:38:38,449 - INFO - Ingress_Mono_Numpy_Converted 5Z7R6UL6
2025-04-12 17:38:38,555 - INFO - Ingress_Mono_Exit 2O6Z90X9
2025-04-12 17:38:38,799 - INFO - Ingress_Mono_Exit 5Z7R6UL6
2025-04-12 17:38:41,440 - INFO - Ingress_Mono_Enter MQWP8WW3
2025-04-12 17:38:41,461 - INFO - Ingress_Mono_Input_Decoded MQWP8WW3
2025-04-12 17:38:41,463 - INFO - Ingress_Mono_Numpy_Converted MQWP8WW3
2025-04-12 17:38:41,756 - INFO - Ingress_Mono_Exit MQWP8WW3
2025-04-12 17:38:48,183 - INFO - Ingress_Mono_Enter 4W2JP29M
2025-04-12 17:38:48,197 - INFO - Ingress_Mono_Input_Decoded 4W2JP29M
2025-04-12 17:38:48,198 - INFO - Ingress_Mono_Numpy_Converted 4W2JP29M
2025-04-12 17:38:48,551 - INFO - Ingress_Mono_Exit 4W2JP29M
2025-04-12 17:38:49,575 - INFO - Ingress_Mono_Enter H7AOXJX0
2025-04-12 17:38:49,597 - INFO - Ingress_Mono_Input_Decoded H7AOXJX0
2025-04-12 17:38:49,599 - INFO - Ingress_Mono_Numpy_Converted H7AOXJX0
2025-04-12 17:38:50,204 - INFO - Ingress_Mono_Enter U38J878O
2025-04-12 17:38:50,231 - INFO - Ingress_Mono_Input_Decoded U38J878O
2025-04-12 17:38:50,234 - INFO - Ingress_Mono_Numpy_Converted U38J878O
2025-04-12 17:38:50,284 - INFO - Ingress_Mono_Exit H7AOXJX0
2025-04-12 17:38:50,754 - INFO - Ingress_Mono_Exit U38J878O
2025-04-12 17:38:53,193 - INFO - Ingress_Mono_Enter 6OFR6O7R
2025-04-12 17:38:53,208 - INFO - Ingress_Mono_Input_Decoded 6OFR6O7R
2025-04-12 17:38:53,210 - INFO - Ingress_Mono_Numpy_Converted 6OFR6O7R
2025-04-12 17:38:53,694 - INFO - Ingress_Mono_Exit 6OFR6O7R
2025-04-12 17:38:53,829 - INFO - Ingress_Mono_Enter BOYJ659O
2025-04-12 17:38:53,851 - INFO - Ingress_Mono_Input_Decoded BOYJ659O
2025-04-12 17:38:53,853 - INFO - Ingress_Mono_Numpy_Converted BOYJ659O
2025-04-12 17:38:54,100 - INFO - Ingress_Mono_Exit BOYJ659O
2025-04-12 17:38:55,071 - INFO - Ingress_Mono_Enter WFUR1AXI
2025-04-12 17:38:55,089 - INFO - Ingress_Mono_Input_Decoded WFUR1AXI
2025-04-12 17:38:55,091 - INFO - Ingress_Mono_Numpy_Converted WFUR1AXI
2025-04-12 17:38:55,576 - INFO - Ingress_Mono_Exit WFUR1AXI
2025-04-12 17:38:56,454 - INFO - Ingress_Mono_Enter 29532XDB
2025-04-12 17:38:56,475 - INFO - Ingress_Mono_Input_Decoded 29532XDB
2025-04-12 17:38:56,479 - INFO - Ingress_Mono_Numpy_Converted 29532XDB
2025-04-12 17:38:56,768 - INFO - Ingress_Mono_Exit 29532XDB
2025-04-12 17:38:57,324 - INFO - Ingress_Mono_Enter DBMABXW2
2025-04-12 17:38:57,342 - INFO - Ingress_Mono_Input_Decoded DBMABXW2
2025-04-12 17:38:57,344 - INFO - Ingress_Mono_Numpy_Converted DBMABXW2
2025-04-12 17:38:57,453 - INFO - Ingress_Mono_Enter DX9RZROI
2025-04-12 17:38:57,473 - INFO - Ingress_Mono_Input_Decoded DX9RZROI
2025-04-12 17:38:57,475 - INFO - Ingress_Mono_Numpy_Converted DX9RZROI
2025-04-12 17:38:57,929 - INFO - Ingress_Mono_Exit DX9RZROI
2025-04-12 17:38:57,937 - INFO - Ingress_Mono_Exit DBMABXW2
2025-04-12 17:39:05,452 - INFO - Ingress_Mono_Enter H9CF3MUC
2025-04-12 17:39:05,466 - INFO - Ingress_Mono_Input_Decoded H9CF3MUC
2025-04-12 17:39:05,467 - INFO - Ingress_Mono_Numpy_Converted H9CF3MUC
2025-04-12 17:39:05,577 - INFO - Ingress_Mono_Enter 0IU4L5CR
2025-04-12 17:39:05,591 - INFO - Ingress_Mono_Input_Decoded 0IU4L5CR
2025-04-12 17:39:05,592 - INFO - Ingress_Mono_Numpy_Converted 0IU4L5CR
2025-04-12 17:39:06,380 - INFO - Ingress_Mono_Exit H9CF3MUC
2025-04-12 17:39:06,381 - INFO - Ingress_Mono_Exit 0IU4L5CR
2025-04-12 17:39:06,847 - INFO - Ingress_Mono_Enter VTIFYIIR
2025-04-12 17:39:06,872 - INFO - Ingress_Mono_Input_Decoded VTIFYIIR
2025-04-12 17:39:06,874 - INFO - Ingress_Mono_Numpy_Converted VTIFYIIR
2025-04-12 17:39:06,951 - INFO - Ingress_Mono_Enter 9ZLQY94S
2025-04-12 17:39:06,964 - INFO - Ingress_Mono_Input_Decoded 9ZLQY94S
2025-04-12 17:39:06,965 - INFO - Ingress_Mono_Numpy_Converted 9ZLQY94S
2025-04-12 17:39:07,225 - INFO - Ingress_Mono_Exit VTIFYIIR
2025-04-12 17:39:07,514 - INFO - Ingress_Mono_Exit 9ZLQY94S
2025-04-12 17:39:08,723 - INFO - Ingress_Mono_Enter EV33G2WE
2025-04-12 17:39:08,749 - INFO - Ingress_Mono_Input_Decoded EV33G2WE
2025-04-12 17:39:08,752 - INFO - Ingress_Mono_Numpy_Converted EV33G2WE
2025-04-12 17:39:09,232 - INFO - Ingress_Mono_Exit EV33G2WE
2025-04-12 17:39:09,837 - INFO - Ingress_Mono_Enter R7K9BLZS
2025-04-12 17:39:09,855 - INFO - Ingress_Mono_Input_Decoded R7K9BLZS
2025-04-12 17:39:09,857 - INFO - Ingress_Mono_Numpy_Converted R7K9BLZS
2025-04-12 17:39:10,086 - INFO - Ingress_Mono_Enter HQBHAHSH
2025-04-12 17:39:10,104 - INFO - Ingress_Mono_Input_Decoded HQBHAHSH
2025-04-12 17:39:10,105 - INFO - Ingress_Mono_Numpy_Converted HQBHAHSH
2025-04-12 17:39:10,360 - INFO - Ingress_Mono_Exit R7K9BLZS
2025-04-12 17:39:10,418 - INFO - Ingress_Mono_Exit HQBHAHSH
2025-04-12 17:39:12,467 - INFO - Ingress_Mono_Enter Y8KVM9OK
2025-04-12 17:39:12,486 - INFO - Ingress_Mono_Input_Decoded Y8KVM9OK
2025-04-12 17:39:12,488 - INFO - Ingress_Mono_Numpy_Converted Y8KVM9OK
2025-04-12 17:39:12,733 - INFO - Ingress_Mono_Exit Y8KVM9OK
2025-04-12 17:39:13,343 - INFO - Ingress_Mono_Enter 9CJTOZ7L
2025-04-12 17:39:13,362 - INFO - Ingress_Mono_Input_Decoded 9CJTOZ7L
2025-04-12 17:39:13,365 - INFO - Ingress_Mono_Numpy_Converted 9CJTOZ7L
2025-04-12 17:39:13,588 - INFO - Ingress_Mono_Enter VA30TMH9
2025-04-12 17:39:13,604 - INFO - Ingress_Mono_Input_Decoded VA30TMH9
2025-04-12 17:39:13,605 - INFO - Ingress_Mono_Numpy_Converted VA30TMH9
2025-04-12 17:39:13,684 - INFO - Ingress_Mono_Exit 9CJTOZ7L
2025-04-12 17:39:13,948 - INFO - Ingress_Mono_Exit VA30TMH9
2025-04-12 17:39:20,604 - INFO - Ingress_Mono_Enter ZWLEHUNZ
2025-04-12 17:39:20,626 - INFO - Ingress_Mono_Input_Decoded ZWLEHUNZ
2025-04-12 17:39:20,628 - INFO - Ingress_Mono_Numpy_Converted ZWLEHUNZ
2025-04-12 17:39:21,143 - INFO - Ingress_Mono_Exit ZWLEHUNZ
2025-04-12 17:39:27,363 - INFO - Ingress_Mono_Enter DDALF56S
2025-04-12 17:39:27,385 - INFO - Ingress_Mono_Input_Decoded DDALF56S
2025-04-12 17:39:27,387 - INFO - Ingress_Mono_Numpy_Converted DDALF56S
2025-04-12 17:39:27,664 - INFO - Ingress_Mono_Exit DDALF56S
2025-04-12 17:39:27,751 - INFO - Ingress_Mono_Enter 3I2OU587
2025-04-12 17:39:27,782 - INFO - Ingress_Mono_Input_Decoded 3I2OU587
2025-04-12 17:39:27,785 - INFO - Ingress_Mono_Numpy_Converted 3I2OU587
2025-04-12 17:39:28,027 - INFO - Ingress_Mono_Exit 3I2OU587
2025-04-12 17:39:28,731 - INFO - Ingress_Mono_Enter TOSRM3O2
2025-04-12 17:39:28,748 - INFO - Ingress_Mono_Input_Decoded TOSRM3O2
2025-04-12 17:39:28,750 - INFO - Ingress_Mono_Numpy_Converted TOSRM3O2
2025-04-12 17:39:28,977 - INFO - Ingress_Mono_Enter D83JCZUU
2025-04-12 17:39:28,994 - INFO - Ingress_Mono_Input_Decoded D83JCZUU
2025-04-12 17:39:28,995 - INFO - Ingress_Mono_Numpy_Converted D83JCZUU
2025-04-12 17:39:29,023 - INFO - Ingress_Mono_Exit TOSRM3O2
2025-04-12 17:39:29,263 - INFO - Ingress_Mono_Exit D83JCZUU
2025-04-12 17:39:31,263 - INFO - Ingress_Mono_Enter PE7VPBPZ
2025-04-12 17:39:31,301 - INFO - Ingress_Mono_Input_Decoded PE7VPBPZ
2025-04-12 17:39:31,305 - INFO - Ingress_Mono_Numpy_Converted PE7VPBPZ
2025-04-12 17:39:31,854 - INFO - Ingress_Mono_Exit PE7VPBPZ
2025-04-12 17:39:32,239 - INFO - Ingress_Mono_Enter DYP0CG4P
2025-04-12 17:39:32,259 - INFO - Ingress_Mono_Input_Decoded DYP0CG4P
2025-04-12 17:39:32,261 - INFO - Ingress_Mono_Numpy_Converted DYP0CG4P
2025-04-12 17:39:32,356 - INFO - Ingress_Mono_Enter GX2B0O03
2025-04-12 17:39:32,372 - INFO - Ingress_Mono_Input_Decoded GX2B0O03
2025-04-12 17:39:32,374 - INFO - Ingress_Mono_Numpy_Converted GX2B0O03
2025-04-12 17:39:32,701 - INFO - Ingress_Mono_Exit GX2B0O03
2025-04-12 17:39:32,726 - INFO - Ingress_Mono_Exit DYP0CG4P
2025-04-12 17:39:43,621 - INFO - Ingress_Mono_Enter 0CRMLIKW
2025-04-12 17:39:43,637 - INFO - Ingress_Mono_Input_Decoded 0CRMLIKW
2025-04-12 17:39:43,639 - INFO - Ingress_Mono_Numpy_Converted 0CRMLIKW
2025-04-12 17:39:43,981 - INFO - Ingress_Mono_Exit 0CRMLIKW
2025-04-12 17:39:44,248 - INFO - Ingress_Mono_Enter TQUD224Y
2025-04-12 17:39:44,266 - INFO - Ingress_Mono_Input_Decoded TQUD224Y
2025-04-12 17:39:44,268 - INFO - Ingress_Mono_Numpy_Converted TQUD224Y
2025-04-12 17:39:44,623 - INFO - Ingress_Mono_Exit TQUD224Y
2025-04-12 17:39:45,766 - INFO - Ingress_Mono_Enter BV6PMYJZ
2025-04-12 17:39:45,795 - INFO - Ingress_Mono_Input_Decoded BV6PMYJZ
2025-04-12 17:39:45,798 - INFO - Ingress_Mono_Numpy_Converted BV6PMYJZ
2025-04-12 17:39:46,120 - INFO - Ingress_Mono_Exit BV6PMYJZ
2025-04-12 17:39:46,145 - INFO - Ingress_Mono_Enter WJLTRD8I
2025-04-12 17:39:46,175 - INFO - Ingress_Mono_Input_Decoded WJLTRD8I
2025-04-12 17:39:46,177 - INFO - Ingress_Mono_Numpy_Converted WJLTRD8I
2025-04-12 17:39:46,774 - INFO - Ingress_Mono_Exit WJLTRD8I
2025-04-12 17:39:49,751 - INFO - Ingress_Mono_Enter U46Y8FSY
2025-04-12 17:39:49,768 - INFO - Ingress_Mono_Input_Decoded U46Y8FSY
2025-04-12 17:39:49,770 - INFO - Ingress_Mono_Numpy_Converted U46Y8FSY
2025-04-12 17:39:50,322 - INFO - Ingress_Mono_Exit U46Y8FSY
2025-04-12 17:39:51,383 - INFO - Ingress_Mono_Enter O30B2ABK
2025-04-12 17:39:51,403 - INFO - Ingress_Mono_Input_Decoded O30B2ABK
2025-04-12 17:39:51,405 - INFO - Ingress_Mono_Numpy_Converted O30B2ABK
2025-04-12 17:39:51,679 - INFO - Ingress_Mono_Exit O30B2ABK
2025-04-12 17:39:52,884 - INFO - Ingress_Mono_Enter BL5R3KR4
2025-04-12 17:39:52,904 - INFO - Ingress_Mono_Input_Decoded BL5R3KR4
2025-04-12 17:39:52,906 - INFO - Ingress_Mono_Numpy_Converted BL5R3KR4
2025-04-12 17:39:53,228 - INFO - Ingress_Mono_Exit BL5R3KR4
2025-04-12 17:39:54,888 - INFO - Ingress_Mono_Enter Z130NLDJ
2025-04-12 17:39:54,908 - INFO - Ingress_Mono_Input_Decoded Z130NLDJ
2025-04-12 17:39:54,910 - INFO - Ingress_Mono_Numpy_Converted Z130NLDJ
2025-04-12 17:39:55,205 - INFO - Ingress_Mono_Exit Z130NLDJ
2025-04-12 17:39:58,396 - INFO - Ingress_Mono_Enter LRDDMK03
2025-04-12 17:39:58,419 - INFO - Ingress_Mono_Input_Decoded LRDDMK03
2025-04-12 17:39:58,421 - INFO - Ingress_Mono_Numpy_Converted LRDDMK03
2025-04-12 17:39:58,902 - INFO - Ingress_Mono_Enter DRD29552
2025-04-12 17:39:58,930 - INFO - Ingress_Mono_Input_Decoded DRD29552
2025-04-12 17:39:58,932 - INFO - Ingress_Mono_Numpy_Converted DRD29552
2025-04-12 17:39:58,946 - INFO - Ingress_Mono_Exit LRDDMK03
2025-04-12 17:39:59,260 - INFO - Ingress_Mono_Exit DRD29552
2025-04-12 17:40:05,518 - INFO - Ingress_Mono_Enter ZVIQJQZU
2025-04-12 17:40:05,536 - INFO - Ingress_Mono_Input_Decoded ZVIQJQZU
2025-04-12 17:40:05,537 - INFO - Ingress_Mono_Numpy_Converted ZVIQJQZU
2025-04-12 17:40:05,646 - INFO - Ingress_Mono_Enter IY0JUSJT
2025-04-12 17:40:05,665 - INFO - Ingress_Mono_Input_Decoded IY0JUSJT
2025-04-12 17:40:05,667 - INFO - Ingress_Mono_Numpy_Converted IY0JUSJT
2025-04-12 17:40:06,015 - INFO - Ingress_Mono_Exit IY0JUSJT
2025-04-12 17:40:06,054 - INFO - Ingress_Mono_Exit ZVIQJQZU
2025-04-12 17:40:08,286 - INFO - Ingress_Mono_Enter EONB3P62
2025-04-12 17:40:08,314 - INFO - Ingress_Mono_Input_Decoded EONB3P62
2025-04-12 17:40:08,316 - INFO - Ingress_Mono_Numpy_Converted EONB3P62
2025-04-12 17:40:09,630 - INFO - Ingress_Mono_Exit EONB3P62
2025-04-12 17:40:11,536 - INFO - Ingress_Mono_Enter Y3TZZEDI
2025-04-12 17:40:11,565 - INFO - Ingress_Mono_Input_Decoded Y3TZZEDI
2025-04-12 17:40:11,567 - INFO - Ingress_Mono_Numpy_Converted Y3TZZEDI
2025-04-12 17:40:11,899 - INFO - Ingress_Mono_Enter AYPABAGH
2025-04-12 17:40:11,916 - INFO - Ingress_Mono_Input_Decoded AYPABAGH
2025-04-12 17:40:11,918 - INFO - Ingress_Mono_Numpy_Converted AYPABAGH
2025-04-12 17:40:12,234 - INFO - Ingress_Mono_Exit AYPABAGH
2025-04-12 17:40:12,439 - INFO - Ingress_Mono_Exit Y3TZZEDI
2025-04-12 17:40:13,789 - INFO - Ingress_Mono_Enter 8O23LGWP
2025-04-12 17:40:13,813 - INFO - Ingress_Mono_Input_Decoded 8O23LGWP
2025-04-12 17:40:13,816 - INFO - Ingress_Mono_Numpy_Converted 8O23LGWP
2025-04-12 17:40:14,146 - INFO - Ingress_Mono_Exit 8O23LGWP
2025-04-12 17:40:14,270 - INFO - Ingress_Mono_Enter TFW0YJX8
2025-04-12 17:40:14,284 - INFO - Ingress_Mono_Input_Decoded TFW0YJX8
2025-04-12 17:40:14,285 - INFO - Ingress_Mono_Numpy_Converted TFW0YJX8
2025-04-12 17:40:14,406 - INFO - Ingress_Mono_Enter 6M94NBZZ
2025-04-12 17:40:14,426 - INFO - Ingress_Mono_Input_Decoded 6M94NBZZ
2025-04-12 17:40:14,428 - INFO - Ingress_Mono_Numpy_Converted 6M94NBZZ
2025-04-12 17:40:14,773 - INFO - Ingress_Mono_Exit 6M94NBZZ
2025-04-12 17:40:14,827 - INFO - Ingress_Mono_Exit TFW0YJX8
2025-04-12 17:40:17,649 - INFO - Ingress_Mono_Enter L7QCJGLM
2025-04-12 17:40:17,663 - INFO - Ingress_Mono_Input_Decoded L7QCJGLM
2025-04-12 17:40:17,665 - INFO - Ingress_Mono_Numpy_Converted L7QCJGLM
2025-04-12 17:40:17,912 - INFO - Ingress_Mono_Enter TEEMK5SH
2025-04-12 17:40:17,933 - INFO - Ingress_Mono_Input_Decoded TEEMK5SH
2025-04-12 17:40:17,934 - INFO - Ingress_Mono_Numpy_Converted TEEMK5SH
2025-04-12 17:40:18,194 - INFO - Ingress_Mono_Exit L7QCJGLM
2025-04-12 17:40:18,547 - INFO - Ingress_Mono_Enter EU3Q7MEC
2025-04-12 17:40:18,576 - INFO - Ingress_Mono_Input_Decoded EU3Q7MEC
2025-04-12 17:40:18,578 - INFO - Ingress_Mono_Numpy_Converted EU3Q7MEC
2025-04-12 17:40:18,674 - INFO - Ingress_Mono_Exit TEEMK5SH
2025-04-12 17:40:19,583 - INFO - Ingress_Mono_Exit EU3Q7MEC
2025-04-12 17:40:21,673 - INFO - Ingress_Mono_Enter OWF0SHE2
2025-04-12 17:40:21,698 - INFO - Ingress_Mono_Input_Decoded OWF0SHE2
2025-04-12 17:40:21,701 - INFO - Ingress_Mono_Numpy_Converted OWF0SHE2
2025-04-12 17:40:22,012 - INFO - Ingress_Mono_Exit OWF0SHE2
2025-04-12 17:40:22,782 - INFO - Ingress_Mono_Enter CUZTRQFB
2025-04-12 17:40:22,798 - INFO - Ingress_Mono_Input_Decoded CUZTRQFB
2025-04-12 17:40:22,799 - INFO - Ingress_Mono_Numpy_Converted CUZTRQFB
2025-04-12 17:40:23,104 - INFO - Ingress_Mono_Exit CUZTRQFB
2025-04-12 17:40:23,412 - INFO - Ingress_Mono_Enter OO9779JU
2025-04-12 17:40:23,430 - INFO - Ingress_Mono_Input_Decoded OO9779JU
2025-04-12 17:40:23,432 - INFO - Ingress_Mono_Numpy_Converted OO9779JU
2025-04-12 17:40:24,418 - INFO - Ingress_Mono_Enter UAFL7ZUC
2025-04-12 17:40:24,439 - INFO - Ingress_Mono_Input_Decoded UAFL7ZUC
2025-04-12 17:40:24,441 - INFO - Ingress_Mono_Numpy_Converted UAFL7ZUC
2025-04-12 17:40:24,493 - INFO - Ingress_Mono_Exit OO9779JU
2025-04-12 17:40:24,807 - INFO - Ingress_Mono_Exit UAFL7ZUC
2025-04-12 17:40:29,172 - INFO - Ingress_Mono_Enter OGJKBA3N
2025-04-12 17:40:29,193 - INFO - Ingress_Mono_Input_Decoded OGJKBA3N
2025-04-12 17:40:29,195 - INFO - Ingress_Mono_Numpy_Converted OGJKBA3N
2025-04-12 17:40:29,550 - INFO - Ingress_Mono_Enter 1EBF1LC0
2025-04-12 17:40:29,572 - INFO - Ingress_Mono_Input_Decoded 1EBF1LC0
2025-04-12 17:40:29,574 - INFO - Ingress_Mono_Numpy_Converted 1EBF1LC0
2025-04-12 17:40:29,872 - INFO - Ingress_Mono_Exit 1EBF1LC0
2025-04-12 17:40:30,108 - INFO - Ingress_Mono_Exit OGJKBA3N
2025-04-12 17:40:33,185 - INFO - Ingress_Mono_Enter 0N8AUGG1
2025-04-12 17:40:33,211 - INFO - Ingress_Mono_Input_Decoded 0N8AUGG1
2025-04-12 17:40:33,214 - INFO - Ingress_Mono_Numpy_Converted 0N8AUGG1
2025-04-12 17:40:34,654 - INFO - Ingress_Mono_Exit 0N8AUGG1
2025-04-12 17:40:34,941 - INFO - Ingress_Mono_Enter M321UALK
2025-04-12 17:40:34,969 - INFO - Ingress_Mono_Input_Decoded M321UALK
2025-04-12 17:40:34,972 - INFO - Ingress_Mono_Numpy_Converted M321UALK
2025-04-12 17:40:35,275 - INFO - Ingress_Mono_Exit M321UALK
2025-04-12 17:40:35,670 - INFO - Ingress_Mono_Enter WHMX01JT
2025-04-12 17:40:35,685 - INFO - Ingress_Mono_Input_Decoded WHMX01JT
2025-04-12 17:40:35,687 - INFO - Ingress_Mono_Numpy_Converted WHMX01JT
2025-04-12 17:40:35,940 - INFO - Ingress_Mono_Exit WHMX01JT
2025-04-12 17:40:37,669 - INFO - Ingress_Mono_Enter R93T7Z7C
2025-04-12 17:40:37,683 - INFO - Ingress_Mono_Input_Decoded R93T7Z7C
2025-04-12 17:40:37,684 - INFO - Ingress_Mono_Numpy_Converted R93T7Z7C
2025-04-12 17:40:37,961 - INFO - Ingress_Mono_Exit R93T7Z7C
2025-04-12 17:40:38,044 - INFO - Ingress_Mono_Enter T4MN0E2Z
2025-04-12 17:40:38,057 - INFO - Ingress_Mono_Input_Decoded T4MN0E2Z
2025-04-12 17:40:38,058 - INFO - Ingress_Mono_Numpy_Converted T4MN0E2Z
2025-04-12 17:40:38,331 - INFO - Ingress_Mono_Exit T4MN0E2Z
2025-04-12 17:40:40,802 - INFO - Ingress_Mono_Enter DP75POJI
2025-04-12 17:40:40,819 - INFO - Ingress_Mono_Input_Decoded DP75POJI
2025-04-12 17:40:40,821 - INFO - Ingress_Mono_Numpy_Converted DP75POJI
2025-04-12 17:40:41,299 - INFO - Ingress_Mono_Enter XJRWEEJA
2025-04-12 17:40:41,314 - INFO - Ingress_Mono_Input_Decoded XJRWEEJA
2025-04-12 17:40:41,315 - INFO - Ingress_Mono_Numpy_Converted XJRWEEJA
2025-04-12 17:40:41,347 - INFO - Ingress_Mono_Exit DP75POJI
2025-04-12 17:40:41,896 - INFO - Ingress_Mono_Exit XJRWEEJA
2025-04-12 17:40:43,695 - INFO - Ingress_Mono_Enter 4YJD7S6U
2025-04-12 17:40:43,720 - INFO - Ingress_Mono_Input_Decoded 4YJD7S6U
2025-04-12 17:40:43,722 - INFO - Ingress_Mono_Numpy_Converted 4YJD7S6U
2025-04-12 17:40:44,140 - INFO - Ingress_Mono_Exit 4YJD7S6U
2025-04-12 17:40:46,683 - INFO - Ingress_Mono_Enter SIVGPOCP
2025-04-12 17:40:46,699 - INFO - Ingress_Mono_Input_Decoded SIVGPOCP
2025-04-12 17:40:46,701 - INFO - Ingress_Mono_Numpy_Converted SIVGPOCP
2025-04-12 17:40:46,977 - INFO - Ingress_Mono_Exit SIVGPOCP
2025-04-12 17:40:47,452 - INFO - Ingress_Mono_Enter AJPEF3KQ
2025-04-12 17:40:47,479 - INFO - Ingress_Mono_Input_Decoded AJPEF3KQ
2025-04-12 17:40:47,482 - INFO - Ingress_Mono_Numpy_Converted AJPEF3KQ
2025-04-12 17:40:47,814 - INFO - Ingress_Mono_Exit AJPEF3KQ
2025-04-12 17:40:48,308 - INFO - Ingress_Mono_Enter 11S1BHQF
2025-04-12 17:40:48,324 - INFO - Ingress_Mono_Input_Decoded 11S1BHQF
2025-04-12 17:40:48,325 - INFO - Ingress_Mono_Numpy_Converted 11S1BHQF
2025-04-12 17:40:48,597 - INFO - Ingress_Mono_Exit 11S1BHQF
2025-04-12 17:40:50,440 - INFO - Ingress_Mono_Enter 5JG41QFU
2025-04-12 17:40:50,457 - INFO - Ingress_Mono_Input_Decoded 5JG41QFU
2025-04-12 17:40:50,459 - INFO - Ingress_Mono_Numpy_Converted 5JG41QFU
2025-04-12 17:40:50,808 - INFO - Ingress_Mono_Exit 5JG41QFU
2025-04-12 17:40:51,347 - INFO - Ingress_Mono_Enter NBG6D4OU
2025-04-12 17:40:51,385 - INFO - Ingress_Mono_Input_Decoded NBG6D4OU
2025-04-12 17:40:51,389 - INFO - Ingress_Mono_Numpy_Converted NBG6D4OU
2025-04-12 17:40:51,940 - INFO - Ingress_Mono_Exit NBG6D4OU
2025-04-12 17:40:53,068 - INFO - Ingress_Mono_Enter DQYMQGXH
2025-04-12 17:40:53,086 - INFO - Ingress_Mono_Input_Decoded DQYMQGXH
2025-04-12 17:40:53,088 - INFO - Ingress_Mono_Numpy_Converted DQYMQGXH
2025-04-12 17:40:53,181 - INFO - Ingress_Mono_Enter CYCPDD9H
2025-04-12 17:40:53,194 - INFO - Ingress_Mono_Input_Decoded CYCPDD9H
2025-04-12 17:40:53,195 - INFO - Ingress_Mono_Numpy_Converted CYCPDD9H
2025-04-12 17:40:53,546 - INFO - Ingress_Mono_Exit DQYMQGXH
2025-04-12 17:40:53,954 - INFO - Ingress_Mono_Exit CYCPDD9H
2025-04-12 17:40:55,317 - INFO - Ingress_Mono_Enter 9IIF1N4F
2025-04-12 17:40:55,334 - INFO - Ingress_Mono_Input_Decoded 9IIF1N4F
2025-04-12 17:40:55,336 - INFO - Ingress_Mono_Numpy_Converted 9IIF1N4F
2025-04-12 17:40:55,786 - INFO - Ingress_Mono_Exit 9IIF1N4F
2025-04-12 17:40:56,570 - INFO - Ingress_Mono_Enter NA37YZ9D
2025-04-12 17:40:56,587 - INFO - Ingress_Mono_Input_Decoded NA37YZ9D
2025-04-12 17:40:56,588 - INFO - Ingress_Mono_Numpy_Converted NA37YZ9D
2025-04-12 17:40:57,452 - INFO - Ingress_Mono_Enter 3YWOQPPL
2025-04-12 17:40:57,473 - INFO - Ingress_Mono_Input_Decoded 3YWOQPPL
2025-04-12 17:40:57,475 - INFO - Ingress_Mono_Numpy_Converted 3YWOQPPL
2025-04-12 17:40:57,809 - INFO - Ingress_Mono_Exit NA37YZ9D
2025-04-12 17:40:58,267 - INFO - Ingress_Mono_Exit 3YWOQPPL
2025-04-12 17:40:59,192 - INFO - Ingress_Mono_Enter 0AETZBUV
2025-04-12 17:40:59,208 - INFO - Ingress_Mono_Input_Decoded 0AETZBUV
2025-04-12 17:40:59,210 - INFO - Ingress_Mono_Numpy_Converted 0AETZBUV
2025-04-12 17:40:59,544 - INFO - Ingress_Mono_Exit 0AETZBUV
2025-04-12 17:41:01,456 - INFO - Ingress_Mono_Enter Y2V7BNB3
2025-04-12 17:41:01,477 - INFO - Ingress_Mono_Input_Decoded Y2V7BNB3
2025-04-12 17:41:01,479 - INFO - Ingress_Mono_Numpy_Converted Y2V7BNB3
2025-04-12 17:41:01,826 - INFO - Ingress_Mono_Enter EEOO9DT9
2025-04-12 17:41:01,844 - INFO - Ingress_Mono_Input_Decoded EEOO9DT9
2025-04-12 17:41:01,846 - INFO - Ingress_Mono_Numpy_Converted EEOO9DT9
2025-04-12 17:41:02,043 - INFO - Ingress_Mono_Exit Y2V7BNB3
2025-04-12 17:41:02,091 - INFO - Ingress_Mono_Enter QKBEUM3O
2025-04-12 17:41:02,119 - INFO - Ingress_Mono_Input_Decoded QKBEUM3O
2025-04-12 17:41:02,121 - INFO - Ingress_Mono_Numpy_Converted QKBEUM3O
2025-04-12 17:41:02,262 - INFO - Ingress_Mono_Exit EEOO9DT9
2025-04-12 17:41:02,919 - INFO - Ingress_Mono_Exit QKBEUM3O
2025-04-12 17:41:02,945 - INFO - Ingress_Mono_Enter S18IP6WS
2025-04-12 17:41:02,959 - INFO - Ingress_Mono_Input_Decoded S18IP6WS
2025-04-12 17:41:02,960 - INFO - Ingress_Mono_Numpy_Converted S18IP6WS
2025-04-12 17:41:03,608 - INFO - Ingress_Mono_Exit S18IP6WS
2025-04-12 17:41:03,974 - INFO - Ingress_Mono_Enter XTSHC2BB
2025-04-12 17:41:04,006 - INFO - Ingress_Mono_Input_Decoded XTSHC2BB
2025-04-12 17:41:04,009 - INFO - Ingress_Mono_Numpy_Converted XTSHC2BB
2025-04-12 17:41:04,449 - INFO - Ingress_Mono_Enter TYGT4398
2025-04-12 17:41:04,465 - INFO - Ingress_Mono_Input_Decoded TYGT4398
2025-04-12 17:41:04,466 - INFO - Ingress_Mono_Numpy_Converted TYGT4398
2025-04-12 17:41:04,556 - INFO - Ingress_Mono_Exit XTSHC2BB
2025-04-12 17:41:05,675 - INFO - Ingress_Mono_Exit TYGT4398
2025-04-12 17:41:07,081 - INFO - Ingress_Mono_Enter BHLDJLWY
2025-04-12 17:41:07,099 - INFO - Ingress_Mono_Input_Decoded BHLDJLWY
2025-04-12 17:41:07,100 - INFO - Ingress_Mono_Numpy_Converted BHLDJLWY
2025-04-12 17:41:07,491 - INFO - Ingress_Mono_Exit BHLDJLWY
2025-04-12 17:41:10,078 - INFO - Ingress_Mono_Enter TDT8GIHL
2025-04-12 17:41:10,092 - INFO - Ingress_Mono_Input_Decoded TDT8GIHL
2025-04-12 17:41:10,093 - INFO - Ingress_Mono_Numpy_Converted TDT8GIHL
2025-04-12 17:41:10,219 - INFO - Ingress_Mono_Enter 26IJ8W5V
2025-04-12 17:41:10,242 - INFO - Ingress_Mono_Input_Decoded 26IJ8W5V
2025-04-12 17:41:10,244 - INFO - Ingress_Mono_Numpy_Converted 26IJ8W5V
2025-04-12 17:41:10,884 - INFO - Ingress_Mono_Exit 26IJ8W5V
2025-04-12 17:41:10,966 - INFO - Ingress_Mono_Exit TDT8GIHL
2025-04-12 17:41:15,459 - INFO - Ingress_Mono_Enter PUYTOD5C
2025-04-12 17:41:15,473 - INFO - Ingress_Mono_Input_Decoded PUYTOD5C
2025-04-12 17:41:15,474 - INFO - Ingress_Mono_Numpy_Converted PUYTOD5C
2025-04-12 17:41:15,827 - INFO - Ingress_Mono_Exit PUYTOD5C
2025-04-12 17:41:15,965 - INFO - Ingress_Mono_Enter 32NE2RRJ
2025-04-12 17:41:15,983 - INFO - Ingress_Mono_Input_Decoded 32NE2RRJ
2025-04-12 17:41:15,985 - INFO - Ingress_Mono_Numpy_Converted 32NE2RRJ
2025-04-12 17:41:16,411 - INFO - Ingress_Mono_Exit 32NE2RRJ
2025-04-12 17:41:18,219 - INFO - Ingress_Mono_Enter BPDIRML5
2025-04-12 17:41:18,239 - INFO - Ingress_Mono_Input_Decoded BPDIRML5
2025-04-12 17:41:18,241 - INFO - Ingress_Mono_Numpy_Converted BPDIRML5
2025-04-12 17:41:19,147 - INFO - Ingress_Mono_Exit BPDIRML5
2025-04-12 17:41:19,220 - INFO - Ingress_Mono_Enter 5VVCFI4K
2025-04-12 17:41:19,238 - INFO - Ingress_Mono_Input_Decoded 5VVCFI4K
2025-04-12 17:41:19,240 - INFO - Ingress_Mono_Numpy_Converted 5VVCFI4K
2025-04-12 17:41:19,472 - INFO - Ingress_Mono_Enter UERYEP4T
2025-04-12 17:41:19,490 - INFO - Ingress_Mono_Input_Decoded UERYEP4T
2025-04-12 17:41:19,492 - INFO - Ingress_Mono_Numpy_Converted UERYEP4T
2025-04-12 17:41:19,791 - INFO - Ingress_Mono_Exit UERYEP4T
2025-04-12 17:41:19,920 - INFO - Ingress_Mono_Exit 5VVCFI4K
2025-04-12 17:41:20,214 - INFO - Ingress_Mono_Enter GXMKSHKJ
2025-04-12 17:41:20,229 - INFO - Ingress_Mono_Input_Decoded GXMKSHKJ
2025-04-12 17:41:20,230 - INFO - Ingress_Mono_Numpy_Converted GXMKSHKJ
2025-04-12 17:41:20,599 - INFO - Ingress_Mono_Exit GXMKSHKJ
2025-04-12 17:41:25,724 - INFO - Ingress_Mono_Enter 4KNBWQ2U
2025-04-12 17:41:25,742 - INFO - Ingress_Mono_Input_Decoded 4KNBWQ2U
2025-04-12 17:41:25,744 - INFO - Ingress_Mono_Numpy_Converted 4KNBWQ2U
2025-04-12 17:41:26,652 - INFO - Ingress_Mono_Exit 4KNBWQ2U
2025-04-12 17:41:27,742 - INFO - Ingress_Mono_Enter I1SNGNFO
2025-04-12 17:41:27,768 - INFO - Ingress_Mono_Input_Decoded I1SNGNFO
2025-04-12 17:41:27,771 - INFO - Ingress_Mono_Numpy_Converted I1SNGNFO
2025-04-12 17:41:27,977 - INFO - Ingress_Mono_Enter 3ZNHK8BD
2025-04-12 17:41:27,996 - INFO - Ingress_Mono_Input_Decoded 3ZNHK8BD
2025-04-12 17:41:27,997 - INFO - Ingress_Mono_Numpy_Converted 3ZNHK8BD
2025-04-12 17:41:28,011 - INFO - Ingress_Mono_Exit I1SNGNFO
2025-04-12 17:41:28,597 - INFO - Ingress_Mono_Exit 3ZNHK8BD
