2025-04-12 17:37:18,276 - INFO - Ingress_Mono_Enter 6RYP7RBM
2025-04-12 17:37:18,301 - INFO - Ingress_Mono_Input_Decoded 6RYP7RBM
2025-04-12 17:37:18,303 - INFO - Ingress_Mono_Numpy_Converted 6RYP7RBM
2025-04-12 17:37:19,217 - INFO - Ingress_Mono_Exit 6RYP7RBM
2025-04-12 17:37:22,035 - INFO - Ingress_Mono_Enter JXIL0WUT
2025-04-12 17:37:22,062 - INFO - Ingress_Mono_Input_Decoded JXIL0WUT
2025-04-12 17:37:22,064 - INFO - Ingress_Mono_Numpy_Converted JXIL0WUT
2025-04-12 17:37:22,715 - INFO - Ingress_Mono_Exit JXIL0WUT
2025-04-12 17:37:23,899 - INFO - Ingress_Mono_Enter NWRVFY7D
2025-04-12 17:37:23,917 - INFO - Ingress_Mono_Input_Decoded NWRVFY7D
2025-04-12 17:37:23,918 - INFO - Ingress_Mono_Numpy_Converted NWRVFY7D
2025-04-12 17:37:24,237 - INFO - Ingress_Mono_Exit NWRVFY7D
2025-04-12 17:37:26,053 - INFO - Ingress_Mono_Enter 1HZOG7WI
2025-04-12 17:37:26,088 - INFO - Ingress_Mono_Input_Decoded 1HZOG7WI
2025-04-12 17:37:26,091 - INFO - Ingress_Mono_Numpy_Converted 1HZOG7WI
2025-04-12 17:37:26,525 - INFO - Ingress_Mono_Exit 1HZOG7WI
2025-04-12 17:37:27,900 - INFO - Ingress_Mono_Enter PEOSH374
2025-04-12 17:37:27,916 - INFO - Ingress_Mono_Input_Decoded PEOSH374
2025-04-12 17:37:27,917 - INFO - Ingress_Mono_Numpy_Converted PEOSH374
2025-04-12 17:37:28,331 - INFO - Ingress_Mono_Exit PEOSH374
2025-04-12 17:37:29,045 - INFO - Ingress_Mono_Enter JL2NW6MQ
2025-04-12 17:37:29,071 - INFO - Ingress_Mono_Input_Decoded JL2NW6MQ
2025-04-12 17:37:29,074 - INFO - Ingress_Mono_Numpy_Converted JL2NW6MQ
2025-04-12 17:37:29,699 - INFO - Ingress_Mono_Exit JL2NW6MQ
2025-04-12 17:37:30,531 - INFO - Ingress_Mono_Enter 5YTGCXZ8
2025-04-12 17:37:30,546 - INFO - Ingress_Mono_Input_Decoded 5YTGCXZ8
2025-04-12 17:37:30,548 - INFO - Ingress_Mono_Numpy_Converted 5YTGCXZ8
2025-04-12 17:37:30,877 - INFO - Ingress_Mono_Exit 5YTGCXZ8
2025-04-12 17:37:32,160 - INFO - Ingress_Mono_Enter 8GR1A7HG
2025-04-12 17:37:32,178 - INFO - Ingress_Mono_Input_Decoded 8GR1A7HG
2025-04-12 17:37:32,180 - INFO - Ingress_Mono_Numpy_Converted 8GR1A7HG
2025-04-12 17:37:32,695 - INFO - Ingress_Mono_Exit 8GR1A7HG
2025-04-12 17:37:33,413 - INFO - Ingress_Mono_Enter SPWQQV66
2025-04-12 17:37:33,434 - INFO - Ingress_Mono_Input_Decoded SPWQQV66
2025-04-12 17:37:33,436 - INFO - Ingress_Mono_Numpy_Converted SPWQQV66
2025-04-12 17:37:33,781 - INFO - Ingress_Mono_Enter 9JVSGYPU
2025-04-12 17:37:33,796 - INFO - Ingress_Mono_Input_Decoded 9JVSGYPU
2025-04-12 17:37:33,798 - INFO - Ingress_Mono_Numpy_Converted 9JVSGYPU
2025-04-12 17:37:33,945 - INFO - Ingress_Mono_Exit SPWQQV66
2025-04-12 17:37:34,032 - INFO - Ingress_Mono_Enter X7YSM4A2
2025-04-12 17:37:34,047 - INFO - Ingress_Mono_Input_Decoded X7YSM4A2
2025-04-12 17:37:34,048 - INFO - Ingress_Mono_Numpy_Converted X7YSM4A2
2025-04-12 17:37:34,256 - INFO - Ingress_Mono_Exit 9JVSGYPU
2025-04-12 17:37:34,522 - INFO - Ingress_Mono_Exit X7YSM4A2
2025-04-12 17:37:35,659 - INFO - Ingress_Mono_Enter WGAQI3LN
2025-04-12 17:37:35,674 - INFO - Ingress_Mono_Input_Decoded WGAQI3LN
2025-04-12 17:37:35,675 - INFO - Ingress_Mono_Numpy_Converted WGAQI3LN
2025-04-12 17:37:35,902 - INFO - Ingress_Mono_Enter 5PIZCIP3
2025-04-12 17:37:35,914 - INFO - Ingress_Mono_Input_Decoded 5PIZCIP3
2025-04-12 17:37:35,915 - INFO - Ingress_Mono_Numpy_Converted 5PIZCIP3
2025-04-12 17:37:36,175 - INFO - Ingress_Mono_Exit 5PIZCIP3
2025-04-12 17:37:36,213 - INFO - Ingress_Mono_Exit WGAQI3LN
2025-04-12 17:37:36,653 - INFO - Ingress_Mono_Enter BMSNLD1S
2025-04-12 17:37:36,666 - INFO - Ingress_Mono_Input_Decoded BMSNLD1S
2025-04-12 17:37:36,667 - INFO - Ingress_Mono_Numpy_Converted BMSNLD1S
2025-04-12 17:37:36,785 - INFO - Ingress_Mono_Enter PPC8YABI
2025-04-12 17:37:36,801 - INFO - Ingress_Mono_Input_Decoded PPC8YABI
2025-04-12 17:37:36,803 - INFO - Ingress_Mono_Numpy_Converted PPC8YABI
2025-04-12 17:37:36,966 - INFO - Ingress_Mono_Exit BMSNLD1S
2025-04-12 17:37:37,038 - INFO - Ingress_Mono_Exit PPC8YABI
2025-04-12 17:37:42,139 - INFO - Ingress_Mono_Enter PLL809XB
2025-04-12 17:37:42,165 - INFO - Ingress_Mono_Input_Decoded PLL809XB
2025-04-12 17:37:42,167 - INFO - Ingress_Mono_Numpy_Converted PLL809XB
2025-04-12 17:37:43,329 - INFO - Ingress_Mono_Exit PLL809XB
2025-04-12 17:37:45,398 - INFO - Ingress_Mono_Enter HG26EM8X
2025-04-12 17:37:45,429 - INFO - Ingress_Mono_Input_Decoded HG26EM8X
2025-04-12 17:37:45,432 - INFO - Ingress_Mono_Numpy_Converted HG26EM8X
2025-04-12 17:37:45,884 - INFO - Ingress_Mono_Exit HG26EM8X
2025-04-12 17:37:46,879 - INFO - Ingress_Mono_Enter 4TUDA2J4
2025-04-12 17:37:46,896 - INFO - Ingress_Mono_Input_Decoded 4TUDA2J4
2025-04-12 17:37:46,898 - INFO - Ingress_Mono_Numpy_Converted 4TUDA2J4
2025-04-12 17:37:47,861 - INFO - Ingress_Mono_Exit 4TUDA2J4
2025-04-12 17:37:51,153 - INFO - Ingress_Mono_Enter HWBL85PZ
2025-04-12 17:37:51,183 - INFO - Ingress_Mono_Input_Decoded HWBL85PZ
2025-04-12 17:37:51,185 - INFO - Ingress_Mono_Numpy_Converted HWBL85PZ
2025-04-12 17:37:51,930 - INFO - Ingress_Mono_Exit HWBL85PZ
2025-04-12 17:37:52,144 - INFO - Ingress_Mono_Enter 7KF6IXJ8
2025-04-12 17:37:52,168 - INFO - Ingress_Mono_Input_Decoded 7KF6IXJ8
2025-04-12 17:37:52,170 - INFO - Ingress_Mono_Numpy_Converted 7KF6IXJ8
2025-04-12 17:37:52,605 - INFO - Ingress_Mono_Exit 7KF6IXJ8
2025-04-12 17:37:53,751 - INFO - Ingress_Mono_Enter 3ZGM7E31
2025-04-12 17:37:53,763 - INFO - Ingress_Mono_Input_Decoded 3ZGM7E31
2025-04-12 17:37:53,764 - INFO - Ingress_Mono_Numpy_Converted 3ZGM7E31
2025-04-12 17:37:54,155 - INFO - Ingress_Mono_Exit 3ZGM7E31
2025-04-12 17:37:55,000 - INFO - Ingress_Mono_Enter AZB94JPW
2025-04-12 17:37:55,012 - INFO - Ingress_Mono_Input_Decoded AZB94JPW
2025-04-12 17:37:55,013 - INFO - Ingress_Mono_Numpy_Converted AZB94JPW
2025-04-12 17:37:55,336 - INFO - Ingress_Mono_Exit AZB94JPW
2025-04-12 17:37:56,889 - INFO - Ingress_Mono_Enter WFZNU1UG
2025-04-12 17:37:56,906 - INFO - Ingress_Mono_Input_Decoded WFZNU1UG
2025-04-12 17:37:56,908 - INFO - Ingress_Mono_Numpy_Converted WFZNU1UG
2025-04-12 17:37:57,421 - INFO - Ingress_Mono_Exit WFZNU1UG
2025-04-12 17:37:59,024 - INFO - Ingress_Mono_Enter 265K91BX
2025-04-12 17:37:59,047 - INFO - Ingress_Mono_Input_Decoded 265K91BX
2025-04-12 17:37:59,049 - INFO - Ingress_Mono_Numpy_Converted 265K91BX
2025-04-12 17:37:59,390 - INFO - Ingress_Mono_Enter QY7TZFWZ
2025-04-12 17:37:59,405 - INFO - Ingress_Mono_Input_Decoded QY7TZFWZ
2025-04-12 17:37:59,407 - INFO - Ingress_Mono_Numpy_Converted QY7TZFWZ
2025-04-12 17:37:59,464 - INFO - Ingress_Mono_Exit 265K91BX
2025-04-12 17:37:59,725 - INFO - Ingress_Mono_Exit QY7TZFWZ
2025-04-12 17:38:10,432 - INFO - Ingress_Mono_Enter RIC858VS
2025-04-12 17:38:10,467 - INFO - Ingress_Mono_Input_Decoded RIC858VS
2025-04-12 17:38:10,470 - INFO - Ingress_Mono_Numpy_Converted RIC858VS
2025-04-12 17:38:11,130 - INFO - Ingress_Mono_Exit RIC858VS
2025-04-12 17:38:13,038 - INFO - Ingress_Mono_Enter EISY6X1Z
2025-04-12 17:38:13,060 - INFO - Ingress_Mono_Input_Decoded EISY6X1Z
2025-04-12 17:38:13,062 - INFO - Ingress_Mono_Numpy_Converted EISY6X1Z
2025-04-12 17:38:13,145 - INFO - Ingress_Mono_Enter UK74GX2K
2025-04-12 17:38:13,157 - INFO - Ingress_Mono_Input_Decoded UK74GX2K
2025-04-12 17:38:13,158 - INFO - Ingress_Mono_Numpy_Converted UK74GX2K
2025-04-12 17:38:13,367 - INFO - Ingress_Mono_Exit EISY6X1Z
2025-04-12 17:38:13,532 - INFO - Ingress_Mono_Exit UK74GX2K
2025-04-12 17:38:25,177 - INFO - Ingress_Mono_Enter 21OLG7D9
2025-04-12 17:38:25,201 - INFO - Ingress_Mono_Input_Decoded 21OLG7D9
2025-04-12 17:38:25,203 - INFO - Ingress_Mono_Numpy_Converted 21OLG7D9
2025-04-12 17:38:25,483 - INFO - Ingress_Mono_Exit 21OLG7D9
2025-04-12 17:38:25,789 - INFO - Ingress_Mono_Enter UID2TA5R
2025-04-12 17:38:25,805 - INFO - Ingress_Mono_Input_Decoded UID2TA5R
2025-04-12 17:38:25,806 - INFO - Ingress_Mono_Numpy_Converted UID2TA5R
2025-04-12 17:38:26,485 - INFO - Ingress_Mono_Exit UID2TA5R
2025-04-12 17:38:26,547 - INFO - Ingress_Mono_Enter T4R21SG7
2025-04-12 17:38:26,565 - INFO - Ingress_Mono_Input_Decoded T4R21SG7
2025-04-12 17:38:26,567 - INFO - Ingress_Mono_Numpy_Converted T4R21SG7
2025-04-12 17:38:26,865 - INFO - Ingress_Mono_Exit T4R21SG7
2025-04-12 17:38:28,425 - INFO - Ingress_Mono_Enter UNDR1QP3
2025-04-12 17:38:28,446 - INFO - Ingress_Mono_Input_Decoded UNDR1QP3
2025-04-12 17:38:28,447 - INFO - Ingress_Mono_Numpy_Converted UNDR1QP3
2025-04-12 17:38:29,296 - INFO - Ingress_Mono_Enter ZLI2SSLU
2025-04-12 17:38:29,313 - INFO - Ingress_Mono_Input_Decoded ZLI2SSLU
2025-04-12 17:38:29,315 - INFO - Ingress_Mono_Numpy_Converted ZLI2SSLU
2025-04-12 17:38:29,543 - INFO - Ingress_Mono_Enter R55IMI11
2025-04-12 17:38:29,561 - INFO - Ingress_Mono_Input_Decoded R55IMI11
2025-04-12 17:38:29,562 - INFO - Ingress_Mono_Numpy_Converted R55IMI11
2025-04-12 17:38:29,594 - INFO - Ingress_Mono_Exit UNDR1QP3
2025-04-12 17:38:29,680 - INFO - Ingress_Mono_Exit ZLI2SSLU
2025-04-12 17:38:30,072 - INFO - Ingress_Mono_Exit R55IMI11
2025-04-12 17:38:42,059 - INFO - Ingress_Mono_Enter JV9L0B6C
2025-04-12 17:38:42,077 - INFO - Ingress_Mono_Input_Decoded JV9L0B6C
2025-04-12 17:38:42,078 - INFO - Ingress_Mono_Numpy_Converted JV9L0B6C
2025-04-12 17:38:42,488 - INFO - Ingress_Mono_Exit JV9L0B6C
2025-04-12 17:38:44,683 - INFO - Ingress_Mono_Enter G82NP7HI
2025-04-12 17:38:44,700 - INFO - Ingress_Mono_Input_Decoded G82NP7HI
2025-04-12 17:38:44,702 - INFO - Ingress_Mono_Numpy_Converted G82NP7HI
2025-04-12 17:38:45,043 - INFO - Ingress_Mono_Exit G82NP7HI
2025-04-12 17:38:46,065 - INFO - Ingress_Mono_Enter TTBD8R85
2025-04-12 17:38:46,082 - INFO - Ingress_Mono_Input_Decoded TTBD8R85
2025-04-12 17:38:46,084 - INFO - Ingress_Mono_Numpy_Converted TTBD8R85
2025-04-12 17:38:46,754 - INFO - Ingress_Mono_Exit TTBD8R85
2025-04-12 17:38:47,955 - INFO - Ingress_Mono_Enter 604ZATB2
2025-04-12 17:38:47,984 - INFO - Ingress_Mono_Input_Decoded 604ZATB2
2025-04-12 17:38:47,987 - INFO - Ingress_Mono_Numpy_Converted 604ZATB2
2025-04-12 17:38:48,516 - INFO - Ingress_Mono_Exit 604ZATB2
2025-04-12 17:38:48,575 - INFO - Ingress_Mono_Enter C8IAT5WM
2025-04-12 17:38:48,598 - INFO - Ingress_Mono_Input_Decoded C8IAT5WM
2025-04-12 17:38:48,600 - INFO - Ingress_Mono_Numpy_Converted C8IAT5WM
2025-04-12 17:38:48,896 - INFO - Ingress_Mono_Exit C8IAT5WM
2025-04-12 17:38:50,312 - INFO - Ingress_Mono_Enter ZQPL2CGA
2025-04-12 17:38:50,325 - INFO - Ingress_Mono_Input_Decoded ZQPL2CGA
2025-04-12 17:38:50,327 - INFO - Ingress_Mono_Numpy_Converted ZQPL2CGA
2025-04-12 17:38:50,662 - INFO - Ingress_Mono_Exit ZQPL2CGA
2025-04-12 17:38:52,701 - INFO - Ingress_Mono_Enter 4GDDPVA9
2025-04-12 17:38:52,722 - INFO - Ingress_Mono_Input_Decoded 4GDDPVA9
2025-04-12 17:38:52,724 - INFO - Ingress_Mono_Numpy_Converted 4GDDPVA9
2025-04-12 17:38:53,067 - INFO - Ingress_Mono_Exit 4GDDPVA9
2025-04-12 17:38:54,947 - INFO - Ingress_Mono_Enter RIM3OLCC
2025-04-12 17:38:54,964 - INFO - Ingress_Mono_Input_Decoded RIM3OLCC
2025-04-12 17:38:54,966 - INFO - Ingress_Mono_Numpy_Converted RIM3OLCC
2025-04-12 17:38:55,670 - INFO - Ingress_Mono_Exit RIM3OLCC
2025-04-12 17:38:56,064 - INFO - Ingress_Mono_Enter P5G108ZE
2025-04-12 17:38:56,075 - INFO - Ingress_Mono_Input_Decoded P5G108ZE
2025-04-12 17:38:56,076 - INFO - Ingress_Mono_Numpy_Converted P5G108ZE
2025-04-12 17:38:56,355 - INFO - Ingress_Mono_Exit P5G108ZE
2025-04-12 17:38:57,069 - INFO - Ingress_Mono_Enter TOYCPP5K
2025-04-12 17:38:57,083 - INFO - Ingress_Mono_Input_Decoded TOYCPP5K
2025-04-12 17:38:57,084 - INFO - Ingress_Mono_Numpy_Converted TOYCPP5K
2025-04-12 17:38:57,663 - INFO - Ingress_Mono_Exit TOYCPP5K
2025-04-12 17:38:58,326 - INFO - Ingress_Mono_Enter 1966TOEE
2025-04-12 17:38:58,346 - INFO - Ingress_Mono_Input_Decoded 1966TOEE
2025-04-12 17:38:58,347 - INFO - Ingress_Mono_Numpy_Converted 1966TOEE
2025-04-12 17:38:58,569 - INFO - Ingress_Mono_Enter IW4WC716
2025-04-12 17:38:58,584 - INFO - Ingress_Mono_Input_Decoded IW4WC716
2025-04-12 17:38:58,585 - INFO - Ingress_Mono_Numpy_Converted IW4WC716
2025-04-12 17:38:58,650 - INFO - Ingress_Mono_Exit 1966TOEE
2025-04-12 17:38:59,087 - INFO - Ingress_Mono_Exit IW4WC716
2025-04-12 17:39:00,452 - INFO - Ingress_Mono_Enter GNM5SQSF
2025-04-12 17:39:00,471 - INFO - Ingress_Mono_Input_Decoded GNM5SQSF
2025-04-12 17:39:00,472 - INFO - Ingress_Mono_Numpy_Converted GNM5SQSF
2025-04-12 17:39:00,700 - INFO - Ingress_Mono_Enter K3CYO0TD
2025-04-12 17:39:00,717 - INFO - Ingress_Mono_Input_Decoded K3CYO0TD
2025-04-12 17:39:00,719 - INFO - Ingress_Mono_Numpy_Converted K3CYO0TD
2025-04-12 17:39:00,947 - INFO - Ingress_Mono_Exit GNM5SQSF
2025-04-12 17:39:01,410 - INFO - Ingress_Mono_Exit K3CYO0TD
2025-04-12 17:39:02,838 - INFO - Ingress_Mono_Enter UZ4CYC1Z
2025-04-12 17:39:02,861 - INFO - Ingress_Mono_Input_Decoded UZ4CYC1Z
2025-04-12 17:39:02,863 - INFO - Ingress_Mono_Numpy_Converted UZ4CYC1Z
2025-04-12 17:39:03,374 - INFO - Ingress_Mono_Exit UZ4CYC1Z
2025-04-12 17:39:04,457 - INFO - Ingress_Mono_Enter 3CE74NPN
2025-04-12 17:39:04,476 - INFO - Ingress_Mono_Input_Decoded 3CE74NPN
2025-04-12 17:39:04,477 - INFO - Ingress_Mono_Numpy_Converted 3CE74NPN
2025-04-12 17:39:04,825 - INFO - Ingress_Mono_Enter 2IHIVHIM
2025-04-12 17:39:04,838 - INFO - Ingress_Mono_Input_Decoded 2IHIVHIM
2025-04-12 17:39:04,839 - INFO - Ingress_Mono_Numpy_Converted 2IHIVHIM
2025-04-12 17:39:04,982 - INFO - Ingress_Mono_Exit 3CE74NPN
2025-04-12 17:39:05,120 - INFO - Ingress_Mono_Exit 2IHIVHIM
2025-04-12 17:39:05,973 - INFO - Ingress_Mono_Enter GM3XMDMX
2025-04-12 17:39:06,001 - INFO - Ingress_Mono_Input_Decoded GM3XMDMX
2025-04-12 17:39:06,004 - INFO - Ingress_Mono_Numpy_Converted GM3XMDMX
2025-04-12 17:39:06,081 - INFO - Ingress_Mono_Enter 3IJDACD9
2025-04-12 17:39:06,099 - INFO - Ingress_Mono_Input_Decoded 3IJDACD9
2025-04-12 17:39:06,101 - INFO - Ingress_Mono_Numpy_Converted 3IJDACD9
2025-04-12 17:39:06,236 - INFO - Ingress_Mono_Exit GM3XMDMX
2025-04-12 17:39:06,471 - INFO - Ingress_Mono_Enter R4XBBVY6
2025-04-12 17:39:06,496 - INFO - Ingress_Mono_Input_Decoded R4XBBVY6
2025-04-12 17:39:06,498 - INFO - Ingress_Mono_Numpy_Converted R4XBBVY6
2025-04-12 17:39:06,538 - INFO - Ingress_Mono_Exit 3IJDACD9
2025-04-12 17:39:06,783 - INFO - Ingress_Mono_Exit R4XBBVY6
2025-04-12 17:39:08,079 - INFO - Ingress_Mono_Enter QRLMFW1C
2025-04-12 17:39:08,093 - INFO - Ingress_Mono_Input_Decoded QRLMFW1C
2025-04-12 17:39:08,095 - INFO - Ingress_Mono_Numpy_Converted QRLMFW1C
2025-04-12 17:39:08,375 - INFO - Ingress_Mono_Exit QRLMFW1C
2025-04-12 17:39:09,078 - INFO - Ingress_Mono_Enter FVCF8E86
2025-04-12 17:39:09,091 - INFO - Ingress_Mono_Input_Decoded FVCF8E86
2025-04-12 17:39:09,092 - INFO - Ingress_Mono_Numpy_Converted FVCF8E86
2025-04-12 17:39:09,344 - INFO - Ingress_Mono_Enter H7MX8ZVW
2025-04-12 17:39:09,368 - INFO - Ingress_Mono_Input_Decoded H7MX8ZVW
2025-04-12 17:39:09,370 - INFO - Ingress_Mono_Numpy_Converted H7MX8ZVW
2025-04-12 17:39:09,501 - INFO - Ingress_Mono_Exit FVCF8E86
2025-04-12 17:39:09,870 - INFO - Ingress_Mono_Exit H7MX8ZVW
2025-04-12 17:39:22,731 - INFO - Ingress_Mono_Enter PDE60M4V
2025-04-12 17:39:22,761 - INFO - Ingress_Mono_Input_Decoded PDE60M4V
2025-04-12 17:39:22,764 - INFO - Ingress_Mono_Numpy_Converted PDE60M4V
2025-04-12 17:39:23,246 - INFO - Ingress_Mono_Exit PDE60M4V
2025-04-12 17:39:24,123 - INFO - Ingress_Mono_Enter HUESW3PX
2025-04-12 17:39:24,153 - INFO - Ingress_Mono_Input_Decoded HUESW3PX
2025-04-12 17:39:24,155 - INFO - Ingress_Mono_Numpy_Converted HUESW3PX
2025-04-12 17:39:24,344 - INFO - Ingress_Mono_Enter 73IIC01N
2025-04-12 17:39:24,357 - INFO - Ingress_Mono_Input_Decoded 73IIC01N
2025-04-12 17:39:24,359 - INFO - Ingress_Mono_Numpy_Converted 73IIC01N
2025-04-12 17:39:25,073 - INFO - Ingress_Mono_Exit HUESW3PX
2025-04-12 17:39:25,075 - INFO - Ingress_Mono_Exit 73IIC01N
2025-04-12 17:39:30,234 - INFO - Ingress_Mono_Enter ON79CMDC
2025-04-12 17:39:30,252 - INFO - Ingress_Mono_Input_Decoded ON79CMDC
2025-04-12 17:39:30,254 - INFO - Ingress_Mono_Numpy_Converted ON79CMDC
2025-04-12 17:39:30,347 - INFO - Ingress_Mono_Enter BX8444D4
2025-04-12 17:39:30,358 - INFO - Ingress_Mono_Input_Decoded BX8444D4
2025-04-12 17:39:30,359 - INFO - Ingress_Mono_Numpy_Converted BX8444D4
2025-04-12 17:39:30,596 - INFO - Ingress_Mono_Exit BX8444D4
2025-04-12 17:39:31,194 - INFO - Ingress_Mono_Exit ON79CMDC
2025-04-12 17:39:34,871 - INFO - Ingress_Mono_Enter A6U3CS0H
2025-04-12 17:39:34,896 - INFO - Ingress_Mono_Input_Decoded A6U3CS0H
2025-04-12 17:39:34,898 - INFO - Ingress_Mono_Numpy_Converted A6U3CS0H
2025-04-12 17:39:35,854 - INFO - Ingress_Mono_Enter T2S28J5R
2025-04-12 17:39:35,865 - INFO - Ingress_Mono_Input_Decoded T2S28J5R
2025-04-12 17:39:35,866 - INFO - Ingress_Mono_Numpy_Converted T2S28J5R
2025-04-12 17:39:36,214 - INFO - Ingress_Mono_Exit T2S28J5R
2025-04-12 17:39:36,285 - INFO - Ingress_Mono_Exit A6U3CS0H
2025-04-12 17:39:40,122 - INFO - Ingress_Mono_Enter O02E09MR
2025-04-12 17:39:40,142 - INFO - Ingress_Mono_Input_Decoded O02E09MR
2025-04-12 17:39:40,144 - INFO - Ingress_Mono_Numpy_Converted O02E09MR
2025-04-12 17:39:40,367 - INFO - Ingress_Mono_Enter O697CNEU
2025-04-12 17:39:40,385 - INFO - Ingress_Mono_Input_Decoded O697CNEU
2025-04-12 17:39:40,386 - INFO - Ingress_Mono_Numpy_Converted O697CNEU
2025-04-12 17:39:40,521 - INFO - Ingress_Mono_Exit O02E09MR
2025-04-12 17:39:40,879 - INFO - Ingress_Mono_Exit O697CNEU
2025-04-12 17:39:41,366 - INFO - Ingress_Mono_Enter Z62V8VRV
2025-04-12 17:39:41,381 - INFO - Ingress_Mono_Input_Decoded Z62V8VRV
2025-04-12 17:39:41,382 - INFO - Ingress_Mono_Numpy_Converted Z62V8VRV
2025-04-12 17:39:41,619 - INFO - Ingress_Mono_Exit Z62V8VRV
2025-04-12 17:39:42,120 - INFO - Ingress_Mono_Enter A8KA1464
2025-04-12 17:39:42,137 - INFO - Ingress_Mono_Input_Decoded A8KA1464
2025-04-12 17:39:42,139 - INFO - Ingress_Mono_Numpy_Converted A8KA1464
2025-04-12 17:39:42,367 - INFO - Ingress_Mono_Enter SHQL2TWB
2025-04-12 17:39:42,383 - INFO - Ingress_Mono_Input_Decoded SHQL2TWB
2025-04-12 17:39:42,385 - INFO - Ingress_Mono_Numpy_Converted SHQL2TWB
2025-04-12 17:39:42,469 - INFO - Ingress_Mono_Exit A8KA1464
2025-04-12 17:39:43,432 - INFO - Ingress_Mono_Exit SHQL2TWB
2025-04-12 17:39:43,512 - INFO - Ingress_Mono_Enter 7EEWE12I
2025-04-12 17:39:43,539 - INFO - Ingress_Mono_Input_Decoded 7EEWE12I
2025-04-12 17:39:43,542 - INFO - Ingress_Mono_Numpy_Converted 7EEWE12I
2025-04-12 17:39:44,222 - INFO - Ingress_Mono_Exit 7EEWE12I
2025-04-12 17:39:44,759 - INFO - Ingress_Mono_Enter HKQFEQ03
2025-04-12 17:39:44,784 - INFO - Ingress_Mono_Input_Decoded HKQFEQ03
2025-04-12 17:39:44,786 - INFO - Ingress_Mono_Numpy_Converted HKQFEQ03
2025-04-12 17:39:45,007 - INFO - Ingress_Mono_Enter C5FNWWWM
2025-04-12 17:39:45,031 - INFO - Ingress_Mono_Input_Decoded C5FNWWWM
2025-04-12 17:39:45,033 - INFO - Ingress_Mono_Numpy_Converted C5FNWWWM
2025-04-12 17:39:45,124 - INFO - Ingress_Mono_Exit HKQFEQ03
2025-04-12 17:39:45,550 - INFO - Ingress_Mono_Exit C5FNWWWM
2025-04-12 17:39:54,247 - INFO - Ingress_Mono_Enter TLS52NR9
2025-04-12 17:39:54,259 - INFO - Ingress_Mono_Input_Decoded TLS52NR9
2025-04-12 17:39:54,260 - INFO - Ingress_Mono_Numpy_Converted TLS52NR9
2025-04-12 17:39:54,497 - INFO - Ingress_Mono_Enter JH69N16H
2025-04-12 17:39:54,510 - INFO - Ingress_Mono_Input_Decoded JH69N16H
2025-04-12 17:39:54,511 - INFO - Ingress_Mono_Numpy_Converted JH69N16H
2025-04-12 17:39:54,938 - INFO - Ingress_Mono_Exit JH69N16H
2025-04-12 17:39:54,977 - INFO - Ingress_Mono_Exit TLS52NR9
2025-04-12 17:39:57,139 - INFO - Ingress_Mono_Enter EACL6HJC
2025-04-12 17:39:57,160 - INFO - Ingress_Mono_Input_Decoded EACL6HJC
2025-04-12 17:39:57,162 - INFO - Ingress_Mono_Numpy_Converted EACL6HJC
2025-04-12 17:39:57,533 - INFO - Ingress_Mono_Exit EACL6HJC
2025-04-12 17:39:57,884 - INFO - Ingress_Mono_Enter 6WX3RQ5H
2025-04-12 17:39:57,901 - INFO - Ingress_Mono_Input_Decoded 6WX3RQ5H
2025-04-12 17:39:57,902 - INFO - Ingress_Mono_Numpy_Converted 6WX3RQ5H
2025-04-12 17:39:58,179 - INFO - Ingress_Mono_Exit 6WX3RQ5H
2025-04-12 17:39:59,271 - INFO - Ingress_Mono_Enter 8R60K3VM
2025-04-12 17:39:59,294 - INFO - Ingress_Mono_Input_Decoded 8R60K3VM
2025-04-12 17:39:59,296 - INFO - Ingress_Mono_Numpy_Converted 8R60K3VM
2025-04-12 17:39:59,653 - INFO - Ingress_Mono_Exit 8R60K3VM
2025-04-12 17:39:59,758 - INFO - Ingress_Mono_Enter I8L0CLN0
2025-04-12 17:39:59,773 - INFO - Ingress_Mono_Input_Decoded I8L0CLN0
2025-04-12 17:39:59,775 - INFO - Ingress_Mono_Numpy_Converted I8L0CLN0
2025-04-12 17:40:00,253 - INFO - Ingress_Mono_Enter SLREWYXR
2025-04-12 17:40:00,266 - INFO - Ingress_Mono_Input_Decoded SLREWYXR
2025-04-12 17:40:00,267 - INFO - Ingress_Mono_Numpy_Converted SLREWYXR
2025-04-12 17:40:00,357 - INFO - Ingress_Mono_Exit I8L0CLN0
2025-04-12 17:40:00,573 - INFO - Ingress_Mono_Exit SLREWYXR
2025-04-12 17:40:11,149 - INFO - Ingress_Mono_Enter 5BNRFFEI
2025-04-12 17:40:11,166 - INFO - Ingress_Mono_Input_Decoded 5BNRFFEI
2025-04-12 17:40:11,168 - INFO - Ingress_Mono_Numpy_Converted 5BNRFFEI
2025-04-12 17:40:11,471 - INFO - Ingress_Mono_Exit 5BNRFFEI
2025-04-12 17:40:14,154 - INFO - Ingress_Mono_Enter XRDWDCG8
2025-04-12 17:40:14,171 - INFO - Ingress_Mono_Input_Decoded XRDWDCG8
2025-04-12 17:40:14,173 - INFO - Ingress_Mono_Numpy_Converted XRDWDCG8
2025-04-12 17:40:14,479 - INFO - Ingress_Mono_Exit XRDWDCG8
2025-04-12 17:40:14,524 - INFO - Ingress_Mono_Enter 4JEP0HC3
2025-04-12 17:40:14,539 - INFO - Ingress_Mono_Input_Decoded 4JEP0HC3
2025-04-12 17:40:14,540 - INFO - Ingress_Mono_Numpy_Converted 4JEP0HC3
2025-04-12 17:40:15,067 - INFO - Ingress_Mono_Exit 4JEP0HC3
2025-04-12 17:40:15,146 - INFO - Ingress_Mono_Enter XDCCMY9B
2025-04-12 17:40:15,160 - INFO - Ingress_Mono_Input_Decoded XDCCMY9B
2025-04-12 17:40:15,161 - INFO - Ingress_Mono_Numpy_Converted XDCCMY9B
2025-04-12 17:40:15,478 - INFO - Ingress_Mono_Exit XDCCMY9B
2025-04-12 17:40:15,542 - INFO - Ingress_Mono_Enter 5M5CH6H6
2025-04-12 17:40:15,567 - INFO - Ingress_Mono_Input_Decoded 5M5CH6H6
2025-04-12 17:40:15,569 - INFO - Ingress_Mono_Numpy_Converted 5M5CH6H6
2025-04-12 17:40:15,831 - INFO - Ingress_Mono_Exit 5M5CH6H6
2025-04-12 17:40:17,279 - INFO - Ingress_Mono_Enter H3Y38BFB
2025-04-12 17:40:17,296 - INFO - Ingress_Mono_Input_Decoded H3Y38BFB
2025-04-12 17:40:17,297 - INFO - Ingress_Mono_Numpy_Converted H3Y38BFB
2025-04-12 17:40:18,044 - INFO - Ingress_Mono_Enter 2TG0LHTQ
2025-04-12 17:40:18,068 - INFO - Ingress_Mono_Input_Decoded 2TG0LHTQ
2025-04-12 17:40:18,071 - INFO - Ingress_Mono_Numpy_Converted 2TG0LHTQ
2025-04-12 17:40:18,350 - INFO - Ingress_Mono_Exit H3Y38BFB
2025-04-12 17:40:18,674 - INFO - Ingress_Mono_Exit 2TG0LHTQ
2025-04-12 17:40:19,288 - INFO - Ingress_Mono_Enter F3OG72QY
2025-04-12 17:40:19,309 - INFO - Ingress_Mono_Input_Decoded F3OG72QY
2025-04-12 17:40:19,311 - INFO - Ingress_Mono_Numpy_Converted F3OG72QY
2025-04-12 17:40:19,540 - INFO - Ingress_Mono_Enter NRJZ2F6Z
2025-04-12 17:40:19,563 - INFO - Ingress_Mono_Input_Decoded NRJZ2F6Z
2025-04-12 17:40:19,565 - INFO - Ingress_Mono_Numpy_Converted NRJZ2F6Z
2025-04-12 17:40:20,012 - INFO - Ingress_Mono_Exit NRJZ2F6Z
2025-04-12 17:40:20,087 - INFO - Ingress_Mono_Exit F3OG72QY
2025-04-12 17:40:21,161 - INFO - Ingress_Mono_Enter HQYV9EMU
2025-04-12 17:40:21,180 - INFO - Ingress_Mono_Input_Decoded HQYV9EMU
2025-04-12 17:40:21,181 - INFO - Ingress_Mono_Numpy_Converted HQYV9EMU
2025-04-12 17:40:21,446 - INFO - Ingress_Mono_Exit HQYV9EMU
2025-04-12 17:40:24,292 - INFO - Ingress_Mono_Enter JOM209XO
2025-04-12 17:40:24,313 - INFO - Ingress_Mono_Input_Decoded JOM209XO
2025-04-12 17:40:24,315 - INFO - Ingress_Mono_Numpy_Converted JOM209XO
2025-04-12 17:40:24,762 - INFO - Ingress_Mono_Exit JOM209XO
2025-04-12 17:40:26,309 - INFO - Ingress_Mono_Enter 7CB2L4WV
2025-04-12 17:40:26,338 - INFO - Ingress_Mono_Input_Decoded 7CB2L4WV
2025-04-12 17:40:26,340 - INFO - Ingress_Mono_Numpy_Converted 7CB2L4WV
2025-04-12 17:40:26,413 - INFO - Ingress_Mono_Enter IUAUJX8K
2025-04-12 17:40:26,431 - INFO - Ingress_Mono_Input_Decoded IUAUJX8K
2025-04-12 17:40:26,432 - INFO - Ingress_Mono_Numpy_Converted IUAUJX8K
2025-04-12 17:40:26,810 - INFO - Ingress_Mono_Exit IUAUJX8K
2025-04-12 17:40:27,572 - INFO - Ingress_Mono_Exit 7CB2L4WV
2025-04-12 17:40:28,417 - INFO - Ingress_Mono_Enter HPBB7HIC
2025-04-12 17:40:28,436 - INFO - Ingress_Mono_Input_Decoded HPBB7HIC
2025-04-12 17:40:28,437 - INFO - Ingress_Mono_Numpy_Converted HPBB7HIC
2025-04-12 17:40:28,754 - INFO - Ingress_Mono_Exit HPBB7HIC
2025-04-12 17:40:32,164 - INFO - Ingress_Mono_Enter ZVGCCFKU
2025-04-12 17:40:32,179 - INFO - Ingress_Mono_Input_Decoded ZVGCCFKU
2025-04-12 17:40:32,180 - INFO - Ingress_Mono_Numpy_Converted ZVGCCFKU
2025-04-12 17:40:32,797 - INFO - Ingress_Mono_Enter ASGA1UQ8
2025-04-12 17:40:32,815 - INFO - Ingress_Mono_Input_Decoded ASGA1UQ8
2025-04-12 17:40:32,816 - INFO - Ingress_Mono_Numpy_Converted ASGA1UQ8
2025-04-12 17:40:32,818 - INFO - Ingress_Mono_Exit ZVGCCFKU
2025-04-12 17:40:34,002 - INFO - Ingress_Mono_Exit ASGA1UQ8
2025-04-12 17:40:44,327 - INFO - Ingress_Mono_Enter RFO0MYBI
2025-04-12 17:40:44,356 - INFO - Ingress_Mono_Input_Decoded RFO0MYBI
2025-04-12 17:40:44,359 - INFO - Ingress_Mono_Numpy_Converted RFO0MYBI
2025-04-12 17:40:44,562 - INFO - Ingress_Mono_Enter PE6SNRUY
2025-04-12 17:40:44,582 - INFO - Ingress_Mono_Input_Decoded PE6SNRUY
2025-04-12 17:40:44,584 - INFO - Ingress_Mono_Numpy_Converted PE6SNRUY
2025-04-12 17:40:44,843 - INFO - Ingress_Mono_Exit RFO0MYBI
2025-04-12 17:40:45,419 - INFO - Ingress_Mono_Exit PE6SNRUY
2025-04-12 17:40:57,015 - INFO - Ingress_Mono_Enter 02MVI2DB
2025-04-12 17:40:57,079 - INFO - Ingress_Mono_Input_Decoded 02MVI2DB
2025-04-12 17:40:57,086 - INFO - Ingress_Mono_Numpy_Converted 02MVI2DB
2025-04-12 17:40:57,318 - INFO - Ingress_Mono_Exit 02MVI2DB
2025-04-12 17:40:58,195 - INFO - Ingress_Mono_Enter 4P9QZEKG
2025-04-12 17:40:58,211 - INFO - Ingress_Mono_Input_Decoded 4P9QZEKG
2025-04-12 17:40:58,212 - INFO - Ingress_Mono_Numpy_Converted 4P9QZEKG
2025-04-12 17:40:58,336 - INFO - Ingress_Mono_Enter UKLI3MEE
2025-04-12 17:40:58,362 - INFO - Ingress_Mono_Input_Decoded UKLI3MEE
2025-04-12 17:40:58,365 - INFO - Ingress_Mono_Numpy_Converted UKLI3MEE
2025-04-12 17:40:58,637 - INFO - Ingress_Mono_Exit 4P9QZEKG
2025-04-12 17:40:58,714 - INFO - Ingress_Mono_Exit UKLI3MEE
2025-04-12 17:40:59,320 - INFO - Ingress_Mono_Enter VDXU9G6B
2025-04-12 17:40:59,336 - INFO - Ingress_Mono_Input_Decoded VDXU9G6B
2025-04-12 17:40:59,338 - INFO - Ingress_Mono_Numpy_Converted VDXU9G6B
2025-04-12 17:40:59,461 - INFO - Ingress_Mono_Enter AXB81P3Y
2025-04-12 17:40:59,487 - INFO - Ingress_Mono_Input_Decoded AXB81P3Y
2025-04-12 17:40:59,489 - INFO - Ingress_Mono_Numpy_Converted AXB81P3Y
2025-04-12 17:40:59,608 - INFO - Ingress_Mono_Exit VDXU9G6B
2025-04-12 17:41:00,023 - INFO - Ingress_Mono_Exit AXB81P3Y
2025-04-12 17:41:00,313 - INFO - Ingress_Mono_Enter 53OB0S2I
2025-04-12 17:41:00,324 - INFO - Ingress_Mono_Input_Decoded 53OB0S2I
2025-04-12 17:41:00,325 - INFO - Ingress_Mono_Numpy_Converted 53OB0S2I
2025-04-12 17:41:00,625 - INFO - Ingress_Mono_Exit 53OB0S2I
2025-04-12 17:41:00,688 - INFO - Ingress_Mono_Enter ANPIFMS9
2025-04-12 17:41:00,699 - INFO - Ingress_Mono_Input_Decoded ANPIFMS9
2025-04-12 17:41:00,700 - INFO - Ingress_Mono_Numpy_Converted ANPIFMS9
2025-04-12 17:41:01,203 - INFO - Ingress_Mono_Enter KQ1EH4GB
2025-04-12 17:41:01,223 - INFO - Ingress_Mono_Input_Decoded KQ1EH4GB
2025-04-12 17:41:01,225 - INFO - Ingress_Mono_Numpy_Converted KQ1EH4GB
2025-04-12 17:41:01,332 - INFO - Ingress_Mono_Exit ANPIFMS9
2025-04-12 17:41:01,710 - INFO - Ingress_Mono_Exit KQ1EH4GB
2025-04-12 17:41:02,820 - INFO - Ingress_Mono_Enter 4ATFUCNB
2025-04-12 17:41:02,835 - INFO - Ingress_Mono_Input_Decoded 4ATFUCNB
2025-04-12 17:41:02,836 - INFO - Ingress_Mono_Numpy_Converted 4ATFUCNB
2025-04-12 17:41:03,163 - INFO - Ingress_Mono_Exit 4ATFUCNB
2025-04-12 17:41:05,230 - INFO - Ingress_Mono_Enter QDCG3N6E
2025-04-12 17:41:05,262 - INFO - Ingress_Mono_Input_Decoded QDCG3N6E
2025-04-12 17:41:05,265 - INFO - Ingress_Mono_Numpy_Converted QDCG3N6E
2025-04-12 17:41:05,648 - INFO - Ingress_Mono_Exit QDCG3N6E
2025-04-12 17:41:06,948 - INFO - Ingress_Mono_Enter PIRNT0S7
2025-04-12 17:41:06,961 - INFO - Ingress_Mono_Input_Decoded PIRNT0S7
2025-04-12 17:41:06,962 - INFO - Ingress_Mono_Numpy_Converted PIRNT0S7
2025-04-12 17:41:07,442 - INFO - Ingress_Mono_Exit PIRNT0S7
2025-04-12 17:41:07,477 - INFO - Ingress_Mono_Enter JK0Y6VER
2025-04-12 17:41:07,507 - INFO - Ingress_Mono_Input_Decoded JK0Y6VER
2025-04-12 17:41:07,510 - INFO - Ingress_Mono_Numpy_Converted JK0Y6VER
2025-04-12 17:41:07,972 - INFO - Ingress_Mono_Exit JK0Y6VER
2025-04-12 17:41:10,335 - INFO - Ingress_Mono_Enter 4VM3ZSMR
2025-04-12 17:41:10,353 - INFO - Ingress_Mono_Input_Decoded 4VM3ZSMR
2025-04-12 17:41:10,355 - INFO - Ingress_Mono_Numpy_Converted 4VM3ZSMR
2025-04-12 17:41:10,966 - INFO - Ingress_Mono_Exit 4VM3ZSMR
2025-04-12 17:41:11,086 - INFO - Ingress_Mono_Enter EQQKD3HP
2025-04-12 17:41:11,105 - INFO - Ingress_Mono_Input_Decoded EQQKD3HP
2025-04-12 17:41:11,106 - INFO - Ingress_Mono_Numpy_Converted EQQKD3HP
2025-04-12 17:41:11,207 - INFO - Ingress_Mono_Enter J9DB7O9M
2025-04-12 17:41:11,224 - INFO - Ingress_Mono_Input_Decoded J9DB7O9M
2025-04-12 17:41:11,225 - INFO - Ingress_Mono_Numpy_Converted J9DB7O9M
2025-04-12 17:41:11,528 - INFO - Ingress_Mono_Exit J9DB7O9M
2025-04-12 17:41:11,692 - INFO - Ingress_Mono_Exit EQQKD3HP
2025-04-12 17:41:12,862 - INFO - Ingress_Mono_Enter 824HTJ02
2025-04-12 17:41:12,894 - INFO - Ingress_Mono_Input_Decoded 824HTJ02
2025-04-12 17:41:12,897 - INFO - Ingress_Mono_Numpy_Converted 824HTJ02
2025-04-12 17:41:13,219 - INFO - Ingress_Mono_Exit 824HTJ02
2025-04-12 17:41:16,085 - INFO - Ingress_Mono_Enter U46F8NN9
2025-04-12 17:41:16,099 - INFO - Ingress_Mono_Input_Decoded U46F8NN9
2025-04-12 17:41:16,100 - INFO - Ingress_Mono_Numpy_Converted U46F8NN9
2025-04-12 17:41:16,417 - INFO - Ingress_Mono_Exit U46F8NN9
2025-04-12 17:41:17,836 - INFO - Ingress_Mono_Enter GXFHYY04
2025-04-12 17:41:17,850 - INFO - Ingress_Mono_Input_Decoded GXFHYY04
2025-04-12 17:41:17,851 - INFO - Ingress_Mono_Numpy_Converted GXFHYY04
2025-04-12 17:41:18,122 - INFO - Ingress_Mono_Exit GXFHYY04
2025-04-12 17:41:19,100 - INFO - Ingress_Mono_Enter B2A2RXEP
2025-04-12 17:41:19,119 - INFO - Ingress_Mono_Input_Decoded B2A2RXEP
2025-04-12 17:41:19,120 - INFO - Ingress_Mono_Numpy_Converted B2A2RXEP
2025-04-12 17:41:19,438 - INFO - Ingress_Mono_Exit B2A2RXEP
2025-04-12 17:41:19,586 - INFO - Ingress_Mono_Enter IX8GN8LB
2025-04-12 17:41:19,600 - INFO - Ingress_Mono_Input_Decoded IX8GN8LB
2025-04-12 17:41:19,601 - INFO - Ingress_Mono_Numpy_Converted IX8GN8LB
2025-04-12 17:41:19,712 - INFO - Ingress_Mono_Enter 321A8XS8
2025-04-12 17:41:19,727 - INFO - Ingress_Mono_Input_Decoded 321A8XS8
2025-04-12 17:41:19,728 - INFO - Ingress_Mono_Numpy_Converted 321A8XS8
2025-04-12 17:41:19,974 - INFO - Ingress_Mono_Exit IX8GN8LB
2025-04-12 17:41:20,214 - INFO - Ingress_Mono_Exit 321A8XS8
2025-04-12 17:41:22,215 - INFO - Ingress_Mono_Enter H9406FXF
2025-04-12 17:41:22,230 - INFO - Ingress_Mono_Input_Decoded H9406FXF
2025-04-12 17:41:22,232 - INFO - Ingress_Mono_Numpy_Converted H9406FXF
2025-04-12 17:41:22,554 - INFO - Ingress_Mono_Exit H9406FXF
2025-04-12 17:41:25,481 - INFO - Ingress_Mono_Enter D1X8K49Q
2025-04-12 17:41:25,502 - INFO - Ingress_Mono_Input_Decoded D1X8K49Q
2025-04-12 17:41:25,503 - INFO - Ingress_Mono_Numpy_Converted D1X8K49Q
2025-04-12 17:41:25,816 - INFO - Ingress_Mono_Exit D1X8K49Q
2025-04-12 17:41:26,729 - INFO - Ingress_Mono_Enter 9ZWSXGR0
2025-04-12 17:41:26,749 - INFO - Ingress_Mono_Input_Decoded 9ZWSXGR0
2025-04-12 17:41:26,751 - INFO - Ingress_Mono_Numpy_Converted 9ZWSXGR0
2025-04-12 17:41:27,261 - INFO - Ingress_Mono_Exit 9ZWSXGR0
2025-04-12 17:41:28,472 - INFO - Ingress_Mono_Enter WYSBVKRA
2025-04-12 17:41:28,487 - INFO - Ingress_Mono_Input_Decoded WYSBVKRA
2025-04-12 17:41:28,489 - INFO - Ingress_Mono_Numpy_Converted WYSBVKRA
2025-04-12 17:41:29,162 - INFO - Ingress_Mono_Exit WYSBVKRA
