2025-03-18 01:06:08,337 - INFO - Ingress_Enter S1KPX93D
2025-03-18 01:06:08,342 - INFO - Ingress_Enter 75PQE2EX
2025-03-18 01:06:08,505 - INFO - Ingress_Enter 4XYPOT6Z
2025-03-18 01:06:08,594 - INFO - Ingress_Enter Y9IVSHVC
2025-03-18 01:06:08,750 - INFO - Ingress_Enter BIMYDGVH
2025-03-18 01:06:08,797 - INFO - Ingress_Enter CE119DZ3
2025-03-18 01:06:08,829 - INFO - Ingress_Enter GS29B7F1
2025-03-18 01:06:08,844 - INFO - Ingress_Enter 58O81ZNG
2025-03-18 01:06:08,992 - INFO - Ingress_Enter LD8AD3GK
2025-03-18 01:06:09,334 - INFO - Ingress_Exit S1KPX93D
2025-03-18 01:06:09,335 - INFO - Ingress_Exit 75PQE2EX
2025-03-18 01:06:09,352 - INFO - Ingress_Enter ICHKZGJE
2025-03-18 01:06:09,424 - INFO - Ingress_Enter N653M277
2025-03-18 01:06:09,447 - INFO - Ingress_Enter R822M6FW
2025-03-18 01:06:09,619 - INFO - Ingress_Enter J985BLVL
2025-03-18 01:06:09,729 - INFO - Ingress_Exit BIMYDGVH
2025-03-18 01:06:09,794 - INFO - Ingress_Exit Y9IVSHVC
2025-03-18 01:06:09,822 - INFO - Ingress_Exit 4XYPOT6Z
2025-03-18 01:06:09,917 - INFO - Ingress_Exit 58O81ZNG
2025-03-18 01:06:10,043 - INFO - Ingress_Exit CE119DZ3
2025-03-18 01:06:10,061 - INFO - Ingress_Exit ICHKZGJE
2025-03-18 01:06:10,094 - INFO - Ingress_Enter QSB7JQ8D
2025-03-18 01:06:10,159 - INFO - Ingress_Enter M5EAYF9T
2025-03-18 01:06:10,174 - INFO - Ingress_Enter 0P54RK23
2025-03-18 01:06:10,199 - INFO - Ingress_Enter 8G0XAUA9
2025-03-18 01:06:10,223 - INFO - Ingress_Enter QEAMD3F6
2025-03-18 01:06:10,300 - INFO - Ingress_Exit GS29B7F1
2025-03-18 01:06:10,302 - INFO - Ingress_Enter YPJEB4JW
2025-03-18 01:06:10,303 - INFO - Ingress_Exit LD8AD3GK
2025-03-18 01:06:10,535 - INFO - Ingress_Exit N653M277
2025-03-18 01:06:10,753 - INFO - Ingress_Enter T1CMENKM
2025-03-18 01:06:10,768 - INFO - Ingress_Enter 30HD80Y2
2025-03-18 01:06:10,809 - INFO - Ingress_Enter A340F1QA
2025-03-18 01:06:10,817 - INFO - Ingress_Enter VEGME6AM
2025-03-18 01:06:11,017 - INFO - Ingress_Exit R822M6FW
2025-03-18 01:06:11,019 - INFO - Ingress_Exit J985BLVL
2025-03-18 01:06:11,078 - INFO - Ingress_Enter CPGS83CO
2025-03-18 01:06:11,111 - INFO - Ingress_Enter PUWK7PCT
2025-03-18 01:06:11,209 - INFO - Ingress_Enter UR6ZM9R8
2025-03-18 01:06:11,268 - INFO - Ingress_Enter C1DDX28T
2025-03-18 01:06:11,533 - INFO - Ingress_Exit 8G0XAUA9
2025-03-18 01:06:11,535 - INFO - Ingress_Exit QSB7JQ8D
2025-03-18 01:06:11,887 - INFO - Ingress_Exit 0P54RK23
2025-03-18 01:06:11,889 - INFO - Ingress_Exit M5EAYF9T
2025-03-18 01:06:11,893 - INFO - Ingress_Exit QEAMD3F6
2025-03-18 01:06:11,929 - INFO - Ingress_Exit YPJEB4JW
2025-03-18 01:06:11,930 - INFO - Ingress_Exit T1CMENKM
2025-03-18 01:06:11,931 - INFO - Ingress_Exit 30HD80Y2
2025-03-18 01:06:11,932 - INFO - Ingress_Exit A340F1QA
2025-03-18 01:06:11,934 - INFO - Ingress_Exit VEGME6AM
2025-03-18 01:06:12,246 - INFO - Ingress_Exit CPGS83CO
2025-03-18 01:06:12,375 - INFO - Ingress_Exit C1DDX28T
2025-03-18 01:06:12,606 - INFO - Ingress_Enter B1AZS55X
2025-03-18 01:06:12,749 - INFO - Ingress_Exit PUWK7PCT
2025-03-18 01:06:12,756 - INFO - Ingress_Exit UR6ZM9R8
2025-03-18 01:06:12,797 - INFO - Ingress_Enter HPM8C4SB
2025-03-18 01:06:12,928 - INFO - Ingress_Enter 88E93UP1
2025-03-18 01:06:13,163 - INFO - Ingress_Enter UTXVNC6S
2025-03-18 01:06:13,281 - INFO - Ingress_Enter AT4O0TCK
2025-03-18 01:06:13,391 - INFO - Ingress_Enter XNHTJN01
2025-03-18 01:06:13,455 - INFO - Ingress_Enter TRTXPA33
2025-03-18 01:06:13,570 - INFO - Ingress_Enter NDEJC1RM
2025-03-18 01:06:13,615 - INFO - Ingress_Enter K12H15NL
2025-03-18 01:06:13,698 - INFO - Ingress_Enter 5TQK482M
2025-03-18 01:06:13,723 - INFO - Ingress_Enter 5ZDT9H8R
2025-03-18 01:06:13,732 - INFO - Ingress_Enter NNQIWGTE
2025-03-18 01:06:13,776 - INFO - Ingress_Exit B1AZS55X
2025-03-18 01:06:13,890 - INFO - Ingress_Enter J3FVX20S
2025-03-18 01:06:13,989 - INFO - Ingress_Enter ICM14T5U
2025-03-18 01:06:14,176 - INFO - Ingress_Enter SIY79HN9
2025-03-18 01:06:14,203 - INFO - Ingress_Exit HPM8C4SB
2025-03-18 01:06:14,216 - INFO - Ingress_Enter U6IWVACA
2025-03-18 01:06:14,256 - INFO - Ingress_Enter DR5KYK3U
2025-03-18 01:06:14,354 - INFO - Ingress_Exit 88E93UP1
2025-03-18 01:06:14,359 - INFO - Ingress_Exit UTXVNC6S
2025-03-18 01:06:14,374 - INFO - Ingress_Enter CHX7GZQF
2025-03-18 01:06:14,389 - INFO - Ingress_Enter 9Z1R9L49
2025-03-18 01:06:14,545 - INFO - Ingress_Exit AT4O0TCK
2025-03-18 01:06:14,666 - INFO - Ingress_Enter UNLZX0N0
2025-03-18 01:06:14,676 - INFO - Ingress_Enter R6NQMM4M
2025-03-18 01:06:14,860 - INFO - Ingress_Exit XNHTJN01
2025-03-18 01:06:14,969 - INFO - Ingress_Enter RND4UZTA
2025-03-18 01:06:15,173 - INFO - Ingress_Exit TRTXPA33
2025-03-18 01:06:15,202 - INFO - Ingress_Enter M6FPBFQU
2025-03-18 01:06:15,290 - INFO - Ingress_Exit NDEJC1RM
2025-03-18 01:06:15,296 - INFO - Ingress_Exit K12H15NL
2025-03-18 01:06:15,413 - INFO - Ingress_Exit NNQIWGTE
2025-03-18 01:06:15,417 - INFO - Ingress_Exit 5TQK482M
2025-03-18 01:06:15,420 - INFO - Ingress_Exit 5ZDT9H8R
2025-03-18 01:06:15,479 - INFO - Ingress_Enter CPFJAW6E
2025-03-18 01:06:15,526 - INFO - Ingress_Enter DHAX208G
2025-03-18 01:06:15,674 - INFO - Ingress_Enter LNVFYN60
2025-03-18 01:06:15,683 - INFO - Ingress_Enter 4YZ9I6EF
2025-03-18 01:06:15,712 - INFO - Ingress_Exit ICM14T5U
2025-03-18 01:06:15,715 - INFO - Ingress_Exit SIY79HN9
2025-03-18 01:06:15,749 - INFO - Ingress_Exit J3FVX20S
2025-03-18 01:06:15,863 - INFO - Ingress_Enter 7T5ULQ3C
2025-03-18 01:06:15,952 - INFO - Ingress_Enter 5Y4W9H30
2025-03-18 01:06:15,985 - INFO - Ingress_Enter L2V87WVI
2025-03-18 01:06:16,150 - INFO - Ingress_Enter HG8QCZUC
2025-03-18 01:06:16,180 - INFO - Ingress_Enter UD3HVRKE
2025-03-18 01:06:16,185 - INFO - Ingress_Exit U6IWVACA
2025-03-18 01:06:16,255 - INFO - Ingress_Exit DR5KYK3U
2025-03-18 01:06:16,277 - INFO - Ingress_Enter VDRKHRA9
2025-03-18 01:06:16,298 - INFO - Ingress_Exit 9Z1R9L49
2025-03-18 01:06:16,313 - INFO - Ingress_Enter 4N3OEK06
2025-03-18 01:06:16,615 - INFO - Ingress_Exit CHX7GZQF
2025-03-18 01:06:16,725 - INFO - Ingress_Enter OL9OTGQY
2025-03-18 01:06:16,757 - INFO - Ingress_Exit R6NQMM4M
2025-03-18 01:06:16,791 - INFO - Ingress_Enter FUGZX28B
2025-03-18 01:06:16,822 - INFO - Ingress_Enter NGQ7A70M
2025-03-18 01:06:16,858 - INFO - Ingress_Enter 0HBEY8ND
2025-03-18 01:06:17,103 - INFO - Ingress_Enter Z72CLH13
2025-03-18 01:06:17,120 - INFO - Ingress_Enter SZQVS4F6
2025-03-18 01:06:17,201 - INFO - Ingress_Exit RND4UZTA
2025-03-18 01:06:17,205 - INFO - Ingress_Exit M6FPBFQU
2025-03-18 01:06:17,269 - INFO - Ingress_Exit UNLZX0N0
2025-03-18 01:06:17,527 - INFO - Ingress_Exit DHAX208G
2025-03-18 01:06:17,528 - INFO - Ingress_Exit CPFJAW6E
2025-03-18 01:06:17,531 - INFO - Ingress_Exit LNVFYN60
2025-03-18 01:06:17,532 - INFO - Ingress_Exit 4YZ9I6EF
2025-03-18 01:06:17,720 - INFO - Ingress_Enter 102MMKME
2025-03-18 01:06:17,834 - INFO - Ingress_Enter OGJQMN24
2025-03-18 01:06:17,877 - INFO - Ingress_Enter 6GTQU98Z
2025-03-18 01:06:17,926 - INFO - Ingress_Enter 9IXJXWC6
2025-03-18 01:06:17,968 - INFO - Ingress_Enter EDTJZNJC
2025-03-18 01:06:18,063 - INFO - Ingress_Exit HG8QCZUC
2025-03-18 01:06:18,064 - INFO - Ingress_Exit UD3HVRKE
2025-03-18 01:06:18,075 - INFO - Ingress_Exit 7T5ULQ3C
2025-03-18 01:06:18,077 - INFO - Ingress_Exit 5Y4W9H30
2025-03-18 01:06:18,078 - INFO - Ingress_Exit L2V87WVI
2025-03-18 01:06:18,103 - INFO - Ingress_Enter RKYEMMYY
2025-03-18 01:06:18,178 - INFO - Ingress_Enter CCBB7VVF
2025-03-18 01:06:18,227 - INFO - Ingress_Enter 2EPOC0K3
2025-03-18 01:06:18,252 - INFO - Ingress_Enter 72LVIAEQ
2025-03-18 01:06:18,254 - INFO - Ingress_Exit VDRKHRA9
2025-03-18 01:06:18,307 - INFO - Ingress_Enter 9DHUEGJO
2025-03-18 01:06:18,322 - INFO - Ingress_Enter KY90JPFN
2025-03-18 01:06:18,455 - INFO - Ingress_Enter QG21ERKH
2025-03-18 01:06:18,686 - INFO - Ingress_Enter H9FDO414
2025-03-18 01:06:19,086 - INFO - Ingress_Enter 57MMN4PW
2025-03-18 01:06:22,918 - INFO - Ingress_Exit 4N3OEK06
2025-03-18 01:06:22,919 - INFO - Ingress_Exit OL9OTGQY
2025-03-18 01:06:22,921 - INFO - Ingress_Exit FUGZX28B
2025-03-18 01:06:22,923 - INFO - Ingress_Exit NGQ7A70M
2025-03-18 01:06:22,924 - INFO - Ingress_Exit 0HBEY8ND
2025-03-18 01:06:22,925 - INFO - Ingress_Exit Z72CLH13
2025-03-18 01:06:22,926 - INFO - Ingress_Exit SZQVS4F6
2025-03-18 01:06:22,928 - INFO - Ingress_Exit 102MMKME
2025-03-18 01:06:22,929 - INFO - Ingress_Exit OGJQMN24
2025-03-18 01:06:22,930 - INFO - Ingress_Exit 6GTQU98Z
2025-03-18 01:06:23,252 - INFO - Ingress_Exit 9IXJXWC6
2025-03-18 01:06:23,344 - INFO - Ingress_Enter TXMLB8UE
2025-03-18 01:06:23,351 - INFO - Ingress_Exit EDTJZNJC
2025-03-18 01:06:23,354 - INFO - Ingress_Exit RKYEMMYY
2025-03-18 01:06:23,356 - INFO - Ingress_Exit CCBB7VVF
2025-03-18 01:06:23,357 - INFO - Ingress_Exit 2EPOC0K3
2025-03-18 01:06:23,364 - INFO - Ingress_Enter WOK8USV9
2025-03-18 01:06:23,379 - INFO - Ingress_Enter W1YVSSLJ
2025-03-18 01:06:23,440 - INFO - Ingress_Enter OWHF8N8Y
2025-03-18 01:06:23,528 - INFO - Ingress_Exit 72LVIAEQ
2025-03-18 01:06:23,662 - INFO - Ingress_Enter ACPE78MN
2025-03-18 01:06:23,702 - INFO - Ingress_Enter G5XYQ6G6
2025-03-18 01:06:23,775 - INFO - Ingress_Enter 0Y07DRBB
2025-03-18 01:06:23,791 - INFO - Ingress_Enter UVC28JB9
2025-03-18 01:06:23,942 - INFO - Ingress_Enter GJTLZ8J6
2025-03-18 01:06:23,966 - INFO - Ingress_Enter LN3XQS9I
2025-03-18 01:06:24,113 - INFO - Ingress_Enter H2B2XKMV
2025-03-18 01:06:24,121 - INFO - Ingress_Enter 26DK6HWA
2025-03-18 01:06:24,208 - INFO - Ingress_Exit 9DHUEGJO
2025-03-18 01:06:24,227 - INFO - Ingress_Enter UCR1XHR6
2025-03-18 01:06:24,325 - INFO - Ingress_Enter WTMZZJIB
2025-03-18 01:06:24,369 - INFO - Ingress_Enter YJN2HIKL
2025-03-18 01:06:24,391 - INFO - Ingress_Enter 3WZANFQD
2025-03-18 01:06:24,423 - INFO - Ingress_Enter 8GMMAE7D
2025-03-18 01:06:24,585 - INFO - Ingress_Exit H9FDO414
2025-03-18 01:06:24,588 - INFO - Ingress_Enter 3EWKP66Q
2025-03-18 01:06:24,871 - INFO - Ingress_Enter PKQ1EBUN
2025-03-18 01:06:25,062 - INFO - Ingress_Enter PDE93FUX
2025-03-18 01:06:25,229 - INFO - Ingress_Enter 7CLTLBY2
2025-03-18 01:06:25,742 - INFO - Ingress_Exit KY90JPFN
2025-03-18 01:06:25,743 - INFO - Ingress_Exit QG21ERKH
2025-03-18 01:06:25,744 - INFO - Ingress_Exit 57MMN4PW
2025-03-18 01:06:25,746 - INFO - Ingress_Exit TXMLB8UE
2025-03-18 01:06:25,821 - INFO - Ingress_Exit OWHF8N8Y
2025-03-18 01:06:25,941 - INFO - Ingress_Exit W1YVSSLJ
2025-03-18 01:06:25,942 - INFO - Ingress_Exit WOK8USV9
2025-03-18 01:06:26,310 - INFO - Ingress_Exit ACPE78MN
2025-03-18 01:06:26,311 - INFO - Ingress_Exit GJTLZ8J6
2025-03-18 01:06:26,312 - INFO - Ingress_Exit H2B2XKMV
2025-03-18 01:06:26,313 - INFO - Ingress_Exit UCR1XHR6
2025-03-18 01:06:26,314 - INFO - Ingress_Exit YJN2HIKL
2025-03-18 01:06:26,331 - INFO - Ingress_Exit G5XYQ6G6
2025-03-18 01:06:26,332 - INFO - Ingress_Exit 0Y07DRBB
2025-03-18 01:06:26,333 - INFO - Ingress_Exit UVC28JB9
2025-03-18 01:06:26,666 - INFO - Ingress_Enter 0OQHXJW0
2025-03-18 01:06:26,669 - INFO - Ingress_Exit LN3XQS9I
2025-03-18 01:06:26,672 - INFO - Ingress_Exit 26DK6HWA
2025-03-18 01:06:26,683 - INFO - Ingress_Enter KIHCPDD6
2025-03-18 01:06:26,736 - INFO - Ingress_Enter I4BXLI95
2025-03-18 01:06:26,744 - INFO - Ingress_Enter 9IY2FV3V
2025-03-18 01:06:26,752 - INFO - Ingress_Enter AWQISSNM
2025-03-18 01:06:26,811 - INFO - Ingress_Enter OAY08UTX
2025-03-18 01:06:26,820 - INFO - Ingress_Enter AQ4NFRAM
2025-03-18 01:06:26,846 - INFO - Ingress_Enter ZJ8P8O3Z
2025-03-18 01:06:26,918 - INFO - Ingress_Enter 9M0W2M62
2025-03-18 01:06:26,935 - INFO - Ingress_Enter 3DT15XNY
2025-03-18 01:06:26,943 - INFO - Ingress_Enter NS4BMOJF
2025-03-18 01:06:27,032 - INFO - Ingress_Enter TCZAQ7L4
2025-03-18 01:06:27,048 - INFO - Ingress_Enter CZLK7WA7
2025-03-18 01:06:27,049 - INFO - Ingress_Exit WTMZZJIB
2025-03-18 01:06:27,065 - INFO - Ingress_Enter 37AZKFBB
2025-03-18 01:06:27,082 - INFO - Ingress_Enter 84TPJNZ7
2025-03-18 01:06:27,135 - INFO - Ingress_Enter ZTVUUKTW
2025-03-18 01:06:27,147 - INFO - Ingress_Enter 4FZ30FB9
2025-03-18 01:06:27,202 - INFO - Ingress_Exit 3WZANFQD
2025-03-18 01:06:27,466 - INFO - Ingress_Enter OCRH6NPQ
2025-03-18 01:06:27,474 - INFO - Ingress_Enter GG4I0FFW
2025-03-18 01:06:27,599 - INFO - Ingress_Enter NIV77ZJY
2025-03-18 01:06:27,605 - INFO - Ingress_Exit 8GMMAE7D
2025-03-18 01:06:27,672 - INFO - Ingress_Enter WJ8WV3P3
2025-03-18 01:06:28,061 - INFO - Ingress_Enter Z1I5PGUL
2025-03-18 01:06:28,705 - INFO - Ingress_Enter NCUAUJ71
2025-03-18 01:06:29,545 - INFO - Ingress_Exit 3EWKP66Q
2025-03-18 01:06:29,898 - INFO - Ingress_Exit PKQ1EBUN
2025-03-18 01:06:29,900 - INFO - Ingress_Exit 7CLTLBY2
2025-03-18 01:06:29,900 - INFO - Ingress_Exit PDE93FUX
2025-03-18 01:06:29,901 - INFO - Ingress_Exit KIHCPDD6
2025-03-18 01:06:29,903 - INFO - Ingress_Exit 0OQHXJW0
2025-03-18 01:06:29,985 - INFO - Ingress_Enter O3BUO5AQ
2025-03-18 01:06:30,033 - INFO - Ingress_Enter TWF1UP0U
2025-03-18 01:06:30,144 - INFO - Ingress_Enter 1MVA9UK2
2025-03-18 01:06:30,209 - INFO - Ingress_Exit 9IY2FV3V
2025-03-18 01:06:30,671 - INFO - Ingress_Enter TCU60WLL
2025-03-18 01:06:30,761 - INFO - Ingress_Enter QQ465SUI
2025-03-18 01:06:30,993 - INFO - Ingress_Enter OMJRA7IR
2025-03-18 01:06:31,028 - INFO - Ingress_Enter L9OFO7LX
2025-03-18 01:06:31,171 - INFO - Ingress_Enter QMNLQPTO
2025-03-18 01:06:31,670 - INFO - Ingress_Enter 4OROQZV5
2025-03-18 01:06:31,851 - INFO - Ingress_Enter ER8SQAKB
2025-03-18 01:06:33,912 - INFO - Ingress_Exit OAY08UTX
2025-03-18 01:06:33,913 - INFO - Ingress_Exit I4BXLI95
2025-03-18 01:06:33,915 - INFO - Ingress_Exit AWQISSNM
2025-03-18 01:06:33,917 - INFO - Ingress_Exit 9M0W2M62
2025-03-18 01:06:33,918 - INFO - Ingress_Exit AQ4NFRAM
2025-03-18 01:06:33,921 - INFO - Ingress_Exit ZJ8P8O3Z
2025-03-18 01:06:33,923 - INFO - Ingress_Exit 3DT15XNY
2025-03-18 01:06:33,924 - INFO - Ingress_Exit NS4BMOJF
2025-03-18 01:06:33,926 - INFO - Ingress_Exit CZLK7WA7
2025-03-18 01:06:33,930 - INFO - Ingress_Exit 84TPJNZ7
2025-03-18 01:06:33,932 - INFO - Ingress_Exit ZTVUUKTW
2025-03-18 01:06:34,542 - INFO - Ingress_Exit TCZAQ7L4
2025-03-18 01:06:34,545 - INFO - Ingress_Exit Z1I5PGUL
2025-03-18 01:06:34,673 - INFO - Ingress_Exit 4FZ30FB9
2025-03-18 01:06:34,677 - INFO - Ingress_Exit OCRH6NPQ
2025-03-18 01:06:34,678 - INFO - Ingress_Exit 37AZKFBB
2025-03-18 01:06:34,680 - INFO - Ingress_Exit GG4I0FFW
2025-03-18 01:06:34,681 - INFO - Ingress_Exit NIV77ZJY
2025-03-18 01:06:34,683 - INFO - Ingress_Exit WJ8WV3P3
2025-03-18 01:06:34,684 - INFO - Ingress_Exit TCU60WLL
2025-03-18 01:06:34,775 - INFO - Ingress_Exit NCUAUJ71
2025-03-18 01:06:34,777 - INFO - Ingress_Exit TWF1UP0U
2025-03-18 01:06:34,778 - INFO - Ingress_Exit O3BUO5AQ
2025-03-18 01:06:34,779 - INFO - Ingress_Exit 1MVA9UK2
2025-03-18 01:06:34,873 - INFO - Ingress_Exit QQ465SUI
2025-03-18 01:06:35,579 - INFO - Ingress_Exit L9OFO7LX
2025-03-18 01:06:35,587 - INFO - Ingress_Exit OMJRA7IR
2025-03-18 01:06:35,693 - INFO - Ingress_Enter LMQPED29
2025-03-18 01:06:35,699 - INFO - Ingress_Exit QMNLQPTO
2025-03-18 01:06:35,749 - INFO - Ingress_Enter VK84TWHO
2025-03-18 01:06:35,766 - INFO - Ingress_Enter OT7YXRHI
2025-03-18 01:06:35,791 - INFO - Ingress_Enter 08F1EGZ9
2025-03-18 01:06:35,806 - INFO - Ingress_Enter 8DN8S7LT
2025-03-18 01:06:35,831 - INFO - Ingress_Enter OUVFU42G
2025-03-18 01:06:35,881 - INFO - Ingress_Enter F4AT26LI
2025-03-18 01:06:35,914 - INFO - Ingress_Exit 4OROQZV5
2025-03-18 01:06:35,922 - INFO - Ingress_Enter 6UIMTRYK
2025-03-18 01:06:36,055 - INFO - Ingress_Enter JRTV35P6
2025-03-18 01:06:36,122 - INFO - Ingress_Enter OJPQ6SCP
2025-03-18 01:06:36,138 - INFO - Ingress_Enter O38TNSUT
2025-03-18 01:06:36,155 - INFO - Ingress_Enter 6KE9CFY3
2025-03-18 01:06:36,196 - INFO - Ingress_Enter K5SKUMIA
2025-03-18 01:06:36,279 - INFO - Ingress_Enter L3XM1NIK
2025-03-18 01:06:36,327 - INFO - Ingress_Enter U8G3VYRB
2025-03-18 01:06:36,343 - INFO - Ingress_Enter 7NUQ7DUR
2025-03-18 01:06:36,417 - INFO - Ingress_Enter FBKN0F31
2025-03-18 01:06:36,449 - INFO - Ingress_Enter S11FDDRR
2025-03-18 01:06:36,486 - INFO - Ingress_Exit ER8SQAKB
2025-03-18 01:06:36,501 - INFO - Ingress_Enter 380AJ84N
2025-03-18 01:06:36,551 - INFO - Ingress_Enter NLQHHIUO
2025-03-18 01:06:36,580 - INFO - Ingress_Enter SMJF7KRM
2025-03-18 01:06:36,603 - INFO - Ingress_Enter HEVTYTCE
2025-03-18 01:06:36,613 - INFO - Ingress_Enter R3NFGO56
2025-03-18 01:06:36,623 - INFO - Ingress_Enter D3I41ZHV
2025-03-18 01:06:36,639 - INFO - Ingress_Enter S3GX5FHL
2025-03-18 01:06:36,672 - INFO - Ingress_Enter 13IBJ5VH
2025-03-18 01:06:36,681 - INFO - Ingress_Enter BBUYU4TF
2025-03-18 01:06:36,705 - INFO - Ingress_Enter WIX084CH
2025-03-18 01:06:36,872 - INFO - Ingress_Exit OT7YXRHI
2025-03-18 01:06:36,874 - INFO - Ingress_Exit 08F1EGZ9
2025-03-18 01:06:36,946 - INFO - Ingress_Enter JMT7UA4V
2025-03-18 01:06:36,962 - INFO - Ingress_Enter MVZWMAKV
2025-03-18 01:06:37,025 - INFO - Ingress_Exit 8DN8S7LT
2025-03-18 01:06:37,027 - INFO - Ingress_Exit OUVFU42G
2025-03-18 01:06:37,028 - INFO - Ingress_Exit LMQPED29
2025-03-18 01:06:37,030 - INFO - Ingress_Exit F4AT26LI
2025-03-18 01:06:37,041 - INFO - Ingress_Enter 7HNDSIYW
2025-03-18 01:06:37,084 - INFO - Ingress_Enter 933490US
2025-03-18 01:06:37,097 - INFO - Ingress_Enter 10BPEM37
2025-03-18 01:06:37,105 - INFO - Ingress_Enter RXHGK86B
2025-03-18 01:06:37,172 - INFO - Ingress_Enter OH371DQV
2025-03-18 01:06:37,180 - INFO - Ingress_Enter K06DPED9
2025-03-18 01:06:37,288 - INFO - Ingress_Enter JVG8H11I
2025-03-18 01:06:37,329 - INFO - Ingress_Enter I6J9T8D5
2025-03-18 01:06:37,351 - INFO - Ingress_Exit VK84TWHO
2025-03-18 01:06:37,399 - INFO - Ingress_Enter I0JT0VVP
2025-03-18 01:06:37,413 - INFO - Ingress_Exit JRTV35P6
2025-03-18 01:06:37,416 - INFO - Ingress_Enter SJ02DKCF
2025-03-18 01:06:37,418 - INFO - Ingress_Exit O38TNSUT
2025-03-18 01:06:37,427 - INFO - Ingress_Enter 8AAQQKP3
2025-03-18 01:06:37,632 - INFO - Ingress_Exit 6UIMTRYK
2025-03-18 01:06:37,633 - INFO - Ingress_Exit K5SKUMIA
2025-03-18 01:06:37,771 - INFO - Ingress_Exit OJPQ6SCP
2025-03-18 01:06:37,772 - INFO - Ingress_Exit U8G3VYRB
2025-03-18 01:06:37,775 - INFO - Ingress_Exit 6KE9CFY3
2025-03-18 01:06:37,844 - INFO - Ingress_Enter I3H54D8K
2025-03-18 01:06:37,897 - INFO - Ingress_Enter KI0HC59K
2025-03-18 01:06:38,061 - INFO - Ingress_Enter DT365VZN
2025-03-18 01:06:38,094 - INFO - Ingress_Enter 0A1HJDJI
2025-03-18 01:06:38,111 - INFO - Ingress_Enter PJ9K7R9A
2025-03-18 01:06:38,146 - INFO - Ingress_Exit L3XM1NIK
2025-03-18 01:06:38,150 - INFO - Ingress_Exit 7NUQ7DUR
2025-03-18 01:06:38,151 - INFO - Ingress_Exit S11FDDRR
2025-03-18 01:06:38,163 - INFO - Ingress_Enter Y705CYB7
2025-03-18 01:06:38,261 - INFO - Ingress_Enter 36B2XSV0
2025-03-18 01:06:38,269 - INFO - Ingress_Enter 9TAIZK4H
2025-03-18 01:06:38,281 - INFO - Ingress_Exit SMJF7KRM
2025-03-18 01:06:38,282 - INFO - Ingress_Exit 380AJ84N
2025-03-18 01:06:38,284 - INFO - Ingress_Exit FBKN0F31
2025-03-18 01:06:38,285 - INFO - Ingress_Exit NLQHHIUO
2025-03-18 01:06:38,287 - INFO - Ingress_Exit S3GX5FHL
2025-03-18 01:06:38,288 - INFO - Ingress_Exit BBUYU4TF
2025-03-18 01:06:38,289 - INFO - Ingress_Exit WIX084CH
2025-03-18 01:06:38,292 - INFO - Ingress_Exit MVZWMAKV
2025-03-18 01:06:38,293 - INFO - Ingress_Exit R3NFGO56
2025-03-18 01:06:38,294 - INFO - Ingress_Exit HEVTYTCE
2025-03-18 01:06:38,389 - INFO - Ingress_Enter H93Q32E2
2025-03-18 01:06:38,440 - INFO - Ingress_Exit D3I41ZHV
2025-03-18 01:06:38,442 - INFO - Ingress_Exit 13IBJ5VH
2025-03-18 01:06:38,443 - INFO - Ingress_Exit 7HNDSIYW
2025-03-18 01:06:38,445 - INFO - Ingress_Exit 10BPEM37
2025-03-18 01:06:38,445 - INFO - Ingress_Exit RXHGK86B
2025-03-18 01:06:38,603 - INFO - Ingress_Enter R3P9LO7U
2025-03-18 01:06:38,644 - INFO - Ingress_Enter IIPXS0Y2
2025-03-18 01:06:38,787 - INFO - Ingress_Exit JMT7UA4V
2025-03-18 01:06:38,790 - INFO - Ingress_Exit OH371DQV
2025-03-18 01:06:38,808 - INFO - Ingress_Enter QCFOMJJC
2025-03-18 01:06:38,873 - INFO - Ingress_Enter BM6FIWA2
2025-03-18 01:06:38,999 - INFO - Ingress_Enter RIGJVT6V
2025-03-18 01:06:39,058 - INFO - Ingress_Enter MQTQIBQI
2025-03-18 01:06:39,098 - INFO - Ingress_Enter HLX5BZ6F
2025-03-18 01:06:39,158 - INFO - Ingress_Enter MW8FKCXC
2025-03-18 01:06:39,482 - INFO - Ingress_Enter 4EU3AXA7
2025-03-18 01:06:39,529 - INFO - Ingress_Exit 933490US
2025-03-18 01:06:39,646 - INFO - Ingress_Enter 6GRIETQR
2025-03-18 01:06:39,756 - INFO - Ingress_Enter 9NIZGOO0
2025-03-18 01:06:39,772 - INFO - Ingress_Enter KBA4EKGG
2025-03-18 01:06:39,916 - INFO - Ingress_Enter S98CC5T4
2025-03-18 01:06:39,924 - INFO - Ingress_Enter YPWM6QRL
2025-03-18 01:06:39,981 - INFO - Ingress_Enter DQZWBTN4
2025-03-18 01:06:40,059 - INFO - Ingress_Enter 3W3PDIKO
2025-03-18 01:06:40,067 - INFO - Ingress_Enter KUKBDGBX
2025-03-18 01:06:40,114 - INFO - Ingress_Enter HPUYY9NI
2025-03-18 01:06:40,218 - INFO - Ingress_Exit K06DPED9
2025-03-18 01:06:40,222 - INFO - Ingress_Exit I0JT0VVP
2025-03-18 01:06:40,223 - INFO - Ingress_Exit 8AAQQKP3
2025-03-18 01:06:40,395 - INFO - Ingress_Enter 8P4DDQXG
2025-03-18 01:06:40,431 - INFO - Ingress_Enter GVHSXG6G
2025-03-18 01:06:40,456 - INFO - Ingress_Enter KGGT1NCD
2025-03-18 01:06:40,891 - INFO - Ingress_Exit JVG8H11I
2025-03-18 01:06:40,900 - INFO - Ingress_Exit I6J9T8D5
2025-03-18 01:06:40,959 - INFO - Ingress_Enter 9C9K8KBN
2025-03-18 01:06:41,123 - INFO - Ingress_Enter KUNR1ZZ1
2025-03-18 01:06:41,155 - INFO - Ingress_Enter 2HOV7P0V
2025-03-18 01:06:41,327 - INFO - Ingress_Enter 6WSOB667
2025-03-18 01:06:41,694 - INFO - Ingress_Enter A0LCL4IU
2025-03-18 01:06:41,762 - INFO - Ingress_Enter 4M22UEER
2025-03-18 01:06:41,829 - INFO - Ingress_Enter BFHI9450
2025-03-18 01:06:41,864 - INFO - Ingress_Enter 16RB4THL
2025-03-18 01:06:42,010 - INFO - Ingress_Exit SJ02DKCF
2025-03-18 01:06:42,012 - INFO - Ingress_Exit I3H54D8K
2025-03-18 01:06:42,014 - INFO - Ingress_Exit KI0HC59K
2025-03-18 01:06:42,297 - INFO - Ingress_Exit Y705CYB7
2025-03-18 01:06:43,451 - INFO - Ingress_Exit DT365VZN
2025-03-18 01:06:43,453 - INFO - Ingress_Exit 0A1HJDJI
2025-03-18 01:06:43,454 - INFO - Ingress_Exit PJ9K7R9A
2025-03-18 01:06:43,454 - INFO - Ingress_Exit 9TAIZK4H
2025-03-18 01:06:43,456 - INFO - Ingress_Exit H93Q32E2
2025-03-18 01:06:43,457 - INFO - Ingress_Exit 36B2XSV0
2025-03-18 01:06:43,502 - INFO - Ingress_Exit R3P9LO7U
2025-03-18 01:06:43,503 - INFO - Ingress_Exit IIPXS0Y2
2025-03-18 01:06:43,505 - INFO - Ingress_Exit QCFOMJJC
2025-03-18 01:06:43,506 - INFO - Ingress_Exit RIGJVT6V
2025-03-18 01:06:43,508 - INFO - Ingress_Exit MQTQIBQI
2025-03-18 01:06:43,509 - INFO - Ingress_Exit BM6FIWA2
2025-03-18 01:06:43,510 - INFO - Ingress_Exit 4EU3AXA7
2025-03-18 01:06:43,511 - INFO - Ingress_Exit 6GRIETQR
2025-03-18 01:06:43,513 - INFO - Ingress_Exit 9NIZGOO0
2025-03-18 01:06:43,514 - INFO - Ingress_Exit KBA4EKGG
2025-03-18 01:06:43,559 - INFO - Ingress_Exit HLX5BZ6F
2025-03-18 01:06:43,559 - INFO - Ingress_Exit MW8FKCXC
2025-03-18 01:06:43,562 - INFO - Ingress_Exit S98CC5T4
2025-03-18 01:06:43,565 - INFO - Ingress_Exit YPWM6QRL
2025-03-18 01:06:43,566 - INFO - Ingress_Exit DQZWBTN4
2025-03-18 01:06:43,566 - INFO - Ingress_Exit KUKBDGBX
2025-03-18 01:06:44,083 - INFO - Ingress_Exit HPUYY9NI
2025-03-18 01:06:44,084 - INFO - Ingress_Exit 3W3PDIKO
2025-03-18 01:06:44,086 - INFO - Ingress_Exit GVHSXG6G
2025-03-18 01:06:44,087 - INFO - Ingress_Exit KGGT1NCD
2025-03-18 01:06:44,088 - INFO - Ingress_Exit 8P4DDQXG
2025-03-18 01:06:44,089 - INFO - Ingress_Exit 9C9K8KBN
2025-03-18 01:06:44,091 - INFO - Ingress_Exit KUNR1ZZ1
2025-03-18 01:06:44,092 - INFO - Ingress_Exit 2HOV7P0V
2025-03-18 01:06:44,094 - INFO - Ingress_Exit 6WSOB667
2025-03-18 01:06:44,303 - INFO - Ingress_Exit A0LCL4IU
2025-03-18 01:06:44,307 - INFO - Ingress_Exit 4M22UEER
2025-03-18 01:06:45,333 - INFO - Ingress_Enter BP4KWH7W
2025-03-18 01:06:45,367 - INFO - Ingress_Enter CXVG3H6T
2025-03-18 01:06:45,376 - INFO - Ingress_Enter JJ6PRC44
2025-03-18 01:06:45,484 - INFO - Ingress_Enter F94T4J2P
2025-03-18 01:06:45,532 - INFO - Ingress_Enter 06VY6I7N
2025-03-18 01:06:45,541 - INFO - Ingress_Enter WV6AYU2I
2025-03-18 01:06:45,573 - INFO - Ingress_Enter WXCW5KFC
2025-03-18 01:06:45,646 - INFO - Ingress_Enter PCW5V78B
2025-03-18 01:06:45,662 - INFO - Ingress_Enter 3SRBH3LL
2025-03-18 01:06:45,687 - INFO - Ingress_Enter LHIKHNUQ
2025-03-18 01:06:45,695 - INFO - Ingress_Enter FFVY8FM9
2025-03-18 01:06:45,730 - INFO - Ingress_Enter D7JQV3HO
2025-03-18 01:06:45,841 - INFO - Ingress_Exit BFHI9450
2025-03-18 01:06:45,843 - INFO - Ingress_Exit 16RB4THL
2025-03-18 01:06:45,880 - INFO - Ingress_Enter SHQWQ62Q
2025-03-18 01:06:45,892 - INFO - Ingress_Enter IDBKXAC6
2025-03-18 01:06:45,967 - INFO - Ingress_Enter DFFBM2TQ
2025-03-18 01:06:46,039 - INFO - Ingress_Enter R93WC9YS
2025-03-18 01:06:46,072 - INFO - Ingress_Enter D04C1RWH
2025-03-18 01:06:46,197 - INFO - Ingress_Enter UAJPRDYT
2025-03-18 01:06:46,600 - INFO - Ingress_Enter ZNYXBOCM
2025-03-18 01:06:46,689 - INFO - Ingress_Exit WXCW5KFC
2025-03-18 01:06:46,690 - INFO - Ingress_Exit BP4KWH7W
2025-03-18 01:06:46,694 - INFO - Ingress_Exit CXVG3H6T
2025-03-18 01:06:46,695 - INFO - Ingress_Exit JJ6PRC44
2025-03-18 01:06:46,721 - INFO - Ingress_Enter JYNLLA7H
2025-03-18 01:06:46,786 - INFO - Ingress_Enter UXPBT45G
2025-03-18 01:06:46,858 - INFO - Ingress_Exit PCW5V78B
2025-03-18 01:06:46,979 - INFO - Ingress_Enter U18NKSLN
2025-03-18 01:06:47,047 - INFO - Ingress_Exit LHIKHNUQ
2025-03-18 01:06:47,049 - INFO - Ingress_Exit FFVY8FM9
2025-03-18 01:06:47,050 - INFO - Ingress_Exit F94T4J2P
2025-03-18 01:06:47,051 - INFO - Ingress_Exit 06VY6I7N
2025-03-18 01:06:47,198 - INFO - Ingress_Exit 3SRBH3LL
2025-03-18 01:06:47,217 - INFO - Ingress_Exit WV6AYU2I
2025-03-18 01:06:47,250 - INFO - Ingress_Enter 61Q70UW0
2025-03-18 01:06:47,268 - INFO - Ingress_Enter 1O7EYY7S
2025-03-18 01:06:47,293 - INFO - Ingress_Enter E1EO3HJE
2025-03-18 01:06:47,334 - INFO - Ingress_Enter 95VH2EA0
2025-03-18 01:06:47,350 - INFO - Ingress_Enter IFSR1SL9
2025-03-18 01:06:47,417 - INFO - Ingress_Enter D0X1D0YM
2025-03-18 01:06:47,553 - INFO - Ingress_Exit D7JQV3HO
2025-03-18 01:06:47,554 - INFO - Ingress_Exit SHQWQ62Q
2025-03-18 01:06:47,556 - INFO - Ingress_Enter ERPKEFOT
2025-03-18 01:06:47,560 - INFO - Ingress_Exit IDBKXAC6
2025-03-18 01:06:47,562 - INFO - Ingress_Exit DFFBM2TQ
2025-03-18 01:06:47,627 - INFO - Ingress_Enter LKFHXTXF
2025-03-18 01:06:47,643 - INFO - Ingress_Enter C6LN6HOS
2025-03-18 01:06:47,676 - INFO - Ingress_Enter 01ELE2OS
2025-03-18 01:06:47,705 - INFO - Ingress_Enter AZBQL8JB
2025-03-18 01:06:47,753 - INFO - Ingress_Enter V6MH0P3E
2025-03-18 01:06:47,868 - INFO - Ingress_Enter DXCV0948
2025-03-18 01:06:47,985 - INFO - Ingress_Enter ACB764LL
2025-03-18 01:06:48,001 - INFO - Ingress_Enter XU61TZPI
2025-03-18 01:06:48,057 - INFO - Ingress_Exit D04C1RWH
2025-03-18 01:06:48,058 - INFO - Ingress_Exit R93WC9YS
2025-03-18 01:06:48,084 - INFO - Ingress_Enter RW7TBPSR
2025-03-18 01:06:48,093 - INFO - Ingress_Enter SWX9A0P1
2025-03-18 01:06:48,134 - INFO - Ingress_Enter 5KB5A1WG
2025-03-18 01:06:48,218 - INFO - Ingress_Enter BER15GW6
2025-03-18 01:06:48,393 - INFO - Ingress_Enter HKCCL21D
2025-03-18 01:06:48,459 - INFO - Ingress_Enter 94ZNFMYY
2025-03-18 01:06:48,493 - INFO - Ingress_Enter 7VSWOIQ2
2025-03-18 01:06:48,654 - INFO - Ingress_Enter MP5JFH66
2025-03-18 01:06:48,692 - INFO - Ingress_Enter JZT58CS2
2025-03-18 01:06:48,701 - INFO - Ingress_Enter YDJVDYAH
2025-03-18 01:06:48,750 - INFO - Ingress_Enter CPKL1F3F
2025-03-18 01:06:48,757 - INFO - Ingress_Enter S9BIHFE6
2025-03-18 01:06:48,924 - INFO - Ingress_Enter FZ2RV17A
2025-03-18 01:06:48,939 - INFO - Ingress_Exit UAJPRDYT
2025-03-18 01:06:48,940 - INFO - Ingress_Exit ZNYXBOCM
2025-03-18 01:06:48,974 - INFO - Ingress_Enter G0P98AA8
2025-03-18 01:06:49,007 - INFO - Ingress_Enter XIUVC9EG
2025-03-18 01:06:49,111 - INFO - Ingress_Enter BDIHX6LB
2025-03-18 01:06:49,140 - INFO - Ingress_Enter 90ICAEKX
2025-03-18 01:06:49,414 - INFO - Ingress_Enter 09H2Y8JB
2025-03-18 01:06:49,422 - INFO - Ingress_Enter CUGBUQLU
2025-03-18 01:06:49,457 - INFO - Ingress_Enter 7DGQUWF1
2025-03-18 01:06:49,483 - INFO - Ingress_Enter AZK77KOW
2025-03-18 01:06:50,220 - INFO - Ingress_Exit JYNLLA7H
2025-03-18 01:06:50,221 - INFO - Ingress_Exit UXPBT45G
2025-03-18 01:06:50,222 - INFO - Ingress_Exit U18NKSLN
2025-03-18 01:06:50,224 - INFO - Ingress_Exit 61Q70UW0
2025-03-18 01:06:50,226 - INFO - Ingress_Exit 1O7EYY7S
2025-03-18 01:06:50,228 - INFO - Ingress_Exit IFSR1SL9
2025-03-18 01:06:50,231 - INFO - Ingress_Exit E1EO3HJE
2025-03-18 01:06:50,232 - INFO - Ingress_Exit ERPKEFOT
2025-03-18 01:06:50,233 - INFO - Ingress_Exit LKFHXTXF
2025-03-18 01:06:50,233 - INFO - Ingress_Exit 95VH2EA0
2025-03-18 01:06:50,234 - INFO - Ingress_Exit D0X1D0YM
2025-03-18 01:06:50,234 - INFO - Ingress_Exit C6LN6HOS
2025-03-18 01:06:50,235 - INFO - Ingress_Exit AZBQL8JB
2025-03-18 01:06:50,235 - INFO - Ingress_Exit V6MH0P3E
2025-03-18 01:06:50,236 - INFO - Ingress_Exit 01ELE2OS
2025-03-18 01:06:50,236 - INFO - Ingress_Exit DXCV0948
2025-03-18 01:06:50,237 - INFO - Ingress_Exit RW7TBPSR
2025-03-18 01:06:50,237 - INFO - Ingress_Exit SWX9A0P1
2025-03-18 01:06:50,258 - INFO - Ingress_Exit 5KB5A1WG
2025-03-18 01:06:50,259 - INFO - Ingress_Exit ACB764LL
2025-03-18 01:06:50,260 - INFO - Ingress_Exit XU61TZPI
2025-03-18 01:06:50,261 - INFO - Ingress_Exit BER15GW6
2025-03-18 01:06:50,262 - INFO - Ingress_Exit JZT58CS2
2025-03-18 01:06:50,263 - INFO - Ingress_Exit HKCCL21D
2025-03-18 01:06:50,265 - INFO - Ingress_Exit YDJVDYAH
2025-03-18 01:06:50,266 - INFO - Ingress_Exit CPKL1F3F
2025-03-18 01:06:50,267 - INFO - Ingress_Exit 94ZNFMYY
2025-03-18 01:06:50,620 - INFO - Ingress_Exit 7VSWOIQ2
2025-03-18 01:06:50,622 - INFO - Ingress_Exit MP5JFH66
2025-03-18 01:06:50,623 - INFO - Ingress_Exit S9BIHFE6
2025-03-18 01:06:50,726 - INFO - Ingress_Enter K24IRLE4
2025-03-18 01:06:50,752 - INFO - Ingress_Enter J86HIMAY
2025-03-18 01:06:50,876 - INFO - Ingress_Enter 2XZ4QMBJ
2025-03-18 01:06:50,893 - INFO - Ingress_Enter EOCVWJ5K
2025-03-18 01:06:50,917 - INFO - Ingress_Enter J4QW261O
2025-03-18 01:06:50,921 - INFO - Ingress_Exit FZ2RV17A
2025-03-18 01:06:50,923 - INFO - Ingress_Exit G0P98AA8
2025-03-18 01:06:50,925 - INFO - Ingress_Exit XIUVC9EG
2025-03-18 01:06:50,927 - INFO - Ingress_Exit BDIHX6LB
2025-03-18 01:06:51,032 - INFO - Ingress_Enter OV2RDXCR
2025-03-18 01:06:51,103 - INFO - Ingress_Exit 90ICAEKX
2025-03-18 01:06:51,107 - INFO - Ingress_Enter FZ8T442T
2025-03-18 01:06:51,117 - INFO - Ingress_Enter 303BM261
2025-03-18 01:06:51,206 - INFO - Ingress_Enter 6R35ZF3V
2025-03-18 01:06:51,257 - INFO - Ingress_Enter URG134IU
2025-03-18 01:06:51,320 - INFO - Ingress_Enter TUOA5ODK
2025-03-18 01:06:51,344 - INFO - Ingress_Enter JZM6OA5Z
2025-03-18 01:06:51,466 - INFO - Ingress_Enter 95CXMLEJ
2025-03-18 01:06:51,599 - INFO - Ingress_Enter D1F2QYJP
2025-03-18 01:06:51,713 - INFO - Ingress_Enter U1ABBHZG
2025-03-18 01:06:51,731 - INFO - Ingress_Enter BQUCIQ51
2025-03-18 01:06:51,764 - INFO - Ingress_Enter EGJFJ9ZJ
2025-03-18 01:06:51,774 - INFO - Ingress_Enter 08J9Q5ZA
2025-03-18 01:06:51,795 - INFO - Ingress_Enter F3J2N2WH
2025-03-18 01:06:51,813 - INFO - Ingress_Enter NGGBVW5O
2025-03-18 01:06:51,858 - INFO - Ingress_Enter 1YTLI02P
2025-03-18 01:06:51,970 - INFO - Ingress_Exit 09H2Y8JB
2025-03-18 01:06:51,974 - INFO - Ingress_Exit 7DGQUWF1
2025-03-18 01:06:52,015 - INFO - Ingress_Enter 3HQK4NJE
2025-03-18 01:06:52,081 - INFO - Ingress_Enter A3QTJS23
2025-03-18 01:06:52,157 - INFO - Ingress_Enter BXCNI19J
2025-03-18 01:06:52,180 - INFO - Ingress_Enter RVDDKCRF
2025-03-18 01:06:52,333 - INFO - Ingress_Enter 22QGT67Y
2025-03-18 01:06:52,335 - INFO - Ingress_Exit AZK77KOW
2025-03-18 01:06:52,336 - INFO - Ingress_Exit K24IRLE4
2025-03-18 01:06:52,347 - INFO - Ingress_Exit CUGBUQLU
2025-03-18 01:06:52,375 - INFO - Ingress_Enter UA51LSIP
2025-03-18 01:06:52,710 - INFO - Ingress_Exit J86HIMAY
2025-03-18 01:06:52,711 - INFO - Ingress_Exit 2XZ4QMBJ
2025-03-18 01:06:52,712 - INFO - Ingress_Exit J4QW261O
2025-03-18 01:06:52,713 - INFO - Ingress_Exit EOCVWJ5K
2025-03-18 01:06:52,719 - INFO - Ingress_Exit OV2RDXCR
2025-03-18 01:06:52,721 - INFO - Ingress_Exit FZ8T442T
2025-03-18 01:06:52,723 - INFO - Ingress_Exit 303BM261
2025-03-18 01:06:52,736 - INFO - Ingress_Enter MD364J7L
2025-03-18 01:06:52,826 - INFO - Ingress_Enter IPVJ1SXQ
2025-03-18 01:06:52,830 - INFO - Ingress_Exit 6R35ZF3V
2025-03-18 01:06:52,844 - INFO - Ingress_Enter VK492ZJX
2025-03-18 01:06:52,856 - INFO - Ingress_Exit URG134IU
2025-03-18 01:06:52,885 - INFO - Ingress_Enter R3SI7KW2
2025-03-18 01:06:52,894 - INFO - Ingress_Enter UPY2SG7M
2025-03-18 01:06:53,023 - INFO - Ingress_Enter 6HSJHNE2
2025-03-18 01:06:53,048 - INFO - Ingress_Enter T3ZLVHSS
2025-03-18 01:06:53,130 - INFO - Ingress_Enter 527THUXB
2025-03-18 01:06:53,138 - INFO - Ingress_Enter BAKVHZ2L
2025-03-18 01:06:53,174 - INFO - Ingress_Enter 31NB5GDZ
2025-03-18 01:06:53,216 - INFO - Ingress_Enter LPCHVS94
2025-03-18 01:06:53,358 - INFO - Ingress_Enter 9K2650F2
2025-03-18 01:06:53,430 - INFO - Ingress_Enter PHBWF72I
2025-03-18 01:06:53,600 - INFO - Ingress_Exit TUOA5ODK
2025-03-18 01:06:53,601 - INFO - Ingress_Exit JZM6OA5Z
2025-03-18 01:06:53,602 - INFO - Ingress_Exit 95CXMLEJ
2025-03-18 01:06:53,604 - INFO - Ingress_Exit D1F2QYJP
2025-03-18 01:06:53,604 - INFO - Ingress_Exit 1YTLI02P
2025-03-18 01:06:53,605 - INFO - Ingress_Exit U1ABBHZG
2025-03-18 01:06:53,607 - INFO - Ingress_Exit BQUCIQ51
2025-03-18 01:06:53,609 - INFO - Ingress_Exit EGJFJ9ZJ
2025-03-18 01:06:53,610 - INFO - Ingress_Exit F3J2N2WH
2025-03-18 01:06:53,746 - INFO - Ingress_Enter IX37T7AE
2025-03-18 01:06:53,814 - INFO - Ingress_Enter GFKS5RIU
2025-03-18 01:06:53,898 - INFO - Ingress_Enter SAESJKRQ
2025-03-18 01:06:53,915 - INFO - Ingress_Enter JLF450A7
2025-03-18 01:06:54,121 - INFO - Ingress_Exit 08J9Q5ZA
2025-03-18 01:06:54,122 - INFO - Ingress_Exit NGGBVW5O
2025-03-18 01:06:54,123 - INFO - Ingress_Exit 3HQK4NJE
2025-03-18 01:06:54,127 - INFO - Ingress_Exit BXCNI19J
2025-03-18 01:06:54,129 - INFO - Ingress_Exit RVDDKCRF
2025-03-18 01:06:54,129 - INFO - Ingress_Exit A3QTJS23
2025-03-18 01:06:54,130 - INFO - Ingress_Exit UA51LSIP
2025-03-18 01:06:54,138 - INFO - Ingress_Enter CH8RPT0H
2025-03-18 01:06:54,162 - INFO - Ingress_Exit 22QGT67Y
2025-03-18 01:06:54,217 - INFO - Ingress_Enter SAAW0LGY
2025-03-18 01:06:54,274 - INFO - Ingress_Enter IWBTXNQV
2025-03-18 01:06:54,290 - INFO - Ingress_Enter TFGM2QOM
2025-03-18 01:06:54,332 - INFO - Ingress_Enter UN11PACD
2025-03-18 01:06:54,340 - INFO - Ingress_Enter O4QG9YJI
2025-03-18 01:06:54,448 - INFO - Ingress_Enter MLF9KLJL
2025-03-18 01:06:54,466 - INFO - Ingress_Exit IPVJ1SXQ
2025-03-18 01:06:54,469 - INFO - Ingress_Exit VK492ZJX
2025-03-18 01:06:54,471 - INFO - Ingress_Exit R3SI7KW2
2025-03-18 01:06:54,471 - INFO - Ingress_Exit 6HSJHNE2
2025-03-18 01:06:54,472 - INFO - Ingress_Exit T3ZLVHSS
2025-03-18 01:06:54,506 - INFO - Ingress_Enter E0GN2MV8
2025-03-18 01:06:54,572 - INFO - Ingress_Enter U64CO5U1
2025-03-18 01:06:54,623 - INFO - Ingress_Exit MD364J7L
2025-03-18 01:06:54,624 - INFO - Ingress_Exit BAKVHZ2L
2025-03-18 01:06:54,637 - INFO - Ingress_Exit LPCHVS94
2025-03-18 01:06:54,675 - INFO - Ingress_Enter 3BKSS3W8
2025-03-18 01:06:54,783 - INFO - Ingress_Exit 31NB5GDZ
2025-03-18 01:06:54,880 - INFO - Ingress_Enter 0AYW71UG
2025-03-18 01:06:55,067 - INFO - Ingress_Enter UQR7OEH5
2025-03-18 01:06:55,107 - INFO - Ingress_Enter TRX7LSXF
2025-03-18 01:06:55,124 - INFO - Ingress_Enter ZB4IIKC8
2025-03-18 01:06:55,292 - INFO - Ingress_Enter EMT5QL13
2025-03-18 01:06:55,350 - INFO - Ingress_Enter TT2MNEW3
2025-03-18 01:06:55,375 - INFO - Ingress_Enter CJSYB41T
2025-03-18 01:06:55,388 - INFO - Ingress_Exit UPY2SG7M
2025-03-18 01:06:55,389 - INFO - Ingress_Exit 527THUXB
2025-03-18 01:06:55,517 - INFO - Ingress_Exit PHBWF72I
2025-03-18 01:06:55,579 - INFO - Ingress_Enter F6OGVX2M
2025-03-18 01:06:55,596 - INFO - Ingress_Enter CRDUUEPG
2025-03-18 01:06:55,712 - INFO - Ingress_Exit 9K2650F2
2025-03-18 01:06:55,715 - INFO - Ingress_Exit JLF450A7
2025-03-18 01:06:55,716 - INFO - Ingress_Exit IX37T7AE
2025-03-18 01:06:55,718 - INFO - Ingress_Exit CH8RPT0H
2025-03-18 01:06:55,720 - INFO - Ingress_Enter NZTLDXKB
2025-03-18 01:06:55,721 - INFO - Ingress_Exit SAESJKRQ
2025-03-18 01:06:55,721 - INFO - Ingress_Exit GFKS5RIU
2025-03-18 01:06:55,722 - INFO - Ingress_Exit TFGM2QOM
2025-03-18 01:06:55,725 - INFO - Ingress_Exit O4QG9YJI
2025-03-18 01:06:55,740 - INFO - Ingress_Enter 82CS8GG9
2025-03-18 01:06:55,763 - INFO - Ingress_Enter F5XYFJ1F
2025-03-18 01:06:55,770 - INFO - Ingress_Enter 843MANQ1
2025-03-18 01:06:55,876 - INFO - Ingress_Exit SAAW0LGY
2025-03-18 01:06:55,877 - INFO - Ingress_Exit IWBTXNQV
2025-03-18 01:06:55,882 - INFO - Ingress_Exit UN11PACD
2025-03-18 01:06:55,883 - INFO - Ingress_Exit E0GN2MV8
2025-03-18 01:06:55,984 - INFO - Ingress_Enter V0M673KD
2025-03-18 01:06:56,026 - INFO - Ingress_Enter T2RG5HNC
2025-03-18 01:06:56,049 - INFO - Ingress_Enter DHPC4X18
2025-03-18 01:06:56,083 - INFO - Ingress_Enter OETWFB32
2025-03-18 01:06:56,203 - INFO - Ingress_Enter 2ENX56IB
2025-03-18 01:06:56,307 - INFO - Ingress_Enter COV03UCV
2025-03-18 01:06:56,342 - INFO - Ingress_Enter TPNX9SXI
2025-03-18 01:06:56,572 - INFO - Ingress_Enter MICC5M3T
2025-03-18 01:06:56,660 - INFO - Ingress_Exit 3BKSS3W8
2025-03-18 01:06:56,721 - INFO - Ingress_Exit MLF9KLJL
2025-03-18 01:06:56,724 - INFO - Ingress_Exit U64CO5U1
2025-03-18 01:06:56,727 - INFO - Ingress_Exit 0AYW71UG
2025-03-18 01:06:56,884 - INFO - Ingress_Enter UOI3ERNR
2025-03-18 01:06:57,015 - INFO - Ingress_Enter X7D5O7E6
2025-03-18 01:06:57,108 - INFO - Ingress_Enter 3KPKLFE5
2025-03-18 01:06:57,215 - INFO - Ingress_Exit UQR7OEH5
2025-03-18 01:06:57,217 - INFO - Ingress_Exit EMT5QL13
2025-03-18 01:06:57,218 - INFO - Ingress_Exit TT2MNEW3
2025-03-18 01:06:57,221 - INFO - Ingress_Exit ZB4IIKC8
2025-03-18 01:06:57,276 - INFO - Ingress_Enter 81JYYZZM
2025-03-18 01:06:57,296 - INFO - Ingress_Exit TRX7LSXF
2025-03-18 01:06:57,318 - INFO - Ingress_Enter SVOQ9DEH
2025-03-18 01:06:57,327 - INFO - Ingress_Enter 5AW02H61
2025-03-18 01:06:57,462 - INFO - Ingress_Enter CJJNSCCY
2025-03-18 01:06:57,479 - INFO - Ingress_Enter AGWDJ2CN
2025-03-18 01:06:57,502 - INFO - Ingress_Enter HP9D1AGD
2025-03-18 01:06:57,619 - INFO - Ingress_Exit CRDUUEPG
2025-03-18 01:06:57,621 - INFO - Ingress_Exit 82CS8GG9
2025-03-18 01:06:57,622 - INFO - Ingress_Exit T2RG5HNC
2025-03-18 01:06:57,625 - INFO - Ingress_Exit OETWFB32
2025-03-18 01:06:57,627 - INFO - Ingress_Exit 2ENX56IB
2025-03-18 01:06:57,632 - INFO - Ingress_Exit NZTLDXKB
2025-03-18 01:06:57,634 - INFO - Ingress_Exit V0M673KD
2025-03-18 01:06:57,669 - INFO - Ingress_Enter G5TUA0QQ
2025-03-18 01:06:57,669 - INFO - Ingress_Exit CJSYB41T
2025-03-18 01:06:57,670 - INFO - Ingress_Exit F6OGVX2M
2025-03-18 01:06:57,794 - INFO - Ingress_Enter LILWNJWH
2025-03-18 01:06:57,802 - INFO - Ingress_Enter 7SAMH6RT
2025-03-18 01:06:58,194 - INFO - Ingress_Enter PFY4F1MG
2025-03-18 01:06:58,281 - INFO - Ingress_Enter W3OUO4AZ
2025-03-18 01:06:58,478 - INFO - Ingress_Exit F5XYFJ1F
2025-03-18 01:06:58,480 - INFO - Ingress_Exit 843MANQ1
2025-03-18 01:06:58,484 - INFO - Ingress_Exit DHPC4X18
2025-03-18 01:06:58,485 - INFO - Ingress_Exit COV03UCV
2025-03-18 01:06:58,486 - INFO - Ingress_Exit TPNX9SXI
2025-03-18 01:06:58,514 - INFO - Ingress_Enter J7PA6NSR
2025-03-18 01:06:58,532 - INFO - Ingress_Exit MICC5M3T
2025-03-18 01:06:58,547 - INFO - Ingress_Enter 7VBP74JL
2025-03-18 01:06:58,613 - INFO - Ingress_Enter 4V8A9XH6
2025-03-18 01:06:58,720 - INFO - Ingress_Enter ERUR39VG
2025-03-18 01:06:58,802 - INFO - Ingress_Enter 6Q98BLO4
2025-03-18 01:06:58,817 - INFO - Ingress_Enter G39HH6C9
2025-03-18 01:06:58,928 - INFO - Ingress_Enter QO072M4T
2025-03-18 01:06:58,936 - INFO - Ingress_Enter 2RWHC5NZ
2025-03-18 01:06:58,947 - INFO - Ingress_Enter LQHZQW5F
2025-03-18 01:06:58,989 - INFO - Ingress_Exit UOI3ERNR
2025-03-18 01:06:58,991 - INFO - Ingress_Exit X7D5O7E6
2025-03-18 01:06:58,993 - INFO - Ingress_Exit 3KPKLFE5
2025-03-18 01:06:58,993 - INFO - Ingress_Exit 81JYYZZM
2025-03-18 01:06:58,995 - INFO - Ingress_Exit SVOQ9DEH
2025-03-18 01:06:58,998 - INFO - Ingress_Enter FMP8956X
2025-03-18 01:06:58,998 - INFO - Ingress_Exit 5AW02H61
2025-03-18 01:06:59,079 - INFO - Ingress_Enter PYQEOXL6
2025-03-18 01:06:59,195 - INFO - Ingress_Exit CJJNSCCY
2025-03-18 01:06:59,295 - INFO - Ingress_Enter 5V37806W
2025-03-18 01:06:59,319 - INFO - Ingress_Enter Y8S2SPO5
2025-03-18 01:06:59,351 - INFO - Ingress_Exit HP9D1AGD
2025-03-18 01:06:59,379 - INFO - Ingress_Enter 2YP9KKOL
2025-03-18 01:06:59,447 - INFO - Ingress_Exit AGWDJ2CN
2025-03-18 01:06:59,514 - INFO - Ingress_Enter 50H4KVMF
2025-03-18 01:06:59,538 - INFO - Ingress_Enter I7UPKLUW
2025-03-18 01:06:59,596 - INFO - Ingress_Enter H0E7RN3K
2025-03-18 01:06:59,686 - INFO - Ingress_Enter US72HZBW
2025-03-18 01:06:59,776 - INFO - Ingress_Enter XQPQ3PJ7
2025-03-18 01:06:59,789 - INFO - Ingress_Enter QABBOI7V
2025-03-18 01:06:59,843 - INFO - Ingress_Enter LBA9KC8F
2025-03-18 01:06:59,869 - INFO - Ingress_Enter HZ2HA1Y9
2025-03-18 01:06:59,886 - INFO - Ingress_Enter 5HML0Y6R
2025-03-18 01:06:59,895 - INFO - Ingress_Enter AXW9NW4C
2025-03-18 01:07:00,092 - INFO - Ingress_Enter EG2UPHB1
2025-03-18 01:07:00,158 - INFO - Ingress_Enter ACRJXADE
2025-03-18 01:07:00,307 - INFO - Ingress_Enter E7MY8MI3
2025-03-18 01:07:00,435 - INFO - Ingress_Enter HN3JLL8I
2025-03-18 01:07:00,820 - INFO - Ingress_Enter Z966BZQN
2025-03-18 01:07:01,233 - INFO - Ingress_Enter BN8IQ0KW
2025-03-18 01:07:01,400 - INFO - Ingress_Enter 8D2A213T
2025-03-18 01:07:01,650 - INFO - Ingress_Enter MA91INQA
2025-03-18 01:07:01,750 - INFO - Ingress_Enter S5Z73MFQ
2025-03-18 01:07:01,818 - INFO - Ingress_Enter SB9SKRQ9
2025-03-18 01:07:01,929 - INFO - Ingress_Enter IDU6E6N4
2025-03-18 01:07:01,995 - INFO - Ingress_Enter F05FTQ3O
2025-03-18 01:07:02,381 - INFO - Ingress_Enter 9H4WZFFX
2025-03-18 01:07:02,403 - INFO - Ingress_Enter 7447TXF4
2025-03-18 01:07:02,452 - INFO - Ingress_Enter XRJJDM3B
2025-03-18 01:07:02,491 - INFO - Ingress_Enter 80XDRQ10
2025-03-18 01:07:03,210 - INFO - Ingress_Enter RMP5HCCH
2025-03-18 01:07:03,211 - INFO - Ingress_Enter IOX3ZVSL
2025-03-18 01:07:03,264 - INFO - Ingress_Enter F60AWVC4
2025-03-18 01:07:03,497 - INFO - Ingress_Enter R6UXEC5O
2025-03-18 01:07:03,497 - INFO - Ingress_Exit LILWNJWH
2025-03-18 01:07:03,498 - INFO - Ingress_Exit G5TUA0QQ
2025-03-18 01:07:03,499 - INFO - Ingress_Exit 7SAMH6RT
2025-03-18 01:07:03,501 - INFO - Ingress_Exit W3OUO4AZ
2025-03-18 01:07:03,501 - INFO - Ingress_Exit PFY4F1MG
2025-03-18 01:07:03,505 - INFO - Ingress_Exit J7PA6NSR
2025-03-18 01:07:03,506 - INFO - Ingress_Exit 7VBP74JL
2025-03-18 01:07:03,507 - INFO - Ingress_Exit 4V8A9XH6
2025-03-18 01:07:03,509 - INFO - Ingress_Exit ERUR39VG
2025-03-18 01:07:03,565 - INFO - Ingress_Enter HR30TUL8
2025-03-18 01:07:03,598 - INFO - Ingress_Enter FLVB00U1
2025-03-18 01:07:03,698 - INFO - Ingress_Enter 6LX0XNEA
2025-03-18 01:07:03,715 - INFO - Ingress_Enter 821TYU80
2025-03-18 01:07:03,824 - INFO - Ingress_Enter PECFARDK
2025-03-18 01:07:03,914 - INFO - Ingress_Enter PFVGOZU5
2025-03-18 01:07:04,030 - INFO - Ingress_Enter FKNC7WZE
2025-03-18 01:07:04,335 - INFO - Ingress_Enter ICK405SN
2025-03-18 01:07:04,402 - INFO - Ingress_Enter JF50L67A
2025-03-18 01:07:04,505 - INFO - Ingress_Enter M8ZXJ98O
2025-03-18 01:07:04,546 - INFO - Ingress_Enter XWCFZWMT
2025-03-18 01:07:04,612 - INFO - Ingress_Enter 5MO1A4RJ
2025-03-18 01:07:04,752 - INFO - Ingress_Enter PAUX79V7
2025-03-18 01:07:05,339 - INFO - Ingress_Enter 2PEWQ6MK
2025-03-18 01:07:05,427 - INFO - Ingress_Enter E7YVTT2Z
2025-03-18 01:07:05,654 - INFO - Ingress_Exit 2RWHC5NZ
2025-03-18 01:07:05,655 - INFO - Ingress_Exit Y8S2SPO5
2025-03-18 01:07:05,656 - INFO - Ingress_Exit 2YP9KKOL
2025-03-18 01:07:05,665 - INFO - Ingress_Exit 5V37806W
2025-03-18 01:07:05,666 - INFO - Ingress_Exit 50H4KVMF
2025-03-18 01:07:05,667 - INFO - Ingress_Exit FMP8956X
2025-03-18 01:07:05,668 - INFO - Ingress_Exit PYQEOXL6
2025-03-18 01:07:05,671 - INFO - Ingress_Exit US72HZBW
2025-03-18 01:07:05,671 - INFO - Ingress_Exit XQPQ3PJ7
2025-03-18 01:07:05,672 - INFO - Ingress_Exit I7UPKLUW
2025-03-18 01:07:05,678 - INFO - Ingress_Exit 6Q98BLO4
2025-03-18 01:07:05,679 - INFO - Ingress_Exit G39HH6C9
2025-03-18 01:07:05,680 - INFO - Ingress_Exit QO072M4T
2025-03-18 01:07:05,681 - INFO - Ingress_Exit LQHZQW5F
2025-03-18 01:07:05,998 - INFO - Ingress_Enter 3CQ61L75
2025-03-18 01:07:06,020 - INFO - Ingress_Exit H0E7RN3K
2025-03-18 01:07:06,021 - INFO - Ingress_Exit HZ2HA1Y9
2025-03-18 01:07:06,022 - INFO - Ingress_Exit 5HML0Y6R
2025-03-18 01:07:06,024 - INFO - Ingress_Exit AXW9NW4C
2025-03-18 01:07:06,026 - INFO - Ingress_Exit E7MY8MI3
2025-03-18 01:07:06,027 - INFO - Ingress_Exit QABBOI7V
2025-03-18 01:07:06,027 - INFO - Ingress_Exit LBA9KC8F
2025-03-18 01:07:06,029 - INFO - Ingress_Exit HN3JLL8I
2025-03-18 01:07:06,030 - INFO - Ingress_Exit EG2UPHB1
2025-03-18 01:07:06,030 - INFO - Ingress_Exit ACRJXADE
2025-03-18 01:07:06,031 - INFO - Ingress_Exit Z966BZQN
2025-03-18 01:07:06,034 - INFO - Ingress_Exit BN8IQ0KW
2025-03-18 01:07:06,035 - INFO - Ingress_Exit 8D2A213T
2025-03-18 01:07:06,139 - INFO - Ingress_Enter OB5KVE7J
2025-03-18 01:07:06,155 - INFO - Ingress_Enter GN2H7UL4
2025-03-18 01:07:06,164 - INFO - Ingress_Enter IKYT4BR4
2025-03-18 01:07:06,175 - INFO - Ingress_Exit MA91INQA
2025-03-18 01:07:06,175 - INFO - Ingress_Exit IDU6E6N4
2025-03-18 01:07:06,178 - INFO - Ingress_Exit S5Z73MFQ
2025-03-18 01:07:06,179 - INFO - Ingress_Exit SB9SKRQ9
2025-03-18 01:07:06,180 - INFO - Ingress_Exit F05FTQ3O
2025-03-18 01:07:06,182 - INFO - Ingress_Exit 9H4WZFFX
2025-03-18 01:07:06,183 - INFO - Ingress_Exit 7447TXF4
2025-03-18 01:07:06,184 - INFO - Ingress_Enter 4V18D6MX
2025-03-18 01:07:06,187 - INFO - Ingress_Exit XRJJDM3B
2025-03-18 01:07:06,188 - INFO - Ingress_Exit 80XDRQ10
2025-03-18 01:07:06,188 - INFO - Ingress_Exit IOX3ZVSL
2025-03-18 01:07:06,188 - INFO - Ingress_Exit RMP5HCCH
2025-03-18 01:07:06,189 - INFO - Ingress_Exit F60AWVC4
2025-03-18 01:07:06,191 - INFO - Ingress_Exit FLVB00U1
2025-03-18 01:07:06,192 - INFO - Ingress_Exit PFVGOZU5
2025-03-18 01:07:06,192 - INFO - Ingress_Exit FKNC7WZE
2025-03-18 01:07:06,193 - INFO - Ingress_Exit ICK405SN
2025-03-18 01:07:06,256 - INFO - Ingress_Exit R6UXEC5O
2025-03-18 01:07:06,257 - INFO - Ingress_Exit HR30TUL8
2025-03-18 01:07:06,259 - INFO - Ingress_Exit 6LX0XNEA
2025-03-18 01:07:06,260 - INFO - Ingress_Exit 821TYU80
2025-03-18 01:07:06,262 - INFO - Ingress_Exit PECFARDK
2025-03-18 01:07:06,264 - INFO - Ingress_Enter IUQRMRX9
2025-03-18 01:07:06,265 - INFO - Ingress_Exit JF50L67A
2025-03-18 01:07:06,295 - INFO - Ingress_Enter YII2I5FL
2025-03-18 01:07:06,303 - INFO - Ingress_Enter ARR7ND34
2025-03-18 01:07:06,504 - INFO - Ingress_Exit M8ZXJ98O
2025-03-18 01:07:06,506 - INFO - Ingress_Exit PAUX79V7
2025-03-18 01:07:06,603 - INFO - Ingress_Enter ME7P7YGJ
2025-03-18 01:07:06,610 - INFO - Ingress_Enter POLGL5LV
2025-03-18 01:07:06,761 - INFO - Ingress_Enter O4MX1FX6
2025-03-18 01:07:06,801 - INFO - Ingress_Enter NFH0FL9R
2025-03-18 01:07:06,847 - INFO - Ingress_Enter KW388KPE
2025-03-18 01:07:06,855 - INFO - Ingress_Enter EEXRI34N
2025-03-18 01:07:06,879 - INFO - Ingress_Enter 804NWGP2
2025-03-18 01:07:06,956 - INFO - Ingress_Enter 3C08IXD9
2025-03-18 01:07:06,996 - INFO - Ingress_Exit XWCFZWMT
2025-03-18 01:07:07,011 - INFO - Ingress_Enter YUL6VUJF
2025-03-18 01:07:07,027 - INFO - Ingress_Enter 5MGL7XIN
2025-03-18 01:07:07,095 - INFO - Ingress_Enter 0FPIS0DQ
2025-03-18 01:07:07,112 - INFO - Ingress_Enter E9QX4KXC
2025-03-18 01:07:07,113 - INFO - Ingress_Exit 5MO1A4RJ
2025-03-18 01:07:07,124 - INFO - Ingress_Enter LSF9MM02
2025-03-18 01:07:07,334 - INFO - Ingress_Enter WYCXJZQ1
2025-03-18 01:07:07,490 - INFO - Ingress_Enter ID0AA2QK
2025-03-18 01:07:07,529 - INFO - Ingress_Enter 9XB4V0RW
2025-03-18 01:07:07,544 - INFO - Ingress_Enter 3XZ5EVCD
2025-03-18 01:07:07,602 - INFO - Ingress_Enter 2EHXILUC
2025-03-18 01:07:07,670 - INFO - Ingress_Enter 8YDC6HEL
2025-03-18 01:07:07,677 - INFO - Ingress_Exit 2PEWQ6MK
2025-03-18 01:07:07,719 - INFO - Ingress_Enter 5A6GDQ1C
2025-03-18 01:07:07,777 - INFO - Ingress_Enter BWA0662I
2025-03-18 01:07:07,786 - INFO - Ingress_Enter PP6MN3QZ
2025-03-18 01:07:07,809 - INFO - Ingress_Enter AGQOGZ5X
2025-03-18 01:07:07,892 - INFO - Ingress_Enter CJLKV03W
2025-03-18 01:07:07,916 - INFO - Ingress_Enter WCKLNJWQ
2025-03-18 01:07:07,927 - INFO - Ingress_Enter A1LCS8OM
2025-03-18 01:07:07,935 - INFO - Ingress_Enter R6XP9SB3
2025-03-18 01:07:08,016 - INFO - Ingress_Enter BRWZ1PMD
2025-03-18 01:07:08,076 - INFO - Ingress_Enter 2V9ILQEH
2025-03-18 01:07:08,218 - INFO - Ingress_Enter OHPH9GFA
2025-03-18 01:07:08,309 - INFO - Ingress_Enter YKO7U92Z
2025-03-18 01:07:08,334 - INFO - Ingress_Enter 9SW4FR5Y
2025-03-18 01:07:08,466 - INFO - Ingress_Enter SFBB0M54
2025-03-18 01:07:08,499 - INFO - Ingress_Enter UXNLW8RM
2025-03-18 01:07:08,582 - INFO - Ingress_Exit E7YVTT2Z
2025-03-18 01:07:08,584 - INFO - Ingress_Exit 3CQ61L75
2025-03-18 01:07:08,585 - INFO - Ingress_Exit GN2H7UL4
2025-03-18 01:07:08,587 - INFO - Ingress_Exit OB5KVE7J
2025-03-18 01:07:08,589 - INFO - Ingress_Exit 4V18D6MX
2025-03-18 01:07:08,590 - INFO - Ingress_Exit IKYT4BR4
2025-03-18 01:07:08,665 - INFO - Ingress_Enter 7UVYCS5M
2025-03-18 01:07:08,725 - INFO - Ingress_Enter RBCNP6OS
2025-03-18 01:07:08,799 - INFO - Ingress_Enter 2WV2EX7N
2025-03-18 01:07:08,807 - INFO - Ingress_Enter 8FM95H6Y
2025-03-18 01:07:08,838 - INFO - Ingress_Enter IA82LEFD
2025-03-18 01:07:08,885 - INFO - Ingress_Enter RBLH0NT2
2025-03-18 01:07:08,967 - INFO - Ingress_Enter IFR5RXQX
2025-03-18 01:07:09,000 - INFO - Ingress_Enter X3SMI7PU
2025-03-18 01:07:09,017 - INFO - Ingress_Enter LFANHTF8
2025-03-18 01:07:09,025 - INFO - Ingress_Enter SOADJ9QK
2025-03-18 01:07:09,066 - INFO - Ingress_Enter X8ORFTNM
2025-03-18 01:07:09,082 - INFO - Ingress_Enter DCC4IDYT
2025-03-18 01:07:09,108 - INFO - Ingress_Enter FEX5G1QU
2025-03-18 01:07:09,132 - INFO - Ingress_Enter 9B2KHVAV
2025-03-18 01:07:09,247 - INFO - Ingress_Enter 79IXQLH0
2025-03-18 01:07:09,312 - INFO - Ingress_Enter HOZRSULR
2025-03-18 01:07:09,354 - INFO - Ingress_Enter LP3H1K6S
2025-03-18 01:07:09,379 - INFO - Ingress_Enter K8K9C3XE
2025-03-18 01:07:09,423 - INFO - Ingress_Enter UR7L4TW9
2025-03-18 01:07:09,498 - INFO - Ingress_Enter CDRG20LO
2025-03-18 01:07:09,514 - INFO - Ingress_Enter X0W8R4BA
2025-03-18 01:07:09,523 - INFO - Ingress_Enter S80TXBI9
2025-03-18 01:07:10,045 - INFO - Ingress_Enter DQ2OM9R4
2025-03-18 01:07:10,284 - INFO - Ingress_Enter 28U3VPU2
2025-03-18 01:07:10,806 - INFO - Ingress_Exit YII2I5FL
2025-03-18 01:07:10,940 - INFO - Ingress_Exit ARR7ND34
2025-03-18 01:07:10,942 - INFO - Ingress_Exit IUQRMRX9
2025-03-18 01:07:10,942 - INFO - Ingress_Exit ME7P7YGJ
2025-03-18 01:07:10,943 - INFO - Ingress_Exit POLGL5LV
2025-03-18 01:07:10,944 - INFO - Ingress_Exit KW388KPE
2025-03-18 01:07:10,945 - INFO - Ingress_Exit EEXRI34N
2025-03-18 01:07:11,823 - INFO - Ingress_Enter 6NPL0E10
2025-03-18 01:07:11,941 - INFO - Ingress_Exit 804NWGP2
2025-03-18 01:07:11,947 - INFO - Ingress_Exit 3C08IXD9
2025-03-18 01:07:11,948 - INFO - Ingress_Exit YUL6VUJF
2025-03-18 01:07:12,065 - INFO - Ingress_Enter WXGLN2O6
2025-03-18 01:07:12,189 - INFO - Ingress_Enter J3I6SFKQ
2025-03-18 01:07:12,229 - INFO - Ingress_Enter WH0YC98J
2025-03-18 01:07:12,238 - INFO - Ingress_Enter 0QQ46TVQ
2025-03-18 01:07:12,354 - INFO - Ingress_Exit NFH0FL9R
2025-03-18 01:07:12,356 - INFO - Ingress_Exit O4MX1FX6
2025-03-18 01:07:12,357 - INFO - Ingress_Exit E9QX4KXC
2025-03-18 01:07:12,358 - INFO - Ingress_Exit 5MGL7XIN
2025-03-18 01:07:12,360 - INFO - Ingress_Exit 0FPIS0DQ
2025-03-18 01:07:12,361 - INFO - Ingress_Exit LSF9MM02
2025-03-18 01:07:12,361 - INFO - Ingress_Exit 3XZ5EVCD
2025-03-18 01:07:12,362 - INFO - Ingress_Exit 2EHXILUC
2025-03-18 01:07:12,363 - INFO - Ingress_Exit WYCXJZQ1
2025-03-18 01:07:12,412 - INFO - Ingress_Enter 70ZA9N18
2025-03-18 01:07:12,478 - INFO - Ingress_Enter KN8J00LJ
2025-03-18 01:07:12,545 - INFO - Ingress_Enter 7IZ6U4GG
2025-03-18 01:07:12,744 - INFO - Ingress_Enter MZRPK14N
2025-03-18 01:07:12,784 - INFO - Ingress_Enter OVA8I2CR
2025-03-18 01:07:12,944 - INFO - Ingress_Exit 8YDC6HEL
2025-03-18 01:07:12,945 - INFO - Ingress_Exit 5A6GDQ1C
2025-03-18 01:07:12,946 - INFO - Ingress_Exit BWA0662I
2025-03-18 01:07:12,948 - INFO - Ingress_Exit AGQOGZ5X
2025-03-18 01:07:12,950 - INFO - Ingress_Enter DJEQPH1N
2025-03-18 01:07:12,951 - INFO - Ingress_Exit ID0AA2QK
2025-03-18 01:07:12,952 - INFO - Ingress_Exit 9XB4V0RW
2025-03-18 01:07:12,952 - INFO - Ingress_Exit CJLKV03W
2025-03-18 01:07:12,965 - INFO - Ingress_Enter 0BJ8YWQL
2025-03-18 01:07:13,031 - INFO - Ingress_Enter E4H55PI9
2025-03-18 01:07:13,091 - INFO - Ingress_Enter WNXTIE58
2025-03-18 01:07:13,117 - INFO - Ingress_Enter JZBX4F3Q
2025-03-18 01:07:13,182 - INFO - Ingress_Enter JCS4KBPM
2025-03-18 01:07:13,196 - INFO - Ingress_Exit PP6MN3QZ
2025-03-18 01:07:13,198 - INFO - Ingress_Exit A1LCS8OM
2025-03-18 01:07:13,200 - INFO - Ingress_Exit R6XP9SB3
2025-03-18 01:07:13,287 - INFO - Ingress_Enter 3SO792O6
2025-03-18 01:07:13,320 - INFO - Ingress_Exit YKO7U92Z
2025-03-18 01:07:13,321 - INFO - Ingress_Exit 9SW4FR5Y
2025-03-18 01:07:13,322 - INFO - Ingress_Exit UXNLW8RM
2025-03-18 01:07:13,323 - INFO - Ingress_Exit RBCNP6OS
2025-03-18 01:07:13,326 - INFO - Ingress_Exit 7UVYCS5M
2025-03-18 01:07:13,327 - INFO - Ingress_Exit 8FM95H6Y
2025-03-18 01:07:13,328 - INFO - Ingress_Exit IA82LEFD
2025-03-18 01:07:13,336 - INFO - Ingress_Enter 3HMXBW8S
2025-03-18 01:07:13,370 - INFO - Ingress_Enter 3ALI903K
2025-03-18 01:07:13,427 - INFO - Ingress_Enter FUULC0QX
2025-03-18 01:07:13,486 - INFO - Ingress_Enter PL0E7YIB
2025-03-18 01:07:13,580 - INFO - Ingress_Enter WVQ0O4P1
2025-03-18 01:07:13,707 - INFO - Ingress_Exit WCKLNJWQ
2025-03-18 01:07:13,708 - INFO - Ingress_Exit BRWZ1PMD
2025-03-18 01:07:13,709 - INFO - Ingress_Exit 2V9ILQEH
2025-03-18 01:07:13,710 - INFO - Ingress_Exit OHPH9GFA
2025-03-18 01:07:13,721 - INFO - Ingress_Exit SFBB0M54
2025-03-18 01:07:13,722 - INFO - Ingress_Exit 2WV2EX7N
2025-03-18 01:07:13,723 - INFO - Ingress_Exit IFR5RXQX
2025-03-18 01:07:13,890 - INFO - Ingress_Enter RSZLT4VN
2025-03-18 01:07:13,938 - INFO - Ingress_Exit DCC4IDYT
2025-03-18 01:07:13,939 - INFO - Ingress_Exit FEX5G1QU
2025-03-18 01:07:13,955 - INFO - Ingress_Enter OLE4Y5GG
2025-03-18 01:07:13,996 - INFO - Ingress_Enter CRTM1L2Q
2025-03-18 01:07:14,029 - INFO - Ingress_Enter JCK8RSTD
2025-03-18 01:07:14,045 - INFO - Ingress_Enter KGFO9RCF
2025-03-18 01:07:14,163 - INFO - Ingress_Enter YSI10BK6
2025-03-18 01:07:14,173 - INFO - Ingress_Enter CWSXLSVP
2025-03-18 01:07:14,321 - INFO - Ingress_Enter R0TN4JU4
2025-03-18 01:07:14,385 - INFO - Ingress_Enter 8J4Z0ZQR
2025-03-18 01:07:14,437 - INFO - Ingress_Enter Z57RO26T
2025-03-18 01:07:14,485 - INFO - Ingress_Enter MFLQ5SVC
2025-03-18 01:07:14,551 - INFO - Ingress_Enter BMG4SSLK
2025-03-18 01:07:14,562 - INFO - Ingress_Enter 7TUT94BO
2025-03-18 01:07:14,574 - INFO - Ingress_Enter Q6II59TP
2025-03-18 01:07:14,651 - INFO - Ingress_Enter OYZ6BY21
2025-03-18 01:07:14,702 - INFO - Ingress_Enter 6HMPRSTZ
2025-03-18 01:07:14,713 - INFO - Ingress_Enter ZSH4YC7T
2025-03-18 01:07:14,752 - INFO - Ingress_Enter JY3894NG
2025-03-18 01:07:14,876 - INFO - Ingress_Enter GUULV2WD
2025-03-18 01:07:14,891 - INFO - Ingress_Enter DRLE5PTT
2025-03-18 01:07:14,968 - INFO - Ingress_Enter 2R4YGH30
2025-03-18 01:07:15,016 - INFO - Ingress_Enter 45L9ZP4O
2025-03-18 01:07:15,167 - INFO - Ingress_Enter EIOE2R8D
2025-03-18 01:07:15,238 - INFO - Ingress_Enter 6WWKRMLP
2025-03-18 01:07:15,262 - INFO - Ingress_Enter LKAKZIRM
2025-03-18 01:07:15,529 - INFO - Ingress_Enter FZC4B4CT
2025-03-18 01:07:15,547 - INFO - Ingress_Enter LLT9LSZ6
2025-03-18 01:07:15,786 - INFO - Ingress_Enter C2W1NGLM
2025-03-18 01:07:15,824 - INFO - Ingress_Enter KGHR7O09
2025-03-18 01:07:15,996 - INFO - Ingress_Enter YRE1FEBL
2025-03-18 01:07:16,500 - INFO - Ingress_Enter 7EMR2B0R
2025-03-18 01:07:16,701 - INFO - Ingress_Enter 6MJ9RPQS
2025-03-18 01:07:17,395 - INFO - Ingress_Enter U1IW96H6
2025-03-18 01:07:17,461 - INFO - Ingress_Enter 3VQ8YEDT
2025-03-18 01:07:17,631 - INFO - Ingress_Enter GMOXF6B9
2025-03-18 01:07:17,765 - INFO - Ingress_Enter 37WSKVCF
2025-03-18 01:07:17,898 - INFO - Ingress_Enter 7LTE9T4E
2025-03-18 01:07:17,993 - INFO - Ingress_Exit 9B2KHVAV
2025-03-18 01:07:17,995 - INFO - Ingress_Exit RBLH0NT2
2025-03-18 01:07:17,996 - INFO - Ingress_Exit X3SMI7PU
2025-03-18 01:07:17,997 - INFO - Ingress_Exit LFANHTF8
2025-03-18 01:07:17,999 - INFO - Ingress_Exit SOADJ9QK
2025-03-18 01:07:18,004 - INFO - Ingress_Exit LP3H1K6S
2025-03-18 01:07:18,005 - INFO - Ingress_Exit K8K9C3XE
2025-03-18 01:07:18,007 - INFO - Ingress_Exit X8ORFTNM
2025-03-18 01:07:18,010 - INFO - Ingress_Exit 79IXQLH0
2025-03-18 01:07:18,036 - INFO - Ingress_Enter LX0222A4
2025-03-18 01:07:18,092 - INFO - Ingress_Exit HOZRSULR
2025-03-18 01:07:18,094 - INFO - Ingress_Exit UR7L4TW9
2025-03-18 01:07:18,096 - INFO - Ingress_Exit X0W8R4BA
2025-03-18 01:07:18,097 - INFO - Ingress_Exit S80TXBI9
2025-03-18 01:07:18,099 - INFO - Ingress_Exit DQ2OM9R4
2025-03-18 01:07:18,099 - INFO - Ingress_Exit CDRG20LO
2025-03-18 01:07:18,163 - INFO - Ingress_Enter 5ZDHOXZB
2025-03-18 01:07:18,196 - INFO - Ingress_Enter WIE6D3V9
2025-03-18 01:07:18,353 - INFO - Ingress_Enter L2BPMDAT
2025-03-18 01:07:18,389 - INFO - Ingress_Enter 6VNXGQZI
2025-03-18 01:07:18,550 - INFO - Ingress_Enter J71JURC0
2025-03-18 01:07:18,553 - INFO - Ingress_Enter 2KXNDL4Y
2025-03-18 01:07:18,641 - INFO - Ingress_Enter 6UUYV8DR
2025-03-18 01:07:18,797 - INFO - Ingress_Enter Z4I6DFA4
2025-03-18 01:07:18,860 - INFO - Ingress_Exit 6NPL0E10
2025-03-18 01:07:18,862 - INFO - Ingress_Exit 70ZA9N18
2025-03-18 01:07:18,863 - INFO - Ingress_Exit 7IZ6U4GG
2025-03-18 01:07:18,908 - INFO - Ingress_Exit 28U3VPU2
2025-03-18 01:07:18,977 - INFO - Ingress_Enter KERSHG1C
2025-03-18 01:07:19,009 - INFO - Ingress_Enter NUN56H8K
2025-03-18 01:07:19,057 - INFO - Ingress_Enter XRRF72VD
2025-03-18 01:07:19,066 - INFO - Ingress_Enter 14K4EWLP
2025-03-18 01:07:19,200 - INFO - Ingress_Enter FS7GYXMV
2025-03-18 01:07:19,284 - INFO - Ingress_Enter F272B4ZZ
2025-03-18 01:07:19,361 - INFO - Ingress_Enter 1I89310T
2025-03-18 01:07:19,443 - INFO - Ingress_Enter UO6KHJU6
2025-03-18 01:07:19,481 - INFO - Ingress_Enter S91ZFRUJ
2025-03-18 01:07:19,498 - INFO - Ingress_Enter IK3Z4LKL
2025-03-18 01:07:19,523 - INFO - Ingress_Enter RZIXEVVG
2025-03-18 01:07:19,531 - INFO - Ingress_Enter IXY0YLW2
2025-03-18 01:07:19,664 - INFO - Ingress_Enter FA9HJM4V
2025-03-18 01:07:19,689 - INFO - Ingress_Enter VEDUYUJT
2025-03-18 01:07:19,698 - INFO - Ingress_Enter I905GLOL
2025-03-18 01:07:19,762 - INFO - Ingress_Enter 9INCVZZ5
2025-03-18 01:07:19,803 - INFO - Ingress_Enter ZDLC0698
2025-03-18 01:07:19,819 - INFO - Ingress_Enter 0XDZ0FY4
2025-03-18 01:07:19,853 - INFO - Ingress_Enter 7DD8JPOB
2025-03-18 01:07:20,146 - INFO - Ingress_Enter Y6OOBJQN
2025-03-18 01:07:20,655 - INFO - Ingress_Enter VA0A1NL4
2025-03-18 01:07:21,374 - INFO - Ingress_Enter NF2WG940
2025-03-18 01:07:21,457 - INFO - Ingress_Enter JVB8ZQO3
2025-03-18 01:07:21,788 - INFO - Ingress_Enter VMPXLDWC
2025-03-18 01:07:21,898 - INFO - Ingress_Enter UHJ5VVEU
2025-03-18 01:07:22,333 - INFO - Ingress_Enter HRGIBPOD
2025-03-18 01:07:22,348 - INFO - Ingress_Exit WXGLN2O6
2025-03-18 01:07:22,350 - INFO - Ingress_Exit J3I6SFKQ
2025-03-18 01:07:22,352 - INFO - Ingress_Exit WH0YC98J
2025-03-18 01:07:22,352 - INFO - Ingress_Exit 0QQ46TVQ
2025-03-18 01:07:22,354 - INFO - Ingress_Exit 0BJ8YWQL
2025-03-18 01:07:22,356 - INFO - Ingress_Exit KN8J00LJ
2025-03-18 01:07:22,357 - INFO - Ingress_Exit E4H55PI9
2025-03-18 01:07:22,677 - INFO - Ingress_Enter 1R1RCSNS
2025-03-18 01:07:22,810 - INFO - Ingress_Enter SAI0GMM9
2025-03-18 01:07:22,859 - INFO - Ingress_Enter HMVKE3KM
2025-03-18 01:07:22,875 - INFO - Ingress_Enter 350GSCEU
2025-03-18 01:07:22,968 - INFO - Ingress_Enter CIVBPW6S
2025-03-18 01:07:23,012 - INFO - Ingress_Enter CRQ675GL
2025-03-18 01:07:23,070 - INFO - Ingress_Enter FN19JUUR
2025-03-18 01:07:23,080 - INFO - Ingress_Enter ZII1MRRF
2025-03-18 01:07:23,217 - INFO - Ingress_Enter KDRAC9LD
2025-03-18 01:07:23,311 - INFO - Ingress_Enter HVFHXEL2
2025-03-18 01:07:23,383 - INFO - Ingress_Enter TUB9B1KK
2025-03-18 01:07:24,023 - INFO - Ingress_Enter T9Q4BWKK
2025-03-18 01:07:24,383 - INFO - Ingress_Enter XAOQLQPK
2025-03-18 01:07:24,711 - INFO - Ingress_Enter HKC0YDMI
2025-03-18 01:07:25,242 - INFO - Ingress_Exit MZRPK14N
2025-03-18 01:07:25,244 - INFO - Ingress_Exit OVA8I2CR
2025-03-18 01:07:25,246 - INFO - Ingress_Exit DJEQPH1N
2025-03-18 01:07:25,339 - INFO - Ingress_Exit WNXTIE58
2025-03-18 01:07:25,459 - INFO - Ingress_Enter QQIOK4JC
2025-03-18 01:07:25,776 - INFO - Ingress_Enter VZGCY2PY
2025-03-18 01:07:26,375 - INFO - Ingress_Enter 2Y8D1PT5
2025-03-18 01:07:26,656 - INFO - Ingress_Enter MXP4YZ2K
2025-03-18 01:07:26,693 - INFO - Ingress_Enter KPMS75DR
2025-03-18 01:07:27,352 - INFO - Ingress_Enter II3N84BY
2025-03-18 01:07:29,165 - INFO - Ingress_Exit 3SO792O6
2025-03-18 01:07:29,166 - INFO - Ingress_Exit JZBX4F3Q
2025-03-18 01:07:29,167 - INFO - Ingress_Exit JCS4KBPM
2025-03-18 01:07:29,168 - INFO - Ingress_Exit 3HMXBW8S
2025-03-18 01:07:29,170 - INFO - Ingress_Exit 3ALI903K
2025-03-18 01:07:29,172 - INFO - Ingress_Exit FUULC0QX
2025-03-18 01:07:29,174 - INFO - Ingress_Exit PL0E7YIB
2025-03-18 01:07:29,443 - INFO - Ingress_Enter AUNYMUF1
2025-03-18 01:07:29,502 - INFO - Ingress_Enter FRRQJEMZ
2025-03-18 01:07:29,551 - INFO - Ingress_Enter 3LPSTE90
2025-03-18 01:07:29,557 - INFO - Ingress_Exit WVQ0O4P1
2025-03-18 01:07:29,558 - INFO - Ingress_Exit OLE4Y5GG
2025-03-18 01:07:29,560 - INFO - Ingress_Exit RSZLT4VN
2025-03-18 01:07:29,561 - INFO - Ingress_Exit CRTM1L2Q
2025-03-18 01:07:29,602 - INFO - Ingress_Enter AA4W3BNX
2025-03-18 01:07:29,610 - INFO - Ingress_Enter D4BKU9AK
2025-03-18 01:07:29,712 - INFO - Ingress_Enter DN70AEDC
2025-03-18 01:07:29,906 - INFO - Ingress_Enter 3FYFNSVE
2025-03-18 01:07:30,069 - INFO - Ingress_Enter LUTUK24E
2025-03-18 01:07:30,323 - INFO - Ingress_Enter WK5WASIC
2025-03-18 01:07:30,359 - INFO - Ingress_Enter 7S3NW48F
2025-03-18 01:07:30,417 - INFO - Ingress_Enter UA6MWWK4
2025-03-18 01:07:31,559 - INFO - Ingress_Exit KGFO9RCF
2025-03-18 01:07:31,561 - INFO - Ingress_Exit JCK8RSTD
2025-03-18 01:07:31,561 - INFO - Ingress_Exit YSI10BK6
2025-03-18 01:07:31,562 - INFO - Ingress_Exit CWSXLSVP
2025-03-18 01:07:31,564 - INFO - Ingress_Exit R0TN4JU4
2025-03-18 01:07:31,565 - INFO - Ingress_Exit 8J4Z0ZQR
2025-03-18 01:07:31,566 - INFO - Ingress_Exit Z57RO26T
2025-03-18 01:07:31,589 - INFO - Ingress_Exit MFLQ5SVC
2025-03-18 01:07:31,590 - INFO - Ingress_Exit 7TUT94BO
2025-03-18 01:07:31,590 - INFO - Ingress_Exit Q6II59TP
2025-03-18 01:07:31,592 - INFO - Ingress_Exit 6HMPRSTZ
2025-03-18 01:07:31,593 - INFO - Ingress_Exit JY3894NG
2025-03-18 01:07:31,595 - INFO - Ingress_Exit ZSH4YC7T
2025-03-18 01:07:31,597 - INFO - Ingress_Exit LKAKZIRM
2025-03-18 01:07:31,597 - INFO - Ingress_Exit GUULV2WD
2025-03-18 01:07:31,598 - INFO - Ingress_Exit FZC4B4CT
2025-03-18 01:07:31,599 - INFO - Ingress_Exit 2R4YGH30
2025-03-18 01:07:31,600 - INFO - Ingress_Exit LLT9LSZ6
2025-03-18 01:07:31,977 - INFO - Ingress_Enter 3ONHWWAG
2025-03-18 01:07:32,156 - INFO - Ingress_Exit BMG4SSLK
2025-03-18 01:07:32,157 - INFO - Ingress_Exit OYZ6BY21
2025-03-18 01:07:32,159 - INFO - Ingress_Exit DRLE5PTT
2025-03-18 01:07:32,160 - INFO - Ingress_Exit EIOE2R8D
2025-03-18 01:07:32,161 - INFO - Ingress_Exit 45L9ZP4O
2025-03-18 01:07:32,197 - INFO - Ingress_Enter WPXX1N39
2025-03-18 01:07:32,466 - INFO - Ingress_Enter YAXJ313I
2025-03-18 01:07:32,511 - INFO - Ingress_Enter 0MYHSEDI
2025-03-18 01:07:32,592 - INFO - Ingress_Enter H76DNHPB
2025-03-18 01:07:32,641 - INFO - Ingress_Enter 70FCS89Y
2025-03-18 01:07:32,738 - INFO - Ingress_Exit 6WWKRMLP
2025-03-18 01:07:32,833 - INFO - Ingress_Enter JJYC4CWT
2025-03-18 01:07:32,865 - INFO - Ingress_Exit C2W1NGLM
2025-03-18 01:07:32,866 - INFO - Ingress_Exit KGHR7O09
2025-03-18 01:07:32,867 - INFO - Ingress_Exit YRE1FEBL
2025-03-18 01:07:33,011 - INFO - Ingress_Enter WRPEYDF9
2025-03-18 01:07:33,028 - INFO - Ingress_Enter BVJYYJHL
2025-03-18 01:07:33,080 - INFO - Ingress_Exit 7EMR2B0R
2025-03-18 01:07:33,081 - INFO - Ingress_Exit 6MJ9RPQS
2025-03-18 01:07:33,082 - INFO - Ingress_Exit 3VQ8YEDT
2025-03-18 01:07:33,084 - INFO - Ingress_Exit U1IW96H6
2025-03-18 01:07:33,085 - INFO - Ingress_Exit 37WSKVCF
2025-03-18 01:07:33,087 - INFO - Ingress_Exit GMOXF6B9
2025-03-18 01:07:33,089 - INFO - Ingress_Exit 7LTE9T4E
2025-03-18 01:07:33,092 - INFO - Ingress_Exit LX0222A4
2025-03-18 01:07:33,104 - INFO - Ingress_Exit 5ZDHOXZB
2025-03-18 01:07:33,105 - INFO - Ingress_Exit WIE6D3V9
2025-03-18 01:07:33,107 - INFO - Ingress_Exit L2BPMDAT
2025-03-18 01:07:33,109 - INFO - Ingress_Exit 6VNXGQZI
2025-03-18 01:07:33,257 - INFO - Ingress_Enter ZMVRA78A
2025-03-18 01:07:33,273 - INFO - Ingress_Enter BXP8LANH
2025-03-18 01:07:33,305 - INFO - Ingress_Enter MPV7O91C
2025-03-18 01:07:33,578 - INFO - Ingress_Enter WV29OFAK
2025-03-18 01:07:33,824 - INFO - Ingress_Enter SCQBMQP9
2025-03-18 01:07:33,891 - INFO - Ingress_Enter ACEEYBGZ
2025-03-18 01:07:33,910 - INFO - Ingress_Enter IYSC90M6
2025-03-18 01:07:34,042 - INFO - Ingress_Enter SH742IPH
2025-03-18 01:07:34,121 - INFO - Ingress_Enter LZ6TX11U
2025-03-18 01:07:34,130 - INFO - Ingress_Enter 3U0IAH1F
2025-03-18 01:07:34,170 - INFO - Ingress_Enter KM746FUP
2025-03-18 01:07:34,179 - INFO - Ingress_Enter GJOA9CS9
2025-03-18 01:07:34,188 - INFO - Ingress_Enter PH1Z1PO5
2025-03-18 01:07:34,196 - INFO - Ingress_Enter Q9LPTBXY
2025-03-18 01:07:34,229 - INFO - Ingress_Enter FVBYC8B2
2025-03-18 01:07:34,264 - INFO - Ingress_Enter Z2CDMLEW
2025-03-18 01:07:34,265 - INFO - Ingress_Exit Z4I6DFA4
2025-03-18 01:07:34,265 - INFO - Ingress_Exit 2KXNDL4Y
2025-03-18 01:07:34,358 - INFO - Ingress_Exit J71JURC0
2025-03-18 01:07:34,359 - INFO - Ingress_Exit 6UUYV8DR
2025-03-18 01:07:34,360 - INFO - Ingress_Exit XRRF72VD
2025-03-18 01:07:34,363 - INFO - Ingress_Exit 1I89310T
2025-03-18 01:07:34,364 - INFO - Ingress_Exit 9INCVZZ5
2025-03-18 01:07:34,365 - INFO - Ingress_Exit ZDLC0698
2025-03-18 01:07:34,366 - INFO - Ingress_Exit JVB8ZQO3
2025-03-18 01:07:34,367 - INFO - Ingress_Exit UHJ5VVEU
2025-03-18 01:07:34,367 - INFO - Ingress_Exit FN19JUUR
2025-03-18 01:07:34,368 - INFO - Ingress_Exit SAI0GMM9
2025-03-18 01:07:34,368 - INFO - Ingress_Exit CIVBPW6S
2025-03-18 01:07:34,477 - INFO - Ingress_Enter 7E6U7Y7R
2025-03-18 01:07:34,500 - INFO - Ingress_Exit NUN56H8K
2025-03-18 01:07:34,545 - INFO - Ingress_Enter 0FO8KFZS
2025-03-18 01:07:34,689 - INFO - Ingress_Exit KERSHG1C
2025-03-18 01:07:34,690 - INFO - Ingress_Exit 14K4EWLP
2025-03-18 01:07:34,692 - INFO - Ingress_Exit FS7GYXMV
2025-03-18 01:07:34,694 - INFO - Ingress_Exit UO6KHJU6
2025-03-18 01:07:34,695 - INFO - Ingress_Exit F272B4ZZ
2025-03-18 01:07:34,805 - INFO - Ingress_Enter 5CAXG1ZC
2025-03-18 01:07:34,822 - INFO - Ingress_Enter DU19VAQW
2025-03-18 01:07:34,838 - INFO - Ingress_Enter A7UA1SUH
2025-03-18 01:07:34,847 - INFO - Ingress_Enter K1KKQ4Q1
2025-03-18 01:07:34,922 - INFO - Ingress_Enter XSVISLDW
2025-03-18 01:07:34,950 - INFO - Ingress_Enter 8VICGY6M
2025-03-18 01:07:35,002 - INFO - Ingress_Enter 754DXGB1
2025-03-18 01:07:35,010 - INFO - Ingress_Enter 52A87VK0
2025-03-18 01:07:35,177 - INFO - Ingress_Enter E8Y5XLVJ
2025-03-18 01:07:35,211 - INFO - Ingress_Enter NPFQGQRY
2025-03-18 01:07:35,219 - INFO - Ingress_Enter N7MHOGEK
2025-03-18 01:07:35,253 - INFO - Ingress_Enter NI88CDD3
2025-03-18 01:07:35,484 - INFO - Ingress_Enter SL7XG76X
2025-03-18 01:07:35,500 - INFO - Ingress_Enter AVK1NFHS
2025-03-18 01:07:35,558 - INFO - Ingress_Enter KFD7CVC1
2025-03-18 01:07:35,618 - INFO - Ingress_Enter FBW5O32O
2025-03-18 01:07:35,651 - INFO - Ingress_Enter PGG29QPS
2025-03-18 01:07:35,686 - INFO - Ingress_Enter FW292K4B
2025-03-18 01:07:35,717 - INFO - Ingress_Enter 9HFM8MQV
2025-03-18 01:07:35,742 - INFO - Ingress_Enter EMQUAL34
2025-03-18 01:07:35,752 - INFO - Ingress_Enter RTR0RPZE
2025-03-18 01:07:35,809 - INFO - Ingress_Enter M3KJ21IQ
2025-03-18 01:07:35,987 - INFO - Ingress_Enter G6S4R0N1
2025-03-18 01:07:36,021 - INFO - Ingress_Enter 582QMOE0
2025-03-18 01:07:36,099 - INFO - Ingress_Enter 8VKHV355
2025-03-18 01:07:36,107 - INFO - Ingress_Enter L7N249WQ
2025-03-18 01:07:36,165 - INFO - Ingress_Enter D6IJSD7Q
2025-03-18 01:07:36,181 - INFO - Ingress_Exit S91ZFRUJ
2025-03-18 01:07:36,184 - INFO - Ingress_Exit IK3Z4LKL
2025-03-18 01:07:36,185 - INFO - Ingress_Exit IXY0YLW2
2025-03-18 01:07:36,186 - INFO - Ingress_Exit RZIXEVVG
2025-03-18 01:07:36,209 - INFO - Ingress_Enter IZLHGPIF
2025-03-18 01:07:36,225 - INFO - Ingress_Enter 0ZI29VFJ
2025-03-18 01:07:36,333 - INFO - Ingress_Enter Z0CH62DL
2025-03-18 01:07:36,442 - INFO - Ingress_Enter G643SSX5
2025-03-18 01:07:36,566 - INFO - Ingress_Exit 0XDZ0FY4
2025-03-18 01:07:36,567 - INFO - Ingress_Exit FA9HJM4V
2025-03-18 01:07:36,852 - INFO - Ingress_Exit VEDUYUJT
2025-03-18 01:07:36,853 - INFO - Ingress_Exit I905GLOL
2025-03-18 01:07:36,853 - INFO - Ingress_Exit 7DD8JPOB
2025-03-18 01:07:36,862 - INFO - Ingress_Exit Y6OOBJQN
2025-03-18 01:07:36,863 - INFO - Ingress_Exit VA0A1NL4
2025-03-18 01:07:36,864 - INFO - Ingress_Exit NF2WG940
2025-03-18 01:07:36,865 - INFO - Ingress_Exit VMPXLDWC
2025-03-18 01:07:37,144 - INFO - Ingress_Enter 5YSESUDJ
2025-03-18 01:07:37,260 - INFO - Ingress_Enter SBSGUBA6
2025-03-18 01:07:37,610 - INFO - Ingress_Enter 4N3MLOFV
2025-03-18 01:07:37,677 - INFO - Ingress_Enter FJYL58T6
2025-03-18 01:07:37,838 - INFO - Ingress_Enter VPT4BX7L
2025-03-18 01:07:37,910 - INFO - Ingress_Exit 1R1RCSNS
2025-03-18 01:07:37,912 - INFO - Ingress_Exit 350GSCEU
2025-03-18 01:07:37,913 - INFO - Ingress_Exit HRGIBPOD
2025-03-18 01:07:37,917 - INFO - Ingress_Exit HMVKE3KM
2025-03-18 01:07:37,917 - INFO - Ingress_Exit ZII1MRRF
2025-03-18 01:07:37,919 - INFO - Ingress_Exit TUB9B1KK
2025-03-18 01:07:37,920 - INFO - Ingress_Exit CRQ675GL
2025-03-18 01:07:37,921 - INFO - Ingress_Exit HVFHXEL2
2025-03-18 01:07:37,923 - INFO - Ingress_Exit T9Q4BWKK
2025-03-18 01:07:37,925 - INFO - Ingress_Exit VZGCY2PY
2025-03-18 01:07:37,929 - INFO - Ingress_Exit KDRAC9LD
2025-03-18 01:07:37,930 - INFO - Ingress_Exit 2Y8D1PT5
2025-03-18 01:07:37,931 - INFO - Ingress_Exit II3N84BY
2025-03-18 01:07:37,932 - INFO - Ingress_Exit XAOQLQPK
2025-03-18 01:07:37,933 - INFO - Ingress_Exit KPMS75DR
2025-03-18 01:07:37,933 - INFO - Ingress_Exit MXP4YZ2K
2025-03-18 01:07:37,934 - INFO - Ingress_Exit AUNYMUF1
2025-03-18 01:07:37,935 - INFO - Ingress_Exit HKC0YDMI
2025-03-18 01:07:37,935 - INFO - Ingress_Exit QQIOK4JC
2025-03-18 01:07:37,936 - INFO - Ingress_Exit FRRQJEMZ
2025-03-18 01:07:37,937 - INFO - Ingress_Exit 3LPSTE90
2025-03-18 01:07:37,937 - INFO - Ingress_Exit AA4W3BNX
2025-03-18 01:07:38,102 - INFO - Ingress_Exit DN70AEDC
2025-03-18 01:07:38,302 - INFO - Ingress_Enter MASOH0EB
2025-03-18 01:07:38,326 - INFO - Ingress_Enter 4R4DLU3I
2025-03-18 01:07:38,468 - INFO - Ingress_Enter HKHW6V2L
2025-03-18 01:07:38,501 - INFO - Ingress_Enter 2FURV1GQ
2025-03-18 01:07:38,518 - INFO - Ingress_Enter 5UDKQSWT
2025-03-18 01:07:38,535 - INFO - Ingress_Enter YTQAF2H4
2025-03-18 01:07:38,734 - INFO - Ingress_Enter TCI8QOVD
2025-03-18 01:07:38,741 - INFO - Ingress_Enter 9VDPJIIZ
2025-03-18 01:07:38,767 - INFO - Ingress_Enter TZMXI4WU
2025-03-18 01:07:38,817 - INFO - Ingress_Enter BUH24SGM
2025-03-18 01:07:39,033 - INFO - Ingress_Enter NAK7N48M
2025-03-18 01:07:39,043 - INFO - Ingress_Enter BPDQC1X3
2025-03-18 01:07:39,149 - INFO - Ingress_Enter RE1H16CH
2025-03-18 01:07:39,429 - INFO - Ingress_Enter 9SKRVJWM
2025-03-18 01:07:39,510 - INFO - Ingress_Enter 7NK2EWTO
2025-03-18 01:07:39,551 - INFO - Ingress_Enter D1MC31FE
2025-03-18 01:07:39,653 - INFO - Ingress_Enter WOLSD0ST
2025-03-18 01:07:39,730 - INFO - Ingress_Enter 5L1TNJT4
2025-03-18 01:07:39,755 - INFO - Ingress_Enter YQPS9IRM
2025-03-18 01:07:39,816 - INFO - Ingress_Enter JU1R61BU
2025-03-18 01:07:39,872 - INFO - Ingress_Enter 20ST0EA1
2025-03-18 01:07:40,374 - INFO - Ingress_Enter 85L8WK1B
2025-03-18 01:07:40,445 - INFO - Ingress_Enter J1QRLGZ2
2025-03-18 01:07:40,460 - INFO - Ingress_Enter V0Z1CQWF
2025-03-18 01:07:40,559 - INFO - Ingress_Enter GF6CQDPY
2025-03-18 01:07:40,568 - INFO - Ingress_Exit D4BKU9AK
2025-03-18 01:07:40,569 - INFO - Ingress_Exit 3FYFNSVE
2025-03-18 01:07:40,645 - INFO - Ingress_Exit LUTUK24E
2025-03-18 01:07:40,646 - INFO - Ingress_Exit WK5WASIC
2025-03-18 01:07:40,648 - INFO - Ingress_Exit UA6MWWK4
2025-03-18 01:07:40,650 - INFO - Ingress_Exit 3ONHWWAG
2025-03-18 01:07:40,652 - INFO - Ingress_Exit YAXJ313I
2025-03-18 01:07:40,823 - INFO - Ingress_Enter HXSI9T0T
2025-03-18 01:07:40,892 - INFO - Ingress_Enter HV6EL8T0
2025-03-18 01:07:40,910 - INFO - Ingress_Enter 63Z7FHYD
2025-03-18 01:07:40,926 - INFO - Ingress_Enter E0RQZLVR
2025-03-18 01:07:41,136 - INFO - Ingress_Enter B6TTWAJU
2025-03-18 01:07:41,248 - INFO - Ingress_Enter 0NS1QCSF
2025-03-18 01:07:41,251 - INFO - Ingress_Enter GNWSD0U0
2025-03-18 01:07:41,268 - INFO - Ingress_Enter UGMN3512
2025-03-18 01:07:41,517 - INFO - Ingress_Enter 4AGF879F
2025-03-18 01:07:41,706 - INFO - Ingress_Enter Z68PTL5R
2025-03-18 01:07:41,748 - INFO - Ingress_Enter 0V8PKPRA
2025-03-18 01:07:42,011 - INFO - Ingress_Enter D15BA65F
2025-03-18 01:07:42,020 - INFO - Ingress_Enter BA03K9ZC
2025-03-18 01:07:43,119 - INFO - Ingress_Exit 7S3NW48F
2025-03-18 01:07:43,120 - INFO - Ingress_Exit WPXX1N39
2025-03-18 01:07:43,122 - INFO - Ingress_Exit 0MYHSEDI
2025-03-18 01:07:43,124 - INFO - Ingress_Exit H76DNHPB
2025-03-18 01:07:43,126 - INFO - Ingress_Exit 70FCS89Y
2025-03-18 01:07:43,129 - INFO - Ingress_Exit JJYC4CWT
2025-03-18 01:07:43,130 - INFO - Ingress_Exit BVJYYJHL
2025-03-18 01:07:43,131 - INFO - Ingress_Exit WRPEYDF9
2025-03-18 01:07:43,132 - INFO - Ingress_Exit BXP8LANH
2025-03-18 01:07:43,132 - INFO - Ingress_Exit MPV7O91C
2025-03-18 01:07:43,133 - INFO - Ingress_Exit ZMVRA78A
2025-03-18 01:07:43,134 - INFO - Ingress_Exit WV29OFAK
2025-03-18 01:07:43,357 - INFO - Ingress_Enter 8QVVD0DS
2025-03-18 01:07:43,389 - INFO - Ingress_Enter 7ZBH5EI8
2025-03-18 01:07:43,587 - INFO - Ingress_Enter A1TGU2QI
2025-03-18 01:07:43,628 - INFO - Ingress_Enter 0Z71O7V9
2025-03-18 01:07:43,707 - INFO - Ingress_Enter C035B48U
2025-03-18 01:07:43,790 - INFO - Ingress_Enter 1GY5FO82
2025-03-18 01:07:43,975 - INFO - Ingress_Enter O5ZUCDFX
2025-03-18 01:07:44,051 - INFO - Ingress_Enter LE4S1GVV
2025-03-18 01:07:44,167 - INFO - Ingress_Exit IYSC90M6
2025-03-18 01:07:44,169 - INFO - Ingress_Exit 3U0IAH1F
2025-03-18 01:07:44,171 - INFO - Ingress_Exit PH1Z1PO5
2025-03-18 01:07:44,174 - INFO - Ingress_Exit SH742IPH
2025-03-18 01:07:44,175 - INFO - Ingress_Exit LZ6TX11U
2025-03-18 01:07:44,177 - INFO - Ingress_Exit FVBYC8B2
2025-03-18 01:07:44,179 - INFO - Ingress_Exit Z2CDMLEW
2025-03-18 01:07:44,180 - INFO - Ingress_Exit 7E6U7Y7R
2025-03-18 01:07:44,180 - INFO - Ingress_Exit XSVISLDW
2025-03-18 01:07:44,182 - INFO - Ingress_Exit SL7XG76X
2025-03-18 01:07:44,187 - INFO - Ingress_Exit E8Y5XLVJ
2025-03-18 01:07:44,187 - INFO - Ingress_Exit NI88CDD3
2025-03-18 01:07:44,189 - INFO - Ingress_Exit PGG29QPS
2025-03-18 01:07:44,190 - INFO - Ingress_Enter I2KJ3Y1K
2025-03-18 01:07:44,201 - INFO - Ingress_Exit SCQBMQP9
2025-03-18 01:07:44,203 - INFO - Ingress_Exit ACEEYBGZ
2025-03-18 01:07:44,205 - INFO - Ingress_Exit KM746FUP
2025-03-18 01:07:44,207 - INFO - Ingress_Exit Q9LPTBXY
2025-03-18 01:07:44,210 - INFO - Ingress_Exit GJOA9CS9
2025-03-18 01:07:44,210 - INFO - Ingress_Exit 5CAXG1ZC
2025-03-18 01:07:44,211 - INFO - Ingress_Exit 0FO8KFZS
2025-03-18 01:07:44,211 - INFO - Ingress_Exit 8VICGY6M
2025-03-18 01:07:44,257 - INFO - Ingress_Enter 0M2PRCBZ
2025-03-18 01:07:44,266 - INFO - Ingress_Enter OZ5B69NI
2025-03-18 01:07:44,529 - INFO - Ingress_Enter G4W1FTIU
2025-03-18 01:07:44,554 - INFO - Ingress_Enter 9KPCAFNT
2025-03-18 01:07:44,686 - INFO - Ingress_Enter Y8RCPA37
2025-03-18 01:07:44,753 - INFO - Ingress_Enter HKIP5GUA
2025-03-18 01:07:44,795 - INFO - Ingress_Enter 2X6TOYXK
2025-03-18 01:07:44,907 - INFO - Ingress_Enter UDU3QMZR
2025-03-18 01:07:45,217 - INFO - Ingress_Enter BJA7CF24
2025-03-18 01:07:45,302 - INFO - Ingress_Enter XF8O10MQ
2025-03-18 01:07:45,470 - INFO - Ingress_Enter NZ2UW5WW
2025-03-18 01:07:45,557 - INFO - Ingress_Enter 3JAT4S05
2025-03-18 01:07:45,599 - INFO - Ingress_Enter B9E4Q0WY
2025-03-18 01:07:45,649 - INFO - Ingress_Enter 67QVC5U9
2025-03-18 01:07:45,827 - INFO - Ingress_Enter FV44XCDR
2025-03-18 01:07:45,971 - INFO - Ingress_Enter JQ3SV85A
2025-03-18 01:07:46,023 - INFO - Ingress_Enter XH4Q8JO7
2025-03-18 01:07:46,078 - INFO - Ingress_Enter 408227KT
2025-03-18 01:07:46,191 - INFO - Ingress_Enter 8TBQVNNG
2025-03-18 01:07:46,325 - INFO - Ingress_Enter XCM34JR5
2025-03-18 01:07:46,325 - INFO - Ingress_Exit 754DXGB1
2025-03-18 01:07:46,545 - INFO - Ingress_Enter LZYYPXX2
2025-03-18 01:07:46,590 - INFO - Ingress_Exit 52A87VK0
2025-03-18 01:07:46,632 - INFO - Ingress_Enter GVQ34Z56
2025-03-18 01:07:46,699 - INFO - Ingress_Enter M934EMZ0
2025-03-18 01:07:46,824 - INFO - Ingress_Enter DUNGSOWU
2025-03-18 01:07:46,854 - INFO - Ingress_Exit A7UA1SUH
2025-03-18 01:07:46,855 - INFO - Ingress_Exit DU19VAQW
2025-03-18 01:07:46,856 - INFO - Ingress_Exit K1KKQ4Q1
2025-03-18 01:07:46,857 - INFO - Ingress_Exit AVK1NFHS
2025-03-18 01:07:46,975 - INFO - Ingress_Exit FBW5O32O
2025-03-18 01:07:46,976 - INFO - Ingress_Exit FW292K4B
2025-03-18 01:07:46,978 - INFO - Ingress_Exit G6S4R0N1
2025-03-18 01:07:46,979 - INFO - Ingress_Exit RTR0RPZE
2025-03-18 01:07:46,981 - INFO - Ingress_Exit D6IJSD7Q
2025-03-18 01:07:46,981 - INFO - Ingress_Exit IZLHGPIF
2025-03-18 01:07:46,983 - INFO - Ingress_Exit BA03K9ZC
2025-03-18 01:07:46,985 - INFO - Ingress_Exit 582QMOE0
2025-03-18 01:07:47,042 - INFO - Ingress_Exit TZMXI4WU
2025-03-18 01:07:47,043 - INFO - Ingress_Exit BPDQC1X3
2025-03-18 01:07:47,045 - INFO - Ingress_Exit BUH24SGM
2025-03-18 01:07:47,046 - INFO - Ingress_Exit 9SKRVJWM
2025-03-18 01:07:47,048 - INFO - Ingress_Exit D1MC31FE
2025-03-18 01:07:47,050 - INFO - Ingress_Exit 7NK2EWTO
2025-03-18 01:07:47,051 - INFO - Ingress_Exit 5L1TNJT4
2025-03-18 01:07:47,051 - INFO - Ingress_Exit 85L8WK1B
2025-03-18 01:07:47,054 - INFO - Ingress_Exit GF6CQDPY
2025-03-18 01:07:47,056 - INFO - Ingress_Exit HXSI9T0T
2025-03-18 01:07:47,057 - INFO - Ingress_Exit HV6EL8T0
2025-03-18 01:07:47,058 - INFO - Ingress_Exit 63Z7FHYD
2025-03-18 01:07:47,059 - INFO - Ingress_Exit B6TTWAJU
2025-03-18 01:07:47,060 - INFO - Ingress_Exit 0NS1QCSF
2025-03-18 01:07:47,060 - INFO - Ingress_Exit GNWSD0U0
2025-03-18 01:07:47,061 - INFO - Ingress_Exit UGMN3512
2025-03-18 01:07:47,063 - INFO - Ingress_Exit 4AGF879F
2025-03-18 01:07:47,065 - INFO - Ingress_Exit 0V8PKPRA
2025-03-18 01:07:50,109 - INFO - Ingress_Exit 9HFM8MQV
2025-03-18 01:07:50,112 - INFO - Ingress_Exit 0ZI29VFJ
2025-03-18 01:07:50,112 - INFO - Ingress_Exit 5YSESUDJ
2025-03-18 01:07:50,189 - INFO - Ingress_Exit NPFQGQRY
2025-03-18 01:07:50,193 - INFO - Ingress_Exit KFD7CVC1
2025-03-18 01:07:50,194 - INFO - Ingress_Exit N7MHOGEK
2025-03-18 01:07:50,195 - INFO - Ingress_Exit EMQUAL34
2025-03-18 01:07:50,197 - INFO - Ingress_Exit M3KJ21IQ
2025-03-18 01:07:50,674 - INFO - Ingress_Exit Z0CH62DL
2025-03-18 01:07:50,676 - INFO - Ingress_Exit 8VKHV355
2025-03-18 01:07:50,677 - INFO - Ingress_Exit L7N249WQ
2025-03-18 01:07:50,680 - INFO - Ingress_Exit G643SSX5
2025-03-18 01:07:50,681 - INFO - Ingress_Exit 4N3MLOFV
2025-03-18 01:07:50,683 - INFO - Ingress_Exit SBSGUBA6
2025-03-18 01:07:50,684 - INFO - Ingress_Exit FJYL58T6
2025-03-18 01:07:51,338 - INFO - Ingress_Exit VPT4BX7L
2025-03-18 01:07:51,501 - INFO - Ingress_Exit MASOH0EB
2025-03-18 01:07:51,502 - INFO - Ingress_Exit 4R4DLU3I
2025-03-18 01:07:51,503 - INFO - Ingress_Exit HKHW6V2L
2025-03-18 01:07:51,504 - INFO - Ingress_Exit 2FURV1GQ
2025-03-18 01:07:52,176 - INFO - Ingress_Enter 29E2091P
2025-03-18 01:07:52,534 - INFO - Ingress_Exit 5UDKQSWT
2025-03-18 01:07:52,535 - INFO - Ingress_Exit YTQAF2H4
2025-03-18 01:07:52,536 - INFO - Ingress_Exit TCI8QOVD
2025-03-18 01:07:52,539 - INFO - Ingress_Exit 9VDPJIIZ
2025-03-18 01:07:52,539 - INFO - Ingress_Exit NAK7N48M
2025-03-18 01:07:52,945 - INFO - Ingress_Exit YQPS9IRM
2025-03-18 01:07:52,946 - INFO - Ingress_Exit J1QRLGZ2
2025-03-18 01:07:52,947 - INFO - Ingress_Exit Z68PTL5R
2025-03-18 01:07:52,949 - INFO - Ingress_Exit D15BA65F
2025-03-18 01:07:52,969 - INFO - Ingress_Exit WOLSD0ST
2025-03-18 01:07:52,970 - INFO - Ingress_Exit RE1H16CH
2025-03-18 01:07:53,157 - INFO - Ingress_Exit JU1R61BU
2025-03-18 01:07:53,158 - INFO - Ingress_Exit 20ST0EA1
2025-03-18 01:07:53,159 - INFO - Ingress_Exit V0Z1CQWF
2025-03-18 01:07:53,162 - INFO - Ingress_Exit E0RQZLVR
2025-03-18 01:07:53,163 - INFO - Ingress_Exit A1TGU2QI
2025-03-18 01:07:53,165 - INFO - Ingress_Exit 0Z71O7V9
2025-03-18 01:07:53,166 - INFO - Ingress_Exit C035B48U
2025-03-18 01:07:53,166 - INFO - Ingress_Exit 8QVVD0DS
2025-03-18 01:07:56,903 - INFO - Ingress_Enter 3639ZFFE
2025-03-18 01:07:57,011 - INFO - Ingress_Enter YPYS3IWM
2025-03-18 01:07:57,052 - INFO - Ingress_Enter 4CVZR90K
2025-03-18 01:07:57,077 - INFO - Ingress_Exit 0M2PRCBZ
2025-03-18 01:07:57,082 - INFO - Ingress_Exit 7ZBH5EI8
2025-03-18 01:07:57,095 - INFO - Ingress_Enter NI737NY2
2025-03-18 01:07:57,109 - INFO - Ingress_Enter URZ9PO32
2025-03-18 01:07:57,156 - INFO - Ingress_Enter P513BWJG
2025-03-18 01:07:57,164 - INFO - Ingress_Enter TVDY600N
2025-03-18 01:07:57,189 - INFO - Ingress_Enter 2ITMNDUU
2025-03-18 01:07:57,230 - INFO - Ingress_Enter SPEOY9ES
2025-03-18 01:07:57,240 - INFO - Ingress_Enter E1C6GSSV
2025-03-18 01:07:57,354 - INFO - Ingress_Enter BKUIQ2EQ
2025-03-18 01:07:57,365 - INFO - Ingress_Enter 875U398I
2025-03-18 01:07:57,549 - INFO - Ingress_Enter FSZ15S3E
2025-03-18 01:07:57,630 - INFO - Ingress_Exit 1GY5FO82
2025-03-18 01:07:57,631 - INFO - Ingress_Exit LE4S1GVV
2025-03-18 01:07:57,633 - INFO - Ingress_Exit I2KJ3Y1K
2025-03-18 01:07:57,635 - INFO - Ingress_Exit OZ5B69NI
2025-03-18 01:07:57,637 - INFO - Ingress_Exit O5ZUCDFX
2025-03-18 01:07:57,638 - INFO - Ingress_Exit G4W1FTIU
2025-03-18 01:07:57,640 - INFO - Ingress_Exit 9KPCAFNT
2025-03-18 01:07:57,641 - INFO - Ingress_Exit Y8RCPA37
2025-03-18 01:07:57,641 - INFO - Ingress_Exit 2X6TOYXK
2025-03-18 01:07:57,643 - INFO - Ingress_Exit HKIP5GUA
2025-03-18 01:07:57,645 - INFO - Ingress_Exit UDU3QMZR
2025-03-18 01:07:57,646 - INFO - Ingress_Exit XF8O10MQ
2025-03-18 01:07:57,646 - INFO - Ingress_Exit BJA7CF24
2025-03-18 01:07:57,714 - INFO - Ingress_Exit NZ2UW5WW
2025-03-18 01:07:57,716 - INFO - Ingress_Exit 3JAT4S05
2025-03-18 01:07:57,717 - INFO - Ingress_Exit 67QVC5U9
2025-03-18 01:07:57,719 - INFO - Ingress_Exit B9E4Q0WY
2025-03-18 01:07:57,720 - INFO - Ingress_Exit XCM34JR5
2025-03-18 01:07:57,892 - INFO - Ingress_Enter CHAJP8NS
2025-03-18 01:07:57,900 - INFO - Ingress_Enter M8FTQ9O3
2025-03-18 01:07:58,037 - INFO - Ingress_Enter LY9DFY7R
2025-03-18 01:07:58,051 - INFO - Ingress_Enter J91HFG3A
2025-03-18 01:07:58,062 - INFO - Ingress_Exit JQ3SV85A
2025-03-18 01:07:58,064 - INFO - Ingress_Exit 408227KT
2025-03-18 01:07:58,118 - INFO - Ingress_Enter ZN8HHCWK
2025-03-18 01:07:58,330 - INFO - Ingress_Exit FV44XCDR
2025-03-18 01:07:58,331 - INFO - Ingress_Exit XH4Q8JO7
2025-03-18 01:07:58,333 - INFO - Ingress_Exit 8TBQVNNG
2025-03-18 01:07:58,334 - INFO - Ingress_Exit GVQ34Z56
2025-03-18 01:07:58,337 - INFO - Ingress_Exit M934EMZ0
2025-03-18 01:07:58,339 - INFO - Ingress_Exit DUNGSOWU
2025-03-18 01:07:58,377 - INFO - Ingress_Enter OG3XQIMM
2025-03-18 01:07:58,428 - INFO - Ingress_Enter B7ZIG05X
2025-03-18 01:07:58,460 - INFO - Ingress_Exit LZYYPXX2
2025-03-18 01:07:58,460 - INFO - Ingress_Exit 29E2091P
2025-03-18 01:07:58,495 - INFO - Ingress_Enter 7L4GP82H
2025-03-18 01:07:58,631 - INFO - Ingress_Enter 4NG4SDH2
2025-03-18 01:07:58,797 - INFO - Ingress_Enter 0NUGQKHD
2025-03-18 01:07:58,871 - INFO - Ingress_Exit 4CVZR90K
2025-03-18 01:07:58,873 - INFO - Ingress_Exit NI737NY2
2025-03-18 01:07:58,874 - INFO - Ingress_Exit P513BWJG
2025-03-18 01:07:58,875 - INFO - Ingress_Enter DCECK97B
2025-03-18 01:07:58,887 - INFO - Ingress_Enter 5ORTCH5K
2025-03-18 01:07:58,927 - INFO - Ingress_Exit TVDY600N
2025-03-18 01:07:58,928 - INFO - Ingress_Exit SPEOY9ES
2025-03-18 01:07:58,929 - INFO - Ingress_Exit E1C6GSSV
2025-03-18 01:07:58,931 - INFO - Ingress_Exit URZ9PO32
2025-03-18 01:07:58,933 - INFO - Ingress_Exit 3639ZFFE
2025-03-18 01:07:58,934 - INFO - Ingress_Exit YPYS3IWM
2025-03-18 01:07:58,935 - INFO - Ingress_Exit 2ITMNDUU
2025-03-18 01:07:58,976 - INFO - Ingress_Enter Q53LJZPT
2025-03-18 01:07:58,985 - INFO - Ingress_Enter 6IW158HE
2025-03-18 01:07:59,001 - INFO - Ingress_Enter PITMA04P
2025-03-18 01:07:59,022 - INFO - Ingress_Enter BXMLLBQ8
2025-03-18 01:07:59,055 - INFO - Ingress_Enter 7AXFBON5
2025-03-18 01:07:59,114 - INFO - Ingress_Enter TOTFNKKB
2025-03-18 01:07:59,122 - INFO - Ingress_Enter DJTVZNPV
2025-03-18 01:07:59,207 - INFO - Ingress_Exit BKUIQ2EQ
2025-03-18 01:07:59,208 - INFO - Ingress_Exit 875U398I
2025-03-18 01:07:59,210 - INFO - Ingress_Exit FSZ15S3E
2025-03-18 01:07:59,301 - INFO - Ingress_Enter O8BD51R1
2025-03-18 01:07:59,363 - INFO - Ingress_Exit CHAJP8NS
2025-03-18 01:07:59,367 - INFO - Ingress_Enter TKVNOVTG
2025-03-18 01:07:59,436 - INFO - Ingress_Enter HQJH9M20
2025-03-18 01:07:59,472 - INFO - Ingress_Enter YTIRVR0Z
2025-03-18 01:07:59,490 - INFO - Ingress_Enter SGKKM7HA
2025-03-18 01:07:59,580 - INFO - Ingress_Enter PZ3ZEJTX
2025-03-18 01:07:59,611 - INFO - Ingress_Enter 9437U0QF
2025-03-18 01:07:59,669 - INFO - Ingress_Enter QUYFV8IW
2025-03-18 01:07:59,679 - INFO - Ingress_Enter AUBUYZB5
2025-03-18 01:07:59,686 - INFO - Ingress_Enter 17NG9TGE
2025-03-18 01:07:59,791 - INFO - Ingress_Exit M8FTQ9O3
2025-03-18 01:07:59,792 - INFO - Ingress_Exit LY9DFY7R
2025-03-18 01:07:59,793 - INFO - Ingress_Exit J91HFG3A
2025-03-18 01:07:59,794 - INFO - Ingress_Exit ZN8HHCWK
2025-03-18 01:07:59,813 - INFO - Ingress_Enter 24PFRVFD
2025-03-18 01:07:59,913 - INFO - Ingress_Enter 3A5U9LAE
2025-03-18 01:07:59,996 - INFO - Ingress_Enter SOH5NDX9
2025-03-18 01:08:00,006 - INFO - Ingress_Enter C0BXCRL2
2025-03-18 01:08:00,012 - INFO - Ingress_Enter B1M8OKWJ
2025-03-18 01:08:00,098 - INFO - Ingress_Enter DNADO770
2025-03-18 01:08:00,131 - INFO - Ingress_Enter 5KJKJOS5
2025-03-18 01:08:00,417 - INFO - Ingress_Enter 90HJX6DL
2025-03-18 01:08:00,468 - INFO - Ingress_Enter RTEMFXET
2025-03-18 01:08:00,535 - INFO - Ingress_Enter EFB7LPCX
2025-03-18 01:08:00,645 - INFO - Ingress_Enter GY2RXVKD
2025-03-18 01:08:00,653 - INFO - Ingress_Enter DKVFZFXM
2025-03-18 01:08:00,663 - INFO - Ingress_Enter N1QNCMMH
2025-03-18 01:08:00,686 - INFO - Ingress_Enter TNVYZOWA
2025-03-18 01:08:00,721 - INFO - Ingress_Enter WTU2RZFY
2025-03-18 01:08:00,737 - INFO - Ingress_Enter YJTL5NQ1
2025-03-18 01:08:00,745 - INFO - Ingress_Enter A1E1A44D
2025-03-18 01:08:00,780 - INFO - Ingress_Enter UJT1FLYV
2025-03-18 01:08:00,813 - INFO - Ingress_Enter 5IE9A0JX
2025-03-18 01:08:00,880 - INFO - Ingress_Enter TAUNBKOX
2025-03-18 01:08:00,964 - INFO - Ingress_Enter XL42FMMG
2025-03-18 01:08:00,981 - INFO - Ingress_Enter IPAPV2AM
2025-03-18 01:08:01,006 - INFO - Ingress_Enter YN1Y8VCE
2025-03-18 01:08:01,114 - INFO - Ingress_Enter HX36EGHF
2025-03-18 01:08:01,236 - INFO - Ingress_Enter LIBRJNTP
2025-03-18 01:08:01,310 - INFO - Ingress_Enter PMAGT2YC
2025-03-18 01:08:01,352 - INFO - Ingress_Enter 71TCI9IS
2025-03-18 01:08:01,409 - INFO - Ingress_Enter DKLI6FAL
2025-03-18 01:08:01,450 - INFO - Ingress_Enter RCL6LHHI
2025-03-18 01:08:01,502 - INFO - Ingress_Enter JN36EAXH
2025-03-18 01:08:01,728 - INFO - Ingress_Enter IXD15MU5
2025-03-18 01:08:01,995 - INFO - Ingress_Enter 4B7JDJR4
2025-03-18 01:08:02,071 - INFO - Ingress_Enter 6O42QIP3
2025-03-18 01:08:02,079 - INFO - Ingress_Enter OR644GK6
2025-03-18 01:08:02,113 - INFO - Ingress_Enter ZP92PZOG
2025-03-18 01:08:02,146 - INFO - Ingress_Enter YIGAZVTC
2025-03-18 01:08:02,250 - INFO - Ingress_Enter 1E0CFGAZ
2025-03-18 01:08:02,258 - INFO - Ingress_Enter EOP97VK8
2025-03-18 01:08:02,284 - INFO - Ingress_Enter H103F4Z1
2025-03-18 01:08:02,292 - INFO - Ingress_Enter MQ84NQHU
2025-03-18 01:08:02,554 - INFO - Ingress_Enter R5RLST74
2025-03-18 01:08:02,613 - INFO - Ingress_Enter BKX3N4RM
2025-03-18 01:08:02,763 - INFO - Ingress_Enter HS6Y2EA6
2025-03-18 01:08:02,804 - INFO - Ingress_Enter YXJFNW8T
2025-03-18 01:08:03,025 - INFO - Ingress_Enter OES5L5IZ
2025-03-18 01:08:03,126 - INFO - Ingress_Enter IAORHIY9
2025-03-18 01:08:03,366 - INFO - Ingress_Enter 6U7L0GXV
2025-03-18 01:08:03,406 - INFO - Ingress_Enter NGJCMG8Z
2025-03-18 01:08:03,415 - INFO - Ingress_Enter Q39IIZB7
2025-03-18 01:08:03,455 - INFO - Ingress_Enter UPSX6MM8
2025-03-18 01:08:03,466 - INFO - Ingress_Enter M22PN5LN
2025-03-18 01:08:03,474 - INFO - Ingress_Enter IQIHRHV8
2025-03-18 01:08:03,606 - INFO - Ingress_Enter BECCAZ17
2025-03-18 01:08:03,764 - INFO - Ingress_Enter 72QSMSAG
2025-03-18 01:08:03,880 - INFO - Ingress_Enter UCXOFIA3
2025-03-18 01:08:03,897 - INFO - Ingress_Enter WFB1EH2H
2025-03-18 01:08:03,906 - INFO - Ingress_Enter EI30GLIS
2025-03-18 01:08:04,067 - INFO - Ingress_Enter 3IPY63VB
2025-03-18 01:08:04,082 - INFO - Ingress_Enter GC01J25P
2025-03-18 01:08:04,251 - INFO - Ingress_Enter YSGUP9PJ
2025-03-18 01:08:04,259 - INFO - Ingress_Enter DRSJQXIL
2025-03-18 01:08:04,450 - INFO - Ingress_Enter AZODH35W
2025-03-18 01:08:04,625 - INFO - Ingress_Enter EYKFG5MN
2025-03-18 01:08:04,926 - INFO - Ingress_Exit OG3XQIMM
2025-03-18 01:08:04,927 - INFO - Ingress_Exit 7L4GP82H
2025-03-18 01:08:04,929 - INFO - Ingress_Exit B7ZIG05X
2025-03-18 01:08:04,967 - INFO - Ingress_Enter RCHNRY30
2025-03-18 01:08:05,077 - INFO - Ingress_Enter 1FQJXMWK
2025-03-18 01:08:05,164 - INFO - Ingress_Enter VYJV9CMA
2025-03-18 01:08:05,247 - INFO - Ingress_Enter AWTV9UAP
2025-03-18 01:08:05,394 - INFO - Ingress_Enter 620FSC6N
2025-03-18 01:08:05,529 - INFO - Ingress_Enter ED6W4A3Z
2025-03-18 01:08:05,605 - INFO - Ingress_Enter 9AWLBOE3
2025-03-18 01:08:05,655 - INFO - Ingress_Enter X1G52NNZ
2025-03-18 01:08:05,709 - INFO - Ingress_Enter WPGU9FT8
2025-03-18 01:08:05,819 - INFO - Ingress_Enter 3O8W4NTA
2025-03-18 01:08:05,991 - INFO - Ingress_Exit 5ORTCH5K
2025-03-18 01:08:05,992 - INFO - Ingress_Exit 4NG4SDH2
2025-03-18 01:08:05,994 - INFO - Ingress_Exit 0NUGQKHD
2025-03-18 01:08:05,995 - INFO - Ingress_Exit DCECK97B
2025-03-18 01:08:05,997 - INFO - Ingress_Exit 6IW158HE
2025-03-18 01:08:05,998 - INFO - Ingress_Exit BXMLLBQ8
2025-03-18 01:08:05,999 - INFO - Ingress_Exit Q53LJZPT
2025-03-18 01:08:06,043 - INFO - Ingress_Enter T3VRFVJQ
2025-03-18 01:08:06,102 - INFO - Ingress_Enter KTUP9LQN
2025-03-18 01:08:06,734 - INFO - Ingress_Enter I4MRTLQU
2025-03-18 01:08:06,847 - INFO - Ingress_Enter 3XG6H6YH
2025-03-18 01:08:06,896 - INFO - Ingress_Enter VFPAUNC9
2025-03-18 01:08:06,972 - INFO - Ingress_Enter UC68L16Z
2025-03-18 01:08:06,998 - INFO - Ingress_Exit PITMA04P
2025-03-18 01:08:06,998 - INFO - Ingress_Exit 7AXFBON5
2025-03-18 01:08:07,179 - INFO - Ingress_Exit TOTFNKKB
2025-03-18 01:08:07,181 - INFO - Ingress_Exit O8BD51R1
2025-03-18 01:08:07,182 - INFO - Ingress_Exit DJTVZNPV
2025-03-18 01:08:07,184 - INFO - Ingress_Exit HQJH9M20
2025-03-18 01:08:07,186 - INFO - Ingress_Exit TKVNOVTG
2025-03-18 01:08:07,187 - INFO - Ingress_Exit YTIRVR0Z
2025-03-18 01:08:07,188 - INFO - Ingress_Exit SGKKM7HA
2025-03-18 01:08:07,189 - INFO - Ingress_Exit PZ3ZEJTX
2025-03-18 01:08:07,190 - INFO - Ingress_Exit 9437U0QF
2025-03-18 01:08:07,193 - INFO - Ingress_Exit AUBUYZB5
2025-03-18 01:08:07,193 - INFO - Ingress_Exit QUYFV8IW
2025-03-18 01:08:07,194 - INFO - Ingress_Exit 17NG9TGE
2025-03-18 01:08:07,219 - INFO - Ingress_Enter XOP1ZAMI
2025-03-18 01:08:07,279 - INFO - Ingress_Enter EOOEPMZ0
2025-03-18 01:08:07,410 - INFO - Ingress_Enter JDEY5CDI
2025-03-18 01:08:07,418 - INFO - Ingress_Enter KXNFS3UV
2025-03-18 01:08:07,477 - INFO - Ingress_Enter LH70AVIQ
2025-03-18 01:08:07,489 - INFO - Ingress_Exit SOH5NDX9
2025-03-18 01:08:07,538 - INFO - Ingress_Enter YWCGOKL5
2025-03-18 01:08:07,562 - INFO - Ingress_Enter GK9O0OUP
2025-03-18 01:08:07,702 - INFO - Ingress_Exit 3A5U9LAE
2025-03-18 01:08:07,703 - INFO - Ingress_Exit 24PFRVFD
2025-03-18 01:08:07,705 - INFO - Ingress_Exit DNADO770
2025-03-18 01:08:07,706 - INFO - Ingress_Exit 5KJKJOS5
2025-03-18 01:08:07,708 - INFO - Ingress_Exit C0BXCRL2
2025-03-18 01:08:07,709 - INFO - Ingress_Exit B1M8OKWJ
2025-03-18 01:08:07,718 - INFO - Ingress_Enter C5JY11E9
2025-03-18 01:08:07,840 - INFO - Ingress_Enter 8N66NJLP
2025-03-18 01:08:07,846 - INFO - Ingress_Enter OCZNM2BX
2025-03-18 01:08:07,864 - INFO - Ingress_Enter 2JE2YN1Z
2025-03-18 01:08:08,117 - INFO - Ingress_Enter DO360P1G
2025-03-18 01:08:08,382 - INFO - Ingress_Enter W2NMGC2D
2025-03-18 01:08:08,490 - INFO - Ingress_Enter BNLO5L3P
2025-03-18 01:08:09,506 - INFO - Ingress_Exit 90HJX6DL
2025-03-18 01:08:09,507 - INFO - Ingress_Exit RTEMFXET
2025-03-18 01:08:09,509 - INFO - Ingress_Exit DKVFZFXM
2025-03-18 01:08:09,511 - INFO - Ingress_Exit N1QNCMMH
2025-03-18 01:08:09,513 - INFO - Ingress_Exit EFB7LPCX
2025-03-18 01:08:09,514 - INFO - Ingress_Exit GY2RXVKD
2025-03-18 01:08:09,514 - INFO - Ingress_Exit A1E1A44D
2025-03-18 01:08:09,515 - INFO - Ingress_Exit TNVYZOWA
2025-03-18 01:08:12,257 - INFO - Ingress_Exit WTU2RZFY
2025-03-18 01:08:12,257 - INFO - Ingress_Exit YJTL5NQ1
2025-03-18 01:08:12,260 - INFO - Ingress_Exit 5IE9A0JX
2025-03-18 01:08:12,261 - INFO - Ingress_Exit UJT1FLYV
2025-03-18 01:08:12,262 - INFO - Ingress_Exit IPAPV2AM
2025-03-18 01:08:15,597 - INFO - Ingress_Exit TAUNBKOX
2025-03-18 01:08:15,598 - INFO - Ingress_Exit XL42FMMG
2025-03-18 01:08:15,731 - INFO - Ingress_Exit YN1Y8VCE
2025-03-18 01:08:15,732 - INFO - Ingress_Exit HX36EGHF
2025-03-18 01:08:15,733 - INFO - Ingress_Exit LIBRJNTP
2025-03-18 01:08:15,735 - INFO - Ingress_Exit PMAGT2YC
2025-03-18 01:08:15,736 - INFO - Ingress_Exit 71TCI9IS
2025-03-18 01:08:15,737 - INFO - Ingress_Exit DKLI6FAL
2025-03-18 01:08:15,738 - INFO - Ingress_Exit RCL6LHHI
2025-03-18 01:08:15,739 - INFO - Ingress_Exit JN36EAXH
2025-03-18 01:08:15,739 - INFO - Ingress_Exit IXD15MU5
2025-03-18 01:08:15,742 - INFO - Ingress_Exit 4B7JDJR4
2025-03-18 01:08:15,743 - INFO - Ingress_Exit OR644GK6
2025-03-18 01:08:15,743 - INFO - Ingress_Exit ZP92PZOG
2025-03-18 01:08:15,744 - INFO - Ingress_Exit 6O42QIP3
2025-03-18 01:08:15,744 - INFO - Ingress_Exit YIGAZVTC
2025-03-18 01:08:15,745 - INFO - Ingress_Exit H103F4Z1
2025-03-18 01:08:16,083 - INFO - Ingress_Exit EOP97VK8
2025-03-18 01:08:16,084 - INFO - Ingress_Exit BKX3N4RM
2025-03-18 01:08:16,085 - INFO - Ingress_Exit IAORHIY9
2025-03-18 01:08:16,086 - INFO - Ingress_Exit EI30GLIS
2025-03-18 01:08:16,088 - INFO - Ingress_Exit AZODH35W
2025-03-18 01:08:16,091 - INFO - Ingress_Exit RCHNRY30
2025-03-18 01:08:16,176 - INFO - Ingress_Exit MQ84NQHU
2025-03-18 01:08:16,176 - INFO - Ingress_Exit 1E0CFGAZ
2025-03-18 01:08:16,179 - INFO - Ingress_Exit HS6Y2EA6
2025-03-18 01:08:16,180 - INFO - Ingress_Exit R5RLST74
2025-03-18 01:08:16,182 - INFO - Ingress_Exit YXJFNW8T
2025-03-18 01:08:16,183 - INFO - Ingress_Exit OES5L5IZ
2025-03-18 01:08:16,184 - INFO - Ingress_Exit 6U7L0GXV
2025-03-18 01:08:16,187 - INFO - Ingress_Exit NGJCMG8Z
2025-03-18 01:08:16,188 - INFO - Ingress_Exit Q39IIZB7
2025-03-18 01:08:16,188 - INFO - Ingress_Exit UPSX6MM8
2025-03-18 01:08:16,189 - INFO - Ingress_Exit M22PN5LN
2025-03-18 01:08:16,190 - INFO - Ingress_Exit IQIHRHV8
2025-03-18 01:08:16,190 - INFO - Ingress_Exit BECCAZ17
2025-03-18 01:08:16,191 - INFO - Ingress_Exit 72QSMSAG
2025-03-18 01:08:16,191 - INFO - Ingress_Exit UCXOFIA3
2025-03-18 01:08:16,192 - INFO - Ingress_Exit YSGUP9PJ
2025-03-18 01:08:16,192 - INFO - Ingress_Exit 3IPY63VB
2025-03-18 01:08:16,193 - INFO - Ingress_Exit DRSJQXIL
2025-03-18 01:08:16,193 - INFO - Ingress_Exit WFB1EH2H
2025-03-18 01:08:16,194 - INFO - Ingress_Exit GC01J25P
2025-03-18 01:08:17,683 - INFO - Ingress_Exit EYKFG5MN
2025-03-18 01:08:17,684 - INFO - Ingress_Exit 1FQJXMWK
2025-03-18 01:08:17,685 - INFO - Ingress_Exit VYJV9CMA
2025-03-18 01:08:17,687 - INFO - Ingress_Exit AWTV9UAP
2025-03-18 01:08:17,688 - INFO - Ingress_Exit ED6W4A3Z
2025-03-18 01:08:17,690 - INFO - Ingress_Exit 9AWLBOE3
2025-03-18 01:08:17,691 - INFO - Ingress_Exit 620FSC6N
2025-03-18 01:08:17,692 - INFO - Ingress_Exit WPGU9FT8
2025-03-18 01:08:17,693 - INFO - Ingress_Exit X1G52NNZ
2025-03-18 01:08:17,694 - INFO - Ingress_Exit 3O8W4NTA
2025-03-18 01:08:17,700 - INFO - Ingress_Exit T3VRFVJQ
2025-03-18 01:08:17,701 - INFO - Ingress_Exit KTUP9LQN
2025-03-18 01:08:17,701 - INFO - Ingress_Exit I4MRTLQU
2025-03-18 01:08:17,738 - INFO - Ingress_Exit 3XG6H6YH
2025-03-18 01:08:17,739 - INFO - Ingress_Exit VFPAUNC9
2025-03-18 01:08:17,879 - INFO - Ingress_Exit UC68L16Z
2025-03-18 01:08:17,883 - INFO - Ingress_Exit XOP1ZAMI
2025-03-18 01:08:17,883 - INFO - Ingress_Exit EOOEPMZ0
2025-03-18 01:08:17,885 - INFO - Ingress_Exit LH70AVIQ
2025-03-18 01:08:17,886 - INFO - Ingress_Exit JDEY5CDI
2025-03-18 01:08:18,093 - INFO - Ingress_Exit KXNFS3UV
2025-03-18 01:08:18,094 - INFO - Ingress_Exit C5JY11E9
2025-03-18 01:08:18,095 - INFO - Ingress_Exit GK9O0OUP
2025-03-18 01:08:18,096 - INFO - Ingress_Exit YWCGOKL5
2025-03-18 01:08:18,147 - INFO - Ingress_Exit 2JE2YN1Z
2025-03-18 01:08:18,147 - INFO - Ingress_Exit 8N66NJLP
2025-03-18 01:08:18,490 - INFO - Ingress_Exit OCZNM2BX
2025-03-18 01:08:18,829 - INFO - Ingress_Exit DO360P1G
2025-03-18 01:08:19,046 - INFO - Ingress_Exit W2NMGC2D
2025-03-18 01:08:19,047 - INFO - Ingress_Exit BNLO5L3P
