2025-04-01 02:42:31,855 - INFO - StepE_Enter 13VCMCYF
2025-04-01 02:42:32,231 - INFO - StepE_Exit 13VCMCYF
2025-04-01 02:42:32,234 - INFO - StepE_Enter K249U7J8
StepE_Enter 5GZ78UQT
StepE_Enter HNMEQZFZ
StepE_Enter MZ1MXZ3D
StepE_Enter YHRR4JED
StepE_Enter 0ZLDUNFI
StepE_Enter T32FZEXJ
StepE_Enter 2CZCRSMQ
StepE_Enter L4TVGW7J
StepE_Enter Q0H53BG3
StepE_Enter ZBL7NFTR
StepE_Enter P2DSM1LW
StepE_Enter JXI954KO
StepE_Enter AX5QO6XK
2025-04-01 02:42:32,614 - INFO - StepE_Exit K249U7J8
StepE_Exit 5GZ78UQT
StepE_Exit HNMEQZFZ
StepE_Exit MZ1MXZ3D
StepE_Exit YHRR4JED
StepE_Exit 0ZLDUNFI
StepE_Exit T32FZEXJ
StepE_Exit 2CZCRSMQ
StepE_Exit L4TVGW7J
StepE_Exit Q0H53BG3
StepE_Exit ZBL7NFTR
StepE_Exit P2DSM1LW
StepE_Exit JXI954KO
StepE_Exit AX5QO6XK
2025-04-01 02:42:32,615 - INFO - StepE_Enter HGAPSBIL
StepE_Enter J1B4MH55
StepE_Enter UP4YPCGJ
StepE_Enter HXM26D2C
StepE_Enter 4CKNR7OS
StepE_Enter 3GL4OIUY
StepE_Enter Y0AP7MYW
StepE_Enter Q1MLFCGQ
StepE_Enter 668G7WG8
StepE_Enter UVGZ5PON
StepE_Enter YCIYZ4G8
StepE_Enter NNOAMNC6
2025-04-01 02:42:32,913 - INFO - StepE_Exit HGAPSBIL
StepE_Exit J1B4MH55
StepE_Exit UP4YPCGJ
StepE_Exit HXM26D2C
StepE_Exit 4CKNR7OS
StepE_Exit 3GL4OIUY
StepE_Exit Y0AP7MYW
StepE_Exit Q1MLFCGQ
StepE_Exit 668G7WG8
StepE_Exit UVGZ5PON
StepE_Exit YCIYZ4G8
StepE_Exit NNOAMNC6
2025-04-01 02:42:32,914 - INFO - StepE_Enter MCC7IZAI
StepE_Enter X3J5F56G
StepE_Enter NIKQ6828
StepE_Enter UI7EFLLZ
2025-04-01 02:42:33,036 - INFO - StepE_Exit MCC7IZAI
StepE_Exit X3J5F56G
StepE_Exit NIKQ6828
StepE_Exit UI7EFLLZ
2025-04-01 02:42:33,038 - INFO - StepE_Enter 4FTFSIV3
StepE_Enter AA84JL2V
StepE_Enter MTFWWRQX
StepE_Enter 2RD0YG2W
2025-04-01 02:42:33,168 - INFO - StepE_Exit 4FTFSIV3
StepE_Exit AA84JL2V
StepE_Exit MTFWWRQX
StepE_Exit 2RD0YG2W
2025-04-01 02:42:33,169 - INFO - StepE_Enter IJ0VCT82
StepE_Enter 2ERMXNPN
2025-04-01 02:42:33,232 - INFO - StepE_Exit IJ0VCT82
StepE_Exit 2ERMXNPN
2025-04-01 02:42:33,235 - INFO - StepE_Enter XRKXJL20
2025-04-01 02:42:33,275 - INFO - StepE_Exit XRKXJL20
2025-04-01 02:42:33,276 - INFO - StepE_Enter N3ISSLQW
StepE_Enter 0FLIRPZP
2025-04-01 02:42:33,341 - INFO - StepE_Exit N3ISSLQW
StepE_Exit 0FLIRPZP
2025-04-01 02:42:33,342 - INFO - StepE_Enter QG06LYTQ
StepE_Enter CSY7MFPI
StepE_Enter 2LLNL6WK
2025-04-01 02:42:33,443 - INFO - StepE_Exit QG06LYTQ
StepE_Exit CSY7MFPI
StepE_Exit 2LLNL6WK
2025-04-01 02:42:33,444 - INFO - StepE_Enter 6V5FOVDP
StepE_Enter 9JRCRGSY
2025-04-01 02:42:33,508 - INFO - StepE_Exit 6V5FOVDP
StepE_Exit 9JRCRGSY
2025-04-01 02:42:33,509 - INFO - StepE_Enter PILRJIUK
2025-04-01 02:42:33,544 - INFO - StepE_Exit PILRJIUK
2025-04-01 02:42:33,545 - INFO - StepE_Enter 4QLAF578
2025-04-01 02:42:33,583 - INFO - StepE_Exit 4QLAF578
2025-04-01 02:42:33,596 - INFO - StepE_Enter 9DOW9Y6S
StepE_Enter QSSK0TSW
2025-04-01 02:42:33,697 - INFO - StepE_Exit 9DOW9Y6S
StepE_Exit QSSK0TSW
2025-04-01 02:42:33,698 - INFO - StepE_Enter YPP2P6M7
StepE_Enter VA8NE64L
2025-04-01 02:42:33,755 - INFO - StepE_Exit YPP2P6M7
StepE_Exit VA8NE64L
2025-04-01 02:42:33,756 - INFO - StepE_Enter PS4KB0O1
StepE_Enter IRJ0XK5Z
2025-04-01 02:42:33,821 - INFO - StepE_Exit PS4KB0O1
StepE_Exit IRJ0XK5Z
2025-04-01 02:42:33,822 - INFO - StepE_Enter H2YV5RSP
StepE_Enter 4G690LMV
2025-04-01 02:42:33,877 - INFO - StepE_Exit H2YV5RSP
StepE_Exit 4G690LMV
2025-04-01 02:42:33,878 - INFO - StepE_Enter HAK6E1BQ
2025-04-01 02:42:33,910 - INFO - StepE_Exit HAK6E1BQ
2025-04-01 02:42:33,979 - INFO - StepE_Enter KXXUPQ8B
2025-04-01 02:42:34,014 - INFO - StepE_Exit KXXUPQ8B
2025-04-01 02:42:34,015 - INFO - StepE_Enter P855DUJ8
2025-04-01 02:42:34,051 - INFO - StepE_Exit P855DUJ8
2025-04-01 02:42:34,071 - INFO - StepE_Enter W0S69QOJ
2025-04-01 02:42:34,111 - INFO - StepE_Exit W0S69QOJ
2025-04-01 02:42:34,131 - INFO - StepE_Enter ZHVCMXZR
2025-04-01 02:42:34,168 - INFO - StepE_Exit ZHVCMXZR
2025-04-01 02:42:34,168 - INFO - StepE_Enter 7GFXS8L8
2025-04-01 02:42:34,201 - INFO - StepE_Exit 7GFXS8L8
2025-04-01 02:42:34,290 - INFO - StepE_Enter RIZL77P1
2025-04-01 02:42:34,324 - INFO - StepE_Exit RIZL77P1
2025-04-01 02:42:34,374 - INFO - StepE_Enter SWITT05V
2025-04-01 02:42:34,413 - INFO - StepE_Exit SWITT05V
2025-04-01 02:42:34,414 - INFO - StepE_Enter Z3HF38N9
StepE_Enter H5WR7208
StepE_Enter 9ZDY7LFP
2025-04-01 02:42:34,503 - INFO - StepE_Exit Z3HF38N9
StepE_Exit H5WR7208
StepE_Exit 9ZDY7LFP
2025-04-01 02:42:34,504 - INFO - StepE_Enter AYVGKVFK
StepE_Enter IVY2BLFO
StepE_Enter VSD9RUR6
StepE_Enter 0DQXHTXZ
2025-04-01 02:42:34,614 - INFO - StepE_Exit AYVGKVFK
StepE_Exit IVY2BLFO
StepE_Exit VSD9RUR6
StepE_Exit 0DQXHTXZ
2025-04-01 02:42:34,615 - INFO - StepE_Enter 6CDNMGGO
StepE_Enter 9SFQLR7Y
StepE_Enter 2T8A1S26
StepE_Enter R9RKZZN5
StepE_Enter CJL5SEOZ
StepE_Enter KWOHSAQ6
StepE_Enter 18V6NITJ
2025-04-01 02:42:34,790 - INFO - StepE_Exit 6CDNMGGO
StepE_Exit 9SFQLR7Y
StepE_Exit 2T8A1S26
StepE_Exit R9RKZZN5
StepE_Exit CJL5SEOZ
StepE_Exit KWOHSAQ6
StepE_Exit 18V6NITJ
2025-04-01 02:42:34,791 - INFO - StepE_Enter DJNA1ANJ
StepE_Enter HIJN2UC9
StepE_Enter H7L2H9BB
StepE_Enter LOMPEV6V
StepE_Enter 3GEQEG1V
2025-04-01 02:42:34,918 - INFO - StepE_Exit DJNA1ANJ
StepE_Exit HIJN2UC9
StepE_Exit H7L2H9BB
StepE_Exit LOMPEV6V
StepE_Exit 3GEQEG1V
2025-04-01 02:42:34,919 - INFO - StepE_Enter FFRTHTK4
2025-04-01 02:42:34,953 - INFO - StepE_Exit FFRTHTK4
2025-04-01 02:42:34,973 - INFO - StepE_Enter BJBE4CW1
2025-04-01 02:42:35,006 - INFO - StepE_Exit BJBE4CW1
2025-04-01 02:42:35,042 - INFO - StepE_Enter SWZ42WPO
2025-04-01 02:42:35,075 - INFO - StepE_Exit SWZ42WPO
2025-04-01 02:42:35,156 - INFO - StepE_Enter 8MMOL0GS
2025-04-01 02:42:35,194 - INFO - StepE_Exit 8MMOL0GS
2025-04-01 02:42:35,196 - INFO - StepE_Enter 4RK4D7LH
2025-04-01 02:42:35,232 - INFO - StepE_Exit 4RK4D7LH
2025-04-01 02:42:35,234 - INFO - StepE_Enter GG5WXRTA
StepE_Enter F6WAJFRU
2025-04-01 02:42:35,308 - INFO - StepE_Exit GG5WXRTA
StepE_Exit F6WAJFRU
2025-04-01 02:42:35,309 - INFO - StepE_Enter JA028PP2
StepE_Enter 8I69TH0Z
StepE_Enter 97FOV6RD
2025-04-01 02:42:35,393 - INFO - StepE_Exit JA028PP2
StepE_Exit 8I69TH0Z
StepE_Exit 97FOV6RD
2025-04-01 02:42:35,394 - INFO - StepE_Enter I6IGOJUS
2025-04-01 02:42:35,427 - INFO - StepE_Exit I6IGOJUS
2025-04-01 02:42:35,431 - INFO - StepE_Enter 99AU659C
2025-04-01 02:42:35,463 - INFO - StepE_Exit 99AU659C
2025-04-01 02:42:35,467 - INFO - StepE_Enter 97MEAPRJ
2025-04-01 02:42:35,502 - INFO - StepE_Exit 97MEAPRJ
2025-04-01 02:42:35,504 - INFO - StepE_Enter UG0QGNBF
2025-04-01 02:42:35,537 - INFO - StepE_Exit UG0QGNBF
2025-04-01 02:42:35,537 - INFO - StepE_Enter 3T2MVLHB
2025-04-01 02:42:35,569 - INFO - StepE_Exit 3T2MVLHB
2025-04-01 02:42:35,570 - INFO - StepE_Enter UVF0J4UR
StepE_Enter S3GCGIG0
2025-04-01 02:42:35,628 - INFO - StepE_Exit UVF0J4UR
StepE_Exit S3GCGIG0
2025-04-01 02:42:35,629 - INFO - StepE_Enter CH6NFLPK
StepE_Enter RGIWOS9I
StepE_Enter UP6695FR
StepE_Enter WP5LFVO7
2025-04-01 02:42:35,732 - INFO - StepE_Exit CH6NFLPK
StepE_Exit RGIWOS9I
StepE_Exit UP6695FR
StepE_Exit WP5LFVO7
2025-04-01 02:42:35,734 - INFO - StepE_Enter RU0HEAAP
StepE_Enter UJRNA727
2025-04-01 02:42:35,793 - INFO - StepE_Exit RU0HEAAP
StepE_Exit UJRNA727
2025-04-01 02:42:35,795 - INFO - StepE_Enter 36DI4RSD
StepE_Enter UOOLU2WM
2025-04-01 02:42:35,851 - INFO - StepE_Exit 36DI4RSD
StepE_Exit UOOLU2WM
2025-04-01 02:42:35,852 - INFO - StepE_Enter GY893Y1W
StepE_Enter AGTIQBEI
2025-04-01 02:42:35,918 - INFO - StepE_Exit GY893Y1W
StepE_Exit AGTIQBEI
2025-04-01 02:42:35,960 - INFO - StepE_Enter 8ASFNL6G
2025-04-01 02:42:35,992 - INFO - StepE_Exit 8ASFNL6G
2025-04-01 02:42:35,993 - INFO - StepE_Enter 8SRM93DF
2025-04-01 02:42:36,025 - INFO - StepE_Exit 8SRM93DF
2025-04-01 02:42:36,138 - INFO - StepE_Enter I1SPGJ98
2025-04-01 02:42:36,170 - INFO - StepE_Exit I1SPGJ98
2025-04-01 02:42:36,171 - INFO - StepE_Enter HPL3JMGN
2025-04-01 02:42:36,208 - INFO - StepE_Exit HPL3JMGN
2025-04-01 02:42:36,211 - INFO - StepE_Enter SSGFF9GU
2025-04-01 02:42:36,256 - INFO - StepE_Exit SSGFF9GU
2025-04-01 02:42:36,257 - INFO - StepE_Enter HRJ0SEBY
2025-04-01 02:42:36,295 - INFO - StepE_Exit HRJ0SEBY
2025-04-01 02:42:36,296 - INFO - StepE_Enter LVMLHWD6
2025-04-01 02:42:36,334 - INFO - StepE_Exit LVMLHWD6
2025-04-01 02:42:36,334 - INFO - StepE_Enter 9EMAM5M5
2025-04-01 02:42:36,370 - INFO - StepE_Exit 9EMAM5M5
2025-04-01 02:42:36,371 - INFO - StepE_Enter 64NC6LTH
2025-04-01 02:42:36,410 - INFO - StepE_Exit 64NC6LTH
2025-04-01 02:42:36,411 - INFO - StepE_Enter UXXYG1AE
2025-04-01 02:42:36,447 - INFO - StepE_Exit UXXYG1AE
2025-04-01 02:42:36,448 - INFO - StepE_Enter R2C0CU97
2025-04-01 02:42:36,482 - INFO - StepE_Exit R2C0CU97
2025-04-01 02:42:36,483 - INFO - StepE_Enter IQOXU5C9
StepE_Enter NCLG7WDR
2025-04-01 02:42:36,548 - INFO - StepE_Exit IQOXU5C9
StepE_Exit NCLG7WDR
2025-04-01 02:42:36,550 - INFO - StepE_Enter HGAQ3WDS
StepE_Enter IU39R3KD
2025-04-01 02:42:36,621 - INFO - StepE_Exit HGAQ3WDS
StepE_Exit IU39R3KD
2025-04-01 02:42:36,622 - INFO - StepE_Enter 1GOQJDZV
StepE_Enter FU0NW1PL
StepE_Enter FX9OCDX8
StepE_Enter XEN87GQ9
StepE_Enter 75M8DFTC
2025-04-01 02:42:36,741 - INFO - StepE_Exit 1GOQJDZV
StepE_Exit FU0NW1PL
StepE_Exit FX9OCDX8
StepE_Exit XEN87GQ9
StepE_Exit 75M8DFTC
2025-04-01 02:42:36,742 - INFO - StepE_Enter CZGEAG0V
StepE_Enter IB1PNJJ5
StepE_Enter H3CP3UOM
2025-04-01 02:42:36,820 - INFO - StepE_Exit CZGEAG0V
StepE_Exit IB1PNJJ5
StepE_Exit H3CP3UOM
2025-04-01 02:42:36,909 - INFO - StepE_Enter 03B0BTQC
2025-04-01 02:42:36,943 - INFO - StepE_Exit 03B0BTQC
2025-04-01 02:42:36,944 - INFO - StepE_Enter 9PY4N22H
2025-04-01 02:42:36,978 - INFO - StepE_Exit 9PY4N22H
2025-04-01 02:42:36,978 - INFO - StepE_Enter EJKSGC5Y
2025-04-01 02:42:37,009 - INFO - StepE_Exit EJKSGC5Y
2025-04-01 02:42:37,104 - INFO - StepE_Enter 01S3WCVW
2025-04-01 02:42:37,137 - INFO - StepE_Exit 01S3WCVW
2025-04-01 02:42:37,138 - INFO - StepE_Enter T3OQ0SQO
2025-04-01 02:42:37,174 - INFO - StepE_Exit T3OQ0SQO
2025-04-01 02:42:37,175 - INFO - StepE_Enter ISTLU5QA
2025-04-01 02:42:37,209 - INFO - StepE_Exit ISTLU5QA
2025-04-01 02:42:37,210 - INFO - StepE_Enter I65B1CVX
2025-04-01 02:42:37,242 - INFO - StepE_Exit I65B1CVX
2025-04-01 02:42:37,300 - INFO - StepE_Enter IE4WAMFH
2025-04-01 02:42:37,333 - INFO - StepE_Exit IE4WAMFH
2025-04-01 02:42:37,334 - INFO - StepE_Enter 9BJU8OPC
2025-04-01 02:42:37,377 - INFO - StepE_Exit 9BJU8OPC
2025-04-01 02:42:37,380 - INFO - StepE_Enter Z0GN3LNX
2025-04-01 02:42:37,416 - INFO - StepE_Exit Z0GN3LNX
2025-04-01 02:42:37,417 - INFO - StepE_Enter EGZ11LN8
StepE_Enter JYFVKIW0
2025-04-01 02:42:37,473 - INFO - StepE_Exit EGZ11LN8
StepE_Exit JYFVKIW0
2025-04-01 02:42:37,474 - INFO - StepE_Enter 4XQYOZQF
2025-04-01 02:42:37,542 - INFO - StepE_Exit 4XQYOZQF
2025-04-01 02:42:37,543 - INFO - StepE_Enter MII4JUAN
StepE_Enter 44ZKH5FZ
StepE_Enter O1Y3B8BX
2025-04-01 02:42:37,624 - INFO - StepE_Exit MII4JUAN
StepE_Exit 44ZKH5FZ
StepE_Exit O1Y3B8BX
2025-04-01 02:42:37,625 - INFO - StepE_Enter MK6X0ZO9
StepE_Enter ZAM0IFAV
2025-04-01 02:42:37,686 - INFO - StepE_Exit MK6X0ZO9
StepE_Exit ZAM0IFAV
2025-04-01 02:42:37,687 - INFO - StepE_Enter 5350RDMH
StepE_Enter V6L8OKLG
2025-04-01 02:42:37,745 - INFO - StepE_Exit 5350RDMH
StepE_Exit V6L8OKLG
2025-04-01 02:42:37,746 - INFO - StepE_Enter GID4P9AG
2025-04-01 02:42:37,778 - INFO - StepE_Exit GID4P9AG
2025-04-01 02:42:37,790 - INFO - StepE_Enter FIS714C6
2025-04-01 02:42:37,818 - INFO - StepE_Exit FIS714C6
2025-04-01 02:42:37,818 - INFO - StepE_Enter N2GH0YHN
2025-04-01 02:42:37,850 - INFO - StepE_Exit N2GH0YHN
2025-04-01 02:42:37,851 - INFO - StepE_Enter KRMOPISZ
2025-04-01 02:42:37,880 - INFO - StepE_Exit KRMOPISZ
2025-04-01 02:42:37,882 - INFO - StepE_Enter 8H5AKK12
2025-04-01 02:42:37,913 - INFO - StepE_Exit 8H5AKK12
2025-04-01 02:42:37,914 - INFO - StepE_Enter QCX6RZX5
2025-04-01 02:42:37,943 - INFO - StepE_Exit QCX6RZX5
2025-04-01 02:42:37,987 - INFO - StepE_Enter SMSW6ALR
2025-04-01 02:42:38,018 - INFO - StepE_Exit SMSW6ALR
2025-04-01 02:42:38,019 - INFO - StepE_Enter 0ZY9J8Q8
2025-04-01 02:42:38,050 - INFO - StepE_Exit 0ZY9J8Q8
2025-04-01 02:42:38,051 - INFO - StepE_Enter XE6HM0ZR
2025-04-01 02:42:38,079 - INFO - StepE_Exit XE6HM0ZR
2025-04-01 02:42:38,080 - INFO - StepE_Enter U3NJYUGA
2025-04-01 02:42:38,110 - INFO - StepE_Exit U3NJYUGA
2025-04-01 02:42:38,111 - INFO - StepE_Enter 5EQVRBN2
2025-04-01 02:42:38,143 - INFO - StepE_Exit 5EQVRBN2
2025-04-01 02:42:38,219 - INFO - StepE_Enter P8XNNNO9
2025-04-01 02:42:38,251 - INFO - StepE_Exit P8XNNNO9
2025-04-01 02:42:38,251 - INFO - StepE_Enter 4P4DU46R
2025-04-01 02:42:38,284 - INFO - StepE_Exit 4P4DU46R
2025-04-01 02:42:38,285 - INFO - StepE_Enter B1FGRF9V
2025-04-01 02:42:38,314 - INFO - StepE_Exit B1FGRF9V
2025-04-01 02:42:38,405 - INFO - StepE_Enter 0C7UJ0SW
2025-04-01 02:42:38,438 - INFO - StepE_Exit 0C7UJ0SW
2025-04-01 02:42:38,439 - INFO - StepE_Enter 8WT9OTGT
2025-04-01 02:42:38,474 - INFO - StepE_Exit 8WT9OTGT
2025-04-01 02:42:38,474 - INFO - StepE_Enter BDJ2NW7B
2025-04-01 02:42:38,507 - INFO - StepE_Exit BDJ2NW7B
2025-04-01 02:42:38,514 - INFO - StepE_Enter 5F8YIRG8
2025-04-01 02:42:38,545 - INFO - StepE_Exit 5F8YIRG8
2025-04-01 02:42:38,546 - INFO - StepE_Enter O2EL47QX
2025-04-01 02:42:38,582 - INFO - StepE_Exit O2EL47QX
2025-04-01 02:42:38,583 - INFO - StepE_Enter 2QPQGZVY
2025-04-01 02:42:38,619 - INFO - StepE_Exit 2QPQGZVY
2025-04-01 02:42:38,620 - INFO - StepE_Enter 1CI1M4IJ
2025-04-01 02:42:38,654 - INFO - StepE_Exit 1CI1M4IJ
2025-04-01 02:42:38,655 - INFO - StepE_Enter ZALHRUKK
2025-04-01 02:42:38,685 - INFO - StepE_Exit ZALHRUKK
2025-04-01 02:42:38,685 - INFO - StepE_Enter PXCDBBYO
2025-04-01 02:42:38,719 - INFO - StepE_Exit PXCDBBYO
2025-04-01 02:42:38,720 - INFO - StepE_Enter U0O4NWMQ
2025-04-01 02:42:38,755 - INFO - StepE_Exit U0O4NWMQ
2025-04-01 02:42:38,755 - INFO - StepE_Enter 6AWZTA70
2025-04-01 02:42:38,787 - INFO - StepE_Exit 6AWZTA70
2025-04-01 02:42:38,787 - INFO - StepE_Enter BY39M2AU
2025-04-01 02:42:38,821 - INFO - StepE_Exit BY39M2AU
2025-04-01 02:42:38,822 - INFO - StepE_Enter YKMMEOGD
2025-04-01 02:42:38,857 - INFO - StepE_Exit YKMMEOGD
2025-04-01 02:42:38,857 - INFO - StepE_Enter UT2B6BNT
2025-04-01 02:42:38,897 - INFO - StepE_Exit UT2B6BNT
2025-04-01 02:42:38,898 - INFO - StepE_Enter 9JAF8EHN
2025-04-01 02:42:38,934 - INFO - StepE_Exit 9JAF8EHN
2025-04-01 02:42:38,968 - INFO - StepE_Enter KL1PBDY1
2025-04-01 02:42:39,004 - INFO - StepE_Exit KL1PBDY1
2025-04-01 02:42:39,005 - INFO - StepE_Enter D9CCXFFG
StepE_Enter YK6KE3LS
StepE_Enter RIYM4N1C
2025-04-01 02:42:39,086 - INFO - StepE_Exit D9CCXFFG
StepE_Exit YK6KE3LS
StepE_Exit RIYM4N1C
2025-04-01 02:42:39,087 - INFO - StepE_Enter 7ZQJOADG
StepE_Enter W9H0RQ5N
2025-04-01 02:42:39,141 - INFO - StepE_Exit 7ZQJOADG
StepE_Exit W9H0RQ5N
2025-04-01 02:42:39,141 - INFO - StepE_Enter XIIJ4YN9
2025-04-01 02:42:39,172 - INFO - StepE_Exit XIIJ4YN9
2025-04-01 02:42:39,172 - INFO - StepE_Enter OTYLY235
2025-04-01 02:42:39,203 - INFO - StepE_Exit OTYLY235
2025-04-01 02:42:39,203 - INFO - StepE_Enter KVYPAJI7
2025-04-01 02:42:39,232 - INFO - StepE_Exit KVYPAJI7
2025-04-01 02:42:39,233 - INFO - StepE_Enter 8GD6HRZX
2025-04-01 02:42:39,264 - INFO - StepE_Exit 8GD6HRZX
2025-04-01 02:42:39,276 - INFO - StepE_Enter YSKX297A
2025-04-01 02:42:39,308 - INFO - StepE_Exit YSKX297A
2025-04-01 02:42:39,308 - INFO - StepE_Enter 0WOT75XX
2025-04-01 02:42:39,338 - INFO - StepE_Exit 0WOT75XX
2025-04-01 02:42:39,339 - INFO - StepE_Enter CMJ8MV1J
StepE_Enter 4327QAFC
2025-04-01 02:42:39,396 - INFO - StepE_Exit CMJ8MV1J
StepE_Exit 4327QAFC
2025-04-01 02:42:39,397 - INFO - StepE_Enter UPI7P4XE
StepE_Enter VG9M46CO
2025-04-01 02:42:39,453 - INFO - StepE_Exit UPI7P4XE
StepE_Exit VG9M46CO
2025-04-01 02:42:39,453 - INFO - StepE_Enter NH0I5S8C
StepE_Enter 7UHQEK0Y
2025-04-01 02:42:39,506 - INFO - StepE_Exit NH0I5S8C
StepE_Exit 7UHQEK0Y
2025-04-01 02:42:39,507 - INFO - StepE_Enter FCO2G260
StepE_Enter U0KX8IB8
2025-04-01 02:42:39,561 - INFO - StepE_Exit FCO2G260
StepE_Exit U0KX8IB8
2025-04-01 02:42:39,561 - INFO - StepE_Enter KQDM6EUD
2025-04-01 02:42:39,592 - INFO - StepE_Exit KQDM6EUD
2025-04-01 02:42:39,593 - INFO - StepE_Enter ODHD4TCP
StepE_Enter C6O0CI3N
StepE_Enter OB4D7WHQ
2025-04-01 02:42:39,670 - INFO - StepE_Exit ODHD4TCP
StepE_Exit C6O0CI3N
StepE_Exit OB4D7WHQ
2025-04-01 02:42:39,671 - INFO - StepE_Enter 7CABRHD3
StepE_Enter FPCTX346
2025-04-01 02:42:39,726 - INFO - StepE_Exit 7CABRHD3
StepE_Exit FPCTX346
2025-04-01 02:42:39,736 - INFO - StepE_Enter 055FEM1G
2025-04-01 02:42:39,764 - INFO - StepE_Exit 055FEM1G
2025-04-01 02:42:39,786 - INFO - StepE_Enter RD22QQN8
2025-04-01 02:42:39,819 - INFO - StepE_Exit RD22QQN8
2025-04-01 02:42:39,820 - INFO - StepE_Enter 0GBHJ963
2025-04-01 02:42:39,848 - INFO - StepE_Exit 0GBHJ963
2025-04-01 02:42:39,848 - INFO - StepE_Enter 8Y8KTKAF
2025-04-01 02:42:39,881 - INFO - StepE_Exit 8Y8KTKAF
2025-04-01 02:42:39,882 - INFO - StepE_Enter IP0J8EZE
StepE_Enter 1FU5S7UP
2025-04-01 02:42:39,935 - INFO - StepE_Exit IP0J8EZE
StepE_Exit 1FU5S7UP
2025-04-01 02:42:39,936 - INFO - StepE_Enter 13DRW06P
2025-04-01 02:42:39,968 - INFO - StepE_Exit 13DRW06P
2025-04-01 02:42:39,968 - INFO - StepE_Enter TQJFM7D6
2025-04-01 02:42:40,001 - INFO - StepE_Exit TQJFM7D6
2025-04-01 02:42:40,028 - INFO - StepE_Enter BYLYNTCQ
2025-04-01 02:42:40,055 - INFO - StepE_Exit BYLYNTCQ
2025-04-01 02:42:40,056 - INFO - StepE_Enter VBMJY2UY
2025-04-01 02:42:40,083 - INFO - StepE_Exit VBMJY2UY
2025-04-01 02:42:40,089 - INFO - StepE_Enter OK03FTL4
2025-04-01 02:42:40,116 - INFO - StepE_Exit OK03FTL4
2025-04-01 02:42:40,195 - INFO - StepE_Enter RZOY7SUS
2025-04-01 02:42:40,227 - INFO - StepE_Exit RZOY7SUS
2025-04-01 02:42:40,227 - INFO - StepE_Enter D0EE5FOA
2025-04-01 02:42:40,261 - INFO - StepE_Exit D0EE5FOA
2025-04-01 02:42:40,281 - INFO - StepE_Enter UQWBARGH
2025-04-01 02:42:40,314 - INFO - StepE_Exit UQWBARGH
2025-04-01 02:42:40,315 - INFO - StepE_Enter CB5BV1TK
2025-04-01 02:42:40,352 - INFO - StepE_Exit CB5BV1TK
2025-04-01 02:42:40,353 - INFO - StepE_Enter 6UOECITB
StepE_Enter NK3ANGWC
StepE_Enter ZXRYXPAH
StepE_Enter CEV67M3W
2025-04-01 02:42:40,456 - INFO - StepE_Exit 6UOECITB
StepE_Exit NK3ANGWC
StepE_Exit ZXRYXPAH
StepE_Exit CEV67M3W
2025-04-01 02:42:40,457 - INFO - StepE_Enter WFKE07HR
StepE_Enter L0TT815T
StepE_Enter R6LDE079
StepE_Enter 47FI8QCH
2025-04-01 02:42:40,561 - INFO - StepE_Exit WFKE07HR
StepE_Exit L0TT815T
StepE_Exit R6LDE079
StepE_Exit 47FI8QCH
2025-04-01 02:42:40,606 - INFO - StepE_Enter YBB1ZNYB
2025-04-01 02:42:40,637 - INFO - StepE_Exit YBB1ZNYB
2025-04-01 02:42:40,725 - INFO - StepE_Enter 7FA5X997
2025-04-01 02:42:40,760 - INFO - StepE_Exit 7FA5X997
2025-04-01 02:42:40,761 - INFO - StepE_Enter CAXL2ZBR
StepE_Enter C1E241DF
2025-04-01 02:42:40,815 - INFO - StepE_Exit CAXL2ZBR
StepE_Exit C1E241DF
2025-04-01 02:42:40,815 - INFO - StepE_Enter UR4F3EQ3
StepE_Enter VKHN1XBL
2025-04-01 02:42:40,866 - INFO - StepE_Exit UR4F3EQ3
StepE_Exit VKHN1XBL
2025-04-01 02:42:40,908 - INFO - StepE_Enter 4BOHK15A
2025-04-01 02:42:40,939 - INFO - StepE_Exit 4BOHK15A
2025-04-01 02:42:40,940 - INFO - StepE_Enter 38DXAJCH
2025-04-01 02:42:40,976 - INFO - StepE_Exit 38DXAJCH
2025-04-01 02:42:40,977 - INFO - StepE_Enter JFH4NHVV
StepE_Enter 0L90GDL2
2025-04-01 02:42:41,036 - INFO - StepE_Exit JFH4NHVV
StepE_Exit 0L90GDL2
2025-04-01 02:42:41,058 - INFO - StepE_Enter 746D18LP
2025-04-01 02:42:41,089 - INFO - StepE_Exit 746D18LP
2025-04-01 02:42:41,090 - INFO - StepE_Enter XNH6VGB4
2025-04-01 02:42:41,121 - INFO - StepE_Exit XNH6VGB4
2025-04-01 02:42:41,122 - INFO - StepE_Enter 8WOPGMGJ
2025-04-01 02:42:41,158 - INFO - StepE_Exit 8WOPGMGJ
2025-04-01 02:42:41,166 - INFO - StepE_Enter 238Y1M93
2025-04-01 02:42:41,196 - INFO - StepE_Exit 238Y1M93
2025-04-01 02:42:41,197 - INFO - StepE_Enter MUY5G5SP
StepE_Enter H7QILBS2
2025-04-01 02:42:41,249 - INFO - StepE_Exit MUY5G5SP
StepE_Exit H7QILBS2
2025-04-01 02:42:41,346 - INFO - StepE_Enter FRXNAOMQ
2025-04-01 02:42:41,380 - INFO - StepE_Exit FRXNAOMQ
2025-04-01 02:42:41,478 - INFO - StepE_Enter YRFQ0219
2025-04-01 02:42:41,510 - INFO - StepE_Exit YRFQ0219
2025-04-01 02:42:41,510 - INFO - StepE_Enter MZ26WLLC
StepE_Enter MHHJZTZV
2025-04-01 02:42:41,561 - INFO - StepE_Exit MZ26WLLC
StepE_Exit MHHJZTZV
2025-04-01 02:42:41,715 - INFO - StepE_Enter RDQ5QG27
2025-04-01 02:42:41,745 - INFO - StepE_Exit RDQ5QG27
2025-04-01 02:42:41,765 - INFO - StepE_Enter ISNI8AVQ
2025-04-01 02:42:41,795 - INFO - StepE_Exit ISNI8AVQ
2025-04-01 02:42:41,796 - INFO - StepE_Enter TZZU38ES
2025-04-01 02:42:41,829 - INFO - StepE_Exit TZZU38ES
2025-04-01 02:42:41,829 - INFO - StepE_Enter HG9PFE6D
2025-04-01 02:42:41,871 - INFO - StepE_Exit HG9PFE6D
2025-04-01 02:42:41,871 - INFO - StepE_Enter VNJRRHUG
StepE_Enter GV70DYDR
2025-04-01 02:42:41,928 - INFO - StepE_Exit VNJRRHUG
StepE_Exit GV70DYDR
2025-04-01 02:42:41,990 - INFO - StepE_Enter 9YDLDHV0
2025-04-01 02:42:42,024 - INFO - StepE_Exit 9YDLDHV0
2025-04-01 02:42:42,026 - INFO - StepE_Enter UBMCJVF3
2025-04-01 02:42:42,057 - INFO - StepE_Exit UBMCJVF3
2025-04-01 02:42:42,057 - INFO - StepE_Enter Q4NNCDP9
StepE_Enter A4WVZ8GM
2025-04-01 02:42:42,116 - INFO - StepE_Exit Q4NNCDP9
StepE_Exit A4WVZ8GM
2025-04-01 02:42:42,116 - INFO - StepE_Enter VJG5HK4R
2025-04-01 02:42:42,157 - INFO - StepE_Exit VJG5HK4R
2025-04-01 02:42:42,158 - INFO - StepE_Enter CNDEOZRA
StepE_Enter PABMNMIU
StepE_Enter 02KWPQ7V
2025-04-01 02:42:42,238 - INFO - StepE_Exit CNDEOZRA
StepE_Exit PABMNMIU
StepE_Exit 02KWPQ7V
2025-04-01 02:42:42,239 - INFO - StepE_Enter 0NTXR215
2025-04-01 02:42:42,270 - INFO - StepE_Exit 0NTXR215
2025-04-01 02:42:42,302 - INFO - StepE_Enter V3SG3BNO
2025-04-01 02:42:42,333 - INFO - StepE_Exit V3SG3BNO
2025-04-01 02:42:42,345 - INFO - StepE_Enter FOP5JLTE
2025-04-01 02:42:42,377 - INFO - StepE_Exit FOP5JLTE
2025-04-01 02:42:42,383 - INFO - StepE_Enter 2OSRGHOO
2025-04-01 02:42:42,420 - INFO - StepE_Exit 2OSRGHOO
2025-04-01 02:42:42,438 - INFO - StepE_Enter NGT5B90Q
2025-04-01 02:42:42,470 - INFO - StepE_Exit NGT5B90Q
2025-04-01 02:42:42,480 - INFO - StepE_Enter ZUQTSQIS
2025-04-01 02:42:42,517 - INFO - StepE_Exit ZUQTSQIS
2025-04-01 02:42:42,546 - INFO - StepE_Enter 5QMSHN69
2025-04-01 02:42:42,580 - INFO - StepE_Exit 5QMSHN69
2025-04-01 02:42:42,615 - INFO - StepE_Enter B046G72D
2025-04-01 02:42:42,652 - INFO - StepE_Exit B046G72D
2025-04-01 02:42:42,653 - INFO - StepE_Enter LRSHYCBH
2025-04-01 02:42:42,687 - INFO - StepE_Exit LRSHYCBH
2025-04-01 02:42:42,687 - INFO - StepE_Enter 5OBQ89OB
2025-04-01 02:42:42,717 - INFO - StepE_Exit 5OBQ89OB
2025-04-01 02:42:42,718 - INFO - StepE_Enter G3CGMDMT
2025-04-01 02:42:42,752 - INFO - StepE_Exit G3CGMDMT
2025-04-01 02:42:42,753 - INFO - StepE_Enter VL3AJZCG
StepE_Enter 1UYZCZ42
2025-04-01 02:42:42,806 - INFO - StepE_Exit VL3AJZCG
StepE_Exit 1UYZCZ42
2025-04-01 02:42:42,807 - INFO - StepE_Enter LEZSK6NG
2025-04-01 02:42:42,850 - INFO - StepE_Exit LEZSK6NG
2025-04-01 02:42:42,850 - INFO - StepE_Enter S7CXY26O
2025-04-01 02:42:42,883 - INFO - StepE_Exit S7CXY26O
2025-04-01 02:42:42,885 - INFO - StepE_Enter ZU9ZIQ8A
StepE_Enter 40HXOBNN
StepE_Enter BWMDVEP8
2025-04-01 02:42:42,983 - INFO - StepE_Exit ZU9ZIQ8A
StepE_Exit 40HXOBNN
StepE_Exit BWMDVEP8
2025-04-01 02:42:42,984 - INFO - StepE_Enter EPHMN2D2
StepE_Enter B6GN7JE5
StepE_Enter FNJ0O5JH
StepE_Enter 5396NX1O
2025-04-01 02:42:43,094 - INFO - StepE_Exit EPHMN2D2
StepE_Exit B6GN7JE5
StepE_Exit FNJ0O5JH
StepE_Exit 5396NX1O
2025-04-01 02:42:43,094 - INFO - StepE_Enter NA1HY8AV
StepE_Enter IQ0X6PT5
StepE_Enter 60JN8CCM
2025-04-01 02:42:43,187 - INFO - StepE_Exit NA1HY8AV
StepE_Exit IQ0X6PT5
StepE_Exit 60JN8CCM
2025-04-01 02:42:43,188 - INFO - StepE_Enter 8B8KGX5P
StepE_Enter 73AL2LPV
StepE_Enter 795RCKFM
2025-04-01 02:42:43,275 - INFO - StepE_Exit 8B8KGX5P
StepE_Exit 73AL2LPV
StepE_Exit 795RCKFM
2025-04-01 02:42:43,275 - INFO - StepE_Enter T9NOL1AW
2025-04-01 02:42:43,306 - INFO - StepE_Exit T9NOL1AW
2025-04-01 02:42:43,316 - INFO - StepE_Enter X68HILJ4
2025-04-01 02:42:43,353 - INFO - StepE_Exit X68HILJ4
2025-04-01 02:42:43,361 - INFO - StepE_Enter PWMWP9YY
2025-04-01 02:42:43,398 - INFO - StepE_Exit PWMWP9YY
2025-04-01 02:42:43,460 - INFO - StepE_Enter NGJM9MDF
2025-04-01 02:42:43,489 - INFO - StepE_Exit NGJM9MDF
2025-04-01 02:42:43,490 - INFO - StepE_Enter E3W27QFF
StepE_Enter OBSPZVFO
2025-04-01 02:42:43,545 - INFO - StepE_Exit E3W27QFF
StepE_Exit OBSPZVFO
2025-04-01 02:42:43,561 - INFO - StepE_Enter 5ZQGND7U
2025-04-01 02:42:43,595 - INFO - StepE_Exit 5ZQGND7U
2025-04-01 02:42:43,595 - INFO - StepE_Enter MO9H2DSD
2025-04-01 02:42:43,627 - INFO - StepE_Exit MO9H2DSD
2025-04-01 02:42:43,643 - INFO - StepE_Enter EKPIU5DF
2025-04-01 02:42:43,678 - INFO - StepE_Exit EKPIU5DF
2025-04-01 02:42:43,678 - INFO - StepE_Enter EISKNEGG
2025-04-01 02:42:43,709 - INFO - StepE_Exit EISKNEGG
2025-04-01 02:42:43,774 - INFO - StepE_Enter ICIYTS2I
2025-04-01 02:42:43,808 - INFO - StepE_Exit ICIYTS2I
2025-04-01 02:42:43,808 - INFO - StepE_Enter O9KW76OZ
StepE_Enter 7FDYWIIL
2025-04-01 02:42:43,861 - INFO - StepE_Exit O9KW76OZ
StepE_Exit 7FDYWIIL
2025-04-01 02:42:43,862 - INFO - StepE_Enter Q3GJ4F3Z
2025-04-01 02:42:43,893 - INFO - StepE_Exit Q3GJ4F3Z
2025-04-01 02:42:43,895 - INFO - StepE_Enter 23L6FN5M
StepE_Enter AC1K6GZV
StepE_Enter XPEOZKXU
2025-04-01 02:42:43,976 - INFO - StepE_Exit 23L6FN5M
StepE_Exit AC1K6GZV
StepE_Exit XPEOZKXU
2025-04-01 02:42:43,977 - INFO - StepE_Enter 91GWC6P8
StepE_Enter ANI8YWXP
StepE_Enter WKG6SKY3
2025-04-01 02:42:44,057 - INFO - StepE_Exit 91GWC6P8
StepE_Exit ANI8YWXP
StepE_Exit WKG6SKY3
2025-04-01 02:42:44,058 - INFO - StepE_Enter GOJDOHBG
StepE_Enter MC5P7TD5
2025-04-01 02:42:44,118 - INFO - StepE_Exit GOJDOHBG
StepE_Exit MC5P7TD5
2025-04-01 02:42:44,118 - INFO - StepE_Enter U9MOU01S
2025-04-01 02:42:44,148 - INFO - StepE_Exit U9MOU01S
2025-04-01 02:42:44,159 - INFO - StepE_Enter 4AF4LLID
2025-04-01 02:42:44,190 - INFO - StepE_Exit 4AF4LLID
2025-04-01 02:42:44,226 - INFO - StepE_Enter K1JOGKVE
2025-04-01 02:42:44,260 - INFO - StepE_Exit K1JOGKVE
2025-04-01 02:42:44,261 - INFO - StepE_Enter X44UOKB3
StepE_Enter J6HSJYZU
StepE_Enter OW1KGJDK
2025-04-01 02:42:44,339 - INFO - StepE_Exit X44UOKB3
StepE_Exit J6HSJYZU
StepE_Exit OW1KGJDK
2025-04-01 02:42:44,340 - INFO - StepE_Enter 86XOSG6E
StepE_Enter QSSJCNU6
2025-04-01 02:42:44,405 - INFO - StepE_Exit 86XOSG6E
StepE_Exit QSSJCNU6
2025-04-01 02:42:44,406 - INFO - StepE_Enter VHAPP7JP
StepE_Enter 7GN44S5W
2025-04-01 02:42:44,465 - INFO - StepE_Exit VHAPP7JP
StepE_Exit 7GN44S5W
2025-04-01 02:42:44,466 - INFO - StepE_Enter CIVRRVC7
StepE_Enter 43USMFYH
StepE_Enter IYZ84TCM
StepE_Enter FA1EZMD6
2025-04-01 02:42:44,585 - INFO - StepE_Exit CIVRRVC7
StepE_Exit 43USMFYH
StepE_Exit IYZ84TCM
StepE_Exit FA1EZMD6
2025-04-01 02:42:44,586 - INFO - StepE_Enter 8M5VWZOV
StepE_Enter JADO0QRP
2025-04-01 02:42:44,649 - INFO - StepE_Exit 8M5VWZOV
StepE_Exit JADO0QRP
2025-04-01 02:42:44,779 - INFO - StepE_Enter 2C50R2FB
2025-04-01 02:42:44,815 - INFO - StepE_Exit 2C50R2FB
2025-04-01 02:42:44,841 - INFO - StepE_Enter 9H6FL44A
2025-04-01 02:42:44,870 - INFO - StepE_Exit 9H6FL44A
2025-04-01 02:42:45,050 - INFO - StepE_Enter 2D2LO5XC
2025-04-01 02:42:45,081 - INFO - StepE_Exit 2D2LO5XC
2025-04-01 02:42:45,134 - INFO - StepE_Enter YVHU6TS3
2025-04-01 02:42:45,165 - INFO - StepE_Exit YVHU6TS3
2025-04-01 02:42:45,230 - INFO - StepE_Enter ZOCK0ELA
2025-04-01 02:42:45,264 - INFO - StepE_Exit ZOCK0ELA
2025-04-01 02:42:45,290 - INFO - StepE_Enter IY48M3RM
2025-04-01 02:42:45,328 - INFO - StepE_Exit IY48M3RM
2025-04-01 02:42:45,329 - INFO - StepE_Enter OZYIDM8S
2025-04-01 02:42:45,365 - INFO - StepE_Exit OZYIDM8S
2025-04-01 02:42:45,366 - INFO - StepE_Enter F3480HFJ
StepE_Enter OELVMYUU
StepE_Enter EBWDH8YQ
StepE_Enter VLDX2DLJ
StepE_Enter DP7NVHCQ
2025-04-01 02:42:45,501 - INFO - StepE_Exit F3480HFJ
StepE_Exit OELVMYUU
StepE_Exit EBWDH8YQ
StepE_Exit VLDX2DLJ
StepE_Exit DP7NVHCQ
2025-04-01 02:42:45,502 - INFO - StepE_Enter WGXAVS1D
StepE_Enter P4ATSHGS
StepE_Enter G6GBFE53
StepE_Enter 3NGIYHTP
StepE_Enter VEOHETET
StepE_Enter YUKA21DB
StepE_Enter MM9AT1MS
StepE_Enter OJ9DQELP
2025-04-01 02:42:45,693 - INFO - StepE_Exit WGXAVS1D
StepE_Exit P4ATSHGS
StepE_Exit G6GBFE53
StepE_Exit 3NGIYHTP
StepE_Exit VEOHETET
StepE_Exit YUKA21DB
StepE_Exit MM9AT1MS
StepE_Exit OJ9DQELP
2025-04-01 02:42:45,695 - INFO - StepE_Enter JQQ6U3EW
StepE_Enter I0FP3TYK
2025-04-01 02:42:45,756 - INFO - StepE_Exit JQQ6U3EW
StepE_Exit I0FP3TYK
2025-04-01 02:42:45,756 - INFO - StepE_Enter DV0YS5L9
2025-04-01 02:42:45,789 - INFO - StepE_Exit DV0YS5L9
2025-04-01 02:42:45,790 - INFO - StepE_Enter CTX5WC20
2025-04-01 02:42:45,823 - INFO - StepE_Exit CTX5WC20
2025-04-01 02:42:45,823 - INFO - StepE_Enter 9AGVQYZN
2025-04-01 02:42:45,860 - INFO - StepE_Exit 9AGVQYZN
2025-04-01 02:42:45,861 - INFO - StepE_Enter P5G2S1IT
StepE_Enter X9YNVUZW
2025-04-01 02:42:45,916 - INFO - StepE_Exit P5G2S1IT
StepE_Exit X9YNVUZW
2025-04-01 02:42:45,916 - INFO - StepE_Enter 0JYOWMGU
2025-04-01 02:42:45,952 - INFO - StepE_Exit 0JYOWMGU
2025-04-01 02:42:45,953 - INFO - StepE_Enter VIPJW8KJ
2025-04-01 02:42:45,989 - INFO - StepE_Exit VIPJW8KJ
2025-04-01 02:42:46,025 - INFO - StepE_Enter 32T0W3KO
2025-04-01 02:42:46,064 - INFO - StepE_Exit 32T0W3KO
2025-04-01 02:42:46,065 - INFO - StepE_Enter UMGI9WJH
StepE_Enter CP3DO37H
2025-04-01 02:42:46,118 - INFO - StepE_Exit UMGI9WJH
StepE_Exit CP3DO37H
2025-04-01 02:42:46,119 - INFO - StepE_Enter TCYJC0RY
StepE_Enter 54GLDKV9
2025-04-01 02:42:46,178 - INFO - StepE_Exit TCYJC0RY
StepE_Exit 54GLDKV9
2025-04-01 02:42:46,208 - INFO - StepE_Enter TOMPF14X
2025-04-01 02:42:46,240 - INFO - StepE_Exit TOMPF14X
2025-04-01 02:42:46,241 - INFO - StepE_Enter HTWKT2U2
StepE_Enter 4XMMQY6F
2025-04-01 02:42:46,302 - INFO - StepE_Exit HTWKT2U2
StepE_Exit 4XMMQY6F
2025-04-01 02:42:46,303 - INFO - StepE_Enter CUI4PC0P
2025-04-01 02:42:46,335 - INFO - StepE_Exit CUI4PC0P
2025-04-01 02:42:46,354 - INFO - StepE_Enter 9VC3QGTN
2025-04-01 02:42:46,390 - INFO - StepE_Exit 9VC3QGTN
2025-04-01 02:42:46,390 - INFO - StepE_Enter FTQ3WKHD
StepE_Enter 08O63RHS
2025-04-01 02:42:46,444 - INFO - StepE_Exit FTQ3WKHD
StepE_Exit 08O63RHS
2025-04-01 02:42:46,463 - INFO - StepE_Enter 60GQC8JL
2025-04-01 02:42:46,491 - INFO - StepE_Exit 60GQC8JL
2025-04-01 02:42:46,493 - INFO - StepE_Enter NB0U30ER
2025-04-01 02:42:46,529 - INFO - StepE_Exit NB0U30ER
2025-04-01 02:42:46,531 - INFO - StepE_Enter 6JASJTBU
StepE_Enter 12QM69O2
2025-04-01 02:42:46,595 - INFO - StepE_Exit 6JASJTBU
StepE_Exit 12QM69O2
2025-04-01 02:42:46,596 - INFO - StepE_Enter 4WHUN5N7
StepE_Enter 2267A4KG
2025-04-01 02:42:46,660 - INFO - StepE_Exit 4WHUN5N7
StepE_Exit 2267A4KG
2025-04-01 02:42:46,660 - INFO - StepE_Enter P0RX05MA
StepE_Enter N0DL3C7T
2025-04-01 02:42:46,721 - INFO - StepE_Exit P0RX05MA
StepE_Exit N0DL3C7T
2025-04-01 02:42:46,722 - INFO - StepE_Enter T6V9TE41
StepE_Enter YGBJ0J3O
StepE_Enter YHNXA8KI
2025-04-01 02:42:46,804 - INFO - StepE_Exit T6V9TE41
StepE_Exit YGBJ0J3O
StepE_Exit YHNXA8KI
2025-04-01 02:42:46,821 - INFO - StepE_Enter 3ANJ838U
2025-04-01 02:42:46,851 - INFO - StepE_Exit 3ANJ838U
2025-04-01 02:42:46,879 - INFO - StepE_Enter UXBV66KK
2025-04-01 02:42:46,914 - INFO - StepE_Exit UXBV66KK
2025-04-01 02:42:46,915 - INFO - StepE_Enter L4X02H8G
StepE_Enter DC5GOGP3
2025-04-01 02:42:46,969 - INFO - StepE_Exit L4X02H8G
StepE_Exit DC5GOGP3
2025-04-01 02:42:46,970 - INFO - StepE_Enter 4SKRP6N7
StepE_Enter 56BJF14P
2025-04-01 02:42:47,032 - INFO - StepE_Exit 4SKRP6N7
StepE_Exit 56BJF14P
2025-04-01 02:42:47,033 - INFO - StepE_Enter 57NU7BCX
StepE_Enter HQ4PS503
2025-04-01 02:42:47,095 - INFO - StepE_Exit 57NU7BCX
StepE_Exit HQ4PS503
2025-04-01 02:42:47,096 - INFO - StepE_Enter CEPHQEVO
StepE_Enter LGBVPDGY
StepE_Enter WWXD96JF
StepE_Enter ANZ22413
2025-04-01 02:42:47,204 - INFO - StepE_Exit CEPHQEVO
StepE_Exit LGBVPDGY
StepE_Exit WWXD96JF
StepE_Exit ANZ22413
2025-04-01 02:42:47,205 - INFO - StepE_Enter 81FHXOCX
StepE_Enter I3UDMXO1
2025-04-01 02:42:47,264 - INFO - StepE_Exit 81FHXOCX
StepE_Exit I3UDMXO1
2025-04-01 02:42:47,293 - INFO - StepE_Enter TBZX9PCW
2025-04-01 02:42:47,328 - INFO - StepE_Exit TBZX9PCW
2025-04-01 02:42:47,332 - INFO - StepE_Enter DIM1V9Y2
2025-04-01 02:42:47,361 - INFO - StepE_Exit DIM1V9Y2
2025-04-01 02:42:47,369 - INFO - StepE_Enter EO2SRJ98
2025-04-01 02:42:47,405 - INFO - StepE_Exit EO2SRJ98
2025-04-01 02:42:47,432 - INFO - StepE_Enter XEP07SI9
2025-04-01 02:42:47,461 - INFO - StepE_Exit XEP07SI9
2025-04-01 02:42:47,536 - INFO - StepE_Enter 028IC25S
2025-04-01 02:42:47,565 - INFO - StepE_Exit 028IC25S
2025-04-01 02:42:47,566 - INFO - StepE_Enter Y108AZTN
StepE_Enter WJOLOJUJ
2025-04-01 02:42:47,624 - INFO - StepE_Exit Y108AZTN
StepE_Exit WJOLOJUJ
2025-04-01 02:42:47,625 - INFO - StepE_Enter AA9ZGDBH
2025-04-01 02:42:47,660 - INFO - StepE_Exit AA9ZGDBH
2025-04-01 02:42:47,661 - INFO - StepE_Enter QWETG7J9
StepE_Enter W4DC6DDD
2025-04-01 02:42:47,728 - INFO - StepE_Exit QWETG7J9
StepE_Exit W4DC6DDD
2025-04-01 02:42:47,750 - INFO - StepE_Enter Z5IP7JV1
2025-04-01 02:42:47,781 - INFO - StepE_Exit Z5IP7JV1
2025-04-01 02:42:47,801 - INFO - StepE_Enter ZY9GEV1E
2025-04-01 02:42:47,835 - INFO - StepE_Exit ZY9GEV1E
2025-04-01 02:42:47,836 - INFO - StepE_Enter T96TRL5G
2025-04-01 02:42:47,867 - INFO - StepE_Exit T96TRL5G
2025-04-01 02:42:47,868 - INFO - StepE_Enter 40XANBJY
2025-04-01 02:42:47,899 - INFO - StepE_Exit 40XANBJY
2025-04-01 02:42:47,900 - INFO - StepE_Enter AWG1X21W
StepE_Enter TBHUCFT0
2025-04-01 02:42:47,956 - INFO - StepE_Exit AWG1X21W
StepE_Exit TBHUCFT0
2025-04-01 02:42:47,957 - INFO - StepE_Enter U9QYAEDB
2025-04-01 02:42:47,990 - INFO - StepE_Exit U9QYAEDB
2025-04-01 02:42:47,991 - INFO - StepE_Enter UJGPWGP5
StepE_Enter UJNR7F1R
StepE_Enter RVJ7BQAM
StepE_Enter N5PHXM7P
2025-04-01 02:42:48,094 - INFO - StepE_Exit UJGPWGP5
StepE_Exit UJNR7F1R
StepE_Exit RVJ7BQAM
StepE_Exit N5PHXM7P
2025-04-01 02:42:48,095 - INFO - StepE_Enter 9UAJXG8I
2025-04-01 02:42:48,125 - INFO - StepE_Exit 9UAJXG8I
2025-04-01 02:42:48,151 - INFO - StepE_Enter 97T8APTA
2025-04-01 02:42:48,184 - INFO - StepE_Exit 97T8APTA
2025-04-01 02:42:48,185 - INFO - StepE_Enter M0JDGBPN
StepE_Enter YGBQ2DWM
StepE_Enter ZR4AOU51
StepE_Enter 3WXAGVTJ
2025-04-01 02:42:48,296 - INFO - StepE_Exit M0JDGBPN
StepE_Exit YGBQ2DWM
StepE_Exit ZR4AOU51
StepE_Exit 3WXAGVTJ
2025-04-01 02:42:48,296 - INFO - StepE_Enter N97SY1DG
StepE_Enter 6NP3OU5D
2025-04-01 02:42:48,352 - INFO - StepE_Exit N97SY1DG
StepE_Exit 6NP3OU5D
2025-04-01 02:42:48,353 - INFO - StepE_Enter AOLCI9BT
StepE_Enter JL5I4YI3
2025-04-01 02:42:48,416 - INFO - StepE_Exit AOLCI9BT
StepE_Exit JL5I4YI3
2025-04-01 02:42:48,445 - INFO - StepE_Enter OMA53G7Y
2025-04-01 02:42:48,478 - INFO - StepE_Exit OMA53G7Y
2025-04-01 02:42:48,544 - INFO - StepE_Enter KGHS7N4D
2025-04-01 02:42:48,577 - INFO - StepE_Exit KGHS7N4D
2025-04-01 02:42:48,602 - INFO - StepE_Enter N08HTXMX
2025-04-01 02:42:48,634 - INFO - StepE_Exit N08HTXMX
2025-04-01 02:42:48,676 - INFO - StepE_Enter LY5UVJYE
2025-04-01 02:42:48,706 - INFO - StepE_Exit LY5UVJYE
2025-04-01 02:42:48,754 - INFO - StepE_Enter LJDN14HZ
2025-04-01 02:42:48,784 - INFO - StepE_Exit LJDN14HZ
2025-04-01 02:42:48,797 - INFO - StepE_Enter 6S8W9SVP
2025-04-01 02:42:48,839 - INFO - StepE_Exit 6S8W9SVP
2025-04-01 02:42:48,840 - INFO - StepE_Enter ESEBKZZG
StepE_Enter H0XVX791
2025-04-01 02:42:48,894 - INFO - StepE_Exit ESEBKZZG
StepE_Exit H0XVX791
2025-04-01 02:42:48,894 - INFO - StepE_Enter Q4C2XM4J
StepE_Enter 4P0QBXPY
StepE_Enter RIO4BLL6
2025-04-01 02:42:48,974 - INFO - StepE_Exit Q4C2XM4J
StepE_Exit 4P0QBXPY
StepE_Exit RIO4BLL6
2025-04-01 02:42:49,002 - INFO - StepE_Enter G4R5SW5X
2025-04-01 02:42:49,041 - INFO - StepE_Exit G4R5SW5X
2025-04-01 02:42:49,121 - INFO - StepE_Enter AFM6XPMP
2025-04-01 02:42:49,153 - INFO - StepE_Exit AFM6XPMP
2025-04-01 02:42:49,154 - INFO - StepE_Enter J4D9T343
StepE_Enter XNVFO4DU
2025-04-01 02:42:49,208 - INFO - StepE_Exit J4D9T343
StepE_Exit XNVFO4DU
2025-04-01 02:42:49,209 - INFO - StepE_Enter 64AP6IDK
2025-04-01 02:42:49,243 - INFO - StepE_Exit 64AP6IDK
2025-04-01 02:42:49,322 - INFO - StepE_Enter ZFF8AGEO
2025-04-01 02:42:49,357 - INFO - StepE_Exit ZFF8AGEO
2025-04-01 02:42:49,358 - INFO - StepE_Enter BXR8W6AT
2025-04-01 02:42:49,390 - INFO - StepE_Exit BXR8W6AT
2025-04-01 02:42:49,391 - INFO - StepE_Enter 55XNQ8JZ
2025-04-01 02:42:49,424 - INFO - StepE_Exit 55XNQ8JZ
2025-04-01 02:42:49,425 - INFO - StepE_Enter N6GVITQP
2025-04-01 02:42:49,454 - INFO - StepE_Exit N6GVITQP
2025-04-01 02:42:49,523 - INFO - StepE_Enter 1KG1SNLK
2025-04-01 02:42:49,556 - INFO - StepE_Exit 1KG1SNLK
2025-04-01 02:42:49,573 - INFO - StepE_Enter 2C1E2L9V
2025-04-01 02:42:49,602 - INFO - StepE_Exit 2C1E2L9V
2025-04-01 02:42:49,621 - INFO - StepE_Enter AMKVBH4K
2025-04-01 02:42:49,656 - INFO - StepE_Exit AMKVBH4K
2025-04-01 02:42:49,663 - INFO - StepE_Enter C9A3X4CQ
2025-04-01 02:42:49,699 - INFO - StepE_Exit C9A3X4CQ
2025-04-01 02:42:49,701 - INFO - StepE_Enter EYGGWNL2
2025-04-01 02:42:49,737 - INFO - StepE_Exit EYGGWNL2
2025-04-01 02:42:49,738 - INFO - StepE_Enter G6RZK6YY
2025-04-01 02:42:49,776 - INFO - StepE_Exit G6RZK6YY
2025-04-01 02:42:49,777 - INFO - StepE_Enter QWM0HF27
StepE_Enter OLF4ULKJ
2025-04-01 02:42:49,838 - INFO - StepE_Exit QWM0HF27
StepE_Exit OLF4ULKJ
2025-04-01 02:42:49,839 - INFO - StepE_Enter SXZAY5FO
StepE_Enter MY4VGH91
StepE_Enter AMXZN17J
StepE_Enter 17O3OII1
2025-04-01 02:42:49,935 - INFO - StepE_Exit SXZAY5FO
StepE_Exit MY4VGH91
StepE_Exit AMXZN17J
StepE_Exit 17O3OII1
2025-04-01 02:42:49,935 - INFO - StepE_Enter QJUHD70B
StepE_Enter 1359UHXF
2025-04-01 02:42:49,997 - INFO - StepE_Exit QJUHD70B
StepE_Exit 1359UHXF
2025-04-01 02:42:49,998 - INFO - StepE_Enter 0Z9T6K28
2025-04-01 02:42:50,028 - INFO - StepE_Exit 0Z9T6K28
2025-04-01 02:42:50,033 - INFO - StepE_Enter BMI3BNRI
2025-04-01 02:42:50,065 - INFO - StepE_Exit BMI3BNRI
2025-04-01 02:42:50,066 - INFO - StepE_Enter P4VJCPDK
StepE_Enter LMKDURQL
2025-04-01 02:42:50,119 - INFO - StepE_Exit P4VJCPDK
StepE_Exit LMKDURQL
2025-04-01 02:42:50,122 - INFO - StepE_Enter 11FU7MUD
2025-04-01 02:42:50,162 - INFO - StepE_Exit 11FU7MUD
2025-04-01 02:42:50,185 - INFO - StepE_Enter BU3S56V4
2025-04-01 02:42:50,218 - INFO - StepE_Exit BU3S56V4
2025-04-01 02:42:50,225 - INFO - StepE_Enter TF69EY9N
2025-04-01 02:42:50,257 - INFO - StepE_Exit TF69EY9N
2025-04-01 02:42:50,259 - INFO - StepE_Enter 6BX8ZSON
2025-04-01 02:42:50,292 - INFO - StepE_Exit 6BX8ZSON
2025-04-01 02:42:50,293 - INFO - StepE_Enter E7IDDM8Q
StepE_Enter 6ZORWXMQ
2025-04-01 02:42:50,350 - INFO - StepE_Exit E7IDDM8Q
StepE_Exit 6ZORWXMQ
2025-04-01 02:42:50,350 - INFO - StepE_Enter V6GYKF3P
2025-04-01 02:42:50,382 - INFO - StepE_Exit V6GYKF3P
2025-04-01 02:42:50,488 - INFO - StepE_Enter PFHONRH8
2025-04-01 02:42:50,521 - INFO - StepE_Exit PFHONRH8
2025-04-01 02:42:50,597 - INFO - StepE_Enter 2GBL97QJ
2025-04-01 02:42:50,626 - INFO - StepE_Exit 2GBL97QJ
2025-04-01 02:42:50,665 - INFO - StepE_Enter 6UWDF2JY
2025-04-01 02:42:50,700 - INFO - StepE_Exit 6UWDF2JY
2025-04-01 02:42:50,702 - INFO - StepE_Enter D46CSLOF
StepE_Enter 1ZOKCQ1N
StepE_Enter UZH8SXGK
StepE_Enter QXUNHT6W
StepE_Enter KAXFEVQJ
StepE_Enter OT15B6P9
2025-04-01 02:42:50,862 - INFO - StepE_Exit D46CSLOF
StepE_Exit 1ZOKCQ1N
StepE_Exit UZH8SXGK
StepE_Exit QXUNHT6W
StepE_Exit KAXFEVQJ
StepE_Exit OT15B6P9
2025-04-01 02:42:50,863 - INFO - StepE_Enter VDRNQ2PB
StepE_Enter 5OKN39T9
StepE_Enter AW6AAUKJ
StepE_Enter CYAD3GHX
StepE_Enter 358JGLTL
StepE_Enter DZ0JR1X1
StepE_Enter 2M2VKRP2
StepE_Enter JGK4V9F1
StepE_Enter B77CZM38
2025-04-01 02:42:51,101 - INFO - StepE_Exit VDRNQ2PB
StepE_Exit 5OKN39T9
StepE_Exit AW6AAUKJ
StepE_Exit CYAD3GHX
StepE_Exit 358JGLTL
StepE_Exit DZ0JR1X1
StepE_Exit 2M2VKRP2
StepE_Exit JGK4V9F1
StepE_Exit B77CZM38
2025-04-01 02:42:51,102 - INFO - StepE_Enter JOAWUCUK
StepE_Enter 7I6783F6
StepE_Enter 69YAAEC9
2025-04-01 02:42:51,188 - INFO - StepE_Exit JOAWUCUK
StepE_Exit 7I6783F6
StepE_Exit 69YAAEC9
2025-04-01 02:42:51,189 - INFO - StepE_Enter RLKU450G
StepE_Enter CV0CN568
2025-04-01 02:42:51,250 - INFO - StepE_Exit RLKU450G
StepE_Exit CV0CN568
2025-04-01 02:42:51,250 - INFO - StepE_Enter P3JMWW7R
2025-04-01 02:42:51,287 - INFO - StepE_Exit P3JMWW7R
2025-04-01 02:42:51,288 - INFO - StepE_Enter FKS0MOV2
StepE_Enter SCND6MC4
StepE_Enter 38F5R82T
StepE_Enter KVOTSGQP
2025-04-01 02:42:51,394 - INFO - StepE_Exit FKS0MOV2
StepE_Exit SCND6MC4
StepE_Exit 38F5R82T
StepE_Exit KVOTSGQP
2025-04-01 02:42:51,395 - INFO - StepE_Enter M77JZWSN
StepE_Enter PF9BT4M7
2025-04-01 02:42:51,457 - INFO - StepE_Exit M77JZWSN
StepE_Exit PF9BT4M7
2025-04-01 02:42:51,458 - INFO - StepE_Enter ANFEKMPY
StepE_Enter O4Y8HJSD
StepE_Enter 4ROAANJT
2025-04-01 02:42:51,539 - INFO - StepE_Exit ANFEKMPY
StepE_Exit O4Y8HJSD
StepE_Exit 4ROAANJT
2025-04-01 02:42:51,540 - INFO - StepE_Enter Z6XO8NP5
StepE_Enter P8K7SHXL
2025-04-01 02:42:51,590 - INFO - StepE_Exit Z6XO8NP5
StepE_Exit P8K7SHXL
2025-04-01 02:42:51,591 - INFO - StepE_Enter 7E2OLP62
2025-04-01 02:42:51,623 - INFO - StepE_Exit 7E2OLP62
2025-04-01 02:42:51,754 - INFO - StepE_Enter VUBZ7QW2
2025-04-01 02:42:51,793 - INFO - StepE_Exit VUBZ7QW2
2025-04-01 02:42:51,819 - INFO - StepE_Enter 98XUQ5MY
2025-04-01 02:42:51,855 - INFO - StepE_Exit 98XUQ5MY
2025-04-01 02:42:51,880 - INFO - StepE_Enter XB9IY6I2
2025-04-01 02:42:51,916 - INFO - StepE_Exit XB9IY6I2
2025-04-01 02:42:51,916 - INFO - StepE_Enter C89VOPHP
StepE_Enter TIMB4X9P
2025-04-01 02:42:51,978 - INFO - StepE_Exit C89VOPHP
StepE_Exit TIMB4X9P
2025-04-01 02:42:51,980 - INFO - StepE_Enter Z0NZO3FC
StepE_Enter M23HUTX4
2025-04-01 02:42:52,036 - INFO - StepE_Exit Z0NZO3FC
StepE_Exit M23HUTX4
2025-04-01 02:42:52,037 - INFO - StepE_Enter 4JIBZZP3
StepE_Enter 11ADC79I
2025-04-01 02:42:52,087 - INFO - StepE_Exit 4JIBZZP3
StepE_Exit 11ADC79I
2025-04-01 02:42:52,090 - INFO - StepE_Enter BIQOC4KV
2025-04-01 02:42:52,120 - INFO - StepE_Exit BIQOC4KV
2025-04-01 02:42:52,121 - INFO - StepE_Enter FYO183ZH
2025-04-01 02:42:52,150 - INFO - StepE_Exit FYO183ZH
2025-04-01 02:42:52,151 - INFO - StepE_Enter A70PTGDK
2025-04-01 02:42:52,186 - INFO - StepE_Exit A70PTGDK
2025-04-01 02:42:52,206 - INFO - StepE_Enter 3TNY1DPG
2025-04-01 02:42:52,238 - INFO - StepE_Exit 3TNY1DPG
2025-04-01 02:42:52,239 - INFO - StepE_Enter 2ORU6S3E
StepE_Enter 55C15MNY
2025-04-01 02:42:52,297 - INFO - StepE_Exit 2ORU6S3E
StepE_Exit 55C15MNY
2025-04-01 02:42:52,299 - INFO - StepE_Enter F8N6ARUJ
StepE_Enter G03WOG4H
StepE_Enter XFIOE2FA
StepE_Enter 1VSCVTX2
2025-04-01 02:42:52,403 - INFO - StepE_Exit F8N6ARUJ
StepE_Exit G03WOG4H
StepE_Exit XFIOE2FA
StepE_Exit 1VSCVTX2
2025-04-01 02:42:52,405 - INFO - StepE_Enter NFQ6J9PT
StepE_Enter ZX3E1HPC
StepE_Enter YFVBWCUZ
StepE_Enter RML5IFD1
StepE_Enter MEO4D0K2
StepE_Enter I1Y0F1EC
StepE_Enter NC0C4BYI
2025-04-01 02:42:52,572 - INFO - StepE_Exit NFQ6J9PT
StepE_Exit ZX3E1HPC
StepE_Exit YFVBWCUZ
StepE_Exit RML5IFD1
StepE_Exit MEO4D0K2
StepE_Exit I1Y0F1EC
StepE_Exit NC0C4BYI
2025-04-01 02:42:52,574 - INFO - StepE_Enter 49B4FTNE
2025-04-01 02:42:52,609 - INFO - StepE_Exit 49B4FTNE
2025-04-01 02:42:52,610 - INFO - StepE_Enter 18L1Q07B
StepE_Enter 2DRMMBRJ
2025-04-01 02:42:52,669 - INFO - StepE_Exit 18L1Q07B
StepE_Exit 2DRMMBRJ
2025-04-01 02:42:52,669 - INFO - StepE_Enter HODAFPE4
2025-04-01 02:42:52,707 - INFO - StepE_Exit HODAFPE4
2025-04-01 02:42:52,710 - INFO - StepE_Enter 3KZYHA5G
2025-04-01 02:42:52,740 - INFO - StepE_Exit 3KZYHA5G
2025-04-01 02:42:52,754 - INFO - StepE_Enter QYKHIXRL
2025-04-01 02:42:52,782 - INFO - StepE_Exit QYKHIXRL
2025-04-01 02:42:52,783 - INFO - StepE_Enter 0WKQZ4US
2025-04-01 02:42:52,811 - INFO - StepE_Exit 0WKQZ4US
2025-04-01 02:42:52,812 - INFO - StepE_Enter G5ZD7FV2
2025-04-01 02:42:52,848 - INFO - StepE_Exit G5ZD7FV2
2025-04-01 02:42:52,848 - INFO - StepE_Enter QBWELEYE
2025-04-01 02:42:52,880 - INFO - StepE_Exit QBWELEYE
2025-04-01 02:42:52,983 - INFO - StepE_Enter 8111A6Z4
2025-04-01 02:42:53,017 - INFO - StepE_Exit 8111A6Z4
2025-04-01 02:42:53,018 - INFO - StepE_Enter BYV8RRD4
2025-04-01 02:42:53,054 - INFO - StepE_Exit BYV8RRD4
2025-04-01 02:42:53,055 - INFO - StepE_Enter V1JLVRY0
2025-04-01 02:42:53,085 - INFO - StepE_Exit V1JLVRY0
2025-04-01 02:42:53,086 - INFO - StepE_Enter TH1EUL4K
2025-04-01 02:42:53,117 - INFO - StepE_Exit TH1EUL4K
2025-04-01 02:42:53,149 - INFO - StepE_Enter C6RUSKYQ
2025-04-01 02:42:53,178 - INFO - StepE_Exit C6RUSKYQ
2025-04-01 02:42:53,244 - INFO - StepE_Enter FTLEKPM2
2025-04-01 02:42:53,274 - INFO - StepE_Exit FTLEKPM2
2025-04-01 02:42:53,275 - INFO - StepE_Enter 5BXZO7M7
2025-04-01 02:42:53,306 - INFO - StepE_Exit 5BXZO7M7
2025-04-01 02:42:53,306 - INFO - StepE_Enter RY9ZQ2FV
StepE_Enter WQUHZYJF
StepE_Enter F1ND9IJH
2025-04-01 02:42:53,386 - INFO - StepE_Exit RY9ZQ2FV
StepE_Exit WQUHZYJF
StepE_Exit F1ND9IJH
2025-04-01 02:42:53,387 - INFO - StepE_Enter R2ZD9O7F
StepE_Enter 4CA9M0M0
StepE_Enter U1WHSLZQ
2025-04-01 02:42:53,460 - INFO - StepE_Exit R2ZD9O7F
StepE_Exit 4CA9M0M0
StepE_Exit U1WHSLZQ
2025-04-01 02:42:53,461 - INFO - StepE_Enter HGVLWIFV
2025-04-01 02:42:53,494 - INFO - StepE_Exit HGVLWIFV
2025-04-01 02:42:53,494 - INFO - StepE_Enter NJQZ9CFM
2025-04-01 02:42:53,525 - INFO - StepE_Exit NJQZ9CFM
2025-04-01 02:42:53,540 - INFO - StepE_Enter ZR6A2NTZ
2025-04-01 02:42:53,569 - INFO - StepE_Exit ZR6A2NTZ
2025-04-01 02:42:53,606 - INFO - StepE_Enter 6STZXZ6S
2025-04-01 02:42:53,645 - INFO - StepE_Exit 6STZXZ6S
2025-04-01 02:42:53,645 - INFO - StepE_Enter 8AFDXE2A
2025-04-01 02:42:53,680 - INFO - StepE_Exit 8AFDXE2A
2025-04-01 02:42:53,755 - INFO - StepE_Enter 8BR7B1OF
2025-04-01 02:42:53,788 - INFO - StepE_Exit 8BR7B1OF
2025-04-01 02:42:53,801 - INFO - StepE_Enter WEGEP6V2
2025-04-01 02:42:53,837 - INFO - StepE_Exit WEGEP6V2
2025-04-01 02:42:53,838 - INFO - StepE_Enter G2SOZAI0
StepE_Enter QE9PTR4K
StepE_Enter 6KDCPRRZ
2025-04-01 02:42:53,920 - INFO - StepE_Exit G2SOZAI0
StepE_Exit QE9PTR4K
StepE_Exit 6KDCPRRZ
2025-04-01 02:42:53,921 - INFO - StepE_Enter 3CHB8S8T
2025-04-01 02:42:53,955 - INFO - StepE_Exit 3CHB8S8T
2025-04-01 02:42:53,959 - INFO - StepE_Enter HDNPNYTE
2025-04-01 02:42:53,990 - INFO - StepE_Exit HDNPNYTE
2025-04-01 02:42:54,000 - INFO - StepE_Enter 6R1HPX7Y
2025-04-01 02:42:54,034 - INFO - StepE_Exit 6R1HPX7Y
2025-04-01 02:42:54,075 - INFO - StepE_Enter L4EA2YWJ
2025-04-01 02:42:54,105 - INFO - StepE_Exit L4EA2YWJ
2025-04-01 02:42:54,105 - INFO - StepE_Enter LT9UZGOL
2025-04-01 02:42:54,144 - INFO - StepE_Exit LT9UZGOL
2025-04-01 02:42:54,145 - INFO - StepE_Enter G7MGGASA
StepE_Enter 7HK4SJKQ
StepE_Enter ATY2XJV6
2025-04-01 02:42:54,226 - INFO - StepE_Exit G7MGGASA
StepE_Exit 7HK4SJKQ
StepE_Exit ATY2XJV6
2025-04-01 02:42:54,227 - INFO - StepE_Enter 3OSJ09IX
StepE_Enter NZU3NG2V
2025-04-01 02:42:54,284 - INFO - StepE_Exit 3OSJ09IX
StepE_Exit NZU3NG2V
2025-04-01 02:42:54,285 - INFO - StepE_Enter E53XNZCV
StepE_Enter ATP5S6IQ
2025-04-01 02:42:54,341 - INFO - StepE_Exit E53XNZCV
StepE_Exit ATP5S6IQ
2025-04-01 02:42:54,351 - INFO - StepE_Enter GHK99BAY
2025-04-01 02:42:54,380 - INFO - StepE_Exit GHK99BAY
2025-04-01 02:42:54,380 - INFO - StepE_Enter 9U33ZYIX
2025-04-01 02:42:54,411 - INFO - StepE_Exit 9U33ZYIX
2025-04-01 02:42:54,412 - INFO - StepE_Enter G95AB1U6
2025-04-01 02:42:54,442 - INFO - StepE_Exit G95AB1U6
2025-04-01 02:42:54,514 - INFO - StepE_Enter QZ44DSSH
2025-04-01 02:42:54,546 - INFO - StepE_Exit QZ44DSSH
2025-04-01 02:42:54,564 - INFO - StepE_Enter N308YT8R
2025-04-01 02:42:54,597 - INFO - StepE_Exit N308YT8R
2025-04-01 02:42:54,598 - INFO - StepE_Enter Y5UUDFNA
2025-04-01 02:42:54,630 - INFO - StepE_Exit Y5UUDFNA
2025-04-01 02:42:54,733 - INFO - StepE_Enter 3J7H1UDJ
2025-04-01 02:42:54,768 - INFO - StepE_Exit 3J7H1UDJ
2025-04-01 02:42:54,778 - INFO - StepE_Enter 1FF88D3P
2025-04-01 02:42:54,816 - INFO - StepE_Exit 1FF88D3P
2025-04-01 02:42:54,817 - INFO - StepE_Enter NX7AWI4K
StepE_Enter W0A2XEYB
StepE_Enter 0FNO5BGK
2025-04-01 02:42:54,893 - INFO - StepE_Exit NX7AWI4K
StepE_Exit W0A2XEYB
StepE_Exit 0FNO5BGK
2025-04-01 02:42:54,894 - INFO - StepE_Enter MCNDW3XY
StepE_Enter 5IP8650D
2025-04-01 02:42:54,947 - INFO - StepE_Exit MCNDW3XY
StepE_Exit 5IP8650D
2025-04-01 02:42:54,954 - INFO - StepE_Enter 2A7LUH2G
2025-04-01 02:42:54,987 - INFO - StepE_Exit 2A7LUH2G
2025-04-01 02:42:54,988 - INFO - StepE_Enter 66GTQX15
2025-04-01 02:42:55,023 - INFO - StepE_Exit 66GTQX15
2025-04-01 02:42:55,039 - INFO - StepE_Enter TBW5UJXA
2025-04-01 02:42:55,072 - INFO - StepE_Exit TBW5UJXA
2025-04-01 02:42:55,100 - INFO - StepE_Enter 6AHCJOCE
2025-04-01 02:42:55,131 - INFO - StepE_Exit 6AHCJOCE
2025-04-01 02:42:55,131 - INFO - StepE_Enter 95GI933Z
2025-04-01 02:42:55,164 - INFO - StepE_Exit 95GI933Z
2025-04-01 02:42:55,165 - INFO - StepE_Enter KNWP8BWR
StepE_Enter VO6WY9J9
2025-04-01 02:42:55,221 - INFO - StepE_Exit KNWP8BWR
StepE_Exit VO6WY9J9
2025-04-01 02:42:55,222 - INFO - StepE_Enter IWF45JJI
StepE_Enter YNJO8SUE
2025-04-01 02:42:55,278 - INFO - StepE_Exit IWF45JJI
StepE_Exit YNJO8SUE
2025-04-01 02:42:55,279 - INFO - StepE_Enter ZVFZQ3VR
StepE_Enter M5NHEOQN
StepE_Enter DRUFZVAR
2025-04-01 02:42:55,365 - INFO - StepE_Exit ZVFZQ3VR
StepE_Exit M5NHEOQN
StepE_Exit DRUFZVAR
2025-04-01 02:42:55,366 - INFO - StepE_Enter AXRK4BS3
StepE_Enter HZ898UCA
StepE_Enter BBXF3Z4E
StepE_Enter NJHKQV4C
2025-04-01 02:42:55,479 - INFO - StepE_Exit AXRK4BS3
StepE_Exit HZ898UCA
StepE_Exit BBXF3Z4E
StepE_Exit NJHKQV4C
2025-04-01 02:42:55,480 - INFO - StepE_Enter 0I9D4E34
StepE_Enter W3H4UT00
2025-04-01 02:42:55,536 - INFO - StepE_Exit 0I9D4E34
StepE_Exit W3H4UT00
2025-04-01 02:42:55,537 - INFO - StepE_Enter E6NM3543
StepE_Enter B0LULFDW
2025-04-01 02:42:55,593 - INFO - StepE_Exit E6NM3543
StepE_Exit B0LULFDW
2025-04-01 02:42:55,642 - INFO - StepE_Enter ENQCVR27
2025-04-01 02:42:55,674 - INFO - StepE_Exit ENQCVR27
2025-04-01 02:42:55,675 - INFO - StepE_Enter 2IO1VU6M
StepE_Enter RW6P9CI4
2025-04-01 02:42:55,729 - INFO - StepE_Exit 2IO1VU6M
StepE_Exit RW6P9CI4
2025-04-01 02:42:55,730 - INFO - StepE_Enter 68V8AK5F
2025-04-01 02:42:55,768 - INFO - StepE_Exit 68V8AK5F
2025-04-01 02:42:55,769 - INFO - StepE_Enter NBIFI906
2025-04-01 02:42:55,802 - INFO - StepE_Exit NBIFI906
2025-04-01 02:42:55,815 - INFO - StepE_Enter 96YJ7FVI
2025-04-01 02:42:55,849 - INFO - StepE_Exit 96YJ7FVI
2025-04-01 02:42:55,871 - INFO - StepE_Enter 9P4RTLHV
2025-04-01 02:42:55,904 - INFO - StepE_Exit 9P4RTLHV
2025-04-01 02:42:55,906 - INFO - StepE_Enter XFVF7GGM
2025-04-01 02:42:55,934 - INFO - StepE_Exit XFVF7GGM
2025-04-01 02:42:56,048 - INFO - StepE_Enter 9CSUS47G
2025-04-01 02:42:56,080 - INFO - StepE_Exit 9CSUS47G
2025-04-01 02:42:56,080 - INFO - StepE_Enter OUBU893A
StepE_Enter 795ZM14Y
2025-04-01 02:42:56,134 - INFO - StepE_Exit OUBU893A
StepE_Exit 795ZM14Y
2025-04-01 02:42:56,184 - INFO - StepE_Enter GKWR7PUJ
2025-04-01 02:42:56,215 - INFO - StepE_Exit GKWR7PUJ
2025-04-01 02:42:56,216 - INFO - StepE_Enter YQM977BP
2025-04-01 02:42:56,250 - INFO - StepE_Exit YQM977BP
2025-04-01 02:42:56,251 - INFO - StepE_Enter PRFZE3YH
2025-04-01 02:42:56,282 - INFO - StepE_Exit PRFZE3YH
2025-04-01 02:42:56,282 - INFO - StepE_Enter HF8NKTLD
StepE_Enter 57OP59Z0
StepE_Enter ELP5YN8P
2025-04-01 02:42:56,360 - INFO - StepE_Exit HF8NKTLD
StepE_Exit 57OP59Z0
StepE_Exit ELP5YN8P
2025-04-01 02:42:56,362 - INFO - StepE_Enter YKQIKF1Z
StepE_Enter YSLRMFLG
2025-04-01 02:42:56,418 - INFO - StepE_Exit YKQIKF1Z
StepE_Exit YSLRMFLG
2025-04-01 02:42:56,418 - INFO - StepE_Enter RDDV7PSG
2025-04-01 02:42:56,453 - INFO - StepE_Exit RDDV7PSG
2025-04-01 02:42:56,454 - INFO - StepE_Enter ZXSUNVJM
StepE_Enter AZCP5W8G
StepE_Enter LPBEI6QD
2025-04-01 02:42:56,536 - INFO - StepE_Exit ZXSUNVJM
StepE_Exit AZCP5W8G
StepE_Exit LPBEI6QD
2025-04-01 02:42:56,586 - INFO - StepE_Enter PL1ZWLCH
2025-04-01 02:42:56,616 - INFO - StepE_Exit PL1ZWLCH
2025-04-01 02:42:56,667 - INFO - StepE_Enter TN426M8S
2025-04-01 02:42:56,697 - INFO - StepE_Exit TN426M8S
2025-04-01 02:42:56,741 - INFO - StepE_Enter T1O5WAPX
2025-04-01 02:42:56,771 - INFO - StepE_Exit T1O5WAPX
2025-04-01 02:42:56,771 - INFO - StepE_Enter Y7LAE4I0
2025-04-01 02:42:56,802 - INFO - StepE_Exit Y7LAE4I0
2025-04-01 02:42:56,820 - INFO - StepE_Enter 2BIPSCTO
2025-04-01 02:42:56,852 - INFO - StepE_Exit 2BIPSCTO
2025-04-01 02:42:56,853 - INFO - StepE_Enter 203KCMPN
2025-04-01 02:42:56,885 - INFO - StepE_Exit 203KCMPN
2025-04-01 02:42:56,892 - INFO - StepE_Enter 21F1HURB
2025-04-01 02:42:56,924 - INFO - StepE_Exit 21F1HURB
2025-04-01 02:42:56,924 - INFO - StepE_Enter HPYXKYA1
StepE_Enter P8LYJ98C
StepE_Enter MQAYD79T
2025-04-01 02:42:57,014 - INFO - StepE_Exit HPYXKYA1
StepE_Exit P8LYJ98C
StepE_Exit MQAYD79T
2025-04-01 02:42:57,015 - INFO - StepE_Enter EAVA7M9G
StepE_Enter PQXMA81P
2025-04-01 02:42:57,074 - INFO - StepE_Exit EAVA7M9G
StepE_Exit PQXMA81P
2025-04-01 02:42:57,075 - INFO - StepE_Enter 07H66ZEJ
2025-04-01 02:42:57,105 - INFO - StepE_Exit 07H66ZEJ
2025-04-01 02:42:57,105 - INFO - StepE_Enter 0EH9CIMD
StepE_Enter 4AFOG6T9
2025-04-01 02:42:57,164 - INFO - StepE_Exit 0EH9CIMD
StepE_Exit 4AFOG6T9
2025-04-01 02:42:57,164 - INFO - StepE_Enter 206G00MU
2025-04-01 02:42:57,199 - INFO - StepE_Exit 206G00MU
2025-04-01 02:42:57,200 - INFO - StepE_Enter 4A72A7XZ
2025-04-01 02:42:57,230 - INFO - StepE_Exit 4A72A7XZ
2025-04-01 02:42:57,244 - INFO - StepE_Enter OTEBXEN5
2025-04-01 02:42:57,283 - INFO - StepE_Exit OTEBXEN5
2025-04-01 02:42:57,293 - INFO - StepE_Enter COJ4F6ZR
2025-04-01 02:42:57,320 - INFO - StepE_Exit COJ4F6ZR
2025-04-01 02:42:57,371 - INFO - StepE_Enter M56AIVZV
2025-04-01 02:42:57,401 - INFO - StepE_Exit M56AIVZV
2025-04-01 02:42:57,525 - INFO - StepE_Enter COJ1MAFQ
2025-04-01 02:42:57,560 - INFO - StepE_Exit COJ1MAFQ
2025-04-01 02:42:57,561 - INFO - StepE_Enter OU6UU6LU
2025-04-01 02:42:57,596 - INFO - StepE_Exit OU6UU6LU
2025-04-01 02:42:57,608 - INFO - StepE_Enter GHPJ7FT7
2025-04-01 02:42:57,639 - INFO - StepE_Exit GHPJ7FT7
2025-04-01 02:42:57,639 - INFO - StepE_Enter 34ODP4LC
2025-04-01 02:42:57,670 - INFO - StepE_Exit 34ODP4LC
2025-04-01 02:42:57,712 - INFO - StepE_Enter U77K41FB
2025-04-01 02:42:57,755 - INFO - StepE_Exit U77K41FB
2025-04-01 02:42:57,757 - INFO - StepE_Enter 8XYAKJYI
2025-04-01 02:42:57,791 - INFO - StepE_Exit 8XYAKJYI
2025-04-01 02:42:57,792 - INFO - StepE_Enter VVQL8SWW
StepE_Enter 5FUUJHNM
2025-04-01 02:42:57,841 - INFO - StepE_Exit VVQL8SWW
StepE_Exit 5FUUJHNM
2025-04-01 02:42:57,852 - INFO - StepE_Enter XQLCXZWF
2025-04-01 02:42:57,887 - INFO - StepE_Exit XQLCXZWF
2025-04-01 02:42:57,914 - INFO - StepE_Enter FNFT3R8W
2025-04-01 02:42:57,948 - INFO - StepE_Exit FNFT3R8W
2025-04-01 02:42:57,951 - INFO - StepE_Enter 4AXUNU85
2025-04-01 02:42:57,980 - INFO - StepE_Exit 4AXUNU85
2025-04-01 02:42:58,015 - INFO - StepE_Enter 6VPXQP27
2025-04-01 02:42:58,046 - INFO - StepE_Exit 6VPXQP27
2025-04-01 02:42:58,049 - INFO - StepE_Enter JPPRWXG4
2025-04-01 02:42:58,079 - INFO - StepE_Exit JPPRWXG4
2025-04-01 02:42:58,088 - INFO - StepE_Enter J5DGQ5SJ
2025-04-01 02:42:58,122 - INFO - StepE_Exit J5DGQ5SJ
2025-04-01 02:42:58,123 - INFO - StepE_Enter WLEP3FIA
2025-04-01 02:42:58,152 - INFO - StepE_Exit WLEP3FIA
2025-04-01 02:42:58,153 - INFO - StepE_Enter 9297MNMG
2025-04-01 02:42:58,185 - INFO - StepE_Exit 9297MNMG
2025-04-01 02:42:58,185 - INFO - StepE_Enter 0XC7Z4QQ
StepE_Enter IGIAHK56
2025-04-01 02:42:58,237 - INFO - StepE_Exit 0XC7Z4QQ
StepE_Exit IGIAHK56
2025-04-01 02:42:58,238 - INFO - StepE_Enter OVGO1WQA
2025-04-01 02:42:58,267 - INFO - StepE_Exit OVGO1WQA
2025-04-01 02:42:58,268 - INFO - StepE_Enter S0Y4JJJH
2025-04-01 02:42:58,299 - INFO - StepE_Exit S0Y4JJJH
2025-04-01 02:42:58,300 - INFO - StepE_Enter VZDLX5SF
2025-04-01 02:42:58,330 - INFO - StepE_Exit VZDLX5SF
2025-04-01 02:42:58,340 - INFO - StepE_Enter UZT79P81
2025-04-01 02:42:58,371 - INFO - StepE_Exit UZT79P81
2025-04-01 02:42:58,392 - INFO - StepE_Enter GKVXTTUG
2025-04-01 02:42:58,422 - INFO - StepE_Exit GKVXTTUG
2025-04-01 02:42:58,423 - INFO - StepE_Enter XB3WT7EO
StepE_Enter GYTUUYN9
StepE_Enter O221LE79
2025-04-01 02:42:58,498 - INFO - StepE_Exit XB3WT7EO
StepE_Exit GYTUUYN9
StepE_Exit O221LE79
2025-04-01 02:42:58,499 - INFO - StepE_Enter YOB45OBZ
StepE_Enter KJGQATBY
StepE_Enter BVHIU5CE
StepE_Enter 5TJ2UGI3
2025-04-01 02:42:58,610 - INFO - StepE_Exit YOB45OBZ
StepE_Exit KJGQATBY
StepE_Exit BVHIU5CE
StepE_Exit 5TJ2UGI3
2025-04-01 02:42:58,611 - INFO - StepE_Enter V7JYNUH4
StepE_Enter O14NDGIG
StepE_Enter EWIYZ6JY
2025-04-01 02:42:58,690 - INFO - StepE_Exit V7JYNUH4
StepE_Exit O14NDGIG
StepE_Exit EWIYZ6JY
2025-04-01 02:42:58,691 - INFO - StepE_Enter S3OSVZ7D
StepE_Enter OVVN3UVX
StepE_Enter 6BICUL0V
2025-04-01 02:42:58,771 - INFO - StepE_Exit S3OSVZ7D
StepE_Exit OVVN3UVX
StepE_Exit 6BICUL0V
2025-04-01 02:42:58,783 - INFO - StepE_Enter INCND0VJ
2025-04-01 02:42:58,817 - INFO - StepE_Exit INCND0VJ
2025-04-01 02:42:58,836 - INFO - StepE_Enter 1I99RL77
2025-04-01 02:42:58,874 - INFO - StepE_Exit 1I99RL77
2025-04-01 02:42:58,875 - INFO - StepE_Enter L3JWBUMN
StepE_Enter QWR4S6A5
2025-04-01 02:42:58,934 - INFO - StepE_Exit L3JWBUMN
StepE_Exit QWR4S6A5
2025-04-01 02:42:58,935 - INFO - StepE_Enter SU1AJT1Q
2025-04-01 02:42:58,971 - INFO - StepE_Exit SU1AJT1Q
2025-04-01 02:42:58,972 - INFO - StepE_Enter F0QCZNHL
2025-04-01 02:42:59,007 - INFO - StepE_Exit F0QCZNHL
2025-04-01 02:42:59,008 - INFO - StepE_Enter FWQEYTY6
StepE_Enter C1XVN0SD
StepE_Enter NIXMTYSE
2025-04-01 02:42:59,097 - INFO - StepE_Exit FWQEYTY6
StepE_Exit C1XVN0SD
StepE_Exit NIXMTYSE
2025-04-01 02:42:59,097 - INFO - StepE_Enter IE5K8KXN
2025-04-01 02:42:59,133 - INFO - StepE_Exit IE5K8KXN
2025-04-01 02:42:59,145 - INFO - StepE_Enter FWRD6LUB
2025-04-01 02:42:59,179 - INFO - StepE_Exit FWRD6LUB
2025-04-01 02:42:59,180 - INFO - StepE_Enter 5P9VS57R
2025-04-01 02:42:59,218 - INFO - StepE_Exit 5P9VS57R
2025-04-01 02:42:59,218 - INFO - StepE_Enter Z65DJHCX
StepE_Enter X30GQAT1
2025-04-01 02:42:59,282 - INFO - StepE_Exit Z65DJHCX
StepE_Exit X30GQAT1
2025-04-01 02:42:59,283 - INFO - StepE_Enter VJTZXU03
2025-04-01 02:42:59,318 - INFO - StepE_Exit VJTZXU03
2025-04-01 02:42:59,319 - INFO - StepE_Enter V7QDL3U2
StepE_Enter YYRT75KB
StepE_Enter PM46GZJQ
2025-04-01 02:42:59,398 - INFO - StepE_Exit V7QDL3U2
StepE_Exit YYRT75KB
StepE_Exit PM46GZJQ
2025-04-01 02:42:59,412 - INFO - StepE_Enter 4MQKOI4T
2025-04-01 02:42:59,446 - INFO - StepE_Exit 4MQKOI4T
2025-04-01 02:42:59,447 - INFO - StepE_Enter WP4GJMLM
2025-04-01 02:42:59,486 - INFO - StepE_Exit WP4GJMLM
2025-04-01 02:42:59,487 - INFO - StepE_Enter VZ7EP673
StepE_Enter 48RXALZA
2025-04-01 02:42:59,552 - INFO - StepE_Exit VZ7EP673
StepE_Exit 48RXALZA
2025-04-01 02:42:59,553 - INFO - StepE_Enter I196STZA
2025-04-01 02:42:59,594 - INFO - StepE_Exit I196STZA
2025-04-01 02:42:59,640 - INFO - StepE_Enter B09XXEWL
2025-04-01 02:42:59,672 - INFO - StepE_Exit B09XXEWL
2025-04-01 02:42:59,725 - INFO - StepE_Enter 0WBB7PVI
2025-04-01 02:42:59,788 - INFO - StepE_Exit 0WBB7PVI
2025-04-01 02:42:59,789 - INFO - StepE_Enter V39MPXUP
2025-04-01 02:42:59,824 - INFO - StepE_Exit V39MPXUP
2025-04-01 02:42:59,899 - INFO - StepE_Enter OAJXZ225
2025-04-01 02:42:59,939 - INFO - StepE_Exit OAJXZ225
2025-04-01 02:42:59,940 - INFO - StepE_Enter ROL23DVS
StepE_Enter 39PGCCJN
2025-04-01 02:42:59,994 - INFO - StepE_Exit ROL23DVS
StepE_Exit 39PGCCJN
2025-04-01 02:42:59,995 - INFO - StepE_Enter Y7V61XGA
2025-04-01 02:43:00,026 - INFO - StepE_Exit Y7V61XGA
2025-04-01 02:43:00,026 - INFO - StepE_Enter JUILRE05
2025-04-01 02:43:00,060 - INFO - StepE_Exit JUILRE05
2025-04-01 02:43:00,135 - INFO - StepE_Enter CJ2HRXJ0
2025-04-01 02:43:00,173 - INFO - StepE_Exit CJ2HRXJ0
2025-04-01 02:43:00,174 - INFO - StepE_Enter WE5OS7K0
2025-04-01 02:43:00,205 - INFO - StepE_Exit WE5OS7K0
2025-04-01 02:43:00,219 - INFO - StepE_Enter TV65HS74
2025-04-01 02:43:00,250 - INFO - StepE_Exit TV65HS74
2025-04-01 02:43:00,317 - INFO - StepE_Enter N3THXIPH
2025-04-01 02:43:00,348 - INFO - StepE_Exit N3THXIPH
2025-04-01 02:43:00,370 - INFO - StepE_Enter C7JQ1R49
2025-04-01 02:43:00,408 - INFO - StepE_Exit C7JQ1R49
2025-04-01 02:43:00,410 - INFO - StepE_Enter LTLHTF7W
StepE_Enter YAY6GNGX
StepE_Enter EDJ1Q5J4
2025-04-01 02:43:00,488 - INFO - StepE_Exit LTLHTF7W
StepE_Exit YAY6GNGX
StepE_Exit EDJ1Q5J4
2025-04-01 02:43:00,488 - INFO - StepE_Enter ZC40YU0P
StepE_Enter 1YS9Q51L
2025-04-01 02:43:00,544 - INFO - StepE_Exit ZC40YU0P
StepE_Exit 1YS9Q51L
2025-04-01 02:43:00,545 - INFO - StepE_Enter 8LU0I2NR
2025-04-01 02:43:00,577 - INFO - StepE_Exit 8LU0I2NR
2025-04-01 02:43:00,581 - INFO - StepE_Enter 2BWX3MQN
2025-04-01 02:43:00,612 - INFO - StepE_Exit 2BWX3MQN
2025-04-01 02:43:00,613 - INFO - StepE_Enter 407EGMKQ
StepE_Enter XU115M84
2025-04-01 02:43:00,665 - INFO - StepE_Exit 407EGMKQ
StepE_Exit XU115M84
2025-04-01 02:43:00,666 - INFO - StepE_Enter VXYI3A12
StepE_Enter M9SY8C61
2025-04-01 02:43:00,729 - INFO - StepE_Exit VXYI3A12
StepE_Exit M9SY8C61
2025-04-01 02:43:00,730 - INFO - StepE_Enter 7XX1D18Y
StepE_Enter Z7E2LV46
StepE_Enter 4B47JSNE
StepE_Enter Z83E0LRF
2025-04-01 02:43:00,839 - INFO - StepE_Exit 7XX1D18Y
StepE_Exit Z7E2LV46
StepE_Exit 4B47JSNE
StepE_Exit Z83E0LRF
2025-04-01 02:43:00,840 - INFO - StepE_Enter C31HP3WY
StepE_Enter U4T87ALF
StepE_Enter 6KKO54MQ
2025-04-01 02:43:00,918 - INFO - StepE_Exit C31HP3WY
StepE_Exit U4T87ALF
StepE_Exit 6KKO54MQ
2025-04-01 02:43:00,919 - INFO - StepE_Enter IKPAWH2B
StepE_Enter UZNE3Y6E
2025-04-01 02:43:00,972 - INFO - StepE_Exit IKPAWH2B
StepE_Exit UZNE3Y6E
2025-04-01 02:43:00,973 - INFO - StepE_Enter HDPJKG1Q
2025-04-01 02:43:01,005 - INFO - StepE_Exit HDPJKG1Q
2025-04-01 02:43:01,006 - INFO - StepE_Enter KLUMQD1S
StepE_Enter 0RL4TUL4
2025-04-01 02:43:01,056 - INFO - StepE_Exit KLUMQD1S
StepE_Exit 0RL4TUL4
2025-04-01 02:43:01,057 - INFO - StepE_Enter 9P74R9DV
2025-04-01 02:43:01,088 - INFO - StepE_Exit 9P74R9DV
2025-04-01 02:43:01,107 - INFO - StepE_Enter F1848FW6
2025-04-01 02:43:01,140 - INFO - StepE_Exit F1848FW6
2025-04-01 02:43:01,172 - INFO - StepE_Enter APMUHHZY
2025-04-01 02:43:01,202 - INFO - StepE_Exit APMUHHZY
2025-04-01 02:43:01,210 - INFO - StepE_Enter N6DBYO3Q
2025-04-01 02:43:01,241 - INFO - StepE_Exit N6DBYO3Q
2025-04-01 02:43:01,241 - INFO - StepE_Enter KS7H8S1S
2025-04-01 02:43:01,271 - INFO - StepE_Exit KS7H8S1S
2025-04-01 02:43:01,283 - INFO - StepE_Enter 90EASQNJ
2025-04-01 02:43:01,316 - INFO - StepE_Exit 90EASQNJ
2025-04-01 02:43:01,317 - INFO - StepE_Enter H14JPLR5
2025-04-01 02:43:01,347 - INFO - StepE_Exit H14JPLR5
2025-04-01 02:43:01,348 - INFO - StepE_Enter DNPGVZR3
2025-04-01 02:43:01,376 - INFO - StepE_Exit DNPGVZR3
2025-04-01 02:43:01,383 - INFO - StepE_Enter V80VXJCU
2025-04-01 02:43:01,416 - INFO - StepE_Exit V80VXJCU
2025-04-01 02:43:01,416 - INFO - StepE_Enter AG6OK6MQ
2025-04-01 02:43:01,445 - INFO - StepE_Exit AG6OK6MQ
2025-04-01 02:43:01,456 - INFO - StepE_Enter 9UUUTXMA
2025-04-01 02:43:01,490 - INFO - StepE_Exit 9UUUTXMA
2025-04-01 02:43:01,543 - INFO - StepE_Enter RRL5HSLH
2025-04-01 02:43:01,576 - INFO - StepE_Exit RRL5HSLH
2025-04-01 02:43:01,577 - INFO - StepE_Enter 15QHXD3B
2025-04-01 02:43:01,608 - INFO - StepE_Exit 15QHXD3B
2025-04-01 02:43:01,609 - INFO - StepE_Enter RY4K7GXO
2025-04-01 02:43:01,644 - INFO - StepE_Exit RY4K7GXO
2025-04-01 02:43:01,644 - INFO - StepE_Enter K4WA0XFJ
2025-04-01 02:43:01,681 - INFO - StepE_Exit K4WA0XFJ
2025-04-01 02:43:01,682 - INFO - StepE_Enter YXA7TCF2
2025-04-01 02:43:01,715 - INFO - StepE_Exit YXA7TCF2
2025-04-01 02:43:01,716 - INFO - StepE_Enter SQRK00ZY
2025-04-01 02:43:01,752 - INFO - StepE_Exit SQRK00ZY
2025-04-01 02:43:01,752 - INFO - StepE_Enter GU4HUKDG
2025-04-01 02:43:01,786 - INFO - StepE_Exit GU4HUKDG
2025-04-01 02:43:01,787 - INFO - StepE_Enter 4K578DV1
2025-04-01 02:43:01,823 - INFO - StepE_Exit 4K578DV1
2025-04-01 02:43:01,824 - INFO - StepE_Enter NSUWSHHS
2025-04-01 02:43:01,857 - INFO - StepE_Exit NSUWSHHS
2025-04-01 02:43:01,869 - INFO - StepE_Enter YFKKJA8U
2025-04-01 02:43:01,900 - INFO - StepE_Exit YFKKJA8U
2025-04-01 02:43:01,926 - INFO - StepE_Enter XXKE4QGH
2025-04-01 02:43:01,958 - INFO - StepE_Exit XXKE4QGH
2025-04-01 02:43:02,087 - INFO - StepE_Enter JRMEFRWE
2025-04-01 02:43:02,119 - INFO - StepE_Exit JRMEFRWE
2025-04-01 02:43:02,120 - INFO - StepE_Enter 6GCLRKZG
2025-04-01 02:43:02,155 - INFO - StepE_Exit 6GCLRKZG
2025-04-01 02:43:02,179 - INFO - StepE_Enter XL30LGPV
2025-04-01 02:43:02,209 - INFO - StepE_Exit XL30LGPV
2025-04-01 02:43:02,209 - INFO - StepE_Enter XXC6E0QS
2025-04-01 02:43:02,241 - INFO - StepE_Exit XXC6E0QS
2025-04-01 02:43:02,242 - INFO - StepE_Enter XV239QAP
2025-04-01 02:43:02,275 - INFO - StepE_Exit XV239QAP
2025-04-01 02:43:02,276 - INFO - StepE_Enter 51SW6BP7
2025-04-01 02:43:02,308 - INFO - StepE_Exit 51SW6BP7
2025-04-01 02:43:02,309 - INFO - StepE_Enter D5ZAI1OT
StepE_Enter TCTRBWQD
StepE_Enter AXP67T2P
2025-04-01 02:43:02,384 - INFO - StepE_Exit D5ZAI1OT
StepE_Exit TCTRBWQD
StepE_Exit AXP67T2P
2025-04-01 02:43:02,385 - INFO - StepE_Enter HHFQAN0C
StepE_Enter IYNEHLB2
2025-04-01 02:43:02,438 - INFO - StepE_Exit HHFQAN0C
StepE_Exit IYNEHLB2
2025-04-01 02:43:02,439 - INFO - StepE_Enter BLZ1G9RQ
StepE_Enter PK0SQHHP
2025-04-01 02:43:02,493 - INFO - StepE_Exit BLZ1G9RQ
StepE_Exit PK0SQHHP
2025-04-01 02:43:02,568 - INFO - StepE_Enter AAF8EFFJ
2025-04-01 02:43:02,599 - INFO - StepE_Exit AAF8EFFJ
2025-04-01 02:43:02,599 - INFO - StepE_Enter AC2J0KD0
2025-04-01 02:43:02,635 - INFO - StepE_Exit AC2J0KD0
2025-04-01 02:43:02,641 - INFO - StepE_Enter MIRB933T
2025-04-01 02:43:02,673 - INFO - StepE_Exit MIRB933T
2025-04-01 02:43:02,726 - INFO - StepE_Enter 8VJ26A0D
2025-04-01 02:43:02,760 - INFO - StepE_Exit 8VJ26A0D
2025-04-01 02:43:02,761 - INFO - StepE_Enter D9L22ITU
StepE_Enter YPSAABKO
2025-04-01 02:43:02,816 - INFO - StepE_Exit D9L22ITU
StepE_Exit YPSAABKO
2025-04-01 02:43:02,817 - INFO - StepE_Enter OSMWTUS6
StepE_Enter X677AZNE
2025-04-01 02:43:02,868 - INFO - StepE_Exit OSMWTUS6
StepE_Exit X677AZNE
2025-04-01 02:43:02,927 - INFO - StepE_Enter MKJP1OFY
2025-04-01 02:43:02,957 - INFO - StepE_Exit MKJP1OFY
2025-04-01 02:43:02,957 - INFO - StepE_Enter EZCM3T50
2025-04-01 02:43:02,992 - INFO - StepE_Exit EZCM3T50
2025-04-01 02:43:03,001 - INFO - StepE_Enter AR00389E
2025-04-01 02:43:03,031 - INFO - StepE_Exit AR00389E
2025-04-01 02:43:03,031 - INFO - StepE_Enter JY9Q2IYJ
2025-04-01 02:43:03,062 - INFO - StepE_Exit JY9Q2IYJ
2025-04-01 02:43:03,062 - INFO - StepE_Enter RADVCFV9
2025-04-01 02:43:03,090 - INFO - StepE_Exit RADVCFV9
2025-04-01 02:43:03,160 - INFO - StepE_Enter AGR1595W
2025-04-01 02:43:03,187 - INFO - StepE_Exit AGR1595W
2025-04-01 02:43:03,230 - INFO - StepE_Enter ZKV0YGTM
2025-04-01 02:43:03,259 - INFO - StepE_Exit ZKV0YGTM
2025-04-01 02:43:03,263 - INFO - StepE_Enter Y5B5PV7B
2025-04-01 02:43:03,297 - INFO - StepE_Exit Y5B5PV7B
2025-04-01 02:43:03,298 - INFO - StepE_Enter 13O8SO4T
2025-04-01 02:43:03,329 - INFO - StepE_Exit 13O8SO4T
2025-04-01 02:43:03,330 - INFO - StepE_Enter ERFATMIJ
2025-04-01 02:43:03,362 - INFO - StepE_Exit ERFATMIJ
2025-04-01 02:43:03,362 - INFO - StepE_Enter ZAVXRLR0
StepE_Enter 8Q7P4TAC
2025-04-01 02:43:03,421 - INFO - StepE_Exit ZAVXRLR0
StepE_Exit 8Q7P4TAC
2025-04-01 02:43:03,422 - INFO - StepE_Enter BCUUWCHI
StepE_Enter I0133OYD
StepE_Enter 6H4DGBD4
2025-04-01 02:43:03,493 - INFO - StepE_Exit BCUUWCHI
StepE_Exit I0133OYD
StepE_Exit 6H4DGBD4
2025-04-01 02:43:03,531 - INFO - StepE_Enter ENTVUS6N
2025-04-01 02:43:03,563 - INFO - StepE_Exit ENTVUS6N
2025-04-01 02:43:03,564 - INFO - StepE_Enter JF9R9MBL
StepE_Enter JN8DKQWC
StepE_Enter N739B5PI
StepE_Enter MGP32OYE
2025-04-01 02:43:03,663 - INFO - StepE_Exit JF9R9MBL
StepE_Exit JN8DKQWC
StepE_Exit N739B5PI
StepE_Exit MGP32OYE
2025-04-01 02:43:03,664 - INFO - StepE_Enter 7X4SCEXE
2025-04-01 02:43:03,693 - INFO - StepE_Exit 7X4SCEXE
2025-04-01 02:43:03,699 - INFO - StepE_Enter JZEBCQ1A
2025-04-01 02:43:03,725 - INFO - StepE_Exit JZEBCQ1A
2025-04-01 02:43:03,750 - INFO - StepE_Enter C20T8INX
2025-04-01 02:43:03,779 - INFO - StepE_Exit C20T8INX
2025-04-01 02:43:03,779 - INFO - StepE_Enter CP6R6SKU
2025-04-01 02:43:03,808 - INFO - StepE_Exit CP6R6SKU
2025-04-01 02:43:03,809 - INFO - StepE_Enter IT0MOXNI
2025-04-01 02:43:03,847 - INFO - StepE_Exit IT0MOXNI
2025-04-01 02:43:03,850 - INFO - StepE_Enter 63W5E2OJ
2025-04-01 02:43:03,879 - INFO - StepE_Exit 63W5E2OJ
2025-04-01 02:43:03,959 - INFO - StepE_Enter LK0FN1LZ
2025-04-01 02:43:03,989 - INFO - StepE_Exit LK0FN1LZ
2025-04-01 02:43:03,995 - INFO - StepE_Enter MACBFSS4
2025-04-01 02:43:04,024 - INFO - StepE_Exit MACBFSS4
2025-04-01 02:43:04,038 - INFO - StepE_Enter 2OP0S4ED
2025-04-01 02:43:04,066 - INFO - StepE_Exit 2OP0S4ED
2025-04-01 02:43:04,071 - INFO - StepE_Enter JPY9LV0X
2025-04-01 02:43:04,107 - INFO - StepE_Exit JPY9LV0X
2025-04-01 02:43:04,145 - INFO - StepE_Enter T93XUNJ0
2025-04-01 02:43:04,188 - INFO - StepE_Exit T93XUNJ0
2025-04-01 02:43:04,231 - INFO - StepE_Enter R413V48L
2025-04-01 02:43:04,261 - INFO - StepE_Exit R413V48L
2025-04-01 02:43:04,262 - INFO - StepE_Enter IOT9MH24
2025-04-01 02:43:04,293 - INFO - StepE_Exit IOT9MH24
2025-04-01 02:43:04,293 - INFO - StepE_Enter RF19NZNM
2025-04-01 02:43:04,323 - INFO - StepE_Exit RF19NZNM
2025-04-01 02:43:04,357 - INFO - StepE_Enter 3A9XA31T
2025-04-01 02:43:04,389 - INFO - StepE_Exit 3A9XA31T
2025-04-01 02:43:04,481 - INFO - StepE_Enter IWHRYC65
2025-04-01 02:43:04,514 - INFO - StepE_Exit IWHRYC65
2025-04-01 02:43:04,515 - INFO - StepE_Enter IE2YLX51
2025-04-01 02:43:04,550 - INFO - StepE_Exit IE2YLX51
2025-04-01 02:43:04,551 - INFO - StepE_Enter 8ONEPZV1
2025-04-01 02:43:04,581 - INFO - StepE_Exit 8ONEPZV1
2025-04-01 02:43:04,623 - INFO - StepE_Enter DDRPEQQB
2025-04-01 02:43:04,651 - INFO - StepE_Exit DDRPEQQB
2025-04-01 02:43:04,651 - INFO - StepE_Enter NCJXZKAO
StepE_Enter 43A5OSYZ
2025-04-01 02:43:04,702 - INFO - StepE_Exit NCJXZKAO
StepE_Exit 43A5OSYZ
2025-04-01 02:43:04,736 - INFO - StepE_Enter 8BECB7JU
StepE_Enter ACBMVL2X
2025-04-01 02:43:04,786 - INFO - StepE_Exit 8BECB7JU
StepE_Exit ACBMVL2X
2025-04-01 02:43:04,791 - INFO - StepE_Enter 46K0IOYY
2025-04-01 02:43:04,818 - INFO - StepE_Exit 46K0IOYY
2025-04-01 02:43:04,867 - INFO - StepE_Enter RB7QF5QW
2025-04-01 02:43:04,896 - INFO - StepE_Exit RB7QF5QW
2025-04-01 02:43:04,897 - INFO - StepE_Enter W9BUSLHU
2025-04-01 02:43:04,929 - INFO - StepE_Exit W9BUSLHU
2025-04-01 02:43:04,929 - INFO - StepE_Enter EKZEGOKV
StepE_Enter GZDJ2AJV
2025-04-01 02:43:04,986 - INFO - StepE_Exit EKZEGOKV
StepE_Exit GZDJ2AJV
2025-04-01 02:43:04,987 - INFO - StepE_Enter VT33GU9A
2025-04-01 02:43:05,017 - INFO - StepE_Exit VT33GU9A
2025-04-01 02:43:05,017 - INFO - StepE_Enter YDLR2OYO
2025-04-01 02:43:05,051 - INFO - StepE_Exit YDLR2OYO
2025-04-01 02:43:05,051 - INFO - StepE_Enter VAH531HU
2025-04-01 02:43:05,083 - INFO - StepE_Exit VAH531HU
2025-04-01 02:43:05,083 - INFO - StepE_Enter X1T705HO
2025-04-01 02:43:05,119 - INFO - StepE_Exit X1T705HO
2025-04-01 02:43:05,143 - INFO - StepE_Enter FHP0JKL2
2025-04-01 02:43:05,174 - INFO - StepE_Exit FHP0JKL2
2025-04-01 02:43:05,175 - INFO - StepE_Enter ABJVAOZ8
2025-04-01 02:43:05,205 - INFO - StepE_Exit ABJVAOZ8
2025-04-01 02:43:05,205 - INFO - StepE_Enter HW6R0K5A
2025-04-01 02:43:05,237 - INFO - StepE_Exit HW6R0K5A
2025-04-01 02:43:05,237 - INFO - StepE_Enter 77BRJ8N1
2025-04-01 02:43:05,265 - INFO - StepE_Exit 77BRJ8N1
2025-04-01 02:43:05,266 - INFO - StepE_Enter 4L3C2TOU
2025-04-01 02:43:05,294 - INFO - StepE_Exit 4L3C2TOU
2025-04-01 02:43:05,320 - INFO - StepE_Enter OAIASU9R
2025-04-01 02:43:05,350 - INFO - StepE_Exit OAIASU9R
2025-04-01 02:43:05,366 - INFO - StepE_Enter GQ3ERQ90
2025-04-01 02:43:05,394 - INFO - StepE_Exit GQ3ERQ90
2025-04-01 02:43:05,416 - INFO - StepE_Enter VMK1LSHO
2025-04-01 02:43:05,447 - INFO - StepE_Exit VMK1LSHO
2025-04-01 02:43:05,489 - INFO - StepE_Enter F4U31FGI
2025-04-01 02:43:05,518 - INFO - StepE_Exit F4U31FGI
2025-04-01 02:43:05,534 - INFO - StepE_Enter UG3ZZOGG
2025-04-01 02:43:05,567 - INFO - StepE_Exit UG3ZZOGG
2025-04-01 02:43:05,567 - INFO - StepE_Enter XLFBUY3N
2025-04-01 02:43:05,594 - INFO - StepE_Exit XLFBUY3N
2025-04-01 02:43:05,600 - INFO - StepE_Enter OS66HJCG
2025-04-01 02:43:05,629 - INFO - StepE_Exit OS66HJCG
2025-04-01 02:43:05,642 - INFO - StepE_Enter Q9LC4IOD
2025-04-01 02:43:05,672 - INFO - StepE_Exit Q9LC4IOD
2025-04-01 02:43:05,699 - INFO - StepE_Enter MC8KNJCF
2025-04-01 02:43:05,734 - INFO - StepE_Exit MC8KNJCF
2025-04-01 02:43:05,735 - INFO - StepE_Enter QOUZVDBT
StepE_Enter C0TFVL9E
StepE_Enter UFU2QBAG
2025-04-01 02:43:05,813 - INFO - StepE_Exit QOUZVDBT
StepE_Exit C0TFVL9E
StepE_Exit UFU2QBAG
2025-04-01 02:43:05,814 - INFO - StepE_Enter 1DFRBD7F
2025-04-01 02:43:05,842 - INFO - StepE_Exit 1DFRBD7F
2025-04-01 02:43:05,889 - INFO - StepE_Enter T2F1T6AD
2025-04-01 02:43:05,920 - INFO - StepE_Exit T2F1T6AD
2025-04-01 02:43:05,921 - INFO - StepE_Enter 28CR6T3V
2025-04-01 02:43:05,954 - INFO - StepE_Exit 28CR6T3V
2025-04-01 02:43:05,954 - INFO - StepE_Enter 210KPRJQ
2025-04-01 02:43:05,989 - INFO - StepE_Exit 210KPRJQ
2025-04-01 02:43:05,991 - INFO - StepE_Enter A80CXNIN
StepE_Enter 5I08QTIJ
2025-04-01 02:43:06,050 - INFO - StepE_Exit A80CXNIN
StepE_Exit 5I08QTIJ
2025-04-01 02:43:06,051 - INFO - StepE_Enter NP879IEW
StepE_Enter RJF5S867
StepE_Enter V7J3J8RF
2025-04-01 02:43:06,129 - INFO - StepE_Exit NP879IEW
StepE_Exit RJF5S867
StepE_Exit V7J3J8RF
2025-04-01 02:43:06,130 - INFO - StepE_Enter O9SZHMXE
2025-04-01 02:43:06,165 - INFO - StepE_Exit O9SZHMXE
2025-04-01 02:43:06,199 - INFO - StepE_Enter IC6GCX8Z
2025-04-01 02:43:06,231 - INFO - StepE_Exit IC6GCX8Z
2025-04-01 02:43:06,232 - INFO - StepE_Enter IT9JNO11
2025-04-01 02:43:06,267 - INFO - StepE_Exit IT9JNO11
2025-04-01 02:43:06,268 - INFO - StepE_Enter EDUFDYXO
StepE_Enter 0CZKREPG
StepE_Enter XYN0EPE4
2025-04-01 02:43:06,347 - INFO - StepE_Exit EDUFDYXO
StepE_Exit 0CZKREPG
StepE_Exit XYN0EPE4
2025-04-01 02:43:06,348 - INFO - StepE_Enter 31ZYYLAF
StepE_Enter Q5JZ4XX7
StepE_Enter BEW0C1HB
StepE_Enter 2CP5KCI7
2025-04-01 02:43:06,449 - INFO - StepE_Exit 31ZYYLAF
StepE_Exit Q5JZ4XX7
StepE_Exit BEW0C1HB
StepE_Exit 2CP5KCI7
2025-04-01 02:43:06,449 - INFO - StepE_Enter YDVP9ZWR
2025-04-01 02:43:06,480 - INFO - StepE_Exit YDVP9ZWR
2025-04-01 02:43:06,610 - INFO - StepE_Enter PQGQHTPJ
2025-04-01 02:43:06,643 - INFO - StepE_Exit PQGQHTPJ
2025-04-01 02:43:06,645 - INFO - StepE_Enter XLTJH675
2025-04-01 02:43:06,684 - INFO - StepE_Exit XLTJH675
2025-04-01 02:43:06,686 - INFO - StepE_Enter PFX5N04I
StepE_Enter V7LJRM7Y
StepE_Enter S41O13HB
StepE_Enter GXJQXKBH
2025-04-01 02:43:06,791 - INFO - StepE_Exit PFX5N04I
StepE_Exit V7LJRM7Y
StepE_Exit S41O13HB
StepE_Exit GXJQXKBH
2025-04-01 02:43:06,792 - INFO - StepE_Enter HX611HMC
2025-04-01 02:43:06,823 - INFO - StepE_Exit HX611HMC
2025-04-01 02:43:06,843 - INFO - StepE_Enter TQE1JQ5Q
2025-04-01 02:43:06,874 - INFO - StepE_Exit TQE1JQ5Q
2025-04-01 02:43:06,875 - INFO - StepE_Enter CS198UE6
2025-04-01 02:43:06,907 - INFO - StepE_Exit CS198UE6
2025-04-01 02:43:06,925 - INFO - StepE_Enter HVCDKEEV
2025-04-01 02:43:06,956 - INFO - StepE_Exit HVCDKEEV
2025-04-01 02:43:06,957 - INFO - StepE_Enter J913L6NK
StepE_Enter VVCP9PM9
2025-04-01 02:43:07,025 - INFO - StepE_Exit J913L6NK
StepE_Exit VVCP9PM9
2025-04-01 02:43:07,025 - INFO - StepE_Enter 481VJ96A
2025-04-01 02:43:07,061 - INFO - StepE_Exit 481VJ96A
2025-04-01 02:43:07,061 - INFO - StepE_Enter 600SJCP3
2025-04-01 02:43:07,096 - INFO - StepE_Exit 600SJCP3
2025-04-01 02:43:07,097 - INFO - StepE_Enter 31N8TFRL
2025-04-01 02:43:07,131 - INFO - StepE_Exit 31N8TFRL
2025-04-01 02:43:07,133 - INFO - StepE_Enter 0R9K4RDV
2025-04-01 02:43:07,165 - INFO - StepE_Exit 0R9K4RDV
2025-04-01 02:43:07,166 - INFO - StepE_Enter V3PV5IHM
2025-04-01 02:43:07,199 - INFO - StepE_Exit V3PV5IHM
2025-04-01 02:43:07,208 - INFO - StepE_Enter GFOO626G
2025-04-01 02:43:07,243 - INFO - StepE_Exit GFOO626G
2025-04-01 02:43:07,271 - INFO - StepE_Enter LYOU2957
2025-04-01 02:43:07,302 - INFO - StepE_Exit LYOU2957
2025-04-01 02:43:07,303 - INFO - StepE_Enter QBLUWX5C
2025-04-01 02:43:07,337 - INFO - StepE_Exit QBLUWX5C
2025-04-01 02:43:07,375 - INFO - StepE_Enter YN95CNBZ
2025-04-01 02:43:07,408 - INFO - StepE_Exit YN95CNBZ
2025-04-01 02:43:07,496 - INFO - StepE_Enter BRXYNNLF
2025-04-01 02:43:07,528 - INFO - StepE_Exit BRXYNNLF
2025-04-01 02:43:07,529 - INFO - StepE_Enter W5MKCWIF
2025-04-01 02:43:07,563 - INFO - StepE_Exit W5MKCWIF
2025-04-01 02:43:07,564 - INFO - StepE_Enter BNW4BELH
StepE_Enter 8JV7FJVY
StepE_Enter N1SUHHK3
2025-04-01 02:43:07,655 - INFO - StepE_Exit BNW4BELH
StepE_Exit 8JV7FJVY
StepE_Exit N1SUHHK3
2025-04-01 02:43:07,656 - INFO - StepE_Enter SRB2S04N
StepE_Enter K94J9NNQ
StepE_Enter CMJJDLTY
StepE_Enter COS3M1ZC
2025-04-01 02:43:07,758 - INFO - StepE_Exit SRB2S04N
StepE_Exit K94J9NNQ
StepE_Exit CMJJDLTY
StepE_Exit COS3M1ZC
2025-04-01 02:43:07,759 - INFO - StepE_Enter M4490TIB
StepE_Enter D8FA2B3I
2025-04-01 02:43:07,816 - INFO - StepE_Exit M4490TIB
StepE_Exit D8FA2B3I
2025-04-01 02:43:07,817 - INFO - StepE_Enter 1Z4DMMZU
2025-04-01 02:43:07,853 - INFO - StepE_Exit 1Z4DMMZU
2025-04-01 02:43:07,854 - INFO - StepE_Enter D2RQQPM7
StepE_Enter EEATFMWZ
2025-04-01 02:43:07,909 - INFO - StepE_Exit D2RQQPM7
StepE_Exit EEATFMWZ
2025-04-01 02:43:07,910 - INFO - StepE_Enter XY2A97Y1
2025-04-01 02:43:07,943 - INFO - StepE_Exit XY2A97Y1
2025-04-01 02:43:07,944 - INFO - StepE_Enter TWK68H85
2025-04-01 02:43:07,973 - INFO - StepE_Exit TWK68H85
2025-04-01 02:43:07,989 - INFO - StepE_Enter EYSXO47Y
2025-04-01 02:43:08,025 - INFO - StepE_Exit EYSXO47Y
2025-04-01 02:43:08,026 - INFO - StepE_Enter SMT16WVQ
2025-04-01 02:43:08,061 - INFO - StepE_Exit SMT16WVQ
2025-04-01 02:43:08,136 - INFO - StepE_Enter 10F7EU5W
2025-04-01 02:43:08,168 - INFO - StepE_Exit 10F7EU5W
2025-04-01 02:43:08,168 - INFO - StepE_Enter J6PGKK54
2025-04-01 02:43:08,203 - INFO - StepE_Exit J6PGKK54
2025-04-01 02:43:08,204 - INFO - StepE_Enter 22PW75I1
2025-04-01 02:43:08,237 - INFO - StepE_Exit 22PW75I1
2025-04-01 02:43:08,237 - INFO - StepE_Enter Q0ES3PX6
StepE_Enter WZWEK2S5
2025-04-01 02:43:08,298 - INFO - StepE_Exit Q0ES3PX6
StepE_Exit WZWEK2S5
2025-04-01 02:43:08,298 - INFO - StepE_Enter 1KV2G7L3
2025-04-01 02:43:08,329 - INFO - StepE_Exit 1KV2G7L3
2025-04-01 02:43:08,371 - INFO - StepE_Enter JPR4DJCI
2025-04-01 02:43:08,403 - INFO - StepE_Exit JPR4DJCI
2025-04-01 02:43:08,490 - INFO - StepE_Enter 5FQW1X8S
2025-04-01 02:43:08,526 - INFO - StepE_Exit 5FQW1X8S
2025-04-01 02:43:08,526 - INFO - StepE_Enter VOE12AY6
StepE_Enter B9SJNT7J
2025-04-01 02:43:08,579 - INFO - StepE_Exit VOE12AY6
StepE_Exit B9SJNT7J
2025-04-01 02:43:08,581 - INFO - StepE_Enter 55KXDKDS
2025-04-01 02:43:08,614 - INFO - StepE_Exit 55KXDKDS
2025-04-01 02:43:08,615 - INFO - StepE_Enter ZD5VU4YL
StepE_Enter S4PO19GO
2025-04-01 02:43:08,666 - INFO - StepE_Exit ZD5VU4YL
StepE_Exit S4PO19GO
2025-04-01 02:43:08,681 - INFO - StepE_Enter 0O91YIDY
2025-04-01 02:43:08,711 - INFO - StepE_Exit 0O91YIDY
2025-04-01 02:43:08,712 - INFO - StepE_Enter R2TNNQ73
2025-04-01 02:43:08,746 - INFO - StepE_Exit R2TNNQ73
2025-04-01 02:43:08,747 - INFO - StepE_Enter WNQOEUDQ
2025-04-01 02:43:08,782 - INFO - StepE_Exit WNQOEUDQ
2025-04-01 02:43:08,782 - INFO - StepE_Enter B9JIRM5M
StepE_Enter JLF3RTQF
2025-04-01 02:43:08,836 - INFO - StepE_Exit B9JIRM5M
StepE_Exit JLF3RTQF
2025-04-01 02:43:08,847 - INFO - StepE_Enter W2J5QNUG
2025-04-01 02:43:08,877 - INFO - StepE_Exit W2J5QNUG
2025-04-01 02:43:08,934 - INFO - StepE_Enter 6COI3HC2
2025-04-01 02:43:08,967 - INFO - StepE_Exit 6COI3HC2
2025-04-01 02:43:08,968 - INFO - StepE_Enter LFPFKI6U
StepE_Enter UJBDIIG1
2025-04-01 02:43:09,024 - INFO - StepE_Exit LFPFKI6U
StepE_Exit UJBDIIG1
2025-04-01 02:43:09,025 - INFO - StepE_Enter 9ZH2H2MH
2025-04-01 02:43:09,056 - INFO - StepE_Exit 9ZH2H2MH
2025-04-01 02:43:09,057 - INFO - StepE_Enter SN7PNSNK
2025-04-01 02:43:09,089 - INFO - StepE_Exit SN7PNSNK
2025-04-01 02:43:09,111 - INFO - StepE_Enter ZF1C4IQO
2025-04-01 02:43:09,142 - INFO - StepE_Exit ZF1C4IQO
2025-04-01 02:43:09,143 - INFO - StepE_Enter 7DUPKKG4
2025-04-01 02:43:09,176 - INFO - StepE_Exit 7DUPKKG4
2025-04-01 02:43:09,177 - INFO - StepE_Enter EOFODBK2
2025-04-01 02:43:09,210 - INFO - StepE_Exit EOFODBK2
2025-04-01 02:43:09,232 - INFO - StepE_Enter PN8SL1FQ
2025-04-01 02:43:09,263 - INFO - StepE_Exit PN8SL1FQ
2025-04-01 02:43:09,378 - INFO - StepE_Enter 81PGVZRK
2025-04-01 02:43:09,409 - INFO - StepE_Exit 81PGVZRK
2025-04-01 02:43:09,479 - INFO - StepE_Enter MOTI1NBV
StepE_Enter G6801RNR
2025-04-01 02:43:09,534 - INFO - StepE_Exit MOTI1NBV
StepE_Exit G6801RNR
2025-04-01 02:43:09,535 - INFO - StepE_Enter 8513SGYU
StepE_Enter VSAUEDHM
2025-04-01 02:43:09,589 - INFO - StepE_Exit 8513SGYU
StepE_Exit VSAUEDHM
2025-04-01 02:43:09,590 - INFO - StepE_Enter I6NG6PPE
2025-04-01 02:43:09,632 - INFO - StepE_Exit I6NG6PPE
2025-04-01 02:43:09,633 - INFO - StepE_Enter WDQO6U1T
2025-04-01 02:43:09,661 - INFO - StepE_Exit WDQO6U1T
2025-04-01 02:43:09,686 - INFO - StepE_Enter 7IEPRQ50
2025-04-01 02:43:09,721 - INFO - StepE_Exit 7IEPRQ50
2025-04-01 02:43:09,722 - INFO - StepE_Enter DKXAVXB3
StepE_Enter UWOJA7YR
2025-04-01 02:43:09,779 - INFO - StepE_Exit DKXAVXB3
StepE_Exit UWOJA7YR
2025-04-01 02:43:09,779 - INFO - StepE_Enter 6N0W1R3K
2025-04-01 02:43:09,811 - INFO - StepE_Exit 6N0W1R3K
2025-04-01 02:43:09,811 - INFO - StepE_Enter 9BZ2JDL2
StepE_Enter 9LPZOBGF
2025-04-01 02:43:09,863 - INFO - StepE_Exit 9BZ2JDL2
StepE_Exit 9LPZOBGF
2025-04-01 02:43:09,879 - INFO - StepE_Enter G7C65E5G
2025-04-01 02:43:09,909 - INFO - StepE_Exit G7C65E5G
2025-04-01 02:43:09,910 - INFO - StepE_Enter R3WIC8T5
StepE_Enter P7RRZ4OG
2025-04-01 02:43:09,966 - INFO - StepE_Exit R3WIC8T5
StepE_Exit P7RRZ4OG
2025-04-01 02:43:09,969 - INFO - StepE_Enter OTSH69ER
2025-04-01 02:43:10,006 - INFO - StepE_Exit OTSH69ER
2025-04-01 02:43:10,014 - INFO - StepE_Enter P0MEDXCX
2025-04-01 02:43:10,044 - INFO - StepE_Exit P0MEDXCX
2025-04-01 02:43:10,132 - INFO - StepE_Enter JRDY7M8D
2025-04-01 02:43:10,161 - INFO - StepE_Exit JRDY7M8D
2025-04-01 02:43:10,162 - INFO - StepE_Enter Z2D1FHM4
2025-04-01 02:43:10,197 - INFO - StepE_Exit Z2D1FHM4
2025-04-01 02:43:10,198 - INFO - StepE_Enter 8QZJHY3F
2025-04-01 02:43:10,233 - INFO - StepE_Exit 8QZJHY3F
2025-04-01 02:43:10,234 - INFO - StepE_Enter I2L2TI59
StepE_Enter G0DLCHNG
2025-04-01 02:43:10,292 - INFO - StepE_Exit I2L2TI59
StepE_Exit G0DLCHNG
2025-04-01 02:43:10,293 - INFO - StepE_Enter 2N8VOA78
StepE_Enter R1RK2RCG
StepE_Enter 5CZH47TJ
StepE_Enter QJ1L7BE7
2025-04-01 02:43:10,394 - INFO - StepE_Exit 2N8VOA78
StepE_Exit R1RK2RCG
StepE_Exit 5CZH47TJ
StepE_Exit QJ1L7BE7
2025-04-01 02:43:10,395 - INFO - StepE_Enter ZC43YG25
2025-04-01 02:43:10,427 - INFO - StepE_Exit ZC43YG25
2025-04-01 02:43:10,457 - INFO - StepE_Enter L481XJ6E
2025-04-01 02:43:10,486 - INFO - StepE_Exit L481XJ6E
2025-04-01 02:43:10,486 - INFO - StepE_Enter OJ43J99Y
StepE_Enter ZLFBW2S9
2025-04-01 02:43:10,545 - INFO - StepE_Exit OJ43J99Y
StepE_Exit ZLFBW2S9
2025-04-01 02:43:10,546 - INFO - StepE_Enter S7CALFAF
StepE_Enter I5B6DERM
StepE_Enter MS68B8OB
2025-04-01 02:43:10,630 - INFO - StepE_Exit S7CALFAF
StepE_Exit I5B6DERM
StepE_Exit MS68B8OB
2025-04-01 02:43:10,631 - INFO - StepE_Enter L0NI8AL4
StepE_Enter H0NHYU28
2025-04-01 02:43:10,687 - INFO - StepE_Exit L0NI8AL4
StepE_Exit H0NHYU28
2025-04-01 02:43:10,688 - INFO - StepE_Enter Q8RX2QQA
2025-04-01 02:43:10,723 - INFO - StepE_Exit Q8RX2QQA
2025-04-01 02:43:10,750 - INFO - StepE_Enter X37IR4CE
2025-04-01 02:43:10,778 - INFO - StepE_Exit X37IR4CE
2025-04-01 02:43:10,779 - INFO - StepE_Enter KJJ7610R
2025-04-01 02:43:10,809 - INFO - StepE_Exit KJJ7610R
2025-04-01 02:43:10,809 - INFO - StepE_Enter 4YDGO0UA
2025-04-01 02:43:10,843 - INFO - StepE_Exit 4YDGO0UA
2025-04-01 02:43:10,870 - INFO - StepE_Enter 6R4CS77W
2025-04-01 02:43:10,901 - INFO - StepE_Exit 6R4CS77W
2025-04-01 02:43:10,911 - INFO - StepE_Enter 3BFGPCRA
2025-04-01 02:43:10,943 - INFO - StepE_Exit 3BFGPCRA
2025-04-01 02:43:10,944 - INFO - StepE_Enter 2E1HFJ76
2025-04-01 02:43:10,978 - INFO - StepE_Exit 2E1HFJ76
2025-04-01 02:43:10,979 - INFO - StepE_Enter HXODXV2I
StepE_Enter S7L0LSB3
2025-04-01 02:43:11,034 - INFO - StepE_Exit HXODXV2I
StepE_Exit S7L0LSB3
2025-04-01 02:43:11,049 - INFO - StepE_Enter 35U2J761
2025-04-01 02:43:11,081 - INFO - StepE_Exit 35U2J761
2025-04-01 02:43:11,117 - INFO - StepE_Enter YT3NSWOO
2025-04-01 02:43:11,148 - INFO - StepE_Exit YT3NSWOO
2025-04-01 02:43:11,148 - INFO - StepE_Enter EJQV0O8O
StepE_Enter 21XLCCIP
2025-04-01 02:43:11,207 - INFO - StepE_Exit EJQV0O8O
StepE_Exit 21XLCCIP
2025-04-01 02:43:11,220 - INFO - StepE_Enter HM9T3ZNI
2025-04-01 02:43:11,252 - INFO - StepE_Exit HM9T3ZNI
2025-04-01 02:43:11,253 - INFO - StepE_Enter 8JMW1HOD
StepE_Enter AMKJI26F
2025-04-01 02:43:11,308 - INFO - StepE_Exit 8JMW1HOD
StepE_Exit AMKJI26F
2025-04-01 02:43:11,309 - INFO - StepE_Enter ISMBKAS3
StepE_Enter M10NI5GV
2025-04-01 02:43:11,364 - INFO - StepE_Exit ISMBKAS3
StepE_Exit M10NI5GV
2025-04-01 02:43:11,364 - INFO - StepE_Enter F24S06R5
2025-04-01 02:43:11,397 - INFO - StepE_Exit F24S06R5
2025-04-01 02:43:11,398 - INFO - StepE_Enter WVAXIFCU
2025-04-01 02:43:11,429 - INFO - StepE_Exit WVAXIFCU
2025-04-01 02:43:11,446 - INFO - StepE_Enter BQTND7ZB
2025-04-01 02:43:11,475 - INFO - StepE_Exit BQTND7ZB
2025-04-01 02:43:11,486 - INFO - StepE_Enter THFN5O4K
2025-04-01 02:43:11,521 - INFO - StepE_Exit THFN5O4K
2025-04-01 02:43:11,522 - INFO - StepE_Enter LIKZ3KGT
2025-04-01 02:43:11,556 - INFO - StepE_Exit LIKZ3KGT
2025-04-01 02:43:11,564 - INFO - StepE_Enter 89YU8K0D
2025-04-01 02:43:11,593 - INFO - StepE_Exit 89YU8K0D
2025-04-01 02:43:11,705 - INFO - StepE_Enter LT036AQF
2025-04-01 02:43:11,737 - INFO - StepE_Exit LT036AQF
2025-04-01 02:43:11,738 - INFO - StepE_Enter 9XAGLOEX
2025-04-01 02:43:11,771 - INFO - StepE_Exit 9XAGLOEX
2025-04-01 02:43:11,773 - INFO - StepE_Enter DC2XVXNZ
2025-04-01 02:43:11,805 - INFO - StepE_Exit DC2XVXNZ
2025-04-01 02:43:11,812 - INFO - StepE_Enter SL4OCNP4
2025-04-01 02:43:11,842 - INFO - StepE_Exit SL4OCNP4
2025-04-01 02:43:11,849 - INFO - StepE_Enter 7IEBIGXP
2025-04-01 02:43:11,879 - INFO - StepE_Exit 7IEBIGXP
2025-04-01 02:43:11,880 - INFO - StepE_Enter MNMAJH3M
2025-04-01 02:43:11,914 - INFO - StepE_Exit MNMAJH3M
2025-04-01 02:43:11,915 - INFO - StepE_Enter I7X4HE2G
2025-04-01 02:43:11,945 - INFO - StepE_Exit I7X4HE2G
2025-04-01 02:43:11,945 - INFO - StepE_Enter 2RUJJ423
2025-04-01 02:43:11,975 - INFO - StepE_Exit 2RUJJ423
2025-04-01 02:43:11,989 - INFO - StepE_Enter Q8GLVMU2
2025-04-01 02:43:12,022 - INFO - StepE_Exit Q8GLVMU2
2025-04-01 02:43:12,023 - INFO - StepE_Enter YHELQ0GB
2025-04-01 02:43:12,057 - INFO - StepE_Exit YHELQ0GB
2025-04-01 02:43:12,057 - INFO - StepE_Enter 9KAJ9U9Z
StepE_Enter YLL40VOA
2025-04-01 02:43:12,111 - INFO - StepE_Exit 9KAJ9U9Z
StepE_Exit YLL40VOA
2025-04-01 02:43:12,112 - INFO - StepE_Enter 22WZ6EL5
2025-04-01 02:43:12,146 - INFO - StepE_Exit 22WZ6EL5
2025-04-01 02:43:12,148 - INFO - StepE_Enter JZKCCR97
StepE_Enter MAF8KTW9
StepE_Enter CMIZQQWP
StepE_Enter 7BMMBR8U
2025-04-01 02:43:12,245 - INFO - StepE_Exit JZKCCR97
StepE_Exit MAF8KTW9
StepE_Exit CMIZQQWP
StepE_Exit 7BMMBR8U
2025-04-01 02:43:12,246 - INFO - StepE_Enter QKT77XAZ
StepE_Enter AEJNMK01
StepE_Enter VFS1JHBU
StepE_Enter GZY1KOOP
2025-04-01 02:43:12,348 - INFO - StepE_Exit QKT77XAZ
StepE_Exit AEJNMK01
StepE_Exit VFS1JHBU
StepE_Exit GZY1KOOP
2025-04-01 02:43:12,349 - INFO - StepE_Enter NQMYKMPC
2025-04-01 02:43:12,377 - INFO - StepE_Exit NQMYKMPC
2025-04-01 02:43:12,378 - INFO - StepE_Enter FE4K6I2K
StepE_Enter CN7U8R8R
2025-04-01 02:43:12,434 - INFO - StepE_Exit FE4K6I2K
StepE_Exit CN7U8R8R
2025-04-01 02:43:12,435 - INFO - StepE_Enter 0PASFRVY
2025-04-01 02:43:12,462 - INFO - StepE_Exit 0PASFRVY
2025-04-01 02:43:12,479 - INFO - StepE_Enter F1V6DD3W
2025-04-01 02:43:12,511 - INFO - StepE_Exit F1V6DD3W
2025-04-01 02:43:12,511 - INFO - StepE_Enter D5AW6MZP
2025-04-01 02:43:12,540 - INFO - StepE_Exit D5AW6MZP
2025-04-01 02:43:12,540 - INFO - StepE_Enter 99Y986RT
2025-04-01 02:43:12,574 - INFO - StepE_Exit 99Y986RT
2025-04-01 02:43:12,575 - INFO - StepE_Enter HGQ18Y46
2025-04-01 02:43:12,603 - INFO - StepE_Exit HGQ18Y46
2025-04-01 02:43:12,608 - INFO - StepE_Enter XYSQGXOI
2025-04-01 02:43:12,638 - INFO - StepE_Exit XYSQGXOI
2025-04-01 02:43:12,665 - INFO - StepE_Enter LGU2RHT6
2025-04-01 02:43:12,698 - INFO - StepE_Exit LGU2RHT6
2025-04-01 02:43:12,700 - INFO - StepE_Enter 29G37AN6
StepE_Enter I2K5ZVX7
StepE_Enter 3XL6L7G5
2025-04-01 02:43:12,778 - INFO - StepE_Exit 29G37AN6
StepE_Exit I2K5ZVX7
StepE_Exit 3XL6L7G5
2025-04-01 02:43:12,779 - INFO - StepE_Enter L3CQVP63
StepE_Enter G64DEZ9X
StepE_Enter 4CMO30RD
StepE_Enter 5HYUAAIU
StepE_Enter REN3P88E
2025-04-01 02:43:12,901 - INFO - StepE_Exit L3CQVP63
StepE_Exit G64DEZ9X
StepE_Exit 4CMO30RD
StepE_Exit 5HYUAAIU
StepE_Exit REN3P88E
2025-04-01 02:43:12,902 - INFO - StepE_Enter 0TEKKV3C
StepE_Enter LPHWVNF1
StepE_Enter YC7I6FR0
2025-04-01 02:43:12,987 - INFO - StepE_Exit 0TEKKV3C
StepE_Exit LPHWVNF1
StepE_Exit YC7I6FR0
2025-04-01 02:43:12,988 - INFO - StepE_Enter 3RY53ASW
StepE_Enter JE1I4FLZ
2025-04-01 02:43:13,047 - INFO - StepE_Exit 3RY53ASW
StepE_Exit JE1I4FLZ
2025-04-01 02:43:13,048 - INFO - StepE_Enter YQFMN4LA
2025-04-01 02:43:13,081 - INFO - StepE_Exit YQFMN4LA
2025-04-01 02:43:13,254 - INFO - StepE_Enter PPDLZAT7
2025-04-01 02:43:13,288 - INFO - StepE_Exit PPDLZAT7
2025-04-01 02:43:13,348 - INFO - StepE_Enter 586RYWXB
2025-04-01 02:43:13,382 - INFO - StepE_Exit 586RYWXB
2025-04-01 02:43:13,382 - INFO - StepE_Enter E336JJCJ
2025-04-01 02:43:13,416 - INFO - StepE_Exit E336JJCJ
2025-04-01 02:43:13,466 - INFO - StepE_Enter SC7881TW
2025-04-01 02:43:13,496 - INFO - StepE_Exit SC7881TW
2025-04-01 02:43:13,501 - INFO - StepE_Enter G591ZJZ5
2025-04-01 02:43:13,532 - INFO - StepE_Exit G591ZJZ5
2025-04-01 02:43:13,634 - INFO - StepE_Enter HFNTAO7V
2025-04-01 02:43:13,668 - INFO - StepE_Exit HFNTAO7V
2025-04-01 02:43:13,669 - INFO - StepE_Enter RH19QBBL
2025-04-01 02:43:13,700 - INFO - StepE_Exit RH19QBBL
2025-04-01 02:43:13,801 - INFO - StepE_Enter 511MBZ4M
2025-04-01 02:43:13,831 - INFO - StepE_Exit 511MBZ4M
2025-04-01 02:43:13,832 - INFO - StepE_Enter 219O15QX
2025-04-01 02:43:13,864 - INFO - StepE_Exit 219O15QX
2025-04-01 02:43:13,946 - INFO - StepE_Enter X44PT5KN
2025-04-01 02:43:13,977 - INFO - StepE_Exit X44PT5KN
2025-04-01 02:43:14,080 - INFO - StepE_Enter X93LHKDT
2025-04-01 02:43:14,113 - INFO - StepE_Exit X93LHKDT
2025-04-01 02:43:14,120 - INFO - StepE_Enter 2HGKB8Z9
2025-04-01 02:43:14,150 - INFO - StepE_Exit 2HGKB8Z9
2025-04-01 02:43:14,215 - INFO - StepE_Enter QV5NY2UO
2025-04-01 02:43:14,245 - INFO - StepE_Exit QV5NY2UO
2025-04-01 02:43:14,268 - INFO - StepE_Enter IWS710XS
2025-04-01 02:43:14,300 - INFO - StepE_Exit IWS710XS
2025-04-01 02:43:14,308 - INFO - StepE_Enter 0OPUXZNS
2025-04-01 02:43:14,344 - INFO - StepE_Exit 0OPUXZNS
2025-04-01 02:43:14,416 - INFO - StepE_Enter 02QB5ROB
2025-04-01 02:43:14,446 - INFO - StepE_Exit 02QB5ROB
2025-04-01 02:43:14,448 - INFO - StepE_Enter 8FTPRJAI
2025-04-01 02:43:14,482 - INFO - StepE_Exit 8FTPRJAI
2025-04-01 02:43:14,483 - INFO - StepE_Enter U71WKX8P
StepE_Enter SO8RUPI1
2025-04-01 02:43:14,544 - INFO - StepE_Exit U71WKX8P
StepE_Exit SO8RUPI1
2025-04-01 02:43:14,545 - INFO - StepE_Enter QRUEKP9N
2025-04-01 02:43:14,575 - INFO - StepE_Exit QRUEKP9N
