2025-04-12 19:40:21,627 - INFO - StepTTS_Enter JD8ZMZMV
2025-04-12 19:40:21,770 - INFO - StepTTS_Exit JD8ZMZMV
2025-04-12 19:40:21,770 - INFO - StepTTS_Enter RJQE2HS8
2025-04-12 19:40:21,938 - INFO - StepTTS_Exit RJQE2HS8
2025-04-12 19:40:22,803 - INFO - StepTTS_Enter NHJCWDUG
2025-04-12 19:40:22,999 - INFO - StepTTS_Exit NHJCWDUG
2025-04-12 19:40:23,000 - INFO - StepTTS_Enter U3BSC0S6
2025-04-12 19:40:23,331 - INFO - StepTTS_Exit U3BSC0S6
2025-04-12 19:40:23,446 - INFO - StepTTS_Enter N0WH4C8L
2025-04-12 19:40:23,731 - INFO - StepTTS_Exit N0WH4C8L
2025-04-12 19:40:23,731 - INFO - StepTTS_Enter RHQ1AJ2M
2025-04-12 19:40:23,887 - INFO - StepTTS_Exit RHQ1AJ2M
2025-04-12 19:40:23,888 - INFO - StepTTS_Enter 8MLDCAG6
2025-04-12 19:40:24,095 - INFO - StepTTS_Exit 8MLDCAG6
2025-04-12 19:40:24,096 - INFO - StepTTS_Enter 8S89HDY6
2025-04-12 19:40:24,342 - INFO - StepTTS_Exit 8S89HDY6
2025-04-12 19:40:24,342 - INFO - StepTTS_Enter 6LSO9DWH
2025-04-12 19:40:24,447 - INFO - StepTTS_Exit 6LSO9DWH
2025-04-12 19:40:24,447 - INFO - StepTTS_Enter JBTTI6ZJ
2025-04-12 19:40:24,603 - INFO - StepTTS_Exit JBTTI6ZJ
2025-04-12 19:40:24,604 - INFO - StepTTS_Enter V4CO0E0S
2025-04-12 19:40:24,792 - INFO - StepTTS_Exit V4CO0E0S
2025-04-12 19:40:24,793 - INFO - StepTTS_Enter WS3CBFBO
2025-04-12 19:40:25,012 - INFO - StepTTS_Exit WS3CBFBO
2025-04-12 19:40:25,013 - INFO - StepTTS_Enter TCEBDZ98
2025-04-12 19:40:25,245 - INFO - StepTTS_Exit TCEBDZ98
2025-04-12 19:40:25,246 - INFO - StepTTS_Enter H5VBSRNN
2025-04-12 19:40:25,509 - INFO - StepTTS_Exit H5VBSRNN
2025-04-12 19:40:25,510 - INFO - StepTTS_Enter BBQ51A3H
2025-04-12 19:40:25,896 - INFO - StepTTS_Exit BBQ51A3H
2025-04-12 19:40:25,897 - INFO - StepTTS_Enter P7Q6YVY3
2025-04-12 19:40:26,070 - INFO - StepTTS_Exit P7Q6YVY3
2025-04-12 19:40:26,071 - INFO - StepTTS_Enter JVLJ1216
2025-04-12 19:40:26,257 - INFO - StepTTS_Exit JVLJ1216
2025-04-12 19:40:26,257 - INFO - StepTTS_Enter JTEJUX3J
2025-04-12 19:40:26,474 - INFO - StepTTS_Exit JTEJUX3J
2025-04-12 19:40:26,475 - INFO - StepTTS_Enter BYS7X3Z3
2025-04-12 19:40:26,793 - INFO - StepTTS_Exit BYS7X3Z3
2025-04-12 19:40:26,794 - INFO - StepTTS_Enter 3UMR6X5S
2025-04-12 19:40:27,252 - INFO - StepTTS_Exit 3UMR6X5S
2025-04-12 19:40:27,253 - INFO - StepTTS_Enter IG7OIGYO
2025-04-12 19:40:27,492 - INFO - StepTTS_Exit IG7OIGYO
2025-04-12 19:40:27,493 - INFO - StepTTS_Enter Z7S9MB7U
2025-04-12 19:40:27,667 - INFO - StepTTS_Exit Z7S9MB7U
2025-04-12 19:40:27,668 - INFO - StepTTS_Enter SS5XILC1
2025-04-12 19:40:28,022 - INFO - StepTTS_Exit SS5XILC1
2025-04-12 19:40:28,023 - INFO - StepTTS_Enter 1USSTAXJ
2025-04-12 19:40:28,179 - INFO - StepTTS_Exit 1USSTAXJ
2025-04-12 19:40:28,180 - INFO - StepTTS_Enter Y5S6A5WN
2025-04-12 19:40:28,302 - INFO - StepTTS_Exit Y5S6A5WN
2025-04-12 19:40:28,302 - INFO - StepTTS_Enter EUZFQM91
2025-04-12 19:40:28,635 - INFO - StepTTS_Exit EUZFQM91
2025-04-12 19:40:28,636 - INFO - StepTTS_Enter KHAOCKR5
2025-04-12 19:40:28,860 - INFO - StepTTS_Exit KHAOCKR5
2025-04-12 19:40:28,861 - INFO - StepTTS_Enter 82RI213A
2025-04-12 19:40:29,208 - INFO - StepTTS_Exit 82RI213A
2025-04-12 19:40:29,209 - INFO - StepTTS_Enter T43ENQ2U
2025-04-12 19:40:29,403 - INFO - StepTTS_Exit T43ENQ2U
2025-04-12 19:40:29,404 - INFO - StepTTS_Enter T59DWH4L
2025-04-12 19:40:29,576 - INFO - StepTTS_Exit T59DWH4L
2025-04-12 19:40:29,577 - INFO - StepTTS_Enter UMLM761N
2025-04-12 19:40:29,784 - INFO - StepTTS_Exit UMLM761N
2025-04-12 19:40:29,785 - INFO - StepTTS_Enter 0XVSPNL9
2025-04-12 19:40:29,966 - INFO - StepTTS_Exit 0XVSPNL9
2025-04-12 19:40:29,966 - INFO - StepTTS_Enter KDPBB2PM
2025-04-12 19:40:30,199 - INFO - StepTTS_Exit KDPBB2PM
2025-04-12 19:40:30,200 - INFO - StepTTS_Enter QAJF79OP
2025-04-12 19:40:30,408 - INFO - StepTTS_Exit QAJF79OP
2025-04-12 19:40:30,409 - INFO - StepTTS_Enter V56K7KY2
2025-04-12 19:40:30,575 - INFO - StepTTS_Exit V56K7KY2
2025-04-12 19:40:30,576 - INFO - StepTTS_Enter 6W4BYY6Y
2025-04-12 19:40:30,750 - INFO - StepTTS_Exit 6W4BYY6Y
2025-04-12 19:40:30,751 - INFO - StepTTS_Enter C7CCYHIB
2025-04-12 19:40:31,174 - INFO - StepTTS_Exit C7CCYHIB
2025-04-12 19:40:31,175 - INFO - StepTTS_Enter P9TG924R
2025-04-12 19:40:31,637 - INFO - StepTTS_Exit P9TG924R
2025-04-12 19:40:31,638 - INFO - StepTTS_Enter TT0VWS1V
2025-04-12 19:40:31,897 - INFO - StepTTS_Exit TT0VWS1V
2025-04-12 19:40:31,898 - INFO - StepTTS_Enter LSWM5LYF
2025-04-12 19:40:32,278 - INFO - StepTTS_Exit LSWM5LYF
2025-04-12 19:40:32,278 - INFO - StepTTS_Enter OXW6W7W2
2025-04-12 19:40:32,566 - INFO - StepTTS_Exit OXW6W7W2
2025-04-12 19:40:32,567 - INFO - StepTTS_Enter RJ5UOT5T
2025-04-12 19:40:32,849 - INFO - StepTTS_Exit RJ5UOT5T
2025-04-12 19:40:32,850 - INFO - StepTTS_Enter NB5HNRU2
2025-04-12 19:40:33,260 - INFO - StepTTS_Exit NB5HNRU2
2025-04-12 19:40:33,261 - INFO - StepTTS_Enter 08019QU6
2025-04-12 19:40:33,507 - INFO - StepTTS_Exit 08019QU6
2025-04-12 19:40:33,508 - INFO - StepTTS_Enter DGR2R6ON
2025-04-12 19:40:33,684 - INFO - StepTTS_Exit DGR2R6ON
2025-04-12 19:40:33,684 - INFO - StepTTS_Enter BUMI9S4B
2025-04-12 19:40:33,923 - INFO - StepTTS_Exit BUMI9S4B
2025-04-12 19:40:33,924 - INFO - StepTTS_Enter 2JQPHJUY
2025-04-12 19:40:34,109 - INFO - StepTTS_Exit 2JQPHJUY
2025-04-12 19:40:34,109 - INFO - StepTTS_Enter PWXH8ZA0
2025-04-12 19:40:34,357 - INFO - StepTTS_Exit PWXH8ZA0
2025-04-12 19:40:34,358 - INFO - StepTTS_Enter H1IYPL0R
2025-04-12 19:40:34,601 - INFO - StepTTS_Exit H1IYPL0R
2025-04-12 19:40:34,601 - INFO - StepTTS_Enter 1A19G9FL
2025-04-12 19:40:35,022 - INFO - StepTTS_Exit 1A19G9FL
2025-04-12 19:40:35,023 - INFO - StepTTS_Enter CY74ATAT
2025-04-12 19:40:35,306 - INFO - StepTTS_Exit CY74ATAT
2025-04-12 19:40:35,306 - INFO - StepTTS_Enter LAV1TFXG
2025-04-12 19:40:35,540 - INFO - StepTTS_Exit LAV1TFXG
2025-04-12 19:40:35,540 - INFO - StepTTS_Enter ZO9PUZX1
2025-04-12 19:40:35,760 - INFO - StepTTS_Exit ZO9PUZX1
2025-04-12 19:40:35,760 - INFO - StepTTS_Enter ZLGZ1USW
2025-04-12 19:40:36,132 - INFO - StepTTS_Exit ZLGZ1USW
2025-04-12 19:40:36,133 - INFO - StepTTS_Enter Z1W038AU
2025-04-12 19:40:36,313 - INFO - StepTTS_Exit Z1W038AU
2025-04-12 19:40:36,314 - INFO - StepTTS_Enter 564H97C8
2025-04-12 19:40:36,546 - INFO - StepTTS_Exit 564H97C8
2025-04-12 19:40:36,546 - INFO - StepTTS_Enter GZDQXVY1
2025-04-12 19:40:36,791 - INFO - StepTTS_Exit GZDQXVY1
2025-04-12 19:40:36,792 - INFO - StepTTS_Enter XFF59F1K
2025-04-12 19:40:37,172 - INFO - StepTTS_Exit XFF59F1K
2025-04-12 19:40:37,173 - INFO - StepTTS_Enter X6EKON4K
2025-04-12 19:40:37,364 - INFO - StepTTS_Exit X6EKON4K
2025-04-12 19:40:37,365 - INFO - StepTTS_Enter 0Y074Q7P
2025-04-12 19:40:37,585 - INFO - StepTTS_Exit 0Y074Q7P
2025-04-12 19:40:37,586 - INFO - StepTTS_Enter O2F32YDL
2025-04-12 19:40:37,756 - INFO - StepTTS_Exit O2F32YDL
2025-04-12 19:40:37,756 - INFO - StepTTS_Enter GYL5JKIF
2025-04-12 19:40:37,934 - INFO - StepTTS_Exit GYL5JKIF
2025-04-12 19:40:37,935 - INFO - StepTTS_Enter 06V4H0PE
2025-04-12 19:40:38,437 - INFO - StepTTS_Exit 06V4H0PE
2025-04-12 19:40:38,438 - INFO - StepTTS_Enter ZZUGM4HR
2025-04-12 19:40:38,675 - INFO - StepTTS_Exit ZZUGM4HR
2025-04-12 19:40:38,676 - INFO - StepTTS_Enter D63DQ388
2025-04-12 19:40:38,831 - INFO - StepTTS_Exit D63DQ388
2025-04-12 19:40:38,832 - INFO - StepTTS_Enter 5LWY0FT5
2025-04-12 19:40:39,109 - INFO - StepTTS_Exit 5LWY0FT5
2025-04-12 19:40:39,110 - INFO - StepTTS_Enter I2P7G54F
2025-04-12 19:40:39,286 - INFO - StepTTS_Exit I2P7G54F
2025-04-12 19:40:39,287 - INFO - StepTTS_Enter EISS416W
2025-04-12 19:40:39,594 - INFO - StepTTS_Exit EISS416W
2025-04-12 19:40:39,594 - INFO - StepTTS_Enter 260WAMME
2025-04-12 19:40:39,804 - INFO - StepTTS_Exit 260WAMME
2025-04-12 19:40:39,805 - INFO - StepTTS_Enter XCJ40XGK
2025-04-12 19:40:40,228 - INFO - StepTTS_Exit XCJ40XGK
2025-04-12 19:40:40,229 - INFO - StepTTS_Enter NF1LNZ7Q
2025-04-12 19:40:40,349 - INFO - StepTTS_Exit NF1LNZ7Q
2025-04-12 19:40:40,350 - INFO - StepTTS_Enter JK5ZJE7K
2025-04-12 19:40:40,910 - INFO - StepTTS_Exit JK5ZJE7K
2025-04-12 19:40:40,911 - INFO - StepTTS_Enter FRWS3WGX
2025-04-12 19:40:41,089 - INFO - StepTTS_Exit FRWS3WGX
2025-04-12 19:40:41,090 - INFO - StepTTS_Enter LYB2429R
2025-04-12 19:40:41,619 - INFO - StepTTS_Exit LYB2429R
2025-04-12 19:40:41,620 - INFO - StepTTS_Enter ISUGJ7ZA
2025-04-12 19:40:41,934 - INFO - StepTTS_Exit ISUGJ7ZA
2025-04-12 19:40:41,934 - INFO - StepTTS_Enter UTZ3GYID
2025-04-12 19:40:42,548 - INFO - StepTTS_Exit UTZ3GYID
2025-04-12 19:40:42,549 - INFO - StepTTS_Enter OIW294CS
2025-04-12 19:40:42,903 - INFO - StepTTS_Exit OIW294CS
2025-04-12 19:40:42,903 - INFO - StepTTS_Enter A9085YCD
2025-04-12 19:40:43,303 - INFO - StepTTS_Exit A9085YCD
2025-04-12 19:40:43,304 - INFO - StepTTS_Enter 21L6G461
2025-04-12 19:40:43,567 - INFO - StepTTS_Exit 21L6G461
2025-04-12 19:40:43,568 - INFO - StepTTS_Enter IL85EIQL
2025-04-12 19:40:43,820 - INFO - StepTTS_Exit IL85EIQL
2025-04-12 19:40:43,821 - INFO - StepTTS_Enter NYQ1NAPC
2025-04-12 19:40:43,936 - INFO - StepTTS_Exit NYQ1NAPC
2025-04-12 19:40:43,936 - INFO - StepTTS_Enter 8VS015RN
2025-04-12 19:40:44,118 - INFO - StepTTS_Exit 8VS015RN
2025-04-12 19:40:44,119 - INFO - StepTTS_Enter UO203IBA
2025-04-12 19:40:44,292 - INFO - StepTTS_Exit UO203IBA
2025-04-12 19:40:44,292 - INFO - StepTTS_Enter F90SXZUH
2025-04-12 19:40:44,563 - INFO - StepTTS_Exit F90SXZUH
2025-04-12 19:40:44,564 - INFO - StepTTS_Enter G9LDSFN2
2025-04-12 19:40:44,805 - INFO - StepTTS_Exit G9LDSFN2
2025-04-12 19:40:44,806 - INFO - StepTTS_Enter YGURPDIX
2025-04-12 19:40:44,934 - INFO - StepTTS_Exit YGURPDIX
2025-04-12 19:40:44,935 - INFO - StepTTS_Enter R8JDH7VT
2025-04-12 19:40:45,282 - INFO - StepTTS_Exit R8JDH7VT
2025-04-12 19:40:45,283 - INFO - StepTTS_Enter CQDDVA85
2025-04-12 19:40:45,707 - INFO - StepTTS_Exit CQDDVA85
2025-04-12 19:40:45,708 - INFO - StepTTS_Enter IUO1O239
2025-04-12 19:40:45,943 - INFO - StepTTS_Exit IUO1O239
2025-04-12 19:40:45,944 - INFO - StepTTS_Enter RAMSOS3F
2025-04-12 19:40:46,494 - INFO - StepTTS_Exit RAMSOS3F
2025-04-12 19:40:46,494 - INFO - StepTTS_Enter CVT24YB8
2025-04-12 19:40:46,766 - INFO - StepTTS_Exit CVT24YB8
2025-04-12 19:40:46,767 - INFO - StepTTS_Enter 5ET1XCOW
2025-04-12 19:40:46,909 - INFO - StepTTS_Exit 5ET1XCOW
2025-04-12 19:40:46,909 - INFO - StepTTS_Enter BL4TU8GD
2025-04-12 19:40:47,298 - INFO - StepTTS_Exit BL4TU8GD
2025-04-12 19:40:47,299 - INFO - StepTTS_Enter K59T6GLA
2025-04-12 19:40:47,540 - INFO - StepTTS_Exit K59T6GLA
2025-04-12 19:40:47,541 - INFO - StepTTS_Enter QQPBD1EN
2025-04-12 19:40:47,796 - INFO - StepTTS_Exit QQPBD1EN
2025-04-12 19:40:47,797 - INFO - StepTTS_Enter 6RLS7QHX
2025-04-12 19:40:48,131 - INFO - StepTTS_Exit 6RLS7QHX
2025-04-12 19:40:48,131 - INFO - StepTTS_Enter ISDKG0HK
2025-04-12 19:40:48,528 - INFO - StepTTS_Exit ISDKG0HK
2025-04-12 19:40:48,529 - INFO - StepTTS_Enter 9TQ7KR7W
2025-04-12 19:40:49,124 - INFO - StepTTS_Exit 9TQ7KR7W
2025-04-12 19:40:49,125 - INFO - StepTTS_Enter DTOG0OQX
2025-04-12 19:40:49,313 - INFO - StepTTS_Exit DTOG0OQX
2025-04-12 19:40:49,314 - INFO - StepTTS_Enter X3QP4X3U
2025-04-12 19:40:49,539 - INFO - StepTTS_Exit X3QP4X3U
2025-04-12 19:40:49,540 - INFO - StepTTS_Enter JD0LTSG8
2025-04-12 19:40:49,825 - INFO - StepTTS_Exit JD0LTSG8
2025-04-12 19:40:49,826 - INFO - StepTTS_Enter RZ7DZXGZ
2025-04-12 19:40:50,068 - INFO - StepTTS_Exit RZ7DZXGZ
2025-04-12 19:40:50,069 - INFO - StepTTS_Enter LBEKS12Q
2025-04-12 19:40:50,260 - INFO - StepTTS_Exit LBEKS12Q
2025-04-12 19:40:50,261 - INFO - StepTTS_Enter 8G3R45H1
2025-04-12 19:40:50,366 - INFO - StepTTS_Exit 8G3R45H1
2025-04-12 19:40:50,367 - INFO - StepTTS_Enter 3YY17668
2025-04-12 19:40:50,778 - INFO - StepTTS_Exit 3YY17668
2025-04-12 19:40:50,779 - INFO - StepTTS_Enter OMUEZ3KK
2025-04-12 19:40:50,978 - INFO - StepTTS_Exit OMUEZ3KK
2025-04-12 19:40:50,979 - INFO - StepTTS_Enter NI069YTE
2025-04-12 19:40:51,167 - INFO - StepTTS_Exit NI069YTE
2025-04-12 19:40:51,168 - INFO - StepTTS_Enter DBWAT0XQ
2025-04-12 19:40:51,370 - INFO - StepTTS_Exit DBWAT0XQ
2025-04-12 19:40:51,371 - INFO - StepTTS_Enter DPF6SR4V
2025-04-12 19:40:51,654 - INFO - StepTTS_Exit DPF6SR4V
2025-04-12 19:40:51,655 - INFO - StepTTS_Enter 78CFVFTV
2025-04-12 19:40:52,024 - INFO - StepTTS_Exit 78CFVFTV
2025-04-12 19:40:52,024 - INFO - StepTTS_Enter 1E0XWP91
2025-04-12 19:40:52,509 - INFO - StepTTS_Exit 1E0XWP91
2025-04-12 19:40:52,510 - INFO - StepTTS_Enter 8KTSNFRL
2025-04-12 19:40:52,738 - INFO - StepTTS_Exit 8KTSNFRL
2025-04-12 19:40:52,739 - INFO - StepTTS_Enter X254BGVA
2025-04-12 19:40:52,906 - INFO - StepTTS_Exit X254BGVA
2025-04-12 19:40:52,907 - INFO - StepTTS_Enter UIIZUZLW
2025-04-12 19:40:53,068 - INFO - StepTTS_Exit UIIZUZLW
2025-04-12 19:40:53,069 - INFO - StepTTS_Enter R4G1F89A
2025-04-12 19:40:53,366 - INFO - StepTTS_Exit R4G1F89A
2025-04-12 19:40:53,367 - INFO - StepTTS_Enter OEZJRXPU
2025-04-12 19:40:53,711 - INFO - StepTTS_Exit OEZJRXPU
2025-04-12 19:40:53,713 - INFO - StepTTS_Enter 1TWOSIXK
2025-04-12 19:40:53,935 - INFO - StepTTS_Exit 1TWOSIXK
2025-04-12 19:40:53,936 - INFO - StepTTS_Enter HKUJ3H19
2025-04-12 19:40:54,221 - INFO - StepTTS_Exit HKUJ3H19
2025-04-12 19:40:54,222 - INFO - StepTTS_Enter 0GXFU0YB
2025-04-12 19:40:54,374 - INFO - StepTTS_Exit 0GXFU0YB
2025-04-12 19:40:54,375 - INFO - StepTTS_Enter KR5883UZ
2025-04-12 19:40:54,641 - INFO - StepTTS_Exit KR5883UZ
2025-04-12 19:40:54,642 - INFO - StepTTS_Enter Y19SI4DV
2025-04-12 19:40:54,922 - INFO - StepTTS_Exit Y19SI4DV
2025-04-12 19:40:54,923 - INFO - StepTTS_Enter Y8718I9T
2025-04-12 19:40:55,180 - INFO - StepTTS_Exit Y8718I9T
2025-04-12 19:40:55,181 - INFO - StepTTS_Enter 75OVUU5X
2025-04-12 19:40:55,442 - INFO - StepTTS_Exit 75OVUU5X
2025-04-12 19:40:55,443 - INFO - StepTTS_Enter G5D6RN3C
2025-04-12 19:40:55,766 - INFO - StepTTS_Exit G5D6RN3C
2025-04-12 19:40:55,767 - INFO - StepTTS_Enter 0O1N8I1B
2025-04-12 19:40:55,980 - INFO - StepTTS_Exit 0O1N8I1B
2025-04-12 19:40:55,981 - INFO - StepTTS_Enter DQ5PI3PJ
2025-04-12 19:40:56,423 - INFO - StepTTS_Exit DQ5PI3PJ
2025-04-12 19:40:56,424 - INFO - StepTTS_Enter 8M9A7KSF
2025-04-12 19:40:56,796 - INFO - StepTTS_Exit 8M9A7KSF
2025-04-12 19:40:56,796 - INFO - StepTTS_Enter X5FK12DK
2025-04-12 19:40:57,002 - INFO - StepTTS_Exit X5FK12DK
2025-04-12 19:40:57,002 - INFO - StepTTS_Enter 15TOG4LF
2025-04-12 19:40:57,366 - INFO - StepTTS_Exit 15TOG4LF
2025-04-12 19:40:57,367 - INFO - StepTTS_Enter 2XP1JDSS
2025-04-12 19:40:57,617 - INFO - StepTTS_Exit 2XP1JDSS
