2025-03-18 00:21:03,287 - INFO - Ingress_Enter 4OOEJ7HJ
2025-03-18 00:21:03,670 - INFO - Ingress_Exit 4OOEJ7HJ
2025-03-18 00:21:03,920 - INFO - Ingress_Enter 93C2MA3D
2025-03-18 00:21:04,038 - INFO - Ingress_Exit 93C2MA3D
2025-03-18 00:21:06,336 - INFO - Ingress_Enter FPLKB63O
2025-03-18 00:21:06,400 - INFO - Ingress_Enter FKJMWV89
2025-03-18 00:21:06,435 - INFO - Ingress_Exit FPLKB63O
2025-03-18 00:21:06,511 - INFO - Ingress_Exit FKJMWV89
2025-03-18 00:21:07,350 - INFO - Ingress_Enter 3KJE9WK6
2025-03-18 00:21:07,414 - INFO - Ingress_Enter 51T9600T
2025-03-18 00:21:07,461 - INFO - Ingress_Exit 3KJE9WK6
2025-03-18 00:21:07,509 - INFO - Ingress_Exit 51T9600T
2025-03-18 00:21:09,001 - INFO - Ingress_Enter V1NDAH8X
2025-03-18 00:21:09,106 - INFO - Ingress_Exit V1NDAH8X
2025-03-18 00:21:09,382 - INFO - Ingress_Enter CR1F2TAN
2025-03-18 00:21:09,475 - INFO - Ingress_Exit CR1F2TAN
2025-03-18 00:21:10,969 - INFO - Ingress_Enter YHLO2RQ6
2025-03-18 00:21:11,069 - INFO - Ingress_Exit YHLO2RQ6
2025-03-18 00:21:12,745 - INFO - Ingress_Enter D6R4LEUE
2025-03-18 00:21:12,849 - INFO - Ingress_Exit D6R4LEUE
2025-03-18 00:21:13,824 - INFO - Ingress_Enter PIADYP24
2025-03-18 00:21:13,922 - INFO - Ingress_Exit PIADYP24
2025-03-18 00:21:14,014 - INFO - Ingress_Enter 47BZYV8M
2025-03-18 00:21:14,112 - INFO - Ingress_Exit 47BZYV8M
2025-03-18 00:21:14,395 - INFO - Ingress_Enter DA38Z6ES
2025-03-18 00:21:14,458 - INFO - Ingress_Enter 2O32WA28
2025-03-18 00:21:14,499 - INFO - Ingress_Exit DA38Z6ES
2025-03-18 00:21:14,563 - INFO - Ingress_Exit 2O32WA28
2025-03-18 00:21:24,933 - INFO - Ingress_Enter LAZVD6LK
2025-03-18 00:21:25,037 - INFO - Ingress_Exit LAZVD6LK
2025-03-18 00:21:25,570 - INFO - Ingress_Enter RIJUEDAQ
2025-03-18 00:21:25,673 - INFO - Ingress_Exit RIJUEDAQ
2025-03-18 00:21:27,659 - INFO - Ingress_Enter 5EU57CJW
2025-03-18 00:21:27,722 - INFO - Ingress_Enter UDU7L8WY
2025-03-18 00:21:27,792 - INFO - Ingress_Exit 5EU57CJW
2025-03-18 00:21:27,838 - INFO - Ingress_Exit UDU7L8WY
2025-03-18 00:21:28,229 - INFO - Ingress_Enter FH3WJRCN
2025-03-18 00:21:28,338 - INFO - Ingress_Exit FH3WJRCN
2025-03-18 00:21:29,626 - INFO - Ingress_Enter 9T71UKBQ
2025-03-18 00:21:29,726 - INFO - Ingress_Exit 9T71UKBQ
2025-03-18 00:21:30,262 - INFO - Ingress_Enter 120ZLGA3
2025-03-18 00:21:30,363 - INFO - Ingress_Exit 120ZLGA3
2025-03-18 00:21:30,769 - INFO - Ingress_Enter U6IKHL74
2025-03-18 00:21:30,864 - INFO - Ingress_Exit U6IKHL74
2025-03-18 00:21:30,959 - INFO - Ingress_Enter YR5S3FGA
2025-03-18 00:21:31,063 - INFO - Ingress_Exit YR5S3FGA
2025-03-18 00:21:31,341 - INFO - Ingress_Enter YDDFA7ZY
2025-03-18 00:21:31,446 - INFO - Ingress_Exit YDDFA7ZY
2025-03-18 00:21:32,418 - INFO - Ingress_Enter AW7SNNKJ
2025-03-18 00:21:32,528 - INFO - Ingress_Exit AW7SNNKJ
2025-03-18 00:21:32,672 - INFO - Ingress_Enter WJANRX77
2025-03-18 00:21:32,768 - INFO - Ingress_Exit WJANRX77
2025-03-18 00:21:32,989 - INFO - Ingress_Enter 32L8W1E2
2025-03-18 00:21:33,102 - INFO - Ingress_Exit 32L8W1E2
2025-03-18 00:21:33,243 - INFO - Ingress_Enter ZZGNH8PG
2025-03-18 00:21:33,349 - INFO - Ingress_Exit ZZGNH8PG
2025-03-18 00:21:33,878 - INFO - Ingress_Enter 6X5ETNNS
2025-03-18 00:21:33,987 - INFO - Ingress_Exit 6X5ETNNS
2025-03-18 00:21:34,321 - INFO - Ingress_Enter WGEMATRL
2025-03-18 00:21:34,434 - INFO - Ingress_Exit WGEMATRL
2025-03-18 00:21:35,274 - INFO - Ingress_Enter EAOS6HB2
2025-03-18 00:21:35,382 - INFO - Ingress_Exit EAOS6HB2
2025-03-18 00:21:35,401 - INFO - Ingress_Enter 5DL0PXWO
2025-03-18 00:21:35,503 - INFO - Ingress_Exit 5DL0PXWO
2025-03-18 00:21:35,719 - INFO - Ingress_Enter 25O0MKRF
2025-03-18 00:21:35,824 - INFO - Ingress_Exit 25O0MKRF
2025-03-18 00:21:38,572 - INFO - Ingress_Enter S0F09EPK
2025-03-18 00:21:38,678 - INFO - Ingress_Exit S0F09EPK
2025-03-18 00:21:39,460 - INFO - Ingress_Enter QRVZ8NR4
2025-03-18 00:21:39,563 - INFO - Ingress_Exit QRVZ8NR4
2025-03-18 00:21:40,537 - INFO - Ingress_Enter XER15W8L
2025-03-18 00:21:40,639 - INFO - Ingress_Exit XER15W8L
2025-03-18 00:21:41,742 - INFO - Ingress_Enter AE7O4UMJ
2025-03-18 00:21:41,847 - INFO - Ingress_Exit AE7O4UMJ
2025-03-18 00:21:42,631 - INFO - Ingress_Enter ZCX67FKJ
2025-03-18 00:21:42,750 - INFO - Ingress_Exit ZCX67FKJ
2025-03-18 00:21:44,599 - INFO - Ingress_Enter GX6P2Q6U
2025-03-18 00:21:44,706 - INFO - Ingress_Exit GX6P2Q6U
2025-03-18 00:21:45,741 - INFO - Ingress_Enter 5KBGH2FP
2025-03-18 00:21:45,835 - INFO - Ingress_Exit 5KBGH2FP
2025-03-18 00:21:47,200 - INFO - Ingress_Enter JWAKZH7W
2025-03-18 00:21:47,309 - INFO - Ingress_Exit JWAKZH7W
2025-03-18 00:21:47,836 - INFO - Ingress_Enter MWQ5S60W
2025-03-18 00:21:47,939 - INFO - Ingress_Exit MWQ5S60W
2025-03-18 00:21:48,280 - INFO - Ingress_Enter I6XG4F9O
2025-03-18 00:21:48,382 - INFO - Ingress_Exit I6XG4F9O
2025-03-18 00:21:49,360 - INFO - Ingress_Enter KFFA2XI1
2025-03-18 00:21:49,467 - INFO - Ingress_Exit KFFA2XI1
2025-03-18 00:21:49,867 - INFO - Ingress_Enter WFPM45EC
2025-03-18 00:21:50,004 - INFO - Ingress_Exit WFPM45EC
2025-03-18 00:21:50,755 - INFO - Ingress_Enter I6Z9ZYEJ
2025-03-18 00:21:50,848 - INFO - Ingress_Exit I6Z9ZYEJ
2025-03-18 00:21:51,072 - INFO - Ingress_Enter GMT3417H
2025-03-18 00:21:51,165 - INFO - Ingress_Exit GMT3417H
2025-03-18 00:21:52,023 - INFO - Ingress_Enter 6DB2R8JW
2025-03-18 00:21:52,117 - INFO - Ingress_Exit 6DB2R8JW
2025-03-18 00:21:56,402 - INFO - Ingress_Enter EI29XU08
2025-03-18 00:21:56,524 - INFO - Ingress_Exit EI29XU08
2025-03-18 00:21:56,531 - INFO - Ingress_Enter XGDPHQ54
2025-03-18 00:21:56,631 - INFO - Ingress_Exit XGDPHQ54
2025-03-18 00:21:57,354 - INFO - Ingress_Enter 46BSFR0U
2025-03-18 00:21:57,418 - INFO - Ingress_Enter MYRA8Q66
2025-03-18 00:21:57,453 - INFO - Ingress_Exit 46BSFR0U
2025-03-18 00:21:57,515 - INFO - Ingress_Exit MYRA8Q66
2025-03-18 00:22:00,841 - INFO - Ingress_Enter H4R64QEI
2025-03-18 00:22:00,931 - INFO - Ingress_Exit H4R64QEI
2025-03-18 00:22:00,967 - INFO - Ingress_Enter 1TJ9KGHK
2025-03-18 00:22:01,065 - INFO - Ingress_Exit 1TJ9KGHK
2025-03-18 00:22:01,665 - INFO - Ingress_Enter YN5PVDO6
2025-03-18 00:22:01,770 - INFO - Ingress_Exit YN5PVDO6
2025-03-18 00:22:04,836 - INFO - Ingress_Enter I60I7NQC
2025-03-18 00:22:04,938 - INFO - Ingress_Exit I60I7NQC
2025-03-18 00:22:05,028 - INFO - Ingress_Enter II9N35X2
2025-03-18 00:22:05,136 - INFO - Ingress_Exit II9N35X2
2025-03-18 00:22:06,549 - INFO - Ingress_Enter CW3EV5GC
2025-03-18 00:22:06,712 - INFO - Ingress_Exit CW3EV5GC
2025-03-18 00:22:07,121 - INFO - Ingress_Enter 2SA1NXIP
2025-03-18 00:22:07,218 - INFO - Ingress_Exit 2SA1NXIP
2025-03-18 00:22:07,947 - INFO - Ingress_Enter XJSM59GC
2025-03-18 00:22:08,060 - INFO - Ingress_Exit XJSM59GC
2025-03-18 00:22:09,979 - INFO - Ingress_Enter JSSM9OKQ
2025-03-18 00:22:10,078 - INFO - Ingress_Exit JSSM9OKQ
2025-03-18 00:22:10,613 - INFO - Ingress_Enter FNRPW8OH
2025-03-18 00:22:10,717 - INFO - Ingress_Exit FNRPW8OH
2025-03-18 00:22:11,120 - INFO - Ingress_Enter ISYUVKAH
2025-03-18 00:22:11,212 - INFO - Ingress_Exit ISYUVKAH
2025-03-18 00:22:11,627 - INFO - Ingress_Enter ZA1AAKZQ
2025-03-18 00:22:11,733 - INFO - Ingress_Exit ZA1AAKZQ
2025-03-18 00:22:12,960 - INFO - Ingress_Enter DLW9D68G
2025-03-18 00:22:13,056 - INFO - Ingress_Exit DLW9D68G
2025-03-18 00:22:16,003 - INFO - Ingress_Enter 6V05PWOP
2025-03-18 00:22:16,096 - INFO - Ingress_Exit 6V05PWOP
2025-03-18 00:22:16,382 - INFO - Ingress_Enter F6ELB7N3
2025-03-18 00:22:16,477 - INFO - Ingress_Exit F6ELB7N3
2025-03-18 00:22:16,889 - INFO - Ingress_Enter 6CS3IYT9
2025-03-18 00:22:16,981 - INFO - Ingress_Exit 6CS3IYT9
2025-03-18 00:22:17,206 - INFO - Ingress_Enter 6HBVYFT2
2025-03-18 00:22:17,302 - INFO - Ingress_Exit 6HBVYFT2
2025-03-18 00:22:18,540 - INFO - Ingress_Enter KEAWU8NP
2025-03-18 00:22:18,635 - INFO - Ingress_Exit KEAWU8NP
2025-03-18 00:22:20,889 - INFO - Ingress_Enter J0SPRHXM
2025-03-18 00:22:20,983 - INFO - Ingress_Exit J0SPRHXM
2025-03-18 00:22:21,967 - INFO - Ingress_Enter 6KKXLHDO
2025-03-18 00:22:22,078 - INFO - Ingress_Exit 6KKXLHDO
2025-03-18 00:22:22,411 - INFO - Ingress_Enter HEHZYWQH
2025-03-18 00:22:22,512 - INFO - Ingress_Exit HEHZYWQH
2025-03-18 00:22:22,918 - INFO - Ingress_Enter TBESNFJB
2025-03-18 00:22:23,013 - INFO - Ingress_Exit TBESNFJB
2025-03-18 00:22:24,505 - INFO - Ingress_Enter MX8ZF42X
2025-03-18 00:22:24,602 - INFO - Ingress_Exit MX8ZF42X
2025-03-18 00:22:26,409 - INFO - Ingress_Enter LVTHN7LE
2025-03-18 00:22:26,501 - INFO - Ingress_Exit LVTHN7LE
2025-03-18 00:22:27,233 - INFO - Ingress_Enter X8OD7C32
2025-03-18 00:22:27,342 - INFO - Ingress_Exit X8OD7C32
2025-03-18 00:22:28,500 - INFO - Ingress_Enter B41RV787
2025-03-18 00:22:28,603 - INFO - Ingress_Exit B41RV787
2025-03-18 00:22:28,690 - INFO - Ingress_Enter 3GLLNB80
2025-03-18 00:22:28,785 - INFO - Ingress_Exit 3GLLNB80
2025-03-18 00:22:28,944 - INFO - Ingress_Enter VC5U6P49
2025-03-18 00:22:29,042 - INFO - Ingress_Exit VC5U6P49
2025-03-18 00:22:29,642 - INFO - Ingress_Enter Z573EZQO
2025-03-18 00:22:29,747 - INFO - Ingress_Exit Z573EZQO
2025-03-18 00:22:29,768 - INFO - Ingress_Enter GB5UTR9B
2025-03-18 00:22:29,862 - INFO - Ingress_Exit GB5UTR9B
2025-03-18 00:22:30,276 - INFO - Ingress_Enter A3BHFQ6C
2025-03-18 00:22:30,381 - INFO - Ingress_Exit A3BHFQ6C
2025-03-18 00:22:32,624 - INFO - Ingress_Enter K3EECZAS
2025-03-18 00:22:32,722 - INFO - Ingress_Exit K3EECZAS
2025-03-18 00:22:33,323 - INFO - Ingress_Enter 737Z4VZF
2025-03-18 00:22:33,429 - INFO - Ingress_Exit 737Z4VZF
2025-03-18 00:22:34,782 - INFO - Ingress_Enter Z1SOORO2
2025-03-18 00:22:34,878 - INFO - Ingress_Exit Z1SOORO2
2025-03-18 00:22:35,609 - INFO - Ingress_Enter NL46BNVO
2025-03-18 00:22:35,710 - INFO - Ingress_Exit NL46BNVO
2025-03-18 00:22:37,006 - INFO - Ingress_Enter OWXIUSWO
2025-03-18 00:22:37,109 - INFO - Ingress_Exit OWXIUSWO
2025-03-18 00:22:37,641 - INFO - Ingress_Enter NGWOCWQ7
2025-03-18 00:22:37,749 - INFO - Ingress_Exit NGWOCWQ7
2025-03-18 00:22:37,896 - INFO - Ingress_Enter 3HLJMN6V
2025-03-18 00:22:37,960 - INFO - Ingress_Enter OZHLOB4K
2025-03-18 00:22:37,999 - INFO - Ingress_Exit 3HLJMN6V
2025-03-18 00:22:38,069 - INFO - Ingress_Exit OZHLOB4K
