2025-04-01 00:51:28,714 - INFO - Ingress_Enter L14O068A
2025-04-01 00:51:28,874 - INFO - Ingress_Enter JJZOMWMZ
2025-04-01 00:51:28,899 - INFO - Ingress_Enter KUOYH96B
2025-04-01 00:51:28,975 - INFO - Ingress_Enter 98FSBHWO
2025-04-01 00:51:29,155 - INFO - Ingress_Enter N2U9GII4
2025-04-01 00:51:29,413 - INFO - Ingress_Enter VFS2DLWA
2025-04-01 00:51:29,517 - INFO - Ingress_Enter P7ABTJ1F
2025-04-01 00:51:29,620 - INFO - Ingress_Enter NBLN7RW8
2025-04-01 00:51:29,697 - INFO - Ingress_Enter A5EHM1ZI
2025-04-01 00:51:29,802 - INFO - Ingress_Enter 2GZWKFW9
2025-04-01 00:51:29,915 - INFO - Ingress_Enter L2ZGDCD8
2025-04-01 00:51:29,931 - INFO - Ingress_Enter O0FWDU3D
2025-04-01 00:51:30,028 - INFO - Ingress_Exit JJZOMWMZ
2025-04-01 00:51:30,080 - INFO - Ingress_Exit L14O068A
2025-04-01 00:51:30,082 - INFO - Ingress_Exit 98FSBHWO
2025-04-01 00:51:30,193 - INFO - Ingress_Exit KUOYH96B
2025-04-01 00:51:30,345 - INFO - Ingress_Exit VFS2DLWA
2025-04-01 00:51:30,462 - INFO - Ingress_Exit N2U9GII4
2025-04-01 00:51:30,495 - INFO - Ingress_Enter QZW6PE7Z
2025-04-01 00:51:30,645 - INFO - Ingress_Enter PFR0NYHM
2025-04-01 00:51:30,722 - INFO - Ingress_Enter SUYBPFAP
2025-04-01 00:51:30,765 - INFO - Ingress_Enter 20HRCTGO
2025-04-01 00:51:30,790 - INFO - Ingress_Enter SF2JBBUH
2025-04-01 00:51:30,828 - INFO - Ingress_Exit P7ABTJ1F
2025-04-01 00:51:30,830 - INFO - Ingress_Exit 2GZWKFW9
2025-04-01 00:51:30,896 - INFO - Ingress_Enter AK9I46VW
2025-04-01 00:51:30,984 - INFO - Ingress_Enter ANBC7OYD
2025-04-01 00:51:31,013 - INFO - Ingress_Exit O0FWDU3D
2025-04-01 00:51:31,140 - INFO - Ingress_Enter 156ZYM5W
2025-04-01 00:51:31,165 - INFO - Ingress_Enter 58W33Z9P
2025-04-01 00:51:31,186 - INFO - Ingress_Exit A5EHM1ZI
2025-04-01 00:51:31,206 - INFO - Ingress_Exit L2ZGDCD8
2025-04-01 00:51:31,337 - INFO - Ingress_Enter LNMV3A6W
2025-04-01 00:51:31,355 - INFO - Ingress_Enter 9G1R4355
2025-04-01 00:51:31,563 - INFO - Ingress_Exit PFR0NYHM
2025-04-01 00:51:31,591 - INFO - Ingress_Exit NBLN7RW8
2025-04-01 00:51:31,972 - INFO - Ingress_Exit SF2JBBUH
2025-04-01 00:51:31,975 - INFO - Ingress_Exit ANBC7OYD
2025-04-01 00:51:32,110 - INFO - Ingress_Exit SUYBPFAP
2025-04-01 00:51:32,112 - INFO - Ingress_Exit QZW6PE7Z
2025-04-01 00:51:32,236 - INFO - Ingress_Enter BYY4ZR91
2025-04-01 00:51:32,383 - INFO - Ingress_Enter DRP9RA9Y
2025-04-01 00:51:32,408 - INFO - Ingress_Exit AK9I46VW
2025-04-01 00:51:32,409 - INFO - Ingress_Exit 20HRCTGO
2025-04-01 00:51:32,582 - INFO - Ingress_Enter EXFUFJQ6
2025-04-01 00:51:32,592 - INFO - Ingress_Enter P7RVUA1L
2025-04-01 00:51:32,694 - INFO - Ingress_Enter TVOSFI31
2025-04-01 00:51:32,700 - INFO - Ingress_Exit 156ZYM5W
2025-04-01 00:51:32,702 - INFO - Ingress_Exit 58W33Z9P
2025-04-01 00:51:32,857 - INFO - Ingress_Enter HXR4QFD0
2025-04-01 00:51:32,864 - INFO - Ingress_Exit LNMV3A6W
2025-04-01 00:51:32,876 - INFO - Ingress_Enter CHW6IKHL
2025-04-01 00:51:32,937 - INFO - Ingress_Enter OAQBQ2VG
2025-04-01 00:51:32,963 - INFO - Ingress_Enter TNTIUSL3
2025-04-01 00:51:33,032 - INFO - Ingress_Exit 9G1R4355
2025-04-01 00:51:33,133 - INFO - Ingress_Enter R8BZR30O
2025-04-01 00:51:33,150 - INFO - Ingress_Enter C2TGV3JA
2025-04-01 00:51:33,210 - INFO - Ingress_Enter H8GJEKRL
2025-04-01 00:51:33,293 - INFO - Ingress_Exit BYY4ZR91
2025-04-01 00:51:33,295 - INFO - Ingress_Exit DRP9RA9Y
2025-04-01 00:51:33,460 - INFO - Ingress_Enter D60KZE0B
2025-04-01 00:51:33,512 - INFO - Ingress_Enter NM12P0CE
2025-04-01 00:51:33,716 - INFO - Ingress_Exit EXFUFJQ6
2025-04-01 00:51:33,719 - INFO - Ingress_Exit P7RVUA1L
2025-04-01 00:51:33,781 - INFO - Ingress_Enter NL9WGIYF
2025-04-01 00:51:33,816 - INFO - Ingress_Enter XYW83EP5
2025-04-01 00:51:33,841 - INFO - Ingress_Enter P3JJG07J
2025-04-01 00:51:33,852 - INFO - Ingress_Enter 4RMO6SHI
2025-04-01 00:51:33,957 - INFO - Ingress_Exit TVOSFI31
2025-04-01 00:51:33,975 - INFO - Ingress_Enter 1TIZOX95
2025-04-01 00:51:34,036 - INFO - Ingress_Enter RABFKPIR
2025-04-01 00:51:34,057 - INFO - Ingress_Exit HXR4QFD0
2025-04-01 00:51:34,060 - INFO - Ingress_Exit CHW6IKHL
2025-04-01 00:51:34,179 - INFO - Ingress_Exit OAQBQ2VG
2025-04-01 00:51:34,181 - INFO - Ingress_Exit TNTIUSL3
2025-04-01 00:51:34,372 - INFO - Ingress_Exit R8BZR30O
2025-04-01 00:51:34,383 - INFO - Ingress_Exit H8GJEKRL
2025-04-01 00:51:34,387 - INFO - Ingress_Exit C2TGV3JA
2025-04-01 00:51:34,806 - INFO - Ingress_Enter 4DN8O1WP
2025-04-01 00:51:34,941 - INFO - Ingress_Exit D60KZE0B
2025-04-01 00:51:34,943 - INFO - Ingress_Exit NM12P0CE
2025-04-01 00:51:35,006 - INFO - Ingress_Enter 1QPT47KA
2025-04-01 00:51:35,091 - INFO - Ingress_Exit 1TIZOX95
2025-04-01 00:51:35,092 - INFO - Ingress_Exit XYW83EP5
2025-04-01 00:51:35,093 - INFO - Ingress_Exit P3JJG07J
2025-04-01 00:51:35,094 - INFO - Ingress_Exit NL9WGIYF
2025-04-01 00:51:35,288 - INFO - Ingress_Exit 4RMO6SHI
2025-04-01 00:51:35,291 - INFO - Ingress_Exit RABFKPIR
2025-04-01 00:51:35,334 - INFO - Ingress_Enter T9IFA8KF
2025-04-01 00:51:35,458 - INFO - Ingress_Enter 8QYIJ8WG
2025-04-01 00:51:35,466 - INFO - Ingress_Enter 5M0VDYIT
2025-04-01 00:51:35,507 - INFO - Ingress_Enter DEWGQH0P
2025-04-01 00:51:35,532 - INFO - Ingress_Enter EPHUCCHR
2025-04-01 00:51:35,609 - INFO - Ingress_Enter LSAZ9QQ9
2025-04-01 00:51:35,635 - INFO - Ingress_Enter 153L2OPJ
2025-04-01 00:51:35,755 - INFO - Ingress_Enter TJIITD43
2025-04-01 00:51:35,875 - INFO - Ingress_Exit 4DN8O1WP
2025-04-01 00:51:35,938 - INFO - Ingress_Enter EOV92SNC
2025-04-01 00:51:36,073 - INFO - Ingress_Enter FUWWNU0A
2025-04-01 00:51:36,115 - INFO - Ingress_Enter 0KJF58JM
2025-04-01 00:51:36,228 - INFO - Ingress_Enter YQRXW8G6
2025-04-01 00:51:36,277 - INFO - Ingress_Exit 1QPT47KA
2025-04-01 00:51:36,419 - INFO - Ingress_Enter LMYB2N74
2025-04-01 00:51:36,526 - INFO - Ingress_Enter 2GW5JJYV
2025-04-01 00:51:36,559 - INFO - Ingress_Enter IV0CZ99M
2025-04-01 00:51:36,728 - INFO - Ingress_Exit T9IFA8KF
2025-04-01 00:51:36,728 - INFO - Ingress_Exit 8QYIJ8WG
2025-04-01 00:51:36,731 - INFO - Ingress_Exit EPHUCCHR
2025-04-01 00:51:36,769 - INFO - Ingress_Enter I0V3PDNB
2025-04-01 00:51:36,894 - INFO - Ingress_Enter ADYGKOMM
2025-04-01 00:51:36,912 - INFO - Ingress_Exit DEWGQH0P
2025-04-01 00:51:36,913 - INFO - Ingress_Exit 5M0VDYIT
2025-04-01 00:51:36,915 - INFO - Ingress_Exit 153L2OPJ
2025-04-01 00:51:36,916 - INFO - Ingress_Exit LSAZ9QQ9
2025-04-01 00:51:36,931 - INFO - Ingress_Enter GWLJYWM3
2025-04-01 00:51:36,965 - INFO - Ingress_Enter KW9P9TE3
2025-04-01 00:51:36,990 - INFO - Ingress_Enter IYFYAYXV
2025-04-01 00:51:37,061 - INFO - Ingress_Enter 5BS3QQAF
2025-04-01 00:51:37,070 - INFO - Ingress_Enter C4AAEH26
2025-04-01 00:51:37,188 - INFO - Ingress_Enter P17JPHY7
2025-04-01 00:51:37,431 - INFO - Ingress_Enter S0EWUGOQ
2025-04-01 00:51:37,593 - INFO - Ingress_Enter EY2EYBV8
2025-04-01 00:51:37,612 - INFO - Ingress_Exit TJIITD43
2025-04-01 00:51:37,702 - INFO - Ingress_Exit EOV92SNC
2025-04-01 00:51:37,703 - INFO - Ingress_Exit FUWWNU0A
2025-04-01 00:51:37,706 - INFO - Ingress_Exit 0KJF58JM
2025-04-01 00:51:37,887 - INFO - Ingress_Enter YSTZ2Q3P
2025-04-01 00:51:38,042 - INFO - Ingress_Enter ZBJ32TRO
2025-04-01 00:51:38,171 - INFO - Ingress_Enter BRL299LY
2025-04-01 00:51:38,188 - INFO - Ingress_Enter 8NKHJTL6
2025-04-01 00:51:38,194 - INFO - Ingress_Exit YQRXW8G6
2025-04-01 00:51:38,198 - INFO - Ingress_Exit GWLJYWM3
2025-04-01 00:51:38,303 - INFO - Ingress_Exit I0V3PDNB
2025-04-01 00:51:38,305 - INFO - Ingress_Enter C5OSQ8YU
2025-04-01 00:51:38,533 - INFO - Ingress_Enter 327QPQ3U
2025-04-01 00:51:38,603 - INFO - Ingress_Exit LMYB2N74
2025-04-01 00:51:38,604 - INFO - Ingress_Exit 2GW5JJYV
2025-04-01 00:51:38,607 - INFO - Ingress_Exit IV0CZ99M
2025-04-01 00:51:38,608 - INFO - Ingress_Exit ADYGKOMM
2025-04-01 00:51:38,609 - INFO - Ingress_Exit IYFYAYXV
2025-04-01 00:51:38,614 - INFO - Ingress_Enter 8LOQADM2
2025-04-01 00:51:38,669 - INFO - Ingress_Enter EUDGKBL1
2025-04-01 00:51:38,682 - INFO - Ingress_Exit KW9P9TE3
2025-04-01 00:51:38,685 - INFO - Ingress_Enter QY9GM7WA
2025-04-01 00:51:38,832 - INFO - Ingress_Enter R4ZPYTSX
2025-04-01 00:51:38,893 - INFO - Ingress_Enter WN5ZTMFP
2025-04-01 00:51:38,927 - INFO - Ingress_Enter PHJET2Y1
2025-04-01 00:51:38,937 - INFO - Ingress_Enter XIKY3VZ6
2025-04-01 00:51:39,039 - INFO - Ingress_Enter 2MK9FQFN
2025-04-01 00:51:39,249 - INFO - Ingress_Exit 5BS3QQAF
2025-04-01 00:51:39,333 - INFO - Ingress_Enter U12C3Q6G
2025-04-01 00:51:39,368 - INFO - Ingress_Enter 0IEVE01N
2025-04-01 00:51:39,578 - INFO - Ingress_Exit C4AAEH26
2025-04-01 00:51:39,580 - INFO - Ingress_Exit P17JPHY7
2025-04-01 00:51:39,581 - INFO - Ingress_Exit S0EWUGOQ
2025-04-01 00:51:39,583 - INFO - Ingress_Exit EY2EYBV8
2025-04-01 00:51:39,585 - INFO - Ingress_Exit YSTZ2Q3P
2025-04-01 00:51:39,586 - INFO - Ingress_Enter A6KCZW5F
2025-04-01 00:51:39,629 - INFO - Ingress_Enter 1W6335QM
2025-04-01 00:51:39,742 - INFO - Ingress_Enter VQA7WQ8F
2025-04-01 00:51:39,771 - INFO - Ingress_Enter TP1S4EYE
2025-04-01 00:51:39,785 - INFO - Ingress_Enter A1VI6ED0
2025-04-01 00:51:39,845 - INFO - Ingress_Enter AZZB8WTZ
2025-04-01 00:51:39,923 - INFO - Ingress_Enter 72HK7SM3
2025-04-01 00:51:40,019 - INFO - Ingress_Exit C5OSQ8YU
2025-04-01 00:51:40,020 - INFO - Ingress_Exit BRL299LY
2025-04-01 00:51:40,022 - INFO - Ingress_Exit 8NKHJTL6
2025-04-01 00:51:40,024 - INFO - Ingress_Exit 8LOQADM2
2025-04-01 00:51:40,025 - INFO - Ingress_Exit EUDGKBL1
2025-04-01 00:51:40,028 - INFO - Ingress_Exit ZBJ32TRO
2025-04-01 00:51:40,031 - INFO - Ingress_Exit R4ZPYTSX
2025-04-01 00:51:41,809 - INFO - Ingress_Exit WN5ZTMFP
2025-04-01 00:51:41,811 - INFO - Ingress_Exit QY9GM7WA
2025-04-01 00:51:41,812 - INFO - Ingress_Exit PHJET2Y1
2025-04-01 00:51:41,815 - INFO - Ingress_Exit 327QPQ3U
2025-04-01 00:51:41,816 - INFO - Ingress_Exit XIKY3VZ6
2025-04-01 00:51:41,818 - INFO - Ingress_Exit 0IEVE01N
2025-04-01 00:51:41,818 - INFO - Ingress_Exit A6KCZW5F
2025-04-01 00:51:41,820 - INFO - Ingress_Exit 1W6335QM
2025-04-01 00:51:41,821 - INFO - Ingress_Exit 2MK9FQFN
2025-04-01 00:51:41,822 - INFO - Ingress_Exit U12C3Q6G
2025-04-01 00:51:42,232 - INFO - Ingress_Exit VQA7WQ8F
2025-04-01 00:51:43,075 - INFO - Ingress_Enter 6I63S32S
2025-04-01 00:51:43,084 - INFO - Ingress_Enter QCZC7GWG
2025-04-01 00:51:43,125 - INFO - Ingress_Enter WX6NNBFZ
2025-04-01 00:51:43,195 - INFO - Ingress_Exit TP1S4EYE
2025-04-01 00:51:43,401 - INFO - Ingress_Enter L8YW5RB0
2025-04-01 00:51:43,480 - INFO - Ingress_Enter G3X9XPMI
2025-04-01 00:51:43,488 - INFO - Ingress_Enter BMFTNBTJ
2025-04-01 00:51:43,505 - INFO - Ingress_Enter OYM9IA6P
2025-04-01 00:51:43,541 - INFO - Ingress_Enter 5AGGBHRW
2025-04-01 00:51:43,593 - INFO - Ingress_Enter MTQNIPCZ
2025-04-01 00:51:43,629 - INFO - Ingress_Enter TYVJ5EUH
2025-04-01 00:51:43,674 - INFO - Ingress_Enter YKFMB08R
2025-04-01 00:51:43,721 - INFO - Ingress_Enter R17WAPE4
2025-04-01 00:51:43,730 - INFO - Ingress_Enter F0DBG4OU
2025-04-01 00:51:43,783 - INFO - Ingress_Enter 19W1VRAB
2025-04-01 00:51:43,832 - INFO - Ingress_Enter N5A6E73A
2025-04-01 00:51:43,962 - INFO - Ingress_Enter OBLR7FNI
2025-04-01 00:51:44,032 - INFO - Ingress_Enter W2SP9FMH
2025-04-01 00:51:44,080 - INFO - Ingress_Enter OA0Y1ND9
2025-04-01 00:51:44,111 - INFO - Ingress_Enter Y5OJRQYK
2025-04-01 00:51:44,165 - INFO - Ingress_Enter 5MV6UTKQ
2025-04-01 00:51:44,182 - INFO - Ingress_Enter C88ULEBN
2025-04-01 00:51:44,533 - INFO - Ingress_Enter XJ8V782Z
2025-04-01 00:51:44,641 - INFO - Ingress_Exit AZZB8WTZ
2025-04-01 00:51:44,643 - INFO - Ingress_Exit A1VI6ED0
2025-04-01 00:51:44,648 - INFO - Ingress_Exit 72HK7SM3
2025-04-01 00:51:44,649 - INFO - Ingress_Exit 6I63S32S
2025-04-01 00:51:44,651 - INFO - Ingress_Exit QCZC7GWG
2025-04-01 00:51:44,654 - INFO - Ingress_Exit WX6NNBFZ
2025-04-01 00:51:45,056 - INFO - Ingress_Exit L8YW5RB0
2025-04-01 00:51:45,058 - INFO - Ingress_Exit MTQNIPCZ
2025-04-01 00:51:45,060 - INFO - Ingress_Exit BMFTNBTJ
2025-04-01 00:51:45,062 - INFO - Ingress_Exit R17WAPE4
2025-04-01 00:51:45,064 - INFO - Ingress_Exit G3X9XPMI
2025-04-01 00:51:45,067 - INFO - Ingress_Exit OYM9IA6P
2025-04-01 00:51:45,068 - INFO - Ingress_Exit 5AGGBHRW
2025-04-01 00:51:45,243 - INFO - Ingress_Exit TYVJ5EUH
2025-04-01 00:51:45,245 - INFO - Ingress_Exit 19W1VRAB
2025-04-01 00:51:45,247 - INFO - Ingress_Exit N5A6E73A
2025-04-01 00:51:45,370 - INFO - Ingress_Enter V16CPTLR
2025-04-01 00:51:45,438 - INFO - Ingress_Enter 4C7ZTIPJ
2025-04-01 00:51:45,464 - INFO - Ingress_Enter Y7FJ4DXW
2025-04-01 00:51:45,509 - INFO - Ingress_Enter 8S3DJ3SC
2025-04-01 00:51:45,521 - INFO - Ingress_Exit YKFMB08R
2025-04-01 00:51:45,522 - INFO - Ingress_Exit F0DBG4OU
2025-04-01 00:51:45,523 - INFO - Ingress_Exit OBLR7FNI
2025-04-01 00:51:45,539 - INFO - Ingress_Enter DJF19WP5
2025-04-01 00:51:45,575 - INFO - Ingress_Exit W2SP9FMH
2025-04-01 00:51:45,579 - INFO - Ingress_Exit OA0Y1ND9
2025-04-01 00:51:45,618 - INFO - Ingress_Enter YAGG61GF
2025-04-01 00:51:45,670 - INFO - Ingress_Enter 91OSBQTA
2025-04-01 00:51:45,680 - INFO - Ingress_Enter TQLECE2L
2025-04-01 00:51:45,712 - INFO - Ingress_Enter WV4X59TD
2025-04-01 00:51:45,772 - INFO - Ingress_Enter MEY7O6O7
2025-04-01 00:51:45,807 - INFO - Ingress_Enter SN54X3A0
2025-04-01 00:51:45,832 - INFO - Ingress_Enter 403NS01G
2025-04-01 00:51:45,875 - INFO - Ingress_Exit Y5OJRQYK
2025-04-01 00:51:46,012 - INFO - Ingress_Exit 5MV6UTKQ
2025-04-01 00:51:46,075 - INFO - Ingress_Enter SFND69FA
2025-04-01 00:51:46,110 - INFO - Ingress_Enter QIH5L0EJ
2025-04-01 00:51:46,161 - INFO - Ingress_Enter MSJ3JKHZ
2025-04-01 00:51:46,378 - INFO - Ingress_Enter TZW7LMK3
2025-04-01 00:51:46,456 - INFO - Ingress_Enter 697UXH12
2025-04-01 00:51:46,504 - INFO - Ingress_Enter 4FNYLFLF
2025-04-01 00:51:46,529 - INFO - Ingress_Enter 16GZFCFV
2025-04-01 00:51:46,556 - INFO - Ingress_Exit C88ULEBN
2025-04-01 00:51:46,750 - INFO - Ingress_Exit XJ8V782Z
2025-04-01 00:51:46,751 - INFO - Ingress_Exit 4C7ZTIPJ
2025-04-01 00:51:46,756 - INFO - Ingress_Exit Y7FJ4DXW
2025-04-01 00:51:46,760 - INFO - Ingress_Exit 8S3DJ3SC
2025-04-01 00:51:46,924 - INFO - Ingress_Exit DJF19WP5
2025-04-01 00:51:46,982 - INFO - Ingress_Exit TQLECE2L
2025-04-01 00:51:46,983 - INFO - Ingress_Exit WV4X59TD
2025-04-01 00:51:47,211 - INFO - Ingress_Enter M0FOGGA1
2025-04-01 00:51:47,222 - INFO - Ingress_Enter RXTKCSIN
2025-04-01 00:51:47,279 - INFO - Ingress_Enter GAYSLQQM
2025-04-01 00:51:47,388 - INFO - Ingress_Enter 78ONWZUG
2025-04-01 00:51:47,397 - INFO - Ingress_Enter 1ZMPSLWO
2025-04-01 00:51:47,414 - INFO - Ingress_Enter AWWUPTTB
2025-04-01 00:51:47,449 - INFO - Ingress_Enter 65IO1LFJ
2025-04-01 00:51:47,484 - INFO - Ingress_Exit V16CPTLR
2025-04-01 00:51:47,485 - INFO - Ingress_Exit 91OSBQTA
2025-04-01 00:51:47,487 - INFO - Ingress_Exit YAGG61GF
2025-04-01 00:51:47,487 - INFO - Ingress_Exit MEY7O6O7
2025-04-01 00:51:47,522 - INFO - Ingress_Enter 6NCRVIBW
2025-04-01 00:51:47,548 - INFO - Ingress_Enter T1GUXAXV
2025-04-01 00:51:47,631 - INFO - Ingress_Exit SN54X3A0
2025-04-01 00:51:47,632 - INFO - Ingress_Exit 403NS01G
2025-04-01 00:51:47,709 - INFO - Ingress_Enter RUIX7WAZ
2025-04-01 00:51:47,796 - INFO - Ingress_Enter 8ROYZ7S0
2025-04-01 00:51:47,874 - INFO - Ingress_Enter SUVBFYII
2025-04-01 00:51:47,956 - INFO - Ingress_Enter 4LQ3UNVF
2025-04-01 00:51:47,988 - INFO - Ingress_Exit SFND69FA
2025-04-01 00:51:47,990 - INFO - Ingress_Exit QIH5L0EJ
2025-04-01 00:51:48,001 - INFO - Ingress_Enter VQ81NZ8R
2025-04-01 00:51:48,077 - INFO - Ingress_Enter W7HL0I4D
2025-04-01 00:51:48,086 - INFO - Ingress_Enter ZAAZLP70
2025-04-01 00:51:48,157 - INFO - Ingress_Enter QG83KJ7L
2025-04-01 00:51:48,315 - INFO - Ingress_Enter RNTLNO7O
2025-04-01 00:51:48,376 - INFO - Ingress_Exit MSJ3JKHZ
2025-04-01 00:51:48,376 - INFO - Ingress_Exit TZW7LMK3
2025-04-01 00:51:48,385 - INFO - Ingress_Exit 4FNYLFLF
2025-04-01 00:51:48,484 - INFO - Ingress_Exit 697UXH12
2025-04-01 00:51:48,490 - INFO - Ingress_Exit 16GZFCFV
2025-04-01 00:51:48,519 - INFO - Ingress_Enter YES9WPVN
2025-04-01 00:51:48,538 - INFO - Ingress_Enter 9049LPOG
2025-04-01 00:51:48,639 - INFO - Ingress_Enter SLWYTTZD
2025-04-01 00:51:48,723 - INFO - Ingress_Exit GAYSLQQM
2025-04-01 00:51:48,788 - INFO - Ingress_Enter LG34WPT8
2025-04-01 00:51:48,821 - INFO - Ingress_Enter AFCLSDV3
2025-04-01 00:51:48,828 - INFO - Ingress_Exit RXTKCSIN
2025-04-01 00:51:48,833 - INFO - Ingress_Exit 1ZMPSLWO
2025-04-01 00:51:48,834 - INFO - Ingress_Exit M0FOGGA1
2025-04-01 00:51:48,836 - INFO - Ingress_Exit 6NCRVIBW
2025-04-01 00:51:48,951 - INFO - Ingress_Enter 0T1BZMPO
2025-04-01 00:51:49,055 - INFO - Ingress_Enter DSRDDQPY
2025-04-01 00:51:49,063 - INFO - Ingress_Enter 9P694T9O
2025-04-01 00:51:49,107 - INFO - Ingress_Enter F5POIK7A
2025-04-01 00:51:49,134 - INFO - Ingress_Enter 8XJMI0LE
2025-04-01 00:51:49,165 - INFO - Ingress_Exit T1GUXAXV
2025-04-01 00:51:49,166 - INFO - Ingress_Exit 78ONWZUG
2025-04-01 00:51:49,168 - INFO - Ingress_Exit AWWUPTTB
2025-04-01 00:51:49,282 - INFO - Ingress_Enter 09M8Y0L7
2025-04-01 00:51:49,352 - INFO - Ingress_Exit 65IO1LFJ
2025-04-01 00:51:49,355 - INFO - Ingress_Exit RUIX7WAZ
2025-04-01 00:51:49,357 - INFO - Ingress_Exit 8ROYZ7S0
2025-04-01 00:51:49,358 - INFO - Ingress_Exit SUVBFYII
2025-04-01 00:51:49,360 - INFO - Ingress_Exit 4LQ3UNVF
2025-04-01 00:51:49,362 - INFO - Ingress_Exit ZAAZLP70
2025-04-01 00:51:49,433 - INFO - Ingress_Enter 5P7SDFOE
2025-04-01 00:51:49,554 - INFO - Ingress_Enter 8JVTHF29
2025-04-01 00:51:49,609 - INFO - Ingress_Exit QG83KJ7L
2025-04-01 00:51:49,610 - INFO - Ingress_Exit VQ81NZ8R
2025-04-01 00:51:49,626 - INFO - Ingress_Enter QRX8V1Y2
2025-04-01 00:51:49,652 - INFO - Ingress_Enter SNGSTHSA
2025-04-01 00:51:49,662 - INFO - Ingress_Enter VEGIBNIA
2025-04-01 00:51:49,687 - INFO - Ingress_Enter XSY7YJ58
2025-04-01 00:51:49,694 - INFO - Ingress_Exit W7HL0I4D
2025-04-01 00:51:49,698 - INFO - Ingress_Enter GD2L0HS3
2025-04-01 00:51:49,707 - INFO - Ingress_Enter J1EXXFIN
2025-04-01 00:51:49,723 - INFO - Ingress_Enter IRQU8RNS
2025-04-01 00:51:49,740 - INFO - Ingress_Enter L1R33P3I
2025-04-01 00:51:50,047 - INFO - Ingress_Exit RNTLNO7O
2025-04-01 00:51:50,122 - INFO - Ingress_Enter 2CY8PFJZ
2025-04-01 00:51:50,188 - INFO - Ingress_Enter ONX3268E
2025-04-01 00:51:50,243 - INFO - Ingress_Exit YES9WPVN
2025-04-01 00:51:50,244 - INFO - Ingress_Exit 9049LPOG
2025-04-01 00:51:50,246 - INFO - Ingress_Exit SLWYTTZD
2025-04-01 00:51:50,571 - INFO - Ingress_Enter LGDAC28C
2025-04-01 00:51:50,660 - INFO - Ingress_Enter VHJOAQJB
2025-04-01 00:51:50,790 - INFO - Ingress_Enter 37FDNCOD
2025-04-01 00:51:50,877 - INFO - Ingress_Enter EXY94KW6
2025-04-01 00:51:50,920 - INFO - Ingress_Enter LG61OZPT
2025-04-01 00:51:50,946 - INFO - Ingress_Enter MY47VMCR
2025-04-01 00:51:50,962 - INFO - Ingress_Enter 7JMMYED4
2025-04-01 00:51:51,008 - INFO - Ingress_Enter 4GT4YEUQ
2025-04-01 00:51:51,011 - INFO - Ingress_Enter 5G1TDQC1
2025-04-01 00:51:51,860 - INFO - Ingress_Exit DSRDDQPY
2025-04-01 00:51:51,861 - INFO - Ingress_Exit LG34WPT8
2025-04-01 00:51:51,862 - INFO - Ingress_Exit AFCLSDV3
2025-04-01 00:51:51,864 - INFO - Ingress_Exit F5POIK7A
2025-04-01 00:51:51,865 - INFO - Ingress_Exit 8XJMI0LE
2025-04-01 00:51:51,867 - INFO - Ingress_Exit 0T1BZMPO
2025-04-01 00:51:51,972 - INFO - Ingress_Exit SNGSTHSA
2025-04-01 00:51:51,973 - INFO - Ingress_Exit IRQU8RNS
2025-04-01 00:51:51,976 - INFO - Ingress_Exit L1R33P3I
2025-04-01 00:51:51,978 - INFO - Ingress_Exit 5P7SDFOE
2025-04-01 00:51:51,979 - INFO - Ingress_Exit J1EXXFIN
2025-04-01 00:51:51,980 - INFO - Ingress_Exit 09M8Y0L7
2025-04-01 00:51:51,981 - INFO - Ingress_Exit VEGIBNIA
2025-04-01 00:51:51,982 - INFO - Ingress_Exit XSY7YJ58
2025-04-01 00:51:52,001 - INFO - Ingress_Exit 9P694T9O
2025-04-01 00:51:52,002 - INFO - Ingress_Exit 8JVTHF29
2025-04-01 00:51:52,323 - INFO - Ingress_Exit QRX8V1Y2
2025-04-01 00:51:52,324 - INFO - Ingress_Exit GD2L0HS3
2025-04-01 00:51:52,326 - INFO - Ingress_Exit 2CY8PFJZ
2025-04-01 00:51:52,329 - INFO - Ingress_Exit ONX3268E
2025-04-01 00:51:52,330 - INFO - Ingress_Exit VHJOAQJB
2025-04-01 00:51:52,331 - INFO - Ingress_Exit 37FDNCOD
2025-04-01 00:51:52,332 - INFO - Ingress_Exit LGDAC28C
2025-04-01 00:51:52,332 - INFO - Ingress_Exit LG61OZPT
2025-04-01 00:51:52,430 - INFO - Ingress_Exit MY47VMCR
2025-04-01 00:51:52,759 - INFO - Ingress_Exit EXY94KW6
2025-04-01 00:51:54,507 - INFO - Ingress_Enter 655LSOHN
2025-04-01 00:51:54,550 - INFO - Ingress_Enter TN8N4TAF
2025-04-01 00:51:54,558 - INFO - Ingress_Enter NU0OM7AE
2025-04-01 00:51:54,567 - INFO - Ingress_Enter PMCK7NBX
2025-04-01 00:51:54,610 - INFO - Ingress_Enter M32ZYO6G
2025-04-01 00:51:54,627 - INFO - Ingress_Enter I5VOKOVA
2025-04-01 00:51:54,711 - INFO - Ingress_Enter CI0LX4PG
2025-04-01 00:51:54,732 - INFO - Ingress_Enter UGCOF6AX
2025-04-01 00:51:54,767 - INFO - Ingress_Enter 2AL1KPZ7
2025-04-01 00:51:54,793 - INFO - Ingress_Enter X1TK71J0
2025-04-01 00:51:54,924 - INFO - Ingress_Enter U11EJRX0
2025-04-01 00:51:55,066 - INFO - Ingress_Exit 7JMMYED4
2025-04-01 00:51:55,127 - INFO - Ingress_Enter 9AN4U2GT
2025-04-01 00:51:55,233 - INFO - Ingress_Enter 5JZ0N9KY
2025-04-01 00:51:55,258 - INFO - Ingress_Enter C78A3WL8
2025-04-01 00:51:55,292 - INFO - Ingress_Enter GZT9OHQQ
2025-04-01 00:51:55,491 - INFO - Ingress_Enter MMPOHD8U
2025-04-01 00:51:55,517 - INFO - Ingress_Enter 3FBLMCZB
2025-04-01 00:51:55,621 - INFO - Ingress_Enter 67WGPSFQ
2025-04-01 00:51:55,716 - INFO - Ingress_Enter AC30U4FV
2025-04-01 00:51:55,786 - INFO - Ingress_Enter 5B40RZK5
2025-04-01 00:51:55,984 - INFO - Ingress_Exit NU0OM7AE
2025-04-01 00:51:55,990 - INFO - Ingress_Exit PMCK7NBX
2025-04-01 00:51:55,991 - INFO - Ingress_Exit TN8N4TAF
2025-04-01 00:51:56,046 - INFO - Ingress_Enter XD1B6V5J
2025-04-01 00:51:56,263 - INFO - Ingress_Enter B5N5I4QN
2025-04-01 00:51:56,279 - INFO - Ingress_Enter HRJBK8AO
2025-04-01 00:51:56,331 - INFO - Ingress_Enter Y83GLTDI
2025-04-01 00:51:56,571 - INFO - Ingress_Enter 4L3ZEYSH
2025-04-01 00:51:56,648 - INFO - Ingress_Enter IM6PYISL
2025-04-01 00:51:56,750 - INFO - Ingress_Enter 3PQCTQJV
2025-04-01 00:51:56,776 - INFO - Ingress_Exit 4GT4YEUQ
2025-04-01 00:51:56,777 - INFO - Ingress_Exit 5G1TDQC1
2025-04-01 00:51:56,780 - INFO - Ingress_Exit 655LSOHN
2025-04-01 00:51:56,782 - INFO - Ingress_Exit M32ZYO6G
2025-04-01 00:51:56,784 - INFO - Ingress_Exit I5VOKOVA
2025-04-01 00:51:56,785 - INFO - Ingress_Exit CI0LX4PG
2025-04-01 00:51:57,077 - INFO - Ingress_Enter MN8E161F
2025-04-01 00:51:57,127 - INFO - Ingress_Enter WKZLB3GP
2025-04-01 00:51:57,189 - INFO - Ingress_Enter U1WA9GGL
2025-04-01 00:51:57,204 - INFO - Ingress_Enter 1LE3AVV2
2025-04-01 00:51:57,259 - INFO - Ingress_Enter QO0PTSIJ
2025-04-01 00:51:57,327 - INFO - Ingress_Enter WARDHPW2
2025-04-01 00:51:57,368 - INFO - Ingress_Enter NSCEXJHA
2025-04-01 00:51:57,434 - INFO - Ingress_Enter QA5PA4WF
2025-04-01 00:51:57,545 - INFO - Ingress_Enter 61BYE57K
2025-04-01 00:51:57,655 - INFO - Ingress_Enter CVT0D5IG
2025-04-01 00:51:57,707 - INFO - Ingress_Enter WCYPOC7H
2025-04-01 00:51:58,858 - INFO - Ingress_Enter QA16RR1G
2025-04-01 00:51:59,165 - INFO - Ingress_Enter 12P2555G
2025-04-01 00:51:59,253 - INFO - Ingress_Exit 5JZ0N9KY
2025-04-01 00:51:59,255 - INFO - Ingress_Exit UGCOF6AX
2025-04-01 00:51:59,257 - INFO - Ingress_Exit X1TK71J0
2025-04-01 00:51:59,258 - INFO - Ingress_Exit 9AN4U2GT
2025-04-01 00:51:59,733 - INFO - Ingress_Enter MU24AE85
2025-04-01 00:51:59,798 - INFO - Ingress_Enter EI2D3A4C
2025-04-01 00:51:59,939 - INFO - Ingress_Enter BQG6VGPP
2025-04-01 00:51:59,972 - INFO - Ingress_Enter ONAM9W4P
2025-04-01 00:52:00,077 - INFO - Ingress_Enter RD8DGVVN
2025-04-01 00:52:00,089 - INFO - Ingress_Exit 2AL1KPZ7
2025-04-01 00:52:00,092 - INFO - Ingress_Exit U11EJRX0
2025-04-01 00:52:00,093 - INFO - Ingress_Exit C78A3WL8
2025-04-01 00:52:00,095 - INFO - Ingress_Exit GZT9OHQQ
2025-04-01 00:52:00,097 - INFO - Ingress_Exit MMPOHD8U
2025-04-01 00:52:00,097 - INFO - Ingress_Exit 3FBLMCZB
2025-04-01 00:52:00,098 - INFO - Ingress_Exit AC30U4FV
2025-04-01 00:52:00,103 - INFO - Ingress_Exit 67WGPSFQ
2025-04-01 00:52:00,104 - INFO - Ingress_Exit 5B40RZK5
2025-04-01 00:52:00,105 - INFO - Ingress_Exit XD1B6V5J
2025-04-01 00:52:00,107 - INFO - Ingress_Exit HRJBK8AO
2025-04-01 00:52:00,125 - INFO - Ingress_Enter TBFLTH47
2025-04-01 00:52:00,305 - INFO - Ingress_Enter RX01LXGX
2025-04-01 00:52:00,414 - INFO - Ingress_Exit B5N5I4QN
2025-04-01 00:52:00,417 - INFO - Ingress_Exit Y83GLTDI
2025-04-01 00:52:00,418 - INFO - Ingress_Exit 4L3ZEYSH
2025-04-01 00:52:00,421 - INFO - Ingress_Exit IM6PYISL
2025-04-01 00:52:00,423 - INFO - Ingress_Exit WKZLB3GP
2025-04-01 00:52:00,424 - INFO - Ingress_Enter TJBOEFI8
2025-04-01 00:52:00,427 - INFO - Ingress_Exit U1WA9GGL
2025-04-01 00:52:00,428 - INFO - Ingress_Exit 3PQCTQJV
2025-04-01 00:52:00,431 - INFO - Ingress_Exit MN8E161F
2025-04-01 00:52:00,431 - INFO - Ingress_Exit 1LE3AVV2
2025-04-01 00:52:00,432 - INFO - Ingress_Exit QO0PTSIJ
2025-04-01 00:52:00,434 - INFO - Ingress_Exit NSCEXJHA
2025-04-01 00:52:00,436 - INFO - Ingress_Exit 61BYE57K
2025-04-01 00:52:00,496 - INFO - Ingress_Enter BPO6OUAO
2025-04-01 00:52:00,548 - INFO - Ingress_Enter RUYPX14X
2025-04-01 00:52:00,633 - INFO - Ingress_Enter 7I1PJYQI
2025-04-01 00:52:00,679 - INFO - Ingress_Enter 9LY6GF1X
2025-04-01 00:52:00,696 - INFO - Ingress_Enter 869X72LA
2025-04-01 00:52:00,757 - INFO - Ingress_Enter FDIKERI3
2025-04-01 00:52:00,775 - INFO - Ingress_Enter 10RW5FA7
2025-04-01 00:52:00,835 - INFO - Ingress_Enter X60TKNVG
2025-04-01 00:52:00,863 - INFO - Ingress_Enter 1Q5DPLQE
2025-04-01 00:52:00,931 - INFO - Ingress_Enter 2S38XM6Q
2025-04-01 00:52:00,983 - INFO - Ingress_Enter G3U58LRE
2025-04-01 00:52:01,051 - INFO - Ingress_Exit WARDHPW2
2025-04-01 00:52:01,052 - INFO - Ingress_Exit QA5PA4WF
2025-04-01 00:52:01,058 - INFO - Ingress_Exit WCYPOC7H
2025-04-01 00:52:01,059 - INFO - Ingress_Enter 0K8KE5G8
2025-04-01 00:52:01,060 - INFO - Ingress_Exit CVT0D5IG
2025-04-01 00:52:01,105 - INFO - Ingress_Enter 1J7V7EJJ
2025-04-01 00:52:01,159 - INFO - Ingress_Enter 2UP3JEDG
2025-04-01 00:52:01,175 - INFO - Ingress_Enter TXH8VCYW
2025-04-01 00:52:01,204 - INFO - Ingress_Exit MU24AE85
2025-04-01 00:52:01,205 - INFO - Ingress_Exit QA16RR1G
2025-04-01 00:52:01,284 - INFO - Ingress_Enter CJMTBKN1
2025-04-01 00:52:01,318 - INFO - Ingress_Enter 7NSIETVY
2025-04-01 00:52:01,353 - INFO - Ingress_Enter 7FXT21ZG
2025-04-01 00:52:01,375 - INFO - Ingress_Exit 12P2555G
2025-04-01 00:52:01,376 - INFO - Ingress_Exit EI2D3A4C
2025-04-01 00:52:01,571 - INFO - Ingress_Enter KCRSWLFH
2025-04-01 00:52:01,605 - INFO - Ingress_Enter 5EXP97TC
2025-04-01 00:52:01,640 - INFO - Ingress_Enter 20XYXV7G
2025-04-01 00:52:01,659 - INFO - Ingress_Enter Q2OMR1BZ
2025-04-01 00:52:01,828 - INFO - Ingress_Exit ONAM9W4P
2025-04-01 00:52:01,829 - INFO - Ingress_Exit BQG6VGPP
2025-04-01 00:52:01,908 - INFO - Ingress_Enter 5LNLLFOQ
2025-04-01 00:52:01,917 - INFO - Ingress_Enter CAK56MXW
2025-04-01 00:52:01,953 - INFO - Ingress_Enter BB2HIGF6
2025-04-01 00:52:02,153 - INFO - Ingress_Exit RD8DGVVN
2025-04-01 00:52:02,156 - INFO - Ingress_Exit TBFLTH47
2025-04-01 00:52:02,296 - INFO - Ingress_Enter U72WC6IK
2025-04-01 00:52:02,318 - INFO - Ingress_Enter AJK3C5F8
2025-04-01 00:52:02,341 - INFO - Ingress_Enter 4WZ6LWV8
2025-04-01 00:52:02,866 - INFO - Ingress_Enter U6F4TCZP
2025-04-01 00:52:02,961 - INFO - Ingress_Enter NB9LGHFW
2025-04-01 00:52:02,978 - INFO - Ingress_Enter GLFQNYOX
2025-04-01 00:52:03,192 - INFO - Ingress_Exit RX01LXGX
2025-04-01 00:52:03,193 - INFO - Ingress_Exit RUYPX14X
2025-04-01 00:52:03,195 - INFO - Ingress_Exit TJBOEFI8
2025-04-01 00:52:03,196 - INFO - Ingress_Exit BPO6OUAO
2025-04-01 00:52:03,198 - INFO - Ingress_Exit 9LY6GF1X
2025-04-01 00:52:03,199 - INFO - Ingress_Exit 7I1PJYQI
2025-04-01 00:52:03,201 - INFO - Ingress_Exit 869X72LA
2025-04-01 00:52:03,201 - INFO - Ingress_Exit 10RW5FA7
2025-04-01 00:52:03,204 - INFO - Ingress_Exit FDIKERI3
2025-04-01 00:52:03,205 - INFO - Ingress_Exit 2S38XM6Q
2025-04-01 00:52:03,206 - INFO - Ingress_Exit 1Q5DPLQE
2025-04-01 00:52:03,249 - INFO - Ingress_Exit X60TKNVG
2025-04-01 00:52:03,250 - INFO - Ingress_Exit 0K8KE5G8
2025-04-01 00:52:03,252 - INFO - Ingress_Exit 1J7V7EJJ
2025-04-01 00:52:03,253 - INFO - Ingress_Exit G3U58LRE
2025-04-01 00:52:03,254 - INFO - Ingress_Exit 2UP3JEDG
2025-04-01 00:52:03,255 - INFO - Ingress_Exit TXH8VCYW
2025-04-01 00:52:03,626 - INFO - Ingress_Enter HCLLACAI
2025-04-01 00:52:03,656 - INFO - Ingress_Exit CJMTBKN1
2025-04-01 00:52:03,658 - INFO - Ingress_Exit 7FXT21ZG
2025-04-01 00:52:03,659 - INFO - Ingress_Exit 7NSIETVY
2025-04-01 00:52:03,661 - INFO - Ingress_Exit 5EXP97TC
2025-04-01 00:52:03,665 - INFO - Ingress_Exit KCRSWLFH
2025-04-01 00:52:03,667 - INFO - Ingress_Exit Q2OMR1BZ
2025-04-01 00:52:03,668 - INFO - Ingress_Exit 20XYXV7G
2025-04-01 00:52:03,670 - INFO - Ingress_Exit 5LNLLFOQ
2025-04-01 00:52:03,760 - INFO - Ingress_Enter 7TBPPK48
2025-04-01 00:52:03,771 - INFO - Ingress_Enter 8B81059K
2025-04-01 00:52:03,841 - INFO - Ingress_Enter BHSNBQ7X
2025-04-01 00:52:03,850 - INFO - Ingress_Enter EDWW8C5P
2025-04-01 00:52:04,024 - INFO - Ingress_Exit CAK56MXW
2025-04-01 00:52:04,077 - INFO - Ingress_Enter TNS99QD8
2025-04-01 00:52:04,095 - INFO - Ingress_Enter 3VU2QABZ
2025-04-01 00:52:04,112 - INFO - Ingress_Enter V2JZNZ5B
2025-04-01 00:52:04,132 - INFO - Ingress_Enter TJ9Q3399
2025-04-01 00:52:04,148 - INFO - Ingress_Enter EGMEJEYU
2025-04-01 00:52:04,166 - INFO - Ingress_Enter GG4PKLBR
2025-04-01 00:52:04,266 - INFO - Ingress_Enter U4J60J3M
2025-04-01 00:52:04,284 - INFO - Ingress_Enter EHRJA3HT
2025-04-01 00:52:04,356 - INFO - Ingress_Enter SPMAXKNY
2025-04-01 00:52:04,647 - INFO - Ingress_Exit BB2HIGF6
2025-04-01 00:52:04,748 - INFO - Ingress_Enter XF32948K
2025-04-01 00:52:04,785 - INFO - Ingress_Enter 4XU7Q7SV
2025-04-01 00:52:04,824 - INFO - Ingress_Enter SQ6Z69M5
2025-04-01 00:52:05,006 - INFO - Ingress_Enter ORTEI8Y7
2025-04-01 00:52:05,110 - INFO - Ingress_Enter LRDA9DNE
2025-04-01 00:52:05,275 - INFO - Ingress_Enter 2LMSCOM9
2025-04-01 00:52:05,489 - INFO - Ingress_Enter 0L27WVIP
2025-04-01 00:52:05,576 - INFO - Ingress_Enter 43ZL5VKH
2025-04-01 00:52:05,838 - INFO - Ingress_Enter HJ3NKDTT
2025-04-01 00:52:06,045 - INFO - Ingress_Enter KXDWOK44
2025-04-01 00:52:06,207 - INFO - Ingress_Exit 4WZ6LWV8
2025-04-01 00:52:06,273 - INFO - Ingress_Enter JV50Y8F6
2025-04-01 00:52:06,343 - INFO - Ingress_Exit NB9LGHFW
2025-04-01 00:52:06,344 - INFO - Ingress_Exit U72WC6IK
2025-04-01 00:52:06,346 - INFO - Ingress_Exit GLFQNYOX
2025-04-01 00:52:06,349 - INFO - Ingress_Exit AJK3C5F8
2025-04-01 00:52:06,351 - INFO - Ingress_Exit U6F4TCZP
2025-04-01 00:52:06,352 - INFO - Ingress_Exit HCLLACAI
2025-04-01 00:52:06,357 - INFO - Ingress_Exit 7TBPPK48
2025-04-01 00:52:06,358 - INFO - Ingress_Exit BHSNBQ7X
2025-04-01 00:52:06,359 - INFO - Ingress_Exit EDWW8C5P
2025-04-01 00:52:06,360 - INFO - Ingress_Exit 8B81059K
2025-04-01 00:52:06,363 - INFO - Ingress_Exit TNS99QD8
2025-04-01 00:52:06,364 - INFO - Ingress_Exit TJ9Q3399
2025-04-01 00:52:06,365 - INFO - Ingress_Exit V2JZNZ5B
2025-04-01 00:52:06,462 - INFO - Ingress_Enter L9JFFTC2
2025-04-01 00:52:06,543 - INFO - Ingress_Enter 25QBWTUU
2025-04-01 00:52:06,577 - INFO - Ingress_Enter O6KSARMQ
2025-04-01 00:52:06,586 - INFO - Ingress_Enter H4C46VXP
2025-04-01 00:52:06,603 - INFO - Ingress_Enter 1OL2H9DA
2025-04-01 00:52:06,631 - INFO - Ingress_Enter D9AMM4C5
2025-04-01 00:52:06,662 - INFO - Ingress_Enter 2SJG118Y
2025-04-01 00:52:06,672 - INFO - Ingress_Enter ATP622PF
2025-04-01 00:52:06,766 - INFO - Ingress_Enter KE1XWZXS
2025-04-01 00:52:06,796 - INFO - Ingress_Enter 9YYPTC0K
2025-04-01 00:52:06,970 - INFO - Ingress_Enter T9SSUVE2
2025-04-01 00:52:06,995 - INFO - Ingress_Enter 33O20FAT
2025-04-01 00:52:07,065 - INFO - Ingress_Enter INYN8088
2025-04-01 00:52:07,257 - INFO - Ingress_Enter DVI5EJDB
2025-04-01 00:52:07,266 - INFO - Ingress_Enter 2JIQWIY0
2025-04-01 00:52:08,071 - INFO - Ingress_Enter UZLBPR6B
2025-04-01 00:52:08,129 - INFO - Ingress_Enter PHFON1XA
2025-04-01 00:52:08,912 - INFO - Ingress_Exit EGMEJEYU
2025-04-01 00:52:08,914 - INFO - Ingress_Exit 3VU2QABZ
2025-04-01 00:52:08,916 - INFO - Ingress_Exit GG4PKLBR
2025-04-01 00:52:08,962 - INFO - Ingress_Enter 2B7VEK7P
2025-04-01 00:52:09,039 - INFO - Ingress_Enter 0FK5F9L7
2025-04-01 00:52:09,041 - INFO - Ingress_Exit U4J60J3M
2025-04-01 00:52:09,042 - INFO - Ingress_Exit EHRJA3HT
2025-04-01 00:52:09,043 - INFO - Ingress_Exit SPMAXKNY
2025-04-01 00:52:09,045 - INFO - Ingress_Exit XF32948K
2025-04-01 00:52:09,055 - INFO - Ingress_Exit 4XU7Q7SV
2025-04-01 00:52:09,058 - INFO - Ingress_Exit SQ6Z69M5
2025-04-01 00:52:09,059 - INFO - Ingress_Exit LRDA9DNE
2025-04-01 00:52:09,060 - INFO - Ingress_Exit 2LMSCOM9
2025-04-01 00:52:09,061 - INFO - Ingress_Exit 0L27WVIP
2025-04-01 00:52:09,062 - INFO - Ingress_Exit 43ZL5VKH
2025-04-01 00:52:09,064 - INFO - Ingress_Enter KC2VKJ85
2025-04-01 00:52:09,064 - INFO - Ingress_Exit HJ3NKDTT
2025-04-01 00:52:09,066 - INFO - Ingress_Exit JV50Y8F6
2025-04-01 00:52:09,066 - INFO - Ingress_Exit L9JFFTC2
2025-04-01 00:52:09,067 - INFO - Ingress_Exit O6KSARMQ
2025-04-01 00:52:09,068 - INFO - Ingress_Exit H4C46VXP
2025-04-01 00:52:09,069 - INFO - Ingress_Exit 2SJG118Y
2025-04-01 00:52:09,070 - INFO - Ingress_Exit ATP622PF
2025-04-01 00:52:09,076 - INFO - Ingress_Exit KXDWOK44
2025-04-01 00:52:09,078 - INFO - Ingress_Exit ORTEI8Y7
2025-04-01 00:52:09,080 - INFO - Ingress_Exit 25QBWTUU
2025-04-01 00:52:09,081 - INFO - Ingress_Exit 1OL2H9DA
2025-04-01 00:52:09,083 - INFO - Ingress_Exit D9AMM4C5
2025-04-01 00:52:09,084 - INFO - Ingress_Enter 2RUY3F62
2025-04-01 00:52:09,113 - INFO - Ingress_Enter YFZTYKEF
2025-04-01 00:52:09,138 - INFO - Ingress_Enter HTM25FPH
2025-04-01 00:52:09,199 - INFO - Ingress_Enter XZ37HRPE
2025-04-01 00:52:09,228 - INFO - Ingress_Enter ZUDTP8V0
2025-04-01 00:52:09,340 - INFO - Ingress_Exit KE1XWZXS
2025-04-01 00:52:09,429 - INFO - Ingress_Exit 9YYPTC0K
2025-04-01 00:52:09,431 - INFO - Ingress_Exit 33O20FAT
2025-04-01 00:52:09,432 - INFO - Ingress_Exit T9SSUVE2
2025-04-01 00:52:09,537 - INFO - Ingress_Enter D323OWIT
2025-04-01 00:52:09,546 - INFO - Ingress_Enter VGIO3ZN2
2025-04-01 00:52:09,553 - INFO - Ingress_Exit INYN8088
2025-04-01 00:52:09,573 - INFO - Ingress_Enter GJL5DL0Q
2025-04-01 00:52:09,644 - INFO - Ingress_Enter Y5AD703G
2025-04-01 00:52:09,746 - INFO - Ingress_Enter IMN55EF7
2025-04-01 00:52:09,754 - INFO - Ingress_Enter QDEQ3KMB
2025-04-01 00:52:09,761 - INFO - Ingress_Exit 2JIQWIY0
2025-04-01 00:52:09,885 - INFO - Ingress_Enter MZQA16E1
2025-04-01 00:52:09,913 - INFO - Ingress_Enter Y8MVEOHB
2025-04-01 00:52:09,924 - INFO - Ingress_Enter 6AVCG1F9
2025-04-01 00:52:09,932 - INFO - Ingress_Enter OI72QHLM
2025-04-01 00:52:10,052 - INFO - Ingress_Enter 9FP9ZD9Q
2025-04-01 00:52:10,197 - INFO - Ingress_Exit DVI5EJDB
2025-04-01 00:52:10,198 - INFO - Ingress_Exit UZLBPR6B
2025-04-01 00:52:10,200 - INFO - Ingress_Exit PHFON1XA
2025-04-01 00:52:10,203 - INFO - Ingress_Exit 0FK5F9L7
2025-04-01 00:52:10,204 - INFO - Ingress_Exit 2B7VEK7P
2025-04-01 00:52:10,205 - INFO - Ingress_Exit KC2VKJ85
2025-04-01 00:52:10,256 - INFO - Ingress_Enter A1TV3TFK
2025-04-01 00:52:10,268 - INFO - Ingress_Exit 2RUY3F62
2025-04-01 00:52:10,308 - INFO - Ingress_Enter MN5NP97K
2025-04-01 00:52:10,334 - INFO - Ingress_Enter OADWM5SC
2025-04-01 00:52:10,360 - INFO - Ingress_Exit YFZTYKEF
2025-04-01 00:52:10,391 - INFO - Ingress_Enter CN9CWSNF
2025-04-01 00:52:10,443 - INFO - Ingress_Enter K7D2QQBQ
2025-04-01 00:52:10,717 - INFO - Ingress_Exit HTM25FPH
2025-04-01 00:52:10,718 - INFO - Ingress_Exit XZ37HRPE
2025-04-01 00:52:10,719 - INFO - Ingress_Exit ZUDTP8V0
2025-04-01 00:52:11,050 - INFO - Ingress_Exit VGIO3ZN2
2025-04-01 00:52:11,052 - INFO - Ingress_Exit GJL5DL0Q
2025-04-01 00:52:11,052 - INFO - Ingress_Exit D323OWIT
2025-04-01 00:52:11,054 - INFO - Ingress_Exit Y5AD703G
2025-04-01 00:52:11,055 - INFO - Ingress_Exit QDEQ3KMB
2025-04-01 00:52:11,099 - INFO - Ingress_Exit MZQA16E1
2025-04-01 00:52:11,102 - INFO - Ingress_Exit OI72QHLM
2025-04-01 00:52:11,104 - INFO - Ingress_Exit IMN55EF7
2025-04-01 00:52:11,106 - INFO - Ingress_Exit 6AVCG1F9
2025-04-01 00:52:11,116 - INFO - Ingress_Enter B9XLXPZO
2025-04-01 00:52:11,176 - INFO - Ingress_Enter 25FMO50E
2025-04-01 00:52:11,184 - INFO - Ingress_Exit Y8MVEOHB
2025-04-01 00:52:11,277 - INFO - Ingress_Enter 96FFZSWB
2025-04-01 00:52:11,337 - INFO - Ingress_Enter R5FRBVQA
2025-04-01 00:52:11,382 - INFO - Ingress_Enter MNHYT035
2025-04-01 00:52:11,398 - INFO - Ingress_Enter 2CNL0FBX
2025-04-01 00:52:11,425 - INFO - Ingress_Enter B7LJG48Y
2025-04-01 00:52:11,472 - INFO - Ingress_Exit 9FP9ZD9Q
2025-04-01 00:52:11,520 - INFO - Ingress_Enter IUJ2KTOF
2025-04-01 00:52:11,553 - INFO - Ingress_Enter ITS05UAK
2025-04-01 00:52:11,564 - INFO - Ingress_Enter 7OVD16SI
2025-04-01 00:52:11,565 - INFO - Ingress_Exit A1TV3TFK
2025-04-01 00:52:11,738 - INFO - Ingress_Enter S3ETU6O5
2025-04-01 00:52:11,950 - INFO - Ingress_Exit OADWM5SC
2025-04-01 00:52:12,074 - INFO - Ingress_Enter UBVULCL3
2025-04-01 00:52:12,290 - INFO - Ingress_Enter RC81TFX9
2025-04-01 00:52:12,340 - INFO - Ingress_Exit K7D2QQBQ
2025-04-01 00:52:12,362 - INFO - Ingress_Enter KPRXY360
2025-04-01 00:52:12,447 - INFO - Ingress_Enter Z62A6KMP
2025-04-01 00:52:12,484 - INFO - Ingress_Enter W8OQU9S1
2025-04-01 00:52:12,544 - INFO - Ingress_Enter LSWNAECG
2025-04-01 00:52:12,725 - INFO - Ingress_Enter 1LDNFVD1
2025-04-01 00:52:12,830 - INFO - Ingress_Enter W721YBNQ
2025-04-01 00:52:12,858 - INFO - Ingress_Enter KFCEOQ0P
2025-04-01 00:52:13,364 - INFO - Ingress_Enter 9QKWAXS2
2025-04-01 00:52:13,557 - INFO - Ingress_Enter 17NA54PP
2025-04-01 00:52:13,600 - INFO - Ingress_Enter 2RYLDBPL
2025-04-01 00:52:13,712 - INFO - Ingress_Enter PH7HOGK5
2025-04-01 00:52:13,851 - INFO - Ingress_Enter FILR8CL5
2025-04-01 00:52:14,498 - INFO - Ingress_Exit MN5NP97K
2025-04-01 00:52:14,500 - INFO - Ingress_Exit CN9CWSNF
2025-04-01 00:52:14,502 - INFO - Ingress_Exit 25FMO50E
2025-04-01 00:52:14,503 - INFO - Ingress_Exit 96FFZSWB
2025-04-01 00:52:14,505 - INFO - Ingress_Exit B9XLXPZO
2025-04-01 00:52:14,580 - INFO - Ingress_Exit S3ETU6O5
2025-04-01 00:52:14,581 - INFO - Ingress_Exit KPRXY360
2025-04-01 00:52:14,582 - INFO - Ingress_Exit Z62A6KMP
2025-04-01 00:52:14,584 - INFO - Ingress_Exit W8OQU9S1
2025-04-01 00:52:15,505 - INFO - Ingress_Exit R5FRBVQA
2025-04-01 00:52:15,508 - INFO - Ingress_Exit 2CNL0FBX
2025-04-01 00:52:16,543 - INFO - Ingress_Enter KGS0SS8E
2025-04-01 00:52:16,587 - INFO - Ingress_Enter EX4IWJAD
2025-04-01 00:52:16,593 - INFO - Ingress_Enter AXQCGUJZ
2025-04-01 00:52:16,624 - INFO - Ingress_Exit IUJ2KTOF
2025-04-01 00:52:16,626 - INFO - Ingress_Exit MNHYT035
2025-04-01 00:52:16,812 - INFO - Ingress_Enter LA3FCRPO
2025-04-01 00:52:16,907 - INFO - Ingress_Enter 02RZKC32
2025-04-01 00:52:16,916 - INFO - Ingress_Enter 8AG68ZN5
2025-04-01 00:52:16,940 - INFO - Ingress_Enter HG7YLC0X
2025-04-01 00:52:16,965 - INFO - Ingress_Enter EW6UAC2S
2025-04-01 00:52:16,984 - INFO - Ingress_Enter S9BHKUHT
2025-04-01 00:52:17,009 - INFO - Ingress_Enter WZKFXIZS
2025-04-01 00:52:17,027 - INFO - Ingress_Enter OGE0YVZC
2025-04-01 00:52:17,143 - INFO - Ingress_Exit B7LJG48Y
2025-04-01 00:52:17,145 - INFO - Ingress_Exit ITS05UAK
2025-04-01 00:52:17,146 - INFO - Ingress_Exit 7OVD16SI
2025-04-01 00:52:17,186 - INFO - Ingress_Enter XXWKK8NL
2025-04-01 00:52:17,204 - INFO - Ingress_Enter MCJ8MGP8
2025-04-01 00:52:17,212 - INFO - Ingress_Enter I149Z9MG
2025-04-01 00:52:17,229 - INFO - Ingress_Enter 02F6L337
2025-04-01 00:52:17,251 - INFO - Ingress_Enter AMIG1HKS
2025-04-01 00:52:17,325 - INFO - Ingress_Enter 1Q4NHMMO
2025-04-01 00:52:17,447 - INFO - Ingress_Enter CGBX1NYC
2025-04-01 00:52:17,948 - INFO - Ingress_Enter BYFCWORI
2025-04-01 00:52:18,425 - INFO - Ingress_Enter 48Q4C272
2025-04-01 00:52:18,541 - INFO - Ingress_Exit UBVULCL3
2025-04-01 00:52:18,543 - INFO - Ingress_Exit RC81TFX9
2025-04-01 00:52:18,546 - INFO - Ingress_Exit LSWNAECG
2025-04-01 00:52:18,548 - INFO - Ingress_Exit 1LDNFVD1
2025-04-01 00:52:18,548 - INFO - Ingress_Exit KFCEOQ0P
2025-04-01 00:52:18,549 - INFO - Ingress_Exit 9QKWAXS2
2025-04-01 00:52:18,550 - INFO - Ingress_Exit W721YBNQ
2025-04-01 00:52:18,551 - INFO - Ingress_Exit 17NA54PP
2025-04-01 00:52:18,592 - INFO - Ingress_Exit 2RYLDBPL
2025-04-01 00:52:18,593 - INFO - Ingress_Exit PH7HOGK5
2025-04-01 00:52:18,595 - INFO - Ingress_Exit AXQCGUJZ
2025-04-01 00:52:18,596 - INFO - Ingress_Exit XXWKK8NL
2025-04-01 00:52:20,866 - INFO - Ingress_Exit FILR8CL5
2025-04-01 00:52:20,867 - INFO - Ingress_Exit KGS0SS8E
2025-04-01 00:52:21,118 - INFO - Ingress_Enter R8CEXZY7
2025-04-01 00:52:21,167 - INFO - Ingress_Exit LA3FCRPO
2025-04-01 00:52:21,188 - INFO - Ingress_Enter AIYW94GV
2025-04-01 00:52:21,292 - INFO - Ingress_Enter 25JHCX86
2025-04-01 00:52:21,309 - INFO - Ingress_Enter PM0WR9K2
2025-04-01 00:52:21,409 - INFO - Ingress_Enter RZGV8H3B
2025-04-01 00:52:21,434 - INFO - Ingress_Enter 8GLT2L5L
2025-04-01 00:52:21,453 - INFO - Ingress_Enter 7AJLJMB5
2025-04-01 00:52:21,478 - INFO - Ingress_Enter QRZU0CA1
2025-04-01 00:52:21,495 - INFO - Ingress_Enter WH7PGQMG
2025-04-01 00:52:21,539 - INFO - Ingress_Enter M4NJTSBV
2025-04-01 00:52:21,567 - INFO - Ingress_Enter 4N65PQSI
2025-04-01 00:52:21,620 - INFO - Ingress_Enter 2TK2JR2Q
2025-04-01 00:52:21,806 - INFO - Ingress_Enter HWZJJMO8
2025-04-01 00:52:22,050 - INFO - Ingress_Enter 6B3SN59P
2025-04-01 00:52:22,058 - INFO - Ingress_Exit EX4IWJAD
2025-04-01 00:52:22,060 - INFO - Ingress_Exit 02RZKC32
2025-04-01 00:52:22,062 - INFO - Ingress_Exit 8AG68ZN5
2025-04-01 00:52:22,064 - INFO - Ingress_Exit EW6UAC2S
2025-04-01 00:52:22,066 - INFO - Ingress_Exit WZKFXIZS
2025-04-01 00:52:22,069 - INFO - Ingress_Exit OGE0YVZC
2025-04-01 00:52:22,071 - INFO - Ingress_Exit HG7YLC0X
2025-04-01 00:52:22,072 - INFO - Ingress_Exit S9BHKUHT
2025-04-01 00:52:22,113 - INFO - Ingress_Enter HNVV8PR8
2025-04-01 00:52:22,471 - INFO - Ingress_Enter CVPF8OKE
2025-04-01 00:52:23,389 - INFO - Ingress_Exit MCJ8MGP8
2025-04-01 00:52:23,390 - INFO - Ingress_Exit AMIG1HKS
2025-04-01 00:52:23,393 - INFO - Ingress_Exit 1Q4NHMMO
2025-04-01 00:52:23,395 - INFO - Ingress_Exit I149Z9MG
2025-04-01 00:52:23,397 - INFO - Ingress_Exit 02F6L337
2025-04-01 00:52:23,398 - INFO - Ingress_Exit CGBX1NYC
2025-04-01 00:52:23,399 - INFO - Ingress_Exit BYFCWORI
2025-04-01 00:52:23,402 - INFO - Ingress_Exit 48Q4C272
2025-04-01 00:52:23,405 - INFO - Ingress_Exit R8CEXZY7
2025-04-01 00:52:24,464 - INFO - Ingress_Exit AIYW94GV
2025-04-01 00:52:24,466 - INFO - Ingress_Exit 25JHCX86
2025-04-01 00:52:24,468 - INFO - Ingress_Exit PM0WR9K2
2025-04-01 00:52:24,469 - INFO - Ingress_Exit RZGV8H3B
2025-04-01 00:52:24,471 - INFO - Ingress_Exit 8GLT2L5L
2025-04-01 00:52:24,472 - INFO - Ingress_Exit 7AJLJMB5
2025-04-01 00:52:24,473 - INFO - Ingress_Exit QRZU0CA1
2025-04-01 00:52:24,818 - INFO - Ingress_Exit 4N65PQSI
2025-04-01 00:52:24,819 - INFO - Ingress_Exit WH7PGQMG
2025-04-01 00:52:24,822 - INFO - Ingress_Exit M4NJTSBV
2025-04-01 00:52:25,422 - INFO - Ingress_Exit 2TK2JR2Q
2025-04-01 00:52:25,424 - INFO - Ingress_Exit HWZJJMO8
2025-04-01 00:52:25,425 - INFO - Ingress_Exit 6B3SN59P
2025-04-01 00:52:25,429 - INFO - Ingress_Exit HNVV8PR8
2025-04-01 00:52:25,642 - INFO - Ingress_Exit CVPF8OKE
