2025-04-12 19:34:13,343 - INFO - Ingress_Enter KUFJXZST
2025-04-12 19:34:13,370 - INFO - Ingress_Input_Decoded KUFJXZST
2025-04-12 19:34:13,372 - INFO - Ingress_Numpy_Converted KUFJXZST
2025-04-12 19:34:13,832 - INFO - Ingress_Exit KUFJXZST
2025-04-12 19:34:14,488 - INFO - Ingress_Enter AHXBACIO
2025-04-12 19:34:14,505 - INFO - Ingress_Input_Decoded AHXBACIO
2025-04-12 19:34:14,507 - INFO - Ingress_Numpy_Converted AHXBACIO
2025-04-12 19:34:14,886 - INFO - Ingress_Exit AHXBACIO
2025-04-12 19:34:15,674 - INFO - Ingress_Enter VW1W4UIP
2025-04-12 19:34:15,687 - INFO - Ingress_Input_Decoded VW1W4UIP
2025-04-12 19:34:15,688 - INFO - Ingress_Numpy_Converted VW1W4UIP
2025-04-12 19:34:16,190 - INFO - Ingress_Enter S4UNMD8W
2025-04-12 19:34:16,212 - INFO - Ingress_Input_Decoded S4UNMD8W
2025-04-12 19:34:16,214 - INFO - Ingress_Numpy_Converted S4UNMD8W
2025-04-12 19:34:16,348 - INFO - Ingress_Exit VW1W4UIP
2025-04-12 19:34:16,595 - INFO - Ingress_Enter IJ6FIPTE
2025-04-12 19:34:16,614 - INFO - Ingress_Input_Decoded IJ6FIPTE
2025-04-12 19:34:16,615 - INFO - Ingress_Numpy_Converted IJ6FIPTE
2025-04-12 19:34:16,704 - INFO - Ingress_Exit S4UNMD8W
2025-04-12 19:34:16,775 - INFO - Ingress_Enter 5198T2U9
2025-04-12 19:34:16,792 - INFO - Ingress_Input_Decoded 5198T2U9
2025-04-12 19:34:16,793 - INFO - Ingress_Numpy_Converted 5198T2U9
2025-04-12 19:34:16,870 - INFO - Ingress_Enter 8ID8CMKD
2025-04-12 19:34:16,887 - INFO - Ingress_Input_Decoded 8ID8CMKD
2025-04-12 19:34:16,889 - INFO - Ingress_Numpy_Converted 8ID8CMKD
2025-04-12 19:34:17,328 - INFO - Ingress_Exit 8ID8CMKD
2025-04-12 19:34:17,375 - INFO - Ingress_Exit IJ6FIPTE
2025-04-12 19:34:17,404 - INFO - Ingress_Exit 5198T2U9
2025-04-12 19:34:18,299 - INFO - Ingress_Enter XUYKBTPT
2025-04-12 19:34:18,319 - INFO - Ingress_Input_Decoded XUYKBTPT
2025-04-12 19:34:18,321 - INFO - Ingress_Numpy_Converted XUYKBTPT
2025-04-12 19:34:18,382 - INFO - Ingress_Enter XVBZMHYS
2025-04-12 19:34:18,402 - INFO - Ingress_Input_Decoded XVBZMHYS
2025-04-12 19:34:18,403 - INFO - Ingress_Numpy_Converted XVBZMHYS
2025-04-12 19:34:18,523 - INFO - Ingress_Enter 9VPJKN7G
2025-04-12 19:34:18,546 - INFO - Ingress_Input_Decoded 9VPJKN7G
2025-04-12 19:34:18,548 - INFO - Ingress_Numpy_Converted 9VPJKN7G
2025-04-12 19:34:18,624 - INFO - Ingress_Enter FHJVLEEC
2025-04-12 19:34:18,654 - INFO - Ingress_Input_Decoded FHJVLEEC
2025-04-12 19:34:18,657 - INFO - Ingress_Numpy_Converted FHJVLEEC
2025-04-12 19:34:19,173 - INFO - Ingress_Exit FHJVLEEC
2025-04-12 19:34:19,193 - INFO - Ingress_Exit XVBZMHYS
2025-04-12 19:34:19,304 - INFO - Ingress_Enter 8Y22N9PK
2025-04-12 19:34:19,324 - INFO - Ingress_Input_Decoded 8Y22N9PK
2025-04-12 19:34:19,326 - INFO - Ingress_Numpy_Converted 8Y22N9PK
2025-04-12 19:34:19,366 - INFO - Ingress_Exit 9VPJKN7G
2025-04-12 19:34:19,372 - INFO - Ingress_Exit XUYKBTPT
2025-04-12 19:34:19,392 - INFO - Ingress_Enter ZLJBETEC
2025-04-12 19:34:19,409 - INFO - Ingress_Input_Decoded ZLJBETEC
2025-04-12 19:34:19,411 - INFO - Ingress_Numpy_Converted ZLJBETEC
2025-04-12 19:34:19,442 - INFO - Ingress_Enter 2AQIA0GC
2025-04-12 19:34:19,462 - INFO - Ingress_Input_Decoded 2AQIA0GC
2025-04-12 19:34:19,464 - INFO - Ingress_Numpy_Converted 2AQIA0GC
2025-04-12 19:34:19,986 - INFO - Ingress_Exit ZLJBETEC
2025-04-12 19:34:20,093 - INFO - Ingress_Exit 8Y22N9PK
2025-04-12 19:34:20,271 - INFO - Ingress_Exit 2AQIA0GC
2025-04-12 19:34:20,309 - INFO - Ingress_Enter WSHX2EI9
2025-04-12 19:34:20,321 - INFO - Ingress_Input_Decoded WSHX2EI9
2025-04-12 19:34:20,322 - INFO - Ingress_Numpy_Converted WSHX2EI9
2025-04-12 19:34:20,843 - INFO - Ingress_Exit WSHX2EI9
2025-04-12 19:34:21,548 - INFO - Ingress_Enter 7TWWQZ8I
2025-04-12 19:34:21,565 - INFO - Ingress_Input_Decoded 7TWWQZ8I
2025-04-12 19:34:21,567 - INFO - Ingress_Numpy_Converted 7TWWQZ8I
2025-04-12 19:34:22,002 - INFO - Ingress_Exit 7TWWQZ8I
2025-04-12 19:34:22,600 - INFO - Ingress_Enter 2VBQUH0Z
2025-04-12 19:34:22,621 - INFO - Ingress_Input_Decoded 2VBQUH0Z
2025-04-12 19:34:22,623 - INFO - Ingress_Numpy_Converted 2VBQUH0Z
2025-04-12 19:34:23,323 - INFO - Ingress_Enter TBJ9MJKR
2025-04-12 19:34:23,341 - INFO - Ingress_Input_Decoded TBJ9MJKR
2025-04-12 19:34:23,343 - INFO - Ingress_Numpy_Converted TBJ9MJKR
2025-04-12 19:34:23,368 - INFO - Ingress_Enter O44Y7Z67
2025-04-12 19:34:23,386 - INFO - Ingress_Input_Decoded O44Y7Z67
2025-04-12 19:34:23,388 - INFO - Ingress_Numpy_Converted O44Y7Z67
2025-04-12 19:34:23,636 - INFO - Ingress_Exit 2VBQUH0Z
2025-04-12 19:34:23,736 - INFO - Ingress_Enter 0PI44WZ8
2025-04-12 19:34:23,752 - INFO - Ingress_Input_Decoded 0PI44WZ8
2025-04-12 19:34:23,753 - INFO - Ingress_Numpy_Converted 0PI44WZ8
2025-04-12 19:34:24,036 - INFO - Ingress_Exit O44Y7Z67
2025-04-12 19:34:24,207 - INFO - Ingress_Exit TBJ9MJKR
2025-04-12 19:34:24,614 - INFO - Ingress_Exit 0PI44WZ8
2025-04-12 19:34:24,795 - INFO - Ingress_Enter OICY0OGB
2025-04-12 19:34:24,814 - INFO - Ingress_Input_Decoded OICY0OGB
2025-04-12 19:34:24,816 - INFO - Ingress_Numpy_Converted OICY0OGB
2025-04-12 19:34:25,034 - INFO - Ingress_Enter RDKKDAL0
2025-04-12 19:34:25,060 - INFO - Ingress_Input_Decoded RDKKDAL0
2025-04-12 19:34:25,062 - INFO - Ingress_Numpy_Converted RDKKDAL0
2025-04-12 19:34:25,690 - INFO - Ingress_Exit OICY0OGB
2025-04-12 19:34:25,733 - INFO - Ingress_Exit RDKKDAL0
2025-04-12 19:34:27,388 - INFO - Ingress_Enter 3CJDL3PP
2025-04-12 19:34:27,399 - INFO - Ingress_Input_Decoded 3CJDL3PP
2025-04-12 19:34:27,400 - INFO - Ingress_Numpy_Converted 3CJDL3PP
2025-04-12 19:34:27,799 - INFO - Ingress_Enter RQPYF05C
2025-04-12 19:34:27,811 - INFO - Ingress_Input_Decoded RQPYF05C
2025-04-12 19:34:27,812 - INFO - Ingress_Numpy_Converted RQPYF05C
2025-04-12 19:34:27,947 - INFO - Ingress_Enter WDJHKYVB
2025-04-12 19:34:27,965 - INFO - Ingress_Input_Decoded WDJHKYVB
2025-04-12 19:34:27,967 - INFO - Ingress_Numpy_Converted WDJHKYVB
2025-04-12 19:34:28,111 - INFO - Ingress_Exit 3CJDL3PP
2025-04-12 19:34:28,367 - INFO - Ingress_Exit RQPYF05C
2025-04-12 19:34:28,803 - INFO - Ingress_Exit WDJHKYVB
2025-04-12 19:34:29,263 - INFO - Ingress_Enter Q0CHACT9
2025-04-12 19:34:29,339 - INFO - Ingress_Input_Decoded Q0CHACT9
2025-04-12 19:34:29,343 - INFO - Ingress_Numpy_Converted Q0CHACT9
2025-04-12 19:34:29,940 - INFO - Ingress_Exit Q0CHACT9
2025-04-12 19:34:30,392 - INFO - Ingress_Enter QEWPTZW2
2025-04-12 19:34:30,411 - INFO - Ingress_Input_Decoded QEWPTZW2
2025-04-12 19:34:30,414 - INFO - Ingress_Numpy_Converted QEWPTZW2
2025-04-12 19:34:30,427 - INFO - Ingress_Enter H8MHEH7E
2025-04-12 19:34:30,439 - INFO - Ingress_Input_Decoded H8MHEH7E
2025-04-12 19:34:30,440 - INFO - Ingress_Numpy_Converted H8MHEH7E
2025-04-12 19:34:30,615 - INFO - Ingress_Enter ZBTUD3SL
2025-04-12 19:34:30,630 - INFO - Ingress_Input_Decoded ZBTUD3SL
2025-04-12 19:34:30,631 - INFO - Ingress_Numpy_Converted ZBTUD3SL
2025-04-12 19:34:31,005 - INFO - Ingress_Exit QEWPTZW2
2025-04-12 19:34:31,255 - INFO - Ingress_Exit H8MHEH7E
2025-04-12 19:34:31,561 - INFO - Ingress_Exit ZBTUD3SL
2025-04-12 19:34:32,177 - INFO - Ingress_Enter ENXK97B1
2025-04-12 19:34:32,194 - INFO - Ingress_Input_Decoded ENXK97B1
2025-04-12 19:34:32,195 - INFO - Ingress_Numpy_Converted ENXK97B1
2025-04-12 19:34:32,913 - INFO - Ingress_Exit ENXK97B1
2025-04-12 19:34:33,494 - INFO - Ingress_Enter 25FVJIN6
2025-04-12 19:34:33,517 - INFO - Ingress_Input_Decoded 25FVJIN6
2025-04-12 19:34:33,519 - INFO - Ingress_Numpy_Converted 25FVJIN6
2025-04-12 19:34:33,530 - INFO - Ingress_Enter HBHNHH5H
2025-04-12 19:34:33,553 - INFO - Ingress_Input_Decoded HBHNHH5H
2025-04-12 19:34:33,554 - INFO - Ingress_Numpy_Converted HBHNHH5H
2025-04-12 19:34:33,978 - INFO - Ingress_Enter GH4CNEWO
2025-04-12 19:34:33,995 - INFO - Ingress_Input_Decoded GH4CNEWO
2025-04-12 19:34:33,996 - INFO - Ingress_Numpy_Converted GH4CNEWO
2025-04-12 19:34:34,158 - INFO - Ingress_Enter 3LWL9O5S
2025-04-12 19:34:34,170 - INFO - Ingress_Input_Decoded 3LWL9O5S
2025-04-12 19:34:34,171 - INFO - Ingress_Numpy_Converted 3LWL9O5S
2025-04-12 19:34:34,263 - INFO - Ingress_Exit HBHNHH5H
2025-04-12 19:34:34,375 - INFO - Ingress_Exit 25FVJIN6
2025-04-12 19:34:35,362 - INFO - Ingress_Exit 3LWL9O5S
2025-04-12 19:34:35,365 - INFO - Ingress_Exit GH4CNEWO
2025-04-12 19:34:36,516 - INFO - Ingress_Enter DY1XV2ZB
2025-04-12 19:34:36,541 - INFO - Ingress_Input_Decoded DY1XV2ZB
2025-04-12 19:34:36,543 - INFO - Ingress_Numpy_Converted DY1XV2ZB
2025-04-12 19:34:36,830 - INFO - Ingress_Enter X0RGYNEN
2025-04-12 19:34:36,851 - INFO - Ingress_Input_Decoded X0RGYNEN
2025-04-12 19:34:36,853 - INFO - Ingress_Numpy_Converted X0RGYNEN
2025-04-12 19:34:37,024 - INFO - Ingress_Exit DY1XV2ZB
2025-04-12 19:34:37,460 - INFO - Ingress_Enter IJSOXT20
2025-04-12 19:34:37,478 - INFO - Ingress_Input_Decoded IJSOXT20
2025-04-12 19:34:37,480 - INFO - Ingress_Numpy_Converted IJSOXT20
2025-04-12 19:34:37,564 - INFO - Ingress_Enter 8JF0HILO
2025-04-12 19:34:37,590 - INFO - Ingress_Input_Decoded 8JF0HILO
2025-04-12 19:34:37,592 - INFO - Ingress_Numpy_Converted 8JF0HILO
2025-04-12 19:34:37,815 - INFO - Ingress_Exit X0RGYNEN
2025-04-12 19:34:37,851 - INFO - Ingress_Exit IJSOXT20
2025-04-12 19:34:37,892 - INFO - Ingress_Enter G7AUH8L2
2025-04-12 19:34:37,916 - INFO - Ingress_Input_Decoded G7AUH8L2
2025-04-12 19:34:37,918 - INFO - Ingress_Numpy_Converted G7AUH8L2
2025-04-12 19:34:38,019 - INFO - Ingress_Enter JXCSMSUW
2025-04-12 19:34:38,049 - INFO - Ingress_Input_Decoded JXCSMSUW
2025-04-12 19:34:38,053 - INFO - Ingress_Numpy_Converted JXCSMSUW
2025-04-12 19:34:38,325 - INFO - Ingress_Exit G7AUH8L2
2025-04-12 19:34:38,626 - INFO - Ingress_Enter J0F2DFM4
2025-04-12 19:34:38,650 - INFO - Ingress_Input_Decoded J0F2DFM4
2025-04-12 19:34:38,652 - INFO - Ingress_Numpy_Converted J0F2DFM4
2025-04-12 19:34:38,703 - INFO - Ingress_Exit JXCSMSUW
2025-04-12 19:34:38,959 - INFO - Ingress_Exit 8JF0HILO
2025-04-12 19:34:39,396 - INFO - Ingress_Enter 42AZDM43
2025-04-12 19:34:39,412 - INFO - Ingress_Input_Decoded 42AZDM43
2025-04-12 19:34:39,414 - INFO - Ingress_Numpy_Converted 42AZDM43
2025-04-12 19:34:39,475 - INFO - Ingress_Exit J0F2DFM4
2025-04-12 19:34:39,801 - INFO - Ingress_Enter INRY4MJT
2025-04-12 19:34:39,814 - INFO - Ingress_Input_Decoded INRY4MJT
2025-04-12 19:34:39,815 - INFO - Ingress_Numpy_Converted INRY4MJT
2025-04-12 19:34:40,153 - INFO - Ingress_Exit 42AZDM43
2025-04-12 19:34:40,495 - INFO - Ingress_Exit INRY4MJT
2025-04-12 19:34:41,364 - INFO - Ingress_Enter 2IO44VWN
2025-04-12 19:34:41,383 - INFO - Ingress_Input_Decoded 2IO44VWN
2025-04-12 19:34:41,385 - INFO - Ingress_Numpy_Converted 2IO44VWN
2025-04-12 19:34:41,726 - INFO - Ingress_Enter 35T9R3GN
2025-04-12 19:34:41,742 - INFO - Ingress_Input_Decoded 35T9R3GN
2025-04-12 19:34:41,743 - INFO - Ingress_Numpy_Converted 35T9R3GN
2025-04-12 19:34:41,857 - INFO - Ingress_Exit 2IO44VWN
2025-04-12 19:34:42,005 - INFO - Ingress_Enter 2C9LDWKR
2025-04-12 19:34:42,026 - INFO - Ingress_Input_Decoded 2C9LDWKR
2025-04-12 19:34:42,029 - INFO - Ingress_Numpy_Converted 2C9LDWKR
2025-04-12 19:34:42,781 - INFO - Ingress_Exit 35T9R3GN
2025-04-12 19:34:42,889 - INFO - Ingress_Exit 2C9LDWKR
2025-04-12 19:34:43,072 - INFO - Ingress_Enter P4TQ4JY4
2025-04-12 19:34:43,089 - INFO - Ingress_Input_Decoded P4TQ4JY4
2025-04-12 19:34:43,090 - INFO - Ingress_Numpy_Converted P4TQ4JY4
2025-04-12 19:34:43,565 - INFO - Ingress_Enter 03KU2II3
2025-04-12 19:34:43,592 - INFO - Ingress_Input_Decoded 03KU2II3
2025-04-12 19:34:43,594 - INFO - Ingress_Numpy_Converted 03KU2II3
2025-04-12 19:34:43,727 - INFO - Ingress_Exit P4TQ4JY4
2025-04-12 19:34:43,748 - INFO - Ingress_Enter DYUHKJ09
2025-04-12 19:34:43,769 - INFO - Ingress_Input_Decoded DYUHKJ09
2025-04-12 19:34:43,771 - INFO - Ingress_Numpy_Converted DYUHKJ09
2025-04-12 19:34:44,496 - INFO - Ingress_Exit DYUHKJ09
2025-04-12 19:34:44,633 - INFO - Ingress_Exit 03KU2II3
