2025-03-18 04:56:39,587 - INFO - Monolith_Enter 4Z5UQ2FB
2025-03-18 04:56:40,065 - INFO - Monolith_Exit 4Z5UQ2FB
2025-03-18 04:56:40,071 - INFO - Monolith_Enter 7ZUT8GD9
Monolith_Enter 1ZM6ITJ5
Monolith_Enter W69D1H0P
Monolith_Enter CBH2165L
2025-03-18 04:56:40,339 - INFO - Monolith_Exit 7ZUT8GD9
Monolith_Exit 1ZM6ITJ5
Monolith_Exit W69D1H0P
Monolith_Exit CBH2165L
2025-03-18 04:56:40,527 - INFO - Monolith_Enter EKZBIX4V
2025-03-18 04:56:40,595 - INFO - Monolith_Exit EKZBIX4V
2025-03-18 04:56:40,639 - INFO - Monolith_Enter 0ROAHFGA
2025-03-18 04:56:40,706 - INFO - Monolith_Exit 0ROAHFGA
2025-03-18 04:56:41,205 - INFO - Monolith_Enter BYJY42YG
2025-03-18 04:56:41,271 - INFO - Monolith_Exit BYJY42YG
2025-03-18 04:56:41,273 - INFO - Monolith_Enter 1ITWLC5P
2025-03-18 04:56:41,336 - INFO - Monolith_Exit 1ITWLC5P
2025-03-18 04:56:41,357 - INFO - Monolith_Enter Z4AHEP8E
2025-03-18 04:56:41,416 - INFO - Monolith_Exit Z4AHEP8E
2025-03-18 04:56:41,466 - INFO - Monolith_Enter 6S1J0TOQ
2025-03-18 04:56:41,526 - INFO - Monolith_Exit 6S1J0TOQ
2025-03-18 04:56:41,528 - INFO - Monolith_Enter 60L7RVBF
2025-03-18 04:56:41,591 - INFO - Monolith_Exit 60L7RVBF
2025-03-18 04:56:41,707 - INFO - Monolith_Enter 4GUNM5HC
2025-03-18 04:56:41,768 - INFO - Monolith_Exit 4GUNM5HC
2025-03-18 04:56:41,770 - INFO - Monolith_Enter OPRM27G1
2025-03-18 04:56:41,833 - INFO - Monolith_Exit OPRM27G1
2025-03-18 04:56:41,836 - INFO - Monolith_Enter GDZ9PM2U
2025-03-18 04:56:41,899 - INFO - Monolith_Exit GDZ9PM2U
2025-03-18 04:56:41,901 - INFO - Monolith_Enter JLBNFX9R
2025-03-18 04:56:41,968 - INFO - Monolith_Exit JLBNFX9R
2025-03-18 04:56:41,970 - INFO - Monolith_Enter 02FZQ77E
2025-03-18 04:56:42,033 - INFO - Monolith_Exit 02FZQ77E
2025-03-18 04:56:42,037 - INFO - Monolith_Enter 2KUZTX3R
Monolith_Enter ZE0N8TAQ
2025-03-18 04:56:42,140 - INFO - Monolith_Exit 2KUZTX3R
Monolith_Exit ZE0N8TAQ
2025-03-18 04:56:42,143 - INFO - Monolith_Enter YK3A2ABA
2025-03-18 04:56:42,202 - INFO - Monolith_Exit YK3A2ABA
2025-03-18 04:56:42,301 - INFO - Monolith_Enter FJXP26F1
2025-03-18 04:56:42,366 - INFO - Monolith_Exit FJXP26F1
2025-03-18 04:56:42,369 - INFO - Monolith_Enter ZJ3DVQ72
2025-03-18 04:56:42,428 - INFO - Monolith_Exit ZJ3DVQ72
2025-03-18 04:56:43,240 - INFO - Monolith_Enter VG2QHSDR
2025-03-18 04:56:43,299 - INFO - Monolith_Exit VG2QHSDR
2025-03-18 04:56:43,437 - INFO - Monolith_Enter 9X3CHFKQ
2025-03-18 04:56:43,496 - INFO - Monolith_Exit 9X3CHFKQ
2025-03-18 04:56:43,677 - INFO - Monolith_Enter 618FS8FW
2025-03-18 04:56:43,738 - INFO - Monolith_Exit 618FS8FW
2025-03-18 04:56:43,763 - INFO - Monolith_Enter U0IBGW4I
2025-03-18 04:56:43,822 - INFO - Monolith_Exit U0IBGW4I
2025-03-18 04:56:44,135 - INFO - Monolith_Enter 98DO74QL
2025-03-18 04:56:44,214 - INFO - Monolith_Exit 98DO74QL
2025-03-18 04:56:44,216 - INFO - Monolith_Enter ZK915D7W
2025-03-18 04:56:44,294 - INFO - Monolith_Exit ZK915D7W
2025-03-18 04:56:44,310 - INFO - Monolith_Enter AIL2Q83D
2025-03-18 04:56:44,374 - INFO - Monolith_Exit AIL2Q83D
2025-03-18 04:56:44,880 - INFO - Monolith_Enter 7U6KBBNO
2025-03-18 04:56:44,943 - INFO - Monolith_Exit 7U6KBBNO
2025-03-18 04:56:44,945 - INFO - Monolith_Enter I4WUPI5J
2025-03-18 04:56:45,004 - INFO - Monolith_Exit I4WUPI5J
2025-03-18 04:56:45,056 - INFO - Monolith_Enter 4U3SJUSF
2025-03-18 04:56:45,116 - INFO - Monolith_Exit 4U3SJUSF
2025-03-18 04:56:45,122 - INFO - Monolith_Enter W1RU20HW
2025-03-18 04:56:45,182 - INFO - Monolith_Exit W1RU20HW
2025-03-18 04:56:45,184 - INFO - Monolith_Enter OL6MN8TU
2025-03-18 04:56:45,247 - INFO - Monolith_Exit OL6MN8TU
2025-03-18 04:56:45,428 - INFO - Monolith_Enter 0LNKHA89
2025-03-18 04:56:45,492 - INFO - Monolith_Exit 0LNKHA89
2025-03-18 04:56:45,581 - INFO - Monolith_Enter T1QSG0FY
2025-03-18 04:56:45,650 - INFO - Monolith_Exit T1QSG0FY
2025-03-18 04:56:45,652 - INFO - Monolith_Enter FN49MSOD
2025-03-18 04:56:45,712 - INFO - Monolith_Exit FN49MSOD
2025-03-18 04:56:45,843 - INFO - Monolith_Enter GE2BW92W
2025-03-18 04:56:45,902 - INFO - Monolith_Exit GE2BW92W
2025-03-18 04:56:46,061 - INFO - Monolith_Enter 4XS5Y7OA
2025-03-18 04:56:46,121 - INFO - Monolith_Exit 4XS5Y7OA
2025-03-18 04:56:46,604 - INFO - Monolith_Enter FTTGSW8C
2025-03-18 04:56:46,665 - INFO - Monolith_Exit FTTGSW8C
2025-03-18 04:56:46,889 - INFO - Monolith_Enter QA03XT6V
2025-03-18 04:56:46,949 - INFO - Monolith_Exit QA03XT6V
2025-03-18 04:56:47,130 - INFO - Monolith_Enter YG35RQ56
2025-03-18 04:56:47,206 - INFO - Monolith_Exit YG35RQ56
2025-03-18 04:56:47,209 - INFO - Monolith_Enter QL0WUHYY
2025-03-18 04:56:47,285 - INFO - Monolith_Exit QL0WUHYY
2025-03-18 04:56:47,304 - INFO - Monolith_Enter M7XO6OX8
2025-03-18 04:56:47,376 - INFO - Monolith_Exit M7XO6OX8
2025-03-18 04:56:47,392 - INFO - Monolith_Enter N4CAGU7E
2025-03-18 04:56:47,453 - INFO - Monolith_Exit N4CAGU7E
2025-03-18 04:56:47,806 - INFO - Monolith_Enter 1GQI0T3B
2025-03-18 04:56:47,865 - INFO - Monolith_Exit 1GQI0T3B
2025-03-18 04:56:47,872 - INFO - Monolith_Enter 4WMX46IR
2025-03-18 04:56:47,931 - INFO - Monolith_Exit 4WMX46IR
2025-03-18 04:56:48,046 - INFO - Monolith_Enter 9AGJL04G
2025-03-18 04:56:48,110 - INFO - Monolith_Exit 9AGJL04G
2025-03-18 04:56:48,133 - INFO - Monolith_Enter HAC24ZYD
2025-03-18 04:56:48,194 - INFO - Monolith_Exit HAC24ZYD
2025-03-18 04:56:48,196 - INFO - Monolith_Enter 1JKTSBBX
2025-03-18 04:56:48,258 - INFO - Monolith_Exit 1JKTSBBX
2025-03-18 04:56:48,260 - INFO - Monolith_Enter ZZ5Z85A5
2025-03-18 04:56:48,318 - INFO - Monolith_Exit ZZ5Z85A5
2025-03-18 04:56:48,506 - INFO - Monolith_Enter HEKEI5SC
2025-03-18 04:56:48,575 - INFO - Monolith_Exit HEKEI5SC
2025-03-18 04:56:48,594 - INFO - Monolith_Enter NCOEKCWU
2025-03-18 04:56:48,656 - INFO - Monolith_Exit NCOEKCWU
2025-03-18 04:56:48,856 - INFO - Monolith_Enter 6OS62SCG
2025-03-18 04:56:48,917 - INFO - Monolith_Exit 6OS62SCG
2025-03-18 04:56:48,920 - INFO - Monolith_Enter 2HSJO7QF
Monolith_Enter O8RH7NOT
2025-03-18 04:56:49,020 - INFO - Monolith_Exit 2HSJO7QF
Monolith_Exit O8RH7NOT
2025-03-18 04:56:49,314 - INFO - Monolith_Enter 8RYT0PLF
2025-03-18 04:56:49,376 - INFO - Monolith_Exit 8RYT0PLF
2025-03-18 04:56:49,380 - INFO - Monolith_Enter W1FQIUTE
2025-03-18 04:56:49,440 - INFO - Monolith_Exit W1FQIUTE
2025-03-18 04:56:49,708 - INFO - Monolith_Enter PLPKAIIV
2025-03-18 04:56:49,768 - INFO - Monolith_Exit PLPKAIIV
2025-03-18 04:56:49,770 - INFO - Monolith_Enter 1253NK8L
2025-03-18 04:56:49,834 - INFO - Monolith_Exit 1253NK8L
2025-03-18 04:56:49,991 - INFO - Monolith_Enter WBYSTHJC
2025-03-18 04:56:50,051 - INFO - Monolith_Exit WBYSTHJC
2025-03-18 04:56:50,317 - INFO - Monolith_Enter F6YL9K7T
2025-03-18 04:56:50,391 - INFO - Monolith_Exit F6YL9K7T
2025-03-18 04:56:50,448 - INFO - Monolith_Enter WXJ5ZW42
2025-03-18 04:56:50,525 - INFO - Monolith_Exit WXJ5ZW42
2025-03-18 04:56:50,527 - INFO - Monolith_Enter DJLAAM6L
2025-03-18 04:56:50,598 - INFO - Monolith_Exit DJLAAM6L
2025-03-18 04:56:50,601 - INFO - Monolith_Enter NFAZEY9S
2025-03-18 04:56:50,668 - INFO - Monolith_Exit NFAZEY9S
2025-03-18 04:56:50,670 - INFO - Monolith_Enter KN854Y9R
2025-03-18 04:56:50,739 - INFO - Monolith_Exit KN854Y9R
2025-03-18 04:56:50,741 - INFO - Monolith_Enter X4B1HAA4
2025-03-18 04:56:50,803 - INFO - Monolith_Exit X4B1HAA4
2025-03-18 04:56:50,841 - INFO - Monolith_Enter UK0JIEJG
2025-03-18 04:56:50,906 - INFO - Monolith_Exit UK0JIEJG
2025-03-18 04:56:51,256 - INFO - Monolith_Enter DQ132JU8
2025-03-18 04:56:51,316 - INFO - Monolith_Exit DQ132JU8
2025-03-18 04:56:51,518 - INFO - Monolith_Enter BX92RSPD
2025-03-18 04:56:51,578 - INFO - Monolith_Exit BX92RSPD
2025-03-18 04:56:51,580 - INFO - Monolith_Enter LGTG08T8
2025-03-18 04:56:51,642 - INFO - Monolith_Exit LGTG08T8
2025-03-18 04:56:51,644 - INFO - Monolith_Enter 9ZNEW6KI
2025-03-18 04:56:51,704 - INFO - Monolith_Exit 9ZNEW6KI
2025-03-18 04:56:51,707 - INFO - Monolith_Enter JBJ8C7S6
Monolith_Enter 8OFRWU8Y
2025-03-18 04:56:51,809 - INFO - Monolith_Exit JBJ8C7S6
Monolith_Exit 8OFRWU8Y
2025-03-18 04:56:51,811 - INFO - Monolith_Enter C9KJDSSR
2025-03-18 04:56:51,880 - INFO - Monolith_Exit C9KJDSSR
2025-03-18 04:56:51,883 - INFO - Monolith_Enter 7IYQY1LA
Monolith_Enter H8XLOTR4
Monolith_Enter J0EEW97A
2025-03-18 04:56:52,030 - INFO - Monolith_Exit 7IYQY1LA
Monolith_Exit H8XLOTR4
Monolith_Exit J0EEW97A
2025-03-18 04:56:52,032 - INFO - Monolith_Enter CVYU968Y
2025-03-18 04:56:52,094 - INFO - Monolith_Exit CVYU968Y
2025-03-18 04:56:52,129 - INFO - Monolith_Enter Q6ERNU5F
2025-03-18 04:56:52,197 - INFO - Monolith_Exit Q6ERNU5F
2025-03-18 04:56:52,281 - INFO - Monolith_Enter XRRERAHS
2025-03-18 04:56:52,342 - INFO - Monolith_Exit XRRERAHS
2025-03-18 04:56:52,368 - INFO - Monolith_Enter I7UYOUGM
2025-03-18 04:56:52,430 - INFO - Monolith_Exit I7UYOUGM
2025-03-18 04:56:52,522 - INFO - Monolith_Enter ALYQEC60
2025-03-18 04:56:52,585 - INFO - Monolith_Exit ALYQEC60
2025-03-18 04:56:52,829 - INFO - Monolith_Enter 5NY5X0O5
2025-03-18 04:56:52,893 - INFO - Monolith_Exit 5NY5X0O5
2025-03-18 04:56:52,917 - INFO - Monolith_Enter 2WF2R34Z
2025-03-18 04:56:52,980 - INFO - Monolith_Exit 2WF2R34Z
2025-03-18 04:56:53,025 - INFO - Monolith_Enter UZ5HA2TN
2025-03-18 04:56:53,086 - INFO - Monolith_Exit UZ5HA2TN
2025-03-18 04:56:53,156 - INFO - Monolith_Enter R5KC792C
2025-03-18 04:56:53,218 - INFO - Monolith_Exit R5KC792C
2025-03-18 04:56:53,220 - INFO - Monolith_Enter 97TSVYSR
2025-03-18 04:56:53,285 - INFO - Monolith_Exit 97TSVYSR
2025-03-18 04:56:53,659 - INFO - Monolith_Enter 196DKPD6
2025-03-18 04:56:53,720 - INFO - Monolith_Exit 196DKPD6
2025-03-18 04:56:53,723 - INFO - Monolith_Enter 5RFUN0WA
2025-03-18 04:56:53,787 - INFO - Monolith_Exit 5RFUN0WA
2025-03-18 04:56:53,856 - INFO - Monolith_Enter W031TGFE
2025-03-18 04:56:53,925 - INFO - Monolith_Exit W031TGFE
2025-03-18 04:56:53,927 - INFO - Monolith_Enter TKB56230
2025-03-18 04:56:53,995 - INFO - Monolith_Exit TKB56230
2025-03-18 04:56:54,425 - INFO - Monolith_Enter KNAONAHA
2025-03-18 04:56:54,495 - INFO - Monolith_Exit KNAONAHA
2025-03-18 04:56:54,598 - INFO - Monolith_Enter SPI7XRTL
2025-03-18 04:56:54,668 - INFO - Monolith_Exit SPI7XRTL
2025-03-18 04:56:54,729 - INFO - Monolith_Enter 71E7CCTD
2025-03-18 04:56:54,800 - INFO - Monolith_Exit 71E7CCTD
2025-03-18 04:56:54,802 - INFO - Monolith_Enter IGJ6LQIQ
2025-03-18 04:56:54,868 - INFO - Monolith_Exit IGJ6LQIQ
2025-03-18 04:56:54,969 - INFO - Monolith_Enter ZJC42GM8
2025-03-18 04:56:55,039 - INFO - Monolith_Exit ZJC42GM8
2025-03-18 04:56:55,231 - INFO - Monolith_Enter 7IJBGEJM
2025-03-18 04:56:55,299 - INFO - Monolith_Exit 7IJBGEJM
2025-03-18 04:56:55,305 - INFO - Monolith_Enter WDBWQS8T
Monolith_Enter 7XNWR4A5
2025-03-18 04:56:55,420 - INFO - Monolith_Exit WDBWQS8T
Monolith_Exit 7XNWR4A5
2025-03-18 04:56:55,423 - INFO - Monolith_Enter K9H1TAG8
2025-03-18 04:56:55,490 - INFO - Monolith_Exit K9H1TAG8
2025-03-18 04:56:55,492 - INFO - Monolith_Enter JJ33J0WB
2025-03-18 04:56:55,555 - INFO - Monolith_Exit JJ33J0WB
2025-03-18 04:56:55,557 - INFO - Monolith_Enter Z7NBKORV
2025-03-18 04:56:55,616 - INFO - Monolith_Exit Z7NBKORV
2025-03-18 04:56:55,623 - INFO - Monolith_Enter RR2ZO324
2025-03-18 04:56:55,687 - INFO - Monolith_Exit RR2ZO324
2025-03-18 04:56:55,689 - INFO - Monolith_Enter 1Z40MGE0
2025-03-18 04:56:55,756 - INFO - Monolith_Exit 1Z40MGE0
2025-03-18 04:56:55,758 - INFO - Monolith_Enter N9JVBNB0
2025-03-18 04:56:55,823 - INFO - Monolith_Exit N9JVBNB0
2025-03-18 04:56:55,826 - INFO - Monolith_Enter 4W2CTNAJ
2025-03-18 04:56:55,887 - INFO - Monolith_Exit 4W2CTNAJ
2025-03-18 04:56:56,017 - INFO - Monolith_Enter YNTABRAI
2025-03-18 04:56:56,083 - INFO - Monolith_Exit YNTABRAI
2025-03-18 04:56:56,147 - INFO - Monolith_Enter 1UAVCIOZ
2025-03-18 04:56:56,211 - INFO - Monolith_Exit 1UAVCIOZ
2025-03-18 04:56:56,344 - INFO - Monolith_Enter Y5ORU211
2025-03-18 04:56:56,407 - INFO - Monolith_Exit Y5ORU211
2025-03-18 04:56:56,474 - INFO - Monolith_Enter E9NI205B
2025-03-18 04:56:56,535 - INFO - Monolith_Exit E9NI205B
2025-03-18 04:56:56,538 - INFO - Monolith_Enter ZO7SQH0K
2025-03-18 04:56:56,603 - INFO - Monolith_Exit ZO7SQH0K
2025-03-18 04:56:56,626 - INFO - Monolith_Enter 4K2WE9DZ
2025-03-18 04:56:56,689 - INFO - Monolith_Exit 4K2WE9DZ
2025-03-18 04:56:56,844 - INFO - Monolith_Enter Q2OS80LU
2025-03-18 04:56:56,908 - INFO - Monolith_Exit Q2OS80LU
2025-03-18 04:56:56,975 - INFO - Monolith_Enter 0J4729KQ
2025-03-18 04:56:57,037 - INFO - Monolith_Exit 0J4729KQ
2025-03-18 04:56:57,063 - INFO - Monolith_Enter CYJUXGR7
2025-03-18 04:56:57,124 - INFO - Monolith_Exit CYJUXGR7
2025-03-18 04:56:57,524 - INFO - Monolith_Enter QRZBJZVG
2025-03-18 04:56:57,586 - INFO - Monolith_Exit QRZBJZVG
2025-03-18 04:56:57,612 - INFO - Monolith_Enter H45X1EWO
2025-03-18 04:56:57,672 - INFO - Monolith_Exit H45X1EWO
2025-03-18 04:56:57,675 - INFO - Monolith_Enter 17G0CC8K
2025-03-18 04:56:57,736 - INFO - Monolith_Exit 17G0CC8K
2025-03-18 04:56:57,738 - INFO - Monolith_Enter XIBADWM0
2025-03-18 04:56:57,801 - INFO - Monolith_Exit XIBADWM0
2025-03-18 04:56:57,804 - INFO - Monolith_Enter BVY7HSBM
2025-03-18 04:56:57,866 - INFO - Monolith_Exit BVY7HSBM
2025-03-18 04:56:58,049 - INFO - Monolith_Enter NYERWXM8
2025-03-18 04:56:58,114 - INFO - Monolith_Exit NYERWXM8
2025-03-18 04:56:58,159 - INFO - Monolith_Enter 07Y2SF7L
2025-03-18 04:56:58,226 - INFO - Monolith_Exit 07Y2SF7L
2025-03-18 04:56:58,229 - INFO - Monolith_Enter L82J01IM
2025-03-18 04:56:58,291 - INFO - Monolith_Exit L82J01IM
2025-03-18 04:56:58,333 - INFO - Monolith_Enter EKS6DANR
2025-03-18 04:56:58,393 - INFO - Monolith_Exit EKS6DANR
2025-03-18 04:56:58,486 - INFO - Monolith_Enter SR1DZT4R
2025-03-18 04:56:58,552 - INFO - Monolith_Exit SR1DZT4R
2025-03-18 04:56:58,596 - INFO - Monolith_Enter V5QDYBGK
2025-03-18 04:56:58,658 - INFO - Monolith_Exit V5QDYBGK
2025-03-18 04:56:58,684 - INFO - Monolith_Enter N2LSYV02
2025-03-18 04:56:58,749 - INFO - Monolith_Exit N2LSYV02
2025-03-18 04:56:58,771 - INFO - Monolith_Enter W8KUVQGR
2025-03-18 04:56:58,833 - INFO - Monolith_Exit W8KUVQGR
2025-03-18 04:56:59,582 - INFO - Monolith_Enter VOI9QWM3
2025-03-18 04:56:59,644 - INFO - Monolith_Exit VOI9QWM3
2025-03-18 04:56:59,646 - INFO - Monolith_Enter SEH9REKZ
2025-03-18 04:56:59,709 - INFO - Monolith_Exit SEH9REKZ
2025-03-18 04:56:59,710 - INFO - Monolith_Enter S4DII4H6
2025-03-18 04:56:59,777 - INFO - Monolith_Exit S4DII4H6
2025-03-18 04:56:59,888 - INFO - Monolith_Enter VEZDGQ8K
2025-03-18 04:56:59,955 - INFO - Monolith_Exit VEZDGQ8K
2025-03-18 04:56:59,997 - INFO - Monolith_Enter QMAUJ8MI
2025-03-18 04:57:00,058 - INFO - Monolith_Exit QMAUJ8MI
2025-03-18 04:57:00,149 - INFO - Monolith_Enter PG5ZI52G
2025-03-18 04:57:00,211 - INFO - Monolith_Exit PG5ZI52G
2025-03-18 04:57:00,280 - INFO - Monolith_Enter OFCCJXXD
2025-03-18 04:57:00,342 - INFO - Monolith_Exit OFCCJXXD
2025-03-18 04:57:00,522 - INFO - Monolith_Enter ISAMBMIS
2025-03-18 04:57:00,583 - INFO - Monolith_Exit ISAMBMIS
2025-03-18 04:57:01,001 - INFO - Monolith_Enter TS5KKOXV
2025-03-18 04:57:01,064 - INFO - Monolith_Exit TS5KKOXV
2025-03-18 04:57:01,218 - INFO - Monolith_Enter MXITLWX3
2025-03-18 04:57:01,280 - INFO - Monolith_Exit MXITLWX3
2025-03-18 04:57:01,392 - INFO - Monolith_Enter C5BUDZJS
2025-03-18 04:57:01,454 - INFO - Monolith_Exit C5BUDZJS
2025-03-18 04:57:01,546 - INFO - Monolith_Enter 30H4PM9G
2025-03-18 04:57:01,607 - INFO - Monolith_Exit 30H4PM9G
2025-03-18 04:57:01,654 - INFO - Monolith_Enter CFR2EHSS
2025-03-18 04:57:01,723 - INFO - Monolith_Exit CFR2EHSS
2025-03-18 04:57:01,764 - INFO - Monolith_Enter A9LTZTYK
2025-03-18 04:57:01,832 - INFO - Monolith_Exit A9LTZTYK
2025-03-18 04:57:01,834 - INFO - Monolith_Enter BLYRB07O
2025-03-18 04:57:01,898 - INFO - Monolith_Exit BLYRB07O
2025-03-18 04:57:01,901 - INFO - Monolith_Enter XBYQV4TO
Monolith_Enter 5VBW0810
2025-03-18 04:57:02,007 - INFO - Monolith_Exit XBYQV4TO
Monolith_Exit 5VBW0810
2025-03-18 04:57:02,114 - INFO - Monolith_Enter ED6URQ5T
2025-03-18 04:57:02,176 - INFO - Monolith_Exit ED6URQ5T
2025-03-18 04:57:02,177 - INFO - Monolith_Enter 7H6O8BBL
2025-03-18 04:57:02,239 - INFO - Monolith_Exit 7H6O8BBL
2025-03-18 04:57:02,464 - INFO - Monolith_Enter C8IZA92S
2025-03-18 04:57:02,529 - INFO - Monolith_Exit C8IZA92S
2025-03-18 04:57:02,531 - INFO - Monolith_Enter 3HR6OBR1
2025-03-18 04:57:02,593 - INFO - Monolith_Exit 3HR6OBR1
2025-03-18 04:57:02,858 - INFO - Monolith_Enter GICA0RB8
2025-03-18 04:57:02,919 - INFO - Monolith_Exit GICA0RB8
2025-03-18 04:57:03,185 - INFO - Monolith_Enter ESR9FNTF
2025-03-18 04:57:03,249 - INFO - Monolith_Exit ESR9FNTF
2025-03-18 04:57:03,317 - INFO - Monolith_Enter USFSPSD4
2025-03-18 04:57:03,378 - INFO - Monolith_Exit USFSPSD4
2025-03-18 04:57:03,862 - INFO - Monolith_Enter SGFCWJJ1
2025-03-18 04:57:03,942 - INFO - Monolith_Exit SGFCWJJ1
2025-03-18 04:57:03,971 - INFO - Monolith_Enter J9XN001L
2025-03-18 04:57:04,048 - INFO - Monolith_Exit J9XN001L
2025-03-18 04:57:04,080 - INFO - Monolith_Enter UOZHWTVS
2025-03-18 04:57:04,143 - INFO - Monolith_Exit UOZHWTVS
2025-03-18 04:57:04,212 - INFO - Monolith_Enter T7H6FBVC
2025-03-18 04:57:04,276 - INFO - Monolith_Exit T7H6FBVC
2025-03-18 04:57:04,364 - INFO - Monolith_Enter CWXPNIGX
2025-03-18 04:57:04,427 - INFO - Monolith_Exit CWXPNIGX
2025-03-18 04:57:04,582 - INFO - Monolith_Enter JZCKUZUR
2025-03-18 04:57:04,645 - INFO - Monolith_Exit JZCKUZUR
2025-03-18 04:57:04,691 - INFO - Monolith_Enter G7OQ9VQY
2025-03-18 04:57:04,755 - INFO - Monolith_Exit G7OQ9VQY
2025-03-18 04:57:04,802 - INFO - Monolith_Enter XYIBEOK9
2025-03-18 04:57:04,866 - INFO - Monolith_Exit XYIBEOK9
2025-03-18 04:57:04,911 - INFO - Monolith_Enter R09KONEC
2025-03-18 04:57:04,975 - INFO - Monolith_Exit R09KONEC
2025-03-18 04:57:04,977 - INFO - Monolith_Enter CG8T9X6I
2025-03-18 04:57:05,043 - INFO - Monolith_Exit CG8T9X6I
2025-03-18 04:57:05,045 - INFO - Monolith_Enter M5458UKB
2025-03-18 04:57:05,111 - INFO - Monolith_Exit M5458UKB
2025-03-18 04:57:05,479 - INFO - Monolith_Enter JW26687E
2025-03-18 04:57:05,544 - INFO - Monolith_Exit JW26687E
2025-03-18 04:57:06,177 - INFO - Monolith_Enter Z15B21EO
2025-03-18 04:57:06,238 - INFO - Monolith_Exit Z15B21EO
2025-03-18 04:57:06,264 - INFO - Monolith_Enter X97I0425
2025-03-18 04:57:06,325 - INFO - Monolith_Exit X97I0425
2025-03-18 04:57:06,749 - INFO - Monolith_Enter OHOSP7E3
2025-03-18 04:57:06,809 - INFO - Monolith_Exit OHOSP7E3
2025-03-18 04:57:06,837 - INFO - Monolith_Enter G69JHYJZ
2025-03-18 04:57:06,919 - INFO - Monolith_Exit G69JHYJZ
2025-03-18 04:57:06,921 - INFO - Monolith_Enter GYVMEETS
2025-03-18 04:57:06,998 - INFO - Monolith_Exit GYVMEETS
2025-03-18 04:57:07,100 - INFO - Monolith_Enter XAP587QU
2025-03-18 04:57:07,172 - INFO - Monolith_Exit XAP587QU
2025-03-18 04:57:07,174 - INFO - Monolith_Enter PXH4EOCJ
Monolith_Enter 53N9572B
2025-03-18 04:57:07,280 - INFO - Monolith_Exit PXH4EOCJ
Monolith_Exit 53N9572B
2025-03-18 04:57:07,451 - INFO - Monolith_Enter OAQ331ZU
2025-03-18 04:57:07,515 - INFO - Monolith_Exit OAQ331ZU
2025-03-18 04:57:07,518 - INFO - Monolith_Enter ULT2U12Z
2025-03-18 04:57:07,578 - INFO - Monolith_Exit ULT2U12Z
2025-03-18 04:57:07,580 - INFO - Monolith_Enter S558MEVJ
2025-03-18 04:57:07,642 - INFO - Monolith_Exit S558MEVJ
2025-03-18 04:57:07,644 - INFO - Monolith_Enter UJ017IU7
2025-03-18 04:57:07,704 - INFO - Monolith_Exit UJ017IU7
2025-03-18 04:57:07,705 - INFO - Monolith_Enter N6ZWT9QQ
2025-03-18 04:57:07,769 - INFO - Monolith_Exit N6ZWT9QQ
2025-03-18 04:57:07,771 - INFO - Monolith_Enter 0PZIZHHR
2025-03-18 04:57:07,834 - INFO - Monolith_Exit 0PZIZHHR
2025-03-18 04:57:07,837 - INFO - Monolith_Enter C6STYFLV
2025-03-18 04:57:07,901 - INFO - Monolith_Exit C6STYFLV
2025-03-18 04:57:07,904 - INFO - Monolith_Enter PWV93B60
2025-03-18 04:57:07,965 - INFO - Monolith_Exit PWV93B60
2025-03-18 04:57:08,128 - INFO - Monolith_Enter VDEI5RWL
2025-03-18 04:57:08,193 - INFO - Monolith_Exit VDEI5RWL
2025-03-18 04:57:08,195 - INFO - Monolith_Enter 7OFX9H48
2025-03-18 04:57:08,257 - INFO - Monolith_Exit 7OFX9H48
2025-03-18 04:57:08,259 - INFO - Monolith_Enter 4C85PQVR
2025-03-18 04:57:08,320 - INFO - Monolith_Exit 4C85PQVR
2025-03-18 04:57:08,585 - INFO - Monolith_Enter UHR9R4I9
2025-03-18 04:57:08,646 - INFO - Monolith_Exit UHR9R4I9
2025-03-18 04:57:08,781 - INFO - Monolith_Enter SLOU8YOT
2025-03-18 04:57:08,843 - INFO - Monolith_Exit SLOU8YOT
2025-03-18 04:57:08,868 - INFO - Monolith_Enter LVWA9BI7
2025-03-18 04:57:08,931 - INFO - Monolith_Exit LVWA9BI7
2025-03-18 04:57:08,934 - INFO - Monolith_Enter F9A5PUCR
2025-03-18 04:57:08,998 - INFO - Monolith_Exit F9A5PUCR
2025-03-18 04:57:09,000 - INFO - Monolith_Enter OQ87ZA1P
2025-03-18 04:57:09,062 - INFO - Monolith_Exit OQ87ZA1P
2025-03-18 04:57:09,071 - INFO - Monolith_Enter PV83MSHS
2025-03-18 04:57:09,134 - INFO - Monolith_Exit PV83MSHS
2025-03-18 04:57:09,136 - INFO - Monolith_Enter GDB27VYN
2025-03-18 04:57:09,199 - INFO - Monolith_Exit GDB27VYN
2025-03-18 04:57:09,260 - INFO - Monolith_Enter 0FU1Q97B
2025-03-18 04:57:09,328 - INFO - Monolith_Exit 0FU1Q97B
2025-03-18 04:57:09,477 - INFO - Monolith_Enter J08AF0AJ
2025-03-18 04:57:09,539 - INFO - Monolith_Exit J08AF0AJ
2025-03-18 04:57:09,587 - INFO - Monolith_Enter YXHYCMPW
2025-03-18 04:57:09,649 - INFO - Monolith_Exit YXHYCMPW
2025-03-18 04:57:09,651 - INFO - Monolith_Enter MFCSWQVA
2025-03-18 04:57:09,713 - INFO - Monolith_Exit MFCSWQVA
2025-03-18 04:57:09,716 - INFO - Monolith_Enter S46U7MRE
Monolith_Enter DOC1TLDO
2025-03-18 04:57:09,818 - INFO - Monolith_Exit S46U7MRE
Monolith_Exit DOC1TLDO
2025-03-18 04:57:09,827 - INFO - Monolith_Enter 67WGD5F9
2025-03-18 04:57:09,889 - INFO - Monolith_Exit 67WGD5F9
2025-03-18 04:57:10,022 - INFO - Monolith_Enter 48SI4QHZ
2025-03-18 04:57:10,083 - INFO - Monolith_Exit 48SI4QHZ
2025-03-18 04:57:10,132 - INFO - Monolith_Enter WSTVX0SP
2025-03-18 04:57:10,192 - INFO - Monolith_Exit WSTVX0SP
2025-03-18 04:57:10,195 - INFO - Monolith_Enter X13HPHCW
Monolith_Enter HIBCFP1H
2025-03-18 04:57:10,298 - INFO - Monolith_Exit X13HPHCW
Monolith_Exit HIBCFP1H
2025-03-18 04:57:10,300 - INFO - Monolith_Enter GGI35AJU
2025-03-18 04:57:10,361 - INFO - Monolith_Exit GGI35AJU
2025-03-18 04:57:10,523 - INFO - Monolith_Enter X0OEQL0Q
2025-03-18 04:57:10,590 - INFO - Monolith_Exit X0OEQL0Q
2025-03-18 04:57:10,593 - INFO - Monolith_Enter GI7BVRNR
Monolith_Enter I45Q9ZZT
2025-03-18 04:57:10,693 - INFO - Monolith_Exit GI7BVRNR
Monolith_Exit I45Q9ZZT
2025-03-18 04:57:10,719 - INFO - Monolith_Enter JM3PR1YY
2025-03-18 04:57:10,783 - INFO - Monolith_Exit JM3PR1YY
2025-03-18 04:57:10,785 - INFO - Monolith_Enter 5452W3PQ
2025-03-18 04:57:10,847 - INFO - Monolith_Exit 5452W3PQ
2025-03-18 04:57:10,849 - INFO - Monolith_Enter NFJOYHH5
2025-03-18 04:57:10,910 - INFO - Monolith_Exit NFJOYHH5
2025-03-18 04:57:11,308 - INFO - Monolith_Enter Z8EIUT88
2025-03-18 04:57:11,371 - INFO - Monolith_Exit Z8EIUT88
2025-03-18 04:57:11,374 - INFO - Monolith_Enter 8JHQP18A
2025-03-18 04:57:11,439 - INFO - Monolith_Exit 8JHQP18A
2025-03-18 04:57:11,481 - INFO - Monolith_Enter XZTNUFGQ
2025-03-18 04:57:11,542 - INFO - Monolith_Exit XZTNUFGQ
2025-03-18 04:57:11,544 - INFO - Monolith_Enter EUWA9AN2
2025-03-18 04:57:11,606 - INFO - Monolith_Exit EUWA9AN2
2025-03-18 04:57:11,611 - INFO - Monolith_Enter AZMXGJRR
2025-03-18 04:57:11,679 - INFO - Monolith_Exit AZMXGJRR
2025-03-18 04:57:11,699 - INFO - Monolith_Enter RTTLOYU4
2025-03-18 04:57:11,764 - INFO - Monolith_Exit RTTLOYU4
2025-03-18 04:57:11,895 - INFO - Monolith_Enter QJHTIOFO
2025-03-18 04:57:11,957 - INFO - Monolith_Exit QJHTIOFO
2025-03-18 04:57:12,004 - INFO - Monolith_Enter S97C213K
2025-03-18 04:57:12,066 - INFO - Monolith_Exit S97C213K
2025-03-18 04:57:12,070 - INFO - Monolith_Enter 2XNQYIIE
2025-03-18 04:57:12,133 - INFO - Monolith_Exit 2XNQYIIE
2025-03-18 04:57:12,135 - INFO - Monolith_Enter 55MW2MZN
2025-03-18 04:57:12,195 - INFO - Monolith_Exit 55MW2MZN
2025-03-18 04:57:12,332 - INFO - Monolith_Enter 95WK9TKX
2025-03-18 04:57:12,398 - INFO - Monolith_Exit 95WK9TKX
2025-03-18 04:57:12,400 - INFO - Monolith_Enter E1G2M32L
2025-03-18 04:57:12,464 - INFO - Monolith_Exit E1G2M32L
2025-03-18 04:57:12,470 - INFO - Monolith_Enter BMT4D3XT
Monolith_Enter 2K7MU472
2025-03-18 04:57:12,576 - INFO - Monolith_Exit BMT4D3XT
Monolith_Exit 2K7MU472
2025-03-18 04:57:12,578 - INFO - Monolith_Enter BZJXSD7Z
2025-03-18 04:57:12,640 - INFO - Monolith_Exit BZJXSD7Z
2025-03-18 04:57:12,747 - INFO - Monolith_Enter 4SSXPFMP
2025-03-18 04:57:12,814 - INFO - Monolith_Exit 4SSXPFMP
2025-03-18 04:57:12,877 - INFO - Monolith_Enter 64KXVKFF
2025-03-18 04:57:12,938 - INFO - Monolith_Exit 64KXVKFF
2025-03-18 04:57:12,942 - INFO - Monolith_Enter 3NNR2F0T
2025-03-18 04:57:13,002 - INFO - Monolith_Exit 3NNR2F0T
2025-03-18 04:57:13,004 - INFO - Monolith_Enter LT7GA1HE
2025-03-18 04:57:13,065 - INFO - Monolith_Exit LT7GA1HE
2025-03-18 04:57:13,292 - INFO - Monolith_Enter H315CJBF
2025-03-18 04:57:13,360 - INFO - Monolith_Exit H315CJBF
2025-03-18 04:57:13,554 - INFO - Monolith_Enter KHY1JLCD
2025-03-18 04:57:13,616 - INFO - Monolith_Exit KHY1JLCD
2025-03-18 04:57:13,663 - INFO - Monolith_Enter LCYL5IFR
2025-03-18 04:57:13,726 - INFO - Monolith_Exit LCYL5IFR
2025-03-18 04:57:14,013 - INFO - Monolith_Enter XKGW7FK5
2025-03-18 04:57:14,074 - INFO - Monolith_Exit XKGW7FK5
2025-03-18 04:57:14,341 - INFO - Monolith_Enter RX21KWX8
2025-03-18 04:57:14,402 - INFO - Monolith_Exit RX21KWX8
2025-03-18 04:57:14,647 - INFO - Monolith_Enter CS0ACDCT
2025-03-18 04:57:14,708 - INFO - Monolith_Exit CS0ACDCT
2025-03-18 04:57:14,710 - INFO - Monolith_Enter 33K00ESN
2025-03-18 04:57:14,770 - INFO - Monolith_Exit 33K00ESN
2025-03-18 04:57:14,772 - INFO - Monolith_Enter OYHR2ZZI
2025-03-18 04:57:14,831 - INFO - Monolith_Exit OYHR2ZZI
2025-03-18 04:57:14,838 - INFO - Monolith_Enter W4O70HBJ
2025-03-18 04:57:14,900 - INFO - Monolith_Exit W4O70HBJ
2025-03-18 04:57:15,062 - INFO - Monolith_Enter OKM00RPH
2025-03-18 04:57:15,126 - INFO - Monolith_Exit OKM00RPH
2025-03-18 04:57:15,128 - INFO - Monolith_Enter VLL0EER7
2025-03-18 04:57:15,188 - INFO - Monolith_Exit VLL0EER7
2025-03-18 04:57:15,190 - INFO - Monolith_Enter TVXL80BJ
2025-03-18 04:57:15,255 - INFO - Monolith_Exit TVXL80BJ
2025-03-18 04:57:15,257 - INFO - Monolith_Enter DFXO2P8B
Monolith_Enter KKID1352
2025-03-18 04:57:15,355 - INFO - Monolith_Exit DFXO2P8B
Monolith_Exit KKID1352
2025-03-18 04:57:15,675 - INFO - Monolith_Enter SAGYD9CK
2025-03-18 04:57:15,737 - INFO - Monolith_Exit SAGYD9CK
2025-03-18 04:57:15,786 - INFO - Monolith_Enter NDLZD3V6
2025-03-18 04:57:15,846 - INFO - Monolith_Exit NDLZD3V6
2025-03-18 04:57:16,420 - INFO - Monolith_Enter BFRFFD57
2025-03-18 04:57:16,480 - INFO - Monolith_Exit BFRFFD57
2025-03-18 04:57:16,595 - INFO - Monolith_Enter K8W8YTY7
2025-03-18 04:57:16,658 - INFO - Monolith_Exit K8W8YTY7
2025-03-18 04:57:16,660 - INFO - Monolith_Enter BKU1B17H
2025-03-18 04:57:16,724 - INFO - Monolith_Exit BKU1B17H
2025-03-18 04:57:16,791 - INFO - Monolith_Enter JF5N1DUF
2025-03-18 04:57:16,853 - INFO - Monolith_Exit JF5N1DUF
2025-03-18 04:57:16,899 - INFO - Monolith_Enter 8WFUTW41
2025-03-18 04:57:16,960 - INFO - Monolith_Exit 8WFUTW41
2025-03-18 04:57:17,357 - INFO - Monolith_Enter F5HIM5PZ
2025-03-18 04:57:17,426 - INFO - Monolith_Exit F5HIM5PZ
2025-03-18 04:57:17,429 - INFO - Monolith_Enter XQECNTO6
2025-03-18 04:57:17,499 - INFO - Monolith_Exit XQECNTO6
2025-03-18 04:57:17,575 - INFO - Monolith_Enter KLVXNELR
2025-03-18 04:57:17,637 - INFO - Monolith_Exit KLVXNELR
2025-03-18 04:57:17,858 - INFO - Monolith_Enter 4XBJIFYO
2025-03-18 04:57:17,920 - INFO - Monolith_Exit 4XBJIFYO
2025-03-18 04:57:17,922 - INFO - Monolith_Enter OWESH32L
2025-03-18 04:57:17,987 - INFO - Monolith_Exit OWESH32L
2025-03-18 04:57:18,097 - INFO - Monolith_Enter 4MBQD9A9
2025-03-18 04:57:18,160 - INFO - Monolith_Exit 4MBQD9A9
2025-03-18 04:57:18,556 - INFO - Monolith_Enter T31DOLDD
2025-03-18 04:57:18,618 - INFO - Monolith_Exit T31DOLDD
2025-03-18 04:57:18,621 - INFO - Monolith_Enter WO3W2FRI
2025-03-18 04:57:18,683 - INFO - Monolith_Exit WO3W2FRI
2025-03-18 04:57:18,685 - INFO - Monolith_Enter U21FCD2K
2025-03-18 04:57:18,749 - INFO - Monolith_Exit U21FCD2K
2025-03-18 04:57:18,751 - INFO - Monolith_Enter 2PC827WQ
2025-03-18 04:57:18,808 - INFO - Monolith_Exit 2PC827WQ
2025-03-18 04:57:18,815 - INFO - Monolith_Enter OOYTYVQF
2025-03-18 04:57:18,877 - INFO - Monolith_Exit OOYTYVQF
2025-03-18 04:57:18,879 - INFO - Monolith_Enter F334GQXE
2025-03-18 04:57:18,940 - INFO - Monolith_Exit F334GQXE
2025-03-18 04:57:19,057 - INFO - Monolith_Enter I9O5SK2D
2025-03-18 04:57:19,124 - INFO - Monolith_Exit I9O5SK2D
2025-03-18 04:57:19,129 - INFO - Monolith_Enter BXASWGTJ
2025-03-18 04:57:19,189 - INFO - Monolith_Exit BXASWGTJ
2025-03-18 04:57:19,191 - INFO - Monolith_Enter Z4TSA2DY
2025-03-18 04:57:19,252 - INFO - Monolith_Exit Z4TSA2DY
2025-03-18 04:57:19,473 - INFO - Monolith_Enter 6IC28U2O
2025-03-18 04:57:19,534 - INFO - Monolith_Exit 6IC28U2O
2025-03-18 04:57:19,626 - INFO - Monolith_Enter 2ZECYCHA
2025-03-18 04:57:19,687 - INFO - Monolith_Exit 2ZECYCHA
2025-03-18 04:57:19,736 - INFO - Monolith_Enter ZR6YFM2V
2025-03-18 04:57:19,797 - INFO - Monolith_Exit ZR6YFM2V
2025-03-18 04:57:19,801 - INFO - Monolith_Enter KPVEDS8E
2025-03-18 04:57:19,863 - INFO - Monolith_Exit KPVEDS8E
2025-03-18 04:57:19,932 - INFO - Monolith_Enter O6QJVHIO
2025-03-18 04:57:19,992 - INFO - Monolith_Exit O6QJVHIO
2025-03-18 04:57:19,997 - INFO - Monolith_Enter 8L5EU7KN
2025-03-18 04:57:20,057 - INFO - Monolith_Exit 8L5EU7KN
2025-03-18 04:57:20,128 - INFO - Monolith_Enter WDIELX8U
2025-03-18 04:57:20,188 - INFO - Monolith_Exit WDIELX8U
2025-03-18 04:57:20,216 - INFO - Monolith_Enter 4JUS0DAQ
2025-03-18 04:57:20,276 - INFO - Monolith_Exit 4JUS0DAQ
2025-03-18 04:57:20,502 - INFO - Monolith_Enter X3AIW9NZ
2025-03-18 04:57:20,562 - INFO - Monolith_Exit X3AIW9NZ
2025-03-18 04:57:20,565 - INFO - Monolith_Enter M9EAWMHK
2025-03-18 04:57:20,626 - INFO - Monolith_Exit M9EAWMHK
2025-03-18 04:57:20,633 - INFO - Monolith_Enter FQEVZX0B
2025-03-18 04:57:20,699 - INFO - Monolith_Exit FQEVZX0B
2025-03-18 04:57:20,720 - INFO - Monolith_Enter YYJQ3TO3
2025-03-18 04:57:20,783 - INFO - Monolith_Exit YYJQ3TO3
2025-03-18 04:57:20,830 - INFO - Monolith_Enter ZVFUPPN1
2025-03-18 04:57:20,890 - INFO - Monolith_Exit ZVFUPPN1
2025-03-18 04:57:20,892 - INFO - Monolith_Enter TEVLF0LI
2025-03-18 04:57:20,954 - INFO - Monolith_Exit TEVLF0LI
2025-03-18 04:57:21,094 - INFO - Monolith_Enter CGH76UL4
2025-03-18 04:57:21,155 - INFO - Monolith_Exit CGH76UL4
2025-03-18 04:57:21,290 - INFO - Monolith_Enter KV56OP8U
2025-03-18 04:57:21,352 - INFO - Monolith_Exit KV56OP8U
2025-03-18 04:57:21,355 - INFO - Monolith_Enter 9FMCZ6M2
Monolith_Enter PPFTJ9V0
2025-03-18 04:57:21,454 - INFO - Monolith_Exit 9FMCZ6M2
Monolith_Exit PPFTJ9V0
2025-03-18 04:57:21,456 - INFO - Monolith_Enter 213CA0TG
2025-03-18 04:57:21,519 - INFO - Monolith_Exit 213CA0TG
2025-03-18 04:57:21,520 - INFO - Monolith_Enter CHR47AP6
2025-03-18 04:57:21,585 - INFO - Monolith_Exit CHR47AP6
2025-03-18 04:57:21,587 - INFO - Monolith_Enter 3D4HLIGB
2025-03-18 04:57:21,650 - INFO - Monolith_Exit 3D4HLIGB
2025-03-18 04:57:21,652 - INFO - Monolith_Enter RWG0177W
2025-03-18 04:57:21,712 - INFO - Monolith_Exit RWG0177W
2025-03-18 04:57:21,769 - INFO - Monolith_Enter I9JUAD9O
2025-03-18 04:57:21,834 - INFO - Monolith_Exit I9JUAD9O
2025-03-18 04:57:21,837 - INFO - Monolith_Enter 3ASZGRZI
2025-03-18 04:57:21,898 - INFO - Monolith_Exit 3ASZGRZI
2025-03-18 04:57:21,987 - INFO - Monolith_Enter 55QE703Z
2025-03-18 04:57:22,049 - INFO - Monolith_Exit 55QE703Z
2025-03-18 04:57:22,051 - INFO - Monolith_Enter N9CXQVXD
2025-03-18 04:57:22,115 - INFO - Monolith_Exit N9CXQVXD
2025-03-18 04:57:22,117 - INFO - Monolith_Enter XDPXOPUI
2025-03-18 04:57:22,179 - INFO - Monolith_Exit XDPXOPUI
2025-03-18 04:57:22,248 - INFO - Monolith_Enter 0MOHFPFZ
2025-03-18 04:57:22,315 - INFO - Monolith_Exit 0MOHFPFZ
2025-03-18 04:57:22,467 - INFO - Monolith_Enter D4BH1KZ3
2025-03-18 04:57:22,531 - INFO - Monolith_Exit D4BH1KZ3
2025-03-18 04:57:22,840 - INFO - Monolith_Enter 8KZYM49Q
2025-03-18 04:57:22,903 - INFO - Monolith_Exit 8KZYM49Q
2025-03-18 04:57:22,906 - INFO - Monolith_Enter PHTXPUG6
2025-03-18 04:57:22,967 - INFO - Monolith_Exit PHTXPUG6
2025-03-18 04:57:23,233 - INFO - Monolith_Enter PWXC85W3
2025-03-18 04:57:23,294 - INFO - Monolith_Exit PWXC85W3
2025-03-18 04:57:23,343 - INFO - Monolith_Enter EGUNM6PL
2025-03-18 04:57:23,403 - INFO - Monolith_Exit EGUNM6PL
2025-03-18 04:57:23,497 - INFO - Monolith_Enter YKHCVGZQ
2025-03-18 04:57:23,559 - INFO - Monolith_Exit YKHCVGZQ
2025-03-18 04:57:23,909 - INFO - Monolith_Enter YSWDBWFW
2025-03-18 04:57:23,974 - INFO - Monolith_Exit YSWDBWFW
2025-03-18 04:57:23,994 - INFO - Monolith_Enter 7UZY21BY
2025-03-18 04:57:24,064 - INFO - Monolith_Exit 7UZY21BY
2025-03-18 04:57:24,126 - INFO - Monolith_Enter Q1PELQ96
2025-03-18 04:57:24,196 - INFO - Monolith_Exit Q1PELQ96
2025-03-18 04:57:24,236 - INFO - Monolith_Enter H8XEHLN3
2025-03-18 04:57:24,306 - INFO - Monolith_Exit H8XEHLN3
2025-03-18 04:57:24,308 - INFO - Monolith_Enter VM90VBUH
2025-03-18 04:57:24,377 - INFO - Monolith_Exit VM90VBUH
2025-03-18 04:57:24,477 - INFO - Monolith_Enter 28EU6DAD
2025-03-18 04:57:24,538 - INFO - Monolith_Exit 28EU6DAD
2025-03-18 04:57:24,676 - INFO - Monolith_Enter 1VYLZATV
2025-03-18 04:57:24,739 - INFO - Monolith_Exit 1VYLZATV
2025-03-18 04:57:24,763 - INFO - Monolith_Enter RAQHHQPH
2025-03-18 04:57:24,825 - INFO - Monolith_Exit RAQHHQPH
2025-03-18 04:57:25,157 - INFO - Monolith_Enter X1Y66NXX
2025-03-18 04:57:25,218 - INFO - Monolith_Exit X1Y66NXX
2025-03-18 04:57:25,221 - INFO - Monolith_Enter RNPBBXE7
Monolith_Enter 3IY38EAC
2025-03-18 04:57:25,321 - INFO - Monolith_Exit RNPBBXE7
Monolith_Exit 3IY38EAC
2025-03-18 04:57:25,324 - INFO - Monolith_Enter VE1WP32R
2025-03-18 04:57:25,384 - INFO - Monolith_Exit VE1WP32R
2025-03-18 04:57:25,396 - INFO - Monolith_Enter OF38ZP3N
2025-03-18 04:57:25,462 - INFO - Monolith_Exit OF38ZP3N
2025-03-18 04:57:25,464 - INFO - Monolith_Enter FQB473G7
2025-03-18 04:57:25,525 - INFO - Monolith_Exit FQB473G7
2025-03-18 04:57:25,702 - INFO - Monolith_Enter IEM73QFK
2025-03-18 04:57:25,765 - INFO - Monolith_Exit IEM73QFK
2025-03-18 04:57:26,096 - INFO - Monolith_Enter YPRN9834
2025-03-18 04:57:26,157 - INFO - Monolith_Exit YPRN9834
2025-03-18 04:57:26,228 - INFO - Monolith_Enter 8W51MHTN
2025-03-18 04:57:26,288 - INFO - Monolith_Exit 8W51MHTN
2025-03-18 04:57:26,291 - INFO - Monolith_Enter AF28SQLY
2025-03-18 04:57:26,351 - INFO - Monolith_Exit AF28SQLY
2025-03-18 04:57:26,353 - INFO - Monolith_Enter 6VNVHNXW
2025-03-18 04:57:26,413 - INFO - Monolith_Exit 6VNVHNXW
2025-03-18 04:57:26,620 - INFO - Monolith_Enter W8H0ULVV
2025-03-18 04:57:26,685 - INFO - Monolith_Exit W8H0ULVV
2025-03-18 04:57:26,707 - INFO - Monolith_Enter 6J0IBNYR
2025-03-18 04:57:26,768 - INFO - Monolith_Exit 6J0IBNYR
2025-03-18 04:57:26,774 - INFO - Monolith_Enter BKTI4CMH
2025-03-18 04:57:26,835 - INFO - Monolith_Exit BKTI4CMH
2025-03-18 04:57:26,837 - INFO - Monolith_Enter 8I4727WT
2025-03-18 04:57:26,898 - INFO - Monolith_Exit 8I4727WT
2025-03-18 04:57:26,903 - INFO - Monolith_Enter 3WXUHXYM
2025-03-18 04:57:26,964 - INFO - Monolith_Exit 3WXUHXYM
2025-03-18 04:57:26,967 - INFO - Monolith_Enter UQIS5HC7
2025-03-18 04:57:27,028 - INFO - Monolith_Exit UQIS5HC7
2025-03-18 04:57:27,030 - INFO - Monolith_Enter I65V16SU
2025-03-18 04:57:27,093 - INFO - Monolith_Exit I65V16SU
2025-03-18 04:57:27,094 - INFO - Monolith_Enter PMMEHJ0Y
2025-03-18 04:57:27,153 - INFO - Monolith_Exit PMMEHJ0Y
2025-03-18 04:57:27,160 - INFO - Monolith_Enter OOW5DV0S
2025-03-18 04:57:27,222 - INFO - Monolith_Exit OOW5DV0S
2025-03-18 04:57:27,251 - INFO - Monolith_Enter W2VXYEID
2025-03-18 04:57:27,314 - INFO - Monolith_Exit W2VXYEID
2025-03-18 04:57:27,316 - INFO - Monolith_Enter 36FDJO5V
2025-03-18 04:57:27,377 - INFO - Monolith_Exit 36FDJO5V
2025-03-18 04:57:27,579 - INFO - Monolith_Enter 3IHZ8BDX
2025-03-18 04:57:27,642 - INFO - Monolith_Exit 3IHZ8BDX
2025-03-18 04:57:27,645 - INFO - Monolith_Enter U0ACRF3F
Monolith_Enter 4TU9ICIO
2025-03-18 04:57:27,749 - INFO - Monolith_Exit U0ACRF3F
Monolith_Exit 4TU9ICIO
2025-03-18 04:57:27,751 - INFO - Monolith_Enter ZAYQFJR1
2025-03-18 04:57:27,811 - INFO - Monolith_Exit ZAYQFJR1
2025-03-18 04:57:27,819 - INFO - Monolith_Enter 5N48TUC4
2025-03-18 04:57:27,886 - INFO - Monolith_Exit 5N48TUC4
2025-03-18 04:57:27,888 - INFO - Monolith_Enter XLJD8SR6
2025-03-18 04:57:27,952 - INFO - Monolith_Exit XLJD8SR6
2025-03-18 04:57:27,954 - INFO - Monolith_Enter 2ZNXCOOT
2025-03-18 04:57:28,016 - INFO - Monolith_Exit 2ZNXCOOT
2025-03-18 04:57:28,212 - INFO - Monolith_Enter QW0ZL0MA
2025-03-18 04:57:28,273 - INFO - Monolith_Exit QW0ZL0MA
2025-03-18 04:57:28,409 - INFO - Monolith_Enter 9G9IVVIF
2025-03-18 04:57:28,470 - INFO - Monolith_Exit 9G9IVVIF
2025-03-18 04:57:28,471 - INFO - Monolith_Enter 3M63FTSI
2025-03-18 04:57:28,533 - INFO - Monolith_Exit 3M63FTSI
2025-03-18 04:57:28,561 - INFO - Monolith_Enter 74212N8H
2025-03-18 04:57:28,626 - INFO - Monolith_Exit 74212N8H
2025-03-18 04:57:28,911 - INFO - Monolith_Enter A2XYMJ6J
2025-03-18 04:57:28,974 - INFO - Monolith_Exit A2XYMJ6J
2025-03-18 04:57:29,130 - INFO - Monolith_Enter CPETD8RH
2025-03-18 04:57:29,190 - INFO - Monolith_Exit CPETD8RH
2025-03-18 04:57:29,305 - INFO - Monolith_Enter VSBQTNIZ
2025-03-18 04:57:29,366 - INFO - Monolith_Exit VSBQTNIZ
2025-03-18 04:57:29,376 - INFO - Monolith_Enter 0GRDCNTJ
2025-03-18 04:57:29,437 - INFO - Monolith_Exit 0GRDCNTJ
2025-03-18 04:57:29,501 - INFO - Monolith_Enter BRWE7VL8
2025-03-18 04:57:29,561 - INFO - Monolith_Exit BRWE7VL8
2025-03-18 04:57:29,567 - INFO - Monolith_Enter MYMPSANA
2025-03-18 04:57:29,627 - INFO - Monolith_Exit MYMPSANA
2025-03-18 04:57:29,698 - INFO - Monolith_Enter 2TJLYWRD
2025-03-18 04:57:29,759 - INFO - Monolith_Exit 2TJLYWRD
2025-03-18 04:57:29,761 - INFO - Monolith_Enter SRRDY3PF
2025-03-18 04:57:29,825 - INFO - Monolith_Exit SRRDY3PF
2025-03-18 04:57:29,826 - INFO - Monolith_Enter PBVJ2K1W
2025-03-18 04:57:29,886 - INFO - Monolith_Exit PBVJ2K1W
2025-03-18 04:57:29,889 - INFO - Monolith_Enter MQNE1VZ3
Monolith_Enter C6FQNUP7
2025-03-18 04:57:29,995 - INFO - Monolith_Exit MQNE1VZ3
Monolith_Exit C6FQNUP7
2025-03-18 04:57:30,003 - INFO - Monolith_Enter PK6BZ92P
2025-03-18 04:57:30,067 - INFO - Monolith_Exit PK6BZ92P
2025-03-18 04:57:30,135 - INFO - Monolith_Enter X9FKMWY2
2025-03-18 04:57:30,196 - INFO - Monolith_Exit X9FKMWY2
2025-03-18 04:57:30,530 - INFO - Monolith_Enter 1UZ2UYN5
2025-03-18 04:57:30,591 - INFO - Monolith_Exit 1UZ2UYN5
2025-03-18 04:57:30,835 - INFO - Monolith_Enter I3IS9WKQ
2025-03-18 04:57:30,896 - INFO - Monolith_Exit I3IS9WKQ
2025-03-18 04:57:30,898 - INFO - Monolith_Enter RVM6AWM1
2025-03-18 04:57:30,961 - INFO - Monolith_Exit RVM6AWM1
2025-03-18 04:57:30,962 - INFO - Monolith_Enter Y5RH1OUR
2025-03-18 04:57:31,022 - INFO - Monolith_Exit Y5RH1OUR
2025-03-18 04:57:31,161 - INFO - Monolith_Enter DPXVUOD4
2025-03-18 04:57:31,227 - INFO - Monolith_Exit DPXVUOD4
2025-03-18 04:57:31,249 - INFO - Monolith_Enter S9QB5EUK
2025-03-18 04:57:31,309 - INFO - Monolith_Exit S9QB5EUK
2025-03-18 04:57:31,379 - INFO - Monolith_Enter P8T8A41N
2025-03-18 04:57:31,439 - INFO - Monolith_Exit P8T8A41N
2025-03-18 04:57:31,708 - INFO - Monolith_Enter P2IY4HZ7
2025-03-18 04:57:31,768 - INFO - Monolith_Exit P2IY4HZ7
2025-03-18 04:57:31,770 - INFO - Monolith_Enter 0G7ZTMJQ
2025-03-18 04:57:31,833 - INFO - Monolith_Exit 0G7ZTMJQ
2025-03-18 04:57:31,860 - INFO - Monolith_Enter Q0V38GXX
2025-03-18 04:57:31,929 - INFO - Monolith_Exit Q0V38GXX
2025-03-18 04:57:31,931 - INFO - Monolith_Enter PDAT7J46
2025-03-18 04:57:31,994 - INFO - Monolith_Exit PDAT7J46
2025-03-18 04:57:32,056 - INFO - Monolith_Enter YTOIEFK7
2025-03-18 04:57:32,126 - INFO - Monolith_Exit YTOIEFK7
2025-03-18 04:57:32,128 - INFO - Monolith_Enter 673KSFO1
2025-03-18 04:57:32,191 - INFO - Monolith_Exit 673KSFO1
2025-03-18 04:57:32,193 - INFO - Monolith_Enter EFBS2TCT
2025-03-18 04:57:32,255 - INFO - Monolith_Exit EFBS2TCT
2025-03-18 04:57:32,319 - INFO - Monolith_Enter JJ19L0Q9
2025-03-18 04:57:32,382 - INFO - Monolith_Exit JJ19L0Q9
2025-03-18 04:57:32,406 - INFO - Monolith_Enter UZYOMFT5
2025-03-18 04:57:32,468 - INFO - Monolith_Exit UZYOMFT5
2025-03-18 04:57:32,470 - INFO - Monolith_Enter 9OGF4SR5
2025-03-18 04:57:32,531 - INFO - Monolith_Exit 9OGF4SR5
2025-03-18 04:57:32,934 - INFO - Monolith_Enter RYHDREQ0
2025-03-18 04:57:33,003 - INFO - Monolith_Exit RYHDREQ0
2025-03-18 04:57:33,043 - INFO - Monolith_Enter DAC6D3MF
2025-03-18 04:57:33,108 - INFO - Monolith_Exit DAC6D3MF
2025-03-18 04:57:33,284 - INFO - Monolith_Enter B8555N8Z
2025-03-18 04:57:33,346 - INFO - Monolith_Exit B8555N8Z
2025-03-18 04:57:33,349 - INFO - Monolith_Enter 53R63LQP
2025-03-18 04:57:33,409 - INFO - Monolith_Exit 53R63LQP
2025-03-18 04:57:33,459 - INFO - Monolith_Enter RBC4XFN2
2025-03-18 04:57:33,520 - INFO - Monolith_Exit RBC4XFN2
2025-03-18 04:57:33,522 - INFO - Monolith_Enter S374GWMI
2025-03-18 04:57:33,581 - INFO - Monolith_Exit S374GWMI
2025-03-18 04:57:33,611 - INFO - Monolith_Enter JWPDPLH3
2025-03-18 04:57:33,677 - INFO - Monolith_Exit JWPDPLH3
2025-03-18 04:57:33,679 - INFO - Monolith_Enter B01941GS
2025-03-18 04:57:33,742 - INFO - Monolith_Exit B01941GS
2025-03-18 04:57:33,744 - INFO - Monolith_Enter QV3V82WN
2025-03-18 04:57:33,807 - INFO - Monolith_Exit QV3V82WN
2025-03-18 04:57:33,938 - INFO - Monolith_Enter 2T2FDCEF
2025-03-18 04:57:33,999 - INFO - Monolith_Exit 2T2FDCEF
2025-03-18 04:57:34,068 - INFO - Monolith_Enter D3RZRYF9
2025-03-18 04:57:34,130 - INFO - Monolith_Exit D3RZRYF9
2025-03-18 04:57:34,133 - INFO - Monolith_Enter 6962VDUS
Monolith_Enter J4J16MJR
2025-03-18 04:57:34,234 - INFO - Monolith_Exit 6962VDUS
Monolith_Exit J4J16MJR
2025-03-18 04:57:34,243 - INFO - Monolith_Enter AN80AWNL
2025-03-18 04:57:34,306 - INFO - Monolith_Exit AN80AWNL
2025-03-18 04:57:34,485 - INFO - Monolith_Enter 2ICX4DYH
2025-03-18 04:57:34,546 - INFO - Monolith_Exit 2ICX4DYH
2025-03-18 04:57:34,702 - INFO - Monolith_Enter IY0QQNO2
2025-03-18 04:57:34,764 - INFO - Monolith_Exit IY0QQNO2
2025-03-18 04:57:34,942 - INFO - Monolith_Enter 4OST6ZL6
2025-03-18 04:57:35,002 - INFO - Monolith_Exit 4OST6ZL6
2025-03-18 04:57:35,379 - INFO - Monolith_Enter GQMO7I0I
2025-03-18 04:57:35,441 - INFO - Monolith_Exit GQMO7I0I
2025-03-18 04:57:35,619 - INFO - Monolith_Enter 371C0FDN
2025-03-18 04:57:35,682 - INFO - Monolith_Exit 371C0FDN
2025-03-18 04:57:35,685 - INFO - Monolith_Enter E5RN987Z
Monolith_Enter UBE7SCTD
Monolith_Enter JSSWAQZL
2025-03-18 04:57:35,829 - INFO - Monolith_Exit E5RN987Z
Monolith_Exit UBE7SCTD
Monolith_Exit JSSWAQZL
2025-03-18 04:57:35,881 - INFO - Monolith_Enter 0M3YXZ3N
2025-03-18 04:57:35,946 - INFO - Monolith_Exit 0M3YXZ3N
2025-03-18 04:57:36,689 - INFO - Monolith_Enter 3D2B6TOR
2025-03-18 04:57:36,750 - INFO - Monolith_Exit 3D2B6TOR
2025-03-18 04:57:36,910 - INFO - Monolith_Enter 2D44K9D4
2025-03-18 04:57:36,973 - INFO - Monolith_Exit 2D44K9D4
2025-03-18 04:57:36,976 - INFO - Monolith_Enter ZESHBV6O
2025-03-18 04:57:37,037 - INFO - Monolith_Exit ZESHBV6O
2025-03-18 04:57:37,324 - INFO - Monolith_Enter PKE2NZWB
2025-03-18 04:57:37,392 - INFO - Monolith_Exit PKE2NZWB
2025-03-18 04:57:37,397 - INFO - Monolith_Enter Y3S96RPC
2025-03-18 04:57:37,457 - INFO - Monolith_Exit Y3S96RPC
2025-03-18 04:57:37,498 - INFO - Monolith_Enter F1GHLM77
2025-03-18 04:57:37,563 - INFO - Monolith_Exit F1GHLM77
2025-03-18 04:57:37,565 - INFO - Monolith_Enter KGB99TB6
2025-03-18 04:57:37,624 - INFO - Monolith_Exit KGB99TB6
2025-03-18 04:57:38,109 - INFO - Monolith_Enter G9LDN1U5
2025-03-18 04:57:38,171 - INFO - Monolith_Exit G9LDN1U5
2025-03-18 04:57:38,239 - INFO - Monolith_Enter QV9U6512
2025-03-18 04:57:38,301 - INFO - Monolith_Exit QV9U6512
2025-03-18 04:57:38,303 - INFO - Monolith_Enter MVCPF7R9
2025-03-18 04:57:38,362 - INFO - Monolith_Exit MVCPF7R9
2025-03-18 04:57:38,523 - INFO - Monolith_Enter 93AZGLO0
2025-03-18 04:57:38,589 - INFO - Monolith_Exit 93AZGLO0
2025-03-18 04:57:38,698 - INFO - Monolith_Enter 5CXYE53A
2025-03-18 04:57:38,759 - INFO - Monolith_Exit 5CXYE53A
2025-03-18 04:57:38,959 - INFO - Monolith_Enter PUNX0BDH
2025-03-18 04:57:39,020 - INFO - Monolith_Exit PUNX0BDH
2025-03-18 04:57:39,023 - INFO - Monolith_Enter SIU4PR61
Monolith_Enter 5FFRTQLL
2025-03-18 04:57:39,126 - INFO - Monolith_Exit SIU4PR61
Monolith_Exit 5FFRTQLL
2025-03-18 04:57:39,128 - INFO - Monolith_Enter WWVYVZ72
2025-03-18 04:57:39,190 - INFO - Monolith_Exit WWVYVZ72
2025-03-18 04:57:39,192 - INFO - Monolith_Enter X85CGGRI
2025-03-18 04:57:39,256 - INFO - Monolith_Exit X85CGGRI
2025-03-18 04:57:39,258 - INFO - Monolith_Enter WICSUMDD
2025-03-18 04:57:39,318 - INFO - Monolith_Exit WICSUMDD
2025-03-18 04:57:39,331 - INFO - Monolith_Enter 0KN1DFC8
2025-03-18 04:57:39,397 - INFO - Monolith_Exit 0KN1DFC8
2025-03-18 04:57:39,507 - INFO - Monolith_Enter Y5WFK0ZF
2025-03-18 04:57:39,568 - INFO - Monolith_Exit Y5WFK0ZF
2025-03-18 04:57:39,658 - INFO - Monolith_Enter VZED7WFT
2025-03-18 04:57:39,721 - INFO - Monolith_Exit VZED7WFT
2025-03-18 04:57:39,767 - INFO - Monolith_Enter J76YSUKJ
2025-03-18 04:57:39,828 - INFO - Monolith_Exit J76YSUKJ
2025-03-18 04:57:39,830 - INFO - Monolith_Enter J86NPY7A
2025-03-18 04:57:39,892 - INFO - Monolith_Exit J86NPY7A
2025-03-18 04:57:39,921 - INFO - Monolith_Enter HKLXJ4K5
2025-03-18 04:57:39,987 - INFO - Monolith_Exit HKLXJ4K5
2025-03-18 04:57:39,989 - INFO - Monolith_Enter 2I7NN3PT
2025-03-18 04:57:40,049 - INFO - Monolith_Exit 2I7NN3PT
2025-03-18 04:57:40,052 - INFO - Monolith_Enter JHA6S698
2025-03-18 04:57:40,115 - INFO - Monolith_Exit JHA6S698
2025-03-18 04:57:40,117 - INFO - Monolith_Enter KDO6OBP6
Monolith_Enter O73QN06Z
2025-03-18 04:57:40,227 - INFO - Monolith_Exit KDO6OBP6
Monolith_Exit O73QN06Z
2025-03-18 04:57:40,230 - INFO - Monolith_Enter VUKX88JP
Monolith_Enter 462IF5QU
2025-03-18 04:57:40,331 - INFO - Monolith_Exit VUKX88JP
Monolith_Exit 462IF5QU
2025-03-18 04:57:40,334 - INFO - Monolith_Enter EY5JML7Q
2025-03-18 04:57:40,397 - INFO - Monolith_Exit EY5JML7Q
2025-03-18 04:57:40,399 - INFO - Monolith_Enter 99U343BS
2025-03-18 04:57:40,457 - INFO - Monolith_Exit 99U343BS
2025-03-18 04:57:40,576 - INFO - Monolith_Enter F1R843IQ
2025-03-18 04:57:40,642 - INFO - Monolith_Exit F1R843IQ
2025-03-18 04:57:40,644 - INFO - Monolith_Enter K95E7MRM
2025-03-18 04:57:40,703 - INFO - Monolith_Exit K95E7MRM
2025-03-18 04:57:40,751 - INFO - Monolith_Enter 9BVAEYI4
2025-03-18 04:57:40,813 - INFO - Monolith_Exit 9BVAEYI4
2025-03-18 04:57:40,881 - INFO - Monolith_Enter W4UB0EUM
2025-03-18 04:57:40,941 - INFO - Monolith_Exit W4UB0EUM
2025-03-18 04:57:41,098 - INFO - Monolith_Enter TM4G1287
2025-03-18 04:57:41,160 - INFO - Monolith_Exit TM4G1287
2025-03-18 04:57:41,162 - INFO - Monolith_Enter M56DU3M3
2025-03-18 04:57:41,223 - INFO - Monolith_Exit M56DU3M3
2025-03-18 04:57:41,406 - INFO - Monolith_Enter VJT44BMQ
2025-03-18 04:57:41,472 - INFO - Monolith_Exit VJT44BMQ
2025-03-18 04:57:41,646 - INFO - Monolith_Enter GYKS2W2B
2025-03-18 04:57:41,709 - INFO - Monolith_Exit GYKS2W2B
2025-03-18 04:57:41,777 - INFO - Monolith_Enter BX0JZ03S
2025-03-18 04:57:41,837 - INFO - Monolith_Exit BX0JZ03S
2025-03-18 04:57:42,346 - INFO - Monolith_Enter IGOPVUTL
2025-03-18 04:57:42,406 - INFO - Monolith_Exit IGOPVUTL
2025-03-18 04:57:42,477 - INFO - Monolith_Enter TCZ7NRH1
2025-03-18 04:57:42,538 - INFO - Monolith_Exit TCZ7NRH1
2025-03-18 04:57:42,543 - INFO - Monolith_Enter ZXFALS03
2025-03-18 04:57:42,603 - INFO - Monolith_Exit ZXFALS03
2025-03-18 04:57:42,719 - INFO - Monolith_Enter 68OKD4R2
2025-03-18 04:57:42,780 - INFO - Monolith_Exit 68OKD4R2
2025-03-18 04:57:42,829 - INFO - Monolith_Enter PSKJT99L
2025-03-18 04:57:42,891 - INFO - Monolith_Exit PSKJT99L
2025-03-18 04:57:42,961 - INFO - Monolith_Enter HIJJNQG3
2025-03-18 04:57:43,022 - INFO - Monolith_Exit HIJJNQG3
2025-03-18 04:57:43,136 - INFO - Monolith_Enter NGIC816Q
2025-03-18 04:57:43,198 - INFO - Monolith_Exit NGIC816Q
2025-03-18 04:57:43,245 - INFO - Monolith_Enter JDU0LO56
2025-03-18 04:57:43,309 - INFO - Monolith_Exit JDU0LO56
2025-03-18 04:57:43,377 - INFO - Monolith_Enter FXUK0O27
2025-03-18 04:57:43,440 - INFO - Monolith_Exit FXUK0O27
2025-03-18 04:57:43,793 - INFO - Monolith_Enter GVHYJB6H
2025-03-18 04:57:43,853 - INFO - Monolith_Exit GVHYJB6H
2025-03-18 04:57:43,858 - INFO - Monolith_Enter HQ3CRFO1
2025-03-18 04:57:43,918 - INFO - Monolith_Exit HQ3CRFO1
2025-03-18 04:57:43,921 - INFO - Monolith_Enter J8DW2GGP
Monolith_Enter Q0482AVN
2025-03-18 04:57:44,022 - INFO - Monolith_Exit J8DW2GGP
Monolith_Exit Q0482AVN
2025-03-18 04:57:44,055 - INFO - Monolith_Enter YYLTH84A
2025-03-18 04:57:44,115 - INFO - Monolith_Exit YYLTH84A
2025-03-18 04:57:44,187 - INFO - Monolith_Enter 6X5IKCF7
2025-03-18 04:57:44,248 - INFO - Monolith_Exit 6X5IKCF7
2025-03-18 04:57:44,250 - INFO - Monolith_Enter SOJXYSZ2
2025-03-18 04:57:44,312 - INFO - Monolith_Exit SOJXYSZ2
2025-03-18 04:57:44,314 - INFO - Monolith_Enter 8U4BU5MO
2025-03-18 04:57:44,378 - INFO - Monolith_Exit 8U4BU5MO
2025-03-18 04:57:44,381 - INFO - Monolith_Enter MPM8KVCR
Monolith_Enter DWRO958H
2025-03-18 04:57:44,485 - INFO - Monolith_Exit MPM8KVCR
Monolith_Exit DWRO958H
2025-03-18 04:57:44,601 - INFO - Monolith_Enter UW8V09YA
2025-03-18 04:57:44,662 - INFO - Monolith_Exit UW8V09YA
2025-03-18 04:57:44,710 - INFO - Monolith_Enter KX70UGKA
2025-03-18 04:57:44,771 - INFO - Monolith_Exit KX70UGKA
2025-03-18 04:57:44,907 - INFO - Monolith_Enter PJLESOT3
2025-03-18 04:57:44,968 - INFO - Monolith_Exit PJLESOT3
2025-03-18 04:57:45,170 - INFO - Monolith_Enter JYK6P9HJ
2025-03-18 04:57:45,230 - INFO - Monolith_Exit JYK6P9HJ
2025-03-18 04:57:45,232 - INFO - Monolith_Enter 8O5OX1PG
2025-03-18 04:57:45,293 - INFO - Monolith_Exit 8O5OX1PG
2025-03-18 04:57:45,586 - INFO - Monolith_Enter R9TS1EME
2025-03-18 04:57:45,652 - INFO - Monolith_Exit R9TS1EME
2025-03-18 04:57:45,738 - INFO - Monolith_Enter BIWRRRKS
2025-03-18 04:57:45,800 - INFO - Monolith_Exit BIWRRRKS
2025-03-18 04:57:46,000 - INFO - Monolith_Enter WG2F15B4
2025-03-18 04:57:46,062 - INFO - Monolith_Exit WG2F15B4
2025-03-18 04:57:46,089 - INFO - Monolith_Enter XKAJJ54A
2025-03-18 04:57:46,150 - INFO - Monolith_Exit XKAJJ54A
2025-03-18 04:57:46,423 - INFO - Monolith_Enter 3S1H4MBB
2025-03-18 04:57:46,500 - INFO - Monolith_Exit 3S1H4MBB
2025-03-18 04:57:46,926 - INFO - Monolith_Enter 0M0HC2W6
2025-03-18 04:57:47,008 - INFO - Monolith_Exit 0M0HC2W6
2025-03-18 04:57:47,252 - INFO - Monolith_Enter 39WU10PJ
2025-03-18 04:57:47,330 - INFO - Monolith_Exit 39WU10PJ
2025-03-18 04:57:47,333 - INFO - Monolith_Enter B8OYH98P
Monolith_Enter I9HN9H72
2025-03-18 04:57:47,466 - INFO - Monolith_Exit B8OYH98P
Monolith_Exit I9HN9H72
2025-03-18 04:57:47,473 - INFO - Monolith_Enter XUQCZD8V
2025-03-18 04:57:47,534 - INFO - Monolith_Exit XUQCZD8V
2025-03-18 04:57:47,539 - INFO - Monolith_Enter EOTZEUIE
2025-03-18 04:57:47,601 - INFO - Monolith_Exit EOTZEUIE
2025-03-18 04:57:47,997 - INFO - Monolith_Enter UCHWEYOZ
2025-03-18 04:57:48,059 - INFO - Monolith_Exit UCHWEYOZ
2025-03-18 04:57:48,084 - INFO - Monolith_Enter LRM75HLZ
2025-03-18 04:57:48,145 - INFO - Monolith_Exit LRM75HLZ
2025-03-18 04:57:48,216 - INFO - Monolith_Enter IF5FVTO1
2025-03-18 04:57:48,276 - INFO - Monolith_Exit IF5FVTO1
2025-03-18 04:57:48,479 - INFO - Monolith_Enter 9385VVQ1
2025-03-18 04:57:48,541 - INFO - Monolith_Exit 9385VVQ1
2025-03-18 04:57:48,916 - INFO - Monolith_Enter T71WTCHO
2025-03-18 04:57:48,976 - INFO - Monolith_Exit T71WTCHO
2025-03-18 04:57:49,025 - INFO - Monolith_Enter 0CIB9QK2
2025-03-18 04:57:49,086 - INFO - Monolith_Exit 0CIB9QK2
2025-03-18 04:57:49,091 - INFO - Monolith_Enter 25VNTSF7
2025-03-18 04:57:49,152 - INFO - Monolith_Exit 25VNTSF7
2025-03-18 04:57:49,352 - INFO - Monolith_Enter 2S010QL9
2025-03-18 04:57:49,415 - INFO - Monolith_Exit 2S010QL9
2025-03-18 04:57:49,904 - INFO - Monolith_Enter JOCKHP51
2025-03-18 04:57:49,977 - INFO - Monolith_Exit JOCKHP51
2025-03-18 04:57:50,035 - INFO - Monolith_Enter 267OS7K1
2025-03-18 04:57:50,106 - INFO - Monolith_Exit 267OS7K1
2025-03-18 04:57:50,108 - INFO - Monolith_Enter 8FBPRM01
2025-03-18 04:57:50,176 - INFO - Monolith_Exit 8FBPRM01
2025-03-18 04:57:50,232 - INFO - Monolith_Enter MZXR62IT
2025-03-18 04:57:50,306 - INFO - Monolith_Exit MZXR62IT
2025-03-18 04:57:50,308 - INFO - Monolith_Enter Z52DABHB
2025-03-18 04:57:50,374 - INFO - Monolith_Exit Z52DABHB
2025-03-18 04:57:50,518 - INFO - Monolith_Enter HWUS5XUF
2025-03-18 04:57:50,579 - INFO - Monolith_Exit HWUS5XUF
2025-03-18 04:57:50,825 - INFO - Monolith_Enter ENCBDL9V
2025-03-18 04:57:50,887 - INFO - Monolith_Exit ENCBDL9V
2025-03-18 04:57:50,889 - INFO - Monolith_Enter X6J8UT2Y
2025-03-18 04:57:50,949 - INFO - Monolith_Exit X6J8UT2Y
2025-03-18 04:57:50,951 - INFO - Monolith_Enter YPMCIM36
2025-03-18 04:57:51,014 - INFO - Monolith_Exit YPMCIM36
2025-03-18 04:57:51,064 - INFO - Monolith_Enter 9KWUCD1I
2025-03-18 04:57:51,132 - INFO - Monolith_Exit 9KWUCD1I
2025-03-18 04:57:51,134 - INFO - Monolith_Enter N1X4J2I0
2025-03-18 04:57:51,197 - INFO - Monolith_Exit N1X4J2I0
2025-03-18 04:57:51,199 - INFO - Monolith_Enter D6UGWZAI
2025-03-18 04:57:51,262 - INFO - Monolith_Exit D6UGWZAI
2025-03-18 04:57:51,264 - INFO - Monolith_Enter M554V5WQ
2025-03-18 04:57:51,325 - INFO - Monolith_Exit M554V5WQ
2025-03-18 04:57:51,327 - INFO - Monolith_Enter 2FD7EEY2
2025-03-18 04:57:51,393 - INFO - Monolith_Exit 2FD7EEY2
2025-03-18 04:57:51,478 - INFO - Monolith_Enter QBCTSGWT
2025-03-18 04:57:51,545 - INFO - Monolith_Exit QBCTSGWT
2025-03-18 04:57:51,547 - INFO - Monolith_Enter VWDOF9US
2025-03-18 04:57:51,609 - INFO - Monolith_Exit VWDOF9US
2025-03-18 04:57:51,632 - INFO - Monolith_Enter Z5P3F8KS
2025-03-18 04:57:51,695 - INFO - Monolith_Exit Z5P3F8KS
2025-03-18 04:57:51,785 - INFO - Monolith_Enter 6RQ0NC5J
2025-03-18 04:57:51,846 - INFO - Monolith_Exit 6RQ0NC5J
2025-03-18 04:57:51,960 - INFO - Monolith_Enter QR2SUIXK
2025-03-18 04:57:52,022 - INFO - Monolith_Exit QR2SUIXK
2025-03-18 04:57:52,024 - INFO - Monolith_Enter BSOX66TJ
2025-03-18 04:57:52,086 - INFO - Monolith_Exit BSOX66TJ
2025-03-18 04:57:52,178 - INFO - Monolith_Enter 1AKQEBIB
2025-03-18 04:57:52,238 - INFO - Monolith_Exit 1AKQEBIB
2025-03-18 04:57:52,244 - INFO - Monolith_Enter QI4Q80HF
2025-03-18 04:57:52,304 - INFO - Monolith_Exit QI4Q80HF
2025-03-18 04:57:52,331 - INFO - Monolith_Enter WBYRPQYJ
2025-03-18 04:57:52,392 - INFO - Monolith_Exit WBYRPQYJ
2025-03-18 04:57:52,419 - INFO - Monolith_Enter YBF4IZPQ
2025-03-18 04:57:52,478 - INFO - Monolith_Exit YBF4IZPQ
2025-03-18 04:57:52,637 - INFO - Monolith_Enter WROVY0RS
2025-03-18 04:57:52,698 - INFO - Monolith_Exit WROVY0RS
2025-03-18 04:57:52,812 - INFO - Monolith_Enter T01XA5M2
2025-03-18 04:57:52,878 - INFO - Monolith_Exit T01XA5M2
2025-03-18 04:57:52,944 - INFO - Monolith_Enter LY9AB2J7
2025-03-18 04:57:53,005 - INFO - Monolith_Exit LY9AB2J7
2025-03-18 04:57:53,052 - INFO - Monolith_Enter HEHVRCRH
2025-03-18 04:57:53,115 - INFO - Monolith_Exit HEHVRCRH
2025-03-18 04:57:53,162 - INFO - Monolith_Enter HF8YYVF0
2025-03-18 04:57:53,222 - INFO - Monolith_Exit HF8YYVF0
2025-03-18 04:57:53,425 - INFO - Monolith_Enter XWNAAB2T
2025-03-18 04:57:53,488 - INFO - Monolith_Exit XWNAAB2T
2025-03-18 04:57:53,578 - INFO - Monolith_Enter W42WPCJW
2025-03-18 04:57:53,642 - INFO - Monolith_Exit W42WPCJW
2025-03-18 04:57:53,644 - INFO - Monolith_Enter HUV9LX0J
Monolith_Enter GKNJEB7G
2025-03-18 04:57:53,745 - INFO - Monolith_Exit HUV9LX0J
Monolith_Exit GKNJEB7G
2025-03-18 04:57:53,748 - INFO - Monolith_Enter LS8DLAKL
Monolith_Enter 78HE48BF
2025-03-18 04:57:53,852 - INFO - Monolith_Exit LS8DLAKL
Monolith_Exit 78HE48BF
2025-03-18 04:57:53,882 - INFO - Monolith_Enter E4J6PLE9
2025-03-18 04:57:53,945 - INFO - Monolith_Exit E4J6PLE9
2025-03-18 04:57:53,969 - INFO - Monolith_Enter KHUOQPF2
2025-03-18 04:57:54,031 - INFO - Monolith_Exit KHUOQPF2
2025-03-18 04:57:54,078 - INFO - Monolith_Enter 208STA0V
2025-03-18 04:57:54,141 - INFO - Monolith_Exit 208STA0V
2025-03-18 04:57:54,143 - INFO - Monolith_Enter GZL49E4U
2025-03-18 04:57:54,206 - INFO - Monolith_Exit GZL49E4U
2025-03-18 04:57:54,515 - INFO - Monolith_Enter S7T6WOPX
2025-03-18 04:57:54,577 - INFO - Monolith_Exit S7T6WOPX
2025-03-18 04:57:54,581 - INFO - Monolith_Enter 4IB8YJ6D
2025-03-18 04:57:54,641 - INFO - Monolith_Exit 4IB8YJ6D
2025-03-18 04:57:54,779 - INFO - Monolith_Enter 14XG1B4K
2025-03-18 04:57:54,842 - INFO - Monolith_Exit 14XG1B4K
2025-03-18 04:57:54,866 - INFO - Monolith_Enter NZIGDVPY
2025-03-18 04:57:54,928 - INFO - Monolith_Exit NZIGDVPY
2025-03-18 04:57:55,086 - INFO - Monolith_Enter QGTAMQ2N
2025-03-18 04:57:55,147 - INFO - Monolith_Exit QGTAMQ2N
2025-03-18 04:57:55,326 - INFO - Monolith_Enter MTO7ZCK6
2025-03-18 04:57:55,388 - INFO - Monolith_Exit MTO7ZCK6
2025-03-18 04:57:55,390 - INFO - Monolith_Enter FNXECL4I
2025-03-18 04:57:55,450 - INFO - Monolith_Exit FNXECL4I
2025-03-18 04:57:55,452 - INFO - Monolith_Enter NJBGGZKK
2025-03-18 04:57:55,513 - INFO - Monolith_Exit NJBGGZKK
2025-03-18 04:57:55,567 - INFO - Monolith_Enter N1UMP7J6
2025-03-18 04:57:55,635 - INFO - Monolith_Exit N1UMP7J6
2025-03-18 04:57:55,806 - INFO - Monolith_Enter 66Q44433
2025-03-18 04:57:55,868 - INFO - Monolith_Exit 66Q44433
2025-03-18 04:57:55,895 - INFO - Monolith_Enter RLB74SWR
2025-03-18 04:57:55,957 - INFO - Monolith_Exit RLB74SWR
2025-03-18 04:57:55,959 - INFO - Monolith_Enter F9GNFNK9
2025-03-18 04:57:56,023 - INFO - Monolith_Exit F9GNFNK9
2025-03-18 04:57:56,026 - INFO - Monolith_Enter JHW5ALPH
2025-03-18 04:57:56,087 - INFO - Monolith_Exit JHW5ALPH
2025-03-18 04:57:56,089 - INFO - Monolith_Enter LT16CQBF
2025-03-18 04:57:56,155 - INFO - Monolith_Exit LT16CQBF
2025-03-18 04:57:56,157 - INFO - Monolith_Enter SOHPGJ81
2025-03-18 04:57:56,220 - INFO - Monolith_Exit SOHPGJ81
2025-03-18 04:57:56,223 - INFO - Monolith_Enter ABB769TL
Monolith_Enter G8FXTX5T
2025-03-18 04:57:56,326 - INFO - Monolith_Exit ABB769TL
Monolith_Exit G8FXTX5T
2025-03-18 04:57:56,329 - INFO - Monolith_Enter CSYNLPIB
Monolith_Enter 4E01Q0X7
Monolith_Enter 27LK8W7J
2025-03-18 04:57:56,469 - INFO - Monolith_Exit CSYNLPIB
Monolith_Exit 4E01Q0X7
Monolith_Exit 27LK8W7J
2025-03-18 04:57:56,472 - INFO - Monolith_Enter ZAXVTE66
2025-03-18 04:57:56,536 - INFO - Monolith_Exit ZAXVTE66
2025-03-18 04:57:56,571 - INFO - Monolith_Enter CCPHIE16
2025-03-18 04:57:56,638 - INFO - Monolith_Exit CCPHIE16
2025-03-18 04:57:56,812 - INFO - Monolith_Enter DNE5PZ6Z
2025-03-18 04:57:56,873 - INFO - Monolith_Exit DNE5PZ6Z
2025-03-18 04:57:57,031 - INFO - Monolith_Enter AVGJVLCG
2025-03-18 04:57:57,092 - INFO - Monolith_Exit AVGJVLCG
2025-03-18 04:57:57,205 - INFO - Monolith_Enter DLDRSFN5
2025-03-18 04:57:57,264 - INFO - Monolith_Exit DLDRSFN5
2025-03-18 04:57:57,270 - INFO - Monolith_Enter ULAGJYY4
2025-03-18 04:57:57,330 - INFO - Monolith_Exit ULAGJYY4
2025-03-18 04:57:57,332 - INFO - Monolith_Enter KRLL4ZT2
2025-03-18 04:57:57,392 - INFO - Monolith_Exit KRLL4ZT2
2025-03-18 04:57:57,394 - INFO - Monolith_Enter KEMVZ6MR
2025-03-18 04:57:57,453 - INFO - Monolith_Exit KEMVZ6MR
2025-03-18 04:57:57,576 - INFO - Monolith_Enter F056281D
2025-03-18 04:57:57,641 - INFO - Monolith_Exit F056281D
2025-03-18 04:57:57,664 - INFO - Monolith_Enter YZ6X1ZWP
2025-03-18 04:57:57,724 - INFO - Monolith_Exit YZ6X1ZWP
2025-03-18 04:57:57,727 - INFO - Monolith_Enter 06XQTTDN
2025-03-18 04:57:57,787 - INFO - Monolith_Exit 06XQTTDN
2025-03-18 04:57:57,839 - INFO - Monolith_Enter BP11H2WP
2025-03-18 04:57:57,900 - INFO - Monolith_Exit BP11H2WP
2025-03-18 04:57:57,904 - INFO - Monolith_Enter 254258DS
2025-03-18 04:57:57,963 - INFO - Monolith_Exit 254258DS
2025-03-18 04:57:57,965 - INFO - Monolith_Enter 0NB5WPME
2025-03-18 04:57:58,026 - INFO - Monolith_Exit 0NB5WPME
2025-03-18 04:57:58,298 - INFO - Monolith_Enter TSG3XMC4
2025-03-18 04:57:58,365 - INFO - Monolith_Exit TSG3XMC4
2025-03-18 04:57:58,408 - INFO - Monolith_Enter 4KQVNW7B
2025-03-18 04:57:58,470 - INFO - Monolith_Exit 4KQVNW7B
2025-03-18 04:57:58,475 - INFO - Monolith_Enter FVFSSEB1
2025-03-18 04:57:58,537 - INFO - Monolith_Exit FVFSSEB1
2025-03-18 04:57:58,782 - INFO - Monolith_Enter GYETW8RJ
2025-03-18 04:57:58,844 - INFO - Monolith_Exit GYETW8RJ
2025-03-18 04:57:58,848 - INFO - Monolith_Enter AI8SB8M1
2025-03-18 04:57:58,907 - INFO - Monolith_Exit AI8SB8M1
2025-03-18 04:57:59,108 - INFO - Monolith_Enter 1AYJLJME
2025-03-18 04:57:59,168 - INFO - Monolith_Exit 1AYJLJME
2025-03-18 04:57:59,369 - INFO - Monolith_Enter 39HNI4TA
2025-03-18 04:57:59,432 - INFO - Monolith_Exit 39HNI4TA
2025-03-18 04:57:59,435 - INFO - Monolith_Enter XN9EX5AW
Monolith_Enter X56YPMWC
2025-03-18 04:57:59,535 - INFO - Monolith_Exit XN9EX5AW
Monolith_Exit X56YPMWC
2025-03-18 04:57:59,610 - INFO - Monolith_Enter YJ33LF6Y
2025-03-18 04:57:59,672 - INFO - Monolith_Exit YJ33LF6Y
2025-03-18 04:57:59,762 - INFO - Monolith_Enter 1PL7IV3F
2025-03-18 04:57:59,823 - INFO - Monolith_Exit 1PL7IV3F
2025-03-18 04:57:59,828 - INFO - Monolith_Enter VN6X5A0X
2025-03-18 04:57:59,890 - INFO - Monolith_Exit VN6X5A0X
2025-03-18 04:58:00,548 - INFO - Monolith_Enter J2I5SQ94
2025-03-18 04:58:00,609 - INFO - Monolith_Exit J2I5SQ94
2025-03-18 04:58:00,700 - INFO - Monolith_Enter 3WFAGCRH
2025-03-18 04:58:00,763 - INFO - Monolith_Exit 3WFAGCRH
2025-03-18 04:58:00,963 - INFO - Monolith_Enter XQ02ZHPI
2025-03-18 04:58:01,025 - INFO - Monolith_Exit XQ02ZHPI
2025-03-18 04:58:01,051 - INFO - Monolith_Enter CR4ZOCCY
2025-03-18 04:58:01,109 - INFO - Monolith_Exit CR4ZOCCY
2025-03-18 04:58:01,111 - INFO - Monolith_Enter BLSCXWDS
2025-03-18 04:58:01,174 - INFO - Monolith_Exit BLSCXWDS
2025-03-18 04:58:01,268 - INFO - Monolith_Enter MZ0UTXAF
2025-03-18 04:58:01,330 - INFO - Monolith_Exit MZ0UTXAF
2025-03-18 04:58:01,443 - INFO - Monolith_Enter PO8KJPUL
2025-03-18 04:58:01,504 - INFO - Monolith_Exit PO8KJPUL
2025-03-18 04:58:01,506 - INFO - Monolith_Enter 2B6IER55
2025-03-18 04:58:01,569 - INFO - Monolith_Exit 2B6IER55
2025-03-18 04:58:01,662 - INFO - Monolith_Enter 4TTNW0UU
2025-03-18 04:58:01,727 - INFO - Monolith_Exit 4TTNW0UU
2025-03-18 04:58:01,793 - INFO - Monolith_Enter GL9J3EQJ
2025-03-18 04:58:01,857 - INFO - Monolith_Exit GL9J3EQJ
2025-03-18 04:58:01,860 - INFO - Monolith_Enter S9K6BJLR
2025-03-18 04:58:01,921 - INFO - Monolith_Exit S9K6BJLR
2025-03-18 04:58:01,923 - INFO - Monolith_Enter MSUT8ZCP
2025-03-18 04:58:01,984 - INFO - Monolith_Exit MSUT8ZCP
2025-03-18 04:58:02,031 - INFO - Monolith_Enter WCNZ2NIO
2025-03-18 04:58:02,092 - INFO - Monolith_Exit WCNZ2NIO
2025-03-18 04:58:02,162 - INFO - Monolith_Enter 4Y853ZJX
2025-03-18 04:58:02,223 - INFO - Monolith_Exit 4Y853ZJX
2025-03-18 04:58:02,225 - INFO - Monolith_Enter PORTZYPR
2025-03-18 04:58:02,286 - INFO - Monolith_Exit PORTZYPR
2025-03-18 04:58:02,490 - INFO - Monolith_Enter Z18WXCC2
2025-03-18 04:58:02,554 - INFO - Monolith_Exit Z18WXCC2
2025-03-18 04:58:02,794 - INFO - Monolith_Enter 9L4MF6KV
2025-03-18 04:58:02,857 - INFO - Monolith_Exit 9L4MF6KV
2025-03-18 04:58:02,882 - INFO - Monolith_Enter L05O2KZS
2025-03-18 04:58:02,941 - INFO - Monolith_Exit L05O2KZS
2025-03-18 04:58:03,101 - INFO - Monolith_Enter O2G2E97S
2025-03-18 04:58:03,161 - INFO - Monolith_Exit O2G2E97S
2025-03-18 04:58:03,163 - INFO - Monolith_Enter YWBL21T9
2025-03-18 04:58:03,223 - INFO - Monolith_Exit YWBL21T9
2025-03-18 04:58:03,225 - INFO - Monolith_Enter FMJB17L9
2025-03-18 04:58:03,289 - INFO - Monolith_Exit FMJB17L9
2025-03-18 04:58:03,291 - INFO - Monolith_Enter 31VWNPZL
2025-03-18 04:58:03,350 - INFO - Monolith_Exit 31VWNPZL
2025-03-18 04:58:03,472 - INFO - Monolith_Enter TVQ5WXK4
2025-03-18 04:58:03,538 - INFO - Monolith_Exit TVQ5WXK4
2025-03-18 04:58:03,580 - INFO - Monolith_Enter WW09Q1YM
2025-03-18 04:58:03,643 - INFO - Monolith_Exit WW09Q1YM
2025-03-18 04:58:03,647 - INFO - Monolith_Enter FGZ866NS
Monolith_Enter MEWVS5IH
2025-03-18 04:58:03,749 - INFO - Monolith_Exit FGZ866NS
Monolith_Exit MEWVS5IH
2025-03-18 04:58:03,776 - INFO - Monolith_Enter WAA4CQBC
2025-03-18 04:58:03,839 - INFO - Monolith_Exit WAA4CQBC
2025-03-18 04:58:03,842 - INFO - Monolith_Enter NDVP0AVK
2025-03-18 04:58:03,903 - INFO - Monolith_Exit NDVP0AVK
2025-03-18 04:58:03,906 - INFO - Monolith_Enter HBNL2K4E
Monolith_Enter U3D0K1RQ
2025-03-18 04:58:04,008 - INFO - Monolith_Exit HBNL2K4E
Monolith_Exit U3D0K1RQ
2025-03-18 04:58:04,011 - INFO - Monolith_Enter R1OB1IYG
2025-03-18 04:58:04,076 - INFO - Monolith_Exit R1OB1IYG
2025-03-18 04:58:04,213 - INFO - Monolith_Enter PRV76UPO
2025-03-18 04:58:04,280 - INFO - Monolith_Exit PRV76UPO
2025-03-18 04:58:04,410 - INFO - Monolith_Enter U7C0LKKR
2025-03-18 04:58:04,469 - INFO - Monolith_Exit U7C0LKKR
2025-03-18 04:58:04,471 - INFO - Monolith_Enter KGYTSKWN
2025-03-18 04:58:04,532 - INFO - Monolith_Exit KGYTSKWN
2025-03-18 04:58:04,607 - INFO - Monolith_Enter 911RQY04
2025-03-18 04:58:04,668 - INFO - Monolith_Exit 911RQY04
2025-03-18 04:58:04,782 - INFO - Monolith_Enter POE1P169
2025-03-18 04:58:04,841 - INFO - Monolith_Exit POE1P169
2025-03-18 04:58:04,957 - INFO - Monolith_Enter XIX8RVYP
2025-03-18 04:58:05,019 - INFO - Monolith_Exit XIX8RVYP
2025-03-18 04:58:05,045 - INFO - Monolith_Enter EJAICYZE
2025-03-18 04:58:05,104 - INFO - Monolith_Exit EJAICYZE
2025-03-18 04:58:05,106 - INFO - Monolith_Enter ATR80COO
2025-03-18 04:58:05,169 - INFO - Monolith_Exit ATR80COO
2025-03-18 04:58:05,172 - INFO - Monolith_Enter RJC9HVXQ
2025-03-18 04:58:05,232 - INFO - Monolith_Exit RJC9HVXQ
2025-03-18 04:58:05,285 - INFO - Monolith_Enter NEU7QHZR
2025-03-18 04:58:05,350 - INFO - Monolith_Exit NEU7QHZR
2025-03-18 04:58:05,438 - INFO - Monolith_Enter 791KQ8EF
2025-03-18 04:58:05,501 - INFO - Monolith_Exit 791KQ8EF
2025-03-18 04:58:05,504 - INFO - Monolith_Enter B08B533C
2025-03-18 04:58:05,565 - INFO - Monolith_Exit B08B533C
2025-03-18 04:58:05,567 - INFO - Monolith_Enter MACOQ94O
2025-03-18 04:58:05,628 - INFO - Monolith_Exit MACOQ94O
2025-03-18 04:58:05,636 - INFO - Monolith_Enter AS0QP44B
2025-03-18 04:58:05,695 - INFO - Monolith_Exit AS0QP44B
2025-03-18 04:58:05,701 - INFO - Monolith_Enter NLCMHGVB
2025-03-18 04:58:05,761 - INFO - Monolith_Exit NLCMHGVB
2025-03-18 04:58:05,767 - INFO - Monolith_Enter IAUZVZ3F
2025-03-18 04:58:05,827 - INFO - Monolith_Exit IAUZVZ3F
2025-03-18 04:58:05,920 - INFO - Monolith_Enter CHY93BVE
2025-03-18 04:58:05,980 - INFO - Monolith_Exit CHY93BVE
2025-03-18 04:58:05,982 - INFO - Monolith_Enter 8D4CUVG7
2025-03-18 04:58:06,045 - INFO - Monolith_Exit 8D4CUVG7
2025-03-18 04:58:06,046 - INFO - Monolith_Enter 8T07FMLW
2025-03-18 04:58:06,104 - INFO - Monolith_Exit 8T07FMLW
2025-03-18 04:58:06,182 - INFO - Monolith_Enter 983NMVO4
2025-03-18 04:58:06,247 - INFO - Monolith_Exit 983NMVO4
2025-03-18 04:58:06,249 - INFO - Monolith_Enter X0SK09KI
2025-03-18 04:58:06,311 - INFO - Monolith_Exit X0SK09KI
2025-03-18 04:58:06,620 - INFO - Monolith_Enter NGHVDR24
2025-03-18 04:58:06,681 - INFO - Monolith_Exit NGHVDR24
2025-03-18 04:58:06,683 - INFO - Monolith_Enter F3SW7TW4
2025-03-18 04:58:06,746 - INFO - Monolith_Exit F3SW7TW4
2025-03-18 04:58:06,749 - INFO - Monolith_Enter 8OG4PIUJ
Monolith_Enter 85OM26EE
2025-03-18 04:58:06,848 - INFO - Monolith_Exit 8OG4PIUJ
Monolith_Exit 85OM26EE
2025-03-18 04:58:06,850 - INFO - Monolith_Enter K6C4IOHF
2025-03-18 04:58:06,915 - INFO - Monolith_Exit K6C4IOHF
2025-03-18 04:58:06,917 - INFO - Monolith_Enter WYW77XII
2025-03-18 04:58:06,982 - INFO - Monolith_Exit WYW77XII
2025-03-18 04:58:07,278 - INFO - Monolith_Enter EY6PW0EX
2025-03-18 04:58:07,344 - INFO - Monolith_Exit EY6PW0EX
2025-03-18 04:58:07,495 - INFO - Monolith_Enter NVR81GRX
2025-03-18 04:58:07,558 - INFO - Monolith_Exit NVR81GRX
2025-03-18 04:58:07,713 - INFO - Monolith_Enter DE1XX5KA
2025-03-18 04:58:07,773 - INFO - Monolith_Exit DE1XX5KA
2025-03-18 04:58:07,775 - INFO - Monolith_Enter 5M5JB5MU
2025-03-18 04:58:07,837 - INFO - Monolith_Exit 5M5JB5MU
2025-03-18 04:58:07,845 - INFO - Monolith_Enter 4L0X4YPH
2025-03-18 04:58:07,913 - INFO - Monolith_Exit 4L0X4YPH
2025-03-18 04:58:07,916 - INFO - Monolith_Enter EL393YXH
Monolith_Enter CPJ7TH3B
2025-03-18 04:58:08,018 - INFO - Monolith_Exit EL393YXH
Monolith_Exit CPJ7TH3B
2025-03-18 04:58:08,020 - INFO - Monolith_Enter G4B3060C
2025-03-18 04:58:08,084 - INFO - Monolith_Exit G4B3060C
2025-03-18 04:58:08,129 - INFO - Monolith_Enter OTK1JCN1
2025-03-18 04:58:08,194 - INFO - Monolith_Exit OTK1JCN1
2025-03-18 04:58:08,588 - INFO - Monolith_Enter C1UTL60E
2025-03-18 04:58:08,649 - INFO - Monolith_Exit C1UTL60E
2025-03-18 04:58:08,651 - INFO - Monolith_Enter X01DAD4H
Monolith_Enter BJPAG1YI
2025-03-18 04:58:08,751 - INFO - Monolith_Exit X01DAD4H
Monolith_Exit BJPAG1YI
2025-03-18 04:58:08,754 - INFO - Monolith_Enter 5KRVF3AZ
Monolith_Enter 4F23ELWC
2025-03-18 04:58:08,855 - INFO - Monolith_Exit 5KRVF3AZ
Monolith_Exit 4F23ELWC
2025-03-18 04:58:08,961 - INFO - Monolith_Enter CZ0MPBWA
2025-03-18 04:58:09,022 - INFO - Monolith_Exit CZ0MPBWA
2025-03-18 04:58:09,200 - INFO - Monolith_Enter V56D52HY
2025-03-18 04:58:09,260 - INFO - Monolith_Exit V56D52HY
2025-03-18 04:58:09,262 - INFO - Monolith_Enter NXYA6Y2Y
2025-03-18 04:58:09,324 - INFO - Monolith_Exit NXYA6Y2Y
2025-03-18 04:58:09,326 - INFO - Monolith_Enter G4ZN7JXS
2025-03-18 04:58:09,391 - INFO - Monolith_Exit G4ZN7JXS
2025-03-18 04:58:09,393 - INFO - Monolith_Enter CFC6FBQF
2025-03-18 04:58:09,452 - INFO - Monolith_Exit CFC6FBQF
2025-03-18 04:58:09,462 - INFO - Monolith_Enter VJ04KCND
2025-03-18 04:58:09,528 - INFO - Monolith_Exit VJ04KCND
2025-03-18 04:58:09,551 - INFO - Monolith_Enter FTV0THKS
2025-03-18 04:58:09,611 - INFO - Monolith_Exit FTV0THKS
2025-03-18 04:58:09,613 - INFO - Monolith_Enter VL75JD86
2025-03-18 04:58:09,678 - INFO - Monolith_Exit VL75JD86
2025-03-18 04:58:09,680 - INFO - Monolith_Enter 16Q3ZQMM
2025-03-18 04:58:09,741 - INFO - Monolith_Exit 16Q3ZQMM
2025-03-18 04:58:10,227 - INFO - Monolith_Enter IWWYVGPH
2025-03-18 04:58:10,292 - INFO - Monolith_Exit IWWYVGPH
2025-03-18 04:58:10,314 - INFO - Monolith_Enter L6YKNE2P
2025-03-18 04:58:10,373 - INFO - Monolith_Exit L6YKNE2P
2025-03-18 04:58:10,577 - INFO - Monolith_Enter XNAL7X8J
2025-03-18 04:58:10,639 - INFO - Monolith_Exit XNAL7X8J
2025-03-18 04:58:10,642 - INFO - Monolith_Enter 56U6PKUY
2025-03-18 04:58:10,701 - INFO - Monolith_Exit 56U6PKUY
2025-03-18 04:58:10,773 - INFO - Monolith_Enter 65LLIG8F
2025-03-18 04:58:10,834 - INFO - Monolith_Exit 65LLIG8F
2025-03-18 04:58:11,168 - INFO - Monolith_Enter WAGODIAM
2025-03-18 04:58:11,227 - INFO - Monolith_Exit WAGODIAM
2025-03-18 04:58:11,431 - INFO - Monolith_Enter 3AHKHZJP
2025-03-18 04:58:11,493 - INFO - Monolith_Exit 3AHKHZJP
2025-03-18 04:58:11,518 - INFO - Monolith_Enter FZ01SMZ6
2025-03-18 04:58:11,578 - INFO - Monolith_Exit FZ01SMZ6
2025-03-18 04:58:11,580 - INFO - Monolith_Enter L3QVTDF4
2025-03-18 04:58:11,642 - INFO - Monolith_Exit L3QVTDF4
2025-03-18 04:58:11,644 - INFO - Monolith_Enter KT7X7ER6
2025-03-18 04:58:11,706 - INFO - Monolith_Exit KT7X7ER6
2025-03-18 04:58:11,846 - INFO - Monolith_Enter FGK3ZLCT
2025-03-18 04:58:11,912 - INFO - Monolith_Exit FGK3ZLCT
2025-03-18 04:58:11,933 - INFO - Monolith_Enter T5H2UUX8
2025-03-18 04:58:11,992 - INFO - Monolith_Exit T5H2UUX8
2025-03-18 04:58:12,130 - INFO - Monolith_Enter NDCKTA43
2025-03-18 04:58:12,190 - INFO - Monolith_Exit NDCKTA43
2025-03-18 04:58:12,282 - INFO - Monolith_Enter U4V0UKZQ
2025-03-18 04:58:12,341 - INFO - Monolith_Exit U4V0UKZQ
2025-03-18 04:58:12,391 - INFO - Monolith_Enter H8PCXV22
2025-03-18 04:58:12,452 - INFO - Monolith_Exit H8PCXV22
2025-03-18 04:58:12,500 - INFO - Monolith_Enter LVR9K5SS
2025-03-18 04:58:12,560 - INFO - Monolith_Exit LVR9K5SS
2025-03-18 04:58:12,719 - INFO - Monolith_Enter CX6HVU3D
2025-03-18 04:58:12,780 - INFO - Monolith_Exit CX6HVU3D
2025-03-18 04:58:12,917 - INFO - Monolith_Enter WI31BY3V
2025-03-18 04:58:12,980 - INFO - Monolith_Exit WI31BY3V
2025-03-18 04:58:13,092 - INFO - Monolith_Enter MRM3JIBN
2025-03-18 04:58:13,157 - INFO - Monolith_Exit MRM3JIBN
2025-03-18 04:58:13,229 - INFO - Monolith_Enter TJU53PSL
2025-03-18 04:58:13,294 - INFO - Monolith_Exit TJU53PSL
2025-03-18 04:58:13,296 - INFO - Monolith_Enter K9YCCS6R
2025-03-18 04:58:13,361 - INFO - Monolith_Exit K9YCCS6R
2025-03-18 04:58:13,363 - INFO - Monolith_Enter A7HV77GF
2025-03-18 04:58:13,426 - INFO - Monolith_Exit A7HV77GF
2025-03-18 04:58:13,683 - INFO - Monolith_Enter 1GBOQONZ
2025-03-18 04:58:13,747 - INFO - Monolith_Exit 1GBOQONZ
2025-03-18 04:58:13,792 - INFO - Monolith_Enter OWC6ZKRZ
2025-03-18 04:58:13,853 - INFO - Monolith_Exit OWC6ZKRZ
2025-03-18 04:58:14,294 - INFO - Monolith_Enter YS0RGXPQ
2025-03-18 04:58:14,353 - INFO - Monolith_Exit YS0RGXPQ
2025-03-18 04:58:14,359 - INFO - Monolith_Enter ADFWE0TG
2025-03-18 04:58:14,421 - INFO - Monolith_Exit ADFWE0TG
2025-03-18 04:58:14,579 - INFO - Monolith_Enter ZYNKOQR0
2025-03-18 04:58:14,638 - INFO - Monolith_Exit ZYNKOQR0
2025-03-18 04:58:14,640 - INFO - Monolith_Enter EMT61WS3
2025-03-18 04:58:14,701 - INFO - Monolith_Exit EMT61WS3
2025-03-18 04:58:14,885 - INFO - Monolith_Enter O6A2E36V
2025-03-18 04:58:14,950 - INFO - Monolith_Exit O6A2E36V
2025-03-18 04:58:14,955 - INFO - Monolith_Enter SHR802ZM
2025-03-18 04:58:15,016 - INFO - Monolith_Exit SHR802ZM
2025-03-18 04:58:15,059 - INFO - Monolith_Enter ICI3KXOF
2025-03-18 04:58:15,122 - INFO - Monolith_Exit ICI3KXOF
2025-03-18 04:58:15,127 - INFO - Monolith_Enter U89ZH7SB
Monolith_Enter UVTSEL19
2025-03-18 04:58:15,230 - INFO - Monolith_Exit U89ZH7SB
Monolith_Exit UVTSEL19
2025-03-18 04:58:15,280 - INFO - Monolith_Enter 9Q04KQCG
2025-03-18 04:58:15,343 - INFO - Monolith_Exit 9Q04KQCG
2025-03-18 04:58:15,345 - INFO - Monolith_Enter OAGY1KA3
2025-03-18 04:58:15,404 - INFO - Monolith_Exit OAGY1KA3
2025-03-18 04:58:15,454 - INFO - Monolith_Enter 5PXAUVLE
2025-03-18 04:58:15,513 - INFO - Monolith_Exit 5PXAUVLE
2025-03-18 04:58:15,520 - INFO - Monolith_Enter QG2PN6KS
2025-03-18 04:58:15,580 - INFO - Monolith_Exit QG2PN6KS
2025-03-18 04:58:15,652 - INFO - Monolith_Enter C8NI069J
2025-03-18 04:58:15,712 - INFO - Monolith_Exit C8NI069J
2025-03-18 04:58:15,714 - INFO - Monolith_Enter TNPLG0CF
2025-03-18 04:58:15,778 - INFO - Monolith_Exit TNPLG0CF
2025-03-18 04:58:15,892 - INFO - Monolith_Enter LAZ5Z2XG
2025-03-18 04:58:15,953 - INFO - Monolith_Exit LAZ5Z2XG
2025-03-18 04:58:15,955 - INFO - Monolith_Enter L6AHGC3V
2025-03-18 04:58:16,015 - INFO - Monolith_Exit L6AHGC3V
2025-03-18 04:58:16,018 - INFO - Monolith_Enter JESKFD43
Monolith_Enter I2AUU40O
2025-03-18 04:58:16,122 - INFO - Monolith_Exit JESKFD43
Monolith_Exit I2AUU40O
2025-03-18 04:58:16,124 - INFO - Monolith_Enter 57YQY5E9
Monolith_Enter BHXA8KZ8
2025-03-18 04:58:16,224 - INFO - Monolith_Exit 57YQY5E9
Monolith_Exit BHXA8KZ8
2025-03-18 04:58:16,308 - INFO - Monolith_Enter 0K61JELW
2025-03-18 04:58:16,373 - INFO - Monolith_Exit 0K61JELW
2025-03-18 04:58:16,460 - INFO - Monolith_Enter K4YNWIEK
2025-03-18 04:58:16,521 - INFO - Monolith_Exit K4YNWIEK
2025-03-18 04:58:16,613 - INFO - Monolith_Enter 7JH561IR
2025-03-18 04:58:16,674 - INFO - Monolith_Exit 7JH561IR
2025-03-18 04:58:16,679 - INFO - Monolith_Enter 14KFCK1U
2025-03-18 04:58:16,740 - INFO - Monolith_Exit 14KFCK1U
2025-03-18 04:58:16,789 - INFO - Monolith_Enter G04XERUY
2025-03-18 04:58:16,848 - INFO - Monolith_Exit G04XERUY
2025-03-18 04:58:16,919 - INFO - Monolith_Enter XK7MMQSK
2025-03-18 04:58:16,981 - INFO - Monolith_Exit XK7MMQSK
2025-03-18 04:58:16,984 - INFO - Monolith_Enter RXKOWIDT
Monolith_Enter KQ008D52
2025-03-18 04:58:17,090 - INFO - Monolith_Exit RXKOWIDT
Monolith_Exit KQ008D52
2025-03-18 04:58:17,093 - INFO - Monolith_Enter F45SZK81
Monolith_Enter TU5GGDPX
2025-03-18 04:58:17,197 - INFO - Monolith_Exit F45SZK81
Monolith_Exit TU5GGDPX
2025-03-18 04:58:17,198 - INFO - Monolith_Enter DL5XA27K
2025-03-18 04:58:17,260 - INFO - Monolith_Exit DL5XA27K
2025-03-18 04:58:17,262 - INFO - Monolith_Enter B8Z517FM
2025-03-18 04:58:17,325 - INFO - Monolith_Exit B8Z517FM
2025-03-18 04:58:17,327 - INFO - Monolith_Enter 2AHIWF2A
2025-03-18 04:58:17,388 - INFO - Monolith_Exit 2AHIWF2A
2025-03-18 04:58:17,444 - INFO - Monolith_Enter 9CFGQ4G2
2025-03-18 04:58:17,509 - INFO - Monolith_Exit 9CFGQ4G2
2025-03-18 04:58:17,511 - INFO - Monolith_Enter 5W1JZ6EL
2025-03-18 04:58:17,571 - INFO - Monolith_Exit 5W1JZ6EL
2025-03-18 04:58:17,575 - INFO - Monolith_Enter U9HTZNGO
2025-03-18 04:58:17,636 - INFO - Monolith_Exit U9HTZNGO
2025-03-18 04:58:17,641 - INFO - Monolith_Enter 92QQ1B2P
2025-03-18 04:58:17,704 - INFO - Monolith_Exit 92QQ1B2P
2025-03-18 04:58:17,707 - INFO - Monolith_Enter N3HBQUCQ
2025-03-18 04:58:17,769 - INFO - Monolith_Exit N3HBQUCQ
2025-03-18 04:58:17,771 - INFO - Monolith_Enter 14ZAKZ5K
2025-03-18 04:58:17,833 - INFO - Monolith_Exit 14ZAKZ5K
2025-03-18 04:58:17,834 - INFO - Monolith_Enter MEZYARTR
2025-03-18 04:58:17,892 - INFO - Monolith_Exit MEZYARTR
2025-03-18 04:58:17,947 - INFO - Monolith_Enter C2XLEQDK
2025-03-18 04:58:18,013 - INFO - Monolith_Exit C2XLEQDK
2025-03-18 04:58:18,079 - INFO - Monolith_Enter DOM7UEPY
2025-03-18 04:58:18,140 - INFO - Monolith_Exit DOM7UEPY
2025-03-18 04:58:18,211 - INFO - Monolith_Enter 8F7E296A
2025-03-18 04:58:18,272 - INFO - Monolith_Exit 8F7E296A
2025-03-18 04:58:18,274 - INFO - Monolith_Enter 6K2ZXPQ6
2025-03-18 04:58:18,335 - INFO - Monolith_Exit 6K2ZXPQ6
2025-03-18 04:58:18,337 - INFO - Monolith_Enter FC472EAM
2025-03-18 04:58:18,394 - INFO - Monolith_Exit FC472EAM
2025-03-18 04:58:18,401 - INFO - Monolith_Enter MWRULDAF
2025-03-18 04:58:18,465 - INFO - Monolith_Exit MWRULDAF
2025-03-18 04:58:18,472 - INFO - Monolith_Enter E3D6MWBU
2025-03-18 04:58:18,536 - INFO - Monolith_Exit E3D6MWBU
2025-03-18 04:58:18,647 - INFO - Monolith_Enter 9IQWEMUL
2025-03-18 04:58:18,707 - INFO - Monolith_Exit 9IQWEMUL
2025-03-18 04:58:18,756 - INFO - Monolith_Enter 8F4YI96T
2025-03-18 04:58:18,818 - INFO - Monolith_Exit 8F4YI96T
2025-03-18 04:58:18,821 - INFO - Monolith_Enter 2R4AXKJM
2025-03-18 04:58:18,881 - INFO - Monolith_Exit 2R4AXKJM
2025-03-18 04:58:18,953 - INFO - Monolith_Enter N4HMFW89
2025-03-18 04:58:19,014 - INFO - Monolith_Exit N4HMFW89
2025-03-18 04:58:19,564 - INFO - Monolith_Enter MVGY3U1T
2025-03-18 04:58:19,624 - INFO - Monolith_Exit MVGY3U1T
2025-03-18 04:58:19,716 - INFO - Monolith_Enter KAG0L4ZL
2025-03-18 04:58:19,777 - INFO - Monolith_Exit KAG0L4ZL
2025-03-18 04:58:19,847 - INFO - Monolith_Enter B494RP9U
2025-03-18 04:58:19,907 - INFO - Monolith_Exit B494RP9U
2025-03-18 04:58:20,000 - INFO - Monolith_Enter VRYP008G
2025-03-18 04:58:20,062 - INFO - Monolith_Exit VRYP008G
2025-03-18 04:58:20,437 - INFO - Monolith_Enter ZJDZNKC9
2025-03-18 04:58:20,511 - INFO - Monolith_Exit ZJDZNKC9
2025-03-18 04:58:20,569 - INFO - Monolith_Enter 7RWW74TZ
2025-03-18 04:58:20,649 - INFO - Monolith_Exit 7RWW74TZ
2025-03-18 04:58:20,651 - INFO - Monolith_Enter 4FPH7MDT
2025-03-18 04:58:20,714 - INFO - Monolith_Exit 4FPH7MDT
2025-03-18 04:58:20,716 - INFO - Monolith_Enter QJJE4DTM
Monolith_Enter 22NBJ4FH
2025-03-18 04:58:20,823 - INFO - Monolith_Exit QJJE4DTM
Monolith_Exit 22NBJ4FH
2025-03-18 04:58:20,824 - INFO - Monolith_Enter L81N281V
2025-03-18 04:58:20,882 - INFO - Monolith_Exit L81N281V
2025-03-18 04:58:20,884 - INFO - Monolith_Enter UNTEYYQD
2025-03-18 04:58:20,952 - INFO - Monolith_Exit UNTEYYQD
2025-03-18 04:58:21,399 - INFO - Monolith_Enter L45J5WJW
2025-03-18 04:58:21,460 - INFO - Monolith_Exit L45J5WJW
2025-03-18 04:58:21,462 - INFO - Monolith_Enter 00NR5IPL
Monolith_Enter 111JQS32
2025-03-18 04:58:21,562 - INFO - Monolith_Exit 00NR5IPL
Monolith_Exit 111JQS32
2025-03-18 04:58:21,683 - INFO - Monolith_Enter X7U9NIDK
2025-03-18 04:58:21,750 - INFO - Monolith_Exit X7U9NIDK
2025-03-18 04:58:21,753 - INFO - Monolith_Enter G3YFUYQZ
2025-03-18 04:58:21,815 - INFO - Monolith_Exit G3YFUYQZ
2025-03-18 04:58:21,817 - INFO - Monolith_Enter 00CMBHRL
2025-03-18 04:58:21,882 - INFO - Monolith_Exit 00CMBHRL
2025-03-18 04:58:21,884 - INFO - Monolith_Enter 8BPWRUBH
2025-03-18 04:58:21,946 - INFO - Monolith_Exit 8BPWRUBH
2025-03-18 04:58:21,953 - INFO - Monolith_Enter SNY26A48
2025-03-18 04:58:22,017 - INFO - Monolith_Exit SNY26A48
2025-03-18 04:58:22,032 - INFO - Monolith_Enter 07SPSS95
2025-03-18 04:58:22,096 - INFO - Monolith_Exit 07SPSS95
2025-03-18 04:58:22,099 - INFO - Monolith_Enter 5SK2JMKI
2025-03-18 04:58:22,161 - INFO - Monolith_Exit 5SK2JMKI
2025-03-18 04:58:22,229 - INFO - Monolith_Enter WZV3VHE6
2025-03-18 04:58:22,291 - INFO - Monolith_Exit WZV3VHE6
2025-03-18 04:58:22,293 - INFO - Monolith_Enter VFWU8KJS
2025-03-18 04:58:22,354 - INFO - Monolith_Exit VFWU8KJS
2025-03-18 04:58:22,536 - INFO - Monolith_Enter IBJIF761
2025-03-18 04:58:22,603 - INFO - Monolith_Exit IBJIF761
2025-03-18 04:58:22,645 - INFO - Monolith_Enter 1CQHWKBF
2025-03-18 04:58:22,707 - INFO - Monolith_Exit 1CQHWKBF
2025-03-18 04:58:22,820 - INFO - Monolith_Enter 7QQP76PC
2025-03-18 04:58:22,882 - INFO - Monolith_Exit 7QQP76PC
2025-03-18 04:58:23,173 - INFO - Monolith_Enter T6FIVK51
2025-03-18 04:58:23,234 - INFO - Monolith_Exit T6FIVK51
2025-03-18 04:58:23,237 - INFO - Monolith_Enter 1VB4K8GO
2025-03-18 04:58:23,300 - INFO - Monolith_Exit 1VB4K8GO
2025-03-18 04:58:23,371 - INFO - Monolith_Enter EPUROC9V
2025-03-18 04:58:23,433 - INFO - Monolith_Exit EPUROC9V
2025-03-18 04:58:23,437 - INFO - Monolith_Enter AJIBCRLZ
2025-03-18 04:58:23,498 - INFO - Monolith_Exit AJIBCRLZ
2025-03-18 04:58:23,547 - INFO - Monolith_Enter 9AOW6PQP
2025-03-18 04:58:23,612 - INFO - Monolith_Exit 9AOW6PQP
2025-03-18 04:58:24,094 - INFO - Monolith_Enter A25Z1XQH
2025-03-18 04:58:24,155 - INFO - Monolith_Exit A25Z1XQH
2025-03-18 04:58:24,314 - INFO - Monolith_Enter KJWZS2XQ
2025-03-18 04:58:24,375 - INFO - Monolith_Exit KJWZS2XQ
2025-03-18 04:58:24,444 - INFO - Monolith_Enter AHBHTSFT
2025-03-18 04:58:24,505 - INFO - Monolith_Exit AHBHTSFT
