2025-03-18 04:56:39,678 - INFO - Monolith_Enter 452XQ0DJ
2025-03-18 04:56:40,156 - INFO - Monolith_Exit 452XQ0DJ
2025-03-18 04:56:40,162 - INFO - Monolith_Enter A0EY49Z7
Monolith_Enter 387JNQAW
Monolith_Enter S3QLXKRY
Monolith_Enter ZBKFYO4N
Monolith_Enter 7BXSBQKB
Monolith_Enter 3PA0BPGR
Monolith_Enter WCDKU4DW
2025-03-18 04:56:40,575 - INFO - Monolith_Exit A0EY49Z7
Monolith_Exit 387JNQAW
Monolith_Exit S3QLXKRY
Monolith_Exit ZBKFYO4N
Monolith_Exit 7BXSBQKB
Monolith_Exit 3PA0BPGR
Monolith_Exit WCDKU4DW
2025-03-18 04:56:40,586 - INFO - Monolith_Enter BC9FQDHN
Monolith_Enter 7EFROR8G
Monolith_Enter NGUYY0KE
Monolith_Enter 1DWGY4V3
Monolith_Enter PA5XF4MK
2025-03-18 04:56:40,817 - INFO - Monolith_Exit BC9FQDHN
Monolith_Exit 7EFROR8G
Monolith_Exit NGUYY0KE
Monolith_Exit 1DWGY4V3
Monolith_Exit PA5XF4MK
2025-03-18 04:56:40,819 - INFO - Monolith_Enter HXL6A2B1
2025-03-18 04:56:40,881 - INFO - Monolith_Exit HXL6A2B1
2025-03-18 04:56:40,899 - INFO - Monolith_Enter YOAVFL0I
2025-03-18 04:56:40,969 - INFO - Monolith_Exit YOAVFL0I
2025-03-18 04:56:41,052 - INFO - Monolith_Enter 9RERMHA5
2025-03-18 04:56:41,114 - INFO - Monolith_Exit 9RERMHA5
2025-03-18 04:56:41,161 - INFO - Monolith_Enter B2BXRRI2
2025-03-18 04:56:41,223 - INFO - Monolith_Exit B2BXRRI2
2025-03-18 04:56:41,248 - INFO - Monolith_Enter KMH85FGC
2025-03-18 04:56:41,314 - INFO - Monolith_Exit KMH85FGC
2025-03-18 04:56:41,687 - INFO - Monolith_Enter RCFQR0LS
2025-03-18 04:56:41,749 - INFO - Monolith_Exit RCFQR0LS
2025-03-18 04:56:41,773 - INFO - Monolith_Enter M6LAMYD9
2025-03-18 04:56:41,834 - INFO - Monolith_Exit M6LAMYD9
2025-03-18 04:56:41,839 - INFO - Monolith_Enter EKV388NB
2025-03-18 04:56:41,901 - INFO - Monolith_Exit EKV388NB
2025-03-18 04:56:42,169 - INFO - Monolith_Enter E2AI55F8
2025-03-18 04:56:42,230 - INFO - Monolith_Exit E2AI55F8
2025-03-18 04:56:42,391 - INFO - Monolith_Enter HPSZ9P21
2025-03-18 04:56:42,453 - INFO - Monolith_Exit HPSZ9P21
2025-03-18 04:56:42,499 - INFO - Monolith_Enter L0LBY3MT
2025-03-18 04:56:42,565 - INFO - Monolith_Exit L0LBY3MT
2025-03-18 04:56:42,568 - INFO - Monolith_Enter KE68V6KS
Monolith_Enter 0LWZXPDR
2025-03-18 04:56:42,672 - INFO - Monolith_Exit KE68V6KS
Monolith_Exit 0LWZXPDR
2025-03-18 04:56:42,676 - INFO - Monolith_Enter SQAMN4NU
Monolith_Enter 5KIIBZKZ
2025-03-18 04:56:42,777 - INFO - Monolith_Exit SQAMN4NU
Monolith_Exit 5KIIBZKZ
2025-03-18 04:56:42,782 - INFO - Monolith_Enter JL6GJM2B
2025-03-18 04:56:42,846 - INFO - Monolith_Exit JL6GJM2B
2025-03-18 04:56:42,892 - INFO - Monolith_Enter 9Y8929E4
2025-03-18 04:56:42,953 - INFO - Monolith_Exit 9Y8929E4
2025-03-18 04:56:42,957 - INFO - Monolith_Enter AKXSH19J
2025-03-18 04:56:43,019 - INFO - Monolith_Exit AKXSH19J
2025-03-18 04:56:43,065 - INFO - Monolith_Enter QJ8RSDKP
2025-03-18 04:56:43,127 - INFO - Monolith_Exit QJ8RSDKP
2025-03-18 04:56:43,158 - INFO - Monolith_Enter 3YJ12GMU
2025-03-18 04:56:43,219 - INFO - Monolith_Exit 3YJ12GMU
2025-03-18 04:56:43,222 - INFO - Monolith_Enter 7723KIEZ
2025-03-18 04:56:43,287 - INFO - Monolith_Exit 7723KIEZ
2025-03-18 04:56:43,291 - INFO - Monolith_Enter AU4F7I8S
Monolith_Enter DYHBUDUS
2025-03-18 04:56:43,398 - INFO - Monolith_Exit AU4F7I8S
Monolith_Exit DYHBUDUS
2025-03-18 04:56:43,401 - INFO - Monolith_Enter TQERVTAO
2025-03-18 04:56:43,465 - INFO - Monolith_Exit TQERVTAO
2025-03-18 04:56:43,743 - INFO - Monolith_Enter H8F857R9
2025-03-18 04:56:43,813 - INFO - Monolith_Exit H8F857R9
2025-03-18 04:56:44,158 - INFO - Monolith_Enter PG5Y84GP
2025-03-18 04:56:44,220 - INFO - Monolith_Exit PG5Y84GP
2025-03-18 04:56:44,223 - INFO - Monolith_Enter ESJAEGNU
2025-03-18 04:56:44,287 - INFO - Monolith_Exit ESJAEGNU
2025-03-18 04:56:44,333 - INFO - Monolith_Enter TG0BRW26
2025-03-18 04:56:44,395 - INFO - Monolith_Exit TG0BRW26
2025-03-18 04:56:44,398 - INFO - Monolith_Enter QW79JJRP
2025-03-18 04:56:44,460 - INFO - Monolith_Exit QW79JJRP
2025-03-18 04:56:44,464 - INFO - Monolith_Enter LE7BGB0I
2025-03-18 04:56:44,533 - INFO - Monolith_Exit LE7BGB0I
2025-03-18 04:56:44,536 - INFO - Monolith_Enter ZPK05CP6
2025-03-18 04:56:44,603 - INFO - Monolith_Exit ZPK05CP6
2025-03-18 04:56:44,606 - INFO - Monolith_Enter DQV47ULC
2025-03-18 04:56:44,668 - INFO - Monolith_Exit DQV47ULC
2025-03-18 04:56:44,684 - INFO - Monolith_Enter SBWQN0RU
2025-03-18 04:56:44,747 - INFO - Monolith_Exit SBWQN0RU
2025-03-18 04:56:44,751 - INFO - Monolith_Enter 5XC48RKM
2025-03-18 04:56:44,814 - INFO - Monolith_Exit 5XC48RKM
2025-03-18 04:56:44,859 - INFO - Monolith_Enter VX3M3N32
2025-03-18 04:56:44,927 - INFO - Monolith_Exit VX3M3N32
2025-03-18 04:56:44,934 - INFO - Monolith_Enter SWISXHYR
2025-03-18 04:56:44,998 - INFO - Monolith_Exit SWISXHYR
2025-03-18 04:56:45,013 - INFO - Monolith_Enter QI79SGTW
2025-03-18 04:56:45,078 - INFO - Monolith_Exit QI79SGTW
2025-03-18 04:56:45,276 - INFO - Monolith_Enter 7702AULR
2025-03-18 04:56:45,337 - INFO - Monolith_Exit 7702AULR
2025-03-18 04:56:45,340 - INFO - Monolith_Enter WAGRM6Y8
2025-03-18 04:56:45,404 - INFO - Monolith_Exit WAGRM6Y8
2025-03-18 04:56:45,406 - INFO - Monolith_Enter 9EE52G5Z
2025-03-18 04:56:45,463 - INFO - Monolith_Exit 9EE52G5Z
2025-03-18 04:56:45,466 - INFO - Monolith_Enter WRN03COU
2025-03-18 04:56:45,528 - INFO - Monolith_Exit WRN03COU
2025-03-18 04:56:45,538 - INFO - Monolith_Enter VU4SATR8
2025-03-18 04:56:45,606 - INFO - Monolith_Exit VU4SATR8
2025-03-18 04:56:45,800 - INFO - Monolith_Enter 2DGQ38UB
2025-03-18 04:56:45,864 - INFO - Monolith_Exit 2DGQ38UB
2025-03-18 04:56:45,996 - INFO - Monolith_Enter 5O3DVC5R
2025-03-18 04:56:46,057 - INFO - Monolith_Exit 5O3DVC5R
2025-03-18 04:56:46,453 - INFO - Monolith_Enter PHPL5X9Q
2025-03-18 04:56:46,515 - INFO - Monolith_Exit PHPL5X9Q
2025-03-18 04:56:46,517 - INFO - Monolith_Enter GK750FC6
2025-03-18 04:56:46,581 - INFO - Monolith_Exit GK750FC6
2025-03-18 04:56:46,714 - INFO - Monolith_Enter NZX6XYXG
2025-03-18 04:56:46,775 - INFO - Monolith_Exit NZX6XYXG
2025-03-18 04:56:46,778 - INFO - Monolith_Enter WXCW40ES
2025-03-18 04:56:46,842 - INFO - Monolith_Exit WXCW40ES
2025-03-18 04:56:46,934 - INFO - Monolith_Enter 0FETBX5W
2025-03-18 04:56:46,996 - INFO - Monolith_Exit 0FETBX5W
2025-03-18 04:56:47,021 - INFO - Monolith_Enter P0HEDHNV
2025-03-18 04:56:47,082 - INFO - Monolith_Exit P0HEDHNV
2025-03-18 04:56:47,086 - INFO - Monolith_Enter FE8U0F8F
Monolith_Enter 85PN1818
2025-03-18 04:56:47,185 - INFO - Monolith_Exit FE8U0F8F
Monolith_Exit 85PN1818
2025-03-18 04:56:47,188 - INFO - Monolith_Enter RXMCUE7G
2025-03-18 04:56:47,253 - INFO - Monolith_Exit RXMCUE7G
2025-03-18 04:56:47,256 - INFO - Monolith_Enter 8BIX4GAA
2025-03-18 04:56:47,318 - INFO - Monolith_Exit 8BIX4GAA
2025-03-18 04:56:47,327 - INFO - Monolith_Enter G92035DD
2025-03-18 04:56:47,393 - INFO - Monolith_Exit G92035DD
2025-03-18 04:56:47,503 - INFO - Monolith_Enter TJZMMXXU
2025-03-18 04:56:47,564 - INFO - Monolith_Exit TJZMMXXU
2025-03-18 04:56:47,568 - INFO - Monolith_Enter WBVEIU0G
2025-03-18 04:56:47,628 - INFO - Monolith_Exit WBVEIU0G
2025-03-18 04:56:47,631 - INFO - Monolith_Enter HW6RTYKZ
2025-03-18 04:56:47,693 - INFO - Monolith_Exit HW6RTYKZ
2025-03-18 04:56:47,695 - INFO - Monolith_Enter F2GY944C
2025-03-18 04:56:47,758 - INFO - Monolith_Exit F2GY944C
2025-03-18 04:56:47,760 - INFO - Monolith_Enter 9GUP3UDE
2025-03-18 04:56:47,821 - INFO - Monolith_Exit 9GUP3UDE
2025-03-18 04:56:47,828 - INFO - Monolith_Enter MCJ35PS5
2025-03-18 04:56:47,896 - INFO - Monolith_Exit MCJ35PS5
2025-03-18 04:56:47,916 - INFO - Monolith_Enter L0GNOH9M
2025-03-18 04:56:47,977 - INFO - Monolith_Exit L0GNOH9M
2025-03-18 04:56:47,981 - INFO - Monolith_Enter NFQV0OPP
2025-03-18 04:56:48,042 - INFO - Monolith_Exit NFQV0OPP
2025-03-18 04:56:48,090 - INFO - Monolith_Enter 4V6XOY12
2025-03-18 04:56:48,152 - INFO - Monolith_Exit 4V6XOY12
2025-03-18 04:56:48,266 - INFO - Monolith_Enter CXIJOG0O
2025-03-18 04:56:48,328 - INFO - Monolith_Exit CXIJOG0O
2025-03-18 04:56:48,420 - INFO - Monolith_Enter GE89OQDT
2025-03-18 04:56:48,481 - INFO - Monolith_Exit GE89OQDT
2025-03-18 04:56:48,483 - INFO - Monolith_Enter EOU5FSPZ
2025-03-18 04:56:48,547 - INFO - Monolith_Exit EOU5FSPZ
2025-03-18 04:56:48,549 - INFO - Monolith_Enter QXJT9TCF
2025-03-18 04:56:48,606 - INFO - Monolith_Exit QXJT9TCF
2025-03-18 04:56:48,639 - INFO - Monolith_Enter BEBGKP42
2025-03-18 04:56:48,705 - INFO - Monolith_Exit BEBGKP42
2025-03-18 04:56:48,791 - INFO - Monolith_Enter GTIZKM2S
2025-03-18 04:56:48,853 - INFO - Monolith_Exit GTIZKM2S
2025-03-18 04:56:48,922 - INFO - Monolith_Enter 0HF4BQ4J
2025-03-18 04:56:48,983 - INFO - Monolith_Exit 0HF4BQ4J
2025-03-18 04:56:48,986 - INFO - Monolith_Enter 0GCWJ6HO
2025-03-18 04:56:49,049 - INFO - Monolith_Exit 0GCWJ6HO
2025-03-18 04:56:49,119 - INFO - Monolith_Enter 5JQXQ3BF
2025-03-18 04:56:49,186 - INFO - Monolith_Exit 5JQXQ3BF
2025-03-18 04:56:49,250 - INFO - Monolith_Enter BD0U384I
2025-03-18 04:56:49,313 - INFO - Monolith_Exit BD0U384I
2025-03-18 04:56:49,469 - INFO - Monolith_Enter FSDES3RX
2025-03-18 04:56:49,532 - INFO - Monolith_Exit FSDES3RX
2025-03-18 04:56:49,534 - INFO - Monolith_Enter 1M3IE5UT
2025-03-18 04:56:49,599 - INFO - Monolith_Exit 1M3IE5UT
2025-03-18 04:56:49,602 - INFO - Monolith_Enter VH3VFHC4
2025-03-18 04:56:49,666 - INFO - Monolith_Exit VH3VFHC4
2025-03-18 04:56:49,669 - INFO - Monolith_Enter HVSBSG2I
2025-03-18 04:56:49,734 - INFO - Monolith_Exit HVSBSG2I
2025-03-18 04:56:49,737 - INFO - Monolith_Enter Y35LPUI9
2025-03-18 04:56:49,799 - INFO - Monolith_Exit Y35LPUI9
2025-03-18 04:56:49,926 - INFO - Monolith_Enter FD92RY59
2025-03-18 04:56:49,992 - INFO - Monolith_Exit FD92RY59
2025-03-18 04:56:50,035 - INFO - Monolith_Enter DVZH6U1D
2025-03-18 04:56:50,097 - INFO - Monolith_Exit DVZH6U1D
2025-03-18 04:56:50,210 - INFO - Monolith_Enter FF63JQRM
2025-03-18 04:56:50,273 - INFO - Monolith_Exit FF63JQRM
2025-03-18 04:56:50,383 - INFO - Monolith_Enter CS0EQQJ5
2025-03-18 04:56:50,445 - INFO - Monolith_Exit CS0EQQJ5
2025-03-18 04:56:50,515 - INFO - Monolith_Enter A8DC08M3
2025-03-18 04:56:50,576 - INFO - Monolith_Exit A8DC08M3
2025-03-18 04:56:50,623 - INFO - Monolith_Enter AL5KFY97
2025-03-18 04:56:50,685 - INFO - Monolith_Exit AL5KFY97
2025-03-18 04:56:50,689 - INFO - Monolith_Enter UUZZ4B0X
2025-03-18 04:56:50,749 - INFO - Monolith_Exit UUZZ4B0X
2025-03-18 04:56:50,752 - INFO - Monolith_Enter 0G4M0GV5
2025-03-18 04:56:50,812 - INFO - Monolith_Exit 0G4M0GV5
2025-03-18 04:56:50,907 - INFO - Monolith_Enter 2VEK8UTH
2025-03-18 04:56:50,974 - INFO - Monolith_Exit 2VEK8UTH
2025-03-18 04:56:51,126 - INFO - Monolith_Enter QMS0PYXY
2025-03-18 04:56:51,187 - INFO - Monolith_Exit QMS0PYXY
2025-03-18 04:56:51,190 - INFO - Monolith_Enter OVTQYYR5
2025-03-18 04:56:51,252 - INFO - Monolith_Exit OVTQYYR5
2025-03-18 04:56:51,343 - INFO - Monolith_Enter O7Y0UY0G
2025-03-18 04:56:51,404 - INFO - Monolith_Exit O7Y0UY0G
2025-03-18 04:56:51,453 - INFO - Monolith_Enter UNTZK1OK
2025-03-18 04:56:51,515 - INFO - Monolith_Exit UNTZK1OK
2025-03-18 04:56:51,517 - INFO - Monolith_Enter 5H0I15FQ
2025-03-18 04:56:51,581 - INFO - Monolith_Exit 5H0I15FQ
2025-03-18 04:56:51,759 - INFO - Monolith_Enter 2RWU4T3V
2025-03-18 04:56:51,834 - INFO - Monolith_Exit 2RWU4T3V
2025-03-18 04:56:51,934 - INFO - Monolith_Enter 8K77LVD1
2025-03-18 04:56:51,994 - INFO - Monolith_Exit 8K77LVD1
2025-03-18 04:56:52,217 - INFO - Monolith_Enter JSPLTE7R
2025-03-18 04:56:52,278 - INFO - Monolith_Exit JSPLTE7R
2025-03-18 04:56:52,348 - INFO - Monolith_Enter 8HJ1AZQA
2025-03-18 04:56:52,409 - INFO - Monolith_Exit 8HJ1AZQA
2025-03-18 04:56:52,413 - INFO - Monolith_Enter PL3NIACF
2025-03-18 04:56:52,474 - INFO - Monolith_Exit PL3NIACF
2025-03-18 04:56:52,480 - INFO - Monolith_Enter QME5J5RD
2025-03-18 04:56:52,541 - INFO - Monolith_Exit QME5J5RD
2025-03-18 04:56:52,544 - INFO - Monolith_Enter ZCVLF97M
2025-03-18 04:56:52,605 - INFO - Monolith_Exit ZCVLF97M
2025-03-18 04:56:52,607 - INFO - Monolith_Enter DR08UOLK
2025-03-18 04:56:52,663 - INFO - Monolith_Exit DR08UOLK
2025-03-18 04:56:52,698 - INFO - Monolith_Enter KNF6J1SP
2025-03-18 04:56:52,766 - INFO - Monolith_Exit KNF6J1SP
2025-03-18 04:56:52,786 - INFO - Monolith_Enter WMCL2WUH
2025-03-18 04:56:52,849 - INFO - Monolith_Exit WMCL2WUH
2025-03-18 04:56:53,048 - INFO - Monolith_Enter 442XEGAQ
2025-03-18 04:56:53,110 - INFO - Monolith_Exit 442XEGAQ
2025-03-18 04:56:53,113 - INFO - Monolith_Enter 8YZQPHM6
2025-03-18 04:56:53,175 - INFO - Monolith_Exit 8YZQPHM6
2025-03-18 04:56:53,353 - INFO - Monolith_Enter G2E196J4
2025-03-18 04:56:53,414 - INFO - Monolith_Exit G2E196J4
2025-03-18 04:56:53,549 - INFO - Monolith_Enter P00UA6ET
2025-03-18 04:56:53,610 - INFO - Monolith_Exit P00UA6ET
2025-03-18 04:56:53,612 - INFO - Monolith_Enter 54VL4PDF
2025-03-18 04:56:53,676 - INFO - Monolith_Exit 54VL4PDF
2025-03-18 04:56:53,769 - INFO - Monolith_Enter JWBOKZR1
2025-03-18 04:56:53,831 - INFO - Monolith_Exit JWBOKZR1
2025-03-18 04:56:53,836 - INFO - Monolith_Enter M0PL5JN1
Monolith_Enter IWDMOUAT
2025-03-18 04:56:53,935 - INFO - Monolith_Exit M0PL5JN1
Monolith_Exit IWDMOUAT
2025-03-18 04:56:53,938 - INFO - Monolith_Enter GYIN1O76
2025-03-18 04:56:54,004 - INFO - Monolith_Exit GYIN1O76
2025-03-18 04:56:54,006 - INFO - Monolith_Enter JLYQJT2A
2025-03-18 04:56:54,075 - INFO - Monolith_Exit JLYQJT2A
2025-03-18 04:56:54,097 - INFO - Monolith_Enter PBPY4AY4
2025-03-18 04:56:54,168 - INFO - Monolith_Exit PBPY4AY4
2025-03-18 04:56:54,316 - INFO - Monolith_Enter 092BRFXZ
2025-03-18 04:56:54,379 - INFO - Monolith_Exit 092BRFXZ
2025-03-18 04:56:54,446 - INFO - Monolith_Enter YXSUBMM9
2025-03-18 04:56:54,507 - INFO - Monolith_Exit YXSUBMM9
2025-03-18 04:56:54,511 - INFO - Monolith_Enter LXQFYICU
Monolith_Enter 55IGLAIN
2025-03-18 04:56:54,612 - INFO - Monolith_Exit LXQFYICU
Monolith_Exit 55IGLAIN
2025-03-18 04:56:54,615 - INFO - Monolith_Enter V34CEDPE
2025-03-18 04:56:54,679 - INFO - Monolith_Exit V34CEDPE
2025-03-18 04:56:54,752 - INFO - Monolith_Enter HZ9Z4ULZ
2025-03-18 04:56:54,819 - INFO - Monolith_Exit HZ9Z4ULZ
2025-03-18 04:56:55,079 - INFO - Monolith_Enter ACY54M81
2025-03-18 04:56:55,140 - INFO - Monolith_Exit ACY54M81
2025-03-18 04:56:55,275 - INFO - Monolith_Enter TB7H2KRP
2025-03-18 04:56:55,337 - INFO - Monolith_Exit TB7H2KRP
2025-03-18 04:56:55,407 - INFO - Monolith_Enter C9Y8SOAO
2025-03-18 04:56:55,469 - INFO - Monolith_Exit C9Y8SOAO
2025-03-18 04:56:55,559 - INFO - Monolith_Enter Q96IFXKM
2025-03-18 04:56:55,621 - INFO - Monolith_Exit Q96IFXKM
2025-03-18 04:56:55,908 - INFO - Monolith_Enter 1CLYPUAP
2025-03-18 04:56:55,970 - INFO - Monolith_Exit 1CLYPUAP
2025-03-18 04:56:55,972 - INFO - Monolith_Enter LUY71CH4
2025-03-18 04:56:56,035 - INFO - Monolith_Exit LUY71CH4
2025-03-18 04:56:56,192 - INFO - Monolith_Enter L67TK07D
2025-03-18 04:56:56,258 - INFO - Monolith_Exit L67TK07D
2025-03-18 04:56:56,301 - INFO - Monolith_Enter FZXY0KFN
2025-03-18 04:56:56,367 - INFO - Monolith_Exit FZXY0KFN
2025-03-18 04:56:56,495 - INFO - Monolith_Enter FVMRBN4K
2025-03-18 04:56:56,558 - INFO - Monolith_Exit FVMRBN4K
2025-03-18 04:56:56,691 - INFO - Monolith_Enter XCZEAAYB
2025-03-18 04:56:56,756 - INFO - Monolith_Exit XCZEAAYB
2025-03-18 04:56:56,932 - INFO - Monolith_Enter QC2CXSTT
2025-03-18 04:56:57,001 - INFO - Monolith_Exit QC2CXSTT
2025-03-18 04:56:57,041 - INFO - Monolith_Enter VB6531DY
2025-03-18 04:56:57,112 - INFO - Monolith_Exit VB6531DY
2025-03-18 04:56:57,173 - INFO - Monolith_Enter PU13V6GV
2025-03-18 04:56:57,240 - INFO - Monolith_Exit PU13V6GV
2025-03-18 04:56:57,283 - INFO - Monolith_Enter FZ2UXU14
2025-03-18 04:56:57,349 - INFO - Monolith_Exit FZ2UXU14
2025-03-18 04:56:57,415 - INFO - Monolith_Enter CI81OTQT
2025-03-18 04:56:57,478 - INFO - Monolith_Exit CI81OTQT
2025-03-18 04:56:57,480 - INFO - Monolith_Enter JKIY62DK
2025-03-18 04:56:57,541 - INFO - Monolith_Exit JKIY62DK
2025-03-18 04:56:57,543 - INFO - Monolith_Enter IZH1GISA
2025-03-18 04:56:57,605 - INFO - Monolith_Exit IZH1GISA
2025-03-18 04:56:57,765 - INFO - Monolith_Enter 4GWQ5A02
2025-03-18 04:56:57,831 - INFO - Monolith_Exit 4GWQ5A02
2025-03-18 04:56:57,873 - INFO - Monolith_Enter 3PEJV1FE
2025-03-18 04:56:57,936 - INFO - Monolith_Exit 3PEJV1FE
2025-03-18 04:56:58,027 - INFO - Monolith_Enter O77OWZU1
2025-03-18 04:56:58,089 - INFO - Monolith_Exit O77OWZU1
2025-03-18 04:56:58,091 - INFO - Monolith_Enter R61AE4TK
2025-03-18 04:56:58,152 - INFO - Monolith_Exit R61AE4TK
2025-03-18 04:56:58,154 - INFO - Monolith_Enter SIETI1Z4
2025-03-18 04:56:58,215 - INFO - Monolith_Exit SIETI1Z4
2025-03-18 04:56:58,553 - INFO - Monolith_Enter T30LQNFM
2025-03-18 04:56:58,619 - INFO - Monolith_Exit T30LQNFM
2025-03-18 04:56:58,663 - INFO - Monolith_Enter RTDLWSEB
2025-03-18 04:56:58,724 - INFO - Monolith_Exit RTDLWSEB
2025-03-18 04:56:58,904 - INFO - Monolith_Enter XW6F12MB
2025-03-18 04:56:58,965 - INFO - Monolith_Exit XW6F12MB
2025-03-18 04:56:58,968 - INFO - Monolith_Enter 9UBQW2KT
2025-03-18 04:56:59,029 - INFO - Monolith_Exit 9UBQW2KT
2025-03-18 04:56:59,032 - INFO - Monolith_Enter EI8Y7JF2
Monolith_Enter 2C9FMXBJ
2025-03-18 04:56:59,134 - INFO - Monolith_Exit EI8Y7JF2
Monolith_Exit 2C9FMXBJ
2025-03-18 04:56:59,137 - INFO - Monolith_Enter C8N87FTV
Monolith_Enter 9L11ZBZY
2025-03-18 04:56:59,243 - INFO - Monolith_Exit C8N87FTV
Monolith_Exit 9L11ZBZY
2025-03-18 04:56:59,255 - INFO - Monolith_Enter CGBHIWGW
2025-03-18 04:56:59,317 - INFO - Monolith_Exit CGBHIWGW
2025-03-18 04:56:59,319 - INFO - Monolith_Enter VTIWXTW3
2025-03-18 04:56:59,383 - INFO - Monolith_Exit VTIWXTW3
2025-03-18 04:56:59,452 - INFO - Monolith_Enter 7DPDSK07
2025-03-18 04:56:59,518 - INFO - Monolith_Exit 7DPDSK07
2025-03-18 04:56:59,647 - INFO - Monolith_Enter KCG7821H
2025-03-18 04:56:59,709 - INFO - Monolith_Exit KCG7821H
2025-03-18 04:56:59,778 - INFO - Monolith_Enter J6JPJ08Z
2025-03-18 04:56:59,838 - INFO - Monolith_Exit J6JPJ08Z
2025-03-18 04:56:59,840 - INFO - Monolith_Enter PZM5T5S6
2025-03-18 04:56:59,904 - INFO - Monolith_Exit PZM5T5S6
2025-03-18 04:56:59,907 - INFO - Monolith_Enter UF8Q38SP
Monolith_Enter 3IYYU9Q2
2025-03-18 04:57:00,007 - INFO - Monolith_Exit UF8Q38SP
Monolith_Exit 3IYYU9Q2
2025-03-18 04:57:00,011 - INFO - Monolith_Enter JSS18U8S
Monolith_Enter PJB367NH
2025-03-18 04:57:00,113 - INFO - Monolith_Exit JSS18U8S
Monolith_Exit PJB367NH
2025-03-18 04:57:00,194 - INFO - Monolith_Enter D1Y93B4W
2025-03-18 04:57:00,258 - INFO - Monolith_Exit D1Y93B4W
2025-03-18 04:57:00,347 - INFO - Monolith_Enter 0JY656B3
2025-03-18 04:57:00,408 - INFO - Monolith_Exit 0JY656B3
2025-03-18 04:57:00,696 - INFO - Monolith_Enter H2L1SJVY
2025-03-18 04:57:00,758 - INFO - Monolith_Exit H2L1SJVY
2025-03-18 04:57:00,760 - INFO - Monolith_Enter VS3H56A2
2025-03-18 04:57:00,823 - INFO - Monolith_Exit VS3H56A2
2025-03-18 04:57:00,825 - INFO - Monolith_Enter 80LGPQ9Z
2025-03-18 04:57:00,883 - INFO - Monolith_Exit 80LGPQ9Z
2025-03-18 04:57:01,023 - INFO - Monolith_Enter TNLNSU80
2025-03-18 04:57:01,095 - INFO - Monolith_Exit TNLNSU80
2025-03-18 04:57:01,101 - INFO - Monolith_Enter K94LZ29M
Monolith_Enter S3TRUY2F
2025-03-18 04:57:01,203 - INFO - Monolith_Exit K94LZ29M
Monolith_Exit S3TRUY2F
2025-03-18 04:57:01,206 - INFO - Monolith_Enter 3V49EDGK
2025-03-18 04:57:01,270 - INFO - Monolith_Exit 3V49EDGK
2025-03-18 04:57:01,328 - INFO - Monolith_Enter 5N6MEY8W
2025-03-18 04:57:01,398 - INFO - Monolith_Exit 5N6MEY8W
2025-03-18 04:57:01,400 - INFO - Monolith_Enter SNR1OQM4
2025-03-18 04:57:01,465 - INFO - Monolith_Exit SNR1OQM4
2025-03-18 04:57:01,467 - INFO - Monolith_Enter M6KYS7OR
2025-03-18 04:57:01,529 - INFO - Monolith_Exit M6KYS7OR
2025-03-18 04:57:01,939 - INFO - Monolith_Enter UP3PXSFW
2025-03-18 04:57:02,003 - INFO - Monolith_Exit UP3PXSFW
2025-03-18 04:57:02,006 - INFO - Monolith_Enter X1GM568R
2025-03-18 04:57:02,066 - INFO - Monolith_Exit X1GM568R
2025-03-18 04:57:02,069 - INFO - Monolith_Enter BK1IKZTW
2025-03-18 04:57:02,131 - INFO - Monolith_Exit BK1IKZTW
2025-03-18 04:57:02,137 - INFO - Monolith_Enter TIG9A35K
2025-03-18 04:57:02,206 - INFO - Monolith_Exit TIG9A35K
2025-03-18 04:57:02,209 - INFO - Monolith_Enter REWIHKLO
2025-03-18 04:57:02,271 - INFO - Monolith_Exit REWIHKLO
2025-03-18 04:57:02,311 - INFO - Monolith_Enter A7MZIAGI
2025-03-18 04:57:02,372 - INFO - Monolith_Exit A7MZIAGI
2025-03-18 04:57:02,639 - INFO - Monolith_Enter UCQZC3B5
2025-03-18 04:57:02,702 - INFO - Monolith_Exit UCQZC3B5
2025-03-18 04:57:02,705 - INFO - Monolith_Enter QB3K6SMG
2025-03-18 04:57:02,767 - INFO - Monolith_Exit QB3K6SMG
2025-03-18 04:57:03,142 - INFO - Monolith_Enter KFDBLY5Q
2025-03-18 04:57:03,205 - INFO - Monolith_Exit KFDBLY5Q
2025-03-18 04:57:03,207 - INFO - Monolith_Enter ECZZEQW9
2025-03-18 04:57:03,271 - INFO - Monolith_Exit ECZZEQW9
2025-03-18 04:57:03,295 - INFO - Monolith_Enter IBUJAGP9
2025-03-18 04:57:03,356 - INFO - Monolith_Exit IBUJAGP9
2025-03-18 04:57:03,361 - INFO - Monolith_Enter A4UOMA3R
2025-03-18 04:57:03,422 - INFO - Monolith_Exit A4UOMA3R
2025-03-18 04:57:03,776 - INFO - Monolith_Enter FJ486NCF
2025-03-18 04:57:03,839 - INFO - Monolith_Exit FJ486NCF
2025-03-18 04:57:03,841 - INFO - Monolith_Enter BI1A1QFR
2025-03-18 04:57:03,907 - INFO - Monolith_Exit BI1A1QFR
2025-03-18 04:57:03,909 - INFO - Monolith_Enter SBQYM93S
2025-03-18 04:57:03,971 - INFO - Monolith_Exit SBQYM93S
2025-03-18 04:57:04,103 - INFO - Monolith_Enter 43TTQ049
2025-03-18 04:57:04,172 - INFO - Monolith_Exit 43TTQ049
2025-03-18 04:57:04,190 - INFO - Monolith_Enter UQ9V2LOO
2025-03-18 04:57:04,253 - INFO - Monolith_Exit UQ9V2LOO
2025-03-18 04:57:04,539 - INFO - Monolith_Enter TYMGQR8D
2025-03-18 04:57:04,601 - INFO - Monolith_Exit TYMGQR8D
2025-03-18 04:57:04,605 - INFO - Monolith_Enter FGNPU172
2025-03-18 04:57:04,666 - INFO - Monolith_Exit FGNPU172
2025-03-18 04:57:04,757 - INFO - Monolith_Enter P2ZGHCQ9
2025-03-18 04:57:04,818 - INFO - Monolith_Exit P2ZGHCQ9
2025-03-18 04:57:04,820 - INFO - Monolith_Enter RFGHBQBQ
2025-03-18 04:57:04,882 - INFO - Monolith_Exit RFGHBQBQ
2025-03-18 04:57:04,884 - INFO - Monolith_Enter 1TWSQENJ
Monolith_Enter L3SLT8A2
2025-03-18 04:57:04,985 - INFO - Monolith_Exit 1TWSQENJ
Monolith_Exit L3SLT8A2
2025-03-18 04:57:05,021 - INFO - Monolith_Enter 7BN8DS9G
2025-03-18 04:57:05,084 - INFO - Monolith_Exit 7BN8DS9G
2025-03-18 04:57:05,130 - INFO - Monolith_Enter 9RAC33DZ
2025-03-18 04:57:05,192 - INFO - Monolith_Exit 9RAC33DZ
2025-03-18 04:57:05,196 - INFO - Monolith_Enter 09T3LEY6
2025-03-18 04:57:05,258 - INFO - Monolith_Exit 09T3LEY6
2025-03-18 04:57:05,260 - INFO - Monolith_Enter BR54XU2E
2025-03-18 04:57:05,322 - INFO - Monolith_Exit BR54XU2E
2025-03-18 04:57:05,544 - INFO - Monolith_Enter O51TDQ1R
2025-03-18 04:57:05,611 - INFO - Monolith_Exit O51TDQ1R
2025-03-18 04:57:05,676 - INFO - Monolith_Enter PXK9N791
2025-03-18 04:57:05,738 - INFO - Monolith_Exit PXK9N791
2025-03-18 04:57:05,740 - INFO - Monolith_Enter 7D4OO2HA
2025-03-18 04:57:05,802 - INFO - Monolith_Exit 7D4OO2HA
2025-03-18 04:57:06,091 - INFO - Monolith_Enter L61FEOKW
2025-03-18 04:57:06,153 - INFO - Monolith_Exit L61FEOKW
2025-03-18 04:57:06,199 - INFO - Monolith_Enter PLZ49OAA
2025-03-18 04:57:06,260 - INFO - Monolith_Exit PLZ49OAA
2025-03-18 04:57:06,445 - INFO - Monolith_Enter EGX0CX1L
2025-03-18 04:57:06,506 - INFO - Monolith_Exit EGX0CX1L
2025-03-18 04:57:06,509 - INFO - Monolith_Enter 05KVFQVL
2025-03-18 04:57:06,572 - INFO - Monolith_Exit 05KVFQVL
2025-03-18 04:57:06,641 - INFO - Monolith_Enter 8YHCBHX9
2025-03-18 04:57:06,702 - INFO - Monolith_Exit 8YHCBHX9
2025-03-18 04:57:06,772 - INFO - Monolith_Enter PXW8ODHU
2025-03-18 04:57:06,833 - INFO - Monolith_Exit PXW8ODHU
2025-03-18 04:57:06,836 - INFO - Monolith_Enter 2HS6AKR1
2025-03-18 04:57:06,899 - INFO - Monolith_Exit 2HS6AKR1
2025-03-18 04:57:06,969 - INFO - Monolith_Enter AXI0YSTE
2025-03-18 04:57:07,033 - INFO - Monolith_Exit AXI0YSTE
2025-03-18 04:57:07,057 - INFO - Monolith_Enter ZHUGB6GK
2025-03-18 04:57:07,119 - INFO - Monolith_Exit ZHUGB6GK
2025-03-18 04:57:07,121 - INFO - Monolith_Enter 5K5H42SH
2025-03-18 04:57:07,186 - INFO - Monolith_Exit 5K5H42SH
2025-03-18 04:57:07,255 - INFO - Monolith_Enter 04EI9SXY
2025-03-18 04:57:07,322 - INFO - Monolith_Exit 04EI9SXY
2025-03-18 04:57:07,324 - INFO - Monolith_Enter D33HXJ1D
2025-03-18 04:57:07,387 - INFO - Monolith_Exit D33HXJ1D
2025-03-18 04:57:07,390 - INFO - Monolith_Enter V7AHLIUG
Monolith_Enter FY0ERXWN
2025-03-18 04:57:07,491 - INFO - Monolith_Exit V7AHLIUG
Monolith_Exit FY0ERXWN
2025-03-18 04:57:07,493 - INFO - Monolith_Enter FTO4K39K
2025-03-18 04:57:07,567 - INFO - Monolith_Exit FTO4K39K
2025-03-18 04:57:07,569 - INFO - Monolith_Enter 4H833FN1
2025-03-18 04:57:07,627 - INFO - Monolith_Exit 4H833FN1
2025-03-18 04:57:07,911 - INFO - Monolith_Enter 28WXOQJV
2025-03-18 04:57:07,976 - INFO - Monolith_Exit 28WXOQJV
2025-03-18 04:57:08,106 - INFO - Monolith_Enter 60YSDGZG
2025-03-18 04:57:08,168 - INFO - Monolith_Exit 60YSDGZG
2025-03-18 04:57:08,171 - INFO - Monolith_Enter F7QN86X5
2025-03-18 04:57:08,232 - INFO - Monolith_Exit F7QN86X5
2025-03-18 04:57:08,236 - INFO - Monolith_Enter Y2YDQ76G
2025-03-18 04:57:08,298 - INFO - Monolith_Exit Y2YDQ76G
2025-03-18 04:57:08,301 - INFO - Monolith_Enter EAWZ2BV7
2025-03-18 04:57:08,364 - INFO - Monolith_Exit EAWZ2BV7
2025-03-18 04:57:08,804 - INFO - Monolith_Enter JM21VKTN
2025-03-18 04:57:08,872 - INFO - Monolith_Exit JM21VKTN
2025-03-18 04:57:08,956 - INFO - Monolith_Enter U472YH9W
2025-03-18 04:57:09,019 - INFO - Monolith_Exit U472YH9W
2025-03-18 04:57:09,108 - INFO - Monolith_Enter F7N22OJP
2025-03-18 04:57:09,169 - INFO - Monolith_Exit F7N22OJP
2025-03-18 04:57:09,195 - INFO - Monolith_Enter L9DO95ZO
2025-03-18 04:57:09,257 - INFO - Monolith_Exit L9DO95ZO
2025-03-18 04:57:09,259 - INFO - Monolith_Enter DG3KG81U
2025-03-18 04:57:09,322 - INFO - Monolith_Exit DG3KG81U
2025-03-18 04:57:09,391 - INFO - Monolith_Enter TQNF69SD
2025-03-18 04:57:09,452 - INFO - Monolith_Exit TQNF69SD
2025-03-18 04:57:09,456 - INFO - Monolith_Enter UV3MI8PT
2025-03-18 04:57:09,517 - INFO - Monolith_Exit UV3MI8PT
2025-03-18 04:57:09,609 - INFO - Monolith_Enter JV93YS3T
2025-03-18 04:57:09,669 - INFO - Monolith_Exit JV93YS3T
2025-03-18 04:57:09,783 - INFO - Monolith_Enter 2EKKRWW3
2025-03-18 04:57:09,844 - INFO - Monolith_Exit 2EKKRWW3
2025-03-18 04:57:10,001 - INFO - Monolith_Enter 1PNVSPBN
2025-03-18 04:57:10,065 - INFO - Monolith_Exit 1PNVSPBN
2025-03-18 04:57:10,069 - INFO - Monolith_Enter DC0Q9ICP
Monolith_Enter 14UR2X7K
2025-03-18 04:57:10,170 - INFO - Monolith_Exit DC0Q9ICP
Monolith_Exit 14UR2X7K
2025-03-18 04:57:10,172 - INFO - Monolith_Enter THQ3WXU9
2025-03-18 04:57:10,235 - INFO - Monolith_Exit THQ3WXU9
2025-03-18 04:57:10,459 - INFO - Monolith_Enter 3GVPTY71
2025-03-18 04:57:10,526 - INFO - Monolith_Exit 3GVPTY71
2025-03-18 04:57:10,546 - INFO - Monolith_Enter D9J4GFHQ
2025-03-18 04:57:10,606 - INFO - Monolith_Exit D9J4GFHQ
2025-03-18 04:57:10,632 - INFO - Monolith_Enter E0I515RB
2025-03-18 04:57:10,695 - INFO - Monolith_Exit E0I515RB
2025-03-18 04:57:10,698 - INFO - Monolith_Enter XT5E71CL
Monolith_Enter T7TIUB17
2025-03-18 04:57:10,799 - INFO - Monolith_Exit XT5E71CL
Monolith_Exit T7TIUB17
2025-03-18 04:57:10,874 - INFO - Monolith_Enter IST1DJ5S
2025-03-18 04:57:10,936 - INFO - Monolith_Exit IST1DJ5S
2025-03-18 04:57:10,939 - INFO - Monolith_Enter 9JS49ER3
2025-03-18 04:57:11,002 - INFO - Monolith_Exit 9JS49ER3
2025-03-18 04:57:11,004 - INFO - Monolith_Enter 7YOSWMFT
Monolith_Enter T5UVO5A0
2025-03-18 04:57:11,109 - INFO - Monolith_Exit 7YOSWMFT
Monolith_Exit T5UVO5A0
2025-03-18 04:57:11,111 - INFO - Monolith_Enter 1P3I9RPC
2025-03-18 04:57:11,175 - INFO - Monolith_Exit 1P3I9RPC
2025-03-18 04:57:11,243 - INFO - Monolith_Enter 1JCEZY8M
2025-03-18 04:57:11,310 - INFO - Monolith_Exit 1JCEZY8M
2025-03-18 04:57:11,460 - INFO - Monolith_Enter 19IUGD8W
2025-03-18 04:57:11,522 - INFO - Monolith_Exit 19IUGD8W
2025-03-18 04:57:11,590 - INFO - Monolith_Enter 9609B3BV
2025-03-18 04:57:11,653 - INFO - Monolith_Exit 9609B3BV
2025-03-18 04:57:11,852 - INFO - Monolith_Enter NBWD4QMV
2025-03-18 04:57:11,914 - INFO - Monolith_Exit NBWD4QMV
2025-03-18 04:57:12,354 - INFO - Monolith_Enter DIAFTAYA
2025-03-18 04:57:12,423 - INFO - Monolith_Exit DIAFTAYA
2025-03-18 04:57:12,425 - INFO - Monolith_Enter XWUYCP61
2025-03-18 04:57:12,489 - INFO - Monolith_Exit XWUYCP61
2025-03-18 04:57:12,528 - INFO - Monolith_Enter RIVPM5K4
2025-03-18 04:57:12,597 - INFO - Monolith_Exit RIVPM5K4
2025-03-18 04:57:12,599 - INFO - Monolith_Enter 0HTVE3UM
2025-03-18 04:57:12,672 - INFO - Monolith_Exit 0HTVE3UM
2025-03-18 04:57:12,675 - INFO - Monolith_Enter PMPVSDOB
2025-03-18 04:57:12,738 - INFO - Monolith_Exit PMPVSDOB
2025-03-18 04:57:12,769 - INFO - Monolith_Enter B9Y6ZEJX
2025-03-18 04:57:12,831 - INFO - Monolith_Exit B9Y6ZEJX
2025-03-18 04:57:13,009 - INFO - Monolith_Enter QNH3O4JC
2025-03-18 04:57:13,072 - INFO - Monolith_Exit QNH3O4JC
2025-03-18 04:57:13,074 - INFO - Monolith_Enter L9P1MLMM
2025-03-18 04:57:13,139 - INFO - Monolith_Exit L9P1MLMM
2025-03-18 04:57:13,272 - INFO - Monolith_Enter OFYFW3JH
2025-03-18 04:57:13,334 - INFO - Monolith_Exit OFYFW3JH
2025-03-18 04:57:13,424 - INFO - Monolith_Enter UXGDAJ50
2025-03-18 04:57:13,484 - INFO - Monolith_Exit UXGDAJ50
2025-03-18 04:57:13,487 - INFO - Monolith_Enter 0VSNTPDF
2025-03-18 04:57:13,548 - INFO - Monolith_Exit 0VSNTPDF
2025-03-18 04:57:13,550 - INFO - Monolith_Enter 096QDWO7
2025-03-18 04:57:13,615 - INFO - Monolith_Exit 096QDWO7
2025-03-18 04:57:13,642 - INFO - Monolith_Enter NQ9373OU
2025-03-18 04:57:13,708 - INFO - Monolith_Exit NQ9373OU
2025-03-18 04:57:13,751 - INFO - Monolith_Enter K4COMQO6
2025-03-18 04:57:13,814 - INFO - Monolith_Exit K4COMQO6
2025-03-18 04:57:13,818 - INFO - Monolith_Enter SAXJ4YMQ
2025-03-18 04:57:13,879 - INFO - Monolith_Exit SAXJ4YMQ
2025-03-18 04:57:13,882 - INFO - Monolith_Enter 9FK8QRS9
2025-03-18 04:57:13,942 - INFO - Monolith_Exit 9FK8QRS9
2025-03-18 04:57:14,036 - INFO - Monolith_Enter ZFCR22JX
2025-03-18 04:57:14,097 - INFO - Monolith_Exit ZFCR22JX
2025-03-18 04:57:14,101 - INFO - Monolith_Enter FWDPH7BQ
2025-03-18 04:57:14,167 - INFO - Monolith_Exit FWDPH7BQ
2025-03-18 04:57:14,275 - INFO - Monolith_Enter NKSRWYAQ
2025-03-18 04:57:14,337 - INFO - Monolith_Exit NKSRWYAQ
2025-03-18 04:57:14,582 - INFO - Monolith_Enter PK9YJBZS
2025-03-18 04:57:14,645 - INFO - Monolith_Exit PK9YJBZS
2025-03-18 04:57:14,647 - INFO - Monolith_Enter CDMC15YX
2025-03-18 04:57:14,714 - INFO - Monolith_Exit CDMC15YX
2025-03-18 04:57:14,866 - INFO - Monolith_Enter 1EXXZRW8
2025-03-18 04:57:14,929 - INFO - Monolith_Exit 1EXXZRW8
2025-03-18 04:57:15,085 - INFO - Monolith_Enter KPE2Y2UF
2025-03-18 04:57:15,146 - INFO - Monolith_Exit KPE2Y2UF
2025-03-18 04:57:15,148 - INFO - Monolith_Enter B7AFCX9V
2025-03-18 04:57:15,210 - INFO - Monolith_Exit B7AFCX9V
2025-03-18 04:57:15,260 - INFO - Monolith_Enter D3PUTK15
2025-03-18 04:57:15,326 - INFO - Monolith_Exit D3PUTK15
2025-03-18 04:57:15,329 - INFO - Monolith_Enter XQAKK5ZZ
Monolith_Enter U5H0EXAK
2025-03-18 04:57:15,436 - INFO - Monolith_Exit XQAKK5ZZ
Monolith_Exit U5H0EXAK
2025-03-18 04:57:15,439 - INFO - Monolith_Enter RO1O6QJ7
Monolith_Enter 3EJC8UNF
2025-03-18 04:57:15,550 - INFO - Monolith_Exit RO1O6QJ7
Monolith_Exit 3EJC8UNF
2025-03-18 04:57:15,553 - INFO - Monolith_Enter FZTOOYJP
2025-03-18 04:57:15,616 - INFO - Monolith_Exit FZTOOYJP
2025-03-18 04:57:15,632 - INFO - Monolith_Enter 9N1A8TBM
2025-03-18 04:57:15,699 - INFO - Monolith_Exit 9N1A8TBM
2025-03-18 04:57:15,702 - INFO - Monolith_Enter X0CAH1HU
2025-03-18 04:57:15,763 - INFO - Monolith_Exit X0CAH1HU
2025-03-18 04:57:15,917 - INFO - Monolith_Enter Q92SGNST
2025-03-18 04:57:15,978 - INFO - Monolith_Exit Q92SGNST
2025-03-18 04:57:15,981 - INFO - Monolith_Enter 10WY7LX0
2025-03-18 04:57:16,043 - INFO - Monolith_Exit 10WY7LX0
2025-03-18 04:57:16,046 - INFO - Monolith_Enter QGAT9LCX
Monolith_Enter J6X68C3R
2025-03-18 04:57:16,147 - INFO - Monolith_Exit QGAT9LCX
Monolith_Exit J6X68C3R
2025-03-18 04:57:16,181 - INFO - Monolith_Enter YHPWVM8V
2025-03-18 04:57:16,243 - INFO - Monolith_Exit YHPWVM8V
2025-03-18 04:57:16,245 - INFO - Monolith_Enter X4GIZJ7M
2025-03-18 04:57:16,309 - INFO - Monolith_Exit X4GIZJ7M
2025-03-18 04:57:16,639 - INFO - Monolith_Enter I5G4Z8O7
2025-03-18 04:57:16,708 - INFO - Monolith_Exit I5G4Z8O7
2025-03-18 04:57:16,711 - INFO - Monolith_Enter 8K2UUYK3
Monolith_Enter 6V6PDQ5M
2025-03-18 04:57:16,814 - INFO - Monolith_Exit 8K2UUYK3
Monolith_Exit 6V6PDQ5M
2025-03-18 04:57:16,817 - INFO - Monolith_Enter HBEX9Z98
Monolith_Enter XLPW5ROO
Monolith_Enter BW1JSLGV
2025-03-18 04:57:16,967 - INFO - Monolith_Exit HBEX9Z98
Monolith_Exit XLPW5ROO
Monolith_Exit BW1JSLGV
2025-03-18 04:57:16,971 - INFO - Monolith_Enter WMWXQ4ZV
Monolith_Enter IY8ML8SF
Monolith_Enter C7UR6ORE
2025-03-18 04:57:17,114 - INFO - Monolith_Exit WMWXQ4ZV
Monolith_Exit IY8ML8SF
Monolith_Exit C7UR6ORE
2025-03-18 04:57:17,117 - INFO - Monolith_Enter DDU60ATF
2025-03-18 04:57:17,185 - INFO - Monolith_Exit DDU60ATF
2025-03-18 04:57:17,188 - INFO - Monolith_Enter 9UH2DX7Q
Monolith_Enter H9NDZWO2
2025-03-18 04:57:17,295 - INFO - Monolith_Exit 9UH2DX7Q
Monolith_Exit H9NDZWO2
2025-03-18 04:57:17,299 - INFO - Monolith_Enter 0HRCXGGN
Monolith_Enter AOEWWWGL
Monolith_Enter AEGT0PYQ
2025-03-18 04:57:17,442 - INFO - Monolith_Exit 0HRCXGGN
Monolith_Exit AOEWWWGL
Monolith_Exit AEGT0PYQ
2025-03-18 04:57:17,447 - INFO - Monolith_Enter LFL25P8A
2025-03-18 04:57:17,510 - INFO - Monolith_Exit LFL25P8A
2025-03-18 04:57:17,553 - INFO - Monolith_Enter ME756Y2W
2025-03-18 04:57:17,621 - INFO - Monolith_Exit ME756Y2W
2025-03-18 04:57:18,054 - INFO - Monolith_Enter UH0OK5WX
2025-03-18 04:57:18,117 - INFO - Monolith_Exit UH0OK5WX
2025-03-18 04:57:18,185 - INFO - Monolith_Enter HA18WZXM
2025-03-18 04:57:18,248 - INFO - Monolith_Exit HA18WZXM
2025-03-18 04:57:18,294 - INFO - Monolith_Enter NE4KD9HT
2025-03-18 04:57:18,356 - INFO - Monolith_Exit NE4KD9HT
2025-03-18 04:57:18,446 - INFO - Monolith_Enter TFFEP01W
2025-03-18 04:57:18,508 - INFO - Monolith_Exit TFFEP01W
2025-03-18 04:57:18,599 - INFO - Monolith_Enter YXNSJKU3
2025-03-18 04:57:18,661 - INFO - Monolith_Exit YXNSJKU3
2025-03-18 04:57:18,818 - INFO - Monolith_Enter FC1NM894
2025-03-18 04:57:18,879 - INFO - Monolith_Exit FC1NM894
2025-03-18 04:57:18,927 - INFO - Monolith_Enter A6MH7AKW
2025-03-18 04:57:18,990 - INFO - Monolith_Exit A6MH7AKW
2025-03-18 04:57:18,992 - INFO - Monolith_Enter NX5LHCAB
2025-03-18 04:57:19,053 - INFO - Monolith_Exit NX5LHCAB
2025-03-18 04:57:19,056 - INFO - Monolith_Enter KGEPC3MO
Monolith_Enter UC04TG1J
2025-03-18 04:57:19,154 - INFO - Monolith_Exit KGEPC3MO
Monolith_Exit UC04TG1J
2025-03-18 04:57:19,156 - INFO - Monolith_Enter F440YATQ
2025-03-18 04:57:19,219 - INFO - Monolith_Exit F440YATQ
2025-03-18 04:57:19,365 - INFO - Monolith_Enter LNAQS6UI
2025-03-18 04:57:19,432 - INFO - Monolith_Exit LNAQS6UI
2025-03-18 04:57:19,434 - INFO - Monolith_Enter 7H48LM5L
2025-03-18 04:57:19,497 - INFO - Monolith_Exit 7H48LM5L
2025-03-18 04:57:19,801 - INFO - Monolith_Enter 7DX6E2AY
2025-03-18 04:57:19,862 - INFO - Monolith_Exit 7DX6E2AY
2025-03-18 04:57:19,910 - INFO - Monolith_Enter XFWCMNAO
2025-03-18 04:57:19,971 - INFO - Monolith_Exit XFWCMNAO
2025-03-18 04:57:20,195 - INFO - Monolith_Enter DZQ02EL1
2025-03-18 04:57:20,255 - INFO - Monolith_Exit DZQ02EL1
2025-03-18 04:57:20,305 - INFO - Monolith_Enter XLF4QN42
2025-03-18 04:57:20,365 - INFO - Monolith_Exit XLF4QN42
2025-03-18 04:57:20,393 - INFO - Monolith_Enter 1P0UTQF6
2025-03-18 04:57:20,454 - INFO - Monolith_Exit 1P0UTQF6
2025-03-18 04:57:20,480 - INFO - Monolith_Enter 693MGTA5
2025-03-18 04:57:20,541 - INFO - Monolith_Exit 693MGTA5
2025-03-18 04:57:20,544 - INFO - Monolith_Enter 9G7RFFG1
2025-03-18 04:57:20,605 - INFO - Monolith_Exit 9G7RFFG1
2025-03-18 04:57:20,611 - INFO - Monolith_Enter JCRWVSI5
2025-03-18 04:57:20,677 - INFO - Monolith_Exit JCRWVSI5
2025-03-18 04:57:20,680 - INFO - Monolith_Enter FRDRPEUP
Monolith_Enter HWN0NYL3
2025-03-18 04:57:20,779 - INFO - Monolith_Exit FRDRPEUP
Monolith_Exit HWN0NYL3
2025-03-18 04:57:20,782 - INFO - Monolith_Enter MRCG4U8I
2025-03-18 04:57:20,847 - INFO - Monolith_Exit MRCG4U8I
2025-03-18 04:57:20,849 - INFO - Monolith_Enter LU2C5UE1
2025-03-18 04:57:20,911 - INFO - Monolith_Exit LU2C5UE1
2025-03-18 04:57:20,963 - INFO - Monolith_Enter 2QK4TWZ5
2025-03-18 04:57:21,029 - INFO - Monolith_Exit 2QK4TWZ5
2025-03-18 04:57:21,162 - INFO - Monolith_Enter VOEXME1N
2025-03-18 04:57:21,226 - INFO - Monolith_Exit VOEXME1N
2025-03-18 04:57:21,228 - INFO - Monolith_Enter 44TPYYH5
2025-03-18 04:57:21,288 - INFO - Monolith_Exit 44TPYYH5
2025-03-18 04:57:21,378 - INFO - Monolith_Enter 1NVZ8I26
2025-03-18 04:57:21,438 - INFO - Monolith_Exit 1NVZ8I26
2025-03-18 04:57:21,856 - INFO - Monolith_Enter CIN1IBDM
2025-03-18 04:57:21,920 - INFO - Monolith_Exit CIN1IBDM
2025-03-18 04:57:21,966 - INFO - Monolith_Enter KZLQ0PVG
2025-03-18 04:57:22,027 - INFO - Monolith_Exit KZLQ0PVG
2025-03-18 04:57:22,270 - INFO - Monolith_Enter Q7UO1CK4
2025-03-18 04:57:22,335 - INFO - Monolith_Exit Q7UO1CK4
2025-03-18 04:57:22,512 - INFO - Monolith_Enter 359IMF99
2025-03-18 04:57:22,573 - INFO - Monolith_Exit 359IMF99
2025-03-18 04:57:22,731 - INFO - Monolith_Enter 2OOADRFT
2025-03-18 04:57:22,811 - INFO - Monolith_Exit 2OOADRFT
2025-03-18 04:57:22,862 - INFO - Monolith_Enter D6X7FYF8
2025-03-18 04:57:22,939 - INFO - Monolith_Exit D6X7FYF8
2025-03-18 04:57:22,971 - INFO - Monolith_Enter M5DQN1TX
2025-03-18 04:57:23,046 - INFO - Monolith_Exit M5DQN1TX
2025-03-18 04:57:23,048 - INFO - Monolith_Enter MB44SAGG
2025-03-18 04:57:23,122 - INFO - Monolith_Exit MB44SAGG
2025-03-18 04:57:23,124 - INFO - Monolith_Enter 7XYR5UL0
2025-03-18 04:57:23,188 - INFO - Monolith_Exit 7XYR5UL0
2025-03-18 04:57:23,190 - INFO - Monolith_Enter 0RDJPYMX
Monolith_Enter A2AT5RUB
2025-03-18 04:57:23,290 - INFO - Monolith_Exit 0RDJPYMX
Monolith_Exit A2AT5RUB
2025-03-18 04:57:23,322 - INFO - Monolith_Enter D8AFIFL4
2025-03-18 04:57:23,386 - INFO - Monolith_Exit D8AFIFL4
2025-03-18 04:57:23,410 - INFO - Monolith_Enter MMFAVBB4
2025-03-18 04:57:23,471 - INFO - Monolith_Exit MMFAVBB4
2025-03-18 04:57:23,518 - INFO - Monolith_Enter DQKCNNII
2025-03-18 04:57:23,579 - INFO - Monolith_Exit DQKCNNII
2025-03-18 04:57:23,581 - INFO - Monolith_Enter BK3CJS72
2025-03-18 04:57:23,648 - INFO - Monolith_Exit BK3CJS72
2025-03-18 04:57:23,714 - INFO - Monolith_Enter F92BJATO
2025-03-18 04:57:23,779 - INFO - Monolith_Exit F92BJATO
2025-03-18 04:57:23,781 - INFO - Monolith_Enter D999PUXT
2025-03-18 04:57:23,845 - INFO - Monolith_Exit D999PUXT
2025-03-18 04:57:23,847 - INFO - Monolith_Enter IKU0FHB7
Monolith_Enter CQVUS12K
2025-03-18 04:57:23,951 - INFO - Monolith_Exit IKU0FHB7
Monolith_Exit CQVUS12K
2025-03-18 04:57:23,955 - INFO - Monolith_Enter J2KMZT6J
Monolith_Enter KW3XY745
2025-03-18 04:57:24,057 - INFO - Monolith_Exit J2KMZT6J
Monolith_Exit KW3XY745
2025-03-18 04:57:24,060 - INFO - Monolith_Enter MSGPOGKO
2025-03-18 04:57:24,125 - INFO - Monolith_Exit MSGPOGKO
2025-03-18 04:57:24,128 - INFO - Monolith_Enter 1IFBKWKR
Monolith_Enter LA9Q5RNA
2025-03-18 04:57:24,227 - INFO - Monolith_Exit 1IFBKWKR
Monolith_Exit LA9Q5RNA
2025-03-18 04:57:24,281 - INFO - Monolith_Enter UWLUO77T
2025-03-18 04:57:24,343 - INFO - Monolith_Exit UWLUO77T
2025-03-18 04:57:24,522 - INFO - Monolith_Enter H2JAPPRW
2025-03-18 04:57:24,582 - INFO - Monolith_Exit H2JAPPRW
2025-03-18 04:57:24,584 - INFO - Monolith_Enter IBUVUF8W
2025-03-18 04:57:24,645 - INFO - Monolith_Exit IBUVUF8W
2025-03-18 04:57:24,647 - INFO - Monolith_Enter NWWIP0JG
2025-03-18 04:57:24,708 - INFO - Monolith_Exit NWWIP0JG
2025-03-18 04:57:24,720 - INFO - Monolith_Enter DKMTDFZ9
2025-03-18 04:57:24,786 - INFO - Monolith_Exit DKMTDFZ9
2025-03-18 04:57:24,960 - INFO - Monolith_Enter 2E1OPB05
2025-03-18 04:57:25,021 - INFO - Monolith_Exit 2E1OPB05
2025-03-18 04:57:25,023 - INFO - Monolith_Enter D20N3YQ8
2025-03-18 04:57:25,087 - INFO - Monolith_Exit D20N3YQ8
2025-03-18 04:57:25,266 - INFO - Monolith_Enter IP4HT3AL
2025-03-18 04:57:25,328 - INFO - Monolith_Exit IP4HT3AL
2025-03-18 04:57:25,330 - INFO - Monolith_Enter USBUNFO9
2025-03-18 04:57:25,392 - INFO - Monolith_Exit USBUNFO9
2025-03-18 04:57:25,394 - INFO - Monolith_Enter FLT0GYKO
2025-03-18 04:57:25,459 - INFO - Monolith_Exit FLT0GYKO
2025-03-18 04:57:25,462 - INFO - Monolith_Enter JNR491W9
2025-03-18 04:57:25,525 - INFO - Monolith_Exit JNR491W9
2025-03-18 04:57:25,615 - INFO - Monolith_Enter EI9ZIO4X
2025-03-18 04:57:25,682 - INFO - Monolith_Exit EI9ZIO4X
2025-03-18 04:57:25,686 - INFO - Monolith_Enter MF4IYIVJ
2025-03-18 04:57:25,747 - INFO - Monolith_Exit MF4IYIVJ
2025-03-18 04:57:25,899 - INFO - Monolith_Enter 9PKOJIR0
2025-03-18 04:57:25,960 - INFO - Monolith_Exit 9PKOJIR0
2025-03-18 04:57:25,965 - INFO - Monolith_Enter A51NZTRJ
2025-03-18 04:57:26,030 - INFO - Monolith_Exit A51NZTRJ
2025-03-18 04:57:26,033 - INFO - Monolith_Enter GEJ1NF8B
2025-03-18 04:57:26,097 - INFO - Monolith_Exit GEJ1NF8B
2025-03-18 04:57:26,100 - INFO - Monolith_Enter G5PXYLSR
2025-03-18 04:57:26,168 - INFO - Monolith_Exit G5PXYLSR
2025-03-18 04:57:26,171 - INFO - Monolith_Enter Q8Z8ILDD
2025-03-18 04:57:26,238 - INFO - Monolith_Exit Q8Z8ILDD
2025-03-18 04:57:26,241 - INFO - Monolith_Enter QV7PV95T
2025-03-18 04:57:26,308 - INFO - Monolith_Exit QV7PV95T
2025-03-18 04:57:26,310 - INFO - Monolith_Enter W7GNDSOJ
2025-03-18 04:57:26,377 - INFO - Monolith_Exit W7GNDSOJ
2025-03-18 04:57:26,379 - INFO - Monolith_Enter 05IQC21Z
2025-03-18 04:57:26,442 - INFO - Monolith_Exit 05IQC21Z
2025-03-18 04:57:26,446 - INFO - Monolith_Enter XGAE3J1Y
2025-03-18 04:57:26,513 - INFO - Monolith_Exit XGAE3J1Y
2025-03-18 04:57:26,555 - INFO - Monolith_Enter SJN91Y63
2025-03-18 04:57:26,617 - INFO - Monolith_Exit SJN91Y63
2025-03-18 04:57:26,619 - INFO - Monolith_Enter TMK1G738
2025-03-18 04:57:26,683 - INFO - Monolith_Exit TMK1G738
2025-03-18 04:57:26,861 - INFO - Monolith_Enter XNIBP7IE
2025-03-18 04:57:26,923 - INFO - Monolith_Exit XNIBP7IE
2025-03-18 04:57:27,011 - INFO - Monolith_Enter AWDD7ALG
2025-03-18 04:57:27,072 - INFO - Monolith_Exit AWDD7ALG
2025-03-18 04:57:27,075 - INFO - Monolith_Enter UFNMUICP
2025-03-18 04:57:27,137 - INFO - Monolith_Exit UFNMUICP
2025-03-18 04:57:27,139 - INFO - Monolith_Enter RQEZCPNR
2025-03-18 04:57:27,201 - INFO - Monolith_Exit RQEZCPNR
2025-03-18 04:57:27,203 - INFO - Monolith_Enter 1M0CXSK2
2025-03-18 04:57:27,265 - INFO - Monolith_Exit 1M0CXSK2
2025-03-18 04:57:27,405 - INFO - Monolith_Enter Q1A6YTOD
2025-03-18 04:57:27,471 - INFO - Monolith_Exit Q1A6YTOD
2025-03-18 04:57:27,473 - INFO - Monolith_Enter XBNN38O7
2025-03-18 04:57:27,535 - INFO - Monolith_Exit XBNN38O7
2025-03-18 04:57:27,710 - INFO - Monolith_Enter 87H1ZTDW
2025-03-18 04:57:27,771 - INFO - Monolith_Exit 87H1ZTDW
2025-03-18 04:57:27,797 - INFO - Monolith_Enter 4PTGZDOV
2025-03-18 04:57:27,860 - INFO - Monolith_Exit 4PTGZDOV
2025-03-18 04:57:28,323 - INFO - Monolith_Enter BW73UO6V
2025-03-18 04:57:28,386 - INFO - Monolith_Exit BW73UO6V
2025-03-18 04:57:28,607 - INFO - Monolith_Enter ZVXWLFER
2025-03-18 04:57:28,668 - INFO - Monolith_Exit ZVXWLFER
2025-03-18 04:57:28,674 - INFO - Monolith_Enter IV4Q2380
Monolith_Enter XQIB7KOP
Monolith_Enter NR0KSF7V
2025-03-18 04:57:28,821 - INFO - Monolith_Exit IV4Q2380
Monolith_Exit XQIB7KOP
Monolith_Exit NR0KSF7V
2025-03-18 04:57:28,825 - INFO - Monolith_Enter BP0U5WUP
Monolith_Enter 1SOELCHI
2025-03-18 04:57:28,928 - INFO - Monolith_Exit BP0U5WUP
Monolith_Exit 1SOELCHI
2025-03-18 04:57:28,999 - INFO - Monolith_Enter X4S6M8D8
2025-03-18 04:57:29,063 - INFO - Monolith_Exit X4S6M8D8
2025-03-18 04:57:29,065 - INFO - Monolith_Enter YMWWF3E3
2025-03-18 04:57:29,128 - INFO - Monolith_Exit YMWWF3E3
2025-03-18 04:57:29,130 - INFO - Monolith_Enter VEJRLF4S
2025-03-18 04:57:29,193 - INFO - Monolith_Exit VEJRLF4S
2025-03-18 04:57:29,197 - INFO - Monolith_Enter EB802NC7
2025-03-18 04:57:29,264 - INFO - Monolith_Exit EB802NC7
2025-03-18 04:57:29,266 - INFO - Monolith_Enter DFZEJ55I
2025-03-18 04:57:29,330 - INFO - Monolith_Exit DFZEJ55I
2025-03-18 04:57:29,349 - INFO - Monolith_Enter Z2B60TT4
2025-03-18 04:57:29,410 - INFO - Monolith_Exit Z2B60TT4
2025-03-18 04:57:29,458 - INFO - Monolith_Enter UYJ07T4Z
2025-03-18 04:57:29,520 - INFO - Monolith_Exit UYJ07T4Z
2025-03-18 04:57:29,654 - INFO - Monolith_Enter JTVX6EBW
2025-03-18 04:57:29,716 - INFO - Monolith_Exit JTVX6EBW
2025-03-18 04:57:29,742 - INFO - Monolith_Enter 5OTF714Q
2025-03-18 04:57:29,804 - INFO - Monolith_Exit 5OTF714Q
2025-03-18 04:57:29,807 - INFO - Monolith_Enter N8Y4JH2U
2025-03-18 04:57:29,868 - INFO - Monolith_Exit N8Y4JH2U
2025-03-18 04:57:29,896 - INFO - Monolith_Enter OHNX0VJR
2025-03-18 04:57:29,962 - INFO - Monolith_Exit OHNX0VJR
2025-03-18 04:57:29,969 - INFO - Monolith_Enter Y3PFALKQ
2025-03-18 04:57:30,031 - INFO - Monolith_Exit Y3PFALKQ
2025-03-18 04:57:30,092 - INFO - Monolith_Enter 2KU0QA0L
2025-03-18 04:57:30,156 - INFO - Monolith_Exit 2KU0QA0L
2025-03-18 04:57:30,354 - INFO - Monolith_Enter 4Z9ZA0LF
2025-03-18 04:57:30,418 - INFO - Monolith_Exit 4Z9ZA0LF
2025-03-18 04:57:30,420 - INFO - Monolith_Enter IRIOSNZF
2025-03-18 04:57:30,482 - INFO - Monolith_Exit IRIOSNZF
2025-03-18 04:57:30,486 - INFO - Monolith_Enter JZB8N17P
2025-03-18 04:57:30,548 - INFO - Monolith_Exit JZB8N17P
2025-03-18 04:57:30,617 - INFO - Monolith_Enter O2Z8VEIP
2025-03-18 04:57:30,678 - INFO - Monolith_Exit O2Z8VEIP
2025-03-18 04:57:30,704 - INFO - Monolith_Enter O7MQM081
2025-03-18 04:57:30,765 - INFO - Monolith_Exit O7MQM081
2025-03-18 04:57:30,792 - INFO - Monolith_Enter MF4PH26X
2025-03-18 04:57:30,852 - INFO - Monolith_Exit MF4PH26X
2025-03-18 04:57:31,031 - INFO - Monolith_Enter 0LLNO9DV
2025-03-18 04:57:31,093 - INFO - Monolith_Exit 0LLNO9DV
2025-03-18 04:57:31,098 - INFO - Monolith_Enter XRK5Q1N6
2025-03-18 04:57:31,158 - INFO - Monolith_Exit XRK5Q1N6
2025-03-18 04:57:31,468 - INFO - Monolith_Enter SNAYUY94
2025-03-18 04:57:31,530 - INFO - Monolith_Exit SNAYUY94
2025-03-18 04:57:31,532 - INFO - Monolith_Enter 42RIFVT3
2025-03-18 04:57:31,598 - INFO - Monolith_Exit 42RIFVT3
2025-03-18 04:57:31,992 - INFO - Monolith_Enter 82HS0ILG
2025-03-18 04:57:32,054 - INFO - Monolith_Exit 82HS0ILG
2025-03-18 04:57:32,056 - INFO - Monolith_Enter U6T2M4DT
2025-03-18 04:57:32,118 - INFO - Monolith_Exit U6T2M4DT
2025-03-18 04:57:32,519 - INFO - Monolith_Enter Z21Q6Y3W
2025-03-18 04:57:32,592 - INFO - Monolith_Exit Z21Q6Y3W
2025-03-18 04:57:32,595 - INFO - Monolith_Enter 8UCD28ZS
Monolith_Enter D8SVRSMA
2025-03-18 04:57:32,707 - INFO - Monolith_Exit 8UCD28ZS
Monolith_Exit D8SVRSMA
2025-03-18 04:57:32,716 - INFO - Monolith_Enter 0WYFW1LX
2025-03-18 04:57:32,783 - INFO - Monolith_Exit 0WYFW1LX
2025-03-18 04:57:32,785 - INFO - Monolith_Enter ESC6THBT
2025-03-18 04:57:32,849 - INFO - Monolith_Exit ESC6THBT
2025-03-18 04:57:32,869 - INFO - Monolith_Enter QVGVIBVB
2025-03-18 04:57:32,938 - INFO - Monolith_Exit QVGVIBVB
2025-03-18 04:57:32,941 - INFO - Monolith_Enter 9U5VIOLK
2025-03-18 04:57:33,004 - INFO - Monolith_Exit 9U5VIOLK
2025-03-18 04:57:33,022 - INFO - Monolith_Enter 262SPZ6F
2025-03-18 04:57:33,083 - INFO - Monolith_Exit 262SPZ6F
2025-03-18 04:57:33,086 - INFO - Monolith_Enter 86E16Q5V
2025-03-18 04:57:33,147 - INFO - Monolith_Exit 86E16Q5V
2025-03-18 04:57:33,149 - INFO - Monolith_Enter 8RIK4SLI
2025-03-18 04:57:33,211 - INFO - Monolith_Exit 8RIK4SLI
2025-03-18 04:57:33,214 - INFO - Monolith_Enter XPC97WKF
Monolith_Enter JPWMKEIL
2025-03-18 04:57:33,311 - INFO - Monolith_Exit XPC97WKF
Monolith_Exit JPWMKEIL
2025-03-18 04:57:33,315 - INFO - Monolith_Enter P6910I16
Monolith_Enter YOYQGGA8
2025-03-18 04:57:33,420 - INFO - Monolith_Exit P6910I16
Monolith_Exit YOYQGGA8
2025-03-18 04:57:33,438 - INFO - Monolith_Enter 59I712H0
2025-03-18 04:57:33,500 - INFO - Monolith_Exit 59I712H0
2025-03-18 04:57:33,546 - INFO - Monolith_Enter HHJKDK71
2025-03-18 04:57:33,607 - INFO - Monolith_Exit HHJKDK71
2025-03-18 04:57:33,829 - INFO - Monolith_Enter LQE7XJK5
2025-03-18 04:57:33,890 - INFO - Monolith_Exit LQE7XJK5
2025-03-18 04:57:34,135 - INFO - Monolith_Enter LWF0PV8C
2025-03-18 04:57:34,198 - INFO - Monolith_Exit LWF0PV8C
2025-03-18 04:57:34,200 - INFO - Monolith_Enter 8RQ434F8
2025-03-18 04:57:34,266 - INFO - Monolith_Exit 8RQ434F8
2025-03-18 04:57:34,268 - INFO - Monolith_Enter 10KGUCOH
2025-03-18 04:57:34,333 - INFO - Monolith_Exit 10KGUCOH
2025-03-18 04:57:34,335 - INFO - Monolith_Enter UPERV3XX
2025-03-18 04:57:34,402 - INFO - Monolith_Exit UPERV3XX
2025-03-18 04:57:34,404 - INFO - Monolith_Enter P651QHMR
2025-03-18 04:57:34,467 - INFO - Monolith_Exit P651QHMR
2025-03-18 04:57:34,506 - INFO - Monolith_Enter 5ELD9P4A
2025-03-18 04:57:34,575 - INFO - Monolith_Exit 5ELD9P4A
2025-03-18 04:57:34,578 - INFO - Monolith_Enter 68YSI379
2025-03-18 04:57:34,640 - INFO - Monolith_Exit 68YSI379
2025-03-18 04:57:34,768 - INFO - Monolith_Enter B57FIYO2
2025-03-18 04:57:34,829 - INFO - Monolith_Exit B57FIYO2
2025-03-18 04:57:34,832 - INFO - Monolith_Enter S90JYH44
2025-03-18 04:57:34,893 - INFO - Monolith_Exit S90JYH44
2025-03-18 04:57:34,896 - INFO - Monolith_Enter YKENJHT0
Monolith_Enter 2NL0W2BC
2025-03-18 04:57:34,993 - INFO - Monolith_Exit YKENJHT0
Monolith_Exit 2NL0W2BC
2025-03-18 04:57:35,075 - INFO - Monolith_Enter TS5RLBMP
2025-03-18 04:57:35,138 - INFO - Monolith_Exit TS5RLBMP
2025-03-18 04:57:35,249 - INFO - Monolith_Enter N7CW3VCF
2025-03-18 04:57:35,311 - INFO - Monolith_Exit N7CW3VCF
2025-03-18 04:57:35,425 - INFO - Monolith_Enter IWYC191M
2025-03-18 04:57:35,491 - INFO - Monolith_Exit IWYC191M
2025-03-18 04:57:35,533 - INFO - Monolith_Enter K9ILMAR2
2025-03-18 04:57:35,595 - INFO - Monolith_Exit K9ILMAR2
2025-03-18 04:57:35,597 - INFO - Monolith_Enter SUDLM1DF
2025-03-18 04:57:35,664 - INFO - Monolith_Exit SUDLM1DF
2025-03-18 04:57:35,817 - INFO - Monolith_Enter ZJDQV7LY
2025-03-18 04:57:35,878 - INFO - Monolith_Exit ZJDQV7LY
2025-03-18 04:57:35,991 - INFO - Monolith_Enter OUGYE387
2025-03-18 04:57:36,053 - INFO - Monolith_Exit OUGYE387
2025-03-18 04:57:36,055 - INFO - Monolith_Enter 56WEPOIU
2025-03-18 04:57:36,121 - INFO - Monolith_Exit 56WEPOIU
2025-03-18 04:57:36,429 - INFO - Monolith_Enter FW2M5867
2025-03-18 04:57:36,495 - INFO - Monolith_Exit FW2M5867
2025-03-18 04:57:36,668 - INFO - Monolith_Enter HP95BORP
2025-03-18 04:57:36,734 - INFO - Monolith_Exit HP95BORP
2025-03-18 04:57:36,845 - INFO - Monolith_Enter HQT0MAJ7
2025-03-18 04:57:36,912 - INFO - Monolith_Exit HQT0MAJ7
2025-03-18 04:57:37,019 - INFO - Monolith_Enter A8NI9AGM
2025-03-18 04:57:37,089 - INFO - Monolith_Exit A8NI9AGM
2025-03-18 04:57:37,586 - INFO - Monolith_Enter 9XNWV9MP
2025-03-18 04:57:37,665 - INFO - Monolith_Exit 9XNWV9MP
2025-03-18 04:57:37,667 - INFO - Monolith_Enter FNCUOM4R
2025-03-18 04:57:37,751 - INFO - Monolith_Exit FNCUOM4R
2025-03-18 04:57:37,753 - INFO - Monolith_Enter TP3ZV813
2025-03-18 04:57:37,823 - INFO - Monolith_Exit TP3ZV813
2025-03-18 04:57:37,891 - INFO - Monolith_Enter TTZ3QET2
2025-03-18 04:57:37,957 - INFO - Monolith_Exit TTZ3QET2
2025-03-18 04:57:37,959 - INFO - Monolith_Enter AKXNUCK2
2025-03-18 04:57:38,021 - INFO - Monolith_Exit AKXNUCK2
2025-03-18 04:57:38,262 - INFO - Monolith_Enter 0KBSUV01
2025-03-18 04:57:38,325 - INFO - Monolith_Exit 0KBSUV01
2025-03-18 04:57:38,327 - INFO - Monolith_Enter 1ZYZHD9X
2025-03-18 04:57:38,388 - INFO - Monolith_Exit 1ZYZHD9X
2025-03-18 04:57:38,391 - INFO - Monolith_Enter POD1J8JS
2025-03-18 04:57:38,452 - INFO - Monolith_Exit POD1J8JS
2025-03-18 04:57:38,455 - INFO - Monolith_Enter K1OO8AND
2025-03-18 04:57:38,515 - INFO - Monolith_Exit K1OO8AND
2025-03-18 04:57:38,611 - INFO - Monolith_Enter LU9KGMXH
2025-03-18 04:57:38,677 - INFO - Monolith_Exit LU9KGMXH
2025-03-18 04:57:38,743 - INFO - Monolith_Enter 50LOX5US
2025-03-18 04:57:38,804 - INFO - Monolith_Exit 50LOX5US
2025-03-18 04:57:38,830 - INFO - Monolith_Enter N6ILI2CI
2025-03-18 04:57:38,892 - INFO - Monolith_Exit N6ILI2CI
2025-03-18 04:57:39,025 - INFO - Monolith_Enter 5IIE9PKT
2025-03-18 04:57:39,085 - INFO - Monolith_Exit 5IIE9PKT
2025-03-18 04:57:39,222 - INFO - Monolith_Enter JLHVM6VM
2025-03-18 04:57:39,283 - INFO - Monolith_Exit JLHVM6VM
2025-03-18 04:57:39,288 - INFO - Monolith_Enter 2ALAB2S4
2025-03-18 04:57:39,349 - INFO - Monolith_Exit 2ALAB2S4
2025-03-18 04:57:39,353 - INFO - Monolith_Enter I6J1QRII
2025-03-18 04:57:39,415 - INFO - Monolith_Exit I6J1QRII
2025-03-18 04:57:39,418 - INFO - Monolith_Enter Z76OK24Z
2025-03-18 04:57:39,478 - INFO - Monolith_Exit Z76OK24Z
2025-03-18 04:57:39,481 - INFO - Monolith_Enter BFYHI11P
2025-03-18 04:57:39,542 - INFO - Monolith_Exit BFYHI11P
2025-03-18 04:57:39,572 - INFO - Monolith_Enter 0NLIOFRU
2025-03-18 04:57:39,637 - INFO - Monolith_Exit 0NLIOFRU
2025-03-18 04:57:39,724 - INFO - Monolith_Enter OYH75FJJ
2025-03-18 04:57:39,785 - INFO - Monolith_Exit OYH75FJJ
2025-03-18 04:57:39,812 - INFO - Monolith_Enter 195ZM02Q
2025-03-18 04:57:39,872 - INFO - Monolith_Exit 195ZM02Q
2025-03-18 04:57:39,875 - INFO - Monolith_Enter F5DDNGI5
2025-03-18 04:57:39,939 - INFO - Monolith_Exit F5DDNGI5
2025-03-18 04:57:39,941 - INFO - Monolith_Enter RXVV9NTZ
2025-03-18 04:57:39,998 - INFO - Monolith_Exit RXVV9NTZ
2025-03-18 04:57:40,001 - INFO - Monolith_Enter VS89E106
2025-03-18 04:57:40,065 - INFO - Monolith_Exit VS89E106
2025-03-18 04:57:40,068 - INFO - Monolith_Enter CYFUEB5X
2025-03-18 04:57:40,128 - INFO - Monolith_Exit CYFUEB5X
2025-03-18 04:57:40,139 - INFO - Monolith_Enter 6DADVY2H
2025-03-18 04:57:40,204 - INFO - Monolith_Exit 6DADVY2H
2025-03-18 04:57:40,207 - INFO - Monolith_Enter W2SLAKG5
2025-03-18 04:57:40,269 - INFO - Monolith_Exit W2SLAKG5
2025-03-18 04:57:40,272 - INFO - Monolith_Enter KN98GNVS
2025-03-18 04:57:40,335 - INFO - Monolith_Exit KN98GNVS
2025-03-18 04:57:40,358 - INFO - Monolith_Enter AU39HO8C
2025-03-18 04:57:40,419 - INFO - Monolith_Exit AU39HO8C
2025-03-18 04:57:40,555 - INFO - Monolith_Enter 6Y5LHROE
2025-03-18 04:57:40,619 - INFO - Monolith_Exit 6Y5LHROE
2025-03-18 04:57:40,691 - INFO - Monolith_Enter WI5K5E6J
2025-03-18 04:57:40,754 - INFO - Monolith_Exit WI5K5E6J
2025-03-18 04:57:40,795 - INFO - Monolith_Enter AQWF6UP1
2025-03-18 04:57:40,855 - INFO - Monolith_Exit AQWF6UP1
2025-03-18 04:57:40,860 - INFO - Monolith_Enter Z9ZKUR2J
2025-03-18 04:57:40,921 - INFO - Monolith_Exit Z9ZKUR2J
2025-03-18 04:57:41,013 - INFO - Monolith_Enter CLFM6X3I
2025-03-18 04:57:41,073 - INFO - Monolith_Exit CLFM6X3I
2025-03-18 04:57:41,165 - INFO - Monolith_Enter NVCWHSU0
2025-03-18 04:57:41,226 - INFO - Monolith_Exit NVCWHSU0
2025-03-18 04:57:41,229 - INFO - Monolith_Enter 5RKOYM7V
2025-03-18 04:57:41,294 - INFO - Monolith_Exit 5RKOYM7V
2025-03-18 04:57:41,340 - INFO - Monolith_Enter 6OXWLBET
2025-03-18 04:57:41,400 - INFO - Monolith_Exit 6OXWLBET
2025-03-18 04:57:41,403 - INFO - Monolith_Enter VY9Y6TSC
2025-03-18 04:57:41,466 - INFO - Monolith_Exit VY9Y6TSC
2025-03-18 04:57:41,468 - INFO - Monolith_Enter WTYU39WE
2025-03-18 04:57:41,532 - INFO - Monolith_Exit WTYU39WE
2025-03-18 04:57:41,535 - INFO - Monolith_Enter 0BB806LF
Monolith_Enter GWH1W43S
2025-03-18 04:57:41,638 - INFO - Monolith_Exit 0BB806LF
Monolith_Exit GWH1W43S
2025-03-18 04:57:41,866 - INFO - Monolith_Enter CBGUAYWM
2025-03-18 04:57:41,932 - INFO - Monolith_Exit CBGUAYWM
2025-03-18 04:57:41,934 - INFO - Monolith_Enter XWW4N9C1
2025-03-18 04:57:41,997 - INFO - Monolith_Exit XWW4N9C1
2025-03-18 04:57:41,999 - INFO - Monolith_Enter 4J93CIG1
2025-03-18 04:57:42,062 - INFO - Monolith_Exit 4J93CIG1
2025-03-18 04:57:42,281 - INFO - Monolith_Enter T3T9GZX1
2025-03-18 04:57:42,342 - INFO - Monolith_Exit T3T9GZX1
2025-03-18 04:57:42,390 - INFO - Monolith_Enter ZOM6IUOS
2025-03-18 04:57:42,451 - INFO - Monolith_Exit ZOM6IUOS
2025-03-18 04:57:42,454 - INFO - Monolith_Enter QNFT6ASC
Monolith_Enter KZJ4LKJ2
2025-03-18 04:57:42,554 - INFO - Monolith_Exit QNFT6ASC
Monolith_Exit KZJ4LKJ2
2025-03-18 04:57:42,566 - INFO - Monolith_Enter I6HAPLS9
2025-03-18 04:57:42,627 - INFO - Monolith_Exit I6HAPLS9
2025-03-18 04:57:42,629 - INFO - Monolith_Enter 5LUO65CS
2025-03-18 04:57:42,690 - INFO - Monolith_Exit 5LUO65CS
2025-03-18 04:57:42,694 - INFO - Monolith_Enter XRRPI8U2
Monolith_Enter E2GKMDLJ
2025-03-18 04:57:42,793 - INFO - Monolith_Exit XRRPI8U2
Monolith_Exit E2GKMDLJ
2025-03-18 04:57:42,795 - INFO - Monolith_Enter TW5Z7IBN
2025-03-18 04:57:42,854 - INFO - Monolith_Exit TW5Z7IBN
2025-03-18 04:57:42,874 - INFO - Monolith_Enter FEELWKNG
2025-03-18 04:57:42,938 - INFO - Monolith_Exit FEELWKNG
2025-03-18 04:57:42,941 - INFO - Monolith_Enter KNG248DX
2025-03-18 04:57:43,003 - INFO - Monolith_Exit KNG248DX
2025-03-18 04:57:43,006 - INFO - Monolith_Enter PRNCE51T
2025-03-18 04:57:43,068 - INFO - Monolith_Exit PRNCE51T
2025-03-18 04:57:43,070 - INFO - Monolith_Enter BV0QFQ41
2025-03-18 04:57:43,130 - INFO - Monolith_Exit BV0QFQ41
2025-03-18 04:57:43,138 - INFO - Monolith_Enter 0PUC72HE
2025-03-18 04:57:43,200 - INFO - Monolith_Exit 0PUC72HE
2025-03-18 04:57:43,202 - INFO - Monolith_Enter Q3YWPE27
2025-03-18 04:57:43,266 - INFO - Monolith_Exit Q3YWPE27
2025-03-18 04:57:43,268 - INFO - Monolith_Enter OTZPSR1W
2025-03-18 04:57:43,330 - INFO - Monolith_Exit OTZPSR1W
2025-03-18 04:57:43,335 - INFO - Monolith_Enter 007I3JGN
2025-03-18 04:57:43,401 - INFO - Monolith_Exit 007I3JGN
2025-03-18 04:57:43,421 - INFO - Monolith_Enter LBMUR335
2025-03-18 04:57:43,482 - INFO - Monolith_Exit LBMUR335
2025-03-18 04:57:43,531 - INFO - Monolith_Enter SCX13JPY
2025-03-18 04:57:43,591 - INFO - Monolith_Exit SCX13JPY
2025-03-18 04:57:43,684 - INFO - Monolith_Enter HLFQNFLJ
2025-03-18 04:57:43,745 - INFO - Monolith_Exit HLFQNFLJ
2025-03-18 04:57:43,748 - INFO - Monolith_Enter JOF8UM3V
2025-03-18 04:57:43,810 - INFO - Monolith_Exit JOF8UM3V
2025-03-18 04:57:43,968 - INFO - Monolith_Enter HJ01ZODK
2025-03-18 04:57:44,029 - INFO - Monolith_Exit HJ01ZODK
2025-03-18 04:57:44,254 - INFO - Monolith_Enter W63SSCFR
2025-03-18 04:57:44,314 - INFO - Monolith_Exit W63SSCFR
2025-03-18 04:57:44,385 - INFO - Monolith_Enter 9TR7Z2O6
2025-03-18 04:57:44,447 - INFO - Monolith_Exit 9TR7Z2O6
2025-03-18 04:57:44,515 - INFO - Monolith_Enter YM41AK4A
2025-03-18 04:57:44,575 - INFO - Monolith_Exit YM41AK4A
2025-03-18 04:57:44,755 - INFO - Monolith_Enter ES85J5HD
2025-03-18 04:57:44,816 - INFO - Monolith_Exit ES85J5HD
2025-03-18 04:57:44,819 - INFO - Monolith_Enter EWHN07EK
2025-03-18 04:57:44,881 - INFO - Monolith_Exit EWHN07EK
2025-03-18 04:57:45,193 - INFO - Monolith_Enter BH4W6RTG
2025-03-18 04:57:45,265 - INFO - Monolith_Exit BH4W6RTG
2025-03-18 04:57:45,345 - INFO - Monolith_Enter YR1ZSS53
2025-03-18 04:57:45,422 - INFO - Monolith_Exit YR1ZSS53
2025-03-18 04:57:45,428 - INFO - Monolith_Enter CRS1KY29
Monolith_Enter SYZWYLWA
2025-03-18 04:57:45,547 - INFO - Monolith_Exit CRS1KY29
Monolith_Exit SYZWYLWA
2025-03-18 04:57:45,566 - INFO - Monolith_Enter MUKK8XKH
2025-03-18 04:57:45,638 - INFO - Monolith_Exit MUKK8XKH
2025-03-18 04:57:45,640 - INFO - Monolith_Enter PRJM3093
2025-03-18 04:57:45,702 - INFO - Monolith_Exit PRJM3093
2025-03-18 04:57:45,704 - INFO - Monolith_Enter 1PI4E1DZ
2025-03-18 04:57:45,770 - INFO - Monolith_Exit 1PI4E1DZ
2025-03-18 04:57:45,782 - INFO - Monolith_Enter QA98M9RH
2025-03-18 04:57:45,843 - INFO - Monolith_Exit QA98M9RH
2025-03-18 04:57:45,846 - INFO - Monolith_Enter OM65YKXR
2025-03-18 04:57:45,913 - INFO - Monolith_Exit OM65YKXR
2025-03-18 04:57:46,069 - INFO - Monolith_Enter 9O5DEBJP
2025-03-18 04:57:46,131 - INFO - Monolith_Exit 9O5DEBJP
2025-03-18 04:57:46,140 - INFO - Monolith_Enter 1XEFE5N0
2025-03-18 04:57:46,201 - INFO - Monolith_Exit 1XEFE5N0
2025-03-18 04:57:46,203 - INFO - Monolith_Enter 1QZDG8KN
2025-03-18 04:57:46,265 - INFO - Monolith_Exit 1QZDG8KN
2025-03-18 04:57:46,267 - INFO - Monolith_Enter YDO7H86M
2025-03-18 04:57:46,327 - INFO - Monolith_Exit YDO7H86M
2025-03-18 04:57:46,337 - INFO - Monolith_Enter U71GSRNW
2025-03-18 04:57:46,405 - INFO - Monolith_Exit U71GSRNW
2025-03-18 04:57:46,446 - INFO - Monolith_Enter JCTVXCQG
2025-03-18 04:57:46,509 - INFO - Monolith_Exit JCTVXCQG
2025-03-18 04:57:46,599 - INFO - Monolith_Enter VPB5ZSIA
2025-03-18 04:57:46,660 - INFO - Monolith_Exit VPB5ZSIA
2025-03-18 04:57:46,707 - INFO - Monolith_Enter 8PZ9I44L
2025-03-18 04:57:46,769 - INFO - Monolith_Exit 8PZ9I44L
2025-03-18 04:57:46,772 - INFO - Monolith_Enter RBKGGEH3
2025-03-18 04:57:46,833 - INFO - Monolith_Exit RBKGGEH3
2025-03-18 04:57:46,836 - INFO - Monolith_Enter 20J6NAIJ
2025-03-18 04:57:46,897 - INFO - Monolith_Exit 20J6NAIJ
2025-03-18 04:57:47,036 - INFO - Monolith_Enter JHSDJ12S
2025-03-18 04:57:47,102 - INFO - Monolith_Exit JHSDJ12S
2025-03-18 04:57:47,122 - INFO - Monolith_Enter LJ621A4B
2025-03-18 04:57:47,183 - INFO - Monolith_Exit LJ621A4B
2025-03-18 04:57:47,186 - INFO - Monolith_Enter JU00UGC3
2025-03-18 04:57:47,248 - INFO - Monolith_Exit JU00UGC3
2025-03-18 04:57:47,250 - INFO - Monolith_Enter PMVLE6SL
2025-03-18 04:57:47,311 - INFO - Monolith_Exit PMVLE6SL
2025-03-18 04:57:47,451 - INFO - Monolith_Enter G7GSZHKO
2025-03-18 04:57:47,518 - INFO - Monolith_Exit G7GSZHKO
2025-03-18 04:57:47,520 - INFO - Monolith_Enter J3G6LWNW
2025-03-18 04:57:47,583 - INFO - Monolith_Exit J3G6LWNW
2025-03-18 04:57:47,586 - INFO - Monolith_Enter 713ZYF6E
2025-03-18 04:57:47,645 - INFO - Monolith_Exit 713ZYF6E
2025-03-18 04:57:47,649 - INFO - Monolith_Enter Q6I2MMDG
2025-03-18 04:57:47,709 - INFO - Monolith_Exit Q6I2MMDG
2025-03-18 04:57:47,712 - INFO - Monolith_Enter IX8FJUQL
2025-03-18 04:57:47,776 - INFO - Monolith_Exit IX8FJUQL
2025-03-18 04:57:47,779 - INFO - Monolith_Enter C7ILB2DV
2025-03-18 04:57:47,842 - INFO - Monolith_Exit C7ILB2DV
2025-03-18 04:57:47,844 - INFO - Monolith_Enter 5Y4DBSMH
2025-03-18 04:57:47,903 - INFO - Monolith_Exit 5Y4DBSMH
2025-03-18 04:57:47,932 - INFO - Monolith_Enter WQ5RKSRF
2025-03-18 04:57:48,001 - INFO - Monolith_Exit WQ5RKSRF
2025-03-18 04:57:48,064 - INFO - Monolith_Enter DPT5VE2I
2025-03-18 04:57:48,126 - INFO - Monolith_Exit DPT5VE2I
2025-03-18 04:57:48,129 - INFO - Monolith_Enter E1X3AW3A
2025-03-18 04:57:48,190 - INFO - Monolith_Exit E1X3AW3A
2025-03-18 04:57:48,193 - INFO - Monolith_Enter 3TU388XK
2025-03-18 04:57:48,254 - INFO - Monolith_Exit 3TU388XK
2025-03-18 04:57:48,256 - INFO - Monolith_Enter HN0MCM2U
2025-03-18 04:57:48,321 - INFO - Monolith_Exit HN0MCM2U
2025-03-18 04:57:48,323 - INFO - Monolith_Enter ULAO5SEW
2025-03-18 04:57:48,384 - INFO - Monolith_Exit ULAO5SEW
2025-03-18 04:57:48,393 - INFO - Monolith_Enter 8BNN68Y5
2025-03-18 04:57:48,459 - INFO - Monolith_Exit 8BNN68Y5
2025-03-18 04:57:48,462 - INFO - Monolith_Enter Y4B2GEWL
2025-03-18 04:57:48,528 - INFO - Monolith_Exit Y4B2GEWL
2025-03-18 04:57:48,530 - INFO - Monolith_Enter 2KZN32GN
2025-03-18 04:57:48,593 - INFO - Monolith_Exit 2KZN32GN
2025-03-18 04:57:48,634 - INFO - Monolith_Enter MVLZRWMM
2025-03-18 04:57:48,695 - INFO - Monolith_Exit MVLZRWMM
2025-03-18 04:57:49,137 - INFO - Monolith_Enter Z4P993Z0
2025-03-18 04:57:49,201 - INFO - Monolith_Exit Z4P993Z0
2025-03-18 04:57:49,223 - INFO - Monolith_Enter WYHDI210
2025-03-18 04:57:49,287 - INFO - Monolith_Exit WYHDI210
2025-03-18 04:57:49,441 - INFO - Monolith_Enter CV1DRW31
2025-03-18 04:57:49,503 - INFO - Monolith_Exit CV1DRW31
2025-03-18 04:57:49,505 - INFO - Monolith_Enter TITOM8KI
2025-03-18 04:57:49,571 - INFO - Monolith_Exit TITOM8KI
2025-03-18 04:57:49,574 - INFO - Monolith_Enter AFQCUU33
Monolith_Enter HAVWBNFD
2025-03-18 04:57:49,675 - INFO - Monolith_Exit AFQCUU33
Monolith_Exit HAVWBNFD
2025-03-18 04:57:49,677 - INFO - Monolith_Enter X3OSRJGC
2025-03-18 04:57:49,745 - INFO - Monolith_Exit X3OSRJGC
2025-03-18 04:57:49,747 - INFO - Monolith_Enter 44TMICQ7
2025-03-18 04:57:49,809 - INFO - Monolith_Exit 44TMICQ7
2025-03-18 04:57:49,811 - INFO - Monolith_Enter SXMBP1EC
2025-03-18 04:57:49,869 - INFO - Monolith_Exit SXMBP1EC
2025-03-18 04:57:49,926 - INFO - Monolith_Enter A4W9082R
2025-03-18 04:57:49,990 - INFO - Monolith_Exit A4W9082R
2025-03-18 04:57:49,996 - INFO - Monolith_Enter 9ED7U8MM
Monolith_Enter S0USX68V
2025-03-18 04:57:50,097 - INFO - Monolith_Exit 9ED7U8MM
Monolith_Exit S0USX68V
2025-03-18 04:57:50,320 - INFO - Monolith_Enter LDSPWMFV
2025-03-18 04:57:50,382 - INFO - Monolith_Exit LDSPWMFV
2025-03-18 04:57:50,407 - INFO - Monolith_Enter SUKO36A9
2025-03-18 04:57:50,468 - INFO - Monolith_Exit SUKO36A9
2025-03-18 04:57:50,470 - INFO - Monolith_Enter Q61XASZ3
2025-03-18 04:57:50,534 - INFO - Monolith_Exit Q61XASZ3
2025-03-18 04:57:50,913 - INFO - Monolith_Enter 7BRDVNCF
2025-03-18 04:57:50,975 - INFO - Monolith_Exit 7BRDVNCF
2025-03-18 04:57:51,173 - INFO - Monolith_Enter U4JPZ2XC
2025-03-18 04:57:51,236 - INFO - Monolith_Exit U4JPZ2XC
2025-03-18 04:57:51,282 - INFO - Monolith_Enter 9FRVX8IW
2025-03-18 04:57:51,347 - INFO - Monolith_Exit 9FRVX8IW
2025-03-18 04:57:51,349 - INFO - Monolith_Enter 362QNFX3
2025-03-18 04:57:51,410 - INFO - Monolith_Exit 362QNFX3
2025-03-18 04:57:51,435 - INFO - Monolith_Enter V1IEBUXG
2025-03-18 04:57:51,503 - INFO - Monolith_Exit V1IEBUXG
2025-03-18 04:57:51,511 - INFO - Monolith_Enter T3NMBSJE
2025-03-18 04:57:51,573 - INFO - Monolith_Exit T3NMBSJE
2025-03-18 04:57:51,808 - INFO - Monolith_Enter DVMSRNXK
2025-03-18 04:57:51,875 - INFO - Monolith_Exit DVMSRNXK
2025-03-18 04:57:51,878 - INFO - Monolith_Enter UPF1TEJT
2025-03-18 04:57:51,941 - INFO - Monolith_Exit UPF1TEJT
2025-03-18 04:57:51,944 - INFO - Monolith_Enter 557G6SVA
2025-03-18 04:57:52,007 - INFO - Monolith_Exit 557G6SVA
2025-03-18 04:57:52,027 - INFO - Monolith_Enter 4WQ9KLFQ
2025-03-18 04:57:52,088 - INFO - Monolith_Exit 4WQ9KLFQ
2025-03-18 04:57:52,092 - INFO - Monolith_Enter HDXQPBY4
2025-03-18 04:57:52,153 - INFO - Monolith_Exit HDXQPBY4
2025-03-18 04:57:52,155 - INFO - Monolith_Enter DT65VE21
2025-03-18 04:57:52,217 - INFO - Monolith_Exit DT65VE21
2025-03-18 04:57:52,266 - INFO - Monolith_Enter 6737NKEX
2025-03-18 04:57:52,334 - INFO - Monolith_Exit 6737NKEX
2025-03-18 04:57:52,398 - INFO - Monolith_Enter ORCR4U3Z
2025-03-18 04:57:52,463 - INFO - Monolith_Exit ORCR4U3Z
2025-03-18 04:57:52,466 - INFO - Monolith_Enter 6NYPZ56R
2025-03-18 04:57:52,528 - INFO - Monolith_Exit 6NYPZ56R
2025-03-18 04:57:52,551 - INFO - Monolith_Enter 3YYJQW7O
2025-03-18 04:57:52,613 - INFO - Monolith_Exit 3YYJQW7O
2025-03-18 04:57:52,619 - INFO - Monolith_Enter CKJMABZM
2025-03-18 04:57:52,683 - INFO - Monolith_Exit CKJMABZM
2025-03-18 04:57:52,770 - INFO - Monolith_Enter W1KU7XP7
2025-03-18 04:57:52,833 - INFO - Monolith_Exit W1KU7XP7
2025-03-18 04:57:53,098 - INFO - Monolith_Enter IJ8PE2KO
2025-03-18 04:57:53,160 - INFO - Monolith_Exit IJ8PE2KO
2025-03-18 04:57:53,162 - INFO - Monolith_Enter H5ZLX797
2025-03-18 04:57:53,225 - INFO - Monolith_Exit H5ZLX797
2025-03-18 04:57:53,229 - INFO - Monolith_Enter OQRE51OI
2025-03-18 04:57:53,292 - INFO - Monolith_Exit OQRE51OI
2025-03-18 04:57:53,294 - INFO - Monolith_Enter NUILTDC9
2025-03-18 04:57:53,356 - INFO - Monolith_Exit NUILTDC9
2025-03-18 04:57:53,404 - INFO - Monolith_Enter 2DBCRUC0
2025-03-18 04:57:53,474 - INFO - Monolith_Exit 2DBCRUC0
2025-03-18 04:57:53,477 - INFO - Monolith_Enter TO5YT1GF
2025-03-18 04:57:53,541 - INFO - Monolith_Exit TO5YT1GF
2025-03-18 04:57:53,687 - INFO - Monolith_Enter KSYJVF3T
2025-03-18 04:57:53,749 - INFO - Monolith_Exit KSYJVF3T
2025-03-18 04:57:53,796 - INFO - Monolith_Enter 0QUXUP5I
2025-03-18 04:57:53,857 - INFO - Monolith_Exit 0QUXUP5I
2025-03-18 04:57:53,949 - INFO - Monolith_Enter YKV50O2Q
2025-03-18 04:57:54,010 - INFO - Monolith_Exit YKV50O2Q
2025-03-18 04:57:54,407 - INFO - Monolith_Enter OD5NPCEN
2025-03-18 04:57:54,469 - INFO - Monolith_Exit OD5NPCEN
2025-03-18 04:57:54,471 - INFO - Monolith_Enter 7LBDV2SU
2025-03-18 04:57:54,533 - INFO - Monolith_Exit 7LBDV2SU
2025-03-18 04:57:54,536 - INFO - Monolith_Enter S609FX06
2025-03-18 04:57:54,598 - INFO - Monolith_Exit S609FX06
2025-03-18 04:57:54,627 - INFO - Monolith_Enter 2YDK2YFM
2025-03-18 04:57:54,693 - INFO - Monolith_Exit 2YDK2YFM
2025-03-18 04:57:54,736 - INFO - Monolith_Enter RSZ0TLPY
2025-03-18 04:57:54,797 - INFO - Monolith_Exit RSZ0TLPY
2025-03-18 04:57:54,845 - INFO - Monolith_Enter I7CQT7NB
2025-03-18 04:57:54,908 - INFO - Monolith_Exit I7CQT7NB
2025-03-18 04:57:54,999 - INFO - Monolith_Enter OZ1EYEO2
2025-03-18 04:57:55,061 - INFO - Monolith_Exit OZ1EYEO2
2025-03-18 04:57:55,153 - INFO - Monolith_Enter PWUEZC9Z
2025-03-18 04:57:55,214 - INFO - Monolith_Exit PWUEZC9Z
2025-03-18 04:57:55,371 - INFO - Monolith_Enter JWK52AE5
2025-03-18 04:57:55,431 - INFO - Monolith_Exit JWK52AE5
2025-03-18 04:57:55,479 - INFO - Monolith_Enter UFOAK64S
2025-03-18 04:57:55,539 - INFO - Monolith_Exit UFOAK64S
2025-03-18 04:57:55,541 - INFO - Monolith_Enter 4YBUL55Y
2025-03-18 04:57:55,605 - INFO - Monolith_Exit 4YBUL55Y
2025-03-18 04:57:55,606 - INFO - Monolith_Enter CQR3BA9E
2025-03-18 04:57:55,663 - INFO - Monolith_Exit CQR3BA9E
2025-03-18 04:57:55,676 - INFO - Monolith_Enter DP3YZ8K5
2025-03-18 04:57:55,742 - INFO - Monolith_Exit DP3YZ8K5
2025-03-18 04:57:55,829 - INFO - Monolith_Enter 55AEVLLM
2025-03-18 04:57:55,889 - INFO - Monolith_Exit 55AEVLLM
2025-03-18 04:57:55,983 - INFO - Monolith_Enter 9QJCD1YR
2025-03-18 04:57:56,044 - INFO - Monolith_Exit 9QJCD1YR
2025-03-18 04:57:56,047 - INFO - Monolith_Enter OVPDHA7Z
2025-03-18 04:57:56,109 - INFO - Monolith_Exit OVPDHA7Z
2025-03-18 04:57:56,110 - INFO - Monolith_Enter 6ASDT5J7
2025-03-18 04:57:56,170 - INFO - Monolith_Exit 6ASDT5J7
2025-03-18 04:57:56,173 - INFO - Monolith_Enter A3S0YJFD
2025-03-18 04:57:56,235 - INFO - Monolith_Exit A3S0YJFD
2025-03-18 04:57:56,397 - INFO - Monolith_Enter 0JTB56Q1
2025-03-18 04:57:56,462 - INFO - Monolith_Exit 0JTB56Q1
2025-03-18 04:57:56,485 - INFO - Monolith_Enter F6CAQCTZ
2025-03-18 04:57:56,547 - INFO - Monolith_Exit F6CAQCTZ
2025-03-18 04:57:56,594 - INFO - Monolith_Enter ILWIVEO1
2025-03-18 04:57:56,655 - INFO - Monolith_Exit ILWIVEO1
2025-03-18 04:57:56,659 - INFO - Monolith_Enter XAV6LEU6
2025-03-18 04:57:56,721 - INFO - Monolith_Exit XAV6LEU6
2025-03-18 04:57:56,835 - INFO - Monolith_Enter DDN6E0J5
2025-03-18 04:57:56,896 - INFO - Monolith_Exit DDN6E0J5
2025-03-18 04:57:56,987 - INFO - Monolith_Enter 7K2T6N6A
2025-03-18 04:57:57,047 - INFO - Monolith_Exit 7K2T6N6A
2025-03-18 04:57:57,053 - INFO - Monolith_Enter 3T7TRPZA
2025-03-18 04:57:57,114 - INFO - Monolith_Exit 3T7TRPZA
2025-03-18 04:57:57,118 - INFO - Monolith_Enter 2XJ2GNPI
2025-03-18 04:57:57,180 - INFO - Monolith_Exit 2XJ2GNPI
2025-03-18 04:57:57,183 - INFO - Monolith_Enter 77CVFU4Q
2025-03-18 04:57:57,244 - INFO - Monolith_Exit 77CVFU4Q
2025-03-18 04:57:57,249 - INFO - Monolith_Enter 0CNT4O2Y
2025-03-18 04:57:57,309 - INFO - Monolith_Exit 0CNT4O2Y
2025-03-18 04:57:57,467 - INFO - Monolith_Enter U7WTXQFS
2025-03-18 04:57:57,528 - INFO - Monolith_Exit U7WTXQFS
2025-03-18 04:57:57,530 - INFO - Monolith_Enter RLUDIWQ1
2025-03-18 04:57:57,595 - INFO - Monolith_Exit RLUDIWQ1
2025-03-18 04:57:57,882 - INFO - Monolith_Enter UZ18YFWN
2025-03-18 04:57:57,943 - INFO - Monolith_Exit UZ18YFWN
2025-03-18 04:57:57,946 - INFO - Monolith_Enter KPSVHJ84
2025-03-18 04:57:58,007 - INFO - Monolith_Exit KPSVHJ84
2025-03-18 04:57:58,190 - INFO - Monolith_Enter RU6G2MUG
2025-03-18 04:57:58,256 - INFO - Monolith_Exit RU6G2MUG
2025-03-18 04:57:58,258 - INFO - Monolith_Enter YPJPJX6J
2025-03-18 04:57:58,324 - INFO - Monolith_Exit YPJPJX6J
2025-03-18 04:57:58,326 - INFO - Monolith_Enter KN9R9M7G
2025-03-18 04:57:58,388 - INFO - Monolith_Exit KN9R9M7G
2025-03-18 04:57:58,541 - INFO - Monolith_Enter C9JA2YBD
2025-03-18 04:57:58,601 - INFO - Monolith_Exit C9JA2YBD
2025-03-18 04:57:58,604 - INFO - Monolith_Enter PQUZPQ0T
2025-03-18 04:57:58,664 - INFO - Monolith_Exit PQUZPQ0T
2025-03-18 04:57:58,666 - INFO - Monolith_Enter HDUZCN6E
2025-03-18 04:57:58,726 - INFO - Monolith_Exit HDUZCN6E
2025-03-18 04:57:59,239 - INFO - Monolith_Enter ZHUAV60O
2025-03-18 04:57:59,304 - INFO - Monolith_Exit ZHUAV60O
2025-03-18 04:57:59,567 - INFO - Monolith_Enter OT6KSFV7
2025-03-18 04:57:59,628 - INFO - Monolith_Exit OT6KSFV7
2025-03-18 04:57:59,697 - INFO - Monolith_Enter ETWAKLFH
2025-03-18 04:57:59,758 - INFO - Monolith_Exit ETWAKLFH
2025-03-18 04:57:59,873 - INFO - Monolith_Enter HI6W68FO
2025-03-18 04:57:59,935 - INFO - Monolith_Exit HI6W68FO
2025-03-18 04:58:00,112 - INFO - Monolith_Enter SGEG87YW
2025-03-18 04:58:00,173 - INFO - Monolith_Exit SGEG87YW
2025-03-18 04:58:00,351 - INFO - Monolith_Enter O2WHLB6B
2025-03-18 04:58:00,413 - INFO - Monolith_Exit O2WHLB6B
2025-03-18 04:58:00,482 - INFO - Monolith_Enter 58OXZM4C
2025-03-18 04:58:00,555 - INFO - Monolith_Exit 58OXZM4C
2025-03-18 04:58:00,614 - INFO - Monolith_Enter 6PIQAOQS
2025-03-18 04:58:00,688 - INFO - Monolith_Exit 6PIQAOQS
2025-03-18 04:58:00,690 - INFO - Monolith_Enter O1JIDGC7
2025-03-18 04:58:00,755 - INFO - Monolith_Exit O1JIDGC7
2025-03-18 04:58:00,757 - INFO - Monolith_Enter 8HZ496VB
2025-03-18 04:58:00,825 - INFO - Monolith_Exit 8HZ496VB
2025-03-18 04:58:00,827 - INFO - Monolith_Enter AUMOUXOJ
2025-03-18 04:58:00,895 - INFO - Monolith_Exit AUMOUXOJ
2025-03-18 04:58:00,897 - INFO - Monolith_Enter QDZLE2FL
2025-03-18 04:58:00,957 - INFO - Monolith_Exit QDZLE2FL
2025-03-18 04:58:01,117 - INFO - Monolith_Enter RTCRD018
2025-03-18 04:58:01,183 - INFO - Monolith_Exit RTCRD018
2025-03-18 04:58:01,185 - INFO - Monolith_Enter 4ZZUNBJ0
2025-03-18 04:58:01,250 - INFO - Monolith_Exit 4ZZUNBJ0
2025-03-18 04:58:01,252 - INFO - Monolith_Enter J229B8N0
Monolith_Enter Z5N3LZ03
2025-03-18 04:58:01,355 - INFO - Monolith_Exit J229B8N0
Monolith_Exit Z5N3LZ03
2025-03-18 04:58:01,361 - INFO - Monolith_Enter X3AI1KBS
Monolith_Enter HKQ6B1LE
2025-03-18 04:58:01,463 - INFO - Monolith_Exit X3AI1KBS
Monolith_Exit HKQ6B1LE
2025-03-18 04:58:01,531 - INFO - Monolith_Enter JGGVNU78
2025-03-18 04:58:01,592 - INFO - Monolith_Exit JGGVNU78
2025-03-18 04:58:01,594 - INFO - Monolith_Enter 0TDKS8J2
2025-03-18 04:58:01,655 - INFO - Monolith_Exit 0TDKS8J2
2025-03-18 04:58:01,657 - INFO - Monolith_Enter ZXS8JGEP
2025-03-18 04:58:01,718 - INFO - Monolith_Exit ZXS8JGEP
2025-03-18 04:58:01,772 - INFO - Monolith_Enter L9O9A5PJ
2025-03-18 04:58:01,839 - INFO - Monolith_Exit L9O9A5PJ
2025-03-18 04:58:01,923 - INFO - Monolith_Enter 1EVTJL48
2025-03-18 04:58:01,988 - INFO - Monolith_Exit 1EVTJL48
2025-03-18 04:58:01,990 - INFO - Monolith_Enter QABV2RAC
2025-03-18 04:58:02,052 - INFO - Monolith_Exit QABV2RAC
2025-03-18 04:58:02,358 - INFO - Monolith_Enter 38OR3XP6
2025-03-18 04:58:02,420 - INFO - Monolith_Exit 38OR3XP6
2025-03-18 04:58:02,599 - INFO - Monolith_Enter LD7JIH8O
2025-03-18 04:58:02,661 - INFO - Monolith_Exit LD7JIH8O
2025-03-18 04:58:02,751 - INFO - Monolith_Enter 2M3YOLBF
2025-03-18 04:58:02,812 - INFO - Monolith_Exit 2M3YOLBF
2025-03-18 04:58:02,904 - INFO - Monolith_Enter FNL0VLXU
2025-03-18 04:58:02,966 - INFO - Monolith_Exit FNL0VLXU
2025-03-18 04:58:02,970 - INFO - Monolith_Enter CVMG2NU5
2025-03-18 04:58:03,031 - INFO - Monolith_Exit CVMG2NU5
2025-03-18 04:58:03,033 - INFO - Monolith_Enter R462MU0A
2025-03-18 04:58:03,095 - INFO - Monolith_Exit R462MU0A
2025-03-18 04:58:03,097 - INFO - Monolith_Enter AWAUK1UT
2025-03-18 04:58:03,158 - INFO - Monolith_Exit AWAUK1UT
2025-03-18 04:58:03,167 - INFO - Monolith_Enter 62SMWJM6
2025-03-18 04:58:03,233 - INFO - Monolith_Exit 62SMWJM6
2025-03-18 04:58:03,235 - INFO - Monolith_Enter AZYPK7FD
2025-03-18 04:58:03,298 - INFO - Monolith_Exit AZYPK7FD
2025-03-18 04:58:03,301 - INFO - Monolith_Enter O64JVCQ5
Monolith_Enter DBS0G792
2025-03-18 04:58:03,404 - INFO - Monolith_Exit O64JVCQ5
Monolith_Exit DBS0G792
2025-03-18 04:58:03,407 - INFO - Monolith_Enter DG8BC1W9
2025-03-18 04:58:03,470 - INFO - Monolith_Exit DG8BC1W9
2025-03-18 04:58:03,667 - INFO - Monolith_Enter UKTDL4OF
2025-03-18 04:58:03,728 - INFO - Monolith_Exit UKTDL4OF
2025-03-18 04:58:03,907 - INFO - Monolith_Enter 2W6H9UNI
2025-03-18 04:58:03,967 - INFO - Monolith_Exit 2W6H9UNI
2025-03-18 04:58:03,969 - INFO - Monolith_Enter IUKA4KJW
2025-03-18 04:58:04,033 - INFO - Monolith_Exit IUKA4KJW
2025-03-18 04:58:04,035 - INFO - Monolith_Enter 3U09TS7T
2025-03-18 04:58:04,098 - INFO - Monolith_Exit 3U09TS7T
2025-03-18 04:58:04,191 - INFO - Monolith_Enter 970T4X79
2025-03-18 04:58:04,258 - INFO - Monolith_Exit 970T4X79
2025-03-18 04:58:04,279 - INFO - Monolith_Enter LNBZZ8KM
2025-03-18 04:58:04,339 - INFO - Monolith_Exit LNBZZ8KM
2025-03-18 04:58:04,345 - INFO - Monolith_Enter AKCOV22K
2025-03-18 04:58:04,405 - INFO - Monolith_Exit AKCOV22K
2025-03-18 04:58:04,629 - INFO - Monolith_Enter NYM7YG7X
2025-03-18 04:58:04,689 - INFO - Monolith_Exit NYM7YG7X
2025-03-18 04:58:04,695 - INFO - Monolith_Enter XWB82H0T
2025-03-18 04:58:04,755 - INFO - Monolith_Exit XWB82H0T
2025-03-18 04:58:04,848 - INFO - Monolith_Enter XKUMGCBH
2025-03-18 04:58:04,909 - INFO - Monolith_Exit XKUMGCBH
2025-03-18 04:58:04,912 - INFO - Monolith_Enter 7948S083
2025-03-18 04:58:04,974 - INFO - Monolith_Exit 7948S083
2025-03-18 04:58:04,976 - INFO - Monolith_Enter XHA57U1Z
2025-03-18 04:58:05,034 - INFO - Monolith_Exit XHA57U1Z
2025-03-18 04:58:05,042 - INFO - Monolith_Enter UFXJZ0H4
2025-03-18 04:58:05,103 - INFO - Monolith_Exit UFXJZ0H4
2025-03-18 04:58:05,199 - INFO - Monolith_Enter 8BCUAA7V
2025-03-18 04:58:05,263 - INFO - Monolith_Exit 8BCUAA7V
2025-03-18 04:58:05,265 - INFO - Monolith_Enter KZ96L6CN
2025-03-18 04:58:05,327 - INFO - Monolith_Exit KZ96L6CN
2025-03-18 04:58:05,330 - INFO - Monolith_Enter 3BPVGYSJ
2025-03-18 04:58:05,390 - INFO - Monolith_Exit 3BPVGYSJ
2025-03-18 04:58:05,393 - INFO - Monolith_Enter 5NL3XBAK
2025-03-18 04:58:05,457 - INFO - Monolith_Exit 5NL3XBAK
2025-03-18 04:58:05,461 - INFO - Monolith_Enter T6D1LTV3
2025-03-18 04:58:05,528 - INFO - Monolith_Exit T6D1LTV3
2025-03-18 04:58:05,657 - INFO - Monolith_Enter YSBHIGVR
2025-03-18 04:58:05,719 - INFO - Monolith_Exit YSBHIGVR
2025-03-18 04:58:05,811 - INFO - Monolith_Enter HSC90CNK
2025-03-18 04:58:05,872 - INFO - Monolith_Exit HSC90CNK
2025-03-18 04:58:06,598 - INFO - Monolith_Enter GJEW67CU
2025-03-18 04:58:06,659 - INFO - Monolith_Exit GJEW67CU
2025-03-18 04:58:06,708 - INFO - Monolith_Enter WJE0IP15
2025-03-18 04:58:06,770 - INFO - Monolith_Exit WJE0IP15
2025-03-18 04:58:06,774 - INFO - Monolith_Enter 2W45AJUI
2025-03-18 04:58:06,838 - INFO - Monolith_Exit 2W45AJUI
2025-03-18 04:58:06,861 - INFO - Monolith_Enter HT9DIY09
2025-03-18 04:58:06,923 - INFO - Monolith_Exit HT9DIY09
2025-03-18 04:58:06,927 - INFO - Monolith_Enter JDOMGB2W
2025-03-18 04:58:06,990 - INFO - Monolith_Exit JDOMGB2W
2025-03-18 04:58:06,992 - INFO - Monolith_Enter 0WXP1XQ8
2025-03-18 04:58:07,054 - INFO - Monolith_Exit 0WXP1XQ8
2025-03-18 04:58:07,055 - INFO - Monolith_Enter U7A0ML53
2025-03-18 04:58:07,112 - INFO - Monolith_Exit U7A0ML53
2025-03-18 04:58:07,213 - INFO - Monolith_Enter OISH8BTV
2025-03-18 04:58:07,278 - INFO - Monolith_Exit OISH8BTV
2025-03-18 04:58:07,280 - INFO - Monolith_Enter PK8XUX87
2025-03-18 04:58:07,342 - INFO - Monolith_Exit PK8XUX87
2025-03-18 04:58:07,345 - INFO - Monolith_Enter MMY2B671
Monolith_Enter GEG2LIC7
2025-03-18 04:58:07,447 - INFO - Monolith_Exit MMY2B671
Monolith_Exit GEG2LIC7
2025-03-18 04:58:07,474 - INFO - Monolith_Enter XUYTWV2H
2025-03-18 04:58:07,536 - INFO - Monolith_Exit XUYTWV2H
2025-03-18 04:58:08,065 - INFO - Monolith_Enter 08FTW9AL
2025-03-18 04:58:08,127 - INFO - Monolith_Exit 08FTW9AL
2025-03-18 04:58:08,348 - INFO - Monolith_Enter 30LIVBLI
2025-03-18 04:58:08,410 - INFO - Monolith_Exit 30LIVBLI
2025-03-18 04:58:08,829 - INFO - Monolith_Enter I9CYCREX
2025-03-18 04:58:08,890 - INFO - Monolith_Exit I9CYCREX
2025-03-18 04:58:09,048 - INFO - Monolith_Enter 6I4IMROX
2025-03-18 04:58:09,108 - INFO - Monolith_Exit 6I4IMROX
2025-03-18 04:58:09,111 - INFO - Monolith_Enter RLZHRMKJ
2025-03-18 04:58:09,175 - INFO - Monolith_Exit RLZHRMKJ
2025-03-18 04:58:09,376 - INFO - Monolith_Enter XIYXGZS6
2025-03-18 04:58:09,445 - INFO - Monolith_Exit XIYXGZS6
2025-03-18 04:58:09,660 - INFO - Monolith_Enter CEERXQBU
2025-03-18 04:58:09,734 - INFO - Monolith_Exit CEERXQBU
2025-03-18 04:58:09,835 - INFO - Monolith_Enter GAAPYMB9
2025-03-18 04:58:09,908 - INFO - Monolith_Exit GAAPYMB9
2025-03-18 04:58:09,965 - INFO - Monolith_Enter Y7UYQUIR
2025-03-18 04:58:10,041 - INFO - Monolith_Exit Y7UYQUIR
2025-03-18 04:58:10,163 - INFO - Monolith_Enter JHGWX53B
2025-03-18 04:58:10,240 - INFO - Monolith_Exit JHGWX53B
2025-03-18 04:58:10,336 - INFO - Monolith_Enter 0807M2LM
2025-03-18 04:58:10,412 - INFO - Monolith_Exit 0807M2LM
2025-03-18 04:58:10,414 - INFO - Monolith_Enter 1Z9OS2XP
2025-03-18 04:58:10,496 - INFO - Monolith_Exit 1Z9OS2XP
2025-03-18 04:58:10,500 - INFO - Monolith_Enter 528LMFG8
Monolith_Enter GYOF5J6I
2025-03-18 04:58:10,616 - INFO - Monolith_Exit 528LMFG8
Monolith_Exit GYOF5J6I
2025-03-18 04:58:10,619 - INFO - Monolith_Enter BM6V4PBB
2025-03-18 04:58:10,683 - INFO - Monolith_Exit BM6V4PBB
2025-03-18 04:58:10,688 - INFO - Monolith_Enter ZC7IYORB
2025-03-18 04:58:10,758 - INFO - Monolith_Exit ZC7IYORB
2025-03-18 04:58:10,761 - INFO - Monolith_Enter IC98Z36H
Monolith_Enter WX7CC4WW
2025-03-18 04:58:10,865 - INFO - Monolith_Exit IC98Z36H
Monolith_Exit WX7CC4WW
2025-03-18 04:58:11,126 - INFO - Monolith_Enter BAIKLSHJ
2025-03-18 04:58:11,188 - INFO - Monolith_Exit BAIKLSHJ
2025-03-18 04:58:11,191 - INFO - Monolith_Enter PH6AMAQ6
2025-03-18 04:58:11,251 - INFO - Monolith_Exit PH6AMAQ6
2025-03-18 04:58:11,367 - INFO - Monolith_Enter 04H4SE7U
2025-03-18 04:58:11,433 - INFO - Monolith_Exit 04H4SE7U
2025-03-18 04:58:11,454 - INFO - Monolith_Enter I3YXH6SE
2025-03-18 04:58:11,517 - INFO - Monolith_Exit I3YXH6SE
2025-03-18 04:58:11,520 - INFO - Monolith_Enter M6JXSFW8
2025-03-18 04:58:11,580 - INFO - Monolith_Exit M6JXSFW8
2025-03-18 04:58:11,869 - INFO - Monolith_Enter KQYBFG8O
2025-03-18 04:58:11,930 - INFO - Monolith_Exit KQYBFG8O
2025-03-18 04:58:11,933 - INFO - Monolith_Enter 0ZGSJMNV
2025-03-18 04:58:11,996 - INFO - Monolith_Exit 0ZGSJMNV
2025-03-18 04:58:12,087 - INFO - Monolith_Enter N53T4CDL
2025-03-18 04:58:12,153 - INFO - Monolith_Exit N53T4CDL
2025-03-18 04:58:12,196 - INFO - Monolith_Enter R1XNPE8J
2025-03-18 04:58:12,258 - INFO - Monolith_Exit R1XNPE8J
2025-03-18 04:58:12,304 - INFO - Monolith_Enter UPCQ80A2
2025-03-18 04:58:12,364 - INFO - Monolith_Exit UPCQ80A2
2025-03-18 04:58:12,654 - INFO - Monolith_Enter F6HMJBP2
2025-03-18 04:58:12,715 - INFO - Monolith_Exit F6HMJBP2
2025-03-18 04:58:12,718 - INFO - Monolith_Enter 1RQSVM0H
2025-03-18 04:58:12,778 - INFO - Monolith_Exit 1RQSVM0H
2025-03-18 04:58:12,780 - INFO - Monolith_Enter 9C6LSI6R
2025-03-18 04:58:12,844 - INFO - Monolith_Exit 9C6LSI6R
2025-03-18 04:58:12,847 - INFO - Monolith_Enter R3VC6U1O
2025-03-18 04:58:12,912 - INFO - Monolith_Exit R3VC6U1O
2025-03-18 04:58:12,915 - INFO - Monolith_Enter QEG8BZ1M
Monolith_Enter AFXWOM3S
2025-03-18 04:58:13,015 - INFO - Monolith_Exit QEG8BZ1M
Monolith_Exit AFXWOM3S
2025-03-18 04:58:13,028 - INFO - Monolith_Enter UC3YBAVP
2025-03-18 04:58:13,089 - INFO - Monolith_Exit UC3YBAVP
2025-03-18 04:58:13,246 - INFO - Monolith_Enter K3UJVB43
2025-03-18 04:58:13,306 - INFO - Monolith_Exit K3UJVB43
2025-03-18 04:58:13,880 - INFO - Monolith_Enter U483MNFE
2025-03-18 04:58:13,942 - INFO - Monolith_Exit U483MNFE
2025-03-18 04:58:13,944 - INFO - Monolith_Enter QLBFQIET
2025-03-18 04:58:14,005 - INFO - Monolith_Exit QLBFQIET
2025-03-18 04:58:14,078 - INFO - Monolith_Enter V5RFLG1V
2025-03-18 04:58:14,143 - INFO - Monolith_Exit V5RFLG1V
2025-03-18 04:58:14,251 - INFO - Monolith_Enter 9FA8S8U5
2025-03-18 04:58:14,315 - INFO - Monolith_Exit 9FA8S8U5
2025-03-18 04:58:14,491 - INFO - Monolith_Enter KMLYIG74
2025-03-18 04:58:14,553 - INFO - Monolith_Exit KMLYIG74
2025-03-18 04:58:14,710 - INFO - Monolith_Enter OJ8MQ72H
2025-03-18 04:58:14,774 - INFO - Monolith_Exit OJ8MQ72H
2025-03-18 04:58:14,777 - INFO - Monolith_Enter 05ZUSJJB
2025-03-18 04:58:14,849 - INFO - Monolith_Exit 05ZUSJJB
2025-03-18 04:58:14,995 - INFO - Monolith_Enter 3L8LSFWE
2025-03-18 04:58:15,075 - INFO - Monolith_Exit 3L8LSFWE
2025-03-18 04:58:15,082 - INFO - Monolith_Enter IN2Z6E3P
2025-03-18 04:58:15,159 - INFO - Monolith_Exit IN2Z6E3P
2025-03-18 04:58:15,170 - INFO - Monolith_Enter IDLTCXBY
2025-03-18 04:58:15,234 - INFO - Monolith_Exit IDLTCXBY
2025-03-18 04:58:15,237 - INFO - Monolith_Enter I70ORFRR
2025-03-18 04:58:15,299 - INFO - Monolith_Exit I70ORFRR
2025-03-18 04:58:15,368 - INFO - Monolith_Enter IDO11W25
2025-03-18 04:58:15,428 - INFO - Monolith_Exit IDO11W25
2025-03-18 04:58:15,499 - INFO - Monolith_Enter 47586VTR
2025-03-18 04:58:15,561 - INFO - Monolith_Exit 47586VTR
2025-03-18 04:58:15,762 - INFO - Monolith_Enter GNVY75FU
2025-03-18 04:58:15,823 - INFO - Monolith_Exit GNVY75FU
2025-03-18 04:58:15,914 - INFO - Monolith_Enter 63A8YRZT
2025-03-18 04:58:15,975 - INFO - Monolith_Exit 63A8YRZT
2025-03-18 04:58:16,133 - INFO - Monolith_Enter J2G8KNW8
2025-03-18 04:58:16,193 - INFO - Monolith_Exit J2G8KNW8
2025-03-18 04:58:16,352 - INFO - Monolith_Enter 2AWTWFUF
2025-03-18 04:58:16,413 - INFO - Monolith_Exit 2AWTWFUF
2025-03-18 04:58:16,549 - INFO - Monolith_Enter XUB5WQ9U
2025-03-18 04:58:16,609 - INFO - Monolith_Exit XUB5WQ9U
2025-03-18 04:58:16,812 - INFO - Monolith_Enter X9445Z76
2025-03-18 04:58:16,873 - INFO - Monolith_Exit X9445Z76
2025-03-18 04:58:16,878 - INFO - Monolith_Enter ZWH73F2O
2025-03-18 04:58:16,939 - INFO - Monolith_Exit ZWH73F2O
2025-03-18 04:58:17,139 - INFO - Monolith_Enter 06KZWNKJ
2025-03-18 04:58:17,200 - INFO - Monolith_Exit 06KZWNKJ
2025-03-18 04:58:17,378 - INFO - Monolith_Enter NZ5QKU1R
2025-03-18 04:58:17,444 - INFO - Monolith_Exit NZ5QKU1R
2025-03-18 04:58:17,447 - INFO - Monolith_Enter P029I4QV
2025-03-18 04:58:17,515 - INFO - Monolith_Exit P029I4QV
2025-03-18 04:58:17,860 - INFO - Monolith_Enter B1RWG1BG
2025-03-18 04:58:17,926 - INFO - Monolith_Exit B1RWG1BG
2025-03-18 04:58:18,146 - INFO - Monolith_Enter QNV4MJ0L
2025-03-18 04:58:18,212 - INFO - Monolith_Exit QNV4MJ0L
2025-03-18 04:58:18,321 - INFO - Monolith_Enter C6BM5VEE
2025-03-18 04:58:18,385 - INFO - Monolith_Exit C6BM5VEE
2025-03-18 04:58:18,714 - INFO - Monolith_Enter E7IB4XWL
2025-03-18 04:58:18,779 - INFO - Monolith_Exit E7IB4XWL
2025-03-18 04:58:18,782 - INFO - Monolith_Enter B03M1S29
2025-03-18 04:58:18,850 - INFO - Monolith_Exit B03M1S29
2025-03-18 04:58:18,888 - INFO - Monolith_Enter UKOKPNN3
2025-03-18 04:58:18,953 - INFO - Monolith_Exit UKOKPNN3
2025-03-18 04:58:19,128 - INFO - Monolith_Enter HP28M2HN
2025-03-18 04:58:19,192 - INFO - Monolith_Exit HP28M2HN
2025-03-18 04:58:19,303 - INFO - Monolith_Enter PKUOMSJT
2025-03-18 04:58:19,368 - INFO - Monolith_Exit PKUOMSJT
2025-03-18 04:58:19,455 - INFO - Monolith_Enter I81MQZNN
2025-03-18 04:58:19,524 - INFO - Monolith_Exit I81MQZNN
2025-03-18 04:58:19,586 - INFO - Monolith_Enter 7KMRR5RZ
2025-03-18 04:58:19,655 - INFO - Monolith_Exit 7KMRR5RZ
2025-03-18 04:58:19,674 - INFO - Monolith_Enter PBOM12G2
2025-03-18 04:58:19,743 - INFO - Monolith_Exit PBOM12G2
2025-03-18 04:58:20,023 - INFO - Monolith_Enter 3HHJ6NMM
2025-03-18 04:58:20,091 - INFO - Monolith_Exit 3HHJ6NMM
2025-03-18 04:58:20,094 - INFO - Monolith_Enter KMP5741B
Monolith_Enter JHA4UA6J
2025-03-18 04:58:20,204 - INFO - Monolith_Exit KMP5741B
Monolith_Exit JHA4UA6J
2025-03-18 04:58:20,206 - INFO - Monolith_Enter LEH7GCYF
2025-03-18 04:58:20,268 - INFO - Monolith_Exit LEH7GCYF
2025-03-18 04:58:20,460 - INFO - Monolith_Enter 72D1GZIN
2025-03-18 04:58:20,527 - INFO - Monolith_Exit 72D1GZIN
2025-03-18 04:58:21,007 - INFO - Monolith_Enter 5J6IFMC6
2025-03-18 04:58:21,068 - INFO - Monolith_Exit 5J6IFMC6
2025-03-18 04:58:21,072 - INFO - Monolith_Enter K12I0OP8
Monolith_Enter GQYUB6X1
2025-03-18 04:58:21,181 - INFO - Monolith_Exit K12I0OP8
Monolith_Exit GQYUB6X1
2025-03-18 04:58:21,189 - INFO - Monolith_Enter H2AT06IT
Monolith_Enter CWGC6WPV
2025-03-18 04:58:21,289 - INFO - Monolith_Exit H2AT06IT
Monolith_Exit CWGC6WPV
2025-03-18 04:58:21,292 - INFO - Monolith_Enter Z75EGA4P
2025-03-18 04:58:21,359 - INFO - Monolith_Exit Z75EGA4P
2025-03-18 04:58:21,362 - INFO - Monolith_Enter CWFDOATC
2025-03-18 04:58:21,424 - INFO - Monolith_Exit CWFDOATC
2025-03-18 04:58:21,467 - INFO - Monolith_Enter 7IT4S93Y
2025-03-18 04:58:21,532 - INFO - Monolith_Exit 7IT4S93Y
2025-03-18 04:58:21,553 - INFO - Monolith_Enter L8ZJMHVR
2025-03-18 04:58:21,615 - INFO - Monolith_Exit L8ZJMHVR
2025-03-18 04:58:21,619 - INFO - Monolith_Enter WVK734H5
2025-03-18 04:58:21,680 - INFO - Monolith_Exit WVK734H5
2025-03-18 04:58:21,705 - INFO - Monolith_Enter R0UQU1ZA
2025-03-18 04:58:21,766 - INFO - Monolith_Exit R0UQU1ZA
2025-03-18 04:58:21,771 - INFO - Monolith_Enter S5HD6R10
2025-03-18 04:58:21,832 - INFO - Monolith_Exit S5HD6R10
2025-03-18 04:58:22,142 - INFO - Monolith_Enter GMOWA7F7
2025-03-18 04:58:22,204 - INFO - Monolith_Exit GMOWA7F7
2025-03-18 04:58:22,206 - INFO - Monolith_Enter B501UPEE
2025-03-18 04:58:22,271 - INFO - Monolith_Exit B501UPEE
2025-03-18 04:58:22,428 - INFO - Monolith_Enter NKWXHYYD
2025-03-18 04:58:22,491 - INFO - Monolith_Exit NKWXHYYD
2025-03-18 04:58:22,494 - INFO - Monolith_Enter 0TTLYB62
2025-03-18 04:58:22,555 - INFO - Monolith_Exit 0TTLYB62
2025-03-18 04:58:22,558 - INFO - Monolith_Enter J0TSFO0D
2025-03-18 04:58:22,618 - INFO - Monolith_Exit J0TSFO0D
2025-03-18 04:58:22,621 - INFO - Monolith_Enter L9A9VYNQ
Monolith_Enter V3Q5C7IC
2025-03-18 04:58:22,727 - INFO - Monolith_Exit L9A9VYNQ
Monolith_Exit V3Q5C7IC
2025-03-18 04:58:22,729 - INFO - Monolith_Enter JNKVBM53
2025-03-18 04:58:22,794 - INFO - Monolith_Exit JNKVBM53
2025-03-18 04:58:22,797 - INFO - Monolith_Enter HAM0JOW2
Monolith_Enter R13RZMAP
2025-03-18 04:58:22,897 - INFO - Monolith_Exit HAM0JOW2
Monolith_Exit R13RZMAP
2025-03-18 04:58:22,901 - INFO - Monolith_Enter SD42I95G
Monolith_Enter GWW1HOO5
2025-03-18 04:58:23,004 - INFO - Monolith_Exit SD42I95G
Monolith_Exit GWW1HOO5
2025-03-18 04:58:23,007 - INFO - Monolith_Enter A5ATFWUV
2025-03-18 04:58:23,072 - INFO - Monolith_Exit A5ATFWUV
2025-03-18 04:58:23,074 - INFO - Monolith_Enter D1TGN6DV
2025-03-18 04:58:23,136 - INFO - Monolith_Exit D1TGN6DV
2025-03-18 04:58:23,218 - INFO - Monolith_Enter WN7MFQXB
2025-03-18 04:58:23,281 - INFO - Monolith_Exit WN7MFQXB
2025-03-18 04:58:23,481 - INFO - Monolith_Enter VIXZG89A
2025-03-18 04:58:23,543 - INFO - Monolith_Exit VIXZG89A
2025-03-18 04:58:23,546 - INFO - Monolith_Enter 8VMR8OP5
Monolith_Enter VIY90QTK
2025-03-18 04:58:23,646 - INFO - Monolith_Exit 8VMR8OP5
Monolith_Exit VIY90QTK
2025-03-18 04:58:23,654 - INFO - Monolith_Enter BP2EBKJT
Monolith_Enter CBDUVY8I
Monolith_Enter G6LL6FN7
2025-03-18 04:58:23,796 - INFO - Monolith_Exit BP2EBKJT
Monolith_Exit CBDUVY8I
Monolith_Exit G6LL6FN7
2025-03-18 04:58:23,799 - INFO - Monolith_Enter MMDJEZJ7
2025-03-18 04:58:23,866 - INFO - Monolith_Exit MMDJEZJ7
2025-03-18 04:58:23,869 - INFO - Monolith_Enter QHVY95JR
Monolith_Enter AISPHDRX
2025-03-18 04:58:23,970 - INFO - Monolith_Exit QHVY95JR
Monolith_Exit AISPHDRX
2025-03-18 04:58:24,052 - INFO - Monolith_Enter 0NNZ62OA
2025-03-18 04:58:24,121 - INFO - Monolith_Exit 0NNZ62OA
2025-03-18 04:58:24,123 - INFO - Monolith_Enter 8S65Q9WO
2025-03-18 04:58:24,184 - INFO - Monolith_Exit 8S65Q9WO
2025-03-18 04:58:24,186 - INFO - Monolith_Enter U6JDYUM0
2025-03-18 04:58:24,252 - INFO - Monolith_Exit U6JDYUM0
2025-03-18 04:58:24,293 - INFO - Monolith_Enter B4EURA7E
2025-03-18 04:58:24,354 - INFO - Monolith_Exit B4EURA7E
2025-03-18 04:58:24,358 - INFO - Monolith_Enter C8Q1NI01
2025-03-18 04:58:24,419 - INFO - Monolith_Exit C8Q1NI01
