2025-04-12 19:18:01,915 - INFO - Ingress_Enter 9GQ5HMJV
2025-04-12 19:18:01,968 - INFO - Ingress_Input_Decoded 9GQ5HMJV
2025-04-12 19:18:01,973 - INFO - Ingress_Numpy_Converted 9GQ5HMJV
2025-04-12 19:18:02,403 - INFO - Ingress_Exit 9GQ5HMJV
2025-04-12 19:18:02,847 - INFO - Ingress_Enter 7PNUDUKN
2025-04-12 19:18:02,863 - INFO - Ingress_Input_Decoded 7PNUDUKN
2025-04-12 19:18:02,864 - INFO - Ingress_Numpy_Converted 7PNUDUKN
2025-04-12 19:18:03,331 - INFO - Ingress_Exit 7PNUDUKN
2025-04-12 19:18:12,201 - INFO - Ingress_Enter GH42G11G
2025-04-12 19:18:12,224 - INFO - Ingress_Input_Decoded GH42G11G
2025-04-12 19:18:12,227 - INFO - Ingress_Numpy_Converted GH42G11G
2025-04-12 19:18:12,356 - INFO - Ingress_Enter 9HPTY9ZG
2025-04-12 19:18:12,371 - INFO - Ingress_Input_Decoded 9HPTY9ZG
2025-04-12 19:18:12,373 - INFO - Ingress_Numpy_Converted 9HPTY9ZG
2025-04-12 19:18:12,486 - INFO - Ingress_Exit GH42G11G
2025-04-12 19:18:12,654 - INFO - Ingress_Exit 9HPTY9ZG
2025-04-12 19:18:23,037 - INFO - Ingress_Enter Y09DQ35L
2025-04-12 19:18:23,061 - INFO - Ingress_Input_Decoded Y09DQ35L
2025-04-12 19:18:23,063 - INFO - Ingress_Numpy_Converted Y09DQ35L
2025-04-12 19:18:23,356 - INFO - Ingress_Exit Y09DQ35L
2025-04-12 19:18:25,202 - INFO - Ingress_Enter D8LERE4U
2025-04-12 19:18:25,218 - INFO - Ingress_Input_Decoded D8LERE4U
2025-04-12 19:18:25,219 - INFO - Ingress_Numpy_Converted D8LERE4U
2025-04-12 19:18:25,552 - INFO - Ingress_Exit D8LERE4U
2025-04-12 19:18:26,707 - INFO - Ingress_Enter HCO8555D
2025-04-12 19:18:26,726 - INFO - Ingress_Input_Decoded HCO8555D
2025-04-12 19:18:26,727 - INFO - Ingress_Numpy_Converted HCO8555D
2025-04-12 19:18:27,033 - INFO - Ingress_Enter VR5CO705
2025-04-12 19:18:27,049 - INFO - Ingress_Input_Decoded VR5CO705
2025-04-12 19:18:27,051 - INFO - Ingress_Numpy_Converted VR5CO705
2025-04-12 19:18:27,092 - INFO - Ingress_Exit HCO8555D
2025-04-12 19:18:27,366 - INFO - Ingress_Exit VR5CO705
2025-04-12 19:18:27,879 - INFO - Ingress_Enter TTKX3IX5
2025-04-12 19:18:27,899 - INFO - Ingress_Input_Decoded TTKX3IX5
2025-04-12 19:18:27,900 - INFO - Ingress_Numpy_Converted TTKX3IX5
2025-04-12 19:18:28,348 - INFO - Ingress_Exit TTKX3IX5
2025-04-12 19:18:31,209 - INFO - Ingress_Enter I9SH5H6W
2025-04-12 19:18:31,226 - INFO - Ingress_Input_Decoded I9SH5H6W
2025-04-12 19:18:31,227 - INFO - Ingress_Numpy_Converted I9SH5H6W
2025-04-12 19:18:31,554 - INFO - Ingress_Exit I9SH5H6W
