2025-04-01 02:58:08,801 - INFO - Ingress_Enter IJ5I6363
2025-04-01 02:58:08,999 - INFO - Ingress_Enter IZTJOIGF
2025-04-01 02:58:09,021 - INFO - Ingress_Enter REWXQBRM
2025-04-01 02:58:09,059 - INFO - Ingress_Enter DGNES2N5
2025-04-01 02:58:09,189 - INFO - Ingress_Enter 8RLDAI3R
2025-04-01 02:58:09,258 - INFO - Ingress_Enter T28PB2HF
2025-04-01 02:58:09,379 - INFO - Ingress_Enter 0W1G8NEO
2025-04-01 02:58:09,519 - INFO - Ingress_Enter 7XGY7XRO
2025-04-01 02:58:09,538 - INFO - Ingress_Enter Y5BLR4D6
2025-04-01 02:58:09,728 - INFO - Ingress_Enter QUAZ16S4
2025-04-01 02:58:09,790 - INFO - Ingress_Exit IZTJOIGF
2025-04-01 02:58:09,965 - INFO - Ingress_Enter AK7ETU5B
2025-04-01 02:58:09,985 - INFO - Ingress_Exit DGNES2N5
2025-04-01 02:58:09,995 - INFO - Ingress_Enter G7NFR4KZ
2025-04-01 02:58:10,030 - INFO - Ingress_Exit 8RLDAI3R
2025-04-01 02:58:10,045 - INFO - Ingress_Enter VFHJMLHV
2025-04-01 02:58:10,056 - INFO - Ingress_Exit 0W1G8NEO
2025-04-01 02:58:10,096 - INFO - Ingress_Exit T28PB2HF
2025-04-01 02:58:10,097 - INFO - Ingress_Exit 7XGY7XRO
2025-04-01 02:58:10,121 - INFO - Ingress_Exit IJ5I6363
2025-04-01 02:58:10,144 - INFO - Ingress_Enter 49VZFYBX
2025-04-01 02:58:10,194 - INFO - Ingress_Enter 5KZTDXBO
2025-04-01 02:58:10,262 - INFO - Ingress_Enter 19THATTQ
2025-04-01 02:58:10,274 - INFO - Ingress_Exit Y5BLR4D6
2025-04-01 02:58:10,371 - INFO - Ingress_Enter E60C25XL
2025-04-01 02:58:10,397 - INFO - Ingress_Exit REWXQBRM
2025-04-01 02:58:10,470 - INFO - Ingress_Enter QYQJ8U5B
2025-04-01 02:58:10,613 - INFO - Ingress_Enter 9LW14RKC
2025-04-01 02:58:10,670 - INFO - Ingress_Enter T27TU9WI
2025-04-01 02:58:10,694 - INFO - Ingress_Enter FGER3M12
2025-04-01 02:58:10,823 - INFO - Ingress_Exit E60C25XL
2025-04-01 02:58:10,915 - INFO - Ingress_Exit 49VZFYBX
2025-04-01 02:58:10,921 - INFO - Ingress_Exit QUAZ16S4
2025-04-01 02:58:11,044 - INFO - Ingress_Exit 19THATTQ
2025-04-01 02:58:11,091 - INFO - Ingress_Exit G7NFR4KZ
2025-04-01 02:58:11,271 - INFO - Ingress_Exit VFHJMLHV
2025-04-01 02:58:11,273 - INFO - Ingress_Exit AK7ETU5B
2025-04-01 02:58:11,275 - INFO - Ingress_Exit 9LW14RKC
2025-04-01 02:58:11,377 - INFO - Ingress_Exit QYQJ8U5B
2025-04-01 02:58:11,386 - INFO - Ingress_Exit T27TU9WI
2025-04-01 02:58:11,488 - INFO - Ingress_Exit 5KZTDXBO
2025-04-01 02:58:11,814 - INFO - Ingress_Exit FGER3M12
2025-04-01 02:58:12,986 - INFO - Ingress_Enter NTRLLIWD
2025-04-01 02:58:13,365 - INFO - Ingress_Enter WKOSQIKT
2025-04-01 02:58:13,388 - INFO - Ingress_Enter 006C0MY8
2025-04-01 02:58:13,605 - INFO - Ingress_Enter D6ED9DZH
2025-04-01 02:58:13,637 - INFO - Ingress_Enter H3XECZHT
2025-04-01 02:58:13,694 - INFO - Ingress_Enter R2PA67K0
2025-04-01 02:58:13,745 - INFO - Ingress_Enter O6IOW3V4
2025-04-01 02:58:13,765 - INFO - Ingress_Enter YIAFFDON
2025-04-01 02:58:13,883 - INFO - Ingress_Enter 5ABVKMX3
2025-04-01 02:58:14,023 - INFO - Ingress_Enter KSIXL5HH
2025-04-01 02:58:14,043 - INFO - Ingress_Enter TDWXBN07
2025-04-01 02:58:14,049 - INFO - Ingress_Exit NTRLLIWD
2025-04-01 02:58:14,069 - INFO - Ingress_Exit WKOSQIKT
2025-04-01 02:58:14,167 - INFO - Ingress_Exit D6ED9DZH
2025-04-01 02:58:14,168 - INFO - Ingress_Exit R2PA67K0
2025-04-01 02:58:14,197 - INFO - Ingress_Enter IVJPNWKP
2025-04-01 02:58:14,226 - INFO - Ingress_Enter 4LMN4ARU
2025-04-01 02:58:14,254 - INFO - Ingress_Exit 006C0MY8
2025-04-01 02:58:14,275 - INFO - Ingress_Enter KLA758M4
2025-04-01 02:58:14,286 - INFO - Ingress_Enter MO7P7Y8I
2025-04-01 02:58:14,297 - INFO - Ingress_Enter OIPAW8CN
2025-04-01 02:58:14,514 - INFO - Ingress_Enter OQXDCOMM
2025-04-01 02:58:14,578 - INFO - Ingress_Exit H3XECZHT
2025-04-01 02:58:14,616 - INFO - Ingress_Exit YIAFFDON
2025-04-01 02:58:14,628 - INFO - Ingress_Exit O6IOW3V4
2025-04-01 02:58:14,672 - INFO - Ingress_Exit TDWXBN07
2025-04-01 02:58:14,759 - INFO - Ingress_Exit 5ABVKMX3
2025-04-01 02:58:14,971 - INFO - Ingress_Exit MO7P7Y8I
2025-04-01 02:58:14,992 - INFO - Ingress_Exit 4LMN4ARU
2025-04-01 02:58:14,993 - INFO - Ingress_Exit KLA758M4
2025-04-01 02:58:14,997 - INFO - Ingress_Exit KSIXL5HH
2025-04-01 02:58:15,083 - INFO - Ingress_Exit IVJPNWKP
2025-04-01 02:58:15,089 - INFO - Ingress_Exit OIPAW8CN
2025-04-01 02:58:15,169 - INFO - Ingress_Exit OQXDCOMM
2025-04-01 02:58:15,360 - INFO - Ingress_Enter GDVOCME5
2025-04-01 02:58:15,391 - INFO - Ingress_Enter 6HTG8OWL
2025-04-01 02:58:15,559 - INFO - Ingress_Enter 2AJFWSP7
2025-04-01 02:58:15,575 - INFO - Ingress_Enter DASC9ASE
2025-04-01 02:58:15,647 - INFO - Ingress_Enter DFJRMLQ9
2025-04-01 02:58:15,677 - INFO - Ingress_Enter XE5PA2AD
2025-04-01 02:58:15,709 - INFO - Ingress_Enter 2OZ775BJ
2025-04-01 02:58:15,822 - INFO - Ingress_Enter ZSXWZYQ5
2025-04-01 02:58:15,886 - INFO - Ingress_Enter P4IJSOLI
2025-04-01 02:58:16,034 - INFO - Ingress_Enter IG3UKTS6
2025-04-01 02:58:16,045 - INFO - Ingress_Exit 6HTG8OWL
2025-04-01 02:58:16,182 - INFO - Ingress_Enter BSD0CD9O
2025-04-01 02:58:16,235 - INFO - Ingress_Exit DFJRMLQ9
2025-04-01 02:58:16,283 - INFO - Ingress_Enter MVCBR0ZV
2025-04-01 02:58:16,303 - INFO - Ingress_Enter 1EXMYA2K
2025-04-01 02:58:16,329 - INFO - Ingress_Enter B270BTUH
2025-04-01 02:58:16,361 - INFO - Ingress_Exit GDVOCME5
2025-04-01 02:58:16,363 - INFO - Ingress_Exit 2AJFWSP7
2025-04-01 02:58:16,364 - INFO - Ingress_Exit DASC9ASE
2025-04-01 02:58:16,410 - INFO - Ingress_Exit XE5PA2AD
2025-04-01 02:58:16,550 - INFO - Ingress_Exit P4IJSOLI
2025-04-01 02:58:16,552 - INFO - Ingress_Exit 2OZ775BJ
2025-04-01 02:58:16,624 - INFO - Ingress_Exit ZSXWZYQ5
2025-04-01 02:58:16,796 - INFO - Ingress_Exit IG3UKTS6
2025-04-01 02:58:16,957 - INFO - Ingress_Exit BSD0CD9O
2025-04-01 02:58:16,958 - INFO - Ingress_Exit B270BTUH
2025-04-01 02:58:17,025 - INFO - Ingress_Exit 1EXMYA2K
2025-04-01 02:58:17,075 - INFO - Ingress_Exit MVCBR0ZV
2025-04-01 02:58:26,491 - INFO - Ingress_Enter 0NGWC8Z7
2025-04-01 02:58:26,561 - INFO - Ingress_Enter E6GOOHJP
2025-04-01 02:58:26,613 - INFO - Ingress_Enter 3EZQPYCA
2025-04-01 02:58:26,632 - INFO - Ingress_Enter AIU8BQT8
2025-04-01 02:58:26,660 - INFO - Ingress_Enter 9QPZER14
2025-04-01 02:58:26,734 - INFO - Ingress_Enter PKTS5NUY
2025-04-01 02:58:26,795 - INFO - Ingress_Enter WSOUMF7K
2025-04-01 02:58:26,925 - INFO - Ingress_Enter MP0JINJM
2025-04-01 02:58:27,066 - INFO - Ingress_Enter JT8RT9Z8
2025-04-01 02:58:27,087 - INFO - Ingress_Exit E6GOOHJP
2025-04-01 02:58:27,088 - INFO - Ingress_Exit 3EZQPYCA
2025-04-01 02:58:27,129 - INFO - Ingress_Exit AIU8BQT8
2025-04-01 02:58:27,168 - INFO - Ingress_Exit 9QPZER14
2025-04-01 02:58:27,223 - INFO - Ingress_Enter XSA8Z23W
2025-04-01 02:58:27,325 - INFO - Ingress_Enter 13Y28XWE
2025-04-01 02:58:27,360 - INFO - Ingress_Exit WSOUMF7K
2025-04-01 02:58:27,361 - INFO - Ingress_Exit 0NGWC8Z7
2025-04-01 02:58:27,396 - INFO - Ingress_Exit PKTS5NUY
2025-04-01 02:58:27,554 - INFO - Ingress_Exit JT8RT9Z8
2025-04-01 02:58:27,554 - INFO - Ingress_Exit MP0JINJM
2025-04-01 02:58:27,630 - INFO - Ingress_Exit XSA8Z23W
2025-04-01 02:58:27,743 - INFO - Ingress_Enter 65TAA9KW
2025-04-01 02:58:27,812 - INFO - Ingress_Enter QF3AOKCK
2025-04-01 02:58:27,846 - INFO - Ingress_Enter WWU3BQBA
2025-04-01 02:58:27,892 - INFO - Ingress_Enter ZSY6S19O
2025-04-01 02:58:27,971 - INFO - Ingress_Enter WKT9W7I4
2025-04-01 02:58:28,013 - INFO - Ingress_Exit 13Y28XWE
2025-04-01 02:58:28,032 - INFO - Ingress_Enter JOSSZU8H
2025-04-01 02:58:28,061 - INFO - Ingress_Enter I526VECN
2025-04-01 02:58:28,121 - INFO - Ingress_Enter ZM6DBXAM
2025-04-01 02:58:28,260 - INFO - Ingress_Enter QLRBXEC1
2025-04-01 02:58:28,366 - INFO - Ingress_Exit 65TAA9KW
2025-04-01 02:58:28,421 - INFO - Ingress_Exit WWU3BQBA
2025-04-01 02:58:28,434 - INFO - Ingress_Exit QF3AOKCK
2025-04-01 02:58:28,588 - INFO - Ingress_Exit WKT9W7I4
2025-04-01 02:58:28,742 - INFO - Ingress_Exit ZM6DBXAM
2025-04-01 02:58:28,743 - INFO - Ingress_Exit I526VECN
2025-04-01 02:58:28,773 - INFO - Ingress_Exit ZSY6S19O
2025-04-01 02:58:28,829 - INFO - Ingress_Exit QLRBXEC1
2025-04-01 02:58:28,878 - INFO - Ingress_Exit JOSSZU8H
2025-04-01 02:58:30,348 - INFO - Ingress_Enter R6SO6Y1R
2025-04-01 02:58:30,519 - INFO - Ingress_Enter WFVEC8NX
2025-04-01 02:58:30,579 - INFO - Ingress_Enter RZJCQV16
2025-04-01 02:58:30,820 - INFO - Ingress_Enter 4GYHRKOZ
2025-04-01 02:58:30,835 - INFO - Ingress_Exit R6SO6Y1R
2025-04-01 02:58:30,879 - INFO - Ingress_Exit WFVEC8NX
2025-04-01 02:58:30,900 - INFO - Ingress_Enter 7GZ37AWT
2025-04-01 02:58:31,001 - INFO - Ingress_Exit 4GYHRKOZ
2025-04-01 02:58:31,037 - INFO - Ingress_Exit RZJCQV16
2025-04-01 02:58:31,053 - INFO - Ingress_Enter 45O81IL7
2025-04-01 02:58:31,073 - INFO - Ingress_Enter YLUB6AZD
2025-04-01 02:58:31,083 - INFO - Ingress_Enter RTCO97HJ
2025-04-01 02:58:31,221 - INFO - Ingress_Enter 6N7US1M8
2025-04-01 02:58:31,349 - INFO - Ingress_Exit 7GZ37AWT
2025-04-01 02:58:31,470 - INFO - Ingress_Exit 45O81IL7
2025-04-01 02:58:31,509 - INFO - Ingress_Enter MI2LOB5K
2025-04-01 02:58:31,548 - INFO - Ingress_Exit RTCO97HJ
2025-04-01 02:58:31,550 - INFO - Ingress_Enter 4CBS04TX
2025-04-01 02:58:31,626 - INFO - Ingress_Enter H2TXTCDZ
2025-04-01 02:58:31,654 - INFO - Ingress_Enter UGBKGXJL
2025-04-01 02:58:31,664 - INFO - Ingress_Exit YLUB6AZD
2025-04-01 02:58:31,899 - INFO - Ingress_Exit 6N7US1M8
2025-04-01 02:58:31,921 - INFO - Ingress_Exit 4CBS04TX
2025-04-01 02:58:31,955 - INFO - Ingress_Enter PS2WREXX
2025-04-01 02:58:31,965 - INFO - Ingress_Enter RPGYJC4S
2025-04-01 02:58:31,978 - INFO - Ingress_Exit UGBKGXJL
2025-04-01 02:58:32,005 - INFO - Ingress_Enter BCRGWM1N
2025-04-01 02:58:32,098 - INFO - Ingress_Enter SYWWXSU1
2025-04-01 02:58:32,101 - INFO - Ingress_Exit MI2LOB5K
2025-04-01 02:58:32,133 - INFO - Ingress_Exit H2TXTCDZ
2025-04-01 02:58:32,252 - INFO - Ingress_Enter RDB6KHN7
2025-04-01 02:58:32,279 - INFO - Ingress_Enter AVQAY02T
2025-04-01 02:58:32,399 - INFO - Ingress_Enter APXVXQBP
2025-04-01 02:58:32,442 - INFO - Ingress_Exit PS2WREXX
2025-04-01 02:58:32,454 - INFO - Ingress_Enter H3PHIWCZ
2025-04-01 02:58:32,567 - INFO - Ingress_Enter R9UTWKMZ
2025-04-01 02:58:32,626 - INFO - Ingress_Exit SYWWXSU1
2025-04-01 02:58:32,650 - INFO - Ingress_Enter 95UREMNC
2025-04-01 02:58:32,672 - INFO - Ingress_Exit RPGYJC4S
2025-04-01 02:58:32,673 - INFO - Ingress_Exit BCRGWM1N
2025-04-01 02:58:32,755 - INFO - Ingress_Enter RFMECTU4
2025-04-01 02:58:32,787 - INFO - Ingress_Enter EOV25D1A
2025-04-01 02:58:32,830 - INFO - Ingress_Exit RDB6KHN7
2025-04-01 02:58:32,833 - INFO - Ingress_Exit H3PHIWCZ
2025-04-01 02:58:32,957 - INFO - Ingress_Enter UW3UVNQA
2025-04-01 02:58:32,966 - INFO - Ingress_Exit AVQAY02T
2025-04-01 02:58:33,034 - INFO - Ingress_Enter VP83C7LH
2025-04-01 02:58:33,040 - INFO - Ingress_Exit RFMECTU4
2025-04-01 02:58:33,042 - INFO - Ingress_Exit EOV25D1A
2025-04-01 02:58:33,129 - INFO - Ingress_Enter R8MXDCVH
2025-04-01 02:58:33,151 - INFO - Ingress_Exit APXVXQBP
2025-04-01 02:58:33,271 - INFO - Ingress_Enter IUFCHZFK
2025-04-01 02:58:33,295 - INFO - Ingress_Exit R9UTWKMZ
2025-04-01 02:58:33,296 - INFO - Ingress_Exit 95UREMNC
2025-04-01 02:58:33,337 - INFO - Ingress_Enter NTRM0JTF
2025-04-01 02:58:33,368 - INFO - Ingress_Enter DDJHNLP5
2025-04-01 02:58:33,383 - INFO - Ingress_Exit VP83C7LH
2025-04-01 02:58:33,408 - INFO - Ingress_Enter ZFBHPTHL
2025-04-01 02:58:33,463 - INFO - Ingress_Enter GKH3CVE1
2025-04-01 02:58:33,500 - INFO - Ingress_Enter 1LHRHWSP
2025-04-01 02:58:33,547 - INFO - Ingress_Exit R8MXDCVH
2025-04-01 02:58:33,548 - INFO - Ingress_Exit UW3UVNQA
2025-04-01 02:58:33,822 - INFO - Ingress_Enter AZPZTYD4
2025-04-01 02:58:33,845 - INFO - Ingress_Enter 1ZWALIQS
2025-04-01 02:58:33,900 - INFO - Ingress_Enter LK2FSARQ
2025-04-01 02:58:34,187 - INFO - Ingress_Exit IUFCHZFK
2025-04-01 02:58:34,188 - INFO - Ingress_Exit NTRM0JTF
2025-04-01 02:58:34,191 - INFO - Ingress_Exit ZFBHPTHL
2025-04-01 02:58:34,329 - INFO - Ingress_Exit DDJHNLP5
2025-04-01 02:58:34,378 - INFO - Ingress_Exit GKH3CVE1
2025-04-01 02:58:34,420 - INFO - Ingress_Exit 1LHRHWSP
2025-04-01 02:58:34,470 - INFO - Ingress_Exit AZPZTYD4
2025-04-01 02:58:34,471 - INFO - Ingress_Exit 1ZWALIQS
2025-04-01 02:58:34,739 - INFO - Ingress_Exit LK2FSARQ
2025-04-01 02:58:36,742 - INFO - Ingress_Enter CRGTI8SU
2025-04-01 02:58:36,930 - INFO - Ingress_Enter 1GDTMW57
2025-04-01 02:58:36,931 - INFO - Ingress_Enter BC85MTNY
2025-04-01 02:58:37,071 - INFO - Ingress_Enter MEKO0CWB
2025-04-01 02:58:37,282 - INFO - Ingress_Enter UHINPMK1
2025-04-01 02:58:37,287 - INFO - Ingress_Enter XG4CUEMB
2025-04-01 02:58:37,407 - INFO - Ingress_Exit CRGTI8SU
2025-04-01 02:58:37,463 - INFO - Ingress_Exit 1GDTMW57
2025-04-01 02:58:37,606 - INFO - Ingress_Enter 2RJ2VB0F
2025-04-01 02:58:37,663 - INFO - Ingress_Exit UHINPMK1
2025-04-01 02:58:37,685 - INFO - Ingress_Enter B4MPKUY7
2025-04-01 02:58:37,736 - INFO - Ingress_Enter QNRSC9DJ
2025-04-01 02:58:37,863 - INFO - Ingress_Enter EHDACC6V
2025-04-01 02:58:37,875 - INFO - Ingress_Exit MEKO0CWB
2025-04-01 02:58:37,876 - INFO - Ingress_Exit XG4CUEMB
2025-04-01 02:58:37,891 - INFO - Ingress_Exit BC85MTNY
2025-04-01 02:58:38,152 - INFO - Ingress_Exit 2RJ2VB0F
2025-04-01 02:58:38,191 - INFO - Ingress_Enter 0R4F773W
2025-04-01 02:58:38,289 - INFO - Ingress_Enter M6FJ7GLJ
2025-04-01 02:58:38,331 - INFO - Ingress_Exit B4MPKUY7
2025-04-01 02:58:38,606 - INFO - Ingress_Enter 8OQQA5KV
2025-04-01 02:58:38,706 - INFO - Ingress_Exit QNRSC9DJ
2025-04-01 02:58:38,708 - INFO - Ingress_Exit EHDACC6V
2025-04-01 02:58:38,867 - INFO - Ingress_Exit 0R4F773W
2025-04-01 02:58:39,096 - INFO - Ingress_Enter 9UUHN2KI
2025-04-01 02:58:39,194 - INFO - Ingress_Enter 97VEXU5B
2025-04-01 02:58:39,197 - INFO - Ingress_Enter 0APFBUIH
2025-04-01 02:58:39,208 - INFO - Ingress_Exit 8OQQA5KV
2025-04-01 02:58:39,246 - INFO - Ingress_Enter 8QKD8LTU
2025-04-01 02:58:39,294 - INFO - Ingress_Exit M6FJ7GLJ
2025-04-01 02:58:39,335 - INFO - Ingress_Enter WEE587L5
2025-04-01 02:58:39,548 - INFO - Ingress_Exit 9UUHN2KI
2025-04-01 02:58:39,654 - INFO - Ingress_Exit 0APFBUIH
2025-04-01 02:58:39,693 - INFO - Ingress_Exit 97VEXU5B
2025-04-01 02:58:39,759 - INFO - Ingress_Enter HYOCWTR0
2025-04-01 02:58:39,784 - INFO - Ingress_Exit 8QKD8LTU
2025-04-01 02:58:39,813 - INFO - Ingress_Enter U6FPHZVP
2025-04-01 02:58:39,823 - INFO - Ingress_Exit WEE587L5
2025-04-01 02:58:39,831 - INFO - Ingress_Enter CKY3H3QR
2025-04-01 02:58:39,871 - INFO - Ingress_Enter 2K0TRD3N
2025-04-01 02:58:39,908 - INFO - Ingress_Enter 7F7OQJP6
2025-04-01 02:58:40,152 - INFO - Ingress_Enter FQODTRHG
2025-04-01 02:58:40,190 - INFO - Ingress_Enter EWG4JOO4
2025-04-01 02:58:40,275 - INFO - Ingress_Exit HYOCWTR0
2025-04-01 02:58:40,277 - INFO - Ingress_Exit CKY3H3QR
2025-04-01 02:58:40,279 - INFO - Ingress_Exit 7F7OQJP6
2025-04-01 02:58:40,294 - INFO - Ingress_Enter 57T8DNP2
2025-04-01 02:58:40,386 - INFO - Ingress_Enter BU93ATSO
2025-04-01 02:58:40,492 - INFO - Ingress_Enter 7M2Z0BKX
2025-04-01 02:58:40,592 - INFO - Ingress_Enter DOC2POUG
2025-04-01 02:58:40,633 - INFO - Ingress_Exit U6FPHZVP
2025-04-01 02:58:40,639 - INFO - Ingress_Exit 2K0TRD3N
2025-04-01 02:58:40,652 - INFO - Ingress_Enter 6CKSTH6S
2025-04-01 02:58:40,706 - INFO - Ingress_Enter 22LURU3J
2025-04-01 02:58:40,725 - INFO - Ingress_Enter HKW0VFLQ
2025-04-01 02:58:40,772 - INFO - Ingress_Exit EWG4JOO4
2025-04-01 02:58:40,860 - INFO - Ingress_Enter 2PG270Q6
2025-04-01 02:58:40,873 - INFO - Ingress_Exit FQODTRHG
2025-04-01 02:58:40,906 - INFO - Ingress_Exit 6CKSTH6S
2025-04-01 02:58:40,942 - INFO - Ingress_Enter ZCB2FLXV
2025-04-01 02:58:40,977 - INFO - Ingress_Exit 22LURU3J
2025-04-01 02:58:40,991 - INFO - Ingress_Exit 57T8DNP2
2025-04-01 02:58:40,999 - INFO - Ingress_Enter K37ETJCK
2025-04-01 02:58:41,053 - INFO - Ingress_Enter 7LCIIR6M
2025-04-01 02:58:41,054 - INFO - Ingress_Enter 17GLRGDJ
2025-04-01 02:58:41,130 - INFO - Ingress_Enter 6Y23JBM0
2025-04-01 02:58:41,150 - INFO - Ingress_Enter KW69KFAS
2025-04-01 02:58:41,200 - INFO - Ingress_Exit 7M2Z0BKX
2025-04-01 02:58:41,247 - INFO - Ingress_Exit BU93ATSO
2025-04-01 02:58:41,488 - INFO - Ingress_Exit HKW0VFLQ
2025-04-01 02:58:41,498 - INFO - Ingress_Exit DOC2POUG
2025-04-01 02:58:41,620 - INFO - Ingress_Exit K37ETJCK
2025-04-01 02:58:41,624 - INFO - Ingress_Exit 7LCIIR6M
2025-04-01 02:58:41,784 - INFO - Ingress_Exit 6Y23JBM0
2025-04-01 02:58:41,792 - INFO - Ingress_Exit 2PG270Q6
2025-04-01 02:58:41,796 - INFO - Ingress_Exit ZCB2FLXV
2025-04-01 02:58:41,859 - INFO - Ingress_Exit 17GLRGDJ
2025-04-01 02:58:41,974 - INFO - Ingress_Exit KW69KFAS
2025-04-01 02:58:42,595 - INFO - Ingress_Enter 28180078
2025-04-01 02:58:42,845 - INFO - Ingress_Exit 28180078
2025-04-01 02:58:42,863 - INFO - Ingress_Enter DPA6P4MS
2025-04-01 02:58:42,884 - INFO - Ingress_Enter YXYCXB99
2025-04-01 02:58:43,027 - INFO - Ingress_Enter 15D4GAKR
2025-04-01 02:58:43,037 - INFO - Ingress_Enter BIK7V0QY
2025-04-01 02:58:43,197 - INFO - Ingress_Enter P0NCWY7K
2025-04-01 02:58:43,224 - INFO - Ingress_Enter VTI7QN43
2025-04-01 02:58:43,226 - INFO - Ingress_Enter M1H6Z6CV
2025-04-01 02:58:43,244 - INFO - Ingress_Enter G8READPP
2025-04-01 02:58:43,253 - INFO - Ingress_Enter 9L7AII8S
2025-04-01 02:58:43,255 - INFO - Ingress_Enter MX3MY3PG
2025-04-01 02:58:43,294 - INFO - Ingress_Enter 4CB42TJ8
2025-04-01 02:58:43,313 - INFO - Ingress_Enter K5TZH8ZI
2025-04-01 02:58:43,416 - INFO - Ingress_Enter 0FO0IXMR
2025-04-01 02:58:43,444 - INFO - Ingress_Exit YXYCXB99
2025-04-01 02:58:43,446 - INFO - Ingress_Exit 15D4GAKR
2025-04-01 02:58:43,534 - INFO - Ingress_Exit DPA6P4MS
2025-04-01 02:58:43,546 - INFO - Ingress_Exit VTI7QN43
2025-04-01 02:58:43,585 - INFO - Ingress_Exit M1H6Z6CV
2025-04-01 02:58:43,588 - INFO - Ingress_Exit K5TZH8ZI
2025-04-01 02:58:43,686 - INFO - Ingress_Exit 4CB42TJ8
2025-04-01 02:58:43,729 - INFO - Ingress_Exit MX3MY3PG
2025-04-01 02:58:43,731 - INFO - Ingress_Exit BIK7V0QY
2025-04-01 02:58:43,732 - INFO - Ingress_Exit G8READPP
2025-04-01 02:58:43,756 - INFO - Ingress_Exit 9L7AII8S
2025-04-01 02:58:43,966 - INFO - Ingress_Exit P0NCWY7K
2025-04-01 02:58:44,061 - INFO - Ingress_Exit 0FO0IXMR
2025-04-01 02:58:53,475 - INFO - Ingress_Enter G3Y8Y9PT
2025-04-01 02:58:53,554 - INFO - Ingress_Enter 2V45S609
2025-04-01 02:58:53,793 - INFO - Ingress_Enter QZ8PUH8Z
2025-04-01 02:58:53,835 - INFO - Ingress_Enter ARULYDEU
2025-04-01 02:58:53,870 - INFO - Ingress_Enter R559RSU8
2025-04-01 02:58:53,882 - INFO - Ingress_Exit 2V45S609
2025-04-01 02:58:53,958 - INFO - Ingress_Enter CC20ORMZ
2025-04-01 02:58:53,990 - INFO - Ingress_Exit G3Y8Y9PT
2025-04-01 02:58:54,048 - INFO - Ingress_Enter 9UX90WRZ
2025-04-01 02:58:54,055 - INFO - Ingress_Enter JV3BQ6I0
2025-04-01 02:58:54,078 - INFO - Ingress_Enter 9I6118B0
2025-04-01 02:58:54,195 - INFO - Ingress_Enter FBTIAQVA
2025-04-01 02:58:54,283 - INFO - Ingress_Exit ARULYDEU
2025-04-01 02:58:54,319 - INFO - Ingress_Enter X1IXDKFT
2025-04-01 02:58:54,326 - INFO - Ingress_Exit R559RSU8
2025-04-01 02:58:54,406 - INFO - Ingress_Enter PHQQ2AQA
2025-04-01 02:58:54,419 - INFO - Ingress_Exit QZ8PUH8Z
2025-04-01 02:58:54,477 - INFO - Ingress_Enter ZGH8GMEB
2025-04-01 02:58:54,500 - INFO - Ingress_Exit CC20ORMZ
2025-04-01 02:58:54,501 - INFO - Ingress_Exit JV3BQ6I0
2025-04-01 02:58:54,517 - INFO - Ingress_Enter 8VM3AB0I
2025-04-01 02:58:54,568 - INFO - Ingress_Enter DSHORQ1Y
2025-04-01 02:58:54,600 - INFO - Ingress_Exit 9I6118B0
2025-04-01 02:58:54,601 - INFO - Ingress_Exit 9UX90WRZ
2025-04-01 02:58:54,609 - INFO - Ingress_Exit X1IXDKFT
2025-04-01 02:58:54,681 - INFO - Ingress_Exit PHQQ2AQA
2025-04-01 02:58:54,683 - INFO - Ingress_Exit FBTIAQVA
2025-04-01 02:58:54,838 - INFO - Ingress_Enter KEWAZ3FN
2025-04-01 02:58:54,853 - INFO - Ingress_Exit ZGH8GMEB
2025-04-01 02:58:55,066 - INFO - Ingress_Enter T7NZLND0
2025-04-01 02:58:55,070 - INFO - Ingress_Exit DSHORQ1Y
2025-04-01 02:58:55,122 - INFO - Ingress_Exit 8VM3AB0I
2025-04-01 02:58:55,386 - INFO - Ingress_Enter IWF9PS02
2025-04-01 02:58:55,413 - INFO - Ingress_Enter YR0S9EY1
2025-04-01 02:58:55,415 - INFO - Ingress_Enter Y7TNHRBI
2025-04-01 02:58:55,537 - INFO - Ingress_Exit KEWAZ3FN
2025-04-01 02:58:55,565 - INFO - Ingress_Enter EWU8WT7B
2025-04-01 02:58:55,614 - INFO - Ingress_Enter JZ39IPF8
2025-04-01 02:58:55,723 - INFO - Ingress_Exit T7NZLND0
2025-04-01 02:58:55,736 - INFO - Ingress_Enter 24Q5XJBX
2025-04-01 02:58:55,755 - INFO - Ingress_Enter XL9XWI3J
2025-04-01 02:58:55,813 - INFO - Ingress_Enter IT2QUV9D
2025-04-01 02:58:55,836 - INFO - Ingress_Enter 1XXU45EI
2025-04-01 02:58:55,864 - INFO - Ingress_Exit IWF9PS02
2025-04-01 02:58:55,921 - INFO - Ingress_Exit YR0S9EY1
2025-04-01 02:58:56,057 - INFO - Ingress_Enter INKQCHPT
2025-04-01 02:58:56,119 - INFO - Ingress_Exit Y7TNHRBI
2025-04-01 02:58:56,153 - INFO - Ingress_Exit 24Q5XJBX
2025-04-01 02:58:56,204 - INFO - Ingress_Exit JZ39IPF8
2025-04-01 02:58:56,240 - INFO - Ingress_Enter R5XPT1OS
2025-04-01 02:58:56,241 - INFO - Ingress_Exit EWU8WT7B
2025-04-01 02:58:56,246 - INFO - Ingress_Enter 07KNP6KU
2025-04-01 02:58:56,320 - INFO - Ingress_Enter B2R6MGV8
2025-04-01 02:58:56,377 - INFO - Ingress_Exit IT2QUV9D
2025-04-01 02:58:56,413 - INFO - Ingress_Enter IF8CNT0Z
2025-04-01 02:58:56,434 - INFO - Ingress_Enter SFIFMMTZ
2025-04-01 02:58:56,447 - INFO - Ingress_Exit XL9XWI3J
2025-04-01 02:58:56,464 - INFO - Ingress_Enter IIC3UEF9
2025-04-01 02:58:56,575 - INFO - Ingress_Exit R5XPT1OS
2025-04-01 02:58:56,636 - INFO - Ingress_Exit 07KNP6KU
2025-04-01 02:58:56,645 - INFO - Ingress_Enter RLRNB3CO
2025-04-01 02:58:56,652 - INFO - Ingress_Exit 1XXU45EI
2025-04-01 02:58:56,713 - INFO - Ingress_Exit B2R6MGV8
2025-04-01 02:58:56,724 - INFO - Ingress_Exit INKQCHPT
2025-04-01 02:58:56,732 - INFO - Ingress_Enter DI5O5S69
2025-04-01 02:58:56,734 - INFO - Ingress_Enter 49NQGJ34
2025-04-01 02:58:56,871 - INFO - Ingress_Exit IIC3UEF9
2025-04-01 02:58:56,907 - INFO - Ingress_Exit IF8CNT0Z
2025-04-01 02:58:56,962 - INFO - Ingress_Enter 60RBFRLM
2025-04-01 02:58:56,981 - INFO - Ingress_Enter NECKMQB9
2025-04-01 02:58:57,041 - INFO - Ingress_Exit SFIFMMTZ
2025-04-01 02:58:57,077 - INFO - Ingress_Enter AVXMW0C3
2025-04-01 02:58:57,104 - INFO - Ingress_Exit 49NQGJ34
2025-04-01 02:58:57,163 - INFO - Ingress_Exit DI5O5S69
2025-04-01 02:58:57,187 - INFO - Ingress_Exit RLRNB3CO
2025-04-01 02:58:57,285 - INFO - Ingress_Enter SZUBLUIV
2025-04-01 02:58:57,325 - INFO - Ingress_Enter 8GFFQYY0
2025-04-01 02:58:57,340 - INFO - Ingress_Exit 60RBFRLM
2025-04-01 02:58:57,344 - INFO - Ingress_Enter 0XYK04QD
2025-04-01 02:58:57,354 - INFO - Ingress_Enter FPPEX2XP
2025-04-01 02:58:57,372 - INFO - Ingress_Exit AVXMW0C3
2025-04-01 02:58:57,413 - INFO - Ingress_Enter 26BU1CLV
2025-04-01 02:58:57,424 - INFO - Ingress_Enter IGX2JA61
2025-04-01 02:58:57,483 - INFO - Ingress_Enter 7M5DVRI7
2025-04-01 02:58:57,513 - INFO - Ingress_Exit NECKMQB9
2025-04-01 02:58:57,553 - INFO - Ingress_Enter 5CLMFH75
2025-04-01 02:58:57,641 - INFO - Ingress_Enter KLDX5D10
2025-04-01 02:58:57,730 - INFO - Ingress_Exit FPPEX2XP
2025-04-01 02:58:57,774 - INFO - Ingress_Exit SZUBLUIV
2025-04-01 02:58:57,775 - INFO - Ingress_Exit 8GFFQYY0
2025-04-01 02:58:57,932 - INFO - Ingress_Exit 7M5DVRI7
2025-04-01 02:58:58,019 - INFO - Ingress_Exit 0XYK04QD
2025-04-01 02:58:58,020 - INFO - Ingress_Exit 26BU1CLV
2025-04-01 02:58:58,066 - INFO - Ingress_Exit IGX2JA61
2025-04-01 02:58:58,098 - INFO - Ingress_Exit KLDX5D10
2025-04-01 02:58:58,506 - INFO - Ingress_Exit 5CLMFH75
2025-04-01 02:58:58,614 - INFO - Ingress_Enter JVQ6NT73
2025-04-01 02:58:58,662 - INFO - Ingress_Enter 7ZF1R21S
2025-04-01 02:58:58,664 - INFO - Ingress_Enter L0XOC2SK
2025-04-01 02:58:58,711 - INFO - Ingress_Enter 18QF8UVE
2025-04-01 02:58:58,807 - INFO - Ingress_Enter EO690LIJ
2025-04-01 02:58:58,847 - INFO - Ingress_Enter 626OF76I
2025-04-01 02:58:58,887 - INFO - Ingress_Enter TCBWRIG3
2025-04-01 02:58:58,906 - INFO - Ingress_Exit JVQ6NT73
2025-04-01 02:58:58,912 - INFO - Ingress_Enter 42DY09TQ
2025-04-01 02:58:58,933 - INFO - Ingress_Enter UHTNSCU3
2025-04-01 02:58:59,058 - INFO - Ingress_Exit L0XOC2SK
2025-04-01 02:58:59,175 - INFO - Ingress_Enter BIBVWUY7
2025-04-01 02:58:59,310 - INFO - Ingress_Exit 7ZF1R21S
2025-04-01 02:58:59,377 - INFO - Ingress_Enter VIT2BZU8
2025-04-01 02:58:59,401 - INFO - Ingress_Exit 626OF76I
2025-04-01 02:58:59,451 - INFO - Ingress_Exit UHTNSCU3
2025-04-01 02:58:59,460 - INFO - Ingress_Exit 18QF8UVE
2025-04-01 02:58:59,461 - INFO - Ingress_Exit EO690LIJ
2025-04-01 02:58:59,464 - INFO - Ingress_Exit TCBWRIG3
2025-04-01 02:58:59,486 - INFO - Ingress_Enter 8WG1RTB5
2025-04-01 02:58:59,536 - INFO - Ingress_Enter 78VH4QDS
2025-04-01 02:58:59,564 - INFO - Ingress_Enter WPC2T2U4
2025-04-01 02:58:59,586 - INFO - Ingress_Enter UMAH4U1B
2025-04-01 02:58:59,620 - INFO - Ingress_Exit 42DY09TQ
2025-04-01 02:58:59,715 - INFO - Ingress_Enter FONM3D90
2025-04-01 02:58:59,732 - INFO - Ingress_Exit BIBVWUY7
2025-04-01 02:58:59,765 - INFO - Ingress_Enter WSYUKFJ9
2025-04-01 02:58:59,806 - INFO - Ingress_Enter BAYGCKUO
2025-04-01 02:58:59,845 - INFO - Ingress_Enter F4LQGITP
2025-04-01 02:58:59,847 - INFO - Ingress_Enter 463ATAXE
2025-04-01 02:58:59,992 - INFO - Ingress_Exit VIT2BZU8
2025-04-01 02:59:00,074 - INFO - Ingress_Exit 8WG1RTB5
2025-04-01 02:59:00,132 - INFO - Ingress_Exit WSYUKFJ9
2025-04-01 02:59:00,137 - INFO - Ingress_Exit WPC2T2U4
2025-04-01 02:59:00,140 - INFO - Ingress_Enter UIQ506JO
2025-04-01 02:59:00,141 - INFO - Ingress_Enter Z3XZS0HS
2025-04-01 02:59:00,157 - INFO - Ingress_Enter ZKLXPRY5
2025-04-01 02:59:00,181 - INFO - Ingress_Exit UMAH4U1B
2025-04-01 02:59:00,250 - INFO - Ingress_Exit 78VH4QDS
2025-04-01 02:59:00,341 - INFO - Ingress_Exit F4LQGITP
2025-04-01 02:59:00,348 - INFO - Ingress_Exit FONM3D90
2025-04-01 02:59:00,368 - INFO - Ingress_Enter EM6ULF74
2025-04-01 02:59:00,425 - INFO - Ingress_Enter KKWOTAXG
2025-04-01 02:59:00,483 - INFO - Ingress_Enter NA37I5B6
2025-04-01 02:59:00,504 - INFO - Ingress_Exit 463ATAXE
2025-04-01 02:59:00,622 - INFO - Ingress_Enter 2Z4TLKSK
2025-04-01 02:59:00,642 - INFO - Ingress_Exit BAYGCKUO
2025-04-01 02:59:00,646 - INFO - Ingress_Enter 856FK4LD
2025-04-01 02:59:00,786 - INFO - Ingress_Exit KKWOTAXG
2025-04-01 02:59:00,788 - INFO - Ingress_Exit Z3XZS0HS
2025-04-01 02:59:00,816 - INFO - Ingress_Exit UIQ506JO
2025-04-01 02:59:00,849 - INFO - Ingress_Exit ZKLXPRY5
2025-04-01 02:59:00,851 - INFO - Ingress_Enter ZT1VU46M
2025-04-01 02:59:00,865 - INFO - Ingress_Exit EM6ULF74
2025-04-01 02:59:00,870 - INFO - Ingress_Enter XE3W1ZTA
2025-04-01 02:59:00,908 - INFO - Ingress_Exit NA37I5B6
2025-04-01 02:59:01,074 - INFO - Ingress_Enter 5BNIBR5P
2025-04-01 02:59:01,156 - INFO - Ingress_Exit 2Z4TLKSK
2025-04-01 02:59:01,156 - INFO - Ingress_Exit 856FK4LD
2025-04-01 02:59:01,179 - INFO - Ingress_Exit ZT1VU46M
2025-04-01 02:59:01,255 - INFO - Ingress_Exit XE3W1ZTA
2025-04-01 02:59:01,257 - INFO - Ingress_Enter PVKJY3VJ
2025-04-01 02:59:01,283 - INFO - Ingress_Enter TD9FKQ8F
2025-04-01 02:59:01,344 - INFO - Ingress_Enter A943XSDH
2025-04-01 02:59:01,384 - INFO - Ingress_Enter OPB8IVVS
2025-04-01 02:59:01,403 - INFO - Ingress_Enter N8VRJKJP
2025-04-01 02:59:01,633 - INFO - Ingress_Enter BJA8WF38
2025-04-01 02:59:01,704 - INFO - Ingress_Exit 5BNIBR5P
2025-04-01 02:59:01,801 - INFO - Ingress_Enter NBFS69SP
2025-04-01 02:59:01,812 - INFO - Ingress_Enter LYIG7F5N
2025-04-01 02:59:01,828 - INFO - Ingress_Exit PVKJY3VJ
2025-04-01 02:59:01,873 - INFO - Ingress_Exit A943XSDH
2025-04-01 02:59:01,874 - INFO - Ingress_Exit TD9FKQ8F
2025-04-01 02:59:01,877 - INFO - Ingress_Exit OPB8IVVS
2025-04-01 02:59:01,976 - INFO - Ingress_Exit N8VRJKJP
2025-04-01 02:59:01,988 - INFO - Ingress_Enter UOCE0E4G
2025-04-01 02:59:02,030 - INFO - Ingress_Exit BJA8WF38
2025-04-01 02:59:02,039 - INFO - Ingress_Enter N67BWZM0
2025-04-01 02:59:02,069 - INFO - Ingress_Enter EQ7GKVUT
2025-04-01 02:59:02,107 - INFO - Ingress_Enter T3JNZR3I
2025-04-01 02:59:02,266 - INFO - Ingress_Enter VPRZK940
2025-04-01 02:59:02,407 - INFO - Ingress_Enter L3I7D36I
2025-04-01 02:59:02,434 - INFO - Ingress_Exit NBFS69SP
2025-04-01 02:59:02,434 - INFO - Ingress_Exit LYIG7F5N
2025-04-01 02:59:02,442 - INFO - Ingress_Exit UOCE0E4G
2025-04-01 02:59:02,557 - INFO - Ingress_Exit N67BWZM0
2025-04-01 02:59:02,765 - INFO - Ingress_Exit VPRZK940
2025-04-01 02:59:02,774 - INFO - Ingress_Enter 5FK4GZP3
2025-04-01 02:59:02,783 - INFO - Ingress_Enter TFHSOYEC
2025-04-01 02:59:02,802 - INFO - Ingress_Enter V5G3UNIK
2025-04-01 02:59:02,861 - INFO - Ingress_Enter 2ARCYOPO
2025-04-01 02:59:02,870 - INFO - Ingress_Exit L3I7D36I
2025-04-01 02:59:03,009 - INFO - Ingress_Exit T3JNZR3I
2025-04-01 02:59:03,010 - INFO - Ingress_Exit EQ7GKVUT
2025-04-01 02:59:03,019 - INFO - Ingress_Enter IEVWW6FX
2025-04-01 02:59:03,068 - INFO - Ingress_Enter B9V4V7K7
2025-04-01 02:59:03,105 - INFO - Ingress_Exit TFHSOYEC
2025-04-01 02:59:03,187 - INFO - Ingress_Enter ZHEEMS2K
2025-04-01 02:59:03,312 - INFO - Ingress_Exit 5FK4GZP3
2025-04-01 02:59:03,339 - INFO - Ingress_Enter 9MS5T8Y8
2025-04-01 02:59:03,392 - INFO - Ingress_Exit 2ARCYOPO
2025-04-01 02:59:03,528 - INFO - Ingress_Exit IEVWW6FX
2025-04-01 02:59:03,538 - INFO - Ingress_Exit V5G3UNIK
2025-04-01 02:59:03,649 - INFO - Ingress_Exit B9V4V7K7
2025-04-01 02:59:03,651 - INFO - Ingress_Exit 9MS5T8Y8
2025-04-01 02:59:03,684 - INFO - Ingress_Enter S7FD7K2N
2025-04-01 02:59:03,714 - INFO - Ingress_Enter 1EGSKFJA
2025-04-01 02:59:03,732 - INFO - Ingress_Enter GBHDNYDR
2025-04-01 02:59:03,745 - INFO - Ingress_Enter 813IMBG7
2025-04-01 02:59:03,752 - INFO - Ingress_Enter H2T491R4
2025-04-01 02:59:03,845 - INFO - Ingress_Enter X42RR9SF
2025-04-01 02:59:03,854 - INFO - Ingress_Enter SSZSZEJW
2025-04-01 02:59:03,882 - INFO - Ingress_Enter IE7XOG0E
2025-04-01 02:59:03,921 - INFO - Ingress_Enter 3Y1OBI1O
2025-04-01 02:59:04,084 - INFO - Ingress_Exit ZHEEMS2K
2025-04-01 02:59:04,094 - INFO - Ingress_Exit GBHDNYDR
2025-04-01 02:59:04,114 - INFO - Ingress_Exit S7FD7K2N
2025-04-01 02:59:04,131 - INFO - Ingress_Exit 1EGSKFJA
2025-04-01 02:59:04,337 - INFO - Ingress_Exit 3Y1OBI1O
2025-04-01 02:59:04,431 - INFO - Ingress_Exit SSZSZEJW
2025-04-01 02:59:04,469 - INFO - Ingress_Exit 813IMBG7
2025-04-01 02:59:04,470 - INFO - Ingress_Exit IE7XOG0E
2025-04-01 02:59:04,472 - INFO - Ingress_Exit X42RR9SF
2025-04-01 02:59:04,476 - INFO - Ingress_Exit H2T491R4
2025-04-01 02:59:04,850 - INFO - Ingress_Enter IRDPAENH
2025-04-01 02:59:04,939 - INFO - Ingress_Enter UQ33FMVV
2025-04-01 02:59:04,984 - INFO - Ingress_Enter 02UTXGPV
2025-04-01 02:59:05,115 - INFO - Ingress_Enter DW6NCK9L
2025-04-01 02:59:05,237 - INFO - Ingress_Enter LSLWP1B6
2025-04-01 02:59:05,296 - INFO - Ingress_Enter GJUNO7LL
2025-04-01 02:59:05,300 - INFO - Ingress_Enter RLRTXCA4
2025-04-01 02:59:05,329 - INFO - Ingress_Enter QYHXYG7Z
2025-04-01 02:59:05,374 - INFO - Ingress_Exit IRDPAENH
2025-04-01 02:59:05,384 - INFO - Ingress_Enter 0PAW642V
2025-04-01 02:59:05,403 - INFO - Ingress_Exit UQ33FMVV
2025-04-01 02:59:05,426 - INFO - Ingress_Exit DW6NCK9L
2025-04-01 02:59:05,429 - INFO - Ingress_Enter D80XZBJ7
2025-04-01 02:59:05,540 - INFO - Ingress_Enter N025Z9QA
2025-04-01 02:59:05,551 - INFO - Ingress_Enter UIXQK9V0
2025-04-01 02:59:05,589 - INFO - Ingress_Enter 3CDR00C5
2025-04-01 02:59:05,861 - INFO - Ingress_Exit 02UTXGPV
2025-04-01 02:59:05,940 - INFO - Ingress_Exit 0PAW642V
2025-04-01 02:59:05,943 - INFO - Ingress_Exit LSLWP1B6
2025-04-01 02:59:05,985 - INFO - Ingress_Exit GJUNO7LL
2025-04-01 02:59:06,031 - INFO - Ingress_Exit RLRTXCA4
2025-04-01 02:59:06,108 - INFO - Ingress_Exit QYHXYG7Z
2025-04-01 02:59:06,110 - INFO - Ingress_Exit D80XZBJ7
2025-04-01 02:59:06,201 - INFO - Ingress_Exit 3CDR00C5
2025-04-01 02:59:06,203 - INFO - Ingress_Exit UIXQK9V0
2025-04-01 02:59:06,273 - INFO - Ingress_Exit N025Z9QA
2025-04-01 02:59:07,449 - INFO - Ingress_Enter Z6CG3BUW
2025-04-01 02:59:07,519 - INFO - Ingress_Enter 3IDYWWOC
2025-04-01 02:59:07,747 - INFO - Ingress_Enter ZCNQ9XSP
2025-04-01 02:59:07,984 - INFO - Ingress_Enter 8PB6C3G7
2025-04-01 02:59:08,007 - INFO - Ingress_Exit Z6CG3BUW
2025-04-01 02:59:08,083 - INFO - Ingress_Enter 41J7I3NI
2025-04-01 02:59:08,103 - INFO - Ingress_Exit ZCNQ9XSP
2025-04-01 02:59:08,142 - INFO - Ingress_Exit 3IDYWWOC
2025-04-01 02:59:08,223 - INFO - Ingress_Enter 2K23970G
2025-04-01 02:59:08,243 - INFO - Ingress_Enter BIRWUJ0A
2025-04-01 02:59:08,259 - INFO - Ingress_Enter AZCXIDGZ
2025-04-01 02:59:08,357 - INFO - Ingress_Enter 77PAHYH6
2025-04-01 02:59:08,524 - INFO - Ingress_Enter 5UM2OQZK
2025-04-01 02:59:08,583 - INFO - Ingress_Enter UNZ5527N
2025-04-01 02:59:08,728 - INFO - Ingress_Exit 2K23970G
2025-04-01 02:59:08,877 - INFO - Ingress_Exit 41J7I3NI
2025-04-01 02:59:08,878 - INFO - Ingress_Enter MZ7UEGZ0
2025-04-01 02:59:08,880 - INFO - Ingress_Exit AZCXIDGZ
2025-04-01 02:59:08,905 - INFO - Ingress_Exit 77PAHYH6
2025-04-01 02:59:08,946 - INFO - Ingress_Exit 8PB6C3G7
2025-04-01 02:59:09,081 - INFO - Ingress_Exit 5UM2OQZK
2025-04-01 02:59:09,092 - INFO - Ingress_Exit BIRWUJ0A
2025-04-01 02:59:09,349 - INFO - Ingress_Exit UNZ5527N
2025-04-01 02:59:09,408 - INFO - Ingress_Exit MZ7UEGZ0
