2025-04-01 02:30:12,275 - INFO - Ingress_Enter 1JGG259T
2025-04-01 02:30:12,315 - INFO - Ingress_Enter EC7Z5IBX
2025-04-01 02:30:12,426 - INFO - Ingress_Enter JV2SDA0G
2025-04-01 02:30:13,032 - INFO - Ingress_Enter DGVRKJRB
2025-04-01 02:30:13,129 - INFO - Ingress_Exit JV2SDA0G
2025-04-01 02:30:13,201 - INFO - Ingress_Enter O9943J6P
2025-04-01 02:30:13,235 - INFO - Ingress_Enter UNI7LMDK
2025-04-01 02:30:13,243 - INFO - Ingress_Exit 1JGG259T
2025-04-01 02:30:13,245 - INFO - Ingress_Exit EC7Z5IBX
2025-04-01 02:30:13,358 - INFO - Ingress_Exit DGVRKJRB
2025-04-01 02:30:13,483 - INFO - Ingress_Exit O9943J6P
2025-04-01 02:30:13,486 - INFO - Ingress_Exit UNI7LMDK
2025-04-01 02:30:13,601 - INFO - Ingress_Enter ITI3TJUI
2025-04-01 02:30:13,644 - INFO - Ingress_Enter F3TDN2GM
2025-04-01 02:30:13,687 - INFO - Ingress_Enter 11YSMO5S
2025-04-01 02:30:13,712 - INFO - Ingress_Enter EASR8D9S
2025-04-01 02:30:13,770 - INFO - Ingress_Exit ITI3TJUI
2025-04-01 02:30:13,808 - INFO - Ingress_Enter P6V1RD0M
2025-04-01 02:30:13,808 - INFO - Ingress_Exit F3TDN2GM
2025-04-01 02:30:13,872 - INFO - Ingress_Exit EASR8D9S
2025-04-01 02:30:13,899 - INFO - Ingress_Exit 11YSMO5S
2025-04-01 02:30:13,976 - INFO - Ingress_Exit P6V1RD0M
2025-04-01 02:30:14,494 - INFO - Ingress_Enter WJ8P508D
2025-04-01 02:30:14,810 - INFO - Ingress_Enter NP0UMF7J
2025-04-01 02:30:14,956 - INFO - Ingress_Enter OYOHIFTJ
2025-04-01 02:30:14,960 - INFO - Ingress_Exit WJ8P508D
2025-04-01 02:30:15,154 - INFO - Ingress_Exit OYOHIFTJ
2025-04-01 02:30:15,328 - INFO - Ingress_Exit NP0UMF7J
2025-04-01 02:30:15,341 - INFO - Ingress_Enter NBA2IGQA
2025-04-01 02:30:15,366 - INFO - Ingress_Enter I09X0KD8
2025-04-01 02:30:15,498 - INFO - Ingress_Exit NBA2IGQA
2025-04-01 02:30:15,550 - INFO - Ingress_Exit I09X0KD8
2025-04-01 02:30:15,741 - INFO - Ingress_Enter WWH0NCJB
2025-04-01 02:30:15,811 - INFO - Ingress_Enter C6P8G4EQ
2025-04-01 02:30:15,838 - INFO - Ingress_Exit WWH0NCJB
2025-04-01 02:30:16,226 - INFO - Ingress_Enter WSKEPY4W
2025-04-01 02:30:16,379 - INFO - Ingress_Exit C6P8G4EQ
2025-04-01 02:30:16,501 - INFO - Ingress_Enter B0J7BQL4
2025-04-01 02:30:16,529 - INFO - Ingress_Exit WSKEPY4W
2025-04-01 02:30:16,553 - INFO - Ingress_Enter BD18HRKM
2025-04-01 02:30:16,693 - INFO - Ingress_Exit B0J7BQL4
2025-04-01 02:30:16,764 - INFO - Ingress_Exit BD18HRKM
2025-04-01 02:30:16,880 - INFO - Ingress_Enter 45HB7AV4
2025-04-01 02:30:17,059 - INFO - Ingress_Exit 45HB7AV4
2025-04-01 02:30:17,274 - INFO - Ingress_Enter AS4XEYRG
2025-04-01 02:30:17,315 - INFO - Ingress_Enter KYBUR6RL
2025-04-01 02:30:17,444 - INFO - Ingress_Exit AS4XEYRG
2025-04-01 02:30:17,602 - INFO - Ingress_Exit KYBUR6RL
2025-04-01 02:30:17,654 - INFO - Ingress_Enter ROSTOKHP
2025-04-01 02:30:17,679 - INFO - Ingress_Enter PTC1QJXX
2025-04-01 02:30:17,757 - INFO - Ingress_Enter MSQ071VT
2025-04-01 02:30:17,770 - INFO - Ingress_Exit ROSTOKHP
2025-04-01 02:30:17,799 - INFO - Ingress_Enter IWANSRRE
2025-04-01 02:30:17,833 - INFO - Ingress_Exit PTC1QJXX
2025-04-01 02:30:17,977 - INFO - Ingress_Exit MSQ071VT
2025-04-01 02:30:18,012 - INFO - Ingress_Exit IWANSRRE
2025-04-01 02:30:18,830 - INFO - Ingress_Enter ZDQY31A7
2025-04-01 02:30:18,838 - INFO - Ingress_Enter OW120T31
2025-04-01 02:30:18,978 - INFO - Ingress_Exit OW120T31
2025-04-01 02:30:18,979 - INFO - Ingress_Exit ZDQY31A7
2025-04-01 02:30:19,080 - INFO - Ingress_Enter IT5807KM
2025-04-01 02:30:19,158 - INFO - Ingress_Enter 967EI5PW
2025-04-01 02:30:19,208 - INFO - Ingress_Exit IT5807KM
2025-04-01 02:30:19,297 - INFO - Ingress_Exit 967EI5PW
2025-04-01 02:30:19,713 - INFO - Ingress_Enter IHUDN5U5
2025-04-01 02:30:19,876 - INFO - Ingress_Enter GOD3L8ZR
2025-04-01 02:30:19,909 - INFO - Ingress_Exit IHUDN5U5
2025-04-01 02:30:20,016 - INFO - Ingress_Exit GOD3L8ZR
2025-04-01 02:30:20,249 - INFO - Ingress_Enter 0ERNROJ8
2025-04-01 02:30:20,257 - INFO - Ingress_Enter LRT1GZBN
2025-04-01 02:30:20,342 - INFO - Ingress_Enter 5EY9E47K
2025-04-01 02:30:20,367 - INFO - Ingress_Exit 0ERNROJ8
2025-04-01 02:30:20,438 - INFO - Ingress_Enter R14XYHCJ
2025-04-01 02:30:20,462 - INFO - Ingress_Exit LRT1GZBN
2025-04-01 02:30:20,489 - INFO - Ingress_Exit 5EY9E47K
2025-04-01 02:30:20,619 - INFO - Ingress_Exit R14XYHCJ
2025-04-01 02:30:20,689 - INFO - Ingress_Enter 5M2YFP7N
2025-04-01 02:30:20,842 - INFO - Ingress_Enter LU3S8795
2025-04-01 02:30:20,867 - INFO - Ingress_Enter 5HUGHK94
2025-04-01 02:30:20,875 - INFO - Ingress_Enter TKVIM4U3
2025-04-01 02:30:20,891 - INFO - Ingress_Exit 5M2YFP7N
2025-04-01 02:30:20,961 - INFO - Ingress_Exit LU3S8795
2025-04-01 02:30:21,011 - INFO - Ingress_Exit TKVIM4U3
2025-04-01 02:30:21,115 - INFO - Ingress_Exit 5HUGHK94
2025-04-01 02:30:21,157 - INFO - Ingress_Enter LU0J4G6M
2025-04-01 02:30:21,197 - INFO - Ingress_Enter YRP3F1N3
2025-04-01 02:30:21,263 - INFO - Ingress_Exit LU0J4G6M
2025-04-01 02:30:21,395 - INFO - Ingress_Exit YRP3F1N3
2025-04-01 02:30:21,401 - INFO - Ingress_Enter N722NP32
2025-04-01 02:30:21,469 - INFO - Ingress_Enter 4W7Q4YX8
2025-04-01 02:30:21,643 - INFO - Ingress_Exit 4W7Q4YX8
2025-04-01 02:30:21,749 - INFO - Ingress_Exit N722NP32
2025-04-01 02:30:21,866 - INFO - Ingress_Enter 2VKCLSV6
2025-04-01 02:30:21,959 - INFO - Ingress_Exit 2VKCLSV6
2025-04-01 02:30:21,982 - INFO - Ingress_Enter I8K8X9QC
2025-04-01 02:30:22,087 - INFO - Ingress_Exit I8K8X9QC
2025-04-01 02:30:22,208 - INFO - Ingress_Enter P7IUOCL7
2025-04-01 02:30:22,381 - INFO - Ingress_Exit P7IUOCL7
2025-04-01 02:30:22,412 - INFO - Ingress_Enter UUI538QX
2025-04-01 02:30:22,447 - INFO - Ingress_Enter 9MKS89ZT
2025-04-01 02:30:22,549 - INFO - Ingress_Enter U6VJNI7L
2025-04-01 02:30:22,592 - INFO - Ingress_Exit UUI538QX
2025-04-01 02:30:22,667 - INFO - Ingress_Exit 9MKS89ZT
2025-04-01 02:30:22,701 - INFO - Ingress_Exit U6VJNI7L
2025-04-01 02:30:22,874 - INFO - Ingress_Enter QHA07M6E
2025-04-01 02:30:23,011 - INFO - Ingress_Exit QHA07M6E
2025-04-01 02:30:23,308 - INFO - Ingress_Enter 6J5W1I2R
2025-04-01 02:30:23,353 - INFO - Ingress_Enter JC2FG6UN
2025-04-01 02:30:23,409 - INFO - Ingress_Exit 6J5W1I2R
2025-04-01 02:30:23,493 - INFO - Ingress_Enter CQZCENPW
2025-04-01 02:30:23,530 - INFO - Ingress_Exit JC2FG6UN
2025-04-01 02:30:23,651 - INFO - Ingress_Exit CQZCENPW
2025-04-01 02:30:23,670 - INFO - Ingress_Enter XIZP821X
2025-04-01 02:30:23,784 - INFO - Ingress_Enter RGWQK2XH
2025-04-01 02:30:23,794 - INFO - Ingress_Exit XIZP821X
2025-04-01 02:30:23,818 - INFO - Ingress_Enter SBI955YH
2025-04-01 02:30:23,888 - INFO - Ingress_Exit RGWQK2XH
2025-04-01 02:30:23,910 - INFO - Ingress_Exit SBI955YH
2025-04-01 02:30:24,148 - INFO - Ingress_Enter 69TEGVDB
2025-04-01 02:30:24,198 - INFO - Ingress_Enter 1JY1H73U
2025-04-01 02:30:24,278 - INFO - Ingress_Exit 69TEGVDB
2025-04-01 02:30:24,348 - INFO - Ingress_Exit 1JY1H73U
2025-04-01 02:30:24,779 - INFO - Ingress_Enter 3E4ADKQ5
2025-04-01 02:30:24,909 - INFO - Ingress_Enter J1JNFXZW
2025-04-01 02:30:24,912 - INFO - Ingress_Exit 3E4ADKQ5
2025-04-01 02:30:24,990 - INFO - Ingress_Enter OBL4OJLA
2025-04-01 02:30:25,042 - INFO - Ingress_Exit J1JNFXZW
2025-04-01 02:30:25,089 - INFO - Ingress_Enter C3NNDMLT
2025-04-01 02:30:25,111 - INFO - Ingress_Exit OBL4OJLA
2025-04-01 02:30:25,389 - INFO - Ingress_Exit C3NNDMLT
2025-04-01 02:30:25,452 - INFO - Ingress_Enter SEO1D3P9
2025-04-01 02:30:25,634 - INFO - Ingress_Exit SEO1D3P9
2025-04-01 02:30:25,635 - INFO - Ingress_Enter YWJ7XFMK
2025-04-01 02:30:25,752 - INFO - Ingress_Exit YWJ7XFMK
2025-04-01 02:30:25,861 - INFO - Ingress_Enter 6M0R8HXF
2025-04-01 02:30:25,911 - INFO - Ingress_Enter 82WFD0NF
2025-04-01 02:30:25,987 - INFO - Ingress_Enter EGHEHNWM
2025-04-01 02:30:26,049 - INFO - Ingress_Exit 82WFD0NF
2025-04-01 02:30:26,056 - INFO - Ingress_Exit 6M0R8HXF
2025-04-01 02:30:26,151 - INFO - Ingress_Exit EGHEHNWM
2025-04-01 02:30:26,383 - INFO - Ingress_Enter JL1FG3M9
2025-04-01 02:30:26,577 - INFO - Ingress_Exit JL1FG3M9
2025-04-01 02:30:26,619 - INFO - Ingress_Enter PJ4CX5EK
2025-04-01 02:30:26,627 - INFO - Ingress_Enter RH6TMX0Y
2025-04-01 02:30:26,802 - INFO - Ingress_Exit RH6TMX0Y
2025-04-01 02:30:26,816 - INFO - Ingress_Exit PJ4CX5EK
2025-04-01 02:30:26,868 - INFO - Ingress_Enter AFG96WDN
2025-04-01 02:30:26,946 - INFO - Ingress_Enter X9FDJ6CV
2025-04-01 02:30:26,963 - INFO - Ingress_Enter R44NRLKI
2025-04-01 02:30:27,049 - INFO - Ingress_Exit AFG96WDN
2025-04-01 02:30:27,112 - INFO - Ingress_Exit X9FDJ6CV
2025-04-01 02:30:27,126 - INFO - Ingress_Exit R44NRLKI
2025-04-01 02:30:27,222 - INFO - Ingress_Enter CASN93GL
2025-04-01 02:30:27,436 - INFO - Ingress_Enter 67OO0R52
2025-04-01 02:30:27,499 - INFO - Ingress_Exit CASN93GL
2025-04-01 02:30:27,591 - INFO - Ingress_Enter IRMBY9WV
2025-04-01 02:30:27,736 - INFO - Ingress_Exit 67OO0R52
2025-04-01 02:30:27,737 - INFO - Ingress_Exit IRMBY9WV
2025-04-01 02:30:27,934 - INFO - Ingress_Enter P7ABY1XX
2025-04-01 02:30:27,959 - INFO - Ingress_Enter C8RA8BEL
2025-04-01 02:30:28,116 - INFO - Ingress_Enter MHIIZ0OS
2025-04-01 02:30:28,124 - INFO - Ingress_Exit P7ABY1XX
2025-04-01 02:30:28,140 - INFO - Ingress_Exit C8RA8BEL
2025-04-01 02:30:28,263 - INFO - Ingress_Exit MHIIZ0OS
2025-04-01 02:30:28,556 - INFO - Ingress_Enter DDNIXEIS
2025-04-01 02:30:28,664 - INFO - Ingress_Exit DDNIXEIS
2025-04-01 02:30:28,814 - INFO - Ingress_Enter Q5BQBOU9
2025-04-01 02:30:28,986 - INFO - Ingress_Exit Q5BQBOU9
2025-04-01 02:30:29,117 - INFO - Ingress_Enter JK0T0JL5
2025-04-01 02:30:29,204 - INFO - Ingress_Enter 2KM256JS
2025-04-01 02:30:29,238 - INFO - Ingress_Enter FHXCWILK
2025-04-01 02:30:29,298 - INFO - Ingress_Enter 1VDD64U1
2025-04-01 02:30:29,306 - INFO - Ingress_Exit 2KM256JS
2025-04-01 02:30:29,327 - INFO - Ingress_Exit JK0T0JL5
2025-04-01 02:30:29,461 - INFO - Ingress_Exit 1VDD64U1
2025-04-01 02:30:29,462 - INFO - Ingress_Exit FHXCWILK
2025-04-01 02:30:29,511 - INFO - Ingress_Enter FA0S4GFK
2025-04-01 02:30:29,519 - INFO - Ingress_Enter UCCU60EX
2025-04-01 02:30:29,529 - INFO - Ingress_Enter 5SX4L9O3
2025-04-01 02:30:29,633 - INFO - Ingress_Enter E2AQJ36D
2025-04-01 02:30:29,639 - INFO - Ingress_Exit FA0S4GFK
2025-04-01 02:30:29,668 - INFO - Ingress_Exit UCCU60EX
2025-04-01 02:30:29,672 - INFO - Ingress_Exit 5SX4L9O3
2025-04-01 02:30:29,809 - INFO - Ingress_Exit E2AQJ36D
2025-04-01 02:30:30,570 - INFO - Ingress_Enter H6CJLUW5
2025-04-01 02:30:30,700 - INFO - Ingress_Exit H6CJLUW5
2025-04-01 02:30:30,840 - INFO - Ingress_Enter IGGJS433
2025-04-01 02:30:30,917 - INFO - Ingress_Enter TNMUAD2Y
2025-04-01 02:30:30,950 - INFO - Ingress_Exit IGGJS433
2025-04-01 02:30:30,951 - INFO - Ingress_Enter 9BCCQQRZ
2025-04-01 02:30:31,015 - INFO - Ingress_Exit TNMUAD2Y
2025-04-01 02:30:31,100 - INFO - Ingress_Exit 9BCCQQRZ
2025-04-01 02:30:31,471 - INFO - Ingress_Enter NHOWAVOD
2025-04-01 02:30:31,574 - INFO - Ingress_Enter UCMMDWA9
2025-04-01 02:30:31,583 - INFO - Ingress_Enter ZTYATAR1
2025-04-01 02:30:31,692 - INFO - Ingress_Exit NHOWAVOD
2025-04-01 02:30:31,702 - INFO - Ingress_Exit ZTYATAR1
2025-04-01 02:30:31,836 - INFO - Ingress_Exit UCMMDWA9
2025-04-01 02:30:31,840 - INFO - Ingress_Enter VCM4EP0P
2025-04-01 02:30:31,937 - INFO - Ingress_Enter I9V42GVE
2025-04-01 02:30:31,941 - INFO - Ingress_Exit VCM4EP0P
2025-04-01 02:30:31,953 - INFO - Ingress_Enter LSWCXJRF
2025-04-01 02:30:32,001 - INFO - Ingress_Enter VOF2HYDU
2025-04-01 02:30:32,065 - INFO - Ingress_Exit I9V42GVE
2025-04-01 02:30:32,089 - INFO - Ingress_Exit LSWCXJRF
2025-04-01 02:30:32,118 - INFO - Ingress_Exit VOF2HYDU
2025-04-01 02:30:32,790 - INFO - Ingress_Enter W6K5BA02
2025-04-01 02:30:32,850 - INFO - Ingress_Enter PDVHP3RF
2025-04-01 02:30:32,883 - INFO - Ingress_Enter 00K5O4YG
2025-04-01 02:30:32,907 - INFO - Ingress_Exit W6K5BA02
2025-04-01 02:30:32,962 - INFO - Ingress_Exit PDVHP3RF
2025-04-01 02:30:33,006 - INFO - Ingress_Exit 00K5O4YG
2025-04-01 02:30:33,142 - INFO - Ingress_Enter MZ0HMI3E
2025-04-01 02:30:33,239 - INFO - Ingress_Exit MZ0HMI3E
2025-04-01 02:30:33,358 - INFO - Ingress_Enter IB0YKMSM
2025-04-01 02:30:33,453 - INFO - Ingress_Enter PADPASXE
2025-04-01 02:30:33,459 - INFO - Ingress_Exit IB0YKMSM
2025-04-01 02:30:33,523 - INFO - Ingress_Enter M2GQXKB4
2025-04-01 02:30:33,544 - INFO - Ingress_Enter V57NXOQQ
2025-04-01 02:30:33,655 - INFO - Ingress_Exit V57NXOQQ
2025-04-01 02:30:33,660 - INFO - Ingress_Exit PADPASXE
2025-04-01 02:30:33,715 - INFO - Ingress_Exit M2GQXKB4
2025-04-01 02:30:34,100 - INFO - Ingress_Enter 0BBDKY5U
2025-04-01 02:30:34,126 - INFO - Ingress_Enter SPY53Y29
2025-04-01 02:30:34,142 - INFO - Ingress_Enter 8ZBH91CL
2025-04-01 02:30:34,253 - INFO - Ingress_Exit 0BBDKY5U
2025-04-01 02:30:34,272 - INFO - Ingress_Enter 89GCDYNI
2025-04-01 02:30:34,305 - INFO - Ingress_Exit 8ZBH91CL
2025-04-01 02:30:34,347 - INFO - Ingress_Exit SPY53Y29
2025-04-01 02:30:34,367 - INFO - Ingress_Exit 89GCDYNI
2025-04-01 02:30:34,403 - INFO - Ingress_Enter JS35ELFI
2025-04-01 02:30:34,438 - INFO - Ingress_Enter 87JJS6TQ
2025-04-01 02:30:34,455 - INFO - Ingress_Enter WL6K9WWA
2025-04-01 02:30:34,552 - INFO - Ingress_Enter QE8Y6L27
2025-04-01 02:30:34,561 - INFO - Ingress_Exit JS35ELFI
2025-04-01 02:30:34,563 - INFO - Ingress_Exit WL6K9WWA
2025-04-01 02:30:34,599 - INFO - Ingress_Exit 87JJS6TQ
2025-04-01 02:30:34,717 - INFO - Ingress_Exit QE8Y6L27
2025-04-01 02:30:34,945 - INFO - Ingress_Enter ZO2OE9UC
2025-04-01 02:30:35,135 - INFO - Ingress_Enter XRIPQ0XM
2025-04-01 02:30:35,164 - INFO - Ingress_Exit ZO2OE9UC
2025-04-01 02:30:35,206 - INFO - Ingress_Enter V6R10DCG
2025-04-01 02:30:35,275 - INFO - Ingress_Exit XRIPQ0XM
2025-04-01 02:30:35,300 - INFO - Ingress_Exit V6R10DCG
2025-04-01 02:30:35,369 - INFO - Ingress_Enter NU2XBD8H
2025-04-01 02:30:35,435 - INFO - Ingress_Enter ZTGREIYM
2025-04-01 02:30:35,498 - INFO - Ingress_Exit NU2XBD8H
2025-04-01 02:30:35,573 - INFO - Ingress_Exit ZTGREIYM
2025-04-01 02:30:35,650 - INFO - Ingress_Enter K7P2CTFN
2025-04-01 02:30:35,797 - INFO - Ingress_Exit K7P2CTFN
2025-04-01 02:30:35,801 - INFO - Ingress_Enter GO5XPV2K
2025-04-01 02:30:35,905 - INFO - Ingress_Exit GO5XPV2K
2025-04-01 02:30:35,949 - INFO - Ingress_Enter VFU6EJBP
2025-04-01 02:30:35,957 - INFO - Ingress_Enter Q2PORJ6T
2025-04-01 02:30:36,069 - INFO - Ingress_Enter OV3J92H9
2025-04-01 02:30:36,427 - INFO - Ingress_Enter M4TOBJ0N
2025-04-01 02:30:36,569 - INFO - Ingress_Exit OV3J92H9
2025-04-01 02:30:36,576 - INFO - Ingress_Exit Q2PORJ6T
2025-04-01 02:30:36,629 - INFO - Ingress_Exit VFU6EJBP
2025-04-01 02:30:36,828 - INFO - Ingress_Exit M4TOBJ0N
2025-04-01 02:30:46,862 - INFO - Ingress_Enter G5NS5Y4N
2025-04-01 02:30:46,996 - INFO - Ingress_Exit G5NS5Y4N
2025-04-01 02:30:47,257 - INFO - Ingress_Enter 6L2N2WZ0
2025-04-01 02:30:47,361 - INFO - Ingress_Enter 0ZNLASQW
2025-04-01 02:30:47,369 - INFO - Ingress_Enter 9WWZK51H
2025-04-01 02:30:47,376 - INFO - Ingress_Exit 6L2N2WZ0
2025-04-01 02:30:47,459 - INFO - Ingress_Exit 0ZNLASQW
2025-04-01 02:30:47,602 - INFO - Ingress_Exit 9WWZK51H
2025-04-01 02:30:50,237 - INFO - Ingress_Enter WVZ4R8AU
2025-04-01 02:30:50,361 - INFO - Ingress_Enter TM5DB1AB
2025-04-01 02:30:50,442 - INFO - Ingress_Exit WVZ4R8AU
2025-04-01 02:30:50,587 - INFO - Ingress_Exit TM5DB1AB
2025-04-01 02:30:50,642 - INFO - Ingress_Enter H7V56MPU
2025-04-01 02:30:50,694 - INFO - Ingress_Enter 6Y2PRVGZ
2025-04-01 02:30:50,746 - INFO - Ingress_Enter KYS5RQPW
2025-04-01 02:30:50,790 - INFO - Ingress_Exit H7V56MPU
2025-04-01 02:30:50,801 - INFO - Ingress_Exit 6Y2PRVGZ
2025-04-01 02:30:50,911 - INFO - Ingress_Exit KYS5RQPW
2025-04-01 02:30:51,590 - INFO - Ingress_Enter WG1D0C3D
2025-04-01 02:30:51,624 - INFO - Ingress_Enter SBVQ6N5Q
2025-04-01 02:30:51,757 - INFO - Ingress_Exit WG1D0C3D
2025-04-01 02:30:51,767 - INFO - Ingress_Exit SBVQ6N5Q
2025-04-01 02:30:52,062 - INFO - Ingress_Enter WCRWEBXX
2025-04-01 02:30:52,132 - INFO - Ingress_Enter O76TFVBT
2025-04-01 02:30:52,203 - INFO - Ingress_Exit WCRWEBXX
2025-04-01 02:30:52,285 - INFO - Ingress_Exit O76TFVBT
2025-04-01 02:30:52,806 - INFO - Ingress_Enter 74U468XC
2025-04-01 02:30:52,901 - INFO - Ingress_Enter 9AVK8Q4Q
2025-04-01 02:30:52,936 - INFO - Ingress_Exit 74U468XC
2025-04-01 02:30:53,033 - INFO - Ingress_Enter E0BAOPFW
2025-04-01 02:30:53,052 - INFO - Ingress_Exit 9AVK8Q4Q
2025-04-01 02:30:53,083 - INFO - Ingress_Enter HEAN3BY2
2025-04-01 02:30:53,144 - INFO - Ingress_Enter OS1X4KPW
2025-04-01 02:30:53,185 - INFO - Ingress_Exit E0BAOPFW
2025-04-01 02:30:53,196 - INFO - Ingress_Enter KSJ9GIHX
2025-04-01 02:30:53,212 - INFO - Ingress_Enter RQGY6JDB
2025-04-01 02:30:53,244 - INFO - Ingress_Exit HEAN3BY2
2025-04-01 02:30:53,261 - INFO - Ingress_Exit OS1X4KPW
2025-04-01 02:30:53,359 - INFO - Ingress_Exit RQGY6JDB
2025-04-01 02:30:53,381 - INFO - Ingress_Exit KSJ9GIHX
2025-04-01 02:30:54,841 - INFO - Ingress_Enter ON3S002H
2025-04-01 02:30:54,876 - INFO - Ingress_Enter BBNZGARE
2025-04-01 02:30:54,956 - INFO - Ingress_Enter LUM1XGEL
2025-04-01 02:30:54,977 - INFO - Ingress_Exit ON3S002H
2025-04-01 02:30:54,989 - INFO - Ingress_Exit BBNZGARE
2025-04-01 02:30:55,079 - INFO - Ingress_Exit LUM1XGEL
2025-04-01 02:30:55,241 - INFO - Ingress_Enter 0NIDX9NF
2025-04-01 02:30:55,494 - INFO - Ingress_Enter 81BV2BX0
2025-04-01 02:30:55,536 - INFO - Ingress_Exit 0NIDX9NF
2025-04-01 02:30:55,746 - INFO - Ingress_Exit 81BV2BX0
2025-04-01 02:30:55,816 - INFO - Ingress_Enter VRKN1KCS
2025-04-01 02:30:55,922 - INFO - Ingress_Exit VRKN1KCS
2025-04-01 02:30:56,012 - INFO - Ingress_Enter WU0F2HF8
2025-04-01 02:30:56,040 - INFO - Ingress_Enter NJIGAGMK
2025-04-01 02:30:56,082 - INFO - Ingress_Enter X5NWOVMN
2025-04-01 02:30:56,171 - INFO - Ingress_Enter EV6YA31W
2025-04-01 02:30:56,181 - INFO - Ingress_Exit NJIGAGMK
2025-04-01 02:30:56,202 - INFO - Ingress_Exit X5NWOVMN
2025-04-01 02:30:56,220 - INFO - Ingress_Exit WU0F2HF8
2025-04-01 02:30:56,257 - INFO - Ingress_Enter BDRKN7AW
2025-04-01 02:30:56,276 - INFO - Ingress_Exit EV6YA31W
2025-04-01 02:30:56,411 - INFO - Ingress_Exit BDRKN7AW
2025-04-01 02:30:56,767 - INFO - Ingress_Enter 9TKUJ5OD
2025-04-01 02:30:56,871 - INFO - Ingress_Exit 9TKUJ5OD
2025-04-01 02:30:56,890 - INFO - Ingress_Enter FK77FCXX
2025-04-01 02:30:56,922 - INFO - Ingress_Enter 8WVJ4ZUC
2025-04-01 02:30:57,071 - INFO - Ingress_Exit 8WVJ4ZUC
2025-04-01 02:30:57,124 - INFO - Ingress_Exit FK77FCXX
2025-04-01 02:30:57,417 - INFO - Ingress_Enter 4C7A3QQ7
2025-04-01 02:30:57,453 - INFO - Ingress_Enter IGZSATD1
2025-04-01 02:30:57,515 - INFO - Ingress_Enter O6AIK0CD
2025-04-01 02:30:57,602 - INFO - Ingress_Exit 4C7A3QQ7
2025-04-01 02:30:57,614 - INFO - Ingress_Exit IGZSATD1
2025-04-01 02:30:57,681 - INFO - Ingress_Enter 8SQEM8E9
2025-04-01 02:30:57,708 - INFO - Ingress_Enter 1NBREPU3
2025-04-01 02:30:57,750 - INFO - Ingress_Exit O6AIK0CD
2025-04-01 02:30:57,814 - INFO - Ingress_Exit 8SQEM8E9
2025-04-01 02:30:57,815 - INFO - Ingress_Exit 1NBREPU3
2025-04-01 02:30:57,969 - INFO - Ingress_Enter XXBPUC10
2025-04-01 02:30:58,110 - INFO - Ingress_Exit XXBPUC10
2025-04-01 02:30:58,136 - INFO - Ingress_Enter 0SQAIMK3
2025-04-01 02:30:58,162 - INFO - Ingress_Enter RI7WJQ8T
2025-04-01 02:30:58,317 - INFO - Ingress_Exit 0SQAIMK3
2025-04-01 02:30:58,372 - INFO - Ingress_Exit RI7WJQ8T
2025-04-01 02:30:58,399 - INFO - Ingress_Enter UZXHGV61
2025-04-01 02:30:58,503 - INFO - Ingress_Exit UZXHGV61
2025-04-01 02:30:58,507 - INFO - Ingress_Enter Y90775HD
2025-04-01 02:30:58,533 - INFO - Ingress_Enter HK39IN8I
2025-04-01 02:30:58,681 - INFO - Ingress_Exit HK39IN8I
2025-04-01 02:30:58,709 - INFO - Ingress_Enter TDIZHBDV
2025-04-01 02:30:58,727 - INFO - Ingress_Exit Y90775HD
2025-04-01 02:30:58,874 - INFO - Ingress_Exit TDIZHBDV
2025-04-01 02:30:58,989 - INFO - Ingress_Enter 9U18Q3WV
2025-04-01 02:30:59,066 - INFO - Ingress_Enter 554Y9Q2U
2025-04-01 02:30:59,084 - INFO - Ingress_Enter UIW91EFA
2025-04-01 02:30:59,113 - INFO - Ingress_Exit 9U18Q3WV
2025-04-01 02:30:59,178 - INFO - Ingress_Exit 554Y9Q2U
2025-04-01 02:30:59,298 - INFO - Ingress_Enter X4DJ6M2Y
2025-04-01 02:30:59,347 - INFO - Ingress_Exit UIW91EFA
2025-04-01 02:30:59,360 - INFO - Ingress_Enter IB2TG002
2025-04-01 02:30:59,477 - INFO - Ingress_Exit X4DJ6M2Y
2025-04-01 02:30:59,548 - INFO - Ingress_Exit IB2TG002
2025-04-01 02:30:59,554 - INFO - Ingress_Enter XKA0MC1E
2025-04-01 02:30:59,632 - INFO - Ingress_Enter GNHAWBHJ
2025-04-01 02:30:59,657 - INFO - Ingress_Exit XKA0MC1E
2025-04-01 02:30:59,798 - INFO - Ingress_Enter AWCXTKNN
2025-04-01 02:30:59,810 - INFO - Ingress_Exit GNHAWBHJ
2025-04-01 02:30:59,893 - INFO - Ingress_Enter CIIWPP8I
2025-04-01 02:30:59,907 - INFO - Ingress_Exit AWCXTKNN
2025-04-01 02:30:59,937 - INFO - Ingress_Enter 4G7LDP8F
2025-04-01 02:31:00,086 - INFO - Ingress_Exit CIIWPP8I
2025-04-01 02:31:00,106 - INFO - Ingress_Exit 4G7LDP8F
2025-04-01 02:31:00,370 - INFO - Ingress_Enter RXRLUTZ5
2025-04-01 02:31:00,414 - INFO - Ingress_Enter 39NZ5JDH
2025-04-01 02:31:00,498 - INFO - Ingress_Exit RXRLUTZ5
2025-04-01 02:31:00,564 - INFO - Ingress_Exit 39NZ5JDH
2025-04-01 02:31:00,619 - INFO - Ingress_Enter BVM7AE2A
2025-04-01 02:31:00,681 - INFO - Ingress_Enter U1GLS0QP
2025-04-01 02:31:00,722 - INFO - Ingress_Exit BVM7AE2A
2025-04-01 02:31:00,776 - INFO - Ingress_Enter 01CN1ZX5
2025-04-01 02:31:00,793 - INFO - Ingress_Exit U1GLS0QP
2025-04-01 02:31:00,802 - INFO - Ingress_Enter 27LSAL2Y
2025-04-01 02:31:00,882 - INFO - Ingress_Enter JAO2N5SG
2025-04-01 02:31:00,901 - INFO - Ingress_Exit 27LSAL2Y
2025-04-01 02:31:00,922 - INFO - Ingress_Exit 01CN1ZX5
2025-04-01 02:31:01,025 - INFO - Ingress_Exit JAO2N5SG
2025-04-01 02:31:01,559 - INFO - Ingress_Enter E0SN6Z4V
2025-04-01 02:31:01,720 - INFO - Ingress_Exit E0SN6Z4V
2025-04-01 02:31:01,734 - INFO - Ingress_Enter 788HFE6A
2025-04-01 02:31:01,923 - INFO - Ingress_Exit 788HFE6A
2025-04-01 02:31:02,185 - INFO - Ingress_Enter 9IBB1FK1
2025-04-01 02:31:02,297 - INFO - Ingress_Exit 9IBB1FK1
2025-04-01 02:31:02,307 - INFO - Ingress_Enter 004ZVHZE
2025-04-01 02:31:02,449 - INFO - Ingress_Exit 004ZVHZE
2025-04-01 02:31:02,580 - INFO - Ingress_Enter 22TN63U1
2025-04-01 02:31:02,633 - INFO - Ingress_Enter IL2G9IZO
2025-04-01 02:31:02,685 - INFO - Ingress_Enter BA1JQ6F1
2025-04-01 02:31:02,722 - INFO - Ingress_Exit 22TN63U1
2025-04-01 02:31:02,766 - INFO - Ingress_Exit IL2G9IZO
2025-04-01 02:31:02,824 - INFO - Ingress_Exit BA1JQ6F1
2025-04-01 02:31:03,114 - INFO - Ingress_Enter BOCMJ6FY
2025-04-01 02:31:03,139 - INFO - Ingress_Enter AAPUMXT0
2025-04-01 02:31:03,255 - INFO - Ingress_Exit AAPUMXT0
2025-04-01 02:31:03,262 - INFO - Ingress_Exit BOCMJ6FY
2025-04-01 02:31:03,378 - INFO - Ingress_Enter LAR8JNN0
2025-04-01 02:31:03,386 - INFO - Ingress_Enter X6FULGMW
2025-04-01 02:31:03,420 - INFO - Ingress_Enter LI408E6B
2025-04-01 02:31:03,508 - INFO - Ingress_Exit X6FULGMW
2025-04-01 02:31:03,540 - INFO - Ingress_Exit LAR8JNN0
2025-04-01 02:31:03,560 - INFO - Ingress_Enter DHOFZM67
2025-04-01 02:31:03,574 - INFO - Ingress_Exit LI408E6B
2025-04-01 02:31:03,580 - INFO - Ingress_Enter G0VUU477
2025-04-01 02:31:03,691 - INFO - Ingress_Exit DHOFZM67
2025-04-01 02:31:03,764 - INFO - Ingress_Exit G0VUU477
2025-04-01 02:31:03,836 - INFO - Ingress_Enter 7FF14ZVU
2025-04-01 02:31:03,846 - INFO - Ingress_Enter 3NSNBFOT
2025-04-01 02:31:03,961 - INFO - Ingress_Exit 3NSNBFOT
2025-04-01 02:31:03,999 - INFO - Ingress_Exit 7FF14ZVU
