2025-04-12 17:43:57,008 - INFO - Monolith_Enter F29GY4LH
2025-04-12 17:43:57,379 - INFO - Monolith_Exit F29GY4LH
2025-04-12 17:43:57,380 - INFO - Monolith_Enter 1HX7GWSS
2025-04-12 17:43:57,709 - INFO - Monolith_Exit 1HX7GWSS
2025-04-12 17:43:57,824 - INFO - Monolith_Enter RRMCF3J1
2025-04-12 17:43:58,153 - INFO - Monolith_Exit RRMCF3J1
2025-04-12 17:43:58,154 - INFO - Monolith_Enter CUCZX0AM
2025-04-12 17:43:58,452 - INFO - Monolith_Exit CUCZX0AM
2025-04-12 17:43:58,691 - INFO - Monolith_Enter XQFY35BO
2025-04-12 17:43:59,163 - INFO - Monolith_Exit XQFY35BO
2025-04-12 17:43:59,505 - INFO - Monolith_Enter O2RJAGY0
2025-04-12 17:43:59,802 - INFO - Monolith_Exit O2RJAGY0
2025-04-12 17:43:59,803 - INFO - Monolith_Enter ZRKY3G56
Monolith_Enter I54D48A3
2025-04-12 17:44:00,372 - INFO - Monolith_Exit ZRKY3G56
Monolith_Exit I54D48A3
2025-04-12 17:44:00,373 - INFO - Monolith_Enter 59SIAQOZ
Monolith_Enter R3WN01R9
2025-04-12 17:44:00,979 - INFO - Monolith_Exit 59SIAQOZ
Monolith_Exit R3WN01R9
2025-04-12 17:44:00,980 - INFO - Monolith_Enter BYPXKIUO
Monolith_Enter 6GJTA5AC
2025-04-12 17:44:01,498 - INFO - Monolith_Exit BYPXKIUO
Monolith_Exit 6GJTA5AC
2025-04-12 17:44:01,499 - INFO - Monolith_Enter 75KGR7H1
2025-04-12 17:44:01,893 - INFO - Monolith_Exit 75KGR7H1
2025-04-12 17:44:01,893 - INFO - Monolith_Enter TZ41E83D
2025-04-12 17:44:02,233 - INFO - Monolith_Exit TZ41E83D
2025-04-12 17:44:02,234 - INFO - Monolith_Enter 4E05D5SR
2025-04-12 17:44:02,582 - INFO - Monolith_Exit 4E05D5SR
2025-04-12 17:44:02,790 - INFO - Monolith_Enter SSPRAF8U
2025-04-12 17:44:03,068 - INFO - Monolith_Exit SSPRAF8U
2025-04-12 17:44:03,110 - INFO - Monolith_Enter EZB2HU2D
2025-04-12 17:44:03,377 - INFO - Monolith_Exit EZB2HU2D
2025-04-12 17:44:03,378 - INFO - Monolith_Enter FIRKTIJF
Monolith_Enter HTY9OUD5
2025-04-12 17:44:03,972 - INFO - Monolith_Exit FIRKTIJF
Monolith_Exit HTY9OUD5
2025-04-12 17:44:03,973 - INFO - Monolith_Enter I83PP4SD
Monolith_Enter 6HGC2AYL
2025-04-12 17:44:04,494 - INFO - Monolith_Exit I83PP4SD
Monolith_Exit 6HGC2AYL
2025-04-12 17:44:04,495 - INFO - Monolith_Enter GZS6EKW9
Monolith_Enter Q7AIZ9MC
2025-04-12 17:44:05,681 - INFO - Monolith_Exit GZS6EKW9
Monolith_Exit Q7AIZ9MC
2025-04-12 17:44:05,682 - INFO - Monolith_Enter 8PLBMDJ6
2025-04-12 17:44:06,084 - INFO - Monolith_Exit 8PLBMDJ6
2025-04-12 17:44:06,784 - INFO - Monolith_Enter G96K9TIP
2025-04-12 17:44:07,130 - INFO - Monolith_Exit G96K9TIP
2025-04-12 17:44:07,567 - INFO - Monolith_Enter JDFIJSLI
2025-04-12 17:44:07,865 - INFO - Monolith_Exit JDFIJSLI
2025-04-12 17:44:08,569 - INFO - Monolith_Enter SUK07RZP
2025-04-12 17:44:08,902 - INFO - Monolith_Exit SUK07RZP
2025-04-12 17:44:09,584 - INFO - Monolith_Enter SZI2GQBU
2025-04-12 17:44:09,915 - INFO - Monolith_Exit SZI2GQBU
2025-04-12 17:44:09,916 - INFO - Monolith_Enter 6KY1SS7P
Monolith_Enter YQIXXRZ4
2025-04-12 17:44:10,721 - INFO - Monolith_Exit 6KY1SS7P
Monolith_Exit YQIXXRZ4
2025-04-12 17:44:10,722 - INFO - Monolith_Enter FPCBGMJN
2025-04-12 17:44:11,000 - INFO - Monolith_Exit FPCBGMJN
2025-04-12 17:44:11,001 - INFO - Monolith_Enter BQ71GR5I
Monolith_Enter 0Y0KNPZW
2025-04-12 17:44:11,623 - INFO - Monolith_Exit BQ71GR5I
Monolith_Exit 0Y0KNPZW
2025-04-12 17:44:11,624 - INFO - Monolith_Enter FH0C84QU
Monolith_Enter V16ANM3D
2025-04-12 17:44:12,175 - INFO - Monolith_Exit FH0C84QU
Monolith_Exit V16ANM3D
2025-04-12 17:44:12,176 - INFO - Monolith_Enter V4MITOKU
Monolith_Enter J6JK4916
2025-04-12 17:44:12,806 - INFO - Monolith_Exit V4MITOKU
Monolith_Exit J6JK4916
2025-04-12 17:44:12,807 - INFO - Monolith_Enter GJHB43GK
Monolith_Enter WK7JM2Z9
2025-04-12 17:44:13,446 - INFO - Monolith_Exit GJHB43GK
Monolith_Exit WK7JM2Z9
2025-04-12 17:44:13,447 - INFO - Monolith_Enter 40CPNH4G
2025-04-12 17:44:13,923 - INFO - Monolith_Exit 40CPNH4G
2025-04-12 17:44:13,924 - INFO - Monolith_Enter 4N4YCOH8
2025-04-12 17:44:14,232 - INFO - Monolith_Exit 4N4YCOH8
2025-04-12 17:44:14,233 - INFO - Monolith_Enter E308OSQJ
2025-04-12 17:44:14,565 - INFO - Monolith_Exit E308OSQJ
2025-04-12 17:44:14,566 - INFO - Monolith_Enter BP68GYFR
2025-04-12 17:44:14,925 - INFO - Monolith_Exit BP68GYFR
2025-04-12 17:44:15,317 - INFO - Monolith_Enter OYZ2GTJI
2025-04-12 17:44:15,766 - INFO - Monolith_Exit OYZ2GTJI
2025-04-12 17:44:15,767 - INFO - Monolith_Enter KD3VIUQX
Monolith_Enter EBLJI9TL
2025-04-12 17:44:16,321 - INFO - Monolith_Exit KD3VIUQX
Monolith_Exit EBLJI9TL
2025-04-12 17:44:16,780 - INFO - Monolith_Enter J1P52C4F
2025-04-12 17:44:17,016 - INFO - Monolith_Exit J1P52C4F
2025-04-12 17:44:17,664 - INFO - Monolith_Enter QXUDFOLF
2025-04-12 17:44:17,925 - INFO - Monolith_Exit QXUDFOLF
2025-04-12 17:44:17,926 - INFO - Monolith_Enter AV38VDT2
2025-04-12 17:44:18,351 - INFO - Monolith_Exit AV38VDT2
2025-04-12 17:44:18,352 - INFO - Monolith_Enter 16N8SAQJ
Monolith_Enter V1QIL2JE
2025-04-12 17:44:19,013 - INFO - Monolith_Exit 16N8SAQJ
Monolith_Exit V1QIL2JE
2025-04-12 17:44:19,014 - INFO - Monolith_Enter Y0TXECUF
2025-04-12 17:44:19,313 - INFO - Monolith_Exit Y0TXECUF
2025-04-12 17:44:19,314 - INFO - Monolith_Enter W8FKT2Y8
2025-04-12 17:44:19,638 - INFO - Monolith_Exit W8FKT2Y8
2025-04-12 17:44:19,680 - INFO - Monolith_Enter DWI93RPX
2025-04-12 17:44:20,042 - INFO - Monolith_Exit DWI93RPX
2025-04-12 17:44:20,062 - INFO - Monolith_Enter 2OOS11WN
2025-04-12 17:44:20,476 - INFO - Monolith_Exit 2OOS11WN
2025-04-12 17:44:20,603 - INFO - Monolith_Enter QL8OKN07
2025-04-12 17:44:21,023 - INFO - Monolith_Exit QL8OKN07
2025-04-12 17:44:21,024 - INFO - Monolith_Enter RDF6SY2A
Monolith_Enter SC214833
Monolith_Enter 4U2MV4QG
2025-04-12 17:44:21,807 - INFO - Monolith_Exit RDF6SY2A
Monolith_Exit SC214833
Monolith_Exit 4U2MV4QG
2025-04-12 17:44:21,808 - INFO - Monolith_Enter PCUKVXYJ
2025-04-12 17:44:22,198 - INFO - Monolith_Exit PCUKVXYJ
2025-04-12 17:44:22,199 - INFO - Monolith_Enter IL1BS9B6
2025-04-12 17:44:22,876 - INFO - Monolith_Exit IL1BS9B6
2025-04-12 17:44:22,877 - INFO - Monolith_Enter 2ILL34CX
2025-04-12 17:44:23,185 - INFO - Monolith_Exit 2ILL34CX
2025-04-12 17:44:23,395 - INFO - Monolith_Enter 1WD3E1ZQ
2025-04-12 17:44:23,842 - INFO - Monolith_Exit 1WD3E1ZQ
2025-04-12 17:44:23,843 - INFO - Monolith_Enter ORB1ZZDJ
2025-04-12 17:44:24,170 - INFO - Monolith_Exit ORB1ZZDJ
2025-04-12 17:44:24,171 - INFO - Monolith_Enter M7ASDQTF
2025-04-12 17:44:24,416 - INFO - Monolith_Exit M7ASDQTF
2025-04-12 17:44:24,597 - INFO - Monolith_Enter MTM8C7LK
2025-04-12 17:44:25,093 - INFO - Monolith_Exit MTM8C7LK
2025-04-12 17:44:25,094 - INFO - Monolith_Enter 35M8VTGX
Monolith_Enter RDLBKFJE
2025-04-12 17:44:25,643 - INFO - Monolith_Exit 35M8VTGX
Monolith_Exit RDLBKFJE
2025-04-12 17:44:25,863 - INFO - Monolith_Enter MS8AV93A
2025-04-12 17:44:26,188 - INFO - Monolith_Exit MS8AV93A
2025-04-12 17:44:26,189 - INFO - Monolith_Enter ZL58MJU0
2025-04-12 17:44:26,579 - INFO - Monolith_Exit ZL58MJU0
2025-04-12 17:44:26,589 - INFO - Monolith_Enter 81KP514C
2025-04-12 17:44:26,936 - INFO - Monolith_Exit 81KP514C
2025-04-12 17:44:27,364 - INFO - Monolith_Enter CERCILCQ
2025-04-12 17:44:27,711 - INFO - Monolith_Exit CERCILCQ
2025-04-12 17:44:27,712 - INFO - Monolith_Enter VFMGBLD1
2025-04-12 17:44:28,065 - INFO - Monolith_Exit VFMGBLD1
2025-04-12 17:44:28,066 - INFO - Monolith_Enter 8RUL9R07
2025-04-12 17:44:28,541 - INFO - Monolith_Exit 8RUL9R07
2025-04-12 17:44:28,541 - INFO - Monolith_Enter QYYXD5BA
2025-04-12 17:44:28,842 - INFO - Monolith_Exit QYYXD5BA
2025-04-12 17:44:28,843 - INFO - Monolith_Enter CVQ4HP1J
Monolith_Enter 1LWFLBBQ
2025-04-12 17:44:29,607 - INFO - Monolith_Exit CVQ4HP1J
Monolith_Exit 1LWFLBBQ
2025-04-12 17:44:29,608 - INFO - Monolith_Enter YC6RPRSS
Monolith_Enter KQNZ71ZN
2025-04-12 17:44:30,061 - INFO - Monolith_Exit YC6RPRSS
Monolith_Exit KQNZ71ZN
2025-04-12 17:44:30,062 - INFO - Monolith_Enter HZSMVQNC
Monolith_Enter WIMCJCVC
2025-04-12 17:44:30,620 - INFO - Monolith_Exit HZSMVQNC
Monolith_Exit WIMCJCVC
2025-04-12 17:44:30,621 - INFO - Monolith_Enter 2ZEKJ5I4
2025-04-12 17:44:31,139 - INFO - Monolith_Exit 2ZEKJ5I4
2025-04-12 17:44:31,140 - INFO - Monolith_Enter Z01A2VJD
Monolith_Enter OCSJ1Q79
Monolith_Enter A39672PV
2025-04-12 17:44:32,329 - INFO - Monolith_Exit Z01A2VJD
Monolith_Exit OCSJ1Q79
Monolith_Exit A39672PV
2025-04-12 17:44:32,331 - INFO - Monolith_Enter DVE5S4NR
2025-04-12 17:44:32,667 - INFO - Monolith_Exit DVE5S4NR
2025-04-12 17:44:32,668 - INFO - Monolith_Enter WJ3V807D
2025-04-12 17:44:33,169 - INFO - Monolith_Exit WJ3V807D
2025-04-12 17:44:33,170 - INFO - Monolith_Enter JR7PE7Y6
2025-04-12 17:44:33,514 - INFO - Monolith_Exit JR7PE7Y6
2025-04-12 17:44:33,690 - INFO - Monolith_Enter SOQTYNAD
2025-04-12 17:44:34,028 - INFO - Monolith_Exit SOQTYNAD
2025-04-12 17:44:34,085 - INFO - Monolith_Enter ETR3LA9B
2025-04-12 17:44:34,363 - INFO - Monolith_Exit ETR3LA9B
2025-04-12 17:44:34,404 - INFO - Monolith_Enter DQ9DA50C
2025-04-12 17:44:34,688 - INFO - Monolith_Exit DQ9DA50C
2025-04-12 17:44:34,689 - INFO - Monolith_Enter C5VUTSJ6
2025-04-12 17:44:35,008 - INFO - Monolith_Exit C5VUTSJ6
2025-04-12 17:44:35,009 - INFO - Monolith_Enter NYVKU744
Monolith_Enter JA7D39JC
2025-04-12 17:44:35,511 - INFO - Monolith_Exit NYVKU744
Monolith_Exit JA7D39JC
2025-04-12 17:44:35,512 - INFO - Monolith_Enter 7DLTWW9X
Monolith_Enter 6IW8N7TP
2025-04-12 17:44:35,967 - INFO - Monolith_Exit 7DLTWW9X
Monolith_Exit 6IW8N7TP
2025-04-12 17:44:35,968 - INFO - Monolith_Enter ZXSK5X0O
Monolith_Enter WVSMA944
2025-04-12 17:44:36,652 - INFO - Monolith_Exit ZXSK5X0O
Monolith_Exit WVSMA944
2025-04-12 17:44:36,653 - INFO - Monolith_Enter 2A7RTIV8
Monolith_Enter EIPMO5JG
2025-04-12 17:44:37,104 - INFO - Monolith_Exit 2A7RTIV8
Monolith_Exit EIPMO5JG
2025-04-12 17:44:37,104 - INFO - Monolith_Enter C0K3SLSK
2025-04-12 17:44:37,560 - INFO - Monolith_Exit C0K3SLSK
2025-04-12 17:44:37,641 - INFO - Monolith_Enter 6X7FF6OV
2025-04-12 17:44:37,956 - INFO - Monolith_Exit 6X7FF6OV
2025-04-12 17:44:37,957 - INFO - Monolith_Enter CQE6LEJ8
2025-04-12 17:44:38,439 - INFO - Monolith_Exit CQE6LEJ8
2025-04-12 17:44:38,440 - INFO - Monolith_Enter 1ZA9HOVH
Monolith_Enter XKZYQ0KK
2025-04-12 17:44:39,013 - INFO - Monolith_Exit 1ZA9HOVH
Monolith_Exit XKZYQ0KK
2025-04-12 17:44:39,014 - INFO - Monolith_Enter 8F78JZNX
2025-04-12 17:44:39,310 - INFO - Monolith_Exit 8F78JZNX
2025-04-12 17:44:39,590 - INFO - Monolith_Enter B3JVSST9
2025-04-12 17:44:39,961 - INFO - Monolith_Exit B3JVSST9
2025-04-12 17:44:40,081 - INFO - Monolith_Enter QGNGHZK8
2025-04-12 17:44:40,472 - INFO - Monolith_Exit QGNGHZK8
2025-04-12 17:44:40,473 - INFO - Monolith_Enter W0D3IO0D
2025-04-12 17:44:40,796 - INFO - Monolith_Exit W0D3IO0D
2025-04-12 17:44:40,797 - INFO - Monolith_Enter ZFLCEGBD
Monolith_Enter 2BK53ZB1
2025-04-12 17:44:41,583 - INFO - Monolith_Exit ZFLCEGBD
Monolith_Exit 2BK53ZB1
2025-04-12 17:44:41,584 - INFO - Monolith_Enter DCDNP8NN
Monolith_Enter 7PSZD4AC
2025-04-12 17:44:42,208 - INFO - Monolith_Exit DCDNP8NN
Monolith_Exit 7PSZD4AC
2025-04-12 17:44:42,209 - INFO - Monolith_Enter C5CT5RS3
2025-04-12 17:44:42,812 - INFO - Monolith_Exit C5CT5RS3
2025-04-12 17:44:42,813 - INFO - Monolith_Enter 9RKL8BLY
Monolith_Enter 6L03GKBG
2025-04-12 17:44:43,191 - INFO - Monolith_Exit 9RKL8BLY
Monolith_Exit 6L03GKBG
2025-04-12 17:44:43,209 - INFO - Monolith_Enter OXRP8LSJ
2025-04-12 17:44:43,452 - INFO - Monolith_Exit OXRP8LSJ
2025-04-12 17:44:43,453 - INFO - Monolith_Enter 83R0W2KJ
Monolith_Enter 5EBB61AK
2025-04-12 17:44:44,192 - INFO - Monolith_Exit 83R0W2KJ
Monolith_Exit 5EBB61AK
2025-04-12 17:44:44,193 - INFO - Monolith_Enter 4G027GET
Monolith_Enter 26U55JSG
2025-04-12 17:44:44,660 - INFO - Monolith_Exit 4G027GET
Monolith_Exit 26U55JSG
2025-04-12 17:44:44,661 - INFO - Monolith_Enter L06JJWJ9
Monolith_Enter 5KK1LMIU
2025-04-12 17:44:45,549 - INFO - Monolith_Exit L06JJWJ9
Monolith_Exit 5KK1LMIU
2025-04-12 17:44:45,550 - INFO - Monolith_Enter 63VBDFW0
2025-04-12 17:44:46,017 - INFO - Monolith_Exit 63VBDFW0
2025-04-12 17:44:46,126 - INFO - Monolith_Enter BMNDXMLO
2025-04-12 17:44:46,422 - INFO - Monolith_Exit BMNDXMLO
2025-04-12 17:44:46,893 - INFO - Monolith_Enter 5MVBZP53
2025-04-12 17:44:47,206 - INFO - Monolith_Exit 5MVBZP53
2025-04-12 17:44:47,207 - INFO - Monolith_Enter 7TUP881R
2025-04-12 17:44:47,528 - INFO - Monolith_Exit 7TUP881R
2025-04-12 17:44:47,529 - INFO - Monolith_Enter 7S0L8SDZ
2025-04-12 17:44:47,904 - INFO - Monolith_Exit 7S0L8SDZ
2025-04-12 17:44:47,981 - INFO - Monolith_Enter EOVLZA93
2025-04-12 17:44:48,481 - INFO - Monolith_Exit EOVLZA93
2025-04-12 17:44:48,482 - INFO - Monolith_Enter AIWIH4QK
Monolith_Enter IIG8RDRR
Monolith_Enter SUOY07GH
2025-04-12 17:44:49,206 - INFO - Monolith_Exit AIWIH4QK
Monolith_Exit IIG8RDRR
Monolith_Exit SUOY07GH
2025-04-12 17:44:49,206 - INFO - Monolith_Enter K22N6VLK
2025-04-12 17:44:49,501 - INFO - Monolith_Exit K22N6VLK
2025-04-12 17:44:49,502 - INFO - Monolith_Enter D3EXKI8V
2025-04-12 17:44:49,742 - INFO - Monolith_Exit D3EXKI8V
2025-04-12 17:44:49,996 - INFO - Monolith_Enter XL4A1Q97
2025-04-12 17:44:50,409 - INFO - Monolith_Exit XL4A1Q97
2025-04-12 17:44:50,409 - INFO - Monolith_Enter SDN0713U
2025-04-12 17:44:50,660 - INFO - Monolith_Exit SDN0713U
2025-04-12 17:44:50,706 - INFO - Monolith_Enter SPVBDT22
2025-04-12 17:44:51,023 - INFO - Monolith_Exit SPVBDT22
2025-04-12 17:44:51,023 - INFO - Monolith_Enter 722RVMLE
2025-04-12 17:44:51,381 - INFO - Monolith_Exit 722RVMLE
2025-04-12 17:44:51,382 - INFO - Monolith_Enter WM9KBQ53
2025-04-12 17:44:51,853 - INFO - Monolith_Exit WM9KBQ53
2025-04-12 17:44:51,854 - INFO - Monolith_Enter AZ8N0XT3
2025-04-12 17:44:52,207 - INFO - Monolith_Exit AZ8N0XT3
2025-04-12 17:44:52,221 - INFO - Monolith_Enter KMM0Y425
2025-04-12 17:44:52,571 - INFO - Monolith_Exit KMM0Y425
2025-04-12 17:44:52,823 - INFO - Monolith_Enter DD1IJQOB
2025-04-12 17:44:53,216 - INFO - Monolith_Exit DD1IJQOB
2025-04-12 17:44:53,217 - INFO - Monolith_Enter JQ3PAUBV
Monolith_Enter RY9G9NUF
2025-04-12 17:44:53,861 - INFO - Monolith_Exit JQ3PAUBV
Monolith_Exit RY9G9NUF
2025-04-12 17:44:53,862 - INFO - Monolith_Enter JSO1XOL8
Monolith_Enter AJ2VLFT2
2025-04-12 17:44:54,816 - INFO - Monolith_Exit JSO1XOL8
Monolith_Exit AJ2VLFT2
2025-04-12 17:44:54,817 - INFO - Monolith_Enter XWYOIEIP
Monolith_Enter VFXZ6SUE
2025-04-12 17:44:55,786 - INFO - Monolith_Exit XWYOIEIP
Monolith_Exit VFXZ6SUE
2025-04-12 17:44:55,898 - INFO - Monolith_Enter HOZNN172
2025-04-12 17:44:56,203 - INFO - Monolith_Exit HOZNN172
2025-04-12 17:44:56,521 - INFO - Monolith_Enter 7G4KUHZ1
2025-04-12 17:44:57,004 - INFO - Monolith_Exit 7G4KUHZ1
2025-04-12 17:44:57,005 - INFO - Monolith_Enter 6HQE9CN0
Monolith_Enter YHNDVO93
2025-04-12 17:44:57,463 - INFO - Monolith_Exit 6HQE9CN0
Monolith_Exit YHNDVO93
2025-04-12 17:44:57,464 - INFO - Monolith_Enter QLULVJUR
Monolith_Enter C5EE536E
2025-04-12 17:44:58,095 - INFO - Monolith_Exit QLULVJUR
Monolith_Exit C5EE536E
2025-04-12 17:44:58,096 - INFO - Monolith_Enter FBJWY7X8
Monolith_Enter SXAWU460
2025-04-12 17:44:58,789 - INFO - Monolith_Exit FBJWY7X8
Monolith_Exit SXAWU460
2025-04-12 17:44:58,790 - INFO - Monolith_Enter QVWN2CF8
2025-04-12 17:44:59,068 - INFO - Monolith_Exit QVWN2CF8
2025-04-12 17:44:59,069 - INFO - Monolith_Enter B6QAA2IP
2025-04-12 17:44:59,441 - INFO - Monolith_Exit B6QAA2IP
2025-04-12 17:45:00,004 - INFO - Monolith_Enter 027QAFZT
2025-04-12 17:45:00,303 - INFO - Monolith_Exit 027QAFZT
2025-04-12 17:45:00,502 - INFO - Monolith_Enter XR8R5XQ7
2025-04-12 17:45:00,868 - INFO - Monolith_Exit XR8R5XQ7
2025-04-12 17:45:00,957 - INFO - Monolith_Enter 2DE0TLAS
2025-04-12 17:45:01,304 - INFO - Monolith_Exit 2DE0TLAS
2025-04-12 17:45:01,306 - INFO - Monolith_Enter QVM9RMA3
Monolith_Enter KFFY3DN1
Monolith_Enter AIO945M8
2025-04-12 17:45:02,630 - INFO - Monolith_Exit QVM9RMA3
Monolith_Exit KFFY3DN1
Monolith_Exit AIO945M8
2025-04-12 17:45:02,631 - INFO - Monolith_Enter QITZJDGG
2025-04-12 17:45:02,975 - INFO - Monolith_Exit QITZJDGG
2025-04-12 17:45:02,977 - INFO - Monolith_Enter V4BTHHTS
2025-04-12 17:45:03,344 - INFO - Monolith_Exit V4BTHHTS
2025-04-12 17:45:03,831 - INFO - Monolith_Enter QAXGE12F
2025-04-12 17:45:04,137 - INFO - Monolith_Exit QAXGE12F
2025-04-12 17:45:04,317 - INFO - Monolith_Enter 5BU90GHX
2025-04-12 17:45:04,606 - INFO - Monolith_Exit 5BU90GHX
2025-04-12 17:45:04,607 - INFO - Monolith_Enter LUOXMHAQ
2025-04-12 17:45:05,141 - INFO - Monolith_Exit LUOXMHAQ
2025-04-12 17:45:05,142 - INFO - Monolith_Enter WT20LY02
2025-04-12 17:45:05,441 - INFO - Monolith_Exit WT20LY02
2025-04-12 17:45:05,442 - INFO - Monolith_Enter A0CXTFBD
2025-04-12 17:45:05,986 - INFO - Monolith_Exit A0CXTFBD
2025-04-12 17:45:05,988 - INFO - Monolith_Enter DO9BVKF2
Monolith_Enter LA875JY7
Monolith_Enter 6D8RPY4B
2025-04-12 17:45:06,826 - INFO - Monolith_Exit DO9BVKF2
Monolith_Exit LA875JY7
Monolith_Exit 6D8RPY4B
2025-04-12 17:45:06,827 - INFO - Monolith_Enter Q5I8WQ5N
2025-04-12 17:45:07,335 - INFO - Monolith_Exit Q5I8WQ5N
2025-04-12 17:45:07,336 - INFO - Monolith_Enter HL8QOU31
2025-04-12 17:45:07,694 - INFO - Monolith_Exit HL8QOU31
2025-04-12 17:45:07,695 - INFO - Monolith_Enter C60NAQUB
2025-04-12 17:45:08,059 - INFO - Monolith_Exit C60NAQUB
2025-04-12 17:45:08,359 - INFO - Monolith_Enter NMP5M5EC
2025-04-12 17:45:08,697 - INFO - Monolith_Exit NMP5M5EC
2025-04-12 17:45:08,698 - INFO - Monolith_Enter 4T5W7VXX
Monolith_Enter WZC8Q6WG
2025-04-12 17:45:09,379 - INFO - Monolith_Exit 4T5W7VXX
Monolith_Exit WZC8Q6WG
2025-04-12 17:45:09,380 - INFO - Monolith_Enter 0L9HOLU5
Monolith_Enter 84PETHZ9
2025-04-12 17:45:09,847 - INFO - Monolith_Exit 0L9HOLU5
Monolith_Exit 84PETHZ9
2025-04-12 17:45:09,848 - INFO - Monolith_Enter XJMTWN12
2025-04-12 17:45:10,178 - INFO - Monolith_Exit XJMTWN12
2025-04-12 17:45:10,622 - INFO - Monolith_Enter P5128MUC
2025-04-12 17:45:10,955 - INFO - Monolith_Exit P5128MUC
2025-04-12 17:45:10,956 - INFO - Monolith_Enter LXX4EWGG
2025-04-12 17:45:11,329 - INFO - Monolith_Exit LXX4EWGG
2025-04-12 17:45:11,330 - INFO - Monolith_Enter XZ10OP3H
2025-04-12 17:45:11,879 - INFO - Monolith_Exit XZ10OP3H
2025-04-12 17:45:11,880 - INFO - Monolith_Enter W11OXDZI
2025-04-12 17:45:12,172 - INFO - Monolith_Exit W11OXDZI
2025-04-12 17:45:12,420 - INFO - Monolith_Enter EHWFOGC5
2025-04-12 17:45:12,797 - INFO - Monolith_Exit EHWFOGC5
2025-04-12 17:45:12,798 - INFO - Monolith_Enter AYYQKDQI
2025-04-12 17:45:13,132 - INFO - Monolith_Exit AYYQKDQI
2025-04-12 17:45:13,133 - INFO - Monolith_Enter E2Q79L18
2025-04-12 17:45:13,495 - INFO - Monolith_Exit E2Q79L18
2025-04-12 17:45:13,497 - INFO - Monolith_Enter GPI1HFI1
Monolith_Enter A4R2ZQXL
Monolith_Enter LLUBWIHN
2025-04-12 17:45:14,467 - INFO - Monolith_Exit GPI1HFI1
Monolith_Exit A4R2ZQXL
Monolith_Exit LLUBWIHN
2025-04-12 17:45:14,468 - INFO - Monolith_Enter 6341AJ65
2025-04-12 17:45:14,707 - INFO - Monolith_Exit 6341AJ65
2025-04-12 17:45:14,930 - INFO - Monolith_Enter GVLHP8H6
2025-04-12 17:45:15,247 - INFO - Monolith_Exit GVLHP8H6
2025-04-12 17:45:15,248 - INFO - Monolith_Enter YA4O8PTU
2025-04-12 17:45:15,604 - INFO - Monolith_Exit YA4O8PTU
2025-04-12 17:45:15,605 - INFO - Monolith_Enter IUJ3K1JS
2025-04-12 17:45:15,929 - INFO - Monolith_Exit IUJ3K1JS
2025-04-12 17:45:16,518 - INFO - Monolith_Enter J9YOXYT0
2025-04-12 17:45:16,908 - INFO - Monolith_Exit J9YOXYT0
2025-04-12 17:45:16,909 - INFO - Monolith_Enter RCDW600U
Monolith_Enter NQEP82FH
2025-04-12 17:45:17,634 - INFO - Monolith_Exit RCDW600U
Monolith_Exit NQEP82FH
2025-04-12 17:45:17,635 - INFO - Monolith_Enter 9HUVT7V7
Monolith_Enter S4P8R55S
2025-04-12 17:45:18,202 - INFO - Monolith_Exit 9HUVT7V7
Monolith_Exit S4P8R55S
2025-04-12 17:45:18,203 - INFO - Monolith_Enter GVSMSVSO
Monolith_Enter Z5B7VERY
2025-04-12 17:45:18,699 - INFO - Monolith_Exit GVSMSVSO
Monolith_Exit Z5B7VERY
2025-04-12 17:45:18,700 - INFO - Monolith_Enter NOAACQGO
2025-04-12 17:45:19,021 - INFO - Monolith_Exit NOAACQGO
2025-04-12 17:45:19,021 - INFO - Monolith_Enter QXM9JD7E
2025-04-12 17:45:19,387 - INFO - Monolith_Exit QXM9JD7E
2025-04-12 17:45:19,388 - INFO - Monolith_Enter FB6Y3E6B
2025-04-12 17:45:19,617 - INFO - Monolith_Exit FB6Y3E6B
2025-04-12 17:45:19,618 - INFO - Monolith_Enter LB29IXDG
Monolith_Enter 5RKO0COW
2025-04-12 17:45:20,104 - INFO - Monolith_Exit LB29IXDG
Monolith_Exit 5RKO0COW
2025-04-12 17:45:20,105 - INFO - Monolith_Enter YZ5G3INX
2025-04-12 17:45:20,423 - INFO - Monolith_Exit YZ5G3INX
2025-04-12 17:45:20,424 - INFO - Monolith_Enter SIR0VJW9
2025-04-12 17:45:20,736 - INFO - Monolith_Exit SIR0VJW9
2025-04-12 17:45:20,737 - INFO - Monolith_Enter LKV5RV9K
2025-04-12 17:45:21,168 - INFO - Monolith_Exit LKV5RV9K
2025-04-12 17:45:21,169 - INFO - Monolith_Enter BXRO5PFQ
Monolith_Enter CMW3JK2G
2025-04-12 17:45:21,716 - INFO - Monolith_Exit BXRO5PFQ
Monolith_Exit CMW3JK2G
2025-04-12 17:45:21,717 - INFO - Monolith_Enter HQNW4ZOR
2025-04-12 17:45:22,100 - INFO - Monolith_Exit HQNW4ZOR
2025-04-12 17:45:22,101 - INFO - Monolith_Enter T3XAL5W1
2025-04-12 17:45:22,378 - INFO - Monolith_Exit T3XAL5W1
2025-04-12 17:45:22,379 - INFO - Monolith_Enter HLLKXJDV
2025-04-12 17:45:22,730 - INFO - Monolith_Exit HLLKXJDV
2025-04-12 17:45:22,731 - INFO - Monolith_Enter M4A7PYKP
2025-04-12 17:45:23,047 - INFO - Monolith_Exit M4A7PYKP
2025-04-12 17:45:23,095 - INFO - Monolith_Enter XZM3LZNK
2025-04-12 17:45:23,447 - INFO - Monolith_Exit XZM3LZNK
2025-04-12 17:45:23,448 - INFO - Monolith_Enter S43PUW15
Monolith_Enter SY6UZD40
2025-04-12 17:45:24,204 - INFO - Monolith_Exit S43PUW15
Monolith_Exit SY6UZD40
2025-04-12 17:45:24,205 - INFO - Monolith_Enter RUNXOVV4
Monolith_Enter L24G8KD1
2025-04-12 17:45:24,631 - INFO - Monolith_Exit RUNXOVV4
Monolith_Exit L24G8KD1
2025-04-12 17:45:24,632 - INFO - Monolith_Enter NL6J0BQ8
2025-04-12 17:45:24,996 - INFO - Monolith_Exit NL6J0BQ8
2025-04-12 17:45:24,996 - INFO - Monolith_Enter TR2QVMJI
2025-04-12 17:45:25,339 - INFO - Monolith_Exit TR2QVMJI
2025-04-12 17:45:25,340 - INFO - Monolith_Enter FO0G7IVW
2025-04-12 17:45:25,667 - INFO - Monolith_Exit FO0G7IVW
2025-04-12 17:45:25,668 - INFO - Monolith_Enter 7XBGBR9M
2025-04-12 17:45:25,984 - INFO - Monolith_Exit 7XBGBR9M
2025-04-12 17:45:25,985 - INFO - Monolith_Enter IEIS6N9H
2025-04-12 17:45:26,346 - INFO - Monolith_Exit IEIS6N9H
2025-04-12 17:45:26,357 - INFO - Monolith_Enter PQTHON23
2025-04-12 17:45:26,651 - INFO - Monolith_Exit PQTHON23
2025-04-12 17:45:26,652 - INFO - Monolith_Enter MUONCP96
2025-04-12 17:45:26,951 - INFO - Monolith_Exit MUONCP96
2025-04-12 17:45:26,965 - INFO - Monolith_Enter L7HT0TC0
2025-04-12 17:45:27,272 - INFO - Monolith_Exit L7HT0TC0
2025-04-12 17:45:27,272 - INFO - Monolith_Enter 8XGB9Z78
2025-04-12 17:45:27,583 - INFO - Monolith_Exit 8XGB9Z78
2025-04-12 17:45:27,666 - INFO - Monolith_Enter 2NSLIRIZ
2025-04-12 17:45:27,933 - INFO - Monolith_Exit 2NSLIRIZ
2025-04-12 17:45:27,934 - INFO - Monolith_Enter 3R8HFMA3
2025-04-12 17:45:28,338 - INFO - Monolith_Exit 3R8HFMA3
2025-04-12 17:45:28,339 - INFO - Monolith_Enter BI47DWUD
2025-04-12 17:45:28,822 - INFO - Monolith_Exit BI47DWUD
2025-04-12 17:45:28,841 - INFO - Monolith_Enter LZ7W2IJB
2025-04-12 17:45:29,111 - INFO - Monolith_Exit LZ7W2IJB
2025-04-12 17:45:29,185 - INFO - Monolith_Enter ZGOGDVU3
2025-04-12 17:45:29,814 - INFO - Monolith_Exit ZGOGDVU3
2025-04-12 17:45:29,814 - INFO - Monolith_Enter 584IWGUB
2025-04-12 17:45:30,138 - INFO - Monolith_Exit 584IWGUB
2025-04-12 17:45:30,152 - INFO - Monolith_Enter C5YZ2AVY
2025-04-12 17:45:30,473 - INFO - Monolith_Exit C5YZ2AVY
2025-04-12 17:45:30,474 - INFO - Monolith_Enter 3SKMOX2F
2025-04-12 17:45:30,766 - INFO - Monolith_Exit 3SKMOX2F
2025-04-12 17:45:30,767 - INFO - Monolith_Enter WFJSVXZP
2025-04-12 17:45:31,149 - INFO - Monolith_Exit WFJSVXZP
2025-04-12 17:45:31,251 - INFO - Monolith_Enter TV7JPXHV
2025-04-12 17:45:31,466 - INFO - Monolith_Exit TV7JPXHV
2025-04-12 17:45:31,466 - INFO - Monolith_Enter T6XTG8KO
2025-04-12 17:45:31,829 - INFO - Monolith_Exit T6XTG8KO
2025-04-12 17:45:32,256 - INFO - Monolith_Enter 2EARGLIY
2025-04-12 17:45:32,611 - INFO - Monolith_Exit 2EARGLIY
2025-04-12 17:45:32,884 - INFO - Monolith_Enter CYROTVN0
2025-04-12 17:45:33,265 - INFO - Monolith_Exit CYROTVN0
2025-04-12 17:45:33,266 - INFO - Monolith_Enter 535UY0AG
Monolith_Enter 3YRQV4A4
2025-04-12 17:45:33,738 - INFO - Monolith_Exit 535UY0AG
Monolith_Exit 3YRQV4A4
2025-04-12 17:45:33,740 - INFO - Monolith_Enter 52LQ3SKD
Monolith_Enter RLS3T2IX
2025-04-12 17:45:34,345 - INFO - Monolith_Exit 52LQ3SKD
Monolith_Exit RLS3T2IX
2025-04-12 17:45:34,346 - INFO - Monolith_Enter 9H42O907
Monolith_Enter MPCY7884
2025-04-12 17:45:34,869 - INFO - Monolith_Exit 9H42O907
Monolith_Exit MPCY7884
2025-04-12 17:45:34,870 - INFO - Monolith_Enter X1DMI2BB
Monolith_Enter DXFTYR82
2025-04-12 17:45:35,364 - INFO - Monolith_Exit X1DMI2BB
Monolith_Exit DXFTYR82
2025-04-12 17:45:35,365 - INFO - Monolith_Enter VU9XPFF6
Monolith_Enter C9V7CKPD
2025-04-12 17:45:35,973 - INFO - Monolith_Exit VU9XPFF6
Monolith_Exit C9V7CKPD
2025-04-12 17:45:36,357 - INFO - Monolith_Enter W5DGMFVA
2025-04-12 17:45:36,660 - INFO - Monolith_Exit W5DGMFVA
2025-04-12 17:45:37,062 - INFO - Monolith_Enter O3I13LJ4
2025-04-12 17:45:37,582 - INFO - Monolith_Exit O3I13LJ4
2025-04-12 17:45:37,744 - INFO - Monolith_Enter I0KIHNDM
2025-04-12 17:45:38,048 - INFO - Monolith_Exit I0KIHNDM
2025-04-12 17:45:38,239 - INFO - Monolith_Enter UC34YI7W
2025-04-12 17:45:38,653 - INFO - Monolith_Exit UC34YI7W
2025-04-12 17:45:38,654 - INFO - Monolith_Enter 0Q4M6BSR
Monolith_Enter 4NOU91SC
Monolith_Enter 66UPGZTJ
2025-04-12 17:45:39,626 - INFO - Monolith_Exit 0Q4M6BSR
Monolith_Exit 4NOU91SC
Monolith_Exit 66UPGZTJ
2025-04-12 17:45:39,627 - INFO - Monolith_Enter IQVU9K4E
2025-04-12 17:45:39,928 - INFO - Monolith_Exit IQVU9K4E
2025-04-12 17:45:39,929 - INFO - Monolith_Enter ALVHH4WK
2025-04-12 17:45:40,291 - INFO - Monolith_Exit ALVHH4WK
2025-04-12 17:45:40,292 - INFO - Monolith_Enter DBC56PK8
2025-04-12 17:45:40,558 - INFO - Monolith_Exit DBC56PK8
2025-04-12 17:45:41,474 - INFO - Monolith_Enter BKOJOI6A
2025-04-12 17:45:41,805 - INFO - Monolith_Exit BKOJOI6A
2025-04-12 17:45:41,806 - INFO - Monolith_Enter 82PWRA9D
Monolith_Enter FNK4B3F8
2025-04-12 17:45:42,418 - INFO - Monolith_Exit 82PWRA9D
Monolith_Exit FNK4B3F8
2025-04-12 17:45:42,419 - INFO - Monolith_Enter YKDFZ6AM
2025-04-12 17:45:42,758 - INFO - Monolith_Exit YKDFZ6AM
2025-04-12 17:45:42,759 - INFO - Monolith_Enter 8OI46CCS
2025-04-12 17:45:43,098 - INFO - Monolith_Exit 8OI46CCS
2025-04-12 17:45:43,099 - INFO - Monolith_Enter B71GBUVA
2025-04-12 17:45:43,461 - INFO - Monolith_Exit B71GBUVA
2025-04-12 17:45:43,461 - INFO - Monolith_Enter 3OHPVVCA
2025-04-12 17:45:43,787 - INFO - Monolith_Exit 3OHPVVCA
2025-04-12 17:45:44,143 - INFO - Monolith_Enter V89U5ZJX
2025-04-12 17:45:44,583 - INFO - Monolith_Exit V89U5ZJX
2025-04-12 17:45:44,584 - INFO - Monolith_Enter OV8FQJUB
2025-04-12 17:45:45,091 - INFO - Monolith_Exit OV8FQJUB
2025-04-12 17:45:45,092 - INFO - Monolith_Enter NFAKED0H
Monolith_Enter CD4VVJHM
2025-04-12 17:45:45,661 - INFO - Monolith_Exit NFAKED0H
Monolith_Exit CD4VVJHM
2025-04-12 17:45:45,818 - INFO - Monolith_Enter B32A6JK4
2025-04-12 17:45:46,128 - INFO - Monolith_Exit B32A6JK4
2025-04-12 17:45:46,263 - INFO - Monolith_Enter 21SEQC1S
2025-04-12 17:45:46,950 - INFO - Monolith_Exit 21SEQC1S
2025-04-12 17:45:47,183 - INFO - Monolith_Enter S75APIM6
2025-04-12 17:45:47,491 - INFO - Monolith_Exit S75APIM6
2025-04-12 17:45:47,492 - INFO - Monolith_Enter D8U2IRJQ
Monolith_Enter RYAVSP6R
Monolith_Enter ZTVJVL3R
2025-04-12 17:45:48,269 - INFO - Monolith_Exit D8U2IRJQ
Monolith_Exit RYAVSP6R
Monolith_Exit ZTVJVL3R
2025-04-12 17:45:48,269 - INFO - Monolith_Enter XCSSW719
2025-04-12 17:45:48,495 - INFO - Monolith_Exit XCSSW719
2025-04-12 17:45:48,496 - INFO - Monolith_Enter JNZ9OUEJ
2025-04-12 17:45:48,807 - INFO - Monolith_Exit JNZ9OUEJ
2025-04-12 17:45:48,809 - INFO - Monolith_Enter UN4EOP2P
2025-04-12 17:45:49,378 - INFO - Monolith_Exit UN4EOP2P
2025-04-12 17:45:49,379 - INFO - Monolith_Enter ZJR839U4
2025-04-12 17:45:49,720 - INFO - Monolith_Exit ZJR839U4
2025-04-12 17:45:49,721 - INFO - Monolith_Enter IBAYKQGJ
Monolith_Enter D5C1W9VX
2025-04-12 17:45:50,108 - INFO - Monolith_Exit IBAYKQGJ
Monolith_Exit D5C1W9VX
2025-04-12 17:45:50,109 - INFO - Monolith_Enter H51AH5CH
2025-04-12 17:45:50,434 - INFO - Monolith_Exit H51AH5CH
2025-04-12 17:45:50,684 - INFO - Monolith_Enter T8HJHJHE
2025-04-12 17:45:51,090 - INFO - Monolith_Exit T8HJHJHE
2025-04-12 17:45:51,101 - INFO - Monolith_Enter FOTQ3ITO
2025-04-12 17:45:51,380 - INFO - Monolith_Exit FOTQ3ITO
2025-04-12 17:45:51,469 - INFO - Monolith_Enter RUF5TTPQ
2025-04-12 17:45:51,749 - INFO - Monolith_Exit RUF5TTPQ
2025-04-12 17:45:51,750 - INFO - Monolith_Enter 9DFR28WP
2025-04-12 17:45:52,025 - INFO - Monolith_Exit 9DFR28WP
2025-04-12 17:45:52,185 - INFO - Monolith_Enter G3GMMS8C
2025-04-12 17:45:52,476 - INFO - Monolith_Exit G3GMMS8C
2025-04-12 17:45:52,477 - INFO - Monolith_Enter V77TO9YX
2025-04-12 17:45:53,152 - INFO - Monolith_Exit V77TO9YX
2025-04-12 17:45:53,153 - INFO - Monolith_Enter H4BA8OFM
Monolith_Enter QRWZKXAM
Monolith_Enter M4FUMB0F
2025-04-12 17:45:53,974 - INFO - Monolith_Exit H4BA8OFM
Monolith_Exit QRWZKXAM
Monolith_Exit M4FUMB0F
2025-04-12 17:45:53,975 - INFO - Monolith_Enter GU5XUFE4
2025-04-12 17:45:54,331 - INFO - Monolith_Exit GU5XUFE4
2025-04-12 17:45:54,332 - INFO - Monolith_Enter AQIN8LLC
2025-04-12 17:45:54,659 - INFO - Monolith_Exit AQIN8LLC
2025-04-12 17:45:54,660 - INFO - Monolith_Enter DLVTXJSD
Monolith_Enter TQPSBRQ0
2025-04-12 17:45:55,205 - INFO - Monolith_Exit DLVTXJSD
Monolith_Exit TQPSBRQ0
2025-04-12 17:45:55,206 - INFO - Monolith_Enter 03JVR1BW
Monolith_Enter JFPBHF1G
2025-04-12 17:45:55,984 - INFO - Monolith_Exit 03JVR1BW
Monolith_Exit JFPBHF1G
2025-04-12 17:45:55,985 - INFO - Monolith_Enter P3T97981
2025-04-12 17:45:56,388 - INFO - Monolith_Exit P3T97981
2025-04-12 17:45:56,389 - INFO - Monolith_Enter VHIO5THC
2025-04-12 17:45:56,689 - INFO - Monolith_Exit VHIO5THC
2025-04-12 17:45:56,690 - INFO - Monolith_Enter T5H7U6K7
2025-04-12 17:45:57,032 - INFO - Monolith_Exit T5H7U6K7
2025-04-12 17:45:57,033 - INFO - Monolith_Enter B0SH1JMT
2025-04-12 17:45:57,365 - INFO - Monolith_Exit B0SH1JMT
2025-04-12 17:45:57,366 - INFO - Monolith_Enter A6IEL1MD
Monolith_Enter 38NK72XL
2025-04-12 17:45:57,899 - INFO - Monolith_Exit A6IEL1MD
Monolith_Exit 38NK72XL
2025-04-12 17:45:57,900 - INFO - Monolith_Enter E7E6LXNY
Monolith_Enter 2YRQF7JB
2025-04-12 17:45:58,655 - INFO - Monolith_Exit E7E6LXNY
Monolith_Exit 2YRQF7JB
2025-04-12 17:45:58,695 - INFO - Monolith_Enter OL2GHWPH
2025-04-12 17:45:59,080 - INFO - Monolith_Exit OL2GHWPH
2025-04-12 17:45:59,255 - INFO - Monolith_Enter W2XGY3DF
2025-04-12 17:45:59,656 - INFO - Monolith_Exit W2XGY3DF
2025-04-12 17:45:59,657 - INFO - Monolith_Enter 3RGWXZZD
Monolith_Enter ZCVRU9C0
2025-04-12 17:46:00,247 - INFO - Monolith_Exit 3RGWXZZD
Monolith_Exit ZCVRU9C0
2025-04-12 17:46:00,248 - INFO - Monolith_Enter WJZIBC9B
2025-04-12 17:46:00,543 - INFO - Monolith_Exit WJZIBC9B
2025-04-12 17:46:00,544 - INFO - Monolith_Enter A7EZ4FL9
2025-04-12 17:46:00,815 - INFO - Monolith_Exit A7EZ4FL9
2025-04-12 17:46:00,816 - INFO - Monolith_Enter H9KXTKPQ
Monolith_Enter PB9DJ668
2025-04-12 17:46:01,599 - INFO - Monolith_Exit H9KXTKPQ
Monolith_Exit PB9DJ668
2025-04-12 17:46:01,600 - INFO - Monolith_Enter C0ZTDTH6
2025-04-12 17:46:01,935 - INFO - Monolith_Exit C0ZTDTH6
2025-04-12 17:46:01,936 - INFO - Monolith_Enter YM8FNGNP
Monolith_Enter QEK0YF17
2025-04-12 17:46:02,586 - INFO - Monolith_Exit YM8FNGNP
Monolith_Exit QEK0YF17
2025-04-12 17:46:03,026 - INFO - Monolith_Enter U4LOU7YT
2025-04-12 17:46:03,375 - INFO - Monolith_Exit U4LOU7YT
2025-04-12 17:46:03,376 - INFO - Monolith_Enter V352EYIK
2025-04-12 17:46:04,006 - INFO - Monolith_Exit V352EYIK
2025-04-12 17:46:04,007 - INFO - Monolith_Enter 6Y25SWPJ
Monolith_Enter FYL816W4
2025-04-12 17:46:04,503 - INFO - Monolith_Exit 6Y25SWPJ
Monolith_Exit FYL816W4
2025-04-12 17:46:04,587 - INFO - Monolith_Enter UP1TKSVD
2025-04-12 17:46:04,992 - INFO - Monolith_Exit UP1TKSVD
2025-04-12 17:46:04,994 - INFO - Monolith_Enter VA7UQW24
Monolith_Enter LQLH66MK
2025-04-12 17:46:05,612 - INFO - Monolith_Exit VA7UQW24
Monolith_Exit LQLH66MK
2025-04-12 17:46:05,613 - INFO - Monolith_Enter MMM7831X
Monolith_Enter 717YXGU6
2025-04-12 17:46:06,293 - INFO - Monolith_Exit MMM7831X
Monolith_Exit 717YXGU6
2025-04-12 17:46:06,294 - INFO - Monolith_Enter 9IFFYKAW
2025-04-12 17:46:06,683 - INFO - Monolith_Exit 9IFFYKAW
2025-04-12 17:46:06,684 - INFO - Monolith_Enter MF0SFCCH
Monolith_Enter SDW5K0SC
2025-04-12 17:46:07,477 - INFO - Monolith_Exit MF0SFCCH
Monolith_Exit SDW5K0SC
2025-04-12 17:46:07,478 - INFO - Monolith_Enter 9SOIAY7F
Monolith_Enter IFW32EJV
2025-04-12 17:46:08,083 - INFO - Monolith_Exit 9SOIAY7F
Monolith_Exit IFW32EJV
2025-04-12 17:46:08,084 - INFO - Monolith_Enter QJWG25TQ
2025-04-12 17:46:08,411 - INFO - Monolith_Exit QJWG25TQ
2025-04-12 17:46:08,412 - INFO - Monolith_Enter RMV1VH6I
2025-04-12 17:46:08,835 - INFO - Monolith_Exit RMV1VH6I
2025-04-12 17:46:08,836 - INFO - Monolith_Enter I8W3Y459
2025-04-12 17:46:09,151 - INFO - Monolith_Exit I8W3Y459
2025-04-12 17:46:10,519 - INFO - Monolith_Enter C70G93H4
2025-04-12 17:46:10,891 - INFO - Monolith_Exit C70G93H4
2025-04-12 17:46:10,956 - INFO - Monolith_Enter Q0BQ0MF3
2025-04-12 17:46:11,319 - INFO - Monolith_Exit Q0BQ0MF3
2025-04-12 17:46:12,306 - INFO - Monolith_Enter 6I1P4G4S
2025-04-12 17:46:12,644 - INFO - Monolith_Exit 6I1P4G4S
2025-04-12 17:46:12,645 - INFO - Monolith_Enter I413ZLA4
Monolith_Enter CEETODE4
2025-04-12 17:46:13,177 - INFO - Monolith_Exit I413ZLA4
Monolith_Exit CEETODE4
2025-04-12 17:46:13,179 - INFO - Monolith_Enter L1ZW3ENV
Monolith_Enter YS77M77N
2025-04-12 17:46:13,757 - INFO - Monolith_Exit L1ZW3ENV
Monolith_Exit YS77M77N
2025-04-12 17:46:13,802 - INFO - Monolith_Enter IVC9MIJF
2025-04-12 17:46:14,127 - INFO - Monolith_Exit IVC9MIJF
2025-04-12 17:46:14,128 - INFO - Monolith_Enter YAVPDVSY
2025-04-12 17:46:14,577 - INFO - Monolith_Exit YAVPDVSY
2025-04-12 17:46:14,601 - INFO - Monolith_Enter C01OBQU5
2025-04-12 17:46:14,948 - INFO - Monolith_Exit C01OBQU5
2025-04-12 17:46:14,949 - INFO - Monolith_Enter SO1OC9NX
2025-04-12 17:46:15,321 - INFO - Monolith_Exit SO1OC9NX
2025-04-12 17:46:15,403 - INFO - Monolith_Enter 2R4IZQDA
2025-04-12 17:46:15,718 - INFO - Monolith_Exit 2R4IZQDA
2025-04-12 17:46:16,017 - INFO - Monolith_Enter E1PFQ2MY
2025-04-12 17:46:16,475 - INFO - Monolith_Exit E1PFQ2MY
2025-04-12 17:46:16,475 - INFO - Monolith_Enter EZ27GR3L
2025-04-12 17:46:16,805 - INFO - Monolith_Exit EZ27GR3L
2025-04-12 17:46:16,806 - INFO - Monolith_Enter VZ70OETG
2025-04-12 17:46:17,096 - INFO - Monolith_Exit VZ70OETG
2025-04-12 17:46:17,320 - INFO - Monolith_Enter Y9TN12G4
2025-04-12 17:46:17,556 - INFO - Monolith_Exit Y9TN12G4
2025-04-12 17:46:17,557 - INFO - Monolith_Enter 5KJ2ZIPH
2025-04-12 17:46:17,805 - INFO - Monolith_Exit 5KJ2ZIPH
2025-04-12 17:46:17,806 - INFO - Monolith_Enter 2SAR5OPG
Monolith_Enter MAIF34LL
2025-04-12 17:46:18,255 - INFO - Monolith_Exit 2SAR5OPG
Monolith_Exit MAIF34LL
2025-04-12 17:46:18,400 - INFO - Monolith_Enter BNTNUL92
2025-04-12 17:46:18,753 - INFO - Monolith_Exit BNTNUL92
2025-04-12 17:46:18,799 - INFO - Monolith_Enter VH6T8J58
2025-04-12 17:46:19,121 - INFO - Monolith_Exit VH6T8J58
2025-04-12 17:46:19,122 - INFO - Monolith_Enter IRS7GYIF
2025-04-12 17:46:19,456 - INFO - Monolith_Exit IRS7GYIF
2025-04-12 17:46:19,457 - INFO - Monolith_Enter 5WJYM4YV
Monolith_Enter W9ZMURAA
2025-04-12 17:46:20,025 - INFO - Monolith_Exit 5WJYM4YV
Monolith_Exit W9ZMURAA
2025-04-12 17:46:20,026 - INFO - Monolith_Enter 9GWBZFYU
2025-04-12 17:46:20,389 - INFO - Monolith_Exit 9GWBZFYU
2025-04-12 17:46:20,527 - INFO - Monolith_Enter EFYQUQY4
2025-04-12 17:46:20,953 - INFO - Monolith_Exit EFYQUQY4
2025-04-12 17:46:20,954 - INFO - Monolith_Enter G66KDSH8
2025-04-12 17:46:21,292 - INFO - Monolith_Exit G66KDSH8
2025-04-12 17:46:21,491 - INFO - Monolith_Enter 2QD08L3S
2025-04-12 17:46:22,149 - INFO - Monolith_Exit 2QD08L3S
2025-04-12 17:46:22,150 - INFO - Monolith_Enter RDDXNB0X
Monolith_Enter BN199Z2U
Monolith_Enter Y8PSGA5N
2025-04-12 17:46:23,046 - INFO - Monolith_Exit RDDXNB0X
Monolith_Exit BN199Z2U
Monolith_Exit Y8PSGA5N
2025-04-12 17:46:23,047 - INFO - Monolith_Enter ISGLCJ95
2025-04-12 17:46:23,381 - INFO - Monolith_Exit ISGLCJ95
2025-04-12 17:46:23,381 - INFO - Monolith_Enter VL36CYJQ
2025-04-12 17:46:23,710 - INFO - Monolith_Exit VL36CYJQ
2025-04-12 17:46:24,063 - INFO - Monolith_Enter L400HO56
2025-04-12 17:46:24,424 - INFO - Monolith_Exit L400HO56
2025-04-12 17:46:24,425 - INFO - Monolith_Enter RA4UD35W
2025-04-12 17:46:24,791 - INFO - Monolith_Exit RA4UD35W
2025-04-12 17:46:24,924 - INFO - Monolith_Enter Y92ZMV2B
2025-04-12 17:46:25,281 - INFO - Monolith_Exit Y92ZMV2B
2025-04-12 17:46:25,282 - INFO - Monolith_Enter 6UQ3DDU1
Monolith_Enter 9J7G5Z3A
2025-04-12 17:46:25,807 - INFO - Monolith_Exit 6UQ3DDU1
Monolith_Exit 9J7G5Z3A
2025-04-12 17:46:25,808 - INFO - Monolith_Enter 9EOJO4EC
Monolith_Enter ISWRI21S
2025-04-12 17:46:26,405 - INFO - Monolith_Exit 9EOJO4EC
Monolith_Exit ISWRI21S
2025-04-12 17:46:26,406 - INFO - Monolith_Enter GB204FXJ
2025-04-12 17:46:26,691 - INFO - Monolith_Exit GB204FXJ
2025-04-12 17:46:27,130 - INFO - Monolith_Enter 4W9VDL8H
2025-04-12 17:46:27,466 - INFO - Monolith_Exit 4W9VDL8H
2025-04-12 17:46:27,774 - INFO - Monolith_Enter Z6DTTT6G
2025-04-12 17:46:28,086 - INFO - Monolith_Exit Z6DTTT6G
2025-04-12 17:46:28,087 - INFO - Monolith_Enter 33C4Y0WR
Monolith_Enter M32WVNXH
2025-04-12 17:46:28,636 - INFO - Monolith_Exit 33C4Y0WR
Monolith_Exit M32WVNXH
2025-04-12 17:46:28,637 - INFO - Monolith_Enter 69QQHYKV
Monolith_Enter 8MJB9NH6
2025-04-12 17:46:29,186 - INFO - Monolith_Exit 69QQHYKV
Monolith_Exit 8MJB9NH6
2025-04-12 17:46:29,187 - INFO - Monolith_Enter T5P6CJ9B
Monolith_Enter ENLTINNQ
2025-04-12 17:46:29,807 - INFO - Monolith_Exit T5P6CJ9B
Monolith_Exit ENLTINNQ
2025-04-12 17:46:29,808 - INFO - Monolith_Enter BUCON7VW
Monolith_Enter BMEXAWA2
2025-04-12 17:46:30,364 - INFO - Monolith_Exit BUCON7VW
Monolith_Exit BMEXAWA2
2025-04-12 17:46:30,365 - INFO - Monolith_Enter 0T841YMJ
Monolith_Enter LWXZSMMI
2025-04-12 17:46:31,209 - INFO - Monolith_Exit 0T841YMJ
Monolith_Exit LWXZSMMI
2025-04-12 17:46:31,210 - INFO - Monolith_Enter SFK3CY4S
Monolith_Enter YYHYXH32
2025-04-12 17:46:32,039 - INFO - Monolith_Exit SFK3CY4S
Monolith_Exit YYHYXH32
2025-04-12 17:46:32,040 - INFO - Monolith_Enter U2FKJ9RW
2025-04-12 17:46:32,379 - INFO - Monolith_Exit U2FKJ9RW
2025-04-12 17:46:32,380 - INFO - Monolith_Enter AF322NXO
Monolith_Enter AP1B8U2H
2025-04-12 17:46:33,016 - INFO - Monolith_Exit AF322NXO
Monolith_Exit AP1B8U2H
2025-04-12 17:46:33,017 - INFO - Monolith_Enter RHFJSGRH
Monolith_Enter THW7ZQHS
2025-04-12 17:46:33,633 - INFO - Monolith_Exit RHFJSGRH
Monolith_Exit THW7ZQHS
2025-04-12 17:46:33,634 - INFO - Monolith_Enter ZNDDY6PV
2025-04-12 17:46:34,221 - INFO - Monolith_Exit ZNDDY6PV
2025-04-12 17:46:35,314 - INFO - Monolith_Enter GPSII5NS
2025-04-12 17:46:35,616 - INFO - Monolith_Exit GPSII5NS
2025-04-12 17:46:35,924 - INFO - Monolith_Enter 1QZOP42C
2025-04-12 17:46:36,175 - INFO - Monolith_Exit 1QZOP42C
2025-04-12 17:46:36,920 - INFO - Monolith_Enter 5K6GIV8U
2025-04-12 17:46:37,283 - INFO - Monolith_Exit 5K6GIV8U
2025-04-12 17:46:37,284 - INFO - Monolith_Enter WVUW4R9K
2025-04-12 17:46:37,585 - INFO - Monolith_Exit WVUW4R9K
2025-04-12 17:46:37,586 - INFO - Monolith_Enter QOKZ10TQ
2025-04-12 17:46:37,888 - INFO - Monolith_Exit QOKZ10TQ
2025-04-12 17:46:37,889 - INFO - Monolith_Enter U421XL02
Monolith_Enter GGVTC9P0
2025-04-12 17:46:38,902 - INFO - Monolith_Exit U421XL02
Monolith_Exit GGVTC9P0
2025-04-12 17:46:38,904 - INFO - Monolith_Enter C66BLWKP
Monolith_Enter S3FBFJ62
2025-04-12 17:46:39,551 - INFO - Monolith_Exit C66BLWKP
Monolith_Exit S3FBFJ62
2025-04-12 17:46:39,552 - INFO - Monolith_Enter YAYNAEN7
2025-04-12 17:46:39,826 - INFO - Monolith_Exit YAYNAEN7
2025-04-12 17:46:40,162 - INFO - Monolith_Enter PLXIKA22
2025-04-12 17:46:40,508 - INFO - Monolith_Exit PLXIKA22
2025-04-12 17:46:40,509 - INFO - Monolith_Enter WXK8QH70
2025-04-12 17:46:40,859 - INFO - Monolith_Exit WXK8QH70
2025-04-12 17:46:40,925 - INFO - Monolith_Enter D0JYIXOZ
2025-04-12 17:46:41,216 - INFO - Monolith_Exit D0JYIXOZ
2025-04-12 17:46:41,346 - INFO - Monolith_Enter 5PA74O2P
2025-04-12 17:46:41,695 - INFO - Monolith_Exit 5PA74O2P
2025-04-12 17:46:41,696 - INFO - Monolith_Enter 0FFMOGYK
Monolith_Enter GNNGUN4J
2025-04-12 17:46:42,230 - INFO - Monolith_Exit 0FFMOGYK
Monolith_Exit GNNGUN4J
2025-04-12 17:46:42,358 - INFO - Monolith_Enter TKRIM9LB
2025-04-12 17:46:42,876 - INFO - Monolith_Exit TKRIM9LB
2025-04-12 17:46:43,061 - INFO - Monolith_Enter HNRFSWL9
2025-04-12 17:46:43,326 - INFO - Monolith_Exit HNRFSWL9
2025-04-12 17:46:43,326 - INFO - Monolith_Enter RKDCNT6V
2025-04-12 17:46:43,687 - INFO - Monolith_Exit RKDCNT6V
2025-04-12 17:46:43,688 - INFO - Monolith_Enter BQH7BBBQ
2025-04-12 17:46:44,000 - INFO - Monolith_Exit BQH7BBBQ
2025-04-12 17:46:44,001 - INFO - Monolith_Enter 7DF0L9RF
Monolith_Enter I6F6LOHL
2025-04-12 17:46:44,563 - INFO - Monolith_Exit 7DF0L9RF
Monolith_Exit I6F6LOHL
2025-04-12 17:46:44,564 - INFO - Monolith_Enter URG9VGWX
2025-04-12 17:46:44,907 - INFO - Monolith_Exit URG9VGWX
2025-04-12 17:46:44,907 - INFO - Monolith_Enter B3N5QBPR
Monolith_Enter TXXO808O
2025-04-12 17:46:45,445 - INFO - Monolith_Exit B3N5QBPR
Monolith_Exit TXXO808O
2025-04-12 17:46:45,446 - INFO - Monolith_Enter AA475FBG
Monolith_Enter 28ZD5Y2F
2025-04-12 17:46:45,931 - INFO - Monolith_Exit AA475FBG
Monolith_Exit 28ZD5Y2F
2025-04-12 17:46:45,949 - INFO - Monolith_Enter DSYRENSR
2025-04-12 17:46:46,275 - INFO - Monolith_Exit DSYRENSR
2025-04-12 17:46:46,276 - INFO - Monolith_Enter TRIZNDD9
2025-04-12 17:46:46,639 - INFO - Monolith_Exit TRIZNDD9
2025-04-12 17:46:46,724 - INFO - Monolith_Enter OTV4Y4KO
2025-04-12 17:46:47,033 - INFO - Monolith_Exit OTV4Y4KO
2025-04-12 17:46:47,046 - INFO - Monolith_Enter TQGGZK6V
2025-04-12 17:46:47,417 - INFO - Monolith_Exit TQGGZK6V
2025-04-12 17:46:47,653 - INFO - Monolith_Enter 218XTXKI
2025-04-12 17:46:48,014 - INFO - Monolith_Exit 218XTXKI
2025-04-12 17:46:48,014 - INFO - Monolith_Enter UVEINZ8X
2025-04-12 17:46:48,363 - INFO - Monolith_Exit UVEINZ8X
2025-04-12 17:46:48,364 - INFO - Monolith_Enter ROD1KHMO
2025-04-12 17:46:48,643 - INFO - Monolith_Exit ROD1KHMO
2025-04-12 17:46:48,644 - INFO - Monolith_Enter AX3EFGBU
Monolith_Enter D9J555V5
2025-04-12 17:46:49,141 - INFO - Monolith_Exit AX3EFGBU
Monolith_Exit D9J555V5
2025-04-12 17:46:49,142 - INFO - Monolith_Enter IIUBFMHM
Monolith_Enter GIWO3UNQ
2025-04-12 17:46:49,915 - INFO - Monolith_Exit IIUBFMHM
Monolith_Exit GIWO3UNQ
2025-04-12 17:46:49,916 - INFO - Monolith_Enter C1DFC687
2025-04-12 17:46:50,233 - INFO - Monolith_Exit C1DFC687
2025-04-12 17:46:50,854 - INFO - Monolith_Enter EXWE95HH
2025-04-12 17:46:51,194 - INFO - Monolith_Exit EXWE95HH
2025-04-12 17:46:51,623 - INFO - Monolith_Enter R3X55TZ2
2025-04-12 17:46:51,911 - INFO - Monolith_Exit R3X55TZ2
2025-04-12 17:46:52,009 - INFO - Monolith_Enter IO79U33H
2025-04-12 17:46:52,328 - INFO - Monolith_Exit IO79U33H
2025-04-12 17:46:52,353 - INFO - Monolith_Enter J5F7GJ88
2025-04-12 17:46:52,641 - INFO - Monolith_Exit J5F7GJ88
2025-04-12 17:46:52,642 - INFO - Monolith_Enter ZCXU0F3M
2025-04-12 17:46:52,883 - INFO - Monolith_Exit ZCXU0F3M
2025-04-12 17:46:52,884 - INFO - Monolith_Enter WCAMDNV9
2025-04-12 17:46:53,209 - INFO - Monolith_Exit WCAMDNV9
2025-04-12 17:46:53,210 - INFO - Monolith_Enter LE59543A
2025-04-12 17:46:53,576 - INFO - Monolith_Exit LE59543A
2025-04-12 17:46:53,577 - INFO - Monolith_Enter VR3RMK9A
Monolith_Enter QHX5B5MV
2025-04-12 17:46:54,378 - INFO - Monolith_Exit VR3RMK9A
Monolith_Exit QHX5B5MV
2025-04-12 17:46:54,380 - INFO - Monolith_Enter JCE42TB0
Monolith_Enter X8ZVLOFP
2025-04-12 17:46:54,887 - INFO - Monolith_Exit JCE42TB0
Monolith_Exit X8ZVLOFP
2025-04-12 17:46:54,889 - INFO - Monolith_Enter TIYEPEUE
Monolith_Enter 1RPH66W2
2025-04-12 17:46:55,296 - INFO - Monolith_Exit TIYEPEUE
Monolith_Exit 1RPH66W2
2025-04-12 17:46:55,297 - INFO - Monolith_Enter 6JI31MDE
2025-04-12 17:46:55,687 - INFO - Monolith_Exit 6JI31MDE
2025-04-12 17:46:56,076 - INFO - Monolith_Enter EXDVXYZ4
2025-04-12 17:46:56,411 - INFO - Monolith_Exit EXDVXYZ4
2025-04-12 17:46:56,445 - INFO - Monolith_Enter JZI4W23V
2025-04-12 17:46:56,905 - INFO - Monolith_Exit JZI4W23V
2025-04-12 17:46:56,906 - INFO - Monolith_Enter N9OYYL7C
2025-04-12 17:46:57,397 - INFO - Monolith_Exit N9OYYL7C
2025-04-12 17:46:57,398 - INFO - Monolith_Enter 5PT3Z35V
2025-04-12 17:46:57,719 - INFO - Monolith_Exit 5PT3Z35V
2025-04-12 17:46:57,719 - INFO - Monolith_Enter 12F09G9G
2025-04-12 17:46:58,109 - INFO - Monolith_Exit 12F09G9G
2025-04-12 17:46:58,186 - INFO - Monolith_Enter 0DFR14KK
2025-04-12 17:46:58,925 - INFO - Monolith_Exit 0DFR14KK
2025-04-12 17:46:59,274 - INFO - Monolith_Enter BL0VWQ69
2025-04-12 17:46:59,706 - INFO - Monolith_Exit BL0VWQ69
2025-04-12 17:46:59,828 - INFO - Monolith_Enter 0RDWAZOW
2025-04-12 17:47:00,345 - INFO - Monolith_Exit 0RDWAZOW
2025-04-12 17:47:00,346 - INFO - Monolith_Enter 6NKNBREG
Monolith_Enter 2WSX3CED
2025-04-12 17:47:00,874 - INFO - Monolith_Exit 6NKNBREG
Monolith_Exit 2WSX3CED
2025-04-12 17:47:01,082 - INFO - Monolith_Enter EFR17ST3
2025-04-12 17:47:01,599 - INFO - Monolith_Exit EFR17ST3
2025-04-12 17:47:01,600 - INFO - Monolith_Enter 94FHFJO3
2025-04-12 17:47:01,946 - INFO - Monolith_Exit 94FHFJO3
2025-04-12 17:47:01,947 - INFO - Monolith_Enter VM7GKSPG
2025-04-12 17:47:02,226 - INFO - Monolith_Exit VM7GKSPG
2025-04-12 17:47:02,227 - INFO - Monolith_Enter GUK43DHS
2025-04-12 17:47:02,582 - INFO - Monolith_Exit GUK43DHS
2025-04-12 17:47:02,583 - INFO - Monolith_Enter LHNEBSTL
2025-04-12 17:47:02,830 - INFO - Monolith_Exit LHNEBSTL
2025-04-12 17:47:02,831 - INFO - Monolith_Enter OQXRTRLD
2025-04-12 17:47:03,234 - INFO - Monolith_Exit OQXRTRLD
2025-04-12 17:47:03,234 - INFO - Monolith_Enter CZQ7G4Q3
2025-04-12 17:47:03,534 - INFO - Monolith_Exit CZQ7G4Q3
2025-04-12 17:47:03,535 - INFO - Monolith_Enter U65S4N21
2025-04-12 17:47:03,868 - INFO - Monolith_Exit U65S4N21
2025-04-12 17:47:03,869 - INFO - Monolith_Enter W7YTD5GL
2025-04-12 17:47:04,281 - INFO - Monolith_Exit W7YTD5GL
2025-04-12 17:47:04,556 - INFO - Monolith_Enter 16NNCOQK
2025-04-12 17:47:04,865 - INFO - Monolith_Exit 16NNCOQK
2025-04-12 17:47:04,865 - INFO - Monolith_Enter EGIRXGLG
2025-04-12 17:47:05,226 - INFO - Monolith_Exit EGIRXGLG
2025-04-12 17:47:05,227 - INFO - Monolith_Enter SESH3T18
2025-04-12 17:47:05,568 - INFO - Monolith_Exit SESH3T18
2025-04-12 17:47:05,569 - INFO - Monolith_Enter 35VR4KZD
2025-04-12 17:47:05,865 - INFO - Monolith_Exit 35VR4KZD
2025-04-12 17:47:05,952 - INFO - Monolith_Enter X0R2K9WG
2025-04-12 17:47:06,272 - INFO - Monolith_Exit X0R2K9WG
2025-04-12 17:47:06,438 - INFO - Monolith_Enter DBGOKKQ3
2025-04-12 17:47:06,799 - INFO - Monolith_Exit DBGOKKQ3
2025-04-12 17:47:06,800 - INFO - Monolith_Enter FLVFV3K2
2025-04-12 17:47:07,131 - INFO - Monolith_Exit FLVFV3K2
2025-04-12 17:47:07,131 - INFO - Monolith_Enter 9L5MLGI9
2025-04-12 17:47:07,468 - INFO - Monolith_Exit 9L5MLGI9
2025-04-12 17:47:07,541 - INFO - Monolith_Enter PFZEXORO
2025-04-12 17:47:07,786 - INFO - Monolith_Exit PFZEXORO
2025-04-12 17:47:08,362 - INFO - Monolith_Enter 6JH3SOBR
2025-04-12 17:47:08,677 - INFO - Monolith_Exit 6JH3SOBR
2025-04-12 17:47:08,678 - INFO - Monolith_Enter 73CQG3IF
Monolith_Enter EDIQQ8YJ
2025-04-12 17:47:09,228 - INFO - Monolith_Exit 73CQG3IF
Monolith_Exit EDIQQ8YJ
2025-04-12 17:47:09,229 - INFO - Monolith_Enter DR767NQW
Monolith_Enter U8RIP5UF
2025-04-12 17:47:09,797 - INFO - Monolith_Exit DR767NQW
Monolith_Exit U8RIP5UF
2025-04-12 17:47:09,798 - INFO - Monolith_Enter IM02FA9N
Monolith_Enter PB92BCEB
2025-04-12 17:47:10,342 - INFO - Monolith_Exit IM02FA9N
Monolith_Exit PB92BCEB
2025-04-12 17:47:10,343 - INFO - Monolith_Enter WUG8FQ33
2025-04-12 17:47:10,660 - INFO - Monolith_Exit WUG8FQ33
2025-04-12 17:47:10,661 - INFO - Monolith_Enter MHZ395YG
2025-04-12 17:47:11,005 - INFO - Monolith_Exit MHZ395YG
2025-04-12 17:47:11,006 - INFO - Monolith_Enter 5E65F9SB
2025-04-12 17:47:11,376 - INFO - Monolith_Exit 5E65F9SB
2025-04-12 17:47:11,453 - INFO - Monolith_Enter XNEYERQC
2025-04-12 17:47:11,817 - INFO - Monolith_Exit XNEYERQC
2025-04-12 17:47:11,818 - INFO - Monolith_Enter B6KW95Y0
2025-04-12 17:47:12,179 - INFO - Monolith_Exit B6KW95Y0
2025-04-12 17:47:12,641 - INFO - Monolith_Enter 8L0SA2JE
2025-04-12 17:47:12,972 - INFO - Monolith_Exit 8L0SA2JE
2025-04-12 17:47:12,973 - INFO - Monolith_Enter QYDAGAXL
2025-04-12 17:47:13,241 - INFO - Monolith_Exit QYDAGAXL
2025-04-12 17:47:13,454 - INFO - Monolith_Enter RN59LM56
2025-04-12 17:47:13,850 - INFO - Monolith_Exit RN59LM56
2025-04-12 17:47:13,851 - INFO - Monolith_Enter 3JCN31HM
2025-04-12 17:47:14,252 - INFO - Monolith_Exit 3JCN31HM
2025-04-12 17:47:14,253 - INFO - Monolith_Enter 9FQ439W6
2025-04-12 17:47:14,577 - INFO - Monolith_Exit 9FQ439W6
2025-04-12 17:47:14,747 - INFO - Monolith_Enter JQODFNLD
2025-04-12 17:47:15,104 - INFO - Monolith_Exit JQODFNLD
2025-04-12 17:47:15,105 - INFO - Monolith_Enter 1188B58X
2025-04-12 17:47:15,418 - INFO - Monolith_Exit 1188B58X
2025-04-12 17:47:15,419 - INFO - Monolith_Enter 7HEMW692
Monolith_Enter BKLU8STG
2025-04-12 17:47:16,004 - INFO - Monolith_Exit 7HEMW692
Monolith_Exit BKLU8STG
2025-04-12 17:47:16,005 - INFO - Monolith_Enter HRRM8JLF
2025-04-12 17:47:16,331 - INFO - Monolith_Exit HRRM8JLF
2025-04-12 17:47:16,847 - INFO - Monolith_Enter J1WH4412
2025-04-12 17:47:17,151 - INFO - Monolith_Exit J1WH4412
2025-04-12 17:47:17,370 - INFO - Monolith_Enter 54WNHTJA
2025-04-12 17:47:17,704 - INFO - Monolith_Exit 54WNHTJA
2025-04-12 17:47:17,705 - INFO - Monolith_Enter VK6MBKA6
2025-04-12 17:47:17,981 - INFO - Monolith_Exit VK6MBKA6
