2025-04-01 03:01:25,279 - INFO - Ingress_Enter LEXB1WM1
2025-04-01 03:01:25,386 - INFO - Ingress_Enter S6EX0RCZ
2025-04-01 03:01:25,412 - INFO - Ingress_Enter E04CLJ8I
2025-04-01 03:01:25,618 - INFO - Ingress_Enter YZBYBFOE
2025-04-01 03:01:25,927 - INFO - Ingress_Enter P3OM8E2C
2025-04-01 03:01:25,963 - INFO - Ingress_Enter 6WF14NDE
2025-04-01 03:01:26,107 - INFO - Ingress_Exit S6EX0RCZ
2025-04-01 03:01:26,148 - INFO - Ingress_Enter WU8WELWL
2025-04-01 03:01:26,212 - INFO - Ingress_Exit E04CLJ8I
2025-04-01 03:01:26,239 - INFO - Ingress_Exit LEXB1WM1
2025-04-01 03:01:26,370 - INFO - Ingress_Enter LPHXUNPQ
2025-04-01 03:01:26,642 - INFO - Ingress_Exit YZBYBFOE
2025-04-01 03:01:26,646 - INFO - Ingress_Enter KD1TFEXM
2025-04-01 03:01:26,660 - INFO - Ingress_Exit P3OM8E2C
2025-04-01 03:01:26,674 - INFO - Ingress_Enter 4HKIGFRD
2025-04-01 03:01:26,697 - INFO - Ingress_Enter ZQU6RV9O
2025-04-01 03:01:26,755 - INFO - Ingress_Enter YP29OC5V
2025-04-01 03:01:26,763 - INFO - Ingress_Enter JGBXKBXB
2025-04-01 03:01:26,797 - INFO - Ingress_Enter AADMTK62
2025-04-01 03:01:26,875 - INFO - Ingress_Exit WU8WELWL
2025-04-01 03:01:26,880 - INFO - Ingress_Enter ZGRDE08N
2025-04-01 03:01:27,216 - INFO - Ingress_Exit 6WF14NDE
2025-04-01 03:01:27,355 - INFO - Ingress_Enter C9FO36Z3
2025-04-01 03:01:27,411 - INFO - Ingress_Enter N9PCH2E2
2025-04-01 03:01:27,605 - INFO - Ingress_Enter PQL32WCV
2025-04-01 03:01:27,724 - INFO - Ingress_Exit LPHXUNPQ
2025-04-01 03:01:27,753 - INFO - Ingress_Exit AADMTK62
2025-04-01 03:01:27,794 - INFO - Ingress_Exit KD1TFEXM
2025-04-01 03:01:27,795 - INFO - Ingress_Exit 4HKIGFRD
2025-04-01 03:01:27,797 - INFO - Ingress_Exit JGBXKBXB
2025-04-01 03:01:27,850 - INFO - Ingress_Exit YP29OC5V
2025-04-01 03:01:27,939 - INFO - Ingress_Exit ZQU6RV9O
2025-04-01 03:01:28,079 - INFO - Ingress_Exit ZGRDE08N
2025-04-01 03:01:28,229 - INFO - Ingress_Enter D5KE5HBF
2025-04-01 03:01:28,247 - INFO - Ingress_Enter 0NL97YEW
2025-04-01 03:01:28,322 - INFO - Ingress_Exit C9FO36Z3
2025-04-01 03:01:28,344 - INFO - Ingress_Enter W2A1NOFF
2025-04-01 03:01:28,353 - INFO - Ingress_Enter UTNEO9IU
2025-04-01 03:01:28,372 - INFO - Ingress_Enter 2COTEGZG
2025-04-01 03:01:28,426 - INFO - Ingress_Enter 03AZE40V
2025-04-01 03:01:28,493 - INFO - Ingress_Enter 9X8ENKBX
2025-04-01 03:01:28,501 - INFO - Ingress_Enter 46LMQQK4
2025-04-01 03:01:28,563 - INFO - Ingress_Exit N9PCH2E2
2025-04-01 03:01:28,631 - INFO - Ingress_Enter PR1LILO1
2025-04-01 03:01:28,793 - INFO - Ingress_Enter YXKBFDWW
2025-04-01 03:01:29,077 - INFO - Ingress_Exit 46LMQQK4
2025-04-01 03:01:29,121 - INFO - Ingress_Exit 03AZE40V
2025-04-01 03:01:29,122 - INFO - Ingress_Exit 9X8ENKBX
2025-04-01 03:01:29,147 - INFO - Ingress_Exit W2A1NOFF
2025-04-01 03:01:29,175 - INFO - Ingress_Exit PQL32WCV
2025-04-01 03:01:29,176 - INFO - Ingress_Exit UTNEO9IU
2025-04-01 03:01:29,424 - INFO - Ingress_Exit YXKBFDWW
2025-04-01 03:01:29,426 - INFO - Ingress_Exit 2COTEGZG
2025-04-01 03:01:29,465 - INFO - Ingress_Enter 53S7VB0Z
2025-04-01 03:01:29,512 - INFO - Ingress_Enter QX3IG0X6
2025-04-01 03:01:29,594 - INFO - Ingress_Exit 0NL97YEW
2025-04-01 03:01:29,597 - INFO - Ingress_Exit D5KE5HBF
2025-04-01 03:01:29,684 - INFO - Ingress_Enter KJ9U3Y4G
2025-04-01 03:01:29,689 - INFO - Ingress_Enter M4PLL0RG
2025-04-01 03:01:29,698 - INFO - Ingress_Enter 85L73NRL
2025-04-01 03:01:29,732 - INFO - Ingress_Enter UZLO1N2U
2025-04-01 03:01:29,751 - INFO - Ingress_Enter L4XXUZ4V
2025-04-01 03:01:29,779 - INFO - Ingress_Enter 1MXZEJ8U
2025-04-01 03:01:29,817 - INFO - Ingress_Enter XLGFUV2Y
2025-04-01 03:01:29,931 - INFO - Ingress_Enter MX6900KM
2025-04-01 03:01:30,006 - INFO - Ingress_Exit PR1LILO1
2025-04-01 03:01:30,208 - INFO - Ingress_Enter OJVXV8OP
2025-04-01 03:01:30,391 - INFO - Ingress_Exit KJ9U3Y4G
2025-04-01 03:01:30,435 - INFO - Ingress_Exit 53S7VB0Z
2025-04-01 03:01:30,480 - INFO - Ingress_Exit 1MXZEJ8U
2025-04-01 03:01:30,545 - INFO - Ingress_Exit QX3IG0X6
2025-04-01 03:01:30,546 - INFO - Ingress_Exit 85L73NRL
2025-04-01 03:01:30,560 - INFO - Ingress_Exit L4XXUZ4V
2025-04-01 03:01:30,573 - INFO - Ingress_Exit MX6900KM
2025-04-01 03:01:30,596 - INFO - Ingress_Exit UZLO1N2U
2025-04-01 03:01:30,597 - INFO - Ingress_Exit M4PLL0RG
2025-04-01 03:01:30,612 - INFO - Ingress_Enter VA6X4FB7
2025-04-01 03:01:30,629 - INFO - Ingress_Enter NAKAG73E
2025-04-01 03:01:30,694 - INFO - Ingress_Enter XML6U79U
2025-04-01 03:01:30,699 - INFO - Ingress_Enter YUZV3C77
2025-04-01 03:01:30,793 - INFO - Ingress_Enter Z4DPFHKR
2025-04-01 03:01:30,801 - INFO - Ingress_Exit XLGFUV2Y
2025-04-01 03:01:30,930 - INFO - Ingress_Enter QRU665J3
2025-04-01 03:01:30,939 - INFO - Ingress_Enter 4URMAOG2
2025-04-01 03:01:30,956 - INFO - Ingress_Enter C21ZDFSX
2025-04-01 03:01:31,050 - INFO - Ingress_Enter N8H3AA1H
2025-04-01 03:01:31,122 - INFO - Ingress_Enter LNZT8K5L
2025-04-01 03:01:31,281 - INFO - Ingress_Enter OEZU4IRC
2025-04-01 03:01:31,289 - INFO - Ingress_Exit NAKAG73E
2025-04-01 03:01:31,310 - INFO - Ingress_Exit OJVXV8OP
2025-04-01 03:01:31,388 - INFO - Ingress_Exit XML6U79U
2025-04-01 03:01:31,424 - INFO - Ingress_Exit YUZV3C77
2025-04-01 03:01:31,440 - INFO - Ingress_Exit VA6X4FB7
2025-04-01 03:01:31,454 - INFO - Ingress_Enter 352SNPHS
2025-04-01 03:01:31,491 - INFO - Ingress_Enter RAHLRHF0
2025-04-01 03:01:31,538 - INFO - Ingress_Exit Z4DPFHKR
2025-04-01 03:01:31,657 - INFO - Ingress_Enter KQE5VQ8K
2025-04-01 03:01:31,682 - INFO - Ingress_Enter IQDZ49PQ
2025-04-01 03:01:31,748 - INFO - Ingress_Exit QRU665J3
2025-04-01 03:01:31,775 - INFO - Ingress_Exit 4URMAOG2
2025-04-01 03:01:31,792 - INFO - Ingress_Enter LH34G0X2
2025-04-01 03:01:31,821 - INFO - Ingress_Exit C21ZDFSX
2025-04-01 03:01:31,853 - INFO - Ingress_Exit N8H3AA1H
2025-04-01 03:01:31,857 - INFO - Ingress_Enter H6MVD116
2025-04-01 03:01:31,859 - INFO - Ingress_Enter NKG6ZQTQ
2025-04-01 03:01:31,948 - INFO - Ingress_Exit LNZT8K5L
2025-04-01 03:01:32,023 - INFO - Ingress_Enter P37WZHPU
2025-04-01 03:01:32,045 - INFO - Ingress_Enter IVJ07U71
2025-04-01 03:01:32,139 - INFO - Ingress_Enter BCWG3UQF
2025-04-01 03:01:32,176 - INFO - Ingress_Exit OEZU4IRC
2025-04-01 03:01:32,184 - INFO - Ingress_Enter 6B3HOJUI
2025-04-01 03:01:32,212 - INFO - Ingress_Enter WD6IA050
2025-04-01 03:01:32,232 - INFO - Ingress_Exit RAHLRHF0
2025-04-01 03:01:32,309 - INFO - Ingress_Exit 352SNPHS
2025-04-01 03:01:32,311 - INFO - Ingress_Exit KQE5VQ8K
2025-04-01 03:01:32,444 - INFO - Ingress_Exit H6MVD116
2025-04-01 03:01:32,458 - INFO - Ingress_Exit IQDZ49PQ
2025-04-01 03:01:32,561 - INFO - Ingress_Enter PHOK55C6
2025-04-01 03:01:32,716 - INFO - Ingress_Exit BCWG3UQF
2025-04-01 03:01:32,728 - INFO - Ingress_Exit LH34G0X2
2025-04-01 03:01:32,747 - INFO - Ingress_Exit P37WZHPU
2025-04-01 03:01:32,749 - INFO - Ingress_Exit 6B3HOJUI
2025-04-01 03:01:32,806 - INFO - Ingress_Exit IVJ07U71
2025-04-01 03:01:32,914 - INFO - Ingress_Exit WD6IA050
2025-04-01 03:01:33,018 - INFO - Ingress_Exit NKG6ZQTQ
2025-04-01 03:01:33,215 - INFO - Ingress_Enter 67B5WO6K
2025-04-01 03:01:33,325 - INFO - Ingress_Enter M1S9T6AH
2025-04-01 03:01:33,415 - INFO - Ingress_Enter TPPSV7OA
2025-04-01 03:01:33,470 - INFO - Ingress_Enter QBY3XUXA
2025-04-01 03:01:33,481 - INFO - Ingress_Enter 7MGJEBB7
2025-04-01 03:01:33,500 - INFO - Ingress_Enter DDED420D
2025-04-01 03:01:33,516 - INFO - Ingress_Exit PHOK55C6
2025-04-01 03:01:33,573 - INFO - Ingress_Enter QDR78YXK
2025-04-01 03:01:33,666 - INFO - Ingress_Enter CBOD1UDA
2025-04-01 03:01:33,782 - INFO - Ingress_Exit 67B5WO6K
2025-04-01 03:01:33,841 - INFO - Ingress_Enter 87NMLDML
2025-04-01 03:01:33,915 - INFO - Ingress_Enter F5Z6WEJ5
2025-04-01 03:01:33,992 - INFO - Ingress_Exit M1S9T6AH
2025-04-01 03:01:33,999 - INFO - Ingress_Enter 0V065V5L
2025-04-01 03:01:34,110 - INFO - Ingress_Enter E41LDIJA
2025-04-01 03:01:34,160 - INFO - Ingress_Exit TPPSV7OA
2025-04-01 03:01:34,161 - INFO - Ingress_Exit QBY3XUXA
2025-04-01 03:01:34,163 - INFO - Ingress_Exit 7MGJEBB7
2025-04-01 03:01:34,184 - INFO - Ingress_Enter S4RTHTXU
2025-04-01 03:01:34,211 - INFO - Ingress_Enter 754BMGC9
2025-04-01 03:01:34,268 - INFO - Ingress_Enter 4JTCAGI3
2025-04-01 03:01:34,334 - INFO - Ingress_Exit DDED420D
2025-04-01 03:01:34,364 - INFO - Ingress_Enter AHKT8UKM
2025-04-01 03:01:34,401 - INFO - Ingress_Enter HQ9GV07I
2025-04-01 03:01:34,491 - INFO - Ingress_Exit CBOD1UDA
2025-04-01 03:01:34,514 - INFO - Ingress_Enter FKKTT1ZK
2025-04-01 03:01:34,538 - INFO - Ingress_Exit 87NMLDML
2025-04-01 03:01:34,542 - INFO - Ingress_Enter GC6GGVHU
2025-04-01 03:01:34,588 - INFO - Ingress_Exit QDR78YXK
2025-04-01 03:01:34,723 - INFO - Ingress_Enter FOHVE404
2025-04-01 03:01:34,798 - INFO - Ingress_Exit S4RTHTXU
2025-04-01 03:01:34,824 - INFO - Ingress_Enter P2VMEI55
2025-04-01 03:01:34,844 - INFO - Ingress_Enter 6X8GJYI0
2025-04-01 03:01:34,960 - INFO - Ingress_Exit E41LDIJA
2025-04-01 03:01:34,971 - INFO - Ingress_Enter 0UAF3NXJ
2025-04-01 03:01:34,981 - INFO - Ingress_Enter XO9XGTJG
2025-04-01 03:01:35,009 - INFO - Ingress_Enter EF5EEFTM
2025-04-01 03:01:35,021 - INFO - Ingress_Exit F5Z6WEJ5
2025-04-01 03:01:35,042 - INFO - Ingress_Exit 4JTCAGI3
2025-04-01 03:01:35,109 - INFO - Ingress_Exit 754BMGC9
2025-04-01 03:01:35,110 - INFO - Ingress_Exit GC6GGVHU
2025-04-01 03:01:35,162 - INFO - Ingress_Exit 0V065V5L
2025-04-01 03:01:35,163 - INFO - Ingress_Exit FKKTT1ZK
2025-04-01 03:01:35,241 - INFO - Ingress_Exit HQ9GV07I
2025-04-01 03:01:35,437 - INFO - Ingress_Exit AHKT8UKM
2025-04-01 03:01:35,487 - INFO - Ingress_Exit 6X8GJYI0
2025-04-01 03:01:35,550 - INFO - Ingress_Exit FOHVE404
2025-04-01 03:01:35,586 - INFO - Ingress_Exit XO9XGTJG
2025-04-01 03:01:35,646 - INFO - Ingress_Exit P2VMEI55
2025-04-01 03:01:35,787 - INFO - Ingress_Exit EF5EEFTM
2025-04-01 03:01:35,941 - INFO - Ingress_Exit 0UAF3NXJ
2025-04-01 03:01:38,432 - INFO - Ingress_Enter YJA1TO4T
2025-04-01 03:01:38,468 - INFO - Ingress_Enter 6F03GG8B
2025-04-01 03:01:38,474 - INFO - Ingress_Enter 7HFN6S3Z
2025-04-01 03:01:38,623 - INFO - Ingress_Enter G3BB9Y31
2025-04-01 03:01:38,727 - INFO - Ingress_Enter DYGKVX6V
2025-04-01 03:01:38,745 - INFO - Ingress_Enter 0CM7YMGZ
2025-04-01 03:01:38,783 - INFO - Ingress_Enter WA52LN12
2025-04-01 03:01:38,794 - INFO - Ingress_Enter Z1DMX6WG
2025-04-01 03:01:38,885 - INFO - Ingress_Enter 14FWFBQK
2025-04-01 03:01:38,978 - INFO - Ingress_Enter PQMNM6X0
2025-04-01 03:01:39,190 - INFO - Ingress_Exit G3BB9Y31
2025-04-01 03:01:39,210 - INFO - Ingress_Exit YJA1TO4T
2025-04-01 03:01:39,212 - INFO - Ingress_Exit 6F03GG8B
2025-04-01 03:01:39,227 - INFO - Ingress_Enter F9HKFHO4
2025-04-01 03:01:39,290 - INFO - Ingress_Exit 0CM7YMGZ
2025-04-01 03:01:39,314 - INFO - Ingress_Enter DMNGPCA5
2025-04-01 03:01:39,364 - INFO - Ingress_Exit 7HFN6S3Z
2025-04-01 03:01:39,389 - INFO - Ingress_Enter P9Q7FZ70
2025-04-01 03:01:39,409 - INFO - Ingress_Enter NKSBTNPM
2025-04-01 03:01:39,411 - INFO - Ingress_Exit WA52LN12
2025-04-01 03:01:39,416 - INFO - Ingress_Exit Z1DMX6WG
2025-04-01 03:01:39,491 - INFO - Ingress_Enter E1LVYOAJ
2025-04-01 03:01:39,509 - INFO - Ingress_Enter CKYUX61B
2025-04-01 03:01:39,524 - INFO - Ingress_Exit DYGKVX6V
2025-04-01 03:01:39,593 - INFO - Ingress_Enter 1JCF6LZH
2025-04-01 03:01:39,620 - INFO - Ingress_Enter L6Z0OC9Q
2025-04-01 03:01:39,702 - INFO - Ingress_Enter N0ADOXYS
2025-04-01 03:01:39,718 - INFO - Ingress_Exit F9HKFHO4
2025-04-01 03:01:39,727 - INFO - Ingress_Exit 14FWFBQK
2025-04-01 03:01:39,756 - INFO - Ingress_Enter 107N0EVH
2025-04-01 03:01:39,814 - INFO - Ingress_Exit PQMNM6X0
2025-04-01 03:01:39,858 - INFO - Ingress_Enter RQ0WYFUF
2025-04-01 03:01:39,952 - INFO - Ingress_Enter TZ2DPQ0K
2025-04-01 03:01:40,005 - INFO - Ingress_Enter HGUT2KNI
2025-04-01 03:01:40,098 - INFO - Ingress_Enter XFGDRFJC
2025-04-01 03:01:40,132 - INFO - Ingress_Enter ZND2J8BB
2025-04-01 03:01:40,134 - INFO - Ingress_Exit CKYUX61B
2025-04-01 03:01:40,195 - INFO - Ingress_Exit DMNGPCA5
2025-04-01 03:01:40,196 - INFO - Ingress_Exit P9Q7FZ70
2025-04-01 03:01:40,347 - INFO - Ingress_Exit E1LVYOAJ
2025-04-01 03:01:40,440 - INFO - Ingress_Exit NKSBTNPM
2025-04-01 03:01:40,481 - INFO - Ingress_Exit 1JCF6LZH
2025-04-01 03:01:40,481 - INFO - Ingress_Exit L6Z0OC9Q
2025-04-01 03:01:40,483 - INFO - Ingress_Exit 107N0EVH
2025-04-01 03:01:40,555 - INFO - Ingress_Enter Q8PALV55
2025-04-01 03:01:40,564 - INFO - Ingress_Enter MMBYPWBH
2025-04-01 03:01:40,583 - INFO - Ingress_Exit TZ2DPQ0K
2025-04-01 03:01:40,722 - INFO - Ingress_Exit RQ0WYFUF
2025-04-01 03:01:40,782 - INFO - Ingress_Exit ZND2J8BB
2025-04-01 03:01:40,904 - INFO - Ingress_Exit HGUT2KNI
2025-04-01 03:01:40,906 - INFO - Ingress_Exit N0ADOXYS
2025-04-01 03:01:41,096 - INFO - Ingress_Enter B5Z8IVJI
2025-04-01 03:01:41,133 - INFO - Ingress_Enter VRQDDPY1
2025-04-01 03:01:41,142 - INFO - Ingress_Exit MMBYPWBH
2025-04-01 03:01:41,143 - INFO - Ingress_Enter KTV8DGE2
2025-04-01 03:01:41,158 - INFO - Ingress_Exit XFGDRFJC
2025-04-01 03:01:41,215 - INFO - Ingress_Enter BRH8G9S2
2025-04-01 03:01:41,223 - INFO - Ingress_Enter 5DFMM9TU
2025-04-01 03:01:41,225 - INFO - Ingress_Enter CWV3WY7Z
2025-04-01 03:01:41,350 - INFO - Ingress_Exit Q8PALV55
2025-04-01 03:01:41,386 - INFO - Ingress_Enter 7ZDI5ZTA
2025-04-01 03:01:41,415 - INFO - Ingress_Enter PV63BZ1F
2025-04-01 03:01:41,435 - INFO - Ingress_Exit BRH8G9S2
2025-04-01 03:01:41,494 - INFO - Ingress_Exit KTV8DGE2
2025-04-01 03:01:41,504 - INFO - Ingress_Enter BBTYD0IG
2025-04-01 03:01:41,517 - INFO - Ingress_Enter 45T9D01U
2025-04-01 03:01:41,559 - INFO - Ingress_Enter FFRF5A62
2025-04-01 03:01:41,579 - INFO - Ingress_Exit VRQDDPY1
2025-04-01 03:01:41,631 - INFO - Ingress_Exit 5DFMM9TU
2025-04-01 03:01:41,689 - INFO - Ingress_Exit CWV3WY7Z
2025-04-01 03:01:41,747 - INFO - Ingress_Exit 7ZDI5ZTA
2025-04-01 03:01:41,749 - INFO - Ingress_Exit B5Z8IVJI
2025-04-01 03:01:41,855 - INFO - Ingress_Enter CN0NZUU3
2025-04-01 03:01:42,046 - INFO - Ingress_Enter 2WDQQI07
2025-04-01 03:01:42,058 - INFO - Ingress_Enter BWLXT6IH
2025-04-01 03:01:42,064 - INFO - Ingress_Exit BBTYD0IG
2025-04-01 03:01:42,115 - INFO - Ingress_Exit 45T9D01U
2025-04-01 03:01:42,221 - INFO - Ingress_Exit PV63BZ1F
2025-04-01 03:01:42,325 - INFO - Ingress_Exit FFRF5A62
2025-04-01 03:01:42,328 - INFO - Ingress_Exit CN0NZUU3
2025-04-01 03:01:42,419 - INFO - Ingress_Exit 2WDQQI07
2025-04-01 03:01:42,480 - INFO - Ingress_Enter FBO5MRNB
2025-04-01 03:01:42,660 - INFO - Ingress_Exit BWLXT6IH
2025-04-01 03:01:42,672 - INFO - Ingress_Enter USSF6O94
2025-04-01 03:01:42,744 - INFO - Ingress_Enter F9PX1C6A
2025-04-01 03:01:42,772 - INFO - Ingress_Enter EWDD98DD
2025-04-01 03:01:42,837 - INFO - Ingress_Enter LORFEPJE
2025-04-01 03:01:43,021 - INFO - Ingress_Enter B1MVR0A3
2025-04-01 03:01:43,047 - INFO - Ingress_Enter DJD5CJ5Z
2025-04-01 03:01:43,087 - INFO - Ingress_Enter ZS8AII97
2025-04-01 03:01:43,096 - INFO - Ingress_Exit USSF6O94
2025-04-01 03:01:43,176 - INFO - Ingress_Exit EWDD98DD
2025-04-01 03:01:43,255 - INFO - Ingress_Exit F9PX1C6A
2025-04-01 03:01:43,256 - INFO - Ingress_Exit FBO5MRNB
2025-04-01 03:01:43,406 - INFO - Ingress_Enter ZSDQ5E9N
2025-04-01 03:01:43,408 - INFO - Ingress_Exit LORFEPJE
2025-04-01 03:01:43,479 - INFO - Ingress_Enter W4NEE6KH
2025-04-01 03:01:43,480 - INFO - Ingress_Enter KXQH5LU9
2025-04-01 03:01:43,552 - INFO - Ingress_Enter 5CTDD97M
2025-04-01 03:01:43,636 - INFO - Ingress_Enter RN5M10JI
2025-04-01 03:01:43,656 - INFO - Ingress_Exit B1MVR0A3
2025-04-01 03:01:43,751 - INFO - Ingress_Enter 9PYGEV4N
2025-04-01 03:01:43,767 - INFO - Ingress_Enter J6Q9168M
2025-04-01 03:01:43,778 - INFO - Ingress_Exit DJD5CJ5Z
2025-04-01 03:01:43,880 - INFO - Ingress_Enter X0CJ60J7
2025-04-01 03:01:43,889 - INFO - Ingress_Enter N6MUHYYU
2025-04-01 03:01:43,918 - INFO - Ingress_Exit ZS8AII97
2025-04-01 03:01:43,926 - INFO - Ingress_Enter 75JR9S9I
2025-04-01 03:01:44,128 - INFO - Ingress_Exit KXQH5LU9
2025-04-01 03:01:44,142 - INFO - Ingress_Exit 5CTDD97M
2025-04-01 03:01:44,143 - INFO - Ingress_Exit ZSDQ5E9N
2025-04-01 03:01:44,149 - INFO - Ingress_Enter ZJX65SS9
2025-04-01 03:01:44,240 - INFO - Ingress_Exit RN5M10JI
2025-04-01 03:01:44,263 - INFO - Ingress_Exit W4NEE6KH
2025-04-01 03:01:44,273 - INFO - Ingress_Enter V202IKER
2025-04-01 03:01:44,280 - INFO - Ingress_Enter ENUZSP8V
2025-04-01 03:01:44,315 - INFO - Ingress_Enter 710ATXWD
2025-04-01 03:01:44,376 - INFO - Ingress_Exit 9PYGEV4N
2025-04-01 03:01:44,452 - INFO - Ingress_Exit X0CJ60J7
2025-04-01 03:01:44,481 - INFO - Ingress_Exit 75JR9S9I
2025-04-01 03:01:44,486 - INFO - Ingress_Enter F0JYGW0N
2025-04-01 03:01:44,530 - INFO - Ingress_Enter 7194K737
2025-04-01 03:01:44,585 - INFO - Ingress_Enter 1NFHDK12
2025-04-01 03:01:44,676 - INFO - Ingress_Exit N6MUHYYU
2025-04-01 03:01:44,698 - INFO - Ingress_Enter CQ5QVICU
2025-04-01 03:01:44,708 - INFO - Ingress_Enter KLOS3C1W
2025-04-01 03:01:44,717 - INFO - Ingress_Enter JU6IXVDO
2025-04-01 03:01:44,770 - INFO - Ingress_Exit ZJX65SS9
2025-04-01 03:01:44,782 - INFO - Ingress_Enter QOAUMZGJ
2025-04-01 03:01:44,784 - INFO - Ingress_Exit J6Q9168M
2025-04-01 03:01:45,101 - INFO - Ingress_Exit V202IKER
2025-04-01 03:01:45,239 - INFO - Ingress_Exit ENUZSP8V
2025-04-01 03:01:45,240 - INFO - Ingress_Exit 710ATXWD
2025-04-01 03:01:45,253 - INFO - Ingress_Exit 1NFHDK12
2025-04-01 03:01:45,293 - INFO - Ingress_Exit F0JYGW0N
2025-04-01 03:01:45,401 - INFO - Ingress_Exit 7194K737
2025-04-01 03:01:45,455 - INFO - Ingress_Exit CQ5QVICU
2025-04-01 03:01:45,564 - INFO - Ingress_Exit JU6IXVDO
2025-04-01 03:01:45,574 - INFO - Ingress_Enter OBPFIMB2
2025-04-01 03:01:45,611 - INFO - Ingress_Enter HKYNVQS2
2025-04-01 03:01:45,679 - INFO - Ingress_Enter FBXOPKBS
2025-04-01 03:01:45,687 - INFO - Ingress_Exit KLOS3C1W
2025-04-01 03:01:45,702 - INFO - Ingress_Exit QOAUMZGJ
2025-04-01 03:01:45,835 - INFO - Ingress_Enter CWNOZYTC
2025-04-01 03:01:45,838 - INFO - Ingress_Enter VYW8RTYM
2025-04-01 03:01:45,845 - INFO - Ingress_Enter 5574BTGN
2025-04-01 03:01:45,875 - INFO - Ingress_Enter PYT2I9K7
2025-04-01 03:01:46,005 - INFO - Ingress_Enter QY415UIJ
2025-04-01 03:01:46,125 - INFO - Ingress_Enter DNQPCBQG
2025-04-01 03:01:46,157 - INFO - Ingress_Exit OBPFIMB2
2025-04-01 03:01:46,178 - INFO - Ingress_Exit FBXOPKBS
2025-04-01 03:01:46,180 - INFO - Ingress_Exit HKYNVQS2
2025-04-01 03:01:46,446 - INFO - Ingress_Enter KR52WM6J
2025-04-01 03:01:46,465 - INFO - Ingress_Enter WEFWRWPC
2025-04-01 03:01:46,472 - INFO - Ingress_Enter U4S9VPOI
2025-04-01 03:01:46,474 - INFO - Ingress_Enter VGA5IP3Y
2025-04-01 03:01:46,641 - INFO - Ingress_Exit VYW8RTYM
2025-04-01 03:01:46,740 - INFO - Ingress_Exit CWNOZYTC
2025-04-01 03:01:46,741 - INFO - Ingress_Exit 5574BTGN
2025-04-01 03:01:46,750 - INFO - Ingress_Enter PRMFBJXR
2025-04-01 03:01:46,770 - INFO - Ingress_Exit DNQPCBQG
2025-04-01 03:01:46,824 - INFO - Ingress_Enter PIJ0ZQE4
2025-04-01 03:01:46,833 - INFO - Ingress_Enter 14ECNJHU
2025-04-01 03:01:46,930 - INFO - Ingress_Exit QY415UIJ
2025-04-01 03:01:46,973 - INFO - Ingress_Exit PYT2I9K7
2025-04-01 03:01:47,069 - INFO - Ingress_Enter D8HKR04W
2025-04-01 03:01:47,075 - INFO - Ingress_Enter CNBIOBT9
2025-04-01 03:01:47,102 - INFO - Ingress_Exit U4S9VPOI
2025-04-01 03:01:47,175 - INFO - Ingress_Enter C3N5C5VW
2025-04-01 03:01:47,198 - INFO - Ingress_Enter K6V1GJTI
2025-04-01 03:01:47,225 - INFO - Ingress_Exit KR52WM6J
2025-04-01 03:01:47,254 - INFO - Ingress_Exit VGA5IP3Y
2025-04-01 03:01:47,287 - INFO - Ingress_Enter PL2RZ7EK
2025-04-01 03:01:47,325 - INFO - Ingress_Enter M3YC8ZOE
2025-04-01 03:01:47,350 - INFO - Ingress_Exit WEFWRWPC
2025-04-01 03:01:47,407 - INFO - Ingress_Enter 8SXIP8XY
2025-04-01 03:01:47,536 - INFO - Ingress_Enter KGPAB367
2025-04-01 03:01:47,557 - INFO - Ingress_Exit PRMFBJXR
2025-04-01 03:01:47,643 - INFO - Ingress_Exit 14ECNJHU
2025-04-01 03:01:47,720 - INFO - Ingress_Exit C3N5C5VW
2025-04-01 03:01:47,895 - INFO - Ingress_Exit PIJ0ZQE4
2025-04-01 03:01:47,898 - INFO - Ingress_Exit CNBIOBT9
2025-04-01 03:01:47,930 - INFO - Ingress_Enter G7X4OQ5V
2025-04-01 03:01:47,952 - INFO - Ingress_Enter Q01LBT3R
2025-04-01 03:01:47,984 - INFO - Ingress_Exit D8HKR04W
2025-04-01 03:01:47,985 - INFO - Ingress_Exit K6V1GJTI
2025-04-01 03:01:47,997 - INFO - Ingress_Enter ZKI3F2D3
2025-04-01 03:01:48,041 - INFO - Ingress_Enter O4UVG6UZ
2025-04-01 03:01:48,138 - INFO - Ingress_Exit 8SXIP8XY
2025-04-01 03:01:48,245 - INFO - Ingress_Exit M3YC8ZOE
2025-04-01 03:01:48,271 - INFO - Ingress_Enter 79CHCCC0
2025-04-01 03:01:48,285 - INFO - Ingress_Enter Q7OFX75P
2025-04-01 03:01:48,339 - INFO - Ingress_Exit PL2RZ7EK
2025-04-01 03:01:48,370 - INFO - Ingress_Enter O7II58V6
2025-04-01 03:01:48,450 - INFO - Ingress_Exit KGPAB367
2025-04-01 03:01:48,537 - INFO - Ingress_Enter 96J3ESAH
2025-04-01 03:01:48,547 - INFO - Ingress_Enter G5WK88LZ
2025-04-01 03:01:48,565 - INFO - Ingress_Enter 1I4QBU7S
2025-04-01 03:01:48,603 - INFO - Ingress_Enter DM5YCLWJ
2025-04-01 03:01:48,610 - INFO - Ingress_Exit Q01LBT3R
2025-04-01 03:01:48,682 - INFO - Ingress_Enter BOKH2ORK
2025-04-01 03:01:48,824 - INFO - Ingress_Enter NAWW5XPB
2025-04-01 03:01:48,839 - INFO - Ingress_Exit ZKI3F2D3
2025-04-01 03:01:48,890 - INFO - Ingress_Exit G7X4OQ5V
2025-04-01 03:01:48,910 - INFO - Ingress_Exit 79CHCCC0
2025-04-01 03:01:48,963 - INFO - Ingress_Enter CLBA9B4X
2025-04-01 03:01:49,048 - INFO - Ingress_Exit O4UVG6UZ
2025-04-01 03:01:49,073 - INFO - Ingress_Enter 2CQNHWOF
2025-04-01 03:01:49,157 - INFO - Ingress_Exit Q7OFX75P
2025-04-01 03:01:49,251 - INFO - Ingress_Exit G5WK88LZ
2025-04-01 03:01:49,268 - INFO - Ingress_Exit O7II58V6
2025-04-01 03:01:49,269 - INFO - Ingress_Exit DM5YCLWJ
2025-04-01 03:01:49,339 - INFO - Ingress_Exit 96J3ESAH
2025-04-01 03:01:49,368 - INFO - Ingress_Exit BOKH2ORK
2025-04-01 03:01:49,455 - INFO - Ingress_Enter QUW8L1P0
2025-04-01 03:01:49,465 - INFO - Ingress_Enter L22AVODH
2025-04-01 03:01:49,482 - INFO - Ingress_Enter EJ3F3H12
2025-04-01 03:01:49,485 - INFO - Ingress_Exit 1I4QBU7S
2025-04-01 03:01:49,565 - INFO - Ingress_Enter DCM5T4E6
2025-04-01 03:01:49,659 - INFO - Ingress_Enter IC2MLB0L
2025-04-01 03:01:49,677 - INFO - Ingress_Enter WXXBM4JE
2025-04-01 03:01:49,678 - INFO - Ingress_Enter J17RLKI3
2025-04-01 03:01:49,701 - INFO - Ingress_Exit NAWW5XPB
2025-04-01 03:01:49,740 - INFO - Ingress_Enter 0XVPFSEK
2025-04-01 03:01:49,797 - INFO - Ingress_Enter OC695DXA
2025-04-01 03:01:49,863 - INFO - Ingress_Enter VLT8TYQH
2025-04-01 03:01:49,928 - INFO - Ingress_Enter 0M4G67K3
2025-04-01 03:01:50,054 - INFO - Ingress_Exit CLBA9B4X
2025-04-01 03:01:50,056 - INFO - Ingress_Exit 2CQNHWOF
2025-04-01 03:01:50,181 - INFO - Ingress_Exit EJ3F3H12
2025-04-01 03:01:50,332 - INFO - Ingress_Exit QUW8L1P0
2025-04-01 03:01:50,334 - INFO - Ingress_Exit L22AVODH
2025-04-01 03:01:50,432 - INFO - Ingress_Exit VLT8TYQH
2025-04-01 03:01:50,467 - INFO - Ingress_Exit OC695DXA
2025-04-01 03:01:50,487 - INFO - Ingress_Enter 52RVL9V4
2025-04-01 03:01:50,514 - INFO - Ingress_Enter 0N3PNWQY
2025-04-01 03:01:50,579 - INFO - Ingress_Exit J17RLKI3
2025-04-01 03:01:50,586 - INFO - Ingress_Exit DCM5T4E6
2025-04-01 03:01:50,609 - INFO - Ingress_Exit IC2MLB0L
2025-04-01 03:01:50,671 - INFO - Ingress_Enter EEG49V7U
2025-04-01 03:01:50,672 - INFO - Ingress_Enter 195KYP0F
2025-04-01 03:01:50,732 - INFO - Ingress_Exit 0M4G67K3
2025-04-01 03:01:50,757 - INFO - Ingress_Enter 593AV1BL
2025-04-01 03:01:50,767 - INFO - Ingress_Enter N5AOTFL8
2025-04-01 03:01:50,789 - INFO - Ingress_Exit WXXBM4JE
2025-04-01 03:01:50,790 - INFO - Ingress_Exit 0XVPFSEK
2025-04-01 03:01:50,829 - INFO - Ingress_Enter COKZ4KS5
2025-04-01 03:01:50,830 - INFO - Ingress_Enter IPZQB7VQ
2025-04-01 03:01:51,098 - INFO - Ingress_Enter HM4RKMRB
2025-04-01 03:01:51,264 - INFO - Ingress_Exit 195KYP0F
2025-04-01 03:01:51,300 - INFO - Ingress_Enter XXHMWEJS
2025-04-01 03:01:51,375 - INFO - Ingress_Enter FUM14R3D
2025-04-01 03:01:51,466 - INFO - Ingress_Enter 2QUOPRZ4
2025-04-01 03:01:51,484 - INFO - Ingress_Enter 8834LHR4
2025-04-01 03:01:51,512 - INFO - Ingress_Exit 52RVL9V4
2025-04-01 03:01:51,514 - INFO - Ingress_Exit 593AV1BL
2025-04-01 03:01:51,516 - INFO - Ingress_Enter 2B900P8Z
2025-04-01 03:01:51,538 - INFO - Ingress_Exit 0N3PNWQY
2025-04-01 03:01:51,582 - INFO - Ingress_Enter UFRHSOF4
2025-04-01 03:01:51,653 - INFO - Ingress_Exit COKZ4KS5
2025-04-01 03:01:51,822 - INFO - Ingress_Exit IPZQB7VQ
2025-04-01 03:01:51,924 - INFO - Ingress_Enter 249MFC72
2025-04-01 03:01:52,015 - INFO - Ingress_Enter T8XWA5FK
2025-04-01 03:01:52,016 - INFO - Ingress_Exit EEG49V7U
2025-04-01 03:01:52,024 - INFO - Ingress_Exit N5AOTFL8
2025-04-01 03:01:52,060 - INFO - Ingress_Enter 50L6PY4A
2025-04-01 03:01:52,064 - INFO - Ingress_Exit HM4RKMRB
2025-04-01 03:01:52,078 - INFO - Ingress_Enter 4HSSOYGU
2025-04-01 03:01:52,125 - INFO - Ingress_Enter OQSCC3OO
2025-04-01 03:01:52,313 - INFO - Ingress_Enter BWFVNMG2
2025-04-01 03:01:52,352 - INFO - Ingress_Exit 8834LHR4
2025-04-01 03:01:52,434 - INFO - Ingress_Enter B3X1M5BX
2025-04-01 03:01:52,442 - INFO - Ingress_Exit XXHMWEJS
2025-04-01 03:01:52,443 - INFO - Ingress_Exit FUM14R3D
2025-04-01 03:01:52,445 - INFO - Ingress_Exit 2QUOPRZ4
2025-04-01 03:01:52,581 - INFO - Ingress_Exit 2B900P8Z
2025-04-01 03:01:52,633 - INFO - Ingress_Enter XMSCWF6Z
2025-04-01 03:01:52,739 - INFO - Ingress_Enter FOZPVFDU
2025-04-01 03:01:52,811 - INFO - Ingress_Enter ZM8IZ22W
2025-04-01 03:01:52,938 - INFO - Ingress_Exit UFRHSOF4
2025-04-01 03:01:52,968 - INFO - Ingress_Enter HPWYYEO0
2025-04-01 03:01:53,128 - INFO - Ingress_Exit 4HSSOYGU
2025-04-01 03:01:53,135 - INFO - Ingress_Enter 43S9F8SL
2025-04-01 03:01:53,230 - INFO - Ingress_Enter JGV6CDD6
2025-04-01 03:01:53,248 - INFO - Ingress_Enter HRROOP9I
2025-04-01 03:01:53,267 - INFO - Ingress_Enter 69M206ZX
2025-04-01 03:01:53,309 - INFO - Ingress_Exit BWFVNMG2
2025-04-01 03:01:53,370 - INFO - Ingress_Enter AAVU58D3
2025-04-01 03:01:53,378 - INFO - Ingress_Enter ILG5SEZE
2025-04-01 03:01:53,416 - INFO - Ingress_Exit T8XWA5FK
2025-04-01 03:01:53,420 - INFO - Ingress_Exit OQSCC3OO
2025-04-01 03:01:53,421 - INFO - Ingress_Exit B3X1M5BX
2025-04-01 03:01:53,474 - INFO - Ingress_Exit XMSCWF6Z
2025-04-01 03:01:53,490 - INFO - Ingress_Exit HPWYYEO0
2025-04-01 03:01:53,511 - INFO - Ingress_Exit 50L6PY4A
2025-04-01 03:01:53,514 - INFO - Ingress_Exit 249MFC72
2025-04-01 03:01:53,637 - INFO - Ingress_Enter AA7O4KPX
2025-04-01 03:01:53,643 - INFO - Ingress_Enter ACX33O6J
2025-04-01 03:01:53,670 - INFO - Ingress_Enter SLG2KTJE
2025-04-01 03:01:53,943 - INFO - Ingress_Enter HHCRGGY0
2025-04-01 03:01:54,083 - INFO - Ingress_Exit JGV6CDD6
2025-04-01 03:01:54,133 - INFO - Ingress_Exit ILG5SEZE
2025-04-01 03:01:54,253 - INFO - Ingress_Exit FOZPVFDU
2025-04-01 03:01:54,257 - INFO - Ingress_Exit ZM8IZ22W
2025-04-01 03:01:54,360 - INFO - Ingress_Exit 43S9F8SL
2025-04-01 03:01:54,362 - INFO - Ingress_Exit HRROOP9I
2025-04-01 03:01:54,364 - INFO - Ingress_Exit 69M206ZX
2025-04-01 03:01:54,367 - INFO - Ingress_Exit AAVU58D3
2025-04-01 03:01:54,468 - INFO - Ingress_Enter XWIFEQVA
2025-04-01 03:01:54,479 - INFO - Ingress_Enter 4PJUP185
2025-04-01 03:01:54,600 - INFO - Ingress_Enter OFF4Y2L3
2025-04-01 03:01:54,651 - INFO - Ingress_Exit AA7O4KPX
2025-04-01 03:01:54,653 - INFO - Ingress_Enter ULNPZER0
2025-04-01 03:01:54,654 - INFO - Ingress_Exit SLG2KTJE
2025-04-01 03:01:54,664 - INFO - Ingress_Enter O7H0M00T
2025-04-01 03:01:54,673 - INFO - Ingress_Enter 9COMFZB6
2025-04-01 03:01:54,712 - INFO - Ingress_Exit ACX33O6J
2025-04-01 03:01:54,738 - INFO - Ingress_Enter OXAR1LCN
2025-04-01 03:01:54,749 - INFO - Ingress_Exit HHCRGGY0
2025-04-01 03:01:54,766 - INFO - Ingress_Enter MNMMS1HZ
2025-04-01 03:01:54,878 - INFO - Ingress_Enter NN353I89
2025-04-01 03:01:54,925 - INFO - Ingress_Enter IVKPE7LY
2025-04-01 03:01:54,991 - INFO - Ingress_Enter JL2CFHF5
2025-04-01 03:01:55,018 - INFO - Ingress_Enter M3S52J9P
2025-04-01 03:01:55,067 - INFO - Ingress_Exit ULNPZER0
2025-04-01 03:01:55,069 - INFO - Ingress_Exit O7H0M00T
2025-04-01 03:01:55,131 - INFO - Ingress_Enter P34DNYN5
2025-04-01 03:01:55,159 - INFO - Ingress_Enter 5ETSAUNS
2025-04-01 03:01:55,167 - INFO - Ingress_Enter 2LNYVYDI
2025-04-01 03:01:55,214 - INFO - Ingress_Exit OXAR1LCN
2025-04-01 03:01:55,325 - INFO - Ingress_Exit MNMMS1HZ
2025-04-01 03:01:55,369 - INFO - Ingress_Exit NN353I89
2025-04-01 03:01:55,370 - INFO - Ingress_Exit OFF4Y2L3
2025-04-01 03:01:55,374 - INFO - Ingress_Enter G3TDVU2Q
2025-04-01 03:01:55,401 - INFO - Ingress_Enter 4GNRITPS
2025-04-01 03:01:55,425 - INFO - Ingress_Exit XWIFEQVA
2025-04-01 03:01:55,455 - INFO - Ingress_Exit 4PJUP185
2025-04-01 03:01:55,492 - INFO - Ingress_Enter TNNBNJYH
2025-04-01 03:01:55,511 - INFO - Ingress_Enter XJZH5ELG
2025-04-01 03:01:55,523 - INFO - Ingress_Exit P34DNYN5
2025-04-01 03:01:55,566 - INFO - Ingress_Enter K7HGJRYE
2025-04-01 03:01:55,589 - INFO - Ingress_Exit 2LNYVYDI
2025-04-01 03:01:55,622 - INFO - Ingress_Exit JL2CFHF5
2025-04-01 03:01:55,630 - INFO - Ingress_Enter MKA1MTYT
2025-04-01 03:01:55,685 - INFO - Ingress_Enter SPQ6F9L5
2025-04-01 03:01:55,707 - INFO - Ingress_Enter 0XD1QEHR
2025-04-01 03:01:55,708 - INFO - Ingress_Exit 9COMFZB6
2025-04-01 03:01:55,710 - INFO - Ingress_Exit M3S52J9P
2025-04-01 03:01:55,725 - INFO - Ingress_Exit IVKPE7LY
2025-04-01 03:01:55,801 - INFO - Ingress_Exit G3TDVU2Q
2025-04-01 03:01:55,838 - INFO - Ingress_Exit 4GNRITPS
2025-04-01 03:01:56,216 - INFO - Ingress_Exit K7HGJRYE
2025-04-01 03:01:56,237 - INFO - Ingress_Exit 5ETSAUNS
2025-04-01 03:01:56,257 - INFO - Ingress_Enter 1RBMB7DG
2025-04-01 03:01:56,263 - INFO - Ingress_Exit TNNBNJYH
2025-04-01 03:01:56,330 - INFO - Ingress_Enter N9A23HBD
2025-04-01 03:01:56,346 - INFO - Ingress_Exit SPQ6F9L5
2025-04-01 03:01:56,501 - INFO - Ingress_Exit XJZH5ELG
2025-04-01 03:01:56,524 - INFO - Ingress_Enter U3SJ2W7L
2025-04-01 03:01:56,569 - INFO - Ingress_Exit 0XD1QEHR
2025-04-01 03:01:56,570 - INFO - Ingress_Exit MKA1MTYT
2025-04-01 03:01:56,674 - INFO - Ingress_Enter 1OF3DWKP
2025-04-01 03:01:56,684 - INFO - Ingress_Enter KLW6LDPP
2025-04-01 03:01:56,739 - INFO - Ingress_Enter 8TMUMV9V
2025-04-01 03:01:56,963 - INFO - Ingress_Enter YZUPDCTK
2025-04-01 03:01:56,990 - INFO - Ingress_Enter 7M47170H
2025-04-01 03:01:57,059 - INFO - Ingress_Exit N9A23HBD
2025-04-01 03:01:57,096 - INFO - Ingress_Enter 4R31MO2A
2025-04-01 03:01:57,109 - INFO - Ingress_Enter IUKQOO72
2025-04-01 03:01:57,117 - INFO - Ingress_Exit 8TMUMV9V
2025-04-01 03:01:57,147 - INFO - Ingress_Exit 1RBMB7DG
2025-04-01 03:01:57,155 - INFO - Ingress_Enter VYIU1Q0F
2025-04-01 03:01:57,216 - INFO - Ingress_Exit U3SJ2W7L
2025-04-01 03:01:57,218 - INFO - Ingress_Exit 1OF3DWKP
2025-04-01 03:01:57,265 - INFO - Ingress_Enter 2ULB47SF
2025-04-01 03:01:57,278 - INFO - Ingress_Enter DN6L25AG
2025-04-01 03:01:57,332 - INFO - Ingress_Exit KLW6LDPP
2025-04-01 03:01:57,447 - INFO - Ingress_Exit 4R31MO2A
2025-04-01 03:01:57,585 - INFO - Ingress_Enter BZ7ZGTQR
2025-04-01 03:01:57,632 - INFO - Ingress_Exit YZUPDCTK
2025-04-01 03:01:57,634 - INFO - Ingress_Exit IUKQOO72
2025-04-01 03:01:57,641 - INFO - Ingress_Enter KOBUWXW0
2025-04-01 03:01:57,752 - INFO - Ingress_Enter 7TF2A9LY
2025-04-01 03:01:57,883 - INFO - Ingress_Enter EDF7H5RC
2025-04-01 03:01:57,889 - INFO - Ingress_Exit 7M47170H
2025-04-01 03:01:57,945 - INFO - Ingress_Enter N68XLYBF
2025-04-01 03:01:58,001 - INFO - Ingress_Enter 2S016GQW
2025-04-01 03:01:58,104 - INFO - Ingress_Enter BQXQPUIB
2025-04-01 03:01:58,126 - INFO - Ingress_Exit 2ULB47SF
2025-04-01 03:01:58,137 - INFO - Ingress_Exit VYIU1Q0F
2025-04-01 03:01:58,145 - INFO - Ingress_Exit DN6L25AG
2025-04-01 03:01:58,168 - INFO - Ingress_Exit KOBUWXW0
2025-04-01 03:01:58,235 - INFO - Ingress_Enter SY2PL5O2
2025-04-01 03:01:58,288 - INFO - Ingress_Enter 3706IMAF
2025-04-01 03:01:58,318 - INFO - Ingress_Exit BZ7ZGTQR
2025-04-01 03:01:58,523 - INFO - Ingress_Exit EDF7H5RC
2025-04-01 03:01:58,615 - INFO - Ingress_Exit 2S016GQW
2025-04-01 03:01:58,617 - INFO - Ingress_Exit 7TF2A9LY
2025-04-01 03:01:58,734 - INFO - Ingress_Exit BQXQPUIB
2025-04-01 03:01:58,809 - INFO - Ingress_Exit N68XLYBF
2025-04-01 03:01:58,813 - INFO - Ingress_Enter 488TLYTE
2025-04-01 03:01:58,831 - INFO - Ingress_Enter HB6CS9BW
2025-04-01 03:01:58,981 - INFO - Ingress_Enter 9ZOL2F8Y
2025-04-01 03:01:59,053 - INFO - Ingress_Exit SY2PL5O2
2025-04-01 03:01:59,072 - INFO - Ingress_Enter EKMAMUER
2025-04-01 03:01:59,081 - INFO - Ingress_Enter 21U02W3O
2025-04-01 03:01:59,163 - INFO - Ingress_Enter QHEU3WS0
2025-04-01 03:01:59,271 - INFO - Ingress_Exit 3706IMAF
2025-04-01 03:01:59,278 - INFO - Ingress_Enter A5LSINC9
2025-04-01 03:01:59,285 - INFO - Ingress_Enter 44C00DNK
2025-04-01 03:01:59,297 - INFO - Ingress_Enter BQ21PDJD
2025-04-01 03:01:59,451 - INFO - Ingress_Enter Y2TTUC6M
2025-04-01 03:01:59,522 - INFO - Ingress_Exit HB6CS9BW
2025-04-01 03:01:59,549 - INFO - Ingress_Enter JQHGL8CZ
2025-04-01 03:01:59,567 - INFO - Ingress_Exit 9ZOL2F8Y
2025-04-01 03:01:59,568 - INFO - Ingress_Exit 488TLYTE
2025-04-01 03:01:59,652 - INFO - Ingress_Enter 3IRAP02C
2025-04-01 03:01:59,697 - INFO - Ingress_Enter DVI6B7H8
2025-04-01 03:01:59,712 - INFO - Ingress_Exit A5LSINC9
2025-04-01 03:01:59,744 - INFO - Ingress_Exit 44C00DNK
2025-04-01 03:01:59,758 - INFO - Ingress_Exit BQ21PDJD
2025-04-01 03:01:59,788 - INFO - Ingress_Enter 919W9V2A
2025-04-01 03:01:59,818 - INFO - Ingress_Exit EKMAMUER
2025-04-01 03:01:59,823 - INFO - Ingress_Exit 21U02W3O
2025-04-01 03:01:59,843 - INFO - Ingress_Enter UM1EN23G
2025-04-01 03:01:59,884 - INFO - Ingress_Enter R7LZV2QV
2025-04-01 03:01:59,895 - INFO - Ingress_Exit QHEU3WS0
2025-04-01 03:01:59,916 - INFO - Ingress_Enter JQNPQ8C1
2025-04-01 03:01:59,923 - INFO - Ingress_Enter GJ7SDALX
2025-04-01 03:02:00,044 - INFO - Ingress_Enter J1KH30U5
2025-04-01 03:02:00,145 - INFO - Ingress_Exit Y2TTUC6M
2025-04-01 03:02:00,146 - INFO - Ingress_Exit JQHGL8CZ
2025-04-01 03:02:00,209 - INFO - Ingress_Enter FOJS8BOF
2025-04-01 03:02:00,256 - INFO - Ingress_Enter XWH08ETB
2025-04-01 03:02:00,376 - INFO - Ingress_Exit DVI6B7H8
2025-04-01 03:02:00,515 - INFO - Ingress_Exit 919W9V2A
2025-04-01 03:02:00,515 - INFO - Ingress_Exit R7LZV2QV
2025-04-01 03:02:00,518 - INFO - Ingress_Exit UM1EN23G
2025-04-01 03:02:00,593 - INFO - Ingress_Enter QCM3IN5X
2025-04-01 03:02:00,600 - INFO - Ingress_Exit 3IRAP02C
2025-04-01 03:02:00,610 - INFO - Ingress_Enter 8J5LRJWD
2025-04-01 03:02:00,631 - INFO - Ingress_Exit J1KH30U5
2025-04-01 03:02:00,666 - INFO - Ingress_Exit GJ7SDALX
2025-04-01 03:02:00,802 - INFO - Ingress_Enter H6EPJP50
2025-04-01 03:02:00,831 - INFO - Ingress_Enter DJN3D1V3
2025-04-01 03:02:00,838 - INFO - Ingress_Enter 955URNLE
2025-04-01 03:02:00,889 - INFO - Ingress_Exit JQNPQ8C1
2025-04-01 03:02:00,965 - INFO - Ingress_Exit XWH08ETB
2025-04-01 03:02:01,046 - INFO - Ingress_Exit FOJS8BOF
2025-04-01 03:02:01,053 - INFO - Ingress_Enter OBMSB9MP
2025-04-01 03:02:01,293 - INFO - Ingress_Enter 0PIK60NJ
2025-04-01 03:02:01,302 - INFO - Ingress_Exit QCM3IN5X
2025-04-01 03:02:01,386 - INFO - Ingress_Enter KOZGH3SY
2025-04-01 03:02:01,406 - INFO - Ingress_Enter EMCD0AZ4
2025-04-01 03:02:01,434 - INFO - Ingress_Exit 8J5LRJWD
2025-04-01 03:02:01,536 - INFO - Ingress_Enter SIZHMI7D
2025-04-01 03:02:01,616 - INFO - Ingress_Exit H6EPJP50
2025-04-01 03:02:01,617 - INFO - Ingress_Exit DJN3D1V3
2025-04-01 03:02:01,648 - INFO - Ingress_Exit 955URNLE
2025-04-01 03:02:01,705 - INFO - Ingress_Enter 3ZY9A626
2025-04-01 03:02:01,731 - INFO - Ingress_Enter 6WSEO9GA
2025-04-01 03:02:01,769 - INFO - Ingress_Enter 7WK22TT2
2025-04-01 03:02:01,894 - INFO - Ingress_Enter W6EFSZGA
2025-04-01 03:02:01,902 - INFO - Ingress_Exit 0PIK60NJ
2025-04-01 03:02:01,918 - INFO - Ingress_Exit OBMSB9MP
2025-04-01 03:02:02,071 - INFO - Ingress_Enter 1UQMMJSK
2025-04-01 03:02:02,082 - INFO - Ingress_Exit KOZGH3SY
2025-04-01 03:02:02,092 - INFO - Ingress_Enter XTJXEKVX
2025-04-01 03:02:02,167 - INFO - Ingress_Enter WK9J2P81
2025-04-01 03:02:02,192 - INFO - Ingress_Enter WI5YIZV3
2025-04-01 03:02:02,321 - INFO - Ingress_Exit EMCD0AZ4
2025-04-01 03:02:02,322 - INFO - Ingress_Exit SIZHMI7D
2025-04-01 03:02:02,405 - INFO - Ingress_Exit 3ZY9A626
2025-04-01 03:02:02,423 - INFO - Ingress_Enter 7ATRNAS1
2025-04-01 03:02:02,460 - INFO - Ingress_Enter 0Q0FNGGC
2025-04-01 03:02:02,512 - INFO - Ingress_Exit 7WK22TT2
2025-04-01 03:02:02,535 - INFO - Ingress_Exit 6WSEO9GA
2025-04-01 03:02:02,767 - INFO - Ingress_Exit W6EFSZGA
2025-04-01 03:02:02,768 - INFO - Ingress_Exit 1UQMMJSK
2025-04-01 03:02:02,769 - INFO - Ingress_Exit XTJXEKVX
2025-04-01 03:02:02,974 - INFO - Ingress_Enter T5K2FS2S
2025-04-01 03:02:03,019 - INFO - Ingress_Enter EVR4EQI2
2025-04-01 03:02:03,048 - INFO - Ingress_Enter 1BOV4XQP
2025-04-01 03:02:03,092 - INFO - Ingress_Exit WK9J2P81
2025-04-01 03:02:03,094 - INFO - Ingress_Exit 7ATRNAS1
2025-04-01 03:02:03,096 - INFO - Ingress_Exit WI5YIZV3
2025-04-01 03:02:03,195 - INFO - Ingress_Exit 0Q0FNGGC
2025-04-01 03:02:03,214 - INFO - Ingress_Enter JMCDN3TY
2025-04-01 03:02:03,365 - INFO - Ingress_Enter ECICWDV5
2025-04-01 03:02:03,664 - INFO - Ingress_Exit 1BOV4XQP
2025-04-01 03:02:03,667 - INFO - Ingress_Enter 0BMNHV41
2025-04-01 03:02:03,901 - INFO - Ingress_Exit T5K2FS2S
2025-04-01 03:02:03,956 - INFO - Ingress_Enter YW8Q0CMY
2025-04-01 03:02:04,020 - INFO - Ingress_Enter SQBB7HYQ
2025-04-01 03:02:04,054 - INFO - Ingress_Exit JMCDN3TY
2025-04-01 03:02:04,099 - INFO - Ingress_Exit EVR4EQI2
2025-04-01 03:02:04,138 - INFO - Ingress_Enter B6P2RA95
2025-04-01 03:02:04,146 - INFO - Ingress_Exit ECICWDV5
2025-04-01 03:02:04,200 - INFO - Ingress_Enter M9H9M21X
2025-04-01 03:02:04,245 - INFO - Ingress_Enter 31O64ANL
2025-04-01 03:02:04,323 - INFO - Ingress_Enter 495SL82X
2025-04-01 03:02:04,600 - INFO - Ingress_Exit 0BMNHV41
2025-04-01 03:02:04,649 - INFO - Ingress_Exit YW8Q0CMY
2025-04-01 03:02:04,657 - INFO - Ingress_Enter 9HU92ZVK
2025-04-01 03:02:04,806 - INFO - Ingress_Exit B6P2RA95
2025-04-01 03:02:04,809 - INFO - Ingress_Enter GU3Q52RB
2025-04-01 03:02:04,937 - INFO - Ingress_Enter J2MC1130
2025-04-01 03:02:04,984 - INFO - Ingress_Enter QMNHLC4Q
2025-04-01 03:02:05,004 - INFO - Ingress_Exit M9H9M21X
2025-04-01 03:02:05,025 - INFO - Ingress_Exit 495SL82X
2025-04-01 03:02:05,038 - INFO - Ingress_Enter NX28U7FT
2025-04-01 03:02:05,064 - INFO - Ingress_Exit 31O64ANL
2025-04-01 03:02:05,075 - INFO - Ingress_Exit SQBB7HYQ
2025-04-01 03:02:05,130 - INFO - Ingress_Enter 1R46CC5P
2025-04-01 03:02:05,143 - INFO - Ingress_Enter 5ZBXDQXP
2025-04-01 03:02:05,273 - INFO - Ingress_Enter YF7S5LFV
2025-04-01 03:02:05,383 - INFO - Ingress_Enter 88OXYKUI
2025-04-01 03:02:05,503 - INFO - Ingress_Enter PIJGCL5Q
2025-04-01 03:02:05,514 - INFO - Ingress_Enter 9J7OUPVH
2025-04-01 03:02:05,540 - INFO - Ingress_Exit GU3Q52RB
2025-04-01 03:02:05,567 - INFO - Ingress_Exit 9HU92ZVK
2025-04-01 03:02:05,585 - INFO - Ingress_Exit 1R46CC5P
2025-04-01 03:02:05,709 - INFO - Ingress_Exit J2MC1130
2025-04-01 03:02:05,717 - INFO - Ingress_Enter 68CW017N
2025-04-01 03:02:05,839 - INFO - Ingress_Exit QMNHLC4Q
2025-04-01 03:02:05,929 - INFO - Ingress_Exit NX28U7FT
2025-04-01 03:02:06,072 - INFO - Ingress_Enter GNA2S86X
2025-04-01 03:02:06,097 - INFO - Ingress_Exit 5ZBXDQXP
2025-04-01 03:02:06,102 - INFO - Ingress_Exit 88OXYKUI
2025-04-01 03:02:06,103 - INFO - Ingress_Exit YF7S5LFV
2025-04-01 03:02:06,143 - INFO - Ingress_Enter ZB8TWBKX
2025-04-01 03:02:06,210 - INFO - Ingress_Exit 9J7OUPVH
2025-04-01 03:02:06,334 - INFO - Ingress_Exit PIJGCL5Q
2025-04-01 03:02:06,352 - INFO - Ingress_Enter BK3THJGQ
2025-04-01 03:02:06,366 - INFO - Ingress_Exit 68CW017N
2025-04-01 03:02:06,375 - INFO - Ingress_Enter AGVUJ2MB
2025-04-01 03:02:06,427 - INFO - Ingress_Enter F4WYRI40
2025-04-01 03:02:06,513 - INFO - Ingress_Exit GNA2S86X
2025-04-01 03:02:06,552 - INFO - Ingress_Enter 0I863F7G
2025-04-01 03:02:06,587 - INFO - Ingress_Enter XSBD5XMH
2025-04-01 03:02:06,606 - INFO - Ingress_Enter ATEG8G6K
2025-04-01 03:02:06,701 - INFO - Ingress_Exit AGVUJ2MB
2025-04-01 03:02:06,707 - INFO - Ingress_Enter 18OFJUOW
2025-04-01 03:02:06,771 - INFO - Ingress_Enter A2YSBPXQ
2025-04-01 03:02:06,817 - INFO - Ingress_Enter HBD7Q0ZM
2025-04-01 03:02:06,863 - INFO - Ingress_Enter VDE42KA0
2025-04-01 03:02:06,872 - INFO - Ingress_Enter S5S01B1Y
2025-04-01 03:02:06,887 - INFO - Ingress_Exit ZB8TWBKX
2025-04-01 03:02:06,937 - INFO - Ingress_Enter RO0LFI08
2025-04-01 03:02:06,968 - INFO - Ingress_Exit F4WYRI40
2025-04-01 03:02:06,972 - INFO - Ingress_Enter HR29A8L2
2025-04-01 03:02:06,974 - INFO - Ingress_Exit BK3THJGQ
2025-04-01 03:02:07,100 - INFO - Ingress_Exit 0I863F7G
2025-04-01 03:02:07,101 - INFO - Ingress_Exit XSBD5XMH
2025-04-01 03:02:07,355 - INFO - Ingress_Exit VDE42KA0
2025-04-01 03:02:07,364 - INFO - Ingress_Exit ATEG8G6K
2025-04-01 03:02:07,463 - INFO - Ingress_Exit HBD7Q0ZM
2025-04-01 03:02:07,503 - INFO - Ingress_Exit A2YSBPXQ
2025-04-01 03:02:07,634 - INFO - Ingress_Exit HR29A8L2
2025-04-01 03:02:07,663 - INFO - Ingress_Enter LHDDP5B8
2025-04-01 03:02:07,732 - INFO - Ingress_Exit S5S01B1Y
2025-04-01 03:02:07,774 - INFO - Ingress_Enter 4RZILNPQ
2025-04-01 03:02:07,797 - INFO - Ingress_Enter 9A9OV5CV
2025-04-01 03:02:07,806 - INFO - Ingress_Exit RO0LFI08
2025-04-01 03:02:07,840 - INFO - Ingress_Enter SRJJ0A8V
2025-04-01 03:02:07,869 - INFO - Ingress_Enter 3S4F7IX4
2025-04-01 03:02:07,877 - INFO - Ingress_Exit 18OFJUOW
2025-04-01 03:02:07,916 - INFO - Ingress_Enter VIMPASNJ
2025-04-01 03:02:07,933 - INFO - Ingress_Enter 88XYVF35
2025-04-01 03:02:07,984 - INFO - Ingress_Enter BEF2IEE3
2025-04-01 03:02:08,007 - INFO - Ingress_Enter QO7LMSIC
2025-04-01 03:02:08,290 - INFO - Ingress_Enter I6LMY7J9
2025-04-01 03:02:08,308 - INFO - Ingress_Enter F77X6WWZ
2025-04-01 03:02:08,327 - INFO - Ingress_Enter EKHD3YEE
2025-04-01 03:02:08,562 - INFO - Ingress_Exit LHDDP5B8
2025-04-01 03:02:08,646 - INFO - Ingress_Exit 9A9OV5CV
2025-04-01 03:02:08,727 - INFO - Ingress_Exit BEF2IEE3
2025-04-01 03:02:08,809 - INFO - Ingress_Exit VIMPASNJ
2025-04-01 03:02:08,867 - INFO - Ingress_Exit 4RZILNPQ
2025-04-01 03:02:08,870 - INFO - Ingress_Exit SRJJ0A8V
2025-04-01 03:02:08,962 - INFO - Ingress_Exit 3S4F7IX4
2025-04-01 03:02:09,009 - INFO - Ingress_Exit QO7LMSIC
2025-04-01 03:02:09,036 - INFO - Ingress_Exit 88XYVF35
2025-04-01 03:02:09,149 - INFO - Ingress_Exit I6LMY7J9
2025-04-01 03:02:09,262 - INFO - Ingress_Exit EKHD3YEE
2025-04-01 03:02:09,406 - INFO - Ingress_Exit F77X6WWZ
2025-04-01 03:02:13,329 - INFO - Ingress_Enter 40I1S07K
2025-04-01 03:02:13,356 - INFO - Ingress_Enter FYHSBJK9
2025-04-01 03:02:13,493 - INFO - Ingress_Enter MZWW3VN3
2025-04-01 03:02:13,548 - INFO - Ingress_Enter HV1JF76N
2025-04-01 03:02:13,558 - INFO - Ingress_Enter HG6Z336E
2025-04-01 03:02:13,597 - INFO - Ingress_Enter 7XDF7VTB
2025-04-01 03:02:13,606 - INFO - Ingress_Enter HFK80BFA
2025-04-01 03:02:13,634 - INFO - Ingress_Enter XYKGMVVW
2025-04-01 03:02:13,709 - INFO - Ingress_Enter 9YO2HM0J
2025-04-01 03:02:13,756 - INFO - Ingress_Enter SPDPN4I8
2025-04-01 03:02:13,820 - INFO - Ingress_Enter V956ZCR9
2025-04-01 03:02:13,879 - INFO - Ingress_Exit 40I1S07K
2025-04-01 03:02:14,012 - INFO - Ingress_Exit FYHSBJK9
2025-04-01 03:02:14,174 - INFO - Ingress_Enter TG5YTIGY
2025-04-01 03:02:14,238 - INFO - Ingress_Enter HCUW554P
2025-04-01 03:02:14,331 - INFO - Ingress_Enter 6V0WNZQW
2025-04-01 03:02:14,334 - INFO - Ingress_Exit XYKGMVVW
2025-04-01 03:02:14,451 - INFO - Ingress_Exit MZWW3VN3
2025-04-01 03:02:14,452 - INFO - Ingress_Exit V956ZCR9
2025-04-01 03:02:14,491 - INFO - Ingress_Enter XZP41O3A
2025-04-01 03:02:14,548 - INFO - Ingress_Exit HG6Z336E
2025-04-01 03:02:14,551 - INFO - Ingress_Exit HFK80BFA
2025-04-01 03:02:14,553 - INFO - Ingress_Exit HV1JF76N
2025-04-01 03:02:14,554 - INFO - Ingress_Exit 7XDF7VTB
2025-04-01 03:02:14,655 - INFO - Ingress_Enter 5HMUBN2W
2025-04-01 03:02:14,676 - INFO - Ingress_Enter YB4ATBZT
2025-04-01 03:02:14,757 - INFO - Ingress_Enter NJ5ON70Z
2025-04-01 03:02:14,759 - INFO - Ingress_Exit TG5YTIGY
2025-04-01 03:02:14,770 - INFO - Ingress_Exit 6V0WNZQW
2025-04-01 03:02:14,776 - INFO - Ingress_Enter RH9QP5KU
2025-04-01 03:02:14,879 - INFO - Ingress_Enter N5VC89VJ
2025-04-01 03:02:14,925 - INFO - Ingress_Exit 9YO2HM0J
2025-04-01 03:02:14,927 - INFO - Ingress_Exit SPDPN4I8
2025-04-01 03:02:14,986 - INFO - Ingress_Exit HCUW554P
2025-04-01 03:02:14,989 - INFO - Ingress_Enter V5ASKKTR
2025-04-01 03:02:15,067 - INFO - Ingress_Enter MNWWND4X
2025-04-01 03:02:15,157 - INFO - Ingress_Enter F56K0BN5
2025-04-01 03:02:15,290 - INFO - Ingress_Exit 5HMUBN2W
2025-04-01 03:02:15,432 - INFO - Ingress_Exit YB4ATBZT
2025-04-01 03:02:15,433 - INFO - Ingress_Exit RH9QP5KU
2025-04-01 03:02:15,461 - INFO - Ingress_Exit XZP41O3A
2025-04-01 03:02:15,499 - INFO - Ingress_Enter FL0W0QUI
2025-04-01 03:02:15,546 - INFO - Ingress_Enter V3RKBEIW
2025-04-01 03:02:15,563 - INFO - Ingress_Enter 7MMD4U1Q
2025-04-01 03:02:15,617 - INFO - Ingress_Exit N5VC89VJ
2025-04-01 03:02:15,636 - INFO - Ingress_Enter O6TS7XCK
2025-04-01 03:02:15,702 - INFO - Ingress_Enter RX2RGVR0
2025-04-01 03:02:15,733 - INFO - Ingress_Exit NJ5ON70Z
2025-04-01 03:02:15,750 - INFO - Ingress_Exit V5ASKKTR
2025-04-01 03:02:15,867 - INFO - Ingress_Exit MNWWND4X
2025-04-01 03:02:15,869 - INFO - Ingress_Exit F56K0BN5
2025-04-01 03:02:15,963 - INFO - Ingress_Enter DR8GCPSO
2025-04-01 03:02:15,985 - INFO - Ingress_Exit 7MMD4U1Q
2025-04-01 03:02:16,110 - INFO - Ingress_Enter TDI8PSQ5
2025-04-01 03:02:16,141 - INFO - Ingress_Enter Q7CZZR6F
2025-04-01 03:02:16,160 - INFO - Ingress_Enter 06COARZB
2025-04-01 03:02:16,167 - INFO - Ingress_Enter 7RKHI5SJ
2025-04-01 03:02:16,251 - INFO - Ingress_Exit RX2RGVR0
2025-04-01 03:02:16,304 - INFO - Ingress_Enter REBFHD28
2025-04-01 03:02:16,332 - INFO - Ingress_Exit V3RKBEIW
2025-04-01 03:02:16,389 - INFO - Ingress_Enter 97QYB10V
2025-04-01 03:02:16,395 - INFO - Ingress_Exit FL0W0QUI
2025-04-01 03:02:16,433 - INFO - Ingress_Exit O6TS7XCK
2025-04-01 03:02:16,471 - INFO - Ingress_Enter WBVR1OUP
2025-04-01 03:02:16,519 - INFO - Ingress_Exit DR8GCPSO
2025-04-01 03:02:16,554 - INFO - Ingress_Enter FY4KV9DE
2025-04-01 03:02:16,574 - INFO - Ingress_Enter FF5HFNL1
2025-04-01 03:02:16,699 - INFO - Ingress_Exit Q7CZZR6F
2025-04-01 03:02:16,736 - INFO - Ingress_Exit TDI8PSQ5
2025-04-01 03:02:16,738 - INFO - Ingress_Exit 06COARZB
2025-04-01 03:02:16,810 - INFO - Ingress_Exit REBFHD28
2025-04-01 03:02:16,890 - INFO - Ingress_Enter MMGND18E
2025-04-01 03:02:16,896 - INFO - Ingress_Exit 7RKHI5SJ
2025-04-01 03:02:16,942 - INFO - Ingress_Exit FY4KV9DE
2025-04-01 03:02:17,030 - INFO - Ingress_Enter H6D7LOEO
2025-04-01 03:02:17,109 - INFO - Ingress_Exit 97QYB10V
2025-04-01 03:02:17,110 - INFO - Ingress_Exit WBVR1OUP
2025-04-01 03:02:17,141 - INFO - Ingress_Enter H5992ER0
2025-04-01 03:02:17,158 - INFO - Ingress_Enter MKQJAZ1H
2025-04-01 03:02:17,230 - INFO - Ingress_Enter JB6P340W
2025-04-01 03:02:17,312 - INFO - Ingress_Exit FF5HFNL1
2025-04-01 03:02:17,341 - INFO - Ingress_Enter BKGZ2LT6
2025-04-01 03:02:17,351 - INFO - Ingress_Enter TPLZNDYV
2025-04-01 03:02:17,369 - INFO - Ingress_Enter TK2WNF27
2025-04-01 03:02:17,509 - INFO - Ingress_Enter MH6V50G7
2025-04-01 03:02:17,510 - INFO - Ingress_Enter FZR47YFU
2025-04-01 03:02:17,527 - INFO - Ingress_Exit MMGND18E
2025-04-01 03:02:17,601 - INFO - Ingress_Enter D6L2EWIX
2025-04-01 03:02:17,781 - INFO - Ingress_Exit JB6P340W
2025-04-01 03:02:17,856 - INFO - Ingress_Enter HFBQFXFH
2025-04-01 03:02:17,870 - INFO - Ingress_Exit H6D7LOEO
2025-04-01 03:02:18,001 - INFO - Ingress_Exit BKGZ2LT6
2025-04-01 03:02:18,076 - INFO - Ingress_Exit H5992ER0
2025-04-01 03:02:18,078 - INFO - Ingress_Exit TPLZNDYV
2025-04-01 03:02:18,127 - INFO - Ingress_Exit TK2WNF27
2025-04-01 03:02:18,182 - INFO - Ingress_Exit D6L2EWIX
2025-04-01 03:02:18,204 - INFO - Ingress_Exit MKQJAZ1H
2025-04-01 03:02:18,274 - INFO - Ingress_Exit MH6V50G7
2025-04-01 03:02:18,276 - INFO - Ingress_Exit FZR47YFU
2025-04-01 03:02:18,451 - INFO - Ingress_Enter NU3IHKON
2025-04-01 03:02:18,469 - INFO - Ingress_Enter EX8X4BQY
2025-04-01 03:02:18,656 - INFO - Ingress_Exit HFBQFXFH
2025-04-01 03:02:18,671 - INFO - Ingress_Enter O9HSOGZO
2025-04-01 03:02:18,754 - INFO - Ingress_Enter LNBJN9PG
2025-04-01 03:02:18,783 - INFO - Ingress_Enter JW9D3SXY
2025-04-01 03:02:18,809 - INFO - Ingress_Enter 6E5UOFX7
2025-04-01 03:02:18,819 - INFO - Ingress_Enter 4KJ510DL
2025-04-01 03:02:18,933 - INFO - Ingress_Enter L5I4T5EN
2025-04-01 03:02:18,978 - INFO - Ingress_Enter YTQ8LCGY
2025-04-01 03:02:19,045 - INFO - Ingress_Enter 2I7UW7R4
2025-04-01 03:02:19,128 - INFO - Ingress_Enter 0YL9ZYA1
2025-04-01 03:02:19,199 - INFO - Ingress_Exit NU3IHKON
2025-04-01 03:02:19,240 - INFO - Ingress_Enter 0DDR03EB
2025-04-01 03:02:19,261 - INFO - Ingress_Exit EX8X4BQY
2025-04-01 03:02:19,374 - INFO - Ingress_Exit O9HSOGZO
2025-04-01 03:02:19,493 - INFO - Ingress_Exit LNBJN9PG
2025-04-01 03:02:19,494 - INFO - Ingress_Exit 6E5UOFX7
2025-04-01 03:02:19,598 - INFO - Ingress_Exit JW9D3SXY
2025-04-01 03:02:19,693 - INFO - Ingress_Exit L5I4T5EN
2025-04-01 03:02:19,745 - INFO - Ingress_Enter S39GD9VS
2025-04-01 03:02:19,751 - INFO - Ingress_Exit 4KJ510DL
2025-04-01 03:02:19,762 - INFO - Ingress_Exit 2I7UW7R4
2025-04-01 03:02:19,779 - INFO - Ingress_Enter 0X44QG0P
2025-04-01 03:02:19,858 - INFO - Ingress_Enter 4N7X6QM8
2025-04-01 03:02:19,922 - INFO - Ingress_Enter 1I4TLFG8
2025-04-01 03:02:19,945 - INFO - Ingress_Exit 0YL9ZYA1
2025-04-01 03:02:19,975 - INFO - Ingress_Exit YTQ8LCGY
2025-04-01 03:02:20,000 - INFO - Ingress_Enter M8MMDXSX
2025-04-01 03:02:20,112 - INFO - Ingress_Enter 12RJ4FW2
2025-04-01 03:02:20,127 - INFO - Ingress_Enter 83JF6SKA
2025-04-01 03:02:20,157 - INFO - Ingress_Enter F3ORA2AL
2025-04-01 03:02:20,171 - INFO - Ingress_Exit 0DDR03EB
2025-04-01 03:02:20,284 - INFO - Ingress_Enter 936ZRPO9
2025-04-01 03:02:20,357 - INFO - Ingress_Enter 24U6JIV7
2025-04-01 03:02:20,375 - INFO - Ingress_Enter UKG8YJME
2025-04-01 03:02:20,387 - INFO - Ingress_Exit 0X44QG0P
2025-04-01 03:02:20,448 - INFO - Ingress_Exit S39GD9VS
2025-04-01 03:02:20,570 - INFO - Ingress_Enter GHVL3TOD
2025-04-01 03:02:20,612 - INFO - Ingress_Exit M8MMDXSX
2025-04-01 03:02:20,615 - INFO - Ingress_Enter V0K4GOH9
2025-04-01 03:02:20,624 - INFO - Ingress_Enter 10B652DN
2025-04-01 03:02:20,624 - INFO - Ingress_Exit 4N7X6QM8
2025-04-01 03:02:20,671 - INFO - Ingress_Enter 01M3UGSI
2025-04-01 03:02:20,733 - INFO - Ingress_Exit 83JF6SKA
2025-04-01 03:02:20,790 - INFO - Ingress_Enter VXYZQNBH
2025-04-01 03:02:20,826 - INFO - Ingress_Exit 12RJ4FW2
2025-04-01 03:02:20,945 - INFO - Ingress_Enter WTCMI7LL
2025-04-01 03:02:21,012 - INFO - Ingress_Exit 936ZRPO9
2025-04-01 03:02:21,013 - INFO - Ingress_Exit 24U6JIV7
2025-04-01 03:02:21,019 - INFO - Ingress_Exit 1I4TLFG8
2025-04-01 03:02:21,021 - INFO - Ingress_Exit F3ORA2AL
2025-04-01 03:02:21,096 - INFO - Ingress_Exit V0K4GOH9
2025-04-01 03:02:21,120 - INFO - Ingress_Enter X7K03Y69
2025-04-01 03:02:21,179 - INFO - Ingress_Exit GHVL3TOD
2025-04-01 03:02:21,200 - INFO - Ingress_Exit UKG8YJME
2025-04-01 03:02:21,216 - INFO - Ingress_Enter B74MMFH7
2025-04-01 03:02:21,260 - INFO - Ingress_Enter 29RD6P8G
2025-04-01 03:02:21,288 - INFO - Ingress_Enter C3CTXB2Q
2025-04-01 03:02:21,324 - INFO - Ingress_Enter MMX8RHS7
2025-04-01 03:02:21,447 - INFO - Ingress_Exit 01M3UGSI
2025-04-01 03:02:21,525 - INFO - Ingress_Exit 10B652DN
2025-04-01 03:02:21,540 - INFO - Ingress_Exit WTCMI7LL
2025-04-01 03:02:21,784 - INFO - Ingress_Exit VXYZQNBH
2025-04-01 03:02:21,982 - INFO - Ingress_Exit B74MMFH7
2025-04-01 03:02:22,014 - INFO - Ingress_Exit 29RD6P8G
2025-04-01 03:02:22,014 - INFO - Ingress_Exit MMX8RHS7
2025-04-01 03:02:22,032 - INFO - Ingress_Exit C3CTXB2Q
2025-04-01 03:02:22,145 - INFO - Ingress_Exit X7K03Y69
