2025-04-12 17:49:36,464 - INFO - Ingress_Mono_Enter W8AUDI43
2025-04-12 17:49:36,481 - INFO - Ingress_Mono_Input_Decoded W8AUDI43
2025-04-12 17:49:36,483 - INFO - Ingress_Mono_Numpy_Converted W8AUDI43
2025-04-12 17:49:37,202 - INFO - Ingress_Mono_Exit W8AUDI43
2025-04-12 17:49:38,627 - INFO - Ingress_Mono_Enter CI0FFYDI
2025-04-12 17:49:38,654 - INFO - Ingress_Mono_Input_Decoded CI0FFYDI
2025-04-12 17:49:38,657 - INFO - Ingress_Mono_Numpy_Converted CI0FFYDI
2025-04-12 17:49:38,772 - INFO - Ingress_Mono_Enter SI252SD5
2025-04-12 17:49:38,786 - INFO - Ingress_Mono_Input_Decoded SI252SD5
2025-04-12 17:49:38,788 - INFO - Ingress_Mono_Numpy_Converted SI252SD5
2025-04-12 17:49:39,075 - INFO - Ingress_Mono_Exit SI252SD5
2025-04-12 17:49:39,527 - INFO - Ingress_Mono_Exit CI0FFYDI
2025-04-12 17:49:39,777 - INFO - Ingress_Mono_Enter TT2YH0RC
2025-04-12 17:49:39,796 - INFO - Ingress_Mono_Input_Decoded TT2YH0RC
2025-04-12 17:49:39,798 - INFO - Ingress_Mono_Numpy_Converted TT2YH0RC
2025-04-12 17:49:40,105 - INFO - Ingress_Mono_Enter ASMHXS56
2025-04-12 17:49:40,120 - INFO - Ingress_Mono_Input_Decoded ASMHXS56
2025-04-12 17:49:40,121 - INFO - Ingress_Mono_Numpy_Converted ASMHXS56
2025-04-12 17:49:40,303 - INFO - Ingress_Mono_Exit TT2YH0RC
2025-04-12 17:49:40,898 - INFO - Ingress_Mono_Exit ASMHXS56
2025-04-12 17:49:43,115 - INFO - Ingress_Mono_Enter NR7BRYS2
2025-04-12 17:49:43,133 - INFO - Ingress_Mono_Input_Decoded NR7BRYS2
2025-04-12 17:49:43,135 - INFO - Ingress_Mono_Numpy_Converted NR7BRYS2
2025-04-12 17:49:43,293 - INFO - Ingress_Mono_Enter LYLUY9Y5
2025-04-12 17:49:43,319 - INFO - Ingress_Mono_Input_Decoded LYLUY9Y5
2025-04-12 17:49:43,321 - INFO - Ingress_Mono_Numpy_Converted LYLUY9Y5
2025-04-12 17:49:43,377 - INFO - Ingress_Mono_Enter 45BXHM5P
2025-04-12 17:49:43,403 - INFO - Ingress_Mono_Input_Decoded 45BXHM5P
2025-04-12 17:49:43,405 - INFO - Ingress_Mono_Numpy_Converted 45BXHM5P
2025-04-12 17:49:43,740 - INFO - Ingress_Mono_Exit LYLUY9Y5
2025-04-12 17:49:44,177 - INFO - Ingress_Mono_Exit NR7BRYS2
2025-04-12 17:49:44,528 - INFO - Ingress_Mono_Exit 45BXHM5P
2025-04-12 17:49:45,710 - INFO - Ingress_Mono_Enter TO4YQ7IU
2025-04-12 17:49:45,733 - INFO - Ingress_Mono_Input_Decoded TO4YQ7IU
2025-04-12 17:49:45,736 - INFO - Ingress_Mono_Numpy_Converted TO4YQ7IU
2025-04-12 17:49:46,518 - INFO - Ingress_Mono_Exit TO4YQ7IU
2025-04-12 17:49:46,614 - INFO - Ingress_Mono_Enter 6LUJXJ7E
2025-04-12 17:49:46,629 - INFO - Ingress_Mono_Input_Decoded 6LUJXJ7E
2025-04-12 17:49:46,631 - INFO - Ingress_Mono_Numpy_Converted 6LUJXJ7E
2025-04-12 17:49:47,317 - INFO - Ingress_Mono_Exit 6LUJXJ7E
2025-04-12 17:49:48,533 - INFO - Ingress_Mono_Enter U8KXI5OH
2025-04-12 17:49:48,549 - INFO - Ingress_Mono_Input_Decoded U8KXI5OH
2025-04-12 17:49:48,550 - INFO - Ingress_Mono_Numpy_Converted U8KXI5OH
2025-04-12 17:49:49,112 - INFO - Ingress_Mono_Enter IHMNMUE8
2025-04-12 17:49:49,126 - INFO - Ingress_Mono_Input_Decoded IHMNMUE8
2025-04-12 17:49:49,127 - INFO - Ingress_Mono_Numpy_Converted IHMNMUE8
2025-04-12 17:49:49,307 - INFO - Ingress_Mono_Exit U8KXI5OH
2025-04-12 17:49:49,504 - INFO - Ingress_Mono_Exit IHMNMUE8
2025-04-12 17:49:50,626 - INFO - Ingress_Mono_Enter YDW9I5YI
2025-04-12 17:49:50,646 - INFO - Ingress_Mono_Input_Decoded YDW9I5YI
2025-04-12 17:49:50,648 - INFO - Ingress_Mono_Numpy_Converted YDW9I5YI
2025-04-12 17:49:51,399 - INFO - Ingress_Mono_Exit YDW9I5YI
2025-04-12 17:49:51,459 - INFO - Ingress_Mono_Enter VR78ZR9C
2025-04-12 17:49:51,478 - INFO - Ingress_Mono_Input_Decoded VR78ZR9C
2025-04-12 17:49:51,480 - INFO - Ingress_Mono_Numpy_Converted VR78ZR9C
2025-04-12 17:49:52,171 - INFO - Ingress_Mono_Exit VR78ZR9C
2025-04-12 17:49:52,617 - INFO - Ingress_Mono_Enter 951HXZG6
2025-04-12 17:49:52,631 - INFO - Ingress_Mono_Input_Decoded 951HXZG6
2025-04-12 17:49:52,632 - INFO - Ingress_Mono_Numpy_Converted 951HXZG6
2025-04-12 17:49:53,135 - INFO - Ingress_Mono_Enter 865SRXT5
2025-04-12 17:49:53,160 - INFO - Ingress_Mono_Input_Decoded 865SRXT5
2025-04-12 17:49:53,162 - INFO - Ingress_Mono_Numpy_Converted 865SRXT5
2025-04-12 17:49:53,381 - INFO - Ingress_Mono_Enter Z5A14Z3M
2025-04-12 17:49:53,402 - INFO - Ingress_Mono_Input_Decoded Z5A14Z3M
2025-04-12 17:49:53,404 - INFO - Ingress_Mono_Numpy_Converted Z5A14Z3M
2025-04-12 17:49:53,524 - INFO - Ingress_Mono_Exit 951HXZG6
2025-04-12 17:49:54,206 - INFO - Ingress_Mono_Exit 865SRXT5
2025-04-12 17:49:54,869 - INFO - Ingress_Mono_Exit Z5A14Z3M
2025-04-12 17:50:00,119 - INFO - Ingress_Mono_Enter ZG6DVTG5
2025-04-12 17:50:00,131 - INFO - Ingress_Mono_Input_Decoded ZG6DVTG5
2025-04-12 17:50:00,132 - INFO - Ingress_Mono_Numpy_Converted ZG6DVTG5
2025-04-12 17:50:01,099 - INFO - Ingress_Mono_Exit ZG6DVTG5
2025-04-12 17:50:01,213 - INFO - Ingress_Mono_Enter 837J6TWK
2025-04-12 17:50:01,230 - INFO - Ingress_Mono_Input_Decoded 837J6TWK
2025-04-12 17:50:01,232 - INFO - Ingress_Mono_Numpy_Converted 837J6TWK
2025-04-12 17:50:01,549 - INFO - Ingress_Mono_Enter WQD01LJX
2025-04-12 17:50:01,567 - INFO - Ingress_Mono_Input_Decoded WQD01LJX
2025-04-12 17:50:01,568 - INFO - Ingress_Mono_Numpy_Converted WQD01LJX
2025-04-12 17:50:01,888 - INFO - Ingress_Mono_Enter EK6HZ0CU
2025-04-12 17:50:01,908 - INFO - Ingress_Mono_Input_Decoded EK6HZ0CU
2025-04-12 17:50:01,910 - INFO - Ingress_Mono_Numpy_Converted EK6HZ0CU
2025-04-12 17:50:02,143 - INFO - Ingress_Mono_Enter M81IEAVT
2025-04-12 17:50:02,167 - INFO - Ingress_Mono_Input_Decoded M81IEAVT
2025-04-12 17:50:02,170 - INFO - Ingress_Mono_Numpy_Converted M81IEAVT
2025-04-12 17:50:02,327 - INFO - Ingress_Mono_Exit EK6HZ0CU
2025-04-12 17:50:02,419 - INFO - Ingress_Mono_Exit 837J6TWK
2025-04-12 17:50:02,884 - INFO - Ingress_Mono_Exit WQD01LJX
2025-04-12 17:50:02,910 - INFO - Ingress_Mono_Exit M81IEAVT
2025-04-12 17:50:08,723 - INFO - Ingress_Mono_Enter TUFNRYW0
2025-04-12 17:50:08,742 - INFO - Ingress_Mono_Input_Decoded TUFNRYW0
2025-04-12 17:50:08,743 - INFO - Ingress_Mono_Numpy_Converted TUFNRYW0
2025-04-12 17:50:09,086 - INFO - Ingress_Mono_Enter VU2SLIZO
2025-04-12 17:50:09,121 - INFO - Ingress_Mono_Input_Decoded VU2SLIZO
2025-04-12 17:50:09,125 - INFO - Ingress_Mono_Numpy_Converted VU2SLIZO
2025-04-12 17:50:09,291 - INFO - Ingress_Mono_Exit TUFNRYW0
2025-04-12 17:50:09,803 - INFO - Ingress_Mono_Exit VU2SLIZO
2025-04-12 17:50:13,561 - INFO - Ingress_Mono_Enter 6NRCX9C0
2025-04-12 17:50:13,581 - INFO - Ingress_Mono_Input_Decoded 6NRCX9C0
2025-04-12 17:50:13,582 - INFO - Ingress_Mono_Numpy_Converted 6NRCX9C0
2025-04-12 17:50:13,824 - INFO - Ingress_Mono_Enter W86CFIM6
2025-04-12 17:50:13,848 - INFO - Ingress_Mono_Input_Decoded W86CFIM6
2025-04-12 17:50:13,850 - INFO - Ingress_Mono_Numpy_Converted W86CFIM6
2025-04-12 17:50:14,065 - INFO - Ingress_Mono_Enter XELQY0T3
2025-04-12 17:50:14,085 - INFO - Ingress_Mono_Input_Decoded XELQY0T3
2025-04-12 17:50:14,087 - INFO - Ingress_Mono_Numpy_Converted XELQY0T3
2025-04-12 17:50:14,254 - INFO - Ingress_Mono_Exit 6NRCX9C0
2025-04-12 17:50:14,473 - INFO - Ingress_Mono_Enter ZJOZK35G
2025-04-12 17:50:14,488 - INFO - Ingress_Mono_Input_Decoded ZJOZK35G
2025-04-12 17:50:14,489 - INFO - Ingress_Mono_Numpy_Converted ZJOZK35G
2025-04-12 17:50:14,969 - INFO - Ingress_Mono_Enter 8RRBYI27
2025-04-12 17:50:14,982 - INFO - Ingress_Mono_Input_Decoded 8RRBYI27
2025-04-12 17:50:14,983 - INFO - Ingress_Mono_Numpy_Converted 8RRBYI27
2025-04-12 17:50:14,996 - INFO - Ingress_Mono_Exit ZJOZK35G
2025-04-12 17:50:15,234 - INFO - Ingress_Mono_Exit W86CFIM6
2025-04-12 17:50:15,236 - INFO - Ingress_Mono_Exit XELQY0T3
2025-04-12 17:50:15,617 - INFO - Ingress_Mono_Exit 8RRBYI27
2025-04-12 17:50:16,655 - INFO - Ingress_Mono_Enter CGU7HVR5
2025-04-12 17:50:16,678 - INFO - Ingress_Mono_Input_Decoded CGU7HVR5
2025-04-12 17:50:16,680 - INFO - Ingress_Mono_Numpy_Converted CGU7HVR5
2025-04-12 17:50:17,617 - INFO - Ingress_Mono_Exit CGU7HVR5
2025-04-12 17:50:17,647 - INFO - Ingress_Mono_Enter VYE7HKTC
2025-04-12 17:50:17,664 - INFO - Ingress_Mono_Input_Decoded VYE7HKTC
2025-04-12 17:50:17,665 - INFO - Ingress_Mono_Numpy_Converted VYE7HKTC
2025-04-12 17:50:18,315 - INFO - Ingress_Mono_Enter HGQ0H7BX
2025-04-12 17:50:18,332 - INFO - Ingress_Mono_Input_Decoded HGQ0H7BX
2025-04-12 17:50:18,334 - INFO - Ingress_Mono_Numpy_Converted HGQ0H7BX
2025-04-12 17:50:18,366 - INFO - Ingress_Mono_Exit VYE7HKTC
2025-04-12 17:50:18,582 - INFO - Ingress_Mono_Exit HGQ0H7BX
2025-04-12 17:50:19,754 - INFO - Ingress_Mono_Enter T9UY2GZU
2025-04-12 17:50:19,784 - INFO - Ingress_Mono_Input_Decoded T9UY2GZU
2025-04-12 17:50:19,787 - INFO - Ingress_Mono_Numpy_Converted T9UY2GZU
2025-04-12 17:50:19,983 - INFO - Ingress_Mono_Enter J93YQY3G
2025-04-12 17:50:20,001 - INFO - Ingress_Mono_Input_Decoded J93YQY3G
2025-04-12 17:50:20,002 - INFO - Ingress_Mono_Numpy_Converted J93YQY3G
2025-04-12 17:50:20,768 - INFO - Ingress_Mono_Exit J93YQY3G
2025-04-12 17:50:20,949 - INFO - Ingress_Mono_Exit T9UY2GZU
2025-04-12 17:50:23,572 - INFO - Ingress_Mono_Enter TKXF7UT8
2025-04-12 17:50:23,590 - INFO - Ingress_Mono_Input_Decoded TKXF7UT8
2025-04-12 17:50:23,591 - INFO - Ingress_Mono_Numpy_Converted TKXF7UT8
2025-04-12 17:50:23,993 - INFO - Ingress_Mono_Enter JJOPUF1Z
2025-04-12 17:50:24,013 - INFO - Ingress_Mono_Input_Decoded JJOPUF1Z
2025-04-12 17:50:24,014 - INFO - Ingress_Mono_Numpy_Converted JJOPUF1Z
2025-04-12 17:50:24,366 - INFO - Ingress_Mono_Exit TKXF7UT8
2025-04-12 17:50:25,091 - INFO - Ingress_Mono_Exit JJOPUF1Z
2025-04-12 17:50:25,404 - INFO - Ingress_Mono_Enter 6PBG5YXP
2025-04-12 17:50:25,421 - INFO - Ingress_Mono_Input_Decoded 6PBG5YXP
2025-04-12 17:50:25,423 - INFO - Ingress_Mono_Numpy_Converted 6PBG5YXP
2025-04-12 17:50:25,742 - INFO - Ingress_Mono_Enter 9TOBXC6Y
2025-04-12 17:50:25,760 - INFO - Ingress_Mono_Input_Decoded 9TOBXC6Y
2025-04-12 17:50:25,762 - INFO - Ingress_Mono_Numpy_Converted 9TOBXC6Y
2025-04-12 17:50:25,911 - INFO - Ingress_Mono_Exit 6PBG5YXP
2025-04-12 17:50:25,993 - INFO - Ingress_Mono_Enter HY7UDFXO
2025-04-12 17:50:26,011 - INFO - Ingress_Mono_Input_Decoded HY7UDFXO
2025-04-12 17:50:26,013 - INFO - Ingress_Mono_Numpy_Converted HY7UDFXO
2025-04-12 17:50:26,251 - INFO - Ingress_Mono_Enter GDF75NE4
2025-04-12 17:50:26,275 - INFO - Ingress_Mono_Input_Decoded GDF75NE4
2025-04-12 17:50:26,279 - INFO - Ingress_Mono_Numpy_Converted GDF75NE4
2025-04-12 17:50:26,385 - INFO - Ingress_Mono_Exit 9TOBXC6Y
2025-04-12 17:50:26,854 - INFO - Ingress_Mono_Exit HY7UDFXO
2025-04-12 17:50:26,971 - INFO - Ingress_Mono_Exit GDF75NE4
2025-04-12 17:50:36,928 - INFO - Ingress_Mono_Enter UFKW8DFG
2025-04-12 17:50:36,955 - INFO - Ingress_Mono_Input_Decoded UFKW8DFG
2025-04-12 17:50:36,957 - INFO - Ingress_Mono_Numpy_Converted UFKW8DFG
2025-04-12 17:50:37,516 - INFO - Ingress_Mono_Exit UFKW8DFG
2025-04-12 17:50:38,592 - INFO - Ingress_Mono_Enter X94KD5DZ
2025-04-12 17:50:38,612 - INFO - Ingress_Mono_Input_Decoded X94KD5DZ
2025-04-12 17:50:38,614 - INFO - Ingress_Mono_Numpy_Converted X94KD5DZ
2025-04-12 17:50:38,745 - INFO - Ingress_Mono_Enter ES7F64QG
2025-04-12 17:50:38,758 - INFO - Ingress_Mono_Input_Decoded ES7F64QG
2025-04-12 17:50:38,759 - INFO - Ingress_Mono_Numpy_Converted ES7F64QG
2025-04-12 17:50:39,023 - INFO - Ingress_Mono_Exit X94KD5DZ
2025-04-12 17:50:39,844 - INFO - Ingress_Mono_Exit ES7F64QG
2025-04-12 17:50:40,355 - INFO - Ingress_Mono_Enter B5M8R1SR
2025-04-12 17:50:40,382 - INFO - Ingress_Mono_Input_Decoded B5M8R1SR
2025-04-12 17:50:40,385 - INFO - Ingress_Mono_Numpy_Converted B5M8R1SR
2025-04-12 17:50:40,775 - INFO - Ingress_Mono_Enter 3YXLE0N2
2025-04-12 17:50:40,806 - INFO - Ingress_Mono_Input_Decoded 3YXLE0N2
2025-04-12 17:50:40,809 - INFO - Ingress_Mono_Numpy_Converted 3YXLE0N2
2025-04-12 17:50:40,834 - INFO - Ingress_Mono_Enter 2WUST1V3
2025-04-12 17:50:40,845 - INFO - Ingress_Mono_Input_Decoded 2WUST1V3
2025-04-12 17:50:40,846 - INFO - Ingress_Mono_Numpy_Converted 2WUST1V3
2025-04-12 17:50:41,144 - INFO - Ingress_Mono_Exit B5M8R1SR
2025-04-12 17:50:41,278 - INFO - Ingress_Mono_Exit 2WUST1V3
2025-04-12 17:50:41,770 - INFO - Ingress_Mono_Exit 3YXLE0N2
2025-04-12 17:50:42,419 - INFO - Ingress_Mono_Enter OU1EIA17
2025-04-12 17:50:42,434 - INFO - Ingress_Mono_Input_Decoded OU1EIA17
2025-04-12 17:50:42,435 - INFO - Ingress_Mono_Numpy_Converted OU1EIA17
2025-04-12 17:50:42,752 - INFO - Ingress_Mono_Enter VT4R55PB
2025-04-12 17:50:42,767 - INFO - Ingress_Mono_Input_Decoded VT4R55PB
2025-04-12 17:50:42,769 - INFO - Ingress_Mono_Numpy_Converted VT4R55PB
2025-04-12 17:50:43,214 - INFO - Ingress_Mono_Exit VT4R55PB
2025-04-12 17:50:43,314 - INFO - Ingress_Mono_Exit OU1EIA17
2025-04-12 17:50:43,509 - INFO - Ingress_Mono_Enter 4KG5WHG1
2025-04-12 17:50:43,526 - INFO - Ingress_Mono_Input_Decoded 4KG5WHG1
2025-04-12 17:50:43,528 - INFO - Ingress_Mono_Numpy_Converted 4KG5WHG1
2025-04-12 17:50:43,682 - INFO - Ingress_Mono_Enter NN9CNRPY
2025-04-12 17:50:43,705 - INFO - Ingress_Mono_Input_Decoded NN9CNRPY
2025-04-12 17:50:43,707 - INFO - Ingress_Mono_Numpy_Converted NN9CNRPY
2025-04-12 17:50:44,511 - INFO - Ingress_Mono_Exit 4KG5WHG1
2025-04-12 17:50:44,512 - INFO - Ingress_Mono_Exit NN9CNRPY
2025-04-12 17:50:44,925 - INFO - Ingress_Mono_Enter N6Y195F3
2025-04-12 17:50:44,941 - INFO - Ingress_Mono_Input_Decoded N6Y195F3
2025-04-12 17:50:44,943 - INFO - Ingress_Mono_Numpy_Converted N6Y195F3
2025-04-12 17:50:45,478 - INFO - Ingress_Mono_Exit N6Y195F3
2025-04-12 17:50:45,599 - INFO - Ingress_Mono_Enter RA00K8PM
2025-04-12 17:50:45,620 - INFO - Ingress_Mono_Input_Decoded RA00K8PM
2025-04-12 17:50:45,622 - INFO - Ingress_Mono_Numpy_Converted RA00K8PM
2025-04-12 17:50:45,850 - INFO - Ingress_Mono_Enter PEBJE5UL
2025-04-12 17:50:45,872 - INFO - Ingress_Mono_Input_Decoded PEBJE5UL
2025-04-12 17:50:45,874 - INFO - Ingress_Mono_Numpy_Converted PEBJE5UL
2025-04-12 17:50:46,398 - INFO - Ingress_Mono_Exit RA00K8PM
2025-04-12 17:50:46,668 - INFO - Ingress_Mono_Enter A4YPVR2G
2025-04-12 17:50:46,681 - INFO - Ingress_Mono_Input_Decoded A4YPVR2G
2025-04-12 17:50:46,682 - INFO - Ingress_Mono_Numpy_Converted A4YPVR2G
2025-04-12 17:50:46,977 - INFO - Ingress_Mono_Exit PEBJE5UL
2025-04-12 17:50:47,903 - INFO - Ingress_Mono_Exit A4YPVR2G
2025-04-12 17:50:48,087 - INFO - Ingress_Mono_Enter J0GE83K8
2025-04-12 17:50:48,099 - INFO - Ingress_Mono_Input_Decoded J0GE83K8
2025-04-12 17:50:48,100 - INFO - Ingress_Mono_Numpy_Converted J0GE83K8
2025-04-12 17:50:48,892 - INFO - Ingress_Mono_Exit J0GE83K8
2025-04-12 17:50:48,992 - INFO - Ingress_Mono_Enter ASK0HDRY
2025-04-12 17:50:49,047 - INFO - Ingress_Mono_Input_Decoded ASK0HDRY
2025-04-12 17:50:49,052 - INFO - Ingress_Mono_Numpy_Converted ASK0HDRY
2025-04-12 17:50:49,663 - INFO - Ingress_Mono_Exit ASK0HDRY
2025-04-12 17:50:50,442 - INFO - Ingress_Mono_Enter 0OPH1RAY
2025-04-12 17:50:50,464 - INFO - Ingress_Mono_Input_Decoded 0OPH1RAY
2025-04-12 17:50:50,466 - INFO - Ingress_Mono_Numpy_Converted 0OPH1RAY
2025-04-12 17:50:50,941 - INFO - Ingress_Mono_Exit 0OPH1RAY
2025-04-12 17:50:51,622 - INFO - Ingress_Mono_Enter 5QV6RQSI
2025-04-12 17:50:51,651 - INFO - Ingress_Mono_Input_Decoded 5QV6RQSI
2025-04-12 17:50:51,654 - INFO - Ingress_Mono_Numpy_Converted 5QV6RQSI
2025-04-12 17:50:51,856 - INFO - Ingress_Mono_Enter T9Q55FB5
2025-04-12 17:50:51,874 - INFO - Ingress_Mono_Input_Decoded T9Q55FB5
2025-04-12 17:50:51,876 - INFO - Ingress_Mono_Numpy_Converted T9Q55FB5
2025-04-12 17:50:51,945 - INFO - Ingress_Mono_Enter JKRC6ILF
2025-04-12 17:50:51,967 - INFO - Ingress_Mono_Input_Decoded JKRC6ILF
2025-04-12 17:50:51,969 - INFO - Ingress_Mono_Numpy_Converted JKRC6ILF
2025-04-12 17:50:52,225 - INFO - Ingress_Mono_Exit 5QV6RQSI
2025-04-12 17:50:52,270 - INFO - Ingress_Mono_Enter HAQP9A12
2025-04-12 17:50:52,286 - INFO - Ingress_Mono_Input_Decoded HAQP9A12
2025-04-12 17:50:52,288 - INFO - Ingress_Mono_Numpy_Converted HAQP9A12
2025-04-12 17:50:52,451 - INFO - Ingress_Mono_Enter P9EU8NGX
2025-04-12 17:50:52,477 - INFO - Ingress_Mono_Input_Decoded P9EU8NGX
2025-04-12 17:50:52,479 - INFO - Ingress_Mono_Numpy_Converted P9EU8NGX
2025-04-12 17:50:52,636 - INFO - Ingress_Mono_Enter 3UGOH9V9
2025-04-12 17:50:52,674 - INFO - Ingress_Mono_Input_Decoded 3UGOH9V9
2025-04-12 17:50:52,677 - INFO - Ingress_Mono_Numpy_Converted 3UGOH9V9
2025-04-12 17:50:52,682 - INFO - Ingress_Mono_Exit JKRC6ILF
2025-04-12 17:50:52,937 - INFO - Ingress_Mono_Exit T9Q55FB5
2025-04-12 17:50:52,985 - INFO - Ingress_Mono_Exit 3UGOH9V9
2025-04-12 17:50:53,064 - INFO - Ingress_Mono_Exit P9EU8NGX
2025-04-12 17:50:53,494 - INFO - Ingress_Mono_Exit HAQP9A12
2025-04-12 17:51:03,135 - INFO - Ingress_Mono_Enter XCC7WGTS
2025-04-12 17:51:03,153 - INFO - Ingress_Mono_Input_Decoded XCC7WGTS
2025-04-12 17:51:03,155 - INFO - Ingress_Mono_Numpy_Converted XCC7WGTS
2025-04-12 17:51:03,386 - INFO - Ingress_Mono_Enter QB0ZAVHY
2025-04-12 17:51:03,405 - INFO - Ingress_Mono_Input_Decoded QB0ZAVHY
2025-04-12 17:51:03,406 - INFO - Ingress_Mono_Numpy_Converted QB0ZAVHY
2025-04-12 17:51:03,486 - INFO - Ingress_Mono_Exit XCC7WGTS
2025-04-12 17:51:03,965 - INFO - Ingress_Mono_Exit QB0ZAVHY
2025-04-12 17:51:04,216 - INFO - Ingress_Mono_Enter U9ZVQO52
2025-04-12 17:51:04,234 - INFO - Ingress_Mono_Input_Decoded U9ZVQO52
2025-04-12 17:51:04,236 - INFO - Ingress_Mono_Numpy_Converted U9ZVQO52
2025-04-12 17:51:04,718 - INFO - Ingress_Mono_Enter 2KHZ491J
2025-04-12 17:51:04,734 - INFO - Ingress_Mono_Input_Decoded 2KHZ491J
2025-04-12 17:51:04,736 - INFO - Ingress_Mono_Numpy_Converted 2KHZ491J
2025-04-12 17:51:04,799 - INFO - Ingress_Mono_Exit U9ZVQO52
2025-04-12 17:51:05,049 - INFO - Ingress_Mono_Enter 51XT32TO
2025-04-12 17:51:05,065 - INFO - Ingress_Mono_Input_Decoded 51XT32TO
2025-04-12 17:51:05,066 - INFO - Ingress_Mono_Numpy_Converted 51XT32TO
2025-04-12 17:51:05,239 - INFO - Ingress_Mono_Exit 2KHZ491J
2025-04-12 17:51:05,586 - INFO - Ingress_Mono_Exit 51XT32TO
2025-04-12 17:51:05,801 - INFO - Ingress_Mono_Enter FRO9KW85
2025-04-12 17:51:05,818 - INFO - Ingress_Mono_Input_Decoded FRO9KW85
2025-04-12 17:51:05,819 - INFO - Ingress_Mono_Numpy_Converted FRO9KW85
2025-04-12 17:51:05,967 - INFO - Ingress_Mono_Enter WKDE6C1S
2025-04-12 17:51:05,983 - INFO - Ingress_Mono_Input_Decoded WKDE6C1S
2025-04-12 17:51:05,985 - INFO - Ingress_Mono_Numpy_Converted WKDE6C1S
2025-04-12 17:51:06,215 - INFO - Ingress_Mono_Exit FRO9KW85
2025-04-12 17:51:06,839 - INFO - Ingress_Mono_Exit WKDE6C1S
2025-04-12 17:51:08,801 - INFO - Ingress_Mono_Enter XD9YB3FJ
2025-04-12 17:51:08,817 - INFO - Ingress_Mono_Input_Decoded XD9YB3FJ
2025-04-12 17:51:08,818 - INFO - Ingress_Mono_Numpy_Converted XD9YB3FJ
2025-04-12 17:51:09,537 - INFO - Ingress_Mono_Exit XD9YB3FJ
2025-04-12 17:51:10,137 - INFO - Ingress_Mono_Enter 6PQY4LYW
2025-04-12 17:51:10,152 - INFO - Ingress_Mono_Input_Decoded 6PQY4LYW
2025-04-12 17:51:10,153 - INFO - Ingress_Mono_Numpy_Converted 6PQY4LYW
2025-04-12 17:51:10,626 - INFO - Ingress_Mono_Exit 6PQY4LYW
2025-04-12 17:51:10,812 - INFO - Ingress_Mono_Enter 9UV2ITYT
2025-04-12 17:51:10,832 - INFO - Ingress_Mono_Input_Decoded 9UV2ITYT
2025-04-12 17:51:10,834 - INFO - Ingress_Mono_Numpy_Converted 9UV2ITYT
2025-04-12 17:51:11,235 - INFO - Ingress_Mono_Enter OJT11V1J
2025-04-12 17:51:11,256 - INFO - Ingress_Mono_Input_Decoded OJT11V1J
2025-04-12 17:51:11,259 - INFO - Ingress_Mono_Numpy_Converted OJT11V1J
2025-04-12 17:51:11,836 - INFO - Ingress_Mono_Exit 9UV2ITYT
2025-04-12 17:51:12,112 - INFO - Ingress_Mono_Exit OJT11V1J
2025-04-12 17:51:12,717 - INFO - Ingress_Mono_Enter 230I02ZM
2025-04-12 17:51:12,729 - INFO - Ingress_Mono_Input_Decoded 230I02ZM
2025-04-12 17:51:12,730 - INFO - Ingress_Mono_Numpy_Converted 230I02ZM
2025-04-12 17:51:13,280 - INFO - Ingress_Mono_Exit 230I02ZM
2025-04-12 17:51:13,808 - INFO - Ingress_Mono_Enter ZIWOMGCZ
2025-04-12 17:51:13,823 - INFO - Ingress_Mono_Input_Decoded ZIWOMGCZ
2025-04-12 17:51:13,824 - INFO - Ingress_Mono_Numpy_Converted ZIWOMGCZ
2025-04-12 17:51:14,156 - INFO - Ingress_Mono_Exit ZIWOMGCZ
2025-04-12 17:51:14,889 - INFO - Ingress_Mono_Enter NSKS22Y3
2025-04-12 17:51:14,902 - INFO - Ingress_Mono_Input_Decoded NSKS22Y3
2025-04-12 17:51:14,903 - INFO - Ingress_Mono_Numpy_Converted NSKS22Y3
2025-04-12 17:51:15,321 - INFO - Ingress_Mono_Enter RN2OQWC7
2025-04-12 17:51:15,343 - INFO - Ingress_Mono_Input_Decoded RN2OQWC7
2025-04-12 17:51:15,346 - INFO - Ingress_Mono_Numpy_Converted RN2OQWC7
2025-04-12 17:51:15,701 - INFO - Ingress_Mono_Exit NSKS22Y3
2025-04-12 17:51:16,369 - INFO - Ingress_Mono_Exit RN2OQWC7
2025-04-12 17:51:16,392 - INFO - Ingress_Mono_Enter 7P4FJQ08
2025-04-12 17:51:16,406 - INFO - Ingress_Mono_Input_Decoded 7P4FJQ08
2025-04-12 17:51:16,408 - INFO - Ingress_Mono_Numpy_Converted 7P4FJQ08
2025-04-12 17:51:16,691 - INFO - Ingress_Mono_Exit 7P4FJQ08
2025-04-12 17:51:16,979 - INFO - Ingress_Mono_Enter H8UZRHIS
2025-04-12 17:51:16,995 - INFO - Ingress_Mono_Input_Decoded H8UZRHIS
2025-04-12 17:51:16,997 - INFO - Ingress_Mono_Numpy_Converted H8UZRHIS
2025-04-12 17:51:17,511 - INFO - Ingress_Mono_Exit H8UZRHIS
2025-04-12 17:51:17,571 - INFO - Ingress_Mono_Enter NNWQW8NQ
2025-04-12 17:51:17,593 - INFO - Ingress_Mono_Input_Decoded NNWQW8NQ
2025-04-12 17:51:17,595 - INFO - Ingress_Mono_Numpy_Converted NNWQW8NQ
2025-04-12 17:51:18,183 - INFO - Ingress_Mono_Exit NNWQW8NQ
2025-04-12 17:51:18,399 - INFO - Ingress_Mono_Enter K64I24IS
2025-04-12 17:51:18,415 - INFO - Ingress_Mono_Input_Decoded K64I24IS
2025-04-12 17:51:18,417 - INFO - Ingress_Mono_Numpy_Converted K64I24IS
2025-04-12 17:51:18,925 - INFO - Ingress_Mono_Enter 1A9B6GIQ
2025-04-12 17:51:18,957 - INFO - Ingress_Mono_Input_Decoded 1A9B6GIQ
2025-04-12 17:51:18,960 - INFO - Ingress_Mono_Numpy_Converted 1A9B6GIQ
2025-04-12 17:51:19,068 - INFO - Ingress_Mono_Enter U0VY89RK
2025-04-12 17:51:19,086 - INFO - Ingress_Mono_Input_Decoded U0VY89RK
2025-04-12 17:51:19,088 - INFO - Ingress_Mono_Numpy_Converted U0VY89RK
2025-04-12 17:51:19,092 - INFO - Ingress_Mono_Exit K64I24IS
2025-04-12 17:51:19,362 - INFO - Ingress_Mono_Exit 1A9B6GIQ
2025-04-12 17:51:19,681 - INFO - Ingress_Mono_Exit U0VY89RK
2025-04-12 17:51:24,402 - INFO - Ingress_Mono_Enter 77BKH33K
2025-04-12 17:51:24,417 - INFO - Ingress_Mono_Input_Decoded 77BKH33K
2025-04-12 17:51:24,418 - INFO - Ingress_Mono_Numpy_Converted 77BKH33K
2025-04-12 17:51:24,650 - INFO - Ingress_Mono_Enter HJSJTK14
2025-04-12 17:51:24,665 - INFO - Ingress_Mono_Input_Decoded HJSJTK14
2025-04-12 17:51:24,666 - INFO - Ingress_Mono_Numpy_Converted HJSJTK14
2025-04-12 17:51:24,926 - INFO - Ingress_Mono_Exit 77BKH33K
2025-04-12 17:51:25,084 - INFO - Ingress_Mono_Enter MALYAFK0
2025-04-12 17:51:25,107 - INFO - Ingress_Mono_Input_Decoded MALYAFK0
2025-04-12 17:51:25,109 - INFO - Ingress_Mono_Numpy_Converted MALYAFK0
2025-04-12 17:51:25,372 - INFO - Ingress_Mono_Exit HJSJTK14
2025-04-12 17:51:25,699 - INFO - Ingress_Mono_Exit MALYAFK0
2025-04-12 17:51:25,919 - INFO - Ingress_Mono_Enter X42C9PLC
2025-04-12 17:51:25,943 - INFO - Ingress_Mono_Input_Decoded X42C9PLC
2025-04-12 17:51:25,945 - INFO - Ingress_Mono_Numpy_Converted X42C9PLC
2025-04-12 17:51:26,255 - INFO - Ingress_Mono_Enter 87XCAEJA
2025-04-12 17:51:26,279 - INFO - Ingress_Mono_Input_Decoded 87XCAEJA
2025-04-12 17:51:26,282 - INFO - Ingress_Mono_Numpy_Converted 87XCAEJA
2025-04-12 17:51:26,321 - INFO - Ingress_Mono_Enter R57GI8DF
2025-04-12 17:51:26,335 - INFO - Ingress_Mono_Input_Decoded R57GI8DF
2025-04-12 17:51:26,336 - INFO - Ingress_Mono_Numpy_Converted R57GI8DF
2025-04-12 17:51:26,656 - INFO - Ingress_Mono_Exit 87XCAEJA
2025-04-12 17:51:26,734 - INFO - Ingress_Mono_Exit X42C9PLC
2025-04-12 17:51:27,032 - INFO - Ingress_Mono_Exit R57GI8DF
2025-04-12 17:51:31,079 - INFO - Ingress_Mono_Enter U30TDNTA
2025-04-12 17:51:31,097 - INFO - Ingress_Mono_Input_Decoded U30TDNTA
2025-04-12 17:51:31,099 - INFO - Ingress_Mono_Numpy_Converted U30TDNTA
2025-04-12 17:51:31,503 - INFO - Ingress_Mono_Enter BQ68XYEI
2025-04-12 17:51:31,525 - INFO - Ingress_Mono_Input_Decoded BQ68XYEI
2025-04-12 17:51:31,528 - INFO - Ingress_Mono_Numpy_Converted BQ68XYEI
2025-04-12 17:51:31,826 - INFO - Ingress_Mono_Enter GUS7S7Y8
2025-04-12 17:51:31,842 - INFO - Ingress_Mono_Input_Decoded GUS7S7Y8
2025-04-12 17:51:31,843 - INFO - Ingress_Mono_Numpy_Converted GUS7S7Y8
2025-04-12 17:51:32,676 - INFO - Ingress_Mono_Enter CNJBGOXZ
2025-04-12 17:51:32,700 - INFO - Ingress_Mono_Input_Decoded CNJBGOXZ
2025-04-12 17:51:32,703 - INFO - Ingress_Mono_Numpy_Converted CNJBGOXZ
2025-04-12 17:51:32,747 - INFO - Ingress_Mono_Enter W4QJSKT6
2025-04-12 17:51:32,765 - INFO - Ingress_Mono_Input_Decoded W4QJSKT6
2025-04-12 17:51:32,767 - INFO - Ingress_Mono_Numpy_Converted W4QJSKT6
2025-04-12 17:51:32,904 - INFO - Ingress_Mono_Exit U30TDNTA
2025-04-12 17:51:33,305 - INFO - Ingress_Mono_Exit BQ68XYEI
2025-04-12 17:51:33,469 - INFO - Ingress_Mono_Exit W4QJSKT6
2025-04-12 17:51:33,607 - INFO - Ingress_Mono_Exit GUS7S7Y8
2025-04-12 17:51:33,921 - INFO - Ingress_Mono_Exit CNJBGOXZ
2025-04-12 17:51:44,147 - INFO - Ingress_Mono_Enter LG4V7D3V
2025-04-12 17:51:44,182 - INFO - Ingress_Mono_Input_Decoded LG4V7D3V
2025-04-12 17:51:44,186 - INFO - Ingress_Mono_Numpy_Converted LG4V7D3V
2025-04-12 17:51:44,295 - INFO - Ingress_Mono_Enter 9PY381RR
2025-04-12 17:51:44,319 - INFO - Ingress_Mono_Input_Decoded 9PY381RR
2025-04-12 17:51:44,321 - INFO - Ingress_Mono_Numpy_Converted 9PY381RR
2025-04-12 17:51:44,783 - INFO - Ingress_Mono_Enter OPGFYHH0
2025-04-12 17:51:44,800 - INFO - Ingress_Mono_Input_Decoded OPGFYHH0
2025-04-12 17:51:44,801 - INFO - Ingress_Mono_Numpy_Converted OPGFYHH0
2025-04-12 17:51:44,935 - INFO - Ingress_Mono_Exit LG4V7D3V
2025-04-12 17:51:44,937 - INFO - Ingress_Mono_Exit 9PY381RR
2025-04-12 17:51:45,993 - INFO - Ingress_Mono_Exit OPGFYHH0
2025-04-12 17:51:47,129 - INFO - Ingress_Mono_Enter OA4P09JS
2025-04-12 17:51:47,152 - INFO - Ingress_Mono_Input_Decoded OA4P09JS
2025-04-12 17:51:47,154 - INFO - Ingress_Mono_Numpy_Converted OA4P09JS
2025-04-12 17:51:48,138 - INFO - Ingress_Mono_Exit OA4P09JS
2025-04-12 17:51:49,290 - INFO - Ingress_Mono_Enter 6NQFF7AQ
2025-04-12 17:51:49,307 - INFO - Ingress_Mono_Input_Decoded 6NQFF7AQ
2025-04-12 17:51:49,309 - INFO - Ingress_Mono_Numpy_Converted 6NQFF7AQ
2025-04-12 17:51:49,799 - INFO - Ingress_Mono_Enter 9I89FC8U
2025-04-12 17:51:49,821 - INFO - Ingress_Mono_Input_Decoded 9I89FC8U
2025-04-12 17:51:49,823 - INFO - Ingress_Mono_Numpy_Converted 9I89FC8U
2025-04-12 17:51:50,069 - INFO - Ingress_Mono_Exit 6NQFF7AQ
2025-04-12 17:51:51,062 - INFO - Ingress_Mono_Exit 9I89FC8U
2025-04-12 17:51:51,794 - INFO - Ingress_Mono_Enter RUYMPFNV
2025-04-12 17:51:51,812 - INFO - Ingress_Mono_Input_Decoded RUYMPFNV
2025-04-12 17:51:51,814 - INFO - Ingress_Mono_Numpy_Converted RUYMPFNV
2025-04-12 17:51:52,456 - INFO - Ingress_Mono_Exit RUYMPFNV
2025-04-12 17:51:52,639 - INFO - Ingress_Mono_Enter 77DDQ94S
2025-04-12 17:51:52,692 - INFO - Ingress_Mono_Input_Decoded 77DDQ94S
2025-04-12 17:51:52,697 - INFO - Ingress_Mono_Numpy_Converted 77DDQ94S
2025-04-12 17:51:52,938 - INFO - Ingress_Mono_Enter TO0029TN
2025-04-12 17:51:52,991 - INFO - Ingress_Mono_Input_Decoded TO0029TN
2025-04-12 17:51:52,996 - INFO - Ingress_Mono_Numpy_Converted TO0029TN
2025-04-12 17:51:53,759 - INFO - Ingress_Mono_Exit TO0029TN
2025-04-12 17:51:53,837 - INFO - Ingress_Mono_Exit 77DDQ94S
2025-04-12 17:51:53,880 - INFO - Ingress_Mono_Enter MW1FFCKT
2025-04-12 17:51:53,894 - INFO - Ingress_Mono_Input_Decoded MW1FFCKT
2025-04-12 17:51:53,896 - INFO - Ingress_Mono_Numpy_Converted MW1FFCKT
2025-04-12 17:51:54,305 - INFO - Ingress_Mono_Enter JPNMKEKF
2025-04-12 17:51:54,324 - INFO - Ingress_Mono_Input_Decoded JPNMKEKF
2025-04-12 17:51:54,326 - INFO - Ingress_Mono_Numpy_Converted JPNMKEKF
2025-04-12 17:51:54,481 - INFO - Ingress_Mono_Exit MW1FFCKT
2025-04-12 17:51:54,810 - INFO - Ingress_Mono_Enter 9NWGTIK5
2025-04-12 17:51:54,830 - INFO - Ingress_Mono_Input_Decoded 9NWGTIK5
2025-04-12 17:51:54,832 - INFO - Ingress_Mono_Numpy_Converted 9NWGTIK5
2025-04-12 17:51:55,173 - INFO - Ingress_Mono_Exit 9NWGTIK5
2025-04-12 17:51:55,305 - INFO - Ingress_Mono_Exit JPNMKEKF
2025-04-12 17:51:55,549 - INFO - Ingress_Mono_Enter E6DNDF8X
2025-04-12 17:51:55,564 - INFO - Ingress_Mono_Input_Decoded E6DNDF8X
2025-04-12 17:51:55,566 - INFO - Ingress_Mono_Numpy_Converted E6DNDF8X
2025-04-12 17:51:55,882 - INFO - Ingress_Mono_Exit E6DNDF8X
2025-04-12 17:51:57,546 - INFO - Ingress_Mono_Enter QQ8ITGPN
2025-04-12 17:51:57,558 - INFO - Ingress_Mono_Input_Decoded QQ8ITGPN
2025-04-12 17:51:57,559 - INFO - Ingress_Mono_Numpy_Converted QQ8ITGPN
2025-04-12 17:51:57,995 - INFO - Ingress_Mono_Enter MOQV4ZXX
2025-04-12 17:51:58,026 - INFO - Ingress_Mono_Input_Decoded MOQV4ZXX
2025-04-12 17:51:58,029 - INFO - Ingress_Mono_Numpy_Converted MOQV4ZXX
2025-04-12 17:51:58,604 - INFO - Ingress_Mono_Exit QQ8ITGPN
2025-04-12 17:51:58,969 - INFO - Ingress_Mono_Exit MOQV4ZXX
2025-04-12 17:51:59,308 - INFO - Ingress_Mono_Enter 7M7HOY7Q
2025-04-12 17:51:59,328 - INFO - Ingress_Mono_Input_Decoded 7M7HOY7Q
2025-04-12 17:51:59,330 - INFO - Ingress_Mono_Numpy_Converted 7M7HOY7Q
2025-04-12 17:52:00,361 - INFO - Ingress_Mono_Exit 7M7HOY7Q
2025-04-12 17:52:00,472 - INFO - Ingress_Mono_Enter UPPE5UEJ
2025-04-12 17:52:00,489 - INFO - Ingress_Mono_Input_Decoded UPPE5UEJ
2025-04-12 17:52:00,490 - INFO - Ingress_Mono_Numpy_Converted UPPE5UEJ
2025-04-12 17:52:01,329 - INFO - Ingress_Mono_Enter 1KM9OSUJ
2025-04-12 17:52:01,358 - INFO - Ingress_Mono_Input_Decoded 1KM9OSUJ
2025-04-12 17:52:01,361 - INFO - Ingress_Mono_Numpy_Converted 1KM9OSUJ
2025-04-12 17:52:01,678 - INFO - Ingress_Mono_Exit UPPE5UEJ
2025-04-12 17:52:02,204 - INFO - Ingress_Mono_Exit 1KM9OSUJ
2025-04-12 17:52:03,667 - INFO - Ingress_Mono_Enter B57HYKTZ
2025-04-12 17:52:03,690 - INFO - Ingress_Mono_Input_Decoded B57HYKTZ
2025-04-12 17:52:03,693 - INFO - Ingress_Mono_Numpy_Converted B57HYKTZ
2025-04-12 17:52:03,822 - INFO - Ingress_Mono_Enter I726JOJB
2025-04-12 17:52:03,837 - INFO - Ingress_Mono_Input_Decoded I726JOJB
2025-04-12 17:52:03,839 - INFO - Ingress_Mono_Numpy_Converted I726JOJB
2025-04-12 17:52:03,906 - INFO - Ingress_Mono_Enter 5KYBQJM2
2025-04-12 17:52:03,922 - INFO - Ingress_Mono_Input_Decoded 5KYBQJM2
2025-04-12 17:52:03,923 - INFO - Ingress_Mono_Numpy_Converted 5KYBQJM2
2025-04-12 17:52:04,066 - INFO - Ingress_Mono_Exit B57HYKTZ
2025-04-12 17:52:04,120 - INFO - Ingress_Mono_Exit I726JOJB
2025-04-12 17:52:04,638 - INFO - Ingress_Mono_Exit 5KYBQJM2
2025-04-12 17:52:10,918 - INFO - Ingress_Mono_Enter VU97PDXH
2025-04-12 17:52:10,936 - INFO - Ingress_Mono_Input_Decoded VU97PDXH
2025-04-12 17:52:10,938 - INFO - Ingress_Mono_Numpy_Converted VU97PDXH
2025-04-12 17:52:11,523 - INFO - Ingress_Mono_Exit VU97PDXH
2025-04-12 17:52:12,755 - INFO - Ingress_Mono_Enter FUGYU420
2025-04-12 17:52:12,774 - INFO - Ingress_Mono_Input_Decoded FUGYU420
2025-04-12 17:52:12,775 - INFO - Ingress_Mono_Numpy_Converted FUGYU420
2025-04-12 17:52:13,089 - INFO - Ingress_Mono_Enter NWJGJM0S
2025-04-12 17:52:13,108 - INFO - Ingress_Mono_Input_Decoded NWJGJM0S
2025-04-12 17:52:13,110 - INFO - Ingress_Mono_Numpy_Converted NWJGJM0S
2025-04-12 17:52:13,359 - INFO - Ingress_Mono_Exit FUGYU420
2025-04-12 17:52:13,933 - INFO - Ingress_Mono_Exit NWJGJM0S
2025-04-12 17:52:14,249 - INFO - Ingress_Mono_Enter G1WPFHCA
2025-04-12 17:52:14,262 - INFO - Ingress_Mono_Input_Decoded G1WPFHCA
2025-04-12 17:52:14,263 - INFO - Ingress_Mono_Numpy_Converted G1WPFHCA
2025-04-12 17:52:14,623 - INFO - Ingress_Mono_Exit G1WPFHCA
2025-04-12 17:52:16,178 - INFO - Ingress_Mono_Enter JSKHMWYF
2025-04-12 17:52:16,198 - INFO - Ingress_Mono_Input_Decoded JSKHMWYF
2025-04-12 17:52:16,200 - INFO - Ingress_Mono_Numpy_Converted JSKHMWYF
2025-04-12 17:52:16,925 - INFO - Ingress_Mono_Exit JSKHMWYF
2025-04-12 17:52:17,007 - INFO - Ingress_Mono_Enter 7TAX28WM
2025-04-12 17:52:17,020 - INFO - Ingress_Mono_Input_Decoded 7TAX28WM
2025-04-12 17:52:17,021 - INFO - Ingress_Mono_Numpy_Converted 7TAX28WM
2025-04-12 17:52:17,755 - INFO - Ingress_Mono_Exit 7TAX28WM
2025-04-12 17:52:18,924 - INFO - Ingress_Mono_Enter 3XJEOE45
2025-04-12 17:52:18,936 - INFO - Ingress_Mono_Input_Decoded 3XJEOE45
2025-04-12 17:52:18,937 - INFO - Ingress_Mono_Numpy_Converted 3XJEOE45
2025-04-12 17:52:19,960 - INFO - Ingress_Mono_Exit 3XJEOE45
2025-04-12 17:52:20,264 - INFO - Ingress_Mono_Enter UJITG6FO
2025-04-12 17:52:20,279 - INFO - Ingress_Mono_Input_Decoded UJITG6FO
2025-04-12 17:52:20,280 - INFO - Ingress_Mono_Numpy_Converted UJITG6FO
2025-04-12 17:52:20,627 - INFO - Ingress_Mono_Exit UJITG6FO
2025-04-12 17:52:21,193 - INFO - Ingress_Mono_Enter 86YSJ2VX
2025-04-12 17:52:21,215 - INFO - Ingress_Mono_Input_Decoded 86YSJ2VX
2025-04-12 17:52:21,217 - INFO - Ingress_Mono_Numpy_Converted 86YSJ2VX
2025-04-12 17:52:22,146 - INFO - Ingress_Mono_Exit 86YSJ2VX
2025-04-12 17:52:22,438 - INFO - Ingress_Mono_Enter Z3VFEV2F
2025-04-12 17:52:22,456 - INFO - Ingress_Mono_Input_Decoded Z3VFEV2F
2025-04-12 17:52:22,458 - INFO - Ingress_Mono_Numpy_Converted Z3VFEV2F
2025-04-12 17:52:23,169 - INFO - Ingress_Mono_Exit Z3VFEV2F
