2025-04-01 02:39:04,314 - INFO - Ingress_Enter OXGOR63J
2025-04-01 02:39:04,710 - INFO - Ingress_Enter 3S0ULUTF
2025-04-01 02:39:05,038 - INFO - Ingress_Enter P1JFDNOX
2025-04-01 02:39:05,177 - INFO - Ingress_Enter IS04HNQF
2025-04-01 02:39:05,194 - INFO - Ingress_Exit 3S0ULUTF
2025-04-01 02:39:05,215 - INFO - Ingress_Exit OXGOR63J
2025-04-01 02:39:05,280 - INFO - Ingress_Exit IS04HNQF
2025-04-01 02:39:05,368 - INFO - Ingress_Exit P1JFDNOX
2025-04-01 02:39:15,408 - INFO - Ingress_Enter K67M34RY
2025-04-01 02:39:15,513 - INFO - Ingress_Exit K67M34RY
2025-04-01 02:39:16,063 - INFO - Ingress_Enter 0BG43ATL
2025-04-01 02:39:16,113 - INFO - Ingress_Enter J9MSPGHJ
2025-04-01 02:39:16,172 - INFO - Ingress_Exit 0BG43ATL
2025-04-01 02:39:16,213 - INFO - Ingress_Exit J9MSPGHJ
2025-04-01 02:39:16,253 - INFO - Ingress_Enter H9BNHQDE
2025-04-01 02:39:16,353 - INFO - Ingress_Exit H9BNHQDE
2025-04-01 02:39:16,820 - INFO - Ingress_Enter Z6ZXV1SN
2025-04-01 02:39:16,853 - INFO - Ingress_Enter B30U96TS
2025-04-01 02:39:16,939 - INFO - Ingress_Exit Z6ZXV1SN
2025-04-01 02:39:17,019 - INFO - Ingress_Exit B30U96TS
2025-04-01 02:39:17,769 - INFO - Ingress_Enter 8DT9TVL3
2025-04-01 02:39:17,837 - INFO - Ingress_Enter YAKR6TRF
2025-04-01 02:39:17,917 - INFO - Ingress_Exit 8DT9TVL3
2025-04-01 02:39:17,952 - INFO - Ingress_Exit YAKR6TRF
2025-04-01 02:39:18,112 - INFO - Ingress_Enter F7FMOYYH
2025-04-01 02:39:18,212 - INFO - Ingress_Exit F7FMOYYH
2025-04-01 02:39:18,285 - INFO - Ingress_Enter IX75G5DA
2025-04-01 02:39:18,389 - INFO - Ingress_Exit IX75G5DA
2025-04-01 02:39:18,528 - INFO - Ingress_Enter 4T3RNLJ5
2025-04-01 02:39:18,642 - INFO - Ingress_Exit 4T3RNLJ5
2025-04-01 02:39:18,734 - INFO - Ingress_Enter MLUURE1I
2025-04-01 02:39:18,838 - INFO - Ingress_Exit MLUURE1I
2025-04-01 02:39:19,355 - INFO - Ingress_Enter F1X8VV1X
2025-04-01 02:39:19,469 - INFO - Ingress_Exit F1X8VV1X
2025-04-01 02:39:19,871 - INFO - Ingress_Enter BN9N8NB7
2025-04-01 02:39:19,969 - INFO - Ingress_Exit BN9N8NB7
2025-04-01 02:39:20,871 - INFO - Ingress_Enter WODEI530
2025-04-01 02:39:20,997 - INFO - Ingress_Exit WODEI530
2025-04-01 02:39:21,111 - INFO - Ingress_Enter 47OXOZF4
2025-04-01 02:39:21,145 - INFO - Ingress_Enter TS41OS7J
2025-04-01 02:39:21,208 - INFO - Ingress_Exit 47OXOZF4
2025-04-01 02:39:21,274 - INFO - Ingress_Exit TS41OS7J
2025-04-01 02:39:21,525 - INFO - Ingress_Enter 22VC08U4
2025-04-01 02:39:21,577 - INFO - Ingress_Enter 80IQMLI3
2025-04-01 02:39:21,624 - INFO - Ingress_Exit 22VC08U4
2025-04-01 02:39:21,646 - INFO - Ingress_Enter Z9R6VST1
2025-04-01 02:39:21,669 - INFO - Ingress_Exit 80IQMLI3
2025-04-01 02:39:21,745 - INFO - Ingress_Exit Z9R6VST1
2025-04-01 02:39:22,109 - INFO - Ingress_Enter SB3C07VT
2025-04-01 02:39:22,214 - INFO - Ingress_Exit SB3C07VT
2025-04-01 02:39:22,523 - INFO - Ingress_Enter GSR0UDAE
2025-04-01 02:39:22,574 - INFO - Ingress_Enter XEXNF69U
2025-04-01 02:39:22,609 - INFO - Ingress_Enter G4W6D42M
2025-04-01 02:39:22,624 - INFO - Ingress_Exit GSR0UDAE
2025-04-01 02:39:22,674 - INFO - Ingress_Exit XEXNF69U
2025-04-01 02:39:22,702 - INFO - Ingress_Exit G4W6D42M
2025-04-01 02:39:22,852 - INFO - Ingress_Enter ZO0718AX
2025-04-01 02:39:22,867 - INFO - Ingress_Enter 7HBY01B6
2025-04-01 02:39:22,952 - INFO - Ingress_Exit ZO0718AX
2025-04-01 02:39:22,982 - INFO - Ingress_Exit 7HBY01B6
2025-04-01 02:39:23,161 - INFO - Ingress_Enter 11UUETUG
2025-04-01 02:39:23,255 - INFO - Ingress_Exit 11UUETUG
2025-04-01 02:39:23,333 - INFO - Ingress_Enter PU47XRTQ
2025-04-01 02:39:23,433 - INFO - Ingress_Exit PU47XRTQ
2025-04-01 02:39:24,003 - INFO - Ingress_Enter 5GQE9BYL
2025-04-01 02:39:24,089 - INFO - Ingress_Enter 2MN6HW2U
2025-04-01 02:39:24,100 - INFO - Ingress_Exit 5GQE9BYL
2025-04-01 02:39:24,201 - INFO - Ingress_Exit 2MN6HW2U
2025-04-01 02:39:24,777 - INFO - Ingress_Enter B30SOROO
2025-04-01 02:39:24,865 - INFO - Ingress_Exit B30SOROO
2025-04-01 02:39:25,588 - INFO - Ingress_Enter IAP2GZK4
2025-04-01 02:39:25,677 - INFO - Ingress_Enter LGBS29DY
2025-04-01 02:39:25,690 - INFO - Ingress_Exit IAP2GZK4
2025-04-01 02:39:25,800 - INFO - Ingress_Exit LGBS29DY
2025-04-01 02:39:25,897 - INFO - Ingress_Enter 3358MI48
2025-04-01 02:39:25,993 - INFO - Ingress_Exit 3358MI48
2025-04-01 02:39:26,777 - INFO - Ingress_Enter LCIK6H2J
2025-04-01 02:39:26,891 - INFO - Ingress_Exit LCIK6H2J
2025-04-01 02:39:27,656 - INFO - Ingress_Enter PR6NQQLT
2025-04-01 02:39:27,788 - INFO - Ingress_Exit PR6NQQLT
2025-04-01 02:39:27,809 - INFO - Ingress_Enter QE8WF6YZ
2025-04-01 02:39:27,903 - INFO - Ingress_Exit QE8WF6YZ
2025-04-01 02:39:28,202 - INFO - Ingress_Enter A6M0RHJ9
2025-04-01 02:39:28,300 - INFO - Ingress_Exit A6M0RHJ9
2025-04-01 02:39:29,340 - INFO - Ingress_Enter Z9XSAXOS
2025-04-01 02:39:29,441 - INFO - Ingress_Exit Z9XSAXOS
2025-04-01 02:39:30,078 - INFO - Ingress_Enter PVWKZD3H
2025-04-01 02:39:30,191 - INFO - Ingress_Exit PVWKZD3H
2025-04-01 02:39:30,233 - INFO - Ingress_Enter 8XMKCSMB
2025-04-01 02:39:30,335 - INFO - Ingress_Exit 8XMKCSMB
2025-04-01 02:39:30,680 - INFO - Ingress_Enter PTVDDR1Y
2025-04-01 02:39:30,789 - INFO - Ingress_Exit PTVDDR1Y
2025-04-01 02:39:31,313 - INFO - Ingress_Enter I59JLPPX
2025-04-01 02:39:31,415 - INFO - Ingress_Exit I59JLPPX
2025-04-01 02:39:32,119 - INFO - Ingress_Enter G8PWVRL2
2025-04-01 02:39:32,216 - INFO - Ingress_Exit G8PWVRL2
2025-04-01 02:39:32,257 - INFO - Ingress_Enter TK0T63LD
2025-04-01 02:39:32,343 - INFO - Ingress_Enter SLNQZRBE
2025-04-01 02:39:32,375 - INFO - Ingress_Exit TK0T63LD
2025-04-01 02:39:32,441 - INFO - Ingress_Exit SLNQZRBE
2025-04-01 02:39:32,514 - INFO - Ingress_Enter QLE6032M
2025-04-01 02:39:32,600 - INFO - Ingress_Enter A78K5Y4C
2025-04-01 02:39:32,610 - INFO - Ingress_Exit QLE6032M
2025-04-01 02:39:32,735 - INFO - Ingress_Exit A78K5Y4C
2025-04-01 02:39:34,043 - INFO - Ingress_Enter 9K2OYXLE
2025-04-01 02:39:34,141 - INFO - Ingress_Exit 9K2OYXLE
2025-04-01 02:39:34,266 - INFO - Ingress_Enter T3HANEJU
2025-04-01 02:39:34,283 - INFO - Ingress_Enter BPIDBE6E
2025-04-01 02:39:34,384 - INFO - Ingress_Exit BPIDBE6E
2025-04-01 02:39:34,450 - INFO - Ingress_Exit T3HANEJU
2025-04-01 02:39:34,834 - INFO - Ingress_Enter ZN783PL6
2025-04-01 02:39:34,940 - INFO - Ingress_Exit ZN783PL6
2025-04-01 02:39:35,074 - INFO - Ingress_Enter E4HWRE87
2025-04-01 02:39:35,176 - INFO - Ingress_Exit E4HWRE87
2025-04-01 02:39:35,315 - INFO - Ingress_Enter XO3BOLHX
2025-04-01 02:39:35,415 - INFO - Ingress_Exit XO3BOLHX
2025-04-01 02:39:36,088 - INFO - Ingress_Enter SUFPROTU
2025-04-01 02:39:36,189 - INFO - Ingress_Exit SUFPROTU
2025-04-01 02:39:36,828 - INFO - Ingress_Enter 18KUHILS
2025-04-01 02:39:36,923 - INFO - Ingress_Exit 18KUHILS
2025-04-01 02:39:37,084 - INFO - Ingress_Enter 3VUNNZ49
2025-04-01 02:39:37,204 - INFO - Ingress_Exit 3VUNNZ49
2025-04-01 02:39:37,393 - INFO - Ingress_Enter WTUXPNUB
2025-04-01 02:39:37,489 - INFO - Ingress_Exit WTUXPNUB
2025-04-01 02:39:37,598 - INFO - Ingress_Enter JY3HQ3ZE
2025-04-01 02:39:37,697 - INFO - Ingress_Exit JY3HQ3ZE
2025-04-01 02:39:38,045 - INFO - Ingress_Enter IIQD11PM
2025-04-01 02:39:38,077 - INFO - Ingress_Enter B9LGTXL8
2025-04-01 02:39:38,144 - INFO - Ingress_Exit IIQD11PM
2025-04-01 02:39:38,186 - INFO - Ingress_Exit B9LGTXL8
2025-04-01 02:39:39,212 - INFO - Ingress_Enter VY34VILB
2025-04-01 02:39:39,308 - INFO - Ingress_Exit VY34VILB
2025-04-01 02:39:39,555 - INFO - Ingress_Enter NRPD80LL
2025-04-01 02:39:39,677 - INFO - Ingress_Exit NRPD80LL
2025-04-01 02:39:40,587 - INFO - Ingress_Enter A1ODVF3X
2025-04-01 02:39:40,685 - INFO - Ingress_Exit A1ODVF3X
2025-04-01 02:39:40,691 - INFO - Ingress_Enter XCH7U0JO
2025-04-01 02:39:40,707 - INFO - Ingress_Enter 0VSTABY0
2025-04-01 02:39:40,789 - INFO - Ingress_Exit XCH7U0JO
2025-04-01 02:39:40,826 - INFO - Ingress_Exit 0VSTABY0
2025-04-01 02:39:41,018 - INFO - Ingress_Enter Q9N70R1G
2025-04-01 02:39:41,034 - INFO - Ingress_Enter OGXIDTST
2025-04-01 02:39:41,141 - INFO - Ingress_Exit Q9N70R1G
2025-04-01 02:39:41,145 - INFO - Ingress_Exit OGXIDTST
2025-04-01 02:39:41,155 - INFO - Ingress_Enter AW3RP2F9
2025-04-01 02:39:41,273 - INFO - Ingress_Exit AW3RP2F9
2025-04-01 02:39:41,721 - INFO - Ingress_Enter F7N58R7M
2025-04-01 02:39:41,812 - INFO - Ingress_Exit F7N58R7M
2025-04-01 02:39:41,908 - INFO - Ingress_Enter 8G26LBW1
2025-04-01 02:39:41,942 - INFO - Ingress_Enter 30UN76CH
2025-04-01 02:39:42,003 - INFO - Ingress_Exit 8G26LBW1
2025-04-01 02:39:42,042 - INFO - Ingress_Exit 30UN76CH
2025-04-01 02:39:42,147 - INFO - Ingress_Enter YMDCFY7U
2025-04-01 02:39:42,243 - INFO - Ingress_Exit YMDCFY7U
2025-04-01 02:39:42,593 - INFO - Ingress_Enter VZUEUHIY
2025-04-01 02:39:42,696 - INFO - Ingress_Enter PQ4XYDVJ
2025-04-01 02:39:42,696 - INFO - Ingress_Exit VZUEUHIY
2025-04-01 02:39:42,797 - INFO - Ingress_Exit PQ4XYDVJ
2025-04-01 02:39:43,848 - INFO - Ingress_Enter 5AQRCVAS
2025-04-01 02:39:43,956 - INFO - Ingress_Exit 5AQRCVAS
2025-04-01 02:39:44,034 - INFO - Ingress_Enter 1WZ6IQ2Q
2025-04-01 02:39:44,140 - INFO - Ingress_Exit 1WZ6IQ2Q
2025-04-01 02:39:44,239 - INFO - Ingress_Enter V7USUO66
2025-04-01 02:39:44,290 - INFO - Ingress_Enter 95KUS39U
2025-04-01 02:39:44,335 - INFO - Ingress_Exit V7USUO66
2025-04-01 02:39:44,386 - INFO - Ingress_Exit 95KUS39U
2025-04-01 02:39:44,410 - INFO - Ingress_Enter E3BAX558
2025-04-01 02:39:44,426 - INFO - Ingress_Enter GR2ANO4W
2025-04-01 02:39:44,531 - INFO - Ingress_Exit GR2ANO4W
2025-04-01 02:39:44,532 - INFO - Ingress_Exit E3BAX558
2025-04-01 02:39:45,673 - INFO - Ingress_Enter 8C3LLG07
2025-04-01 02:39:45,782 - INFO - Ingress_Exit 8C3LLG07
2025-04-01 02:39:45,897 - INFO - Ingress_Enter 1E6NU3RK
2025-04-01 02:39:45,931 - INFO - Ingress_Enter R4KX65NS
2025-04-01 02:39:45,996 - INFO - Ingress_Exit 1E6NU3RK
2025-04-01 02:39:46,029 - INFO - Ingress_Exit R4KX65NS
2025-04-01 02:39:50,036 - INFO - Ingress_Enter 20ASBJYN
2025-04-01 02:39:50,170 - INFO - Ingress_Exit 20ASBJYN
2025-04-01 02:39:50,225 - INFO - Ingress_Enter XEEEFBTA
2025-04-01 02:39:50,242 - INFO - Ingress_Enter X3CAE5MF
2025-04-01 02:39:50,259 - INFO - Ingress_Enter L9KQQCIS
2025-04-01 02:39:50,326 - INFO - Ingress_Exit XEEEFBTA
2025-04-01 02:39:50,361 - INFO - Ingress_Exit X3CAE5MF
2025-04-01 02:39:50,364 - INFO - Ingress_Exit L9KQQCIS
2025-04-01 02:40:00,424 - INFO - Ingress_Enter 3E9HBBDD
2025-04-01 02:40:00,528 - INFO - Ingress_Exit 3E9HBBDD
2025-04-01 02:40:00,595 - INFO - Ingress_Enter MDPB67H8
2025-04-01 02:40:00,697 - INFO - Ingress_Exit MDPB67H8
2025-04-01 02:40:01,024 - INFO - Ingress_Enter 8J495YLJ
2025-04-01 02:40:01,116 - INFO - Ingress_Exit 8J495YLJ
2025-04-01 02:40:01,264 - INFO - Ingress_Enter 15JZVYEU
2025-04-01 02:40:01,361 - INFO - Ingress_Exit 15JZVYEU
2025-04-01 02:40:01,402 - INFO - Ingress_Enter 3XIOJ8GN
2025-04-01 02:40:01,501 - INFO - Ingress_Exit 3XIOJ8GN
2025-04-01 02:40:01,729 - INFO - Ingress_Enter MS1OMBK2
2025-04-01 02:40:01,847 - INFO - Ingress_Exit MS1OMBK2
2025-04-01 02:40:02,836 - INFO - Ingress_Enter 4448SFWB
2025-04-01 02:40:02,954 - INFO - Ingress_Exit 4448SFWB
2025-04-01 02:40:02,956 - INFO - Ingress_Enter 5S2H9V72
2025-04-01 02:40:03,078 - INFO - Ingress_Exit 5S2H9V72
2025-04-01 02:40:03,418 - INFO - Ingress_Enter B253FNUP
2025-04-01 02:40:03,518 - INFO - Ingress_Exit B253FNUP
2025-04-01 02:40:04,590 - INFO - Ingress_Enter CMBMREQ9
2025-04-01 02:40:04,706 - INFO - Ingress_Exit CMBMREQ9
2025-04-01 02:40:04,742 - INFO - Ingress_Enter SGMSNYYI
2025-04-01 02:40:04,864 - INFO - Ingress_Exit SGMSNYYI
2025-04-01 02:40:05,306 - INFO - Ingress_Enter 7VRGROCD
2025-04-01 02:40:05,430 - INFO - Ingress_Exit 7VRGROCD
2025-04-01 02:40:06,521 - INFO - Ingress_Enter G3AA14NY
2025-04-01 02:40:06,622 - INFO - Ingress_Exit G3AA14NY
2025-04-01 02:40:07,051 - INFO - Ingress_Enter 33FMLBXU
2025-04-01 02:40:07,165 - INFO - Ingress_Enter BD85NV9S
2025-04-01 02:40:07,166 - INFO - Ingress_Enter 74UO0Y2D
2025-04-01 02:40:07,166 - INFO - Ingress_Enter 9RGV5KQV
2025-04-01 02:40:07,166 - INFO - Ingress_Enter BYW46FK8
2025-04-01 02:40:07,253 - INFO - Ingress_Exit 33FMLBXU
2025-04-01 02:40:07,285 - INFO - Ingress_Exit 9RGV5KQV
2025-04-01 02:40:07,369 - INFO - Ingress_Exit BD85NV9S
2025-04-01 02:40:07,376 - INFO - Ingress_Exit 74UO0Y2D
2025-04-01 02:40:07,453 - INFO - Ingress_Exit BYW46FK8
2025-04-01 02:40:17,621 - INFO - Ingress_Enter 4IK4F9T8
2025-04-01 02:40:17,721 - INFO - Ingress_Exit 4IK4F9T8
2025-04-01 02:40:18,085 - INFO - Ingress_Enter KGTVIYQD
2025-04-01 02:40:18,101 - INFO - Ingress_Enter OGWW3ZUC
2025-04-01 02:40:18,177 - INFO - Ingress_Exit KGTVIYQD
2025-04-01 02:40:18,188 - INFO - Ingress_Exit OGWW3ZUC
2025-04-01 02:40:18,909 - INFO - Ingress_Enter RE9NKQHU
2025-04-01 02:40:19,004 - INFO - Ingress_Exit RE9NKQHU
2025-04-01 02:40:19,356 - INFO - Ingress_Enter FTNMZ7MS
2025-04-01 02:40:19,454 - INFO - Ingress_Exit FTNMZ7MS
2025-04-01 02:40:19,459 - INFO - Ingress_Enter A8SOTQ5R
2025-04-01 02:40:19,544 - INFO - Ingress_Enter GBHBWFF4
2025-04-01 02:40:19,568 - INFO - Ingress_Exit A8SOTQ5R
2025-04-01 02:40:19,637 - INFO - Ingress_Exit GBHBWFF4
2025-04-01 02:40:19,992 - INFO - Ingress_Enter 1OV7N5NQ
2025-04-01 02:40:20,091 - INFO - Ingress_Exit 1OV7N5NQ
2025-04-01 02:40:20,561 - INFO - Ingress_Enter HKSF95VG
2025-04-01 02:40:20,661 - INFO - Ingress_Exit HKSF95VG
2025-04-01 02:40:20,767 - INFO - Ingress_Enter 1IQA8U6B
2025-04-01 02:40:20,870 - INFO - Ingress_Exit 1IQA8U6B
2025-04-01 02:40:21,517 - INFO - Ingress_Enter FSCIJF68
2025-04-01 02:40:21,620 - INFO - Ingress_Exit FSCIJF68
2025-04-01 02:40:21,654 - INFO - Ingress_Enter 8STQ6SW1
2025-04-01 02:40:21,749 - INFO - Ingress_Exit 8STQ6SW1
2025-04-01 02:40:21,928 - INFO - Ingress_Enter 4UENBVSX
2025-04-01 02:40:22,014 - INFO - Ingress_Enter FQPO4NUD
2025-04-01 02:40:22,031 - INFO - Ingress_Exit 4UENBVSX
2025-04-01 02:40:22,127 - INFO - Ingress_Exit FQPO4NUD
2025-04-01 02:40:22,441 - INFO - Ingress_Enter LKSIUH8C
2025-04-01 02:40:22,565 - INFO - Ingress_Exit LKSIUH8C
2025-04-01 02:40:22,750 - INFO - Ingress_Enter GY56NB67
2025-04-01 02:40:22,862 - INFO - Ingress_Exit GY56NB67
2025-04-01 02:40:22,972 - INFO - Ingress_Enter FQ99MHIO
2025-04-01 02:40:23,064 - INFO - Ingress_Exit FQ99MHIO
2025-04-01 02:40:23,178 - INFO - Ingress_Enter Z4UJBT3L
2025-04-01 02:40:23,277 - INFO - Ingress_Exit Z4UJBT3L
2025-04-01 02:40:23,504 - INFO - Ingress_Enter SCWPEHN1
2025-04-01 02:40:23,596 - INFO - Ingress_Exit SCWPEHN1
2025-04-01 02:40:23,607 - INFO - Ingress_Enter K6S93IS2
2025-04-01 02:40:23,717 - INFO - Ingress_Exit K6S93IS2
2025-04-01 02:40:23,780 - INFO - Ingress_Enter 51D5DG48
2025-04-01 02:40:23,871 - INFO - Ingress_Exit 51D5DG48
2025-04-01 02:40:24,019 - INFO - Ingress_Enter G3AHQQVE
2025-04-01 02:40:24,112 - INFO - Ingress_Exit G3AHQQVE
2025-04-01 02:40:24,619 - INFO - Ingress_Enter YYZKFAFW
2025-04-01 02:40:24,729 - INFO - Ingress_Exit YYZKFAFW
2025-04-01 02:40:24,748 - INFO - Ingress_Enter XXJN7X1D
2025-04-01 02:40:24,855 - INFO - Ingress_Exit XXJN7X1D
2025-04-01 02:40:25,288 - INFO - Ingress_Enter OYQVD706
2025-04-01 02:40:25,403 - INFO - Ingress_Exit OYQVD706
2025-04-01 02:40:26,046 - INFO - Ingress_Enter 1EDZNRG2
2025-04-01 02:40:26,063 - INFO - Ingress_Enter 8O4BFMG3
2025-04-01 02:40:26,081 - INFO - Ingress_Enter UL6OR6MU
2025-04-01 02:40:26,148 - INFO - Ingress_Exit 1EDZNRG2
2025-04-01 02:40:26,159 - INFO - Ingress_Exit 8O4BFMG3
2025-04-01 02:40:26,207 - INFO - Ingress_Exit UL6OR6MU
2025-04-01 02:40:36,296 - INFO - Ingress_Enter RSHFE4CE
2025-04-01 02:40:36,401 - INFO - Ingress_Exit RSHFE4CE
2025-04-01 02:40:36,639 - INFO - Ingress_Enter KCJXXD2V
2025-04-01 02:40:36,724 - INFO - Ingress_Enter 2SG05ZS2
2025-04-01 02:40:36,740 - INFO - Ingress_Exit KCJXXD2V
2025-04-01 02:40:36,836 - INFO - Ingress_Exit 2SG05ZS2
2025-04-01 02:40:37,209 - INFO - Ingress_Enter TDGVCGPE
2025-04-01 02:40:37,307 - INFO - Ingress_Exit TDGVCGPE
2025-04-01 02:40:37,363 - INFO - Ingress_Enter YJV0M256
2025-04-01 02:40:37,432 - INFO - Ingress_Enter UE4BI438
2025-04-01 02:40:37,457 - INFO - Ingress_Exit YJV0M256
2025-04-01 02:40:37,527 - INFO - Ingress_Exit UE4BI438
2025-04-01 02:40:39,742 - INFO - Ingress_Enter NQ9VDVFL
2025-04-01 02:40:39,758 - INFO - Ingress_Enter YU8REX1L
2025-04-01 02:40:39,793 - INFO - Ingress_Enter O7MA2W9F
2025-04-01 02:40:39,840 - INFO - Ingress_Exit NQ9VDVFL
2025-04-01 02:40:39,896 - INFO - Ingress_Exit YU8REX1L
2025-04-01 02:40:39,903 - INFO - Ingress_Exit O7MA2W9F
