2025-03-31 23:26:20,552 - INFO - Ingress_Enter KRYDIP8A
2025-03-31 23:26:20,685 - INFO - Ingress_Exit KRYDIP8A
2025-03-31 23:26:21,437 - INFO - Ingress_Enter 7PFVJUDT
2025-03-31 23:26:21,536 - INFO - Ingress_Exit 7PFVJUDT
2025-03-31 23:26:21,864 - INFO - Ingress_Enter SZ43VAOQ
2025-03-31 23:26:21,968 - INFO - Ingress_Exit SZ43VAOQ
2025-03-31 23:26:22,060 - INFO - Ingress_Enter Q7SEI719
2025-03-31 23:26:22,158 - INFO - Ingress_Exit Q7SEI719
2025-03-31 23:26:22,388 - INFO - Ingress_Enter T0OI2VXH
2025-03-31 23:26:22,496 - INFO - Ingress_Exit T0OI2VXH
2025-03-31 23:26:22,684 - INFO - Ingress_Enter 3W3L0VXE
2025-03-31 23:26:22,749 - INFO - Ingress_Enter GPLR3HAS
2025-03-31 23:26:22,791 - INFO - Ingress_Exit 3W3L0VXE
2025-03-31 23:26:22,841 - INFO - Ingress_Exit GPLR3HAS
2025-03-31 23:26:22,945 - INFO - Ingress_Enter TYD7HZS6
2025-03-31 23:26:23,041 - INFO - Ingress_Exit TYD7HZS6
2025-03-31 23:26:23,076 - INFO - Ingress_Enter 0CCDMSZT
2025-03-31 23:26:23,142 - INFO - Ingress_Enter AYVHDAWS
2025-03-31 23:26:23,167 - INFO - Ingress_Exit 0CCDMSZT
2025-03-31 23:26:23,233 - INFO - Ingress_Exit AYVHDAWS
2025-03-31 23:26:23,963 - INFO - Ingress_Enter 6IZHDDOX
2025-03-31 23:26:24,061 - INFO - Ingress_Exit 6IZHDDOX
2025-03-31 23:26:24,259 - INFO - Ingress_Enter HS5HY38K
2025-03-31 23:26:24,291 - INFO - Ingress_Enter 402GF9MF
2025-03-31 23:26:24,350 - INFO - Ingress_Exit HS5HY38K
2025-03-31 23:26:24,383 - INFO - Ingress_Exit 402GF9MF
2025-03-31 23:26:24,685 - INFO - Ingress_Enter YILKUXPT
2025-03-31 23:26:24,789 - INFO - Ingress_Exit YILKUXPT
2025-03-31 23:26:24,916 - INFO - Ingress_Enter M1SJ1TGP
2025-03-31 23:26:24,981 - INFO - Ingress_Enter UPQ67FE6
2025-03-31 23:26:25,034 - INFO - Ingress_Exit M1SJ1TGP
2025-03-31 23:26:25,075 - INFO - Ingress_Exit UPQ67FE6
2025-03-31 23:26:25,538 - INFO - Ingress_Enter N48NS70U
2025-03-31 23:26:25,569 - INFO - Ingress_Enter 41IFFIH2
2025-03-31 23:26:25,602 - INFO - Ingress_Enter UC1P1RXG
2025-03-31 23:26:25,629 - INFO - Ingress_Exit N48NS70U
2025-03-31 23:26:25,662 - INFO - Ingress_Exit 41IFFIH2
2025-03-31 23:26:25,695 - INFO - Ingress_Exit UC1P1RXG
2025-03-31 23:26:36,646 - INFO - Ingress_Enter 12K9RUOA
2025-03-31 23:26:36,678 - INFO - Ingress_Enter EC3QFII6
2025-03-31 23:26:36,742 - INFO - Ingress_Exit 12K9RUOA
2025-03-31 23:26:36,770 - INFO - Ingress_Exit EC3QFII6
2025-03-31 23:26:39,829 - INFO - Ingress_Enter UM8LT3R4
2025-03-31 23:26:39,865 - INFO - Ingress_Enter AWZ572AK
2025-03-31 23:26:39,921 - INFO - Ingress_Exit UM8LT3R4
2025-03-31 23:26:39,954 - INFO - Ingress_Exit AWZ572AK
2025-03-31 23:26:42,527 - INFO - Ingress_Enter IARZOSDS
2025-03-31 23:26:42,560 - INFO - Ingress_Enter NM4D3PCG
2025-03-31 23:26:42,619 - INFO - Ingress_Exit IARZOSDS
2025-03-31 23:26:42,651 - INFO - Ingress_Exit NM4D3PCG
2025-03-31 23:26:42,791 - INFO - Ingress_Enter LXSSC8XP
2025-03-31 23:26:42,881 - INFO - Ingress_Exit LXSSC8XP
2025-03-31 23:26:42,954 - INFO - Ingress_Enter S8IL0JRJ
2025-03-31 23:26:43,042 - INFO - Ingress_Exit S8IL0JRJ
2025-03-31 23:26:43,413 - INFO - Ingress_Enter 8LD37TU7
2025-03-31 23:26:43,447 - INFO - Ingress_Enter TB97V9W0
2025-03-31 23:26:43,514 - INFO - Ingress_Exit 8LD37TU7
2025-03-31 23:26:43,548 - INFO - Ingress_Exit TB97V9W0
2025-03-31 23:26:43,849 - INFO - Ingress_Enter 3G80VNWU
2025-03-31 23:26:43,940 - INFO - Ingress_Exit 3G80VNWU
2025-03-31 23:26:44,245 - INFO - Ingress_Enter Y11XPR08
2025-03-31 23:26:44,335 - INFO - Ingress_Exit Y11XPR08
2025-03-31 23:26:44,475 - INFO - Ingress_Enter D6U78JH6
2025-03-31 23:26:44,566 - INFO - Ingress_Exit D6U78JH6
2025-03-31 23:26:44,902 - INFO - Ingress_Enter M5EZTT4P
2025-03-31 23:26:44,994 - INFO - Ingress_Exit M5EZTT4P
2025-03-31 23:26:45,165 - INFO - Ingress_Enter MEKVNPGZ
2025-03-31 23:26:45,276 - INFO - Ingress_Exit MEKVNPGZ
2025-03-31 23:26:45,362 - INFO - Ingress_Enter XOZZCE12
2025-03-31 23:26:45,467 - INFO - Ingress_Exit XOZZCE12
2025-03-31 23:26:46,413 - INFO - Ingress_Enter 2DBLCNZ1
2025-03-31 23:26:46,503 - INFO - Ingress_Exit 2DBLCNZ1
2025-03-31 23:26:46,709 - INFO - Ingress_Enter RIHHYMAZ
2025-03-31 23:26:46,801 - INFO - Ingress_Exit RIHHYMAZ
2025-03-31 23:26:47,135 - INFO - Ingress_Enter 11Z0EX55
2025-03-31 23:26:47,223 - INFO - Ingress_Exit 11Z0EX55
2025-03-31 23:26:47,233 - INFO - Ingress_Enter QPCYDLGN
2025-03-31 23:26:47,323 - INFO - Ingress_Exit QPCYDLGN
2025-03-31 23:26:47,432 - INFO - Ingress_Enter V7PI95R6
2025-03-31 23:26:47,521 - INFO - Ingress_Exit V7PI95R6
2025-03-31 23:26:47,563 - INFO - Ingress_Enter EQNHD1SS
2025-03-31 23:26:47,654 - INFO - Ingress_Exit EQNHD1SS
2025-03-31 23:26:47,728 - INFO - Ingress_Enter 902KGNSH
2025-03-31 23:26:47,815 - INFO - Ingress_Exit 902KGNSH
2025-03-31 23:26:48,385 - INFO - Ingress_Enter NOHVF95H
2025-03-31 23:26:48,483 - INFO - Ingress_Exit NOHVF95H
2025-03-31 23:26:48,811 - INFO - Ingress_Enter 0D2E7OWL
2025-03-31 23:26:48,928 - INFO - Ingress_Exit 0D2E7OWL
2025-03-31 23:26:48,974 - INFO - Ingress_Enter N4JBQKGH
2025-03-31 23:26:49,007 - INFO - Ingress_Enter D7CCLR22
2025-03-31 23:26:49,064 - INFO - Ingress_Exit N4JBQKGH
2025-03-31 23:26:49,096 - INFO - Ingress_Exit D7CCLR22
2025-03-31 23:26:51,045 - INFO - Ingress_Enter J4QYZY5K
2025-03-31 23:26:51,133 - INFO - Ingress_Exit J4QYZY5K
2025-03-31 23:26:51,967 - INFO - Ingress_Enter CL60OWR2
2025-03-31 23:26:52,058 - INFO - Ingress_Exit CL60OWR2
2025-03-31 23:26:52,099 - INFO - Ingress_Enter 250PWSXQ
2025-03-31 23:26:52,188 - INFO - Ingress_Exit 250PWSXQ
2025-03-31 23:26:52,232 - INFO - Ingress_Enter 2VD2VZ6I
2025-03-31 23:26:52,321 - INFO - Ingress_Exit 2VD2VZ6I
2025-03-31 23:26:52,527 - INFO - Ingress_Enter YVFE2ZUY
2025-03-31 23:26:52,616 - INFO - Ingress_Exit YVFE2ZUY
2025-03-31 23:26:53,515 - INFO - Ingress_Enter E66O4H4G
2025-03-31 23:26:53,603 - INFO - Ingress_Exit E66O4H4G
2025-03-31 23:26:53,975 - INFO - Ingress_Enter 53ABXT8P
2025-03-31 23:26:54,070 - INFO - Ingress_Exit 53ABXT8P
2025-03-31 23:26:54,171 - INFO - Ingress_Enter 0HZAMAFF
2025-03-31 23:26:54,262 - INFO - Ingress_Exit 0HZAMAFF
2025-03-31 23:26:54,304 - INFO - Ingress_Enter KP6Z0Q0Y
2025-03-31 23:26:54,397 - INFO - Ingress_Exit KP6Z0Q0Y
2025-03-31 23:26:54,402 - INFO - Ingress_Enter WZZD4GIL
2025-03-31 23:26:54,492 - INFO - Ingress_Exit WZZD4GIL
2025-03-31 23:26:54,830 - INFO - Ingress_Enter 9UE8G7SX
2025-03-31 23:26:54,923 - INFO - Ingress_Exit 9UE8G7SX
2025-03-31 23:26:55,191 - INFO - Ingress_Enter I8FDGFD1
2025-03-31 23:26:55,279 - INFO - Ingress_Exit I8FDGFD1
2025-03-31 23:26:55,555 - INFO - Ingress_Enter GOK3ZLN3
2025-03-31 23:26:55,655 - INFO - Ingress_Exit GOK3ZLN3
2025-03-31 23:26:55,983 - INFO - Ingress_Enter 3LJ1VCR8
2025-03-31 23:26:56,072 - INFO - Ingress_Exit 3LJ1VCR8
2025-03-31 23:26:56,638 - INFO - Ingress_Enter L7AAM96Z
2025-03-31 23:26:56,735 - INFO - Ingress_Exit L7AAM96Z
2025-03-31 23:26:57,034 - INFO - Ingress_Enter 5QZY3QC2
2025-03-31 23:26:57,129 - INFO - Ingress_Exit 5QZY3QC2
2025-03-31 23:26:57,298 - INFO - Ingress_Enter C0H5EXW9
2025-03-31 23:26:57,388 - INFO - Ingress_Exit C0H5EXW9
2025-03-31 23:26:58,086 - INFO - Ingress_Enter 2TTTJLB8
2025-03-31 23:26:58,119 - INFO - Ingress_Enter UR2NUZ2O
2025-03-31 23:26:58,174 - INFO - Ingress_Exit 2TTTJLB8
2025-03-31 23:26:58,210 - INFO - Ingress_Exit UR2NUZ2O
2025-03-31 23:26:58,547 - INFO - Ingress_Enter B4BZKLMV
2025-03-31 23:26:58,640 - INFO - Ingress_Exit B4BZKLMV
2025-03-31 23:26:59,301 - INFO - Ingress_Enter H7NEHN8L
2025-03-31 23:26:59,389 - INFO - Ingress_Exit H7NEHN8L
2025-03-31 23:26:59,957 - INFO - Ingress_Enter 6X3MTPIS
2025-03-31 23:27:00,048 - INFO - Ingress_Exit 6X3MTPIS
2025-03-31 23:27:00,088 - INFO - Ingress_Enter 55SWBKBP
2025-03-31 23:27:00,176 - INFO - Ingress_Exit 55SWBKBP
2025-03-31 23:27:00,449 - INFO - Ingress_Enter EA5O7MVF
2025-03-31 23:27:00,543 - INFO - Ingress_Exit EA5O7MVF
2025-03-31 23:27:00,581 - INFO - Ingress_Enter Z45M1K93
2025-03-31 23:27:00,669 - INFO - Ingress_Exit Z45M1K93
2025-03-31 23:27:00,711 - INFO - Ingress_Enter 1ZES73O4
2025-03-31 23:27:00,801 - INFO - Ingress_Exit 1ZES73O4
2025-03-31 23:27:01,401 - INFO - Ingress_Enter BSDD3I26
2025-03-31 23:27:01,466 - INFO - Ingress_Enter RWCXP95S
2025-03-31 23:27:01,491 - INFO - Ingress_Exit BSDD3I26
2025-03-31 23:27:01,552 - INFO - Ingress_Exit RWCXP95S
2025-03-31 23:27:06,201 - INFO - Ingress_Enter RTF2UZ3A
2025-03-31 23:27:06,290 - INFO - Ingress_Exit RTF2UZ3A
2025-03-31 23:27:06,464 - INFO - Ingress_Enter AFJ15X3M
2025-03-31 23:27:06,550 - INFO - Ingress_Exit AFJ15X3M
2025-03-31 23:27:06,759 - INFO - Ingress_Enter QZVWAZNO
2025-03-31 23:27:06,845 - INFO - Ingress_Exit QZVWAZNO
2025-03-31 23:27:06,857 - INFO - Ingress_Enter G0XZLA8R
2025-03-31 23:27:06,943 - INFO - Ingress_Exit G0XZLA8R
2025-03-31 23:27:07,285 - INFO - Ingress_Enter 117U3210
2025-03-31 23:27:07,372 - INFO - Ingress_Exit 117U3210
2025-03-31 23:27:07,810 - INFO - Ingress_Enter BMCLFNCK
2025-03-31 23:27:07,897 - INFO - Ingress_Exit BMCLFNCK
2025-03-31 23:27:08,007 - INFO - Ingress_Enter 2K7DNNJ3
2025-03-31 23:27:08,101 - INFO - Ingress_Exit 2K7DNNJ3
2025-03-31 23:27:08,334 - INFO - Ingress_Enter BBT8X7CF
2025-03-31 23:27:08,429 - INFO - Ingress_Exit BBT8X7CF
2025-03-31 23:27:08,727 - INFO - Ingress_Enter JM8FVVDF
2025-03-31 23:27:08,816 - INFO - Ingress_Exit JM8FVVDF
2025-03-31 23:27:08,988 - INFO - Ingress_Enter 4N1FH7JL
2025-03-31 23:27:09,078 - INFO - Ingress_Exit 4N1FH7JL
2025-03-31 23:27:09,217 - INFO - Ingress_Enter 4XCC4O3C
2025-03-31 23:27:09,309 - INFO - Ingress_Exit 4XCC4O3C
2025-03-31 23:27:09,872 - INFO - Ingress_Enter SH7HKAIL
2025-03-31 23:27:09,968 - INFO - Ingress_Exit SH7HKAIL
2025-03-31 23:27:10,035 - INFO - Ingress_Enter ZQJ8XMM8
2025-03-31 23:27:10,128 - INFO - Ingress_Exit ZQJ8XMM8
2025-03-31 23:27:10,495 - INFO - Ingress_Enter HNVXKAHL
2025-03-31 23:27:10,589 - INFO - Ingress_Exit HNVXKAHL
2025-03-31 23:27:10,725 - INFO - Ingress_Enter Y5DP20PY
2025-03-31 23:27:10,825 - INFO - Ingress_Exit Y5DP20PY
2025-03-31 23:27:11,118 - INFO - Ingress_Enter 2ZGUKE7I
2025-03-31 23:27:11,210 - INFO - Ingress_Exit 2ZGUKE7I
2025-03-31 23:27:11,580 - INFO - Ingress_Enter XIX4HG57
2025-03-31 23:27:11,665 - INFO - Ingress_Exit XIX4HG57
2025-03-31 23:27:11,843 - INFO - Ingress_Enter MKE4VR0A
2025-03-31 23:27:11,875 - INFO - Ingress_Enter 00RCQAU9
2025-03-31 23:27:11,935 - INFO - Ingress_Exit MKE4VR0A
2025-03-31 23:27:11,963 - INFO - Ingress_Exit 00RCQAU9
2025-03-31 23:27:12,370 - INFO - Ingress_Enter B6WUIGHB
2025-03-31 23:27:12,459 - INFO - Ingress_Exit B6WUIGHB
2025-03-31 23:27:12,500 - INFO - Ingress_Enter KJ678M4N
2025-03-31 23:27:12,566 - INFO - Ingress_Enter 7JWUQJIC
2025-03-31 23:27:12,587 - INFO - Ingress_Exit KJ678M4N
2025-03-31 23:27:12,655 - INFO - Ingress_Exit 7JWUQJIC
2025-03-31 23:27:12,928 - INFO - Ingress_Enter MJ314I9F
2025-03-31 23:27:13,022 - INFO - Ingress_Exit MJ314I9F
2025-03-31 23:27:13,290 - INFO - Ingress_Enter SNICVTHI
2025-03-31 23:27:13,392 - INFO - Ingress_Exit SNICVTHI
2025-03-31 23:27:13,584 - INFO - Ingress_Enter 287KRGVL
2025-03-31 23:27:13,676 - INFO - Ingress_Exit 287KRGVL
2025-03-31 23:27:14,142 - INFO - Ingress_Enter CXXYF4LG
2025-03-31 23:27:14,234 - INFO - Ingress_Exit CXXYF4LG
2025-03-31 23:27:14,306 - INFO - Ingress_Enter WNDR3IUL
2025-03-31 23:27:14,400 - INFO - Ingress_Exit WNDR3IUL
2025-03-31 23:27:14,997 - INFO - Ingress_Enter V809Z5KQ
2025-03-31 23:27:15,096 - INFO - Ingress_Exit V809Z5KQ
2025-03-31 23:27:15,653 - INFO - Ingress_Enter MSZSQZNW
2025-03-31 23:27:15,743 - INFO - Ingress_Exit MSZSQZNW
2025-03-31 23:27:15,915 - INFO - Ingress_Enter 1JLT33E1
2025-03-31 23:27:16,006 - INFO - Ingress_Exit 1JLT33E1
2025-03-31 23:27:16,012 - INFO - Ingress_Enter DP8ZKMDE
2025-03-31 23:27:16,101 - INFO - Ingress_Exit DP8ZKMDE
2025-03-31 23:27:16,503 - INFO - Ingress_Enter V6QXC0KT
2025-03-31 23:27:16,598 - INFO - Ingress_Exit V6QXC0KT
2025-03-31 23:27:17,126 - INFO - Ingress_Enter 22IAEUDZ
2025-03-31 23:27:17,224 - INFO - Ingress_Exit 22IAEUDZ
2025-03-31 23:27:17,356 - INFO - Ingress_Enter TXEY425D
2025-03-31 23:27:17,444 - INFO - Ingress_Exit TXEY425D
2025-03-31 23:27:18,075 - INFO - Ingress_Enter CLGYEPJS
2025-03-31 23:27:18,160 - INFO - Ingress_Exit CLGYEPJS
2025-03-31 23:27:18,504 - INFO - Ingress_Enter 7NI87ZWI
2025-03-31 23:27:18,594 - INFO - Ingress_Exit 7NI87ZWI
2025-03-31 23:27:18,839 - INFO - Ingress_Enter 7QSJH0BV
2025-03-31 23:27:18,871 - INFO - Ingress_Enter P67Q5DE4
2025-03-31 23:27:18,946 - INFO - Ingress_Exit 7QSJH0BV
2025-03-31 23:27:18,963 - INFO - Ingress_Exit P67Q5DE4
2025-03-31 23:27:21,929 - INFO - Ingress_Enter 9WDIH37Z
2025-03-31 23:27:22,056 - INFO - Ingress_Exit 9WDIH37Z
2025-03-31 23:27:22,618 - INFO - Ingress_Enter DRDFV34N
2025-03-31 23:27:22,706 - INFO - Ingress_Exit DRDFV34N
2025-03-31 23:27:22,979 - INFO - Ingress_Enter 5SQQTIGQ
2025-03-31 23:27:23,074 - INFO - Ingress_Exit 5SQQTIGQ
2025-03-31 23:27:23,341 - INFO - Ingress_Enter XN1CLUQV
2025-03-31 23:27:23,438 - INFO - Ingress_Exit XN1CLUQV
2025-03-31 23:27:23,440 - INFO - Ingress_Enter C480MI9B
2025-03-31 23:27:23,535 - INFO - Ingress_Exit C480MI9B
2025-03-31 23:27:24,590 - INFO - Ingress_Enter 1RCQP4VK
2025-03-31 23:27:24,681 - INFO - Ingress_Exit 1RCQP4VK
2025-03-31 23:27:24,721 - INFO - Ingress_Enter TJ1BRK4M
2025-03-31 23:27:24,821 - INFO - Ingress_Exit TJ1BRK4M
2025-03-31 23:27:25,184 - INFO - Ingress_Enter 6JA9Y9U3
2025-03-31 23:27:25,277 - INFO - Ingress_Exit 6JA9Y9U3
2025-03-31 23:27:25,643 - INFO - Ingress_Enter 24N6F570
2025-03-31 23:27:25,731 - INFO - Ingress_Exit 24N6F570
2025-03-31 23:27:26,038 - INFO - Ingress_Enter WVNVXTHS
2025-03-31 23:27:26,131 - INFO - Ingress_Exit WVNVXTHS
2025-03-31 23:27:26,303 - INFO - Ingress_Enter TOVUDTHZ
2025-03-31 23:27:26,397 - INFO - Ingress_Exit TOVUDTHZ
2025-03-31 23:27:27,385 - INFO - Ingress_Enter 6HD20IKC
2025-03-31 23:27:27,472 - INFO - Ingress_Exit 6HD20IKC
2025-03-31 23:27:28,404 - INFO - Ingress_Enter L783CTO5
2025-03-31 23:27:28,490 - INFO - Ingress_Exit L783CTO5
2025-03-31 23:27:28,798 - INFO - Ingress_Enter EX6ZXCSF
2025-03-31 23:27:28,891 - INFO - Ingress_Exit EX6ZXCSF
2025-03-31 23:27:29,455 - INFO - Ingress_Enter IQF47SSJ
2025-03-31 23:27:29,544 - INFO - Ingress_Exit IQF47SSJ
2025-03-31 23:27:29,684 - INFO - Ingress_Enter 0UDJ433B
2025-03-31 23:27:29,772 - INFO - Ingress_Exit 0UDJ433B
2025-03-31 23:27:29,914 - INFO - Ingress_Enter 400E1YL0
2025-03-31 23:27:30,005 - INFO - Ingress_Exit 400E1YL0
2025-03-31 23:27:30,012 - INFO - Ingress_Enter I82VRPMQ
2025-03-31 23:27:30,105 - INFO - Ingress_Exit I82VRPMQ
2025-03-31 23:27:30,805 - INFO - Ingress_Enter FXK7GQEH
2025-03-31 23:27:30,894 - INFO - Ingress_Exit FXK7GQEH
2025-03-31 23:27:31,164 - INFO - Ingress_Enter EEODUKH2
2025-03-31 23:27:31,253 - INFO - Ingress_Exit EEODUKH2
2025-03-31 23:27:32,017 - INFO - Ingress_Enter SE9S4L9U
2025-03-31 23:27:32,119 - INFO - Ingress_Exit SE9S4L9U
2025-03-31 23:27:32,769 - INFO - Ingress_Enter 6XXUXVA2
2025-03-31 23:27:32,863 - INFO - Ingress_Exit 6XXUXVA2
2025-03-31 23:27:33,395 - INFO - Ingress_Enter 1HG4YSK5
2025-03-31 23:27:33,484 - INFO - Ingress_Exit 1HG4YSK5
2025-03-31 23:27:33,757 - INFO - Ingress_Enter MV8YJ3HB
2025-03-31 23:27:33,849 - INFO - Ingress_Exit MV8YJ3HB
2025-03-31 23:27:34,119 - INFO - Ingress_Enter GPCK56T7
2025-03-31 23:27:34,210 - INFO - Ingress_Exit GPCK56T7
2025-03-31 23:27:34,216 - INFO - Ingress_Enter CTEYWODR
2025-03-31 23:27:34,304 - INFO - Ingress_Exit CTEYWODR
2025-03-31 23:27:34,315 - INFO - Ingress_Enter BIWBUF5Y
2025-03-31 23:27:34,381 - INFO - Ingress_Enter SMZQ2MJ8
2025-03-31 23:27:34,419 - INFO - Ingress_Exit BIWBUF5Y
2025-03-31 23:27:34,474 - INFO - Ingress_Exit SMZQ2MJ8
2025-03-31 23:27:34,741 - INFO - Ingress_Enter JZ2P88TV
2025-03-31 23:27:34,806 - INFO - Ingress_Enter MN21MZBA
2025-03-31 23:27:34,835 - INFO - Ingress_Exit JZ2P88TV
2025-03-31 23:27:34,897 - INFO - Ingress_Exit MN21MZBA
2025-03-31 23:27:35,102 - INFO - Ingress_Enter FQO0MAYS
2025-03-31 23:27:35,190 - INFO - Ingress_Exit FQO0MAYS
2025-03-31 23:27:36,089 - INFO - Ingress_Enter R5PMSIZ3
2025-03-31 23:27:36,181 - INFO - Ingress_Exit R5PMSIZ3
2025-03-31 23:27:36,944 - INFO - Ingress_Enter 2P9CYMUZ
2025-03-31 23:27:36,976 - INFO - Ingress_Enter 35S1H75H
2025-03-31 23:27:37,036 - INFO - Ingress_Exit 2P9CYMUZ
2025-03-31 23:27:37,068 - INFO - Ingress_Exit 35S1H75H
2025-03-31 23:27:37,240 - INFO - Ingress_Enter UO1S9ECP
2025-03-31 23:27:37,326 - INFO - Ingress_Exit UO1S9ECP
2025-03-31 23:27:37,404 - INFO - Ingress_Enter NGTZCTJ6
2025-03-31 23:27:37,492 - INFO - Ingress_Exit NGTZCTJ6
2025-03-31 23:27:37,733 - INFO - Ingress_Enter TITQPIEF
2025-03-31 23:27:37,826 - INFO - Ingress_Exit TITQPIEF
2025-03-31 23:27:37,896 - INFO - Ingress_Enter HT2BZH40
2025-03-31 23:27:37,985 - INFO - Ingress_Exit HT2BZH40
2025-03-31 23:27:38,721 - INFO - Ingress_Enter HSJB6E52
2025-03-31 23:27:38,816 - INFO - Ingress_Exit HSJB6E52
2025-03-31 23:27:39,183 - INFO - Ingress_Enter 6DQBELQE
2025-03-31 23:27:39,215 - INFO - Ingress_Enter DU403R0H
2025-03-31 23:27:39,274 - INFO - Ingress_Exit 6DQBELQE
2025-03-31 23:27:39,310 - INFO - Ingress_Exit DU403R0H
2025-03-31 23:27:39,975 - INFO - Ingress_Enter GPOEFK49
2025-03-31 23:27:40,065 - INFO - Ingress_Exit GPOEFK49
2025-03-31 23:27:40,469 - INFO - Ingress_Enter H41IFO24
2025-03-31 23:27:40,556 - INFO - Ingress_Exit H41IFO24
2025-03-31 23:27:40,633 - INFO - Ingress_Enter 96NDOSB4
2025-03-31 23:27:40,718 - INFO - Ingress_Exit 96NDOSB4
2025-03-31 23:27:40,928 - INFO - Ingress_Enter G1R2C0IW
2025-03-31 23:27:41,014 - INFO - Ingress_Exit G1R2C0IW
2025-03-31 23:27:41,191 - INFO - Ingress_Enter YUF4MN99
2025-03-31 23:27:41,222 - INFO - Ingress_Enter IJNYQ8U8
2025-03-31 23:27:41,278 - INFO - Ingress_Exit YUF4MN99
2025-03-31 23:27:41,311 - INFO - Ingress_Exit IJNYQ8U8
2025-03-31 23:27:41,387 - INFO - Ingress_Enter DXW7JYE9
2025-03-31 23:27:41,478 - INFO - Ingress_Exit DXW7JYE9
2025-03-31 23:27:42,081 - INFO - Ingress_Enter EUJTU0CK
2025-03-31 23:27:42,172 - INFO - Ingress_Exit EUJTU0CK
2025-03-31 23:27:42,672 - INFO - Ingress_Enter 3KY484FT
2025-03-31 23:27:42,761 - INFO - Ingress_Exit 3KY484FT
2025-03-31 23:27:42,803 - INFO - Ingress_Enter BPQXB99C
2025-03-31 23:27:42,899 - INFO - Ingress_Exit BPQXB99C
2025-03-31 23:27:43,495 - INFO - Ingress_Enter A0VAQSI6
2025-03-31 23:27:43,529 - INFO - Ingress_Enter TURSMT6V
2025-03-31 23:27:43,589 - INFO - Ingress_Exit A0VAQSI6
2025-03-31 23:27:43,621 - INFO - Ingress_Exit TURSMT6V
2025-03-31 23:27:44,088 - INFO - Ingress_Enter BAW5M7LK
2025-03-31 23:27:44,181 - INFO - Ingress_Exit BAW5M7LK
2025-03-31 23:27:44,186 - INFO - Ingress_Enter 8S21WIZZ
2025-03-31 23:27:44,278 - INFO - Ingress_Exit 8S21WIZZ
2025-03-31 23:27:44,551 - INFO - Ingress_Enter CIL9FF6P
2025-03-31 23:27:44,646 - INFO - Ingress_Exit CIL9FF6P
2025-03-31 23:27:44,649 - INFO - Ingress_Enter OAD4WHFP
2025-03-31 23:27:44,740 - INFO - Ingress_Exit OAD4WHFP
2025-03-31 23:27:47,449 - INFO - Ingress_Enter D0VOOBZH
2025-03-31 23:27:47,541 - INFO - Ingress_Exit D0VOOBZH
2025-03-31 23:27:48,239 - INFO - Ingress_Enter EW0YANXL
2025-03-31 23:27:48,272 - INFO - Ingress_Enter 3DE85W2F
2025-03-31 23:27:48,331 - INFO - Ingress_Exit EW0YANXL
2025-03-31 23:27:48,366 - INFO - Ingress_Exit 3DE85W2F
2025-03-31 23:27:49,822 - INFO - Ingress_Enter AZXGP1JZ
2025-03-31 23:27:49,919 - INFO - Ingress_Exit AZXGP1JZ
2025-03-31 23:27:50,087 - INFO - Ingress_Enter IQ8CMC94
2025-03-31 23:27:50,175 - INFO - Ingress_Exit IQ8CMC94
2025-03-31 23:27:50,417 - INFO - Ingress_Enter YPH6YBQK
2025-03-31 23:27:50,506 - INFO - Ingress_Exit YPH6YBQK
2025-03-31 23:27:50,580 - INFO - Ingress_Enter APYUR25X
2025-03-31 23:27:50,675 - INFO - Ingress_Exit APYUR25X
2025-03-31 23:27:51,272 - INFO - Ingress_Enter 99ACD4GS
2025-03-31 23:27:51,400 - INFO - Ingress_Exit 99ACD4GS
2025-03-31 23:27:52,063 - INFO - Ingress_Enter 37QI8ZJF
2025-03-31 23:27:52,155 - INFO - Ingress_Exit 37QI8ZJF
2025-03-31 23:27:52,162 - INFO - Ingress_Enter I90Z454J
2025-03-31 23:27:52,255 - INFO - Ingress_Exit I90Z454J
2025-03-31 23:27:53,390 - INFO - Ingress_Enter AF5T1PW6
2025-03-31 23:27:53,480 - INFO - Ingress_Exit AF5T1PW6
2025-03-31 23:27:53,653 - INFO - Ingress_Enter VOOHFLL1
2025-03-31 23:27:53,745 - INFO - Ingress_Exit VOOHFLL1
2025-03-31 23:27:53,949 - INFO - Ingress_Enter EKLMZ41Y
2025-03-31 23:27:54,045 - INFO - Ingress_Exit EKLMZ41Y
2025-03-31 23:27:54,112 - INFO - Ingress_Enter DRNC9AS8
2025-03-31 23:27:54,210 - INFO - Ingress_Exit DRNC9AS8
2025-03-31 23:27:54,244 - INFO - Ingress_Enter 990DVXTD
2025-03-31 23:27:54,334 - INFO - Ingress_Exit 990DVXTD
2025-03-31 23:27:54,409 - INFO - Ingress_Enter NXGK91C8
2025-03-31 23:27:54,501 - INFO - Ingress_Exit NXGK91C8
2025-03-31 23:27:54,639 - INFO - Ingress_Enter 7E6PV4G8
2025-03-31 23:27:54,738 - INFO - Ingress_Exit 7E6PV4G8
2025-03-31 23:27:54,935 - INFO - Ingress_Enter L08T54A8
2025-03-31 23:27:55,020 - INFO - Ingress_Exit L08T54A8
2025-03-31 23:27:55,658 - INFO - Ingress_Enter Q4NJHK82
2025-03-31 23:27:55,747 - INFO - Ingress_Exit Q4NJHK82
2025-03-31 23:27:56,050 - INFO - Ingress_Enter 0QY5VQ1R
2025-03-31 23:27:56,153 - INFO - Ingress_Exit 0QY5VQ1R
2025-03-31 23:27:56,411 - INFO - Ingress_Enter 2FT046G5
2025-03-31 23:27:56,499 - INFO - Ingress_Exit 2FT046G5
2025-03-31 23:27:56,706 - INFO - Ingress_Enter 6108YUUZ
2025-03-31 23:27:56,797 - INFO - Ingress_Exit 6108YUUZ
2025-03-31 23:27:57,066 - INFO - Ingress_Enter 7KEBLBAO
2025-03-31 23:27:57,154 - INFO - Ingress_Exit 7KEBLBAO
2025-03-31 23:27:57,528 - INFO - Ingress_Enter E3T0EEJQ
2025-03-31 23:27:57,622 - INFO - Ingress_Exit E3T0EEJQ
2025-03-31 23:27:58,220 - INFO - Ingress_Enter 0AXEVW6N
2025-03-31 23:27:58,309 - INFO - Ingress_Exit 0AXEVW6N
2025-03-31 23:27:58,351 - INFO - Ingress_Enter I4L850UX
2025-03-31 23:27:58,442 - INFO - Ingress_Exit I4L850UX
2025-03-31 23:27:58,646 - INFO - Ingress_Enter IT0RYM4M
2025-03-31 23:27:58,740 - INFO - Ingress_Exit IT0RYM4M
2025-03-31 23:27:58,745 - INFO - Ingress_Enter G4JF6JZF
2025-03-31 23:27:58,778 - INFO - Ingress_Enter V348R0UB
2025-03-31 23:27:58,835 - INFO - Ingress_Exit G4JF6JZF
2025-03-31 23:27:58,867 - INFO - Ingress_Exit V348R0UB
2025-03-31 23:28:01,213 - INFO - Ingress_Enter DO8MB0G3
2025-03-31 23:28:01,245 - INFO - Ingress_Enter W4OC198T
2025-03-31 23:28:01,304 - INFO - Ingress_Exit DO8MB0G3
2025-03-31 23:28:01,338 - INFO - Ingress_Exit W4OC198T
2025-03-31 23:28:04,434 - INFO - Ingress_Enter N0T0IBW8
2025-03-31 23:28:04,520 - INFO - Ingress_Exit N0T0IBW8
2025-03-31 23:28:05,390 - INFO - Ingress_Enter 0MYN9VYR
2025-03-31 23:28:05,481 - INFO - Ingress_Exit 0MYN9VYR
2025-03-31 23:28:06,177 - INFO - Ingress_Enter XJ5AW6OA
2025-03-31 23:28:06,276 - INFO - Ingress_Exit XJ5AW6OA
2025-03-31 23:28:06,307 - INFO - Ingress_Enter 60065Q34
2025-03-31 23:28:06,402 - INFO - Ingress_Exit 60065Q34
2025-03-31 23:28:06,506 - INFO - Ingress_Enter AY2VIWZ9
2025-03-31 23:28:06,595 - INFO - Ingress_Exit AY2VIWZ9
2025-03-31 23:28:06,672 - INFO - Ingress_Enter F1AJ932B
2025-03-31 23:28:06,737 - INFO - Ingress_Enter 53RV30UD
2025-03-31 23:28:06,766 - INFO - Ingress_Exit F1AJ932B
2025-03-31 23:28:06,831 - INFO - Ingress_Exit 53RV30UD
2025-03-31 23:28:07,395 - INFO - Ingress_Enter LGA3N3TE
2025-03-31 23:28:07,484 - INFO - Ingress_Exit LGA3N3TE
2025-03-31 23:28:07,857 - INFO - Ingress_Enter B3BF4PH7
2025-03-31 23:28:07,948 - INFO - Ingress_Exit B3BF4PH7
2025-03-31 23:28:08,384 - INFO - Ingress_Enter P124HQ6N
2025-03-31 23:28:08,477 - INFO - Ingress_Exit P124HQ6N
2025-03-31 23:28:08,944 - INFO - Ingress_Enter 6JUJAVV0
2025-03-31 23:28:09,042 - INFO - Ingress_Exit 6JUJAVV0
2025-03-31 23:28:09,436 - INFO - Ingress_Enter A742EE37
2025-03-31 23:28:09,529 - INFO - Ingress_Exit A742EE37
2025-03-31 23:28:09,534 - INFO - Ingress_Enter EM6E8I15
2025-03-31 23:28:09,621 - INFO - Ingress_Exit EM6E8I15
2025-03-31 23:28:09,963 - INFO - Ingress_Enter Z8K8YHGO
2025-03-31 23:28:10,058 - INFO - Ingress_Exit Z8K8YHGO
2025-03-31 23:28:10,094 - INFO - Ingress_Enter LKT8MDB5
2025-03-31 23:28:10,182 - INFO - Ingress_Exit LKT8MDB5
2025-03-31 23:28:10,358 - INFO - Ingress_Enter L8DYGLBB
2025-03-31 23:28:10,446 - INFO - Ingress_Exit L8DYGLBB
2025-03-31 23:28:10,686 - INFO - Ingress_Enter RBY1AMUJ
2025-03-31 23:28:10,776 - INFO - Ingress_Exit RBY1AMUJ
2025-03-31 23:28:10,982 - INFO - Ingress_Enter 2QCPMZFC
2025-03-31 23:28:11,015 - INFO - Ingress_Enter NMKW3I65
2025-03-31 23:28:11,048 - INFO - Ingress_Enter 8WRGT0MG
2025-03-31 23:28:11,073 - INFO - Ingress_Exit 2QCPMZFC
2025-03-31 23:28:11,107 - INFO - Ingress_Exit NMKW3I65
2025-03-31 23:28:11,139 - INFO - Ingress_Exit 8WRGT0MG
2025-03-31 23:28:11,408 - INFO - Ingress_Enter 6I6K14DV
2025-03-31 23:28:11,497 - INFO - Ingress_Exit 6I6K14DV
2025-03-31 23:28:11,539 - INFO - Ingress_Enter OZBFVK1L
2025-03-31 23:28:11,634 - INFO - Ingress_Exit OZBFVK1L
2025-03-31 23:28:11,835 - INFO - Ingress_Enter 9JESHL57
2025-03-31 23:28:11,966 - INFO - Ingress_Exit 9JESHL57
2025-03-31 23:28:12,031 - INFO - Ingress_Enter 7TNNIVO1
2025-03-31 23:28:12,128 - INFO - Ingress_Exit 7TNNIVO1
2025-03-31 23:28:12,292 - INFO - Ingress_Enter 1P2GJ8SO
2025-03-31 23:28:12,358 - INFO - Ingress_Enter T80P6WCL
2025-03-31 23:28:12,387 - INFO - Ingress_Exit 1P2GJ8SO
2025-03-31 23:28:12,391 - INFO - Ingress_Enter RCY9CF8D
2025-03-31 23:28:12,450 - INFO - Ingress_Exit T80P6WCL
2025-03-31 23:28:12,479 - INFO - Ingress_Exit RCY9CF8D
2025-03-31 23:28:12,588 - INFO - Ingress_Enter 18BUW8R4
2025-03-31 23:28:12,678 - INFO - Ingress_Exit 18BUW8R4
2025-03-31 23:28:12,949 - INFO - Ingress_Enter ZACCT4G4
2025-03-31 23:28:13,047 - INFO - Ingress_Exit ZACCT4G4
2025-03-31 23:28:13,874 - INFO - Ingress_Enter 61I8I7O2
2025-03-31 23:28:13,940 - INFO - Ingress_Enter F7P0VE9V
2025-03-31 23:28:13,963 - INFO - Ingress_Exit 61I8I7O2
2025-03-31 23:28:14,031 - INFO - Ingress_Exit F7P0VE9V
2025-03-31 23:28:15,321 - INFO - Ingress_Enter PNKQ5D86
2025-03-31 23:28:15,410 - INFO - Ingress_Exit PNKQ5D86
2025-03-31 23:28:15,684 - INFO - Ingress_Enter 2AWQSGQT
2025-03-31 23:28:15,772 - INFO - Ingress_Exit 2AWQSGQT
2025-03-31 23:28:16,046 - INFO - Ingress_Enter V0TEBDVT
2025-03-31 23:28:16,135 - INFO - Ingress_Exit V0TEBDVT
2025-03-31 23:28:16,770 - INFO - Ingress_Enter NKPOS1M6
2025-03-31 23:28:16,859 - INFO - Ingress_Exit NKPOS1M6
2025-03-31 23:28:16,968 - INFO - Ingress_Enter 9NABP883
2025-03-31 23:28:17,054 - INFO - Ingress_Exit 9NABP883
2025-03-31 23:28:17,135 - INFO - Ingress_Enter 8B6MBSNN
2025-03-31 23:28:17,164 - INFO - Ingress_Enter UBH3IJYW
2025-03-31 23:28:17,221 - INFO - Ingress_Exit 8B6MBSNN
2025-03-31 23:28:17,256 - INFO - Ingress_Exit UBH3IJYW
2025-03-31 23:28:20,784 - INFO - Ingress_Enter 2NHCAK36
2025-03-31 23:28:20,849 - INFO - Ingress_Enter M5CFGXZP
2025-03-31 23:28:20,876 - INFO - Ingress_Exit 2NHCAK36
2025-03-31 23:28:20,939 - INFO - Ingress_Exit M5CFGXZP
2025-03-31 23:28:21,308 - INFO - Ingress_Enter YZYYEIE1
2025-03-31 23:28:21,403 - INFO - Ingress_Exit YZYYEIE1
2025-03-31 23:28:21,963 - INFO - Ingress_Enter 1ALLQJCU
2025-03-31 23:28:22,028 - INFO - Ingress_Enter 0ISMMOKT
2025-03-31 23:28:22,059 - INFO - Ingress_Exit 1ALLQJCU
2025-03-31 23:28:22,126 - INFO - Ingress_Exit 0ISMMOKT
2025-03-31 23:28:22,654 - INFO - Ingress_Enter S5G50GIC
2025-03-31 23:28:22,747 - INFO - Ingress_Exit S5G50GIC
2025-03-31 23:28:23,014 - INFO - Ingress_Enter 5B0MUF7X
2025-03-31 23:28:23,104 - INFO - Ingress_Exit 5B0MUF7X
2025-03-31 23:28:23,178 - INFO - Ingress_Enter I7VQPXIK
2025-03-31 23:28:23,212 - INFO - Ingress_Enter HPPSMIE0
2025-03-31 23:28:23,267 - INFO - Ingress_Exit I7VQPXIK
2025-03-31 23:28:23,301 - INFO - Ingress_Exit HPPSMIE0
2025-03-31 23:28:23,442 - INFO - Ingress_Enter 4DU3FYA5
2025-03-31 23:28:23,540 - INFO - Ingress_Enter UOO29PSJ
2025-03-31 23:28:23,546 - INFO - Ingress_Exit 4DU3FYA5
2025-03-31 23:28:23,633 - INFO - Ingress_Exit UOO29PSJ
2025-03-31 23:28:24,296 - INFO - Ingress_Enter BBSB1INT
2025-03-31 23:28:24,388 - INFO - Ingress_Exit BBSB1INT
2025-03-31 23:28:25,377 - INFO - Ingress_Enter TL85XWC0
2025-03-31 23:28:25,469 - INFO - Ingress_Exit TL85XWC0
2025-03-31 23:28:26,797 - INFO - Ingress_Enter 3198LSH3
2025-03-31 23:28:26,888 - INFO - Ingress_Exit 3198LSH3
2025-03-31 23:28:27,947 - INFO - Ingress_Enter M55WX67G
2025-03-31 23:28:28,036 - INFO - Ingress_Exit M55WX67G
2025-03-31 23:28:28,698 - INFO - Ingress_Enter AOCH3ZIC
2025-03-31 23:28:28,788 - INFO - Ingress_Exit AOCH3ZIC
2025-03-31 23:28:29,649 - INFO - Ingress_Enter WM6ZNWWQ
2025-03-31 23:28:29,734 - INFO - Ingress_Exit WM6ZNWWQ
2025-03-31 23:28:30,305 - INFO - Ingress_Enter IYT94TJA
2025-03-31 23:28:30,394 - INFO - Ingress_Exit IYT94TJA
2025-03-31 23:28:30,402 - INFO - Ingress_Enter BRUN1V1Y
2025-03-31 23:28:30,499 - INFO - Ingress_Exit BRUN1V1Y
2025-03-31 23:28:30,897 - INFO - Ingress_Enter ZGPMRJ9E
2025-03-31 23:28:30,986 - INFO - Ingress_Exit ZGPMRJ9E
2025-03-31 23:28:31,192 - INFO - Ingress_Enter 1DN4H18J
2025-03-31 23:28:31,283 - INFO - Ingress_Exit 1DN4H18J
2025-03-31 23:28:31,289 - INFO - Ingress_Enter 2JV9WXVO
2025-03-31 23:28:31,382 - INFO - Ingress_Exit 2JV9WXVO
2025-03-31 23:28:31,651 - INFO - Ingress_Enter UMELBHN6
2025-03-31 23:28:31,742 - INFO - Ingress_Exit UMELBHN6
2025-03-31 23:28:32,736 - INFO - Ingress_Enter UHGDB2O6
2025-03-31 23:28:32,828 - INFO - Ingress_Exit UHGDB2O6
2025-03-31 23:28:32,965 - INFO - Ingress_Enter 4F4RQSD3
2025-03-31 23:28:33,055 - INFO - Ingress_Exit 4F4RQSD3
2025-03-31 23:28:33,457 - INFO - Ingress_Enter 49DL0KAH
2025-03-31 23:28:33,489 - INFO - Ingress_Enter 1SIX4W1V
2025-03-31 23:28:33,573 - INFO - Ingress_Exit 49DL0KAH
2025-03-31 23:28:33,577 - INFO - Ingress_Exit 1SIX4W1V
2025-03-31 23:28:36,150 - INFO - Ingress_Enter 6JZ5A2BG
2025-03-31 23:28:36,239 - INFO - Ingress_Exit 6JZ5A2BG
2025-03-31 23:28:36,280 - INFO - Ingress_Enter W1D3BF2G
2025-03-31 23:28:36,385 - INFO - Ingress_Exit W1D3BF2G
2025-03-31 23:28:37,103 - INFO - Ingress_Enter ONL0FLRE
2025-03-31 23:28:37,192 - INFO - Ingress_Exit ONL0FLRE
2025-03-31 23:28:37,300 - INFO - Ingress_Enter 03T90381
2025-03-31 23:28:37,389 - INFO - Ingress_Exit 03T90381
2025-03-31 23:28:37,596 - INFO - Ingress_Enter 2CKQ3VGC
2025-03-31 23:28:37,686 - INFO - Ingress_Exit 2CKQ3VGC
2025-03-31 23:28:37,857 - INFO - Ingress_Enter 1AILYJKY
2025-03-31 23:28:37,945 - INFO - Ingress_Exit 1AILYJKY
2025-03-31 23:28:37,987 - INFO - Ingress_Enter KCMFFOY3
2025-03-31 23:28:38,077 - INFO - Ingress_Exit KCMFFOY3
2025-03-31 23:28:38,186 - INFO - Ingress_Enter A036JIU1
2025-03-31 23:28:38,281 - INFO - Ingress_Exit A036JIU1
2025-03-31 23:28:38,383 - INFO - Ingress_Enter WE1450A7
2025-03-31 23:28:38,475 - INFO - Ingress_Exit WE1450A7
2025-03-31 23:28:38,614 - INFO - Ingress_Enter W2XLQB1S
2025-03-31 23:28:38,702 - INFO - Ingress_Exit W2XLQB1S
2025-03-31 23:28:38,778 - INFO - Ingress_Enter XLHHL7ER
2025-03-31 23:28:38,868 - INFO - Ingress_Exit XLHHL7ER
2025-03-31 23:28:38,909 - INFO - Ingress_Enter RL4XJE4T
2025-03-31 23:28:38,999 - INFO - Ingress_Exit RL4XJE4T
2025-03-31 23:28:39,502 - INFO - Ingress_Enter PTXBZSVG
2025-03-31 23:28:39,592 - INFO - Ingress_Exit PTXBZSVG
2025-03-31 23:28:39,697 - INFO - Ingress_Enter QHIS3E0O
2025-03-31 23:28:39,781 - INFO - Ingress_Exit QHIS3E0O
2025-03-31 23:28:39,795 - INFO - Ingress_Enter VGZU2CAE
2025-03-31 23:28:39,884 - INFO - Ingress_Exit VGZU2CAE
2025-03-31 23:28:40,158 - INFO - Ingress_Enter 6C65667T
2025-03-31 23:28:40,224 - INFO - Ingress_Enter 7U6MBWI6
2025-03-31 23:28:40,247 - INFO - Ingress_Exit 6C65667T
2025-03-31 23:28:40,314 - INFO - Ingress_Exit 7U6MBWI6
2025-03-31 23:28:40,553 - INFO - Ingress_Enter Q8H3KSIE
2025-03-31 23:28:40,640 - INFO - Ingress_Exit Q8H3KSIE
2025-03-31 23:28:41,278 - INFO - Ingress_Enter M0WL4Q83
2025-03-31 23:28:41,367 - INFO - Ingress_Exit M0WL4Q83
2025-03-31 23:28:41,704 - INFO - Ingress_Enter TMAWPMI2
2025-03-31 23:28:41,795 - INFO - Ingress_Exit TMAWPMI2
2025-03-31 23:28:41,900 - INFO - Ingress_Enter XB5R7N56
2025-03-31 23:28:41,989 - INFO - Ingress_Exit XB5R7N56
2025-03-31 23:28:42,589 - INFO - Ingress_Enter SKHZK6KM
2025-03-31 23:28:42,679 - INFO - Ingress_Exit SKHZK6KM
2025-03-31 23:28:42,752 - INFO - Ingress_Enter 1RRO7GBQ
2025-03-31 23:28:42,842 - INFO - Ingress_Exit 1RRO7GBQ
2025-03-31 23:28:42,981 - INFO - Ingress_Enter AJBD16VU
2025-03-31 23:28:43,074 - INFO - Ingress_Exit AJBD16VU
2025-03-31 23:28:43,900 - INFO - Ingress_Enter U5SH7QI2
2025-03-31 23:28:43,992 - INFO - Ingress_Exit U5SH7QI2
2025-03-31 23:28:43,998 - INFO - Ingress_Enter N9YFGDAF
2025-03-31 23:28:44,062 - INFO - Ingress_Enter RIV0DMD8
2025-03-31 23:28:44,088 - INFO - Ingress_Exit N9YFGDAF
2025-03-31 23:28:44,095 - INFO - Ingress_Enter WRS97LYT
2025-03-31 23:28:44,154 - INFO - Ingress_Exit RIV0DMD8
2025-03-31 23:28:44,184 - INFO - Ingress_Exit WRS97LYT
2025-03-31 23:28:44,556 - INFO - Ingress_Enter DOEAFFZK
2025-03-31 23:28:44,646 - INFO - Ingress_Exit DOEAFFZK
2025-03-31 23:28:45,115 - INFO - Ingress_Enter Z71VM9SK
2025-03-31 23:28:45,202 - INFO - Ingress_Exit Z71VM9SK
2025-03-31 23:28:45,212 - INFO - Ingress_Enter KKURTMPG
2025-03-31 23:28:45,301 - INFO - Ingress_Exit KKURTMPG
2025-03-31 23:28:45,541 - INFO - Ingress_Enter S9CKUK6U
2025-03-31 23:28:45,631 - INFO - Ingress_Exit S9CKUK6U
2025-03-31 23:28:45,739 - INFO - Ingress_Enter KLE75SSN
2025-03-31 23:28:45,830 - INFO - Ingress_Exit KLE75SSN
2025-03-31 23:28:45,869 - INFO - Ingress_Enter V7AT98FW
2025-03-31 23:28:45,959 - INFO - Ingress_Exit V7AT98FW
2025-03-31 23:28:46,033 - INFO - Ingress_Enter LS1B2YTZ
2025-03-31 23:28:46,123 - INFO - Ingress_Exit LS1B2YTZ
2025-03-31 23:28:46,560 - INFO - Ingress_Enter M2I25CVT
2025-03-31 23:28:46,649 - INFO - Ingress_Exit M2I25CVT
2025-03-31 23:28:46,954 - INFO - Ingress_Enter FFKT6STH
2025-03-31 23:28:47,040 - INFO - Ingress_Exit FFKT6STH
2025-03-31 23:28:47,184 - INFO - Ingress_Enter 4MAK75OG
2025-03-31 23:28:47,276 - INFO - Ingress_Exit 4MAK75OG
2025-03-31 23:28:47,776 - INFO - Ingress_Enter A0ABVMT2
2025-03-31 23:28:47,863 - INFO - Ingress_Exit A0ABVMT2
2025-03-31 23:28:47,937 - INFO - Ingress_Enter 9G5G2CGM
2025-03-31 23:28:48,028 - INFO - Ingress_Exit 9G5G2CGM
2025-03-31 23:28:48,102 - INFO - Ingress_Enter PK8NLYAX
2025-03-31 23:28:48,191 - INFO - Ingress_Exit PK8NLYAX
2025-03-31 23:28:48,200 - INFO - Ingress_Enter BCPQSFT5
2025-03-31 23:28:48,290 - INFO - Ingress_Exit BCPQSFT5
2025-03-31 23:28:48,365 - INFO - Ingress_Enter 2WD6VKVT
2025-03-31 23:28:48,397 - INFO - Ingress_Enter HPJOEX4S
2025-03-31 23:28:48,451 - INFO - Ingress_Exit 2WD6VKVT
2025-03-31 23:28:48,489 - INFO - Ingress_Exit HPJOEX4S
2025-03-31 23:28:50,376 - INFO - Ingress_Enter NW2RPAZK
2025-03-31 23:28:50,407 - INFO - Ingress_Enter 9C3FUTO1
2025-03-31 23:28:50,475 - INFO - Ingress_Exit NW2RPAZK
2025-03-31 23:28:50,501 - INFO - Ingress_Exit 9C3FUTO1
2025-03-31 23:28:50,935 - INFO - Ingress_Enter TF8AWH7F
2025-03-31 23:28:51,028 - INFO - Ingress_Exit TF8AWH7F
2025-03-31 23:28:51,132 - INFO - Ingress_Enter A5XD0GKJ
2025-03-31 23:28:51,222 - INFO - Ingress_Exit A5XD0GKJ
2025-03-31 23:28:51,229 - INFO - Ingress_Enter VC69EO6J
2025-03-31 23:28:51,318 - INFO - Ingress_Exit VC69EO6J
2025-03-31 23:28:51,823 - INFO - Ingress_Enter 4RCIWFSU
2025-03-31 23:28:51,911 - INFO - Ingress_Exit 4RCIWFSU
2025-03-31 23:28:51,920 - INFO - Ingress_Enter YLCUJCA9
2025-03-31 23:28:52,016 - INFO - Ingress_Exit YLCUJCA9
2025-03-31 23:28:52,052 - INFO - Ingress_Enter PHR7FMLQ
2025-03-31 23:28:52,141 - INFO - Ingress_Exit PHR7FMLQ
2025-03-31 23:28:52,481 - INFO - Ingress_Enter ABPBRUOK
2025-03-31 23:28:52,568 - INFO - Ingress_Exit ABPBRUOK
2025-03-31 23:28:53,369 - INFO - Ingress_Enter 8LG84CM6
2025-03-31 23:28:53,460 - INFO - Ingress_Exit 8LG84CM6
2025-03-31 23:28:54,715 - INFO - Ingress_Enter KD7NC0F7
2025-03-31 23:28:54,804 - INFO - Ingress_Exit KD7NC0F7
2025-03-31 23:28:55,141 - INFO - Ingress_Enter 038PMCVJ
2025-03-31 23:28:55,232 - INFO - Ingress_Exit 038PMCVJ
2025-03-31 23:28:55,336 - INFO - Ingress_Enter DQUKIJDP
2025-03-31 23:28:55,370 - INFO - Ingress_Enter P0AFKX9Y
2025-03-31 23:28:55,431 - INFO - Ingress_Exit DQUKIJDP
2025-03-31 23:28:55,462 - INFO - Ingress_Exit P0AFKX9Y
2025-03-31 23:28:55,992 - INFO - Ingress_Enter G8HPG6LZ
2025-03-31 23:28:56,089 - INFO - Ingress_Exit G8HPG6LZ
2025-03-31 23:28:56,155 - INFO - Ingress_Enter COV48KA5
2025-03-31 23:28:56,246 - INFO - Ingress_Exit COV48KA5
2025-03-31 23:28:56,254 - INFO - Ingress_Enter BU79D6PQ
2025-03-31 23:28:56,344 - INFO - Ingress_Exit BU79D6PQ
2025-03-31 23:28:56,392 - INFO - Ingress_Enter QHN1PG3C
2025-03-31 23:28:56,481 - INFO - Ingress_Exit QHN1PG3C
2025-03-31 23:28:56,944 - INFO - Ingress_Enter CCD7U59H
2025-03-31 23:28:57,030 - INFO - Ingress_Exit CCD7U59H
2025-03-31 23:28:57,141 - INFO - Ingress_Enter GUY5MDLM
2025-03-31 23:28:57,174 - INFO - Ingress_Enter QNRE261E
2025-03-31 23:28:57,230 - INFO - Ingress_Exit GUY5MDLM
2025-03-31 23:28:57,263 - INFO - Ingress_Exit QNRE261E
2025-03-31 23:28:57,372 - INFO - Ingress_Enter PEOMOLL3
2025-03-31 23:28:57,405 - INFO - Ingress_Enter TFHZQX8Y
2025-03-31 23:28:57,463 - INFO - Ingress_Exit PEOMOLL3
2025-03-31 23:28:57,492 - INFO - Ingress_Exit TFHZQX8Y
2025-03-31 23:28:57,570 - INFO - Ingress_Enter 9FGY51VR
2025-03-31 23:28:57,661 - INFO - Ingress_Exit 9FGY51VR
2025-03-31 23:28:58,722 - INFO - Ingress_Enter TUGBH0I9
2025-03-31 23:28:58,754 - INFO - Ingress_Enter 4JCG9I08
2025-03-31 23:28:58,814 - INFO - Ingress_Exit TUGBH0I9
2025-03-31 23:28:58,845 - INFO - Ingress_Exit 4JCG9I08
2025-03-31 23:29:00,397 - INFO - Ingress_Enter U9XITIE2
2025-03-31 23:29:00,429 - INFO - Ingress_Enter FICG1P5F
2025-03-31 23:29:00,489 - INFO - Ingress_Exit U9XITIE2
2025-03-31 23:29:00,521 - INFO - Ingress_Exit FICG1P5F
2025-03-31 23:29:02,212 - INFO - Ingress_Enter 000D95BC
2025-03-31 23:29:02,277 - INFO - Ingress_Enter 0WYN66AC
2025-03-31 23:29:02,307 - INFO - Ingress_Exit 000D95BC
2025-03-31 23:29:02,367 - INFO - Ingress_Exit 0WYN66AC
2025-03-31 23:29:02,606 - INFO - Ingress_Enter 4AA36UIB
2025-03-31 23:29:02,698 - INFO - Ingress_Exit 4AA36UIB
2025-03-31 23:29:02,934 - INFO - Ingress_Enter UHLSPA8T
2025-03-31 23:29:03,023 - INFO - Ingress_Exit UHLSPA8T
2025-03-31 23:29:03,427 - INFO - Ingress_Enter 6I8VDDWX
2025-03-31 23:29:03,521 - INFO - Ingress_Exit 6I8VDDWX
2025-03-31 23:29:03,689 - INFO - Ingress_Enter FALIHQC7
2025-03-31 23:29:03,779 - INFO - Ingress_Exit FALIHQC7
2025-03-31 23:29:03,919 - INFO - Ingress_Enter 2A034E2Z
2025-03-31 23:29:03,984 - INFO - Ingress_Enter 3U5AL8I4
2025-03-31 23:29:04,015 - INFO - Ingress_Exit 2A034E2Z
2025-03-31 23:29:04,076 - INFO - Ingress_Exit 3U5AL8I4
2025-03-31 23:29:04,380 - INFO - Ingress_Enter WJ2LCU9T
2025-03-31 23:29:04,468 - INFO - Ingress_Exit WJ2LCU9T
2025-03-31 23:29:04,512 - INFO - Ingress_Enter 7RZKU4VM
2025-03-31 23:29:04,602 - INFO - Ingress_Exit 7RZKU4VM
2025-03-31 23:29:04,774 - INFO - Ingress_Enter P8ZMM1SK
2025-03-31 23:29:04,866 - INFO - Ingress_Exit P8ZMM1SK
2025-03-31 23:29:05,105 - INFO - Ingress_Enter TUV2ACRH
2025-03-31 23:29:05,199 - INFO - Ingress_Exit TUV2ACRH
2025-03-31 23:29:05,236 - INFO - Ingress_Enter UYHT50DL
2025-03-31 23:29:05,327 - INFO - Ingress_Exit UYHT50DL
2025-03-31 23:29:05,565 - INFO - Ingress_Enter 00W613I6
2025-03-31 23:29:05,657 - INFO - Ingress_Exit 00W613I6
2025-03-31 23:29:05,829 - INFO - Ingress_Enter TG20HP5K
2025-03-31 23:29:05,920 - INFO - Ingress_Exit TG20HP5K
2025-03-31 23:29:06,059 - INFO - Ingress_Enter JNQ06VAN
2025-03-31 23:29:06,149 - INFO - Ingress_Exit JNQ06VAN
2025-03-31 23:29:06,190 - INFO - Ingress_Enter FOZS48WI
2025-03-31 23:29:06,223 - INFO - Ingress_Enter QV3A5IGO
2025-03-31 23:29:06,281 - INFO - Ingress_Exit FOZS48WI
2025-03-31 23:29:06,316 - INFO - Ingress_Exit QV3A5IGO
2025-03-31 23:29:06,421 - INFO - Ingress_Enter ZIOUKDGP
2025-03-31 23:29:06,512 - INFO - Ingress_Exit ZIOUKDGP
2025-03-31 23:29:06,584 - INFO - Ingress_Enter PNWVGVYJ
2025-03-31 23:29:06,676 - INFO - Ingress_Exit PNWVGVYJ
2025-03-31 23:29:07,178 - INFO - Ingress_Enter T3GDYG53
2025-03-31 23:29:07,277 - INFO - Ingress_Exit T3GDYG53
2025-03-31 23:29:07,639 - INFO - Ingress_Enter YU0HX67S
2025-03-31 23:29:07,728 - INFO - Ingress_Exit YU0HX67S
2025-03-31 23:29:08,823 - INFO - Ingress_Enter 1UWT2BCC
2025-03-31 23:29:08,909 - INFO - Ingress_Exit 1UWT2BCC
2025-03-31 23:29:09,086 - INFO - Ingress_Enter 9TR99ICM
2025-03-31 23:29:09,179 - INFO - Ingress_Exit 9TR99ICM
2025-03-31 23:29:09,610 - INFO - Ingress_Enter 8BSP3XYG
2025-03-31 23:29:09,706 - INFO - Ingress_Exit 8BSP3XYG
2025-03-31 23:29:10,923 - INFO - Ingress_Enter 8FPZPZJL
2025-03-31 23:29:11,014 - INFO - Ingress_Exit 8FPZPZJL
2025-03-31 23:29:11,185 - INFO - Ingress_Enter 9PXQM5M1
2025-03-31 23:29:11,273 - INFO - Ingress_Exit 9PXQM5M1
2025-03-31 23:29:11,316 - INFO - Ingress_Enter MRIYO5EG
2025-03-31 23:29:11,408 - INFO - Ingress_Exit MRIYO5EG
2025-03-31 23:29:11,545 - INFO - Ingress_Enter PEZKT35H
2025-03-31 23:29:11,635 - INFO - Ingress_Exit PEZKT35H
2025-03-31 23:29:11,874 - INFO - Ingress_Enter TDY31CS2
2025-03-31 23:29:11,906 - INFO - Ingress_Enter Y7D6ILEM
2025-03-31 23:29:11,938 - INFO - Ingress_Enter YB88C9M8
2025-03-31 23:29:11,967 - INFO - Ingress_Exit TDY31CS2
2025-03-31 23:29:11,997 - INFO - Ingress_Exit Y7D6ILEM
2025-03-31 23:29:12,031 - INFO - Ingress_Exit YB88C9M8
2025-03-31 23:29:22,416 - INFO - Ingress_Enter BSYU3BK8
2025-03-31 23:29:22,448 - INFO - Ingress_Enter KDK50PXF
2025-03-31 23:29:22,515 - INFO - Ingress_Exit BSYU3BK8
2025-03-31 23:29:22,535 - INFO - Ingress_Exit KDK50PXF
2025-03-31 23:29:22,646 - INFO - Ingress_Enter D0L8A9Y9
2025-03-31 23:29:22,736 - INFO - Ingress_Exit D0L8A9Y9
2025-03-31 23:29:23,107 - INFO - Ingress_Enter F1HAKB1W
2025-03-31 23:29:23,197 - INFO - Ingress_Exit F1HAKB1W
2025-03-31 23:29:24,093 - INFO - Ingress_Enter A4DV8F6S
2025-03-31 23:29:24,180 - INFO - Ingress_Exit A4DV8F6S
2025-03-31 23:29:24,850 - INFO - Ingress_Enter WAPDZKHO
2025-03-31 23:29:24,945 - INFO - Ingress_Exit WAPDZKHO
2025-03-31 23:29:25,147 - INFO - Ingress_Enter QIIK59E2
2025-03-31 23:29:25,235 - INFO - Ingress_Exit QIIK59E2
2025-03-31 23:29:25,310 - INFO - Ingress_Enter 8H7BLYFR
2025-03-31 23:29:25,402 - INFO - Ingress_Exit 8H7BLYFR
2025-03-31 23:29:25,608 - INFO - Ingress_Enter ACIAA7AL
2025-03-31 23:29:25,699 - INFO - Ingress_Exit ACIAA7AL
2025-03-31 23:29:25,773 - INFO - Ingress_Enter Z9LHHEA0
2025-03-31 23:29:25,806 - INFO - Ingress_Enter 4P512PW5
2025-03-31 23:29:25,861 - INFO - Ingress_Exit Z9LHHEA0
2025-03-31 23:29:25,894 - INFO - Ingress_Exit 4P512PW5
2025-03-31 23:29:26,498 - INFO - Ingress_Enter GKY7436M
2025-03-31 23:29:26,587 - INFO - Ingress_Exit GKY7436M
2025-03-31 23:29:26,728 - INFO - Ingress_Enter NI8BU5Y3
2025-03-31 23:29:26,792 - INFO - Ingress_Enter H5UV9BZA
2025-03-31 23:29:26,816 - INFO - Ingress_Exit NI8BU5Y3
2025-03-31 23:29:26,886 - INFO - Ingress_Exit H5UV9BZA
2025-03-31 23:29:26,989 - INFO - Ingress_Enter CBNH859D
2025-03-31 23:29:27,079 - INFO - Ingress_Exit CBNH859D
2025-03-31 23:29:27,580 - INFO - Ingress_Enter ZJM9N889
2025-03-31 23:29:27,667 - INFO - Ingress_Exit ZJM9N889
2025-03-31 23:29:27,974 - INFO - Ingress_Enter YDEFAGSK
2025-03-31 23:29:28,060 - INFO - Ingress_Exit YDEFAGSK
2025-03-31 23:29:28,136 - INFO - Ingress_Enter 0OD01Q9L
2025-03-31 23:29:28,227 - INFO - Ingress_Exit 0OD01Q9L
2025-03-31 23:29:28,433 - INFO - Ingress_Enter 5UDZ3PYV
2025-03-31 23:29:28,520 - INFO - Ingress_Exit 5UDZ3PYV
2025-03-31 23:29:28,729 - INFO - Ingress_Enter P31ZJAPR
2025-03-31 23:29:28,818 - INFO - Ingress_Exit P31ZJAPR
2025-03-31 23:29:28,859 - INFO - Ingress_Enter CEBT68G6
2025-03-31 23:29:28,947 - INFO - Ingress_Exit CEBT68G6
2025-03-31 23:29:29,386 - INFO - Ingress_Enter YMK8CWL6
2025-03-31 23:29:29,479 - INFO - Ingress_Exit YMK8CWL6
2025-03-31 23:29:29,845 - INFO - Ingress_Enter CJBJUN58
2025-03-31 23:29:29,876 - INFO - Ingress_Enter 7IGM4WMR
2025-03-31 23:29:29,938 - INFO - Ingress_Exit CJBJUN58
2025-03-31 23:29:29,964 - INFO - Ingress_Exit 7IGM4WMR
2025-03-31 23:29:30,798 - INFO - Ingress_Enter 252XQGBF
2025-03-31 23:29:30,885 - INFO - Ingress_Exit 252XQGBF
2025-03-31 23:29:30,994 - INFO - Ingress_Enter DC9PJUJH
2025-03-31 23:29:31,060 - INFO - Ingress_Enter 78H1EG5S
2025-03-31 23:29:31,084 - INFO - Ingress_Exit DC9PJUJH
2025-03-31 23:29:31,152 - INFO - Ingress_Exit 78H1EG5S
2025-03-31 23:29:31,487 - INFO - Ingress_Enter NT98IW4F
2025-03-31 23:29:31,578 - INFO - Ingress_Exit NT98IW4F
2025-03-31 23:29:31,683 - INFO - Ingress_Enter H0GD9C6Y
2025-03-31 23:29:31,717 - INFO - Ingress_Enter Z39Z9I7L
2025-03-31 23:29:31,774 - INFO - Ingress_Exit H0GD9C6Y
2025-03-31 23:29:31,808 - INFO - Ingress_Exit Z39Z9I7L
2025-03-31 23:29:32,868 - INFO - Ingress_Enter HZVGQ4PK
2025-03-31 23:29:32,964 - INFO - Ingress_Exit HZVGQ4PK
2025-03-31 23:29:33,756 - INFO - Ingress_Enter KV63WOAU
2025-03-31 23:29:33,846 - INFO - Ingress_Exit KV63WOAU
2025-03-31 23:29:34,674 - INFO - Ingress_Enter WRW5MO64
2025-03-31 23:29:34,802 - INFO - Ingress_Exit WRW5MO64
2025-03-31 23:29:34,838 - INFO - Ingress_Enter 7EFVBVKN
2025-03-31 23:29:34,927 - INFO - Ingress_Exit 7EFVBVKN
2025-03-31 23:29:35,332 - INFO - Ingress_Enter 11TP0MDO
2025-03-31 23:29:35,425 - INFO - Ingress_Exit 11TP0MDO
2025-03-31 23:29:35,564 - INFO - Ingress_Enter BB3S6RQA
2025-03-31 23:29:35,656 - INFO - Ingress_Exit BB3S6RQA
2025-03-31 23:29:36,360 - INFO - Ingress_Enter DJ3CY9AT
2025-03-31 23:29:36,393 - INFO - Ingress_Enter EE2G7EBF
2025-03-31 23:29:36,447 - INFO - Ingress_Exit DJ3CY9AT
2025-03-31 23:29:36,483 - INFO - Ingress_Exit EE2G7EBF
2025-03-31 23:29:36,690 - INFO - Ingress_Enter TIIH1FV5
2025-03-31 23:29:36,779 - INFO - Ingress_Exit TIIH1FV5
2025-03-31 23:29:37,609 - INFO - Ingress_Enter MHS7BQOT
2025-03-31 23:29:37,699 - INFO - Ingress_Exit MHS7BQOT
