2025-04-01 02:36:16,301 - INFO - Ingress_Enter HNV32FLB
2025-04-01 02:36:16,344 - INFO - Ingress_Enter BP5IJ42K
2025-04-01 02:36:16,495 - INFO - Ingress_Enter YTD3ZQT9
2025-04-01 02:36:16,871 - INFO - Ingress_Enter 9KERNH57
2025-04-01 02:36:16,888 - INFO - Ingress_Enter GCLZX640
2025-04-01 02:36:17,246 - INFO - Ingress_Exit HNV32FLB
2025-04-01 02:36:17,296 - INFO - Ingress_Enter V7L9CS0I
2025-04-01 02:36:17,390 - INFO - Ingress_Exit 9KERNH57
2025-04-01 02:36:17,398 - INFO - Ingress_Enter ZBXGGEBO
2025-04-01 02:36:17,537 - INFO - Ingress_Exit YTD3ZQT9
2025-04-01 02:36:17,578 - INFO - Ingress_Enter 5EP0GR6D
2025-04-01 02:36:17,594 - INFO - Ingress_Enter 0CKA9V76
2025-04-01 02:36:17,619 - INFO - Ingress_Exit V7L9CS0I
2025-04-01 02:36:17,661 - INFO - Ingress_Exit BP5IJ42K
2025-04-01 02:36:17,680 - INFO - Ingress_Exit ZBXGGEBO
2025-04-01 02:36:17,729 - INFO - Ingress_Enter 36NIQEU0
2025-04-01 02:36:17,782 - INFO - Ingress_Enter K3VWMVN1
2025-04-01 02:36:17,804 - INFO - Ingress_Exit 5EP0GR6D
2025-04-01 02:36:17,832 - INFO - Ingress_Exit GCLZX640
2025-04-01 02:36:17,901 - INFO - Ingress_Exit 36NIQEU0
2025-04-01 02:36:17,947 - INFO - Ingress_Exit 0CKA9V76
2025-04-01 02:36:18,052 - INFO - Ingress_Exit K3VWMVN1
2025-04-01 02:36:18,109 - INFO - Ingress_Enter GH2ONW3O
2025-04-01 02:36:18,141 - INFO - Ingress_Enter RIL50DT2
2025-04-01 02:36:18,208 - INFO - Ingress_Exit GH2ONW3O
2025-04-01 02:36:18,226 - INFO - Ingress_Enter Y7B36NPG
2025-04-01 02:36:18,258 - INFO - Ingress_Enter M1D5SR6Z
2025-04-01 02:36:18,282 - INFO - Ingress_Enter G6NINP2F
2025-04-01 02:36:18,366 - INFO - Ingress_Exit RIL50DT2
2025-04-01 02:36:18,430 - INFO - Ingress_Exit M1D5SR6Z
2025-04-01 02:36:18,445 - INFO - Ingress_Exit G6NINP2F
2025-04-01 02:36:18,483 - INFO - Ingress_Enter KKC53UBT
2025-04-01 02:36:18,535 - INFO - Ingress_Exit Y7B36NPG
2025-04-01 02:36:18,662 - INFO - Ingress_Enter LTK988YX
2025-04-01 02:36:18,794 - INFO - Ingress_Enter LGQYH5OE
2025-04-01 02:36:18,836 - INFO - Ingress_Exit LTK988YX
2025-04-01 02:36:18,942 - INFO - Ingress_Enter X4HMAPRD
2025-04-01 02:36:19,037 - INFO - Ingress_Exit LGQYH5OE
2025-04-01 02:36:19,037 - INFO - Ingress_Exit KKC53UBT
2025-04-01 02:36:19,096 - INFO - Ingress_Enter OWSJGQVC
2025-04-01 02:36:19,183 - INFO - Ingress_Exit X4HMAPRD
2025-04-01 02:36:19,277 - INFO - Ingress_Exit OWSJGQVC
2025-04-01 02:36:19,500 - INFO - Ingress_Enter D5T6H3EH
2025-04-01 02:36:19,742 - INFO - Ingress_Enter HLTFY6C2
2025-04-01 02:36:19,749 - INFO - Ingress_Enter RB3K15EU
2025-04-01 02:36:19,862 - INFO - Ingress_Exit RB3K15EU
2025-04-01 02:36:19,962 - INFO - Ingress_Exit D5T6H3EH
2025-04-01 02:36:19,963 - INFO - Ingress_Exit HLTFY6C2
2025-04-01 02:36:20,257 - INFO - Ingress_Enter BELXTEON
2025-04-01 02:36:20,310 - INFO - Ingress_Enter SGT2ZR57
2025-04-01 02:36:20,468 - INFO - Ingress_Exit SGT2ZR57
2025-04-01 02:36:20,469 - INFO - Ingress_Exit BELXTEON
2025-04-01 02:36:20,960 - INFO - Ingress_Enter CB93BZ0M
2025-04-01 02:36:20,968 - INFO - Ingress_Enter IKSQTDZB
2025-04-01 02:36:21,113 - INFO - Ingress_Exit CB93BZ0M
2025-04-01 02:36:21,264 - INFO - Ingress_Enter 5MVFD8DN
2025-04-01 02:36:21,311 - INFO - Ingress_Exit IKSQTDZB
2025-04-01 02:36:21,399 - INFO - Ingress_Exit 5MVFD8DN
2025-04-01 02:36:21,445 - INFO - Ingress_Enter BDQCBK6C
2025-04-01 02:36:21,468 - INFO - Ingress_Enter 0B09E27E
2025-04-01 02:36:21,523 - INFO - Ingress_Enter 835HCYVD
2025-04-01 02:36:21,561 - INFO - Ingress_Enter F7H8Y6N8
2025-04-01 02:36:21,655 - INFO - Ingress_Enter D85DEGHA
2025-04-01 02:36:21,658 - INFO - Ingress_Exit BDQCBK6C
2025-04-01 02:36:21,763 - INFO - Ingress_Exit F7H8Y6N8
2025-04-01 02:36:21,782 - INFO - Ingress_Exit 835HCYVD
2025-04-01 02:36:21,836 - INFO - Ingress_Exit D85DEGHA
2025-04-01 02:36:21,837 - INFO - Ingress_Exit 0B09E27E
2025-04-01 02:36:22,087 - INFO - Ingress_Enter UNPH3BNM
2025-04-01 02:36:22,227 - INFO - Ingress_Enter ZSO7YTCT
2025-04-01 02:36:22,230 - INFO - Ingress_Exit UNPH3BNM
2025-04-01 02:36:22,425 - INFO - Ingress_Enter TKA6B4YA
2025-04-01 02:36:22,439 - INFO - Ingress_Exit ZSO7YTCT
2025-04-01 02:36:22,552 - INFO - Ingress_Exit TKA6B4YA
2025-04-01 02:36:22,691 - INFO - Ingress_Enter 7LYRV3Z4
2025-04-01 02:36:22,869 - INFO - Ingress_Enter 7BLHFR7W
2025-04-01 02:36:22,891 - INFO - Ingress_Exit 7LYRV3Z4
2025-04-01 02:36:23,007 - INFO - Ingress_Exit 7BLHFR7W
2025-04-01 02:36:23,017 - INFO - Ingress_Enter JI206KN0
2025-04-01 02:36:23,164 - INFO - Ingress_Exit JI206KN0
2025-04-01 02:36:23,204 - INFO - Ingress_Enter LQLEH5UJ
2025-04-01 02:36:23,267 - INFO - Ingress_Enter FPPCG5M9
2025-04-01 02:36:23,393 - INFO - Ingress_Exit LQLEH5UJ
2025-04-01 02:36:23,408 - INFO - Ingress_Enter KBJ9KUPG
2025-04-01 02:36:23,423 - INFO - Ingress_Enter QF0GRGAZ
2025-04-01 02:36:23,492 - INFO - Ingress_Exit FPPCG5M9
2025-04-01 02:36:23,516 - INFO - Ingress_Exit KBJ9KUPG
2025-04-01 02:36:23,581 - INFO - Ingress_Exit QF0GRGAZ
2025-04-01 02:36:23,810 - INFO - Ingress_Enter MK8X8ZZ5
2025-04-01 02:36:23,969 - INFO - Ingress_Exit MK8X8ZZ5
2025-04-01 02:36:24,051 - INFO - Ingress_Enter 6U06DMYS
2025-04-01 02:36:24,195 - INFO - Ingress_Exit 6U06DMYS
2025-04-01 02:36:24,277 - INFO - Ingress_Enter 526RO7IS
2025-04-01 02:36:24,285 - INFO - Ingress_Enter AZ72UMGZ
2025-04-01 02:36:24,412 - INFO - Ingress_Exit 526RO7IS
2025-04-01 02:36:24,445 - INFO - Ingress_Exit AZ72UMGZ
2025-04-01 02:36:24,455 - INFO - Ingress_Enter FHYBZOMI
2025-04-01 02:36:24,519 - INFO - Ingress_Enter 7GQXAK91
2025-04-01 02:36:24,593 - INFO - Ingress_Exit FHYBZOMI
2025-04-01 02:36:24,604 - INFO - Ingress_Enter HAX1K08L
2025-04-01 02:36:24,634 - INFO - Ingress_Exit 7GQXAK91
2025-04-01 02:36:24,636 - INFO - Ingress_Enter PB09Y41Y
2025-04-01 02:36:24,704 - INFO - Ingress_Exit HAX1K08L
2025-04-01 02:36:24,753 - INFO - Ingress_Exit PB09Y41Y
2025-04-01 02:36:24,851 - INFO - Ingress_Enter 51N7BAHC
2025-04-01 02:36:24,951 - INFO - Ingress_Enter T3K5CR4Z
2025-04-01 02:36:24,953 - INFO - Ingress_Enter 456RAXGC
2025-04-01 02:36:24,961 - INFO - Ingress_Enter 1AEIK1SC
2025-04-01 02:36:25,030 - INFO - Ingress_Exit 51N7BAHC
2025-04-01 02:36:25,080 - INFO - Ingress_Exit 1AEIK1SC
2025-04-01 02:36:25,086 - INFO - Ingress_Exit T3K5CR4Z
2025-04-01 02:36:25,169 - INFO - Ingress_Enter RYP0FUOA
2025-04-01 02:36:25,176 - INFO - Ingress_Exit 456RAXGC
2025-04-01 02:36:25,270 - INFO - Ingress_Exit RYP0FUOA
2025-04-01 02:36:25,363 - INFO - Ingress_Enter TPB5FT60
2025-04-01 02:36:25,433 - INFO - Ingress_Enter TTUECF8B
2025-04-01 02:36:25,480 - INFO - Ingress_Exit TPB5FT60
2025-04-01 02:36:25,638 - INFO - Ingress_Exit TTUECF8B
2025-04-01 02:36:25,923 - INFO - Ingress_Enter XSSPD7JY
2025-04-01 02:36:26,141 - INFO - Ingress_Exit XSSPD7JY
2025-04-01 02:36:26,221 - INFO - Ingress_Enter EETLEIW4
2025-04-01 02:36:26,229 - INFO - Ingress_Enter 14IGJ996
2025-04-01 02:36:26,335 - INFO - Ingress_Exit 14IGJ996
2025-04-01 02:36:26,410 - INFO - Ingress_Enter ALKJQVD6
2025-04-01 02:36:26,410 - INFO - Ingress_Exit EETLEIW4
2025-04-01 02:36:26,432 - INFO - Ingress_Enter FSY01NJ3
2025-04-01 02:36:26,556 - INFO - Ingress_Exit ALKJQVD6
2025-04-01 02:36:26,590 - INFO - Ingress_Exit FSY01NJ3
2025-04-01 02:36:26,788 - INFO - Ingress_Enter CGL9GZ3X
2025-04-01 02:36:26,796 - INFO - Ingress_Enter PR6C7QT3
2025-04-01 02:36:26,804 - INFO - Ingress_Enter J4NNMOWT
2025-04-01 02:36:26,925 - INFO - Ingress_Enter WFTS49AT
2025-04-01 02:36:26,969 - INFO - Ingress_Exit CGL9GZ3X
2025-04-01 02:36:27,031 - INFO - Ingress_Exit J4NNMOWT
2025-04-01 02:36:27,045 - INFO - Ingress_Exit PR6C7QT3
2025-04-01 02:36:27,111 - INFO - Ingress_Exit WFTS49AT
2025-04-01 02:36:27,130 - INFO - Ingress_Enter HN2DM8RS
2025-04-01 02:36:27,138 - INFO - Ingress_Enter WKX6SKO1
2025-04-01 02:36:27,217 - INFO - Ingress_Enter HOGY4W6B
2025-04-01 02:36:27,269 - INFO - Ingress_Exit WKX6SKO1
2025-04-01 02:36:27,312 - INFO - Ingress_Exit HN2DM8RS
2025-04-01 02:36:27,339 - INFO - Ingress_Exit HOGY4W6B
2025-04-01 02:36:27,583 - INFO - Ingress_Enter VK8RAFXQ
2025-04-01 02:36:27,659 - INFO - Ingress_Enter BGNM6HH4
2025-04-01 02:36:27,788 - INFO - Ingress_Exit VK8RAFXQ
2025-04-01 02:36:27,881 - INFO - Ingress_Exit BGNM6HH4
2025-04-01 02:36:27,935 - INFO - Ingress_Enter 7HGRYN15
2025-04-01 02:36:28,031 - INFO - Ingress_Enter 6PUDQHV8
2025-04-01 02:36:28,089 - INFO - Ingress_Exit 7HGRYN15
2025-04-01 02:36:28,235 - INFO - Ingress_Enter JY8SAFD9
2025-04-01 02:36:28,267 - INFO - Ingress_Exit 6PUDQHV8
2025-04-01 02:36:28,405 - INFO - Ingress_Enter OO74DT4R
2025-04-01 02:36:28,470 - INFO - Ingress_Exit JY8SAFD9
2025-04-01 02:36:28,522 - INFO - Ingress_Exit OO74DT4R
2025-04-01 02:36:28,607 - INFO - Ingress_Enter XHMVWWGK
2025-04-01 02:36:28,663 - INFO - Ingress_Enter GBI6UCSX
2025-04-01 02:36:28,686 - INFO - Ingress_Enter 5UA7FATH
2025-04-01 02:36:28,781 - INFO - Ingress_Exit XHMVWWGK
2025-04-01 02:36:28,825 - INFO - Ingress_Exit GBI6UCSX
2025-04-01 02:36:28,887 - INFO - Ingress_Exit 5UA7FATH
2025-04-01 02:36:29,214 - INFO - Ingress_Enter NJ1BW6CH
2025-04-01 02:36:29,245 - INFO - Ingress_Enter ERXLTW30
2025-04-01 02:36:29,323 - INFO - Ingress_Enter H7MMO6TW
2025-04-01 02:36:29,325 - INFO - Ingress_Exit NJ1BW6CH
2025-04-01 02:36:29,332 - INFO - Ingress_Enter 524V9G31
2025-04-01 02:36:29,409 - INFO - Ingress_Exit ERXLTW30
2025-04-01 02:36:29,439 - INFO - Ingress_Enter W4I15TZ4
2025-04-01 02:36:29,448 - INFO - Ingress_Enter V8UFLKZS
2025-04-01 02:36:29,457 - INFO - Ingress_Exit 524V9G31
2025-04-01 02:36:29,481 - INFO - Ingress_Exit H7MMO6TW
2025-04-01 02:36:29,584 - INFO - Ingress_Exit V8UFLKZS
2025-04-01 02:36:29,665 - INFO - Ingress_Exit W4I15TZ4
2025-04-01 02:36:30,188 - INFO - Ingress_Enter ZFX3HYA7
2025-04-01 02:36:30,266 - INFO - Ingress_Enter 5PW8L4J4
2025-04-01 02:36:30,289 - INFO - Ingress_Enter 9QAI3AGL
2025-04-01 02:36:30,408 - INFO - Ingress_Exit 9QAI3AGL
2025-04-01 02:36:30,420 - INFO - Ingress_Exit 5PW8L4J4
2025-04-01 02:36:30,435 - INFO - Ingress_Exit ZFX3HYA7
2025-04-01 02:36:30,498 - INFO - Ingress_Enter ELLS4GTZ
2025-04-01 02:36:30,536 - INFO - Ingress_Enter XT18GIBP
2025-04-01 02:36:30,583 - INFO - Ingress_Enter 9UFZ5XIB
2025-04-01 02:36:30,591 - INFO - Ingress_Enter PR68XUIZ
2025-04-01 02:36:30,684 - INFO - Ingress_Exit ELLS4GTZ
2025-04-01 02:36:30,690 - INFO - Ingress_Exit XT18GIBP
2025-04-01 02:36:30,717 - INFO - Ingress_Exit 9UFZ5XIB
2025-04-01 02:36:30,749 - INFO - Ingress_Exit PR68XUIZ
2025-04-01 02:36:30,786 - INFO - Ingress_Enter W12I96BV
2025-04-01 02:36:30,823 - INFO - Ingress_Enter WA95KN20
2025-04-01 02:36:31,010 - INFO - Ingress_Enter P4YJE2YQ
2025-04-01 02:36:31,017 - INFO - Ingress_Exit W12I96BV
2025-04-01 02:36:31,019 - INFO - Ingress_Exit WA95KN20
2025-04-01 02:36:31,057 - INFO - Ingress_Enter HYBFEIMP
2025-04-01 02:36:31,111 - INFO - Ingress_Enter ZZAJEYMG
2025-04-01 02:36:31,135 - INFO - Ingress_Exit P4YJE2YQ
2025-04-01 02:36:31,189 - INFO - Ingress_Enter YZZWBC56
2025-04-01 02:36:31,259 - INFO - Ingress_Enter ZL9BFTXN
2025-04-01 02:36:31,278 - INFO - Ingress_Exit ZZAJEYMG
2025-04-01 02:36:31,293 - INFO - Ingress_Exit HYBFEIMP
2025-04-01 02:36:31,411 - INFO - Ingress_Exit ZL9BFTXN
2025-04-01 02:36:31,455 - INFO - Ingress_Exit YZZWBC56
2025-04-01 02:36:31,581 - INFO - Ingress_Enter H1T6ZGHN
2025-04-01 02:36:31,625 - INFO - Ingress_Enter DND6A46M
2025-04-01 02:36:31,664 - INFO - Ingress_Enter 9QLCUXFI
2025-04-01 02:36:31,755 - INFO - Ingress_Exit H1T6ZGHN
2025-04-01 02:36:31,805 - INFO - Ingress_Enter ZHL0E2UY
2025-04-01 02:36:31,822 - INFO - Ingress_Exit DND6A46M
2025-04-01 02:36:31,899 - INFO - Ingress_Exit 9QLCUXFI
2025-04-01 02:36:32,002 - INFO - Ingress_Exit ZHL0E2UY
2025-04-01 02:36:32,008 - INFO - Ingress_Enter 5EW8NY1C
2025-04-01 02:36:32,094 - INFO - Ingress_Enter UUUTRYM3
2025-04-01 02:36:32,182 - INFO - Ingress_Exit 5EW8NY1C
2025-04-01 02:36:32,215 - INFO - Ingress_Exit UUUTRYM3
2025-04-01 02:36:32,220 - INFO - Ingress_Enter XOEIFWZB
2025-04-01 02:36:32,343 - INFO - Ingress_Enter E2UORRU5
2025-04-01 02:36:32,395 - INFO - Ingress_Exit XOEIFWZB
2025-04-01 02:36:32,406 - INFO - Ingress_Enter 3M70DI0S
2025-04-01 02:36:32,452 - INFO - Ingress_Exit E2UORRU5
2025-04-01 02:36:32,522 - INFO - Ingress_Enter 43PX0MB5
2025-04-01 02:36:32,542 - INFO - Ingress_Exit 3M70DI0S
2025-04-01 02:36:32,555 - INFO - Ingress_Enter 479SYK7U
2025-04-01 02:36:32,677 - INFO - Ingress_Enter XFNB4DW9
2025-04-01 02:36:32,690 - INFO - Ingress_Exit 479SYK7U
2025-04-01 02:36:32,713 - INFO - Ingress_Exit 43PX0MB5
2025-04-01 02:36:32,931 - INFO - Ingress_Exit XFNB4DW9
2025-04-01 02:36:33,065 - INFO - Ingress_Enter DFRWCAET
2025-04-01 02:36:33,325 - INFO - Ingress_Exit DFRWCAET
2025-04-01 02:36:33,687 - INFO - Ingress_Enter 7WI0Z1XR
2025-04-01 02:36:33,749 - INFO - Ingress_Enter 65ZFJBUK
2025-04-01 02:36:34,006 - INFO - Ingress_Exit 65ZFJBUK
2025-04-01 02:36:34,084 - INFO - Ingress_Exit 7WI0Z1XR
2025-04-01 02:36:34,295 - INFO - Ingress_Enter 6FX0H58X
2025-04-01 02:36:34,461 - INFO - Ingress_Enter DMKOXOYE
2025-04-01 02:36:34,653 - INFO - Ingress_Exit 6FX0H58X
2025-04-01 02:36:34,697 - INFO - Ingress_Exit DMKOXOYE
2025-04-01 02:36:34,929 - INFO - Ingress_Enter 7U7RZ0U1
2025-04-01 02:36:35,014 - INFO - Ingress_Enter PR8XXA7N
2025-04-01 02:36:35,029 - INFO - Ingress_Enter H1NAKMIM
2025-04-01 02:36:35,032 - INFO - Ingress_Exit 7U7RZ0U1
2025-04-01 02:36:35,164 - INFO - Ingress_Exit H1NAKMIM
2025-04-01 02:36:35,195 - INFO - Ingress_Exit PR8XXA7N
2025-04-01 02:36:35,646 - INFO - Ingress_Enter B0PWPX17
2025-04-01 02:36:35,764 - INFO - Ingress_Enter ENIE070V
2025-04-01 02:36:35,772 - INFO - Ingress_Exit B0PWPX17
2025-04-01 02:36:35,842 - INFO - Ingress_Enter KGZMFIS4
2025-04-01 02:36:35,935 - INFO - Ingress_Enter 0VIDWCSH
2025-04-01 02:36:35,943 - INFO - Ingress_Exit ENIE070V
2025-04-01 02:36:36,060 - INFO - Ingress_Exit KGZMFIS4
2025-04-01 02:36:36,083 - INFO - Ingress_Enter DOITBZMM
2025-04-01 02:36:36,200 - INFO - Ingress_Enter E5NAYLTI
2025-04-01 02:36:36,239 - INFO - Ingress_Exit 0VIDWCSH
2025-04-01 02:36:36,242 - INFO - Ingress_Exit DOITBZMM
2025-04-01 02:36:36,294 - INFO - Ingress_Enter 27R19NP6
2025-04-01 02:36:36,326 - INFO - Ingress_Enter CPH95SR3
2025-04-01 02:36:36,443 - INFO - Ingress_Enter DF0X5FZ8
2025-04-01 02:36:36,461 - INFO - Ingress_Exit E5NAYLTI
2025-04-01 02:36:36,492 - INFO - Ingress_Exit CPH95SR3
2025-04-01 02:36:36,526 - INFO - Ingress_Exit 27R19NP6
2025-04-01 02:36:36,638 - INFO - Ingress_Exit DF0X5FZ8
2025-04-01 02:36:37,103 - INFO - Ingress_Enter P1MMGYHA
2025-04-01 02:36:37,291 - INFO - Ingress_Exit P1MMGYHA
2025-04-01 02:36:37,325 - INFO - Ingress_Enter EISEGOI9
2025-04-01 02:36:37,364 - INFO - Ingress_Enter W8D3O9N9
2025-04-01 02:36:37,426 - INFO - Ingress_Enter 0WYOJGGV
2025-04-01 02:36:37,567 - INFO - Ingress_Enter UPAK2KOC
2025-04-01 02:36:37,636 - INFO - Ingress_Enter MGO6FM8L
2025-04-01 02:36:37,742 - INFO - Ingress_Exit EISEGOI9
2025-04-01 02:36:38,019 - INFO - Ingress_Exit W8D3O9N9
2025-04-01 02:36:38,021 - INFO - Ingress_Exit 0WYOJGGV
2025-04-01 02:36:38,093 - INFO - Ingress_Exit UPAK2KOC
2025-04-01 02:36:38,210 - INFO - Ingress_Exit MGO6FM8L
2025-04-01 02:36:39,198 - INFO - Ingress_Enter B1TAJC78
2025-04-01 02:36:39,222 - INFO - Ingress_Enter IREHX4FV
2025-04-01 02:36:39,303 - INFO - Ingress_Exit B1TAJC78
2025-04-01 02:36:39,454 - INFO - Ingress_Exit IREHX4FV
2025-04-01 02:36:39,456 - INFO - Ingress_Enter 7W06X23P
2025-04-01 02:36:39,465 - INFO - Ingress_Enter GYK883WE
2025-04-01 02:36:39,502 - INFO - Ingress_Enter AM2BWARB
2025-04-01 02:36:39,509 - INFO - Ingress_Enter TBPKG02E
2025-04-01 02:36:39,563 - INFO - Ingress_Exit 7W06X23P
2025-04-01 02:36:39,689 - INFO - Ingress_Exit GYK883WE
2025-04-01 02:36:39,690 - INFO - Ingress_Exit AM2BWARB
2025-04-01 02:36:39,692 - INFO - Ingress_Exit TBPKG02E
2025-04-01 02:36:40,157 - INFO - Ingress_Enter QZIMRG7S
2025-04-01 02:36:40,195 - INFO - Ingress_Enter RVPQ2QII
2025-04-01 02:36:40,330 - INFO - Ingress_Exit RVPQ2QII
2025-04-01 02:36:40,379 - INFO - Ingress_Enter GYS76F8O
2025-04-01 02:36:40,418 - INFO - Ingress_Exit QZIMRG7S
2025-04-01 02:36:40,577 - INFO - Ingress_Exit GYS76F8O
2025-04-01 02:36:40,720 - INFO - Ingress_Enter 6U7FIX0M
2025-04-01 02:36:40,896 - INFO - Ingress_Exit 6U7FIX0M
2025-04-01 02:36:40,970 - INFO - Ingress_Enter PM815KIK
2025-04-01 02:36:41,008 - INFO - Ingress_Enter UT3IVEWS
2025-04-01 02:36:41,082 - INFO - Ingress_Exit PM815KIK
2025-04-01 02:36:41,140 - INFO - Ingress_Enter OPMQUTEP
2025-04-01 02:36:41,155 - INFO - Ingress_Enter 5J7PM1V6
2025-04-01 02:36:41,161 - INFO - Ingress_Exit UT3IVEWS
2025-04-01 02:36:41,241 - INFO - Ingress_Enter 6KWB6W9L
2025-04-01 02:36:41,252 - INFO - Ingress_Exit 5J7PM1V6
2025-04-01 02:36:41,289 - INFO - Ingress_Exit OPMQUTEP
2025-04-01 02:36:41,365 - INFO - Ingress_Exit 6KWB6W9L
2025-04-01 02:36:41,374 - INFO - Ingress_Enter ECJMNQFN
2025-04-01 02:36:41,381 - INFO - Ingress_Enter L1RLTYK0
2025-04-01 02:36:41,422 - INFO - Ingress_Enter XHU161IE
2025-04-01 02:36:41,590 - INFO - Ingress_Exit ECJMNQFN
2025-04-01 02:36:41,615 - INFO - Ingress_Exit L1RLTYK0
2025-04-01 02:36:41,623 - INFO - Ingress_Exit XHU161IE
2025-04-01 02:36:42,008 - INFO - Ingress_Enter DRFOBJE5
2025-04-01 02:36:42,019 - INFO - Ingress_Enter 54PLGBD9
2025-04-01 02:36:42,110 - INFO - Ingress_Enter 68QMSKJB
2025-04-01 02:36:42,181 - INFO - Ingress_Exit DRFOBJE5
2025-04-01 02:36:42,224 - INFO - Ingress_Exit 68QMSKJB
2025-04-01 02:36:42,237 - INFO - Ingress_Exit 54PLGBD9
2025-04-01 02:36:42,271 - INFO - Ingress_Enter LL0LW343
2025-04-01 02:36:42,364 - INFO - Ingress_Enter FDC3524Z
2025-04-01 02:36:42,372 - INFO - Ingress_Enter 3Y66SDUX
2025-04-01 02:36:42,437 - INFO - Ingress_Exit LL0LW343
2025-04-01 02:36:42,519 - INFO - Ingress_Exit 3Y66SDUX
2025-04-01 02:36:42,526 - INFO - Ingress_Exit FDC3524Z
2025-04-01 02:36:42,871 - INFO - Ingress_Enter N4G9NSQI
2025-04-01 02:36:42,942 - INFO - Ingress_Enter ANX8E146
2025-04-01 02:36:42,969 - INFO - Ingress_Exit N4G9NSQI
2025-04-01 02:36:43,003 - INFO - Ingress_Enter ZDLDIXIX
2025-04-01 02:36:43,011 - INFO - Ingress_Enter V6FQE3QV
2025-04-01 02:36:43,058 - INFO - Ingress_Enter A0RJY0PL
2025-04-01 02:36:43,085 - INFO - Ingress_Exit ANX8E146
2025-04-01 02:36:43,188 - INFO - Ingress_Exit A0RJY0PL
2025-04-01 02:36:43,202 - INFO - Ingress_Exit ZDLDIXIX
2025-04-01 02:36:43,265 - INFO - Ingress_Exit V6FQE3QV
2025-04-01 02:36:43,823 - INFO - Ingress_Enter R0XDAR76
2025-04-01 02:36:43,885 - INFO - Ingress_Enter 1NQZ8CB4
2025-04-01 02:36:43,921 - INFO - Ingress_Exit R0XDAR76
2025-04-01 02:36:43,947 - INFO - Ingress_Enter 0OAEGQM2
2025-04-01 02:36:44,018 - INFO - Ingress_Enter E6HBXWSF
2025-04-01 02:36:44,133 - INFO - Ingress_Exit 0OAEGQM2
2025-04-01 02:36:44,157 - INFO - Ingress_Exit 1NQZ8CB4
2025-04-01 02:36:44,163 - INFO - Ingress_Exit E6HBXWSF
2025-04-01 02:36:44,502 - INFO - Ingress_Enter EI5369OW
2025-04-01 02:36:44,518 - INFO - Ingress_Enter Z7562E3C
2025-04-01 02:36:44,541 - INFO - Ingress_Enter G9ZIE8XT
2025-04-01 02:36:44,660 - INFO - Ingress_Exit EI5369OW
2025-04-01 02:36:44,705 - INFO - Ingress_Exit Z7562E3C
2025-04-01 02:36:44,752 - INFO - Ingress_Enter 1WQE19SD
2025-04-01 02:36:44,790 - INFO - Ingress_Enter JK1MGKGG
2025-04-01 02:36:44,830 - INFO - Ingress_Exit G9ZIE8XT
2025-04-01 02:36:44,837 - INFO - Ingress_Enter B6ZST8QR
2025-04-01 02:36:44,940 - INFO - Ingress_Exit 1WQE19SD
2025-04-01 02:36:45,026 - INFO - Ingress_Enter 2C365IZ6
2025-04-01 02:36:45,041 - INFO - Ingress_Exit JK1MGKGG
2025-04-01 02:36:45,042 - INFO - Ingress_Exit B6ZST8QR
2025-04-01 02:36:45,088 - INFO - Ingress_Enter UB46AKX5
2025-04-01 02:36:45,167 - INFO - Ingress_Enter N3CMUQFN
2025-04-01 02:36:45,174 - INFO - Ingress_Enter PFCKXUPV
2025-04-01 02:36:45,207 - INFO - Ingress_Exit UB46AKX5
2025-04-01 02:36:45,240 - INFO - Ingress_Exit 2C365IZ6
2025-04-01 02:36:45,252 - INFO - Ingress_Enter JB9IUMZZ
2025-04-01 02:36:45,267 - INFO - Ingress_Enter Q1EJHLXZ
2025-04-01 02:36:45,290 - INFO - Ingress_Enter FHQ1Z4WL
2025-04-01 02:36:45,319 - INFO - Ingress_Exit PFCKXUPV
2025-04-01 02:36:45,321 - INFO - Ingress_Exit N3CMUQFN
2025-04-01 02:36:45,396 - INFO - Ingress_Exit JB9IUMZZ
2025-04-01 02:36:45,404 - INFO - Ingress_Exit Q1EJHLXZ
2025-04-01 02:36:45,427 - INFO - Ingress_Exit FHQ1Z4WL
2025-04-01 02:36:46,005 - INFO - Ingress_Enter KMBK2RWI
2025-04-01 02:36:46,028 - INFO - Ingress_Enter 4ROYJW5T
2025-04-01 02:36:46,121 - INFO - Ingress_Enter ZSCJRG44
2025-04-01 02:36:46,154 - INFO - Ingress_Exit KMBK2RWI
2025-04-01 02:36:46,262 - INFO - Ingress_Enter IUURWJ83
2025-04-01 02:36:46,316 - INFO - Ingress_Exit 4ROYJW5T
2025-04-01 02:36:46,317 - INFO - Ingress_Exit ZSCJRG44
2025-04-01 02:36:46,398 - INFO - Ingress_Exit IUURWJ83
2025-04-01 02:36:46,963 - INFO - Ingress_Enter VSKSHF9C
2025-04-01 02:36:47,086 - INFO - Ingress_Exit VSKSHF9C
2025-04-01 02:36:47,110 - INFO - Ingress_Enter 1RT3WO4D
2025-04-01 02:36:47,275 - INFO - Ingress_Enter EI35PY07
2025-04-01 02:36:47,281 - INFO - Ingress_Exit 1RT3WO4D
2025-04-01 02:36:47,378 - INFO - Ingress_Exit EI35PY07
2025-04-01 02:36:47,782 - INFO - Ingress_Enter JB0DHAFH
2025-04-01 02:36:47,812 - INFO - Ingress_Enter N9NJYUI8
2025-04-01 02:36:47,843 - INFO - Ingress_Enter LG5NJ3CP
2025-04-01 02:36:48,001 - INFO - Ingress_Exit JB0DHAFH
2025-04-01 02:36:48,015 - INFO - Ingress_Exit N9NJYUI8
2025-04-01 02:36:48,016 - INFO - Ingress_Exit LG5NJ3CP
2025-04-01 02:36:48,487 - INFO - Ingress_Enter 8R2PIB5L
2025-04-01 02:36:48,541 - INFO - Ingress_Enter 898K3AIC
2025-04-01 02:36:48,548 - INFO - Ingress_Enter 8VQBCW6G
2025-04-01 02:36:48,655 - INFO - Ingress_Exit 8R2PIB5L
2025-04-01 02:36:48,693 - INFO - Ingress_Exit 8VQBCW6G
2025-04-01 02:36:48,732 - INFO - Ingress_Exit 898K3AIC
2025-04-01 02:36:48,979 - INFO - Ingress_Enter RMOBO1D1
2025-04-01 02:36:49,033 - INFO - Ingress_Enter 89BVVTUF
2025-04-01 02:36:49,041 - INFO - Ingress_Enter SDQCGK3K
2025-04-01 02:36:49,152 - INFO - Ingress_Exit SDQCGK3K
2025-04-01 02:36:49,181 - INFO - Ingress_Exit RMOBO1D1
2025-04-01 02:36:49,253 - INFO - Ingress_Exit 89BVVTUF
2025-04-01 02:36:49,256 - INFO - Ingress_Enter NGR67O4O
2025-04-01 02:36:49,338 - INFO - Ingress_Enter PHPU76AM
2025-04-01 02:36:49,383 - INFO - Ingress_Exit NGR67O4O
2025-04-01 02:36:49,491 - INFO - Ingress_Exit PHPU76AM
2025-04-01 02:36:49,516 - INFO - Ingress_Enter XJO2IJ2I
2025-04-01 02:36:49,683 - INFO - Ingress_Exit XJO2IJ2I
2025-04-01 02:36:49,861 - INFO - Ingress_Enter Z1ZFDRU1
2025-04-01 02:36:49,974 - INFO - Ingress_Exit Z1ZFDRU1
2025-04-01 02:36:50,049 - INFO - Ingress_Enter TXJHXWL5
2025-04-01 02:36:50,103 - INFO - Ingress_Enter HBQYM0VG
2025-04-01 02:36:50,154 - INFO - Ingress_Exit TXJHXWL5
2025-04-01 02:36:50,410 - INFO - Ingress_Exit HBQYM0VG
2025-04-01 02:36:50,473 - INFO - Ingress_Enter B7076RD9
2025-04-01 02:36:50,573 - INFO - Ingress_Exit B7076RD9
2025-04-01 02:36:50,839 - INFO - Ingress_Enter 605Y864Y
2025-04-01 02:36:50,877 - INFO - Ingress_Enter OE0K0YRX
2025-04-01 02:36:50,967 - INFO - Ingress_Exit 605Y864Y
2025-04-01 02:36:51,024 - INFO - Ingress_Enter C3J9MQP0
2025-04-01 02:36:51,077 - INFO - Ingress_Exit OE0K0YRX
2025-04-01 02:36:51,160 - INFO - Ingress_Exit C3J9MQP0
2025-04-01 02:36:51,219 - INFO - Ingress_Enter 2ON9IRUI
2025-04-01 02:36:51,335 - INFO - Ingress_Enter 25JHGJHA
2025-04-01 02:36:51,344 - INFO - Ingress_Enter FMA75U7U
2025-04-01 02:36:51,466 - INFO - Ingress_Exit 25JHGJHA
2025-04-01 02:36:51,496 - INFO - Ingress_Exit 2ON9IRUI
2025-04-01 02:36:51,591 - INFO - Ingress_Exit FMA75U7U
2025-04-01 02:36:52,446 - INFO - Ingress_Enter 3G9NO7XP
2025-04-01 02:36:52,523 - INFO - Ingress_Enter TCLO69V4
2025-04-01 02:36:52,601 - INFO - Ingress_Enter 898PV15E
2025-04-01 02:36:52,608 - INFO - Ingress_Enter 228HL1CZ
2025-04-01 02:36:52,645 - INFO - Ingress_Exit 3G9NO7XP
2025-04-01 02:36:52,646 - INFO - Ingress_Exit TCLO69V4
2025-04-01 02:36:52,770 - INFO - Ingress_Exit 898PV15E
2025-04-01 02:36:52,817 - INFO - Ingress_Exit 228HL1CZ
2025-04-01 02:36:53,924 - INFO - Ingress_Enter B86AGUS1
2025-04-01 02:36:54,080 - INFO - Ingress_Exit B86AGUS1
2025-04-01 02:36:54,099 - INFO - Ingress_Enter GQ15P0T9
2025-04-01 02:36:54,106 - INFO - Ingress_Enter DTDNI4EL
2025-04-01 02:36:54,242 - INFO - Ingress_Exit DTDNI4EL
2025-04-01 02:36:54,271 - INFO - Ingress_Enter 7UKZ4V13
2025-04-01 02:36:54,318 - INFO - Ingress_Exit GQ15P0T9
2025-04-01 02:36:54,348 - INFO - Ingress_Enter H9PGRDWK
2025-04-01 02:36:54,442 - INFO - Ingress_Exit 7UKZ4V13
2025-04-01 02:36:54,502 - INFO - Ingress_Exit H9PGRDWK
2025-04-01 02:36:54,573 - INFO - Ingress_Enter YW1LBMBT
2025-04-01 02:36:54,768 - INFO - Ingress_Exit YW1LBMBT
2025-04-01 02:36:54,785 - INFO - Ingress_Enter Z4GHRPEI
2025-04-01 02:36:54,847 - INFO - Ingress_Enter 70O1U8UV
2025-04-01 02:36:54,854 - INFO - Ingress_Enter 5N3R3LLK
2025-04-01 02:36:54,949 - INFO - Ingress_Exit Z4GHRPEI
2025-04-01 02:36:55,059 - INFO - Ingress_Exit 70O1U8UV
2025-04-01 02:36:55,081 - INFO - Ingress_Enter HA06QPDW
2025-04-01 02:36:55,088 - INFO - Ingress_Exit 5N3R3LLK
2025-04-01 02:36:55,275 - INFO - Ingress_Enter QGZDEVV6
2025-04-01 02:36:55,321 - INFO - Ingress_Exit HA06QPDW
2025-04-01 02:36:55,538 - INFO - Ingress_Enter IJJ757V5
2025-04-01 02:36:55,569 - INFO - Ingress_Exit QGZDEVV6
2025-04-01 02:36:55,631 - INFO - Ingress_Enter 67QHXY23
2025-04-01 02:36:55,675 - INFO - Ingress_Exit IJJ757V5
2025-04-01 02:36:55,886 - INFO - Ingress_Exit 67QHXY23
2025-04-01 02:36:56,107 - INFO - Ingress_Enter S8UG7HD2
2025-04-01 02:36:56,230 - INFO - Ingress_Enter 9HO8LTVJ
2025-04-01 02:36:56,253 - INFO - Ingress_Enter 7U23OVQ3
2025-04-01 02:36:56,340 - INFO - Ingress_Exit S8UG7HD2
2025-04-01 02:36:56,413 - INFO - Ingress_Exit 9HO8LTVJ
2025-04-01 02:36:56,482 - INFO - Ingress_Exit 7U23OVQ3
2025-04-01 02:36:56,489 - INFO - Ingress_Enter TFBHIBRD
2025-04-01 02:36:56,574 - INFO - Ingress_Enter H8219RMK
2025-04-01 02:36:56,658 - INFO - Ingress_Enter 64EQZHAJ
2025-04-01 02:36:56,705 - INFO - Ingress_Enter O57G99F6
2025-04-01 02:36:56,713 - INFO - Ingress_Exit TFBHIBRD
2025-04-01 02:36:56,773 - INFO - Ingress_Exit 64EQZHAJ
2025-04-01 02:36:56,803 - INFO - Ingress_Exit H8219RMK
2025-04-01 02:36:56,872 - INFO - Ingress_Exit O57G99F6
2025-04-01 02:36:59,147 - INFO - Ingress_Enter FZI2NP7W
2025-04-01 02:36:59,289 - INFO - Ingress_Enter G0L7T1Q1
2025-04-01 02:36:59,331 - INFO - Ingress_Exit FZI2NP7W
2025-04-01 02:36:59,458 - INFO - Ingress_Exit G0L7T1Q1
2025-04-01 02:36:59,538 - INFO - Ingress_Enter ZKBI6IF6
2025-04-01 02:36:59,717 - INFO - Ingress_Exit ZKBI6IF6
2025-04-01 02:36:59,718 - INFO - Ingress_Enter 6XJ2TM4I
2025-04-01 02:36:59,912 - INFO - Ingress_Enter QMP44D48
2025-04-01 02:36:59,943 - INFO - Ingress_Enter GRLUH3ZP
2025-04-01 02:36:59,976 - INFO - Ingress_Exit 6XJ2TM4I
2025-04-01 02:37:00,044 - INFO - Ingress_Exit GRLUH3ZP
2025-04-01 02:37:00,071 - INFO - Ingress_Exit QMP44D48
2025-04-01 02:37:00,126 - INFO - Ingress_Enter QFUTB2SE
2025-04-01 02:37:00,164 - INFO - Ingress_Enter DLV69HE6
2025-04-01 02:37:00,277 - INFO - Ingress_Exit QFUTB2SE
2025-04-01 02:37:00,280 - INFO - Ingress_Enter 3UCSF75T
2025-04-01 02:37:00,293 - INFO - Ingress_Exit DLV69HE6
2025-04-01 02:37:00,343 - INFO - Ingress_Enter EOAEJRA4
2025-04-01 02:37:00,399 - INFO - Ingress_Exit 3UCSF75T
2025-04-01 02:37:00,558 - INFO - Ingress_Exit EOAEJRA4
2025-04-01 02:37:00,567 - INFO - Ingress_Enter C273ZFNE
2025-04-01 02:37:00,606 - INFO - Ingress_Enter IEDORM3Q
2025-04-01 02:37:00,685 - INFO - Ingress_Enter Q9YTVYN2
2025-04-01 02:37:00,732 - INFO - Ingress_Exit C273ZFNE
2025-04-01 02:37:00,736 - INFO - Ingress_Exit IEDORM3Q
2025-04-01 02:37:00,824 - INFO - Ingress_Exit Q9YTVYN2
2025-04-01 02:37:00,855 - INFO - Ingress_Enter 4CXUQ4KN
2025-04-01 02:37:00,941 - INFO - Ingress_Enter HVK277FB
2025-04-01 02:37:01,019 - INFO - Ingress_Enter Y154SMIP
2025-04-01 02:37:01,027 - INFO - Ingress_Exit 4CXUQ4KN
2025-04-01 02:37:01,124 - INFO - Ingress_Exit HVK277FB
2025-04-01 02:37:01,206 - INFO - Ingress_Enter PD8HQVPD
2025-04-01 02:37:01,242 - INFO - Ingress_Exit Y154SMIP
2025-04-01 02:37:01,260 - INFO - Ingress_Enter C4649T5U
2025-04-01 02:37:01,308 - INFO - Ingress_Enter 99K8QYP9
2025-04-01 02:37:01,363 - INFO - Ingress_Exit PD8HQVPD
2025-04-01 02:37:01,407 - INFO - Ingress_Enter LRGDATNM
2025-04-01 02:37:01,410 - INFO - Ingress_Exit 99K8QYP9
2025-04-01 02:37:01,412 - INFO - Ingress_Exit C4649T5U
2025-04-01 02:37:01,511 - INFO - Ingress_Enter 43TPIUG5
2025-04-01 02:37:01,522 - INFO - Ingress_Exit LRGDATNM
2025-04-01 02:37:01,608 - INFO - Ingress_Exit 43TPIUG5
2025-04-01 02:37:01,645 - INFO - Ingress_Enter Y3AUEGDO
2025-04-01 02:37:01,690 - INFO - Ingress_Enter YKX55ZQR
2025-04-01 02:37:01,824 - INFO - Ingress_Enter 34JWE8ZF
2025-04-01 02:37:01,867 - INFO - Ingress_Exit Y3AUEGDO
2025-04-01 02:37:01,914 - INFO - Ingress_Exit YKX55ZQR
2025-04-01 02:37:01,946 - INFO - Ingress_Exit 34JWE8ZF
2025-04-01 02:37:02,088 - INFO - Ingress_Enter 1T2N7HT4
2025-04-01 02:37:02,244 - INFO - Ingress_Enter P8OC303L
2025-04-01 02:37:02,283 - INFO - Ingress_Exit 1T2N7HT4
2025-04-01 02:37:02,373 - INFO - Ingress_Exit P8OC303L
2025-04-01 02:37:02,382 - INFO - Ingress_Enter T72ICZNS
2025-04-01 02:37:02,539 - INFO - Ingress_Enter WPY9S2TQ
2025-04-01 02:37:02,567 - INFO - Ingress_Exit T72ICZNS
2025-04-01 02:37:02,655 - INFO - Ingress_Enter 2OEZ650J
2025-04-01 02:37:02,718 - INFO - Ingress_Exit WPY9S2TQ
2025-04-01 02:37:02,842 - INFO - Ingress_Exit 2OEZ650J
2025-04-01 02:37:02,857 - INFO - Ingress_Enter JNYK2XID
2025-04-01 02:37:02,982 - INFO - Ingress_Exit JNYK2XID
2025-04-01 02:37:02,990 - INFO - Ingress_Enter RPL5BUOI
2025-04-01 02:37:03,105 - INFO - Ingress_Exit RPL5BUOI
