2025-04-01 03:14:18,507 - INFO - Ingress_Enter Y8B9E7G0
2025-04-01 03:14:18,550 - INFO - Ingress_Enter SSCPCC2L
2025-04-01 03:14:18,657 - INFO - Ingress_Enter SF2JSW4F
2025-04-01 03:14:18,873 - INFO - Ingress_Enter 0TMMMVT3
2025-04-01 03:14:18,918 - INFO - Ingress_Enter 6MY1TEE2
2025-04-01 03:14:19,318 - INFO - Ingress_Enter T2QEL8KE
2025-04-01 03:14:19,441 - INFO - Ingress_Enter IJVI2FHV
2025-04-01 03:14:19,528 - INFO - Ingress_Enter IIFM8P5Q
2025-04-01 03:14:19,552 - INFO - Ingress_Enter 7YSGHBR1
2025-04-01 03:14:19,649 - INFO - Ingress_Enter HCX9DHNA
2025-04-01 03:14:19,793 - INFO - Ingress_Exit SSCPCC2L
2025-04-01 03:14:19,797 - INFO - Ingress_Exit Y8B9E7G0
2025-04-01 03:14:19,831 - INFO - Ingress_Exit SF2JSW4F
2025-04-01 03:14:19,855 - INFO - Ingress_Enter KXH7E3W8
2025-04-01 03:14:19,869 - INFO - Ingress_Enter 4D6PESYO
2025-04-01 03:14:19,948 - INFO - Ingress_Exit 0TMMMVT3
2025-04-01 03:14:20,132 - INFO - Ingress_Exit 6MY1TEE2
2025-04-01 03:14:20,172 - INFO - Ingress_Enter CCL77S7H
2025-04-01 03:14:20,197 - INFO - Ingress_Enter HU4J5VSB
2025-04-01 03:14:20,206 - INFO - Ingress_Enter AP73E4BM
2025-04-01 03:14:20,258 - INFO - Ingress_Enter OOIXD7WS
2025-04-01 03:14:20,329 - INFO - Ingress_Enter 97T43FP7
2025-04-01 03:14:20,383 - INFO - Ingress_Exit IJVI2FHV
2025-04-01 03:14:20,391 - INFO - Ingress_Exit T2QEL8KE
2025-04-01 03:14:20,833 - INFO - Ingress_Exit 7YSGHBR1
2025-04-01 03:14:21,082 - INFO - Ingress_Exit IIFM8P5Q
2025-04-01 03:14:21,084 - INFO - Ingress_Exit 4D6PESYO
2025-04-01 03:14:21,275 - INFO - Ingress_Exit KXH7E3W8
2025-04-01 03:14:21,370 - INFO - Ingress_Exit HCX9DHNA
2025-04-01 03:14:21,829 - INFO - Ingress_Exit HU4J5VSB
2025-04-01 03:14:21,868 - INFO - Ingress_Exit CCL77S7H
2025-04-01 03:14:21,972 - INFO - Ingress_Exit AP73E4BM
2025-04-01 03:14:21,973 - INFO - Ingress_Exit OOIXD7WS
2025-04-01 03:14:22,151 - INFO - Ingress_Enter KRBCOGTT
2025-04-01 03:14:22,319 - INFO - Ingress_Enter WZSYEB9Q
2025-04-01 03:14:22,336 - INFO - Ingress_Enter 53BS6HDS
2025-04-01 03:14:22,345 - INFO - Ingress_Enter ITUM1HCP
2025-04-01 03:14:22,450 - INFO - Ingress_Enter 4S11XGUI
2025-04-01 03:14:22,460 - INFO - Ingress_Enter C0461OWO
2025-04-01 03:14:22,605 - INFO - Ingress_Enter VLM042WJ
2025-04-01 03:14:22,737 - INFO - Ingress_Enter M60CBA55
2025-04-01 03:14:22,909 - INFO - Ingress_Enter VEM6DVI6
2025-04-01 03:14:23,047 - INFO - Ingress_Exit 97T43FP7
2025-04-01 03:14:23,072 - INFO - Ingress_Enter R2MH2N5A
2025-04-01 03:14:23,109 - INFO - Ingress_Enter G8ZD4T7U
2025-04-01 03:14:23,413 - INFO - Ingress_Enter YBTGH31B
2025-04-01 03:14:23,565 - INFO - Ingress_Exit 53BS6HDS
2025-04-01 03:14:23,568 - INFO - Ingress_Exit C0461OWO
2025-04-01 03:14:23,571 - INFO - Ingress_Exit WZSYEB9Q
2025-04-01 03:14:23,856 - INFO - Ingress_Exit KRBCOGTT
2025-04-01 03:14:23,929 - INFO - Ingress_Enter ISC5JNB3
2025-04-01 03:14:23,966 - INFO - Ingress_Enter 0ZPL4FJ6
2025-04-01 03:14:23,968 - INFO - Ingress_Enter CC4HKXCB
2025-04-01 03:14:24,013 - INFO - Ingress_Exit 4S11XGUI
2025-04-01 03:14:24,061 - INFO - Ingress_Enter XLTVHTGE
2025-04-01 03:14:24,134 - INFO - Ingress_Exit ITUM1HCP
2025-04-01 03:14:24,137 - INFO - Ingress_Exit VLM042WJ
2025-04-01 03:14:24,145 - INFO - Ingress_Enter L3U9MXBB
2025-04-01 03:14:24,215 - INFO - Ingress_Enter 1D6UN95L
2025-04-01 03:14:24,246 - INFO - Ingress_Enter AGKTAK00
2025-04-01 03:14:24,248 - INFO - Ingress_Exit M60CBA55
2025-04-01 03:14:24,248 - INFO - Ingress_Exit VEM6DVI6
2025-04-01 03:14:24,355 - INFO - Ingress_Enter CWHVVR0F
2025-04-01 03:14:24,524 - INFO - Ingress_Enter T0CPTLJF
2025-04-01 03:14:24,603 - INFO - Ingress_Exit R2MH2N5A
2025-04-01 03:14:24,623 - INFO - Ingress_Enter L5H7E6DW
2025-04-01 03:14:24,657 - INFO - Ingress_Enter EEF911QZ
2025-04-01 03:14:24,673 - INFO - Ingress_Enter TU215DYL
2025-04-01 03:14:24,758 - INFO - Ingress_Exit YBTGH31B
2025-04-01 03:14:25,018 - INFO - Ingress_Exit G8ZD4T7U
2025-04-01 03:14:25,021 - INFO - Ingress_Enter GHJELHQ8
2025-04-01 03:14:25,166 - INFO - Ingress_Exit ISC5JNB3
2025-04-01 03:14:25,194 - INFO - Ingress_Enter L76Q9LPE
2025-04-01 03:14:25,217 - INFO - Ingress_Enter F5O9CEW9
2025-04-01 03:14:25,227 - INFO - Ingress_Enter WXW7FPY2
2025-04-01 03:14:25,420 - INFO - Ingress_Exit 0ZPL4FJ6
2025-04-01 03:14:25,434 - INFO - Ingress_Enter 9CHW8O75
2025-04-01 03:14:25,453 - INFO - Ingress_Exit CC4HKXCB
2025-04-01 03:14:25,455 - INFO - Ingress_Exit XLTVHTGE
2025-04-01 03:14:25,559 - INFO - Ingress_Enter HCO64ZJN
2025-04-01 03:14:25,738 - INFO - Ingress_Exit L3U9MXBB
2025-04-01 03:14:25,741 - INFO - Ingress_Exit 1D6UN95L
2025-04-01 03:14:25,762 - INFO - Ingress_Enter NSMK65VI
2025-04-01 03:14:25,911 - INFO - Ingress_Exit CWHVVR0F
2025-04-01 03:14:25,913 - INFO - Ingress_Exit T0CPTLJF
2025-04-01 03:14:26,066 - INFO - Ingress_Exit AGKTAK00
2025-04-01 03:14:26,072 - INFO - Ingress_Exit L5H7E6DW
2025-04-01 03:14:26,305 - INFO - Ingress_Exit TU215DYL
2025-04-01 03:14:26,306 - INFO - Ingress_Enter B6QIXEAE
2025-04-01 03:14:26,307 - INFO - Ingress_Exit EEF911QZ
2025-04-01 03:14:26,356 - INFO - Ingress_Enter WPA1LZO9
2025-04-01 03:14:26,374 - INFO - Ingress_Enter OU83RQ27
2025-04-01 03:14:26,473 - INFO - Ingress_Enter BPVWLH1J
2025-04-01 03:14:26,524 - INFO - Ingress_Exit L76Q9LPE
2025-04-01 03:14:26,546 - INFO - Ingress_Exit GHJELHQ8
2025-04-01 03:14:26,603 - INFO - Ingress_Enter 0SU63A34
2025-04-01 03:14:26,629 - INFO - Ingress_Enter QHLKXKWX
2025-04-01 03:14:26,720 - INFO - Ingress_Enter VZP684WQ
2025-04-01 03:14:26,763 - INFO - Ingress_Exit 9CHW8O75
2025-04-01 03:14:26,786 - INFO - Ingress_Enter 2RZUZ67W
2025-04-01 03:14:26,866 - INFO - Ingress_Exit WXW7FPY2
2025-04-01 03:14:26,924 - INFO - Ingress_Exit F5O9CEW9
2025-04-01 03:14:26,939 - INFO - Ingress_Enter WNAQ1YC8
2025-04-01 03:14:26,951 - INFO - Ingress_Enter ZMU2R9ES
2025-04-01 03:14:26,964 - INFO - Ingress_Enter LMYEV99W
2025-04-01 03:14:27,026 - INFO - Ingress_Enter GAFG3K2V
2025-04-01 03:14:27,078 - INFO - Ingress_Enter 7IBYVOS8
2025-04-01 03:14:27,166 - INFO - Ingress_Exit HCO64ZJN
2025-04-01 03:14:27,297 - INFO - Ingress_Enter SDHYO10V
2025-04-01 03:14:27,353 - INFO - Ingress_Exit NSMK65VI
2025-04-01 03:14:27,405 - INFO - Ingress_Exit B6QIXEAE
2025-04-01 03:14:27,472 - INFO - Ingress_Enter EI9E2BIN
2025-04-01 03:14:27,626 - INFO - Ingress_Enter G6MQK7U2
2025-04-01 03:14:27,775 - INFO - Ingress_Enter JBMMACK8
2025-04-01 03:14:27,969 - INFO - Ingress_Exit WPA1LZO9
2025-04-01 03:14:28,001 - INFO - Ingress_Enter 25823JT0
2025-04-01 03:14:28,012 - INFO - Ingress_Enter BH3G75BB
2025-04-01 03:14:28,182 - INFO - Ingress_Exit OU83RQ27
2025-04-01 03:14:28,184 - INFO - Ingress_Exit BPVWLH1J
2025-04-01 03:14:28,279 - INFO - Ingress_Exit QHLKXKWX
2025-04-01 03:14:28,280 - INFO - Ingress_Exit WNAQ1YC8
2025-04-01 03:14:28,327 - INFO - Ingress_Exit VZP684WQ
2025-04-01 03:14:28,328 - INFO - Ingress_Exit 2RZUZ67W
2025-04-01 03:14:28,332 - INFO - Ingress_Exit ZMU2R9ES
2025-04-01 03:14:28,350 - INFO - Ingress_Exit 0SU63A34
2025-04-01 03:14:28,561 - INFO - Ingress_Enter ZJTXW49S
2025-04-01 03:14:28,577 - INFO - Ingress_Exit LMYEV99W
2025-04-01 03:14:28,579 - INFO - Ingress_Exit GAFG3K2V
2025-04-01 03:14:28,718 - INFO - Ingress_Enter W9IRN8U6
2025-04-01 03:14:28,808 - INFO - Ingress_Exit 7IBYVOS8
2025-04-01 03:14:28,811 - INFO - Ingress_Exit SDHYO10V
2025-04-01 03:14:28,883 - INFO - Ingress_Enter J5C9EXD5
2025-04-01 03:14:28,926 - INFO - Ingress_Enter G7O7JZ99
2025-04-01 03:14:28,993 - INFO - Ingress_Enter 19FWOQ8L
2025-04-01 03:14:29,115 - INFO - Ingress_Exit EI9E2BIN
2025-04-01 03:14:29,119 - INFO - Ingress_Exit G6MQK7U2
2025-04-01 03:14:29,142 - INFO - Ingress_Enter 4I4DTG9M
2025-04-01 03:14:29,151 - INFO - Ingress_Enter Q9MJ66M3
2025-04-01 03:14:29,161 - INFO - Ingress_Enter PNQHF3EX
2025-04-01 03:14:29,367 - INFO - Ingress_Exit JBMMACK8
2025-04-01 03:14:29,369 - INFO - Ingress_Exit 25823JT0
2025-04-01 03:14:29,431 - INFO - Ingress_Enter 080N3A3T
2025-04-01 03:14:29,548 - INFO - Ingress_Enter K2CLR5PX
2025-04-01 03:14:29,766 - INFO - Ingress_Enter M63FB35I
2025-04-01 03:14:29,809 - INFO - Ingress_Enter I40VDF3L
2025-04-01 03:14:29,837 - INFO - Ingress_Enter 9GWGNTHC
2025-04-01 03:14:29,901 - INFO - Ingress_Exit BH3G75BB
2025-04-01 03:14:29,944 - INFO - Ingress_Enter 7VHWC9Q6
2025-04-01 03:14:29,953 - INFO - Ingress_Exit ZJTXW49S
2025-04-01 03:14:29,978 - INFO - Ingress_Enter CC89ZL5T
2025-04-01 03:14:30,013 - INFO - Ingress_Enter ST496QOP
2025-04-01 03:14:30,014 - INFO - Ingress_Enter EDTNQUF5
2025-04-01 03:14:30,094 - INFO - Ingress_Enter SDQBZ13L
2025-04-01 03:14:30,276 - INFO - Ingress_Exit J5C9EXD5
2025-04-01 03:14:30,381 - INFO - Ingress_Enter HY3L5184
2025-04-01 03:14:30,995 - INFO - Ingress_Enter 8P66LCNK
2025-04-01 03:14:31,041 - INFO - Ingress_Exit W9IRN8U6
2025-04-01 03:14:31,047 - INFO - Ingress_Exit G7O7JZ99
2025-04-01 03:14:31,050 - INFO - Ingress_Exit 19FWOQ8L
2025-04-01 03:14:31,061 - INFO - Ingress_Exit 080N3A3T
2025-04-01 03:14:31,192 - INFO - Ingress_Enter JISHSGBB
2025-04-01 03:14:31,293 - INFO - Ingress_Exit M63FB35I
2025-04-01 03:14:31,374 - INFO - Ingress_Enter OENDY9SP
2025-04-01 03:14:31,421 - INFO - Ingress_Exit K2CLR5PX
2025-04-01 03:14:31,499 - INFO - Ingress_Enter T1TUXSUO
2025-04-01 03:14:31,573 - INFO - Ingress_Enter Y8TGS0T3
2025-04-01 03:14:31,594 - INFO - Ingress_Enter N3NIKJ1Q
2025-04-01 03:14:31,596 - INFO - Ingress_Exit Q9MJ66M3
2025-04-01 03:14:31,596 - INFO - Ingress_Exit PNQHF3EX
2025-04-01 03:14:31,657 - INFO - Ingress_Enter A4056RPI
2025-04-01 03:14:31,659 - INFO - Ingress_Exit 9GWGNTHC
2025-04-01 03:14:31,660 - INFO - Ingress_Exit CC89ZL5T
2025-04-01 03:14:31,661 - INFO - Ingress_Exit 7VHWC9Q6
2025-04-01 03:14:31,761 - INFO - Ingress_Enter 74OE80MB
2025-04-01 03:14:31,762 - INFO - Ingress_Exit 4I4DTG9M
2025-04-01 03:14:31,790 - INFO - Ingress_Enter N4R2XLKY
2025-04-01 03:14:31,858 - INFO - Ingress_Enter TOA7H0FZ
2025-04-01 03:14:31,947 - INFO - Ingress_Enter NRBN2SAO
2025-04-01 03:14:32,055 - INFO - Ingress_Exit I40VDF3L
2025-04-01 03:14:32,079 - INFO - Ingress_Enter UHF9PENJ
2025-04-01 03:14:32,122 - INFO - Ingress_Enter 7IDAY625
2025-04-01 03:14:32,273 - INFO - Ingress_Exit EDTNQUF5
2025-04-01 03:14:32,287 - INFO - Ingress_Enter H2IUS9CU
2025-04-01 03:14:32,348 - INFO - Ingress_Exit ST496QOP
2025-04-01 03:14:32,359 - INFO - Ingress_Enter 69G27PWU
2025-04-01 03:14:32,438 - INFO - Ingress_Enter XM30GI1R
2025-04-01 03:14:32,709 - INFO - Ingress_Enter BHFSCBAG
2025-04-01 03:14:32,736 - INFO - Ingress_Exit HY3L5184
2025-04-01 03:14:32,777 - INFO - Ingress_Exit SDQBZ13L
2025-04-01 03:14:32,927 - INFO - Ingress_Enter F4HIOLAP
2025-04-01 03:14:32,991 - INFO - Ingress_Exit 8P66LCNK
2025-04-01 03:14:33,161 - INFO - Ingress_Exit JISHSGBB
2025-04-01 03:14:33,165 - INFO - Ingress_Exit OENDY9SP
2025-04-01 03:14:33,234 - INFO - Ingress_Exit T1TUXSUO
2025-04-01 03:14:33,238 - INFO - Ingress_Exit Y8TGS0T3
2025-04-01 03:14:33,307 - INFO - Ingress_Enter 1ZQOH289
2025-04-01 03:14:33,395 - INFO - Ingress_Enter KBVM8IGG
2025-04-01 03:14:33,489 - INFO - Ingress_Enter I89PSD4V
2025-04-01 03:14:33,529 - INFO - Ingress_Exit N4R2XLKY
2025-04-01 03:14:33,532 - INFO - Ingress_Exit 74OE80MB
2025-04-01 03:14:33,638 - INFO - Ingress_Exit N3NIKJ1Q
2025-04-01 03:14:33,711 - INFO - Ingress_Exit A4056RPI
2025-04-01 03:14:34,026 - INFO - Ingress_Exit TOA7H0FZ
2025-04-01 03:14:34,027 - INFO - Ingress_Exit NRBN2SAO
2025-04-01 03:14:34,082 - INFO - Ingress_Exit H2IUS9CU
2025-04-01 03:14:34,086 - INFO - Ingress_Exit 69G27PWU
2025-04-01 03:14:34,107 - INFO - Ingress_Exit UHF9PENJ
2025-04-01 03:14:34,383 - INFO - Ingress_Exit 7IDAY625
2025-04-01 03:14:34,489 - INFO - Ingress_Enter 7KNKS5PW
2025-04-01 03:14:34,496 - INFO - Ingress_Exit XM30GI1R
2025-04-01 03:14:34,550 - INFO - Ingress_Enter 8712EI7H
2025-04-01 03:14:34,624 - INFO - Ingress_Exit BHFSCBAG
2025-04-01 03:14:34,631 - INFO - Ingress_Enter 2413TJQF
2025-04-01 03:14:34,632 - INFO - Ingress_Enter OMSNQTTW
2025-04-01 03:14:34,707 - INFO - Ingress_Enter 115JC5LW
2025-04-01 03:14:34,725 - INFO - Ingress_Enter 1YF5KHO8
2025-04-01 03:14:34,761 - INFO - Ingress_Enter VKYASQP4
2025-04-01 03:14:34,838 - INFO - Ingress_Enter UZ1KPZBN
2025-04-01 03:14:35,005 - INFO - Ingress_Enter 6JDPG1F4
2025-04-01 03:14:35,138 - INFO - Ingress_Enter ZVYXHSVQ
2025-04-01 03:14:35,242 - INFO - Ingress_Enter 7UPWRYJO
2025-04-01 03:14:35,252 - INFO - Ingress_Enter SEDI1J0U
2025-04-01 03:14:35,267 - INFO - Ingress_Enter EWO29QFT
2025-04-01 03:14:35,294 - INFO - Ingress_Exit F4HIOLAP
2025-04-01 03:14:35,523 - INFO - Ingress_Exit 1ZQOH289
2025-04-01 03:14:35,551 - INFO - Ingress_Enter 262Z72B4
2025-04-01 03:14:35,832 - INFO - Ingress_Enter 220AR2RQ
2025-04-01 03:14:36,099 - INFO - Ingress_Enter HT7XYHL5
2025-04-01 03:14:36,104 - INFO - Ingress_Enter 1YZCEMNI
2025-04-01 03:14:36,125 - INFO - Ingress_Enter SV25PV9I
2025-04-01 03:14:36,247 - INFO - Ingress_Exit KBVM8IGG
2025-04-01 03:14:36,451 - INFO - Ingress_Enter BQQTS0QE
2025-04-01 03:14:36,671 - INFO - Ingress_Exit 7KNKS5PW
2025-04-01 03:14:36,682 - INFO - Ingress_Enter KG20AYZ9
2025-04-01 03:14:36,762 - INFO - Ingress_Exit 8712EI7H
2025-04-01 03:14:36,766 - INFO - Ingress_Exit I89PSD4V
2025-04-01 03:14:36,842 - INFO - Ingress_Enter H3KGB2IN
2025-04-01 03:14:37,001 - INFO - Ingress_Enter FS9KOZ8V
2025-04-01 03:14:37,103 - INFO - Ingress_Exit 2413TJQF
2025-04-01 03:14:37,105 - INFO - Ingress_Exit OMSNQTTW
2025-04-01 03:14:37,163 - INFO - Ingress_Enter IS2Z1BM3
2025-04-01 03:14:37,248 - INFO - Ingress_Enter NMO87RLF
2025-04-01 03:14:37,263 - INFO - Ingress_Exit 115JC5LW
2025-04-01 03:14:37,266 - INFO - Ingress_Exit 1YF5KHO8
2025-04-01 03:14:37,390 - INFO - Ingress_Enter 4J52PNCS
2025-04-01 03:14:37,423 - INFO - Ingress_Exit VKYASQP4
2025-04-01 03:14:37,547 - INFO - Ingress_Enter PLO1P4ZY
2025-04-01 03:14:37,629 - INFO - Ingress_Enter 0ITVE40F
2025-04-01 03:14:37,643 - INFO - Ingress_Exit 6JDPG1F4
2025-04-01 03:14:37,826 - INFO - Ingress_Exit UZ1KPZBN
2025-04-01 03:14:37,995 - INFO - Ingress_Exit ZVYXHSVQ
2025-04-01 03:14:38,083 - INFO - Ingress_Exit SEDI1J0U
2025-04-01 03:14:38,085 - INFO - Ingress_Exit EWO29QFT
2025-04-01 03:14:38,399 - INFO - Ingress_Enter D7I48NME
2025-04-01 03:14:38,445 - INFO - Ingress_Exit 7UPWRYJO
2025-04-01 03:14:38,526 - INFO - Ingress_Enter XA4N3M0K
2025-04-01 03:14:38,612 - INFO - Ingress_Enter 0YDTHJZT
2025-04-01 03:14:38,623 - INFO - Ingress_Exit 262Z72B4
2025-04-01 03:14:38,626 - INFO - Ingress_Exit 220AR2RQ
2025-04-01 03:14:38,673 - INFO - Ingress_Enter 0TITWAJT
2025-04-01 03:14:38,776 - INFO - Ingress_Enter LOD2C25R
2025-04-01 03:14:38,813 - INFO - Ingress_Enter FHR6CLRQ
2025-04-01 03:14:38,891 - INFO - Ingress_Exit HT7XYHL5
2025-04-01 03:14:38,910 - INFO - Ingress_Enter EXH5C98R
2025-04-01 03:14:38,926 - INFO - Ingress_Exit 1YZCEMNI
2025-04-01 03:14:38,927 - INFO - Ingress_Exit SV25PV9I
2025-04-01 03:14:38,956 - INFO - Ingress_Enter 20FZ32W9
2025-04-01 03:14:39,037 - INFO - Ingress_Enter DL8BNNJC
2025-04-01 03:14:39,116 - INFO - Ingress_Enter CL9OYKMF
2025-04-01 03:14:39,130 - INFO - Ingress_Exit BQQTS0QE
2025-04-01 03:14:39,185 - INFO - Ingress_Enter CNBE56UQ
2025-04-01 03:14:39,254 - INFO - Ingress_Enter P688U20R
2025-04-01 03:14:39,448 - INFO - Ingress_Enter 2ZQAG2NB
2025-04-01 03:14:39,449 - INFO - Ingress_Exit KG20AYZ9
2025-04-01 03:14:39,452 - INFO - Ingress_Exit H3KGB2IN
2025-04-01 03:14:39,458 - INFO - Ingress_Exit FS9KOZ8V
2025-04-01 03:14:39,684 - INFO - Ingress_Enter 0P39RW7B
2025-04-01 03:14:39,871 - INFO - Ingress_Exit IS2Z1BM3
2025-04-01 03:14:40,127 - INFO - Ingress_Enter SJIEGUW3
2025-04-01 03:14:40,156 - INFO - Ingress_Enter UREAGP1N
2025-04-01 03:14:40,225 - INFO - Ingress_Enter GWNPDNTW
2025-04-01 03:14:40,468 - INFO - Ingress_Enter N368LDII
2025-04-01 03:14:40,492 - INFO - Ingress_Exit 4J52PNCS
2025-04-01 03:14:40,497 - INFO - Ingress_Exit NMO87RLF
2025-04-01 03:14:40,854 - INFO - Ingress_Exit XA4N3M0K
2025-04-01 03:14:40,856 - INFO - Ingress_Exit 0TITWAJT
2025-04-01 03:14:40,859 - INFO - Ingress_Exit 0ITVE40F
2025-04-01 03:14:40,890 - INFO - Ingress_Enter 8WOMXZTV
2025-04-01 03:14:40,950 - INFO - Ingress_Exit D7I48NME
2025-04-01 03:14:40,952 - INFO - Ingress_Exit 0YDTHJZT
2025-04-01 03:14:41,040 - INFO - Ingress_Exit PLO1P4ZY
2025-04-01 03:14:41,083 - INFO - Ingress_Enter CMB491Y4
2025-04-01 03:14:41,216 - INFO - Ingress_Enter OPMCFNHJ
2025-04-01 03:14:41,312 - INFO - Ingress_Enter SS4LFR09
2025-04-01 03:14:41,318 - INFO - Ingress_Exit FHR6CLRQ
2025-04-01 03:14:41,354 - INFO - Ingress_Exit LOD2C25R
2025-04-01 03:14:41,441 - INFO - Ingress_Enter A2LCMS11
2025-04-01 03:14:41,518 - INFO - Ingress_Enter WLUJ7RDG
2025-04-01 03:14:41,533 - INFO - Ingress_Enter 7JIKGJ0F
2025-04-01 03:14:41,798 - INFO - Ingress_Enter OY5CPZWL
2025-04-01 03:14:41,813 - INFO - Ingress_Enter P8ZU7PAA
2025-04-01 03:14:41,858 - INFO - Ingress_Enter APL2SZQ5
2025-04-01 03:14:41,940 - INFO - Ingress_Exit EXH5C98R
2025-04-01 03:14:42,312 - INFO - Ingress_Exit DL8BNNJC
2025-04-01 03:14:42,401 - INFO - Ingress_Exit 20FZ32W9
2025-04-01 03:14:42,492 - INFO - Ingress_Exit 2ZQAG2NB
2025-04-01 03:14:42,947 - INFO - Ingress_Exit CL9OYKMF
2025-04-01 03:14:42,950 - INFO - Ingress_Exit CNBE56UQ
2025-04-01 03:14:42,952 - INFO - Ingress_Exit SJIEGUW3
2025-04-01 03:14:42,953 - INFO - Ingress_Exit UREAGP1N
2025-04-01 03:14:43,495 - INFO - Ingress_Exit GWNPDNTW
2025-04-01 03:14:43,602 - INFO - Ingress_Exit P688U20R
2025-04-01 03:14:43,603 - INFO - Ingress_Exit 0P39RW7B
2025-04-01 03:14:43,679 - INFO - Ingress_Enter RWUJUU2P
2025-04-01 03:14:43,714 - INFO - Ingress_Enter 90BJ797F
2025-04-01 03:14:43,721 - INFO - Ingress_Exit N368LDII
2025-04-01 03:14:43,845 - INFO - Ingress_Enter DQNCFD9L
2025-04-01 03:14:43,864 - INFO - Ingress_Enter X7IY4G73
2025-04-01 03:14:43,903 - INFO - Ingress_Enter QLH6I9M1
2025-04-01 03:14:43,916 - INFO - Ingress_Exit CMB491Y4
2025-04-01 03:14:43,918 - INFO - Ingress_Exit OPMCFNHJ
2025-04-01 03:14:43,965 - INFO - Ingress_Exit 8WOMXZTV
2025-04-01 03:14:43,994 - INFO - Ingress_Enter ZGFF5H7P
2025-04-01 03:14:44,037 - INFO - Ingress_Enter MCDYB2ZP
2025-04-01 03:14:44,104 - INFO - Ingress_Enter 1PJC2NVZ
2025-04-01 03:14:44,140 - INFO - Ingress_Enter F3AIFDDL
2025-04-01 03:14:44,154 - INFO - Ingress_Exit SS4LFR09
2025-04-01 03:14:44,181 - INFO - Ingress_Enter J2YFNC1B
2025-04-01 03:14:44,276 - INFO - Ingress_Exit A2LCMS11
2025-04-01 03:14:44,306 - INFO - Ingress_Enter XABHECBM
2025-04-01 03:14:44,361 - INFO - Ingress_Enter P9525W67
2025-04-01 03:14:44,413 - INFO - Ingress_Enter I9IPMD3A
2025-04-01 03:14:44,420 - INFO - Ingress_Enter RHSG4PKH
2025-04-01 03:14:44,469 - INFO - Ingress_Enter LJL9QXDQ
2025-04-01 03:14:44,490 - INFO - Ingress_Enter 3M5I2WCU
2025-04-01 03:14:44,531 - INFO - Ingress_Enter XDT16ZW0
2025-04-01 03:14:44,569 - INFO - Ingress_Exit WLUJ7RDG
2025-04-01 03:14:44,571 - INFO - Ingress_Exit 7JIKGJ0F
2025-04-01 03:14:44,573 - INFO - Ingress_Exit OY5CPZWL
2025-04-01 03:14:44,596 - INFO - Ingress_Enter NIYNKEU6
2025-04-01 03:14:44,605 - INFO - Ingress_Enter 50G6PFWV
2025-04-01 03:14:44,634 - INFO - Ingress_Exit P8ZU7PAA
2025-04-01 03:14:44,666 - INFO - Ingress_Enter GEWQ3QN7
2025-04-01 03:14:44,985 - INFO - Ingress_Enter OOWG99AI
2025-04-01 03:14:45,002 - INFO - Ingress_Enter O2IJY0ON
2025-04-01 03:14:45,074 - INFO - Ingress_Enter MAB9Z9OP
2025-04-01 03:14:46,026 - INFO - Ingress_Enter B3QJYCXA
2025-04-01 03:14:46,234 - INFO - Ingress_Exit 90BJ797F
2025-04-01 03:14:46,238 - INFO - Ingress_Exit DQNCFD9L
2025-04-01 03:14:46,292 - INFO - Ingress_Enter XVWOUBJX
2025-04-01 03:14:46,792 - INFO - Ingress_Enter 4QWUCE6G
2025-04-01 03:14:46,858 - INFO - Ingress_Exit XABHECBM
2025-04-01 03:14:46,920 - INFO - Ingress_Enter 1CSGX0Y3
2025-04-01 03:14:46,949 - INFO - Ingress_Exit APL2SZQ5
2025-04-01 03:14:46,960 - INFO - Ingress_Exit P9525W67
2025-04-01 03:14:47,254 - INFO - Ingress_Enter 5FOAC7R7
2025-04-01 03:14:47,267 - INFO - Ingress_Exit RHSG4PKH
2025-04-01 03:14:47,301 - INFO - Ingress_Enter Q9TURUAW
2025-04-01 03:14:47,461 - INFO - Ingress_Exit 1PJC2NVZ
2025-04-01 03:14:47,464 - INFO - Ingress_Exit F3AIFDDL
2025-04-01 03:14:47,599 - INFO - Ingress_Exit NIYNKEU6
2025-04-01 03:14:47,671 - INFO - Ingress_Enter BZE87B41
2025-04-01 03:14:47,730 - INFO - Ingress_Enter CBCIA3GT
2025-04-01 03:14:47,731 - INFO - Ingress_Enter 9EIEU5JF
2025-04-01 03:14:47,822 - INFO - Ingress_Exit ZGFF5H7P
2025-04-01 03:14:47,824 - INFO - Ingress_Exit J2YFNC1B
2025-04-01 03:14:47,826 - INFO - Ingress_Exit XDT16ZW0
2025-04-01 03:14:47,851 - INFO - Ingress_Exit MCDYB2ZP
2025-04-01 03:14:47,861 - INFO - Ingress_Enter B0M7IKK4
2025-04-01 03:14:47,915 - INFO - Ingress_Enter SY8FNAX3
2025-04-01 03:14:48,042 - INFO - Ingress_Enter TE46F1TK
2025-04-01 03:14:48,089 - INFO - Ingress_Enter 1KYNO9TP
2025-04-01 03:14:48,120 - INFO - Ingress_Enter HF16F9P2
2025-04-01 03:14:48,135 - INFO - Ingress_Enter 6CBOYNB4
2025-04-01 03:14:48,149 - INFO - Ingress_Exit I9IPMD3A
2025-04-01 03:14:48,299 - INFO - Ingress_Enter B1G9KH1S
2025-04-01 03:14:48,453 - INFO - Ingress_Exit X7IY4G73
2025-04-01 03:14:48,455 - INFO - Ingress_Exit 3M5I2WCU
2025-04-01 03:14:48,456 - INFO - Ingress_Exit GEWQ3QN7
2025-04-01 03:14:48,457 - INFO - Ingress_Exit LJL9QXDQ
2025-04-01 03:14:48,580 - INFO - Ingress_Enter 7YW0YDRM
2025-04-01 03:14:48,651 - INFO - Ingress_Enter HZF5GM28
2025-04-01 03:14:48,681 - INFO - Ingress_Exit RWUJUU2P
2025-04-01 03:14:48,687 - INFO - Ingress_Exit QLH6I9M1
2025-04-01 03:14:48,728 - INFO - Ingress_Exit OOWG99AI
2025-04-01 03:14:48,763 - INFO - Ingress_Enter 625DBFIV
2025-04-01 03:14:48,789 - INFO - Ingress_Enter BJGKJ5CI
2025-04-01 03:14:48,932 - INFO - Ingress_Enter CJO87PEQ
2025-04-01 03:14:49,194 - INFO - Ingress_Enter Y9NO3OH5
2025-04-01 03:14:49,341 - INFO - Ingress_Enter CCQ6IBIF
2025-04-01 03:14:49,432 - INFO - Ingress_Exit 50G6PFWV
2025-04-01 03:14:49,435 - INFO - Ingress_Exit 4QWUCE6G
2025-04-01 03:14:50,070 - INFO - Ingress_Exit B3QJYCXA
2025-04-01 03:14:50,072 - INFO - Ingress_Exit MAB9Z9OP
2025-04-01 03:14:50,449 - INFO - Ingress_Enter 8PFD11Z0
2025-04-01 03:14:50,459 - INFO - Ingress_Enter 1KK77TV5
2025-04-01 03:14:50,613 - INFO - Ingress_Exit 5FOAC7R7
2025-04-01 03:14:50,624 - INFO - Ingress_Enter MTJKCYNA
2025-04-01 03:14:50,752 - INFO - Ingress_Enter VKLU2KKO
2025-04-01 03:14:50,826 - INFO - Ingress_Enter 6LXW7DOR
2025-04-01 03:14:50,935 - INFO - Ingress_Enter UZINYKXZ
2025-04-01 03:14:51,047 - INFO - Ingress_Exit 1CSGX0Y3
2025-04-01 03:14:51,048 - INFO - Ingress_Exit O2IJY0ON
2025-04-01 03:14:51,257 - INFO - Ingress_Exit CBCIA3GT
2025-04-01 03:14:51,258 - INFO - Ingress_Exit 9EIEU5JF
2025-04-01 03:14:51,360 - INFO - Ingress_Enter CU1DG5NL
2025-04-01 03:14:51,464 - INFO - Ingress_Enter A23TVYFC
2025-04-01 03:14:51,560 - INFO - Ingress_Exit BZE87B41
2025-04-01 03:14:51,567 - INFO - Ingress_Exit HF16F9P2
2025-04-01 03:14:51,572 - INFO - Ingress_Exit 6CBOYNB4
2025-04-01 03:14:51,594 - INFO - Ingress_Exit XVWOUBJX
2025-04-01 03:14:51,607 - INFO - Ingress_Enter T8K8Y0WO
2025-04-01 03:14:51,631 - INFO - Ingress_Enter C4NCM4GW
2025-04-01 03:14:51,644 - INFO - Ingress_Enter M8EST1B1
2025-04-01 03:14:51,721 - INFO - Ingress_Enter Y4BFJ1GX
2025-04-01 03:14:51,853 - INFO - Ingress_Enter LPPXVY6K
2025-04-01 03:14:51,932 - INFO - Ingress_Enter JTMXXFWO
2025-04-01 03:14:52,089 - INFO - Ingress_Exit B0M7IKK4
2025-04-01 03:14:52,092 - INFO - Ingress_Exit SY8FNAX3
2025-04-01 03:14:52,093 - INFO - Ingress_Exit TE46F1TK
2025-04-01 03:14:52,278 - INFO - Ingress_Exit HZF5GM28
2025-04-01 03:14:52,280 - INFO - Ingress_Exit 625DBFIV
2025-04-01 03:14:52,282 - INFO - Ingress_Exit BJGKJ5CI
2025-04-01 03:14:52,357 - INFO - Ingress_Enter CMDICCTS
2025-04-01 03:14:52,367 - INFO - Ingress_Enter 2O8Z7KMW
2025-04-01 03:14:52,507 - INFO - Ingress_Enter YK0VVJH9
2025-04-01 03:14:52,584 - INFO - Ingress_Exit 7YW0YDRM
2025-04-01 03:14:52,622 - INFO - Ingress_Enter M8LL6TE5
2025-04-01 03:14:52,631 - INFO - Ingress_Enter 61AGWJMH
2025-04-01 03:14:52,690 - INFO - Ingress_Enter P6P4I28R
2025-04-01 03:14:52,945 - INFO - Ingress_Exit B1G9KH1S
2025-04-01 03:14:52,985 - INFO - Ingress_Enter M7KYEYZM
2025-04-01 03:14:53,011 - INFO - Ingress_Enter B15FHYCQ
2025-04-01 03:14:53,011 - INFO - Ingress_Enter O4FTIDIN
2025-04-01 03:14:53,197 - INFO - Ingress_Exit 1KK77TV5
2025-04-01 03:14:53,352 - INFO - Ingress_Enter FGUGZZHX
2025-04-01 03:14:53,404 - INFO - Ingress_Enter C59MUNRF
2025-04-01 03:14:53,617 - INFO - Ingress_Exit CJO87PEQ
2025-04-01 03:14:53,620 - INFO - Ingress_Exit 8PFD11Z0
2025-04-01 03:14:53,620 - INFO - Ingress_Exit Y9NO3OH5
2025-04-01 03:14:53,669 - INFO - Ingress_Enter PQFFD5NC
2025-04-01 03:14:53,768 - INFO - Ingress_Enter FWHFQJVP
2025-04-01 03:14:53,809 - INFO - Ingress_Exit UZINYKXZ
2025-04-01 03:14:53,840 - INFO - Ingress_Enter RM8WK0EX
2025-04-01 03:14:53,880 - INFO - Ingress_Enter W6Y4AIU4
2025-04-01 03:14:53,983 - INFO - Ingress_Exit CU1DG5NL
2025-04-01 03:14:53,987 - INFO - Ingress_Enter 2X0L97XP
2025-04-01 03:14:54,014 - INFO - Ingress_Enter F8H8PVFN
2025-04-01 03:14:54,073 - INFO - Ingress_Enter 9VM7159X
2025-04-01 03:14:54,215 - INFO - Ingress_Exit A23TVYFC
2025-04-01 03:14:54,642 - INFO - Ingress_Exit CCQ6IBIF
2025-04-01 03:14:54,725 - INFO - Ingress_Enter NEG3V7A4
2025-04-01 03:14:54,817 - INFO - Ingress_Exit Y4BFJ1GX
2025-04-01 03:14:54,823 - INFO - Ingress_Enter JMQJB3B6
2025-04-01 03:14:55,159 - INFO - Ingress_Enter 3R8CQTDJ
2025-04-01 03:14:55,853 - INFO - Ingress_Enter 3F6NFEIN
2025-04-01 03:14:55,949 - INFO - Ingress_Enter 7THGLC0Y
2025-04-01 03:14:56,083 - INFO - Ingress_Exit M8LL6TE5
2025-04-01 03:14:56,233 - INFO - Ingress_Exit Q9TURUAW
2025-04-01 03:14:56,280 - INFO - Ingress_Exit VKLU2KKO
2025-04-01 03:14:56,397 - INFO - Ingress_Exit YK0VVJH9
2025-04-01 03:14:56,398 - INFO - Ingress_Exit P6P4I28R
2025-04-01 03:14:56,745 - INFO - Ingress_Enter RJRTQJVA
2025-04-01 03:14:56,891 - INFO - Ingress_Exit B15FHYCQ
2025-04-01 03:14:56,896 - INFO - Ingress_Exit O4FTIDIN
2025-04-01 03:14:56,901 - INFO - Ingress_Exit 61AGWJMH
2025-04-01 03:14:56,902 - INFO - Ingress_Exit MTJKCYNA
2025-04-01 03:14:56,914 - INFO - Ingress_Enter 747DCXDT
2025-04-01 03:14:57,083 - INFO - Ingress_Enter TFYH0M8U
2025-04-01 03:14:57,084 - INFO - Ingress_Enter 5360D42X
2025-04-01 03:14:57,086 - INFO - Ingress_Enter 9UTC0JXP
2025-04-01 03:14:57,091 - INFO - Ingress_Exit 6LXW7DOR
2025-04-01 03:14:57,116 - INFO - Ingress_Enter JCXRKHEC
2025-04-01 03:14:57,127 - INFO - Ingress_Exit PQFFD5NC
2025-04-01 03:14:57,159 - INFO - Ingress_Enter D2JV13PI
2025-04-01 03:14:57,171 - INFO - Ingress_Enter NE6F1VH1
2025-04-01 03:14:57,185 - INFO - Ingress_Enter ZNNTYVXS
2025-04-01 03:14:57,204 - INFO - Ingress_Enter FJMWYST0
2025-04-01 03:14:57,284 - INFO - Ingress_Enter MIQBY4CD
2025-04-01 03:14:57,285 - INFO - Ingress_Exit M7KYEYZM
2025-04-01 03:14:57,383 - INFO - Ingress_Enter KII5CFLA
2025-04-01 03:14:57,565 - INFO - Ingress_Enter GN8UEMEY
2025-04-01 03:14:57,838 - INFO - Ingress_Exit NEG3V7A4
2025-04-01 03:14:58,185 - INFO - Ingress_Exit RM8WK0EX
2025-04-01 03:14:58,187 - INFO - Ingress_Exit 1KYNO9TP
2025-04-01 03:14:58,209 - INFO - Ingress_Enter 8P5Z145I
2025-04-01 03:14:58,245 - INFO - Ingress_Exit T8K8Y0WO
2025-04-01 03:14:58,246 - INFO - Ingress_Exit C4NCM4GW
2025-04-01 03:14:58,247 - INFO - Ingress_Exit LPPXVY6K
2025-04-01 03:14:58,383 - INFO - Ingress_Enter R67AJSI6
2025-04-01 03:14:58,387 - INFO - Ingress_Exit C59MUNRF
2025-04-01 03:14:58,392 - INFO - Ingress_Exit F8H8PVFN
2025-04-01 03:14:58,427 - INFO - Ingress_Enter NCKCAZZX
2025-04-01 03:14:58,456 - INFO - Ingress_Enter MKP9NNOS
2025-04-01 03:14:58,545 - INFO - Ingress_Enter OQ9MA7XZ
2025-04-01 03:14:58,570 - INFO - Ingress_Enter 3XDR2185
2025-04-01 03:14:58,665 - INFO - Ingress_Exit FGUGZZHX
2025-04-01 03:14:58,666 - INFO - Ingress_Exit 2O8Z7KMW
2025-04-01 03:14:58,741 - INFO - Ingress_Enter COK4KQUJ
2025-04-01 03:14:58,862 - INFO - Ingress_Enter XW2AR4GW
2025-04-01 03:14:58,968 - INFO - Ingress_Exit 9VM7159X
2025-04-01 03:14:58,977 - INFO - Ingress_Enter JY2P4OBA
2025-04-01 03:14:59,079 - INFO - Ingress_Enter ODXTG9CE
2025-04-01 03:14:59,301 - INFO - Ingress_Enter L0FR3PH9
2025-04-01 03:14:59,329 - INFO - Ingress_Enter 2XIO792C
2025-04-01 03:14:59,392 - INFO - Ingress_Exit M8EST1B1
2025-04-01 03:14:59,573 - INFO - Ingress_Exit NE6F1VH1
2025-04-01 03:14:59,725 - INFO - Ingress_Exit JTMXXFWO
2025-04-01 03:15:00,107 - INFO - Ingress_Exit CMDICCTS
2025-04-01 03:15:00,112 - INFO - Ingress_Exit MIQBY4CD
2025-04-01 03:15:00,142 - INFO - Ingress_Enter GOMP6MZT
2025-04-01 03:15:00,151 - INFO - Ingress_Enter WT75NSOX
2025-04-01 03:15:00,202 - INFO - Ingress_Enter WV972HM0
2025-04-01 03:15:00,220 - INFO - Ingress_Exit 7THGLC0Y
2025-04-01 03:15:00,222 - INFO - Ingress_Exit RJRTQJVA
2025-04-01 03:15:00,265 - INFO - Ingress_Enter IZ7UTUQE
2025-04-01 03:15:00,335 - INFO - Ingress_Exit 3F6NFEIN
2025-04-01 03:15:00,396 - INFO - Ingress_Exit 747DCXDT
2025-04-01 03:15:00,400 - INFO - Ingress_Enter W5VP7LDG
2025-04-01 03:15:00,401 - INFO - Ingress_Exit 5360D42X
2025-04-01 03:15:00,426 - INFO - Ingress_Enter GXZ8VJKS
2025-04-01 03:15:00,434 - INFO - Ingress_Enter 6LXIM171
2025-04-01 03:15:00,442 - INFO - Ingress_Enter QTBY9IDD
2025-04-01 03:15:00,480 - INFO - Ingress_Exit 9UTC0JXP
2025-04-01 03:15:00,500 - INFO - Ingress_Enter 2WG8HH7T
2025-04-01 03:15:00,501 - INFO - Ingress_Exit KII5CFLA
2025-04-01 03:15:00,501 - INFO - Ingress_Exit GN8UEMEY
2025-04-01 03:15:00,507 - INFO - Ingress_Exit 8P5Z145I
2025-04-01 03:15:00,534 - INFO - Ingress_Enter WI8HVEWM
2025-04-01 03:15:00,562 - INFO - Ingress_Enter YOI6FOGA
2025-04-01 03:15:00,754 - INFO - Ingress_Enter Y2JP63CC
2025-04-01 03:15:00,861 - INFO - Ingress_Exit 2X0L97XP
2025-04-01 03:15:00,863 - INFO - Ingress_Exit 3R8CQTDJ
2025-04-01 03:15:00,874 - INFO - Ingress_Enter OTMBG1AD
2025-04-01 03:15:00,898 - INFO - Ingress_Enter 6WOLT79D
2025-04-01 03:15:00,901 - INFO - Ingress_Enter WPARPYKR
2025-04-01 03:15:00,910 - INFO - Ingress_Exit FWHFQJVP
2025-04-01 03:15:00,912 - INFO - Ingress_Exit TFYH0M8U
2025-04-01 03:15:00,939 - INFO - Ingress_Enter RRQD762I
2025-04-01 03:15:01,013 - INFO - Ingress_Enter UTO6BL2Q
2025-04-01 03:15:01,120 - INFO - Ingress_Enter 6LNR38II
2025-04-01 03:15:01,601 - INFO - Ingress_Exit ZNNTYVXS
2025-04-01 03:15:01,604 - INFO - Ingress_Exit NCKCAZZX
2025-04-01 03:15:01,687 - INFO - Ingress_Enter J71ZNPIK
2025-04-01 03:15:01,826 - INFO - Ingress_Exit FJMWYST0
2025-04-01 03:15:01,955 - INFO - Ingress_Enter XPR3W8BS
2025-04-01 03:15:02,061 - INFO - Ingress_Enter C7AN1EHX
2025-04-01 03:15:02,107 - INFO - Ingress_Enter 3Z0D2N8Z
2025-04-01 03:15:02,188 - INFO - Ingress_Enter FAF3EP0A
2025-04-01 03:15:02,421 - INFO - Ingress_Exit JMQJB3B6
2025-04-01 03:15:02,474 - INFO - Ingress_Exit R67AJSI6
2025-04-01 03:15:02,476 - INFO - Ingress_Exit MKP9NNOS
2025-04-01 03:15:02,477 - INFO - Ingress_Exit OQ9MA7XZ
2025-04-01 03:15:02,741 - INFO - Ingress_Enter AC3CTSEA
2025-04-01 03:15:02,751 - INFO - Ingress_Enter ELYM8AB3
2025-04-01 03:15:02,850 - INFO - Ingress_Exit ODXTG9CE
2025-04-01 03:15:03,246 - INFO - Ingress_Exit W5VP7LDG
2025-04-01 03:15:03,354 - INFO - Ingress_Exit L0FR3PH9
2025-04-01 03:15:03,581 - INFO - Ingress_Exit GOMP6MZT
2025-04-01 03:15:03,583 - INFO - Ingress_Exit GXZ8VJKS
2025-04-01 03:15:03,585 - INFO - Ingress_Exit 6LXIM171
2025-04-01 03:15:03,633 - INFO - Ingress_Enter XI28B82Y
2025-04-01 03:15:03,673 - INFO - Ingress_Exit QTBY9IDD
2025-04-01 03:15:03,770 - INFO - Ingress_Exit 2WG8HH7T
2025-04-01 03:15:03,803 - INFO - Ingress_Enter SWCC0ORJ
2025-04-01 03:15:03,978 - INFO - Ingress_Exit D2JV13PI
2025-04-01 03:15:03,981 - INFO - Ingress_Enter DH890FLR
2025-04-01 03:15:03,983 - INFO - Ingress_Exit COK4KQUJ
2025-04-01 03:15:04,160 - INFO - Ingress_Enter 4CUN6N9P
2025-04-01 03:15:04,167 - INFO - Ingress_Exit OTMBG1AD
2025-04-01 03:15:04,170 - INFO - Ingress_Enter SSNNYWZ9
2025-04-01 03:15:04,219 - INFO - Ingress_Enter M0O1JGZR
2025-04-01 03:15:04,233 - INFO - Ingress_Exit W6Y4AIU4
2025-04-01 03:15:04,285 - INFO - Ingress_Exit 3XDR2185
2025-04-01 03:15:04,303 - INFO - Ingress_Enter KKHXO9MB
2025-04-01 03:15:04,322 - INFO - Ingress_Enter TAJ38XZT
2025-04-01 03:15:04,356 - INFO - Ingress_Enter 9LH8V3F5
2025-04-01 03:15:04,373 - INFO - Ingress_Enter X72R6P3T
2025-04-01 03:15:04,446 - INFO - Ingress_Enter L589PGTA
2025-04-01 03:15:04,468 - INFO - Ingress_Enter OQDMRPW9
2025-04-01 03:15:04,530 - INFO - Ingress_Exit XW2AR4GW
2025-04-01 03:15:04,534 - INFO - Ingress_Exit WT75NSOX
2025-04-01 03:15:04,567 - INFO - Ingress_Enter RVV4939M
2025-04-01 03:15:04,579 - INFO - Ingress_Enter EKOF2CQP
2025-04-01 03:15:04,604 - INFO - Ingress_Enter TIM1DXC7
2025-04-01 03:15:04,639 - INFO - Ingress_Enter N9Q4U050
2025-04-01 03:15:04,683 - INFO - Ingress_Exit JY2P4OBA
2025-04-01 03:15:04,711 - INFO - Ingress_Exit IZ7UTUQE
2025-04-01 03:15:04,713 - INFO - Ingress_Exit YOI6FOGA
2025-04-01 03:15:04,747 - INFO - Ingress_Enter 2IXJ549O
2025-04-01 03:15:04,852 - INFO - Ingress_Enter NBIMPPVV
2025-04-01 03:15:04,983 - INFO - Ingress_Enter RROQ4DZL
2025-04-01 03:15:05,037 - INFO - Ingress_Enter 96OAX64Y
2025-04-01 03:15:05,146 - INFO - Ingress_Enter TN1VCJHD
2025-04-01 03:15:05,179 - INFO - Ingress_Enter Q3ZSUIM4
2025-04-01 03:15:05,248 - INFO - Ingress_Exit WV972HM0
2025-04-01 03:15:05,255 - INFO - Ingress_Exit J71ZNPIK
2025-04-01 03:15:06,107 - INFO - Ingress_Exit 6LNR38II
2025-04-01 03:15:06,133 - INFO - Ingress_Exit 6WOLT79D
2025-04-01 03:15:06,136 - INFO - Ingress_Exit XPR3W8BS
2025-04-01 03:15:06,241 - INFO - Ingress_Exit 2XIO792C
2025-04-01 03:15:06,243 - INFO - Ingress_Exit Y2JP63CC
2025-04-01 03:15:06,248 - INFO - Ingress_Exit WPARPYKR
2025-04-01 03:15:06,384 - INFO - Ingress_Exit AC3CTSEA
2025-04-01 03:15:06,386 - INFO - Ingress_Exit TAJ38XZT
2025-04-01 03:15:06,388 - INFO - Ingress_Exit ELYM8AB3
2025-04-01 03:15:06,921 - INFO - Ingress_Enter 4K5PEGLU
2025-04-01 03:15:06,999 - INFO - Ingress_Exit KKHXO9MB
2025-04-01 03:15:07,002 - INFO - Ingress_Enter X4BD4IXM
2025-04-01 03:15:07,021 - INFO - Ingress_Enter LBQB50OV
2025-04-01 03:15:07,077 - INFO - Ingress_Exit 4CUN6N9P
2025-04-01 03:15:07,101 - INFO - Ingress_Enter R3X2BT0O
2025-04-01 03:15:07,158 - INFO - Ingress_Enter SU1CMSY7
2025-04-01 03:15:07,317 - INFO - Ingress_Exit JCXRKHEC
2025-04-01 03:15:07,444 - INFO - Ingress_Enter KO20HHF0
2025-04-01 03:15:07,461 - INFO - Ingress_Exit 3Z0D2N8Z
2025-04-01 03:15:07,463 - INFO - Ingress_Exit FAF3EP0A
2025-04-01 03:15:07,559 - INFO - Ingress_Exit C7AN1EHX
2025-04-01 03:15:07,593 - INFO - Ingress_Enter LI7LPQRT
2025-04-01 03:15:07,616 - INFO - Ingress_Enter 2AJ8CXPP
2025-04-01 03:15:07,649 - INFO - Ingress_Enter O2KRJYC0
2025-04-01 03:15:07,659 - INFO - Ingress_Exit OQDMRPW9
2025-04-01 03:15:07,802 - INFO - Ingress_Exit SSNNYWZ9
2025-04-01 03:15:07,844 - INFO - Ingress_Enter CEC4NGRQ
2025-04-01 03:15:07,898 - INFO - Ingress_Enter 545IKTX8
2025-04-01 03:15:07,915 - INFO - Ingress_Enter UI8CGCC4
2025-04-01 03:15:08,040 - INFO - Ingress_Enter 90MQ7JC7
2025-04-01 03:15:08,050 - INFO - Ingress_Enter 5YKWYRFC
2025-04-01 03:15:08,130 - INFO - Ingress_Enter K81TQLUW
2025-04-01 03:15:08,164 - INFO - Ingress_Enter E3S008HV
2025-04-01 03:15:08,301 - INFO - Ingress_Enter SZKBHKD0
2025-04-01 03:15:08,444 - INFO - Ingress_Enter 51BGN82Z
2025-04-01 03:15:08,486 - INFO - Ingress_Enter ZSMUIWVH
2025-04-01 03:15:08,505 - INFO - Ingress_Enter N6ZSEIJU
2025-04-01 03:15:08,529 - INFO - Ingress_Exit RRQD762I
2025-04-01 03:15:08,530 - INFO - Ingress_Exit SWCC0ORJ
2025-04-01 03:15:08,532 - INFO - Ingress_Exit DH890FLR
2025-04-01 03:15:08,586 - INFO - Ingress_Enter PVNWXB3P
2025-04-01 03:15:08,708 - INFO - Ingress_Enter LBZDM8CH
2025-04-01 03:15:08,894 - INFO - Ingress_Enter E2JA57QE
2025-04-01 03:15:09,105 - INFO - Ingress_Enter UYF6C7SH
2025-04-01 03:15:09,387 - INFO - Ingress_Enter Y4K4VXLI
2025-04-01 03:15:09,504 - INFO - Ingress_Exit X72R6P3T
2025-04-01 03:15:09,727 - INFO - Ingress_Exit 9LH8V3F5
2025-04-01 03:15:09,728 - INFO - Ingress_Exit RVV4939M
2025-04-01 03:15:10,131 - INFO - Ingress_Exit TIM1DXC7
2025-04-01 03:15:10,325 - INFO - Ingress_Enter W4WQNKGZ
2025-04-01 03:15:10,464 - INFO - Ingress_Enter WF2JHC62
2025-04-01 03:15:10,673 - INFO - Ingress_Enter F1GM80Y3
2025-04-01 03:15:10,726 - INFO - Ingress_Enter WGDF214W
2025-04-01 03:15:10,910 - INFO - Ingress_Enter O4UO4XA0
2025-04-01 03:15:11,221 - INFO - Ingress_Exit EKOF2CQP
2025-04-01 03:15:11,313 - INFO - Ingress_Exit L589PGTA
2025-04-01 03:15:11,341 - INFO - Ingress_Enter I9V8W4US
2025-04-01 03:15:11,361 - INFO - Ingress_Exit 4K5PEGLU
2025-04-01 03:15:11,947 - INFO - Ingress_Enter 652WVA3L
2025-04-01 03:15:12,172 - INFO - Ingress_Enter X42SE6PG
2025-04-01 03:15:12,194 - INFO - Ingress_Exit K81TQLUW
2025-04-01 03:15:12,195 - INFO - Ingress_Exit E3S008HV
2025-04-01 03:15:12,206 - INFO - Ingress_Enter PCZR13SU
2025-04-01 03:15:12,225 - INFO - Ingress_Enter G52I0930
2025-04-01 03:15:12,368 - INFO - Ingress_Enter 8SLGAOOC
2025-04-01 03:15:12,377 - INFO - Ingress_Enter ZD42K17S
2025-04-01 03:15:12,438 - INFO - Ingress_Enter J5FGXPQ3
2025-04-01 03:15:12,685 - INFO - Ingress_Exit N9Q4U050
2025-04-01 03:15:12,687 - INFO - Ingress_Exit NBIMPPVV
2025-04-01 03:15:12,689 - INFO - Ingress_Exit 2IXJ549O
2025-04-01 03:15:12,689 - INFO - Ingress_Exit 96OAX64Y
2025-04-01 03:15:12,692 - INFO - Ingress_Exit RROQ4DZL
2025-04-01 03:15:12,693 - INFO - Ingress_Exit TN1VCJHD
2025-04-01 03:15:12,706 - INFO - Ingress_Exit Q3ZSUIM4
2025-04-01 03:15:12,710 - INFO - Ingress_Exit LBZDM8CH
2025-04-01 03:15:12,730 - INFO - Ingress_Enter E79G398X
2025-04-01 03:15:12,755 - INFO - Ingress_Enter FK0BFVR6
2025-04-01 03:15:12,768 - INFO - Ingress_Exit XI28B82Y
2025-04-01 03:15:12,921 - INFO - Ingress_Exit M0O1JGZR
2025-04-01 03:15:12,923 - INFO - Ingress_Exit X4BD4IXM
2025-04-01 03:15:12,928 - INFO - Ingress_Exit LBQB50OV
2025-04-01 03:15:13,145 - INFO - Ingress_Exit SU1CMSY7
2025-04-01 03:15:13,149 - INFO - Ingress_Exit KO20HHF0
2025-04-01 03:15:13,162 - INFO - Ingress_Exit O2KRJYC0
2025-04-01 03:15:13,166 - INFO - Ingress_Exit CEC4NGRQ
2025-04-01 03:15:13,168 - INFO - Ingress_Exit 545IKTX8
2025-04-01 03:15:13,301 - INFO - Ingress_Exit LI7LPQRT
2025-04-01 03:15:13,690 - INFO - Ingress_Exit 2AJ8CXPP
2025-04-01 03:15:14,369 - INFO - Ingress_Exit ZSMUIWVH
2025-04-01 03:15:14,371 - INFO - Ingress_Exit N6ZSEIJU
2025-04-01 03:15:14,487 - INFO - Ingress_Exit R3X2BT0O
2025-04-01 03:15:15,067 - INFO - Ingress_Exit UTO6BL2Q
2025-04-01 03:15:15,259 - INFO - Ingress_Exit 5YKWYRFC
2025-04-01 03:15:15,260 - INFO - Ingress_Exit SZKBHKD0
2025-04-01 03:15:15,486 - INFO - Ingress_Exit 51BGN82Z
2025-04-01 03:15:15,488 - INFO - Ingress_Exit PVNWXB3P
2025-04-01 03:15:15,578 - INFO - Ingress_Exit 8SLGAOOC
2025-04-01 03:15:15,969 - INFO - Ingress_Exit WI8HVEWM
2025-04-01 03:15:15,971 - INFO - Ingress_Exit UI8CGCC4
2025-04-01 03:15:15,973 - INFO - Ingress_Exit 90MQ7JC7
2025-04-01 03:15:16,350 - INFO - Ingress_Exit E2JA57QE
2025-04-01 03:15:16,351 - INFO - Ingress_Exit UYF6C7SH
2025-04-01 03:15:16,406 - INFO - Ingress_Exit W4WQNKGZ
2025-04-01 03:15:16,407 - INFO - Ingress_Exit Y4K4VXLI
2025-04-01 03:15:16,451 - INFO - Ingress_Exit WF2JHC62
2025-04-01 03:15:16,716 - INFO - Ingress_Exit F1GM80Y3
2025-04-01 03:15:16,791 - INFO - Ingress_Exit WGDF214W
2025-04-01 03:15:16,793 - INFO - Ingress_Exit O4UO4XA0
2025-04-01 03:15:17,626 - INFO - Ingress_Exit 652WVA3L
2025-04-01 03:15:17,629 - INFO - Ingress_Exit I9V8W4US
2025-04-01 03:15:17,631 - INFO - Ingress_Exit X42SE6PG
2025-04-01 03:15:17,897 - INFO - Ingress_Exit PCZR13SU
2025-04-01 03:15:17,921 - INFO - Ingress_Exit G52I0930
2025-04-01 03:15:18,275 - INFO - Ingress_Exit ZD42K17S
2025-04-01 03:15:18,402 - INFO - Ingress_Exit J5FGXPQ3
2025-04-01 03:15:18,751 - INFO - Ingress_Exit E79G398X
2025-04-01 03:15:18,919 - INFO - Ingress_Exit FK0BFVR6
