2025-04-13 20:33:30,119 - INFO - Ingress_Enter K6UKGUC9
2025-04-13 20:33:30,135 - INFO - Ingress_Input_Decoded K6UKGUC9
2025-04-13 20:33:30,137 - INFO - Ingress_Numpy_Converted K6UKGUC9
2025-04-13 20:33:30,618 - INFO - Ingress_Exit K6UKGUC9
2025-04-13 20:33:31,694 - INFO - Ingress_Enter MKRWI9GP
2025-04-13 20:33:31,708 - INFO - Ingress_Input_Decoded MKRWI9GP
2025-04-13 20:33:31,709 - INFO - Ingress_Numpy_Converted MKRWI9GP
2025-04-13 20:33:31,858 - INFO - Ingress_Enter PKCPNO8G
2025-04-13 20:33:31,922 - INFO - Ingress_Input_Decoded PKCPNO8G
2025-04-13 20:33:31,925 - INFO - Ingress_Numpy_Converted PKCPNO8G
2025-04-13 20:33:32,235 - INFO - Ingress_Exit MKRWI9GP
2025-04-13 20:33:32,252 - INFO - Ingress_Enter 52OF6OEX
2025-04-13 20:33:32,269 - INFO - Ingress_Input_Decoded 52OF6OEX
2025-04-13 20:33:32,271 - INFO - Ingress_Numpy_Converted 52OF6OEX
2025-04-13 20:33:32,291 - INFO - Ingress_Enter KALGOG8G
2025-04-13 20:33:32,305 - INFO - Ingress_Input_Decoded KALGOG8G
2025-04-13 20:33:32,307 - INFO - Ingress_Numpy_Converted KALGOG8G
2025-04-13 20:33:32,329 - INFO - Ingress_Exit PKCPNO8G
2025-04-13 20:33:33,071 - INFO - Ingress_Exit 52OF6OEX
2025-04-13 20:33:33,473 - INFO - Ingress_Exit KALGOG8G
2025-04-13 20:33:33,493 - INFO - Ingress_Enter 8822B5OW
2025-04-13 20:33:33,514 - INFO - Ingress_Input_Decoded 8822B5OW
2025-04-13 20:33:33,516 - INFO - Ingress_Numpy_Converted 8822B5OW
2025-04-13 20:33:33,575 - INFO - Ingress_Enter BGLG9L8Y
2025-04-13 20:33:33,591 - INFO - Ingress_Input_Decoded BGLG9L8Y
2025-04-13 20:33:33,592 - INFO - Ingress_Numpy_Converted BGLG9L8Y
2025-04-13 20:33:33,618 - INFO - Ingress_Enter G9IDIID2
2025-04-13 20:33:33,632 - INFO - Ingress_Input_Decoded G9IDIID2
2025-04-13 20:33:33,634 - INFO - Ingress_Numpy_Converted G9IDIID2
2025-04-13 20:33:33,758 - INFO - Ingress_Enter QJB3WGTE
2025-04-13 20:33:33,789 - INFO - Ingress_Input_Decoded QJB3WGTE
2025-04-13 20:33:33,793 - INFO - Ingress_Numpy_Converted QJB3WGTE
2025-04-13 20:33:33,900 - INFO - Ingress_Enter VT5CV5CF
2025-04-13 20:33:33,930 - INFO - Ingress_Input_Decoded VT5CV5CF
2025-04-13 20:33:33,933 - INFO - Ingress_Numpy_Converted VT5CV5CF
2025-04-13 20:33:34,060 - INFO - Ingress_Exit G9IDIID2
2025-04-13 20:33:34,098 - INFO - Ingress_Enter 9QB0TJ99
2025-04-13 20:33:34,122 - INFO - Ingress_Input_Decoded 9QB0TJ99
2025-04-13 20:33:34,124 - INFO - Ingress_Numpy_Converted 9QB0TJ99
2025-04-13 20:33:34,308 - INFO - Ingress_Exit 8822B5OW
2025-04-13 20:33:34,433 - INFO - Ingress_Exit QJB3WGTE
2025-04-13 20:33:34,469 - INFO - Ingress_Enter OS82WYKP
2025-04-13 20:33:34,495 - INFO - Ingress_Input_Decoded OS82WYKP
2025-04-13 20:33:34,497 - INFO - Ingress_Numpy_Converted OS82WYKP
2025-04-13 20:33:34,500 - INFO - Ingress_Enter BESMOOFT
2025-04-13 20:33:34,500 - INFO - Ingress_Exit BGLG9L8Y
2025-04-13 20:33:34,529 - INFO - Ingress_Input_Decoded BESMOOFT
2025-04-13 20:33:34,532 - INFO - Ingress_Numpy_Converted BESMOOFT
2025-04-13 20:33:34,636 - INFO - Ingress_Exit VT5CV5CF
2025-04-13 20:33:34,938 - INFO - Ingress_Exit 9QB0TJ99
2025-04-13 20:33:35,101 - INFO - Ingress_Enter DLQ5SAW9
2025-04-13 20:33:35,118 - INFO - Ingress_Input_Decoded DLQ5SAW9
2025-04-13 20:33:35,120 - INFO - Ingress_Numpy_Converted DLQ5SAW9
2025-04-13 20:33:35,191 - INFO - Ingress_Enter 8TVT8Z3W
2025-04-13 20:33:35,210 - INFO - Ingress_Input_Decoded 8TVT8Z3W
2025-04-13 20:33:35,212 - INFO - Ingress_Numpy_Converted 8TVT8Z3W
2025-04-13 20:33:35,227 - INFO - Ingress_Enter G6WORKEX
2025-04-13 20:33:35,240 - INFO - Ingress_Input_Decoded G6WORKEX
2025-04-13 20:33:35,242 - INFO - Ingress_Numpy_Converted G6WORKEX
2025-04-13 20:33:35,349 - INFO - Ingress_Exit BESMOOFT
2025-04-13 20:33:35,394 - INFO - Ingress_Exit OS82WYKP
2025-04-13 20:33:35,416 - INFO - Ingress_Enter EPWAR4YL
2025-04-13 20:33:35,432 - INFO - Ingress_Input_Decoded EPWAR4YL
2025-04-13 20:33:35,434 - INFO - Ingress_Numpy_Converted EPWAR4YL
2025-04-13 20:33:35,690 - INFO - Ingress_Enter 38OWQKQS
2025-04-13 20:33:35,706 - INFO - Ingress_Input_Decoded 38OWQKQS
2025-04-13 20:33:35,708 - INFO - Ingress_Numpy_Converted 38OWQKQS
2025-04-13 20:33:35,737 - INFO - Ingress_Exit DLQ5SAW9
2025-04-13 20:33:36,023 - INFO - Ingress_Exit 8TVT8Z3W
2025-04-13 20:33:36,151 - INFO - Ingress_Enter 5R8OQU63
2025-04-13 20:33:36,172 - INFO - Ingress_Input_Decoded 5R8OQU63
2025-04-13 20:33:36,174 - INFO - Ingress_Numpy_Converted 5R8OQU63
2025-04-13 20:33:36,183 - INFO - Ingress_Exit G6WORKEX
2025-04-13 20:33:36,332 - INFO - Ingress_Enter 0JVXS8RR
2025-04-13 20:33:36,352 - INFO - Ingress_Input_Decoded 0JVXS8RR
2025-04-13 20:33:36,354 - INFO - Ingress_Numpy_Converted 0JVXS8RR
2025-04-13 20:33:36,367 - INFO - Ingress_Enter FW4CN8BZ
2025-04-13 20:33:36,380 - INFO - Ingress_Input_Decoded FW4CN8BZ
2025-04-13 20:33:36,381 - INFO - Ingress_Numpy_Converted FW4CN8BZ
2025-04-13 20:33:36,384 - INFO - Ingress_Enter SEV8TBGW
2025-04-13 20:33:36,405 - INFO - Ingress_Input_Decoded SEV8TBGW
2025-04-13 20:33:36,407 - INFO - Ingress_Numpy_Converted SEV8TBGW
2025-04-13 20:33:36,833 - INFO - Ingress_Exit 38OWQKQS
2025-04-13 20:33:36,878 - INFO - Ingress_Enter GD0PS8R5
2025-04-13 20:33:36,890 - INFO - Ingress_Input_Decoded GD0PS8R5
2025-04-13 20:33:36,891 - INFO - Ingress_Numpy_Converted GD0PS8R5
2025-04-13 20:33:37,192 - INFO - Ingress_Exit EPWAR4YL
2025-04-13 20:33:37,196 - INFO - Ingress_Exit 0JVXS8RR
2025-04-13 20:33:37,234 - INFO - Ingress_Enter UPOQF826
2025-04-13 20:33:37,249 - INFO - Ingress_Input_Decoded UPOQF826
2025-04-13 20:33:37,251 - INFO - Ingress_Numpy_Converted UPOQF826
2025-04-13 20:33:37,253 - INFO - Ingress_Exit FW4CN8BZ
2025-04-13 20:33:37,264 - INFO - Ingress_Exit 5R8OQU63
2025-04-13 20:33:37,339 - INFO - Ingress_Exit SEV8TBGW
2025-04-13 20:33:37,387 - INFO - Ingress_Enter 9VOZQKGD
2025-04-13 20:33:37,403 - INFO - Ingress_Input_Decoded 9VOZQKGD
2025-04-13 20:33:37,405 - INFO - Ingress_Numpy_Converted 9VOZQKGD
2025-04-13 20:33:37,471 - INFO - Ingress_Enter 6105EAF0
2025-04-13 20:33:37,484 - INFO - Ingress_Input_Decoded 6105EAF0
2025-04-13 20:33:37,486 - INFO - Ingress_Numpy_Converted 6105EAF0
2025-04-13 20:33:37,488 - INFO - Ingress_Enter 6B4CB8VQ
2025-04-13 20:33:37,505 - INFO - Ingress_Input_Decoded 6B4CB8VQ
2025-04-13 20:33:37,506 - INFO - Ingress_Numpy_Converted 6B4CB8VQ
2025-04-13 20:33:37,526 - INFO - Ingress_Enter JV4T0T66
2025-04-13 20:33:37,545 - INFO - Ingress_Input_Decoded JV4T0T66
2025-04-13 20:33:37,546 - INFO - Ingress_Numpy_Converted JV4T0T66
2025-04-13 20:33:37,616 - INFO - Ingress_Enter 2ZCN12UQ
2025-04-13 20:33:37,633 - INFO - Ingress_Input_Decoded 2ZCN12UQ
2025-04-13 20:33:37,635 - INFO - Ingress_Numpy_Converted 2ZCN12UQ
2025-04-13 20:33:37,823 - INFO - Ingress_Exit GD0PS8R5
2025-04-13 20:33:38,119 - INFO - Ingress_Enter 7AES4OJ5
2025-04-13 20:33:38,139 - INFO - Ingress_Input_Decoded 7AES4OJ5
2025-04-13 20:33:38,141 - INFO - Ingress_Numpy_Converted 7AES4OJ5
2025-04-13 20:33:38,245 - INFO - Ingress_Enter 3G5OEHL7
2025-04-13 20:33:38,257 - INFO - Ingress_Input_Decoded 3G5OEHL7
2025-04-13 20:33:38,258 - INFO - Ingress_Numpy_Converted 3G5OEHL7
2025-04-13 20:33:38,288 - INFO - Ingress_Exit UPOQF826
2025-04-13 20:33:38,344 - INFO - Ingress_Enter XUQJCLPE
2025-04-13 20:33:38,359 - INFO - Ingress_Input_Decoded XUQJCLPE
2025-04-13 20:33:38,361 - INFO - Ingress_Numpy_Converted XUQJCLPE
2025-04-13 20:33:38,434 - INFO - Ingress_Enter WXR7BPHJ
2025-04-13 20:33:38,451 - INFO - Ingress_Input_Decoded WXR7BPHJ
2025-04-13 20:33:38,453 - INFO - Ingress_Numpy_Converted WXR7BPHJ
2025-04-13 20:33:38,565 - INFO - Ingress_Exit 9VOZQKGD
2025-04-13 20:33:38,909 - INFO - Ingress_Exit 6105EAF0
2025-04-13 20:33:39,046 - INFO - Ingress_Exit 6B4CB8VQ
2025-04-13 20:33:39,138 - INFO - Ingress_Exit 7AES4OJ5
2025-04-13 20:33:39,246 - INFO - Ingress_Exit JV4T0T66
2025-04-13 20:33:39,346 - INFO - Ingress_Exit 2ZCN12UQ
2025-04-13 20:33:39,561 - INFO - Ingress_Exit 3G5OEHL7
2025-04-13 20:33:39,976 - INFO - Ingress_Exit XUQJCLPE
2025-04-13 20:33:40,268 - INFO - Ingress_Exit WXR7BPHJ
2025-04-13 20:33:40,353 - INFO - Ingress_Enter 31ZWOVYK
2025-04-13 20:33:40,374 - INFO - Ingress_Input_Decoded 31ZWOVYK
2025-04-13 20:33:40,376 - INFO - Ingress_Numpy_Converted 31ZWOVYK
2025-04-13 20:33:40,390 - INFO - Ingress_Enter QP4MRSOT
2025-04-13 20:33:40,406 - INFO - Ingress_Input_Decoded QP4MRSOT
2025-04-13 20:33:40,407 - INFO - Ingress_Numpy_Converted QP4MRSOT
2025-04-13 20:33:40,440 - INFO - Ingress_Enter 580TOTD3
2025-04-13 20:33:40,458 - INFO - Ingress_Input_Decoded 580TOTD3
2025-04-13 20:33:40,460 - INFO - Ingress_Numpy_Converted 580TOTD3
2025-04-13 20:33:40,480 - INFO - Ingress_Enter MBTWG03Y
2025-04-13 20:33:40,494 - INFO - Ingress_Input_Decoded MBTWG03Y
2025-04-13 20:33:40,495 - INFO - Ingress_Numpy_Converted MBTWG03Y
2025-04-13 20:33:40,773 - INFO - Ingress_Enter R7MC577X
2025-04-13 20:33:40,798 - INFO - Ingress_Input_Decoded R7MC577X
2025-04-13 20:33:40,800 - INFO - Ingress_Numpy_Converted R7MC577X
2025-04-13 20:33:40,849 - INFO - Ingress_Enter QDV7W4E0
2025-04-13 20:33:40,867 - INFO - Ingress_Input_Decoded QDV7W4E0
2025-04-13 20:33:40,869 - INFO - Ingress_Numpy_Converted QDV7W4E0
2025-04-13 20:33:40,932 - INFO - Ingress_Exit 31ZWOVYK
2025-04-13 20:33:41,044 - INFO - Ingress_Enter EJ0EYF7Y
2025-04-13 20:33:41,060 - INFO - Ingress_Input_Decoded EJ0EYF7Y
2025-04-13 20:33:41,062 - INFO - Ingress_Numpy_Converted EJ0EYF7Y
2025-04-13 20:33:41,189 - INFO - Ingress_Exit 580TOTD3
2025-04-13 20:33:41,212 - INFO - Ingress_Exit QP4MRSOT
2025-04-13 20:33:41,214 - INFO - Ingress_Enter 97XI3F0K
2025-04-13 20:33:41,230 - INFO - Ingress_Input_Decoded 97XI3F0K
2025-04-13 20:33:41,231 - INFO - Ingress_Numpy_Converted 97XI3F0K
2025-04-13 20:33:41,425 - INFO - Ingress_Exit MBTWG03Y
2025-04-13 20:33:41,592 - INFO - Ingress_Enter 0J2MTD4B
2025-04-13 20:33:41,609 - INFO - Ingress_Input_Decoded 0J2MTD4B
2025-04-13 20:33:41,611 - INFO - Ingress_Numpy_Converted 0J2MTD4B
2025-04-13 20:33:41,700 - INFO - Ingress_Exit R7MC577X
2025-04-13 20:33:41,731 - INFO - Ingress_Enter VG9D8F9D
2025-04-13 20:33:41,748 - INFO - Ingress_Input_Decoded VG9D8F9D
2025-04-13 20:33:41,750 - INFO - Ingress_Numpy_Converted VG9D8F9D
2025-04-13 20:33:41,788 - INFO - Ingress_Exit QDV7W4E0
2025-04-13 20:33:42,003 - INFO - Ingress_Enter LOWD8WS9
2025-04-13 20:33:42,020 - INFO - Ingress_Input_Decoded LOWD8WS9
2025-04-13 20:33:42,022 - INFO - Ingress_Numpy_Converted LOWD8WS9
2025-04-13 20:33:42,261 - INFO - Ingress_Exit EJ0EYF7Y
2025-04-13 20:33:42,682 - INFO - Ingress_Enter 03OGLM4I
2025-04-13 20:33:42,698 - INFO - Ingress_Input_Decoded 03OGLM4I
2025-04-13 20:33:42,700 - INFO - Ingress_Numpy_Converted 03OGLM4I
2025-04-13 20:33:42,742 - INFO - Ingress_Enter 18A9GVSJ
2025-04-13 20:33:42,767 - INFO - Ingress_Input_Decoded 18A9GVSJ
2025-04-13 20:33:42,769 - INFO - Ingress_Numpy_Converted 18A9GVSJ
2025-04-13 20:33:42,873 - INFO - Ingress_Enter J3PAI78L
2025-04-13 20:33:42,894 - INFO - Ingress_Input_Decoded J3PAI78L
2025-04-13 20:33:42,897 - INFO - Ingress_Numpy_Converted J3PAI78L
2025-04-13 20:33:42,924 - INFO - Ingress_Enter K0HUPY3A
2025-04-13 20:33:42,945 - INFO - Ingress_Input_Decoded K0HUPY3A
2025-04-13 20:33:42,948 - INFO - Ingress_Numpy_Converted K0HUPY3A
2025-04-13 20:33:43,012 - INFO - Ingress_Enter TQ2W0FFO
2025-04-13 20:33:43,012 - INFO - Ingress_Enter 9IKNTUEF
2025-04-13 20:33:43,035 - INFO - Ingress_Input_Decoded TQ2W0FFO
2025-04-13 20:33:43,038 - INFO - Ingress_Numpy_Converted TQ2W0FFO
2025-04-13 20:33:43,055 - INFO - Ingress_Input_Decoded 9IKNTUEF
2025-04-13 20:33:43,057 - INFO - Ingress_Numpy_Converted 9IKNTUEF
2025-04-13 20:33:43,204 - INFO - Ingress_Exit 0J2MTD4B
2025-04-13 20:33:43,234 - INFO - Ingress_Exit 97XI3F0K
2025-04-13 20:33:43,358 - INFO - Ingress_Exit VG9D8F9D
2025-04-13 20:33:43,622 - INFO - Ingress_Exit LOWD8WS9
2025-04-13 20:33:43,832 - INFO - Ingress_Exit 03OGLM4I
2025-04-13 20:33:43,851 - INFO - Ingress_Exit J3PAI78L
2025-04-13 20:33:43,884 - INFO - Ingress_Exit 18A9GVSJ
2025-04-13 20:33:44,042 - INFO - Ingress_Exit K0HUPY3A
2025-04-13 20:33:45,532 - INFO - Ingress_Enter KVZPR5DP
2025-04-13 20:33:45,554 - INFO - Ingress_Input_Decoded KVZPR5DP
2025-04-13 20:33:45,556 - INFO - Ingress_Numpy_Converted KVZPR5DP
2025-04-13 20:33:45,568 - INFO - Ingress_Enter 56NL2S5O
2025-04-13 20:33:45,584 - INFO - Ingress_Input_Decoded 56NL2S5O
2025-04-13 20:33:45,585 - INFO - Ingress_Numpy_Converted 56NL2S5O
2025-04-13 20:33:45,614 - INFO - Ingress_Enter NKD0TEPP
2025-04-13 20:33:45,634 - INFO - Ingress_Input_Decoded NKD0TEPP
2025-04-13 20:33:45,636 - INFO - Ingress_Numpy_Converted NKD0TEPP
2025-04-13 20:33:45,638 - INFO - Ingress_Exit TQ2W0FFO
2025-04-13 20:33:45,836 - INFO - Ingress_Enter 9TF8AAAI
2025-04-13 20:33:45,856 - INFO - Ingress_Input_Decoded 9TF8AAAI
2025-04-13 20:33:45,858 - INFO - Ingress_Numpy_Converted 9TF8AAAI
2025-04-13 20:33:46,177 - INFO - Ingress_Exit 9IKNTUEF
2025-04-13 20:33:46,238 - INFO - Ingress_Enter WXQT40GW
2025-04-13 20:33:46,261 - INFO - Ingress_Input_Decoded WXQT40GW
2025-04-13 20:33:46,263 - INFO - Ingress_Numpy_Converted WXQT40GW
2025-04-13 20:33:46,335 - INFO - Ingress_Enter 036YNFQ8
2025-04-13 20:33:46,353 - INFO - Ingress_Input_Decoded 036YNFQ8
2025-04-13 20:33:46,354 - INFO - Ingress_Numpy_Converted 036YNFQ8
2025-04-13 20:33:46,491 - INFO - Ingress_Exit KVZPR5DP
2025-04-13 20:33:46,727 - INFO - Ingress_Enter JTULDSIR
2025-04-13 20:33:46,741 - INFO - Ingress_Input_Decoded JTULDSIR
2025-04-13 20:33:46,743 - INFO - Ingress_Numpy_Converted JTULDSIR
2025-04-13 20:33:46,968 - INFO - Ingress_Enter 9PG2NHM6
2025-04-13 20:33:46,996 - INFO - Ingress_Input_Decoded 9PG2NHM6
2025-04-13 20:33:47,000 - INFO - Ingress_Numpy_Converted 9PG2NHM6
2025-04-13 20:33:47,014 - INFO - Ingress_Enter 64JWR420
2025-04-13 20:33:47,034 - INFO - Ingress_Input_Decoded 64JWR420
2025-04-13 20:33:47,036 - INFO - Ingress_Numpy_Converted 64JWR420
2025-04-13 20:33:47,084 - INFO - Ingress_Enter W9IFAIZ5
2025-04-13 20:33:47,098 - INFO - Ingress_Input_Decoded W9IFAIZ5
2025-04-13 20:33:47,099 - INFO - Ingress_Numpy_Converted W9IFAIZ5
2025-04-13 20:33:47,127 - INFO - Ingress_Exit 56NL2S5O
2025-04-13 20:33:47,178 - INFO - Ingress_Enter SSR004I4
2025-04-13 20:33:47,194 - INFO - Ingress_Input_Decoded SSR004I4
2025-04-13 20:33:47,196 - INFO - Ingress_Numpy_Converted SSR004I4
2025-04-13 20:33:47,562 - INFO - Ingress_Enter BK3N6R5C
2025-04-13 20:33:47,566 - INFO - Ingress_Enter L8MNTPDT
2025-04-13 20:33:47,584 - INFO - Ingress_Input_Decoded BK3N6R5C
2025-04-13 20:33:47,586 - INFO - Ingress_Numpy_Converted BK3N6R5C
2025-04-13 20:33:47,616 - INFO - Ingress_Input_Decoded L8MNTPDT
2025-04-13 20:33:47,619 - INFO - Ingress_Numpy_Converted L8MNTPDT
2025-04-13 20:33:47,962 - INFO - Ingress_Exit 9TF8AAAI
2025-04-13 20:33:48,016 - INFO - Ingress_Exit NKD0TEPP
2025-04-13 20:33:48,268 - INFO - Ingress_Exit WXQT40GW
2025-04-13 20:33:48,536 - INFO - Ingress_Exit 036YNFQ8
2025-04-13 20:33:48,574 - INFO - Ingress_Exit JTULDSIR
2025-04-13 20:33:48,933 - INFO - Ingress_Exit 9PG2NHM6
2025-04-13 20:33:49,416 - INFO - Ingress_Exit W9IFAIZ5
2025-04-13 20:33:49,442 - INFO - Ingress_Exit 64JWR420
2025-04-13 20:33:49,563 - INFO - Ingress_Exit SSR004I4
2025-04-13 20:33:49,591 - INFO - Ingress_Exit BK3N6R5C
2025-04-13 20:33:49,836 - INFO - Ingress_Exit L8MNTPDT
2025-04-13 20:33:49,900 - INFO - Ingress_Enter RSY9CL59
2025-04-13 20:33:49,926 - INFO - Ingress_Input_Decoded RSY9CL59
2025-04-13 20:33:49,929 - INFO - Ingress_Numpy_Converted RSY9CL59
2025-04-13 20:33:49,932 - INFO - Ingress_Enter IES8OCO0
2025-04-13 20:33:49,949 - INFO - Ingress_Input_Decoded IES8OCO0
2025-04-13 20:33:49,950 - INFO - Ingress_Numpy_Converted IES8OCO0
2025-04-13 20:33:50,071 - INFO - Ingress_Enter XOC3RFIY
2025-04-13 20:33:50,091 - INFO - Ingress_Input_Decoded XOC3RFIY
2025-04-13 20:33:50,093 - INFO - Ingress_Numpy_Converted XOC3RFIY
2025-04-13 20:33:50,345 - INFO - Ingress_Enter QX0YJ41P
2025-04-13 20:33:50,382 - INFO - Ingress_Input_Decoded QX0YJ41P
2025-04-13 20:33:50,386 - INFO - Ingress_Numpy_Converted QX0YJ41P
2025-04-13 20:33:51,056 - INFO - Ingress_Enter R4SS7V58
2025-04-13 20:33:51,076 - INFO - Ingress_Input_Decoded R4SS7V58
2025-04-13 20:33:51,078 - INFO - Ingress_Numpy_Converted R4SS7V58
2025-04-13 20:33:51,159 - INFO - Ingress_Enter MR99QHJ4
2025-04-13 20:33:51,172 - INFO - Ingress_Input_Decoded MR99QHJ4
2025-04-13 20:33:51,173 - INFO - Ingress_Numpy_Converted MR99QHJ4
2025-04-13 20:33:51,463 - INFO - Ingress_Exit IES8OCO0
2025-04-13 20:33:51,633 - INFO - Ingress_Enter 6VLGILLA
2025-04-13 20:33:51,658 - INFO - Ingress_Input_Decoded 6VLGILLA
2025-04-13 20:33:51,661 - INFO - Ingress_Numpy_Converted 6VLGILLA
2025-04-13 20:33:51,713 - INFO - Ingress_Enter Y4GC321L
2025-04-13 20:33:51,762 - INFO - Ingress_Input_Decoded Y4GC321L
2025-04-13 20:33:51,766 - INFO - Ingress_Numpy_Converted Y4GC321L
2025-04-13 20:33:51,768 - INFO - Ingress_Exit RSY9CL59
2025-04-13 20:33:51,855 - INFO - Ingress_Enter NZNZAWUA
2025-04-13 20:33:51,878 - INFO - Ingress_Input_Decoded NZNZAWUA
2025-04-13 20:33:51,881 - INFO - Ingress_Numpy_Converted NZNZAWUA
2025-04-13 20:33:52,209 - INFO - Ingress_Enter GJFNQOLV
2025-04-13 20:33:52,234 - INFO - Ingress_Input_Decoded GJFNQOLV
2025-04-13 20:33:52,237 - INFO - Ingress_Numpy_Converted GJFNQOLV
2025-04-13 20:33:52,283 - INFO - Ingress_Enter QVTH8Z2Z
2025-04-13 20:33:52,299 - INFO - Ingress_Input_Decoded QVTH8Z2Z
2025-04-13 20:33:52,300 - INFO - Ingress_Numpy_Converted QVTH8Z2Z
2025-04-13 20:33:52,366 - INFO - Ingress_Enter SVFG84EO
2025-04-13 20:33:52,386 - INFO - Ingress_Input_Decoded SVFG84EO
2025-04-13 20:33:52,387 - INFO - Ingress_Numpy_Converted SVFG84EO
2025-04-13 20:33:52,391 - INFO - Ingress_Enter DFPCVQSP
2025-04-13 20:33:52,416 - INFO - Ingress_Input_Decoded DFPCVQSP
2025-04-13 20:33:52,418 - INFO - Ingress_Numpy_Converted DFPCVQSP
2025-04-13 20:33:52,517 - INFO - Ingress_Enter 720NIBNK
2025-04-13 20:33:52,538 - INFO - Ingress_Input_Decoded 720NIBNK
2025-04-13 20:33:52,539 - INFO - Ingress_Numpy_Converted 720NIBNK
2025-04-13 20:33:52,773 - INFO - Ingress_Exit QX0YJ41P
2025-04-13 20:33:53,030 - INFO - Ingress_Exit XOC3RFIY
2025-04-13 20:33:53,497 - INFO - Ingress_Exit MR99QHJ4
2025-04-13 20:33:53,625 - INFO - Ingress_Exit R4SS7V58
2025-04-13 20:33:54,111 - INFO - Ingress_Exit NZNZAWUA
2025-04-13 20:33:54,118 - INFO - Ingress_Exit Y4GC321L
2025-04-13 20:33:54,232 - INFO - Ingress_Exit 6VLGILLA
2025-04-13 20:33:54,495 - INFO - Ingress_Exit SVFG84EO
2025-04-13 20:33:54,637 - INFO - Ingress_Exit GJFNQOLV
2025-04-13 20:33:54,887 - INFO - Ingress_Exit 720NIBNK
2025-04-13 20:33:54,915 - INFO - Ingress_Exit DFPCVQSP
2025-04-13 20:33:54,946 - INFO - Ingress_Exit QVTH8Z2Z
2025-04-13 20:33:55,374 - INFO - Ingress_Enter PZQHYTE7
2025-04-13 20:33:55,390 - INFO - Ingress_Input_Decoded PZQHYTE7
2025-04-13 20:33:55,391 - INFO - Ingress_Numpy_Converted PZQHYTE7
2025-04-13 20:33:55,465 - INFO - Ingress_Enter QDPWN2Z5
2025-04-13 20:33:55,480 - INFO - Ingress_Input_Decoded QDPWN2Z5
2025-04-13 20:33:55,482 - INFO - Ingress_Numpy_Converted QDPWN2Z5
2025-04-13 20:33:55,500 - INFO - Ingress_Enter YQTB5XQQ
2025-04-13 20:33:55,532 - INFO - Ingress_Input_Decoded YQTB5XQQ
2025-04-13 20:33:55,535 - INFO - Ingress_Numpy_Converted YQTB5XQQ
2025-04-13 20:33:55,556 - INFO - Ingress_Enter EOEPSB1X
2025-04-13 20:33:55,571 - INFO - Ingress_Input_Decoded EOEPSB1X
2025-04-13 20:33:55,573 - INFO - Ingress_Numpy_Converted EOEPSB1X
2025-04-13 20:33:55,591 - INFO - Ingress_Enter KPED76E7
2025-04-13 20:33:55,609 - INFO - Ingress_Input_Decoded KPED76E7
2025-04-13 20:33:55,610 - INFO - Ingress_Numpy_Converted KPED76E7
2025-04-13 20:33:55,910 - INFO - Ingress_Enter 4HC5PGTY
2025-04-13 20:33:55,928 - INFO - Ingress_Input_Decoded 4HC5PGTY
2025-04-13 20:33:55,930 - INFO - Ingress_Numpy_Converted 4HC5PGTY
2025-04-13 20:33:55,932 - INFO - Ingress_Enter 83C551LJ
2025-04-13 20:33:55,954 - INFO - Ingress_Input_Decoded 83C551LJ
2025-04-13 20:33:55,957 - INFO - Ingress_Numpy_Converted 83C551LJ
2025-04-13 20:33:56,012 - INFO - Ingress_Enter KJICAX32
2025-04-13 20:33:56,037 - INFO - Ingress_Input_Decoded KJICAX32
2025-04-13 20:33:56,039 - INFO - Ingress_Numpy_Converted KJICAX32
2025-04-13 20:33:56,043 - INFO - Ingress_Enter IX3O8KX7
2025-04-13 20:33:56,059 - INFO - Ingress_Input_Decoded IX3O8KX7
2025-04-13 20:33:56,060 - INFO - Ingress_Numpy_Converted IX3O8KX7
2025-04-13 20:33:56,271 - INFO - Ingress_Enter X6HJ82UA
2025-04-13 20:33:56,288 - INFO - Ingress_Input_Decoded X6HJ82UA
2025-04-13 20:33:56,289 - INFO - Ingress_Numpy_Converted X6HJ82UA
2025-04-13 20:33:56,372 - INFO - Ingress_Enter ZA8FQ2DR
2025-04-13 20:33:56,395 - INFO - Ingress_Input_Decoded ZA8FQ2DR
2025-04-13 20:33:56,397 - INFO - Ingress_Numpy_Converted ZA8FQ2DR
2025-04-13 20:33:56,408 - INFO - Ingress_Enter 3QBH4KAE
2025-04-13 20:33:56,427 - INFO - Ingress_Input_Decoded 3QBH4KAE
2025-04-13 20:33:56,429 - INFO - Ingress_Numpy_Converted 3QBH4KAE
2025-04-13 20:33:56,457 - INFO - Ingress_Enter CW243AHM
2025-04-13 20:33:56,484 - INFO - Ingress_Input_Decoded CW243AHM
2025-04-13 20:33:56,487 - INFO - Ingress_Numpy_Converted CW243AHM
2025-04-13 20:33:56,587 - INFO - Ingress_Enter 85ANOACG
2025-04-13 20:33:56,601 - INFO - Ingress_Input_Decoded 85ANOACG
2025-04-13 20:33:56,603 - INFO - Ingress_Numpy_Converted 85ANOACG
2025-04-13 20:33:57,014 - INFO - Ingress_Exit PZQHYTE7
2025-04-13 20:33:57,080 - INFO - Ingress_Exit YQTB5XQQ
2025-04-13 20:33:57,405 - INFO - Ingress_Exit EOEPSB1X
2025-04-13 20:33:57,421 - INFO - Ingress_Exit QDPWN2Z5
2025-04-13 20:33:57,595 - INFO - Ingress_Exit KPED76E7
2025-04-13 20:33:57,892 - INFO - Ingress_Enter 9J0NUNSB
2025-04-13 20:33:57,908 - INFO - Ingress_Input_Decoded 9J0NUNSB
2025-04-13 20:33:57,910 - INFO - Ingress_Numpy_Converted 9J0NUNSB
2025-04-13 20:33:57,986 - INFO - Ingress_Enter CNEMHLLW
2025-04-13 20:33:58,003 - INFO - Ingress_Input_Decoded CNEMHLLW
2025-04-13 20:33:58,005 - INFO - Ingress_Numpy_Converted CNEMHLLW
2025-04-13 20:33:58,029 - INFO - Ingress_Enter SAFAFR8O
2025-04-13 20:33:58,046 - INFO - Ingress_Input_Decoded SAFAFR8O
2025-04-13 20:33:58,047 - INFO - Ingress_Numpy_Converted SAFAFR8O
2025-04-13 20:33:58,067 - INFO - Ingress_Exit 83C551LJ
2025-04-13 20:33:58,185 - INFO - Ingress_Exit 4HC5PGTY
2025-04-13 20:33:58,203 - INFO - Ingress_Enter G2XKU4XP
2025-04-13 20:33:58,224 - INFO - Ingress_Input_Decoded G2XKU4XP
2025-04-13 20:33:58,227 - INFO - Ingress_Numpy_Converted G2XKU4XP
2025-04-13 20:33:58,397 - INFO - Ingress_Enter 7U2TZXI4
2025-04-13 20:33:58,423 - INFO - Ingress_Input_Decoded 7U2TZXI4
2025-04-13 20:33:58,425 - INFO - Ingress_Numpy_Converted 7U2TZXI4
2025-04-13 20:33:58,427 - INFO - Ingress_Exit KJICAX32
2025-04-13 20:33:58,501 - INFO - Ingress_Enter 1JD6BSE2
2025-04-13 20:33:58,526 - INFO - Ingress_Input_Decoded 1JD6BSE2
2025-04-13 20:33:58,528 - INFO - Ingress_Numpy_Converted 1JD6BSE2
2025-04-13 20:33:58,675 - INFO - Ingress_Exit X6HJ82UA
2025-04-13 20:33:58,707 - INFO - Ingress_Enter 0QIK3M5V
2025-04-13 20:33:58,729 - INFO - Ingress_Input_Decoded 0QIK3M5V
2025-04-13 20:33:58,732 - INFO - Ingress_Numpy_Converted 0QIK3M5V
2025-04-13 20:33:58,771 - INFO - Ingress_Enter 6HKQL0HK
2025-04-13 20:33:58,833 - INFO - Ingress_Input_Decoded 6HKQL0HK
2025-04-13 20:33:58,836 - INFO - Ingress_Numpy_Converted 6HKQL0HK
2025-04-13 20:33:58,855 - INFO - Ingress_Enter 5Q8N0QSL
2025-04-13 20:33:58,872 - INFO - Ingress_Input_Decoded 5Q8N0QSL
2025-04-13 20:33:58,873 - INFO - Ingress_Numpy_Converted 5Q8N0QSL
2025-04-13 20:33:58,909 - INFO - Ingress_Exit IX3O8KX7
2025-04-13 20:33:58,944 - INFO - Ingress_Enter F7KGD5X8
2025-04-13 20:33:58,961 - INFO - Ingress_Input_Decoded F7KGD5X8
2025-04-13 20:33:58,963 - INFO - Ingress_Numpy_Converted F7KGD5X8
2025-04-13 20:33:59,016 - INFO - Ingress_Enter B7PH1GIP
2025-04-13 20:33:59,027 - INFO - Ingress_Input_Decoded B7PH1GIP
2025-04-13 20:33:59,029 - INFO - Ingress_Numpy_Converted B7PH1GIP
2025-04-13 20:33:59,156 - INFO - Ingress_Enter G9PCK6IE
2025-04-13 20:33:59,173 - INFO - Ingress_Input_Decoded G9PCK6IE
2025-04-13 20:33:59,175 - INFO - Ingress_Numpy_Converted G9PCK6IE
2025-04-13 20:33:59,411 - INFO - Ingress_Exit CW243AHM
2025-04-13 20:33:59,448 - INFO - Ingress_Exit G2XKU4XP
2025-04-13 20:33:59,456 - INFO - Ingress_Exit 9J0NUNSB
2025-04-13 20:33:59,559 - INFO - Ingress_Exit ZA8FQ2DR
2025-04-13 20:34:00,089 - INFO - Ingress_Exit 3QBH4KAE
2025-04-13 20:34:00,379 - INFO - Ingress_Exit 85ANOACG
2025-04-13 20:34:00,759 - INFO - Ingress_Exit 7U2TZXI4
2025-04-13 20:34:00,831 - INFO - Ingress_Exit SAFAFR8O
2025-04-13 20:34:00,836 - INFO - Ingress_Exit CNEMHLLW
2025-04-13 20:34:00,925 - INFO - Ingress_Exit 1JD6BSE2
2025-04-13 20:34:01,384 - INFO - Ingress_Exit 6HKQL0HK
2025-04-13 20:34:01,425 - INFO - Ingress_Exit 0QIK3M5V
2025-04-13 20:34:02,311 - INFO - Ingress_Exit 5Q8N0QSL
2025-04-13 20:34:03,427 - INFO - Ingress_Exit F7KGD5X8
2025-04-13 20:34:04,146 - INFO - Ingress_Exit B7PH1GIP
2025-04-13 20:34:04,163 - INFO - Ingress_Enter RXJ2Z523
2025-04-13 20:34:04,177 - INFO - Ingress_Input_Decoded RXJ2Z523
2025-04-13 20:34:04,178 - INFO - Ingress_Numpy_Converted RXJ2Z523
2025-04-13 20:34:04,391 - INFO - Ingress_Enter L6NQL2A3
2025-04-13 20:34:04,410 - INFO - Ingress_Input_Decoded L6NQL2A3
2025-04-13 20:34:04,411 - INFO - Ingress_Numpy_Converted L6NQL2A3
2025-04-13 20:34:04,490 - INFO - Ingress_Enter QDQ3H96H
2025-04-13 20:34:04,514 - INFO - Ingress_Input_Decoded QDQ3H96H
2025-04-13 20:34:04,516 - INFO - Ingress_Numpy_Converted QDQ3H96H
2025-04-13 20:34:04,526 - INFO - Ingress_Exit G9PCK6IE
2025-04-13 20:34:04,618 - INFO - Ingress_Enter ZH8SWALA
2025-04-13 20:34:04,637 - INFO - Ingress_Input_Decoded ZH8SWALA
2025-04-13 20:34:04,639 - INFO - Ingress_Numpy_Converted ZH8SWALA
2025-04-13 20:34:04,676 - INFO - Ingress_Enter TLC3J7TD
2025-04-13 20:34:04,703 - INFO - Ingress_Input_Decoded TLC3J7TD
2025-04-13 20:34:04,706 - INFO - Ingress_Numpy_Converted TLC3J7TD
2025-04-13 20:34:04,712 - INFO - Ingress_Enter J7XO8ILL
2025-04-13 20:34:04,732 - INFO - Ingress_Input_Decoded J7XO8ILL
2025-04-13 20:34:04,734 - INFO - Ingress_Numpy_Converted J7XO8ILL
2025-04-13 20:34:05,114 - INFO - Ingress_Enter CE5ZJ51M
2025-04-13 20:34:05,126 - INFO - Ingress_Input_Decoded CE5ZJ51M
2025-04-13 20:34:05,127 - INFO - Ingress_Numpy_Converted CE5ZJ51M
2025-04-13 20:34:05,287 - INFO - Ingress_Enter C0T4JHCZ
2025-04-13 20:34:05,322 - INFO - Ingress_Input_Decoded C0T4JHCZ
2025-04-13 20:34:05,325 - INFO - Ingress_Numpy_Converted C0T4JHCZ
2025-04-13 20:34:05,341 - INFO - Ingress_Enter B8O34VUO
2025-04-13 20:34:05,357 - INFO - Ingress_Input_Decoded B8O34VUO
2025-04-13 20:34:05,358 - INFO - Ingress_Numpy_Converted B8O34VUO
2025-04-13 20:34:05,699 - INFO - Ingress_Enter 8WTYAXVO
2025-04-13 20:34:05,712 - INFO - Ingress_Input_Decoded 8WTYAXVO
2025-04-13 20:34:05,713 - INFO - Ingress_Numpy_Converted 8WTYAXVO
2025-04-13 20:34:05,854 - INFO - Ingress_Exit ZH8SWALA
2025-04-13 20:34:05,868 - INFO - Ingress_Enter K9I1JXIL
2025-04-13 20:34:05,889 - INFO - Ingress_Input_Decoded K9I1JXIL
2025-04-13 20:34:05,891 - INFO - Ingress_Numpy_Converted K9I1JXIL
2025-04-13 20:34:05,893 - INFO - Ingress_Exit RXJ2Z523
2025-04-13 20:34:05,949 - INFO - Ingress_Enter QPY6LS3S
2025-04-13 20:34:05,964 - INFO - Ingress_Input_Decoded QPY6LS3S
2025-04-13 20:34:05,965 - INFO - Ingress_Numpy_Converted QPY6LS3S
2025-04-13 20:34:06,093 - INFO - Ingress_Exit QDQ3H96H
2025-04-13 20:34:06,095 - INFO - Ingress_Exit L6NQL2A3
2025-04-13 20:34:06,179 - INFO - Ingress_Enter 5XW482YH
2025-04-13 20:34:06,196 - INFO - Ingress_Input_Decoded 5XW482YH
2025-04-13 20:34:06,197 - INFO - Ingress_Numpy_Converted 5XW482YH
2025-04-13 20:34:06,228 - INFO - Ingress_Enter JBU5JQKA
2025-04-13 20:34:06,245 - INFO - Ingress_Input_Decoded JBU5JQKA
2025-04-13 20:34:06,247 - INFO - Ingress_Numpy_Converted JBU5JQKA
2025-04-13 20:34:06,361 - INFO - Ingress_Enter GG1BLTRA
2025-04-13 20:34:06,377 - INFO - Ingress_Input_Decoded GG1BLTRA
2025-04-13 20:34:06,379 - INFO - Ingress_Numpy_Converted GG1BLTRA
2025-04-13 20:34:06,389 - INFO - Ingress_Exit TLC3J7TD
2025-04-13 20:34:06,492 - INFO - Ingress_Enter LIRCBC85
2025-04-13 20:34:06,494 - INFO - Ingress_Enter DLZ4IXR8
2025-04-13 20:34:06,506 - INFO - Ingress_Input_Decoded LIRCBC85
2025-04-13 20:34:06,507 - INFO - Ingress_Numpy_Converted LIRCBC85
2025-04-13 20:34:06,528 - INFO - Ingress_Input_Decoded DLZ4IXR8
2025-04-13 20:34:06,530 - INFO - Ingress_Numpy_Converted DLZ4IXR8
2025-04-13 20:34:06,588 - INFO - Ingress_Exit J7XO8ILL
2025-04-13 20:34:06,809 - INFO - Ingress_Enter KK224RUU
2025-04-13 20:34:06,829 - INFO - Ingress_Input_Decoded KK224RUU
2025-04-13 20:34:06,837 - INFO - Ingress_Numpy_Converted KK224RUU
2025-04-13 20:34:06,838 - INFO - Ingress_Enter 4TYJSLP2
2025-04-13 20:34:06,854 - INFO - Ingress_Input_Decoded 4TYJSLP2
2025-04-13 20:34:06,856 - INFO - Ingress_Numpy_Converted 4TYJSLP2
2025-04-13 20:34:06,925 - INFO - Ingress_Enter 3S6HJMQR
2025-04-13 20:34:06,954 - INFO - Ingress_Input_Decoded 3S6HJMQR
2025-04-13 20:34:06,957 - INFO - Ingress_Numpy_Converted 3S6HJMQR
2025-04-13 20:34:06,962 - INFO - Ingress_Enter ENDJPB65
2025-04-13 20:34:06,962 - INFO - Ingress_Exit CE5ZJ51M
2025-04-13 20:34:06,976 - INFO - Ingress_Input_Decoded ENDJPB65
2025-04-13 20:34:06,978 - INFO - Ingress_Numpy_Converted ENDJPB65
2025-04-13 20:34:07,029 - INFO - Ingress_Exit C0T4JHCZ
2025-04-13 20:34:07,060 - INFO - Ingress_Exit B8O34VUO
2025-04-13 20:34:07,096 - INFO - Ingress_Enter YGMG2VQN
2025-04-13 20:34:07,115 - INFO - Ingress_Input_Decoded YGMG2VQN
2025-04-13 20:34:07,117 - INFO - Ingress_Numpy_Converted YGMG2VQN
2025-04-13 20:34:07,149 - INFO - Ingress_Enter B55NHOAS
2025-04-13 20:34:07,180 - INFO - Ingress_Input_Decoded B55NHOAS
2025-04-13 20:34:07,185 - INFO - Ingress_Numpy_Converted B55NHOAS
2025-04-13 20:34:07,276 - INFO - Ingress_Enter UKR48G1G
2025-04-13 20:34:07,298 - INFO - Ingress_Input_Decoded UKR48G1G
2025-04-13 20:34:07,300 - INFO - Ingress_Numpy_Converted UKR48G1G
2025-04-13 20:34:07,317 - INFO - Ingress_Enter SOC11YNZ
2025-04-13 20:34:07,337 - INFO - Ingress_Input_Decoded SOC11YNZ
2025-04-13 20:34:07,339 - INFO - Ingress_Numpy_Converted SOC11YNZ
2025-04-13 20:34:07,454 - INFO - Ingress_Exit 8WTYAXVO
2025-04-13 20:34:07,559 - INFO - Ingress_Enter 8L2MEW3U
2025-04-13 20:34:07,584 - INFO - Ingress_Input_Decoded 8L2MEW3U
2025-04-13 20:34:07,586 - INFO - Ingress_Numpy_Converted 8L2MEW3U
2025-04-13 20:34:07,849 - INFO - Ingress_Exit 5XW482YH
2025-04-13 20:34:07,924 - INFO - Ingress_Exit JBU5JQKA
2025-04-13 20:34:07,997 - INFO - Ingress_Enter 06493SAH
2025-04-13 20:34:08,016 - INFO - Ingress_Input_Decoded 06493SAH
2025-04-13 20:34:08,017 - INFO - Ingress_Numpy_Converted 06493SAH
2025-04-13 20:34:08,171 - INFO - Ingress_Exit GG1BLTRA
2025-04-13 20:34:08,193 - INFO - Ingress_Exit K9I1JXIL
2025-04-13 20:34:08,220 - INFO - Ingress_Enter 0BPRR1AT
2025-04-13 20:34:08,234 - INFO - Ingress_Input_Decoded 0BPRR1AT
2025-04-13 20:34:08,236 - INFO - Ingress_Numpy_Converted 0BPRR1AT
2025-04-13 20:34:08,275 - INFO - Ingress_Exit QPY6LS3S
2025-04-13 20:34:08,327 - INFO - Ingress_Exit LIRCBC85
2025-04-13 20:34:08,393 - INFO - Ingress_Exit DLZ4IXR8
2025-04-13 20:34:08,543 - INFO - Ingress_Enter QRFRK5Y7
2025-04-13 20:34:08,560 - INFO - Ingress_Input_Decoded QRFRK5Y7
2025-04-13 20:34:08,562 - INFO - Ingress_Numpy_Converted QRFRK5Y7
2025-04-13 20:34:08,602 - INFO - Ingress_Enter 9V1BNJPL
2025-04-13 20:34:08,623 - INFO - Ingress_Input_Decoded 9V1BNJPL
2025-04-13 20:34:08,626 - INFO - Ingress_Numpy_Converted 9V1BNJPL
2025-04-13 20:34:08,637 - INFO - Ingress_Enter HKQLJ1LF
2025-04-13 20:34:08,650 - INFO - Ingress_Input_Decoded HKQLJ1LF
2025-04-13 20:34:08,651 - INFO - Ingress_Numpy_Converted HKQLJ1LF
2025-04-13 20:34:08,653 - INFO - Ingress_Exit KK224RUU
2025-04-13 20:34:08,965 - INFO - Ingress_Exit 4TYJSLP2
2025-04-13 20:34:09,057 - INFO - Ingress_Enter 5043SFF6
2025-04-13 20:34:09,079 - INFO - Ingress_Input_Decoded 5043SFF6
2025-04-13 20:34:09,081 - INFO - Ingress_Numpy_Converted 5043SFF6
2025-04-13 20:34:09,082 - INFO - Ingress_Exit 3S6HJMQR
2025-04-13 20:34:09,128 - INFO - Ingress_Enter 8UPBF16E
2025-04-13 20:34:09,142 - INFO - Ingress_Input_Decoded 8UPBF16E
2025-04-13 20:34:09,143 - INFO - Ingress_Numpy_Converted 8UPBF16E
2025-04-13 20:34:09,224 - INFO - Ingress_Exit ENDJPB65
2025-04-13 20:34:09,234 - INFO - Ingress_Enter FY989JLR
2025-04-13 20:34:09,251 - INFO - Ingress_Input_Decoded FY989JLR
2025-04-13 20:34:09,253 - INFO - Ingress_Numpy_Converted FY989JLR
2025-04-13 20:34:09,333 - INFO - Ingress_Enter 7B4T7R3O
2025-04-13 20:34:09,356 - INFO - Ingress_Input_Decoded 7B4T7R3O
2025-04-13 20:34:09,358 - INFO - Ingress_Numpy_Converted 7B4T7R3O
2025-04-13 20:34:09,405 - INFO - Ingress_Enter JGV7DFEV
2025-04-13 20:34:09,422 - INFO - Ingress_Input_Decoded JGV7DFEV
2025-04-13 20:34:09,423 - INFO - Ingress_Numpy_Converted JGV7DFEV
2025-04-13 20:34:09,642 - INFO - Ingress_Enter PGVNNV6L
2025-04-13 20:34:09,658 - INFO - Ingress_Input_Decoded PGVNNV6L
2025-04-13 20:34:09,660 - INFO - Ingress_Numpy_Converted PGVNNV6L
2025-04-13 20:34:09,684 - INFO - Ingress_Enter 47Q9SU5B
2025-04-13 20:34:09,704 - INFO - Ingress_Input_Decoded 47Q9SU5B
2025-04-13 20:34:09,706 - INFO - Ingress_Numpy_Converted 47Q9SU5B
2025-04-13 20:34:09,744 - INFO - Ingress_Exit UKR48G1G
2025-04-13 20:34:09,801 - INFO - Ingress_Exit SOC11YNZ
2025-04-13 20:34:09,878 - INFO - Ingress_Exit B55NHOAS
2025-04-13 20:34:09,952 - INFO - Ingress_Exit 8L2MEW3U
2025-04-13 20:34:10,035 - INFO - Ingress_Exit YGMG2VQN
2025-04-13 20:34:10,653 - INFO - Ingress_Exit 06493SAH
2025-04-13 20:34:10,907 - INFO - Ingress_Exit QRFRK5Y7
2025-04-13 20:34:11,022 - INFO - Ingress_Exit 0BPRR1AT
2025-04-13 20:34:11,381 - INFO - Ingress_Exit HKQLJ1LF
2025-04-13 20:34:11,482 - INFO - Ingress_Exit 9V1BNJPL
2025-04-13 20:34:11,560 - INFO - Ingress_Exit 8UPBF16E
2025-04-13 20:34:11,871 - INFO - Ingress_Exit 5043SFF6
2025-04-13 20:34:12,229 - INFO - Ingress_Enter QQ5AWWDX
2025-04-13 20:34:12,246 - INFO - Ingress_Input_Decoded QQ5AWWDX
2025-04-13 20:34:12,248 - INFO - Ingress_Numpy_Converted QQ5AWWDX
2025-04-13 20:34:12,446 - INFO - Ingress_Exit FY989JLR
2025-04-13 20:34:12,485 - INFO - Ingress_Enter CO478JT2
2025-04-13 20:34:12,502 - INFO - Ingress_Input_Decoded CO478JT2
2025-04-13 20:34:12,504 - INFO - Ingress_Numpy_Converted CO478JT2
2025-04-13 20:34:12,546 - INFO - Ingress_Enter H3JZNFJR
2025-04-13 20:34:12,572 - INFO - Ingress_Enter EV66UZQ9
2025-04-13 20:34:12,598 - INFO - Ingress_Input_Decoded H3JZNFJR
2025-04-13 20:34:12,601 - INFO - Ingress_Numpy_Converted H3JZNFJR
2025-04-13 20:34:12,616 - INFO - Ingress_Input_Decoded EV66UZQ9
2025-04-13 20:34:12,618 - INFO - Ingress_Numpy_Converted EV66UZQ9
2025-04-13 20:34:12,619 - INFO - Ingress_Enter UD41WMP1
2025-04-13 20:34:12,636 - INFO - Ingress_Input_Decoded UD41WMP1
2025-04-13 20:34:12,637 - INFO - Ingress_Numpy_Converted UD41WMP1
2025-04-13 20:34:12,668 - INFO - Ingress_Enter L4YRC65M
2025-04-13 20:34:12,685 - INFO - Ingress_Input_Decoded L4YRC65M
2025-04-13 20:34:12,687 - INFO - Ingress_Numpy_Converted L4YRC65M
2025-04-13 20:34:12,752 - INFO - Ingress_Enter IVF884ID
2025-04-13 20:34:12,785 - INFO - Ingress_Input_Decoded IVF884ID
2025-04-13 20:34:12,789 - INFO - Ingress_Numpy_Converted IVF884ID
2025-04-13 20:34:12,932 - INFO - Ingress_Enter TZEUXSL3
2025-04-13 20:34:12,954 - INFO - Ingress_Input_Decoded TZEUXSL3
2025-04-13 20:34:12,956 - INFO - Ingress_Numpy_Converted TZEUXSL3
2025-04-13 20:34:12,959 - INFO - Ingress_Exit 7B4T7R3O
2025-04-13 20:34:13,133 - INFO - Ingress_Enter RBG2JWEZ
2025-04-13 20:34:13,148 - INFO - Ingress_Input_Decoded RBG2JWEZ
2025-04-13 20:34:13,150 - INFO - Ingress_Numpy_Converted RBG2JWEZ
2025-04-13 20:34:13,199 - INFO - Ingress_Enter 41LFYK72
2025-04-13 20:34:13,217 - INFO - Ingress_Input_Decoded 41LFYK72
2025-04-13 20:34:13,218 - INFO - Ingress_Numpy_Converted 41LFYK72
2025-04-13 20:34:13,230 - INFO - Ingress_Enter 736L3DU7
2025-04-13 20:34:13,250 - INFO - Ingress_Input_Decoded 736L3DU7
2025-04-13 20:34:13,252 - INFO - Ingress_Numpy_Converted 736L3DU7
2025-04-13 20:34:13,255 - INFO - Ingress_Enter MZHX709X
2025-04-13 20:34:13,274 - INFO - Ingress_Input_Decoded MZHX709X
2025-04-13 20:34:13,276 - INFO - Ingress_Numpy_Converted MZHX709X
2025-04-13 20:34:13,405 - INFO - Ingress_Enter 9YM9KLK3
2025-04-13 20:34:13,423 - INFO - Ingress_Input_Decoded 9YM9KLK3
2025-04-13 20:34:13,424 - INFO - Ingress_Numpy_Converted 9YM9KLK3
2025-04-13 20:34:13,546 - INFO - Ingress_Enter O0V9PPAQ
2025-04-13 20:34:13,567 - INFO - Ingress_Input_Decoded O0V9PPAQ
2025-04-13 20:34:13,568 - INFO - Ingress_Numpy_Converted O0V9PPAQ
2025-04-13 20:34:14,286 - INFO - Ingress_Exit JGV7DFEV
2025-04-13 20:34:14,487 - INFO - Ingress_Exit PGVNNV6L
2025-04-13 20:34:14,803 - INFO - Ingress_Exit QQ5AWWDX
2025-04-13 20:34:14,815 - INFO - Ingress_Exit 47Q9SU5B
2025-04-13 20:34:15,016 - INFO - Ingress_Exit H3JZNFJR
2025-04-13 20:34:15,022 - INFO - Ingress_Exit CO478JT2
2025-04-13 20:34:15,625 - INFO - Ingress_Exit UD41WMP1
2025-04-13 20:34:15,628 - INFO - Ingress_Exit L4YRC65M
2025-04-13 20:34:15,699 - INFO - Ingress_Exit EV66UZQ9
2025-04-13 20:34:15,983 - INFO - Ingress_Exit TZEUXSL3
2025-04-13 20:34:16,177 - INFO - Ingress_Enter K45ZCVBZ
2025-04-13 20:34:16,200 - INFO - Ingress_Input_Decoded K45ZCVBZ
2025-04-13 20:34:16,202 - INFO - Ingress_Numpy_Converted K45ZCVBZ
2025-04-13 20:34:16,206 - INFO - Ingress_Enter 25OQRTXE
2025-04-13 20:34:16,224 - INFO - Ingress_Input_Decoded 25OQRTXE
2025-04-13 20:34:16,227 - INFO - Ingress_Numpy_Converted 25OQRTXE
2025-04-13 20:34:16,282 - INFO - Ingress_Exit IVF884ID
2025-04-13 20:34:16,312 - INFO - Ingress_Exit RBG2JWEZ
2025-04-13 20:34:16,468 - INFO - Ingress_Enter UYF3S72Q
2025-04-13 20:34:16,488 - INFO - Ingress_Input_Decoded UYF3S72Q
2025-04-13 20:34:16,490 - INFO - Ingress_Numpy_Converted UYF3S72Q
2025-04-13 20:34:16,510 - INFO - Ingress_Enter 7LCI3T9L
2025-04-13 20:34:16,528 - INFO - Ingress_Input_Decoded 7LCI3T9L
2025-04-13 20:34:16,530 - INFO - Ingress_Numpy_Converted 7LCI3T9L
2025-04-13 20:34:16,536 - INFO - Ingress_Enter 2183OTOU
2025-04-13 20:34:16,553 - INFO - Ingress_Input_Decoded 2183OTOU
2025-04-13 20:34:16,555 - INFO - Ingress_Numpy_Converted 2183OTOU
2025-04-13 20:34:16,751 - INFO - Ingress_Exit 41LFYK72
2025-04-13 20:34:16,867 - INFO - Ingress_Enter CLH86TIP
2025-04-13 20:34:16,877 - INFO - Ingress_Input_Decoded CLH86TIP
2025-04-13 20:34:16,878 - INFO - Ingress_Numpy_Converted CLH86TIP
2025-04-13 20:34:16,889 - INFO - Ingress_Exit 736L3DU7
2025-04-13 20:34:17,010 - INFO - Ingress_Enter UPIUSOUB
2025-04-13 20:34:17,024 - INFO - Ingress_Input_Decoded UPIUSOUB
2025-04-13 20:34:17,025 - INFO - Ingress_Numpy_Converted UPIUSOUB
2025-04-13 20:34:17,114 - INFO - Ingress_Enter U9PJKRZZ
2025-04-13 20:34:17,134 - INFO - Ingress_Input_Decoded U9PJKRZZ
2025-04-13 20:34:17,136 - INFO - Ingress_Numpy_Converted U9PJKRZZ
2025-04-13 20:34:17,140 - INFO - Ingress_Enter TT5L2NVT
2025-04-13 20:34:17,158 - INFO - Ingress_Input_Decoded TT5L2NVT
2025-04-13 20:34:17,160 - INFO - Ingress_Numpy_Converted TT5L2NVT
2025-04-13 20:34:17,410 - INFO - Ingress_Enter P9GST2Q0
2025-04-13 20:34:17,428 - INFO - Ingress_Input_Decoded P9GST2Q0
2025-04-13 20:34:17,430 - INFO - Ingress_Numpy_Converted P9GST2Q0
2025-04-13 20:34:17,433 - INFO - Ingress_Enter FDE71H60
2025-04-13 20:34:17,453 - INFO - Ingress_Input_Decoded FDE71H60
2025-04-13 20:34:17,454 - INFO - Ingress_Numpy_Converted FDE71H60
2025-04-13 20:34:17,562 - INFO - Ingress_Enter 039FCD9S
2025-04-13 20:34:17,592 - INFO - Ingress_Input_Decoded 039FCD9S
2025-04-13 20:34:17,595 - INFO - Ingress_Numpy_Converted 039FCD9S
2025-04-13 20:34:17,596 - INFO - Ingress_Enter 2O912VMQ
2025-04-13 20:34:17,616 - INFO - Ingress_Input_Decoded 2O912VMQ
2025-04-13 20:34:17,618 - INFO - Ingress_Numpy_Converted 2O912VMQ
2025-04-13 20:34:17,622 - INFO - Ingress_Enter O13W0ZDP
2025-04-13 20:34:17,641 - INFO - Ingress_Input_Decoded O13W0ZDP
2025-04-13 20:34:17,644 - INFO - Ingress_Numpy_Converted O13W0ZDP
2025-04-13 20:34:17,795 - INFO - Ingress_Exit MZHX709X
2025-04-13 20:34:18,433 - INFO - Ingress_Exit 9YM9KLK3
2025-04-13 20:34:18,565 - INFO - Ingress_Exit O0V9PPAQ
2025-04-13 20:34:18,587 - INFO - Ingress_Exit K45ZCVBZ
2025-04-13 20:34:18,685 - INFO - Ingress_Exit 25OQRTXE
2025-04-13 20:34:19,208 - INFO - Ingress_Exit UYF3S72Q
2025-04-13 20:34:19,492 - INFO - Ingress_Exit 7LCI3T9L
2025-04-13 20:34:19,584 - INFO - Ingress_Exit 2183OTOU
2025-04-13 20:34:19,685 - INFO - Ingress_Exit CLH86TIP
2025-04-13 20:34:19,717 - INFO - Ingress_Exit UPIUSOUB
2025-04-13 20:34:19,810 - INFO - Ingress_Exit U9PJKRZZ
2025-04-13 20:34:20,551 - INFO - Ingress_Exit TT5L2NVT
2025-04-13 20:34:20,692 - INFO - Ingress_Exit 039FCD9S
2025-04-13 20:34:22,771 - INFO - Ingress_Exit FDE71H60
2025-04-13 20:34:22,816 - INFO - Ingress_Exit P9GST2Q0
2025-04-13 20:34:23,046 - INFO - Ingress_Exit 2O912VMQ
2025-04-13 20:34:23,227 - INFO - Ingress_Enter QA6LJ5KJ
2025-04-13 20:34:23,247 - INFO - Ingress_Input_Decoded QA6LJ5KJ
2025-04-13 20:34:23,249 - INFO - Ingress_Numpy_Converted QA6LJ5KJ
2025-04-13 20:34:23,251 - INFO - Ingress_Enter BSX27KKL
2025-04-13 20:34:23,268 - INFO - Ingress_Input_Decoded BSX27KKL
2025-04-13 20:34:23,269 - INFO - Ingress_Numpy_Converted BSX27KKL
2025-04-13 20:34:23,274 - INFO - Ingress_Enter TCPY6HT2
2025-04-13 20:34:23,291 - INFO - Ingress_Input_Decoded TCPY6HT2
2025-04-13 20:34:23,293 - INFO - Ingress_Numpy_Converted TCPY6HT2
2025-04-13 20:34:23,297 - INFO - Ingress_Enter 04MSNV52
2025-04-13 20:34:23,312 - INFO - Ingress_Input_Decoded 04MSNV52
2025-04-13 20:34:23,313 - INFO - Ingress_Numpy_Converted 04MSNV52
2025-04-13 20:34:24,199 - INFO - Ingress_Enter 6L4IMUEI
2025-04-13 20:34:24,217 - INFO - Ingress_Input_Decoded 6L4IMUEI
2025-04-13 20:34:24,219 - INFO - Ingress_Numpy_Converted 6L4IMUEI
2025-04-13 20:34:24,320 - INFO - Ingress_Enter 3YRG45J5
2025-04-13 20:34:24,351 - INFO - Ingress_Input_Decoded 3YRG45J5
2025-04-13 20:34:24,354 - INFO - Ingress_Numpy_Converted 3YRG45J5
2025-04-13 20:34:24,559 - INFO - Ingress_Enter D5A0GQIW
2025-04-13 20:34:24,609 - INFO - Ingress_Input_Decoded D5A0GQIW
2025-04-13 20:34:24,614 - INFO - Ingress_Numpy_Converted D5A0GQIW
2025-04-13 20:34:24,801 - INFO - Ingress_Enter X7JF6QKA
2025-04-13 20:34:24,823 - INFO - Ingress_Input_Decoded X7JF6QKA
2025-04-13 20:34:24,825 - INFO - Ingress_Numpy_Converted X7JF6QKA
2025-04-13 20:34:25,081 - INFO - Ingress_Enter KZC58TJ6
2025-04-13 20:34:25,103 - INFO - Ingress_Input_Decoded KZC58TJ6
2025-04-13 20:34:25,105 - INFO - Ingress_Numpy_Converted KZC58TJ6
2025-04-13 20:34:25,112 - INFO - Ingress_Enter DAJSJ29Z
2025-04-13 20:34:25,127 - INFO - Ingress_Input_Decoded DAJSJ29Z
2025-04-13 20:34:25,128 - INFO - Ingress_Numpy_Converted DAJSJ29Z
2025-04-13 20:34:25,349 - INFO - Ingress_Enter NOP6E3VW
2025-04-13 20:34:25,370 - INFO - Ingress_Input_Decoded NOP6E3VW
2025-04-13 20:34:25,371 - INFO - Ingress_Numpy_Converted NOP6E3VW
2025-04-13 20:34:25,385 - INFO - Ingress_Enter H7LIPG5Y
2025-04-13 20:34:25,400 - INFO - Ingress_Input_Decoded H7LIPG5Y
2025-04-13 20:34:25,401 - INFO - Ingress_Numpy_Converted H7LIPG5Y
2025-04-13 20:34:25,434 - INFO - Ingress_Enter L5TRYHKH
2025-04-13 20:34:25,448 - INFO - Ingress_Input_Decoded L5TRYHKH
2025-04-13 20:34:25,450 - INFO - Ingress_Numpy_Converted L5TRYHKH
2025-04-13 20:34:25,452 - INFO - Ingress_Exit QA6LJ5KJ
2025-04-13 20:34:25,591 - INFO - Ingress_Exit BSX27KKL
2025-04-13 20:34:25,667 - INFO - Ingress_Enter 5TL7QHLY
2025-04-13 20:34:25,682 - INFO - Ingress_Input_Decoded 5TL7QHLY
2025-04-13 20:34:25,684 - INFO - Ingress_Numpy_Converted 5TL7QHLY
2025-04-13 20:34:25,761 - INFO - Ingress_Enter TV8VH5LC
2025-04-13 20:34:25,784 - INFO - Ingress_Input_Decoded TV8VH5LC
2025-04-13 20:34:25,786 - INFO - Ingress_Numpy_Converted TV8VH5LC
2025-04-13 20:34:25,909 - INFO - Ingress_Enter APBFQLB4
2025-04-13 20:34:25,930 - INFO - Ingress_Input_Decoded APBFQLB4
2025-04-13 20:34:25,932 - INFO - Ingress_Numpy_Converted APBFQLB4
2025-04-13 20:34:25,944 - INFO - Ingress_Enter IIHPKB4R
2025-04-13 20:34:25,959 - INFO - Ingress_Input_Decoded IIHPKB4R
2025-04-13 20:34:25,960 - INFO - Ingress_Numpy_Converted IIHPKB4R
2025-04-13 20:34:26,267 - INFO - Ingress_Enter EBF028TY
2025-04-13 20:34:26,284 - INFO - Ingress_Input_Decoded EBF028TY
2025-04-13 20:34:26,286 - INFO - Ingress_Numpy_Converted EBF028TY
2025-04-13 20:34:26,295 - INFO - Ingress_Exit TCPY6HT2
2025-04-13 20:34:26,300 - INFO - Ingress_Exit O13W0ZDP
2025-04-13 20:34:26,374 - INFO - Ingress_Exit 6L4IMUEI
2025-04-13 20:34:26,510 - INFO - Ingress_Exit 04MSNV52
2025-04-13 20:34:26,555 - INFO - Ingress_Exit 3YRG45J5
2025-04-13 20:34:26,927 - INFO - Ingress_Exit D5A0GQIW
2025-04-13 20:34:27,065 - INFO - Ingress_Exit X7JF6QKA
2025-04-13 20:34:27,223 - INFO - Ingress_Exit KZC58TJ6
2025-04-13 20:34:27,628 - INFO - Ingress_Exit NOP6E3VW
2025-04-13 20:34:27,699 - INFO - Ingress_Exit DAJSJ29Z
2025-04-13 20:34:28,311 - INFO - Ingress_Exit H7LIPG5Y
2025-04-13 20:34:28,934 - INFO - Ingress_Exit L5TRYHKH
2025-04-13 20:34:29,601 - INFO - Ingress_Exit 5TL7QHLY
2025-04-13 20:34:30,529 - INFO - Ingress_Exit TV8VH5LC
2025-04-13 20:34:30,664 - INFO - Ingress_Exit APBFQLB4
2025-04-13 20:34:30,766 - INFO - Ingress_Enter NLYU7IXW
2025-04-13 20:34:30,779 - INFO - Ingress_Input_Decoded NLYU7IXW
2025-04-13 20:34:30,781 - INFO - Ingress_Numpy_Converted NLYU7IXW
2025-04-13 20:34:31,041 - INFO - Ingress_Enter RKT1J2VP
2025-04-13 20:34:31,056 - INFO - Ingress_Input_Decoded RKT1J2VP
2025-04-13 20:34:31,057 - INFO - Ingress_Numpy_Converted RKT1J2VP
2025-04-13 20:34:31,352 - INFO - Ingress_Enter 0D5RG5V1
2025-04-13 20:34:31,413 - INFO - Ingress_Input_Decoded 0D5RG5V1
2025-04-13 20:34:31,416 - INFO - Ingress_Numpy_Converted 0D5RG5V1
2025-04-13 20:34:31,475 - INFO - Ingress_Exit IIHPKB4R
2025-04-13 20:34:31,552 - INFO - Ingress_Enter 52LL0NUX
2025-04-13 20:34:31,572 - INFO - Ingress_Input_Decoded 52LL0NUX
2025-04-13 20:34:31,574 - INFO - Ingress_Numpy_Converted 52LL0NUX
2025-04-13 20:34:31,742 - INFO - Ingress_Enter 2W9D92HO
2025-04-13 20:34:31,765 - INFO - Ingress_Input_Decoded 2W9D92HO
2025-04-13 20:34:31,768 - INFO - Ingress_Numpy_Converted 2W9D92HO
2025-04-13 20:34:31,888 - INFO - Ingress_Exit EBF028TY
2025-04-13 20:34:31,932 - INFO - Ingress_Enter HQQ5981R
2025-04-13 20:34:31,954 - INFO - Ingress_Input_Decoded HQQ5981R
2025-04-13 20:34:31,956 - INFO - Ingress_Numpy_Converted HQQ5981R
2025-04-13 20:34:32,002 - INFO - Ingress_Exit NLYU7IXW
2025-04-13 20:34:32,243 - INFO - Ingress_Enter EPQBGNHB
2025-04-13 20:34:32,261 - INFO - Ingress_Input_Decoded EPQBGNHB
2025-04-13 20:34:32,263 - INFO - Ingress_Numpy_Converted EPQBGNHB
2025-04-13 20:34:32,491 - INFO - Ingress_Exit RKT1J2VP
2025-04-13 20:34:32,721 - INFO - Ingress_Enter 6FUJLKB0
2025-04-13 20:34:32,776 - INFO - Ingress_Input_Decoded 6FUJLKB0
2025-04-13 20:34:32,780 - INFO - Ingress_Numpy_Converted 6FUJLKB0
2025-04-13 20:34:32,781 - INFO - Ingress_Enter SPYCGCAR
2025-04-13 20:34:32,803 - INFO - Ingress_Input_Decoded SPYCGCAR
2025-04-13 20:34:32,804 - INFO - Ingress_Numpy_Converted SPYCGCAR
2025-04-13 20:34:32,806 - INFO - Ingress_Exit 0D5RG5V1
2025-04-13 20:34:32,883 - INFO - Ingress_Enter IDTDEOJ3
2025-04-13 20:34:32,899 - INFO - Ingress_Input_Decoded IDTDEOJ3
2025-04-13 20:34:32,901 - INFO - Ingress_Numpy_Converted IDTDEOJ3
2025-04-13 20:34:33,251 - INFO - Ingress_Enter GDEXQDQN
2025-04-13 20:34:33,268 - INFO - Ingress_Input_Decoded GDEXQDQN
2025-04-13 20:34:33,270 - INFO - Ingress_Numpy_Converted GDEXQDQN
2025-04-13 20:34:33,437 - INFO - Ingress_Enter TJVZKKWL
2025-04-13 20:34:33,457 - INFO - Ingress_Input_Decoded TJVZKKWL
2025-04-13 20:34:33,459 - INFO - Ingress_Numpy_Converted TJVZKKWL
2025-04-13 20:34:33,481 - INFO - Ingress_Enter 8H9OU6IX
2025-04-13 20:34:33,497 - INFO - Ingress_Input_Decoded 8H9OU6IX
2025-04-13 20:34:33,498 - INFO - Ingress_Numpy_Converted 8H9OU6IX
2025-04-13 20:34:34,047 - INFO - Ingress_Exit 2W9D92HO
2025-04-13 20:34:34,207 - INFO - Ingress_Enter DPW25RNI
2025-04-13 20:34:34,226 - INFO - Ingress_Input_Decoded DPW25RNI
2025-04-13 20:34:34,229 - INFO - Ingress_Numpy_Converted DPW25RNI
2025-04-13 20:34:34,299 - INFO - Ingress_Enter 5V3ZLF13
2025-04-13 20:34:34,302 - INFO - Ingress_Enter 4109S8J2
2025-04-13 20:34:34,320 - INFO - Ingress_Input_Decoded 5V3ZLF13
2025-04-13 20:34:34,323 - INFO - Ingress_Numpy_Converted 5V3ZLF13
2025-04-13 20:34:34,342 - INFO - Ingress_Input_Decoded 4109S8J2
2025-04-13 20:34:34,344 - INFO - Ingress_Numpy_Converted 4109S8J2
2025-04-13 20:34:34,488 - INFO - Ingress_Exit EPQBGNHB
2025-04-13 20:34:34,609 - INFO - Ingress_Enter 7A4DYBFE
2025-04-13 20:34:34,623 - INFO - Ingress_Input_Decoded 7A4DYBFE
2025-04-13 20:34:34,625 - INFO - Ingress_Numpy_Converted 7A4DYBFE
2025-04-13 20:34:34,630 - INFO - Ingress_Enter IZT68DZG
2025-04-13 20:34:34,659 - INFO - Ingress_Input_Decoded IZT68DZG
2025-04-13 20:34:34,662 - INFO - Ingress_Numpy_Converted IZT68DZG
2025-04-13 20:34:34,752 - INFO - Ingress_Enter GXIGI58U
2025-04-13 20:34:34,772 - INFO - Ingress_Input_Decoded GXIGI58U
2025-04-13 20:34:34,773 - INFO - Ingress_Numpy_Converted GXIGI58U
2025-04-13 20:34:34,983 - INFO - Ingress_Enter IIZUXQVD
2025-04-13 20:34:35,002 - INFO - Ingress_Input_Decoded IIZUXQVD
2025-04-13 20:34:35,004 - INFO - Ingress_Numpy_Converted IIZUXQVD
2025-04-13 20:34:35,212 - INFO - Ingress_Exit HQQ5981R
2025-04-13 20:34:35,224 - INFO - Ingress_Enter YZL8SBBT
2025-04-13 20:34:35,251 - INFO - Ingress_Input_Decoded YZL8SBBT
2025-04-13 20:34:35,254 - INFO - Ingress_Numpy_Converted YZL8SBBT
2025-04-13 20:34:35,378 - INFO - Ingress_Exit 6FUJLKB0
2025-04-13 20:34:35,401 - INFO - Ingress_Enter MROP6MSD
2025-04-13 20:34:35,427 - INFO - Ingress_Input_Decoded MROP6MSD
2025-04-13 20:34:35,430 - INFO - Ingress_Numpy_Converted MROP6MSD
2025-04-13 20:34:35,613 - INFO - Ingress_Enter C2J8CK3T
2025-04-13 20:34:35,627 - INFO - Ingress_Input_Decoded C2J8CK3T
2025-04-13 20:34:35,635 - INFO - Ingress_Numpy_Converted C2J8CK3T
2025-04-13 20:34:35,699 - INFO - Ingress_Enter P0XPCYDU
2025-04-13 20:34:35,713 - INFO - Ingress_Input_Decoded P0XPCYDU
2025-04-13 20:34:35,714 - INFO - Ingress_Numpy_Converted P0XPCYDU
2025-04-13 20:34:35,839 - INFO - Ingress_Enter NPRMDF7K
2025-04-13 20:34:35,855 - INFO - Ingress_Input_Decoded NPRMDF7K
2025-04-13 20:34:35,856 - INFO - Ingress_Numpy_Converted NPRMDF7K
2025-04-13 20:34:36,340 - INFO - Ingress_Exit 52LL0NUX
2025-04-13 20:34:36,618 - INFO - Ingress_Exit SPYCGCAR
2025-04-13 20:34:36,661 - INFO - Ingress_Exit GDEXQDQN
2025-04-13 20:34:36,733 - INFO - Ingress_Exit TJVZKKWL
2025-04-13 20:34:37,495 - INFO - Ingress_Exit 8H9OU6IX
2025-04-13 20:34:37,723 - INFO - Ingress_Exit 4109S8J2
2025-04-13 20:34:37,726 - INFO - Ingress_Exit IDTDEOJ3
2025-04-13 20:34:37,927 - INFO - Ingress_Exit 5V3ZLF13
2025-04-13 20:34:38,487 - INFO - Ingress_Exit 7A4DYBFE
2025-04-13 20:34:38,848 - INFO - Ingress_Enter 66XLO9ZS
2025-04-13 20:34:38,870 - INFO - Ingress_Input_Decoded 66XLO9ZS
2025-04-13 20:34:38,873 - INFO - Ingress_Numpy_Converted 66XLO9ZS
2025-04-13 20:34:38,874 - INFO - Ingress_Exit YZL8SBBT
2025-04-13 20:34:38,983 - INFO - Ingress_Enter PRDPM1RM
2025-04-13 20:34:38,999 - INFO - Ingress_Input_Decoded PRDPM1RM
2025-04-13 20:34:39,000 - INFO - Ingress_Numpy_Converted PRDPM1RM
2025-04-13 20:34:39,092 - INFO - Ingress_Enter LP6W1Q71
2025-04-13 20:34:39,109 - INFO - Ingress_Input_Decoded LP6W1Q71
2025-04-13 20:34:39,111 - INFO - Ingress_Numpy_Converted LP6W1Q71
2025-04-13 20:34:39,144 - INFO - Ingress_Exit GXIGI58U
2025-04-13 20:34:39,148 - INFO - Ingress_Enter XJES40CT
2025-04-13 20:34:39,175 - INFO - Ingress_Input_Decoded XJES40CT
2025-04-13 20:34:39,178 - INFO - Ingress_Numpy_Converted XJES40CT
2025-04-13 20:34:39,491 - INFO - Ingress_Enter 1MXVMH50
2025-04-13 20:34:39,510 - INFO - Ingress_Input_Decoded 1MXVMH50
2025-04-13 20:34:39,512 - INFO - Ingress_Numpy_Converted 1MXVMH50
2025-04-13 20:34:39,515 - INFO - Ingress_Exit DPW25RNI
2025-04-13 20:34:39,543 - INFO - Ingress_Enter IE32CPJC
2025-04-13 20:34:39,544 - INFO - Ingress_Exit IZT68DZG
2025-04-13 20:34:39,566 - INFO - Ingress_Input_Decoded IE32CPJC
2025-04-13 20:34:39,569 - INFO - Ingress_Numpy_Converted IE32CPJC
2025-04-13 20:34:39,751 - INFO - Ingress_Enter 221TVT0I
2025-04-13 20:34:39,771 - INFO - Ingress_Input_Decoded 221TVT0I
2025-04-13 20:34:39,773 - INFO - Ingress_Numpy_Converted 221TVT0I
2025-04-13 20:34:40,351 - INFO - Ingress_Enter 966FDB18
2025-04-13 20:34:40,368 - INFO - Ingress_Input_Decoded 966FDB18
2025-04-13 20:34:40,370 - INFO - Ingress_Numpy_Converted 966FDB18
2025-04-13 20:34:40,372 - INFO - Ingress_Enter IJ1U2PT0
2025-04-13 20:34:40,389 - INFO - Ingress_Input_Decoded IJ1U2PT0
2025-04-13 20:34:40,391 - INFO - Ingress_Numpy_Converted IJ1U2PT0
2025-04-13 20:34:40,404 - INFO - Ingress_Enter 5R9SQ3UT
2025-04-13 20:34:40,427 - INFO - Ingress_Input_Decoded 5R9SQ3UT
2025-04-13 20:34:40,430 - INFO - Ingress_Numpy_Converted 5R9SQ3UT
2025-04-13 20:34:40,445 - INFO - Ingress_Enter 2VA3SS06
2025-04-13 20:34:40,461 - INFO - Ingress_Input_Decoded 2VA3SS06
2025-04-13 20:34:40,463 - INFO - Ingress_Numpy_Converted 2VA3SS06
2025-04-13 20:34:40,508 - INFO - Ingress_Enter ZBUCUIV4
2025-04-13 20:34:40,605 - INFO - Ingress_Input_Decoded ZBUCUIV4
2025-04-13 20:34:40,609 - INFO - Ingress_Numpy_Converted ZBUCUIV4
2025-04-13 20:34:40,613 - INFO - Ingress_Exit MROP6MSD
2025-04-13 20:34:40,633 - INFO - Ingress_Enter 2OAJYW9S
2025-04-13 20:34:40,655 - INFO - Ingress_Input_Decoded 2OAJYW9S
2025-04-13 20:34:40,658 - INFO - Ingress_Numpy_Converted 2OAJYW9S
2025-04-13 20:34:40,909 - INFO - Ingress_Exit C2J8CK3T
2025-04-13 20:34:40,919 - INFO - Ingress_Exit IIZUXQVD
2025-04-13 20:34:40,984 - INFO - Ingress_Enter 2LSKRCXJ
2025-04-13 20:34:40,999 - INFO - Ingress_Input_Decoded 2LSKRCXJ
2025-04-13 20:34:41,001 - INFO - Ingress_Numpy_Converted 2LSKRCXJ
2025-04-13 20:34:41,099 - INFO - Ingress_Enter WT06QDYS
2025-04-13 20:34:41,112 - INFO - Ingress_Input_Decoded WT06QDYS
2025-04-13 20:34:41,114 - INFO - Ingress_Numpy_Converted WT06QDYS
2025-04-13 20:34:41,161 - INFO - Ingress_Enter 3DRNHO1O
2025-04-13 20:34:41,185 - INFO - Ingress_Input_Decoded 3DRNHO1O
2025-04-13 20:34:41,187 - INFO - Ingress_Numpy_Converted 3DRNHO1O
2025-04-13 20:34:41,302 - INFO - Ingress_Enter M0X800CW
2025-04-13 20:34:41,330 - INFO - Ingress_Input_Decoded M0X800CW
2025-04-13 20:34:41,334 - INFO - Ingress_Numpy_Converted M0X800CW
2025-04-13 20:34:41,468 - INFO - Ingress_Enter IGVSQSV4
2025-04-13 20:34:41,483 - INFO - Ingress_Input_Decoded IGVSQSV4
2025-04-13 20:34:41,485 - INFO - Ingress_Numpy_Converted IGVSQSV4
2025-04-13 20:34:41,527 - INFO - Ingress_Exit P0XPCYDU
2025-04-13 20:34:42,082 - INFO - Ingress_Exit 66XLO9ZS
2025-04-13 20:34:42,401 - INFO - Ingress_Exit NPRMDF7K
2025-04-13 20:34:42,418 - INFO - Ingress_Exit PRDPM1RM
2025-04-13 20:34:42,575 - INFO - Ingress_Exit 221TVT0I
2025-04-13 20:34:42,784 - INFO - Ingress_Exit LP6W1Q71
2025-04-13 20:34:42,876 - INFO - Ingress_Exit IE32CPJC
2025-04-13 20:34:43,086 - INFO - Ingress_Exit XJES40CT
2025-04-13 20:34:43,253 - INFO - Ingress_Exit 1MXVMH50
2025-04-13 20:34:43,298 - INFO - Ingress_Exit 966FDB18
2025-04-13 20:34:43,619 - INFO - Ingress_Exit IJ1U2PT0
2025-04-13 20:34:44,049 - INFO - Ingress_Enter 9RAB914D
2025-04-13 20:34:44,067 - INFO - Ingress_Input_Decoded 9RAB914D
2025-04-13 20:34:44,069 - INFO - Ingress_Numpy_Converted 9RAB914D
2025-04-13 20:34:44,174 - INFO - Ingress_Enter OEF5SIUL
2025-04-13 20:34:44,187 - INFO - Ingress_Input_Decoded OEF5SIUL
2025-04-13 20:34:44,189 - INFO - Ingress_Numpy_Converted OEF5SIUL
2025-04-13 20:34:44,189 - INFO - Ingress_Exit 2VA3SS06
2025-04-13 20:34:44,302 - INFO - Ingress_Enter AMDY3L2C
2025-04-13 20:34:44,315 - INFO - Ingress_Input_Decoded AMDY3L2C
2025-04-13 20:34:44,317 - INFO - Ingress_Numpy_Converted AMDY3L2C
2025-04-13 20:34:44,319 - INFO - Ingress_Exit 5R9SQ3UT
2025-04-13 20:34:44,821 - INFO - Ingress_Enter O5G5FELE
2025-04-13 20:34:44,835 - INFO - Ingress_Input_Decoded O5G5FELE
2025-04-13 20:34:44,836 - INFO - Ingress_Numpy_Converted O5G5FELE
2025-04-13 20:34:45,264 - INFO - Ingress_Exit ZBUCUIV4
2025-04-13 20:34:45,335 - INFO - Ingress_Enter YNSSOXSH
2025-04-13 20:34:45,354 - INFO - Ingress_Input_Decoded YNSSOXSH
2025-04-13 20:34:45,357 - INFO - Ingress_Numpy_Converted YNSSOXSH
2025-04-13 20:34:45,600 - INFO - Ingress_Enter D24NFJAS
2025-04-13 20:34:45,618 - INFO - Ingress_Input_Decoded D24NFJAS
2025-04-13 20:34:45,620 - INFO - Ingress_Numpy_Converted D24NFJAS
2025-04-13 20:34:45,842 - INFO - Ingress_Exit 2OAJYW9S
2025-04-13 20:34:45,968 - INFO - Ingress_Enter 8ICNFO9F
2025-04-13 20:34:45,980 - INFO - Ingress_Input_Decoded 8ICNFO9F
2025-04-13 20:34:45,981 - INFO - Ingress_Numpy_Converted 8ICNFO9F
2025-04-13 20:34:46,091 - INFO - Ingress_Exit WT06QDYS
2025-04-13 20:34:46,365 - INFO - Ingress_Enter LV8PN8BY
2025-04-13 20:34:46,396 - INFO - Ingress_Input_Decoded LV8PN8BY
2025-04-13 20:34:46,399 - INFO - Ingress_Numpy_Converted LV8PN8BY
2025-04-13 20:34:46,402 - INFO - Ingress_Exit 2LSKRCXJ
2025-04-13 20:34:46,619 - INFO - Ingress_Exit 3DRNHO1O
2025-04-13 20:34:46,917 - INFO - Ingress_Enter TOTT4IFX
2025-04-13 20:34:46,948 - INFO - Ingress_Enter RSC6GFJB
2025-04-13 20:34:46,949 - INFO - Ingress_Enter YIBXZF3G
2025-04-13 20:34:46,987 - INFO - Ingress_Input_Decoded RSC6GFJB
2025-04-13 20:34:46,992 - INFO - Ingress_Numpy_Converted RSC6GFJB
2025-04-13 20:34:46,996 - INFO - Ingress_Enter 32XKUFSM
2025-04-13 20:34:47,012 - INFO - Ingress_Input_Decoded YIBXZF3G
2025-04-13 20:34:47,014 - INFO - Ingress_Numpy_Converted YIBXZF3G
2025-04-13 20:34:47,040 - INFO - Ingress_Input_Decoded TOTT4IFX
2025-04-13 20:34:47,043 - INFO - Ingress_Numpy_Converted TOTT4IFX
2025-04-13 20:34:47,058 - INFO - Ingress_Input_Decoded 32XKUFSM
2025-04-13 20:34:47,061 - INFO - Ingress_Numpy_Converted 32XKUFSM
2025-04-13 20:34:47,346 - INFO - Ingress_Enter UAZBXYH1
2025-04-13 20:34:47,358 - INFO - Ingress_Input_Decoded UAZBXYH1
2025-04-13 20:34:47,360 - INFO - Ingress_Numpy_Converted UAZBXYH1
2025-04-13 20:34:47,407 - INFO - Ingress_Enter SX4XT4UW
2025-04-13 20:34:47,429 - INFO - Ingress_Input_Decoded SX4XT4UW
2025-04-13 20:34:47,431 - INFO - Ingress_Numpy_Converted SX4XT4UW
2025-04-13 20:34:48,101 - INFO - Ingress_Exit IGVSQSV4
2025-04-13 20:34:48,139 - INFO - Ingress_Enter Y8B8OY2A
2025-04-13 20:34:48,158 - INFO - Ingress_Input_Decoded Y8B8OY2A
2025-04-13 20:34:48,160 - INFO - Ingress_Numpy_Converted Y8B8OY2A
2025-04-13 20:34:48,454 - INFO - Ingress_Enter NYW7CQWZ
2025-04-13 20:34:48,474 - INFO - Ingress_Input_Decoded NYW7CQWZ
2025-04-13 20:34:48,475 - INFO - Ingress_Numpy_Converted NYW7CQWZ
2025-04-13 20:34:48,684 - INFO - Ingress_Enter KIJBKRXR
2025-04-13 20:34:48,706 - INFO - Ingress_Input_Decoded KIJBKRXR
2025-04-13 20:34:48,708 - INFO - Ingress_Numpy_Converted KIJBKRXR
2025-04-13 20:34:48,753 - INFO - Ingress_Enter ZQ2TYJ7K
2025-04-13 20:34:48,786 - INFO - Ingress_Input_Decoded ZQ2TYJ7K
2025-04-13 20:34:48,789 - INFO - Ingress_Numpy_Converted ZQ2TYJ7K
2025-04-13 20:34:48,795 - INFO - Ingress_Enter XXMT8DEL
2025-04-13 20:34:48,816 - INFO - Ingress_Input_Decoded XXMT8DEL
2025-04-13 20:34:48,818 - INFO - Ingress_Numpy_Converted XXMT8DEL
2025-04-13 20:34:48,840 - INFO - Ingress_Enter P80PV127
2025-04-13 20:34:48,841 - INFO - Ingress_Exit M0X800CW
2025-04-13 20:34:48,868 - INFO - Ingress_Input_Decoded P80PV127
2025-04-13 20:34:48,870 - INFO - Ingress_Numpy_Converted P80PV127
2025-04-13 20:34:48,874 - INFO - Ingress_Enter OQLUUX62
2025-04-13 20:34:48,893 - INFO - Ingress_Input_Decoded OQLUUX62
2025-04-13 20:34:48,895 - INFO - Ingress_Numpy_Converted OQLUUX62
2025-04-13 20:34:49,178 - INFO - Ingress_Exit OEF5SIUL
2025-04-13 20:34:49,248 - INFO - Ingress_Enter DPERO6OO
2025-04-13 20:34:49,280 - INFO - Ingress_Input_Decoded DPERO6OO
2025-04-13 20:34:49,283 - INFO - Ingress_Numpy_Converted DPERO6OO
2025-04-13 20:34:49,287 - INFO - Ingress_Enter XO69IWHF
2025-04-13 20:34:49,309 - INFO - Ingress_Input_Decoded XO69IWHF
2025-04-13 20:34:49,312 - INFO - Ingress_Numpy_Converted XO69IWHF
2025-04-13 20:34:49,355 - INFO - Ingress_Exit YIBXZF3G
2025-04-13 20:34:49,835 - INFO - Ingress_Exit O5G5FELE
2025-04-13 20:34:50,479 - INFO - Ingress_Exit 9RAB914D
2025-04-13 20:34:50,564 - INFO - Ingress_Exit AMDY3L2C
2025-04-13 20:34:50,566 - INFO - Ingress_Exit Y8B8OY2A
2025-04-13 20:34:50,728 - INFO - Ingress_Exit 8ICNFO9F
2025-04-13 20:34:50,845 - INFO - Ingress_Exit LV8PN8BY
2025-04-13 20:34:50,929 - INFO - Ingress_Exit D24NFJAS
2025-04-13 20:34:51,040 - INFO - Ingress_Exit YNSSOXSH
2025-04-13 20:34:51,056 - INFO - Ingress_Exit RSC6GFJB
2025-04-13 20:34:51,251 - INFO - Ingress_Exit 32XKUFSM
2025-04-13 20:34:51,563 - INFO - Ingress_Exit UAZBXYH1
2025-04-13 20:34:51,902 - INFO - Ingress_Enter UPBERH7M
2025-04-13 20:34:51,916 - INFO - Ingress_Input_Decoded UPBERH7M
2025-04-13 20:34:51,917 - INFO - Ingress_Numpy_Converted UPBERH7M
2025-04-13 20:34:52,077 - INFO - Ingress_Enter Q9YIUY0T
2025-04-13 20:34:52,141 - INFO - Ingress_Input_Decoded Q9YIUY0T
2025-04-13 20:34:52,148 - INFO - Ingress_Numpy_Converted Q9YIUY0T
2025-04-13 20:34:52,151 - INFO - Ingress_Enter BO6CS1MX
2025-04-13 20:34:52,190 - INFO - Ingress_Input_Decoded BO6CS1MX
2025-04-13 20:34:52,196 - INFO - Ingress_Numpy_Converted BO6CS1MX
2025-04-13 20:34:52,199 - INFO - Ingress_Enter P91TXMIF
2025-04-13 20:34:52,220 - INFO - Ingress_Input_Decoded P91TXMIF
2025-04-13 20:34:52,222 - INFO - Ingress_Numpy_Converted P91TXMIF
2025-04-13 20:34:52,353 - INFO - Ingress_Exit SX4XT4UW
2025-04-13 20:34:52,445 - INFO - Ingress_Exit TOTT4IFX
2025-04-13 20:34:52,533 - INFO - Ingress_Exit NYW7CQWZ
2025-04-13 20:34:52,591 - INFO - Ingress_Enter BYESPNLR
2025-04-13 20:34:52,618 - INFO - Ingress_Input_Decoded BYESPNLR
2025-04-13 20:34:52,621 - INFO - Ingress_Numpy_Converted BYESPNLR
2025-04-13 20:34:52,661 - INFO - Ingress_Enter VRX10I3K
2025-04-13 20:34:52,680 - INFO - Ingress_Input_Decoded VRX10I3K
2025-04-13 20:34:52,681 - INFO - Ingress_Numpy_Converted VRX10I3K
2025-04-13 20:34:52,718 - INFO - Ingress_Exit KIJBKRXR
2025-04-13 20:34:52,824 - INFO - Ingress_Exit ZQ2TYJ7K
2025-04-13 20:34:52,969 - INFO - Ingress_Enter X1XYHS15
2025-04-13 20:34:52,980 - INFO - Ingress_Input_Decoded X1XYHS15
2025-04-13 20:34:52,981 - INFO - Ingress_Numpy_Converted X1XYHS15
2025-04-13 20:34:52,983 - INFO - Ingress_Exit XXMT8DEL
2025-04-13 20:34:53,163 - INFO - Ingress_Enter 5A700UXL
2025-04-13 20:34:53,183 - INFO - Ingress_Input_Decoded 5A700UXL
2025-04-13 20:34:53,184 - INFO - Ingress_Numpy_Converted 5A700UXL
2025-04-13 20:34:53,192 - INFO - Ingress_Enter EE4O7Q5Q
2025-04-13 20:34:53,210 - INFO - Ingress_Input_Decoded EE4O7Q5Q
2025-04-13 20:34:53,212 - INFO - Ingress_Numpy_Converted EE4O7Q5Q
2025-04-13 20:34:53,213 - INFO - Ingress_Exit P80PV127
2025-04-13 20:34:53,214 - INFO - Ingress_Exit DPERO6OO
2025-04-13 20:34:53,292 - INFO - Ingress_Enter 43282X6D
2025-04-13 20:34:53,317 - INFO - Ingress_Input_Decoded 43282X6D
2025-04-13 20:34:53,320 - INFO - Ingress_Numpy_Converted 43282X6D
2025-04-13 20:34:53,568 - INFO - Ingress_Exit OQLUUX62
2025-04-13 20:34:53,652 - INFO - Ingress_Enter HRWPDYD6
2025-04-13 20:34:53,671 - INFO - Ingress_Input_Decoded HRWPDYD6
2025-04-13 20:34:53,673 - INFO - Ingress_Numpy_Converted HRWPDYD6
2025-04-13 20:34:53,675 - INFO - Ingress_Exit XO69IWHF
2025-04-13 20:34:53,877 - INFO - Ingress_Enter I12661LI
2025-04-13 20:34:53,878 - INFO - Ingress_Enter RQ4A48ZA
2025-04-13 20:34:53,897 - INFO - Ingress_Input_Decoded RQ4A48ZA
2025-04-13 20:34:53,899 - INFO - Ingress_Numpy_Converted RQ4A48ZA
2025-04-13 20:34:53,937 - INFO - Ingress_Input_Decoded I12661LI
2025-04-13 20:34:53,941 - INFO - Ingress_Numpy_Converted I12661LI
2025-04-13 20:34:53,946 - INFO - Ingress_Enter M69VSFQ3
2025-04-13 20:34:53,948 - INFO - Ingress_Enter 7XLKDAA4
2025-04-13 20:34:53,967 - INFO - Ingress_Input_Decoded M69VSFQ3
2025-04-13 20:34:53,969 - INFO - Ingress_Numpy_Converted M69VSFQ3
2025-04-13 20:34:53,985 - INFO - Ingress_Input_Decoded 7XLKDAA4
2025-04-13 20:34:53,988 - INFO - Ingress_Numpy_Converted 7XLKDAA4
2025-04-13 20:34:54,234 - INFO - Ingress_Enter NY8KFYQC
2025-04-13 20:34:54,257 - INFO - Ingress_Input_Decoded NY8KFYQC
2025-04-13 20:34:54,260 - INFO - Ingress_Numpy_Converted NY8KFYQC
2025-04-13 20:34:54,277 - INFO - Ingress_Enter VZTBSLY6
2025-04-13 20:34:54,290 - INFO - Ingress_Input_Decoded VZTBSLY6
2025-04-13 20:34:54,291 - INFO - Ingress_Numpy_Converted VZTBSLY6
2025-04-13 20:34:54,533 - INFO - Ingress_Enter YA9WIJZA
2025-04-13 20:34:54,558 - INFO - Ingress_Input_Decoded YA9WIJZA
2025-04-13 20:34:54,560 - INFO - Ingress_Numpy_Converted YA9WIJZA
2025-04-13 20:34:54,612 - INFO - Ingress_Enter VV8MXQUQ
2025-04-13 20:34:54,629 - INFO - Ingress_Input_Decoded VV8MXQUQ
2025-04-13 20:34:54,631 - INFO - Ingress_Numpy_Converted VV8MXQUQ
2025-04-13 20:34:54,931 - INFO - Ingress_Enter LN30L8EF
2025-04-13 20:34:54,934 - INFO - Ingress_Exit BO6CS1MX
2025-04-13 20:34:54,961 - INFO - Ingress_Input_Decoded LN30L8EF
2025-04-13 20:34:54,964 - INFO - Ingress_Numpy_Converted LN30L8EF
2025-04-13 20:34:55,071 - INFO - Ingress_Enter L78HZLIB
2025-04-13 20:34:55,090 - INFO - Ingress_Input_Decoded L78HZLIB
2025-04-13 20:34:55,091 - INFO - Ingress_Numpy_Converted L78HZLIB
2025-04-13 20:34:55,254 - INFO - Ingress_Exit Q9YIUY0T
2025-04-13 20:34:55,270 - INFO - Ingress_Enter MVRUHEAI
2025-04-13 20:34:55,293 - INFO - Ingress_Input_Decoded MVRUHEAI
2025-04-13 20:34:55,296 - INFO - Ingress_Numpy_Converted MVRUHEAI
2025-04-13 20:34:55,392 - INFO - Ingress_Exit UPBERH7M
2025-04-13 20:34:55,481 - INFO - Ingress_Enter JDFA8LZ1
2025-04-13 20:34:55,496 - INFO - Ingress_Input_Decoded JDFA8LZ1
2025-04-13 20:34:55,498 - INFO - Ingress_Numpy_Converted JDFA8LZ1
2025-04-13 20:34:55,723 - INFO - Ingress_Enter 4QVRIOBL
2025-04-13 20:34:55,738 - INFO - Ingress_Input_Decoded 4QVRIOBL
2025-04-13 20:34:55,740 - INFO - Ingress_Numpy_Converted 4QVRIOBL
2025-04-13 20:34:55,963 - INFO - Ingress_Exit P91TXMIF
2025-04-13 20:34:56,055 - INFO - Ingress_Enter OR8MDOLN
2025-04-13 20:34:56,076 - INFO - Ingress_Input_Decoded OR8MDOLN
2025-04-13 20:34:56,078 - INFO - Ingress_Numpy_Converted OR8MDOLN
2025-04-13 20:34:56,093 - INFO - Ingress_Enter GI8H3EV0
2025-04-13 20:34:56,120 - INFO - Ingress_Exit BYESPNLR
2025-04-13 20:34:56,152 - INFO - Ingress_Input_Decoded GI8H3EV0
2025-04-13 20:34:56,156 - INFO - Ingress_Numpy_Converted GI8H3EV0
2025-04-13 20:34:56,281 - INFO - Ingress_Enter 7FR2OAF6
2025-04-13 20:34:56,304 - INFO - Ingress_Input_Decoded 7FR2OAF6
2025-04-13 20:34:56,306 - INFO - Ingress_Numpy_Converted 7FR2OAF6
2025-04-13 20:34:56,452 - INFO - Ingress_Enter TY9ZK8VO
2025-04-13 20:34:56,465 - INFO - Ingress_Input_Decoded TY9ZK8VO
2025-04-13 20:34:56,467 - INFO - Ingress_Numpy_Converted TY9ZK8VO
2025-04-13 20:34:56,555 - INFO - Ingress_Exit VRX10I3K
2025-04-13 20:34:56,772 - INFO - Ingress_Exit RQ4A48ZA
2025-04-13 20:34:56,948 - INFO - Ingress_Exit 5A700UXL
2025-04-13 20:34:57,134 - INFO - Ingress_Exit X1XYHS15
2025-04-13 20:34:57,279 - INFO - Ingress_Exit 7XLKDAA4
2025-04-13 20:34:57,961 - INFO - Ingress_Enter H2YXN3T2
2025-04-13 20:34:57,976 - INFO - Ingress_Input_Decoded H2YXN3T2
2025-04-13 20:34:57,977 - INFO - Ingress_Numpy_Converted H2YXN3T2
2025-04-13 20:34:58,079 - INFO - Ingress_Exit HRWPDYD6
2025-04-13 20:34:58,134 - INFO - Ingress_Enter MLS8JIDT
2025-04-13 20:34:58,153 - INFO - Ingress_Input_Decoded MLS8JIDT
2025-04-13 20:34:58,154 - INFO - Ingress_Numpy_Converted MLS8JIDT
2025-04-13 20:34:58,222 - INFO - Ingress_Exit EE4O7Q5Q
2025-04-13 20:34:58,418 - INFO - Ingress_Enter 4AEQWF5F
2025-04-13 20:34:58,434 - INFO - Ingress_Input_Decoded 4AEQWF5F
2025-04-13 20:34:58,435 - INFO - Ingress_Numpy_Converted 4AEQWF5F
2025-04-13 20:34:58,500 - INFO - Ingress_Exit I12661LI
2025-04-13 20:34:58,505 - INFO - Ingress_Enter 7E39EZEU
2025-04-13 20:34:58,518 - INFO - Ingress_Input_Decoded 7E39EZEU
2025-04-13 20:34:58,519 - INFO - Ingress_Numpy_Converted 7E39EZEU
2025-04-13 20:34:58,542 - INFO - Ingress_Exit 43282X6D
2025-04-13 20:34:58,789 - INFO - Ingress_Enter 6LQYXJS6
2025-04-13 20:34:58,807 - INFO - Ingress_Input_Decoded 6LQYXJS6
2025-04-13 20:34:58,809 - INFO - Ingress_Numpy_Converted 6LQYXJS6
2025-04-13 20:34:58,866 - INFO - Ingress_Exit JDFA8LZ1
2025-04-13 20:34:59,056 - INFO - Ingress_Exit OR8MDOLN
2025-04-13 20:34:59,091 - INFO - Ingress_Enter B6KOHJ8B
2025-04-13 20:34:59,109 - INFO - Ingress_Input_Decoded B6KOHJ8B
2025-04-13 20:34:59,111 - INFO - Ingress_Numpy_Converted B6KOHJ8B
2025-04-13 20:34:59,218 - INFO - Ingress_Enter MRZJ0P2E
2025-04-13 20:34:59,231 - INFO - Ingress_Input_Decoded MRZJ0P2E
2025-04-13 20:34:59,232 - INFO - Ingress_Numpy_Converted MRZJ0P2E
2025-04-13 20:34:59,252 - INFO - Ingress_Exit NY8KFYQC
2025-04-13 20:34:59,294 - INFO - Ingress_Exit M69VSFQ3
2025-04-13 20:34:59,508 - INFO - Ingress_Enter M84661K1
2025-04-13 20:34:59,524 - INFO - Ingress_Input_Decoded M84661K1
2025-04-13 20:34:59,525 - INFO - Ingress_Numpy_Converted M84661K1
2025-04-13 20:34:59,550 - INFO - Ingress_Enter 489TLK5J
2025-04-13 20:34:59,574 - INFO - Ingress_Input_Decoded 489TLK5J
2025-04-13 20:34:59,576 - INFO - Ingress_Numpy_Converted 489TLK5J
2025-04-13 20:34:59,919 - INFO - Ingress_Exit VZTBSLY6
2025-04-13 20:34:59,943 - INFO - Ingress_Exit VV8MXQUQ
2025-04-13 20:35:00,034 - INFO - Ingress_Enter RLO2J3AO
2025-04-13 20:35:00,047 - INFO - Ingress_Input_Decoded RLO2J3AO
2025-04-13 20:35:00,049 - INFO - Ingress_Numpy_Converted RLO2J3AO
2025-04-13 20:35:00,093 - INFO - Ingress_Enter I1PJE4YQ
2025-04-13 20:35:00,116 - INFO - Ingress_Input_Decoded I1PJE4YQ
2025-04-13 20:35:00,118 - INFO - Ingress_Numpy_Converted I1PJE4YQ
2025-04-13 20:35:00,211 - INFO - Ingress_Enter 3ZJRPUE4
2025-04-13 20:35:00,229 - INFO - Ingress_Enter 3IMKNRXG
2025-04-13 20:35:00,252 - INFO - Ingress_Input_Decoded 3IMKNRXG
2025-04-13 20:35:00,255 - INFO - Ingress_Numpy_Converted 3IMKNRXG
2025-04-13 20:35:00,306 - INFO - Ingress_Input_Decoded 3ZJRPUE4
2025-04-13 20:35:00,312 - INFO - Ingress_Numpy_Converted 3ZJRPUE4
2025-04-13 20:35:00,317 - INFO - Ingress_Exit LN30L8EF
2025-04-13 20:35:00,422 - INFO - Ingress_Enter MEDV53AO
2025-04-13 20:35:00,441 - INFO - Ingress_Input_Decoded MEDV53AO
2025-04-13 20:35:00,443 - INFO - Ingress_Numpy_Converted MEDV53AO
2025-04-13 20:35:00,734 - INFO - Ingress_Enter 8IH5M8EL
2025-04-13 20:35:00,749 - INFO - Ingress_Input_Decoded 8IH5M8EL
2025-04-13 20:35:00,751 - INFO - Ingress_Numpy_Converted 8IH5M8EL
2025-04-13 20:35:00,912 - INFO - Ingress_Enter MTUPTK0L
2025-04-13 20:35:00,930 - INFO - Ingress_Input_Decoded MTUPTK0L
2025-04-13 20:35:00,932 - INFO - Ingress_Numpy_Converted MTUPTK0L
2025-04-13 20:35:01,368 - INFO - Ingress_Exit YA9WIJZA
2025-04-13 20:35:01,492 - INFO - Ingress_Exit L78HZLIB
2025-04-13 20:35:01,540 - INFO - Ingress_Exit 7FR2OAF6
2025-04-13 20:35:01,632 - INFO - Ingress_Exit B6KOHJ8B
2025-04-13 20:35:01,805 - INFO - Ingress_Exit MVRUHEAI
2025-04-13 20:35:02,277 - INFO - Ingress_Enter QUXV0FUY
2025-04-13 20:35:02,312 - INFO - Ingress_Input_Decoded QUXV0FUY
2025-04-13 20:35:02,316 - INFO - Ingress_Numpy_Converted QUXV0FUY
2025-04-13 20:35:02,320 - INFO - Ingress_Exit GI8H3EV0
2025-04-13 20:35:02,364 - INFO - Ingress_Exit 4QVRIOBL
2025-04-13 20:35:02,372 - INFO - Ingress_Enter MRYK8LFA
2025-04-13 20:35:02,393 - INFO - Ingress_Input_Decoded MRYK8LFA
2025-04-13 20:35:02,395 - INFO - Ingress_Numpy_Converted MRYK8LFA
2025-04-13 20:35:02,481 - INFO - Ingress_Enter GF6KQJ1M
2025-04-13 20:35:02,496 - INFO - Ingress_Input_Decoded GF6KQJ1M
2025-04-13 20:35:02,498 - INFO - Ingress_Numpy_Converted GF6KQJ1M
2025-04-13 20:35:02,551 - INFO - Ingress_Exit MLS8JIDT
2025-04-13 20:35:02,622 - INFO - Ingress_Enter QOFB9VSN
2025-04-13 20:35:02,642 - INFO - Ingress_Input_Decoded QOFB9VSN
2025-04-13 20:35:02,643 - INFO - Ingress_Numpy_Converted QOFB9VSN
2025-04-13 20:35:02,661 - INFO - Ingress_Enter 5T4AFJHP
2025-04-13 20:35:02,661 - INFO - Ingress_Exit TY9ZK8VO
2025-04-13 20:35:02,683 - INFO - Ingress_Input_Decoded 5T4AFJHP
2025-04-13 20:35:02,685 - INFO - Ingress_Numpy_Converted 5T4AFJHP
2025-04-13 20:35:02,813 - INFO - Ingress_Enter 5YF1GBEE
2025-04-13 20:35:02,843 - INFO - Ingress_Input_Decoded 5YF1GBEE
2025-04-13 20:35:02,847 - INFO - Ingress_Numpy_Converted 5YF1GBEE
2025-04-13 20:35:02,888 - INFO - Ingress_Enter S7N1FQUK
2025-04-13 20:35:02,904 - INFO - Ingress_Input_Decoded S7N1FQUK
2025-04-13 20:35:02,906 - INFO - Ingress_Numpy_Converted S7N1FQUK
2025-04-13 20:35:03,070 - INFO - Ingress_Enter D9UBKPXA
2025-04-13 20:35:03,094 - INFO - Ingress_Input_Decoded D9UBKPXA
2025-04-13 20:35:03,097 - INFO - Ingress_Numpy_Converted D9UBKPXA
2025-04-13 20:35:04,234 - INFO - Ingress_Exit H2YXN3T2
2025-04-13 20:35:04,677 - INFO - Ingress_Exit 4AEQWF5F
2025-04-13 20:35:04,726 - INFO - Ingress_Exit 489TLK5J
2025-04-13 20:35:04,740 - INFO - Ingress_Exit 7E39EZEU
2025-04-13 20:35:04,766 - INFO - Ingress_Exit 3IMKNRXG
2025-04-13 20:35:04,791 - INFO - Ingress_Exit MRZJ0P2E
2025-04-13 20:35:04,806 - INFO - Ingress_Exit 6LQYXJS6
2025-04-13 20:35:04,875 - INFO - Ingress_Exit M84661K1
2025-04-13 20:35:05,401 - INFO - Ingress_Exit MRYK8LFA
2025-04-13 20:35:05,880 - INFO - Ingress_Exit RLO2J3AO
2025-04-13 20:35:06,311 - INFO - Ingress_Exit I1PJE4YQ
2025-04-13 20:35:06,894 - INFO - Ingress_Exit 3ZJRPUE4
2025-04-13 20:35:06,908 - INFO - Ingress_Exit MEDV53AO
2025-04-13 20:35:07,263 - INFO - Ingress_Exit QUXV0FUY
2025-04-13 20:35:07,314 - INFO - Ingress_Exit 8IH5M8EL
2025-04-13 20:35:07,394 - INFO - Ingress_Exit MTUPTK0L
2025-04-13 20:35:08,003 - INFO - Ingress_Exit GF6KQJ1M
2025-04-13 20:35:08,937 - INFO - Ingress_Exit QOFB9VSN
2025-04-13 20:35:09,347 - INFO - Ingress_Exit 5YF1GBEE
2025-04-13 20:35:09,519 - INFO - Ingress_Exit 5T4AFJHP
2025-04-13 20:35:10,176 - INFO - Ingress_Exit S7N1FQUK
2025-04-13 20:35:11,076 - INFO - Ingress_Exit D9UBKPXA
