2025-04-13 20:33:30,816 - INFO - StepTTS_Enter O5LTGAK3
2025-04-13 20:33:31,025 - INFO - StepTTS_Exit O5LTGAK3
2025-04-13 20:33:31,025 - INFO - StepTTS_Enter XIBIN7O3
2025-04-13 20:33:31,257 - INFO - StepTTS_Exit XIBIN7O3
2025-04-13 20:33:31,448 - INFO - StepTTS_Enter MO1D4YAD
2025-04-13 20:33:31,882 - INFO - StepTTS_Exit MO1D4YAD
2025-04-13 20:33:32,176 - INFO - StepTTS_Enter 1781GBZF
2025-04-13 20:33:32,614 - INFO - StepTTS_Exit 1781GBZF
2025-04-13 20:33:32,614 - INFO - StepTTS_Enter 4HU5UGKV
2025-04-13 20:33:33,040 - INFO - StepTTS_Exit 4HU5UGKV
2025-04-13 20:33:33,041 - INFO - StepTTS_Enter 6TFQXK9E
2025-04-13 20:33:33,238 - INFO - StepTTS_Exit 6TFQXK9E
2025-04-13 20:33:33,239 - INFO - StepTTS_Enter HF6HGK31
2025-04-13 20:33:33,427 - INFO - StepTTS_Exit HF6HGK31
2025-04-13 20:33:33,428 - INFO - StepTTS_Enter 2IGBP5GE
2025-04-13 20:33:33,685 - INFO - StepTTS_Exit 2IGBP5GE
2025-04-13 20:33:33,686 - INFO - StepTTS_Enter GNA5W88I
2025-04-13 20:33:34,056 - INFO - StepTTS_Exit GNA5W88I
2025-04-13 20:33:34,057 - INFO - StepTTS_Enter B6MZTM41
2025-04-13 20:33:34,349 - INFO - StepTTS_Exit B6MZTM41
2025-04-13 20:33:34,350 - INFO - StepTTS_Enter BG0KRVA2
2025-04-13 20:33:34,592 - INFO - StepTTS_Exit BG0KRVA2
2025-04-13 20:33:34,593 - INFO - StepTTS_Enter DLBM4K3A
2025-04-13 20:33:34,877 - INFO - StepTTS_Exit DLBM4K3A
2025-04-13 20:33:34,878 - INFO - StepTTS_Enter JD2BM3JM
2025-04-13 20:33:35,173 - INFO - StepTTS_Exit JD2BM3JM
2025-04-13 20:33:35,174 - INFO - StepTTS_Enter WN6D0XEK
2025-04-13 20:33:35,443 - INFO - StepTTS_Exit WN6D0XEK
2025-04-13 20:33:35,444 - INFO - StepTTS_Enter AGKG03IE
2025-04-13 20:33:35,729 - INFO - StepTTS_Exit AGKG03IE
2025-04-13 20:33:35,729 - INFO - StepTTS_Enter 999ND8QG
2025-04-13 20:33:35,889 - INFO - StepTTS_Exit 999ND8QG
2025-04-13 20:33:35,890 - INFO - StepTTS_Enter PFSFKRMF
2025-04-13 20:33:36,117 - INFO - StepTTS_Exit PFSFKRMF
2025-04-13 20:33:36,117 - INFO - StepTTS_Enter 0MYNWPQF
2025-04-13 20:33:36,306 - INFO - StepTTS_Exit 0MYNWPQF
2025-04-13 20:33:36,306 - INFO - StepTTS_Enter HX6KWGBY
2025-04-13 20:33:36,498 - INFO - StepTTS_Exit HX6KWGBY
2025-04-13 20:33:36,498 - INFO - StepTTS_Enter 2OBTI0Y5
2025-04-13 20:33:36,718 - INFO - StepTTS_Exit 2OBTI0Y5
2025-04-13 20:33:36,718 - INFO - StepTTS_Enter VZE6NFZ7
2025-04-13 20:33:36,995 - INFO - StepTTS_Exit VZE6NFZ7
2025-04-13 20:33:36,996 - INFO - StepTTS_Enter SEV8TBGW
2025-04-13 20:33:37,213 - INFO - StepTTS_Exit SEV8TBGW
2025-04-13 20:33:37,213 - INFO - StepTTS_Enter EQSTQOKI
2025-04-13 20:33:37,501 - INFO - StepTTS_Exit EQSTQOKI
2025-04-13 20:33:37,502 - INFO - StepTTS_Enter XCKK887G
2025-04-13 20:33:37,742 - INFO - StepTTS_Exit XCKK887G
2025-04-13 20:33:37,742 - INFO - StepTTS_Enter II9Z4AAR
2025-04-13 20:33:37,942 - INFO - StepTTS_Exit II9Z4AAR
2025-04-13 20:33:37,943 - INFO - StepTTS_Enter AVVAV1P0
2025-04-13 20:33:38,198 - INFO - StepTTS_Exit AVVAV1P0
2025-04-13 20:33:38,199 - INFO - StepTTS_Enter NK9WS78Z
2025-04-13 20:33:38,487 - INFO - StepTTS_Exit NK9WS78Z
2025-04-13 20:33:38,488 - INFO - StepTTS_Enter XDQE47XU
2025-04-13 20:33:38,721 - INFO - StepTTS_Exit XDQE47XU
2025-04-13 20:33:38,721 - INFO - StepTTS_Enter 8GUZ4W2I
2025-04-13 20:33:39,024 - INFO - StepTTS_Exit 8GUZ4W2I
2025-04-13 20:33:39,024 - INFO - StepTTS_Enter NTIMJL2M
2025-04-13 20:33:39,214 - INFO - StepTTS_Exit NTIMJL2M
2025-04-13 20:33:39,214 - INFO - StepTTS_Enter 7UP0P5DR
2025-04-13 20:33:39,386 - INFO - StepTTS_Exit 7UP0P5DR
2025-04-13 20:33:39,387 - INFO - StepTTS_Enter 2GYA9I2A
2025-04-13 20:33:39,633 - INFO - StepTTS_Exit 2GYA9I2A
2025-04-13 20:33:39,633 - INFO - StepTTS_Enter JM66EETM
2025-04-13 20:33:39,841 - INFO - StepTTS_Exit JM66EETM
2025-04-13 20:33:39,842 - INFO - StepTTS_Enter G569O0QZ
2025-04-13 20:33:40,080 - INFO - StepTTS_Exit G569O0QZ
2025-04-13 20:33:40,081 - INFO - StepTTS_Enter T43J14OS
2025-04-13 20:33:40,422 - INFO - StepTTS_Exit T43J14OS
2025-04-13 20:33:40,422 - INFO - StepTTS_Enter TO5UM9RR
2025-04-13 20:33:40,666 - INFO - StepTTS_Exit TO5UM9RR
2025-04-13 20:33:40,667 - INFO - StepTTS_Enter 31ZWOVYK
2025-04-13 20:33:40,841 - INFO - StepTTS_Exit 31ZWOVYK
2025-04-13 20:33:40,842 - INFO - StepTTS_Enter M4IO81DG
2025-04-13 20:33:41,062 - INFO - StepTTS_Exit M4IO81DG
2025-04-13 20:33:41,063 - INFO - StepTTS_Enter QHIP9BEN
2025-04-13 20:33:41,298 - INFO - StepTTS_Exit QHIP9BEN
2025-04-13 20:33:41,298 - INFO - StepTTS_Enter R7MC577X
2025-04-13 20:33:41,699 - INFO - StepTTS_Exit R7MC577X
2025-04-13 20:33:41,699 - INFO - StepTTS_Enter XZL7PEQB
2025-04-13 20:33:42,056 - INFO - StepTTS_Exit XZL7PEQB
2025-04-13 20:33:42,056 - INFO - StepTTS_Enter CXNHY0J4
2025-04-13 20:33:42,335 - INFO - StepTTS_Exit CXNHY0J4
2025-04-13 20:33:42,335 - INFO - StepTTS_Enter TBDGG8Y7
2025-04-13 20:33:42,558 - INFO - StepTTS_Exit TBDGG8Y7
2025-04-13 20:33:42,559 - INFO - StepTTS_Enter MQXKWXKT
2025-04-13 20:33:42,870 - INFO - StepTTS_Exit MQXKWXKT
2025-04-13 20:33:42,871 - INFO - StepTTS_Enter VG9D8F9D
2025-04-13 20:33:43,226 - INFO - StepTTS_Exit VG9D8F9D
2025-04-13 20:33:43,227 - INFO - StepTTS_Enter 1FW6H3NZ
2025-04-13 20:33:43,499 - INFO - StepTTS_Exit 1FW6H3NZ
2025-04-13 20:33:43,499 - INFO - StepTTS_Enter M2BV7UOA
2025-04-13 20:33:43,808 - INFO - StepTTS_Exit M2BV7UOA
2025-04-13 20:33:43,808 - INFO - StepTTS_Enter VP0SNAAU
2025-04-13 20:33:44,153 - INFO - StepTTS_Exit VP0SNAAU
2025-04-13 20:33:44,154 - INFO - StepTTS_Enter R01YQOAK
2025-04-13 20:33:44,393 - INFO - StepTTS_Exit R01YQOAK
2025-04-13 20:33:44,393 - INFO - StepTTS_Enter C4KW1JCJ
2025-04-13 20:33:44,689 - INFO - StepTTS_Exit C4KW1JCJ
2025-04-13 20:33:44,690 - INFO - StepTTS_Enter JY3WXSNC
2025-04-13 20:33:45,372 - INFO - StepTTS_Exit JY3WXSNC
2025-04-13 20:33:45,372 - INFO - StepTTS_Enter WH1GHPWT
2025-04-13 20:33:45,653 - INFO - StepTTS_Exit WH1GHPWT
2025-04-13 20:33:45,654 - INFO - StepTTS_Enter PQSTZYM1
2025-04-13 20:33:45,896 - INFO - StepTTS_Exit PQSTZYM1
2025-04-13 20:33:45,896 - INFO - StepTTS_Enter 4RPKEHLT
2025-04-13 20:33:46,124 - INFO - StepTTS_Exit 4RPKEHLT
2025-04-13 20:33:46,125 - INFO - StepTTS_Enter 7H13DT1D
2025-04-13 20:33:46,333 - INFO - StepTTS_Exit 7H13DT1D
2025-04-13 20:33:46,333 - INFO - StepTTS_Enter JLL045LT
2025-04-13 20:33:46,799 - INFO - StepTTS_Exit JLL045LT
2025-04-13 20:33:46,800 - INFO - StepTTS_Enter UFYY0T64
2025-04-13 20:33:47,169 - INFO - StepTTS_Exit UFYY0T64
2025-04-13 20:33:47,170 - INFO - StepTTS_Enter YSFU7QCI
2025-04-13 20:33:47,333 - INFO - StepTTS_Exit YSFU7QCI
2025-04-13 20:33:47,334 - INFO - StepTTS_Enter 51OK49NL
2025-04-13 20:33:47,647 - INFO - StepTTS_Exit 51OK49NL
2025-04-13 20:33:47,647 - INFO - StepTTS_Enter 4WZ456W8
2025-04-13 20:33:47,814 - INFO - StepTTS_Exit 4WZ456W8
2025-04-13 20:33:47,815 - INFO - StepTTS_Enter L3UMNBBJ
2025-04-13 20:33:48,101 - INFO - StepTTS_Exit L3UMNBBJ
2025-04-13 20:33:48,102 - INFO - StepTTS_Enter Q813UU8U
2025-04-13 20:33:48,317 - INFO - StepTTS_Exit Q813UU8U
2025-04-13 20:33:48,317 - INFO - StepTTS_Enter 1OS7XF3U
2025-04-13 20:33:48,588 - INFO - StepTTS_Exit 1OS7XF3U
2025-04-13 20:33:48,588 - INFO - StepTTS_Enter QVVDW1O9
2025-04-13 20:33:48,913 - INFO - StepTTS_Exit QVVDW1O9
2025-04-13 20:33:48,914 - INFO - StepTTS_Enter 5EOXR9XQ
2025-04-13 20:33:49,170 - INFO - StepTTS_Exit 5EOXR9XQ
2025-04-13 20:33:49,171 - INFO - StepTTS_Enter IR5IB2EU
2025-04-13 20:33:49,440 - INFO - StepTTS_Exit IR5IB2EU
2025-04-13 20:33:49,440 - INFO - StepTTS_Enter EIA0P5LW
2025-04-13 20:33:49,775 - INFO - StepTTS_Exit EIA0P5LW
2025-04-13 20:33:49,776 - INFO - StepTTS_Enter 6WJTLRW4
2025-04-13 20:33:50,074 - INFO - StepTTS_Exit 6WJTLRW4
2025-04-13 20:33:50,075 - INFO - StepTTS_Enter C6HAO9V6
2025-04-13 20:33:50,434 - INFO - StepTTS_Exit C6HAO9V6
2025-04-13 20:33:50,435 - INFO - StepTTS_Enter HG1IKIT2
2025-04-13 20:33:50,731 - INFO - StepTTS_Exit HG1IKIT2
2025-04-13 20:33:50,732 - INFO - StepTTS_Enter 80VDOC5N
2025-04-13 20:33:51,034 - INFO - StepTTS_Exit 80VDOC5N
2025-04-13 20:33:51,035 - INFO - StepTTS_Enter I4FXSA0Z
2025-04-13 20:33:51,293 - INFO - StepTTS_Exit I4FXSA0Z
2025-04-13 20:33:51,294 - INFO - StepTTS_Enter 628OVMIG
2025-04-13 20:33:51,528 - INFO - StepTTS_Exit 628OVMIG
2025-04-13 20:33:51,529 - INFO - StepTTS_Enter A4F79XZA
2025-04-13 20:33:51,991 - INFO - StepTTS_Exit A4F79XZA
2025-04-13 20:33:51,992 - INFO - StepTTS_Enter WGJ311L3
2025-04-13 20:33:52,220 - INFO - StepTTS_Exit WGJ311L3
2025-04-13 20:33:52,221 - INFO - StepTTS_Enter MAZB1KV4
2025-04-13 20:33:52,390 - INFO - StepTTS_Exit MAZB1KV4
2025-04-13 20:33:52,421 - INFO - StepTTS_Enter FC0S189M
2025-04-13 20:33:52,961 - INFO - StepTTS_Exit FC0S189M
2025-04-13 20:33:52,961 - INFO - StepTTS_Enter YFA2QMVX
2025-04-13 20:33:53,218 - INFO - StepTTS_Exit YFA2QMVX
2025-04-13 20:33:53,219 - INFO - StepTTS_Enter KYD1HLXE
2025-04-13 20:33:53,460 - INFO - StepTTS_Exit KYD1HLXE
2025-04-13 20:33:53,461 - INFO - StepTTS_Enter 0VATJYOZ
2025-04-13 20:33:53,697 - INFO - StepTTS_Exit 0VATJYOZ
2025-04-13 20:33:53,698 - INFO - StepTTS_Enter Y4GC321L
2025-04-13 20:33:53,796 - INFO - StepTTS_Exit Y4GC321L
2025-04-13 20:33:53,797 - INFO - StepTTS_Enter 9AKJS2TN
2025-04-13 20:33:54,465 - INFO - StepTTS_Exit 9AKJS2TN
2025-04-13 20:33:54,466 - INFO - StepTTS_Enter 8HX3QXX8
2025-04-13 20:33:54,715 - INFO - StepTTS_Exit 8HX3QXX8
2025-04-13 20:33:54,716 - INFO - StepTTS_Enter Y99IDC9B
2025-04-13 20:33:55,045 - INFO - StepTTS_Exit Y99IDC9B
2025-04-13 20:33:55,045 - INFO - StepTTS_Enter ACIRICIA
2025-04-13 20:33:55,320 - INFO - StepTTS_Exit ACIRICIA
2025-04-13 20:33:55,321 - INFO - StepTTS_Enter 1Y34HMU3
2025-04-13 20:33:55,545 - INFO - StepTTS_Exit 1Y34HMU3
2025-04-13 20:33:55,546 - INFO - StepTTS_Enter W0S408R7
2025-04-13 20:33:55,829 - INFO - StepTTS_Exit W0S408R7
2025-04-13 20:33:55,829 - INFO - StepTTS_Enter O7K1NEFS
2025-04-13 20:33:56,054 - INFO - StepTTS_Exit O7K1NEFS
2025-04-13 20:33:56,055 - INFO - StepTTS_Enter EPYHZENN
2025-04-13 20:33:56,372 - INFO - StepTTS_Exit EPYHZENN
2025-04-13 20:33:56,373 - INFO - StepTTS_Enter XFN1MM0X
2025-04-13 20:33:57,080 - INFO - StepTTS_Exit XFN1MM0X
2025-04-13 20:33:57,081 - INFO - StepTTS_Enter XYIBKJ35
2025-04-13 20:33:57,349 - INFO - StepTTS_Exit XYIBKJ35
2025-04-13 20:33:57,350 - INFO - StepTTS_Enter LA3XNMVW
2025-04-13 20:33:57,544 - INFO - StepTTS_Exit LA3XNMVW
2025-04-13 20:33:57,545 - INFO - StepTTS_Enter FHD7TZ4I
2025-04-13 20:33:57,823 - INFO - StepTTS_Exit FHD7TZ4I
2025-04-13 20:33:57,823 - INFO - StepTTS_Enter YVX2E8NO
2025-04-13 20:33:58,110 - INFO - StepTTS_Exit YVX2E8NO
2025-04-13 20:33:58,111 - INFO - StepTTS_Enter YNJB7CF7
2025-04-13 20:33:58,394 - INFO - StepTTS_Exit YNJB7CF7
2025-04-13 20:33:58,395 - INFO - StepTTS_Enter MEY2NPQU
2025-04-13 20:33:58,624 - INFO - StepTTS_Exit MEY2NPQU
2025-04-13 20:33:58,625 - INFO - StepTTS_Enter HJ71TZD2
2025-04-13 20:33:58,815 - INFO - StepTTS_Exit HJ71TZD2
2025-04-13 20:33:58,815 - INFO - StepTTS_Enter IMYYQ16O
2025-04-13 20:33:59,085 - INFO - StepTTS_Exit IMYYQ16O
2025-04-13 20:33:59,086 - INFO - StepTTS_Enter A4BR5OGB
2025-04-13 20:33:59,240 - INFO - StepTTS_Exit A4BR5OGB
2025-04-13 20:33:59,240 - INFO - StepTTS_Enter 3NX7UFIF
2025-04-13 20:33:59,469 - INFO - StepTTS_Exit 3NX7UFIF
2025-04-13 20:33:59,469 - INFO - StepTTS_Enter A9YX064S
2025-04-13 20:33:59,903 - INFO - StepTTS_Exit A9YX064S
2025-04-13 20:33:59,904 - INFO - StepTTS_Enter 100LAMOX
2025-04-13 20:34:00,152 - INFO - StepTTS_Exit 100LAMOX
2025-04-13 20:34:00,153 - INFO - StepTTS_Enter 85ANOACG
2025-04-13 20:34:00,377 - INFO - StepTTS_Exit 85ANOACG
2025-04-13 20:34:00,378 - INFO - StepTTS_Enter 7U2TZXI4
2025-04-13 20:34:00,512 - INFO - StepTTS_Exit 7U2TZXI4
2025-04-13 20:34:00,512 - INFO - StepTTS_Enter TQ623QU3
2025-04-13 20:34:01,042 - INFO - StepTTS_Exit TQ623QU3
2025-04-13 20:34:01,043 - INFO - StepTTS_Enter 683D97DU
2025-04-13 20:34:01,341 - INFO - StepTTS_Exit 683D97DU
2025-04-13 20:34:01,341 - INFO - StepTTS_Enter X55HJ250
2025-04-13 20:34:01,635 - INFO - StepTTS_Exit X55HJ250
2025-04-13 20:34:01,636 - INFO - StepTTS_Enter PFHHY4BR
2025-04-13 20:34:01,925 - INFO - StepTTS_Exit PFHHY4BR
2025-04-13 20:34:01,925 - INFO - StepTTS_Enter HOGYH7N3
2025-04-13 20:34:02,170 - INFO - StepTTS_Exit HOGYH7N3
2025-04-13 20:34:02,171 - INFO - StepTTS_Enter YHVVGTW0
2025-04-13 20:34:02,409 - INFO - StepTTS_Exit YHVVGTW0
2025-04-13 20:34:02,410 - INFO - StepTTS_Enter L429JM9X
2025-04-13 20:34:02,611 - INFO - StepTTS_Exit L429JM9X
2025-04-13 20:34:02,611 - INFO - StepTTS_Enter 7TG9NX5W
2025-04-13 20:34:02,942 - INFO - StepTTS_Exit 7TG9NX5W
2025-04-13 20:34:02,943 - INFO - StepTTS_Enter N0OCTAJ9
2025-04-13 20:34:03,133 - INFO - StepTTS_Exit N0OCTAJ9
2025-04-13 20:34:03,134 - INFO - StepTTS_Enter CALSWZ12
2025-04-13 20:34:03,256 - INFO - StepTTS_Exit CALSWZ12
2025-04-13 20:34:03,257 - INFO - StepTTS_Enter VB7RUFKP
2025-04-13 20:34:03,495 - INFO - StepTTS_Exit VB7RUFKP
2025-04-13 20:34:03,495 - INFO - StepTTS_Enter BSMZP0VN
2025-04-13 20:34:03,980 - INFO - StepTTS_Exit BSMZP0VN
2025-04-13 20:34:03,981 - INFO - StepTTS_Enter CXZ55U5D
2025-04-13 20:34:04,258 - INFO - StepTTS_Exit CXZ55U5D
2025-04-13 20:34:04,259 - INFO - StepTTS_Enter 30911GGQ
2025-04-13 20:34:04,514 - INFO - StepTTS_Exit 30911GGQ
2025-04-13 20:34:04,514 - INFO - StepTTS_Enter M88R6CMC
2025-04-13 20:34:04,837 - INFO - StepTTS_Exit M88R6CMC
2025-04-13 20:34:04,838 - INFO - StepTTS_Enter 9AIRNPFY
2025-04-13 20:34:05,255 - INFO - StepTTS_Exit 9AIRNPFY
2025-04-13 20:34:05,255 - INFO - StepTTS_Enter EH1U1NW5
2025-04-13 20:34:05,754 - INFO - StepTTS_Exit EH1U1NW5
2025-04-13 20:34:05,755 - INFO - StepTTS_Enter IMDP8YF6
2025-04-13 20:34:05,998 - INFO - StepTTS_Exit IMDP8YF6
2025-04-13 20:34:05,999 - INFO - StepTTS_Enter 0C72V8KC
2025-04-13 20:34:06,402 - INFO - StepTTS_Exit 0C72V8KC
2025-04-13 20:34:06,403 - INFO - StepTTS_Enter YM85U23U
2025-04-13 20:34:06,656 - INFO - StepTTS_Exit YM85U23U
2025-04-13 20:34:06,657 - INFO - StepTTS_Enter PVUCWG74
2025-04-13 20:34:07,165 - INFO - StepTTS_Exit PVUCWG74
2025-04-13 20:34:07,165 - INFO - StepTTS_Enter KG45UK0I
2025-04-13 20:34:07,388 - INFO - StepTTS_Exit KG45UK0I
2025-04-13 20:34:07,389 - INFO - StepTTS_Enter 5YJTQ9LF
2025-04-13 20:34:07,596 - INFO - StepTTS_Exit 5YJTQ9LF
2025-04-13 20:34:07,597 - INFO - StepTTS_Enter JBU5JQKA
2025-04-13 20:34:07,827 - INFO - StepTTS_Exit JBU5JQKA
2025-04-13 20:34:07,828 - INFO - StepTTS_Enter GG1BLTRA
2025-04-13 20:34:08,069 - INFO - StepTTS_Exit GG1BLTRA
2025-04-13 20:34:08,069 - INFO - StepTTS_Enter 1RTLNEHG
2025-04-13 20:34:08,327 - INFO - StepTTS_Exit 1RTLNEHG
2025-04-13 20:34:08,328 - INFO - StepTTS_Enter LQREN20E
2025-04-13 20:34:08,724 - INFO - StepTTS_Exit LQREN20E
2025-04-13 20:34:08,725 - INFO - StepTTS_Enter QTAA0T5I
2025-04-13 20:34:08,987 - INFO - StepTTS_Exit QTAA0T5I
2025-04-13 20:34:08,988 - INFO - StepTTS_Enter RJ3W1W6H
2025-04-13 20:34:09,401 - INFO - StepTTS_Exit RJ3W1W6H
2025-04-13 20:34:09,402 - INFO - StepTTS_Enter KIK742VP
2025-04-13 20:34:09,546 - INFO - StepTTS_Exit KIK742VP
2025-04-13 20:34:09,547 - INFO - StepTTS_Enter 9AK1IYJ1
2025-04-13 20:34:09,653 - INFO - StepTTS_Exit 9AK1IYJ1
2025-04-13 20:34:09,654 - INFO - StepTTS_Enter 9RGJSCYN
2025-04-13 20:34:09,897 - INFO - StepTTS_Exit 9RGJSCYN
2025-04-13 20:34:09,898 - INFO - StepTTS_Enter QI95N83T
2025-04-13 20:34:10,399 - INFO - StepTTS_Exit QI95N83T
2025-04-13 20:34:10,399 - INFO - StepTTS_Enter GXU0P2MZ
2025-04-13 20:34:10,699 - INFO - StepTTS_Exit GXU0P2MZ
2025-04-13 20:34:10,699 - INFO - StepTTS_Enter B1TFM75L
2025-04-13 20:34:10,956 - INFO - StepTTS_Exit B1TFM75L
2025-04-13 20:34:10,956 - INFO - StepTTS_Enter OI60S1EZ
2025-04-13 20:34:11,257 - INFO - StepTTS_Exit OI60S1EZ
2025-04-13 20:34:11,258 - INFO - StepTTS_Enter XLH92Z0T
2025-04-13 20:34:11,858 - INFO - StepTTS_Exit XLH92Z0T
2025-04-13 20:34:11,858 - INFO - StepTTS_Enter 72UH50M8
2025-04-13 20:34:12,115 - INFO - StepTTS_Exit 72UH50M8
2025-04-13 20:34:12,116 - INFO - StepTTS_Enter FY989JLR
2025-04-13 20:34:12,342 - INFO - StepTTS_Exit FY989JLR
2025-04-13 20:34:12,342 - INFO - StepTTS_Enter MBENKKF8
2025-04-13 20:34:12,559 - INFO - StepTTS_Exit MBENKKF8
2025-04-13 20:34:12,559 - INFO - StepTTS_Enter UZ4M0WR9
2025-04-13 20:34:13,021 - INFO - StepTTS_Exit UZ4M0WR9
2025-04-13 20:34:13,022 - INFO - StepTTS_Enter 40TW9VT6
2025-04-13 20:34:13,251 - INFO - StepTTS_Exit 40TW9VT6
2025-04-13 20:34:13,251 - INFO - StepTTS_Enter LYD8EUWR
2025-04-13 20:34:13,487 - INFO - StepTTS_Exit LYD8EUWR
2025-04-13 20:34:13,488 - INFO - StepTTS_Enter T0FYWVKS
2025-04-13 20:34:13,719 - INFO - StepTTS_Exit T0FYWVKS
2025-04-13 20:34:13,720 - INFO - StepTTS_Enter QO5CBP4V
2025-04-13 20:34:13,897 - INFO - StepTTS_Exit QO5CBP4V
2025-04-13 20:34:13,897 - INFO - StepTTS_Enter 7DXJEZMO
2025-04-13 20:34:14,149 - INFO - StepTTS_Exit 7DXJEZMO
2025-04-13 20:34:14,150 - INFO - StepTTS_Enter L3QQ8BMD
2025-04-13 20:34:14,402 - INFO - StepTTS_Exit L3QQ8BMD
2025-04-13 20:34:14,403 - INFO - StepTTS_Enter QQ5AWWDX
2025-04-13 20:34:14,722 - INFO - StepTTS_Exit QQ5AWWDX
2025-04-13 20:34:14,723 - INFO - StepTTS_Enter PNNVC6E3
2025-04-13 20:34:14,922 - INFO - StepTTS_Exit PNNVC6E3
2025-04-13 20:34:14,923 - INFO - StepTTS_Enter CTUJRKX4
2025-04-13 20:34:15,150 - INFO - StepTTS_Exit CTUJRKX4
2025-04-13 20:34:15,151 - INFO - StepTTS_Enter 2NNK68YC
2025-04-13 20:34:15,387 - INFO - StepTTS_Exit 2NNK68YC
2025-04-13 20:34:15,387 - INFO - StepTTS_Enter 3VWWQYDX
2025-04-13 20:34:15,793 - INFO - StepTTS_Exit 3VWWQYDX
2025-04-13 20:34:15,794 - INFO - StepTTS_Enter IUBFLKSN
2025-04-13 20:34:16,374 - INFO - StepTTS_Exit IUBFLKSN
2025-04-13 20:34:16,375 - INFO - StepTTS_Enter B8F2Y94K
2025-04-13 20:34:16,628 - INFO - StepTTS_Exit B8F2Y94K
2025-04-13 20:34:16,629 - INFO - StepTTS_Enter 79WMGVNW
2025-04-13 20:34:17,148 - INFO - StepTTS_Exit 79WMGVNW
2025-04-13 20:34:17,149 - INFO - StepTTS_Enter K835TYWI
2025-04-13 20:34:17,492 - INFO - StepTTS_Exit K835TYWI
2025-04-13 20:34:17,493 - INFO - StepTTS_Enter O4UR59MW
2025-04-13 20:34:17,738 - INFO - StepTTS_Exit O4UR59MW
2025-04-13 20:34:17,738 - INFO - StepTTS_Enter BSP9PA6S
2025-04-13 20:34:17,970 - INFO - StepTTS_Exit BSP9PA6S
2025-04-13 20:34:17,970 - INFO - StepTTS_Enter 0XQZX80Y
2025-04-13 20:34:18,200 - INFO - StepTTS_Exit 0XQZX80Y
2025-04-13 20:34:18,201 - INFO - StepTTS_Enter O0V9PPAQ
2025-04-13 20:34:18,456 - INFO - StepTTS_Exit O0V9PPAQ
2025-04-13 20:34:18,456 - INFO - StepTTS_Enter BF1IYD2N
2025-04-13 20:34:18,719 - INFO - StepTTS_Exit BF1IYD2N
2025-04-13 20:34:18,720 - INFO - StepTTS_Enter XYEONDMK
2025-04-13 20:34:19,005 - INFO - StepTTS_Exit XYEONDMK
2025-04-13 20:34:19,006 - INFO - StepTTS_Enter VOP456L1
2025-04-13 20:34:19,142 - INFO - StepTTS_Exit VOP456L1
2025-04-13 20:34:19,143 - INFO - StepTTS_Enter JS2ELO7O
2025-04-13 20:34:19,530 - INFO - StepTTS_Exit JS2ELO7O
2025-04-13 20:34:19,531 - INFO - StepTTS_Enter S512M21K
2025-04-13 20:34:19,892 - INFO - StepTTS_Exit S512M21K
2025-04-13 20:34:19,892 - INFO - StepTTS_Enter RS2MH3QG
2025-04-13 20:34:20,262 - INFO - StepTTS_Exit RS2MH3QG
2025-04-13 20:34:20,263 - INFO - StepTTS_Enter 1DLJONXG
2025-04-13 20:34:20,568 - INFO - StepTTS_Exit 1DLJONXG
2025-04-13 20:34:20,568 - INFO - StepTTS_Enter NBELM0Y5
2025-04-13 20:34:20,818 - INFO - StepTTS_Exit NBELM0Y5
2025-04-13 20:34:20,819 - INFO - StepTTS_Enter 7IR2KQCD
2025-04-13 20:34:21,185 - INFO - StepTTS_Exit 7IR2KQCD
2025-04-13 20:34:21,186 - INFO - StepTTS_Enter NTX1RXCJ
2025-04-13 20:34:21,491 - INFO - StepTTS_Exit NTX1RXCJ
2025-04-13 20:34:21,493 - INFO - StepTTS_Enter 5L652470
2025-04-13 20:34:21,975 - INFO - StepTTS_Exit 5L652470
2025-04-13 20:34:21,976 - INFO - StepTTS_Enter QIW97A8W
2025-04-13 20:34:22,262 - INFO - StepTTS_Exit QIW97A8W
2025-04-13 20:34:22,263 - INFO - StepTTS_Enter 3EI3EDUY
2025-04-13 20:34:22,621 - INFO - StepTTS_Exit 3EI3EDUY
2025-04-13 20:34:22,622 - INFO - StepTTS_Enter DTSDQQFW
2025-04-13 20:34:22,866 - INFO - StepTTS_Exit DTSDQQFW
2025-04-13 20:34:22,867 - INFO - StepTTS_Enter 07TUPDA6
2025-04-13 20:34:23,119 - INFO - StepTTS_Exit 07TUPDA6
2025-04-13 20:34:23,120 - INFO - StepTTS_Enter TCNOG25I
2025-04-13 20:34:23,511 - INFO - StepTTS_Exit TCNOG25I
2025-04-13 20:34:23,512 - INFO - StepTTS_Enter 09USZVB6
2025-04-13 20:34:23,844 - INFO - StepTTS_Exit 09USZVB6
2025-04-13 20:34:23,845 - INFO - StepTTS_Enter V48GI7B3
2025-04-13 20:34:24,050 - INFO - StepTTS_Exit V48GI7B3
2025-04-13 20:34:24,051 - INFO - StepTTS_Enter U3A3V3YL
2025-04-13 20:34:24,314 - INFO - StepTTS_Exit U3A3V3YL
2025-04-13 20:34:24,315 - INFO - StepTTS_Enter 9Q8XRDLD
2025-04-13 20:34:24,508 - INFO - StepTTS_Exit 9Q8XRDLD
2025-04-13 20:34:24,509 - INFO - StepTTS_Enter RRXETDHY
2025-04-13 20:34:24,665 - INFO - StepTTS_Exit RRXETDHY
2025-04-13 20:34:24,666 - INFO - StepTTS_Enter ADZ5VFXB
2025-04-13 20:34:24,943 - INFO - StepTTS_Exit ADZ5VFXB
2025-04-13 20:34:24,944 - INFO - StepTTS_Enter 6S8BURME
2025-04-13 20:34:25,078 - INFO - StepTTS_Exit 6S8BURME
2025-04-13 20:34:25,079 - INFO - StepTTS_Enter 5N105V2C
2025-04-13 20:34:25,342 - INFO - StepTTS_Exit 5N105V2C
2025-04-13 20:34:25,343 - INFO - StepTTS_Enter BSX27KKL
2025-04-13 20:34:25,589 - INFO - StepTTS_Exit BSX27KKL
2025-04-13 20:34:25,590 - INFO - StepTTS_Enter 3QVHCXS2
2025-04-13 20:34:26,053 - INFO - StepTTS_Exit 3QVHCXS2
2025-04-13 20:34:26,054 - INFO - StepTTS_Enter FBP0VW9C
2025-04-13 20:34:26,332 - INFO - StepTTS_Exit FBP0VW9C
2025-04-13 20:34:26,333 - INFO - StepTTS_Enter 8ACDWRKV
2025-04-13 20:34:26,616 - INFO - StepTTS_Exit 8ACDWRKV
2025-04-13 20:34:26,617 - INFO - StepTTS_Enter BAULMF28
2025-04-13 20:34:26,895 - INFO - StepTTS_Exit BAULMF28
2025-04-13 20:34:26,896 - INFO - StepTTS_Enter V20BXHMZ
2025-04-13 20:34:27,131 - INFO - StepTTS_Exit V20BXHMZ
2025-04-13 20:34:27,132 - INFO - StepTTS_Enter XEQ02691
2025-04-13 20:34:27,512 - INFO - StepTTS_Exit XEQ02691
2025-04-13 20:34:27,513 - INFO - StepTTS_Enter V1BC1T6B
2025-04-13 20:34:27,799 - INFO - StepTTS_Exit V1BC1T6B
2025-04-13 20:34:27,800 - INFO - StepTTS_Enter DN1T1520
2025-04-13 20:34:28,078 - INFO - StepTTS_Exit DN1T1520
2025-04-13 20:34:28,080 - INFO - StepTTS_Enter KP7CY1F6
2025-04-13 20:34:28,269 - INFO - StepTTS_Exit KP7CY1F6
2025-04-13 20:34:28,270 - INFO - StepTTS_Enter 4NLFJRRZ
2025-04-13 20:34:28,386 - INFO - StepTTS_Exit 4NLFJRRZ
2025-04-13 20:34:28,387 - INFO - StepTTS_Enter MB2EG0DL
2025-04-13 20:34:28,602 - INFO - StepTTS_Exit MB2EG0DL
2025-04-13 20:34:28,603 - INFO - StepTTS_Enter YU8JWVL0
2025-04-13 20:34:28,903 - INFO - StepTTS_Exit YU8JWVL0
2025-04-13 20:34:28,904 - INFO - StepTTS_Enter AYCYB2H3
2025-04-13 20:34:29,145 - INFO - StepTTS_Exit AYCYB2H3
2025-04-13 20:34:29,146 - INFO - StepTTS_Enter JTFOMF7I
2025-04-13 20:34:29,325 - INFO - StepTTS_Exit JTFOMF7I
2025-04-13 20:34:29,326 - INFO - StepTTS_Enter 5TL7QHLY
2025-04-13 20:34:29,599 - INFO - StepTTS_Exit 5TL7QHLY
2025-04-13 20:34:29,600 - INFO - StepTTS_Enter 14NQKFVK
2025-04-13 20:34:30,150 - INFO - StepTTS_Exit 14NQKFVK
2025-04-13 20:34:30,151 - INFO - StepTTS_Enter NFZ9NONJ
2025-04-13 20:34:30,575 - INFO - StepTTS_Exit NFZ9NONJ
2025-04-13 20:34:30,576 - INFO - StepTTS_Enter D2NNY0EW
2025-04-13 20:34:30,788 - INFO - StepTTS_Exit D2NNY0EW
2025-04-13 20:34:30,789 - INFO - StepTTS_Enter MW4JO2CG
2025-04-13 20:34:31,035 - INFO - StepTTS_Exit MW4JO2CG
2025-04-13 20:34:31,036 - INFO - StepTTS_Enter ZNV12OLR
2025-04-13 20:34:31,259 - INFO - StepTTS_Exit ZNV12OLR
2025-04-13 20:34:31,260 - INFO - StepTTS_Enter 5PN434IN
2025-04-13 20:34:31,465 - INFO - StepTTS_Exit 5PN434IN
2025-04-13 20:34:31,466 - INFO - StepTTS_Enter OTPJNQRY
2025-04-13 20:34:31,705 - INFO - StepTTS_Exit OTPJNQRY
2025-04-13 20:34:31,706 - INFO - StepTTS_Enter CJRME45G
2025-04-13 20:34:32,105 - INFO - StepTTS_Exit CJRME45G
2025-04-13 20:34:32,106 - INFO - StepTTS_Enter BHDR5W1U
2025-04-13 20:34:32,365 - INFO - StepTTS_Exit BHDR5W1U
2025-04-13 20:34:32,366 - INFO - StepTTS_Enter N0HILVXK
2025-04-13 20:34:32,682 - INFO - StepTTS_Exit N0HILVXK
2025-04-13 20:34:32,683 - INFO - StepTTS_Enter 6OPMXVMT
2025-04-13 20:34:32,998 - INFO - StepTTS_Exit 6OPMXVMT
2025-04-13 20:34:32,999 - INFO - StepTTS_Enter TTSS0AU6
2025-04-13 20:34:33,205 - INFO - StepTTS_Exit TTSS0AU6
2025-04-13 20:34:33,206 - INFO - StepTTS_Enter 598TPYJM
2025-04-13 20:34:33,462 - INFO - StepTTS_Exit 598TPYJM
2025-04-13 20:34:33,463 - INFO - StepTTS_Enter 4W81KQST
2025-04-13 20:34:33,695 - INFO - StepTTS_Exit 4W81KQST
2025-04-13 20:34:33,696 - INFO - StepTTS_Enter GPX9X5QH
2025-04-13 20:34:33,968 - INFO - StepTTS_Exit GPX9X5QH
2025-04-13 20:34:33,968 - INFO - StepTTS_Enter 5ERM0JZD
2025-04-13 20:34:34,188 - INFO - StepTTS_Exit 5ERM0JZD
2025-04-13 20:34:34,189 - INFO - StepTTS_Enter VOPDBNAT
2025-04-13 20:34:34,438 - INFO - StepTTS_Exit VOPDBNAT
2025-04-13 20:34:34,439 - INFO - StepTTS_Enter Y10UYIEF
2025-04-13 20:34:34,650 - INFO - StepTTS_Exit Y10UYIEF
2025-04-13 20:34:34,651 - INFO - StepTTS_Enter 09AQPDH0
2025-04-13 20:34:34,976 - INFO - StepTTS_Exit 09AQPDH0
2025-04-13 20:34:34,976 - INFO - StepTTS_Enter 7JOS697M
2025-04-13 20:34:35,235 - INFO - StepTTS_Exit 7JOS697M
2025-04-13 20:34:35,236 - INFO - StepTTS_Enter OEY7V57Z
2025-04-13 20:34:35,573 - INFO - StepTTS_Exit OEY7V57Z
2025-04-13 20:34:35,574 - INFO - StepTTS_Enter HR137CHY
2025-04-13 20:34:35,847 - INFO - StepTTS_Exit HR137CHY
2025-04-13 20:34:35,848 - INFO - StepTTS_Enter FNRMIX60
2025-04-13 20:34:36,085 - INFO - StepTTS_Exit FNRMIX60
2025-04-13 20:34:36,085 - INFO - StepTTS_Enter IN7ODYRS
2025-04-13 20:34:36,353 - INFO - StepTTS_Exit IN7ODYRS
2025-04-13 20:34:36,354 - INFO - StepTTS_Enter 3G8F696Q
2025-04-13 20:34:36,597 - INFO - StepTTS_Exit 3G8F696Q
2025-04-13 20:34:36,597 - INFO - StepTTS_Enter 58P202YP
2025-04-13 20:34:36,915 - INFO - StepTTS_Exit 58P202YP
2025-04-13 20:34:36,915 - INFO - StepTTS_Enter 74VZUZJS
2025-04-13 20:34:37,208 - INFO - StepTTS_Exit 74VZUZJS
2025-04-13 20:34:37,209 - INFO - StepTTS_Enter 4QLS5JEC
2025-04-13 20:34:37,465 - INFO - StepTTS_Exit 4QLS5JEC
2025-04-13 20:34:37,465 - INFO - StepTTS_Enter 4109S8J2
2025-04-13 20:34:37,721 - INFO - StepTTS_Exit 4109S8J2
2025-04-13 20:34:37,722 - INFO - StepTTS_Enter FLMLKOM0
2025-04-13 20:34:38,035 - INFO - StepTTS_Exit FLMLKOM0
2025-04-13 20:34:38,035 - INFO - StepTTS_Enter V2ADHA9Q
2025-04-13 20:34:38,500 - INFO - StepTTS_Exit V2ADHA9Q
2025-04-13 20:34:38,500 - INFO - StepTTS_Enter 05HSSD6U
2025-04-13 20:34:38,826 - INFO - StepTTS_Exit 05HSSD6U
2025-04-13 20:34:38,826 - INFO - StepTTS_Enter BGAON73Z
2025-04-13 20:34:39,141 - INFO - StepTTS_Exit BGAON73Z
2025-04-13 20:34:39,142 - INFO - StepTTS_Enter DPW25RNI
2025-04-13 20:34:39,401 - INFO - StepTTS_Exit DPW25RNI
2025-04-13 20:34:39,402 - INFO - StepTTS_Enter RU5SNF4J
2025-04-13 20:34:39,644 - INFO - StepTTS_Exit RU5SNF4J
2025-04-13 20:34:39,644 - INFO - StepTTS_Enter SPWI477R
2025-04-13 20:34:39,861 - INFO - StepTTS_Exit SPWI477R
2025-04-13 20:34:39,862 - INFO - StepTTS_Enter 0WUA1BGS
2025-04-13 20:34:40,118 - INFO - StepTTS_Exit 0WUA1BGS
2025-04-13 20:34:40,118 - INFO - StepTTS_Enter D6AHSFCZ
2025-04-13 20:34:40,348 - INFO - StepTTS_Exit D6AHSFCZ
2025-04-13 20:34:40,349 - INFO - StepTTS_Enter CV4CSYKH
2025-04-13 20:34:40,579 - INFO - StepTTS_Exit CV4CSYKH
2025-04-13 20:34:40,580 - INFO - StepTTS_Enter 50RG8BHL
2025-04-13 20:34:40,960 - INFO - StepTTS_Exit 50RG8BHL
2025-04-13 20:34:40,961 - INFO - StepTTS_Enter GZEKDU0E
2025-04-13 20:34:41,214 - INFO - StepTTS_Exit GZEKDU0E
2025-04-13 20:34:41,215 - INFO - StepTTS_Enter 7ZQGPQLL
2025-04-13 20:34:41,468 - INFO - StepTTS_Exit 7ZQGPQLL
2025-04-13 20:34:41,468 - INFO - StepTTS_Enter LU1R6P6W
2025-04-13 20:34:41,949 - INFO - StepTTS_Exit LU1R6P6W
2025-04-13 20:34:41,950 - INFO - StepTTS_Enter 3O9ZM8NA
2025-04-13 20:34:42,143 - INFO - StepTTS_Exit 3O9ZM8NA
2025-04-13 20:34:42,143 - INFO - StepTTS_Enter 221TVT0I
2025-04-13 20:34:42,573 - INFO - StepTTS_Exit 221TVT0I
2025-04-13 20:34:42,574 - INFO - StepTTS_Enter 6O5XFXYO
2025-04-13 20:34:42,827 - INFO - StepTTS_Exit 6O5XFXYO
2025-04-13 20:34:42,828 - INFO - StepTTS_Enter 9GXSOFX6
2025-04-13 20:34:43,086 - INFO - StepTTS_Exit 9GXSOFX6
2025-04-13 20:34:43,086 - INFO - StepTTS_Enter JXJ1BJT0
2025-04-13 20:34:43,329 - INFO - StepTTS_Exit JXJ1BJT0
2025-04-13 20:34:43,330 - INFO - StepTTS_Enter HNFSH1WR
2025-04-13 20:34:43,642 - INFO - StepTTS_Exit HNFSH1WR
2025-04-13 20:34:43,643 - INFO - StepTTS_Enter JIW13AM1
2025-04-13 20:34:43,919 - INFO - StepTTS_Exit JIW13AM1
2025-04-13 20:34:43,919 - INFO - StepTTS_Enter 33IYXLYE
2025-04-13 20:34:44,252 - INFO - StepTTS_Exit 33IYXLYE
2025-04-13 20:34:44,252 - INFO - StepTTS_Enter GSQJNOB6
2025-04-13 20:34:44,485 - INFO - StepTTS_Exit GSQJNOB6
2025-04-13 20:34:44,485 - INFO - StepTTS_Enter XAXXDHSL
2025-04-13 20:34:44,796 - INFO - StepTTS_Exit XAXXDHSL
2025-04-13 20:34:44,797 - INFO - StepTTS_Enter B64NQLIN
2025-04-13 20:34:45,106 - INFO - StepTTS_Exit B64NQLIN
2025-04-13 20:34:45,107 - INFO - StepTTS_Enter 72SZ800V
2025-04-13 20:34:45,344 - INFO - StepTTS_Exit 72SZ800V
2025-04-13 20:34:45,344 - INFO - StepTTS_Enter 1MX10JDB
2025-04-13 20:34:45,670 - INFO - StepTTS_Exit 1MX10JDB
2025-04-13 20:34:45,670 - INFO - StepTTS_Enter PSLONI9W
2025-04-13 20:34:45,942 - INFO - StepTTS_Exit PSLONI9W
2025-04-13 20:34:45,942 - INFO - StepTTS_Enter AXYPARKD
2025-04-13 20:34:46,229 - INFO - StepTTS_Exit AXYPARKD
2025-04-13 20:34:46,230 - INFO - StepTTS_Enter 3Q1W88GE
2025-04-13 20:34:46,493 - INFO - StepTTS_Exit 3Q1W88GE
2025-04-13 20:34:46,494 - INFO - StepTTS_Enter PND32I6Y
2025-04-13 20:34:46,639 - INFO - StepTTS_Exit PND32I6Y
2025-04-13 20:34:46,639 - INFO - StepTTS_Enter HR91KKQA
2025-04-13 20:34:46,913 - INFO - StepTTS_Exit HR91KKQA
2025-04-13 20:34:46,914 - INFO - StepTTS_Enter 1F1TQYPP
2025-04-13 20:34:47,480 - INFO - StepTTS_Exit 1F1TQYPP
2025-04-13 20:34:47,481 - INFO - StepTTS_Enter OLO7DXBD
2025-04-13 20:34:48,035 - INFO - StepTTS_Exit OLO7DXBD
2025-04-13 20:34:48,035 - INFO - StepTTS_Enter XRD5Y78H
2025-04-13 20:34:48,366 - INFO - StepTTS_Exit XRD5Y78H
2025-04-13 20:34:48,367 - INFO - StepTTS_Enter JVCIL0SU
2025-04-13 20:34:48,581 - INFO - StepTTS_Exit JVCIL0SU
2025-04-13 20:34:48,581 - INFO - StepTTS_Enter AIZ1M589
2025-04-13 20:34:48,848 - INFO - StepTTS_Exit AIZ1M589
2025-04-13 20:34:48,849 - INFO - StepTTS_Enter 54951ESJ
2025-04-13 20:34:49,026 - INFO - StepTTS_Exit 54951ESJ
2025-04-13 20:34:49,027 - INFO - StepTTS_Enter MX42EFFO
2025-04-13 20:34:49,311 - INFO - StepTTS_Exit MX42EFFO
2025-04-13 20:34:49,312 - INFO - StepTTS_Enter F4RXPHXV
2025-04-13 20:34:49,885 - INFO - StepTTS_Exit F4RXPHXV
2025-04-13 20:34:49,886 - INFO - StepTTS_Enter A7QQ57RJ
2025-04-13 20:34:50,097 - INFO - StepTTS_Exit A7QQ57RJ
2025-04-13 20:34:50,098 - INFO - StepTTS_Enter QU5U07VE
2025-04-13 20:34:50,353 - INFO - StepTTS_Exit QU5U07VE
2025-04-13 20:34:50,354 - INFO - StepTTS_Enter AMDY3L2C
2025-04-13 20:34:50,561 - INFO - StepTTS_Exit AMDY3L2C
2025-04-13 20:34:50,562 - INFO - StepTTS_Enter 97GU73OQ
2025-04-13 20:34:50,798 - INFO - StepTTS_Exit 97GU73OQ
2025-04-13 20:34:50,799 - INFO - StepTTS_Enter 3RS71DVX
2025-04-13 20:34:51,054 - INFO - StepTTS_Exit 3RS71DVX
2025-04-13 20:34:51,055 - INFO - StepTTS_Enter YTS9DW87
2025-04-13 20:34:51,383 - INFO - StepTTS_Exit YTS9DW87
2025-04-13 20:34:51,384 - INFO - StepTTS_Enter 8OK8MY0S
2025-04-13 20:34:51,628 - INFO - StepTTS_Exit 8OK8MY0S
2025-04-13 20:34:51,629 - INFO - StepTTS_Enter CZLBBMJ2
2025-04-13 20:34:51,986 - INFO - StepTTS_Exit CZLBBMJ2
2025-04-13 20:34:51,987 - INFO - StepTTS_Enter DGMB1149
2025-04-13 20:34:52,364 - INFO - StepTTS_Exit DGMB1149
2025-04-13 20:34:52,365 - INFO - StepTTS_Enter X4DEPBU9
2025-04-13 20:34:52,771 - INFO - StepTTS_Exit X4DEPBU9
2025-04-13 20:34:52,772 - INFO - StepTTS_Enter ZF5IYURO
2025-04-13 20:34:53,249 - INFO - StepTTS_Exit ZF5IYURO
2025-04-13 20:34:53,250 - INFO - StepTTS_Enter UQ1MPCPT
2025-04-13 20:34:53,847 - INFO - StepTTS_Exit UQ1MPCPT
2025-04-13 20:34:53,847 - INFO - StepTTS_Enter T1PRD6YL
2025-04-13 20:34:54,069 - INFO - StepTTS_Exit T1PRD6YL
2025-04-13 20:34:54,069 - INFO - StepTTS_Enter O2B8T8N0
2025-04-13 20:34:54,251 - INFO - StepTTS_Exit O2B8T8N0
2025-04-13 20:34:54,252 - INFO - StepTTS_Enter EA4AYUIZ
2025-04-13 20:34:54,725 - INFO - StepTTS_Exit EA4AYUIZ
2025-04-13 20:34:54,726 - INFO - StepTTS_Enter UR2A82Y7
2025-04-13 20:34:55,076 - INFO - StepTTS_Exit UR2A82Y7
2025-04-13 20:34:55,077 - INFO - StepTTS_Enter Q9YIUY0T
2025-04-13 20:34:55,183 - INFO - StepTTS_Exit Q9YIUY0T
2025-04-13 20:34:55,184 - INFO - StepTTS_Enter ISX2MRB8
2025-04-13 20:34:55,359 - INFO - StepTTS_Exit ISX2MRB8
2025-04-13 20:34:55,360 - INFO - StepTTS_Enter IIPTN9GE
2025-04-13 20:34:55,669 - INFO - StepTTS_Exit IIPTN9GE
2025-04-13 20:34:55,670 - INFO - StepTTS_Enter KE39NFIU
2025-04-13 20:34:55,962 - INFO - StepTTS_Exit KE39NFIU
2025-04-13 20:34:55,963 - INFO - StepTTS_Enter M2JUET39
2025-04-13 20:34:56,207 - INFO - StepTTS_Exit M2JUET39
2025-04-13 20:34:56,207 - INFO - StepTTS_Enter 1GT35543
2025-04-13 20:34:56,554 - INFO - StepTTS_Exit 1GT35543
2025-04-13 20:34:56,554 - INFO - StepTTS_Enter DHN7R3TH
2025-04-13 20:34:56,911 - INFO - StepTTS_Exit DHN7R3TH
2025-04-13 20:34:56,912 - INFO - StepTTS_Enter 5M8EG1Q3
2025-04-13 20:34:57,365 - INFO - StepTTS_Exit 5M8EG1Q3
2025-04-13 20:34:57,366 - INFO - StepTTS_Enter U39NHCZD
2025-04-13 20:34:57,668 - INFO - StepTTS_Exit U39NHCZD
2025-04-13 20:34:57,668 - INFO - StepTTS_Enter SAEWAGRJ
2025-04-13 20:34:57,879 - INFO - StepTTS_Exit SAEWAGRJ
2025-04-13 20:34:57,880 - INFO - StepTTS_Enter 0T1PE757
2025-04-13 20:34:58,149 - INFO - StepTTS_Exit 0T1PE757
2025-04-13 20:34:58,150 - INFO - StepTTS_Enter W7NDU5NW
2025-04-13 20:34:58,510 - INFO - StepTTS_Exit W7NDU5NW
2025-04-13 20:34:58,510 - INFO - StepTTS_Enter O7P8UO7G
2025-04-13 20:34:58,843 - INFO - StepTTS_Exit O7P8UO7G
2025-04-13 20:34:58,844 - INFO - StepTTS_Enter NGRHGGT6
2025-04-13 20:34:58,951 - INFO - StepTTS_Exit NGRHGGT6
2025-04-13 20:34:58,951 - INFO - StepTTS_Enter T7F9ZBHH
2025-04-13 20:34:59,270 - INFO - StepTTS_Exit T7F9ZBHH
2025-04-13 20:34:59,271 - INFO - StepTTS_Enter 7MDZD15Q
2025-04-13 20:34:59,553 - INFO - StepTTS_Exit 7MDZD15Q
2025-04-13 20:34:59,554 - INFO - StepTTS_Enter C11SGQ7X
2025-04-13 20:34:59,892 - INFO - StepTTS_Exit C11SGQ7X
2025-04-13 20:34:59,892 - INFO - StepTTS_Enter DPK57GFM
2025-04-13 20:35:00,158 - INFO - StepTTS_Exit DPK57GFM
2025-04-13 20:35:00,159 - INFO - StepTTS_Enter ZFY1W033
2025-04-13 20:35:00,422 - INFO - StepTTS_Exit ZFY1W033
2025-04-13 20:35:00,423 - INFO - StepTTS_Enter AIILD7BY
2025-04-13 20:35:00,702 - INFO - StepTTS_Exit AIILD7BY
2025-04-13 20:35:00,703 - INFO - StepTTS_Enter GOCQC1QI
2025-04-13 20:35:00,962 - INFO - StepTTS_Exit GOCQC1QI
2025-04-13 20:35:00,963 - INFO - StepTTS_Enter E2SV75GJ
2025-04-13 20:35:01,233 - INFO - StepTTS_Exit E2SV75GJ
2025-04-13 20:35:01,233 - INFO - StepTTS_Enter 7FR2OAF6
2025-04-13 20:35:01,538 - INFO - StepTTS_Exit 7FR2OAF6
2025-04-13 20:35:01,539 - INFO - StepTTS_Enter MCRUCYIE
2025-04-13 20:35:01,943 - INFO - StepTTS_Exit MCRUCYIE
2025-04-13 20:35:01,944 - INFO - StepTTS_Enter 4QVRIOBL
2025-04-13 20:35:02,240 - INFO - StepTTS_Exit 4QVRIOBL
2025-04-13 20:35:02,241 - INFO - StepTTS_Enter TY9ZK8VO
2025-04-13 20:35:02,548 - INFO - StepTTS_Exit TY9ZK8VO
2025-04-13 20:35:02,549 - INFO - StepTTS_Enter H944R5VQ
2025-04-13 20:35:02,811 - INFO - StepTTS_Exit H944R5VQ
2025-04-13 20:35:02,812 - INFO - StepTTS_Enter TKNCUWG7
2025-04-13 20:35:03,084 - INFO - StepTTS_Exit TKNCUWG7
2025-04-13 20:35:03,084 - INFO - StepTTS_Enter ONW40X09
2025-04-13 20:35:03,218 - INFO - StepTTS_Exit ONW40X09
2025-04-13 20:35:03,219 - INFO - StepTTS_Enter 2BXKBYNI
2025-04-13 20:35:03,579 - INFO - StepTTS_Exit 2BXKBYNI
2025-04-13 20:35:03,580 - INFO - StepTTS_Enter HNKKVL5X
2025-04-13 20:35:03,789 - INFO - StepTTS_Exit HNKKVL5X
2025-04-13 20:35:03,790 - INFO - StepTTS_Enter 2CKPV60P
2025-04-13 20:35:04,065 - INFO - StepTTS_Exit 2CKPV60P
2025-04-13 20:35:04,066 - INFO - StepTTS_Enter 0F47XVC2
2025-04-13 20:35:04,411 - INFO - StepTTS_Exit 0F47XVC2
2025-04-13 20:35:04,412 - INFO - StepTTS_Enter 3IMKNRXG
2025-04-13 20:35:04,764 - INFO - StepTTS_Exit 3IMKNRXG
2025-04-13 20:35:04,765 - INFO - StepTTS_Enter 9OPSCA4S
2025-04-13 20:35:05,057 - INFO - StepTTS_Exit 9OPSCA4S
2025-04-13 20:35:05,058 - INFO - StepTTS_Enter 1N6QFDB0
2025-04-13 20:35:05,339 - INFO - StepTTS_Exit 1N6QFDB0
2025-04-13 20:35:05,340 - INFO - StepTTS_Enter WG2WFLD5
2025-04-13 20:35:05,539 - INFO - StepTTS_Exit WG2WFLD5
2025-04-13 20:35:05,540 - INFO - StepTTS_Enter RLO2J3AO
2025-04-13 20:35:05,783 - INFO - StepTTS_Exit RLO2J3AO
2025-04-13 20:35:05,784 - INFO - StepTTS_Enter UKWC1OZI
2025-04-13 20:35:06,383 - INFO - StepTTS_Exit UKWC1OZI
2025-04-13 20:35:06,384 - INFO - StepTTS_Enter OM1XO6R3
2025-04-13 20:35:06,782 - INFO - StepTTS_Exit OM1XO6R3
2025-04-13 20:35:06,783 - INFO - StepTTS_Enter AKXQB9QH
2025-04-13 20:35:07,034 - INFO - StepTTS_Exit AKXQB9QH
2025-04-13 20:35:07,035 - INFO - StepTTS_Enter DIRK0LNQ
2025-04-13 20:35:07,335 - INFO - StepTTS_Exit DIRK0LNQ
2025-04-13 20:35:07,336 - INFO - StepTTS_Enter RCPKQ56C
2025-04-13 20:35:07,609 - INFO - StepTTS_Exit RCPKQ56C
2025-04-13 20:35:07,610 - INFO - StepTTS_Enter D9Q7K7XJ
2025-04-13 20:35:07,977 - INFO - StepTTS_Exit D9Q7K7XJ
2025-04-13 20:35:07,978 - INFO - StepTTS_Enter GXOXIQXS
2025-04-13 20:35:08,450 - INFO - StepTTS_Exit GXOXIQXS
2025-04-13 20:35:08,451 - INFO - StepTTS_Enter 9RTCXPXU
2025-04-13 20:35:08,677 - INFO - StepTTS_Exit 9RTCXPXU
2025-04-13 20:35:08,677 - INFO - StepTTS_Enter 0B67B7F9
2025-04-13 20:35:09,087 - INFO - StepTTS_Exit 0B67B7F9
2025-04-13 20:35:09,088 - INFO - StepTTS_Enter C1QK3VG3
2025-04-13 20:35:09,270 - INFO - StepTTS_Exit C1QK3VG3
2025-04-13 20:35:09,270 - INFO - StepTTS_Enter B3MS002D
2025-04-13 20:35:09,542 - INFO - StepTTS_Exit B3MS002D
2025-04-13 20:35:09,543 - INFO - StepTTS_Enter D18Q6R8W
2025-04-13 20:35:09,779 - INFO - StepTTS_Exit D18Q6R8W
