2025-04-12 19:32:18,468 - INFO - Ingress_Enter GQUC3PUJ
2025-04-12 19:32:18,576 - INFO - Ingress_Input_Decoded GQUC3PUJ
2025-04-12 19:32:18,578 - INFO - Ingress_Numpy_Converted GQUC3PUJ
2025-04-12 19:32:18,861 - INFO - Ingress_Exit GQUC3PUJ
2025-04-12 19:32:18,864 - INFO - Ingress_Enter XED3W90F
2025-04-12 19:32:18,883 - INFO - Ingress_Input_Decoded XED3W90F
2025-04-12 19:32:18,884 - INFO - Ingress_Numpy_Converted XED3W90F
2025-04-12 19:32:19,451 - INFO - Ingress_Exit XED3W90F
2025-04-12 19:32:21,353 - INFO - Ingress_Enter 5EFIYH87
2025-04-12 19:32:21,377 - INFO - Ingress_Input_Decoded 5EFIYH87
2025-04-12 19:32:21,379 - INFO - Ingress_Numpy_Converted 5EFIYH87
2025-04-12 19:32:22,026 - INFO - Ingress_Exit 5EFIYH87
2025-04-12 19:32:22,284 - INFO - Ingress_Enter 25G1JX9R
2025-04-12 19:32:22,304 - INFO - Ingress_Input_Decoded 25G1JX9R
2025-04-12 19:32:22,306 - INFO - Ingress_Numpy_Converted 25G1JX9R
2025-04-12 19:32:22,644 - INFO - Ingress_Exit 25G1JX9R
2025-04-12 19:32:22,953 - INFO - Ingress_Enter 8GV2M6NI
2025-04-12 19:32:22,972 - INFO - Ingress_Input_Decoded 8GV2M6NI
2025-04-12 19:32:22,974 - INFO - Ingress_Numpy_Converted 8GV2M6NI
2025-04-12 19:32:23,612 - INFO - Ingress_Exit 8GV2M6NI
2025-04-12 19:32:23,848 - INFO - Ingress_Enter KNAX2LXX
2025-04-12 19:32:23,868 - INFO - Ingress_Input_Decoded KNAX2LXX
2025-04-12 19:32:23,870 - INFO - Ingress_Numpy_Converted KNAX2LXX
2025-04-12 19:32:24,068 - INFO - Ingress_Enter HNR1AKJC
2025-04-12 19:32:24,087 - INFO - Ingress_Input_Decoded HNR1AKJC
2025-04-12 19:32:24,089 - INFO - Ingress_Numpy_Converted HNR1AKJC
2025-04-12 19:32:24,462 - INFO - Ingress_Exit KNAX2LXX
2025-04-12 19:32:24,562 - INFO - Ingress_Enter STIHXWX6
2025-04-12 19:32:24,581 - INFO - Ingress_Input_Decoded STIHXWX6
2025-04-12 19:32:24,582 - INFO - Ingress_Numpy_Converted STIHXWX6
2025-04-12 19:32:24,619 - INFO - Ingress_Enter WE4HGF62
2025-04-12 19:32:24,634 - INFO - Ingress_Input_Decoded WE4HGF62
2025-04-12 19:32:24,636 - INFO - Ingress_Numpy_Converted WE4HGF62
2025-04-12 19:32:24,955 - INFO - Ingress_Exit STIHXWX6
2025-04-12 19:32:25,115 - INFO - Ingress_Exit HNR1AKJC
2025-04-12 19:32:25,178 - INFO - Ingress_Exit WE4HGF62
2025-04-12 19:32:28,418 - INFO - Ingress_Enter MR5D4PEC
2025-04-12 19:32:28,438 - INFO - Ingress_Input_Decoded MR5D4PEC
2025-04-12 19:32:28,440 - INFO - Ingress_Numpy_Converted MR5D4PEC
2025-04-12 19:32:28,527 - INFO - Ingress_Enter AZ1KQKUH
2025-04-12 19:32:28,547 - INFO - Ingress_Input_Decoded AZ1KQKUH
2025-04-12 19:32:28,548 - INFO - Ingress_Numpy_Converted AZ1KQKUH
2025-04-12 19:32:29,132 - INFO - Ingress_Exit MR5D4PEC
2025-04-12 19:32:29,137 - INFO - Ingress_Enter 501LDF5O
2025-04-12 19:32:29,157 - INFO - Ingress_Input_Decoded 501LDF5O
2025-04-12 19:32:29,159 - INFO - Ingress_Numpy_Converted 501LDF5O
2025-04-12 19:32:29,208 - INFO - Ingress_Exit AZ1KQKUH
2025-04-12 19:32:29,535 - INFO - Ingress_Exit 501LDF5O
2025-04-12 19:32:29,744 - INFO - Ingress_Enter V8ROH7FE
2025-04-12 19:32:29,760 - INFO - Ingress_Input_Decoded V8ROH7FE
2025-04-12 19:32:29,762 - INFO - Ingress_Numpy_Converted V8ROH7FE
2025-04-12 19:32:29,790 - INFO - Ingress_Enter F01IHSJ1
2025-04-12 19:32:29,801 - INFO - Ingress_Input_Decoded F01IHSJ1
2025-04-12 19:32:29,802 - INFO - Ingress_Numpy_Converted F01IHSJ1
2025-04-12 19:32:29,962 - INFO - Ingress_Enter ND6SXJ0N
2025-04-12 19:32:29,976 - INFO - Ingress_Input_Decoded ND6SXJ0N
2025-04-12 19:32:29,978 - INFO - Ingress_Numpy_Converted ND6SXJ0N
2025-04-12 19:32:30,077 - INFO - Ingress_Enter KJWMCI6K
2025-04-12 19:32:30,097 - INFO - Ingress_Input_Decoded KJWMCI6K
2025-04-12 19:32:30,099 - INFO - Ingress_Numpy_Converted KJWMCI6K
2025-04-12 19:32:30,347 - INFO - Ingress_Exit ND6SXJ0N
2025-04-12 19:32:30,405 - INFO - Ingress_Exit F01IHSJ1
2025-04-12 19:32:30,527 - INFO - Ingress_Exit V8ROH7FE
2025-04-12 19:32:30,853 - INFO - Ingress_Exit KJWMCI6K
2025-04-12 19:32:35,194 - INFO - Ingress_Enter EDNXJX73
2025-04-12 19:32:35,209 - INFO - Ingress_Input_Decoded EDNXJX73
2025-04-12 19:32:35,211 - INFO - Ingress_Numpy_Converted EDNXJX73
2025-04-12 19:32:35,449 - INFO - Ingress_Enter SGYL8I3Z
2025-04-12 19:32:35,468 - INFO - Ingress_Input_Decoded SGYL8I3Z
2025-04-12 19:32:35,470 - INFO - Ingress_Numpy_Converted SGYL8I3Z
2025-04-12 19:32:35,769 - INFO - Ingress_Exit EDNXJX73
2025-04-12 19:32:35,834 - INFO - Ingress_Enter SRI2NC3B
2025-04-12 19:32:35,850 - INFO - Ingress_Input_Decoded SRI2NC3B
2025-04-12 19:32:35,852 - INFO - Ingress_Numpy_Converted SRI2NC3B
2025-04-12 19:32:36,149 - INFO - Ingress_Exit SGYL8I3Z
2025-04-12 19:32:36,296 - INFO - Ingress_Exit SRI2NC3B
2025-04-12 19:32:36,390 - INFO - Ingress_Enter 8ECZIWYS
2025-04-12 19:32:36,408 - INFO - Ingress_Input_Decoded 8ECZIWYS
2025-04-12 19:32:36,409 - INFO - Ingress_Numpy_Converted 8ECZIWYS
2025-04-12 19:32:36,615 - INFO - Ingress_Enter LGT00RX2
2025-04-12 19:32:36,634 - INFO - Ingress_Input_Decoded LGT00RX2
2025-04-12 19:32:36,636 - INFO - Ingress_Numpy_Converted LGT00RX2
2025-04-12 19:32:37,067 - INFO - Ingress_Exit 8ECZIWYS
2025-04-12 19:32:37,226 - INFO - Ingress_Exit LGT00RX2
2025-04-12 19:32:37,394 - INFO - Ingress_Enter D9ADL319
2025-04-12 19:32:37,412 - INFO - Ingress_Input_Decoded D9ADL319
2025-04-12 19:32:37,414 - INFO - Ingress_Numpy_Converted D9ADL319
2025-04-12 19:32:37,674 - INFO - Ingress_Enter K69PPBO4
2025-04-12 19:32:37,693 - INFO - Ingress_Input_Decoded K69PPBO4
2025-04-12 19:32:37,695 - INFO - Ingress_Numpy_Converted K69PPBO4
2025-04-12 19:32:38,045 - INFO - Ingress_Exit D9ADL319
2025-04-12 19:32:38,193 - INFO - Ingress_Exit K69PPBO4
2025-04-12 19:32:38,299 - INFO - Ingress_Enter 8PU8JIGC
2025-04-12 19:32:38,323 - INFO - Ingress_Input_Decoded 8PU8JIGC
2025-04-12 19:32:38,325 - INFO - Ingress_Numpy_Converted 8PU8JIGC
2025-04-12 19:32:38,475 - INFO - Ingress_Enter RZST2ZAY
2025-04-12 19:32:38,504 - INFO - Ingress_Input_Decoded RZST2ZAY
2025-04-12 19:32:38,508 - INFO - Ingress_Numpy_Converted RZST2ZAY
2025-04-12 19:32:38,620 - INFO - Ingress_Enter 9K10IASE
2025-04-12 19:32:38,642 - INFO - Ingress_Input_Decoded 9K10IASE
2025-04-12 19:32:38,643 - INFO - Ingress_Numpy_Converted 9K10IASE
2025-04-12 19:32:38,757 - INFO - Ingress_Exit 8PU8JIGC
2025-04-12 19:32:38,852 - INFO - Ingress_Enter DBXKUO2L
2025-04-12 19:32:38,873 - INFO - Ingress_Input_Decoded DBXKUO2L
2025-04-12 19:32:38,875 - INFO - Ingress_Numpy_Converted DBXKUO2L
2025-04-12 19:32:38,936 - INFO - Ingress_Exit RZST2ZAY
2025-04-12 19:32:39,386 - INFO - Ingress_Exit DBXKUO2L
2025-04-12 19:32:39,508 - INFO - Ingress_Exit 9K10IASE
2025-04-12 19:32:40,527 - INFO - Ingress_Enter 8VAE2240
2025-04-12 19:32:40,555 - INFO - Ingress_Input_Decoded 8VAE2240
2025-04-12 19:32:40,557 - INFO - Ingress_Numpy_Converted 8VAE2240
2025-04-12 19:32:41,220 - INFO - Ingress_Exit 8VAE2240
2025-04-12 19:32:41,686 - INFO - Ingress_Enter XKQERTSQ
2025-04-12 19:32:41,722 - INFO - Ingress_Input_Decoded XKQERTSQ
2025-04-12 19:32:41,726 - INFO - Ingress_Numpy_Converted XKQERTSQ
2025-04-12 19:32:42,101 - INFO - Ingress_Exit XKQERTSQ
2025-04-12 19:32:42,347 - INFO - Ingress_Enter 8XMTL22Z
2025-04-12 19:32:42,367 - INFO - Ingress_Input_Decoded 8XMTL22Z
2025-04-12 19:32:42,368 - INFO - Ingress_Numpy_Converted 8XMTL22Z
2025-04-12 19:32:42,555 - INFO - Ingress_Enter NA1OQBLN
2025-04-12 19:32:42,636 - INFO - Ingress_Input_Decoded NA1OQBLN
2025-04-12 19:32:42,639 - INFO - Ingress_Numpy_Converted NA1OQBLN
2025-04-12 19:32:42,795 - INFO - Ingress_Exit 8XMTL22Z
2025-04-12 19:32:42,920 - INFO - Ingress_Enter WCKZLJO8
2025-04-12 19:32:42,940 - INFO - Ingress_Input_Decoded WCKZLJO8
2025-04-12 19:32:42,942 - INFO - Ingress_Numpy_Converted WCKZLJO8
2025-04-12 19:32:43,052 - INFO - Ingress_Exit NA1OQBLN
2025-04-12 19:32:43,364 - INFO - Ingress_Enter 53JIHPTY
2025-04-12 19:32:43,381 - INFO - Ingress_Input_Decoded 53JIHPTY
2025-04-12 19:32:43,383 - INFO - Ingress_Numpy_Converted 53JIHPTY
2025-04-12 19:32:43,750 - INFO - Ingress_Exit 53JIHPTY
2025-04-12 19:32:44,369 - INFO - Ingress_Enter MR5O3DLF
2025-04-12 19:32:44,393 - INFO - Ingress_Input_Decoded MR5O3DLF
2025-04-12 19:32:44,395 - INFO - Ingress_Numpy_Converted MR5O3DLF
2025-04-12 19:32:44,437 - INFO - Ingress_Exit WCKZLJO8
2025-04-12 19:32:45,165 - INFO - Ingress_Exit MR5O3DLF
2025-04-12 19:32:45,249 - INFO - Ingress_Enter YAA21R3L
2025-04-12 19:32:45,264 - INFO - Ingress_Input_Decoded YAA21R3L
2025-04-12 19:32:45,266 - INFO - Ingress_Numpy_Converted YAA21R3L
2025-04-12 19:32:45,824 - INFO - Ingress_Exit YAA21R3L
2025-04-12 19:32:46,247 - INFO - Ingress_Enter RNXSZ757
2025-04-12 19:32:46,259 - INFO - Ingress_Input_Decoded RNXSZ757
2025-04-12 19:32:46,260 - INFO - Ingress_Numpy_Converted RNXSZ757
2025-04-12 19:32:46,474 - INFO - Ingress_Enter KX4UX6CW
2025-04-12 19:32:46,489 - INFO - Ingress_Input_Decoded KX4UX6CW
2025-04-12 19:32:46,491 - INFO - Ingress_Numpy_Converted KX4UX6CW
2025-04-12 19:32:46,846 - INFO - Ingress_Exit RNXSZ757
2025-04-12 19:32:46,865 - INFO - Ingress_Exit KX4UX6CW
2025-04-12 19:32:47,714 - INFO - Ingress_Enter 8T1KSRZP
2025-04-12 19:32:47,738 - INFO - Ingress_Input_Decoded 8T1KSRZP
2025-04-12 19:32:47,741 - INFO - Ingress_Numpy_Converted 8T1KSRZP
2025-04-12 19:32:48,038 - INFO - Ingress_Enter ON92DZFX
2025-04-12 19:32:48,056 - INFO - Ingress_Input_Decoded ON92DZFX
2025-04-12 19:32:48,058 - INFO - Ingress_Numpy_Converted ON92DZFX
2025-04-12 19:32:48,396 - INFO - Ingress_Exit 8T1KSRZP
2025-04-12 19:32:48,474 - INFO - Ingress_Enter A0EVW8XL
2025-04-12 19:32:48,488 - INFO - Ingress_Input_Decoded A0EVW8XL
2025-04-12 19:32:48,489 - INFO - Ingress_Numpy_Converted A0EVW8XL
2025-04-12 19:32:48,503 - INFO - Ingress_Exit ON92DZFX
2025-04-12 19:32:48,926 - INFO - Ingress_Enter BX9NKJWK
2025-04-12 19:32:48,944 - INFO - Ingress_Input_Decoded BX9NKJWK
2025-04-12 19:32:48,946 - INFO - Ingress_Numpy_Converted BX9NKJWK
2025-04-12 19:32:49,490 - INFO - Ingress_Exit BX9NKJWK
2025-04-12 19:32:49,673 - INFO - Ingress_Exit A0EVW8XL
