2025-04-01 03:14:18,582 - INFO - Ingress_Enter 198VG9OA
2025-04-01 03:14:18,612 - INFO - Ingress_Enter QF51ZF6N
2025-04-01 03:14:18,629 - INFO - Ingress_Enter XTMD4Q49
2025-04-01 03:14:18,839 - INFO - Ingress_Enter 9SQD463P
2025-04-01 03:14:19,065 - INFO - Ingress_Enter 9TRA8HL4
2025-04-01 03:14:19,197 - INFO - Ingress_Enter 72K3G6YQ
2025-04-01 03:14:19,198 - INFO - Ingress_Enter B54MKQ88
2025-04-01 03:14:19,466 - INFO - Ingress_Enter 12Y2H4VX
2025-04-01 03:14:19,562 - INFO - Ingress_Enter XQOVSVDI
2025-04-01 03:14:19,674 - INFO - Ingress_Exit XTMD4Q49
2025-04-01 03:14:19,714 - INFO - Ingress_Exit QF51ZF6N
2025-04-01 03:14:19,790 - INFO - Ingress_Exit 9SQD463P
2025-04-01 03:14:19,797 - INFO - Ingress_Exit 198VG9OA
2025-04-01 03:14:19,898 - INFO - Ingress_Enter D6X746EB
2025-04-01 03:14:19,918 - INFO - Ingress_Enter MDGOHETQ
2025-04-01 03:14:20,089 - INFO - Ingress_Exit 9TRA8HL4
2025-04-01 03:14:20,102 - INFO - Ingress_Enter YVJQINFU
2025-04-01 03:14:20,120 - INFO - Ingress_Enter UWLKP3RO
2025-04-01 03:14:20,161 - INFO - Ingress_Enter YF7YJ8EM
2025-04-01 03:14:20,222 - INFO - Ingress_Enter J5IPL2OO
2025-04-01 03:14:20,466 - INFO - Ingress_Enter UO8LK4EY
2025-04-01 03:14:20,516 - INFO - Ingress_Exit XQOVSVDI
2025-04-01 03:14:20,527 - INFO - Ingress_Exit 72K3G6YQ
2025-04-01 03:14:20,692 - INFO - Ingress_Exit B54MKQ88
2025-04-01 03:14:20,709 - INFO - Ingress_Enter V1HTT991
2025-04-01 03:14:20,788 - INFO - Ingress_Enter 6UHHDQ03
2025-04-01 03:14:20,810 - INFO - Ingress_Enter 0XARJ60P
2025-04-01 03:14:20,963 - INFO - Ingress_Enter XHUJD0I3
2025-04-01 03:14:20,970 - INFO - Ingress_Exit MDGOHETQ
2025-04-01 03:14:21,084 - INFO - Ingress_Exit 12Y2H4VX
2025-04-01 03:14:21,188 - INFO - Ingress_Exit D6X746EB
2025-04-01 03:14:21,192 - INFO - Ingress_Exit YVJQINFU
2025-04-01 03:14:21,435 - INFO - Ingress_Exit UWLKP3RO
2025-04-01 03:14:21,737 - INFO - Ingress_Enter VBGEVWX6
2025-04-01 03:14:21,826 - INFO - Ingress_Exit J5IPL2OO
2025-04-01 03:14:21,881 - INFO - Ingress_Enter OOKQ2ZFE
2025-04-01 03:14:21,926 - INFO - Ingress_Enter FPOCD9ZT
2025-04-01 03:14:21,983 - INFO - Ingress_Exit UO8LK4EY
2025-04-01 03:14:22,044 - INFO - Ingress_Enter NZDLX4VT
2025-04-01 03:14:22,116 - INFO - Ingress_Exit YF7YJ8EM
2025-04-01 03:14:22,120 - INFO - Ingress_Exit V1HTT991
2025-04-01 03:14:22,198 - INFO - Ingress_Enter 1KS7MSEK
2025-04-01 03:14:22,301 - INFO - Ingress_Enter DA89KUA2
2025-04-01 03:14:22,328 - INFO - Ingress_Exit 6UHHDQ03
2025-04-01 03:14:22,354 - INFO - Ingress_Enter 13U8WD3V
2025-04-01 03:14:22,370 - INFO - Ingress_Enter NXXNBJJZ
2025-04-01 03:14:22,413 - INFO - Ingress_Enter DI4U5VDO
2025-04-01 03:14:22,597 - INFO - Ingress_Enter ATKHLFLF
2025-04-01 03:14:22,754 - INFO - Ingress_Enter 5OTPGEFO
2025-04-01 03:14:22,864 - INFO - Ingress_Exit 0XARJ60P
2025-04-01 03:14:22,891 - INFO - Ingress_Exit XHUJD0I3
2025-04-01 03:14:22,993 - INFO - Ingress_Exit VBGEVWX6
2025-04-01 03:14:23,058 - INFO - Ingress_Exit FPOCD9ZT
2025-04-01 03:14:23,273 - INFO - Ingress_Enter 3MRE8MU7
2025-04-01 03:14:23,317 - INFO - Ingress_Enter UOC91R6V
2025-04-01 03:14:23,361 - INFO - Ingress_Enter 68VLTKX8
2025-04-01 03:14:23,507 - INFO - Ingress_Enter 2D736XVR
2025-04-01 03:14:23,555 - INFO - Ingress_Exit NZDLX4VT
2025-04-01 03:14:23,561 - INFO - Ingress_Exit 1KS7MSEK
2025-04-01 03:14:23,565 - INFO - Ingress_Exit OOKQ2ZFE
2025-04-01 03:14:23,607 - INFO - Ingress_Exit DA89KUA2
2025-04-01 03:14:23,946 - INFO - Ingress_Exit 13U8WD3V
2025-04-01 03:14:24,079 - INFO - Ingress_Enter 0JC9B16J
2025-04-01 03:14:24,137 - INFO - Ingress_Exit NXXNBJJZ
2025-04-01 03:14:24,142 - INFO - Ingress_Exit ATKHLFLF
2025-04-01 03:14:24,171 - INFO - Ingress_Enter 0XPA9QGS
2025-04-01 03:14:24,190 - INFO - Ingress_Exit DI4U5VDO
2025-04-01 03:14:24,252 - INFO - Ingress_Exit 5OTPGEFO
2025-04-01 03:14:24,415 - INFO - Ingress_Enter 6UN5LLXX
2025-04-01 03:14:24,566 - INFO - Ingress_Enter OW5OLRNQ
2025-04-01 03:14:24,602 - INFO - Ingress_Enter 5Q10K5ID
2025-04-01 03:14:24,660 - INFO - Ingress_Enter HCW156BO
2025-04-01 03:14:24,839 - INFO - Ingress_Enter D71POW1Y
2025-04-01 03:14:25,019 - INFO - Ingress_Exit 3MRE8MU7
2025-04-01 03:14:25,020 - INFO - Ingress_Exit UOC91R6V
2025-04-01 03:14:25,121 - INFO - Ingress_Enter 3K9UJ7FA
2025-04-01 03:14:25,135 - INFO - Ingress_Exit 68VLTKX8
2025-04-01 03:14:25,151 - INFO - Ingress_Enter 90V0AFLI
2025-04-01 03:14:25,399 - INFO - Ingress_Enter MPXJ7HXQ
2025-04-01 03:14:25,416 - INFO - Ingress_Enter 9SFWZU48
2025-04-01 03:14:25,417 - INFO - Ingress_Exit 2D736XVR
2025-04-01 03:14:25,454 - INFO - Ingress_Exit 0JC9B16J
2025-04-01 03:14:25,506 - INFO - Ingress_Enter 7ZM4AHJG
2025-04-01 03:14:25,742 - INFO - Ingress_Exit 0XPA9QGS
2025-04-01 03:14:25,752 - INFO - Ingress_Enter M197T448
2025-04-01 03:14:25,910 - INFO - Ingress_Exit 6UN5LLXX
2025-04-01 03:14:25,912 - INFO - Ingress_Exit OW5OLRNQ
2025-04-01 03:14:25,929 - INFO - Ingress_Enter KRVGJEZ8
2025-04-01 03:14:25,959 - INFO - Ingress_Enter PN3DDY2Z
2025-04-01 03:14:25,984 - INFO - Ingress_Exit 5Q10K5ID
2025-04-01 03:14:26,035 - INFO - Ingress_Enter 5EHLYGHJ
2025-04-01 03:14:26,122 - INFO - Ingress_Enter 5V9L6213
2025-04-01 03:14:26,212 - INFO - Ingress_Enter 8JS648A8
2025-04-01 03:14:26,331 - INFO - Ingress_Enter W5KMK88N
2025-04-01 03:14:26,454 - INFO - Ingress_Enter 8VT5MHW9
2025-04-01 03:14:26,464 - INFO - Ingress_Exit D71POW1Y
2025-04-01 03:14:26,548 - INFO - Ingress_Exit HCW156BO
2025-04-01 03:14:26,555 - INFO - Ingress_Exit 3K9UJ7FA
2025-04-01 03:14:26,698 - INFO - Ingress_Enter 992K98I1
2025-04-01 03:14:26,762 - INFO - Ingress_Exit 90V0AFLI
2025-04-01 03:14:26,764 - INFO - Ingress_Exit MPXJ7HXQ
2025-04-01 03:14:26,766 - INFO - Ingress_Exit 7ZM4AHJG
2025-04-01 03:14:26,864 - INFO - Ingress_Exit 9SFWZU48
2025-04-01 03:14:26,921 - INFO - Ingress_Enter I41B8GU5
2025-04-01 03:14:27,034 - INFO - Ingress_Enter 8VCO1AJ7
2025-04-01 03:14:27,086 - INFO - Ingress_Enter XFIZUQ8X
2025-04-01 03:14:27,167 - INFO - Ingress_Enter KD5OJV63
2025-04-01 03:14:27,189 - INFO - Ingress_Exit M197T448
2025-04-01 03:14:27,229 - INFO - Ingress_Enter Y36K2PD6
2025-04-01 03:14:27,342 - INFO - Ingress_Enter SJ4OWZ5O
2025-04-01 03:14:27,366 - INFO - Ingress_Enter 4Z9CPU5C
2025-04-01 03:14:27,424 - INFO - Ingress_Exit KRVGJEZ8
2025-04-01 03:14:27,469 - INFO - Ingress_Enter NMR1XC45
2025-04-01 03:14:27,526 - INFO - Ingress_Enter A3935SZA
2025-04-01 03:14:27,545 - INFO - Ingress_Enter 4PD3LLYV
2025-04-01 03:14:27,722 - INFO - Ingress_Exit 5V9L6213
2025-04-01 03:14:27,844 - INFO - Ingress_Exit PN3DDY2Z
2025-04-01 03:14:27,847 - INFO - Ingress_Exit 5EHLYGHJ
2025-04-01 03:14:28,156 - INFO - Ingress_Enter VE6VQE2I
2025-04-01 03:14:28,158 - INFO - Ingress_Enter 0VFOPC3K
2025-04-01 03:14:28,205 - INFO - Ingress_Enter LDKYBGA7
2025-04-01 03:14:28,240 - INFO - Ingress_Enter DC5LLFHV
2025-04-01 03:14:28,403 - INFO - Ingress_Exit 8JS648A8
2025-04-01 03:14:28,685 - INFO - Ingress_Exit I41B8GU5
2025-04-01 03:14:28,688 - INFO - Ingress_Exit 8VT5MHW9
2025-04-01 03:14:28,691 - INFO - Ingress_Exit 992K98I1
2025-04-01 03:14:28,725 - INFO - Ingress_Exit W5KMK88N
2025-04-01 03:14:29,004 - INFO - Ingress_Exit XFIZUQ8X
2025-04-01 03:14:29,005 - INFO - Ingress_Exit 8VCO1AJ7
2025-04-01 03:14:29,064 - INFO - Ingress_Enter ZLNSJ2EJ
2025-04-01 03:14:29,199 - INFO - Ingress_Enter OAOULMFQ
2025-04-01 03:14:29,368 - INFO - Ingress_Exit KD5OJV63
2025-04-01 03:14:29,458 - INFO - Ingress_Enter 123NPRPU
2025-04-01 03:14:29,476 - INFO - Ingress_Enter WKLXQ5DR
2025-04-01 03:14:29,574 - INFO - Ingress_Enter KZOTIQUA
2025-04-01 03:14:29,748 - INFO - Ingress_Exit SJ4OWZ5O
2025-04-01 03:14:29,915 - INFO - Ingress_Enter O0NYSNE3
2025-04-01 03:14:29,927 - INFO - Ingress_Exit Y36K2PD6
2025-04-01 03:14:30,023 - INFO - Ingress_Enter LO50M26K
2025-04-01 03:14:30,087 - INFO - Ingress_Enter 53BO1M67
2025-04-01 03:14:30,087 - INFO - Ingress_Enter 27XMAZN5
2025-04-01 03:14:30,226 - INFO - Ingress_Enter GCH7HWJR
2025-04-01 03:14:30,270 - INFO - Ingress_Exit NMR1XC45
2025-04-01 03:14:30,275 - INFO - Ingress_Exit 4PD3LLYV
2025-04-01 03:14:30,431 - INFO - Ingress_Exit 4Z9CPU5C
2025-04-01 03:14:30,433 - INFO - Ingress_Exit A3935SZA
2025-04-01 03:14:31,014 - INFO - Ingress_Enter 8MHYHFIU
2025-04-01 03:14:31,045 - INFO - Ingress_Exit VE6VQE2I
2025-04-01 03:14:31,054 - INFO - Ingress_Exit 0VFOPC3K
2025-04-01 03:14:31,114 - INFO - Ingress_Enter HEWEP92R
2025-04-01 03:14:31,131 - INFO - Ingress_Enter 7GYGADMZ
2025-04-01 03:14:31,287 - INFO - Ingress_Exit ZLNSJ2EJ
2025-04-01 03:14:31,289 - INFO - Ingress_Exit OAOULMFQ
2025-04-01 03:14:31,291 - INFO - Ingress_Exit 123NPRPU
2025-04-01 03:14:31,410 - INFO - Ingress_Enter PEYLXD6Q
2025-04-01 03:14:31,425 - INFO - Ingress_Exit LDKYBGA7
2025-04-01 03:14:31,514 - INFO - Ingress_Exit O0NYSNE3
2025-04-01 03:14:31,533 - INFO - Ingress_Enter 0FPUT2VC
2025-04-01 03:14:31,535 - INFO - Ingress_Enter 1YD1O31M
2025-04-01 03:14:31,594 - INFO - Ingress_Exit DC5LLFHV
2025-04-01 03:14:31,603 - INFO - Ingress_Enter 8IRCNNNO
2025-04-01 03:14:31,656 - INFO - Ingress_Exit KZOTIQUA
2025-04-01 03:14:32,061 - INFO - Ingress_Enter ND3XVLR9
2025-04-01 03:14:32,147 - INFO - Ingress_Enter R5V5AWN6
2025-04-01 03:14:32,348 - INFO - Ingress_Exit LO50M26K
2025-04-01 03:14:32,352 - INFO - Ingress_Exit 53BO1M67
2025-04-01 03:14:32,484 - INFO - Ingress_Enter RAUOBLVS
2025-04-01 03:14:32,487 - INFO - Ingress_Enter 2COQ2ULK
2025-04-01 03:14:32,522 - INFO - Ingress_Enter 77CN17L0
2025-04-01 03:14:32,543 - INFO - Ingress_Enter EMTK1ZTX
2025-04-01 03:14:32,567 - INFO - Ingress_Enter FJ0QZRF0
2025-04-01 03:14:32,596 - INFO - Ingress_Enter ZDH4JKTM
2025-04-01 03:14:32,613 - INFO - Ingress_Exit WKLXQ5DR
2025-04-01 03:14:32,615 - INFO - Ingress_Exit 27XMAZN5
2025-04-01 03:14:32,766 - INFO - Ingress_Exit GCH7HWJR
2025-04-01 03:14:32,836 - INFO - Ingress_Enter 2T1HY0F2
2025-04-01 03:14:32,963 - INFO - Ingress_Enter ZXLGYVN3
2025-04-01 03:14:32,966 - INFO - Ingress_Enter J41HHY2C
2025-04-01 03:14:33,274 - INFO - Ingress_Enter 8T53R5ST
2025-04-01 03:14:33,407 - INFO - Ingress_Exit HEWEP92R
2025-04-01 03:14:33,410 - INFO - Ingress_Exit 8MHYHFIU
2025-04-01 03:14:33,486 - INFO - Ingress_Exit 7GYGADMZ
2025-04-01 03:14:33,614 - INFO - Ingress_Exit PEYLXD6Q
2025-04-01 03:14:33,615 - INFO - Ingress_Exit 0FPUT2VC
2025-04-01 03:14:33,793 - INFO - Ingress_Enter WNF6TPQV
2025-04-01 03:14:33,866 - INFO - Ingress_Enter WCEY7OL6
2025-04-01 03:14:33,902 - INFO - Ingress_Exit 1YD1O31M
2025-04-01 03:14:33,903 - INFO - Ingress_Exit 8IRCNNNO
2025-04-01 03:14:34,080 - INFO - Ingress_Exit ND3XVLR9
2025-04-01 03:14:34,167 - INFO - Ingress_Enter ZLMSUSVB
2025-04-01 03:14:34,253 - INFO - Ingress_Enter T6X3737A
2025-04-01 03:14:34,279 - INFO - Ingress_Enter TIWALTDV
2025-04-01 03:14:34,388 - INFO - Ingress_Exit R5V5AWN6
2025-04-01 03:14:34,394 - INFO - Ingress_Enter CU8A96O4
2025-04-01 03:14:34,409 - INFO - Ingress_Enter 1QNOQ3I6
2025-04-01 03:14:34,462 - INFO - Ingress_Enter AEZ2W4KA
2025-04-01 03:14:34,512 - INFO - Ingress_Exit RAUOBLVS
2025-04-01 03:14:34,514 - INFO - Ingress_Exit 2COQ2ULK
2025-04-01 03:14:34,622 - INFO - Ingress_Exit 77CN17L0
2025-04-01 03:14:34,804 - INFO - Ingress_Exit EMTK1ZTX
2025-04-01 03:14:34,847 - INFO - Ingress_Enter YQ66M2YB
2025-04-01 03:14:34,903 - INFO - Ingress_Enter Y668HGWR
2025-04-01 03:14:34,915 - INFO - Ingress_Exit FJ0QZRF0
2025-04-01 03:14:34,920 - INFO - Ingress_Exit ZDH4JKTM
2025-04-01 03:14:35,024 - INFO - Ingress_Enter EX6IY5IS
2025-04-01 03:14:35,252 - INFO - Ingress_Enter U78TCR2J
2025-04-01 03:14:35,339 - INFO - Ingress_Enter VW73SMCW
2025-04-01 03:14:35,375 - INFO - Ingress_Exit 2T1HY0F2
2025-04-01 03:14:35,418 - INFO - Ingress_Enter UFKBXI9P
2025-04-01 03:14:35,480 - INFO - Ingress_Enter ANPQLR8A
2025-04-01 03:14:35,519 - INFO - Ingress_Exit ZXLGYVN3
2025-04-01 03:14:35,589 - INFO - Ingress_Enter EQHFJ0D9
2025-04-01 03:14:35,701 - INFO - Ingress_Enter 80770KZA
2025-04-01 03:14:35,722 - INFO - Ingress_Enter UPUAMSGQ
2025-04-01 03:14:35,770 - INFO - Ingress_Exit J41HHY2C
2025-04-01 03:14:35,838 - INFO - Ingress_Exit 8T53R5ST
2025-04-01 03:14:35,839 - INFO - Ingress_Exit WNF6TPQV
2025-04-01 03:14:36,065 - INFO - Ingress_Exit ZLMSUSVB
2025-04-01 03:14:36,361 - INFO - Ingress_Exit WCEY7OL6
2025-04-01 03:14:36,372 - INFO - Ingress_Enter IZM5TJ8N
2025-04-01 03:14:36,380 - INFO - Ingress_Exit TIWALTDV
2025-04-01 03:14:36,488 - INFO - Ingress_Exit T6X3737A
2025-04-01 03:14:36,506 - INFO - Ingress_Enter IYT0F4N6
2025-04-01 03:14:36,543 - INFO - Ingress_Enter SSFDFQR9
2025-04-01 03:14:36,601 - INFO - Ingress_Enter 3P0138NX
2025-04-01 03:14:36,643 - INFO - Ingress_Enter K6712N29
2025-04-01 03:14:36,669 - INFO - Ingress_Exit CU8A96O4
2025-04-01 03:14:36,714 - INFO - Ingress_Exit 1QNOQ3I6
2025-04-01 03:14:36,766 - INFO - Ingress_Exit AEZ2W4KA
2025-04-01 03:14:36,887 - INFO - Ingress_Enter F3YZ8F12
2025-04-01 03:14:37,092 - INFO - Ingress_Enter J7AJWSGC
2025-04-01 03:14:37,110 - INFO - Ingress_Exit YQ66M2YB
2025-04-01 03:14:37,159 - INFO - Ingress_Enter X5BFMSJE
2025-04-01 03:14:37,206 - INFO - Ingress_Enter IPY61QKT
2025-04-01 03:14:37,336 - INFO - Ingress_Enter L68L4C99
2025-04-01 03:14:37,425 - INFO - Ingress_Exit Y668HGWR
2025-04-01 03:14:37,430 - INFO - Ingress_Exit EX6IY5IS
2025-04-01 03:14:37,648 - INFO - Ingress_Exit ANPQLR8A
2025-04-01 03:14:37,682 - INFO - Ingress_Exit U78TCR2J
2025-04-01 03:14:37,999 - INFO - Ingress_Exit UFKBXI9P
2025-04-01 03:14:38,082 - INFO - Ingress_Exit VW73SMCW
2025-04-01 03:14:38,085 - INFO - Ingress_Enter 6RFB0DLQ
2025-04-01 03:14:38,091 - INFO - Ingress_Enter G1BA4ZY4
2025-04-01 03:14:38,180 - INFO - Ingress_Exit EQHFJ0D9
2025-04-01 03:14:38,188 - INFO - Ingress_Exit 80770KZA
2025-04-01 03:14:38,348 - INFO - Ingress_Enter 6K7C9Z47
2025-04-01 03:14:38,372 - INFO - Ingress_Exit UPUAMSGQ
2025-04-01 03:14:38,376 - INFO - Ingress_Enter WKRAOGDU
2025-04-01 03:14:38,450 - INFO - Ingress_Enter CVPJC4MY
2025-04-01 03:14:38,474 - INFO - Ingress_Exit IZM5TJ8N
2025-04-01 03:14:38,475 - INFO - Ingress_Exit IYT0F4N6
2025-04-01 03:14:38,528 - INFO - Ingress_Exit SSFDFQR9
2025-04-01 03:14:38,564 - INFO - Ingress_Enter 482HA0FF
2025-04-01 03:14:38,607 - INFO - Ingress_Enter 32SD8HSC
2025-04-01 03:14:38,858 - INFO - Ingress_Exit 3P0138NX
2025-04-01 03:14:38,919 - INFO - Ingress_Enter ATIUDDI3
2025-04-01 03:14:39,046 - INFO - Ingress_Enter BL6IT53M
2025-04-01 03:14:39,136 - INFO - Ingress_Exit K6712N29
2025-04-01 03:14:39,245 - INFO - Ingress_Enter X6IC4FXO
2025-04-01 03:14:39,271 - INFO - Ingress_Enter VG3YET6H
2025-04-01 03:14:39,285 - INFO - Ingress_Exit F3YZ8F12
2025-04-01 03:14:39,300 - INFO - Ingress_Enter AUD7HGFQ
2025-04-01 03:14:39,473 - INFO - Ingress_Exit X5BFMSJE
2025-04-01 03:14:39,475 - INFO - Ingress_Exit J7AJWSGC
2025-04-01 03:14:39,552 - INFO - Ingress_Enter JR7A585J
2025-04-01 03:14:39,625 - INFO - Ingress_Enter LB6IIUVF
2025-04-01 03:14:39,745 - INFO - Ingress_Enter M6DPWCDK
2025-04-01 03:14:39,829 - INFO - Ingress_Enter ANFE969N
2025-04-01 03:14:39,867 - INFO - Ingress_Enter JNA6JT9C
2025-04-01 03:14:39,931 - INFO - Ingress_Enter XENVGVAG
2025-04-01 03:14:40,049 - INFO - Ingress_Exit IPY61QKT
2025-04-01 03:14:40,423 - INFO - Ingress_Exit L68L4C99
2025-04-01 03:14:40,424 - INFO - Ingress_Exit 6RFB0DLQ
2025-04-01 03:14:40,890 - INFO - Ingress_Enter 8817I57O
2025-04-01 03:14:41,032 - INFO - Ingress_Exit G1BA4ZY4
2025-04-01 03:14:41,057 - INFO - Ingress_Enter R77JRQCE
2025-04-01 03:14:41,111 - INFO - Ingress_Enter QNNAJ62T
2025-04-01 03:14:41,138 - INFO - Ingress_Enter 7T55ONW1
2025-04-01 03:14:41,173 - INFO - Ingress_Enter 3AVK1MH3
2025-04-01 03:14:41,198 - INFO - Ingress_Enter XCN4JSP6
2025-04-01 03:14:41,310 - INFO - Ingress_Enter 0PX706H2
2025-04-01 03:14:41,315 - INFO - Ingress_Exit WKRAOGDU
2025-04-01 03:14:41,363 - INFO - Ingress_Exit 6K7C9Z47
2025-04-01 03:14:41,364 - INFO - Ingress_Exit 482HA0FF
2025-04-01 03:14:41,502 - INFO - Ingress_Exit X6IC4FXO
2025-04-01 03:14:41,568 - INFO - Ingress_Enter AFHC2D7O
2025-04-01 03:14:41,772 - INFO - Ingress_Exit CVPJC4MY
2025-04-01 03:14:41,774 - INFO - Ingress_Exit 32SD8HSC
2025-04-01 03:14:41,776 - INFO - Ingress_Exit ATIUDDI3
2025-04-01 03:14:41,778 - INFO - Ingress_Exit BL6IT53M
2025-04-01 03:14:41,802 - INFO - Ingress_Enter 55XEPBPS
2025-04-01 03:14:41,840 - INFO - Ingress_Exit VG3YET6H
2025-04-01 03:14:41,858 - INFO - Ingress_Enter 65TZNBKB
2025-04-01 03:14:41,872 - INFO - Ingress_Enter 9HEGZOUB
2025-04-01 03:14:42,048 - INFO - Ingress_Exit AUD7HGFQ
2025-04-01 03:14:42,318 - INFO - Ingress_Enter QSTCRHQJ
2025-04-01 03:14:42,399 - INFO - Ingress_Exit LB6IIUVF
2025-04-01 03:14:42,476 - INFO - Ingress_Exit ANFE969N
2025-04-01 03:14:42,477 - INFO - Ingress_Exit M6DPWCDK
2025-04-01 03:14:42,591 - INFO - Ingress_Enter 5FTXJ1YV
2025-04-01 03:14:42,661 - INFO - Ingress_Enter 70I026GE
2025-04-01 03:14:42,740 - INFO - Ingress_Enter GU6P35FX
2025-04-01 03:14:42,758 - INFO - Ingress_Enter HH4HJEA8
2025-04-01 03:14:42,797 - INFO - Ingress_Exit JR7A585J
2025-04-01 03:14:42,880 - INFO - Ingress_Enter 4UI32EHW
2025-04-01 03:14:42,950 - INFO - Ingress_Enter 9N68HZXP
2025-04-01 03:14:42,951 - INFO - Ingress_Exit R77JRQCE
2025-04-01 03:14:42,958 - INFO - Ingress_Exit JNA6JT9C
2025-04-01 03:14:42,960 - INFO - Ingress_Exit 8817I57O
2025-04-01 03:14:42,998 - INFO - Ingress_Exit XENVGVAG
2025-04-01 03:14:43,091 - INFO - Ingress_Enter SGYWFBDI
2025-04-01 03:14:43,205 - INFO - Ingress_Enter 405F2L0C
2025-04-01 03:14:43,234 - INFO - Ingress_Exit QNNAJ62T
2025-04-01 03:14:43,320 - INFO - Ingress_Enter MD9JXLM5
2025-04-01 03:14:43,361 - INFO - Ingress_Exit 0PX706H2
2025-04-01 03:14:43,402 - INFO - Ingress_Enter LIBABUE4
2025-04-01 03:14:43,428 - INFO - Ingress_Enter P46V6H7V
2025-04-01 03:14:43,486 - INFO - Ingress_Exit 7T55ONW1
2025-04-01 03:14:43,494 - INFO - Ingress_Exit XCN4JSP6
2025-04-01 03:14:43,593 - INFO - Ingress_Enter 9IID0YMQ
2025-04-01 03:14:43,619 - INFO - Ingress_Enter F7AF6IIH
2025-04-01 03:14:43,684 - INFO - Ingress_Enter EVH50Z1P
2025-04-01 03:14:43,716 - INFO - Ingress_Exit 3AVK1MH3
2025-04-01 03:14:43,732 - INFO - Ingress_Enter 5KL9D5VX
2025-04-01 03:14:44,050 - INFO - Ingress_Enter BZ89VVS4
2025-04-01 03:14:44,056 - INFO - Ingress_Enter YOSRFT6F
2025-04-01 03:14:44,075 - INFO - Ingress_Enter BHHVBML3
2025-04-01 03:14:44,113 - INFO - Ingress_Enter BVP3JVSD
2025-04-01 03:14:44,240 - INFO - Ingress_Enter O6XTPDKL
2025-04-01 03:14:44,334 - INFO - Ingress_Enter W47A9UHA
2025-04-01 03:14:44,364 - INFO - Ingress_Enter 15O44840
2025-04-01 03:14:44,681 - INFO - Ingress_Enter 831T1RMJ
2025-04-01 03:14:44,729 - INFO - Ingress_Exit 65TZNBKB
2025-04-01 03:14:44,873 - INFO - Ingress_Exit 9HEGZOUB
2025-04-01 03:14:44,876 - INFO - Ingress_Exit AFHC2D7O
2025-04-01 03:14:44,879 - INFO - Ingress_Exit 55XEPBPS
2025-04-01 03:14:44,948 - INFO - Ingress_Exit QSTCRHQJ
2025-04-01 03:14:44,965 - INFO - Ingress_Exit 5FTXJ1YV
2025-04-01 03:14:44,967 - INFO - Ingress_Exit 70I026GE
2025-04-01 03:14:45,564 - INFO - Ingress_Exit 9N68HZXP
2025-04-01 03:14:45,728 - INFO - Ingress_Enter LNG2UCPW
2025-04-01 03:14:45,750 - INFO - Ingress_Enter MC7KU9ZZ
2025-04-01 03:14:45,777 - INFO - Ingress_Enter 92R8XJIC
2025-04-01 03:14:45,824 - INFO - Ingress_Enter AJ7NV249
2025-04-01 03:14:45,883 - INFO - Ingress_Exit HH4HJEA8
2025-04-01 03:14:45,921 - INFO - Ingress_Exit 4UI32EHW
2025-04-01 03:14:45,922 - INFO - Ingress_Enter 0XKWTWEO
2025-04-01 03:14:45,937 - INFO - Ingress_Enter NR038WQC
2025-04-01 03:14:45,975 - INFO - Ingress_Enter MSHOEANS
2025-04-01 03:14:45,977 - INFO - Ingress_Exit GU6P35FX
2025-04-01 03:14:45,977 - INFO - Ingress_Exit P46V6H7V
2025-04-01 03:14:46,079 - INFO - Ingress_Enter Q41IK2WN
2025-04-01 03:14:46,256 - INFO - Ingress_Enter K5FUL0AU
2025-04-01 03:14:46,273 - INFO - Ingress_Enter NQ1V59J0
2025-04-01 03:14:46,368 - INFO - Ingress_Exit LIBABUE4
2025-04-01 03:14:46,378 - INFO - Ingress_Enter X6U1F96X
2025-04-01 03:14:46,406 - INFO - Ingress_Enter 28AJI9HT
2025-04-01 03:14:46,468 - INFO - Ingress_Enter 2XMBWV0K
2025-04-01 03:14:46,892 - INFO - Ingress_Exit SGYWFBDI
2025-04-01 03:14:47,116 - INFO - Ingress_Enter PI6WEM63
2025-04-01 03:14:47,138 - INFO - Ingress_Exit MD9JXLM5
2025-04-01 03:14:47,140 - INFO - Ingress_Exit 405F2L0C
2025-04-01 03:14:47,465 - INFO - Ingress_Exit BZ89VVS4
2025-04-01 03:14:47,595 - INFO - Ingress_Exit F7AF6IIH
2025-04-01 03:14:47,597 - INFO - Ingress_Exit YOSRFT6F
2025-04-01 03:14:47,820 - INFO - Ingress_Enter U647DG7J
2025-04-01 03:14:47,871 - INFO - Ingress_Enter PS758VW9
2025-04-01 03:14:47,874 - INFO - Ingress_Exit W47A9UHA
2025-04-01 03:14:47,897 - INFO - Ingress_Exit O6XTPDKL
2025-04-01 03:14:48,147 - INFO - Ingress_Exit BVP3JVSD
2025-04-01 03:14:48,149 - INFO - Ingress_Exit 15O44840
2025-04-01 03:14:48,274 - INFO - Ingress_Enter BDU1INJM
2025-04-01 03:14:48,403 - INFO - Ingress_Enter Q0PWJ85Y
2025-04-01 03:14:48,478 - INFO - Ingress_Exit LNG2UCPW
2025-04-01 03:14:48,478 - INFO - Ingress_Exit MC7KU9ZZ
2025-04-01 03:14:48,599 - INFO - Ingress_Enter JG1XEGM7
2025-04-01 03:14:48,748 - INFO - Ingress_Enter 4J2YXLD0
2025-04-01 03:14:48,783 - INFO - Ingress_Enter OLA3WO25
2025-04-01 03:14:48,880 - INFO - Ingress_Enter VOJXMHRB
2025-04-01 03:14:48,883 - INFO - Ingress_Exit 9IID0YMQ
2025-04-01 03:14:48,898 - INFO - Ingress_Enter 6UXG79PH
2025-04-01 03:14:48,910 - INFO - Ingress_Enter GSGBXHGU
2025-04-01 03:14:49,029 - INFO - Ingress_Exit NQ1V59J0
2025-04-01 03:14:49,093 - INFO - Ingress_Enter K0AA9FVZ
2025-04-01 03:14:49,102 - INFO - Ingress_Exit BHHVBML3
2025-04-01 03:14:49,105 - INFO - Ingress_Exit 831T1RMJ
2025-04-01 03:14:49,351 - INFO - Ingress_Enter MCR3CZWF
2025-04-01 03:14:49,381 - INFO - Ingress_Exit AJ7NV249
2025-04-01 03:14:49,570 - INFO - Ingress_Enter XFHA23TP
2025-04-01 03:14:49,694 - INFO - Ingress_Enter 4LXK8K60
2025-04-01 03:14:49,710 - INFO - Ingress_Enter UG95VA99
2025-04-01 03:14:49,722 - INFO - Ingress_Enter BLEOSO5S
2025-04-01 03:14:49,747 - INFO - Ingress_Exit MSHOEANS
2025-04-01 03:14:49,751 - INFO - Ingress_Exit K5FUL0AU
2025-04-01 03:14:49,807 - INFO - Ingress_Exit EVH50Z1P
2025-04-01 03:14:49,808 - INFO - Ingress_Exit Q41IK2WN
2025-04-01 03:14:49,887 - INFO - Ingress_Enter KNF1CZ4D
2025-04-01 03:14:49,895 - INFO - Ingress_Enter 7BE3H60H
2025-04-01 03:14:49,929 - INFO - Ingress_Exit 5KL9D5VX
2025-04-01 03:14:49,931 - INFO - Ingress_Exit 92R8XJIC
2025-04-01 03:14:49,934 - INFO - Ingress_Exit 28AJI9HT
2025-04-01 03:14:50,129 - INFO - Ingress_Exit 0XKWTWEO
2025-04-01 03:14:50,178 - INFO - Ingress_Enter PHSZHDP0
2025-04-01 03:14:50,215 - INFO - Ingress_Enter C9NDEZAE
2025-04-01 03:14:50,287 - INFO - Ingress_Enter 6OW1P6T0
2025-04-01 03:14:50,467 - INFO - Ingress_Enter PQHV6WFD
2025-04-01 03:14:50,482 - INFO - Ingress_Enter 5UK9WEPA
2025-04-01 03:14:50,483 - INFO - Ingress_Enter HKFDYV1A
2025-04-01 03:14:50,495 - INFO - Ingress_Enter D1DIJ0G4
2025-04-01 03:14:50,613 - INFO - Ingress_Exit X6U1F96X
2025-04-01 03:14:51,324 - INFO - Ingress_Exit 4J2YXLD0
2025-04-01 03:14:51,658 - INFO - Ingress_Exit U647DG7J
2025-04-01 03:14:51,660 - INFO - Ingress_Exit NR038WQC
2025-04-01 03:14:52,211 - INFO - Ingress_Exit XFHA23TP
2025-04-01 03:14:52,271 - INFO - Ingress_Exit MCR3CZWF
2025-04-01 03:14:52,278 - INFO - Ingress_Exit PS758VW9
2025-04-01 03:14:52,280 - INFO - Ingress_Exit GSGBXHGU
2025-04-01 03:14:52,463 - INFO - Ingress_Exit K0AA9FVZ
2025-04-01 03:14:52,506 - INFO - Ingress_Exit JG1XEGM7
2025-04-01 03:14:52,585 - INFO - Ingress_Exit 6UXG79PH
2025-04-01 03:14:52,586 - INFO - Ingress_Exit UG95VA99
2025-04-01 03:14:52,588 - INFO - Ingress_Exit Q0PWJ85Y
2025-04-01 03:14:52,778 - INFO - Ingress_Enter 0AO4QFHN
2025-04-01 03:14:52,841 - INFO - Ingress_Enter 7VTNI62S
2025-04-01 03:14:52,851 - INFO - Ingress_Enter 33DTK55C
2025-04-01 03:14:52,947 - INFO - Ingress_Exit PI6WEM63
2025-04-01 03:14:52,995 - INFO - Ingress_Enter 43VHXYNA
2025-04-01 03:14:53,028 - INFO - Ingress_Enter 01074SIM
2025-04-01 03:14:53,072 - INFO - Ingress_Enter Z8SAFO0Z
2025-04-01 03:14:53,199 - INFO - Ingress_Exit BDU1INJM
2025-04-01 03:14:53,254 - INFO - Ingress_Enter 4JTTONHP
2025-04-01 03:14:53,255 - INFO - Ingress_Enter VN4HJSQT
2025-04-01 03:14:53,288 - INFO - Ingress_Enter 2ZURJLIL
2025-04-01 03:14:53,317 - INFO - Ingress_Enter XSESLCWU
2025-04-01 03:14:53,487 - INFO - Ingress_Exit VOJXMHRB
2025-04-01 03:14:53,489 - INFO - Ingress_Exit KNF1CZ4D
2025-04-01 03:14:53,563 - INFO - Ingress_Enter L3X6LZKH
2025-04-01 03:14:53,615 - INFO - Ingress_Enter V4FPX9HR
2025-04-01 03:14:53,723 - INFO - Ingress_Enter 01IRDYPH
2025-04-01 03:14:53,863 - INFO - Ingress_Enter A1M8RTZP
2025-04-01 03:14:53,904 - INFO - Ingress_Enter 0ERKS4BA
2025-04-01 03:14:53,949 - INFO - Ingress_Enter W1S7PQJK
2025-04-01 03:14:54,009 - INFO - Ingress_Exit BLEOSO5S
2025-04-01 03:14:54,011 - INFO - Ingress_Exit OLA3WO25
2025-04-01 03:14:54,020 - INFO - Ingress_Enter PTJ3JGSI
2025-04-01 03:14:54,161 - INFO - Ingress_Enter UATHMOYK
2025-04-01 03:14:54,184 - INFO - Ingress_Exit 7BE3H60H
2025-04-01 03:14:54,187 - INFO - Ingress_Exit PHSZHDP0
2025-04-01 03:14:54,258 - INFO - Ingress_Enter 3UHXDCXE
2025-04-01 03:14:54,441 - INFO - Ingress_Enter TV840N3Q
2025-04-01 03:14:54,641 - INFO - Ingress_Exit C9NDEZAE
2025-04-01 03:14:55,106 - INFO - Ingress_Enter 82XB11T7
2025-04-01 03:14:55,211 - INFO - Ingress_Exit 2XMBWV0K
2025-04-01 03:14:55,213 - INFO - Ingress_Exit 6OW1P6T0
2025-04-01 03:14:55,222 - INFO - Ingress_Enter 0WNK307U
2025-04-01 03:14:55,267 - INFO - Ingress_Exit PQHV6WFD
2025-04-01 03:14:55,269 - INFO - Ingress_Exit 5UK9WEPA
2025-04-01 03:14:55,270 - INFO - Ingress_Exit D1DIJ0G4
2025-04-01 03:14:55,277 - INFO - Ingress_Enter QPHGFPPV
2025-04-01 03:14:55,446 - INFO - Ingress_Enter R3VDUZ3X
2025-04-01 03:14:55,447 - INFO - Ingress_Enter T9ZDM53I
2025-04-01 03:14:55,462 - INFO - Ingress_Enter RCC4BQZ6
2025-04-01 03:14:55,469 - INFO - Ingress_Enter 0U6PB2A5
2025-04-01 03:14:55,556 - INFO - Ingress_Enter 50UO0WW4
2025-04-01 03:14:55,653 - INFO - Ingress_Enter M7747VOD
2025-04-01 03:14:55,692 - INFO - Ingress_Enter 6OODDKGK
2025-04-01 03:14:55,726 - INFO - Ingress_Exit 33DTK55C
2025-04-01 03:14:55,738 - INFO - Ingress_Exit 01074SIM
2025-04-01 03:14:55,837 - INFO - Ingress_Enter KHP02LFK
2025-04-01 03:14:55,940 - INFO - Ingress_Enter SNICYG45
2025-04-01 03:14:55,942 - INFO - Ingress_Enter WJ0HO47X
2025-04-01 03:14:55,955 - INFO - Ingress_Exit HKFDYV1A
2025-04-01 03:14:56,159 - INFO - Ingress_Enter 4TKN3HD3
2025-04-01 03:14:56,184 - INFO - Ingress_Exit 0AO4QFHN
2025-04-01 03:14:56,225 - INFO - Ingress_Exit 4LXK8K60
2025-04-01 03:14:56,227 - INFO - Ingress_Exit 7VTNI62S
2025-04-01 03:14:56,301 - INFO - Ingress_Enter ZCJ981IB
2025-04-01 03:14:56,332 - INFO - Ingress_Exit 2ZURJLIL
2025-04-01 03:14:56,367 - INFO - Ingress_Enter L7LFC2BA
2025-04-01 03:14:56,394 - INFO - Ingress_Enter KR1Y49YI
2025-04-01 03:14:56,402 - INFO - Ingress_Exit 01IRDYPH
2025-04-01 03:14:56,436 - INFO - Ingress_Enter LKBCY3CE
2025-04-01 03:14:56,467 - INFO - Ingress_Enter VBZ6D78I
2025-04-01 03:14:56,683 - INFO - Ingress_Exit Z8SAFO0Z
2025-04-01 03:14:57,091 - INFO - Ingress_Exit L3X6LZKH
2025-04-01 03:14:57,128 - INFO - Ingress_Exit 4JTTONHP
2025-04-01 03:14:57,742 - INFO - Ingress_Enter 3UR5HHBV
2025-04-01 03:14:57,836 - INFO - Ingress_Exit TV840N3Q
2025-04-01 03:14:57,841 - INFO - Ingress_Exit XSESLCWU
2025-04-01 03:14:57,871 - INFO - Ingress_Enter OLCQ8RQQ
2025-04-01 03:14:57,917 - INFO - Ingress_Enter JHLVP33U
2025-04-01 03:14:57,944 - INFO - Ingress_Enter HJ1GNJ6K
2025-04-01 03:14:58,013 - INFO - Ingress_Enter UL94VY6O
2025-04-01 03:14:58,151 - INFO - Ingress_Enter 4X66V66K
2025-04-01 03:14:58,234 - INFO - Ingress_Enter W6KRB58N
2025-04-01 03:14:58,251 - INFO - Ingress_Exit VN4HJSQT
2025-04-01 03:14:58,385 - INFO - Ingress_Exit PTJ3JGSI
2025-04-01 03:14:58,392 - INFO - Ingress_Exit 3UHXDCXE
2025-04-01 03:14:58,393 - INFO - Ingress_Exit 82XB11T7
2025-04-01 03:14:58,395 - INFO - Ingress_Exit 0WNK307U
2025-04-01 03:14:58,514 - INFO - Ingress_Exit 0ERKS4BA
2025-04-01 03:14:58,667 - INFO - Ingress_Exit A1M8RTZP
2025-04-01 03:14:58,792 - INFO - Ingress_Enter WOHMVIN7
2025-04-01 03:14:58,891 - INFO - Ingress_Enter 371TTDJO
2025-04-01 03:14:58,909 - INFO - Ingress_Enter Q98COXD3
2025-04-01 03:14:58,927 - INFO - Ingress_Enter 63KKASB9
2025-04-01 03:14:58,944 - INFO - Ingress_Enter DY04UX9A
2025-04-01 03:14:58,951 - INFO - Ingress_Enter SJPEAK2A
2025-04-01 03:14:58,967 - INFO - Ingress_Exit QPHGFPPV
2025-04-01 03:14:59,017 - INFO - Ingress_Enter NUDKXSKO
2025-04-01 03:14:59,044 - INFO - Ingress_Enter 7SR3KO9M
2025-04-01 03:14:59,292 - INFO - Ingress_Exit T9ZDM53I
2025-04-01 03:14:59,295 - INFO - Ingress_Exit M7747VOD
2025-04-01 03:14:59,297 - INFO - Ingress_Exit KHP02LFK
2025-04-01 03:14:59,300 - INFO - Ingress_Exit 4TKN3HD3
2025-04-01 03:14:59,490 - INFO - Ingress_Exit W1S7PQJK
2025-04-01 03:14:59,892 - INFO - Ingress_Exit 50UO0WW4
2025-04-01 03:14:59,940 - INFO - Ingress_Exit RCC4BQZ6
2025-04-01 03:14:59,942 - INFO - Ingress_Exit 0U6PB2A5
2025-04-01 03:15:00,115 - INFO - Ingress_Exit 3UR5HHBV
2025-04-01 03:15:00,222 - INFO - Ingress_Exit SNICYG45
2025-04-01 03:15:00,223 - INFO - Ingress_Exit 43VHXYNA
2025-04-01 03:15:00,285 - INFO - Ingress_Enter UEC05JL1
2025-04-01 03:15:00,303 - INFO - Ingress_Enter HKRBB3YY
2025-04-01 03:15:00,365 - INFO - Ingress_Enter SCWF1CKA
2025-04-01 03:15:00,426 - INFO - Ingress_Enter DSJ2J53G
2025-04-01 03:15:00,630 - INFO - Ingress_Enter VNBTTKDR
2025-04-01 03:15:00,665 - INFO - Ingress_Enter YV1KGFSH
2025-04-01 03:15:00,674 - INFO - Ingress_Enter EQHSEU2S
2025-04-01 03:15:00,682 - INFO - Ingress_Enter I0LYBJ8Q
2025-04-01 03:15:00,738 - INFO - Ingress_Exit KR1Y49YI
2025-04-01 03:15:00,741 - INFO - Ingress_Exit V4FPX9HR
2025-04-01 03:15:01,161 - INFO - Ingress_Exit WJ0HO47X
2025-04-01 03:15:01,214 - INFO - Ingress_Enter 7SQ185QP
2025-04-01 03:15:01,279 - INFO - Ingress_Enter QL2GGSI4
2025-04-01 03:15:01,314 - INFO - Ingress_Exit 4X66V66K
2025-04-01 03:15:01,315 - INFO - Ingress_Enter NTS08ACH
2025-04-01 03:15:01,372 - INFO - Ingress_Enter GI44V6NG
2025-04-01 03:15:01,382 - INFO - Ingress_Enter HTXAEY6I
2025-04-01 03:15:01,606 - INFO - Ingress_Exit R3VDUZ3X
2025-04-01 03:15:01,655 - INFO - Ingress_Enter QJBCH2OD
2025-04-01 03:15:01,699 - INFO - Ingress_Exit 6OODDKGK
2025-04-01 03:15:01,807 - INFO - Ingress_Enter G4FKYGZ3
2025-04-01 03:15:01,818 - INFO - Ingress_Exit L7LFC2BA
2025-04-01 03:15:01,826 - INFO - Ingress_Exit HJ1GNJ6K
2025-04-01 03:15:01,827 - INFO - Ingress_Exit UL94VY6O
2025-04-01 03:15:01,854 - INFO - Ingress_Enter ZGSCBF6D
2025-04-01 03:15:01,951 - INFO - Ingress_Enter 7OMGOS8Z
2025-04-01 03:15:01,995 - INFO - Ingress_Enter 3852NWVG
2025-04-01 03:15:02,009 - INFO - Ingress_Enter BGD1J5YP
2025-04-01 03:15:02,024 - INFO - Ingress_Enter H7WD2L0X
2025-04-01 03:15:02,064 - INFO - Ingress_Enter DBS0BBFX
2025-04-01 03:15:02,145 - INFO - Ingress_Enter 1KET7SKR
2025-04-01 03:15:02,385 - INFO - Ingress_Enter FZFZ97EZ
2025-04-01 03:15:02,477 - INFO - Ingress_Exit WOHMVIN7
2025-04-01 03:15:02,680 - INFO - Ingress_Exit ZCJ981IB
2025-04-01 03:15:02,687 - INFO - Ingress_Exit UEC05JL1
2025-04-01 03:15:02,752 - INFO - Ingress_Exit VNBTTKDR
2025-04-01 03:15:02,823 - INFO - Ingress_Exit Q98COXD3
2025-04-01 03:15:02,836 - INFO - Ingress_Exit OLCQ8RQQ
2025-04-01 03:15:03,042 - INFO - Ingress_Enter PK3UZ91B
2025-04-01 03:15:03,065 - INFO - Ingress_Exit HKRBB3YY
2025-04-01 03:15:03,158 - INFO - Ingress_Enter YZPYJQPO
2025-04-01 03:15:03,217 - INFO - Ingress_Enter 6DPC5WJ2
2025-04-01 03:15:03,249 - INFO - Ingress_Exit W6KRB58N
2025-04-01 03:15:03,280 - INFO - Ingress_Enter I5FNUCX0
2025-04-01 03:15:03,298 - INFO - Ingress_Enter LX1Z16V9
2025-04-01 03:15:03,333 - INFO - Ingress_Enter 43YFDPD5
2025-04-01 03:15:03,343 - INFO - Ingress_Enter 0TO27S5X
2025-04-01 03:15:03,585 - INFO - Ingress_Exit DY04UX9A
2025-04-01 03:15:03,587 - INFO - Ingress_Exit YV1KGFSH
2025-04-01 03:15:03,594 - INFO - Ingress_Enter KJG5ELR3
2025-04-01 03:15:03,658 - INFO - Ingress_Exit NUDKXSKO
2025-04-01 03:15:03,767 - INFO - Ingress_Enter 76PIWQ6S
2025-04-01 03:15:03,858 - INFO - Ingress_Enter A5OXIPX3
2025-04-01 03:15:03,983 - INFO - Ingress_Exit HTXAEY6I
2025-04-01 03:15:04,044 - INFO - Ingress_Enter PS833XOR
2025-04-01 03:15:04,167 - INFO - Ingress_Exit I0LYBJ8Q
2025-04-01 03:15:04,232 - INFO - Ingress_Exit UATHMOYK
2025-04-01 03:15:04,249 - INFO - Ingress_Enter EXV7A19J
2025-04-01 03:15:04,382 - INFO - Ingress_Enter 9K695YO3
2025-04-01 03:15:04,506 - INFO - Ingress_Enter JOKI7SYM
2025-04-01 03:15:04,538 - INFO - Ingress_Exit DSJ2J53G
2025-04-01 03:15:04,543 - INFO - Ingress_Enter 5LS8SNJU
2025-04-01 03:15:04,659 - INFO - Ingress_Enter GV2QKE6O
2025-04-01 03:15:04,671 - INFO - Ingress_Exit 371TTDJO
2025-04-01 03:15:04,677 - INFO - Ingress_Exit EQHSEU2S
2025-04-01 03:15:04,679 - INFO - Ingress_Exit QL2GGSI4
2025-04-01 03:15:04,681 - INFO - Ingress_Exit 7SR3KO9M
2025-04-01 03:15:04,683 - INFO - Ingress_Exit VBZ6D78I
2025-04-01 03:15:04,690 - INFO - Ingress_Exit NTS08ACH
2025-04-01 03:15:04,742 - INFO - Ingress_Enter IO7Y11M9
2025-04-01 03:15:04,775 - INFO - Ingress_Enter CJA007TN
2025-04-01 03:15:04,888 - INFO - Ingress_Enter 517DHI3Y
2025-04-01 03:15:05,087 - INFO - Ingress_Enter 3C8HOO09
2025-04-01 03:15:05,118 - INFO - Ingress_Exit JHLVP33U
2025-04-01 03:15:05,144 - INFO - Ingress_Exit LKBCY3CE
2025-04-01 03:15:05,147 - INFO - Ingress_Exit 7SQ185QP
2025-04-01 03:15:05,199 - INFO - Ingress_Enter NDCD2W4K
2025-04-01 03:15:05,233 - INFO - Ingress_Enter R62W74HM
2025-04-01 03:15:05,270 - INFO - Ingress_Enter 1WOOJ9YS
2025-04-01 03:15:05,305 - INFO - Ingress_Enter 0DS6M7ER
2025-04-01 03:15:05,428 - INFO - Ingress_Enter IHNCK2G0
2025-04-01 03:15:05,620 - INFO - Ingress_Exit G4FKYGZ3
2025-04-01 03:15:05,805 - INFO - Ingress_Enter YZ1TJ0NX
2025-04-01 03:15:05,980 - INFO - Ingress_Enter Z3WYSS3R
2025-04-01 03:15:06,054 - INFO - Ingress_Exit SJPEAK2A
2025-04-01 03:15:06,056 - INFO - Ingress_Exit SCWF1CKA
2025-04-01 03:15:06,273 - INFO - Ingress_Exit YZPYJQPO
2025-04-01 03:15:06,373 - INFO - Ingress_Enter EHOFF3BC
2025-04-01 03:15:06,498 - INFO - Ingress_Enter 5S8LYL1X
2025-04-01 03:15:06,743 - INFO - Ingress_Enter RAIYS2MO
2025-04-01 03:15:06,750 - INFO - Ingress_Exit LX1Z16V9
2025-04-01 03:15:06,817 - INFO - Ingress_Enter 855W6RO4
2025-04-01 03:15:06,843 - INFO - Ingress_Enter 7YVBP8A5
2025-04-01 03:15:06,947 - INFO - Ingress_Enter EN43G0E5
2025-04-01 03:15:07,057 - INFO - Ingress_Exit ZGSCBF6D
2025-04-01 03:15:07,058 - INFO - Ingress_Exit 7OMGOS8Z
2025-04-01 03:15:07,769 - INFO - Ingress_Exit PK3UZ91B
2025-04-01 03:15:08,066 - INFO - Ingress_Exit 5LS8SNJU
2025-04-01 03:15:08,067 - INFO - Ingress_Exit GV2QKE6O
2025-04-01 03:15:08,069 - INFO - Ingress_Exit IO7Y11M9
2025-04-01 03:15:08,235 - INFO - Ingress_Enter CFYOOHND
2025-04-01 03:15:08,280 - INFO - Ingress_Enter QC325A6K
2025-04-01 03:15:08,339 - INFO - Ingress_Enter 5G8IBT5A
2025-04-01 03:15:08,389 - INFO - Ingress_Enter 64KIC2KK
2025-04-01 03:15:08,655 - INFO - Ingress_Enter HYHOC75I
2025-04-01 03:15:08,671 - INFO - Ingress_Enter MQFSBREL
2025-04-01 03:15:08,674 - INFO - Ingress_Exit 3852NWVG
2025-04-01 03:15:08,750 - INFO - Ingress_Exit 43YFDPD5
2025-04-01 03:15:08,822 - INFO - Ingress_Enter G7B6X2XV
2025-04-01 03:15:08,944 - INFO - Ingress_Exit 63KKASB9
2025-04-01 03:15:09,247 - INFO - Ingress_Enter YFDDFXLG
2025-04-01 03:15:09,270 - INFO - Ingress_Enter D73O2F6Z
2025-04-01 03:15:09,436 - INFO - Ingress_Exit CJA007TN
2025-04-01 03:15:09,545 - INFO - Ingress_Exit 517DHI3Y
2025-04-01 03:15:09,551 - INFO - Ingress_Enter 5T87P3E4
2025-04-01 03:15:09,607 - INFO - Ingress_Enter GMH2SNHK
2025-04-01 03:15:09,635 - INFO - Ingress_Enter TOC99982
2025-04-01 03:15:09,726 - INFO - Ingress_Exit GI44V6NG
2025-04-01 03:15:09,728 - INFO - Ingress_Exit QJBCH2OD
2025-04-01 03:15:09,731 - INFO - Ingress_Exit BGD1J5YP
2025-04-01 03:15:09,732 - INFO - Ingress_Exit H7WD2L0X
2025-04-01 03:15:09,994 - INFO - Ingress_Enter Q607CCZ8
2025-04-01 03:15:10,073 - INFO - Ingress_Enter EZROCPE9
2025-04-01 03:15:10,085 - INFO - Ingress_Exit IHNCK2G0
2025-04-01 03:15:10,118 - INFO - Ingress_Enter 58TZRCQX
2025-04-01 03:15:10,126 - INFO - Ingress_Exit 9K695YO3
2025-04-01 03:15:10,128 - INFO - Ingress_Exit JOKI7SYM
2025-04-01 03:15:10,246 - INFO - Ingress_Enter 2LXSEE5Y
2025-04-01 03:15:10,265 - INFO - Ingress_Enter PFIU8MM5
2025-04-01 03:15:10,408 - INFO - Ingress_Exit NDCD2W4K
2025-04-01 03:15:10,412 - INFO - Ingress_Enter I1FV58D5
2025-04-01 03:15:10,498 - INFO - Ingress_Exit 5S8LYL1X
2025-04-01 03:15:10,559 - INFO - Ingress_Enter 8KFPY4YG
2025-04-01 03:15:10,787 - INFO - Ingress_Exit 0DS6M7ER
2025-04-01 03:15:11,040 - INFO - Ingress_Enter DQ84FWPL
2025-04-01 03:15:11,066 - INFO - Ingress_Exit DBS0BBFX
2025-04-01 03:15:11,135 - INFO - Ingress_Enter KEYBQ5GF
2025-04-01 03:15:11,174 - INFO - Ingress_Enter WWXT7C52
2025-04-01 03:15:11,217 - INFO - Ingress_Exit I5FNUCX0
2025-04-01 03:15:11,221 - INFO - Ingress_Exit KJG5ELR3
2025-04-01 03:15:11,225 - INFO - Ingress_Exit 76PIWQ6S
2025-04-01 03:15:11,228 - INFO - Ingress_Exit EXV7A19J
2025-04-01 03:15:11,253 - INFO - Ingress_Enter BPGL4795
2025-04-01 03:15:11,278 - INFO - Ingress_Enter HACX1RBO
2025-04-01 03:15:11,297 - INFO - Ingress_Exit Z3WYSS3R
2025-04-01 03:15:11,322 - INFO - Ingress_Enter QFASWOQH
2025-04-01 03:15:11,351 - INFO - Ingress_Exit 3C8HOO09
2025-04-01 03:15:11,446 - INFO - Ingress_Enter 76YXHPSF
2025-04-01 03:15:11,652 - INFO - Ingress_Enter EW4CH5ZV
2025-04-01 03:15:11,992 - INFO - Ingress_Exit TOC99982
2025-04-01 03:15:11,994 - INFO - Ingress_Exit R62W74HM
2025-04-01 03:15:11,997 - INFO - Ingress_Exit RAIYS2MO
2025-04-01 03:15:12,039 - INFO - Ingress_Enter NSYC8W9K
2025-04-01 03:15:12,118 - INFO - Ingress_Enter LJO3OLFT
2025-04-01 03:15:12,120 - INFO - Ingress_Enter 9RNFTERD
2025-04-01 03:15:12,134 - INFO - Ingress_Exit 1WOOJ9YS
2025-04-01 03:15:12,138 - INFO - Ingress_Exit 855W6RO4
2025-04-01 03:15:12,264 - INFO - Ingress_Enter SD0LAWC9
2025-04-01 03:15:12,344 - INFO - Ingress_Exit 1KET7SKR
2025-04-01 03:15:12,346 - INFO - Ingress_Exit FZFZ97EZ
2025-04-01 03:15:12,421 - INFO - Ingress_Enter 0FULP6DP
2025-04-01 03:15:12,473 - INFO - Ingress_Enter IK139FCQ
2025-04-01 03:15:12,517 - INFO - Ingress_Enter RRNOPN96
2025-04-01 03:15:12,606 - INFO - Ingress_Enter YL8OCQE3
2025-04-01 03:15:12,763 - INFO - Ingress_Exit YZ1TJ0NX
2025-04-01 03:15:13,093 - INFO - Ingress_Exit 5T87P3E4
2025-04-01 03:15:13,142 - INFO - Ingress_Exit MQFSBREL
2025-04-01 03:15:13,298 - INFO - Ingress_Exit 2LXSEE5Y
2025-04-01 03:15:13,354 - INFO - Ingress_Exit D73O2F6Z
2025-04-01 03:15:13,889 - INFO - Ingress_Exit 6DPC5WJ2
2025-04-01 03:15:14,674 - INFO - Ingress_Exit 0TO27S5X
2025-04-01 03:15:14,988 - INFO - Ingress_Exit PS833XOR
2025-04-01 03:15:15,003 - INFO - Ingress_Exit QC325A6K
2025-04-01 03:15:15,007 - INFO - Ingress_Exit EN43G0E5
2025-04-01 03:15:15,010 - INFO - Ingress_Exit HYHOC75I
2025-04-01 03:15:15,011 - INFO - Ingress_Exit YFDDFXLG
2025-04-01 03:15:15,264 - INFO - Ingress_Exit CFYOOHND
2025-04-01 03:15:15,581 - INFO - Ingress_Exit EZROCPE9
2025-04-01 03:15:15,620 - INFO - Ingress_Exit GMH2SNHK
2025-04-01 03:15:15,622 - INFO - Ingress_Exit Q607CCZ8
2025-04-01 03:15:17,142 - INFO - Ingress_Exit A5OXIPX3
2025-04-01 03:15:17,263 - INFO - Ingress_Exit 64KIC2KK
2025-04-01 03:15:17,268 - INFO - Ingress_Exit PFIU8MM5
2025-04-01 03:15:17,271 - INFO - Ingress_Exit I1FV58D5
2025-04-01 03:15:17,272 - INFO - Ingress_Exit 8KFPY4YG
2025-04-01 03:15:17,275 - INFO - Ingress_Exit DQ84FWPL
2025-04-01 03:15:17,276 - INFO - Ingress_Exit KEYBQ5GF
2025-04-01 03:15:17,277 - INFO - Ingress_Exit WWXT7C52
2025-04-01 03:15:17,375 - INFO - Ingress_Exit EHOFF3BC
2025-04-01 03:15:17,377 - INFO - Ingress_Exit 7YVBP8A5
2025-04-01 03:15:17,378 - INFO - Ingress_Exit 58TZRCQX
2025-04-01 03:15:17,382 - INFO - Ingress_Exit 5G8IBT5A
2025-04-01 03:15:17,503 - INFO - Ingress_Exit G7B6X2XV
2025-04-01 03:15:17,895 - INFO - Ingress_Exit QFASWOQH
2025-04-01 03:15:17,897 - INFO - Ingress_Exit 76YXHPSF
2025-04-01 03:15:17,899 - INFO - Ingress_Exit LJO3OLFT
2025-04-01 03:15:17,920 - INFO - Ingress_Exit BPGL4795
2025-04-01 03:15:17,922 - INFO - Ingress_Exit HACX1RBO
2025-04-01 03:15:17,958 - INFO - Ingress_Exit EW4CH5ZV
2025-04-01 03:15:17,961 - INFO - Ingress_Exit NSYC8W9K
2025-04-01 03:15:18,398 - INFO - Ingress_Exit SD0LAWC9
2025-04-01 03:15:18,421 - INFO - Ingress_Exit 9RNFTERD
2025-04-01 03:15:18,427 - INFO - Ingress_Exit 0FULP6DP
2025-04-01 03:15:18,535 - INFO - Ingress_Exit YL8OCQE3
2025-04-01 03:15:18,639 - INFO - Ingress_Exit IK139FCQ
2025-04-01 03:15:18,750 - INFO - Ingress_Exit RRNOPN96
