2025-04-12 17:54:20,028 - INFO - Ingress_Mono_Enter L6OB6LQD
2025-04-12 17:54:20,041 - INFO - Ingress_Mono_Input_Decoded L6OB6LQD
2025-04-12 17:54:20,042 - INFO - Ingress_Mono_Numpy_Converted L6OB6LQD
2025-04-12 17:54:20,249 - INFO - Ingress_Mono_Enter 5LV14A18
2025-04-12 17:54:20,268 - INFO - Ingress_Mono_Input_Decoded 5LV14A18
2025-04-12 17:54:20,271 - INFO - Ingress_Mono_Numpy_Converted 5LV14A18
2025-04-12 17:54:20,315 - INFO - Ingress_Mono_Exit L6OB6LQD
2025-04-12 17:54:20,674 - INFO - Ingress_Mono_Exit 5LV14A18
2025-04-12 17:54:26,658 - INFO - Ingress_Mono_Enter MY49FDWT
2025-04-12 17:54:26,684 - INFO - Ingress_Mono_Input_Decoded MY49FDWT
2025-04-12 17:54:26,688 - INFO - Ingress_Mono_Numpy_Converted MY49FDWT
2025-04-12 17:54:27,424 - INFO - Ingress_Mono_Enter FAO9IN1K
2025-04-12 17:54:27,440 - INFO - Ingress_Mono_Input_Decoded FAO9IN1K
2025-04-12 17:54:27,441 - INFO - Ingress_Mono_Numpy_Converted FAO9IN1K
2025-04-12 17:54:27,637 - INFO - Ingress_Mono_Exit MY49FDWT
2025-04-12 17:54:28,854 - INFO - Ingress_Mono_Enter MN8EJ5H6
2025-04-12 17:54:28,868 - INFO - Ingress_Mono_Input_Decoded MN8EJ5H6
2025-04-12 17:54:28,870 - INFO - Ingress_Mono_Numpy_Converted MN8EJ5H6
2025-04-12 17:54:29,007 - INFO - Ingress_Mono_Exit FAO9IN1K
2025-04-12 17:54:29,228 - INFO - Ingress_Mono_Enter 8JZZ0O3B
2025-04-12 17:54:29,251 - INFO - Ingress_Mono_Input_Decoded 8JZZ0O3B
2025-04-12 17:54:29,253 - INFO - Ingress_Mono_Numpy_Converted 8JZZ0O3B
2025-04-12 17:54:29,650 - INFO - Ingress_Mono_Enter 509K1EYG
2025-04-12 17:54:29,672 - INFO - Ingress_Mono_Input_Decoded 509K1EYG
2025-04-12 17:54:29,674 - INFO - Ingress_Mono_Numpy_Converted 509K1EYG
2025-04-12 17:54:30,062 - INFO - Ingress_Mono_Exit MN8EJ5H6
2025-04-12 17:54:30,923 - INFO - Ingress_Mono_Enter I3L59OSY
2025-04-12 17:54:30,935 - INFO - Ingress_Mono_Input_Decoded I3L59OSY
2025-04-12 17:54:30,936 - INFO - Ingress_Mono_Numpy_Converted I3L59OSY
2025-04-12 17:54:31,117 - INFO - Ingress_Mono_Exit 8JZZ0O3B
2025-04-12 17:54:31,594 - INFO - Ingress_Mono_Exit 509K1EYG
2025-04-12 17:54:32,218 - INFO - Ingress_Mono_Exit I3L59OSY
2025-04-12 17:54:32,657 - INFO - Ingress_Mono_Enter OABV2463
2025-04-12 17:54:32,680 - INFO - Ingress_Mono_Input_Decoded OABV2463
2025-04-12 17:54:32,682 - INFO - Ingress_Mono_Numpy_Converted OABV2463
2025-04-12 17:54:32,718 - INFO - Ingress_Mono_Enter 8AASF30L
2025-04-12 17:54:32,735 - INFO - Ingress_Mono_Input_Decoded 8AASF30L
2025-04-12 17:54:32,736 - INFO - Ingress_Mono_Numpy_Converted 8AASF30L
2025-04-12 17:54:33,007 - INFO - Ingress_Mono_Enter O60METYL
2025-04-12 17:54:33,024 - INFO - Ingress_Mono_Input_Decoded O60METYL
2025-04-12 17:54:33,025 - INFO - Ingress_Mono_Numpy_Converted O60METYL
2025-04-12 17:54:33,083 - INFO - Ingress_Mono_Enter 140FQ8L9
2025-04-12 17:54:33,105 - INFO - Ingress_Mono_Input_Decoded 140FQ8L9
2025-04-12 17:54:33,107 - INFO - Ingress_Mono_Numpy_Converted 140FQ8L9
2025-04-12 17:54:33,712 - INFO - Ingress_Mono_Exit OABV2463
2025-04-12 17:54:34,158 - INFO - Ingress_Mono_Exit 8AASF30L
2025-04-12 17:54:34,424 - INFO - Ingress_Mono_Exit O60METYL
2025-04-12 17:54:34,426 - INFO - Ingress_Mono_Exit 140FQ8L9
2025-04-12 17:54:37,008 - INFO - Ingress_Mono_Enter PUV34FQW
2025-04-12 17:54:37,025 - INFO - Ingress_Mono_Input_Decoded PUV34FQW
2025-04-12 17:54:37,026 - INFO - Ingress_Mono_Numpy_Converted PUV34FQW
2025-04-12 17:54:37,367 - INFO - Ingress_Mono_Enter SRGD22GO
2025-04-12 17:54:37,384 - INFO - Ingress_Mono_Input_Decoded SRGD22GO
2025-04-12 17:54:37,385 - INFO - Ingress_Mono_Numpy_Converted SRGD22GO
2025-04-12 17:54:37,714 - INFO - Ingress_Mono_Enter XLZPNGHG
2025-04-12 17:54:37,726 - INFO - Ingress_Mono_Input_Decoded XLZPNGHG
2025-04-12 17:54:37,727 - INFO - Ingress_Mono_Numpy_Converted XLZPNGHG
2025-04-12 17:54:38,506 - INFO - Ingress_Mono_Exit PUV34FQW
2025-04-12 17:54:39,801 - INFO - Ingress_Mono_Enter PJC7QCAP
2025-04-12 17:54:39,820 - INFO - Ingress_Mono_Input_Decoded PJC7QCAP
2025-04-12 17:54:39,822 - INFO - Ingress_Mono_Numpy_Converted PJC7QCAP
2025-04-12 17:54:40,737 - INFO - Ingress_Mono_Enter B4QQR7EP
2025-04-12 17:54:40,762 - INFO - Ingress_Mono_Input_Decoded B4QQR7EP
2025-04-12 17:54:40,764 - INFO - Ingress_Mono_Numpy_Converted B4QQR7EP
2025-04-12 17:54:41,078 - INFO - Ingress_Mono_Enter MA4EZX77
2025-04-12 17:54:41,093 - INFO - Ingress_Mono_Input_Decoded MA4EZX77
2025-04-12 17:54:41,094 - INFO - Ingress_Mono_Numpy_Converted MA4EZX77
2025-04-12 17:54:41,095 - INFO - Ingress_Mono_Exit XLZPNGHG
2025-04-12 17:54:41,096 - INFO - Ingress_Mono_Exit SRGD22GO
2025-04-12 17:54:42,759 - INFO - Ingress_Mono_Exit PJC7QCAP
2025-04-12 17:54:44,172 - INFO - Ingress_Mono_Enter MKGI7QMO
2025-04-12 17:54:44,191 - INFO - Ingress_Mono_Input_Decoded MKGI7QMO
2025-04-12 17:54:44,192 - INFO - Ingress_Mono_Numpy_Converted MKGI7QMO
2025-04-12 17:54:44,389 - INFO - Ingress_Mono_Enter 1HNR9O26
2025-04-12 17:54:44,409 - INFO - Ingress_Mono_Input_Decoded 1HNR9O26
2025-04-12 17:54:44,411 - INFO - Ingress_Mono_Numpy_Converted 1HNR9O26
2025-04-12 17:54:44,522 - INFO - Ingress_Mono_Enter AFJJWK3O
2025-04-12 17:54:44,538 - INFO - Ingress_Mono_Input_Decoded AFJJWK3O
2025-04-12 17:54:44,539 - INFO - Ingress_Mono_Numpy_Converted AFJJWK3O
2025-04-12 17:54:45,062 - INFO - Ingress_Mono_Exit B4QQR7EP
2025-04-12 17:54:45,703 - INFO - Ingress_Mono_Exit MKGI7QMO
2025-04-12 17:54:46,315 - INFO - Ingress_Mono_Enter XYNMFXZH
2025-04-12 17:54:46,333 - INFO - Ingress_Mono_Input_Decoded XYNMFXZH
2025-04-12 17:54:46,334 - INFO - Ingress_Mono_Numpy_Converted XYNMFXZH
2025-04-12 17:54:46,406 - INFO - Ingress_Mono_Enter SKRXSGLF
2025-04-12 17:54:46,434 - INFO - Ingress_Mono_Input_Decoded SKRXSGLF
2025-04-12 17:54:46,437 - INFO - Ingress_Mono_Numpy_Converted SKRXSGLF
2025-04-12 17:54:47,866 - INFO - Ingress_Mono_Exit MA4EZX77
2025-04-12 17:54:47,866 - INFO - Ingress_Mono_Exit 1HNR9O26
2025-04-12 17:54:48,247 - INFO - Ingress_Mono_Enter 09AKBK1Y
2025-04-12 17:54:48,266 - INFO - Ingress_Mono_Input_Decoded 09AKBK1Y
2025-04-12 17:54:48,268 - INFO - Ingress_Mono_Numpy_Converted 09AKBK1Y
2025-04-12 17:54:48,519 - INFO - Ingress_Mono_Exit AFJJWK3O
2025-04-12 17:54:48,822 - INFO - Ingress_Mono_Enter 0HOX49DG
2025-04-12 17:54:48,844 - INFO - Ingress_Mono_Input_Decoded 0HOX49DG
2025-04-12 17:54:48,846 - INFO - Ingress_Mono_Numpy_Converted 0HOX49DG
2025-04-12 17:54:49,041 - INFO - Ingress_Mono_Exit XYNMFXZH
2025-04-12 17:54:49,099 - INFO - Ingress_Mono_Enter DZP4XOS0
2025-04-12 17:54:49,114 - INFO - Ingress_Mono_Input_Decoded DZP4XOS0
2025-04-12 17:54:49,116 - INFO - Ingress_Mono_Numpy_Converted DZP4XOS0
2025-04-12 17:54:50,166 - INFO - Ingress_Mono_Enter L6ONDRLI
2025-04-12 17:54:50,180 - INFO - Ingress_Mono_Input_Decoded L6ONDRLI
2025-04-12 17:54:50,181 - INFO - Ingress_Mono_Numpy_Converted L6ONDRLI
2025-04-12 17:54:50,381 - INFO - Ingress_Mono_Exit SKRXSGLF
2025-04-12 17:54:50,629 - INFO - Ingress_Mono_Exit 09AKBK1Y
2025-04-12 17:54:53,043 - INFO - Ingress_Mono_Enter SZYCMUFO
2025-04-12 17:54:53,064 - INFO - Ingress_Mono_Input_Decoded SZYCMUFO
2025-04-12 17:54:53,066 - INFO - Ingress_Mono_Numpy_Converted SZYCMUFO
2025-04-12 17:54:53,085 - INFO - Ingress_Mono_Exit 0HOX49DG
2025-04-12 17:54:53,208 - INFO - Ingress_Mono_Exit DZP4XOS0
2025-04-12 17:54:53,461 - INFO - Ingress_Mono_Enter 83VJGG40
2025-04-12 17:54:53,476 - INFO - Ingress_Mono_Input_Decoded 83VJGG40
2025-04-12 17:54:53,478 - INFO - Ingress_Mono_Numpy_Converted 83VJGG40
2025-04-12 17:54:53,615 - INFO - Ingress_Mono_Enter MN20721T
2025-04-12 17:54:53,637 - INFO - Ingress_Mono_Input_Decoded MN20721T
2025-04-12 17:54:53,639 - INFO - Ingress_Mono_Numpy_Converted MN20721T
2025-04-12 17:54:56,612 - INFO - Ingress_Mono_Enter GBCUD9H6
2025-04-12 17:54:56,628 - INFO - Ingress_Mono_Input_Decoded GBCUD9H6
2025-04-12 17:54:56,630 - INFO - Ingress_Mono_Numpy_Converted GBCUD9H6
2025-04-12 17:54:57,113 - INFO - Ingress_Mono_Enter 4I9K1PG0
2025-04-12 17:54:57,132 - INFO - Ingress_Mono_Input_Decoded 4I9K1PG0
2025-04-12 17:54:57,134 - INFO - Ingress_Mono_Numpy_Converted 4I9K1PG0
2025-04-12 17:54:57,626 - INFO - Ingress_Mono_Exit L6ONDRLI
2025-04-12 17:54:58,419 - INFO - Ingress_Mono_Enter T06XCRO0
2025-04-12 17:54:58,452 - INFO - Ingress_Mono_Input_Decoded T06XCRO0
2025-04-12 17:54:58,455 - INFO - Ingress_Mono_Numpy_Converted T06XCRO0
2025-04-12 17:54:58,661 - INFO - Ingress_Mono_Exit SZYCMUFO
2025-04-12 17:54:59,195 - INFO - Ingress_Mono_Exit 83VJGG40
2025-04-12 17:54:59,996 - INFO - Ingress_Mono_Exit MN20721T
2025-04-12 17:54:59,998 - INFO - Ingress_Mono_Exit GBCUD9H6
2025-04-12 17:54:59,999 - INFO - Ingress_Mono_Exit 4I9K1PG0
2025-04-12 17:55:00,121 - INFO - Ingress_Mono_Enter 2L308CP6
2025-04-12 17:55:00,142 - INFO - Ingress_Mono_Input_Decoded 2L308CP6
2025-04-12 17:55:00,144 - INFO - Ingress_Mono_Numpy_Converted 2L308CP6
2025-04-12 17:55:00,179 - INFO - Ingress_Mono_Enter 49AFWPTR
2025-04-12 17:55:00,192 - INFO - Ingress_Mono_Input_Decoded 49AFWPTR
2025-04-12 17:55:00,194 - INFO - Ingress_Mono_Numpy_Converted 49AFWPTR
2025-04-12 17:55:00,359 - INFO - Ingress_Mono_Enter C024890N
2025-04-12 17:55:00,393 - INFO - Ingress_Mono_Input_Decoded C024890N
2025-04-12 17:55:00,396 - INFO - Ingress_Mono_Numpy_Converted C024890N
2025-04-12 17:55:01,538 - INFO - Ingress_Mono_Enter 36MXVDWD
2025-04-12 17:55:01,552 - INFO - Ingress_Mono_Input_Decoded 36MXVDWD
2025-04-12 17:55:01,553 - INFO - Ingress_Mono_Numpy_Converted 36MXVDWD
2025-04-12 17:55:03,072 - INFO - Ingress_Mono_Exit T06XCRO0
2025-04-12 17:55:03,073 - INFO - Ingress_Mono_Exit 2L308CP6
2025-04-12 17:55:03,248 - INFO - Ingress_Mono_Exit 49AFWPTR
2025-04-12 17:55:03,266 - INFO - Ingress_Mono_Enter DC62QIXD
2025-04-12 17:55:03,282 - INFO - Ingress_Mono_Input_Decoded DC62QIXD
2025-04-12 17:55:03,284 - INFO - Ingress_Mono_Numpy_Converted DC62QIXD
2025-04-12 17:55:03,627 - INFO - Ingress_Mono_Enter 57PLXK0F
2025-04-12 17:55:03,645 - INFO - Ingress_Mono_Input_Decoded 57PLXK0F
2025-04-12 17:55:03,647 - INFO - Ingress_Mono_Numpy_Converted 57PLXK0F
2025-04-12 17:55:04,951 - INFO - Ingress_Mono_Exit 36MXVDWD
2025-04-12 17:55:04,981 - INFO - Ingress_Mono_Enter Q84R2UPJ
2025-04-12 17:55:04,998 - INFO - Ingress_Mono_Input_Decoded Q84R2UPJ
2025-04-12 17:55:05,000 - INFO - Ingress_Mono_Numpy_Converted Q84R2UPJ
2025-04-12 17:55:06,633 - INFO - Ingress_Mono_Enter 4UDR0W4J
2025-04-12 17:55:06,653 - INFO - Ingress_Mono_Input_Decoded 4UDR0W4J
2025-04-12 17:55:06,655 - INFO - Ingress_Mono_Numpy_Converted 4UDR0W4J
2025-04-12 17:55:08,182 - INFO - Ingress_Mono_Exit C024890N
2025-04-12 17:55:08,780 - INFO - Ingress_Mono_Enter Q7GJVYTO
2025-04-12 17:55:08,797 - INFO - Ingress_Mono_Input_Decoded Q7GJVYTO
2025-04-12 17:55:08,799 - INFO - Ingress_Mono_Numpy_Converted Q7GJVYTO
2025-04-12 17:55:09,686 - INFO - Ingress_Mono_Exit DC62QIXD
2025-04-12 17:55:09,955 - INFO - Ingress_Mono_Exit 57PLXK0F
2025-04-12 17:55:10,493 - INFO - Ingress_Mono_Exit Q84R2UPJ
2025-04-12 17:55:13,383 - INFO - Ingress_Mono_Exit 4UDR0W4J
2025-04-12 17:55:16,295 - INFO - Ingress_Mono_Enter GZS8PJRS
2025-04-12 17:55:16,316 - INFO - Ingress_Mono_Input_Decoded GZS8PJRS
2025-04-12 17:55:16,318 - INFO - Ingress_Mono_Numpy_Converted GZS8PJRS
2025-04-12 17:55:16,353 - INFO - Ingress_Mono_Enter 8WZCP1E7
2025-04-12 17:55:16,365 - INFO - Ingress_Mono_Input_Decoded 8WZCP1E7
2025-04-12 17:55:16,366 - INFO - Ingress_Mono_Numpy_Converted 8WZCP1E7
2025-04-12 17:55:17,013 - INFO - Ingress_Mono_Enter FLFUWHER
2025-04-12 17:55:17,038 - INFO - Ingress_Mono_Input_Decoded FLFUWHER
2025-04-12 17:55:17,040 - INFO - Ingress_Mono_Numpy_Converted FLFUWHER
2025-04-12 17:55:17,292 - INFO - Ingress_Mono_Enter GV07T794
2025-04-12 17:55:17,312 - INFO - Ingress_Mono_Input_Decoded GV07T794
2025-04-12 17:55:17,314 - INFO - Ingress_Mono_Numpy_Converted GV07T794
2025-04-12 17:55:18,621 - INFO - Ingress_Mono_Exit GZS8PJRS
2025-04-12 17:55:18,721 - INFO - Ingress_Mono_Enter NWKXSTQT
2025-04-12 17:55:18,740 - INFO - Ingress_Mono_Input_Decoded NWKXSTQT
2025-04-12 17:55:18,742 - INFO - Ingress_Mono_Numpy_Converted NWKXSTQT
2025-04-12 17:55:18,943 - INFO - Ingress_Mono_Enter 9746P20Z
2025-04-12 17:55:18,966 - INFO - Ingress_Mono_Input_Decoded 9746P20Z
2025-04-12 17:55:18,968 - INFO - Ingress_Mono_Numpy_Converted 9746P20Z
2025-04-12 17:55:19,047 - INFO - Ingress_Mono_Exit Q7GJVYTO
2025-04-12 17:55:20,244 - INFO - Ingress_Mono_Exit 8WZCP1E7
2025-04-12 17:55:20,245 - INFO - Ingress_Mono_Exit FLFUWHER
2025-04-12 17:55:21,447 - INFO - Ingress_Mono_Enter DFH0G7EB
2025-04-12 17:55:21,472 - INFO - Ingress_Mono_Input_Decoded DFH0G7EB
2025-04-12 17:55:21,474 - INFO - Ingress_Mono_Numpy_Converted DFH0G7EB
2025-04-12 17:55:23,810 - INFO - Ingress_Mono_Enter 76TI73W1
2025-04-12 17:55:23,827 - INFO - Ingress_Mono_Input_Decoded 76TI73W1
2025-04-12 17:55:23,828 - INFO - Ingress_Mono_Numpy_Converted 76TI73W1
2025-04-12 17:55:25,552 - INFO - Ingress_Mono_Enter T0XRH353
2025-04-12 17:55:25,575 - INFO - Ingress_Mono_Input_Decoded T0XRH353
2025-04-12 17:55:25,578 - INFO - Ingress_Mono_Numpy_Converted T0XRH353
2025-04-12 17:55:26,111 - INFO - Ingress_Mono_Exit GV07T794
2025-04-12 17:55:26,312 - INFO - Ingress_Mono_Enter MWOH035X
2025-04-12 17:55:26,328 - INFO - Ingress_Mono_Input_Decoded MWOH035X
2025-04-12 17:55:26,329 - INFO - Ingress_Mono_Numpy_Converted MWOH035X
2025-04-12 17:55:27,104 - INFO - Ingress_Mono_Exit NWKXSTQT
2025-04-12 17:55:27,743 - INFO - Ingress_Mono_Enter 91GQ7UNV
2025-04-12 17:55:27,758 - INFO - Ingress_Mono_Input_Decoded 91GQ7UNV
2025-04-12 17:55:27,760 - INFO - Ingress_Mono_Numpy_Converted 91GQ7UNV
2025-04-12 17:55:28,618 - INFO - Ingress_Mono_Enter ADW1B72P
2025-04-12 17:55:28,646 - INFO - Ingress_Mono_Input_Decoded ADW1B72P
2025-04-12 17:55:28,649 - INFO - Ingress_Mono_Numpy_Converted ADW1B72P
2025-04-12 17:55:29,378 - INFO - Ingress_Mono_Exit 9746P20Z
2025-04-12 17:55:30,912 - INFO - Ingress_Mono_Enter UP3ME5CQ
2025-04-12 17:55:30,927 - INFO - Ingress_Mono_Input_Decoded UP3ME5CQ
2025-04-12 17:55:30,929 - INFO - Ingress_Mono_Numpy_Converted UP3ME5CQ
2025-04-12 17:55:30,988 - INFO - Ingress_Mono_Enter 8G3TD0GQ
2025-04-12 17:55:31,006 - INFO - Ingress_Mono_Input_Decoded 8G3TD0GQ
2025-04-12 17:55:31,007 - INFO - Ingress_Mono_Numpy_Converted 8G3TD0GQ
2025-04-12 17:55:32,013 - INFO - Ingress_Mono_Exit DFH0G7EB
2025-04-12 17:55:35,728 - INFO - Ingress_Mono_Enter 7K135OAP
2025-04-12 17:55:35,751 - INFO - Ingress_Mono_Input_Decoded 7K135OAP
2025-04-12 17:55:35,753 - INFO - Ingress_Mono_Numpy_Converted 7K135OAP
2025-04-12 17:55:36,346 - INFO - Ingress_Mono_Exit 76TI73W1
2025-04-12 17:55:36,372 - INFO - Ingress_Mono_Exit T0XRH353
2025-04-12 17:55:36,440 - INFO - Ingress_Mono_Enter M3W5GIOP
2025-04-12 17:55:36,460 - INFO - Ingress_Mono_Input_Decoded M3W5GIOP
2025-04-12 17:55:36,462 - INFO - Ingress_Mono_Numpy_Converted M3W5GIOP
2025-04-12 17:55:37,972 - INFO - Ingress_Mono_Exit MWOH035X
2025-04-12 17:55:38,927 - INFO - Ingress_Mono_Enter X2N9GZUF
2025-04-12 17:55:38,938 - INFO - Ingress_Mono_Input_Decoded X2N9GZUF
2025-04-12 17:55:38,939 - INFO - Ingress_Mono_Numpy_Converted X2N9GZUF
2025-04-12 17:55:39,368 - INFO - Ingress_Mono_Exit 91GQ7UNV
2025-04-12 17:55:39,943 - INFO - Ingress_Mono_Enter ACYRK3T3
2025-04-12 17:55:39,962 - INFO - Ingress_Mono_Input_Decoded ACYRK3T3
2025-04-12 17:55:39,964 - INFO - Ingress_Mono_Numpy_Converted ACYRK3T3
2025-04-12 17:55:40,461 - INFO - Ingress_Mono_Exit ADW1B72P
2025-04-12 17:55:40,797 - INFO - Ingress_Mono_Enter D5SSKAIS
2025-04-12 17:55:40,815 - INFO - Ingress_Mono_Input_Decoded D5SSKAIS
2025-04-12 17:55:40,816 - INFO - Ingress_Mono_Numpy_Converted D5SSKAIS
2025-04-12 17:55:41,221 - INFO - Ingress_Mono_Enter II7IJ9GY
2025-04-12 17:55:41,236 - INFO - Ingress_Mono_Input_Decoded II7IJ9GY
2025-04-12 17:55:41,237 - INFO - Ingress_Mono_Numpy_Converted II7IJ9GY
2025-04-12 17:55:41,349 - INFO - Ingress_Mono_Exit 8G3TD0GQ
2025-04-12 17:55:41,351 - INFO - Ingress_Mono_Exit 7K135OAP
2025-04-12 17:55:41,399 - INFO - Ingress_Mono_Exit UP3ME5CQ
2025-04-12 17:55:46,041 - INFO - Ingress_Mono_Exit M3W5GIOP
2025-04-12 17:55:47,034 - INFO - Ingress_Mono_Exit X2N9GZUF
2025-04-12 17:55:48,717 - INFO - Ingress_Mono_Exit ACYRK3T3
2025-04-12 17:55:51,529 - INFO - Ingress_Mono_Enter FTP8SFQY
2025-04-12 17:55:51,544 - INFO - Ingress_Mono_Input_Decoded FTP8SFQY
2025-04-12 17:55:51,545 - INFO - Ingress_Mono_Numpy_Converted FTP8SFQY
2025-04-12 17:55:52,765 - INFO - Ingress_Mono_Enter 7KE1DRY4
2025-04-12 17:55:52,791 - INFO - Ingress_Mono_Input_Decoded 7KE1DRY4
2025-04-12 17:55:52,794 - INFO - Ingress_Mono_Numpy_Converted 7KE1DRY4
2025-04-12 17:55:53,334 - INFO - Ingress_Mono_Exit D5SSKAIS
2025-04-12 17:55:54,035 - INFO - Ingress_Mono_Enter UHDOL8I3
2025-04-12 17:55:54,051 - INFO - Ingress_Mono_Input_Decoded UHDOL8I3
2025-04-12 17:55:54,053 - INFO - Ingress_Mono_Numpy_Converted UHDOL8I3
2025-04-12 17:55:54,476 - INFO - Ingress_Mono_Enter GDUQ92LA
2025-04-12 17:55:54,500 - INFO - Ingress_Mono_Input_Decoded GDUQ92LA
2025-04-12 17:55:54,503 - INFO - Ingress_Mono_Numpy_Converted GDUQ92LA
2025-04-12 17:55:54,701 - INFO - Ingress_Mono_Enter 19VS46CF
2025-04-12 17:55:54,730 - INFO - Ingress_Mono_Input_Decoded 19VS46CF
2025-04-12 17:55:54,733 - INFO - Ingress_Mono_Numpy_Converted 19VS46CF
2025-04-12 17:55:54,965 - INFO - Ingress_Mono_Enter NEVUKRZL
2025-04-12 17:55:54,982 - INFO - Ingress_Mono_Input_Decoded NEVUKRZL
2025-04-12 17:55:54,984 - INFO - Ingress_Mono_Numpy_Converted NEVUKRZL
2025-04-12 17:55:55,003 - INFO - Ingress_Mono_Exit II7IJ9GY
2025-04-12 17:55:55,191 - INFO - Ingress_Mono_Enter DM280XMX
2025-04-12 17:55:55,215 - INFO - Ingress_Mono_Input_Decoded DM280XMX
2025-04-12 17:55:55,218 - INFO - Ingress_Mono_Numpy_Converted DM280XMX
2025-04-12 17:55:56,151 - INFO - Ingress_Mono_Exit FTP8SFQY
2025-04-12 17:55:56,154 - INFO - Ingress_Mono_Exit 7KE1DRY4
2025-04-12 17:55:56,752 - INFO - Ingress_Mono_Exit GDUQ92LA
2025-04-12 17:55:57,434 - INFO - Ingress_Mono_Exit UHDOL8I3
2025-04-12 17:55:57,435 - INFO - Ingress_Mono_Exit 19VS46CF
2025-04-12 17:55:57,681 - INFO - Ingress_Mono_Enter P8R3WW7N
2025-04-12 17:55:57,698 - INFO - Ingress_Mono_Input_Decoded P8R3WW7N
2025-04-12 17:55:57,699 - INFO - Ingress_Mono_Numpy_Converted P8R3WW7N
2025-04-12 17:55:58,118 - INFO - Ingress_Mono_Enter JHV0DF07
2025-04-12 17:55:58,138 - INFO - Ingress_Mono_Input_Decoded JHV0DF07
2025-04-12 17:55:58,140 - INFO - Ingress_Mono_Numpy_Converted JHV0DF07
2025-04-12 17:55:58,755 - INFO - Ingress_Mono_Exit NEVUKRZL
2025-04-12 17:55:58,983 - INFO - Ingress_Mono_Enter Y45V0TEN
2025-04-12 17:55:59,008 - INFO - Ingress_Mono_Input_Decoded Y45V0TEN
2025-04-12 17:55:59,011 - INFO - Ingress_Mono_Numpy_Converted Y45V0TEN
2025-04-12 17:55:59,112 - INFO - Ingress_Mono_Enter GVQ25NZD
2025-04-12 17:55:59,131 - INFO - Ingress_Mono_Input_Decoded GVQ25NZD
2025-04-12 17:55:59,133 - INFO - Ingress_Mono_Numpy_Converted GVQ25NZD
2025-04-12 17:56:00,545 - INFO - Ingress_Mono_Enter 2ZDKJ3LR
2025-04-12 17:56:00,564 - INFO - Ingress_Mono_Input_Decoded 2ZDKJ3LR
2025-04-12 17:56:00,566 - INFO - Ingress_Mono_Numpy_Converted 2ZDKJ3LR
2025-04-12 17:56:00,974 - INFO - Ingress_Mono_Exit P8R3WW7N
2025-04-12 17:56:01,073 - INFO - Ingress_Mono_Exit DM280XMX
2025-04-12 17:56:02,115 - INFO - Ingress_Mono_Enter O1FLVDBY
2025-04-12 17:56:02,132 - INFO - Ingress_Mono_Input_Decoded O1FLVDBY
2025-04-12 17:56:02,133 - INFO - Ingress_Mono_Numpy_Converted O1FLVDBY
2025-04-12 17:56:03,245 - INFO - Ingress_Mono_Exit GVQ25NZD
2025-04-12 17:56:03,492 - INFO - Ingress_Mono_Enter DNEBJ9MR
2025-04-12 17:56:03,520 - INFO - Ingress_Mono_Input_Decoded DNEBJ9MR
2025-04-12 17:56:03,523 - INFO - Ingress_Mono_Numpy_Converted DNEBJ9MR
2025-04-12 17:56:04,103 - INFO - Ingress_Mono_Exit Y45V0TEN
2025-04-12 17:56:04,242 - INFO - Ingress_Mono_Exit JHV0DF07
2025-04-12 17:56:04,353 - INFO - Ingress_Mono_Enter 3LB8ZIFO
2025-04-12 17:56:04,380 - INFO - Ingress_Mono_Input_Decoded 3LB8ZIFO
2025-04-12 17:56:04,383 - INFO - Ingress_Mono_Numpy_Converted 3LB8ZIFO
2025-04-12 17:56:05,149 - INFO - Ingress_Mono_Exit 2ZDKJ3LR
2025-04-12 17:56:05,531 - INFO - Ingress_Mono_Exit O1FLVDBY
2025-04-12 17:56:07,683 - INFO - Ingress_Mono_Exit DNEBJ9MR
2025-04-12 17:56:08,244 - INFO - Ingress_Mono_Enter APG3LPTF
2025-04-12 17:56:08,261 - INFO - Ingress_Mono_Input_Decoded APG3LPTF
2025-04-12 17:56:08,263 - INFO - Ingress_Mono_Numpy_Converted APG3LPTF
2025-04-12 17:56:09,511 - INFO - Ingress_Mono_Exit 3LB8ZIFO
2025-04-12 17:56:09,513 - INFO - Ingress_Mono_Exit APG3LPTF
2025-04-12 17:56:10,273 - INFO - Ingress_Mono_Enter 82LPW98I
2025-04-12 17:56:10,287 - INFO - Ingress_Mono_Input_Decoded 82LPW98I
2025-04-12 17:56:10,288 - INFO - Ingress_Mono_Numpy_Converted 82LPW98I
2025-04-12 17:56:10,424 - INFO - Ingress_Mono_Enter A61OWVXD
2025-04-12 17:56:10,442 - INFO - Ingress_Mono_Input_Decoded A61OWVXD
2025-04-12 17:56:10,444 - INFO - Ingress_Mono_Numpy_Converted A61OWVXD
2025-04-12 17:56:11,133 - INFO - Ingress_Mono_Enter WZQ5K4NH
2025-04-12 17:56:11,147 - INFO - Ingress_Mono_Input_Decoded WZQ5K4NH
2025-04-12 17:56:11,149 - INFO - Ingress_Mono_Numpy_Converted WZQ5K4NH
2025-04-12 17:56:11,426 - INFO - Ingress_Mono_Enter K6JENWOT
2025-04-12 17:56:11,445 - INFO - Ingress_Mono_Input_Decoded K6JENWOT
2025-04-12 17:56:11,447 - INFO - Ingress_Mono_Numpy_Converted K6JENWOT
2025-04-12 17:56:11,574 - INFO - Ingress_Mono_Enter G6G9F9BX
2025-04-12 17:56:11,597 - INFO - Ingress_Mono_Input_Decoded G6G9F9BX
2025-04-12 17:56:11,599 - INFO - Ingress_Mono_Numpy_Converted G6G9F9BX
2025-04-12 17:56:11,893 - INFO - Ingress_Mono_Enter 6T4NUURZ
2025-04-12 17:56:11,923 - INFO - Ingress_Mono_Input_Decoded 6T4NUURZ
2025-04-12 17:56:11,926 - INFO - Ingress_Mono_Numpy_Converted 6T4NUURZ
2025-04-12 17:56:12,075 - INFO - Ingress_Mono_Exit A61OWVXD
2025-04-12 17:56:12,932 - INFO - Ingress_Mono_Exit 82LPW98I
2025-04-12 17:56:12,944 - INFO - Ingress_Mono_Enter C7F74E98
2025-04-12 17:56:12,960 - INFO - Ingress_Mono_Input_Decoded C7F74E98
2025-04-12 17:56:12,962 - INFO - Ingress_Mono_Numpy_Converted C7F74E98
2025-04-12 17:56:13,154 - INFO - Ingress_Mono_Enter IXQKE2JP
2025-04-12 17:56:13,169 - INFO - Ingress_Mono_Input_Decoded IXQKE2JP
2025-04-12 17:56:13,171 - INFO - Ingress_Mono_Numpy_Converted IXQKE2JP
2025-04-12 17:56:13,520 - INFO - Ingress_Mono_Enter IU345KBO
2025-04-12 17:56:13,540 - INFO - Ingress_Mono_Input_Decoded IU345KBO
2025-04-12 17:56:13,542 - INFO - Ingress_Mono_Numpy_Converted IU345KBO
2025-04-12 17:56:15,463 - INFO - Ingress_Mono_Exit WZQ5K4NH
2025-04-12 17:56:15,512 - INFO - Ingress_Mono_Enter RU2X6652
2025-04-12 17:56:15,526 - INFO - Ingress_Mono_Input_Decoded RU2X6652
2025-04-12 17:56:15,527 - INFO - Ingress_Mono_Numpy_Converted RU2X6652
2025-04-12 17:56:17,114 - INFO - Ingress_Mono_Exit K6JENWOT
2025-04-12 17:56:19,456 - INFO - Ingress_Mono_Enter E6DKRJHD
2025-04-12 17:56:19,476 - INFO - Ingress_Mono_Input_Decoded E6DKRJHD
2025-04-12 17:56:19,478 - INFO - Ingress_Mono_Numpy_Converted E6DKRJHD
2025-04-12 17:56:20,856 - INFO - Ingress_Mono_Exit G6G9F9BX
2025-04-12 17:56:21,337 - INFO - Ingress_Mono_Enter AVZZXAK4
2025-04-12 17:56:21,353 - INFO - Ingress_Mono_Input_Decoded AVZZXAK4
2025-04-12 17:56:21,354 - INFO - Ingress_Mono_Numpy_Converted AVZZXAK4
2025-04-12 17:56:22,057 - INFO - Ingress_Mono_Exit 6T4NUURZ
2025-04-12 17:56:22,567 - INFO - Ingress_Mono_Exit C7F74E98
2025-04-12 17:56:22,917 - INFO - Ingress_Mono_Exit IXQKE2JP
2025-04-12 17:56:23,772 - INFO - Ingress_Mono_Enter 1VM7FA3I
2025-04-12 17:56:23,791 - INFO - Ingress_Mono_Input_Decoded 1VM7FA3I
2025-04-12 17:56:23,793 - INFO - Ingress_Mono_Numpy_Converted 1VM7FA3I
2025-04-12 17:56:23,904 - INFO - Ingress_Mono_Enter MNZYNW13
2025-04-12 17:56:23,916 - INFO - Ingress_Mono_Input_Decoded MNZYNW13
2025-04-12 17:56:23,917 - INFO - Ingress_Mono_Numpy_Converted MNZYNW13
2025-04-12 17:56:23,954 - INFO - Ingress_Mono_Exit IU345KBO
2025-04-12 17:56:24,416 - INFO - Ingress_Mono_Exit RU2X6652
2025-04-12 17:56:24,968 - INFO - Ingress_Mono_Exit E6DKRJHD
2025-04-12 17:56:25,417 - INFO - Ingress_Mono_Enter T1I9Y5DF
2025-04-12 17:56:25,435 - INFO - Ingress_Mono_Input_Decoded T1I9Y5DF
2025-04-12 17:56:25,437 - INFO - Ingress_Mono_Numpy_Converted T1I9Y5DF
2025-04-12 17:56:27,440 - INFO - Ingress_Mono_Enter JRTMNWCT
2025-04-12 17:56:27,456 - INFO - Ingress_Mono_Input_Decoded JRTMNWCT
2025-04-12 17:56:27,457 - INFO - Ingress_Mono_Numpy_Converted JRTMNWCT
2025-04-12 17:56:27,951 - INFO - Ingress_Mono_Enter 9HINZCTH
2025-04-12 17:56:27,972 - INFO - Ingress_Mono_Input_Decoded 9HINZCTH
2025-04-12 17:56:27,974 - INFO - Ingress_Mono_Numpy_Converted 9HINZCTH
2025-04-12 17:56:28,063 - INFO - Ingress_Mono_Exit AVZZXAK4
2025-04-12 17:56:28,386 - INFO - Ingress_Mono_Enter Y22FMP5V
2025-04-12 17:56:28,411 - INFO - Ingress_Mono_Input_Decoded Y22FMP5V
2025-04-12 17:56:28,413 - INFO - Ingress_Mono_Numpy_Converted Y22FMP5V
2025-04-12 17:56:28,523 - INFO - Ingress_Mono_Enter VETEZHW7
2025-04-12 17:56:28,542 - INFO - Ingress_Mono_Input_Decoded VETEZHW7
2025-04-12 17:56:28,545 - INFO - Ingress_Mono_Numpy_Converted VETEZHW7
2025-04-12 17:56:29,177 - INFO - Ingress_Mono_Exit 1VM7FA3I
2025-04-12 17:56:29,515 - INFO - Ingress_Mono_Enter DVL7VLMJ
2025-04-12 17:56:29,530 - INFO - Ingress_Mono_Input_Decoded DVL7VLMJ
2025-04-12 17:56:29,531 - INFO - Ingress_Mono_Numpy_Converted DVL7VLMJ
2025-04-12 17:56:29,876 - INFO - Ingress_Mono_Exit T1I9Y5DF
2025-04-12 17:56:30,164 - INFO - Ingress_Mono_Enter N0SXZWZD
2025-04-12 17:56:30,182 - INFO - Ingress_Mono_Input_Decoded N0SXZWZD
2025-04-12 17:56:30,184 - INFO - Ingress_Mono_Numpy_Converted N0SXZWZD
2025-04-12 17:56:30,191 - INFO - Ingress_Mono_Exit MNZYNW13
2025-04-12 17:56:31,024 - INFO - Ingress_Mono_Enter 2OWYGLGJ
2025-04-12 17:56:31,043 - INFO - Ingress_Mono_Input_Decoded 2OWYGLGJ
2025-04-12 17:56:31,045 - INFO - Ingress_Mono_Numpy_Converted 2OWYGLGJ
2025-04-12 17:56:31,453 - INFO - Ingress_Mono_Enter 8R40JEAH
2025-04-12 17:56:31,473 - INFO - Ingress_Mono_Input_Decoded 8R40JEAH
2025-04-12 17:56:31,475 - INFO - Ingress_Mono_Numpy_Converted 8R40JEAH
2025-04-12 17:56:31,739 - INFO - Ingress_Mono_Enter GBAFPIBG
2025-04-12 17:56:31,758 - INFO - Ingress_Mono_Input_Decoded GBAFPIBG
2025-04-12 17:56:31,759 - INFO - Ingress_Mono_Numpy_Converted GBAFPIBG
2025-04-12 17:56:32,387 - INFO - Ingress_Mono_Exit JRTMNWCT
2025-04-12 17:56:32,821 - INFO - Ingress_Mono_Enter MG7OGHFF
2025-04-12 17:56:32,842 - INFO - Ingress_Mono_Input_Decoded MG7OGHFF
2025-04-12 17:56:32,844 - INFO - Ingress_Mono_Numpy_Converted MG7OGHFF
2025-04-12 17:56:32,899 - INFO - Ingress_Mono_Exit 9HINZCTH
2025-04-12 17:56:33,756 - INFO - Ingress_Mono_Enter OCQ6BPL1
2025-04-12 17:56:33,783 - INFO - Ingress_Mono_Input_Decoded OCQ6BPL1
2025-04-12 17:56:33,786 - INFO - Ingress_Mono_Numpy_Converted OCQ6BPL1
2025-04-12 17:56:33,797 - INFO - Ingress_Mono_Exit Y22FMP5V
2025-04-12 17:56:34,098 - INFO - Ingress_Mono_Enter ZNEN2KM8
2025-04-12 17:56:34,112 - INFO - Ingress_Mono_Input_Decoded ZNEN2KM8
2025-04-12 17:56:34,114 - INFO - Ingress_Mono_Numpy_Converted ZNEN2KM8
2025-04-12 17:56:34,459 - INFO - Ingress_Mono_Enter L8QJ5D84
2025-04-12 17:56:34,476 - INFO - Ingress_Mono_Input_Decoded L8QJ5D84
2025-04-12 17:56:34,477 - INFO - Ingress_Mono_Numpy_Converted L8QJ5D84
2025-04-12 17:56:34,583 - INFO - Ingress_Mono_Exit VETEZHW7
2025-04-12 17:56:35,059 - INFO - Ingress_Mono_Exit 2OWYGLGJ
2025-04-12 17:56:35,512 - INFO - Ingress_Mono_Exit DVL7VLMJ
2025-04-12 17:56:36,981 - INFO - Ingress_Mono_Exit N0SXZWZD
2025-04-12 17:56:41,169 - INFO - Ingress_Mono_Exit 8R40JEAH
2025-04-12 17:56:41,976 - INFO - Ingress_Mono_Enter UGYOWUXU
2025-04-12 17:56:41,988 - INFO - Ingress_Mono_Input_Decoded UGYOWUXU
2025-04-12 17:56:41,989 - INFO - Ingress_Mono_Numpy_Converted UGYOWUXU
2025-04-12 17:56:42,055 - INFO - Ingress_Mono_Enter IUX9353H
2025-04-12 17:56:42,071 - INFO - Ingress_Mono_Input_Decoded IUX9353H
2025-04-12 17:56:42,073 - INFO - Ingress_Mono_Numpy_Converted IUX9353H
2025-04-12 17:56:42,265 - INFO - Ingress_Mono_Enter AG7Z07CJ
2025-04-12 17:56:42,278 - INFO - Ingress_Mono_Input_Decoded AG7Z07CJ
2025-04-12 17:56:42,279 - INFO - Ingress_Mono_Numpy_Converted AG7Z07CJ
2025-04-12 17:56:42,345 - INFO - Ingress_Mono_Enter NS6MCSPU
2025-04-12 17:56:42,364 - INFO - Ingress_Mono_Input_Decoded NS6MCSPU
2025-04-12 17:56:42,366 - INFO - Ingress_Mono_Numpy_Converted NS6MCSPU
2025-04-12 17:56:42,965 - INFO - Ingress_Mono_Exit GBAFPIBG
2025-04-12 17:56:42,966 - INFO - Ingress_Mono_Exit MG7OGHFF
2025-04-12 17:56:43,301 - INFO - Ingress_Mono_Exit ZNEN2KM8
2025-04-12 17:56:43,302 - INFO - Ingress_Mono_Exit L8QJ5D84
2025-04-12 17:56:43,389 - INFO - Ingress_Mono_Exit OCQ6BPL1
2025-04-12 17:56:44,578 - INFO - Ingress_Mono_Enter ZOLZ8M60
2025-04-12 17:56:44,608 - INFO - Ingress_Mono_Input_Decoded ZOLZ8M60
2025-04-12 17:56:44,611 - INFO - Ingress_Mono_Numpy_Converted ZOLZ8M60
2025-04-12 17:56:44,624 - INFO - Ingress_Mono_Enter KJPQNUE0
2025-04-12 17:56:44,637 - INFO - Ingress_Mono_Input_Decoded KJPQNUE0
2025-04-12 17:56:44,638 - INFO - Ingress_Mono_Numpy_Converted KJPQNUE0
2025-04-12 17:56:44,802 - INFO - Ingress_Mono_Exit UGYOWUXU
2025-04-12 17:56:44,842 - INFO - Ingress_Mono_Enter 56YFATCA
2025-04-12 17:56:44,858 - INFO - Ingress_Mono_Input_Decoded 56YFATCA
2025-04-12 17:56:44,859 - INFO - Ingress_Mono_Numpy_Converted 56YFATCA
2025-04-12 17:56:45,419 - INFO - Ingress_Mono_Enter NEHHE0E7
2025-04-12 17:56:45,439 - INFO - Ingress_Mono_Input_Decoded NEHHE0E7
2025-04-12 17:56:45,440 - INFO - Ingress_Mono_Numpy_Converted NEHHE0E7
2025-04-12 17:56:46,556 - INFO - Ingress_Mono_Exit IUX9353H
2025-04-12 17:56:49,642 - INFO - Ingress_Mono_Exit AG7Z07CJ
2025-04-12 17:56:49,944 - INFO - Ingress_Mono_Exit NS6MCSPU
2025-04-12 17:56:50,393 - INFO - Ingress_Mono_Exit ZOLZ8M60
2025-04-12 17:56:51,759 - INFO - Ingress_Mono_Exit KJPQNUE0
2025-04-12 17:56:52,935 - INFO - Ingress_Mono_Exit 56YFATCA
2025-04-12 17:56:53,573 - INFO - Ingress_Mono_Exit NEHHE0E7
