2025-04-12 17:54:19,966 - INFO - Monolith_Enter ELEJ0QF6
2025-04-12 17:54:20,250 - INFO - Monolith_Exit ELEJ0QF6
2025-04-12 17:54:20,506 - INFO - Monolith_Enter 2W27RSM0
2025-04-12 17:54:20,827 - INFO - Monolith_Exit 2W27RSM0
2025-04-12 17:54:20,983 - INFO - Monolith_Enter CIG0XIZ1
2025-04-12 17:54:21,307 - INFO - Monolith_Exit CIG0XIZ1
2025-04-12 17:54:21,308 - INFO - Monolith_Enter 4HT2HKQY
2025-04-12 17:54:21,641 - INFO - Monolith_Exit 4HT2HKQY
2025-04-12 17:54:22,286 - INFO - Monolith_Enter 4YQ6WW2K
2025-04-12 17:54:22,970 - INFO - Monolith_Exit 4YQ6WW2K
2025-04-12 17:54:22,972 - INFO - Monolith_Enter WFDT00G7
Monolith_Enter HYQV7A6I
Monolith_Enter FBJFC38R
2025-04-12 17:54:24,207 - INFO - Monolith_Exit WFDT00G7
Monolith_Exit HYQV7A6I
Monolith_Exit FBJFC38R
2025-04-12 17:54:24,208 - INFO - Monolith_Enter PW67NF4K
2025-04-12 17:54:24,497 - INFO - Monolith_Exit PW67NF4K
2025-04-12 17:54:24,498 - INFO - Monolith_Enter OKSAWHJZ
Monolith_Enter BPUXJX5A
2025-04-12 17:54:25,089 - INFO - Monolith_Exit OKSAWHJZ
Monolith_Exit BPUXJX5A
2025-04-12 17:54:25,090 - INFO - Monolith_Enter KH1SJ1MC
Monolith_Enter CKG81RD7
2025-04-12 17:54:25,641 - INFO - Monolith_Exit KH1SJ1MC
Monolith_Exit CKG81RD7
2025-04-12 17:54:25,713 - INFO - Monolith_Enter 8M6DLRQE
2025-04-12 17:54:26,029 - INFO - Monolith_Exit 8M6DLRQE
2025-04-12 17:54:26,031 - INFO - Monolith_Enter DLQHD32M
Monolith_Enter X950IZXW
Monolith_Enter OAWGMK3B
2025-04-12 17:54:27,613 - INFO - Monolith_Exit DLQHD32M
Monolith_Exit X950IZXW
Monolith_Exit OAWGMK3B
2025-04-12 17:54:27,614 - INFO - Monolith_Enter BBF0AZQM
2025-04-12 17:54:28,032 - INFO - Monolith_Exit BBF0AZQM
2025-04-12 17:54:28,033 - INFO - Monolith_Enter 6TYPWWX6
Monolith_Enter CIOUPY3M
Monolith_Enter KZL473TH
2025-04-12 17:54:28,911 - INFO - Monolith_Exit 6TYPWWX6
Monolith_Exit CIOUPY3M
Monolith_Exit KZL473TH
2025-04-12 17:54:28,912 - INFO - Monolith_Enter LAOYPKLC
2025-04-12 17:54:29,212 - INFO - Monolith_Exit LAOYPKLC
2025-04-12 17:54:29,213 - INFO - Monolith_Enter MN8EJ5H6
Monolith_Enter ZHUNSYJ1
Monolith_Enter ZPW3NOJP
2025-04-12 17:54:30,060 - INFO - Monolith_Exit MN8EJ5H6
Monolith_Exit ZHUNSYJ1
Monolith_Exit ZPW3NOJP
2025-04-12 17:54:30,061 - INFO - Monolith_Enter 2H7E0AZ7
2025-04-12 17:54:30,375 - INFO - Monolith_Exit 2H7E0AZ7
2025-04-12 17:54:30,376 - INFO - Monolith_Enter M5Z3QZDP
Monolith_Enter JYDLUSJW
Monolith_Enter 8UIJQ77C
2025-04-12 17:54:31,293 - INFO - Monolith_Exit M5Z3QZDP
Monolith_Exit JYDLUSJW
Monolith_Exit 8UIJQ77C
2025-04-12 17:54:31,294 - INFO - Monolith_Enter 9ZDSHOAV
2025-04-12 17:54:31,582 - INFO - Monolith_Exit 9ZDSHOAV
2025-04-12 17:54:31,583 - INFO - Monolith_Enter 7U7SUZWK
Monolith_Enter RJBNT8DB
Monolith_Enter DNKJJDTG
2025-04-12 17:54:32,447 - INFO - Monolith_Exit 7U7SUZWK
Monolith_Exit RJBNT8DB
Monolith_Exit DNKJJDTG
2025-04-12 17:54:32,448 - INFO - Monolith_Enter 6E1PBXO8
2025-04-12 17:54:32,777 - INFO - Monolith_Exit 6E1PBXO8
2025-04-12 17:54:32,778 - INFO - Monolith_Enter 6JMFJGRO
Monolith_Enter ZO8CPQ40
Monolith_Enter KLWYAN3S
2025-04-12 17:54:33,901 - INFO - Monolith_Exit 6JMFJGRO
Monolith_Exit ZO8CPQ40
Monolith_Exit KLWYAN3S
2025-04-12 17:54:33,902 - INFO - Monolith_Enter 2QKQS2BW
2025-04-12 17:54:34,303 - INFO - Monolith_Exit 2QKQS2BW
2025-04-12 17:54:34,304 - INFO - Monolith_Enter VF2D9JJ8
Monolith_Enter 3OPNYEKB
Monolith_Enter RVU7ATXD
2025-04-12 17:54:35,215 - INFO - Monolith_Exit VF2D9JJ8
Monolith_Exit 3OPNYEKB
Monolith_Exit RVU7ATXD
2025-04-12 17:54:35,216 - INFO - Monolith_Enter 1B6WY29G
2025-04-12 17:54:35,757 - INFO - Monolith_Exit 1B6WY29G
2025-04-12 17:54:35,758 - INFO - Monolith_Enter XHJQSVNV
Monolith_Enter EJ63T3QP
Monolith_Enter 38BJW032
2025-04-12 17:54:37,354 - INFO - Monolith_Exit XHJQSVNV
Monolith_Exit EJ63T3QP
Monolith_Exit 38BJW032
2025-04-12 17:54:37,355 - INFO - Monolith_Enter Z6XJN0YY
2025-04-12 17:54:38,031 - INFO - Monolith_Exit Z6XJN0YY
2025-04-12 17:54:38,032 - INFO - Monolith_Enter IWUNXQ15
Monolith_Enter Y612KX62
Monolith_Enter YMOYUTD1
2025-04-12 17:54:39,028 - INFO - Monolith_Exit IWUNXQ15
Monolith_Exit Y612KX62
Monolith_Exit YMOYUTD1
2025-04-12 17:54:39,029 - INFO - Monolith_Enter L0KFAVVV
2025-04-12 17:54:39,341 - INFO - Monolith_Exit L0KFAVVV
2025-04-12 17:54:39,342 - INFO - Monolith_Enter EK1RAANW
Monolith_Enter IPZ0UYZQ
Monolith_Enter 4QZNDOFZ
2025-04-12 17:54:40,188 - INFO - Monolith_Exit EK1RAANW
Monolith_Exit IPZ0UYZQ
Monolith_Exit 4QZNDOFZ
2025-04-12 17:54:40,189 - INFO - Monolith_Enter WCOQ1WS2
2025-04-12 17:54:40,599 - INFO - Monolith_Exit WCOQ1WS2
2025-04-12 17:54:40,600 - INFO - Monolith_Enter 535K5WUV
Monolith_Enter Y62UJUQO
Monolith_Enter MDSVGF4L
2025-04-12 17:54:41,265 - INFO - Monolith_Exit 535K5WUV
Monolith_Exit Y62UJUQO
Monolith_Exit MDSVGF4L
2025-04-12 17:54:41,266 - INFO - Monolith_Enter ZRSQGQ4G
2025-04-12 17:54:41,532 - INFO - Monolith_Exit ZRSQGQ4G
2025-04-12 17:54:41,533 - INFO - Monolith_Enter 25NRYW5M
Monolith_Enter Y72OA4TT
Monolith_Enter 12GD43D2
2025-04-12 17:54:42,627 - INFO - Monolith_Exit 25NRYW5M
Monolith_Exit Y72OA4TT
Monolith_Exit 12GD43D2
2025-04-12 17:54:42,628 - INFO - Monolith_Enter QHANWQ39
2025-04-12 17:54:42,982 - INFO - Monolith_Exit QHANWQ39
2025-04-12 17:54:42,983 - INFO - Monolith_Enter C9PAFKNH
Monolith_Enter 2KPU15KM
Monolith_Enter Q52J6A2O
2025-04-12 17:54:43,820 - INFO - Monolith_Exit C9PAFKNH
Monolith_Exit 2KPU15KM
Monolith_Exit Q52J6A2O
2025-04-12 17:54:43,821 - INFO - Monolith_Enter EXUJ8PKB
2025-04-12 17:54:44,146 - INFO - Monolith_Exit EXUJ8PKB
2025-04-12 17:54:44,147 - INFO - Monolith_Enter OAWCP0AW
Monolith_Enter PVBZ6KG7
Monolith_Enter SKOKYN8O
2025-04-12 17:54:44,969 - INFO - Monolith_Exit OAWCP0AW
Monolith_Exit PVBZ6KG7
Monolith_Exit SKOKYN8O
2025-04-12 17:54:44,970 - INFO - Monolith_Enter WXKPLUIM
2025-04-12 17:54:45,320 - INFO - Monolith_Exit WXKPLUIM
2025-04-12 17:54:45,321 - INFO - Monolith_Enter WWQM0A7Q
Monolith_Enter 1K9ETQ98
Monolith_Enter 4ZIAH0L6
2025-04-12 17:54:46,495 - INFO - Monolith_Exit WWQM0A7Q
Monolith_Exit 1K9ETQ98
Monolith_Exit 4ZIAH0L6
2025-04-12 17:54:46,496 - INFO - Monolith_Enter 9FOCPME9
2025-04-12 17:54:46,815 - INFO - Monolith_Exit 9FOCPME9
2025-04-12 17:54:46,816 - INFO - Monolith_Enter FPJ0UAB8
Monolith_Enter 4J0F25JC
Monolith_Enter 9BNFV5YM
2025-04-12 17:54:47,616 - INFO - Monolith_Exit FPJ0UAB8
Monolith_Exit 4J0F25JC
Monolith_Exit 9BNFV5YM
2025-04-12 17:54:47,617 - INFO - Monolith_Enter S24DXULW
2025-04-12 17:54:48,012 - INFO - Monolith_Exit S24DXULW
2025-04-12 17:54:48,013 - INFO - Monolith_Enter YLNA7X9K
Monolith_Enter IOR4JL7N
Monolith_Enter M9K9PQQL
2025-04-12 17:54:49,021 - INFO - Monolith_Exit YLNA7X9K
Monolith_Exit IOR4JL7N
Monolith_Exit M9K9PQQL
2025-04-12 17:54:49,022 - INFO - Monolith_Enter 2WTC49SE
2025-04-12 17:54:49,580 - INFO - Monolith_Exit 2WTC49SE
2025-04-12 17:54:49,582 - INFO - Monolith_Enter SKRXSGLF
Monolith_Enter GY9QT23V
Monolith_Enter X6M6K15T
2025-04-12 17:54:50,379 - INFO - Monolith_Exit SKRXSGLF
Monolith_Exit GY9QT23V
Monolith_Exit X6M6K15T
2025-04-12 17:54:50,380 - INFO - Monolith_Enter YSKUZ13R
2025-04-12 17:54:50,741 - INFO - Monolith_Exit YSKUZ13R
2025-04-12 17:54:50,742 - INFO - Monolith_Enter VEUWZIE5
Monolith_Enter UGNYOVFZ
Monolith_Enter G1AWXODZ
2025-04-12 17:54:51,460 - INFO - Monolith_Exit VEUWZIE5
Monolith_Exit UGNYOVFZ
Monolith_Exit G1AWXODZ
2025-04-12 17:54:51,461 - INFO - Monolith_Enter J4VS52V7
2025-04-12 17:54:51,843 - INFO - Monolith_Exit J4VS52V7
2025-04-12 17:54:51,844 - INFO - Monolith_Enter MHISQBP6
Monolith_Enter WT07BOG3
Monolith_Enter 5BNW215Y
2025-04-12 17:54:52,606 - INFO - Monolith_Exit MHISQBP6
Monolith_Exit WT07BOG3
Monolith_Exit 5BNW215Y
2025-04-12 17:54:52,607 - INFO - Monolith_Enter N04ZFWV9
2025-04-12 17:54:53,515 - INFO - Monolith_Exit N04ZFWV9
2025-04-12 17:54:53,516 - INFO - Monolith_Enter 9WGXQRS5
Monolith_Enter WT4XQ6Z2
Monolith_Enter TX6KMYZB
2025-04-12 17:54:54,235 - INFO - Monolith_Exit 9WGXQRS5
Monolith_Exit WT4XQ6Z2
Monolith_Exit TX6KMYZB
2025-04-12 17:54:54,237 - INFO - Monolith_Enter 7155FN3X
2025-04-12 17:54:54,626 - INFO - Monolith_Exit 7155FN3X
2025-04-12 17:54:54,627 - INFO - Monolith_Enter KXBNOKIB
Monolith_Enter 4VGHX970
Monolith_Enter JDU0YHXC
2025-04-12 17:54:55,348 - INFO - Monolith_Exit KXBNOKIB
Monolith_Exit 4VGHX970
Monolith_Exit JDU0YHXC
2025-04-12 17:54:55,349 - INFO - Monolith_Enter SJBRJKP2
2025-04-12 17:54:55,580 - INFO - Monolith_Exit SJBRJKP2
2025-04-12 17:54:55,581 - INFO - Monolith_Enter PUVHM0JZ
Monolith_Enter SG5277GV
Monolith_Enter HYZWZWKO
2025-04-12 17:54:56,662 - INFO - Monolith_Exit PUVHM0JZ
Monolith_Exit SG5277GV
Monolith_Exit HYZWZWKO
2025-04-12 17:54:56,663 - INFO - Monolith_Enter H6REB7UQ
2025-04-12 17:54:56,907 - INFO - Monolith_Exit H6REB7UQ
2025-04-12 17:54:56,909 - INFO - Monolith_Enter 5OL3ITXA
Monolith_Enter UNFVKBU6
Monolith_Enter WFFCGNKL
2025-04-12 17:54:57,599 - INFO - Monolith_Exit 5OL3ITXA
Monolith_Exit UNFVKBU6
Monolith_Exit WFFCGNKL
2025-04-12 17:54:57,600 - INFO - Monolith_Enter 1GMXVLKJ
2025-04-12 17:54:57,999 - INFO - Monolith_Exit 1GMXVLKJ
2025-04-12 17:54:58,000 - INFO - Monolith_Enter VGT757R8
Monolith_Enter 8GU85INJ
Monolith_Enter TVL6FRFR
2025-04-12 17:54:58,913 - INFO - Monolith_Exit VGT757R8
Monolith_Exit 8GU85INJ
Monolith_Exit TVL6FRFR
2025-04-12 17:54:58,914 - INFO - Monolith_Enter DLKD5OSV
2025-04-12 17:54:59,206 - INFO - Monolith_Exit DLKD5OSV
2025-04-12 17:54:59,207 - INFO - Monolith_Enter 2JVTI57L
Monolith_Enter 57O0LCF7
Monolith_Enter U00R2YI5
2025-04-12 17:55:00,654 - INFO - Monolith_Exit 2JVTI57L
Monolith_Exit 57O0LCF7
Monolith_Exit U00R2YI5
2025-04-12 17:55:00,655 - INFO - Monolith_Enter VZMBKFCH
2025-04-12 17:55:01,148 - INFO - Monolith_Exit VZMBKFCH
2025-04-12 17:55:01,149 - INFO - Monolith_Enter UL3CQN40
Monolith_Enter EQEGUTFF
Monolith_Enter DZOOBIOF
2025-04-12 17:55:01,951 - INFO - Monolith_Exit UL3CQN40
Monolith_Exit EQEGUTFF
Monolith_Exit DZOOBIOF
2025-04-12 17:55:01,952 - INFO - Monolith_Enter CQWH4AWA
2025-04-12 17:55:02,262 - INFO - Monolith_Exit CQWH4AWA
2025-04-12 17:55:02,263 - INFO - Monolith_Enter 2PE04YDN
Monolith_Enter T06XCRO0
Monolith_Enter 2L308CP6
2025-04-12 17:55:03,069 - INFO - Monolith_Exit 2PE04YDN
Monolith_Exit T06XCRO0
Monolith_Exit 2L308CP6
2025-04-12 17:55:03,070 - INFO - Monolith_Enter ZIVT6LMP
2025-04-12 17:55:03,423 - INFO - Monolith_Exit ZIVT6LMP
2025-04-12 17:55:03,424 - INFO - Monolith_Enter OKJMW09F
Monolith_Enter RWA9RX63
Monolith_Enter OTABMN1Y
2025-04-12 17:55:04,160 - INFO - Monolith_Exit OKJMW09F
Monolith_Exit RWA9RX63
Monolith_Exit OTABMN1Y
2025-04-12 17:55:04,161 - INFO - Monolith_Enter YHN38KHI
2025-04-12 17:55:04,526 - INFO - Monolith_Exit YHN38KHI
2025-04-12 17:55:04,527 - INFO - Monolith_Enter N3J9RTSP
Monolith_Enter 32EQTB62
Monolith_Enter B6ZXOLMN
2025-04-12 17:55:05,477 - INFO - Monolith_Exit N3J9RTSP
Monolith_Exit 32EQTB62
Monolith_Exit B6ZXOLMN
2025-04-12 17:55:05,477 - INFO - Monolith_Enter A02P21F8
2025-04-12 17:55:06,219 - INFO - Monolith_Exit A02P21F8
2025-04-12 17:55:06,220 - INFO - Monolith_Enter VQURAT9N
Monolith_Enter N8F4EASE
Monolith_Enter ZGVHV9M3
2025-04-12 17:55:07,688 - INFO - Monolith_Exit VQURAT9N
Monolith_Exit N8F4EASE
Monolith_Exit ZGVHV9M3
2025-04-12 17:55:07,689 - INFO - Monolith_Enter DCBXFXU6
2025-04-12 17:55:07,916 - INFO - Monolith_Exit DCBXFXU6
2025-04-12 17:55:07,917 - INFO - Monolith_Enter 49LUU9T1
Monolith_Enter 26C3L1H4
Monolith_Enter 5S6YD078
2025-04-12 17:55:08,719 - INFO - Monolith_Exit 49LUU9T1
Monolith_Exit 26C3L1H4
Monolith_Exit 5S6YD078
2025-04-12 17:55:08,720 - INFO - Monolith_Enter V1ULQTCV
2025-04-12 17:55:09,191 - INFO - Monolith_Exit V1ULQTCV
2025-04-12 17:55:09,192 - INFO - Monolith_Enter URGV8UUT
Monolith_Enter USHK9PT2
Monolith_Enter Q6URY1NZ
2025-04-12 17:55:10,361 - INFO - Monolith_Exit URGV8UUT
Monolith_Exit USHK9PT2
Monolith_Exit Q6URY1NZ
2025-04-12 17:55:10,362 - INFO - Monolith_Enter AQD0VFO2
2025-04-12 17:55:10,973 - INFO - Monolith_Exit AQD0VFO2
2025-04-12 17:55:10,974 - INFO - Monolith_Enter 9JLIYPRB
Monolith_Enter OSO3WJUO
Monolith_Enter 3IJ1AMKH
2025-04-12 17:55:11,867 - INFO - Monolith_Exit 9JLIYPRB
Monolith_Exit OSO3WJUO
Monolith_Exit 3IJ1AMKH
2025-04-12 17:55:11,868 - INFO - Monolith_Enter OGUTEVIF
2025-04-12 17:55:12,164 - INFO - Monolith_Exit OGUTEVIF
2025-04-12 17:55:12,166 - INFO - Monolith_Enter H9B6LZAD
Monolith_Enter SP2PVOW5
Monolith_Enter 4U1QS5F9
2025-04-12 17:55:12,872 - INFO - Monolith_Exit H9B6LZAD
Monolith_Exit SP2PVOW5
Monolith_Exit 4U1QS5F9
2025-04-12 17:55:12,873 - INFO - Monolith_Enter SDQFFVFK
2025-04-12 17:55:13,261 - INFO - Monolith_Exit SDQFFVFK
2025-04-12 17:55:13,262 - INFO - Monolith_Enter 1VGUTJPQ
Monolith_Enter DEJCNX6D
Monolith_Enter 1Q9YP2MW
2025-04-12 17:55:14,385 - INFO - Monolith_Exit 1VGUTJPQ
Monolith_Exit DEJCNX6D
Monolith_Exit 1Q9YP2MW
2025-04-12 17:55:14,386 - INFO - Monolith_Enter FYITMVA7
2025-04-12 17:55:14,715 - INFO - Monolith_Exit FYITMVA7
2025-04-12 17:55:14,716 - INFO - Monolith_Enter SIZZE1TK
Monolith_Enter T0H3F7JE
Monolith_Enter F34VFW8H
2025-04-12 17:55:15,516 - INFO - Monolith_Exit SIZZE1TK
Monolith_Exit T0H3F7JE
Monolith_Exit F34VFW8H
2025-04-12 17:55:15,517 - INFO - Monolith_Enter 0U7YV882
2025-04-12 17:55:15,893 - INFO - Monolith_Exit 0U7YV882
2025-04-12 17:55:15,894 - INFO - Monolith_Enter IQQ112JC
Monolith_Enter 5204JNTN
Monolith_Enter RVPBPB43
2025-04-12 17:55:16,733 - INFO - Monolith_Exit IQQ112JC
Monolith_Exit 5204JNTN
Monolith_Exit RVPBPB43
2025-04-12 17:55:16,734 - INFO - Monolith_Enter 06KR8HR0
2025-04-12 17:55:17,069 - INFO - Monolith_Exit 06KR8HR0
2025-04-12 17:55:17,070 - INFO - Monolith_Enter UXJS51YA
Monolith_Enter DNHY8BND
Monolith_Enter X6AM2ZD1
2025-04-12 17:55:18,078 - INFO - Monolith_Exit UXJS51YA
Monolith_Exit DNHY8BND
Monolith_Exit X6AM2ZD1
2025-04-12 17:55:18,079 - INFO - Monolith_Enter 03ZGYGRZ
2025-04-12 17:55:18,369 - INFO - Monolith_Exit 03ZGYGRZ
2025-04-12 17:55:18,370 - INFO - Monolith_Enter TW04XUJW
Monolith_Enter DLUXOI97
Monolith_Enter 29QHFMW7
2025-04-12 17:55:19,461 - INFO - Monolith_Exit TW04XUJW
Monolith_Exit DLUXOI97
Monolith_Exit 29QHFMW7
2025-04-12 17:55:19,462 - INFO - Monolith_Enter YYEVIC4S
2025-04-12 17:55:19,853 - INFO - Monolith_Exit YYEVIC4S
2025-04-12 17:55:19,854 - INFO - Monolith_Enter LIMT44Q7
Monolith_Enter F6IVQWB0
Monolith_Enter AC7V9NZG
2025-04-12 17:55:20,572 - INFO - Monolith_Exit LIMT44Q7
Monolith_Exit F6IVQWB0
Monolith_Exit AC7V9NZG
2025-04-12 17:55:20,573 - INFO - Monolith_Enter YK5MEG36
2025-04-12 17:55:20,882 - INFO - Monolith_Exit YK5MEG36
2025-04-12 17:55:20,884 - INFO - Monolith_Enter HRCDR4D1
Monolith_Enter V2J2LOAK
Monolith_Enter 4HQ5WM25
2025-04-12 17:55:21,652 - INFO - Monolith_Exit HRCDR4D1
Monolith_Exit V2J2LOAK
Monolith_Exit 4HQ5WM25
2025-04-12 17:55:21,653 - INFO - Monolith_Enter GJGFJLHU
2025-04-12 17:55:22,011 - INFO - Monolith_Exit GJGFJLHU
2025-04-12 17:55:22,012 - INFO - Monolith_Enter CNXCJ6O2
Monolith_Enter J5YYMB9G
Monolith_Enter U7EKJA8N
2025-04-12 17:55:23,079 - INFO - Monolith_Exit CNXCJ6O2
Monolith_Exit J5YYMB9G
Monolith_Exit U7EKJA8N
2025-04-12 17:55:23,080 - INFO - Monolith_Enter OWEAKCRA
2025-04-12 17:55:23,393 - INFO - Monolith_Exit OWEAKCRA
2025-04-12 17:55:23,394 - INFO - Monolith_Enter T97C824K
Monolith_Enter K8OC8FRC
Monolith_Enter AZ0M63NG
2025-04-12 17:55:24,480 - INFO - Monolith_Exit T97C824K
Monolith_Exit K8OC8FRC
Monolith_Exit AZ0M63NG
2025-04-12 17:55:24,481 - INFO - Monolith_Enter QG1Y0SVJ
2025-04-12 17:55:24,917 - INFO - Monolith_Exit QG1Y0SVJ
2025-04-12 17:55:24,919 - INFO - Monolith_Enter Q5AWBG9Q
Monolith_Enter SIFW2E4T
Monolith_Enter GF11F2B1
2025-04-12 17:55:25,619 - INFO - Monolith_Exit Q5AWBG9Q
Monolith_Exit SIFW2E4T
Monolith_Exit GF11F2B1
2025-04-12 17:55:25,620 - INFO - Monolith_Enter 5MKUV783
2025-04-12 17:55:25,938 - INFO - Monolith_Exit 5MKUV783
2025-04-12 17:55:25,940 - INFO - Monolith_Enter 48SIFVUQ
Monolith_Enter OZHS67BI
Monolith_Enter M6ZERCT8
2025-04-12 17:55:26,727 - INFO - Monolith_Exit 48SIFVUQ
Monolith_Exit OZHS67BI
Monolith_Exit M6ZERCT8
2025-04-12 17:55:26,728 - INFO - Monolith_Enter NWKXSTQT
2025-04-12 17:55:27,102 - INFO - Monolith_Exit NWKXSTQT
2025-04-12 17:55:27,103 - INFO - Monolith_Enter OLE55S5S
Monolith_Enter 9FTVT9DE
Monolith_Enter XPN9GOXK
2025-04-12 17:55:28,153 - INFO - Monolith_Exit OLE55S5S
Monolith_Exit 9FTVT9DE
Monolith_Exit XPN9GOXK
2025-04-12 17:55:28,154 - INFO - Monolith_Enter SZT1SY5P
2025-04-12 17:55:28,399 - INFO - Monolith_Exit SZT1SY5P
2025-04-12 17:55:28,400 - INFO - Monolith_Enter RMXTVL8T
Monolith_Enter ED6DBBML
Monolith_Enter DQPUSYAF
2025-04-12 17:55:29,037 - INFO - Monolith_Exit RMXTVL8T
Monolith_Exit ED6DBBML
Monolith_Exit DQPUSYAF
2025-04-12 17:55:29,038 - INFO - Monolith_Enter PBMKV0IP
2025-04-12 17:55:29,388 - INFO - Monolith_Exit PBMKV0IP
2025-04-12 17:55:29,389 - INFO - Monolith_Enter C1P0G2J0
Monolith_Enter NN3GQDK3
Monolith_Enter S3PVRKRU
2025-04-12 17:55:30,045 - INFO - Monolith_Exit C1P0G2J0
Monolith_Exit NN3GQDK3
Monolith_Exit S3PVRKRU
2025-04-12 17:55:30,046 - INFO - Monolith_Enter N7Z7DGOU
2025-04-12 17:55:30,368 - INFO - Monolith_Exit N7Z7DGOU
2025-04-12 17:55:30,369 - INFO - Monolith_Enter OFRF6Q62
Monolith_Enter NU1SWLM9
Monolith_Enter QBI3KKPI
2025-04-12 17:55:31,113 - INFO - Monolith_Exit OFRF6Q62
Monolith_Exit NU1SWLM9
Monolith_Exit QBI3KKPI
2025-04-12 17:55:31,114 - INFO - Monolith_Enter QTVB8WLX
2025-04-12 17:55:31,484 - INFO - Monolith_Exit QTVB8WLX
2025-04-12 17:55:31,485 - INFO - Monolith_Enter UB4N6JRM
Monolith_Enter EFKYQVGD
Monolith_Enter RIANX655
2025-04-12 17:55:32,299 - INFO - Monolith_Exit UB4N6JRM
Monolith_Exit EFKYQVGD
Monolith_Exit RIANX655
2025-04-12 17:55:32,300 - INFO - Monolith_Enter N7RXGRQS
2025-04-12 17:55:32,629 - INFO - Monolith_Exit N7RXGRQS
2025-04-12 17:55:32,631 - INFO - Monolith_Enter 8JBR2Q3B
Monolith_Enter K251Q1IH
Monolith_Enter N7VQXDXE
2025-04-12 17:55:33,578 - INFO - Monolith_Exit 8JBR2Q3B
Monolith_Exit K251Q1IH
Monolith_Exit N7VQXDXE
2025-04-12 17:55:33,579 - INFO - Monolith_Enter RWEW49QN
2025-04-12 17:55:33,840 - INFO - Monolith_Exit RWEW49QN
2025-04-12 17:55:33,842 - INFO - Monolith_Enter 51TNIDXW
Monolith_Enter VW2IBTMY
Monolith_Enter 0QZ1GGMM
2025-04-12 17:55:34,747 - INFO - Monolith_Exit 51TNIDXW
Monolith_Exit VW2IBTMY
Monolith_Exit 0QZ1GGMM
2025-04-12 17:55:34,748 - INFO - Monolith_Enter 0QUNKN4C
2025-04-12 17:55:35,094 - INFO - Monolith_Exit 0QUNKN4C
2025-04-12 17:55:35,095 - INFO - Monolith_Enter IQ3ZACES
Monolith_Enter YES36XDO
Monolith_Enter GDDYRNLX
2025-04-12 17:55:35,945 - INFO - Monolith_Exit IQ3ZACES
Monolith_Exit YES36XDO
Monolith_Exit GDDYRNLX
2025-04-12 17:55:35,946 - INFO - Monolith_Enter 6U13DW5B
2025-04-12 17:55:36,253 - INFO - Monolith_Exit 6U13DW5B
2025-04-12 17:55:36,254 - INFO - Monolith_Enter YOVVDFHQ
Monolith_Enter H4QX8VZY
Monolith_Enter PIS2GQFN
2025-04-12 17:55:37,223 - INFO - Monolith_Exit YOVVDFHQ
Monolith_Exit H4QX8VZY
Monolith_Exit PIS2GQFN
2025-04-12 17:55:37,224 - INFO - Monolith_Enter RAIXAR6X
2025-04-12 17:55:37,715 - INFO - Monolith_Exit RAIXAR6X
2025-04-12 17:55:37,716 - INFO - Monolith_Enter AQF6XIRM
Monolith_Enter 5IDEG9VV
Monolith_Enter 151TW43M
2025-04-12 17:55:39,121 - INFO - Monolith_Exit AQF6XIRM
Monolith_Exit 5IDEG9VV
Monolith_Exit 151TW43M
2025-04-12 17:55:39,122 - INFO - Monolith_Enter HKEPRVXH
2025-04-12 17:55:39,429 - INFO - Monolith_Exit HKEPRVXH
2025-04-12 17:55:39,431 - INFO - Monolith_Enter PSRQZ0W5
Monolith_Enter FU0ZVJ28
Monolith_Enter G0GJ3DGW
2025-04-12 17:55:40,359 - INFO - Monolith_Exit PSRQZ0W5
Monolith_Exit FU0ZVJ28
Monolith_Exit G0GJ3DGW
2025-04-12 17:55:40,361 - INFO - Monolith_Enter CIY1PKOC
2025-04-12 17:55:40,652 - INFO - Monolith_Exit CIY1PKOC
2025-04-12 17:55:40,653 - INFO - Monolith_Enter O29ZPB27
Monolith_Enter 8G3TD0GQ
Monolith_Enter 7K135OAP
2025-04-12 17:55:41,346 - INFO - Monolith_Exit O29ZPB27
Monolith_Exit 8G3TD0GQ
Monolith_Exit 7K135OAP
2025-04-12 17:55:41,347 - INFO - Monolith_Enter VU96U2M0
2025-04-12 17:55:41,686 - INFO - Monolith_Exit VU96U2M0
2025-04-12 17:55:41,687 - INFO - Monolith_Enter U1T5XW0C
Monolith_Enter ZTUH2KKY
Monolith_Enter DT25CQNA
2025-04-12 17:55:42,333 - INFO - Monolith_Exit U1T5XW0C
Monolith_Exit ZTUH2KKY
Monolith_Exit DT25CQNA
2025-04-12 17:55:42,334 - INFO - Monolith_Enter F5S9S3GP
2025-04-12 17:55:42,856 - INFO - Monolith_Exit F5S9S3GP
2025-04-12 17:55:42,857 - INFO - Monolith_Enter 910XXZHL
Monolith_Enter 8Q91MY9W
Monolith_Enter C0MD9KMK
2025-04-12 17:55:44,116 - INFO - Monolith_Exit 910XXZHL
Monolith_Exit 8Q91MY9W
Monolith_Exit C0MD9KMK
2025-04-12 17:55:44,116 - INFO - Monolith_Enter O50J9OQU
2025-04-12 17:55:44,405 - INFO - Monolith_Exit O50J9OQU
2025-04-12 17:55:44,406 - INFO - Monolith_Enter RMNNE3RG
Monolith_Enter QD1JC6IX
Monolith_Enter W0DP03B8
2025-04-12 17:55:45,550 - INFO - Monolith_Exit RMNNE3RG
Monolith_Exit QD1JC6IX
Monolith_Exit W0DP03B8
2025-04-12 17:55:45,551 - INFO - Monolith_Enter B8REET8Y
2025-04-12 17:55:45,835 - INFO - Monolith_Exit B8REET8Y
2025-04-12 17:55:45,837 - INFO - Monolith_Enter 7CMVL43T
Monolith_Enter 3X26SDAD
Monolith_Enter 74Y6Z3D5
2025-04-12 17:55:46,600 - INFO - Monolith_Exit 7CMVL43T
Monolith_Exit 3X26SDAD
Monolith_Exit 74Y6Z3D5
2025-04-12 17:55:46,601 - INFO - Monolith_Enter HE075E79
2025-04-12 17:55:46,931 - INFO - Monolith_Exit HE075E79
2025-04-12 17:55:46,933 - INFO - Monolith_Enter FULOMZ8M
Monolith_Enter 69GUV0N8
Monolith_Enter PY80P9M0
2025-04-12 17:55:47,618 - INFO - Monolith_Exit FULOMZ8M
Monolith_Exit 69GUV0N8
Monolith_Exit PY80P9M0
2025-04-12 17:55:47,619 - INFO - Monolith_Enter 6OGMBT67
2025-04-12 17:55:47,921 - INFO - Monolith_Exit 6OGMBT67
2025-04-12 17:55:47,922 - INFO - Monolith_Enter C92YH9ZT
Monolith_Enter A2MM25W9
Monolith_Enter TAQ09S79
2025-04-12 17:55:48,675 - INFO - Monolith_Exit C92YH9ZT
Monolith_Exit A2MM25W9
Monolith_Exit TAQ09S79
2025-04-12 17:55:48,676 - INFO - Monolith_Enter S4MVFY4I
2025-04-12 17:55:49,131 - INFO - Monolith_Exit S4MVFY4I
2025-04-12 17:55:49,133 - INFO - Monolith_Enter 1PNZP1UX
Monolith_Enter VWCVNHP6
Monolith_Enter MMRTJMH3
2025-04-12 17:55:49,864 - INFO - Monolith_Exit 1PNZP1UX
Monolith_Exit VWCVNHP6
Monolith_Exit MMRTJMH3
2025-04-12 17:55:49,864 - INFO - Monolith_Enter CEO8IKBT
2025-04-12 17:55:50,242 - INFO - Monolith_Exit CEO8IKBT
2025-04-12 17:55:50,243 - INFO - Monolith_Enter W2LY5BIJ
Monolith_Enter 2FKSQ676
Monolith_Enter 72JF5S24
2025-04-12 17:55:50,974 - INFO - Monolith_Exit W2LY5BIJ
Monolith_Exit 2FKSQ676
Monolith_Exit 72JF5S24
2025-04-12 17:55:50,975 - INFO - Monolith_Enter 0DRV6HNO
2025-04-12 17:55:51,314 - INFO - Monolith_Exit 0DRV6HNO
2025-04-12 17:55:51,315 - INFO - Monolith_Enter SBH3D5HD
Monolith_Enter 3ALRT5KC
Monolith_Enter V99ALBTR
2025-04-12 17:55:51,975 - INFO - Monolith_Exit SBH3D5HD
Monolith_Exit 3ALRT5KC
Monolith_Exit V99ALBTR
2025-04-12 17:55:51,976 - INFO - Monolith_Enter 8TUG31S2
2025-04-12 17:55:52,271 - INFO - Monolith_Exit 8TUG31S2
2025-04-12 17:55:52,273 - INFO - Monolith_Enter GGJC5J8H
Monolith_Enter AY8X2YOE
Monolith_Enter KZ9KD403
2025-04-12 17:55:53,048 - INFO - Monolith_Exit GGJC5J8H
Monolith_Exit AY8X2YOE
Monolith_Exit KZ9KD403
2025-04-12 17:55:53,049 - INFO - Monolith_Enter BVTJPHQV
2025-04-12 17:55:53,312 - INFO - Monolith_Exit BVTJPHQV
2025-04-12 17:55:53,314 - INFO - Monolith_Enter KRQIAMG6
Monolith_Enter BOMP98AY
Monolith_Enter B2ZNOX74
2025-04-12 17:55:53,960 - INFO - Monolith_Exit KRQIAMG6
Monolith_Exit BOMP98AY
Monolith_Exit B2ZNOX74
2025-04-12 17:55:53,961 - INFO - Monolith_Enter V3PAFEX8
2025-04-12 17:55:54,321 - INFO - Monolith_Exit V3PAFEX8
2025-04-12 17:55:54,322 - INFO - Monolith_Enter II7IJ9GY
Monolith_Enter DGCOFC7C
Monolith_Enter YK9JUTFP
2025-04-12 17:55:55,001 - INFO - Monolith_Exit II7IJ9GY
Monolith_Exit DGCOFC7C
Monolith_Exit YK9JUTFP
2025-04-12 17:55:55,002 - INFO - Monolith_Enter ZLKJ3JNY
2025-04-12 17:55:55,283 - INFO - Monolith_Exit ZLKJ3JNY
2025-04-12 17:55:55,284 - INFO - Monolith_Enter WLZ0LPCB
Monolith_Enter L7XSUSBT
Monolith_Enter EMFYDW6Y
2025-04-12 17:55:56,075 - INFO - Monolith_Exit WLZ0LPCB
Monolith_Exit L7XSUSBT
Monolith_Exit EMFYDW6Y
2025-04-12 17:55:56,076 - INFO - Monolith_Enter IE1ROXK1
2025-04-12 17:55:56,465 - INFO - Monolith_Exit IE1ROXK1
2025-04-12 17:55:56,466 - INFO - Monolith_Enter GNF0JTUG
Monolith_Enter ZVA7ERTM
Monolith_Enter QTSAC84Z
2025-04-12 17:55:57,257 - INFO - Monolith_Exit GNF0JTUG
Monolith_Exit ZVA7ERTM
Monolith_Exit QTSAC84Z
2025-04-12 17:55:57,259 - INFO - Monolith_Enter U566R0VF
2025-04-12 17:55:57,680 - INFO - Monolith_Exit U566R0VF
2025-04-12 17:55:57,682 - INFO - Monolith_Enter I3H4XX68
Monolith_Enter I5CY9IS6
Monolith_Enter JH6CF788
2025-04-12 17:55:58,407 - INFO - Monolith_Exit I3H4XX68
Monolith_Exit I5CY9IS6
Monolith_Exit JH6CF788
2025-04-12 17:55:58,408 - INFO - Monolith_Enter NEVUKRZL
2025-04-12 17:55:58,753 - INFO - Monolith_Exit NEVUKRZL
2025-04-12 17:55:58,754 - INFO - Monolith_Enter N9UX0JNR
Monolith_Enter 9Y7HAMTI
Monolith_Enter 3HRKMT37
2025-04-12 17:55:59,466 - INFO - Monolith_Exit N9UX0JNR
Monolith_Exit 9Y7HAMTI
Monolith_Exit 3HRKMT37
2025-04-12 17:55:59,467 - INFO - Monolith_Enter 7UNDAPJN
2025-04-12 17:55:59,745 - INFO - Monolith_Exit 7UNDAPJN
2025-04-12 17:55:59,747 - INFO - Monolith_Enter 3PCE16VS
Monolith_Enter PCE4O3HS
Monolith_Enter 0PB35EK0
2025-04-12 17:56:00,609 - INFO - Monolith_Exit 3PCE16VS
Monolith_Exit PCE4O3HS
Monolith_Exit 0PB35EK0
2025-04-12 17:56:00,610 - INFO - Monolith_Enter 6YZKI81A
2025-04-12 17:56:00,914 - INFO - Monolith_Exit 6YZKI81A
2025-04-12 17:56:00,915 - INFO - Monolith_Enter SUCCYW2Z
Monolith_Enter 2LQDEZLD
Monolith_Enter R41EP5JB
2025-04-12 17:56:01,901 - INFO - Monolith_Exit SUCCYW2Z
Monolith_Exit 2LQDEZLD
Monolith_Exit R41EP5JB
2025-04-12 17:56:01,902 - INFO - Monolith_Enter FW1U7S23
2025-04-12 17:56:02,238 - INFO - Monolith_Exit FW1U7S23
2025-04-12 17:56:02,239 - INFO - Monolith_Enter PZCSVPPA
Monolith_Enter 7LOM2RO3
Monolith_Enter JZOE9549
2025-04-12 17:56:02,931 - INFO - Monolith_Exit PZCSVPPA
Monolith_Exit 7LOM2RO3
Monolith_Exit JZOE9549
2025-04-12 17:56:02,932 - INFO - Monolith_Enter L0AWH684
2025-04-12 17:56:03,331 - INFO - Monolith_Exit L0AWH684
2025-04-12 17:56:03,332 - INFO - Monolith_Enter B75Z53LF
Monolith_Enter Y45V0TEN
Monolith_Enter 9UOHT3EE
2025-04-12 17:56:04,101 - INFO - Monolith_Exit B75Z53LF
Monolith_Exit Y45V0TEN
Monolith_Exit 9UOHT3EE
2025-04-12 17:56:04,102 - INFO - Monolith_Enter W9UI4SNQ
2025-04-12 17:56:04,412 - INFO - Monolith_Exit W9UI4SNQ
2025-04-12 17:56:04,413 - INFO - Monolith_Enter 2ZDKJ3LR
Monolith_Enter A4ZOJQOD
Monolith_Enter MG6J5PIK
2025-04-12 17:56:05,147 - INFO - Monolith_Exit 2ZDKJ3LR
Monolith_Exit A4ZOJQOD
Monolith_Exit MG6J5PIK
2025-04-12 17:56:05,148 - INFO - Monolith_Enter O1FLVDBY
2025-04-12 17:56:05,529 - INFO - Monolith_Exit O1FLVDBY
2025-04-12 17:56:05,531 - INFO - Monolith_Enter MMEJPAW7
Monolith_Enter 02FS0RH4
Monolith_Enter J6OTMN9V
2025-04-12 17:56:06,328 - INFO - Monolith_Exit MMEJPAW7
Monolith_Exit 02FS0RH4
Monolith_Exit J6OTMN9V
2025-04-12 17:56:06,329 - INFO - Monolith_Enter ZN7KCFMU
2025-04-12 17:56:06,685 - INFO - Monolith_Exit ZN7KCFMU
2025-04-12 17:56:06,686 - INFO - Monolith_Enter 8K7P1V6R
Monolith_Enter DNEBJ9MR
Monolith_Enter 4XQIT47O
2025-04-12 17:56:07,681 - INFO - Monolith_Exit 8K7P1V6R
Monolith_Exit DNEBJ9MR
Monolith_Exit 4XQIT47O
2025-04-12 17:56:07,682 - INFO - Monolith_Enter Z2ZXEY9C
2025-04-12 17:56:08,702 - INFO - Monolith_Exit Z2ZXEY9C
2025-04-12 17:56:08,703 - INFO - Monolith_Enter A63R3XIL
Monolith_Enter 62OVPPCG
Monolith_Enter S0IC89XA
2025-04-12 17:56:09,691 - INFO - Monolith_Exit A63R3XIL
Monolith_Exit 62OVPPCG
Monolith_Exit S0IC89XA
2025-04-12 17:56:09,692 - INFO - Monolith_Enter 28BPFX3S
2025-04-12 17:56:10,075 - INFO - Monolith_Exit 28BPFX3S
2025-04-12 17:56:10,077 - INFO - Monolith_Enter E0UMTUFU
Monolith_Enter LRHSV96N
Monolith_Enter 5OFSA2ZB
2025-04-12 17:56:10,891 - INFO - Monolith_Exit E0UMTUFU
Monolith_Exit LRHSV96N
Monolith_Exit 5OFSA2ZB
2025-04-12 17:56:10,892 - INFO - Monolith_Enter 9QNHINES
2025-04-12 17:56:11,309 - INFO - Monolith_Exit 9QNHINES
2025-04-12 17:56:11,310 - INFO - Monolith_Enter JDBQQMZM
Monolith_Enter C19ACIE9
Monolith_Enter BTM64TMJ
2025-04-12 17:56:12,019 - INFO - Monolith_Exit JDBQQMZM
Monolith_Exit C19ACIE9
Monolith_Exit BTM64TMJ
2025-04-12 17:56:12,020 - INFO - Monolith_Enter 42C5IM6D
2025-04-12 17:56:12,328 - INFO - Monolith_Exit 42C5IM6D
2025-04-12 17:56:12,329 - INFO - Monolith_Enter EC85JK2D
Monolith_Enter LE6IEQZ5
Monolith_Enter FZ9CB5AD
2025-04-12 17:56:13,453 - INFO - Monolith_Exit EC85JK2D
Monolith_Exit LE6IEQZ5
Monolith_Exit FZ9CB5AD
2025-04-12 17:56:13,454 - INFO - Monolith_Enter UKPOR7AB
2025-04-12 17:56:13,868 - INFO - Monolith_Exit UKPOR7AB
2025-04-12 17:56:13,869 - INFO - Monolith_Enter NYN9QD0C
Monolith_Enter 8DRWSIVD
Monolith_Enter XCFLGAVL
2025-04-12 17:56:14,658 - INFO - Monolith_Exit NYN9QD0C
Monolith_Exit 8DRWSIVD
Monolith_Exit XCFLGAVL
2025-04-12 17:56:14,659 - INFO - Monolith_Enter HNH3ZR0A
2025-04-12 17:56:15,002 - INFO - Monolith_Exit HNH3ZR0A
2025-04-12 17:56:15,003 - INFO - Monolith_Enter C2GSH2WN
Monolith_Enter 49FW31J4
Monolith_Enter W93UHBAK
2025-04-12 17:56:15,780 - INFO - Monolith_Exit C2GSH2WN
Monolith_Exit 49FW31J4
Monolith_Exit W93UHBAK
2025-04-12 17:56:15,781 - INFO - Monolith_Enter KX3GPGQD
2025-04-12 17:56:16,108 - INFO - Monolith_Exit KX3GPGQD
2025-04-12 17:56:16,109 - INFO - Monolith_Enter W8JDFVLS
Monolith_Enter H5RCN9FW
Monolith_Enter 76O058ZU
2025-04-12 17:56:16,898 - INFO - Monolith_Exit W8JDFVLS
Monolith_Exit H5RCN9FW
Monolith_Exit 76O058ZU
2025-04-12 17:56:16,899 - INFO - Monolith_Enter NCWNGXSF
2025-04-12 17:56:17,183 - INFO - Monolith_Exit NCWNGXSF
2025-04-12 17:56:17,184 - INFO - Monolith_Enter 0BPGY01S
Monolith_Enter QWYXUCXR
Monolith_Enter C2VN2941
2025-04-12 17:56:18,502 - INFO - Monolith_Exit 0BPGY01S
Monolith_Exit QWYXUCXR
Monolith_Exit C2VN2941
2025-04-12 17:56:18,503 - INFO - Monolith_Enter 6ZT6HJWL
2025-04-12 17:56:18,835 - INFO - Monolith_Exit 6ZT6HJWL
2025-04-12 17:56:18,836 - INFO - Monolith_Enter H0ASMOGG
Monolith_Enter IXE5X5UW
Monolith_Enter CZB2ZAGL
2025-04-12 17:56:19,540 - INFO - Monolith_Exit H0ASMOGG
Monolith_Exit IXE5X5UW
Monolith_Exit CZB2ZAGL
2025-04-12 17:56:19,540 - INFO - Monolith_Enter W9HA30Y9
2025-04-12 17:56:19,860 - INFO - Monolith_Exit W9HA30Y9
2025-04-12 17:56:19,862 - INFO - Monolith_Enter SIWE3NZB
Monolith_Enter EQV6UIPT
Monolith_Enter 6JCMP16C
2025-04-12 17:56:20,880 - INFO - Monolith_Exit SIWE3NZB
Monolith_Exit EQV6UIPT
Monolith_Exit 6JCMP16C
2025-04-12 17:56:20,881 - INFO - Monolith_Enter 3H4B00O3
2025-04-12 17:56:21,233 - INFO - Monolith_Exit 3H4B00O3
2025-04-12 17:56:21,233 - INFO - Monolith_Enter 7MH6LB1H
Monolith_Enter 6T4NUURZ
Monolith_Enter 3NDFKN47
2025-04-12 17:56:22,055 - INFO - Monolith_Exit 7MH6LB1H
Monolith_Exit 6T4NUURZ
Monolith_Exit 3NDFKN47
2025-04-12 17:56:22,056 - INFO - Monolith_Enter KOK9CZWX
2025-04-12 17:56:22,461 - INFO - Monolith_Exit KOK9CZWX
2025-04-12 17:56:22,462 - INFO - Monolith_Enter HRVAJS0Z
Monolith_Enter RVL1YFXT
Monolith_Enter W4TASG4D
2025-04-12 17:56:23,193 - INFO - Monolith_Exit HRVAJS0Z
Monolith_Exit RVL1YFXT
Monolith_Exit W4TASG4D
2025-04-12 17:56:23,194 - INFO - Monolith_Enter UUQU3ZXO
2025-04-12 17:56:23,504 - INFO - Monolith_Exit UUQU3ZXO
2025-04-12 17:56:23,505 - INFO - Monolith_Enter 9DZXEFWM
Monolith_Enter 8U94QNGJ
Monolith_Enter 0OXLGE2F
2025-04-12 17:56:24,308 - INFO - Monolith_Exit 9DZXEFWM
Monolith_Exit 8U94QNGJ
Monolith_Exit 0OXLGE2F
2025-04-12 17:56:24,309 - INFO - Monolith_Enter WTVFILXZ
2025-04-12 17:56:24,636 - INFO - Monolith_Exit WTVFILXZ
2025-04-12 17:56:24,637 - INFO - Monolith_Enter T3X1JB4L
Monolith_Enter 0ZP4AEYE
Monolith_Enter LHNZR7QA
2025-04-12 17:56:26,460 - INFO - Monolith_Exit T3X1JB4L
Monolith_Exit 0ZP4AEYE
Monolith_Exit LHNZR7QA
2025-04-12 17:56:26,461 - INFO - Monolith_Enter M6FH6HR1
2025-04-12 17:56:26,830 - INFO - Monolith_Exit M6FH6HR1
2025-04-12 17:56:26,831 - INFO - Monolith_Enter I37B3D37
Monolith_Enter 88HVVBDG
Monolith_Enter E6KEW00E
2025-04-12 17:56:27,569 - INFO - Monolith_Exit I37B3D37
Monolith_Exit 88HVVBDG
Monolith_Exit E6KEW00E
2025-04-12 17:56:27,570 - INFO - Monolith_Enter AEUUDWZO
2025-04-12 17:56:27,861 - INFO - Monolith_Exit AEUUDWZO
2025-04-12 17:56:27,862 - INFO - Monolith_Enter ZVLHNKKM
Monolith_Enter UHLQ6J0A
Monolith_Enter GFLPCDBH
2025-04-12 17:56:29,001 - INFO - Monolith_Exit ZVLHNKKM
Monolith_Exit UHLQ6J0A
Monolith_Exit GFLPCDBH
2025-04-12 17:56:29,002 - INFO - Monolith_Enter HH3QFCOU
2025-04-12 17:56:29,389 - INFO - Monolith_Exit HH3QFCOU
2025-04-12 17:56:29,390 - INFO - Monolith_Enter SSAXGU81
Monolith_Enter 54O9W4JJ
Monolith_Enter 6DZCAMO1
2025-04-12 17:56:30,485 - INFO - Monolith_Exit SSAXGU81
Monolith_Exit 54O9W4JJ
Monolith_Exit 6DZCAMO1
2025-04-12 17:56:30,486 - INFO - Monolith_Enter Y0IV8B31
2025-04-12 17:56:30,862 - INFO - Monolith_Exit Y0IV8B31
2025-04-12 17:56:30,863 - INFO - Monolith_Enter RWW3HKAU
Monolith_Enter JFI7SMYX
Monolith_Enter MSG8O331
2025-04-12 17:56:31,706 - INFO - Monolith_Exit RWW3HKAU
Monolith_Exit JFI7SMYX
Monolith_Exit MSG8O331
2025-04-12 17:56:31,707 - INFO - Monolith_Enter FY85JQFQ
2025-04-12 17:56:32,052 - INFO - Monolith_Exit FY85JQFQ
2025-04-12 17:56:32,052 - INFO - Monolith_Enter 52VC54CW
Monolith_Enter QGRSJUXD
Monolith_Enter 9HINZCTH
2025-04-12 17:56:32,891 - INFO - Monolith_Exit 52VC54CW
Monolith_Exit QGRSJUXD
Monolith_Exit 9HINZCTH
2025-04-12 17:56:32,892 - INFO - Monolith_Enter SEQDPNP1
2025-04-12 17:56:33,258 - INFO - Monolith_Exit SEQDPNP1
2025-04-12 17:56:33,259 - INFO - Monolith_Enter JNN6EFJ5
Monolith_Enter 9IYO1MVW
Monolith_Enter A2VIAJ5V
2025-04-12 17:56:33,859 - INFO - Monolith_Exit JNN6EFJ5
Monolith_Exit 9IYO1MVW
Monolith_Exit A2VIAJ5V
2025-04-12 17:56:33,859 - INFO - Monolith_Enter E97YEI9U
2025-04-12 17:56:34,222 - INFO - Monolith_Exit E97YEI9U
2025-04-12 17:56:34,223 - INFO - Monolith_Enter Y3G20GAG
Monolith_Enter 5I7UW9WV
Monolith_Enter DVL7VLMJ
2025-04-12 17:56:35,510 - INFO - Monolith_Exit Y3G20GAG
Monolith_Exit 5I7UW9WV
Monolith_Exit DVL7VLMJ
2025-04-12 17:56:35,511 - INFO - Monolith_Enter UOPXBINJ
2025-04-12 17:56:36,046 - INFO - Monolith_Exit UOPXBINJ
2025-04-12 17:56:36,047 - INFO - Monolith_Enter N0SXZWZD
Monolith_Enter OP03VCXI
Monolith_Enter ZUJP3S6Q
2025-04-12 17:56:36,979 - INFO - Monolith_Exit N0SXZWZD
Monolith_Exit OP03VCXI
Monolith_Exit ZUJP3S6Q
2025-04-12 17:56:36,980 - INFO - Monolith_Enter 8XPTX8NJ
2025-04-12 17:56:37,354 - INFO - Monolith_Exit 8XPTX8NJ
2025-04-12 17:56:37,355 - INFO - Monolith_Enter DCMKEVPS
Monolith_Enter BHHL9626
Monolith_Enter ZTYRY86N
2025-04-12 17:56:38,089 - INFO - Monolith_Exit DCMKEVPS
Monolith_Exit BHHL9626
Monolith_Exit ZTYRY86N
2025-04-12 17:56:38,089 - INFO - Monolith_Enter KMY1N7F7
2025-04-12 17:56:38,477 - INFO - Monolith_Exit KMY1N7F7
2025-04-12 17:56:38,478 - INFO - Monolith_Enter SAE3MEAG
Monolith_Enter XMBGIRWQ
Monolith_Enter 2ZOON723
2025-04-12 17:56:39,406 - INFO - Monolith_Exit SAE3MEAG
Monolith_Exit XMBGIRWQ
Monolith_Exit 2ZOON723
2025-04-12 17:56:39,407 - INFO - Monolith_Enter YQLWL2YU
2025-04-12 17:56:39,732 - INFO - Monolith_Exit YQLWL2YU
2025-04-12 17:56:39,734 - INFO - Monolith_Enter T5N9DGNO
Monolith_Enter N0JUMISD
Monolith_Enter 3KKO04KN
2025-04-12 17:56:40,542 - INFO - Monolith_Exit T5N9DGNO
Monolith_Exit N0JUMISD
Monolith_Exit 3KKO04KN
2025-04-12 17:56:40,543 - INFO - Monolith_Enter CBE0D03M
2025-04-12 17:56:41,104 - INFO - Monolith_Exit CBE0D03M
2025-04-12 17:56:41,105 - INFO - Monolith_Enter MOY7ZCGD
Monolith_Enter 6AX5UV4T
Monolith_Enter BHPWAAKC
2025-04-12 17:56:41,922 - INFO - Monolith_Exit MOY7ZCGD
Monolith_Exit 6AX5UV4T
Monolith_Exit BHPWAAKC
2025-04-12 17:56:41,923 - INFO - Monolith_Enter IQ1R54EQ
2025-04-12 17:56:42,264 - INFO - Monolith_Exit IQ1R54EQ
2025-04-12 17:56:42,265 - INFO - Monolith_Enter DPYZGCL8
Monolith_Enter GBAFPIBG
Monolith_Enter MG7OGHFF
2025-04-12 17:56:42,963 - INFO - Monolith_Exit DPYZGCL8
Monolith_Exit GBAFPIBG
Monolith_Exit MG7OGHFF
2025-04-12 17:56:42,964 - INFO - Monolith_Enter G59IYEN6
2025-04-12 17:56:43,293 - INFO - Monolith_Exit G59IYEN6
2025-04-12 17:56:43,295 - INFO - Monolith_Enter VOUPW3DN
Monolith_Enter YGKRM7OZ
Monolith_Enter K282TC0I
2025-04-12 17:56:44,516 - INFO - Monolith_Exit VOUPW3DN
Monolith_Exit YGKRM7OZ
Monolith_Exit K282TC0I
2025-04-12 17:56:44,518 - INFO - Monolith_Enter UGYOWUXU
2025-04-12 17:56:44,800 - INFO - Monolith_Exit UGYOWUXU
2025-04-12 17:56:44,802 - INFO - Monolith_Enter KYA4JBOD
Monolith_Enter XFJCDD7T
Monolith_Enter 7TSB5I4Y
2025-04-12 17:56:45,766 - INFO - Monolith_Exit KYA4JBOD
Monolith_Exit XFJCDD7T
Monolith_Exit 7TSB5I4Y
2025-04-12 17:56:45,767 - INFO - Monolith_Enter HKYT8Q15
2025-04-12 17:56:46,093 - INFO - Monolith_Exit HKYT8Q15
2025-04-12 17:56:46,094 - INFO - Monolith_Enter CXYAAPE5
Monolith_Enter 8VYMB68N
Monolith_Enter USKFX47I
2025-04-12 17:56:46,822 - INFO - Monolith_Exit CXYAAPE5
Monolith_Exit 8VYMB68N
Monolith_Exit USKFX47I
2025-04-12 17:56:46,823 - INFO - Monolith_Enter GEXYA6LR
2025-04-12 17:56:47,150 - INFO - Monolith_Exit GEXYA6LR
2025-04-12 17:56:47,151 - INFO - Monolith_Enter B9N10CAK
Monolith_Enter BZ6V8LAC
Monolith_Enter ICR2C7Z2
2025-04-12 17:56:47,968 - INFO - Monolith_Exit B9N10CAK
Monolith_Exit BZ6V8LAC
Monolith_Exit ICR2C7Z2
2025-04-12 17:56:47,969 - INFO - Monolith_Enter YU5W7CBJ
2025-04-12 17:56:48,433 - INFO - Monolith_Exit YU5W7CBJ
2025-04-12 17:56:48,435 - INFO - Monolith_Enter ABSJQOEU
Monolith_Enter VH99MTEA
Monolith_Enter YN0XDZ8O
2025-04-12 17:56:49,233 - INFO - Monolith_Exit ABSJQOEU
Monolith_Exit VH99MTEA
Monolith_Exit YN0XDZ8O
2025-04-12 17:56:49,234 - INFO - Monolith_Enter AG7Z07CJ
2025-04-12 17:56:49,640 - INFO - Monolith_Exit AG7Z07CJ
2025-04-12 17:56:49,641 - INFO - Monolith_Enter CTSINCNA
Monolith_Enter G5R0CL0Y
Monolith_Enter 7AN4XQ8A
2025-04-12 17:56:50,523 - INFO - Monolith_Exit CTSINCNA
Monolith_Exit G5R0CL0Y
Monolith_Exit 7AN4XQ8A
2025-04-12 17:56:50,524 - INFO - Monolith_Enter 0JHE2GB0
2025-04-12 17:56:50,764 - INFO - Monolith_Exit 0JHE2GB0
2025-04-12 17:56:50,765 - INFO - Monolith_Enter 3NV0RI5A
Monolith_Enter T168NSLP
Monolith_Enter 4N1L7WMI
2025-04-12 17:56:51,484 - INFO - Monolith_Exit 3NV0RI5A
Monolith_Exit T168NSLP
Monolith_Exit 4N1L7WMI
2025-04-12 17:56:51,485 - INFO - Monolith_Enter X2OIG54F
2025-04-12 17:56:51,865 - INFO - Monolith_Exit X2OIG54F
2025-04-12 17:56:51,866 - INFO - Monolith_Enter TG7NKRUA
Monolith_Enter 5R8834KK
Monolith_Enter 2IWHJFZ3
2025-04-12 17:56:52,572 - INFO - Monolith_Exit TG7NKRUA
Monolith_Exit 5R8834KK
Monolith_Exit 2IWHJFZ3
2025-04-12 17:56:52,573 - INFO - Monolith_Enter 8FLCSWJZ
2025-04-12 17:56:52,936 - INFO - Monolith_Exit 8FLCSWJZ
2025-04-12 17:56:52,937 - INFO - Monolith_Enter 4AM8X05K
Monolith_Enter BKPC74FT
Monolith_Enter 1FP6C1Z3
2025-04-12 17:56:54,029 - INFO - Monolith_Exit 4AM8X05K
Monolith_Exit BKPC74FT
Monolith_Exit 1FP6C1Z3
2025-04-12 17:56:54,030 - INFO - Monolith_Enter 2D0OCHTH
2025-04-12 17:56:54,313 - INFO - Monolith_Exit 2D0OCHTH
