2025-03-31 23:59:32,051 - INFO - Ingress_Enter SA8PYE20
2025-03-31 23:59:32,280 - INFO - Ingress_Enter OOOXPNWK
2025-03-31 23:59:32,335 - INFO - Ingress_Enter XTB3HKRE
2025-03-31 23:59:32,369 - INFO - Ingress_Enter EDSGLUWO
2025-03-31 23:59:32,705 - INFO - Ingress_Enter 8E3T35FG
2025-03-31 23:59:32,850 - INFO - Ingress_Exit SA8PYE20
2025-03-31 23:59:32,861 - INFO - Ingress_Enter Q4IK9QQ1
2025-03-31 23:59:33,091 - INFO - Ingress_Exit XTB3HKRE
2025-03-31 23:59:33,245 - INFO - Ingress_Enter 01SN2ZQH
2025-03-31 23:59:33,339 - INFO - Ingress_Exit EDSGLUWO
2025-03-31 23:59:33,506 - INFO - Ingress_Enter 36BIX26H
2025-03-31 23:59:33,512 - INFO - Ingress_Exit OOOXPNWK
2025-03-31 23:59:33,575 - INFO - Ingress_Enter 0N3CHDBQ
2025-03-31 23:59:33,620 - INFO - Ingress_Enter NJH20BMK
2025-03-31 23:59:33,653 - INFO - Ingress_Enter 8UT4NYIE
2025-03-31 23:59:33,687 - INFO - Ingress_Exit Q4IK9QQ1
2025-03-31 23:59:33,820 - INFO - Ingress_Enter QLIRE0IG
2025-03-31 23:59:33,911 - INFO - Ingress_Exit 8E3T35FG
2025-03-31 23:59:34,051 - INFO - Ingress_Exit 0N3CHDBQ
2025-03-31 23:59:34,067 - INFO - Ingress_Exit 01SN2ZQH
2025-03-31 23:59:34,070 - INFO - Ingress_Exit 36BIX26H
2025-03-31 23:59:34,144 - INFO - Ingress_Exit NJH20BMK
2025-03-31 23:59:34,274 - INFO - Ingress_Exit 8UT4NYIE
2025-03-31 23:59:34,463 - INFO - Ingress_Enter 0VOQDVXT
2025-03-31 23:59:34,474 - INFO - Ingress_Enter 9NQ0FYA8
2025-03-31 23:59:34,496 - INFO - Ingress_Enter 5MQVPBZT
2025-03-31 23:59:34,552 - INFO - Ingress_Enter 1O1X64J8
2025-03-31 23:59:34,630 - INFO - Ingress_Enter BLT22HCV
2025-03-31 23:59:34,674 - INFO - Ingress_Exit QLIRE0IG
2025-03-31 23:59:34,750 - INFO - Ingress_Enter O69R1MYM
2025-03-31 23:59:34,804 - INFO - Ingress_Enter 2WTP8ZL1
2025-03-31 23:59:34,903 - INFO - Ingress_Exit 9NQ0FYA8
2025-03-31 23:59:34,920 - INFO - Ingress_Exit 0VOQDVXT
2025-03-31 23:59:34,921 - INFO - Ingress_Exit 5MQVPBZT
2025-03-31 23:59:34,924 - INFO - Ingress_Exit 1O1X64J8
2025-03-31 23:59:35,141 - INFO - Ingress_Enter VX972R9Z
2025-03-31 23:59:35,226 - INFO - Ingress_Enter 4EH1P6EM
2025-03-31 23:59:35,249 - INFO - Ingress_Exit BLT22HCV
2025-03-31 23:59:35,254 - INFO - Ingress_Exit O69R1MYM
2025-03-31 23:59:35,323 - INFO - Ingress_Enter 2HWA1951
2025-03-31 23:59:35,379 - INFO - Ingress_Exit 2WTP8ZL1
2025-03-31 23:59:35,671 - INFO - Ingress_Exit VX972R9Z
2025-03-31 23:59:35,763 - INFO - Ingress_Exit 4EH1P6EM
2025-03-31 23:59:35,765 - INFO - Ingress_Exit 2HWA1951
2025-03-31 23:59:35,885 - INFO - Ingress_Enter JB3MSTR5
2025-03-31 23:59:36,044 - INFO - Ingress_Enter RSXL6EDF
2025-03-31 23:59:36,189 - INFO - Ingress_Enter YWA7X7IG
2025-03-31 23:59:36,313 - INFO - Ingress_Enter YJ9LE33K
2025-03-31 23:59:36,427 - INFO - Ingress_Enter H3N1LCXW
2025-03-31 23:59:36,551 - INFO - Ingress_Enter SIATDD0V
2025-03-31 23:59:36,660 - INFO - Ingress_Exit JB3MSTR5
2025-03-31 23:59:36,662 - INFO - Ingress_Exit RSXL6EDF
2025-03-31 23:59:36,664 - INFO - Ingress_Exit YWA7X7IG
2025-03-31 23:59:36,722 - INFO - Ingress_Exit YJ9LE33K
2025-03-31 23:59:36,786 - INFO - Ingress_Enter AZKJQ9BZ
2025-03-31 23:59:36,819 - INFO - Ingress_Enter 8DJ633R8
2025-03-31 23:59:36,841 - INFO - Ingress_Enter JQVOHD22
2025-03-31 23:59:36,876 - INFO - Ingress_Enter YFAYIXEL
2025-03-31 23:59:36,977 - INFO - Ingress_Enter 8F30EE46
2025-03-31 23:59:37,000 - INFO - Ingress_Exit H3N1LCXW
2025-03-31 23:59:37,048 - INFO - Ingress_Exit SIATDD0V
2025-03-31 23:59:37,224 - INFO - Ingress_Exit AZKJQ9BZ
2025-03-31 23:59:37,225 - INFO - Ingress_Exit 8DJ633R8
2025-03-31 23:59:37,297 - INFO - Ingress_Exit JQVOHD22
2025-03-31 23:59:37,298 - INFO - Ingress_Exit YFAYIXEL
2025-03-31 23:59:37,513 - INFO - Ingress_Exit 8F30EE46
2025-03-31 23:59:37,538 - INFO - Ingress_Enter H1LX8IBS
2025-03-31 23:59:37,572 - INFO - Ingress_Enter YS7BQETF
2025-03-31 23:59:37,744 - INFO - Ingress_Exit H1LX8IBS
2025-03-31 23:59:37,784 - INFO - Ingress_Enter REFCWGPA
2025-03-31 23:59:37,845 - INFO - Ingress_Exit YS7BQETF
2025-03-31 23:59:37,989 - INFO - Ingress_Enter 5EIJCCVN
2025-03-31 23:59:38,045 - INFO - Ingress_Exit REFCWGPA
2025-03-31 23:59:38,077 - INFO - Ingress_Enter DNTV01LF
2025-03-31 23:59:38,145 - INFO - Ingress_Enter 0TRPZMLM
2025-03-31 23:59:38,167 - INFO - Ingress_Enter DTUX36CZ
2025-03-31 23:59:38,310 - INFO - Ingress_Exit DNTV01LF
2025-03-31 23:59:38,314 - INFO - Ingress_Enter Z8YCDWYL
2025-03-31 23:59:38,315 - INFO - Ingress_Exit 5EIJCCVN
2025-03-31 23:59:38,426 - INFO - Ingress_Exit 0TRPZMLM
2025-03-31 23:59:38,447 - INFO - Ingress_Enter S7EHSLGG
2025-03-31 23:59:38,554 - INFO - Ingress_Exit DTUX36CZ
2025-03-31 23:59:38,595 - INFO - Ingress_Enter 62ENKT0Y
2025-03-31 23:59:38,617 - INFO - Ingress_Enter 9FZGXBT6
2025-03-31 23:59:38,667 - INFO - Ingress_Exit S7EHSLGG
2025-03-31 23:59:38,723 - INFO - Ingress_Exit Z8YCDWYL
2025-03-31 23:59:38,775 - INFO - Ingress_Enter SZQPP9RN
2025-03-31 23:59:38,833 - INFO - Ingress_Enter GLI6FG0Q
2025-03-31 23:59:38,856 - INFO - Ingress_Enter 9J9XKI98
2025-03-31 23:59:38,866 - INFO - Ingress_Exit 62ENKT0Y
2025-03-31 23:59:38,868 - INFO - Ingress_Enter Y1ZUAG2Q
2025-03-31 23:59:38,958 - INFO - Ingress_Exit 9FZGXBT6
2025-03-31 23:59:39,082 - INFO - Ingress_Exit Y1ZUAG2Q
2025-03-31 23:59:39,097 - INFO - Ingress_Exit SZQPP9RN
2025-03-31 23:59:39,196 - INFO - Ingress_Exit GLI6FG0Q
2025-03-31 23:59:39,197 - INFO - Ingress_Exit 9J9XKI98
2025-03-31 23:59:39,296 - INFO - Ingress_Enter BH8ZTRY4
2025-03-31 23:59:39,584 - INFO - Ingress_Enter ANS6V0NX
2025-03-31 23:59:39,628 - INFO - Ingress_Exit BH8ZTRY4
2025-03-31 23:59:39,640 - INFO - Ingress_Enter 6MFVOT73
2025-03-31 23:59:39,759 - INFO - Ingress_Exit ANS6V0NX
2025-03-31 23:59:39,812 - INFO - Ingress_Enter S4SOG8U2
2025-03-31 23:59:39,868 - INFO - Ingress_Enter 20UVR7FD
2025-03-31 23:59:40,036 - INFO - Ingress_Enter Z1HZ7O1B
2025-03-31 23:59:40,059 - INFO - Ingress_Enter QKZU7VD0
2025-03-31 23:59:40,093 - INFO - Ingress_Enter 37NH8SZK
2025-03-31 23:59:40,139 - INFO - Ingress_Enter N3ZSVT20
2025-03-31 23:59:40,178 - INFO - Ingress_Exit 20UVR7FD
2025-03-31 23:59:40,197 - INFO - Ingress_Exit 6MFVOT73
2025-03-31 23:59:40,201 - INFO - Ingress_Exit S4SOG8U2
2025-03-31 23:59:40,362 - INFO - Ingress_Exit QKZU7VD0
2025-03-31 23:59:40,363 - INFO - Ingress_Exit Z1HZ7O1B
2025-03-31 23:59:40,373 - INFO - Ingress_Enter L4KT5LY5
2025-03-31 23:59:40,467 - INFO - Ingress_Exit 37NH8SZK
2025-03-31 23:59:40,470 - INFO - Ingress_Exit N3ZSVT20
2025-03-31 23:59:40,577 - INFO - Ingress_Enter LOWKIUZF
2025-03-31 23:59:40,610 - INFO - Ingress_Enter KK5BB5C5
2025-03-31 23:59:40,611 - INFO - Ingress_Exit L4KT5LY5
2025-03-31 23:59:40,632 - INFO - Ingress_Enter HQAI1WGU
2025-03-31 23:59:40,723 - INFO - Ingress_Enter T953RGQ6
2025-03-31 23:59:40,733 - INFO - Ingress_Enter HZ3MGF76
2025-03-31 23:59:40,802 - INFO - Ingress_Enter GP5HG9RN
2025-03-31 23:59:40,832 - INFO - Ingress_Exit HQAI1WGU
2025-03-31 23:59:41,002 - INFO - Ingress_Exit LOWKIUZF
2025-03-31 23:59:41,004 - INFO - Ingress_Exit KK5BB5C5
2025-03-31 23:59:41,006 - INFO - Ingress_Exit HZ3MGF76
2025-03-31 23:59:41,122 - INFO - Ingress_Exit T953RGQ6
2025-03-31 23:59:41,186 - INFO - Ingress_Exit GP5HG9RN
2025-03-31 23:59:41,309 - INFO - Ingress_Enter S0FVFZ2P
2025-03-31 23:59:41,487 - INFO - Ingress_Enter XWELHFD2
2025-03-31 23:59:41,565 - INFO - Ingress_Exit S0FVFZ2P
2025-03-31 23:59:41,567 - INFO - Ingress_Enter PLEDGWGO
2025-03-31 23:59:41,620 - INFO - Ingress_Enter 5FFLK8CP
2025-03-31 23:59:41,690 - INFO - Ingress_Enter MMOSU0B6
2025-03-31 23:59:41,812 - INFO - Ingress_Enter 52YXPY97
2025-03-31 23:59:41,836 - INFO - Ingress_Enter AIZP074Q
2025-03-31 23:59:41,905 - INFO - Ingress_Exit XWELHFD2
2025-03-31 23:59:41,920 - INFO - Ingress_Exit PLEDGWGO
2025-03-31 23:59:41,921 - INFO - Ingress_Exit 5FFLK8CP
2025-03-31 23:59:41,935 - INFO - Ingress_Enter H9HIH72A
2025-03-31 23:59:42,135 - INFO - Ingress_Enter J7TH6YFZ
2025-03-31 23:59:42,218 - INFO - Ingress_Exit MMOSU0B6
2025-03-31 23:59:42,219 - INFO - Ingress_Exit 52YXPY97
2025-03-31 23:59:42,221 - INFO - Ingress_Exit AIZP074Q
2025-03-31 23:59:42,435 - INFO - Ingress_Enter KGAHRUPV
2025-03-31 23:59:42,684 - INFO - Ingress_Enter W2VKSPNF
2025-03-31 23:59:42,766 - INFO - Ingress_Exit H9HIH72A
2025-03-31 23:59:42,992 - INFO - Ingress_Enter MKW4BDQ8
2025-03-31 23:59:43,071 - INFO - Ingress_Enter 3ZGETJKE
2025-03-31 23:59:43,104 - INFO - Ingress_Enter PUOJ5P00
2025-03-31 23:59:43,113 - INFO - Ingress_Exit J7TH6YFZ
2025-03-31 23:59:43,127 - INFO - Ingress_Enter VUI3YM4H
2025-03-31 23:59:43,151 - INFO - Ingress_Enter H161CPXV
2025-03-31 23:59:43,163 - INFO - Ingress_Enter 73IXR2JO
2025-03-31 23:59:43,481 - INFO - Ingress_Exit KGAHRUPV
2025-03-31 23:59:43,482 - INFO - Ingress_Exit W2VKSPNF
2025-03-31 23:59:43,595 - INFO - Ingress_Enter C6BSBZUO
2025-03-31 23:59:43,606 - INFO - Ingress_Enter I1QLJUL1
2025-03-31 23:59:43,745 - INFO - Ingress_Exit MKW4BDQ8
2025-03-31 23:59:43,746 - INFO - Ingress_Exit VUI3YM4H
2025-03-31 23:59:43,749 - INFO - Ingress_Exit 73IXR2JO
2025-03-31 23:59:43,809 - INFO - Ingress_Enter XVR0YMF6
2025-03-31 23:59:43,863 - INFO - Ingress_Enter 7CH4E8U1
2025-03-31 23:59:43,949 - INFO - Ingress_Exit 3ZGETJKE
2025-03-31 23:59:43,951 - INFO - Ingress_Exit PUOJ5P00
2025-03-31 23:59:43,954 - INFO - Ingress_Exit H161CPXV
2025-03-31 23:59:44,087 - INFO - Ingress_Exit I1QLJUL1
2025-03-31 23:59:44,130 - INFO - Ingress_Enter TFECUS9J
2025-03-31 23:59:44,154 - INFO - Ingress_Exit 7CH4E8U1
2025-03-31 23:59:44,156 - INFO - Ingress_Exit XVR0YMF6
2025-03-31 23:59:44,304 - INFO - Ingress_Exit C6BSBZUO
2025-03-31 23:59:44,355 - INFO - Ingress_Enter AC7Q4MWQ
2025-03-31 23:59:44,376 - INFO - Ingress_Enter PSIRJ17D
2025-03-31 23:59:44,398 - INFO - Ingress_Enter PNMPQ6WU
2025-03-31 23:59:44,409 - INFO - Ingress_Enter 9RWGNOIE
2025-03-31 23:59:44,442 - INFO - Ingress_Enter 0WI7I8JP
2025-03-31 23:59:44,544 - INFO - Ingress_Exit TFECUS9J
2025-03-31 23:59:44,745 - INFO - Ingress_Enter GW7PUNNG
2025-03-31 23:59:44,755 - INFO - Ingress_Enter O6CL19G4
2025-03-31 23:59:44,780 - INFO - Ingress_Exit PNMPQ6WU
2025-03-31 23:59:44,782 - INFO - Ingress_Exit 9RWGNOIE
2025-03-31 23:59:44,784 - INFO - Ingress_Exit AC7Q4MWQ
2025-03-31 23:59:44,786 - INFO - Ingress_Exit PSIRJ17D
2025-03-31 23:59:44,791 - INFO - Ingress_Enter G3Q1F8VG
2025-03-31 23:59:44,910 - INFO - Ingress_Exit 0WI7I8JP
2025-03-31 23:59:45,041 - INFO - Ingress_Exit GW7PUNNG
2025-03-31 23:59:45,043 - INFO - Ingress_Exit G3Q1F8VG
2025-03-31 23:59:45,160 - INFO - Ingress_Enter TKF0KT9Z
2025-03-31 23:59:45,296 - INFO - Ingress_Enter X3L1CG8N
2025-03-31 23:59:45,359 - INFO - Ingress_Enter HW238LES
2025-03-31 23:59:45,387 - INFO - Ingress_Enter DMSMF7TQ
2025-03-31 23:59:45,397 - INFO - Ingress_Enter OMI1F3ED
2025-03-31 23:59:45,430 - INFO - Ingress_Enter 8ZSH5TU5
2025-03-31 23:59:45,432 - INFO - Ingress_Exit O6CL19G4
2025-03-31 23:59:45,608 - INFO - Ingress_Exit TKF0KT9Z
2025-03-31 23:59:45,649 - INFO - Ingress_Exit X3L1CG8N
2025-03-31 23:59:45,819 - INFO - Ingress_Exit 8ZSH5TU5
2025-03-31 23:59:45,831 - INFO - Ingress_Exit DMSMF7TQ
2025-03-31 23:59:45,833 - INFO - Ingress_Exit HW238LES
2025-03-31 23:59:45,834 - INFO - Ingress_Exit OMI1F3ED
2025-03-31 23:59:45,945 - INFO - Ingress_Enter FW9MXV7U
2025-03-31 23:59:46,262 - INFO - Ingress_Exit FW9MXV7U
2025-03-31 23:59:46,276 - INFO - Ingress_Enter J94BV0VH
2025-03-31 23:59:46,586 - INFO - Ingress_Enter 9WTU5PA9
2025-03-31 23:59:46,631 - INFO - Ingress_Enter NB8JTU4A
2025-03-31 23:59:46,642 - INFO - Ingress_Enter NAK816LF
2025-03-31 23:59:46,674 - INFO - Ingress_Enter YZWOMVZD
2025-03-31 23:59:46,728 - INFO - Ingress_Enter QTVEG2AV
2025-03-31 23:59:46,757 - INFO - Ingress_Exit J94BV0VH
2025-03-31 23:59:46,917 - INFO - Ingress_Exit QTVEG2AV
2025-03-31 23:59:47,047 - INFO - Ingress_Exit 9WTU5PA9
2025-03-31 23:59:47,048 - INFO - Ingress_Exit NB8JTU4A
2025-03-31 23:59:47,051 - INFO - Ingress_Exit YZWOMVZD
2025-03-31 23:59:47,106 - INFO - Ingress_Exit NAK816LF
2025-03-31 23:59:47,128 - INFO - Ingress_Enter J11LVA2S
2025-03-31 23:59:47,218 - INFO - Ingress_Enter IB7MOSQ5
2025-03-31 23:59:47,284 - INFO - Ingress_Enter IHV1011Y
2025-03-31 23:59:47,305 - INFO - Ingress_Enter 7253DZJZ
2025-03-31 23:59:47,362 - INFO - Ingress_Enter UTBXSWU8
2025-03-31 23:59:47,463 - INFO - Ingress_Enter E0GVZ3IG
2025-03-31 23:59:47,533 - INFO - Ingress_Exit IB7MOSQ5
2025-03-31 23:59:47,534 - INFO - Ingress_Exit 7253DZJZ
2025-03-31 23:59:47,579 - INFO - Ingress_Exit J11LVA2S
2025-03-31 23:59:47,729 - INFO - Ingress_Exit E0GVZ3IG
2025-03-31 23:59:47,840 - INFO - Ingress_Exit IHV1011Y
2025-03-31 23:59:47,846 - INFO - Ingress_Exit UTBXSWU8
2025-03-31 23:59:47,904 - INFO - Ingress_Enter UH55FN0D
2025-03-31 23:59:47,982 - INFO - Ingress_Enter P9K1AZYL
2025-03-31 23:59:48,206 - INFO - Ingress_Enter JN769QVO
2025-03-31 23:59:48,239 - INFO - Ingress_Enter ZRCCD1BI
2025-03-31 23:59:48,246 - INFO - Ingress_Exit P9K1AZYL
2025-03-31 23:59:48,262 - INFO - Ingress_Exit UH55FN0D
2025-03-31 23:59:48,470 - INFO - Ingress_Exit JN769QVO
2025-03-31 23:59:48,637 - INFO - Ingress_Exit ZRCCD1BI
2025-03-31 23:59:48,820 - INFO - Ingress_Enter 83VCOB5R
2025-03-31 23:59:48,841 - INFO - Ingress_Enter 6JEZU57K
2025-03-31 23:59:48,876 - INFO - Ingress_Enter U9YA7FEC
2025-03-31 23:59:48,897 - INFO - Ingress_Enter T5Q8AC89
2025-03-31 23:59:49,053 - INFO - Ingress_Exit U9YA7FEC
2025-03-31 23:59:49,055 - INFO - Ingress_Exit T5Q8AC89
2025-03-31 23:59:49,111 - INFO - Ingress_Enter KIJ58IRC
2025-03-31 23:59:49,122 - INFO - Ingress_Enter UQ876AOK
2025-03-31 23:59:49,283 - INFO - Ingress_Exit 83VCOB5R
2025-03-31 23:59:49,285 - INFO - Ingress_Exit 6JEZU57K
2025-03-31 23:59:49,312 - INFO - Ingress_Enter US2ZR18C
2025-03-31 23:59:49,382 - INFO - Ingress_Enter STTBLK76
2025-03-31 23:59:49,512 - INFO - Ingress_Exit KIJ58IRC
2025-03-31 23:59:49,513 - INFO - Ingress_Exit UQ876AOK
2025-03-31 23:59:49,617 - INFO - Ingress_Enter AJ4876ZH
2025-03-31 23:59:49,662 - INFO - Ingress_Enter QQHS94KJ
2025-03-31 23:59:49,672 - INFO - Ingress_Enter 8F34C0OQ
2025-03-31 23:59:49,674 - INFO - Ingress_Exit US2ZR18C
2025-03-31 23:59:49,790 - INFO - Ingress_Enter K0JYMLR9
2025-03-31 23:59:49,865 - INFO - Ingress_Exit STTBLK76
2025-03-31 23:59:49,980 - INFO - Ingress_Exit AJ4876ZH
2025-03-31 23:59:50,031 - INFO - Ingress_Exit QQHS94KJ
2025-03-31 23:59:50,143 - INFO - Ingress_Enter 00JDMHU6
2025-03-31 23:59:50,164 - INFO - Ingress_Enter 7NEA5PBM
2025-03-31 23:59:50,191 - INFO - Ingress_Exit 8F34C0OQ
2025-03-31 23:59:50,193 - INFO - Ingress_Exit K0JYMLR9
2025-03-31 23:59:50,255 - INFO - Ingress_Enter F6RYGSCL
2025-03-31 23:59:50,336 - INFO - Ingress_Enter 21I2HMB8
2025-03-31 23:59:50,338 - INFO - Ingress_Exit 7NEA5PBM
2025-03-31 23:59:50,390 - INFO - Ingress_Exit 00JDMHU6
2025-03-31 23:59:50,402 - INFO - Ingress_Enter ACHWXNAH
2025-03-31 23:59:50,423 - INFO - Ingress_Exit F6RYGSCL
2025-03-31 23:59:50,435 - INFO - Ingress_Enter 74OVWEND
2025-03-31 23:59:50,618 - INFO - Ingress_Exit ACHWXNAH
2025-03-31 23:59:50,742 - INFO - Ingress_Exit 74OVWEND
2025-03-31 23:59:50,765 - INFO - Ingress_Exit 21I2HMB8
2025-03-31 23:59:51,175 - INFO - Ingress_Enter 10R3YD22
2025-03-31 23:59:51,308 - INFO - Ingress_Enter VU8VF59T
2025-03-31 23:59:51,338 - INFO - Ingress_Exit 10R3YD22
2025-03-31 23:59:51,542 - INFO - Ingress_Enter D7CINZQX
2025-03-31 23:59:51,708 - INFO - Ingress_Exit VU8VF59T
2025-03-31 23:59:51,776 - INFO - Ingress_Enter M0XCZS11
2025-03-31 23:59:51,854 - INFO - Ingress_Enter 957ZE4MH
2025-03-31 23:59:51,863 - INFO - Ingress_Enter HXNBT4XK
2025-03-31 23:59:51,886 - INFO - Ingress_Enter 43SY360S
2025-03-31 23:59:51,887 - INFO - Ingress_Exit D7CINZQX
2025-03-31 23:59:52,065 - INFO - Ingress_Enter WCDXXCTY
2025-03-31 23:59:52,111 - INFO - Ingress_Enter 8FFFGMGW
2025-03-31 23:59:52,150 - INFO - Ingress_Exit M0XCZS11
2025-03-31 23:59:52,168 - INFO - Ingress_Exit 957ZE4MH
2025-03-31 23:59:52,170 - INFO - Ingress_Exit HXNBT4XK
2025-03-31 23:59:52,171 - INFO - Ingress_Exit 43SY360S
2025-03-31 23:59:52,336 - INFO - Ingress_Exit WCDXXCTY
2025-03-31 23:59:52,475 - INFO - Ingress_Exit 8FFFGMGW
2025-03-31 23:59:52,492 - INFO - Ingress_Enter TBFXLOFB
2025-03-31 23:59:52,629 - INFO - Ingress_Enter 63GYJXVG
2025-03-31 23:59:52,709 - INFO - Ingress_Enter UR1QQR1Z
2025-03-31 23:59:52,720 - INFO - Ingress_Enter XZOQEZKO
2025-03-31 23:59:52,887 - INFO - Ingress_Exit TBFXLOFB
2025-03-31 23:59:52,890 - INFO - Ingress_Enter YIK4D4WE
2025-03-31 23:59:52,918 - INFO - Ingress_Exit XZOQEZKO
2025-03-31 23:59:52,919 - INFO - Ingress_Exit 63GYJXVG
2025-03-31 23:59:52,933 - INFO - Ingress_Enter 8X59OUFP
2025-03-31 23:59:52,967 - INFO - Ingress_Enter FH0EIK88
2025-03-31 23:59:53,018 - INFO - Ingress_Exit UR1QQR1Z
2025-03-31 23:59:53,113 - INFO - Ingress_Exit YIK4D4WE
2025-03-31 23:59:53,135 - INFO - Ingress_Exit 8X59OUFP
2025-03-31 23:59:53,197 - INFO - Ingress_Exit FH0EIK88
2025-03-31 23:59:53,227 - INFO - Ingress_Enter X77V6D11
2025-03-31 23:59:53,576 - INFO - Ingress_Exit X77V6D11
2025-03-31 23:59:53,598 - INFO - Ingress_Enter TVOQJH5V
2025-03-31 23:59:53,644 - INFO - Ingress_Enter 4173VDHN
2025-03-31 23:59:53,837 - INFO - Ingress_Exit 4173VDHN
2025-03-31 23:59:53,870 - INFO - Ingress_Exit TVOQJH5V
2025-03-31 23:59:54,214 - INFO - Ingress_Enter 3TNGAPJO
2025-03-31 23:59:54,413 - INFO - Ingress_Enter X8LP8MUZ
2025-03-31 23:59:54,422 - INFO - Ingress_Enter RS1NWNX6
2025-03-31 23:59:54,455 - INFO - Ingress_Enter EEW9WP18
2025-03-31 23:59:54,488 - INFO - Ingress_Exit 3TNGAPJO
2025-03-31 23:59:54,625 - INFO - Ingress_Exit EEW9WP18
2025-03-31 23:59:54,701 - INFO - Ingress_Exit X8LP8MUZ
2025-03-31 23:59:54,791 - INFO - Ingress_Exit RS1NWNX6
2025-03-31 23:59:54,867 - INFO - Ingress_Enter DJSYF3GH
2025-03-31 23:59:55,001 - INFO - Ingress_Enter J7VU53V4
2025-03-31 23:59:55,287 - INFO - Ingress_Exit DJSYF3GH
2025-03-31 23:59:55,426 - INFO - Ingress_Enter ZOI6W6OW
2025-03-31 23:59:55,459 - INFO - Ingress_Enter Y81KSXP0
2025-03-31 23:59:55,473 - INFO - Ingress_Exit J7VU53V4
2025-03-31 23:59:55,616 - INFO - Ingress_Enter PXO7JIYT
2025-03-31 23:59:55,659 - INFO - Ingress_Enter H892ZMH7
2025-03-31 23:59:55,692 - INFO - Ingress_Enter 2VVRVL2S
2025-03-31 23:59:55,833 - INFO - Ingress_Exit ZOI6W6OW
2025-03-31 23:59:55,954 - INFO - Ingress_Enter V7JGKVYZ
2025-03-31 23:59:55,964 - INFO - Ingress_Enter XPM3RFOD
2025-03-31 23:59:56,005 - INFO - Ingress_Exit H892ZMH7
2025-03-31 23:59:56,006 - INFO - Ingress_Exit 2VVRVL2S
2025-03-31 23:59:56,029 - INFO - Ingress_Exit Y81KSXP0
2025-03-31 23:59:56,081 - INFO - Ingress_Enter N1ABSG90
2025-03-31 23:59:56,148 - INFO - Ingress_Enter YTIGPELS
2025-03-31 23:59:56,190 - INFO - Ingress_Exit V7JGKVYZ
2025-03-31 23:59:56,259 - INFO - Ingress_Enter 4MREXEOP
2025-03-31 23:59:56,409 - INFO - Ingress_Exit N1ABSG90
2025-03-31 23:59:56,418 - INFO - Ingress_Enter I5VAW59Y
2025-03-31 23:59:56,440 - INFO - Ingress_Enter KRLR11XV
2025-03-31 23:59:56,503 - INFO - Ingress_Exit 4MREXEOP
2025-03-31 23:59:56,573 - INFO - Ingress_Exit YTIGPELS
2025-03-31 23:59:56,619 - INFO - Ingress_Enter 9J9EIENV
2025-03-31 23:59:56,732 - INFO - Ingress_Enter RKFDP145
2025-03-31 23:59:56,800 - INFO - Ingress_Exit KRLR11XV
2025-03-31 23:59:56,808 - INFO - Ingress_Exit I5VAW59Y
2025-03-31 23:59:57,110 - INFO - Ingress_Exit RKFDP145
2025-03-31 23:59:57,126 - INFO - Ingress_Exit PXO7JIYT
2025-03-31 23:59:57,133 - INFO - Ingress_Exit XPM3RFOD
2025-03-31 23:59:57,145 - INFO - Ingress_Enter HVA0IUPD
2025-03-31 23:59:57,198 - INFO - Ingress_Exit 9J9EIENV
2025-03-31 23:59:57,202 - INFO - Ingress_Enter U8YOD26K
2025-03-31 23:59:57,303 - INFO - Ingress_Enter OLO6JRR6
2025-03-31 23:59:57,336 - INFO - Ingress_Enter GVULKSIK
2025-03-31 23:59:57,370 - INFO - Ingress_Enter K78M0331
2025-03-31 23:59:57,537 - INFO - Ingress_Enter Z4V2SMOJ
2025-03-31 23:59:57,569 - INFO - Ingress_Exit HVA0IUPD
2025-03-31 23:59:57,672 - INFO - Ingress_Enter 5R7SGNSP
2025-03-31 23:59:57,694 - INFO - Ingress_Exit U8YOD26K
2025-03-31 23:59:57,752 - INFO - Ingress_Enter G3USW3LL
2025-03-31 23:59:57,811 - INFO - Ingress_Exit OLO6JRR6
2025-03-31 23:59:57,812 - INFO - Ingress_Exit K78M0331
2025-03-31 23:59:57,969 - INFO - Ingress_Enter RF68GYIF
2025-03-31 23:59:57,992 - INFO - Ingress_Enter 6M8IF01M
2025-03-31 23:59:58,019 - INFO - Ingress_Exit GVULKSIK
2025-03-31 23:59:58,048 - INFO - Ingress_Enter I23CSHO6
2025-03-31 23:59:58,139 - INFO - Ingress_Enter QHU2KTLH
2025-03-31 23:59:58,162 - INFO - Ingress_Exit G3USW3LL
2025-03-31 23:59:58,346 - INFO - Ingress_Exit RF68GYIF
2025-03-31 23:59:58,370 - INFO - Ingress_Enter L81HKIAC
2025-03-31 23:59:58,392 - INFO - Ingress_Enter KEX2ZDR5
2025-03-31 23:59:58,516 - INFO - Ingress_Enter U2WH7A4N
2025-03-31 23:59:58,543 - INFO - Ingress_Exit 6M8IF01M
2025-03-31 23:59:58,544 - INFO - Ingress_Exit I23CSHO6
2025-03-31 23:59:58,704 - INFO - Ingress_Exit L81HKIAC
2025-03-31 23:59:58,827 - INFO - Ingress_Exit Z4V2SMOJ
2025-03-31 23:59:58,833 - INFO - Ingress_Exit 5R7SGNSP
2025-03-31 23:59:59,138 - INFO - Ingress_Exit QHU2KTLH
2025-03-31 23:59:59,168 - INFO - Ingress_Exit KEX2ZDR5
2025-03-31 23:59:59,175 - INFO - Ingress_Exit U2WH7A4N
2025-03-31 23:59:59,820 - INFO - Ingress_Enter IUUW763N
2025-03-31 23:59:59,845 - INFO - Ingress_Enter JNAH1TPW
2025-03-31 23:59:59,901 - INFO - Ingress_Enter DCNDK08B
2025-03-31 23:59:59,968 - INFO - Ingress_Enter LKEHMLHB
2025-04-01 00:00:00,012 - INFO - Ingress_Enter W4K429SD
2025-04-01 00:00:00,151 - INFO - Ingress_Exit JNAH1TPW
2025-04-01 00:00:00,218 - INFO - Ingress_Exit DCNDK08B
2025-04-01 00:00:00,259 - INFO - Ingress_Exit IUUW763N
2025-04-01 00:00:00,261 - INFO - Ingress_Exit LKEHMLHB
2025-04-01 00:00:00,360 - INFO - Ingress_Exit W4K429SD
2025-04-01 00:00:00,406 - INFO - Ingress_Enter 83WS30N9
2025-04-01 00:00:00,452 - INFO - Ingress_Enter KT1RIEZH
2025-04-01 00:00:00,542 - INFO - Ingress_Enter TFJZ2TFN
2025-04-01 00:00:00,645 - INFO - Ingress_Enter AQL4DWWE
2025-04-01 00:00:00,679 - INFO - Ingress_Enter 08S3PU8M
2025-04-01 00:00:00,734 - INFO - Ingress_Enter M3HYQQ3A
2025-04-01 00:00:00,799 - INFO - Ingress_Exit 83WS30N9
2025-04-01 00:00:00,814 - INFO - Ingress_Exit TFJZ2TFN
2025-04-01 00:00:00,906 - INFO - Ingress_Exit 08S3PU8M
2025-04-01 00:00:00,965 - INFO - Ingress_Exit M3HYQQ3A
2025-04-01 00:00:01,056 - INFO - Ingress_Enter TNZ920TB
2025-04-01 00:00:01,102 - INFO - Ingress_Enter N7PLNKZR
2025-04-01 00:00:01,144 - INFO - Ingress_Exit KT1RIEZH
2025-04-01 00:00:01,145 - INFO - Ingress_Exit AQL4DWWE
2025-04-01 00:00:01,159 - INFO - Ingress_Enter 5F8LQSYA
2025-04-01 00:00:01,170 - INFO - Ingress_Enter ASFU6HXR
2025-04-01 00:00:01,202 - INFO - Ingress_Exit TNZ920TB
2025-04-01 00:00:01,231 - INFO - Ingress_Exit N7PLNKZR
2025-04-01 00:00:01,383 - INFO - Ingress_Enter U48F2ISY
2025-04-01 00:00:01,457 - INFO - Ingress_Exit 5F8LQSYA
2025-04-01 00:00:01,522 - INFO - Ingress_Enter 7NOEYTZN
2025-04-01 00:00:01,525 - INFO - Ingress_Exit ASFU6HXR
2025-04-01 00:00:01,536 - INFO - Ingress_Enter WA4VYZ3Z
2025-04-01 00:00:01,629 - INFO - Ingress_Enter W7TGV50Y
2025-04-01 00:00:01,755 - INFO - Ingress_Exit WA4VYZ3Z
2025-04-01 00:00:01,783 - INFO - Ingress_Exit U48F2ISY
2025-04-01 00:00:01,788 - INFO - Ingress_Enter 5OS8DTMN
2025-04-01 00:00:01,899 - INFO - Ingress_Exit 7NOEYTZN
2025-04-01 00:00:01,903 - INFO - Ingress_Exit W7TGV50Y
2025-04-01 00:00:01,920 - INFO - Ingress_Enter UUZLWFK5
2025-04-01 00:00:01,954 - INFO - Ingress_Enter M6TQLLJ6
2025-04-01 00:00:01,967 - INFO - Ingress_Exit 5OS8DTMN
2025-04-01 00:00:02,000 - INFO - Ingress_Enter JR1PXW1Q
2025-04-01 00:00:02,057 - INFO - Ingress_Enter M0VQ14J5
2025-04-01 00:00:02,089 - INFO - Ingress_Enter GB9CU9AO
2025-04-01 00:00:02,239 - INFO - Ingress_Exit UUZLWFK5
2025-04-01 00:00:02,241 - INFO - Ingress_Exit M6TQLLJ6
2025-04-01 00:00:02,287 - INFO - Ingress_Exit JR1PXW1Q
2025-04-01 00:00:02,288 - INFO - Ingress_Exit M0VQ14J5
2025-04-01 00:00:02,372 - INFO - Ingress_Enter HS2QI0JC
2025-04-01 00:00:02,416 - INFO - Ingress_Exit GB9CU9AO
2025-04-01 00:00:02,494 - INFO - Ingress_Enter WROYQ73M
2025-04-01 00:00:02,639 - INFO - Ingress_Exit HS2QI0JC
2025-04-01 00:00:02,739 - INFO - Ingress_Exit WROYQ73M
2025-04-01 00:00:02,829 - INFO - Ingress_Enter X74NBPH1
2025-04-01 00:00:03,006 - INFO - Ingress_Enter 2VMXT3RU
2025-04-01 00:00:03,083 - INFO - Ingress_Enter YZL3TXVG
2025-04-01 00:00:03,094 - INFO - Ingress_Enter V80UEFG5
2025-04-01 00:00:03,161 - INFO - Ingress_Enter FCW6U1R1
2025-04-01 00:00:03,169 - INFO - Ingress_Exit X74NBPH1
2025-04-01 00:00:03,261 - INFO - Ingress_Exit 2VMXT3RU
2025-04-01 00:00:03,272 - INFO - Ingress_Enter CB57THJW
2025-04-01 00:00:03,305 - INFO - Ingress_Enter 4IONQKZK
2025-04-01 00:00:03,333 - INFO - Ingress_Exit V80UEFG5
2025-04-01 00:00:03,419 - INFO - Ingress_Enter GZJW3U1N
2025-04-01 00:00:03,460 - INFO - Ingress_Exit FCW6U1R1
2025-04-01 00:00:03,473 - INFO - Ingress_Enter XF7JPMKS
2025-04-01 00:00:03,527 - INFO - Ingress_Exit 4IONQKZK
2025-04-01 00:00:03,541 - INFO - Ingress_Enter O4M2TFNY
2025-04-01 00:00:03,606 - INFO - Ingress_Exit XF7JPMKS
2025-04-01 00:00:03,620 - INFO - Ingress_Exit YZL3TXVG
2025-04-01 00:00:03,853 - INFO - Ingress_Exit CB57THJW
2025-04-01 00:00:03,989 - INFO - Ingress_Enter R6X8JPWW
2025-04-01 00:00:04,100 - INFO - Ingress_Enter XA365UYB
2025-04-01 00:00:04,123 - INFO - Ingress_Exit GZJW3U1N
2025-04-01 00:00:04,124 - INFO - Ingress_Exit O4M2TFNY
2025-04-01 00:00:04,136 - INFO - Ingress_Enter PSONVDMV
2025-04-01 00:00:04,284 - INFO - Ingress_Exit R6X8JPWW
2025-04-01 00:00:04,308 - INFO - Ingress_Exit PSONVDMV
2025-04-01 00:00:04,338 - INFO - Ingress_Enter CFMRNV5H
2025-04-01 00:00:04,360 - INFO - Ingress_Enter 4JQCASJ4
2025-04-01 00:00:04,401 - INFO - Ingress_Exit XA365UYB
2025-04-01 00:00:04,494 - INFO - Ingress_Enter IBNYZCT4
2025-04-01 00:00:04,505 - INFO - Ingress_Enter FBVJ7UU1
2025-04-01 00:00:04,540 - INFO - Ingress_Enter JQZQI574
2025-04-01 00:00:04,621 - INFO - Ingress_Exit CFMRNV5H
2025-04-01 00:00:04,629 - INFO - Ingress_Exit 4JQCASJ4
2025-04-01 00:00:04,683 - INFO - Ingress_Enter T8ORBKXZ
2025-04-01 00:00:04,747 - INFO - Ingress_Exit JQZQI574
2025-04-01 00:00:04,828 - INFO - Ingress_Enter MN1TG3V7
2025-04-01 00:00:04,841 - INFO - Ingress_Exit T8ORBKXZ
2025-04-01 00:00:04,928 - INFO - Ingress_Enter WFW1SZG1
2025-04-01 00:00:05,007 - INFO - Ingress_Exit IBNYZCT4
2025-04-01 00:00:05,008 - INFO - Ingress_Exit FBVJ7UU1
2025-04-01 00:00:05,074 - INFO - Ingress_Enter TBLBVBZM
2025-04-01 00:00:05,096 - INFO - Ingress_Enter 3ZGHMB5G
2025-04-01 00:00:05,134 - INFO - Ingress_Exit MN1TG3V7
2025-04-01 00:00:05,141 - INFO - Ingress_Enter 9NBGXFKL
2025-04-01 00:00:05,368 - INFO - Ingress_Enter TWYG3PAA
2025-04-01 00:00:05,470 - INFO - Ingress_Exit 3ZGHMB5G
2025-04-01 00:00:05,486 - INFO - Ingress_Exit WFW1SZG1
2025-04-01 00:00:05,488 - INFO - Ingress_Exit 9NBGXFKL
2025-04-01 00:00:05,489 - INFO - Ingress_Exit TBLBVBZM
2025-04-01 00:00:05,515 - INFO - Ingress_Enter 5DQ3FX65
2025-04-01 00:00:05,561 - INFO - Ingress_Enter 6BB81HE3
2025-04-01 00:00:05,573 - INFO - Ingress_Enter YHMF3J9P
2025-04-01 00:00:05,618 - INFO - Ingress_Enter 26UL28MA
2025-04-01 00:00:05,661 - INFO - Ingress_Enter 6AYHUTMH
2025-04-01 00:00:05,664 - INFO - Ingress_Exit TWYG3PAA
2025-04-01 00:00:05,763 - INFO - Ingress_Enter BNHWW3MW
2025-04-01 00:00:05,772 - INFO - Ingress_Exit 5DQ3FX65
2025-04-01 00:00:05,808 - INFO - Ingress_Exit 26UL28MA
2025-04-01 00:00:05,896 - INFO - Ingress_Enter QZV1SCIO
2025-04-01 00:00:05,911 - INFO - Ingress_Exit 6AYHUTMH
2025-04-01 00:00:05,932 - INFO - Ingress_Exit 6BB81HE3
2025-04-01 00:00:05,934 - INFO - Ingress_Exit YHMF3J9P
2025-04-01 00:00:06,152 - INFO - Ingress_Exit BNHWW3MW
2025-04-01 00:00:06,278 - INFO - Ingress_Exit QZV1SCIO
2025-04-01 00:00:06,329 - INFO - Ingress_Enter 77BJH00E
2025-04-01 00:00:06,487 - INFO - Ingress_Exit 77BJH00E
2025-04-01 00:00:06,518 - INFO - Ingress_Enter N8EBIQC4
2025-04-01 00:00:06,540 - INFO - Ingress_Enter T9O26VN2
2025-04-01 00:00:06,754 - INFO - Ingress_Exit N8EBIQC4
2025-04-01 00:00:06,755 - INFO - Ingress_Exit T9O26VN2
2025-04-01 00:00:07,107 - INFO - Ingress_Enter C55I0BDF
2025-04-01 00:00:07,118 - INFO - Ingress_Enter 4PWRBJYP
2025-04-01 00:00:07,206 - INFO - Ingress_Enter AR0ODT4T
2025-04-01 00:00:07,228 - INFO - Ingress_Enter 3GBQ764G
2025-04-01 00:00:07,329 - INFO - Ingress_Enter YT9C91ZB
2025-04-01 00:00:07,339 - INFO - Ingress_Enter X3BK9SAR
2025-04-01 00:00:07,362 - INFO - Ingress_Exit C55I0BDF
2025-04-01 00:00:07,363 - INFO - Ingress_Exit 4PWRBJYP
2025-04-01 00:00:07,404 - INFO - Ingress_Exit AR0ODT4T
2025-04-01 00:00:07,509 - INFO - Ingress_Exit 3GBQ764G
2025-04-01 00:00:07,654 - INFO - Ingress_Exit YT9C91ZB
2025-04-01 00:00:07,656 - INFO - Ingress_Exit X3BK9SAR
2025-04-01 00:00:07,786 - INFO - Ingress_Enter BOA8Z3G8
2025-04-01 00:00:07,818 - INFO - Ingress_Enter L49AGWWX
2025-04-01 00:00:07,897 - INFO - Ingress_Enter 0W5RULAZ
2025-04-01 00:00:07,976 - INFO - Ingress_Enter D6OB6GXC
2025-04-01 00:00:07,982 - INFO - Ingress_Exit L49AGWWX
2025-04-01 00:00:08,061 - INFO - Ingress_Exit BOA8Z3G8
2025-04-01 00:00:08,141 - INFO - Ingress_Exit 0W5RULAZ
2025-04-01 00:00:08,180 - INFO - Ingress_Enter HDI3K4ZZ
2025-04-01 00:00:08,213 - INFO - Ingress_Enter DDSAQ7EI
2025-04-01 00:00:08,254 - INFO - Ingress_Exit D6OB6GXC
2025-04-01 00:00:08,268 - INFO - Ingress_Enter T1OHGJ2D
2025-04-01 00:00:08,322 - INFO - Ingress_Exit HDI3K4ZZ
2025-04-01 00:00:08,483 - INFO - Ingress_Exit T1OHGJ2D
2025-04-01 00:00:08,569 - INFO - Ingress_Exit DDSAQ7EI
2025-04-01 00:00:08,671 - INFO - Ingress_Enter CCUEPM4A
2025-04-01 00:00:08,715 - INFO - Ingress_Enter 37A0CFUJ
2025-04-01 00:00:08,842 - INFO - Ingress_Exit CCUEPM4A
2025-04-01 00:00:08,881 - INFO - Ingress_Enter GXTV1TYD
2025-04-01 00:00:08,947 - INFO - Ingress_Enter C3RCA17Z
2025-04-01 00:00:08,980 - INFO - Ingress_Enter E0NVJV39
2025-04-01 00:00:08,982 - INFO - Ingress_Exit 37A0CFUJ
2025-04-01 00:00:09,055 - INFO - Ingress_Exit C3RCA17Z
2025-04-01 00:00:09,084 - INFO - Ingress_Exit E0NVJV39
2025-04-01 00:00:09,270 - INFO - Ingress_Exit GXTV1TYD
2025-04-01 00:00:09,424 - INFO - Ingress_Enter 5IBDOTWR
2025-04-01 00:00:09,715 - INFO - Ingress_Enter FN9HII8L
2025-04-01 00:00:09,717 - INFO - Ingress_Exit 5IBDOTWR
2025-04-01 00:00:09,725 - INFO - Ingress_Enter ZK251SVQ
2025-04-01 00:00:09,759 - INFO - Ingress_Enter 1FYQBLMS
2025-04-01 00:00:09,869 - INFO - Ingress_Exit ZK251SVQ
2025-04-01 00:00:09,925 - INFO - Ingress_Exit FN9HII8L
2025-04-01 00:00:10,088 - INFO - Ingress_Exit 1FYQBLMS
2025-04-01 00:00:10,146 - INFO - Ingress_Enter EOTILGRM
2025-04-01 00:00:10,168 - INFO - Ingress_Enter GT4QDRT3
2025-04-01 00:00:10,200 - INFO - Ingress_Enter KPR4KWCQ
2025-04-01 00:00:10,245 - INFO - Ingress_Enter CBFMJQE0
2025-04-01 00:00:10,470 - INFO - Ingress_Exit EOTILGRM
2025-04-01 00:00:10,470 - INFO - Ingress_Exit GT4QDRT3
2025-04-01 00:00:10,571 - INFO - Ingress_Exit CBFMJQE0
2025-04-01 00:00:10,572 - INFO - Ingress_Exit KPR4KWCQ
2025-04-01 00:00:10,793 - INFO - Ingress_Enter LBAQSPTE
2025-04-01 00:00:11,089 - INFO - Ingress_Enter 7TBHX2MF
2025-04-01 00:00:11,244 - INFO - Ingress_Enter SP516G2S
2025-04-01 00:00:11,300 - INFO - Ingress_Exit 7TBHX2MF
2025-04-01 00:00:11,337 - INFO - Ingress_Exit LBAQSPTE
2025-04-01 00:00:11,347 - INFO - Ingress_Enter ICJWGPJV
2025-04-01 00:00:11,403 - INFO - Ingress_Exit SP516G2S
2025-04-01 00:00:11,587 - INFO - Ingress_Exit ICJWGPJV
2025-04-01 00:00:11,602 - INFO - Ingress_Enter SZRDTAVH
2025-04-01 00:00:11,827 - INFO - Ingress_Enter Q612DAJ6
2025-04-01 00:00:11,848 - INFO - Ingress_Enter DKY3QKRB
2025-04-01 00:00:11,882 - INFO - Ingress_Enter IBC2GKKX
2025-04-01 00:00:11,956 - INFO - Ingress_Exit SZRDTAVH
2025-04-01 00:00:12,112 - INFO - Ingress_Exit Q612DAJ6
2025-04-01 00:00:12,166 - INFO - Ingress_Exit DKY3QKRB
2025-04-01 00:00:12,166 - INFO - Ingress_Exit IBC2GKKX
2025-04-01 00:00:12,261 - INFO - Ingress_Enter KOL87WUA
2025-04-01 00:00:12,340 - INFO - Ingress_Enter QHOWXG63
2025-04-01 00:00:12,427 - INFO - Ingress_Enter I2M8TVDV
2025-04-01 00:00:12,549 - INFO - Ingress_Exit KOL87WUA
2025-04-01 00:00:12,587 - INFO - Ingress_Enter S32PWG6Y
2025-04-01 00:00:12,610 - INFO - Ingress_Enter CO0NHHGK
2025-04-01 00:00:12,625 - INFO - Ingress_Exit I2M8TVDV
2025-04-01 00:00:12,782 - INFO - Ingress_Exit QHOWXG63
2025-04-01 00:00:13,149 - INFO - Ingress_Enter SAMYXYSL
2025-04-01 00:00:13,159 - INFO - Ingress_Enter FLE580AH
2025-04-01 00:00:13,204 - INFO - Ingress_Enter GIC8WE4A
2025-04-01 00:00:13,379 - INFO - Ingress_Exit CO0NHHGK
2025-04-01 00:00:13,379 - INFO - Ingress_Exit S32PWG6Y
2025-04-01 00:00:13,895 - INFO - Ingress_Exit FLE580AH
2025-04-01 00:00:13,897 - INFO - Ingress_Exit GIC8WE4A
2025-04-01 00:00:13,899 - INFO - Ingress_Exit SAMYXYSL
2025-04-01 00:00:14,564 - INFO - Ingress_Enter F5IMHQJ4
2025-04-01 00:00:14,575 - INFO - Ingress_Enter TLD13JFB
2025-04-01 00:00:14,586 - INFO - Ingress_Enter 04DOBPFN
2025-04-01 00:00:14,597 - INFO - Ingress_Enter 683JXGQV
2025-04-01 00:00:14,902 - INFO - Ingress_Exit 683JXGQV
2025-04-01 00:00:14,902 - INFO - Ingress_Exit TLD13JFB
2025-04-01 00:00:15,086 - INFO - Ingress_Exit F5IMHQJ4
2025-04-01 00:00:15,087 - INFO - Ingress_Exit 04DOBPFN
2025-04-01 00:00:15,188 - INFO - Ingress_Enter C0HCOOLT
2025-04-01 00:00:15,391 - INFO - Ingress_Enter MHORT63T
2025-04-01 00:00:15,447 - INFO - Ingress_Enter JYF409DV
2025-04-01 00:00:15,560 - INFO - Ingress_Enter 5INI2VZF
2025-04-01 00:00:15,677 - INFO - Ingress_Exit MHORT63T
2025-04-01 00:00:15,771 - INFO - Ingress_Exit C0HCOOLT
2025-04-01 00:00:15,810 - INFO - Ingress_Exit JYF409DV
2025-04-01 00:00:15,811 - INFO - Ingress_Exit 5INI2VZF
2025-04-01 00:00:16,041 - INFO - Ingress_Enter 3V3JUVX7
2025-04-01 00:00:16,174 - INFO - Ingress_Enter 097CPEAV
2025-04-01 00:00:16,182 - INFO - Ingress_Exit 3V3JUVX7
2025-04-01 00:00:16,196 - INFO - Ingress_Enter WQ6G8X4R
2025-04-01 00:00:16,302 - INFO - Ingress_Enter LA4XFY9E
2025-04-01 00:00:16,373 - INFO - Ingress_Exit 097CPEAV
2025-04-01 00:00:16,414 - INFO - Ingress_Enter O7F0NHVL
2025-04-01 00:00:16,453 - INFO - Ingress_Exit WQ6G8X4R
2025-04-01 00:00:16,473 - INFO - Ingress_Enter LJMKYPQD
2025-04-01 00:00:16,536 - INFO - Ingress_Exit LA4XFY9E
2025-04-01 00:00:16,562 - INFO - Ingress_Enter Z14LEP6T
2025-04-01 00:00:16,629 - INFO - Ingress_Enter 5SJF2IPN
2025-04-01 00:00:16,684 - INFO - Ingress_Enter YHBJXJKX
2025-04-01 00:00:16,695 - INFO - Ingress_Enter SBQFMEYX
2025-04-01 00:00:16,772 - INFO - Ingress_Exit O7F0NHVL
2025-04-01 00:00:16,773 - INFO - Ingress_Exit LJMKYPQD
2025-04-01 00:00:16,826 - INFO - Ingress_Exit Z14LEP6T
2025-04-01 00:00:16,862 - INFO - Ingress_Exit SBQFMEYX
2025-04-01 00:00:16,957 - INFO - Ingress_Exit YHBJXJKX
2025-04-01 00:00:17,029 - INFO - Ingress_Enter J1QITWTK
2025-04-01 00:00:17,043 - INFO - Ingress_Exit 5SJF2IPN
2025-04-01 00:00:17,163 - INFO - Ingress_Enter ALUF5RD0
2025-04-01 00:00:17,242 - INFO - Ingress_Enter QZJEMISG
2025-04-01 00:00:17,252 - INFO - Ingress_Enter GNODYCSE
2025-04-01 00:00:17,263 - INFO - Ingress_Enter KK4R5Y0Z
2025-04-01 00:00:17,308 - INFO - Ingress_Enter 11Z49OUP
2025-04-01 00:00:17,334 - INFO - Ingress_Exit ALUF5RD0
2025-04-01 00:00:17,398 - INFO - Ingress_Enter GMV0GKAE
2025-04-01 00:00:17,404 - INFO - Ingress_Exit J1QITWTK
2025-04-01 00:00:17,440 - INFO - Ingress_Exit QZJEMISG
2025-04-01 00:00:17,533 - INFO - Ingress_Enter RJTYHD9Q
2025-04-01 00:00:17,533 - INFO - Ingress_Exit GNODYCSE
2025-04-01 00:00:17,538 - INFO - Ingress_Exit KK4R5Y0Z
2025-04-01 00:00:17,678 - INFO - Ingress_Exit 11Z49OUP
2025-04-01 00:00:17,698 - INFO - Ingress_Exit RJTYHD9Q
2025-04-01 00:00:17,709 - INFO - Ingress_Enter NNGXSTRL
2025-04-01 00:00:17,743 - INFO - Ingress_Enter DEFIKODU
2025-04-01 00:00:17,753 - INFO - Ingress_Enter ZNT9CDX5
2025-04-01 00:00:17,777 - INFO - Ingress_Enter 3JXAGFLB
2025-04-01 00:00:17,906 - INFO - Ingress_Exit GMV0GKAE
2025-04-01 00:00:18,057 - INFO - Ingress_Enter 0TRY6PTG
2025-04-01 00:00:18,067 - INFO - Ingress_Enter J592650X
2025-04-01 00:00:18,077 - INFO - Ingress_Exit NNGXSTRL
2025-04-01 00:00:18,078 - INFO - Ingress_Exit 3JXAGFLB
2025-04-01 00:00:18,081 - INFO - Ingress_Exit DEFIKODU
2025-04-01 00:00:18,111 - INFO - Ingress_Enter JFVOBKS0
2025-04-01 00:00:18,137 - INFO - Ingress_Exit ZNT9CDX5
2025-04-01 00:00:18,145 - INFO - Ingress_Enter 3ZR9PIXF
2025-04-01 00:00:18,272 - INFO - Ingress_Exit 3ZR9PIXF
2025-04-01 00:00:18,333 - INFO - Ingress_Exit JFVOBKS0
2025-04-01 00:00:18,403 - INFO - Ingress_Enter 1AGJ2ZJV
2025-04-01 00:00:18,445 - INFO - Ingress_Exit 0TRY6PTG
2025-04-01 00:00:18,446 - INFO - Ingress_Exit J592650X
2025-04-01 00:00:18,483 - INFO - Ingress_Enter HK4QD5W0
2025-04-01 00:00:18,541 - INFO - Ingress_Enter GQ8WJNTY
2025-04-01 00:00:18,653 - INFO - Ingress_Enter 1XCDEGDX
2025-04-01 00:00:18,682 - INFO - Ingress_Exit 1AGJ2ZJV
2025-04-01 00:00:18,697 - INFO - Ingress_Enter IMJPWUN9
2025-04-01 00:00:18,723 - INFO - Ingress_Exit GQ8WJNTY
2025-04-01 00:00:18,749 - INFO - Ingress_Exit HK4QD5W0
2025-04-01 00:00:18,920 - INFO - Ingress_Exit 1XCDEGDX
2025-04-01 00:00:18,921 - INFO - Ingress_Exit IMJPWUN9
2025-04-01 00:00:19,052 - INFO - Ingress_Enter REPE8G5C
2025-04-01 00:00:19,230 - INFO - Ingress_Enter CCKCQ2UF
2025-04-01 00:00:19,285 - INFO - Ingress_Enter RMLL08QP
2025-04-01 00:00:19,317 - INFO - Ingress_Exit REPE8G5C
2025-04-01 00:00:19,426 - INFO - Ingress_Exit CCKCQ2UF
2025-04-01 00:00:19,462 - INFO - Ingress_Enter ZDYC7UV6
2025-04-01 00:00:19,540 - INFO - Ingress_Enter QK5BZ13U
2025-04-01 00:00:19,696 - INFO - Ingress_Enter NBELJIUN
2025-04-01 00:00:19,772 - INFO - Ingress_Enter K8ONRB2Q
2025-04-01 00:00:19,852 - INFO - Ingress_Exit RMLL08QP
2025-04-01 00:00:19,880 - INFO - Ingress_Exit ZDYC7UV6
2025-04-01 00:00:19,881 - INFO - Ingress_Exit QK5BZ13U
2025-04-01 00:00:20,058 - INFO - Ingress_Exit K8ONRB2Q
2025-04-01 00:00:20,061 - INFO - Ingress_Enter 6DFLFOXC
2025-04-01 00:00:20,111 - INFO - Ingress_Exit NBELJIUN
2025-04-01 00:00:20,185 - INFO - Ingress_Enter V8O5A9BV
2025-04-01 00:00:20,241 - INFO - Ingress_Enter E7BCWOI7
2025-04-01 00:00:20,330 - INFO - Ingress_Enter KNEL18PJ
2025-04-01 00:00:20,345 - INFO - Ingress_Exit 6DFLFOXC
2025-04-01 00:00:20,445 - INFO - Ingress_Exit E7BCWOI7
2025-04-01 00:00:20,523 - INFO - Ingress_Exit V8O5A9BV
2025-04-01 00:00:20,545 - INFO - Ingress_Enter TY88D2RI
2025-04-01 00:00:20,580 - INFO - Ingress_Enter 1DFUWGME
2025-04-01 00:00:20,739 - INFO - Ingress_Exit KNEL18PJ
2025-04-01 00:00:20,848 - INFO - Ingress_Exit TY88D2RI
2025-04-01 00:00:20,859 - INFO - Ingress_Exit 1DFUWGME
2025-04-01 00:00:20,870 - INFO - Ingress_Enter RFL9SCXO
2025-04-01 00:00:20,881 - INFO - Ingress_Enter KZL3LZ0W
2025-04-01 00:00:20,892 - INFO - Ingress_Enter 4BQE7RO3
2025-04-01 00:00:20,914 - INFO - Ingress_Enter RTRKVDBC
2025-04-01 00:00:21,093 - INFO - Ingress_Enter C3HNQ0TM
2025-04-01 00:00:21,145 - INFO - Ingress_Exit KZL3LZ0W
2025-04-01 00:00:21,146 - INFO - Ingress_Exit 4BQE7RO3
2025-04-01 00:00:21,170 - INFO - Ingress_Exit RFL9SCXO
2025-04-01 00:00:21,229 - INFO - Ingress_Enter TA74Q8LQ
2025-04-01 00:00:21,272 - INFO - Ingress_Exit RTRKVDBC
2025-04-01 00:00:21,411 - INFO - Ingress_Exit C3HNQ0TM
2025-04-01 00:00:21,429 - INFO - Ingress_Enter JIYA6OCN
2025-04-01 00:00:21,442 - INFO - Ingress_Enter 5J30M1RO
2025-04-01 00:00:21,477 - INFO - Ingress_Enter 4INP2JNT
2025-04-01 00:00:21,641 - INFO - Ingress_Exit TA74Q8LQ
2025-04-01 00:00:21,719 - INFO - Ingress_Exit JIYA6OCN
2025-04-01 00:00:21,750 - INFO - Ingress_Exit 5J30M1RO
2025-04-01 00:00:21,788 - INFO - Ingress_Exit 4INP2JNT
2025-04-01 00:00:21,887 - INFO - Ingress_Enter NUB2MM2N
2025-04-01 00:00:21,910 - INFO - Ingress_Enter DL3MDBJD
2025-04-01 00:00:21,932 - INFO - Ingress_Enter IFPTBWNS
2025-04-01 00:00:21,943 - INFO - Ingress_Enter BZETGWYA
2025-04-01 00:00:21,954 - INFO - Ingress_Enter UOCCGDVE
2025-04-01 00:00:22,127 - INFO - Ingress_Exit IFPTBWNS
2025-04-01 00:00:22,229 - INFO - Ingress_Enter 58G7LZSG
2025-04-01 00:00:22,234 - INFO - Ingress_Exit NUB2MM2N
2025-04-01 00:00:22,236 - INFO - Ingress_Exit UOCCGDVE
2025-04-01 00:00:22,273 - INFO - Ingress_Exit BZETGWYA
2025-04-01 00:00:22,421 - INFO - Ingress_Exit DL3MDBJD
2025-04-01 00:00:22,533 - INFO - Ingress_Enter 44Z1BCNK
2025-04-01 00:00:22,572 - INFO - Ingress_Exit 58G7LZSG
2025-04-01 00:00:22,588 - INFO - Ingress_Enter J9QEHAQX
2025-04-01 00:00:22,753 - INFO - Ingress_Enter EDJV0JQ2
2025-04-01 00:00:22,761 - INFO - Ingress_Exit 44Z1BCNK
2025-04-01 00:00:22,853 - INFO - Ingress_Enter D1OWSHBY
2025-04-01 00:00:22,934 - INFO - Ingress_Exit J9QEHAQX
2025-04-01 00:00:22,962 - INFO - Ingress_Exit EDJV0JQ2
2025-04-01 00:00:22,965 - INFO - Ingress_Enter G49WOR1B
2025-04-01 00:00:22,975 - INFO - Ingress_Enter O9W1F56J
2025-04-01 00:00:23,080 - INFO - Ingress_Exit D1OWSHBY
2025-04-01 00:00:23,085 - INFO - Ingress_Enter F558GWNP
2025-04-01 00:00:23,162 - INFO - Ingress_Exit G49WOR1B
2025-04-01 00:00:23,292 - INFO - Ingress_Exit F558GWNP
2025-04-01 00:00:23,329 - INFO - Ingress_Enter BSWHYAZD
2025-04-01 00:00:23,347 - INFO - Ingress_Exit O9W1F56J
2025-04-01 00:00:23,353 - INFO - Ingress_Enter 724IU1EB
2025-04-01 00:00:23,554 - INFO - Ingress_Enter 2F7Q7ED9
2025-04-01 00:00:23,701 - INFO - Ingress_Exit BSWHYAZD
2025-04-01 00:00:23,703 - INFO - Ingress_Exit 724IU1EB
2025-04-01 00:00:23,855 - INFO - Ingress_Enter QZCR5L6W
2025-04-01 00:00:23,856 - INFO - Ingress_Exit 2F7Q7ED9
2025-04-01 00:00:23,933 - INFO - Ingress_Enter 205HX6LK
2025-04-01 00:00:24,035 - INFO - Ingress_Enter 1JPAASI3
2025-04-01 00:00:24,060 - INFO - Ingress_Exit QZCR5L6W
2025-04-01 00:00:24,120 - INFO - Ingress_Exit 205HX6LK
2025-04-01 00:00:24,135 - INFO - Ingress_Enter TP1LTJ3K
2025-04-01 00:00:24,204 - INFO - Ingress_Enter BEZQMN5O
2025-04-01 00:00:24,213 - INFO - Ingress_Enter 5AMSLTPY
2025-04-01 00:00:24,277 - INFO - Ingress_Exit 1JPAASI3
2025-04-01 00:00:24,341 - INFO - Ingress_Exit TP1LTJ3K
2025-04-01 00:00:24,348 - INFO - Ingress_Enter D08FYSM6
2025-04-01 00:00:24,448 - INFO - Ingress_Enter KW0INMSR
2025-04-01 00:00:24,483 - INFO - Ingress_Exit 5AMSLTPY
2025-04-01 00:00:24,511 - INFO - Ingress_Exit BEZQMN5O
2025-04-01 00:00:24,538 - INFO - Ingress_Enter C9KBQG1C
2025-04-01 00:00:24,561 - INFO - Ingress_Enter B7Z5TF2M
2025-04-01 00:00:24,596 - INFO - Ingress_Exit D08FYSM6
2025-04-01 00:00:24,658 - INFO - Ingress_Exit KW0INMSR
2025-04-01 00:00:24,698 - INFO - Ingress_Exit C9KBQG1C
2025-04-01 00:00:24,767 - INFO - Ingress_Exit B7Z5TF2M
2025-04-01 00:00:24,774 - INFO - Ingress_Enter Y8M22JCV
2025-04-01 00:00:24,890 - INFO - Ingress_Enter 7WI2UYML
2025-04-01 00:00:24,932 - INFO - Ingress_Enter 03S1M9MC
2025-04-01 00:00:25,007 - INFO - Ingress_Exit Y8M22JCV
2025-04-01 00:00:25,155 - INFO - Ingress_Exit 7WI2UYML
2025-04-01 00:00:25,162 - INFO - Ingress_Exit 03S1M9MC
2025-04-01 00:00:25,277 - INFO - Ingress_Enter 93L1YBRB
2025-04-01 00:00:25,288 - INFO - Ingress_Enter QYEY7PCN
2025-04-01 00:00:25,400 - INFO - Ingress_Enter 86NW11XO
2025-04-01 00:00:25,427 - INFO - Ingress_Exit QYEY7PCN
2025-04-01 00:00:25,477 - INFO - Ingress_Exit 93L1YBRB
2025-04-01 00:00:25,487 - INFO - Ingress_Enter OIN1SQSU
2025-04-01 00:00:25,596 - INFO - Ingress_Exit 86NW11XO
2025-04-01 00:00:25,622 - INFO - Ingress_Enter 7KEDQSVA
2025-04-01 00:00:25,846 - INFO - Ingress_Enter RVI9YA74
2025-04-01 00:00:25,847 - INFO - Ingress_Exit OIN1SQSU
2025-04-01 00:00:25,848 - INFO - Ingress_Exit 7KEDQSVA
2025-04-01 00:00:25,856 - INFO - Ingress_Enter 6OG621LP
2025-04-01 00:00:25,866 - INFO - Ingress_Enter CA97LZJ8
2025-04-01 00:00:26,008 - INFO - Ingress_Exit RVI9YA74
2025-04-01 00:00:26,011 - INFO - Ingress_Enter KLBD5525
2025-04-01 00:00:26,048 - INFO - Ingress_Enter 4X1T1QPY
2025-04-01 00:00:26,123 - INFO - Ingress_Exit 6OG621LP
2025-04-01 00:00:26,199 - INFO - Ingress_Exit KLBD5525
2025-04-01 00:00:26,220 - INFO - Ingress_Exit CA97LZJ8
2025-04-01 00:00:26,349 - INFO - Ingress_Enter WD0OGIFW
2025-04-01 00:00:26,406 - INFO - Ingress_Enter DSXP2TNY
2025-04-01 00:00:26,417 - INFO - Ingress_Exit 4X1T1QPY
2025-04-01 00:00:26,654 - INFO - Ingress_Exit DSXP2TNY
2025-04-01 00:00:26,674 - INFO - Ingress_Enter F8Y1NS06
2025-04-01 00:00:26,684 - INFO - Ingress_Enter FOL5OS07
2025-04-01 00:00:26,738 - INFO - Ingress_Exit WD0OGIFW
2025-04-01 00:00:26,741 - INFO - Ingress_Enter F2398B1K
2025-04-01 00:00:26,842 - INFO - Ingress_Exit F8Y1NS06
2025-04-01 00:00:26,851 - INFO - Ingress_Enter TWKRH0RQ
2025-04-01 00:00:26,913 - INFO - Ingress_Exit FOL5OS07
2025-04-01 00:00:26,975 - INFO - Ingress_Exit F2398B1K
2025-04-01 00:00:27,007 - INFO - Ingress_Exit TWKRH0RQ
2025-04-01 00:00:27,108 - INFO - Ingress_Enter HAB55ST0
2025-04-01 00:00:27,184 - INFO - Ingress_Enter 8Y2UXLQO
2025-04-01 00:00:27,228 - INFO - Ingress_Enter 9Z43HQC0
2025-04-01 00:00:27,370 - INFO - Ingress_Exit 8Y2UXLQO
2025-04-01 00:00:27,425 - INFO - Ingress_Exit HAB55ST0
2025-04-01 00:00:27,486 - INFO - Ingress_Enter 5FR46N56
2025-04-01 00:00:27,487 - INFO - Ingress_Exit 9Z43HQC0
2025-04-01 00:00:27,677 - INFO - Ingress_Enter OMKHHZ8V
2025-04-01 00:00:27,710 - INFO - Ingress_Enter K36RZ1QY
2025-04-01 00:00:27,716 - INFO - Ingress_Exit 5FR46N56
2025-04-01 00:00:27,822 - INFO - Ingress_Enter LMX7NIG1
2025-04-01 00:00:27,832 - INFO - Ingress_Enter 9VZXTGVK
2025-04-01 00:00:27,931 - INFO - Ingress_Exit 9VZXTGVK
2025-04-01 00:00:27,983 - INFO - Ingress_Exit OMKHHZ8V
2025-04-01 00:00:28,081 - INFO - Ingress_Enter 702YD1QQ
2025-04-01 00:00:28,083 - INFO - Ingress_Exit K36RZ1QY
2025-04-01 00:00:28,267 - INFO - Ingress_Exit LMX7NIG1
2025-04-01 00:00:28,324 - INFO - Ingress_Exit 702YD1QQ
2025-04-01 00:00:28,381 - INFO - Ingress_Enter 78E608A9
2025-04-01 00:00:28,459 - INFO - Ingress_Enter ZR8OGE8P
2025-04-01 00:00:28,503 - INFO - Ingress_Enter 2W0VXX3X
2025-04-01 00:00:28,583 - INFO - Ingress_Enter S70GPJOC
2025-04-01 00:00:28,609 - INFO - Ingress_Exit 78E608A9
2025-04-01 00:00:28,783 - INFO - Ingress_Exit 2W0VXX3X
2025-04-01 00:00:28,800 - INFO - Ingress_Exit ZR8OGE8P
2025-04-01 00:00:28,875 - INFO - Ingress_Exit S70GPJOC
2025-04-01 00:00:28,884 - INFO - Ingress_Enter Z2PJJ4VD
2025-04-01 00:00:28,981 - INFO - Ingress_Exit Z2PJJ4VD
2025-04-01 00:00:29,029 - INFO - Ingress_Enter 7HKNJ6W4
2025-04-01 00:00:29,141 - INFO - Ingress_Enter MDZ2Q3TZ
2025-04-01 00:00:29,334 - INFO - Ingress_Exit MDZ2Q3TZ
2025-04-01 00:00:29,361 - INFO - Ingress_Exit 7HKNJ6W4
2025-04-01 00:00:29,431 - INFO - Ingress_Enter 1F0SMID8
2025-04-01 00:00:29,441 - INFO - Ingress_Enter UVYKN3NL
2025-04-01 00:00:29,486 - INFO - Ingress_Enter OBCNQ5LP
2025-04-01 00:00:29,508 - INFO - Ingress_Enter CKIU414V
2025-04-01 00:00:29,575 - INFO - Ingress_Enter 7FNCJQUJ
2025-04-01 00:00:29,799 - INFO - Ingress_Exit CKIU414V
2025-04-01 00:00:29,819 - INFO - Ingress_Exit 1F0SMID8
2025-04-01 00:00:29,921 - INFO - Ingress_Exit UVYKN3NL
2025-04-01 00:00:29,944 - INFO - Ingress_Exit OBCNQ5LP
2025-04-01 00:00:29,945 - INFO - Ingress_Exit 7FNCJQUJ
2025-04-01 00:00:30,066 - INFO - Ingress_Enter 4FC59CHV
2025-04-01 00:00:30,121 - INFO - Ingress_Enter 67MTEQ18
2025-04-01 00:00:30,153 - INFO - Ingress_Enter ZLJV0DAG
2025-04-01 00:00:30,230 - INFO - Ingress_Exit 67MTEQ18
2025-04-01 00:00:30,332 - INFO - Ingress_Exit 4FC59CHV
2025-04-01 00:00:30,432 - INFO - Ingress_Enter RVH1WFMZ
2025-04-01 00:00:30,445 - INFO - Ingress_Exit ZLJV0DAG
2025-04-01 00:00:30,466 - INFO - Ingress_Enter HM0513U2
2025-04-01 00:00:30,569 - INFO - Ingress_Enter UAVWU4F1
2025-04-01 00:00:30,578 - INFO - Ingress_Enter AS8Q4KPA
2025-04-01 00:00:30,612 - INFO - Ingress_Exit RVH1WFMZ
2025-04-01 00:00:30,673 - INFO - Ingress_Exit UAVWU4F1
2025-04-01 00:00:30,797 - INFO - Ingress_Exit HM0513U2
2025-04-01 00:00:30,821 - INFO - Ingress_Exit AS8Q4KPA
2025-04-01 00:00:31,074 - INFO - Ingress_Enter 4VDOPYZB
2025-04-01 00:00:31,141 - INFO - Ingress_Enter 6VBBF61F
2025-04-01 00:00:31,219 - INFO - Ingress_Enter EFWX9CR4
2025-04-01 00:00:31,274 - INFO - Ingress_Enter GHEC3M6V
2025-04-01 00:00:31,283 - INFO - Ingress_Exit 4VDOPYZB
2025-04-01 00:00:31,420 - INFO - Ingress_Exit 6VBBF61F
2025-04-01 00:00:31,562 - INFO - Ingress_Exit EFWX9CR4
2025-04-01 00:00:31,630 - INFO - Ingress_Exit GHEC3M6V
2025-04-01 00:00:31,632 - INFO - Ingress_Enter J29PBFNG
2025-04-01 00:00:31,641 - INFO - Ingress_Enter A0YJOTBP
2025-04-01 00:00:31,760 - INFO - Ingress_Exit J29PBFNG
2025-04-01 00:00:31,774 - INFO - Ingress_Enter YHID1VI3
2025-04-01 00:00:31,786 - INFO - Ingress_Enter VXPX88UV
2025-04-01 00:00:31,795 - INFO - Ingress_Exit A0YJOTBP
2025-04-01 00:00:32,034 - INFO - Ingress_Enter DO3A7EHF
2025-04-01 00:00:32,056 - INFO - Ingress_Exit YHID1VI3
2025-04-01 00:00:32,090 - INFO - Ingress_Enter RZC8ZLYO
2025-04-01 00:00:32,131 - INFO - Ingress_Exit VXPX88UV
2025-04-01 00:00:32,270 - INFO - Ingress_Enter 73HNJ7TN
2025-04-01 00:00:32,275 - INFO - Ingress_Exit DO3A7EHF
2025-04-01 00:00:32,337 - INFO - Ingress_Exit RZC8ZLYO
2025-04-01 00:00:32,370 - INFO - Ingress_Enter U0Q8K0FZ
2025-04-01 00:00:32,482 - INFO - Ingress_Enter MHKFOA4C
2025-04-01 00:00:32,610 - INFO - Ingress_Exit U0Q8K0FZ
2025-04-01 00:00:32,667 - INFO - Ingress_Exit 73HNJ7TN
2025-04-01 00:00:32,694 - INFO - Ingress_Enter OLEW3ZEB
2025-04-01 00:00:32,783 - INFO - Ingress_Enter YUI71RLX
2025-04-01 00:00:32,790 - INFO - Ingress_Exit MHKFOA4C
2025-04-01 00:00:32,793 - INFO - Ingress_Enter SBTO24GU
2025-04-01 00:00:32,921 - INFO - Ingress_Exit OLEW3ZEB
2025-04-01 00:00:32,927 - INFO - Ingress_Enter ITXLKZJ5
2025-04-01 00:00:33,049 - INFO - Ingress_Enter 1QZN5Z00
2025-04-01 00:00:33,111 - INFO - Ingress_Exit YUI71RLX
2025-04-01 00:00:33,143 - INFO - Ingress_Exit SBTO24GU
2025-04-01 00:00:33,175 - INFO - Ingress_Exit 1QZN5Z00
2025-04-01 00:00:33,198 - INFO - Ingress_Enter YNW9ACH7
2025-04-01 00:00:33,220 - INFO - Ingress_Enter 4JJ5B5YL
2025-04-01 00:00:33,230 - INFO - Ingress_Enter OEJEUF4N
2025-04-01 00:00:33,285 - INFO - Ingress_Exit ITXLKZJ5
2025-04-01 00:00:33,343 - INFO - Ingress_Enter Y3LW1MMO
2025-04-01 00:00:33,553 - INFO - Ingress_Exit YNW9ACH7
2025-04-01 00:00:33,553 - INFO - Ingress_Exit 4JJ5B5YL
2025-04-01 00:00:33,555 - INFO - Ingress_Exit OEJEUF4N
2025-04-01 00:00:33,586 - INFO - Ingress_Enter DFPQFAG8
2025-04-01 00:00:33,598 - INFO - Ingress_Enter V5APJ834
2025-04-01 00:00:33,675 - INFO - Ingress_Enter X4UKP1BK
2025-04-01 00:00:33,687 - INFO - Ingress_Exit Y3LW1MMO
2025-04-01 00:00:33,772 - INFO - Ingress_Exit V5APJ834
2025-04-01 00:00:33,806 - INFO - Ingress_Exit DFPQFAG8
2025-04-01 00:00:33,837 - INFO - Ingress_Exit X4UKP1BK
2025-04-01 00:00:33,887 - INFO - Ingress_Enter QBG2EST3
2025-04-01 00:00:33,988 - INFO - Ingress_Enter ETECUO9N
2025-04-01 00:00:33,997 - INFO - Ingress_Enter QI38XWSX
2025-04-01 00:00:34,076 - INFO - Ingress_Exit QBG2EST3
2025-04-01 00:00:34,162 - INFO - Ingress_Enter 0PFBEV8B
2025-04-01 00:00:34,183 - INFO - Ingress_Exit ETECUO9N
2025-04-01 00:00:34,260 - INFO - Ingress_Exit QI38XWSX
2025-04-01 00:00:34,263 - INFO - Ingress_Enter 27LP4KOA
2025-04-01 00:00:34,272 - INFO - Ingress_Enter VUSFPDWE
2025-04-01 00:00:34,316 - INFO - Ingress_Enter M4HW0LFT
2025-04-01 00:00:34,428 - INFO - Ingress_Enter 058YF07J
2025-04-01 00:00:34,461 - INFO - Ingress_Enter YYXCXQMQ
2025-04-01 00:00:34,475 - INFO - Ingress_Exit 0PFBEV8B
2025-04-01 00:00:34,513 - INFO - Ingress_Exit M4HW0LFT
2025-04-01 00:00:34,514 - INFO - Ingress_Exit VUSFPDWE
2025-04-01 00:00:34,544 - INFO - Ingress_Exit 27LP4KOA
2025-04-01 00:00:34,583 - INFO - Ingress_Exit 058YF07J
2025-04-01 00:00:34,767 - INFO - Ingress_Exit YYXCXQMQ
2025-04-01 00:00:34,990 - INFO - Ingress_Enter IPEH57B2
2025-04-01 00:00:35,195 - INFO - Ingress_Exit IPEH57B2
2025-04-01 00:00:35,552 - INFO - Ingress_Enter 0S6FX3CU
2025-04-01 00:00:35,719 - INFO - Ingress_Enter AJT3Z563
2025-04-01 00:00:35,766 - INFO - Ingress_Enter 6L66N1Q0
2025-04-01 00:00:35,776 - INFO - Ingress_Enter W8V7814L
2025-04-01 00:00:35,787 - INFO - Ingress_Enter SVY3VW0X
2025-04-01 00:00:35,832 - INFO - Ingress_Enter W1ZOQY22
2025-04-01 00:00:35,899 - INFO - Ingress_Enter 7GNPX591
2025-04-01 00:00:35,900 - INFO - Ingress_Exit 0S6FX3CU
2025-04-01 00:00:35,956 - INFO - Ingress_Exit AJT3Z563
2025-04-01 00:00:35,958 - INFO - Ingress_Exit 6L66N1Q0
2025-04-01 00:00:36,061 - INFO - Ingress_Exit W8V7814L
2025-04-01 00:00:36,061 - INFO - Ingress_Exit W1ZOQY22
2025-04-01 00:00:36,063 - INFO - Ingress_Exit SVY3VW0X
2025-04-01 00:00:36,231 - INFO - Ingress_Exit 7GNPX591
