2025-03-18 00:39:45,041 - INFO - Ingress_Enter X15YDB37
2025-03-18 00:39:45,982 - INFO - Ingress_Exit X15YDB37
2025-03-18 00:39:46,363 - INFO - Ingress_Enter HMLNM6TG
2025-03-18 00:39:46,426 - INFO - Ingress_Enter MMXAYC6Y
2025-03-18 00:39:46,523 - INFO - Ingress_Exit MMXAYC6Y
2025-03-18 00:39:46,533 - INFO - Ingress_Exit HMLNM6TG
2025-03-18 00:39:46,619 - INFO - Ingress_Enter TD58DVSD
2025-03-18 00:39:46,746 - INFO - Ingress_Exit TD58DVSD
2025-03-18 00:39:47,262 - INFO - Ingress_Enter P3ONWEE2
2025-03-18 00:39:47,326 - INFO - Ingress_Enter FEU6IANJ
2025-03-18 00:39:47,353 - INFO - Ingress_Exit P3ONWEE2
2025-03-18 00:39:47,419 - INFO - Ingress_Exit FEU6IANJ
2025-03-18 00:39:47,454 - INFO - Ingress_Enter E1ODVMJX
2025-03-18 00:39:47,485 - INFO - Ingress_Enter 0QMB0580
2025-03-18 00:39:47,546 - INFO - Ingress_Exit E1ODVMJX
2025-03-18 00:39:47,578 - INFO - Ingress_Exit 0QMB0580
2025-03-18 00:39:48,097 - INFO - Ingress_Enter RIQEYSJU
2025-03-18 00:39:48,191 - INFO - Ingress_Exit RIQEYSJU
2025-03-18 00:39:48,258 - INFO - Ingress_Enter YGEOK8Z3
2025-03-18 00:39:48,356 - INFO - Ingress_Exit YGEOK8Z3
2025-03-18 00:39:48,968 - INFO - Ingress_Enter 1P8N9T54
2025-03-18 00:39:49,073 - INFO - Ingress_Exit 1P8N9T54
2025-03-18 00:39:49,999 - INFO - Ingress_Enter 93C0X60O
2025-03-18 00:39:50,063 - INFO - Ingress_Enter 9JXX1YPF
2025-03-18 00:39:50,093 - INFO - Ingress_Exit 93C0X60O
2025-03-18 00:39:50,154 - INFO - Ingress_Exit 9JXX1YPF
2025-03-18 00:39:51,741 - INFO - Ingress_Enter MQSSGPFO
2025-03-18 00:39:51,836 - INFO - Ingress_Exit MQSSGPFO
2025-03-18 00:39:51,868 - INFO - Ingress_Enter 31OVCGFY
2025-03-18 00:39:51,967 - INFO - Ingress_Exit 31OVCGFY
2025-03-18 00:39:52,221 - INFO - Ingress_Enter BP82Z3H5
2025-03-18 00:39:52,324 - INFO - Ingress_Exit BP82Z3H5
2025-03-18 00:39:52,349 - INFO - Ingress_Enter SGTKY4BB
2025-03-18 00:39:52,445 - INFO - Ingress_Exit SGTKY4BB
2025-03-18 00:39:53,412 - INFO - Ingress_Enter 9COB9MM4
2025-03-18 00:39:53,509 - INFO - Ingress_Enter ZZVN4BX6
2025-03-18 00:39:53,520 - INFO - Ingress_Exit 9COB9MM4
2025-03-18 00:39:53,539 - INFO - Ingress_Enter C5Q0Y7BR
2025-03-18 00:39:53,615 - INFO - Ingress_Exit ZZVN4BX6
2025-03-18 00:39:53,638 - INFO - Ingress_Exit C5Q0Y7BR
2025-03-18 00:39:53,767 - INFO - Ingress_Enter MPTA9HH1
2025-03-18 00:39:53,863 - INFO - Ingress_Enter IOJ5FMHG
2025-03-18 00:39:53,866 - INFO - Ingress_Exit MPTA9HH1
2025-03-18 00:39:53,962 - INFO - Ingress_Exit IOJ5FMHG
2025-03-18 00:39:54,183 - INFO - Ingress_Enter R3GD0KDD
2025-03-18 00:39:54,280 - INFO - Ingress_Exit R3GD0KDD
2025-03-18 00:39:54,311 - INFO - Ingress_Enter T29VN3Q5
2025-03-18 00:39:54,376 - INFO - Ingress_Enter MHQSLUED
2025-03-18 00:39:54,402 - INFO - Ingress_Exit T29VN3Q5
2025-03-18 00:39:54,473 - INFO - Ingress_Exit MHQSLUED
2025-03-18 00:39:54,537 - INFO - Ingress_Enter CRZD2XUO
2025-03-18 00:39:54,649 - INFO - Ingress_Exit CRZD2XUO
2025-03-18 00:39:54,891 - INFO - Ingress_Enter 6CSIHZIT
2025-03-18 00:39:54,993 - INFO - Ingress_Exit 6CSIHZIT
2025-03-18 00:39:55,375 - INFO - Ingress_Enter 2J8XEWVX
2025-03-18 00:39:55,478 - INFO - Ingress_Exit 2J8XEWVX
2025-03-18 00:39:55,536 - INFO - Ingress_Enter PHB38BXJ
2025-03-18 00:39:55,630 - INFO - Ingress_Exit PHB38BXJ
2025-03-18 00:39:56,145 - INFO - Ingress_Enter JHJ21X39
2025-03-18 00:39:56,178 - INFO - Ingress_Enter PKN04RP2
2025-03-18 00:39:56,245 - INFO - Ingress_Exit JHJ21X39
2025-03-18 00:39:56,277 - INFO - Ingress_Exit PKN04RP2
2025-03-18 00:39:58,369 - INFO - Ingress_Enter J9GVH5NT
2025-03-18 00:39:58,401 - INFO - Ingress_Enter JXNWZHKV
2025-03-18 00:39:58,490 - INFO - Ingress_Exit J9GVH5NT
2025-03-18 00:39:58,527 - INFO - Ingress_Exit JXNWZHKV
2025-03-18 00:39:58,852 - INFO - Ingress_Enter WUQR4USF
2025-03-18 00:39:59,008 - INFO - Ingress_Exit WUQR4USF
2025-03-18 00:39:59,885 - INFO - Ingress_Enter VYH0A095
2025-03-18 00:39:59,985 - INFO - Ingress_Exit VYH0A095
2025-03-18 00:40:00,176 - INFO - Ingress_Enter 4DIGKPQK
2025-03-18 00:40:00,281 - INFO - Ingress_Exit 4DIGKPQK
2025-03-18 00:40:00,432 - INFO - Ingress_Enter W9X4PO4L
2025-03-18 00:40:00,465 - INFO - Ingress_Enter 10Y7URZ5
2025-03-18 00:40:00,528 - INFO - Ingress_Exit W9X4PO4L
2025-03-18 00:40:00,563 - INFO - Ingress_Exit 10Y7URZ5
2025-03-18 00:40:00,786 - INFO - Ingress_Enter TY8LKLXJ
2025-03-18 00:40:00,884 - INFO - Ingress_Exit TY8LKLXJ
2025-03-18 00:40:01,238 - INFO - Ingress_Enter B4ITFKP5
2025-03-18 00:40:01,334 - INFO - Ingress_Exit B4ITFKP5
2025-03-18 00:40:01,817 - INFO - Ingress_Enter FV5J1Y45
2025-03-18 00:40:01,916 - INFO - Ingress_Exit FV5J1Y45
2025-03-18 00:40:02,011 - INFO - Ingress_Enter BF1XOVKC
2025-03-18 00:40:02,103 - INFO - Ingress_Exit BF1XOVKC
2025-03-18 00:40:03,042 - INFO - Ingress_Enter YADPGBGF
2025-03-18 00:40:03,074 - INFO - Ingress_Enter EMAM042A
2025-03-18 00:40:03,133 - INFO - Ingress_Exit YADPGBGF
2025-03-18 00:40:03,167 - INFO - Ingress_Exit EMAM042A
2025-03-18 00:40:03,203 - INFO - Ingress_Enter 2UN8FP9L
2025-03-18 00:40:03,296 - INFO - Ingress_Exit 2UN8FP9L
2025-03-18 00:40:03,622 - INFO - Ingress_Enter CSP1ST14
2025-03-18 00:40:03,726 - INFO - Ingress_Exit CSP1ST14
2025-03-18 00:40:03,946 - INFO - Ingress_Enter JS5UIGA5
2025-03-18 00:40:04,035 - INFO - Ingress_Exit JS5UIGA5
2025-03-18 00:40:04,461 - INFO - Ingress_Enter 8L1NBR2B
2025-03-18 00:40:04,492 - INFO - Ingress_Enter 4GTQF6G8
2025-03-18 00:40:04,590 - INFO - Ingress_Exit 8L1NBR2B
2025-03-18 00:40:04,650 - INFO - Ingress_Exit 4GTQF6G8
2025-03-18 00:40:05,072 - INFO - Ingress_Enter 20RVIGCU
2025-03-18 00:40:05,173 - INFO - Ingress_Exit 20RVIGCU
2025-03-18 00:40:05,617 - INFO - Ingress_Enter SSUT8BHL
2025-03-18 00:40:05,713 - INFO - Ingress_Exit SSUT8BHL
2025-03-18 00:40:06,101 - INFO - Ingress_Enter 1MNIIVW2
2025-03-18 00:40:06,204 - INFO - Ingress_Exit 1MNIIVW2
2025-03-18 00:40:06,360 - INFO - Ingress_Enter 3LKM659B
2025-03-18 00:40:06,490 - INFO - Ingress_Exit 3LKM659B
2025-03-18 00:40:06,519 - INFO - Ingress_Enter 8O15F0L2
2025-03-18 00:40:06,619 - INFO - Ingress_Exit 8O15F0L2
2025-03-18 00:40:06,650 - INFO - Ingress_Enter YXX7Q2XH
2025-03-18 00:40:06,755 - INFO - Ingress_Exit YXX7Q2XH
2025-03-18 00:40:07,423 - INFO - Ingress_Enter D341N2W2
2025-03-18 00:40:07,528 - INFO - Ingress_Exit D341N2W2
2025-03-18 00:40:07,970 - INFO - Ingress_Enter 6NWJPCDD
2025-03-18 00:40:08,065 - INFO - Ingress_Exit 6NWJPCDD
2025-03-18 00:40:09,355 - INFO - Ingress_Enter U3SCR3TG
2025-03-18 00:40:09,455 - INFO - Ingress_Exit U3SCR3TG
2025-03-18 00:40:09,579 - INFO - Ingress_Enter JKKCTRKO
2025-03-18 00:40:09,678 - INFO - Ingress_Exit JKKCTRKO
2025-03-18 00:40:10,030 - INFO - Ingress_Enter 5G8LAGAH
2025-03-18 00:40:10,136 - INFO - Ingress_Exit 5G8LAGAH
2025-03-18 00:40:10,705 - INFO - Ingress_Enter 9W6YE6E9
2025-03-18 00:40:10,769 - INFO - Ingress_Enter 798APPFM
2025-03-18 00:40:10,835 - INFO - Ingress_Enter 9Y4ZY9BC
2025-03-18 00:40:10,876 - INFO - Ingress_Exit 9W6YE6E9
2025-03-18 00:40:10,878 - INFO - Ingress_Exit 798APPFM
2025-03-18 00:40:10,948 - INFO - Ingress_Exit 9Y4ZY9BC
2025-03-18 00:40:21,104 - INFO - Ingress_Enter 2VN0U99G
2025-03-18 00:40:21,207 - INFO - Ingress_Exit 2VN0U99G
2025-03-18 00:40:21,329 - INFO - Ingress_Enter 2EK0MOBN
2025-03-18 00:40:21,426 - INFO - Ingress_Exit 2EK0MOBN
2025-03-18 00:40:22,649 - INFO - Ingress_Enter 0F1DMO5H
2025-03-18 00:40:22,756 - INFO - Ingress_Exit 0F1DMO5H
2025-03-18 00:40:22,777 - INFO - Ingress_Enter 7MWVNGBG
2025-03-18 00:40:22,870 - INFO - Ingress_Exit 7MWVNGBG
2025-03-18 00:40:23,613 - INFO - Ingress_Enter FXZUJCRZ
2025-03-18 00:40:23,711 - INFO - Ingress_Exit FXZUJCRZ
2025-03-18 00:40:24,676 - INFO - Ingress_Enter K75D5CAJ
2025-03-18 00:40:24,771 - INFO - Ingress_Exit K75D5CAJ
2025-03-18 00:40:25,191 - INFO - Ingress_Enter 5N4ULJRJ
2025-03-18 00:40:25,282 - INFO - Ingress_Exit 5N4ULJRJ
2025-03-18 00:40:25,353 - INFO - Ingress_Enter 8SJHCM03
2025-03-18 00:40:25,456 - INFO - Ingress_Exit 8SJHCM03
2025-03-18 00:40:25,836 - INFO - Ingress_Enter 6RNEHFW8
2025-03-18 00:40:25,929 - INFO - Ingress_Exit 6RNEHFW8
2025-03-18 00:40:26,059 - INFO - Ingress_Enter 11U9HMGI
2025-03-18 00:40:26,153 - INFO - Ingress_Exit 11U9HMGI
2025-03-18 00:40:26,864 - INFO - Ingress_Enter 3A1ACMAI
2025-03-18 00:40:26,960 - INFO - Ingress_Exit 3A1ACMAI
2025-03-18 00:40:27,089 - INFO - Ingress_Enter QCGD7BKX
2025-03-18 00:40:27,189 - INFO - Ingress_Exit QCGD7BKX
2025-03-18 00:40:27,604 - INFO - Ingress_Enter 5EBY1FV5
2025-03-18 00:40:27,698 - INFO - Ingress_Exit 5EBY1FV5
2025-03-18 00:40:28,116 - INFO - Ingress_Enter DT6C3R9A
2025-03-18 00:40:28,219 - INFO - Ingress_Exit DT6C3R9A
2025-03-18 00:40:29,339 - INFO - Ingress_Enter TJ9OXDLR
2025-03-18 00:40:29,431 - INFO - Ingress_Exit TJ9OXDLR
2025-03-18 00:40:29,468 - INFO - Ingress_Enter SAJCDQNB
2025-03-18 00:40:29,561 - INFO - Ingress_Exit SAJCDQNB
2025-03-18 00:40:29,953 - INFO - Ingress_Enter 202KXORO
2025-03-18 00:40:30,060 - INFO - Ingress_Exit 202KXORO
2025-03-18 00:40:30,208 - INFO - Ingress_Enter WK4426LS
2025-03-18 00:40:30,309 - INFO - Ingress_Exit WK4426LS
2025-03-18 00:40:30,627 - INFO - Ingress_Enter 8DOXKGWT
2025-03-18 00:40:30,657 - INFO - Ingress_Enter 7EEIXUEZ
2025-03-18 00:40:30,724 - INFO - Ingress_Exit 8DOXKGWT
2025-03-18 00:40:30,760 - INFO - Ingress_Exit 7EEIXUEZ
2025-03-18 00:40:33,169 - INFO - Ingress_Enter 1J6UVRVS
2025-03-18 00:40:33,266 - INFO - Ingress_Exit 1J6UVRVS
2025-03-18 00:40:33,490 - INFO - Ingress_Enter 2ST6PMOG
2025-03-18 00:40:33,554 - INFO - Ingress_Enter 1F4PTJEZ
2025-03-18 00:40:33,593 - INFO - Ingress_Exit 2ST6PMOG
2025-03-18 00:40:33,651 - INFO - Ingress_Exit 1F4PTJEZ
2025-03-18 00:40:34,133 - INFO - Ingress_Enter B8S6Z2AG
2025-03-18 00:40:34,164 - INFO - Ingress_Enter D7ZM1JKZ
2025-03-18 00:40:34,239 - INFO - Ingress_Exit B8S6Z2AG
2025-03-18 00:40:34,276 - INFO - Ingress_Exit D7ZM1JKZ
2025-03-18 00:40:36,285 - INFO - Ingress_Enter OSCX05U2
2025-03-18 00:40:36,378 - INFO - Ingress_Exit OSCX05U2
2025-03-18 00:40:37,996 - INFO - Ingress_Enter CU7HJJJ5
2025-03-18 00:40:38,095 - INFO - Ingress_Exit CU7HJJJ5
2025-03-18 00:40:38,705 - INFO - Ingress_Enter DGTXVQMQ
2025-03-18 00:40:38,813 - INFO - Ingress_Exit DGTXVQMQ
2025-03-18 00:40:38,897 - INFO - Ingress_Enter QWT5BK4T
2025-03-18 00:40:38,993 - INFO - Ingress_Exit QWT5BK4T
2025-03-18 00:40:39,123 - INFO - Ingress_Enter L0N17ERG
2025-03-18 00:40:39,212 - INFO - Ingress_Exit L0N17ERG
2025-03-18 00:40:40,378 - INFO - Ingress_Enter 3ZS583O5
2025-03-18 00:40:40,478 - INFO - Ingress_Exit 3ZS583O5
2025-03-18 00:40:41,469 - INFO - Ingress_Enter 3BK97CZ0
2025-03-18 00:40:41,570 - INFO - Ingress_Exit 3BK97CZ0
2025-03-18 00:40:41,597 - INFO - Ingress_Enter Z9SZWXMJ
2025-03-18 00:40:41,694 - INFO - Ingress_Enter YZXQ8GVN
2025-03-18 00:40:41,694 - INFO - Ingress_Exit Z9SZWXMJ
2025-03-18 00:40:41,787 - INFO - Ingress_Exit YZXQ8GVN
2025-03-18 00:40:41,886 - INFO - Ingress_Enter QIEBJP07
2025-03-18 00:40:41,989 - INFO - Ingress_Exit QIEBJP07
2025-03-18 00:40:42,306 - INFO - Ingress_Enter NA7HB6ZQ
2025-03-18 00:40:42,409 - INFO - Ingress_Exit NA7HB6ZQ
2025-03-18 00:40:42,466 - INFO - Ingress_Enter YD18G0SV
2025-03-18 00:40:42,569 - INFO - Ingress_Exit YD18G0SV
2025-03-18 00:40:42,852 - INFO - Ingress_Enter D8XDBU5J
2025-03-18 00:40:42,946 - INFO - Ingress_Exit D8XDBU5J
2025-03-18 00:40:43,271 - INFO - Ingress_Enter XBFE7I86
2025-03-18 00:40:43,367 - INFO - Ingress_Exit XBFE7I86
2025-03-18 00:40:44,267 - INFO - Ingress_Enter BK53JXAE
2025-03-18 00:40:44,297 - INFO - Ingress_Enter AUTP7FPH
2025-03-18 00:40:44,365 - INFO - Ingress_Exit BK53JXAE
2025-03-18 00:40:44,398 - INFO - Ingress_Exit AUTP7FPH
2025-03-18 00:40:45,712 - INFO - Ingress_Enter ICGUKGWE
2025-03-18 00:40:45,806 - INFO - Ingress_Exit ICGUKGWE
2025-03-18 00:40:46,708 - INFO - Ingress_Enter SMYWJAYM
2025-03-18 00:40:46,800 - INFO - Ingress_Exit SMYWJAYM
2025-03-18 00:40:47,222 - INFO - Ingress_Enter A4DCK1S3
2025-03-18 00:40:47,319 - INFO - Ingress_Exit A4DCK1S3
2025-03-18 00:40:48,023 - INFO - Ingress_Enter QZZ43TEQ
2025-03-18 00:40:48,134 - INFO - Ingress_Exit QZZ43TEQ
2025-03-18 00:40:48,376 - INFO - Ingress_Enter 86LZHOVS
2025-03-18 00:40:48,409 - INFO - Ingress_Enter QWXMCJ5W
2025-03-18 00:40:48,475 - INFO - Ingress_Exit 86LZHOVS
2025-03-18 00:40:48,503 - INFO - Ingress_Exit QWXMCJ5W
2025-03-18 00:40:48,698 - INFO - Ingress_Enter DYGR8KBQ
2025-03-18 00:40:48,810 - INFO - Ingress_Exit DYGR8KBQ
2025-03-18 00:40:49,019 - INFO - Ingress_Enter 3Y04C1DZ
2025-03-18 00:40:49,118 - INFO - Ingress_Exit 3Y04C1DZ
2025-03-18 00:40:49,214 - INFO - Ingress_Enter 52RGABEV
2025-03-18 00:40:49,345 - INFO - Ingress_Exit 52RGABEV
2025-03-18 00:40:49,984 - INFO - Ingress_Enter ETV5TTLI
2025-03-18 00:40:50,080 - INFO - Ingress_Enter PVXO806W
2025-03-18 00:40:50,090 - INFO - Ingress_Exit ETV5TTLI
2025-03-18 00:40:50,173 - INFO - Ingress_Exit PVXO806W
2025-03-18 00:40:50,434 - INFO - Ingress_Enter QDIK7GBF
2025-03-18 00:40:50,529 - INFO - Ingress_Exit QDIK7GBF
2025-03-18 00:40:50,531 - INFO - Ingress_Enter LM7FLEK1
2025-03-18 00:40:50,624 - INFO - Ingress_Exit LM7FLEK1
2025-03-18 00:40:50,691 - INFO - Ingress_Enter 8QSAQZ23
2025-03-18 00:40:50,755 - INFO - Ingress_Enter 0NHU295S
2025-03-18 00:40:50,783 - INFO - Ingress_Exit 8QSAQZ23
2025-03-18 00:40:50,852 - INFO - Ingress_Exit 0NHU295S
2025-03-18 00:40:51,302 - INFO - Ingress_Enter ENQ7XI9B
2025-03-18 00:40:51,398 - INFO - Ingress_Exit ENQ7XI9B
2025-03-18 00:40:52,140 - INFO - Ingress_Enter 8BTADHI3
2025-03-18 00:40:52,249 - INFO - Ingress_Exit 8BTADHI3
2025-03-18 00:40:52,365 - INFO - Ingress_Enter FDRKDEGL
2025-03-18 00:40:52,431 - INFO - Ingress_Enter 1P7U4REB
2025-03-18 00:40:52,459 - INFO - Ingress_Exit FDRKDEGL
2025-03-18 00:40:52,520 - INFO - Ingress_Exit 1P7U4REB
2025-03-18 00:40:53,556 - INFO - Ingress_Enter 0CA20QNH
2025-03-18 00:40:53,659 - INFO - Ingress_Exit 0CA20QNH
2025-03-18 00:40:53,812 - INFO - Ingress_Enter HRIXDK60
2025-03-18 00:40:53,905 - INFO - Ingress_Exit HRIXDK60
2025-03-18 00:40:53,972 - INFO - Ingress_Enter 7Q45CA6R
2025-03-18 00:40:54,070 - INFO - Ingress_Enter FHMJS4II
2025-03-18 00:40:54,075 - INFO - Ingress_Exit 7Q45CA6R
2025-03-18 00:40:54,171 - INFO - Ingress_Exit FHMJS4II
2025-03-18 00:40:55,065 - INFO - Ingress_Enter J4JVLEK2
2025-03-18 00:40:55,164 - INFO - Ingress_Exit J4JVLEK2
2025-03-18 00:40:55,323 - INFO - Ingress_Enter V85P107X
2025-03-18 00:40:55,421 - INFO - Ingress_Exit V85P107X
2025-03-18 00:40:55,579 - INFO - Ingress_Enter MXQEIQPY
2025-03-18 00:40:55,612 - INFO - Ingress_Enter J7JJHBYY
2025-03-18 00:40:55,678 - INFO - Ingress_Exit MXQEIQPY
2025-03-18 00:40:55,707 - INFO - Ingress_Enter SXXDMUOZ
2025-03-18 00:40:55,717 - INFO - Ingress_Exit J7JJHBYY
2025-03-18 00:40:55,802 - INFO - Ingress_Exit SXXDMUOZ
2025-03-18 00:40:55,869 - INFO - Ingress_Enter M3VFKJAM
2025-03-18 00:40:55,970 - INFO - Ingress_Exit M3VFKJAM
2025-03-18 00:40:56,574 - INFO - Ingress_Enter NIU0YCWO
2025-03-18 00:40:56,681 - INFO - Ingress_Exit NIU0YCWO
2025-03-18 00:40:57,283 - INFO - Ingress_Enter 1NCV4LNX
2025-03-18 00:40:57,375 - INFO - Ingress_Exit 1NCV4LNX
2025-03-18 00:40:57,475 - INFO - Ingress_Enter MXLTWUD2
2025-03-18 00:40:57,568 - INFO - Ingress_Exit MXLTWUD2
2025-03-18 00:40:57,732 - INFO - Ingress_Enter PT6IR6A7
2025-03-18 00:40:57,838 - INFO - Ingress_Exit PT6IR6A7
2025-03-18 00:40:58,438 - INFO - Ingress_Enter R0WBPVD0
2025-03-18 00:40:58,538 - INFO - Ingress_Exit R0WBPVD0
2025-03-18 00:40:58,693 - INFO - Ingress_Enter WC4LJ7W7
2025-03-18 00:40:58,786 - INFO - Ingress_Exit WC4LJ7W7
2025-03-18 00:40:59,144 - INFO - Ingress_Enter 6JTX3U2O
2025-03-18 00:40:59,233 - INFO - Ingress_Exit 6JTX3U2O
2025-03-18 00:40:59,593 - INFO - Ingress_Enter 4VN3R538
2025-03-18 00:40:59,685 - INFO - Ingress_Exit 4VN3R538
2025-03-18 00:40:59,787 - INFO - Ingress_Enter GS4RI66M
2025-03-18 00:40:59,879 - INFO - Ingress_Exit GS4RI66M
2025-03-18 00:41:00,078 - INFO - Ingress_Enter BZW8F3LJ
2025-03-18 00:41:00,171 - INFO - Ingress_Exit BZW8F3LJ
2025-03-18 00:41:00,785 - INFO - Ingress_Enter 2QGOD5WU
2025-03-18 00:41:00,889 - INFO - Ingress_Exit 2QGOD5WU
2025-03-18 00:41:01,397 - INFO - Ingress_Enter K36RH7HL
2025-03-18 00:41:01,496 - INFO - Ingress_Exit K36RH7HL
2025-03-18 00:41:01,589 - INFO - Ingress_Enter QVODYKSG
2025-03-18 00:41:01,678 - INFO - Ingress_Exit QVODYKSG
2025-03-18 00:41:01,783 - INFO - Ingress_Enter 49HE3NZQ
2025-03-18 00:41:01,880 - INFO - Ingress_Exit 49HE3NZQ
2025-03-18 00:41:02,040 - INFO - Ingress_Enter P17D46TT
2025-03-18 00:41:02,154 - INFO - Ingress_Exit P17D46TT
2025-03-18 00:41:02,491 - INFO - Ingress_Enter FOP7LVS3
2025-03-18 00:41:02,589 - INFO - Ingress_Exit FOP7LVS3
2025-03-18 00:41:02,684 - INFO - Ingress_Enter DJVZHCNP
2025-03-18 00:41:02,748 - INFO - Ingress_Enter YFYEDY7E
2025-03-18 00:41:02,779 - INFO - Ingress_Exit DJVZHCNP
2025-03-18 00:41:02,847 - INFO - Ingress_Exit YFYEDY7E
2025-03-18 00:41:03,261 - INFO - Ingress_Enter CROBMM5M
2025-03-18 00:41:03,364 - INFO - Ingress_Exit CROBMM5M
2025-03-18 00:41:03,521 - INFO - Ingress_Enter VN94NIQS
2025-03-18 00:41:03,612 - INFO - Ingress_Exit VN94NIQS
2025-03-18 00:41:03,746 - INFO - Ingress_Enter YFXKB2R0
2025-03-18 00:41:03,839 - INFO - Ingress_Exit YFXKB2R0
2025-03-18 00:41:03,842 - INFO - Ingress_Enter I0IDBRGB
2025-03-18 00:41:03,934 - INFO - Ingress_Exit I0IDBRGB
2025-03-18 00:41:07,092 - INFO - Ingress_Enter JYOIB4YF
2025-03-18 00:41:07,187 - INFO - Ingress_Exit JYOIB4YF
2025-03-18 00:41:07,351 - INFO - Ingress_Enter UW59HHDW
2025-03-18 00:41:07,451 - INFO - Ingress_Exit UW59HHDW
2025-03-18 00:41:08,024 - INFO - Ingress_Enter QBPMGK4P
2025-03-18 00:41:08,088 - INFO - Ingress_Enter SQOZAHZ5
2025-03-18 00:41:08,115 - INFO - Ingress_Exit QBPMGK4P
2025-03-18 00:41:08,192 - INFO - Ingress_Exit SQOZAHZ5
2025-03-18 00:41:11,311 - INFO - Ingress_Enter M2J91FLJ
2025-03-18 00:41:11,424 - INFO - Ingress_Exit M2J91FLJ
2025-03-18 00:41:11,693 - INFO - Ingress_Enter 73Z7J0B9
2025-03-18 00:41:11,786 - INFO - Ingress_Exit 73Z7J0B9
2025-03-18 00:41:11,983 - INFO - Ingress_Enter M9DRB6ZR
2025-03-18 00:41:12,082 - INFO - Ingress_Exit M9DRB6ZR
2025-03-18 00:41:12,369 - INFO - Ingress_Enter 1VLD9XNW
2025-03-18 00:41:12,461 - INFO - Ingress_Exit 1VLD9XNW
2025-03-18 00:41:12,497 - INFO - Ingress_Enter F2LM1N2B
2025-03-18 00:41:12,582 - INFO - Ingress_Exit F2LM1N2B
2025-03-18 00:41:13,366 - INFO - Ingress_Enter AN6UWBP9
2025-03-18 00:41:13,460 - INFO - Ingress_Exit AN6UWBP9
2025-03-18 00:41:13,527 - INFO - Ingress_Enter 1TGRP6AR
2025-03-18 00:41:13,617 - INFO - Ingress_Exit 1TGRP6AR
2025-03-18 00:41:13,786 - INFO - Ingress_Enter KO2W8KFC
2025-03-18 00:41:13,889 - INFO - Ingress_Exit KO2W8KFC
2025-03-18 00:41:14,433 - INFO - Ingress_Enter ZV5QUHXW
2025-03-18 00:41:14,532 - INFO - Ingress_Exit ZV5QUHXW
2025-03-18 00:41:14,723 - INFO - Ingress_Enter GRL01MAW
2025-03-18 00:41:14,823 - INFO - Ingress_Exit GRL01MAW
2025-03-18 00:41:15,239 - INFO - Ingress_Enter YW78F2NQ
2025-03-18 00:41:15,302 - INFO - Ingress_Enter XN0VTY3A
2025-03-18 00:41:15,330 - INFO - Ingress_Exit YW78F2NQ
2025-03-18 00:41:15,398 - INFO - Ingress_Exit XN0VTY3A
2025-03-18 00:41:15,657 - INFO - Ingress_Enter U7GWUV9C
2025-03-18 00:41:15,686 - INFO - Ingress_Enter ORE95LI3
2025-03-18 00:41:15,758 - INFO - Ingress_Exit U7GWUV9C
2025-03-18 00:41:15,798 - INFO - Ingress_Exit ORE95LI3
2025-03-18 00:41:18,677 - INFO - Ingress_Enter 4UJHD993
2025-03-18 00:41:18,771 - INFO - Ingress_Exit 4UJHD993
2025-03-18 00:41:18,933 - INFO - Ingress_Enter 7XLU3LM8
2025-03-18 00:41:19,032 - INFO - Ingress_Exit 7XLU3LM8
2025-03-18 00:41:19,416 - INFO - Ingress_Enter DNGVWNMH
2025-03-18 00:41:19,513 - INFO - Ingress_Enter 6ZLYYLTQ
2025-03-18 00:41:19,523 - INFO - Ingress_Exit DNGVWNMH
2025-03-18 00:41:19,609 - INFO - Ingress_Exit 6ZLYYLTQ
2025-03-18 00:41:19,930 - INFO - Ingress_Enter 4WA0LFLV
2025-03-18 00:41:20,023 - INFO - Ingress_Exit 4WA0LFLV
2025-03-18 00:41:20,188 - INFO - Ingress_Enter 01VJ7IEY
2025-03-18 00:41:20,283 - INFO - Ingress_Exit 01VJ7IEY
2025-03-18 00:41:21,284 - INFO - Ingress_Enter 4ZSH2ZSN
2025-03-18 00:41:21,380 - INFO - Ingress_Enter C4GAGXKM
2025-03-18 00:41:21,387 - INFO - Ingress_Exit 4ZSH2ZSN
2025-03-18 00:41:21,479 - INFO - Ingress_Exit C4GAGXKM
2025-03-18 00:41:22,186 - INFO - Ingress_Enter NW94AB8O
2025-03-18 00:41:22,285 - INFO - Ingress_Exit NW94AB8O
2025-03-18 00:41:22,347 - INFO - Ingress_Enter TYPDOUR4
2025-03-18 00:41:22,447 - INFO - Ingress_Exit TYPDOUR4
2025-03-18 00:41:22,476 - INFO - Ingress_Enter XRI29XNP
2025-03-18 00:41:22,541 - INFO - Ingress_Enter BPKZ63XB
2025-03-18 00:41:22,570 - INFO - Ingress_Exit XRI29XNP
2025-03-18 00:41:22,642 - INFO - Ingress_Exit BPKZ63XB
2025-03-18 00:41:22,994 - INFO - Ingress_Enter IQPF9CPY
2025-03-18 00:41:23,094 - INFO - Ingress_Exit IQPF9CPY
2025-03-18 00:41:23,347 - INFO - Ingress_Enter YAFZVNYT
2025-03-18 00:41:23,442 - INFO - Ingress_Exit YAFZVNYT
2025-03-18 00:41:23,764 - INFO - Ingress_Enter 9GIZN2MG
2025-03-18 00:41:23,862 - INFO - Ingress_Exit 9GIZN2MG
2025-03-18 00:41:24,087 - INFO - Ingress_Enter YTLKUJ29
2025-03-18 00:41:24,180 - INFO - Ingress_Exit YTLKUJ29
2025-03-18 00:41:24,214 - INFO - Ingress_Enter VKE8OX7H
2025-03-18 00:41:24,314 - INFO - Ingress_Exit VKE8OX7H
2025-03-18 00:41:24,698 - INFO - Ingress_Enter O4QU3JJA
2025-03-18 00:41:24,796 - INFO - Ingress_Exit O4QU3JJA
2025-03-18 00:41:24,987 - INFO - Ingress_Enter D6I5JGTG
2025-03-18 00:41:25,116 - INFO - Ingress_Exit D6I5JGTG
2025-03-18 00:41:25,310 - INFO - Ingress_Enter XRAXCIQC
2025-03-18 00:41:25,406 - INFO - Ingress_Exit XRAXCIQC
2025-03-18 00:41:25,534 - INFO - Ingress_Enter EPCZSX2W
2025-03-18 00:41:25,599 - INFO - Ingress_Enter JJ2ZTFRN
2025-03-18 00:41:25,636 - INFO - Ingress_Exit EPCZSX2W
2025-03-18 00:41:25,704 - INFO - Ingress_Exit JJ2ZTFRN
2025-03-18 00:41:26,566 - INFO - Ingress_Enter EX14RN7C
2025-03-18 00:41:26,631 - INFO - Ingress_Enter LJYAATV3
2025-03-18 00:41:26,665 - INFO - Ingress_Exit EX14RN7C
2025-03-18 00:41:26,695 - INFO - Ingress_Enter 0YVO9BD5
2025-03-18 00:41:26,739 - INFO - Ingress_Exit LJYAATV3
2025-03-18 00:41:26,812 - INFO - Ingress_Exit 0YVO9BD5
2025-03-18 00:41:27,855 - INFO - Ingress_Enter HF6OMINN
2025-03-18 00:41:27,958 - INFO - Ingress_Exit HF6OMINN
