2025-03-31 23:44:13,631 - INFO - Ingress_Enter JGYTWK5Z
2025-03-31 23:44:13,664 - INFO - Ingress_Enter VHYRLSPJ
2025-03-31 23:44:14,152 - INFO - Ingress_Enter FKDPEUM6
2025-03-31 23:44:14,242 - INFO - Ingress_Enter CPKKQN0F
2025-03-31 23:44:14,407 - INFO - Ingress_Enter 8UTU0PSZ
2025-03-31 23:44:14,415 - INFO - Ingress_Exit JGYTWK5Z
2025-03-31 23:44:14,674 - INFO - Ingress_Exit VHYRLSPJ
2025-03-31 23:44:14,728 - INFO - Ingress_Enter AEQDVSLO
2025-03-31 23:44:14,861 - INFO - Ingress_Enter Q0CDIKS0
2025-03-31 23:44:14,903 - INFO - Ingress_Exit 8UTU0PSZ
2025-03-31 23:44:14,940 - INFO - Ingress_Exit CPKKQN0F
2025-03-31 23:44:15,027 - INFO - Ingress_Exit FKDPEUM6
2025-03-31 23:44:15,132 - INFO - Ingress_Exit Q0CDIKS0
2025-03-31 23:44:15,145 - INFO - Ingress_Enter LTUY9JBG
2025-03-31 23:44:15,273 - INFO - Ingress_Exit AEQDVSLO
2025-03-31 23:44:15,301 - INFO - Ingress_Enter 7MTUG153
2025-03-31 23:44:15,302 - INFO - Ingress_Exit LTUY9JBG
2025-03-31 23:44:15,594 - INFO - Ingress_Exit 7MTUG153
2025-03-31 23:44:15,618 - INFO - Ingress_Enter C1HLAHCF
2025-03-31 23:44:15,633 - INFO - Ingress_Enter QGASROMS
2025-03-31 23:44:15,739 - INFO - Ingress_Enter 0ZZ6HJIX
2025-03-31 23:44:15,798 - INFO - Ingress_Exit C1HLAHCF
2025-03-31 23:44:15,873 - INFO - Ingress_Enter 6ZSDOCWQ
2025-03-31 23:44:15,878 - INFO - Ingress_Exit QGASROMS
2025-03-31 23:44:15,930 - INFO - Ingress_Exit 0ZZ6HJIX
2025-03-31 23:44:16,015 - INFO - Ingress_Exit 6ZSDOCWQ
2025-03-31 23:44:16,277 - INFO - Ingress_Enter GC8UJ5NJ
2025-03-31 23:44:16,411 - INFO - Ingress_Enter 16UCUJ4T
2025-03-31 23:44:16,442 - INFO - Ingress_Enter BHUMN302
2025-03-31 23:44:16,493 - INFO - Ingress_Exit GC8UJ5NJ
2025-03-31 23:44:16,580 - INFO - Ingress_Exit 16UCUJ4T
2025-03-31 23:44:16,658 - INFO - Ingress_Exit BHUMN302
2025-03-31 23:44:16,697 - INFO - Ingress_Enter 9VF3Y1CJ
2025-03-31 23:44:16,805 - INFO - Ingress_Exit 9VF3Y1CJ
2025-03-31 23:44:17,237 - INFO - Ingress_Enter K4UGJRSV
2025-03-31 23:44:17,387 - INFO - Ingress_Enter TGERN5BS
2025-03-31 23:44:17,421 - INFO - Ingress_Exit K4UGJRSV
2025-03-31 23:44:17,476 - INFO - Ingress_Enter 4DYMCN6M
2025-03-31 23:44:17,692 - INFO - Ingress_Exit 4DYMCN6M
2025-03-31 23:44:17,701 - INFO - Ingress_Enter 8GDVKQCA
2025-03-31 23:44:17,792 - INFO - Ingress_Enter 8K2W8PM5
2025-03-31 23:44:17,868 - INFO - Ingress_Exit TGERN5BS
2025-03-31 23:44:18,113 - INFO - Ingress_Exit 8GDVKQCA
2025-03-31 23:44:18,177 - INFO - Ingress_Exit 8K2W8PM5
2025-03-31 23:44:18,395 - INFO - Ingress_Enter CMAV4H12
2025-03-31 23:44:18,439 - INFO - Ingress_Enter 97ZTVAUD
2025-03-31 23:44:18,550 - INFO - Ingress_Exit CMAV4H12
2025-03-31 23:44:18,618 - INFO - Ingress_Exit 97ZTVAUD
2025-03-31 23:44:19,250 - INFO - Ingress_Enter 0Q505KRG
2025-03-31 23:44:19,395 - INFO - Ingress_Exit 0Q505KRG
2025-03-31 23:44:19,446 - INFO - Ingress_Enter S6O2E60Q
2025-03-31 23:44:19,461 - INFO - Ingress_Enter 5VSDWH58
2025-03-31 23:44:19,491 - INFO - Ingress_Enter 6P67GMHB
2025-03-31 23:44:19,723 - INFO - Ingress_Exit S6O2E60Q
2025-03-31 23:44:19,724 - INFO - Ingress_Exit 5VSDWH58
2025-03-31 23:44:19,727 - INFO - Ingress_Exit 6P67GMHB
2025-03-31 23:44:20,074 - INFO - Ingress_Enter AE8UTYF9
2025-03-31 23:44:20,209 - INFO - Ingress_Exit AE8UTYF9
2025-03-31 23:44:20,405 - INFO - Ingress_Enter L90V7A6S
2025-03-31 23:44:20,521 - INFO - Ingress_Exit L90V7A6S
2025-03-31 23:44:20,585 - INFO - Ingress_Enter ELYHE8EM
2025-03-31 23:44:20,690 - INFO - Ingress_Enter LV7DEY2T
2025-03-31 23:44:20,787 - INFO - Ingress_Exit ELYHE8EM
2025-03-31 23:44:20,816 - INFO - Ingress_Exit LV7DEY2T
2025-03-31 23:44:21,202 - INFO - Ingress_Enter IVLITIE2
2025-03-31 23:44:21,314 - INFO - Ingress_Exit IVLITIE2
2025-03-31 23:44:21,606 - INFO - Ingress_Enter H1RXUCQR
2025-03-31 23:44:21,635 - INFO - Ingress_Enter GLBHH38R
2025-03-31 23:44:21,694 - INFO - Ingress_Enter 5V8QNKSS
2025-03-31 23:44:21,787 - INFO - Ingress_Exit H1RXUCQR
2025-03-31 23:44:21,801 - INFO - Ingress_Exit GLBHH38R
2025-03-31 23:44:21,849 - INFO - Ingress_Exit 5V8QNKSS
2025-03-31 23:44:22,271 - INFO - Ingress_Enter OU5I1PA8
2025-03-31 23:44:22,300 - INFO - Ingress_Enter TUA479H6
2025-03-31 23:44:22,420 - INFO - Ingress_Exit OU5I1PA8
2025-03-31 23:44:22,480 - INFO - Ingress_Exit TUA479H6
2025-03-31 23:44:22,540 - INFO - Ingress_Enter RQSJYTHO
2025-03-31 23:44:22,555 - INFO - Ingress_Enter MEEGWPYD
2025-03-31 23:44:22,653 - INFO - Ingress_Exit MEEGWPYD
2025-03-31 23:44:22,691 - INFO - Ingress_Enter CY05I8PF
2025-03-31 23:44:22,707 - INFO - Ingress_Exit RQSJYTHO
2025-03-31 23:44:22,767 - INFO - Ingress_Enter ERLR07J6
2025-03-31 23:44:22,827 - INFO - Ingress_Enter 8FW4GM9D
2025-03-31 23:44:22,834 - INFO - Ingress_Exit CY05I8PF
2025-03-31 23:44:22,917 - INFO - Ingress_Enter EWMND9SD
2025-03-31 23:44:22,919 - INFO - Ingress_Exit ERLR07J6
2025-03-31 23:44:22,945 - INFO - Ingress_Exit 8FW4GM9D
2025-03-31 23:44:22,947 - INFO - Ingress_Enter E7HMEE3W
2025-03-31 23:44:23,037 - INFO - Ingress_Enter I4FEAV3W
2025-03-31 23:44:23,095 - INFO - Ingress_Exit E7HMEE3W
2025-03-31 23:44:23,152 - INFO - Ingress_Exit EWMND9SD
2025-03-31 23:44:23,187 - INFO - Ingress_Enter XYV45LVE
2025-03-31 23:44:23,242 - INFO - Ingress_Exit I4FEAV3W
2025-03-31 23:44:23,281 - INFO - Ingress_Exit XYV45LVE
2025-03-31 23:44:23,359 - INFO - Ingress_Enter TLAGVE0I
2025-03-31 23:44:23,516 - INFO - Ingress_Exit TLAGVE0I
2025-03-31 23:44:23,549 - INFO - Ingress_Enter L5BODZ38
2025-03-31 23:44:23,593 - INFO - Ingress_Enter YGMWB4Q4
2025-03-31 23:44:23,653 - INFO - Ingress_Enter WJSREFNR
2025-03-31 23:44:23,728 - INFO - Ingress_Exit YGMWB4Q4
2025-03-31 23:44:23,763 - INFO - Ingress_Exit L5BODZ38
2025-03-31 23:44:23,785 - INFO - Ingress_Exit WJSREFNR
2025-03-31 23:44:23,789 - INFO - Ingress_Enter H0VL0H6E
2025-03-31 23:44:23,931 - INFO - Ingress_Exit H0VL0H6E
2025-03-31 23:44:24,478 - INFO - Ingress_Enter 9NJYSKVB
2025-03-31 23:44:24,582 - INFO - Ingress_Enter BFG3ORWO
2025-03-31 23:44:24,638 - INFO - Ingress_Exit 9NJYSKVB
2025-03-31 23:44:24,801 - INFO - Ingress_Exit BFG3ORWO
2025-03-31 23:44:25,098 - INFO - Ingress_Enter RW540VTB
2025-03-31 23:44:25,220 - INFO - Ingress_Exit RW540VTB
2025-03-31 23:44:25,532 - INFO - Ingress_Enter KDY5PRTV
2025-03-31 23:44:25,576 - INFO - Ingress_Enter E3RLV9CO
2025-03-31 23:44:25,655 - INFO - Ingress_Exit KDY5PRTV
2025-03-31 23:44:25,833 - INFO - Ingress_Enter BTEEY2UA
2025-03-31 23:44:25,842 - INFO - Ingress_Exit E3RLV9CO
2025-03-31 23:44:25,894 - INFO - Ingress_Enter BL5WRMAB
2025-03-31 23:44:25,963 - INFO - Ingress_Exit BTEEY2UA
2025-03-31 23:44:25,982 - INFO - Ingress_Enter 50KY3HPB
2025-03-31 23:44:26,077 - INFO - Ingress_Exit BL5WRMAB
2025-03-31 23:44:26,143 - INFO - Ingress_Exit 50KY3HPB
2025-03-31 23:44:26,343 - INFO - Ingress_Enter HB8S63UN
2025-03-31 23:44:26,464 - INFO - Ingress_Exit HB8S63UN
2025-03-31 23:44:26,657 - INFO - Ingress_Enter 3KPTOWXR
2025-03-31 23:44:26,686 - INFO - Ingress_Enter K4EQEB89
2025-03-31 23:44:26,701 - INFO - Ingress_Enter QDUC2HZK
2025-03-31 23:44:26,779 - INFO - Ingress_Exit K4EQEB89
2025-03-31 23:44:26,846 - INFO - Ingress_Exit 3KPTOWXR
2025-03-31 23:44:26,888 - INFO - Ingress_Exit QDUC2HZK
2025-03-31 23:44:28,785 - INFO - Ingress_Enter KNHPGRZS
2025-03-31 23:44:28,974 - INFO - Ingress_Exit KNHPGRZS
2025-03-31 23:44:29,055 - INFO - Ingress_Enter Q555TV7D
2025-03-31 23:44:29,116 - INFO - Ingress_Enter DNS0L8D5
2025-03-31 23:44:29,222 - INFO - Ingress_Exit DNS0L8D5
2025-03-31 23:44:29,236 - INFO - Ingress_Exit Q555TV7D
2025-03-31 23:44:29,461 - INFO - Ingress_Enter 6Q5ZB0AV
2025-03-31 23:44:29,552 - INFO - Ingress_Enter GN2IW3O8
2025-03-31 23:44:29,559 - INFO - Ingress_Exit 6Q5ZB0AV
2025-03-31 23:44:29,671 - INFO - Ingress_Enter Z4T7I4LI
2025-03-31 23:44:29,711 - INFO - Ingress_Exit GN2IW3O8
2025-03-31 23:44:29,884 - INFO - Ingress_Exit Z4T7I4LI
2025-03-31 23:44:30,016 - INFO - Ingress_Enter S9OVBCVR
2025-03-31 23:44:30,194 - INFO - Ingress_Exit S9OVBCVR
2025-03-31 23:44:30,397 - INFO - Ingress_Enter 7NZ90RBB
2025-03-31 23:44:30,442 - INFO - Ingress_Enter D641YGOR
2025-03-31 23:44:30,532 - INFO - Ingress_Enter 62VAZDD7
2025-03-31 23:44:30,538 - INFO - Ingress_Exit D641YGOR
2025-03-31 23:44:30,559 - INFO - Ingress_Exit 7NZ90RBB
2025-03-31 23:44:30,752 - INFO - Ingress_Exit 62VAZDD7
2025-03-31 23:44:31,745 - INFO - Ingress_Enter ZFTX1V9U
2025-03-31 23:44:31,851 - INFO - Ingress_Exit ZFTX1V9U
2025-03-31 23:44:32,014 - INFO - Ingress_Enter 25PSMSVW
2025-03-31 23:44:32,044 - INFO - Ingress_Enter RIRPFKBK
2025-03-31 23:44:32,122 - INFO - Ingress_Exit 25PSMSVW
2025-03-31 23:44:32,184 - INFO - Ingress_Exit RIRPFKBK
2025-03-31 23:44:32,253 - INFO - Ingress_Enter 6KNPGPKF
2025-03-31 23:44:32,358 - INFO - Ingress_Enter IGU47I2R
2025-03-31 23:44:32,389 - INFO - Ingress_Exit 6KNPGPKF
2025-03-31 23:44:32,520 - INFO - Ingress_Exit IGU47I2R
2025-03-31 23:44:32,685 - INFO - Ingress_Enter 57RR1NQ4
2025-03-31 23:44:32,775 - INFO - Ingress_Enter 8E6MKCR6
2025-03-31 23:44:32,800 - INFO - Ingress_Exit 57RR1NQ4
2025-03-31 23:44:32,973 - INFO - Ingress_Exit 8E6MKCR6
2025-03-31 23:44:33,553 - INFO - Ingress_Enter G6RK4PAW
2025-03-31 23:44:33,673 - INFO - Ingress_Exit G6RK4PAW
2025-03-31 23:44:33,717 - INFO - Ingress_Enter 14JDATGQ
2025-03-31 23:44:33,826 - INFO - Ingress_Exit 14JDATGQ
2025-03-31 23:44:33,986 - INFO - Ingress_Enter EU147VCS
2025-03-31 23:44:34,085 - INFO - Ingress_Exit EU147VCS
2025-03-31 23:44:34,121 - INFO - Ingress_Enter XEP8Y0MB
2025-03-31 23:44:34,298 - INFO - Ingress_Enter 1R5J09TL
2025-03-31 23:44:34,299 - INFO - Ingress_Exit XEP8Y0MB
2025-03-31 23:44:34,405 - INFO - Ingress_Enter V7HSJT5G
2025-03-31 23:44:34,458 - INFO - Ingress_Exit 1R5J09TL
2025-03-31 23:44:34,529 - INFO - Ingress_Exit V7HSJT5G
2025-03-31 23:44:34,768 - INFO - Ingress_Enter 9SQOLX3L
2025-03-31 23:44:34,857 - INFO - Ingress_Enter YHBH96ZC
2025-03-31 23:44:34,888 - INFO - Ingress_Exit 9SQOLX3L
2025-03-31 23:44:34,953 - INFO - Ingress_Exit YHBH96ZC
2025-03-31 23:44:35,518 - INFO - Ingress_Enter MQRE50H8
2025-03-31 23:44:35,532 - INFO - Ingress_Enter AMDA1TG6
2025-03-31 23:44:35,645 - INFO - Ingress_Exit MQRE50H8
2025-03-31 23:44:35,667 - INFO - Ingress_Enter UU6UW3IV
2025-03-31 23:44:35,703 - INFO - Ingress_Exit AMDA1TG6
2025-03-31 23:44:35,727 - INFO - Ingress_Enter V1R7QZ5A
2025-03-31 23:44:35,815 - INFO - Ingress_Exit UU6UW3IV
2025-03-31 23:44:35,817 - INFO - Ingress_Enter GQCQB47S
2025-03-31 23:44:35,871 - INFO - Ingress_Exit V1R7QZ5A
2025-03-31 23:44:36,000 - INFO - Ingress_Exit GQCQB47S
2025-03-31 23:44:36,746 - INFO - Ingress_Enter R870RY4O
2025-03-31 23:44:36,775 - INFO - Ingress_Enter S3OKPXC3
2025-03-31 23:44:36,849 - INFO - Ingress_Enter SU38T7G8
2025-03-31 23:44:36,877 - INFO - Ingress_Exit R870RY4O
2025-03-31 23:44:36,882 - INFO - Ingress_Exit S3OKPXC3
2025-03-31 23:44:36,955 - INFO - Ingress_Enter GSEVOINN
2025-03-31 23:44:37,029 - INFO - Ingress_Exit SU38T7G8
2025-03-31 23:44:37,111 - INFO - Ingress_Exit GSEVOINN
2025-03-31 23:44:37,547 - INFO - Ingress_Enter 666STT2R
2025-03-31 23:44:37,784 - INFO - Ingress_Exit 666STT2R
2025-03-31 23:44:37,921 - INFO - Ingress_Enter N0RTLRSL
2025-03-31 23:44:38,044 - INFO - Ingress_Exit N0RTLRSL
2025-03-31 23:44:38,115 - INFO - Ingress_Enter LGJ1EQCU
2025-03-31 23:44:38,175 - INFO - Ingress_Enter 8SXQ3NR6
2025-03-31 23:44:38,190 - INFO - Ingress_Enter 9O3YYS5L
2025-03-31 23:44:38,330 - INFO - Ingress_Exit 9O3YYS5L
2025-03-31 23:44:38,351 - INFO - Ingress_Exit 8SXQ3NR6
2025-03-31 23:44:38,387 - INFO - Ingress_Enter D0Y6Z9O4
2025-03-31 23:44:38,411 - INFO - Ingress_Exit LGJ1EQCU
2025-03-31 23:44:38,653 - INFO - Ingress_Exit D0Y6Z9O4
2025-03-31 23:44:38,898 - INFO - Ingress_Enter 00LQRTF3
2025-03-31 23:44:39,016 - INFO - Ingress_Enter GDF21M2S
2025-03-31 23:44:39,065 - INFO - Ingress_Exit 00LQRTF3
2025-03-31 23:44:39,180 - INFO - Ingress_Exit GDF21M2S
2025-03-31 23:44:39,333 - INFO - Ingress_Enter SFQSJIAQ
2025-03-31 23:44:39,483 - INFO - Ingress_Exit SFQSJIAQ
2025-03-31 23:44:39,897 - INFO - Ingress_Enter OYG5Z2SO
2025-03-31 23:44:39,941 - INFO - Ingress_Enter 3Z4HLWTZ
2025-03-31 23:44:40,081 - INFO - Ingress_Exit OYG5Z2SO
2025-03-31 23:44:40,139 - INFO - Ingress_Exit 3Z4HLWTZ
2025-03-31 23:44:40,150 - INFO - Ingress_Enter 716W33E7
2025-03-31 23:44:40,260 - INFO - Ingress_Exit 716W33E7
2025-03-31 23:44:40,285 - INFO - Ingress_Enter ODGLC5IK
2025-03-31 23:44:40,346 - INFO - Ingress_Enter ZFKAKP0W
2025-03-31 23:44:40,360 - INFO - Ingress_Enter M3Z4MWVN
2025-03-31 23:44:40,417 - INFO - Ingress_Exit ODGLC5IK
2025-03-31 23:44:40,539 - INFO - Ingress_Exit M3Z4MWVN
2025-03-31 23:44:40,601 - INFO - Ingress_Exit ZFKAKP0W
2025-03-31 23:44:40,675 - INFO - Ingress_Enter IFH2J3Q3
2025-03-31 23:44:40,704 - INFO - Ingress_Enter PJQY1I57
2025-03-31 23:44:40,780 - INFO - Ingress_Exit IFH2J3Q3
2025-03-31 23:44:40,828 - INFO - Ingress_Exit PJQY1I57
2025-03-31 23:44:41,617 - INFO - Ingress_Enter 2RGSO9LX
2025-03-31 23:44:41,690 - INFO - Ingress_Enter J2Q0M8QN
2025-03-31 23:44:41,812 - INFO - Ingress_Exit 2RGSO9LX
2025-03-31 23:44:41,895 - INFO - Ingress_Exit J2Q0M8QN
2025-03-31 23:44:41,943 - INFO - Ingress_Enter 3WSG5YEM
2025-03-31 23:44:42,099 - INFO - Ingress_Exit 3WSG5YEM
2025-03-31 23:44:42,212 - INFO - Ingress_Enter QF3GOCWA
2025-03-31 23:44:42,226 - INFO - Ingress_Enter CMZH9ODR
2025-03-31 23:44:42,301 - INFO - Ingress_Enter 3UWWIQYB
2025-03-31 23:44:42,323 - INFO - Ingress_Exit CMZH9ODR
2025-03-31 23:44:42,356 - INFO - Ingress_Exit QF3GOCWA
2025-03-31 23:44:42,406 - INFO - Ingress_Exit 3UWWIQYB
2025-03-31 23:44:42,421 - INFO - Ingress_Enter Z0BI2OVH
2025-03-31 23:44:42,496 - INFO - Ingress_Enter P9Y3K8DS
2025-03-31 23:44:42,571 - INFO - Ingress_Enter XZ05IPLC
2025-03-31 23:44:42,588 - INFO - Ingress_Exit Z0BI2OVH
2025-03-31 23:44:42,616 - INFO - Ingress_Enter MP1BD2JY
2025-03-31 23:44:42,661 - INFO - Ingress_Enter PBRMWYZL
2025-03-31 23:44:42,677 - INFO - Ingress_Exit XZ05IPLC
2025-03-31 23:44:42,742 - INFO - Ingress_Exit MP1BD2JY
2025-03-31 23:44:42,753 - INFO - Ingress_Exit P9Y3K8DS
2025-03-31 23:44:42,772 - INFO - Ingress_Exit PBRMWYZL
2025-03-31 23:44:44,045 - INFO - Ingress_Enter 6YLGNY4D
2025-03-31 23:44:44,059 - INFO - Ingress_Enter CHMH3JQL
2025-03-31 23:44:44,197 - INFO - Ingress_Enter C5HB1YP9
2025-03-31 23:44:44,203 - INFO - Ingress_Exit 6YLGNY4D
2025-03-31 23:44:44,211 - INFO - Ingress_Enter GS87879Q
2025-03-31 23:44:44,231 - INFO - Ingress_Exit CHMH3JQL
2025-03-31 23:44:44,411 - INFO - Ingress_Exit C5HB1YP9
2025-03-31 23:44:44,413 - INFO - Ingress_Exit GS87879Q
2025-03-31 23:44:44,572 - INFO - Ingress_Enter 16E7R907
2025-03-31 23:44:44,617 - INFO - Ingress_Enter 2VFFCGCF
2025-03-31 23:44:44,727 - INFO - Ingress_Exit 16E7R907
2025-03-31 23:44:44,761 - INFO - Ingress_Exit 2VFFCGCF
2025-03-31 23:44:44,933 - INFO - Ingress_Enter 1MEU5IQH
2025-03-31 23:44:45,110 - INFO - Ingress_Exit 1MEU5IQH
2025-03-31 23:44:45,112 - INFO - Ingress_Enter 9KMMWU75
2025-03-31 23:44:45,157 - INFO - Ingress_Enter 7PBY0B50
2025-03-31 23:44:45,231 - INFO - Ingress_Enter 8XLLI9NP
2025-03-31 23:44:45,252 - INFO - Ingress_Exit 9KMMWU75
2025-03-31 23:44:45,281 - INFO - Ingress_Exit 7PBY0B50
2025-03-31 23:44:45,319 - INFO - Ingress_Enter RFRNI1OU
2025-03-31 23:44:45,402 - INFO - Ingress_Exit 8XLLI9NP
2025-03-31 23:44:45,468 - INFO - Ingress_Exit RFRNI1OU
2025-03-31 23:44:45,692 - INFO - Ingress_Enter 5EXM2PQ5
2025-03-31 23:44:45,826 - INFO - Ingress_Exit 5EXM2PQ5
2025-03-31 23:44:45,857 - INFO - Ingress_Enter LOGSUSSZ
2025-03-31 23:44:45,962 - INFO - Ingress_Exit LOGSUSSZ
2025-03-31 23:44:46,304 - INFO - Ingress_Enter MYJ5ALYA
2025-03-31 23:44:46,466 - INFO - Ingress_Exit MYJ5ALYA
2025-03-31 23:44:46,619 - INFO - Ingress_Enter 1854E81S
2025-03-31 23:44:46,649 - INFO - Ingress_Enter IMG13X40
2025-03-31 23:44:46,695 - INFO - Ingress_Enter K4WWZODH
2025-03-31 23:44:46,794 - INFO - Ingress_Exit 1854E81S
2025-03-31 23:44:46,852 - INFO - Ingress_Exit IMG13X40
2025-03-31 23:44:46,918 - INFO - Ingress_Exit K4WWZODH
2025-03-31 23:44:46,949 - INFO - Ingress_Enter QE2F4NIR
2025-03-31 23:44:46,964 - INFO - Ingress_Enter RYEZ4LVK
2025-03-31 23:44:47,010 - INFO - Ingress_Enter LG825CX0
2025-03-31 23:44:47,075 - INFO - Ingress_Exit RYEZ4LVK
2025-03-31 23:44:47,118 - INFO - Ingress_Exit LG825CX0
2025-03-31 23:44:47,158 - INFO - Ingress_Exit QE2F4NIR
2025-03-31 23:44:47,264 - INFO - Ingress_Enter SIH0LQSU
2025-03-31 23:44:47,279 - INFO - Ingress_Enter TAE2YSE9
2025-03-31 23:44:47,338 - INFO - Ingress_Enter K4KHJV7E
2025-03-31 23:44:47,443 - INFO - Ingress_Enter 1Y599NYO
2025-03-31 23:44:47,451 - INFO - Ingress_Exit SIH0LQSU
2025-03-31 23:44:47,502 - INFO - Ingress_Enter 0JBT3V6Y
2025-03-31 23:44:47,545 - INFO - Ingress_Exit TAE2YSE9
2025-03-31 23:44:47,546 - INFO - Ingress_Exit K4KHJV7E
2025-03-31 23:44:47,568 - INFO - Ingress_Exit 1Y599NYO
2025-03-31 23:44:47,686 - INFO - Ingress_Exit 0JBT3V6Y
2025-03-31 23:44:57,737 - INFO - Ingress_Enter F1H94XCY
2025-03-31 23:44:57,857 - INFO - Ingress_Enter BQMQ59LD
2025-03-31 23:44:57,865 - INFO - Ingress_Exit F1H94XCY
2025-03-31 23:44:57,989 - INFO - Ingress_Exit BQMQ59LD
2025-03-31 23:44:58,142 - INFO - Ingress_Enter VQP2J3HE
2025-03-31 23:44:58,217 - INFO - Ingress_Enter NKQEDCRS
2025-03-31 23:44:58,231 - INFO - Ingress_Enter URB1J36A
2025-03-31 23:44:58,261 - INFO - Ingress_Exit VQP2J3HE
2025-03-31 23:44:58,309 - INFO - Ingress_Exit NKQEDCRS
2025-03-31 23:44:58,342 - INFO - Ingress_Exit URB1J36A
2025-03-31 23:44:58,411 - INFO - Ingress_Enter 6S9FQYF0
2025-03-31 23:44:58,542 - INFO - Ingress_Exit 6S9FQYF0
2025-03-31 23:44:58,561 - INFO - Ingress_Enter JZKCY920
2025-03-31 23:44:58,717 - INFO - Ingress_Exit JZKCY920
2025-03-31 23:44:58,742 - INFO - Ingress_Enter 1P6HXRBH
2025-03-31 23:44:58,847 - INFO - Ingress_Enter 7PCDXWYP
2025-03-31 23:44:58,862 - INFO - Ingress_Exit 1P6HXRBH
2025-03-31 23:44:58,967 - INFO - Ingress_Enter 3HGZKP6K
2025-03-31 23:44:59,012 - INFO - Ingress_Exit 7PCDXWYP
2025-03-31 23:44:59,162 - INFO - Ingress_Exit 3HGZKP6K
2025-03-31 23:44:59,477 - INFO - Ingress_Enter L3FAL9RV
2025-03-31 23:44:59,553 - INFO - Ingress_Enter VSIN0C5G
2025-03-31 23:44:59,712 - INFO - Ingress_Exit L3FAL9RV
2025-03-31 23:44:59,732 - INFO - Ingress_Exit VSIN0C5G
2025-03-31 23:44:59,824 - INFO - Ingress_Enter BN46OI5N
2025-03-31 23:44:59,839 - INFO - Ingress_Enter WTWP4EVY
2025-03-31 23:44:59,853 - INFO - Ingress_Enter 4OIHLA2C
2025-03-31 23:44:59,883 - INFO - Ingress_Enter RIO6QTBH
2025-03-31 23:44:59,998 - INFO - Ingress_Exit 4OIHLA2C
2025-03-31 23:45:00,007 - INFO - Ingress_Exit WTWP4EVY
2025-03-31 23:45:00,007 - INFO - Ingress_Exit BN46OI5N
2025-03-31 23:45:00,063 - INFO - Ingress_Exit RIO6QTBH
2025-03-31 23:45:00,515 - INFO - Ingress_Enter 0G4FPP3X
2025-03-31 23:45:00,573 - INFO - Ingress_Enter QVKFMB5I
2025-03-31 23:45:00,666 - INFO - Ingress_Exit 0G4FPP3X
2025-03-31 23:45:00,809 - INFO - Ingress_Exit QVKFMB5I
2025-03-31 23:45:00,918 - INFO - Ingress_Enter GEKXRZBQ
2025-03-31 23:45:01,022 - INFO - Ingress_Enter DSORWJ0V
2025-03-31 23:45:01,132 - INFO - Ingress_Exit GEKXRZBQ
2025-03-31 23:45:01,172 - INFO - Ingress_Exit DSORWJ0V
2025-03-31 23:45:01,201 - INFO - Ingress_Enter 5B9GCDDC
2025-03-31 23:45:01,341 - INFO - Ingress_Exit 5B9GCDDC
2025-03-31 23:45:01,594 - INFO - Ingress_Enter NU999Y3D
2025-03-31 23:45:01,707 - INFO - Ingress_Exit NU999Y3D
2025-03-31 23:45:01,922 - INFO - Ingress_Enter VCPCZL6N
2025-03-31 23:45:02,121 - INFO - Ingress_Exit VCPCZL6N
2025-03-31 23:45:02,177 - INFO - Ingress_Enter WC6SX6M4
2025-03-31 23:45:02,354 - INFO - Ingress_Exit WC6SX6M4
2025-03-31 23:45:02,418 - INFO - Ingress_Enter 57TLP0G5
2025-03-31 23:45:02,588 - INFO - Ingress_Exit 57TLP0G5
2025-03-31 23:45:03,034 - INFO - Ingress_Enter 2R32YVSM
2025-03-31 23:45:03,169 - INFO - Ingress_Enter LMEM1GIG
2025-03-31 23:45:03,237 - INFO - Ingress_Exit 2R32YVSM
2025-03-31 23:45:03,244 - INFO - Ingress_Enter J0OU64ES
2025-03-31 23:45:03,274 - INFO - Ingress_Enter SF9ZZJB8
2025-03-31 23:45:03,376 - INFO - Ingress_Exit LMEM1GIG
2025-03-31 23:45:03,442 - INFO - Ingress_Exit J0OU64ES
2025-03-31 23:45:03,445 - INFO - Ingress_Enter IY75JOK5
2025-03-31 23:45:03,455 - INFO - Ingress_Enter XDPHL25Y
2025-03-31 23:45:03,512 - INFO - Ingress_Exit SF9ZZJB8
2025-03-31 23:45:03,592 - INFO - Ingress_Exit XDPHL25Y
2025-03-31 23:45:03,603 - INFO - Ingress_Enter PKK7XNZW
2025-03-31 23:45:03,615 - INFO - Ingress_Exit IY75JOK5
2025-03-31 23:45:03,618 - INFO - Ingress_Enter WT4TAFYK
2025-03-31 23:45:03,708 - INFO - Ingress_Enter JMKS0DPA
2025-03-31 23:45:03,735 - INFO - Ingress_Exit PKK7XNZW
2025-03-31 23:45:03,747 - INFO - Ingress_Exit WT4TAFYK
2025-03-31 23:45:03,768 - INFO - Ingress_Enter 5MAYIDZ5
2025-03-31 23:45:03,849 - INFO - Ingress_Exit JMKS0DPA
2025-03-31 23:45:03,967 - INFO - Ingress_Exit 5MAYIDZ5
2025-03-31 23:45:04,008 - INFO - Ingress_Enter ZRS7QHQY
2025-03-31 23:45:04,023 - INFO - Ingress_Enter SXLJ30J2
2025-03-31 23:45:04,037 - INFO - Ingress_Enter 44XB5E32
2025-03-31 23:45:04,188 - INFO - Ingress_Exit SXLJ30J2
2025-03-31 23:45:04,262 - INFO - Ingress_Enter LV6XJVXR
2025-03-31 23:45:04,268 - INFO - Ingress_Exit ZRS7QHQY
2025-03-31 23:45:04,269 - INFO - Ingress_Exit 44XB5E32
2025-03-31 23:45:04,306 - INFO - Ingress_Enter APRY9YYR
2025-03-31 23:45:04,392 - INFO - Ingress_Exit LV6XJVXR
2025-03-31 23:45:04,448 - INFO - Ingress_Exit APRY9YYR
2025-03-31 23:45:04,471 - INFO - Ingress_Enter 1F9XXATJ
2025-03-31 23:45:04,590 - INFO - Ingress_Enter RUQZXGGK
2025-03-31 23:45:04,606 - INFO - Ingress_Exit 1F9XXATJ
2025-03-31 23:45:04,666 - INFO - Ingress_Enter 4FMTAYU4
2025-03-31 23:45:04,756 - INFO - Ingress_Enter KAE5L9R8
2025-03-31 23:45:04,767 - INFO - Ingress_Exit RUQZXGGK
2025-03-31 23:45:04,849 - INFO - Ingress_Exit 4FMTAYU4
2025-03-31 23:45:04,879 - INFO - Ingress_Exit KAE5L9R8
2025-03-31 23:45:04,965 - INFO - Ingress_Enter JFNPL894
2025-03-31 23:45:05,165 - INFO - Ingress_Exit JFNPL894
2025-03-31 23:45:05,299 - INFO - Ingress_Enter YBEDZR9Z
2025-03-31 23:45:05,441 - INFO - Ingress_Exit YBEDZR9Z
2025-03-31 23:45:05,510 - INFO - Ingress_Enter BT0XSZS8
2025-03-31 23:45:05,599 - INFO - Ingress_Enter RAJX2ENQ
2025-03-31 23:45:05,616 - INFO - Ingress_Exit BT0XSZS8
2025-03-31 23:45:05,778 - INFO - Ingress_Exit RAJX2ENQ
2025-03-31 23:45:05,808 - INFO - Ingress_Enter VR2UD4ZX
2025-03-31 23:45:05,914 - INFO - Ingress_Enter P6WOWBQU
2025-03-31 23:45:05,955 - INFO - Ingress_Exit VR2UD4ZX
2025-03-31 23:45:05,959 - INFO - Ingress_Enter K8PKVEK8
2025-03-31 23:45:06,085 - INFO - Ingress_Exit P6WOWBQU
2025-03-31 23:45:06,095 - INFO - Ingress_Exit K8PKVEK8
2025-03-31 23:45:06,215 - INFO - Ingress_Enter ZS0RL374
2025-03-31 23:45:06,245 - INFO - Ingress_Enter PFKAS9YI
2025-03-31 23:45:06,350 - INFO - Ingress_Enter CJSX54PS
2025-03-31 23:45:06,356 - INFO - Ingress_Exit ZS0RL374
2025-03-31 23:45:06,388 - INFO - Ingress_Exit PFKAS9YI
2025-03-31 23:45:06,489 - INFO - Ingress_Exit CJSX54PS
2025-03-31 23:45:06,723 - INFO - Ingress_Enter DMFCRWUA
2025-03-31 23:45:06,868 - INFO - Ingress_Exit DMFCRWUA
2025-03-31 23:45:06,872 - INFO - Ingress_Enter E93R0TUP
2025-03-31 23:45:06,992 - INFO - Ingress_Enter V5R7U8S4
2025-03-31 23:45:07,025 - INFO - Ingress_Exit E93R0TUP
2025-03-31 23:45:07,127 - INFO - Ingress_Exit V5R7U8S4
2025-03-31 23:45:07,396 - INFO - Ingress_Enter O0RYKBCO
2025-03-31 23:45:07,411 - INFO - Ingress_Enter 6XE02VKN
2025-03-31 23:45:07,547 - INFO - Ingress_Exit O0RYKBCO
2025-03-31 23:45:07,550 - INFO - Ingress_Exit 6XE02VKN
2025-03-31 23:45:07,635 - INFO - Ingress_Enter PZKYSL3E
2025-03-31 23:45:07,740 - INFO - Ingress_Enter QIH7Q10Y
2025-03-31 23:45:07,804 - INFO - Ingress_Exit PZKYSL3E
2025-03-31 23:45:07,895 - INFO - Ingress_Exit QIH7Q10Y
2025-03-31 23:45:08,128 - INFO - Ingress_Enter N6JJTUM2
2025-03-31 23:45:08,232 - INFO - Ingress_Exit N6JJTUM2
2025-03-31 23:45:08,261 - INFO - Ingress_Enter 2ZR0DJKJ
2025-03-31 23:45:08,276 - INFO - Ingress_Enter 6GKA5GSL
2025-03-31 23:45:08,290 - INFO - Ingress_Enter 4AZ2NGYL
2025-03-31 23:45:08,343 - INFO - Ingress_Enter 245K9WMG
2025-03-31 23:45:08,395 - INFO - Ingress_Exit 4AZ2NGYL
2025-03-31 23:45:08,427 - INFO - Ingress_Exit 2ZR0DJKJ
2025-03-31 23:45:08,439 - INFO - Ingress_Exit 6GKA5GSL
2025-03-31 23:45:08,520 - INFO - Ingress_Exit 245K9WMG
2025-03-31 23:45:10,964 - INFO - Ingress_Enter V0Z7NQEG
2025-03-31 23:45:11,067 - INFO - Ingress_Enter LW1ZB55A
2025-03-31 23:45:11,081 - INFO - Ingress_Enter G88YING8
2025-03-31 23:45:11,102 - INFO - Ingress_Exit V0Z7NQEG
2025-03-31 23:45:11,172 - INFO - Ingress_Exit LW1ZB55A
2025-03-31 23:45:11,197 - INFO - Ingress_Exit G88YING8
2025-03-31 23:45:11,203 - INFO - Ingress_Enter 0HCCYT9B
2025-03-31 23:45:11,301 - INFO - Ingress_Exit 0HCCYT9B
2025-03-31 23:45:11,352 - INFO - Ingress_Enter 4DRFDB37
2025-03-31 23:45:11,412 - INFO - Ingress_Enter H23CHWQ1
2025-03-31 23:45:11,471 - INFO - Ingress_Enter O5MXX4XG
2025-03-31 23:45:11,535 - INFO - Ingress_Exit H23CHWQ1
2025-03-31 23:45:11,557 - INFO - Ingress_Exit 4DRFDB37
2025-03-31 23:45:11,591 - INFO - Ingress_Enter J2IAYYL0
2025-03-31 23:45:11,660 - INFO - Ingress_Exit O5MXX4XG
2025-03-31 23:45:11,689 - INFO - Ingress_Exit J2IAYYL0
2025-03-31 23:45:11,877 - INFO - Ingress_Enter 4V58EEVZ
2025-03-31 23:45:11,982 - INFO - Ingress_Enter 1GZHF04B
2025-03-31 23:45:12,025 - INFO - Ingress_Exit 4V58EEVZ
2025-03-31 23:45:12,086 - INFO - Ingress_Exit 1GZHF04B
2025-03-31 23:45:12,718 - INFO - Ingress_Enter M8IDZ2YQ
2025-03-31 23:45:12,776 - INFO - Ingress_Enter 5WUVRB64
2025-03-31 23:45:12,886 - INFO - Ingress_Exit M8IDZ2YQ
2025-03-31 23:45:12,910 - INFO - Ingress_Enter RZSP3Q7X
2025-03-31 23:45:12,944 - INFO - Ingress_Exit 5WUVRB64
2025-03-31 23:45:13,049 - INFO - Ingress_Exit RZSP3Q7X
2025-03-31 23:45:13,133 - INFO - Ingress_Enter 7O6KHLV4
2025-03-31 23:45:13,178 - INFO - Ingress_Enter N8PC2T5D
2025-03-31 23:45:13,223 - INFO - Ingress_Exit 7O6KHLV4
2025-03-31 23:45:13,255 - INFO - Ingress_Enter G471LHNU
2025-03-31 23:45:13,319 - INFO - Ingress_Exit N8PC2T5D
2025-03-31 23:45:13,344 - INFO - Ingress_Enter TSXM4SD7
2025-03-31 23:45:13,359 - INFO - Ingress_Enter 8039P9AB
2025-03-31 23:45:13,445 - INFO - Ingress_Exit G471LHNU
2025-03-31 23:45:13,465 - INFO - Ingress_Enter 3T5ZDQ8T
2025-03-31 23:45:13,507 - INFO - Ingress_Exit TSXM4SD7
2025-03-31 23:45:13,509 - INFO - Ingress_Exit 8039P9AB
2025-03-31 23:45:13,592 - INFO - Ingress_Exit 3T5ZDQ8T
2025-03-31 23:45:14,023 - INFO - Ingress_Enter SXAK3GL3
2025-03-31 23:45:14,174 - INFO - Ingress_Exit SXAK3GL3
2025-03-31 23:45:14,831 - INFO - Ingress_Enter L2JE3I97
2025-03-31 23:45:14,906 - INFO - Ingress_Enter KI7HFL3O
2025-03-31 23:45:15,035 - INFO - Ingress_Exit L2JE3I97
2025-03-31 23:45:15,046 - INFO - Ingress_Exit KI7HFL3O
2025-03-31 23:45:15,747 - INFO - Ingress_Enter 8JJ26GWQ
2025-03-31 23:45:15,882 - INFO - Ingress_Enter Z28F14LR
2025-03-31 23:45:15,889 - INFO - Ingress_Exit 8JJ26GWQ
2025-03-31 23:45:16,104 - INFO - Ingress_Exit Z28F14LR
2025-03-31 23:45:16,166 - INFO - Ingress_Enter N3SP1W55
2025-03-31 23:45:16,255 - INFO - Ingress_Enter G7COTVP6
2025-03-31 23:45:16,270 - INFO - Ingress_Enter K57RYC9B
2025-03-31 23:45:16,284 - INFO - Ingress_Enter 421I2MG4
2025-03-31 23:45:16,358 - INFO - Ingress_Exit G7COTVP6
2025-03-31 23:45:16,394 - INFO - Ingress_Exit N3SP1W55
2025-03-31 23:45:16,431 - INFO - Ingress_Exit K57RYC9B
2025-03-31 23:45:16,450 - INFO - Ingress_Exit 421I2MG4
2025-03-31 23:45:16,627 - INFO - Ingress_Enter VUDJE85Z
2025-03-31 23:45:16,718 - INFO - Ingress_Enter IYEJZENZ
2025-03-31 23:45:16,743 - INFO - Ingress_Exit VUDJE85Z
2025-03-31 23:45:16,763 - INFO - Ingress_Enter MZ6JFKCK
2025-03-31 23:45:16,809 - INFO - Ingress_Enter 78A1L1RE
2025-03-31 23:45:16,847 - INFO - Ingress_Exit IYEJZENZ
2025-03-31 23:45:16,910 - INFO - Ingress_Exit MZ6JFKCK
2025-03-31 23:45:16,976 - INFO - Ingress_Exit 78A1L1RE
2025-03-31 23:45:17,781 - INFO - Ingress_Enter QF1BLCUT
2025-03-31 23:45:17,824 - INFO - Ingress_Enter I6YN8L09
2025-03-31 23:45:17,907 - INFO - Ingress_Exit QF1BLCUT
2025-03-31 23:45:17,942 - INFO - Ingress_Exit I6YN8L09
2025-03-31 23:45:17,958 - INFO - Ingress_Enter X2EPSLXC
2025-03-31 23:45:17,973 - INFO - Ingress_Enter KFP10WRB
2025-03-31 23:45:18,081 - INFO - Ingress_Exit X2EPSLXC
2025-03-31 23:45:18,159 - INFO - Ingress_Exit KFP10WRB
2025-03-31 23:45:18,272 - INFO - Ingress_Enter N1JFS6GF
2025-03-31 23:45:18,331 - INFO - Ingress_Enter QMXNNXIQ
2025-03-31 23:45:18,422 - INFO - Ingress_Exit N1JFS6GF
2025-03-31 23:45:18,554 - INFO - Ingress_Exit QMXNNXIQ
2025-03-31 23:45:18,782 - INFO - Ingress_Enter YK9BSKWN
2025-03-31 23:45:18,984 - INFO - Ingress_Exit YK9BSKWN
2025-03-31 23:45:19,126 - INFO - Ingress_Enter K1SJCPQH
2025-03-31 23:45:19,217 - INFO - Ingress_Enter Q1ZTCKPX
2025-03-31 23:45:19,265 - INFO - Ingress_Exit K1SJCPQH
2025-03-31 23:45:19,326 - INFO - Ingress_Exit Q1ZTCKPX
2025-03-31 23:45:19,530 - INFO - Ingress_Enter UWUNXTLB
2025-03-31 23:45:19,681 - INFO - Ingress_Exit UWUNXTLB
2025-03-31 23:45:19,693 - INFO - Ingress_Enter JG2SKFIU
2025-03-31 23:45:19,783 - INFO - Ingress_Enter L10D6EVX
2025-03-31 23:45:19,788 - INFO - Ingress_Exit JG2SKFIU
2025-03-31 23:45:19,930 - INFO - Ingress_Exit L10D6EVX
2025-03-31 23:45:20,231 - INFO - Ingress_Enter 2HH5Y8NR
2025-03-31 23:45:20,392 - INFO - Ingress_Exit 2HH5Y8NR
2025-03-31 23:45:20,741 - INFO - Ingress_Enter CRVZHMIO
2025-03-31 23:45:20,846 - INFO - Ingress_Enter S03HOJ35
2025-03-31 23:45:20,878 - INFO - Ingress_Exit CRVZHMIO
2025-03-31 23:45:21,016 - INFO - Ingress_Exit S03HOJ35
2025-03-31 23:45:21,669 - INFO - Ingress_Enter 20FWHTZ2
2025-03-31 23:45:21,787 - INFO - Ingress_Exit 20FWHTZ2
2025-03-31 23:45:21,834 - INFO - Ingress_Enter JZFN3MNF
2025-03-31 23:45:21,923 - INFO - Ingress_Enter 1QHJ14PG
2025-03-31 23:45:21,933 - INFO - Ingress_Exit JZFN3MNF
2025-03-31 23:45:22,027 - INFO - Ingress_Enter OOPR0W8T
2025-03-31 23:45:22,077 - INFO - Ingress_Exit 1QHJ14PG
2025-03-31 23:45:22,192 - INFO - Ingress_Enter R2I0UZPC
2025-03-31 23:45:22,193 - INFO - Ingress_Exit OOPR0W8T
2025-03-31 23:45:22,330 - INFO - Ingress_Exit R2I0UZPC
2025-03-31 23:45:22,690 - INFO - Ingress_Enter K8KE86UO
2025-03-31 23:45:22,837 - INFO - Ingress_Exit K8KE86UO
2025-03-31 23:45:22,959 - INFO - Ingress_Enter DGIWJZ2S
2025-03-31 23:45:23,005 - INFO - Ingress_Enter 6YMD27YL
2025-03-31 23:45:23,054 - INFO - Ingress_Exit DGIWJZ2S
2025-03-31 23:45:23,092 - INFO - Ingress_Exit 6YMD27YL
2025-03-31 23:45:23,122 - INFO - Ingress_Enter 81HMWGWB
2025-03-31 23:45:23,167 - INFO - Ingress_Enter 99RMY9EC
2025-03-31 23:45:23,226 - INFO - Ingress_Enter R26QI40Z
2025-03-31 23:45:23,265 - INFO - Ingress_Exit 81HMWGWB
2025-03-31 23:45:23,297 - INFO - Ingress_Exit 99RMY9EC
2025-03-31 23:45:23,399 - INFO - Ingress_Exit R26QI40Z
2025-03-31 23:45:23,586 - INFO - Ingress_Enter ME174FSM
2025-03-31 23:45:23,631 - INFO - Ingress_Enter QNQ9A891
2025-03-31 23:45:23,714 - INFO - Ingress_Exit ME174FSM
2025-03-31 23:45:23,746 - INFO - Ingress_Exit QNQ9A891
2025-03-31 23:45:23,915 - INFO - Ingress_Enter WSO0XB1W
2025-03-31 23:45:23,975 - INFO - Ingress_Enter NIY03KRQ
2025-03-31 23:45:24,035 - INFO - Ingress_Exit WSO0XB1W
2025-03-31 23:45:24,067 - INFO - Ingress_Exit NIY03KRQ
2025-03-31 23:45:24,124 - INFO - Ingress_Enter NVBQZ7T1
2025-03-31 23:45:24,198 - INFO - Ingress_Enter VEMY61YY
2025-03-31 23:45:24,221 - INFO - Ingress_Exit NVBQZ7T1
2025-03-31 23:45:24,348 - INFO - Ingress_Exit VEMY61YY
2025-03-31 23:45:24,444 - INFO - Ingress_Enter 68DG9KE5
2025-03-31 23:45:24,653 - INFO - Ingress_Enter NBGG3ACC
2025-03-31 23:45:24,666 - INFO - Ingress_Exit 68DG9KE5
2025-03-31 23:45:24,804 - INFO - Ingress_Exit NBGG3ACC
2025-03-31 23:45:25,268 - INFO - Ingress_Enter M2503YY0
2025-03-31 23:45:25,296 - INFO - Ingress_Enter HCA0J01Z
2025-03-31 23:45:25,342 - INFO - Ingress_Enter HNEY33DZ
2025-03-31 23:45:25,423 - INFO - Ingress_Exit M2503YY0
2025-03-31 23:45:25,478 - INFO - Ingress_Exit HNEY33DZ
2025-03-31 23:45:25,488 - INFO - Ingress_Exit HCA0J01Z
2025-03-31 23:45:25,627 - INFO - Ingress_Enter 4OLG5IHZ
2025-03-31 23:45:25,686 - INFO - Ingress_Enter STNKKF9O
2025-03-31 23:45:25,792 - INFO - Ingress_Enter GXFUBURN
2025-03-31 23:45:25,798 - INFO - Ingress_Exit 4OLG5IHZ
2025-03-31 23:45:25,835 - INFO - Ingress_Exit STNKKF9O
2025-03-31 23:45:25,983 - INFO - Ingress_Exit GXFUBURN
2025-03-31 23:45:26,973 - INFO - Ingress_Enter OTWV606V
2025-03-31 23:45:26,988 - INFO - Ingress_Enter BSA8GC75
2025-03-31 23:45:27,017 - INFO - Ingress_Enter O70WMWRF
2025-03-31 23:45:27,092 - INFO - Ingress_Enter J5K4NYGO
2025-03-31 23:45:27,147 - INFO - Ingress_Exit O70WMWRF
2025-03-31 23:45:27,168 - INFO - Ingress_Exit OTWV606V
2025-03-31 23:45:27,169 - INFO - Ingress_Exit BSA8GC75
2025-03-31 23:45:27,201 - INFO - Ingress_Exit J5K4NYGO
2025-03-31 23:45:27,587 - INFO - Ingress_Enter 4AV7LBGY
2025-03-31 23:45:27,646 - INFO - Ingress_Enter TKT0K3P7
2025-03-31 23:45:27,712 - INFO - Ingress_Exit 4AV7LBGY
2025-03-31 23:45:27,776 - INFO - Ingress_Exit TKT0K3P7
2025-03-31 23:45:27,856 - INFO - Ingress_Enter C0JM07LM
2025-03-31 23:45:27,950 - INFO - Ingress_Exit C0JM07LM
2025-03-31 23:45:27,989 - INFO - Ingress_Enter NOCAAD3B
2025-03-31 23:45:28,033 - INFO - Ingress_Enter DE53CPGZ
2025-03-31 23:45:28,094 - INFO - Ingress_Exit NOCAAD3B
2025-03-31 23:45:28,159 - INFO - Ingress_Exit DE53CPGZ
2025-03-31 23:45:28,270 - INFO - Ingress_Enter STSYL79B
2025-03-31 23:45:28,359 - INFO - Ingress_Enter B9N9HZ3S
2025-03-31 23:45:28,419 - INFO - Ingress_Enter 7W60V3ZH
2025-03-31 23:45:28,426 - INFO - Ingress_Exit STSYL79B
2025-03-31 23:45:28,508 - INFO - Ingress_Exit 7W60V3ZH
2025-03-31 23:45:28,514 - INFO - Ingress_Exit B9N9HZ3S
2025-03-31 23:45:28,987 - INFO - Ingress_Enter TYA5DMR3
2025-03-31 23:45:29,117 - INFO - Ingress_Exit TYA5DMR3
2025-03-31 23:45:29,268 - INFO - Ingress_Enter OHEL07SP
2025-03-31 23:45:29,403 - INFO - Ingress_Enter WP3NTN2X
2025-03-31 23:45:29,431 - INFO - Ingress_Exit OHEL07SP
2025-03-31 23:45:29,508 - INFO - Ingress_Enter 4ZMN2IRK
2025-03-31 23:45:29,537 - INFO - Ingress_Exit WP3NTN2X
2025-03-31 23:45:29,568 - INFO - Ingress_Enter 1GROK4ZB
2025-03-31 23:45:29,666 - INFO - Ingress_Exit 4ZMN2IRK
2025-03-31 23:45:29,674 - INFO - Ingress_Exit 1GROK4ZB
2025-03-31 23:45:29,719 - INFO - Ingress_Enter 9ELFE8B2
2025-03-31 23:45:29,856 - INFO - Ingress_Exit 9ELFE8B2
2025-03-31 23:45:29,975 - INFO - Ingress_Enter 8WO1Z97O
2025-03-31 23:45:30,094 - INFO - Ingress_Exit 8WO1Z97O
2025-03-31 23:45:30,109 - INFO - Ingress_Enter CJZK9W3L
2025-03-31 23:45:30,153 - INFO - Ingress_Enter B4Z6DAGY
2025-03-31 23:45:30,212 - INFO - Ingress_Exit CJZK9W3L
2025-03-31 23:45:30,309 - INFO - Ingress_Exit B4Z6DAGY
2025-03-31 23:45:30,361 - INFO - Ingress_Enter 9BCKK2MY
2025-03-31 23:45:30,462 - INFO - Ingress_Exit 9BCKK2MY
2025-03-31 23:45:30,495 - INFO - Ingress_Enter GCUJ6MZ0
2025-03-31 23:45:30,525 - INFO - Ingress_Enter 3VNV3JD6
2025-03-31 23:45:30,599 - INFO - Ingress_Enter 5ILKYJQ8
2025-03-31 23:45:30,619 - INFO - Ingress_Exit GCUJ6MZ0
2025-03-31 23:45:30,629 - INFO - Ingress_Enter 7WFY89V5
2025-03-31 23:45:30,650 - INFO - Ingress_Exit 3VNV3JD6
2025-03-31 23:45:30,659 - INFO - Ingress_Enter JM2NQ4O3
2025-03-31 23:45:30,698 - INFO - Ingress_Exit 5ILKYJQ8
2025-03-31 23:45:30,782 - INFO - Ingress_Exit 7WFY89V5
2025-03-31 23:45:30,805 - INFO - Ingress_Exit JM2NQ4O3
2025-03-31 23:45:31,527 - INFO - Ingress_Enter XE4NU4EG
2025-03-31 23:45:31,623 - INFO - Ingress_Exit XE4NU4EG
2025-03-31 23:45:31,811 - INFO - Ingress_Enter HRQ6SGX5
2025-03-31 23:45:31,908 - INFO - Ingress_Exit HRQ6SGX5
2025-03-31 23:45:31,929 - INFO - Ingress_Enter LXPU16FR
2025-03-31 23:45:32,057 - INFO - Ingress_Exit LXPU16FR
2025-03-31 23:45:32,272 - INFO - Ingress_Enter 2ZJN0FM5
2025-03-31 23:45:32,318 - INFO - Ingress_Enter 1QP0VHZH
2025-03-31 23:45:32,396 - INFO - Ingress_Exit 2ZJN0FM5
2025-03-31 23:45:32,432 - INFO - Ingress_Exit 1QP0VHZH
2025-03-31 23:45:32,527 - INFO - Ingress_Enter QMFJMJ77
2025-03-31 23:45:32,659 - INFO - Ingress_Exit QMFJMJ77
2025-03-31 23:45:32,721 - INFO - Ingress_Enter Z93PSV21
2025-03-31 23:45:32,782 - INFO - Ingress_Enter M9CDIBXU
2025-03-31 23:45:32,874 - INFO - Ingress_Exit Z93PSV21
2025-03-31 23:45:32,929 - INFO - Ingress_Exit M9CDIBXU
2025-03-31 23:45:32,961 - INFO - Ingress_Enter E2WG341M
2025-03-31 23:45:33,070 - INFO - Ingress_Exit E2WG341M
2025-03-31 23:45:33,198 - INFO - Ingress_Enter EPKC8FZC
2025-03-31 23:45:33,301 - INFO - Ingress_Exit EPKC8FZC
2025-03-31 23:45:33,603 - INFO - Ingress_Enter 4DFYSOY8
2025-03-31 23:45:33,692 - INFO - Ingress_Enter D4DRFBCF
2025-03-31 23:45:33,721 - INFO - Ingress_Enter 62KSBGDH
2025-03-31 23:45:33,744 - INFO - Ingress_Exit 4DFYSOY8
2025-03-31 23:45:33,766 - INFO - Ingress_Enter DAQZ9T98
2025-03-31 23:45:33,807 - INFO - Ingress_Exit D4DRFBCF
2025-03-31 23:45:33,853 - INFO - Ingress_Exit 62KSBGDH
2025-03-31 23:45:33,886 - INFO - Ingress_Enter 8MPHM1OC
2025-03-31 23:45:33,904 - INFO - Ingress_Exit DAQZ9T98
2025-03-31 23:45:34,089 - INFO - Ingress_Exit 8MPHM1OC
2025-03-31 23:45:34,231 - INFO - Ingress_Enter 3UW5MOFP
2025-03-31 23:45:34,320 - INFO - Ingress_Enter 9GWWP2SY
2025-03-31 23:45:34,350 - INFO - Ingress_Exit 3UW5MOFP
2025-03-31 23:45:34,456 - INFO - Ingress_Exit 9GWWP2SY
2025-03-31 23:45:34,574 - INFO - Ingress_Enter HQFV3KC2
2025-03-31 23:45:34,679 - INFO - Ingress_Exit HQFV3KC2
2025-03-31 23:45:34,768 - INFO - Ingress_Enter DY8HURY8
2025-03-31 23:45:34,843 - INFO - Ingress_Enter SRZV9Z0N
2025-03-31 23:45:34,885 - INFO - Ingress_Exit DY8HURY8
2025-03-31 23:45:34,887 - INFO - Ingress_Enter 4OPFAYXM
2025-03-31 23:45:34,937 - INFO - Ingress_Exit SRZV9Z0N
2025-03-31 23:45:35,039 - INFO - Ingress_Exit 4OPFAYXM
2025-03-31 23:45:35,533 - INFO - Ingress_Enter FKIBLE1K
2025-03-31 23:45:35,694 - INFO - Ingress_Exit FKIBLE1K
2025-03-31 23:45:35,957 - INFO - Ingress_Enter KWYUPKHX
2025-03-31 23:45:36,092 - INFO - Ingress_Exit KWYUPKHX
2025-03-31 23:45:36,326 - INFO - Ingress_Enter 15PZUMH1
2025-03-31 23:45:36,555 - INFO - Ingress_Exit 15PZUMH1
2025-03-31 23:45:36,565 - INFO - Ingress_Enter 1CPXC7LF
2025-03-31 23:45:36,656 - INFO - Ingress_Enter GP16GH06
2025-03-31 23:45:36,687 - INFO - Ingress_Exit 1CPXC7LF
2025-03-31 23:45:36,776 - INFO - Ingress_Exit GP16GH06
2025-03-31 23:45:36,789 - INFO - Ingress_Enter DG1P2489
2025-03-31 23:45:36,804 - INFO - Ingress_Enter V7OLXRUJ
2025-03-31 23:45:36,879 - INFO - Ingress_Enter 16SZUK3U
2025-03-31 23:45:36,909 - INFO - Ingress_Enter 2RLV47WF
2025-03-31 23:45:36,918 - INFO - Ingress_Exit V7OLXRUJ
2025-03-31 23:45:36,935 - INFO - Ingress_Exit DG1P2489
2025-03-31 23:45:36,981 - INFO - Ingress_Exit 16SZUK3U
2025-03-31 23:45:37,016 - INFO - Ingress_Exit 2RLV47WF
2025-03-31 23:45:37,388 - INFO - Ingress_Enter HY6EVEWR
2025-03-31 23:45:37,479 - INFO - Ingress_Exit HY6EVEWR
2025-03-31 23:45:37,506 - INFO - Ingress_Enter QEK2CLQK
2025-03-31 23:45:37,596 - INFO - Ingress_Enter ZLSWN1B8
2025-03-31 23:45:37,611 - INFO - Ingress_Exit QEK2CLQK
2025-03-31 23:45:37,701 - INFO - Ingress_Exit ZLSWN1B8
2025-03-31 23:45:37,702 - INFO - Ingress_Enter MK34TYM8
2025-03-31 23:45:37,715 - INFO - Ingress_Enter KL0PO9JJ
2025-03-31 23:45:37,761 - INFO - Ingress_Enter Q09N9IEG
2025-03-31 23:45:37,801 - INFO - Ingress_Exit MK34TYM8
2025-03-31 23:45:37,838 - INFO - Ingress_Exit KL0PO9JJ
2025-03-31 23:45:37,881 - INFO - Ingress_Enter XU7F4U3L
2025-03-31 23:45:37,889 - INFO - Ingress_Exit Q09N9IEG
2025-03-31 23:45:38,017 - INFO - Ingress_Enter X1CEVB1C
2025-03-31 23:45:38,037 - INFO - Ingress_Exit XU7F4U3L
2025-03-31 23:45:38,110 - INFO - Ingress_Exit X1CEVB1C
2025-03-31 23:45:38,420 - INFO - Ingress_Enter BFIPI4GM
2025-03-31 23:45:38,525 - INFO - Ingress_Enter GJQZENL1
2025-03-31 23:45:38,540 - INFO - Ingress_Enter 9N5BLQ7W
2025-03-31 23:45:38,555 - INFO - Ingress_Exit BFIPI4GM
2025-03-31 23:45:38,570 - INFO - Ingress_Enter QU28AHG4
2025-03-31 23:45:38,585 - INFO - Ingress_Enter V0LVU710
2025-03-31 23:45:38,668 - INFO - Ingress_Exit 9N5BLQ7W
2025-03-31 23:45:38,682 - INFO - Ingress_Exit GJQZENL1
2025-03-31 23:45:38,698 - INFO - Ingress_Exit QU28AHG4
2025-03-31 23:45:38,776 - INFO - Ingress_Exit V0LVU710
