2025-04-12 17:43:57,275 - INFO - Ingress_Mono_Enter ZG3BAMJV
2025-04-12 17:43:57,295 - INFO - Ingress_Mono_Input_Decoded ZG3BAMJV
2025-04-12 17:43:57,297 - INFO - Ingress_Mono_Numpy_Converted ZG3BAMJV
2025-04-12 17:43:57,372 - INFO - Ingress_Mono_Enter U6DKWSNF
2025-04-12 17:43:57,390 - INFO - Ingress_Mono_Input_Decoded U6DKWSNF
2025-04-12 17:43:57,392 - INFO - Ingress_Mono_Numpy_Converted U6DKWSNF
2025-04-12 17:43:57,631 - INFO - Ingress_Mono_Exit ZG3BAMJV
2025-04-12 17:43:57,798 - INFO - Ingress_Mono_Exit U6DKWSNF
2025-04-12 17:44:02,768 - INFO - Ingress_Mono_Enter SSPRAF8U
2025-04-12 17:44:02,782 - INFO - Ingress_Mono_Input_Decoded SSPRAF8U
2025-04-12 17:44:02,783 - INFO - Ingress_Mono_Numpy_Converted SSPRAF8U
2025-04-12 17:44:03,069 - INFO - Ingress_Mono_Exit SSPRAF8U
2025-04-12 17:44:04,086 - INFO - Ingress_Mono_Enter GZS6EKW9
2025-04-12 17:44:04,109 - INFO - Ingress_Mono_Input_Decoded GZS6EKW9
2025-04-12 17:44:04,111 - INFO - Ingress_Mono_Numpy_Converted GZS6EKW9
2025-04-12 17:44:04,568 - INFO - Ingress_Mono_Enter V1JFVTO5
2025-04-12 17:44:04,581 - INFO - Ingress_Mono_Input_Decoded V1JFVTO5
2025-04-12 17:44:04,583 - INFO - Ingress_Mono_Numpy_Converted V1JFVTO5
2025-04-12 17:44:05,442 - INFO - Ingress_Mono_Exit V1JFVTO5
2025-04-12 17:44:05,683 - INFO - Ingress_Mono_Exit GZS6EKW9
2025-04-12 17:44:07,852 - INFO - Ingress_Mono_Enter AVLGQA96
2025-04-12 17:44:07,879 - INFO - Ingress_Mono_Input_Decoded AVLGQA96
2025-04-12 17:44:07,881 - INFO - Ingress_Mono_Numpy_Converted AVLGQA96
2025-04-12 17:44:08,163 - INFO - Ingress_Mono_Exit AVLGQA96
2025-04-12 17:44:09,336 - INFO - Ingress_Mono_Enter SB6AP8UI
2025-04-12 17:44:09,353 - INFO - Ingress_Mono_Input_Decoded SB6AP8UI
2025-04-12 17:44:09,354 - INFO - Ingress_Mono_Numpy_Converted SB6AP8UI
2025-04-12 17:44:09,552 - INFO - Ingress_Mono_Enter SZI2GQBU
2025-04-12 17:44:09,575 - INFO - Ingress_Mono_Input_Decoded SZI2GQBU
2025-04-12 17:44:09,577 - INFO - Ingress_Mono_Numpy_Converted SZI2GQBU
2025-04-12 17:44:09,647 - INFO - Ingress_Mono_Enter 6KY1SS7P
2025-04-12 17:44:09,668 - INFO - Ingress_Mono_Input_Decoded 6KY1SS7P
2025-04-12 17:44:09,670 - INFO - Ingress_Mono_Numpy_Converted 6KY1SS7P
2025-04-12 17:44:09,917 - INFO - Ingress_Mono_Exit SZI2GQBU
2025-04-12 17:44:09,957 - INFO - Ingress_Mono_Exit SB6AP8UI
2025-04-12 17:44:10,144 - INFO - Ingress_Mono_Enter VHSK65RA
2025-04-12 17:44:10,165 - INFO - Ingress_Mono_Input_Decoded VHSK65RA
2025-04-12 17:44:10,167 - INFO - Ingress_Mono_Numpy_Converted VHSK65RA
2025-04-12 17:44:10,469 - INFO - Ingress_Mono_Exit VHSK65RA
2025-04-12 17:44:10,723 - INFO - Ingress_Mono_Exit 6KY1SS7P
2025-04-12 17:44:13,141 - INFO - Ingress_Mono_Enter 7H9ABQX7
2025-04-12 17:44:13,157 - INFO - Ingress_Mono_Input_Decoded 7H9ABQX7
2025-04-12 17:44:13,159 - INFO - Ingress_Mono_Numpy_Converted 7H9ABQX7
2025-04-12 17:44:13,637 - INFO - Ingress_Mono_Enter ZDVHQ1W6
2025-04-12 17:44:13,651 - INFO - Ingress_Mono_Input_Decoded ZDVHQ1W6
2025-04-12 17:44:13,652 - INFO - Ingress_Mono_Numpy_Converted ZDVHQ1W6
2025-04-12 17:44:13,787 - INFO - Ingress_Mono_Exit 7H9ABQX7
2025-04-12 17:44:13,849 - INFO - Ingress_Mono_Enter QB5NTKLL
2025-04-12 17:44:13,868 - INFO - Ingress_Mono_Input_Decoded QB5NTKLL
2025-04-12 17:44:13,870 - INFO - Ingress_Mono_Numpy_Converted QB5NTKLL
2025-04-12 17:44:14,048 - INFO - Ingress_Mono_Enter E308OSQJ
2025-04-12 17:44:14,067 - INFO - Ingress_Mono_Input_Decoded E308OSQJ
2025-04-12 17:44:14,068 - INFO - Ingress_Mono_Numpy_Converted E308OSQJ
2025-04-12 17:44:14,352 - INFO - Ingress_Mono_Exit ZDVHQ1W6
2025-04-12 17:44:14,567 - INFO - Ingress_Mono_Exit E308OSQJ
2025-04-12 17:44:14,870 - INFO - Ingress_Mono_Exit QB5NTKLL
2025-04-12 17:44:24,564 - INFO - Ingress_Mono_Enter MTM8C7LK
2025-04-12 17:44:24,587 - INFO - Ingress_Mono_Input_Decoded MTM8C7LK
2025-04-12 17:44:24,589 - INFO - Ingress_Mono_Numpy_Converted MTM8C7LK
2025-04-12 17:44:24,659 - INFO - Ingress_Mono_Enter 35M8VTGX
2025-04-12 17:44:24,678 - INFO - Ingress_Mono_Input_Decoded 35M8VTGX
2025-04-12 17:44:24,679 - INFO - Ingress_Mono_Numpy_Converted 35M8VTGX
2025-04-12 17:44:25,050 - INFO - Ingress_Mono_Enter PC9OGM0J
2025-04-12 17:44:25,063 - INFO - Ingress_Mono_Input_Decoded PC9OGM0J
2025-04-12 17:44:25,065 - INFO - Ingress_Mono_Numpy_Converted PC9OGM0J
2025-04-12 17:44:25,095 - INFO - Ingress_Mono_Exit MTM8C7LK
2025-04-12 17:44:25,645 - INFO - Ingress_Mono_Exit 35M8VTGX
2025-04-12 17:44:25,679 - INFO - Ingress_Mono_Exit PC9OGM0J
2025-04-12 17:44:30,356 - INFO - Ingress_Mono_Enter UY897TPJ
2025-04-12 17:44:30,371 - INFO - Ingress_Mono_Input_Decoded UY897TPJ
2025-04-12 17:44:30,373 - INFO - Ingress_Mono_Numpy_Converted UY897TPJ
2025-04-12 17:44:30,706 - INFO - Ingress_Mono_Exit UY897TPJ
2025-04-12 17:44:31,396 - INFO - Ingress_Mono_Enter ZFCRGSPX
2025-04-12 17:44:31,434 - INFO - Ingress_Mono_Input_Decoded ZFCRGSPX
2025-04-12 17:44:31,438 - INFO - Ingress_Mono_Numpy_Converted ZFCRGSPX
2025-04-12 17:44:31,745 - INFO - Ingress_Mono_Exit ZFCRGSPX
2025-04-12 17:44:32,568 - INFO - Ingress_Mono_Enter L139YGT7
2025-04-12 17:44:32,588 - INFO - Ingress_Mono_Input_Decoded L139YGT7
2025-04-12 17:44:32,590 - INFO - Ingress_Mono_Numpy_Converted L139YGT7
2025-04-12 17:44:32,758 - INFO - Ingress_Mono_Enter JR7PE7Y6
2025-04-12 17:44:32,774 - INFO - Ingress_Mono_Input_Decoded JR7PE7Y6
2025-04-12 17:44:32,775 - INFO - Ingress_Mono_Numpy_Converted JR7PE7Y6
2025-04-12 17:44:33,515 - INFO - Ingress_Mono_Exit JR7PE7Y6
2025-04-12 17:44:33,583 - INFO - Ingress_Mono_Enter XFBXM86P
2025-04-12 17:44:33,612 - INFO - Ingress_Mono_Input_Decoded XFBXM86P
2025-04-12 17:44:33,614 - INFO - Ingress_Mono_Numpy_Converted XFBXM86P
2025-04-12 17:44:33,665 - INFO - Ingress_Mono_Enter SOQTYNAD
2025-04-12 17:44:33,683 - INFO - Ingress_Mono_Input_Decoded SOQTYNAD
2025-04-12 17:44:33,684 - INFO - Ingress_Mono_Numpy_Converted SOQTYNAD
2025-04-12 17:44:33,765 - INFO - Ingress_Mono_Exit L139YGT7
2025-04-12 17:44:34,030 - INFO - Ingress_Mono_Exit SOQTYNAD
2025-04-12 17:44:34,665 - INFO - Ingress_Mono_Exit XFBXM86P
2025-04-12 17:44:34,761 - INFO - Ingress_Mono_Enter NYVKU744
2025-04-12 17:44:34,775 - INFO - Ingress_Mono_Input_Decoded NYVKU744
2025-04-12 17:44:34,777 - INFO - Ingress_Mono_Numpy_Converted NYVKU744
2025-04-12 17:44:35,513 - INFO - Ingress_Mono_Exit NYVKU744
2025-04-12 17:44:36,565 - INFO - Ingress_Mono_Enter EIPMO5JG
2025-04-12 17:44:36,583 - INFO - Ingress_Mono_Input_Decoded EIPMO5JG
2025-04-12 17:44:36,586 - INFO - Ingress_Mono_Numpy_Converted EIPMO5JG
2025-04-12 17:44:36,865 - INFO - Ingress_Mono_Enter JPWCPN49
2025-04-12 17:44:36,885 - INFO - Ingress_Mono_Input_Decoded JPWCPN49
2025-04-12 17:44:36,887 - INFO - Ingress_Mono_Numpy_Converted JPWCPN49
2025-04-12 17:44:37,106 - INFO - Ingress_Mono_Exit EIPMO5JG
2025-04-12 17:44:37,325 - INFO - Ingress_Mono_Exit JPWCPN49
2025-04-12 17:44:47,878 - INFO - Ingress_Mono_Enter EOVLZA93
2025-04-12 17:44:47,895 - INFO - Ingress_Mono_Input_Decoded EOVLZA93
2025-04-12 17:44:47,897 - INFO - Ingress_Mono_Numpy_Converted EOVLZA93
2025-04-12 17:44:48,086 - INFO - Ingress_Mono_Enter NL8IEVVT
2025-04-12 17:44:48,108 - INFO - Ingress_Mono_Input_Decoded NL8IEVVT
2025-04-12 17:44:48,111 - INFO - Ingress_Mono_Numpy_Converted NL8IEVVT
2025-04-12 17:44:48,484 - INFO - Ingress_Mono_Exit EOVLZA93
2025-04-12 17:44:48,979 - INFO - Ingress_Mono_Exit NL8IEVVT
2025-04-12 17:44:53,481 - INFO - Ingress_Mono_Enter U9CGYOWA
2025-04-12 17:44:53,496 - INFO - Ingress_Mono_Input_Decoded U9CGYOWA
2025-04-12 17:44:53,498 - INFO - Ingress_Mono_Numpy_Converted U9CGYOWA
2025-04-12 17:44:54,307 - INFO - Ingress_Mono_Exit U9CGYOWA
2025-04-12 17:44:56,700 - INFO - Ingress_Mono_Enter 6HQE9CN0
2025-04-12 17:44:56,726 - INFO - Ingress_Mono_Input_Decoded 6HQE9CN0
2025-04-12 17:44:56,728 - INFO - Ingress_Mono_Numpy_Converted 6HQE9CN0
2025-04-12 17:44:56,980 - INFO - Ingress_Mono_Enter 6EUE0V6F
2025-04-12 17:44:56,994 - INFO - Ingress_Mono_Input_Decoded 6EUE0V6F
2025-04-12 17:44:56,995 - INFO - Ingress_Mono_Numpy_Converted 6EUE0V6F
2025-04-12 17:44:57,278 - INFO - Ingress_Mono_Enter C5EE536E
2025-04-12 17:44:57,291 - INFO - Ingress_Mono_Input_Decoded C5EE536E
2025-04-12 17:44:57,292 - INFO - Ingress_Mono_Numpy_Converted C5EE536E
2025-04-12 17:44:57,310 - INFO - Ingress_Mono_Exit 6EUE0V6F
2025-04-12 17:44:57,465 - INFO - Ingress_Mono_Exit 6HQE9CN0
2025-04-12 17:44:58,097 - INFO - Ingress_Mono_Exit C5EE536E
2025-04-12 17:44:58,198 - INFO - Ingress_Mono_Enter L91NQ5DJ
2025-04-12 17:44:58,223 - INFO - Ingress_Mono_Input_Decoded L91NQ5DJ
2025-04-12 17:44:58,225 - INFO - Ingress_Mono_Numpy_Converted L91NQ5DJ
2025-04-12 17:44:58,628 - INFO - Ingress_Mono_Exit L91NQ5DJ
2025-04-12 17:44:58,785 - INFO - Ingress_Mono_Enter CKVDXOKP
2025-04-12 17:44:58,800 - INFO - Ingress_Mono_Input_Decoded CKVDXOKP
2025-04-12 17:44:58,802 - INFO - Ingress_Mono_Numpy_Converted CKVDXOKP
2025-04-12 17:44:59,825 - INFO - Ingress_Mono_Exit CKVDXOKP
2025-04-12 17:45:00,819 - INFO - Ingress_Mono_Enter K5L6S03W
2025-04-12 17:45:00,852 - INFO - Ingress_Mono_Input_Decoded K5L6S03W
2025-04-12 17:45:00,856 - INFO - Ingress_Mono_Numpy_Converted K5L6S03W
2025-04-12 17:45:00,915 - INFO - Ingress_Mono_Enter 2DE0TLAS
2025-04-12 17:45:00,945 - INFO - Ingress_Mono_Input_Decoded 2DE0TLAS
2025-04-12 17:45:00,948 - INFO - Ingress_Mono_Numpy_Converted 2DE0TLAS
2025-04-12 17:45:01,287 - INFO - Ingress_Mono_Enter GOTPG7ZH
2025-04-12 17:45:01,303 - INFO - Ingress_Mono_Input_Decoded GOTPG7ZH
2025-04-12 17:45:01,304 - INFO - Ingress_Mono_Numpy_Converted GOTPG7ZH
2025-04-12 17:45:01,306 - INFO - Ingress_Mono_Exit 2DE0TLAS
2025-04-12 17:45:01,351 - INFO - Ingress_Mono_Exit K5L6S03W
2025-04-12 17:45:01,627 - INFO - Ingress_Mono_Exit GOTPG7ZH
2025-04-12 17:45:08,394 - INFO - Ingress_Mono_Enter 4T5W7VXX
2025-04-12 17:45:08,410 - INFO - Ingress_Mono_Input_Decoded 4T5W7VXX
2025-04-12 17:45:08,411 - INFO - Ingress_Mono_Numpy_Converted 4T5W7VXX
2025-04-12 17:45:08,604 - INFO - Ingress_Mono_Enter F0HGWM9V
2025-04-12 17:45:08,625 - INFO - Ingress_Mono_Input_Decoded F0HGWM9V
2025-04-12 17:45:08,627 - INFO - Ingress_Mono_Numpy_Converted F0HGWM9V
2025-04-12 17:45:08,952 - INFO - Ingress_Mono_Exit F0HGWM9V
2025-04-12 17:45:09,382 - INFO - Ingress_Mono_Exit 4T5W7VXX
2025-04-12 17:45:09,392 - INFO - Ingress_Mono_Enter 4B8GNY7U
2025-04-12 17:45:09,406 - INFO - Ingress_Mono_Input_Decoded 4B8GNY7U
2025-04-12 17:45:09,407 - INFO - Ingress_Mono_Numpy_Converted 4B8GNY7U
2025-04-12 17:45:10,445 - INFO - Ingress_Mono_Exit 4B8GNY7U
2025-04-12 17:45:10,506 - INFO - Ingress_Mono_Enter UFV6LDFH
2025-04-12 17:45:10,527 - INFO - Ingress_Mono_Input_Decoded UFV6LDFH
2025-04-12 17:45:10,529 - INFO - Ingress_Mono_Numpy_Converted UFV6LDFH
2025-04-12 17:45:10,797 - INFO - Ingress_Mono_Enter JC68YA5N
2025-04-12 17:45:10,811 - INFO - Ingress_Mono_Input_Decoded JC68YA5N
2025-04-12 17:45:10,813 - INFO - Ingress_Mono_Numpy_Converted JC68YA5N
2025-04-12 17:45:11,129 - INFO - Ingress_Mono_Exit JC68YA5N
2025-04-12 17:45:11,192 - INFO - Ingress_Mono_Exit UFV6LDFH
2025-04-12 17:45:13,508 - INFO - Ingress_Mono_Enter 6341AJ65
2025-04-12 17:45:13,527 - INFO - Ingress_Mono_Input_Decoded 6341AJ65
2025-04-12 17:45:13,529 - INFO - Ingress_Mono_Numpy_Converted 6341AJ65
2025-04-12 17:45:13,999 - INFO - Ingress_Mono_Enter 2INUVOG9
2025-04-12 17:45:14,013 - INFO - Ingress_Mono_Input_Decoded 2INUVOG9
2025-04-12 17:45:14,015 - INFO - Ingress_Mono_Numpy_Converted 2INUVOG9
2025-04-12 17:45:14,400 - INFO - Ingress_Mono_Enter SG610EYI
2025-04-12 17:45:14,415 - INFO - Ingress_Mono_Input_Decoded SG610EYI
2025-04-12 17:45:14,417 - INFO - Ingress_Mono_Numpy_Converted SG610EYI
2025-04-12 17:45:14,698 - INFO - Ingress_Mono_Exit 2INUVOG9
2025-04-12 17:45:14,708 - INFO - Ingress_Mono_Exit 6341AJ65
2025-04-12 17:45:15,413 - INFO - Ingress_Mono_Exit SG610EYI
2025-04-12 17:45:16,916 - INFO - Ingress_Mono_Enter FNLJVVM9
2025-04-12 17:45:16,939 - INFO - Ingress_Mono_Input_Decoded FNLJVVM9
2025-04-12 17:45:16,941 - INFO - Ingress_Mono_Numpy_Converted FNLJVVM9
2025-04-12 17:45:17,008 - INFO - Ingress_Mono_Enter 9HUVT7V7
2025-04-12 17:45:17,027 - INFO - Ingress_Mono_Input_Decoded 9HUVT7V7
2025-04-12 17:45:17,028 - INFO - Ingress_Mono_Numpy_Converted 9HUVT7V7
2025-04-12 17:45:17,203 - INFO - Ingress_Mono_Enter BRQBXGN5
2025-04-12 17:45:17,218 - INFO - Ingress_Mono_Input_Decoded BRQBXGN5
2025-04-12 17:45:17,219 - INFO - Ingress_Mono_Numpy_Converted BRQBXGN5
2025-04-12 17:45:17,766 - INFO - Ingress_Mono_Exit FNLJVVM9
2025-04-12 17:45:18,205 - INFO - Ingress_Mono_Exit 9HUVT7V7
2025-04-12 17:45:18,721 - INFO - Ingress_Mono_Exit BRQBXGN5
2025-04-12 17:45:25,827 - INFO - Ingress_Mono_Enter IEIS6N9H
2025-04-12 17:45:25,852 - INFO - Ingress_Mono_Input_Decoded IEIS6N9H
2025-04-12 17:45:25,854 - INFO - Ingress_Mono_Numpy_Converted IEIS6N9H
2025-04-12 17:45:25,913 - INFO - Ingress_Mono_Enter JVQE92X2
2025-04-12 17:45:25,930 - INFO - Ingress_Mono_Input_Decoded JVQE92X2
2025-04-12 17:45:25,931 - INFO - Ingress_Mono_Numpy_Converted JVQE92X2
2025-04-12 17:45:26,216 - INFO - Ingress_Mono_Enter T4KWQ05B
2025-04-12 17:45:26,234 - INFO - Ingress_Mono_Input_Decoded T4KWQ05B
2025-04-12 17:45:26,235 - INFO - Ingress_Mono_Numpy_Converted T4KWQ05B
2025-04-12 17:45:26,347 - INFO - Ingress_Mono_Exit IEIS6N9H
2025-04-12 17:45:26,611 - INFO - Ingress_Mono_Exit T4KWQ05B
2025-04-12 17:45:26,806 - INFO - Ingress_Mono_Exit JVQE92X2
2025-04-12 17:45:29,851 - INFO - Ingress_Mono_Enter MZXTJHSV
2025-04-12 17:45:29,889 - INFO - Ingress_Mono_Input_Decoded MZXTJHSV
2025-04-12 17:45:29,893 - INFO - Ingress_Mono_Numpy_Converted MZXTJHSV
2025-04-12 17:45:30,187 - INFO - Ingress_Mono_Exit MZXTJHSV
2025-04-12 17:45:30,716 - INFO - Ingress_Mono_Enter 7OU8TX33
2025-04-12 17:45:30,731 - INFO - Ingress_Mono_Input_Decoded 7OU8TX33
2025-04-12 17:45:30,732 - INFO - Ingress_Mono_Numpy_Converted 7OU8TX33
2025-04-12 17:45:31,189 - INFO - Ingress_Mono_Exit 7OU8TX33
2025-04-12 17:45:34,759 - INFO - Ingress_Mono_Enter DXFTYR82
2025-04-12 17:45:34,797 - INFO - Ingress_Mono_Input_Decoded DXFTYR82
2025-04-12 17:45:34,800 - INFO - Ingress_Mono_Numpy_Converted DXFTYR82
2025-04-12 17:45:35,366 - INFO - Ingress_Mono_Exit DXFTYR82
2025-04-12 17:45:37,323 - INFO - Ingress_Mono_Enter CC4SYF6K
2025-04-12 17:45:37,338 - INFO - Ingress_Mono_Input_Decoded CC4SYF6K
2025-04-12 17:45:37,339 - INFO - Ingress_Mono_Numpy_Converted CC4SYF6K
2025-04-12 17:45:38,530 - INFO - Ingress_Mono_Enter HMF8MV1J
2025-04-12 17:45:38,547 - INFO - Ingress_Mono_Input_Decoded HMF8MV1J
2025-04-12 17:45:38,549 - INFO - Ingress_Mono_Numpy_Converted HMF8MV1J
2025-04-12 17:45:38,793 - INFO - Ingress_Mono_Exit CC4SYF6K
2025-04-12 17:45:39,095 - INFO - Ingress_Mono_Exit HMF8MV1J
2025-04-12 17:45:39,640 - INFO - Ingress_Mono_Enter ALVHH4WK
2025-04-12 17:45:39,662 - INFO - Ingress_Mono_Input_Decoded ALVHH4WK
2025-04-12 17:45:39,664 - INFO - Ingress_Mono_Numpy_Converted ALVHH4WK
2025-04-12 17:45:39,786 - INFO - Ingress_Mono_Enter 85LDD6W1
2025-04-12 17:45:39,845 - INFO - Ingress_Mono_Input_Decoded 85LDD6W1
2025-04-12 17:45:39,850 - INFO - Ingress_Mono_Numpy_Converted 85LDD6W1
2025-04-12 17:45:40,175 - INFO - Ingress_Mono_Exit 85LDD6W1
2025-04-12 17:45:40,293 - INFO - Ingress_Mono_Exit ALVHH4WK
2025-04-12 17:45:40,833 - INFO - Ingress_Mono_Enter LPALCOFH
2025-04-12 17:45:40,852 - INFO - Ingress_Mono_Input_Decoded LPALCOFH
2025-04-12 17:45:40,854 - INFO - Ingress_Mono_Numpy_Converted LPALCOFH
2025-04-12 17:45:41,454 - INFO - Ingress_Mono_Exit LPALCOFH
2025-04-12 17:45:41,832 - INFO - Ingress_Mono_Enter XB8SIF8A
2025-04-12 17:45:41,849 - INFO - Ingress_Mono_Input_Decoded XB8SIF8A
2025-04-12 17:45:41,850 - INFO - Ingress_Mono_Numpy_Converted XB8SIF8A
2025-04-12 17:45:42,425 - INFO - Ingress_Mono_Exit XB8SIF8A
2025-04-12 17:45:42,435 - INFO - Ingress_Mono_Enter 8OI46CCS
2025-04-12 17:45:42,454 - INFO - Ingress_Mono_Input_Decoded 8OI46CCS
2025-04-12 17:45:42,456 - INFO - Ingress_Mono_Numpy_Converted 8OI46CCS
2025-04-12 17:45:42,540 - INFO - Ingress_Mono_Enter 3YREM1Y7
2025-04-12 17:45:42,563 - INFO - Ingress_Mono_Input_Decoded 3YREM1Y7
2025-04-12 17:45:42,565 - INFO - Ingress_Mono_Numpy_Converted 3YREM1Y7
2025-04-12 17:45:42,843 - INFO - Ingress_Mono_Enter N8UHYS61
2025-04-12 17:45:42,865 - INFO - Ingress_Mono_Input_Decoded N8UHYS61
2025-04-12 17:45:42,867 - INFO - Ingress_Mono_Numpy_Converted N8UHYS61
2025-04-12 17:45:43,100 - INFO - Ingress_Mono_Exit 8OI46CCS
2025-04-12 17:45:43,219 - INFO - Ingress_Mono_Exit 3YREM1Y7
2025-04-12 17:45:43,688 - INFO - Ingress_Mono_Exit N8UHYS61
2025-04-12 17:45:53,865 - INFO - Ingress_Mono_Enter IF5CIUHX
2025-04-12 17:45:53,895 - INFO - Ingress_Mono_Input_Decoded IF5CIUHX
2025-04-12 17:45:53,898 - INFO - Ingress_Mono_Numpy_Converted IF5CIUHX
2025-04-12 17:45:54,186 - INFO - Ingress_Mono_Exit IF5CIUHX
2025-04-12 17:45:54,951 - INFO - Ingress_Mono_Enter V07G1Z9L
2025-04-12 17:45:54,972 - INFO - Ingress_Mono_Input_Decoded V07G1Z9L
2025-04-12 17:45:54,974 - INFO - Ingress_Mono_Numpy_Converted V07G1Z9L
2025-04-12 17:45:55,242 - INFO - Ingress_Mono_Enter IP5BB21F
2025-04-12 17:45:55,259 - INFO - Ingress_Mono_Input_Decoded IP5BB21F
2025-04-12 17:45:55,260 - INFO - Ingress_Mono_Numpy_Converted IP5BB21F
2025-04-12 17:45:55,350 - INFO - Ingress_Mono_Exit V07G1Z9L
2025-04-12 17:45:55,677 - INFO - Ingress_Mono_Exit IP5BB21F
2025-04-12 17:45:56,459 - INFO - Ingress_Mono_Enter UR326PZM
2025-04-12 17:45:56,484 - INFO - Ingress_Mono_Input_Decoded UR326PZM
2025-04-12 17:45:56,486 - INFO - Ingress_Mono_Numpy_Converted UR326PZM
2025-04-12 17:45:57,009 - INFO - Ingress_Mono_Exit UR326PZM
2025-04-12 17:46:01,060 - INFO - Ingress_Mono_Enter 1YU3CE8M
2025-04-12 17:46:01,083 - INFO - Ingress_Mono_Input_Decoded 1YU3CE8M
2025-04-12 17:46:01,085 - INFO - Ingress_Mono_Numpy_Converted 1YU3CE8M
2025-04-12 17:46:01,374 - INFO - Ingress_Mono_Enter 966I4DQW
2025-04-12 17:46:01,407 - INFO - Ingress_Mono_Input_Decoded 966I4DQW
2025-04-12 17:46:01,411 - INFO - Ingress_Mono_Numpy_Converted 966I4DQW
2025-04-12 17:46:02,487 - INFO - Ingress_Mono_Exit 1YU3CE8M
2025-04-12 17:46:02,488 - INFO - Ingress_Mono_Exit 966I4DQW
2025-04-12 17:46:02,654 - INFO - Ingress_Mono_Enter QTQE1IPE
2025-04-12 17:46:02,672 - INFO - Ingress_Mono_Input_Decoded QTQE1IPE
2025-04-12 17:46:02,674 - INFO - Ingress_Mono_Numpy_Converted QTQE1IPE
2025-04-12 17:46:04,006 - INFO - Ingress_Mono_Exit QTQE1IPE
2025-04-12 17:46:05,357 - INFO - Ingress_Mono_Enter 1HRREP9O
2025-04-12 17:46:05,376 - INFO - Ingress_Mono_Input_Decoded 1HRREP9O
2025-04-12 17:46:05,378 - INFO - Ingress_Mono_Numpy_Converted 1HRREP9O
2025-04-12 17:46:05,680 - INFO - Ingress_Mono_Enter UKR9L9I1
2025-04-12 17:46:05,712 - INFO - Ingress_Mono_Input_Decoded UKR9L9I1
2025-04-12 17:46:05,715 - INFO - Ingress_Mono_Numpy_Converted UKR9L9I1
2025-04-12 17:46:05,823 - INFO - Ingress_Mono_Exit 1HRREP9O
2025-04-12 17:46:06,071 - INFO - Ingress_Mono_Enter YHBYSOFF
2025-04-12 17:46:06,099 - INFO - Ingress_Mono_Input_Decoded YHBYSOFF
2025-04-12 17:46:06,101 - INFO - Ingress_Mono_Numpy_Converted YHBYSOFF
2025-04-12 17:46:06,765 - INFO - Ingress_Mono_Enter 9SOIAY7F
2025-04-12 17:46:06,789 - INFO - Ingress_Mono_Input_Decoded 9SOIAY7F
2025-04-12 17:46:06,791 - INFO - Ingress_Mono_Numpy_Converted 9SOIAY7F
2025-04-12 17:46:06,901 - INFO - Ingress_Mono_Exit UKR9L9I1
2025-04-12 17:46:07,154 - INFO - Ingress_Mono_Enter 1SN1VKIG
2025-04-12 17:46:07,170 - INFO - Ingress_Mono_Input_Decoded 1SN1VKIG
2025-04-12 17:46:07,171 - INFO - Ingress_Mono_Numpy_Converted 1SN1VKIG
2025-04-12 17:46:07,221 - INFO - Ingress_Mono_Exit YHBYSOFF
2025-04-12 17:46:07,546 - INFO - Ingress_Mono_Exit 1SN1VKIG
2025-04-12 17:46:08,085 - INFO - Ingress_Mono_Exit 9SOIAY7F
2025-04-12 17:46:08,363 - INFO - Ingress_Mono_Enter BD9RB1LX
2025-04-12 17:46:08,383 - INFO - Ingress_Mono_Input_Decoded BD9RB1LX
2025-04-12 17:46:08,385 - INFO - Ingress_Mono_Numpy_Converted BD9RB1LX
2025-04-12 17:46:09,029 - INFO - Ingress_Mono_Exit BD9RB1LX
2025-04-12 17:46:09,659 - INFO - Ingress_Mono_Enter XOJZ91AS
2025-04-12 17:46:09,676 - INFO - Ingress_Mono_Input_Decoded XOJZ91AS
2025-04-12 17:46:09,678 - INFO - Ingress_Mono_Numpy_Converted XOJZ91AS
2025-04-12 17:46:10,394 - INFO - Ingress_Mono_Exit XOJZ91AS
2025-04-12 17:46:11,974 - INFO - Ingress_Mono_Enter 9QAHXZJJ
2025-04-12 17:46:12,000 - INFO - Ingress_Mono_Input_Decoded 9QAHXZJJ
2025-04-12 17:46:12,002 - INFO - Ingress_Mono_Numpy_Converted 9QAHXZJJ
2025-04-12 17:46:12,757 - INFO - Ingress_Mono_Exit 9QAHXZJJ
2025-04-12 17:46:15,163 - INFO - Ingress_Mono_Enter 8OYPF98N
2025-04-12 17:46:15,179 - INFO - Ingress_Mono_Input_Decoded 8OYPF98N
2025-04-12 17:46:15,181 - INFO - Ingress_Mono_Numpy_Converted 8OYPF98N
2025-04-12 17:46:15,265 - INFO - Ingress_Mono_Enter YZ7R2566
2025-04-12 17:46:15,283 - INFO - Ingress_Mono_Input_Decoded YZ7R2566
2025-04-12 17:46:15,284 - INFO - Ingress_Mono_Numpy_Converted YZ7R2566
2025-04-12 17:46:15,608 - INFO - Ingress_Mono_Exit 8OYPF98N
2025-04-12 17:46:15,972 - INFO - Ingress_Mono_Exit YZ7R2566
2025-04-12 17:46:16,780 - INFO - Ingress_Mono_Enter 3SRA4N3B
2025-04-12 17:46:16,805 - INFO - Ingress_Mono_Input_Decoded 3SRA4N3B
2025-04-12 17:46:16,808 - INFO - Ingress_Mono_Numpy_Converted 3SRA4N3B
2025-04-12 17:46:17,069 - INFO - Ingress_Mono_Enter D0RRE6QV
2025-04-12 17:46:17,086 - INFO - Ingress_Mono_Input_Decoded D0RRE6QV
2025-04-12 17:46:17,088 - INFO - Ingress_Mono_Numpy_Converted D0RRE6QV
2025-04-12 17:46:17,379 - INFO - Ingress_Mono_Exit 3SRA4N3B
2025-04-12 17:46:17,590 - INFO - Ingress_Mono_Exit D0RRE6QV
2025-04-12 17:46:18,168 - INFO - Ingress_Mono_Enter BI7COEC1
2025-04-12 17:46:18,186 - INFO - Ingress_Mono_Input_Decoded BI7COEC1
2025-04-12 17:46:18,188 - INFO - Ingress_Mono_Numpy_Converted BI7COEC1
2025-04-12 17:46:18,262 - INFO - Ingress_Mono_Enter JQIP2EQE
2025-04-12 17:46:18,277 - INFO - Ingress_Mono_Input_Decoded JQIP2EQE
2025-04-12 17:46:18,278 - INFO - Ingress_Mono_Numpy_Converted JQIP2EQE
2025-04-12 17:46:19,024 - INFO - Ingress_Mono_Exit JQIP2EQE
2025-04-12 17:46:19,113 - INFO - Ingress_Mono_Exit BI7COEC1
2025-04-12 17:46:19,469 - INFO - Ingress_Mono_Enter JSDNYUU8
2025-04-12 17:46:19,486 - INFO - Ingress_Mono_Input_Decoded JSDNYUU8
2025-04-12 17:46:19,488 - INFO - Ingress_Mono_Numpy_Converted JSDNYUU8
2025-04-12 17:46:19,827 - INFO - Ingress_Mono_Exit JSDNYUU8
2025-04-12 17:46:20,268 - INFO - Ingress_Mono_Enter CZGXTIPL
2025-04-12 17:46:20,283 - INFO - Ingress_Mono_Input_Decoded CZGXTIPL
2025-04-12 17:46:20,285 - INFO - Ingress_Mono_Numpy_Converted CZGXTIPL
2025-04-12 17:46:21,387 - INFO - Ingress_Mono_Enter DEEN4CX6
2025-04-12 17:46:21,415 - INFO - Ingress_Mono_Input_Decoded DEEN4CX6
2025-04-12 17:46:21,417 - INFO - Ingress_Mono_Numpy_Converted DEEN4CX6
2025-04-12 17:46:21,795 - INFO - Ingress_Mono_Exit CZGXTIPL
2025-04-12 17:46:22,557 - INFO - Ingress_Mono_Exit DEEN4CX6
2025-04-12 17:46:33,289 - INFO - Ingress_Mono_Enter D1IFSOXM
2025-04-12 17:46:33,307 - INFO - Ingress_Mono_Input_Decoded D1IFSOXM
2025-04-12 17:46:33,309 - INFO - Ingress_Mono_Numpy_Converted D1IFSOXM
2025-04-12 17:46:33,689 - INFO - Ingress_Mono_Enter PZA0FRWJ
2025-04-12 17:46:33,707 - INFO - Ingress_Mono_Input_Decoded PZA0FRWJ
2025-04-12 17:46:33,709 - INFO - Ingress_Mono_Numpy_Converted PZA0FRWJ
2025-04-12 17:46:33,728 - INFO - Ingress_Mono_Exit D1IFSOXM
2025-04-12 17:46:34,284 - INFO - Ingress_Mono_Exit PZA0FRWJ
2025-04-12 17:46:34,401 - INFO - Ingress_Mono_Enter BWAO17QL
2025-04-12 17:46:34,425 - INFO - Ingress_Mono_Input_Decoded BWAO17QL
2025-04-12 17:46:34,427 - INFO - Ingress_Mono_Numpy_Converted BWAO17QL
2025-04-12 17:46:34,602 - INFO - Ingress_Mono_Enter 01CX2ZU4
2025-04-12 17:46:34,628 - INFO - Ingress_Mono_Input_Decoded 01CX2ZU4
2025-04-12 17:46:34,630 - INFO - Ingress_Mono_Numpy_Converted 01CX2ZU4
2025-04-12 17:46:35,032 - INFO - Ingress_Mono_Exit BWAO17QL
2025-04-12 17:46:35,565 - INFO - Ingress_Mono_Exit 01CX2ZU4
2025-04-12 17:46:35,895 - INFO - Ingress_Mono_Enter 1QZOP42C
2025-04-12 17:46:35,915 - INFO - Ingress_Mono_Input_Decoded 1QZOP42C
2025-04-12 17:46:35,917 - INFO - Ingress_Mono_Numpy_Converted 1QZOP42C
2025-04-12 17:46:36,177 - INFO - Ingress_Mono_Exit 1QZOP42C
2025-04-12 17:46:38,288 - INFO - Ingress_Mono_Enter S3FBFJ62
2025-04-12 17:46:38,301 - INFO - Ingress_Mono_Input_Decoded S3FBFJ62
2025-04-12 17:46:38,303 - INFO - Ingress_Mono_Numpy_Converted S3FBFJ62
2025-04-12 17:46:38,802 - INFO - Ingress_Mono_Enter VRHGRHBI
2025-04-12 17:46:38,824 - INFO - Ingress_Mono_Input_Decoded VRHGRHBI
2025-04-12 17:46:38,827 - INFO - Ingress_Mono_Numpy_Converted VRHGRHBI
2025-04-12 17:46:39,250 - INFO - Ingress_Mono_Exit VRHGRHBI
2025-04-12 17:46:39,553 - INFO - Ingress_Mono_Exit S3FBFJ62
2025-04-12 17:46:41,810 - INFO - Ingress_Mono_Enter K1S5D8Y0
2025-04-12 17:46:41,835 - INFO - Ingress_Mono_Input_Decoded K1S5D8Y0
2025-04-12 17:46:41,838 - INFO - Ingress_Mono_Numpy_Converted K1S5D8Y0
2025-04-12 17:46:42,156 - INFO - Ingress_Mono_Enter 31DY91G3
2025-04-12 17:46:42,212 - INFO - Ingress_Mono_Input_Decoded 31DY91G3
2025-04-12 17:46:42,217 - INFO - Ingress_Mono_Numpy_Converted 31DY91G3
2025-04-12 17:46:42,239 - INFO - Ingress_Mono_Exit K1S5D8Y0
2025-04-12 17:46:42,656 - INFO - Ingress_Mono_Exit 31DY91G3
2025-04-12 17:46:48,599 - INFO - Ingress_Mono_Enter D9J555V5
2025-04-12 17:46:48,613 - INFO - Ingress_Mono_Input_Decoded D9J555V5
2025-04-12 17:46:48,615 - INFO - Ingress_Mono_Numpy_Converted D9J555V5
2025-04-12 17:46:48,713 - INFO - Ingress_Mono_Enter OSCV3B1H
2025-04-12 17:46:48,735 - INFO - Ingress_Mono_Input_Decoded OSCV3B1H
2025-04-12 17:46:48,737 - INFO - Ingress_Mono_Numpy_Converted OSCV3B1H
2025-04-12 17:46:49,006 - INFO - Ingress_Mono_Enter GIWO3UNQ
2025-04-12 17:46:49,023 - INFO - Ingress_Mono_Input_Decoded GIWO3UNQ
2025-04-12 17:46:49,024 - INFO - Ingress_Mono_Numpy_Converted GIWO3UNQ
2025-04-12 17:46:49,143 - INFO - Ingress_Mono_Exit D9J555V5
2025-04-12 17:46:49,244 - INFO - Ingress_Mono_Exit OSCV3B1H
2025-04-12 17:46:49,918 - INFO - Ingress_Mono_Exit GIWO3UNQ
2025-04-12 17:46:56,811 - INFO - Ingress_Mono_Enter P0X4OKOP
2025-04-12 17:46:56,829 - INFO - Ingress_Mono_Input_Decoded P0X4OKOP
2025-04-12 17:46:56,830 - INFO - Ingress_Mono_Numpy_Converted P0X4OKOP
2025-04-12 17:46:57,731 - INFO - Ingress_Mono_Exit P0X4OKOP
2025-04-12 17:46:58,817 - INFO - Ingress_Mono_Enter 81BGNHYV
2025-04-12 17:46:58,836 - INFO - Ingress_Mono_Input_Decoded 81BGNHYV
2025-04-12 17:46:58,837 - INFO - Ingress_Mono_Numpy_Converted 81BGNHYV
2025-04-12 17:46:59,121 - INFO - Ingress_Mono_Enter UIY1VYZ5
2025-04-12 17:46:59,141 - INFO - Ingress_Mono_Input_Decoded UIY1VYZ5
2025-04-12 17:46:59,143 - INFO - Ingress_Mono_Numpy_Converted UIY1VYZ5
2025-04-12 17:46:59,560 - INFO - Ingress_Mono_Exit UIY1VYZ5
2025-04-12 17:46:59,630 - INFO - Ingress_Mono_Enter O1P7770Q
2025-04-12 17:46:59,657 - INFO - Ingress_Mono_Input_Decoded O1P7770Q
2025-04-12 17:46:59,660 - INFO - Ingress_Mono_Numpy_Converted O1P7770Q
2025-04-12 17:46:59,808 - INFO - Ingress_Mono_Exit 81BGNHYV
2025-04-12 17:47:00,311 - INFO - Ingress_Mono_Enter 2WSX3CED
2025-04-12 17:47:00,327 - INFO - Ingress_Mono_Input_Decoded 2WSX3CED
2025-04-12 17:47:00,328 - INFO - Ingress_Mono_Numpy_Converted 2WSX3CED
2025-04-12 17:47:00,412 - INFO - Ingress_Mono_Exit O1P7770Q
2025-04-12 17:47:00,876 - INFO - Ingress_Mono_Exit 2WSX3CED
2025-04-12 17:47:02,025 - INFO - Ingress_Mono_Enter VP9XJNMX
2025-04-12 17:47:02,047 - INFO - Ingress_Mono_Input_Decoded VP9XJNMX
2025-04-12 17:47:02,049 - INFO - Ingress_Mono_Numpy_Converted VP9XJNMX
2025-04-12 17:47:02,569 - INFO - Ingress_Mono_Exit VP9XJNMX
2025-04-12 17:47:03,028 - INFO - Ingress_Mono_Enter CZQ7G4Q3
2025-04-12 17:47:03,052 - INFO - Ingress_Mono_Input_Decoded CZQ7G4Q3
2025-04-12 17:47:03,055 - INFO - Ingress_Mono_Numpy_Converted CZQ7G4Q3
2025-04-12 17:47:03,336 - INFO - Ingress_Mono_Enter U65S4N21
2025-04-12 17:47:03,364 - INFO - Ingress_Mono_Input_Decoded U65S4N21
2025-04-12 17:47:03,367 - INFO - Ingress_Mono_Numpy_Converted U65S4N21
2025-04-12 17:47:03,414 - INFO - Ingress_Mono_Enter CR1KTKYH
2025-04-12 17:47:03,429 - INFO - Ingress_Mono_Input_Decoded CR1KTKYH
2025-04-12 17:47:03,430 - INFO - Ingress_Mono_Numpy_Converted CR1KTKYH
2025-04-12 17:47:03,536 - INFO - Ingress_Mono_Exit CZQ7G4Q3
2025-04-12 17:47:03,870 - INFO - Ingress_Mono_Exit U65S4N21
2025-04-12 17:47:03,995 - INFO - Ingress_Mono_Exit CR1KTKYH
2025-04-12 17:47:07,520 - INFO - Ingress_Mono_Enter PFZEXORO
2025-04-12 17:47:07,534 - INFO - Ingress_Mono_Input_Decoded PFZEXORO
2025-04-12 17:47:07,535 - INFO - Ingress_Mono_Numpy_Converted PFZEXORO
2025-04-12 17:47:07,787 - INFO - Ingress_Mono_Exit PFZEXORO
2025-04-12 17:47:08,532 - INFO - Ingress_Mono_Enter 73CQG3IF
2025-04-12 17:47:08,555 - INFO - Ingress_Mono_Input_Decoded 73CQG3IF
2025-04-12 17:47:08,558 - INFO - Ingress_Mono_Numpy_Converted 73CQG3IF
2025-04-12 17:47:09,231 - INFO - Ingress_Mono_Exit 73CQG3IF
2025-04-12 17:47:09,926 - INFO - Ingress_Mono_Enter Q9507B4T
2025-04-12 17:47:09,944 - INFO - Ingress_Mono_Input_Decoded Q9507B4T
2025-04-12 17:47:09,945 - INFO - Ingress_Mono_Numpy_Converted Q9507B4T
2025-04-12 17:47:10,316 - INFO - Ingress_Mono_Enter WUG8FQ33
2025-04-12 17:47:10,328 - INFO - Ingress_Mono_Input_Decoded WUG8FQ33
2025-04-12 17:47:10,329 - INFO - Ingress_Mono_Numpy_Converted WUG8FQ33
2025-04-12 17:47:10,662 - INFO - Ingress_Mono_Exit WUG8FQ33
2025-04-12 17:47:10,721 - INFO - Ingress_Mono_Enter FUT4VCK2
2025-04-12 17:47:10,735 - INFO - Ingress_Mono_Input_Decoded FUT4VCK2
2025-04-12 17:47:10,737 - INFO - Ingress_Mono_Numpy_Converted FUT4VCK2
2025-04-12 17:47:10,738 - INFO - Ingress_Mono_Exit Q9507B4T
2025-04-12 17:47:11,028 - INFO - Ingress_Mono_Exit FUT4VCK2
2025-04-12 17:47:14,430 - INFO - Ingress_Mono_Enter 7Q0UVXYD
2025-04-12 17:47:14,449 - INFO - Ingress_Mono_Input_Decoded 7Q0UVXYD
2025-04-12 17:47:14,451 - INFO - Ingress_Mono_Numpy_Converted 7Q0UVXYD
2025-04-12 17:47:15,027 - INFO - Ingress_Mono_Enter TS2ITMVM
2025-04-12 17:47:15,043 - INFO - Ingress_Mono_Input_Decoded TS2ITMVM
2025-04-12 17:47:15,044 - INFO - Ingress_Mono_Numpy_Converted TS2ITMVM
2025-04-12 17:47:15,315 - INFO - Ingress_Mono_Exit 7Q0UVXYD
2025-04-12 17:47:15,590 - INFO - Ingress_Mono_Exit TS2ITMVM
2025-04-12 17:47:15,635 - INFO - Ingress_Mono_Enter XRXN75M6
2025-04-12 17:47:15,656 - INFO - Ingress_Mono_Input_Decoded XRXN75M6
2025-04-12 17:47:15,658 - INFO - Ingress_Mono_Numpy_Converted XRXN75M6
2025-04-12 17:47:15,938 - INFO - Ingress_Mono_Enter HRRM8JLF
2025-04-12 17:47:15,960 - INFO - Ingress_Mono_Input_Decoded HRRM8JLF
2025-04-12 17:47:15,962 - INFO - Ingress_Mono_Numpy_Converted HRRM8JLF
2025-04-12 17:47:16,020 - INFO - Ingress_Mono_Exit XRXN75M6
2025-04-12 17:47:16,333 - INFO - Ingress_Mono_Exit HRRM8JLF
2025-04-12 17:47:16,451 - INFO - Ingress_Mono_Enter NCG93YKL
2025-04-12 17:47:16,480 - INFO - Ingress_Mono_Input_Decoded NCG93YKL
2025-04-12 17:47:16,483 - INFO - Ingress_Mono_Numpy_Converted NCG93YKL
2025-04-12 17:47:16,731 - INFO - Ingress_Mono_Enter W1HQV3W8
2025-04-12 17:47:16,748 - INFO - Ingress_Mono_Input_Decoded W1HQV3W8
2025-04-12 17:47:16,750 - INFO - Ingress_Mono_Numpy_Converted W1HQV3W8
2025-04-12 17:47:17,048 - INFO - Ingress_Mono_Enter T2LH1YPG
2025-04-12 17:47:17,075 - INFO - Ingress_Mono_Input_Decoded T2LH1YPG
2025-04-12 17:47:17,078 - INFO - Ingress_Mono_Numpy_Converted T2LH1YPG
2025-04-12 17:47:17,241 - INFO - Ingress_Mono_Exit NCG93YKL
2025-04-12 17:47:17,368 - INFO - Ingress_Mono_Exit W1HQV3W8
2025-04-12 17:47:17,667 - INFO - Ingress_Mono_Exit T2LH1YPG
