2025-04-01 02:58:08,902 - INFO - Ingress_Enter IDQXFDT0
2025-04-01 02:58:08,969 - INFO - Ingress_Enter JSIKTJAB
2025-04-01 02:58:09,051 - INFO - Ingress_Enter PS7DVWBW
2025-04-01 02:58:09,107 - INFO - Ingress_Enter I6T9FU3T
2025-04-01 02:58:09,287 - INFO - Ingress_Enter PCDAIXLA
2025-04-01 02:58:09,298 - INFO - Ingress_Enter XSZHRN97
2025-04-01 02:58:09,629 - INFO - Ingress_Enter 8AEUI4EY
2025-04-01 02:58:09,817 - INFO - Ingress_Enter 3XVEPFOJ
2025-04-01 02:58:09,845 - INFO - Ingress_Enter L9ZDKOSA
2025-04-01 02:58:09,985 - INFO - Ingress_Exit JSIKTJAB
2025-04-01 02:58:10,054 - INFO - Ingress_Exit IDQXFDT0
2025-04-01 02:58:10,175 - INFO - Ingress_Enter 61L9NYPK
2025-04-01 02:58:10,215 - INFO - Ingress_Enter GJEI3AAI
2025-04-01 02:58:10,243 - INFO - Ingress_Exit I6T9FU3T
2025-04-01 02:58:10,398 - INFO - Ingress_Exit PS7DVWBW
2025-04-01 02:58:10,600 - INFO - Ingress_Exit 8AEUI4EY
2025-04-01 02:58:10,662 - INFO - Ingress_Exit PCDAIXLA
2025-04-01 02:58:10,664 - INFO - Ingress_Exit XSZHRN97
2025-04-01 02:58:10,754 - INFO - Ingress_Enter YPSSMZBG
2025-04-01 02:58:10,870 - INFO - Ingress_Enter EIDI53N7
2025-04-01 02:58:10,921 - INFO - Ingress_Exit L9ZDKOSA
2025-04-01 02:58:10,999 - INFO - Ingress_Enter A8YZIFOE
2025-04-01 02:58:11,037 - INFO - Ingress_Enter 1GZ4MMNH
2025-04-01 02:58:11,046 - INFO - Ingress_Enter A3JLWFXV
2025-04-01 02:58:11,076 - INFO - Ingress_Enter 3IG4V9CY
2025-04-01 02:58:11,134 - INFO - Ingress_Enter XVAP984N
2025-04-01 02:58:11,193 - INFO - Ingress_Exit 61L9NYPK
2025-04-01 02:58:11,198 - INFO - Ingress_Exit 3XVEPFOJ
2025-04-01 02:58:11,214 - INFO - Ingress_Enter 5GTGCH0H
2025-04-01 02:58:11,255 - INFO - Ingress_Enter NGNTAWBG
2025-04-01 02:58:11,283 - INFO - Ingress_Enter 86H8956U
2025-04-01 02:58:11,592 - INFO - Ingress_Exit GJEI3AAI
2025-04-01 02:58:11,772 - INFO - Ingress_Exit A3JLWFXV
2025-04-01 02:58:11,816 - INFO - Ingress_Exit YPSSMZBG
2025-04-01 02:58:11,838 - INFO - Ingress_Exit XVAP984N
2025-04-01 02:58:11,985 - INFO - Ingress_Exit 86H8956U
2025-04-01 02:58:12,001 - INFO - Ingress_Enter 9V39YMR0
2025-04-01 02:58:12,103 - INFO - Ingress_Exit 3IG4V9CY
2025-04-01 02:58:12,112 - INFO - Ingress_Exit EIDI53N7
2025-04-01 02:58:12,119 - INFO - Ingress_Enter 1UZ1IGUJ
2025-04-01 02:58:12,170 - INFO - Ingress_Enter 9R5ZSM4S
2025-04-01 02:58:12,208 - INFO - Ingress_Enter OJ2A58I7
2025-04-01 02:58:12,238 - INFO - Ingress_Enter 4HT9GWK0
2025-04-01 02:58:12,286 - INFO - Ingress_Exit NGNTAWBG
2025-04-01 02:58:12,366 - INFO - Ingress_Exit 5GTGCH0H
2025-04-01 02:58:12,525 - INFO - Ingress_Exit A8YZIFOE
2025-04-01 02:58:12,530 - INFO - Ingress_Enter 8KBBRNXR
2025-04-01 02:58:12,700 - INFO - Ingress_Exit 1GZ4MMNH
2025-04-01 02:58:12,857 - INFO - Ingress_Exit 9V39YMR0
2025-04-01 02:58:12,870 - INFO - Ingress_Enter RI0OLD05
2025-04-01 02:58:12,906 - INFO - Ingress_Enter JEDX60CC
2025-04-01 02:58:13,130 - INFO - Ingress_Enter A7ADVDX1
2025-04-01 02:58:13,295 - INFO - Ingress_Enter B22976YI
2025-04-01 02:58:13,368 - INFO - Ingress_Exit 8KBBRNXR
2025-04-01 02:58:13,368 - INFO - Ingress_Exit 1UZ1IGUJ
2025-04-01 02:58:13,421 - INFO - Ingress_Exit 9R5ZSM4S
2025-04-01 02:58:13,464 - INFO - Ingress_Enter 9UWUYP8I
2025-04-01 02:58:13,476 - INFO - Ingress_Enter TUD9LNY0
2025-04-01 02:58:13,497 - INFO - Ingress_Exit OJ2A58I7
2025-04-01 02:58:13,497 - INFO - Ingress_Exit 4HT9GWK0
2025-04-01 02:58:13,635 - INFO - Ingress_Enter W675V8D0
2025-04-01 02:58:13,719 - INFO - Ingress_Exit RI0OLD05
2025-04-01 02:58:13,732 - INFO - Ingress_Enter QDB3TYJZ
2025-04-01 02:58:13,733 - INFO - Ingress_Exit JEDX60CC
2025-04-01 02:58:13,955 - INFO - Ingress_Enter 5YK1CY2Q
2025-04-01 02:58:13,974 - INFO - Ingress_Enter 0ML7ALIE
2025-04-01 02:58:13,995 - INFO - Ingress_Exit B22976YI
2025-04-01 02:58:13,999 - INFO - Ingress_Exit TUD9LNY0
2025-04-01 02:58:14,064 - INFO - Ingress_Exit A7ADVDX1
2025-04-01 02:58:14,069 - INFO - Ingress_Exit 9UWUYP8I
2025-04-01 02:58:14,147 - INFO - Ingress_Enter MQ2DW1AP
2025-04-01 02:58:14,156 - INFO - Ingress_Enter 8YPWD6JR
2025-04-01 02:58:14,187 - INFO - Ingress_Enter B8LTMLFH
2025-04-01 02:58:14,207 - INFO - Ingress_Enter 69XQXZTM
2025-04-01 02:58:14,258 - INFO - Ingress_Exit QDB3TYJZ
2025-04-01 02:58:14,365 - INFO - Ingress_Enter 4W9GSCR3
2025-04-01 02:58:14,523 - INFO - Ingress_Enter 6JYIDLJQ
2025-04-01 02:58:14,534 - INFO - Ingress_Enter XHQQKCRU
2025-04-01 02:58:14,594 - INFO - Ingress_Enter ML8QPGS6
2025-04-01 02:58:14,627 - INFO - Ingress_Exit W675V8D0
2025-04-01 02:58:14,628 - INFO - Ingress_Exit 0ML7ALIE
2025-04-01 02:58:14,631 - INFO - Ingress_Exit 5YK1CY2Q
2025-04-01 02:58:14,672 - INFO - Ingress_Exit MQ2DW1AP
2025-04-01 02:58:14,845 - INFO - Ingress_Exit 8YPWD6JR
2025-04-01 02:58:14,846 - INFO - Ingress_Exit B8LTMLFH
2025-04-01 02:58:14,942 - INFO - Ingress_Exit 69XQXZTM
2025-04-01 02:58:15,083 - INFO - Ingress_Enter 1C3I0EO6
2025-04-01 02:58:15,084 - INFO - Ingress_Exit 4W9GSCR3
2025-04-01 02:58:15,085 - INFO - Ingress_Enter 6C9KIT6Y
2025-04-01 02:58:15,096 - INFO - Ingress_Enter T4HZVVGQ
2025-04-01 02:58:15,196 - INFO - Ingress_Exit 6JYIDLJQ
2025-04-01 02:58:15,269 - INFO - Ingress_Exit ML8QPGS6
2025-04-01 02:58:15,362 - INFO - Ingress_Exit XHQQKCRU
2025-04-01 02:58:15,382 - INFO - Ingress_Enter HFIJ7OM4
2025-04-01 02:58:15,489 - INFO - Ingress_Enter E8UZWTWX
2025-04-01 02:58:15,517 - INFO - Ingress_Enter JSW3ANSN
2025-04-01 02:58:15,669 - INFO - Ingress_Enter B4ELAH5W
2025-04-01 02:58:15,750 - INFO - Ingress_Enter J9MW7KY3
2025-04-01 02:58:15,751 - INFO - Ingress_Enter 52G78AZ0
2025-04-01 02:58:15,772 - INFO - Ingress_Exit T4HZVVGQ
2025-04-01 02:58:15,794 - INFO - Ingress_Exit 6C9KIT6Y
2025-04-01 02:58:15,807 - INFO - Ingress_Exit 1C3I0EO6
2025-04-01 02:58:15,965 - INFO - Ingress_Exit JSW3ANSN
2025-04-01 02:58:16,039 - INFO - Ingress_Enter NVV06NDF
2025-04-01 02:58:16,193 - INFO - Ingress_Enter 5SXF4YLI
2025-04-01 02:58:16,200 - INFO - Ingress_Exit B4ELAH5W
2025-04-01 02:58:16,203 - INFO - Ingress_Exit HFIJ7OM4
2025-04-01 02:58:16,361 - INFO - Ingress_Exit E8UZWTWX
2025-04-01 02:58:16,369 - INFO - Ingress_Enter 3444ET89
2025-04-01 02:58:16,516 - INFO - Ingress_Exit J9MW7KY3
2025-04-01 02:58:16,598 - INFO - Ingress_Enter ZLFANN5G
2025-04-01 02:58:16,701 - INFO - Ingress_Exit 5SXF4YLI
2025-04-01 02:58:16,748 - INFO - Ingress_Enter TI48RA2F
2025-04-01 02:58:16,769 - INFO - Ingress_Enter X1TR2FEG
2025-04-01 02:58:16,775 - INFO - Ingress_Exit NVV06NDF
2025-04-01 02:58:16,838 - INFO - Ingress_Enter 5GIJWMW5
2025-04-01 02:58:16,844 - INFO - Ingress_Exit 52G78AZ0
2025-04-01 02:58:16,853 - INFO - Ingress_Exit ZLFANN5G
2025-04-01 02:58:16,887 - INFO - Ingress_Enter JVRB6U5L
2025-04-01 02:58:16,984 - INFO - Ingress_Enter YJGRD6WT
2025-04-01 02:58:17,084 - INFO - Ingress_Enter 51IMY2LT
2025-04-01 02:58:17,223 - INFO - Ingress_Enter PACSH70U
2025-04-01 02:58:17,231 - INFO - Ingress_Exit 3444ET89
2025-04-01 02:58:17,339 - INFO - Ingress_Exit JVRB6U5L
2025-04-01 02:58:17,342 - INFO - Ingress_Enter 4PWL25SK
2025-04-01 02:58:17,485 - INFO - Ingress_Exit 5GIJWMW5
2025-04-01 02:58:17,500 - INFO - Ingress_Enter 51IFW2ZG
2025-04-01 02:58:17,519 - INFO - Ingress_Enter IUIJ5HIJ
2025-04-01 02:58:17,666 - INFO - Ingress_Exit PACSH70U
2025-04-01 02:58:17,670 - INFO - Ingress_Exit 51IMY2LT
2025-04-01 02:58:17,714 - INFO - Ingress_Exit YJGRD6WT
2025-04-01 02:58:17,785 - INFO - Ingress_Exit TI48RA2F
2025-04-01 02:58:17,786 - INFO - Ingress_Enter 54D7VZLH
2025-04-01 02:58:17,786 - INFO - Ingress_Exit X1TR2FEG
2025-04-01 02:58:17,873 - INFO - Ingress_Enter OWJYNPQ2
2025-04-01 02:58:17,882 - INFO - Ingress_Enter ALT7LZ1I
2025-04-01 02:58:17,972 - INFO - Ingress_Enter CFB7EP6T
2025-04-01 02:58:18,000 - INFO - Ingress_Enter DDF00XPO
2025-04-01 02:58:18,011 - INFO - Ingress_Exit 51IFW2ZG
2025-04-01 02:58:18,111 - INFO - Ingress_Enter 2OLO2YSV
2025-04-01 02:58:18,221 - INFO - Ingress_Exit 4PWL25SK
2025-04-01 02:58:18,223 - INFO - Ingress_Exit ALT7LZ1I
2025-04-01 02:58:18,239 - INFO - Ingress_Enter FY2P8F0E
2025-04-01 02:58:18,278 - INFO - Ingress_Exit IUIJ5HIJ
2025-04-01 02:58:18,325 - INFO - Ingress_Exit OWJYNPQ2
2025-04-01 02:58:18,357 - INFO - Ingress_Enter PQ6RFNK1
2025-04-01 02:58:18,388 - INFO - Ingress_Enter GXUI0GLV
2025-04-01 02:58:18,426 - INFO - Ingress_Enter JZ4NTOUP
2025-04-01 02:58:18,467 - INFO - Ingress_Enter XO00S1P6
2025-04-01 02:58:18,505 - INFO - Ingress_Enter EE9N583F
2025-04-01 02:58:18,541 - INFO - Ingress_Exit CFB7EP6T
2025-04-01 02:58:18,581 - INFO - Ingress_Exit 54D7VZLH
2025-04-01 02:58:18,634 - INFO - Ingress_Exit FY2P8F0E
2025-04-01 02:58:18,852 - INFO - Ingress_Exit DDF00XPO
2025-04-01 02:58:18,863 - INFO - Ingress_Exit 2OLO2YSV
2025-04-01 02:58:18,912 - INFO - Ingress_Enter T0HN2TW4
2025-04-01 02:58:18,929 - INFO - Ingress_Exit XO00S1P6
2025-04-01 02:58:18,931 - INFO - Ingress_Enter G6VSDWNK
2025-04-01 02:58:18,941 - INFO - Ingress_Enter DNPX8BG1
2025-04-01 02:58:18,984 - INFO - Ingress_Exit GXUI0GLV
2025-04-01 02:58:18,985 - INFO - Ingress_Exit JZ4NTOUP
2025-04-01 02:58:18,990 - INFO - Ingress_Enter KDWFAVA0
2025-04-01 02:58:19,003 - INFO - Ingress_Enter KF9IF6V4
2025-04-01 02:58:19,023 - INFO - Ingress_Enter 1QAFHPRV
2025-04-01 02:58:19,038 - INFO - Ingress_Exit PQ6RFNK1
2025-04-01 02:58:19,148 - INFO - Ingress_Enter O12S8RDO
2025-04-01 02:58:19,227 - INFO - Ingress_Enter ETA41ACO
2025-04-01 02:58:19,330 - INFO - Ingress_Exit EE9N583F
2025-04-01 02:58:19,388 - INFO - Ingress_Enter 6JR857XR
2025-04-01 02:58:19,395 - INFO - Ingress_Enter 5UGVZUDB
2025-04-01 02:58:19,448 - INFO - Ingress_Enter 71G68SGW
2025-04-01 02:58:19,469 - INFO - Ingress_Exit DNPX8BG1
2025-04-01 02:58:19,483 - INFO - Ingress_Enter HMAPGQFK
2025-04-01 02:58:19,517 - INFO - Ingress_Exit T0HN2TW4
2025-04-01 02:58:19,562 - INFO - Ingress_Exit O12S8RDO
2025-04-01 02:58:19,616 - INFO - Ingress_Exit KDWFAVA0
2025-04-01 02:58:19,630 - INFO - Ingress_Enter CHRKEHPJ
2025-04-01 02:58:19,762 - INFO - Ingress_Enter 0L809XV1
2025-04-01 02:58:19,801 - INFO - Ingress_Exit G6VSDWNK
2025-04-01 02:58:19,804 - INFO - Ingress_Enter F8GAH1SD
2025-04-01 02:58:19,805 - INFO - Ingress_Exit KF9IF6V4
2025-04-01 02:58:19,815 - INFO - Ingress_Enter SJKNHU7H
2025-04-01 02:58:19,832 - INFO - Ingress_Exit 1QAFHPRV
2025-04-01 02:58:20,016 - INFO - Ingress_Enter RF7WGG26
2025-04-01 02:58:20,044 - INFO - Ingress_Exit ETA41ACO
2025-04-01 02:58:20,068 - INFO - Ingress_Exit 6JR857XR
2025-04-01 02:58:20,109 - INFO - Ingress_Enter IE2RNOZP
2025-04-01 02:58:20,119 - INFO - Ingress_Enter 0QV7FESN
2025-04-01 02:58:20,126 - INFO - Ingress_Exit 5UGVZUDB
2025-04-01 02:58:20,150 - INFO - Ingress_Exit HMAPGQFK
2025-04-01 02:58:20,247 - INFO - Ingress_Exit SJKNHU7H
2025-04-01 02:58:20,250 - INFO - Ingress_Exit CHRKEHPJ
2025-04-01 02:58:20,252 - INFO - Ingress_Exit 71G68SGW
2025-04-01 02:58:20,361 - INFO - Ingress_Enter VOKDGO63
2025-04-01 02:58:20,374 - INFO - Ingress_Enter PT7CPDE0
2025-04-01 02:58:20,379 - INFO - Ingress_Exit 0L809XV1
2025-04-01 02:58:20,382 - INFO - Ingress_Exit F8GAH1SD
2025-04-01 02:58:20,383 - INFO - Ingress_Enter 7U64PK8F
2025-04-01 02:58:20,411 - INFO - Ingress_Enter 5SW3S4G5
2025-04-01 02:58:20,469 - INFO - Ingress_Enter AISW8CT0
2025-04-01 02:58:20,518 - INFO - Ingress_Exit RF7WGG26
2025-04-01 02:58:20,596 - INFO - Ingress_Enter 7NA6PZ4J
2025-04-01 02:58:20,603 - INFO - Ingress_Exit IE2RNOZP
2025-04-01 02:58:20,618 - INFO - Ingress_Enter 030WHKQB
2025-04-01 02:58:20,688 - INFO - Ingress_Enter E3RGIRQA
2025-04-01 02:58:20,796 - INFO - Ingress_Exit 0QV7FESN
2025-04-01 02:58:20,813 - INFO - Ingress_Enter PBHA646G
2025-04-01 02:58:20,862 - INFO - Ingress_Enter 5L7EES5K
2025-04-01 02:58:20,914 - INFO - Ingress_Enter KIWV2TO9
2025-04-01 02:58:21,014 - INFO - Ingress_Exit VOKDGO63
2025-04-01 02:58:21,100 - INFO - Ingress_Exit AISW8CT0
2025-04-01 02:58:21,108 - INFO - Ingress_Exit 7U64PK8F
2025-04-01 02:58:21,109 - INFO - Ingress_Exit 5SW3S4G5
2025-04-01 02:58:21,112 - INFO - Ingress_Enter 9JL55GBG
2025-04-01 02:58:21,151 - INFO - Ingress_Enter SFQECJ8O
2025-04-01 02:58:21,275 - INFO - Ingress_Exit 030WHKQB
2025-04-01 02:58:21,313 - INFO - Ingress_Exit PT7CPDE0
2025-04-01 02:58:21,314 - INFO - Ingress_Exit PBHA646G
2025-04-01 02:58:21,382 - INFO - Ingress_Exit 7NA6PZ4J
2025-04-01 02:58:21,389 - INFO - Ingress_Enter TS19ILRM
2025-04-01 02:58:21,406 - INFO - Ingress_Enter PGEH3AHZ
2025-04-01 02:58:21,407 - INFO - Ingress_Exit KIWV2TO9
2025-04-01 02:58:21,407 - INFO - Ingress_Exit E3RGIRQA
2025-04-01 02:58:21,424 - INFO - Ingress_Enter 61H6PVCS
2025-04-01 02:58:21,629 - INFO - Ingress_Exit 5L7EES5K
2025-04-01 02:58:21,642 - INFO - Ingress_Exit 9JL55GBG
2025-04-01 02:58:21,780 - INFO - Ingress_Exit PGEH3AHZ
2025-04-01 02:58:21,874 - INFO - Ingress_Exit SFQECJ8O
2025-04-01 02:58:21,887 - INFO - Ingress_Enter RFA3U8C5
2025-04-01 02:58:21,997 - INFO - Ingress_Exit 61H6PVCS
2025-04-01 02:58:22,023 - INFO - Ingress_Enter 3IN6N6PR
2025-04-01 02:58:22,039 - INFO - Ingress_Exit TS19ILRM
2025-04-01 02:58:22,045 - INFO - Ingress_Enter XX2Y2FA9
2025-04-01 02:58:22,192 - INFO - Ingress_Enter CRVLVH9W
2025-04-01 02:58:22,221 - INFO - Ingress_Enter 55B2J4G1
2025-04-01 02:58:22,278 - INFO - Ingress_Enter CHQ3LAW1
2025-04-01 02:58:22,489 - INFO - Ingress_Enter 3A10UFBB
2025-04-01 02:58:22,538 - INFO - Ingress_Exit XX2Y2FA9
2025-04-01 02:58:22,598 - INFO - Ingress_Enter P4TMA8G8
2025-04-01 02:58:22,630 - INFO - Ingress_Exit RFA3U8C5
2025-04-01 02:58:22,632 - INFO - Ingress_Exit 3IN6N6PR
2025-04-01 02:58:22,728 - INFO - Ingress_Exit CRVLVH9W
2025-04-01 02:58:22,736 - INFO - Ingress_Enter E39S8R7D
2025-04-01 02:58:22,805 - INFO - Ingress_Enter V8KUSWE2
2025-04-01 02:58:22,825 - INFO - Ingress_Exit 55B2J4G1
2025-04-01 02:58:22,835 - INFO - Ingress_Enter THSRN4E8
2025-04-01 02:58:22,844 - INFO - Ingress_Enter MBZPM44H
2025-04-01 02:58:22,883 - INFO - Ingress_Exit CHQ3LAW1
2025-04-01 02:58:22,963 - INFO - Ingress_Enter 4XQILJ2F
2025-04-01 02:58:22,965 - INFO - Ingress_Exit E39S8R7D
2025-04-01 02:58:22,971 - INFO - Ingress_Enter 3FRVV6CY
2025-04-01 02:58:23,110 - INFO - Ingress_Enter 01HQGDP8
2025-04-01 02:58:23,177 - INFO - Ingress_Enter P6JJROS3
2025-04-01 02:58:23,218 - INFO - Ingress_Exit 3A10UFBB
2025-04-01 02:58:23,229 - INFO - Ingress_Exit MBZPM44H
2025-04-01 02:58:23,408 - INFO - Ingress_Exit 4XQILJ2F
2025-04-01 02:58:23,419 - INFO - Ingress_Exit V8KUSWE2
2025-04-01 02:58:23,422 - INFO - Ingress_Exit THSRN4E8
2025-04-01 02:58:23,445 - INFO - Ingress_Exit P4TMA8G8
2025-04-01 02:58:23,503 - INFO - Ingress_Enter K8GVX2JE
2025-04-01 02:58:23,581 - INFO - Ingress_Enter 9UYEQL90
2025-04-01 02:58:23,583 - INFO - Ingress_Exit 01HQGDP8
2025-04-01 02:58:23,584 - INFO - Ingress_Exit 3FRVV6CY
2025-04-01 02:58:23,802 - INFO - Ingress_Enter 06HNIMOF
2025-04-01 02:58:23,862 - INFO - Ingress_Enter F7OKG55B
2025-04-01 02:58:23,890 - INFO - Ingress_Enter 3D550IRI
2025-04-01 02:58:23,891 - INFO - Ingress_Enter 5DG3JVHX
2025-04-01 02:58:23,965 - INFO - Ingress_Exit 9UYEQL90
2025-04-01 02:58:24,026 - INFO - Ingress_Exit K8GVX2JE
2025-04-01 02:58:24,031 - INFO - Ingress_Exit P6JJROS3
2025-04-01 02:58:24,090 - INFO - Ingress_Enter 9WQZYLFQ
2025-04-01 02:58:24,146 - INFO - Ingress_Exit 06HNIMOF
2025-04-01 02:58:24,169 - INFO - Ingress_Exit 5DG3JVHX
2025-04-01 02:58:24,227 - INFO - Ingress_Enter XH60CT6P
2025-04-01 02:58:24,238 - INFO - Ingress_Enter GB95T1M8
2025-04-01 02:58:24,258 - INFO - Ingress_Enter GN45KON4
2025-04-01 02:58:24,349 - INFO - Ingress_Exit 3D550IRI
2025-04-01 02:58:24,353 - INFO - Ingress_Exit F7OKG55B
2025-04-01 02:58:24,385 - INFO - Ingress_Enter RQF5RTX2
2025-04-01 02:58:24,474 - INFO - Ingress_Enter 0RG1ILSM
2025-04-01 02:58:24,552 - INFO - Ingress_Enter 5ZRRNK5B
2025-04-01 02:58:24,559 - INFO - Ingress_Exit 9WQZYLFQ
2025-04-01 02:58:24,651 - INFO - Ingress_Enter JVMCDFEX
2025-04-01 02:58:24,700 - INFO - Ingress_Exit GB95T1M8
2025-04-01 02:58:24,751 - INFO - Ingress_Exit GN45KON4
2025-04-01 02:58:24,755 - INFO - Ingress_Enter Y2SX5SRN
2025-04-01 02:58:24,823 - INFO - Ingress_Enter 9ECVFLHL
2025-04-01 02:58:24,833 - INFO - Ingress_Exit 0RG1ILSM
2025-04-01 02:58:24,842 - INFO - Ingress_Enter TVF60ZSS
2025-04-01 02:58:24,961 - INFO - Ingress_Enter NLOJEAOI
2025-04-01 02:58:25,001 - INFO - Ingress_Exit RQF5RTX2
2025-04-01 02:58:25,101 - INFO - Ingress_Exit XH60CT6P
2025-04-01 02:58:25,119 - INFO - Ingress_Enter OWPB6VHZ
2025-04-01 02:58:25,120 - INFO - Ingress_Enter VOXJOT8V
2025-04-01 02:58:25,239 - INFO - Ingress_Enter MZ3Z6ZBJ
2025-04-01 02:58:25,252 - INFO - Ingress_Exit Y2SX5SRN
2025-04-01 02:58:25,255 - INFO - Ingress_Exit 5ZRRNK5B
2025-04-01 02:58:25,280 - INFO - Ingress_Exit JVMCDFEX
2025-04-01 02:58:25,299 - INFO - Ingress_Enter ICYSBTH0
2025-04-01 02:58:25,356 - INFO - Ingress_Enter HK8S1LWT
2025-04-01 02:58:25,380 - INFO - Ingress_Exit 9ECVFLHL
2025-04-01 02:58:25,427 - INFO - Ingress_Exit NLOJEAOI
2025-04-01 02:58:25,486 - INFO - Ingress_Enter K62Z2RT3
2025-04-01 02:58:25,535 - INFO - Ingress_Exit ICYSBTH0
2025-04-01 02:58:25,543 - INFO - Ingress_Enter 27EXA1UY
2025-04-01 02:58:25,613 - INFO - Ingress_Exit TVF60ZSS
2025-04-01 02:58:25,652 - INFO - Ingress_Enter WGVJ09O3
2025-04-01 02:58:25,704 - INFO - Ingress_Exit VOXJOT8V
2025-04-01 02:58:25,765 - INFO - Ingress_Exit OWPB6VHZ
2025-04-01 02:58:25,829 - INFO - Ingress_Exit MZ3Z6ZBJ
2025-04-01 02:58:25,943 - INFO - Ingress_Enter KY81QLF1
2025-04-01 02:58:26,049 - INFO - Ingress_Exit K62Z2RT3
2025-04-01 02:58:26,063 - INFO - Ingress_Enter JKVDDIBG
2025-04-01 02:58:26,082 - INFO - Ingress_Enter YM9CO3LA
2025-04-01 02:58:26,103 - INFO - Ingress_Exit HK8S1LWT
2025-04-01 02:58:26,152 - INFO - Ingress_Enter JT062ZJW
2025-04-01 02:58:26,166 - INFO - Ingress_Exit 27EXA1UY
2025-04-01 02:58:26,182 - INFO - Ingress_Enter UALY4N5V
2025-04-01 02:58:26,223 - INFO - Ingress_Enter F05XL92E
2025-04-01 02:58:26,299 - INFO - Ingress_Exit WGVJ09O3
2025-04-01 02:58:26,401 - INFO - Ingress_Enter HR3YBAFW
2025-04-01 02:58:26,421 - INFO - Ingress_Enter JOR97OIP
2025-04-01 02:58:26,441 - INFO - Ingress_Enter DJP8YAKI
2025-04-01 02:58:26,531 - INFO - Ingress_Exit JT062ZJW
2025-04-01 02:58:26,599 - INFO - Ingress_Enter AGLBYI98
2025-04-01 02:58:26,706 - INFO - Ingress_Exit JKVDDIBG
2025-04-01 02:58:26,806 - INFO - Ingress_Exit UALY4N5V
2025-04-01 02:58:26,838 - INFO - Ingress_Exit KY81QLF1
2025-04-01 02:58:26,869 - INFO - Ingress_Exit YM9CO3LA
2025-04-01 02:58:26,963 - INFO - Ingress_Exit HR3YBAFW
2025-04-01 02:58:26,980 - INFO - Ingress_Exit JOR97OIP
2025-04-01 02:58:27,017 - INFO - Ingress_Exit DJP8YAKI
2025-04-01 02:58:27,020 - INFO - Ingress_Exit F05XL92E
2025-04-01 02:58:27,039 - INFO - Ingress_Exit AGLBYI98
2025-04-01 02:58:27,333 - INFO - Ingress_Enter IDPNJK4J
2025-04-01 02:58:27,334 - INFO - Ingress_Enter KKGTCEN8
2025-04-01 02:58:27,375 - INFO - Ingress_Enter 2P0EQOYI
2025-04-01 02:58:27,382 - INFO - Ingress_Enter 8UOZBEAO
2025-04-01 02:58:27,455 - INFO - Ingress_Enter 4S53CB3L
2025-04-01 02:58:27,531 - INFO - Ingress_Enter 25HPDLGQ
2025-04-01 02:58:27,563 - INFO - Ingress_Enter T4B25C8Z
2025-04-01 02:58:27,630 - INFO - Ingress_Enter 0L3JOCOL
2025-04-01 02:58:27,661 - INFO - Ingress_Enter RIP98BIA
2025-04-01 02:58:27,690 - INFO - Ingress_Enter CY8FWIWV
2025-04-01 02:58:27,746 - INFO - Ingress_Exit 8UOZBEAO
2025-04-01 02:58:27,798 - INFO - Ingress_Exit KKGTCEN8
2025-04-01 02:58:27,851 - INFO - Ingress_Exit IDPNJK4J
2025-04-01 02:58:27,918 - INFO - Ingress_Exit 4S53CB3L
2025-04-01 02:58:27,925 - INFO - Ingress_Enter O84NQHUN
2025-04-01 02:58:27,981 - INFO - Ingress_Enter LZVHN45D
2025-04-01 02:58:28,024 - INFO - Ingress_Exit T4B25C8Z
2025-04-01 02:58:28,025 - INFO - Ingress_Exit 0L3JOCOL
2025-04-01 02:58:28,043 - INFO - Ingress_Enter PTSZ74D2
2025-04-01 02:58:28,096 - INFO - Ingress_Exit 25HPDLGQ
2025-04-01 02:58:28,096 - INFO - Ingress_Exit 2P0EQOYI
2025-04-01 02:58:28,236 - INFO - Ingress_Exit CY8FWIWV
2025-04-01 02:58:28,293 - INFO - Ingress_Enter DO9633UQ
2025-04-01 02:58:28,366 - INFO - Ingress_Exit RIP98BIA
2025-04-01 02:58:28,377 - INFO - Ingress_Enter W9XXPKVI
2025-04-01 02:58:28,420 - INFO - Ingress_Exit LZVHN45D
2025-04-01 02:58:28,486 - INFO - Ingress_Enter ZXH0DLSO
2025-04-01 02:58:28,493 - INFO - Ingress_Enter 8JS20680
2025-04-01 02:58:28,634 - INFO - Ingress_Enter FE7MIX1L
2025-04-01 02:58:28,655 - INFO - Ingress_Exit O84NQHUN
2025-04-01 02:58:28,682 - INFO - Ingress_Enter QV7V8UFQ
2025-04-01 02:58:28,696 - INFO - Ingress_Exit PTSZ74D2
2025-04-01 02:58:28,712 - INFO - Ingress_Enter Q9L8XA3I
2025-04-01 02:58:28,900 - INFO - Ingress_Enter DFEBEZRQ
2025-04-01 02:58:29,037 - INFO - Ingress_Exit DO9633UQ
2025-04-01 02:58:29,105 - INFO - Ingress_Exit QV7V8UFQ
2025-04-01 02:58:29,115 - INFO - Ingress_Enter IEG1X8DJ
2025-04-01 02:58:29,134 - INFO - Ingress_Enter EXXAK7VE
2025-04-01 02:58:29,154 - INFO - Ingress_Enter CD44A58J
2025-04-01 02:58:29,170 - INFO - Ingress_Exit W9XXPKVI
2025-04-01 02:58:29,198 - INFO - Ingress_Exit ZXH0DLSO
2025-04-01 02:58:29,318 - INFO - Ingress_Exit FE7MIX1L
2025-04-01 02:58:29,319 - INFO - Ingress_Exit 8JS20680
2025-04-01 02:58:29,381 - INFO - Ingress_Exit Q9L8XA3I
2025-04-01 02:58:29,526 - INFO - Ingress_Enter T43G0S4I
2025-04-01 02:58:29,594 - INFO - Ingress_Enter B53F6QWM
2025-04-01 02:58:29,624 - INFO - Ingress_Enter N4L8PA8C
2025-04-01 02:58:29,640 - INFO - Ingress_Enter W8JN3IXY
2025-04-01 02:58:29,656 - INFO - Ingress_Exit IEG1X8DJ
2025-04-01 02:58:29,710 - INFO - Ingress_Exit DFEBEZRQ
2025-04-01 02:58:29,733 - INFO - Ingress_Exit EXXAK7VE
2025-04-01 02:58:29,791 - INFO - Ingress_Exit CD44A58J
2025-04-01 02:58:29,799 - INFO - Ingress_Enter CEUUQKTH
2025-04-01 02:58:29,830 - INFO - Ingress_Enter H8TODH7D
2025-04-01 02:58:29,920 - INFO - Ingress_Enter 4APNJ2UQ
2025-04-01 02:58:29,927 - INFO - Ingress_Enter IFQ5DDV5
2025-04-01 02:58:29,967 - INFO - Ingress_Enter IV48XO58
2025-04-01 02:58:30,030 - INFO - Ingress_Exit W8JN3IXY
2025-04-01 02:58:30,118 - INFO - Ingress_Exit B53F6QWM
2025-04-01 02:58:30,176 - INFO - Ingress_Enter 5J10OS1P
2025-04-01 02:58:30,226 - INFO - Ingress_Enter L5BTNPXU
2025-04-01 02:58:30,294 - INFO - Ingress_Exit CEUUQKTH
2025-04-01 02:58:30,468 - INFO - Ingress_Exit H8TODH7D
2025-04-01 02:58:30,486 - INFO - Ingress_Enter RNKJP248
2025-04-01 02:58:30,504 - INFO - Ingress_Exit N4L8PA8C
2025-04-01 02:58:30,506 - INFO - Ingress_Exit T43G0S4I
2025-04-01 02:58:30,619 - INFO - Ingress_Enter 32SDAIWO
2025-04-01 02:58:30,709 - INFO - Ingress_Exit L5BTNPXU
2025-04-01 02:58:30,710 - INFO - Ingress_Exit 4APNJ2UQ
2025-04-01 02:58:30,712 - INFO - Ingress_Exit IV48XO58
2025-04-01 02:58:30,748 - INFO - Ingress_Exit IFQ5DDV5
2025-04-01 02:58:30,943 - INFO - Ingress_Exit 5J10OS1P
2025-04-01 02:58:30,986 - INFO - Ingress_Enter TH8HE3G4
2025-04-01 02:58:30,995 - INFO - Ingress_Enter 2TQ5GI1U
2025-04-01 02:58:31,104 - INFO - Ingress_Enter GLFUXLVX
2025-04-01 02:58:31,133 - INFO - Ingress_Enter R00NHWO4
2025-04-01 02:58:31,150 - INFO - Ingress_Enter L53NU849
2025-04-01 02:58:31,171 - INFO - Ingress_Enter 4A4WOALS
2025-04-01 02:58:31,224 - INFO - Ingress_Exit RNKJP248
2025-04-01 02:58:31,225 - INFO - Ingress_Exit 32SDAIWO
2025-04-01 02:58:31,293 - INFO - Ingress_Exit R00NHWO4
2025-04-01 02:58:31,334 - INFO - Ingress_Enter MUZ8XR4U
2025-04-01 02:58:31,398 - INFO - Ingress_Enter 8FW6H477
2025-04-01 02:58:31,466 - INFO - Ingress_Enter RPHYKS75
2025-04-01 02:58:31,488 - INFO - Ingress_Enter 41UXX9EA
2025-04-01 02:58:31,490 - INFO - Ingress_Exit L53NU849
2025-04-01 02:58:31,497 - INFO - Ingress_Exit TH8HE3G4
2025-04-01 02:58:31,617 - INFO - Ingress_Exit 2TQ5GI1U
2025-04-01 02:58:31,664 - INFO - Ingress_Exit GLFUXLVX
2025-04-01 02:58:31,750 - INFO - Ingress_Exit RPHYKS75
2025-04-01 02:58:31,855 - INFO - Ingress_Enter W5CS3U2D
2025-04-01 02:58:31,858 - INFO - Ingress_Exit MUZ8XR4U
2025-04-01 02:58:31,868 - INFO - Ingress_Enter Y8787F6A
2025-04-01 02:58:31,898 - INFO - Ingress_Enter 5RYKZ67F
2025-04-01 02:58:31,918 - INFO - Ingress_Enter 6VI8038I
2025-04-01 02:58:32,018 - INFO - Ingress_Enter 10DFP9V7
2025-04-01 02:58:32,088 - INFO - Ingress_Exit 8FW6H477
2025-04-01 02:58:32,101 - INFO - Ingress_Exit 41UXX9EA
2025-04-01 02:58:32,129 - INFO - Ingress_Exit 4A4WOALS
2025-04-01 02:58:32,159 - INFO - Ingress_Enter J7PRVV78
2025-04-01 02:58:32,160 - INFO - Ingress_Exit Y8787F6A
2025-04-01 02:58:32,258 - INFO - Ingress_Exit W5CS3U2D
2025-04-01 02:58:32,314 - INFO - Ingress_Exit 10DFP9V7
2025-04-01 02:58:32,434 - INFO - Ingress_Enter VSY9KEFG
2025-04-01 02:58:32,436 - INFO - Ingress_Exit 5RYKZ67F
2025-04-01 02:58:32,441 - INFO - Ingress_Exit 6VI8038I
2025-04-01 02:58:32,615 - INFO - Ingress_Enter 2YVEUTAK
2025-04-01 02:58:32,680 - INFO - Ingress_Enter 0AQXB1RC
2025-04-01 02:58:32,709 - INFO - Ingress_Exit VSY9KEFG
2025-04-01 02:58:32,736 - INFO - Ingress_Exit J7PRVV78
2025-04-01 02:58:32,741 - INFO - Ingress_Enter J63CQ20F
2025-04-01 02:58:32,860 - INFO - Ingress_Enter 1Z3483FV
2025-04-01 02:58:32,913 - INFO - Ingress_Exit 2YVEUTAK
2025-04-01 02:58:33,007 - INFO - Ingress_Enter W6JW3P30
2025-04-01 02:58:33,058 - INFO - Ingress_Enter VGYAYRZ1
2025-04-01 02:58:33,100 - INFO - Ingress_Exit J63CQ20F
2025-04-01 02:58:33,218 - INFO - Ingress_Enter ASL4TQYH
2025-04-01 02:58:33,238 - INFO - Ingress_Enter A0D3S3UZ
2025-04-01 02:58:33,387 - INFO - Ingress_Enter 7TKP3LNI
2025-04-01 02:58:33,394 - INFO - Ingress_Enter OUQG090N
2025-04-01 02:58:33,428 - INFO - Ingress_Exit W6JW3P30
2025-04-01 02:58:33,653 - INFO - Ingress_Enter N2J1C36Y
2025-04-01 02:58:33,700 - INFO - Ingress_Enter O7348JIW
2025-04-01 02:58:33,768 - INFO - Ingress_Exit A0D3S3UZ
2025-04-01 02:58:33,781 - INFO - Ingress_Enter NMLPC3UX
2025-04-01 02:58:33,801 - INFO - Ingress_Enter 1CGHFJV1
2025-04-01 02:58:33,857 - INFO - Ingress_Exit 1Z3483FV
2025-04-01 02:58:34,048 - INFO - Ingress_Enter BFM14MPQ
2025-04-01 02:58:34,049 - INFO - Ingress_Exit O7348JIW
2025-04-01 02:58:34,056 - INFO - Ingress_Exit ASL4TQYH
2025-04-01 02:58:34,114 - INFO - Ingress_Exit 0AQXB1RC
2025-04-01 02:58:34,117 - INFO - Ingress_Exit VGYAYRZ1
2025-04-01 02:58:34,128 - INFO - Ingress_Exit 7TKP3LNI
2025-04-01 02:58:34,268 - INFO - Ingress_Enter KIYA96M8
2025-04-01 02:58:34,291 - INFO - Ingress_Exit N2J1C36Y
2025-04-01 02:58:34,329 - INFO - Ingress_Enter RR99X7EL
2025-04-01 02:58:34,379 - INFO - Ingress_Exit OUQG090N
2025-04-01 02:58:34,471 - INFO - Ingress_Exit 1CGHFJV1
2025-04-01 02:58:34,736 - INFO - Ingress_Exit NMLPC3UX
2025-04-01 02:58:34,757 - INFO - Ingress_Exit BFM14MPQ
2025-04-01 02:58:34,800 - INFO - Ingress_Enter R5172SOC
2025-04-01 02:58:34,814 - INFO - Ingress_Enter KJ42F575
2025-04-01 02:58:34,824 - INFO - Ingress_Enter CCNWAP25
2025-04-01 02:58:34,831 - INFO - Ingress_Enter ZE28H04U
2025-04-01 02:58:34,834 - INFO - Ingress_Enter Z0SGGFBI
2025-04-01 02:58:35,001 - INFO - Ingress_Exit KIYA96M8
2025-04-01 02:58:35,041 - INFO - Ingress_Exit RR99X7EL
2025-04-01 02:58:35,083 - INFO - Ingress_Enter 0834CLCJ
2025-04-01 02:58:35,148 - INFO - Ingress_Enter 357OB797
2025-04-01 02:58:35,198 - INFO - Ingress_Exit R5172SOC
2025-04-01 02:58:35,200 - INFO - Ingress_Exit ZE28H04U
2025-04-01 02:58:35,202 - INFO - Ingress_Enter U2NDEJ1G
2025-04-01 02:58:35,328 - INFO - Ingress_Enter K5BDFJD6
2025-04-01 02:58:35,369 - INFO - Ingress_Exit CCNWAP25
2025-04-01 02:58:35,410 - INFO - Ingress_Exit 357OB797
2025-04-01 02:58:35,415 - INFO - Ingress_Enter GG3Z7EY6
2025-04-01 02:58:35,426 - INFO - Ingress_Enter OW6MQ1N1
2025-04-01 02:58:35,519 - INFO - Ingress_Exit KJ42F575
2025-04-01 02:58:35,521 - INFO - Ingress_Enter X48JKQM0
2025-04-01 02:58:35,695 - INFO - Ingress_Enter LUPAB57H
2025-04-01 02:58:35,701 - INFO - Ingress_Exit 0834CLCJ
2025-04-01 02:58:35,765 - INFO - Ingress_Exit X48JKQM0
2025-04-01 02:58:35,828 - INFO - Ingress_Enter Q0BA99XX
2025-04-01 02:58:35,874 - INFO - Ingress_Exit GG3Z7EY6
2025-04-01 02:58:35,883 - INFO - Ingress_Enter B5369V01
2025-04-01 02:58:35,934 - INFO - Ingress_Enter SDVHFL68
2025-04-01 02:58:35,957 - INFO - Ingress_Exit K5BDFJD6
2025-04-01 02:58:36,049 - INFO - Ingress_Exit OW6MQ1N1
2025-04-01 02:58:36,128 - INFO - Ingress_Exit Z0SGGFBI
2025-04-01 02:58:36,129 - INFO - Ingress_Enter 2GXKHHEU
2025-04-01 02:58:36,132 - INFO - Ingress_Exit U2NDEJ1G
2025-04-01 02:58:36,148 - INFO - Ingress_Enter L8V0UFOB
2025-04-01 02:58:36,249 - INFO - Ingress_Enter HDBUYPJL
2025-04-01 02:58:36,319 - INFO - Ingress_Exit LUPAB57H
2025-04-01 02:58:36,380 - INFO - Ingress_Enter X02V285M
2025-04-01 02:58:36,431 - INFO - Ingress_Enter 5JE72I45
2025-04-01 02:58:36,534 - INFO - Ingress_Exit Q0BA99XX
2025-04-01 02:58:36,641 - INFO - Ingress_Enter LCOBFDJF
2025-04-01 02:58:36,650 - INFO - Ingress_Enter 2XJ3AIGK
2025-04-01 02:58:36,655 - INFO - Ingress_Exit B5369V01
2025-04-01 02:58:36,763 - INFO - Ingress_Enter F5810A99
2025-04-01 02:58:36,781 - INFO - Ingress_Exit 2GXKHHEU
2025-04-01 02:58:36,785 - INFO - Ingress_Exit L8V0UFOB
2025-04-01 02:58:36,786 - INFO - Ingress_Exit HDBUYPJL
2025-04-01 02:58:36,901 - INFO - Ingress_Exit SDVHFL68
2025-04-01 02:58:36,942 - INFO - Ingress_Enter SV2RIGEU
2025-04-01 02:58:36,979 - INFO - Ingress_Enter 8KSDX2RP
2025-04-01 02:58:37,031 - INFO - Ingress_Enter RCCHNG8I
2025-04-01 02:58:37,128 - INFO - Ingress_Exit X02V285M
2025-04-01 02:58:37,129 - INFO - Ingress_Exit LCOBFDJF
2025-04-01 02:58:37,132 - INFO - Ingress_Exit 5JE72I45
2025-04-01 02:58:37,164 - INFO - Ingress_Exit 2XJ3AIGK
2025-04-01 02:58:37,221 - INFO - Ingress_Enter ASOG8Y2M
2025-04-01 02:58:37,295 - INFO - Ingress_Enter 4HOW3QAD
2025-04-01 02:58:37,516 - INFO - Ingress_Enter Q0RESA64
2025-04-01 02:58:37,539 - INFO - Ingress_Exit RCCHNG8I
2025-04-01 02:58:37,561 - INFO - Ingress_Exit SV2RIGEU
2025-04-01 02:58:37,575 - INFO - Ingress_Exit 8KSDX2RP
2025-04-01 02:58:37,655 - INFO - Ingress_Enter ET4HZWJI
2025-04-01 02:58:37,662 - INFO - Ingress_Exit F5810A99
2025-04-01 02:58:37,795 - INFO - Ingress_Enter MFUIT2FM
2025-04-01 02:58:37,813 - INFO - Ingress_Enter ILBRUEYV
2025-04-01 02:58:37,843 - INFO - Ingress_Enter E5GALPZ2
2025-04-01 02:58:37,873 - INFO - Ingress_Enter GMWVL8W9
2025-04-01 02:58:37,874 - INFO - Ingress_Exit 4HOW3QAD
2025-04-01 02:58:37,894 - INFO - Ingress_Enter K9H5C40E
2025-04-01 02:58:37,895 - INFO - Ingress_Enter 0QQPAJ67
2025-04-01 02:58:37,939 - INFO - Ingress_Exit ASOG8Y2M
2025-04-01 02:58:37,951 - INFO - Ingress_Enter HJ4NIOHN
2025-04-01 02:58:38,050 - INFO - Ingress_Enter 9ERSLU85
2025-04-01 02:58:38,071 - INFO - Ingress_Enter XTMD001I
2025-04-01 02:58:38,080 - INFO - Ingress_Exit Q0RESA64
2025-04-01 02:58:38,262 - INFO - Ingress_Exit ILBRUEYV
2025-04-01 02:58:38,263 - INFO - Ingress_Exit 9ERSLU85
2025-04-01 02:58:38,335 - INFO - Ingress_Exit ET4HZWJI
2025-04-01 02:58:38,389 - INFO - Ingress_Exit 0QQPAJ67
2025-04-01 02:58:38,391 - INFO - Ingress_Exit GMWVL8W9
2025-04-01 02:58:38,637 - INFO - Ingress_Exit HJ4NIOHN
2025-04-01 02:58:38,706 - INFO - Ingress_Exit E5GALPZ2
2025-04-01 02:58:38,709 - INFO - Ingress_Exit MFUIT2FM
2025-04-01 02:58:38,866 - INFO - Ingress_Exit K9H5C40E
2025-04-01 02:58:39,289 - INFO - Ingress_Exit XTMD001I
2025-04-01 02:58:39,721 - INFO - Ingress_Enter KCGWO8Y7
2025-04-01 02:58:39,762 - INFO - Ingress_Enter Y6AOKKOP
2025-04-01 02:58:39,827 - INFO - Ingress_Enter 8VQYDGYM
2025-04-01 02:58:39,901 - INFO - Ingress_Enter 951NFAVP
2025-04-01 02:58:39,956 - INFO - Ingress_Enter KUNEUQ5T
2025-04-01 02:58:40,016 - INFO - Ingress_Exit 8VQYDGYM
2025-04-01 02:58:40,105 - INFO - Ingress_Enter LB4LLO1P
2025-04-01 02:58:40,179 - INFO - Ingress_Enter GRKYRCQS
2025-04-01 02:58:40,204 - INFO - Ingress_Enter 3WFUR64O
2025-04-01 02:58:40,256 - INFO - Ingress_Enter M167PAE3
2025-04-01 02:58:40,331 - INFO - Ingress_Exit 951NFAVP
2025-04-01 02:58:40,373 - INFO - Ingress_Exit Y6AOKKOP
2025-04-01 02:58:40,404 - INFO - Ingress_Enter 1JDCF4P7
2025-04-01 02:58:40,413 - INFO - Ingress_Enter 5M5B7SB4
2025-04-01 02:58:40,428 - INFO - Ingress_Exit KUNEUQ5T
2025-04-01 02:58:40,562 - INFO - Ingress_Enter L7EK6S67
2025-04-01 02:58:40,594 - INFO - Ingress_Exit LB4LLO1P
2025-04-01 02:58:40,797 - INFO - Ingress_Exit KCGWO8Y7
2025-04-01 02:58:40,822 - INFO - Ingress_Enter 1PO3VTX0
2025-04-01 02:58:40,873 - INFO - Ingress_Exit GRKYRCQS
2025-04-01 02:58:40,874 - INFO - Ingress_Exit 3WFUR64O
2025-04-01 02:58:40,939 - INFO - Ingress_Enter 0P76HSG1
2025-04-01 02:58:40,976 - INFO - Ingress_Exit 5M5B7SB4
2025-04-01 02:58:41,092 - INFO - Ingress_Exit 1JDCF4P7
2025-04-01 02:58:41,099 - INFO - Ingress_Enter 65JVKCVJ
2025-04-01 02:58:41,211 - INFO - Ingress_Exit L7EK6S67
2025-04-01 02:58:41,249 - INFO - Ingress_Exit M167PAE3
2025-04-01 02:58:41,267 - INFO - Ingress_Enter ABG81F13
2025-04-01 02:58:41,373 - INFO - Ingress_Exit 0P76HSG1
2025-04-01 02:58:41,496 - INFO - Ingress_Enter RIIMGFUU
2025-04-01 02:58:41,507 - INFO - Ingress_Enter DM01V73H
2025-04-01 02:58:41,616 - INFO - Ingress_Enter RCLF7F46
2025-04-01 02:58:41,724 - INFO - Ingress_Enter 3A0C3OEI
2025-04-01 02:58:41,725 - INFO - Ingress_Exit 65JVKCVJ
2025-04-01 02:58:41,753 - INFO - Ingress_Enter OEDWPK3L
2025-04-01 02:58:41,795 - INFO - Ingress_Exit 1PO3VTX0
2025-04-01 02:58:41,961 - INFO - Ingress_Enter X9I6LH3Z
2025-04-01 02:58:42,087 - INFO - Ingress_Exit RIIMGFUU
2025-04-01 02:58:42,089 - INFO - Ingress_Exit ABG81F13
2025-04-01 02:58:42,174 - INFO - Ingress_Exit RCLF7F46
2025-04-01 02:58:42,181 - INFO - Ingress_Exit 3A0C3OEI
2025-04-01 02:58:42,189 - INFO - Ingress_Enter JFA897GP
2025-04-01 02:58:42,218 - INFO - Ingress_Enter GGPGGTF8
2025-04-01 02:58:42,261 - INFO - Ingress_Exit X9I6LH3Z
2025-04-01 02:58:42,278 - INFO - Ingress_Enter RE75HC7H
2025-04-01 02:58:42,288 - INFO - Ingress_Enter OJ312SM8
2025-04-01 02:58:42,346 - INFO - Ingress_Enter 5C5BXIWP
2025-04-01 02:58:42,438 - INFO - Ingress_Enter 5F5M0Z32
2025-04-01 02:58:42,594 - INFO - Ingress_Exit OEDWPK3L
2025-04-01 02:58:42,596 - INFO - Ingress_Exit DM01V73H
2025-04-01 02:58:42,665 - INFO - Ingress_Enter V3B5KB06
2025-04-01 02:58:42,694 - INFO - Ingress_Exit RE75HC7H
2025-04-01 02:58:42,715 - INFO - Ingress_Enter 2AS49V5O
2025-04-01 02:58:42,763 - INFO - Ingress_Exit GGPGGTF8
2025-04-01 02:58:42,775 - INFO - Ingress_Enter G6RKR3D5
2025-04-01 02:58:42,824 - INFO - Ingress_Enter 84E8J21Q
2025-04-01 02:58:42,936 - INFO - Ingress_Exit 5F5M0Z32
2025-04-01 02:58:42,937 - INFO - Ingress_Exit 5C5BXIWP
2025-04-01 02:58:42,962 - INFO - Ingress_Exit JFA897GP
2025-04-01 02:58:42,977 - INFO - Ingress_Exit OJ312SM8
2025-04-01 02:58:42,985 - INFO - Ingress_Enter NJPFWZG7
2025-04-01 02:58:43,045 - INFO - Ingress_Enter SU4I6JU3
2025-04-01 02:58:43,188 - INFO - Ingress_Exit V3B5KB06
2025-04-01 02:58:43,216 - INFO - Ingress_Enter I99RVAP7
2025-04-01 02:58:43,233 - INFO - Ingress_Enter 4N9GG906
2025-04-01 02:58:43,278 - INFO - Ingress_Exit NJPFWZG7
2025-04-01 02:58:43,361 - INFO - Ingress_Exit 2AS49V5O
2025-04-01 02:58:43,363 - INFO - Ingress_Exit G6RKR3D5
2025-04-01 02:58:43,364 - INFO - Ingress_Enter M75PXCZX
2025-04-01 02:58:43,367 - INFO - Ingress_Enter PMV1NLIB
2025-04-01 02:58:43,386 - INFO - Ingress_Enter C3MQ9ASF
2025-04-01 02:58:43,471 - INFO - Ingress_Enter L0ULC312
2025-04-01 02:58:43,471 - INFO - Ingress_Enter USIKSFSP
2025-04-01 02:58:43,472 - INFO - Ingress_Exit I99RVAP7
2025-04-01 02:58:43,473 - INFO - Ingress_Exit 84E8J21Q
2025-04-01 02:58:43,514 - INFO - Ingress_Enter FWNKE11Q
2025-04-01 02:58:43,572 - INFO - Ingress_Enter 3IR17RDH
2025-04-01 02:58:43,730 - INFO - Ingress_Enter 0A6REH9L
2025-04-01 02:58:43,756 - INFO - Ingress_Exit 4N9GG906
2025-04-01 02:58:43,798 - INFO - Ingress_Enter D2SJ66HW
2025-04-01 02:58:43,962 - INFO - Ingress_Exit SU4I6JU3
2025-04-01 02:58:43,963 - INFO - Ingress_Exit PMV1NLIB
2025-04-01 02:58:43,968 - INFO - Ingress_Exit M75PXCZX
2025-04-01 02:58:44,138 - INFO - Ingress_Exit 3IR17RDH
2025-04-01 02:58:44,140 - INFO - Ingress_Exit C3MQ9ASF
2025-04-01 02:58:44,141 - INFO - Ingress_Exit USIKSFSP
2025-04-01 02:58:44,202 - INFO - Ingress_Enter Z0079I1F
2025-04-01 02:58:44,262 - INFO - Ingress_Enter S3ZFSLSR
2025-04-01 02:58:44,267 - INFO - Ingress_Exit 0A6REH9L
2025-04-01 02:58:44,311 - INFO - Ingress_Enter 93ATIG41
2025-04-01 02:58:44,349 - INFO - Ingress_Exit L0ULC312
2025-04-01 02:58:44,349 - INFO - Ingress_Exit FWNKE11Q
2025-04-01 02:58:44,352 - INFO - Ingress_Enter FQZQFSDZ
2025-04-01 02:58:44,352 - INFO - Ingress_Exit D2SJ66HW
2025-04-01 02:58:44,493 - INFO - Ingress_Exit Z0079I1F
2025-04-01 02:58:44,542 - INFO - Ingress_Enter 73C4M6R9
2025-04-01 02:58:44,592 - INFO - Ingress_Enter BQYYYNWL
2025-04-01 02:58:44,607 - INFO - Ingress_Exit S3ZFSLSR
2025-04-01 02:58:44,619 - INFO - Ingress_Enter SYM29HE3
2025-04-01 02:58:44,646 - INFO - Ingress_Enter 1KV8SADG
2025-04-01 02:58:44,648 - INFO - Ingress_Enter DW0L01LO
2025-04-01 02:58:44,785 - INFO - Ingress_Exit FQZQFSDZ
2025-04-01 02:58:44,906 - INFO - Ingress_Exit 73C4M6R9
2025-04-01 02:58:44,922 - INFO - Ingress_Exit 93ATIG41
2025-04-01 02:58:44,974 - INFO - Ingress_Enter PS3SQRJ9
2025-04-01 02:58:45,008 - INFO - Ingress_Enter V1CZF8VZ
2025-04-01 02:58:45,014 - INFO - Ingress_Enter BXA6K0KF
2025-04-01 02:58:45,066 - INFO - Ingress_Exit 1KV8SADG
2025-04-01 02:58:45,189 - INFO - Ingress_Enter W9RJQKZS
2025-04-01 02:58:45,196 - INFO - Ingress_Exit SYM29HE3
2025-04-01 02:58:45,197 - INFO - Ingress_Exit BQYYYNWL
2025-04-01 02:58:45,200 - INFO - Ingress_Exit DW0L01LO
2025-04-01 02:58:45,238 - INFO - Ingress_Enter Y462YRF7
2025-04-01 02:58:45,258 - INFO - Ingress_Enter RUFTZ7MH
2025-04-01 02:58:45,284 - INFO - Ingress_Enter DEVGHMYJ
2025-04-01 02:58:45,459 - INFO - Ingress_Exit BXA6K0KF
2025-04-01 02:58:45,645 - INFO - Ingress_Enter S9N5AW47
2025-04-01 02:58:45,715 - INFO - Ingress_Enter B1K92AGY
2025-04-01 02:58:45,729 - INFO - Ingress_Exit V1CZF8VZ
2025-04-01 02:58:45,732 - INFO - Ingress_Exit RUFTZ7MH
2025-04-01 02:58:45,740 - INFO - Ingress_Exit Y462YRF7
2025-04-01 02:58:45,823 - INFO - Ingress_Exit DEVGHMYJ
2025-04-01 02:58:45,858 - INFO - Ingress_Exit PS3SQRJ9
2025-04-01 02:58:45,905 - INFO - Ingress_Exit W9RJQKZS
2025-04-01 02:58:45,925 - INFO - Ingress_Enter JL5H6VIA
2025-04-01 02:58:45,974 - INFO - Ingress_Enter QMNR14WP
2025-04-01 02:58:46,041 - INFO - Ingress_Enter 2PTQPTWO
2025-04-01 02:58:46,140 - INFO - Ingress_Enter 6IMDAVLH
2025-04-01 02:58:46,210 - INFO - Ingress_Enter 36WMW895
2025-04-01 02:58:46,234 - INFO - Ingress_Exit S9N5AW47
2025-04-01 02:58:46,292 - INFO - Ingress_Exit B1K92AGY
2025-04-01 02:58:46,463 - INFO - Ingress_Exit 36WMW895
2025-04-01 02:58:46,503 - INFO - Ingress_Enter NA57NZ4P
2025-04-01 02:58:46,522 - INFO - Ingress_Exit 2PTQPTWO
2025-04-01 02:58:46,529 - INFO - Ingress_Exit QMNR14WP
2025-04-01 02:58:46,608 - INFO - Ingress_Enter A8A974PQ
2025-04-01 02:58:46,692 - INFO - Ingress_Exit 6IMDAVLH
2025-04-01 02:58:46,714 - INFO - Ingress_Exit JL5H6VIA
2025-04-01 02:58:46,784 - INFO - Ingress_Enter AHFD2YQJ
2025-04-01 02:58:46,808 - INFO - Ingress_Enter S30FS6C4
2025-04-01 02:58:46,843 - INFO - Ingress_Enter 6LTM29JL
2025-04-01 02:58:46,853 - INFO - Ingress_Enter 5JH99XGL
2025-04-01 02:58:46,924 - INFO - Ingress_Enter FKD559SB
2025-04-01 02:58:46,964 - INFO - Ingress_Enter B6QXNP20
2025-04-01 02:58:46,973 - INFO - Ingress_Enter NMIEHGMN
2025-04-01 02:58:46,985 - INFO - Ingress_Exit NA57NZ4P
2025-04-01 02:58:46,993 - INFO - Ingress_Enter 1YJMZ9TH
2025-04-01 02:58:47,024 - INFO - Ingress_Enter W26QWVIR
2025-04-01 02:58:47,047 - INFO - Ingress_Exit AHFD2YQJ
2025-04-01 02:58:47,083 - INFO - Ingress_Enter CSTXAO5C
2025-04-01 02:58:47,214 - INFO - Ingress_Exit 6LTM29JL
2025-04-01 02:58:47,348 - INFO - Ingress_Exit A8A974PQ
2025-04-01 02:58:47,422 - INFO - Ingress_Enter JWWTLUTM
2025-04-01 02:58:47,428 - INFO - Ingress_Exit S30FS6C4
2025-04-01 02:58:47,452 - INFO - Ingress_Enter 6WZKKUFL
2025-04-01 02:58:47,511 - INFO - Ingress_Enter LQH12Z07
2025-04-01 02:58:47,532 - INFO - Ingress_Enter L37603J0
2025-04-01 02:58:47,591 - INFO - Ingress_Enter SWZFB8K3
2025-04-01 02:58:47,607 - INFO - Ingress_Exit NMIEHGMN
2025-04-01 02:58:47,646 - INFO - Ingress_Exit B6QXNP20
2025-04-01 02:58:47,648 - INFO - Ingress_Exit FKD559SB
2025-04-01 02:58:47,670 - INFO - Ingress_Exit 1YJMZ9TH
2025-04-01 02:58:47,687 - INFO - Ingress_Exit W26QWVIR
2025-04-01 02:58:47,688 - INFO - Ingress_Exit 5JH99XGL
2025-04-01 02:58:47,985 - INFO - Ingress_Exit CSTXAO5C
2025-04-01 02:58:47,998 - INFO - Ingress_Exit LQH12Z07
2025-04-01 02:58:48,106 - INFO - Ingress_Exit L37603J0
2025-04-01 02:58:48,171 - INFO - Ingress_Exit JWWTLUTM
2025-04-01 02:58:48,280 - INFO - Ingress_Exit 6WZKKUFL
2025-04-01 02:58:48,281 - INFO - Ingress_Exit SWZFB8K3
2025-04-01 02:58:57,843 - INFO - Ingress_Enter TL6KHJKA
2025-04-01 02:58:57,853 - INFO - Ingress_Enter 2U15HI8R
2025-04-01 02:58:57,923 - INFO - Ingress_Enter K3Y9ESVH
2025-04-01 02:58:57,933 - INFO - Ingress_Enter G0M1PVWM
2025-04-01 02:58:58,012 - INFO - Ingress_Enter J3X0NYX2
2025-04-01 02:58:58,187 - INFO - Ingress_Enter DIC26OGK
2025-04-01 02:58:58,238 - INFO - Ingress_Exit TL6KHJKA
2025-04-01 02:58:58,348 - INFO - Ingress_Exit J3X0NYX2
2025-04-01 02:58:58,495 - INFO - Ingress_Enter X35F36PT
2025-04-01 02:58:58,504 - INFO - Ingress_Enter V5QUR5L7
2025-04-01 02:58:58,603 - INFO - Ingress_Exit G0M1PVWM
2025-04-01 02:58:58,638 - INFO - Ingress_Exit 2U15HI8R
2025-04-01 02:58:58,639 - INFO - Ingress_Exit K3Y9ESVH
2025-04-01 02:58:58,744 - INFO - Ingress_Enter VFLQ2TML
2025-04-01 02:58:58,786 - INFO - Ingress_Enter OLDX240F
2025-04-01 02:58:58,791 - INFO - Ingress_Enter 9XD2TKUZ
2025-04-01 02:58:58,820 - INFO - Ingress_Enter R6UD422D
2025-04-01 02:58:58,884 - INFO - Ingress_Exit DIC26OGK
2025-04-01 02:58:59,057 - INFO - Ingress_Exit X35F36PT
2025-04-01 02:58:59,145 - INFO - Ingress_Enter W12X23EU
2025-04-01 02:58:59,148 - INFO - Ingress_Enter 7UT516L0
2025-04-01 02:58:59,197 - INFO - Ingress_Enter XQLG9ZLW
2025-04-01 02:58:59,225 - INFO - Ingress_Exit V5QUR5L7
2025-04-01 02:58:59,244 - INFO - Ingress_Exit R6UD422D
2025-04-01 02:58:59,246 - INFO - Ingress_Exit VFLQ2TML
2025-04-01 02:58:59,412 - INFO - Ingress_Exit OLDX240F
2025-04-01 02:58:59,413 - INFO - Ingress_Exit 9XD2TKUZ
2025-04-01 02:58:59,676 - INFO - Ingress_Exit 7UT516L0
2025-04-01 02:58:59,704 - INFO - Ingress_Exit XQLG9ZLW
2025-04-01 02:58:59,768 - INFO - Ingress_Exit W12X23EU
2025-04-01 02:58:59,773 - INFO - Ingress_Enter WS3JA799
2025-04-01 02:58:59,963 - INFO - Ingress_Enter IAI557MG
2025-04-01 02:59:00,002 - INFO - Ingress_Enter Z1CLQJ7V
2025-04-01 02:59:00,071 - INFO - Ingress_Enter 5YQG4GD5
2025-04-01 02:59:00,161 - INFO - Ingress_Enter H9DIACZ4
2025-04-01 02:59:00,297 - INFO - Ingress_Enter LJ2DF1AE
2025-04-01 02:59:00,334 - INFO - Ingress_Exit H9DIACZ4
2025-04-01 02:59:00,395 - INFO - Ingress_Exit WS3JA799
2025-04-01 02:59:00,403 - INFO - Ingress_Enter QQBQP44U
2025-04-01 02:59:00,482 - INFO - Ingress_Exit LJ2DF1AE
2025-04-01 02:59:00,506 - INFO - Ingress_Enter 9YQIKHVX
2025-04-01 02:59:00,522 - INFO - Ingress_Enter OMOGPMHM
2025-04-01 02:59:00,634 - INFO - Ingress_Exit IAI557MG
2025-04-01 02:59:00,669 - INFO - Ingress_Exit Z1CLQJ7V
2025-04-01 02:59:00,670 - INFO - Ingress_Exit QQBQP44U
2025-04-01 02:59:00,672 - INFO - Ingress_Enter VE9X9ZAH
2025-04-01 02:59:00,721 - INFO - Ingress_Enter COM01R8M
2025-04-01 02:59:00,730 - INFO - Ingress_Exit 5YQG4GD5
2025-04-01 02:59:00,913 - INFO - Ingress_Enter XYQVRI9S
2025-04-01 02:59:00,938 - INFO - Ingress_Enter GTFL3Z1D
2025-04-01 02:59:01,067 - INFO - Ingress_Exit OMOGPMHM
2025-04-01 02:59:01,117 - INFO - Ingress_Enter CEAMD2XI
2025-04-01 02:59:01,157 - INFO - Ingress_Exit VE9X9ZAH
2025-04-01 02:59:01,158 - INFO - Ingress_Exit 9YQIKHVX
2025-04-01 02:59:01,316 - INFO - Ingress_Exit COM01R8M
2025-04-01 02:59:01,423 - INFO - Ingress_Exit GTFL3Z1D
2025-04-01 02:59:01,438 - INFO - Ingress_Exit XYQVRI9S
2025-04-01 02:59:01,671 - INFO - Ingress_Exit CEAMD2XI
2025-04-01 02:59:01,921 - INFO - Ingress_Enter ZQNO99M8
2025-04-01 02:59:01,930 - INFO - Ingress_Enter 5432G2Q4
2025-04-01 02:59:01,979 - INFO - Ingress_Enter H7J80K4S
2025-04-01 02:59:02,086 - INFO - Ingress_Enter 9A8W6DQM
2025-04-01 02:59:02,482 - INFO - Ingress_Exit 9A8W6DQM
2025-04-01 02:59:02,494 - INFO - Ingress_Enter YGXLX3KN
2025-04-01 02:59:02,499 - INFO - Ingress_Exit ZQNO99M8
2025-04-01 02:59:02,554 - INFO - Ingress_Exit H7J80K4S
2025-04-01 02:59:02,575 - INFO - Ingress_Enter E8VG09U6
2025-04-01 02:59:02,616 - INFO - Ingress_Exit 5432G2Q4
2025-04-01 02:59:02,673 - INFO - Ingress_Enter L9TEO41C
2025-04-01 02:59:02,783 - INFO - Ingress_Enter CJCIK120
2025-04-01 02:59:02,812 - INFO - Ingress_Enter C6CWAX9I
2025-04-01 02:59:02,874 - INFO - Ingress_Enter JI16KJM4
2025-04-01 02:59:02,941 - INFO - Ingress_Exit E8VG09U6
2025-04-01 02:59:02,989 - INFO - Ingress_Enter F91DZD8K
2025-04-01 02:59:02,999 - INFO - Ingress_Exit YGXLX3KN
2025-04-01 02:59:03,107 - INFO - Ingress_Enter CKHAR0BX
2025-04-01 02:59:03,176 - INFO - Ingress_Enter TXIHRRDG
2025-04-01 02:59:03,236 - INFO - Ingress_Enter 6Q20UQXI
2025-04-01 02:59:03,254 - INFO - Ingress_Exit C6CWAX9I
2025-04-01 02:59:03,308 - INFO - Ingress_Exit L9TEO41C
2025-04-01 02:59:03,312 - INFO - Ingress_Exit CJCIK120
2025-04-01 02:59:03,345 - INFO - Ingress_Exit JI16KJM4
2025-04-01 02:59:03,397 - INFO - Ingress_Enter DAT8VPGT
2025-04-01 02:59:03,476 - INFO - Ingress_Enter PTSTUG3P
2025-04-01 02:59:03,486 - INFO - Ingress_Enter 2MDL9AZ0
2025-04-01 02:59:03,565 - INFO - Ingress_Exit 6Q20UQXI
2025-04-01 02:59:03,582 - INFO - Ingress_Enter 634MHOWQ
2025-04-01 02:59:03,620 - INFO - Ingress_Exit CKHAR0BX
2025-04-01 02:59:03,699 - INFO - Ingress_Exit DAT8VPGT
2025-04-01 02:59:03,833 - INFO - Ingress_Enter TFZTHPMO
2025-04-01 02:59:03,841 - INFO - Ingress_Exit F91DZD8K
2025-04-01 02:59:03,842 - INFO - Ingress_Enter T44SRCZU
2025-04-01 02:59:03,871 - INFO - Ingress_Enter S750H0ID
2025-04-01 02:59:03,887 - INFO - Ingress_Exit TXIHRRDG
2025-04-01 02:59:03,969 - INFO - Ingress_Enter 5JTQHX1N
2025-04-01 02:59:04,051 - INFO - Ingress_Enter UU9ZFSRM
2025-04-01 02:59:04,084 - INFO - Ingress_Exit PTSTUG3P
2025-04-01 02:59:04,101 - INFO - Ingress_Enter TAT65FLK
2025-04-01 02:59:04,219 - INFO - Ingress_Exit TFZTHPMO
2025-04-01 02:59:04,220 - INFO - Ingress_Exit T44SRCZU
2025-04-01 02:59:04,278 - INFO - Ingress_Enter EAM9SSSR
2025-04-01 02:59:04,331 - INFO - Ingress_Enter DKIHZ6ZF
2025-04-01 02:59:04,337 - INFO - Ingress_Exit 634MHOWQ
2025-04-01 02:59:04,338 - INFO - Ingress_Exit S750H0ID
2025-04-01 02:59:04,370 - INFO - Ingress_Exit 2MDL9AZ0
2025-04-01 02:59:04,381 - INFO - Ingress_Enter 7TGW75I5
2025-04-01 02:59:04,459 - INFO - Ingress_Enter SB1N19FH
2025-04-01 02:59:04,479 - INFO - Ingress_Enter KE3J7PKU
2025-04-01 02:59:04,511 - INFO - Ingress_Enter P4XWJUII
2025-04-01 02:59:04,519 - INFO - Ingress_Enter ZN7VTI5M
2025-04-01 02:59:04,655 - INFO - Ingress_Exit 5JTQHX1N
2025-04-01 02:59:04,739 - INFO - Ingress_Exit TAT65FLK
2025-04-01 02:59:04,781 - INFO - Ingress_Exit EAM9SSSR
2025-04-01 02:59:04,782 - INFO - Ingress_Exit ZN7VTI5M
2025-04-01 02:59:04,871 - INFO - Ingress_Exit UU9ZFSRM
2025-04-01 02:59:04,878 - INFO - Ingress_Exit 7TGW75I5
2025-04-01 02:59:04,879 - INFO - Ingress_Exit P4XWJUII
2025-04-01 02:59:04,962 - INFO - Ingress_Exit DKIHZ6ZF
2025-04-01 02:59:05,059 - INFO - Ingress_Exit KE3J7PKU
2025-04-01 02:59:05,178 - INFO - Ingress_Exit SB1N19FH
2025-04-01 02:59:07,036 - INFO - Ingress_Enter FCN6J6H3
2025-04-01 02:59:07,115 - INFO - Ingress_Enter GY4FIMB9
2025-04-01 02:59:07,272 - INFO - Ingress_Enter YFFJPH17
2025-04-01 02:59:07,475 - INFO - Ingress_Exit FCN6J6H3
2025-04-01 02:59:07,528 - INFO - Ingress_Enter VSZKO46H
2025-04-01 02:59:07,581 - INFO - Ingress_Enter 77EFAKJC
2025-04-01 02:59:07,611 - INFO - Ingress_Enter KU36I0FS
2025-04-01 02:59:07,639 - INFO - Ingress_Enter AX7L92MP
2025-04-01 02:59:07,651 - INFO - Ingress_Enter 8XKKAWWY
2025-04-01 02:59:07,677 - INFO - Ingress_Exit GY4FIMB9
2025-04-01 02:59:07,703 - INFO - Ingress_Enter 0S6OY86Q
2025-04-01 02:59:07,746 - INFO - Ingress_Enter QG72P8NO
2025-04-01 02:59:07,866 - INFO - Ingress_Enter HNTNG1JL
2025-04-01 02:59:07,875 - INFO - Ingress_Enter MTFCZAP5
2025-04-01 02:59:08,011 - INFO - Ingress_Exit YFFJPH17
2025-04-01 02:59:08,176 - INFO - Ingress_Exit QG72P8NO
2025-04-01 02:59:08,188 - INFO - Ingress_Exit VSZKO46H
2025-04-01 02:59:08,203 - INFO - Ingress_Exit AX7L92MP
2025-04-01 02:59:08,296 - INFO - Ingress_Exit KU36I0FS
2025-04-01 02:59:08,297 - INFO - Ingress_Exit 8XKKAWWY
2025-04-01 02:59:08,321 - INFO - Ingress_Exit 77EFAKJC
2025-04-01 02:59:08,516 - INFO - Ingress_Exit 0S6OY86Q
2025-04-01 02:59:08,519 - INFO - Ingress_Exit MTFCZAP5
2025-04-01 02:59:08,585 - INFO - Ingress_Exit HNTNG1JL
