2025-04-01 00:48:20,401 - INFO - Ingress_Enter YI5DYGIX
2025-04-01 00:48:20,477 - INFO - Ingress_Enter 0T9SCRUL
2025-04-01 00:48:20,567 - INFO - Ingress_Enter LIE7NH8N
2025-04-01 00:48:21,159 - INFO - Ingress_Exit YI5DYGIX
2025-04-01 00:48:21,161 - INFO - Ingress_Exit 0T9SCRUL
2025-04-01 00:48:21,294 - INFO - Ingress_Enter XX9KLFWE
2025-04-01 00:48:21,342 - INFO - Ingress_Exit LIE7NH8N
2025-04-01 00:48:21,420 - INFO - Ingress_Enter G532YFMU
2025-04-01 00:48:21,456 - INFO - Ingress_Enter R2D3H2UL
2025-04-01 00:48:21,584 - INFO - Ingress_Enter OW16HIJ7
2025-04-01 00:48:21,613 - INFO - Ingress_Enter G1BVRRGB
2025-04-01 00:48:21,768 - INFO - Ingress_Enter A1NNRYHY
2025-04-01 00:48:21,814 - INFO - Ingress_Enter QZVQRGWV
2025-04-01 00:48:22,187 - INFO - Ingress_Enter RQHO126D
2025-04-01 00:48:22,239 - INFO - Ingress_Enter 8X45EV2G
2025-04-01 00:48:22,382 - INFO - Ingress_Exit XX9KLFWE
2025-04-01 00:48:22,640 - INFO - Ingress_Exit G532YFMU
2025-04-01 00:48:22,642 - INFO - Ingress_Exit G1BVRRGB
2025-04-01 00:48:22,831 - INFO - Ingress_Enter UOYF3IRP
2025-04-01 00:48:22,881 - INFO - Ingress_Exit OW16HIJ7
2025-04-01 00:48:22,882 - INFO - Ingress_Exit R2D3H2UL
2025-04-01 00:48:22,895 - INFO - Ingress_Enter 6LPG82OZ
2025-04-01 00:48:22,939 - INFO - Ingress_Enter VH8IT8D9
2025-04-01 00:48:23,106 - INFO - Ingress_Exit RQHO126D
2025-04-01 00:48:23,211 - INFO - Ingress_Enter 8HYUI82E
2025-04-01 00:48:23,320 - INFO - Ingress_Enter 7SREILAS
2025-04-01 00:48:23,338 - INFO - Ingress_Enter OYVDJLZC
2025-04-01 00:48:23,340 - INFO - Ingress_Exit A1NNRYHY
2025-04-01 00:48:23,340 - INFO - Ingress_Exit QZVQRGWV
2025-04-01 00:48:23,441 - INFO - Ingress_Enter AV9X52S5
2025-04-01 00:48:23,458 - INFO - Ingress_Exit 8X45EV2G
2025-04-01 00:48:23,607 - INFO - Ingress_Enter CVJR4M4R
2025-04-01 00:48:23,836 - INFO - Ingress_Enter YKTVX1OJ
2025-04-01 00:48:23,942 - INFO - Ingress_Enter JXOX41FB
2025-04-01 00:48:24,054 - INFO - Ingress_Enter EGDN5689
2025-04-01 00:48:24,390 - INFO - Ingress_Exit 8HYUI82E
2025-04-01 00:48:24,391 - INFO - Ingress_Exit UOYF3IRP
2025-04-01 00:48:24,394 - INFO - Ingress_Exit 7SREILAS
2025-04-01 00:48:24,439 - INFO - Ingress_Exit 6LPG82OZ
2025-04-01 00:48:24,440 - INFO - Ingress_Exit VH8IT8D9
2025-04-01 00:48:24,444 - INFO - Ingress_Exit OYVDJLZC
2025-04-01 00:48:24,648 - INFO - Ingress_Exit AV9X52S5
2025-04-01 00:48:24,665 - INFO - Ingress_Enter EOPV2PWG
2025-04-01 00:48:24,685 - INFO - Ingress_Enter UUWZGFM1
2025-04-01 00:48:24,712 - INFO - Ingress_Enter Q3LEGGC1
2025-04-01 00:48:24,730 - INFO - Ingress_Enter ONCD733Y
2025-04-01 00:48:24,740 - INFO - Ingress_Enter KMMPS8S2
2025-04-01 00:48:24,756 - INFO - Ingress_Exit CVJR4M4R
2025-04-01 00:48:24,931 - INFO - Ingress_Exit YKTVX1OJ
2025-04-01 00:48:24,933 - INFO - Ingress_Exit JXOX41FB
2025-04-01 00:48:24,982 - INFO - Ingress_Enter L9P8UJV2
2025-04-01 00:48:24,991 - INFO - Ingress_Enter 271ORLJ7
2025-04-01 00:48:25,074 - INFO - Ingress_Enter Y7J3PVA2
2025-04-01 00:48:25,217 - INFO - Ingress_Enter Z6W5DQAU
2025-04-01 00:48:25,218 - INFO - Ingress_Enter U74U2PNN
2025-04-01 00:48:25,337 - INFO - Ingress_Exit EGDN5689
2025-04-01 00:48:25,656 - INFO - Ingress_Exit EOPV2PWG
2025-04-01 00:48:25,760 - INFO - Ingress_Exit KMMPS8S2
2025-04-01 00:48:25,762 - INFO - Ingress_Exit UUWZGFM1
2025-04-01 00:48:25,764 - INFO - Ingress_Exit Q3LEGGC1
2025-04-01 00:48:25,780 - INFO - Ingress_Exit ONCD733Y
2025-04-01 00:48:26,016 - INFO - Ingress_Exit L9P8UJV2
2025-04-01 00:48:26,017 - INFO - Ingress_Exit Y7J3PVA2
2025-04-01 00:48:26,177 - INFO - Ingress_Exit 271ORLJ7
2025-04-01 00:48:26,205 - INFO - Ingress_Enter SA0MNBU0
2025-04-01 00:48:26,232 - INFO - Ingress_Exit U74U2PNN
2025-04-01 00:48:26,240 - INFO - Ingress_Exit Z6W5DQAU
2025-04-01 00:48:26,280 - INFO - Ingress_Enter 37A18VA4
2025-04-01 00:48:26,361 - INFO - Ingress_Enter AD3IEJ49
2025-04-01 00:48:26,407 - INFO - Ingress_Enter DG367SD4
2025-04-01 00:48:26,433 - INFO - Ingress_Enter XA50QRYE
2025-04-01 00:48:26,516 - INFO - Ingress_Enter JF8E8ZLI
2025-04-01 00:48:26,582 - INFO - Ingress_Enter VPENOK56
2025-04-01 00:48:26,666 - INFO - Ingress_Enter JYMZG7ZT
2025-04-01 00:48:26,748 - INFO - Ingress_Enter 7UN966GQ
2025-04-01 00:48:26,794 - INFO - Ingress_Enter QWS9WNB7
2025-04-01 00:48:27,017 - INFO - Ingress_Exit SA0MNBU0
2025-04-01 00:48:27,184 - INFO - Ingress_Enter RACB2MUL
2025-04-01 00:48:27,312 - INFO - Ingress_Enter 3EM08AQY
2025-04-01 00:48:27,322 - INFO - Ingress_Exit XA50QRYE
2025-04-01 00:48:27,375 - INFO - Ingress_Exit 37A18VA4
2025-04-01 00:48:27,377 - INFO - Ingress_Exit AD3IEJ49
2025-04-01 00:48:27,378 - INFO - Ingress_Exit JF8E8ZLI
2025-04-01 00:48:27,380 - INFO - Ingress_Exit VPENOK56
2025-04-01 00:48:27,383 - INFO - Ingress_Exit DG367SD4
2025-04-01 00:48:27,385 - INFO - Ingress_Exit JYMZG7ZT
2025-04-01 00:48:27,813 - INFO - Ingress_Exit 7UN966GQ
2025-04-01 00:48:27,815 - INFO - Ingress_Exit QWS9WNB7
2025-04-01 00:48:27,837 - INFO - Ingress_Exit RACB2MUL
2025-04-01 00:48:28,155 - INFO - Ingress_Exit 3EM08AQY
2025-04-01 00:48:28,330 - INFO - Ingress_Enter 6GPUFF0T
2025-04-01 00:48:28,402 - INFO - Ingress_Enter IYDLTUYH
2025-04-01 00:48:28,456 - INFO - Ingress_Enter 6TOSM8RH
2025-04-01 00:48:28,588 - INFO - Ingress_Enter USW759JU
2025-04-01 00:48:28,690 - INFO - Ingress_Enter QLAKYZHL
2025-04-01 00:48:28,707 - INFO - Ingress_Enter MB209FSI
2025-04-01 00:48:28,756 - INFO - Ingress_Enter ZWUG2DZ5
2025-04-01 00:48:28,927 - INFO - Ingress_Enter 21XMSFLU
2025-04-01 00:48:28,931 - INFO - Ingress_Enter YA15NOCN
2025-04-01 00:48:29,057 - INFO - Ingress_Enter PC0GH4M7
2025-04-01 00:48:29,391 - INFO - Ingress_Exit 6GPUFF0T
2025-04-01 00:48:29,392 - INFO - Ingress_Exit IYDLTUYH
2025-04-01 00:48:29,408 - INFO - Ingress_Enter MR2XUQWZ
2025-04-01 00:48:29,493 - INFO - Ingress_Exit 6TOSM8RH
2025-04-01 00:48:29,494 - INFO - Ingress_Enter 47QE63ML
2025-04-01 00:48:29,635 - INFO - Ingress_Enter CAE5CJLW
2025-04-01 00:48:29,690 - INFO - Ingress_Enter TXGHUXYB
2025-04-01 00:48:29,839 - INFO - Ingress_Exit USW759JU
2025-04-01 00:48:29,840 - INFO - Ingress_Exit QLAKYZHL
2025-04-01 00:48:29,842 - INFO - Ingress_Exit ZWUG2DZ5
2025-04-01 00:48:29,843 - INFO - Ingress_Exit 21XMSFLU
2025-04-01 00:48:29,844 - INFO - Ingress_Exit PC0GH4M7
2025-04-01 00:48:30,162 - INFO - Ingress_Exit MB209FSI
2025-04-01 00:48:30,163 - INFO - Ingress_Exit YA15NOCN
2025-04-01 00:48:30,286 - INFO - Ingress_Exit MR2XUQWZ
2025-04-01 00:48:30,353 - INFO - Ingress_Enter WB7L8F3O
2025-04-01 00:48:30,362 - INFO - Ingress_Enter KTCA3NIM
2025-04-01 00:48:30,427 - INFO - Ingress_Enter XTSIT1XF
2025-04-01 00:48:30,472 - INFO - Ingress_Enter CYVDN620
2025-04-01 00:48:30,490 - INFO - Ingress_Exit TXGHUXYB
2025-04-01 00:48:30,494 - INFO - Ingress_Exit 47QE63ML
2025-04-01 00:48:30,495 - INFO - Ingress_Exit CAE5CJLW
2025-04-01 00:48:30,601 - INFO - Ingress_Enter CH2M6TQY
2025-04-01 00:48:30,742 - INFO - Ingress_Enter 9ULY94ST
2025-04-01 00:48:30,769 - INFO - Ingress_Enter Y3DVMRGK
2025-04-01 00:48:30,942 - INFO - Ingress_Enter W02XX7JX
2025-04-01 00:48:31,161 - INFO - Ingress_Enter WZXCBNE0
2025-04-01 00:48:31,310 - INFO - Ingress_Exit WB7L8F3O
2025-04-01 00:48:31,312 - INFO - Ingress_Exit KTCA3NIM
2025-04-01 00:48:31,314 - INFO - Ingress_Exit XTSIT1XF
2025-04-01 00:48:31,520 - INFO - Ingress_Exit CYVDN620
2025-04-01 00:48:31,543 - INFO - Ingress_Enter D7P1WINL
2025-04-01 00:48:31,652 - INFO - Ingress_Enter P3WOKGKN
2025-04-01 00:48:31,689 - INFO - Ingress_Enter ORDXWMEM
2025-04-01 00:48:31,955 - INFO - Ingress_Exit CH2M6TQY
2025-04-01 00:48:31,959 - INFO - Ingress_Exit 9ULY94ST
2025-04-01 00:48:31,962 - INFO - Ingress_Exit W02XX7JX
2025-04-01 00:48:32,000 - INFO - Ingress_Enter 0R3Q6GA0
2025-04-01 00:48:32,018 - INFO - Ingress_Enter 0D0IURBC
2025-04-01 00:48:32,030 - INFO - Ingress_Exit Y3DVMRGK
2025-04-01 00:48:32,055 - INFO - Ingress_Enter VDSIUKMZ
2025-04-01 00:48:32,192 - INFO - Ingress_Enter MB37UGL2
2025-04-01 00:48:32,200 - INFO - Ingress_Enter SZHO7PTS
2025-04-01 00:48:32,460 - INFO - Ingress_Exit WZXCBNE0
2025-04-01 00:48:32,466 - INFO - Ingress_Enter 4TRBYF6V
2025-04-01 00:48:32,638 - INFO - Ingress_Enter QDQC4PTO
2025-04-01 00:48:32,647 - INFO - Ingress_Enter NYKGOLAH
2025-04-01 00:48:32,709 - INFO - Ingress_Enter Z6UMTUPR
2025-04-01 00:48:32,764 - INFO - Ingress_Enter KF3X7Y30
2025-04-01 00:48:32,804 - INFO - Ingress_Exit P3WOKGKN
2025-04-01 00:48:32,814 - INFO - Ingress_Exit D7P1WINL
2025-04-01 00:48:33,174 - INFO - Ingress_Exit ORDXWMEM
2025-04-01 00:48:33,176 - INFO - Ingress_Exit 0R3Q6GA0
2025-04-01 00:48:33,248 - INFO - Ingress_Exit 0D0IURBC
2025-04-01 00:48:33,251 - INFO - Ingress_Exit VDSIUKMZ
2025-04-01 00:48:33,282 - INFO - Ingress_Exit MB37UGL2
2025-04-01 00:48:33,284 - INFO - Ingress_Exit SZHO7PTS
2025-04-01 00:48:33,286 - INFO - Ingress_Exit 4TRBYF6V
2025-04-01 00:48:33,625 - INFO - Ingress_Exit Z6UMTUPR
2025-04-01 00:48:33,626 - INFO - Ingress_Exit KF3X7Y30
2025-04-01 00:48:33,629 - INFO - Ingress_Exit NYKGOLAH
2025-04-01 00:48:33,702 - INFO - Ingress_Exit QDQC4PTO
2025-04-01 00:48:35,719 - INFO - Ingress_Enter ND0Z8YE6
2025-04-01 00:48:35,773 - INFO - Ingress_Enter HJLB4OKH
2025-04-01 00:48:35,967 - INFO - Ingress_Enter 9YVYNNW2
2025-04-01 00:48:35,994 - INFO - Ingress_Enter MKH4K1FM
2025-04-01 00:48:36,182 - INFO - Ingress_Exit ND0Z8YE6
2025-04-01 00:48:36,195 - INFO - Ingress_Enter IL94OZ94
2025-04-01 00:48:36,262 - INFO - Ingress_Exit HJLB4OKH
2025-04-01 00:48:36,333 - INFO - Ingress_Enter PLOQ9PX1
2025-04-01 00:48:36,386 - INFO - Ingress_Enter 839TY0L0
2025-04-01 00:48:36,506 - INFO - Ingress_Exit 9YVYNNW2
2025-04-01 00:48:36,545 - INFO - Ingress_Enter YK36K395
2025-04-01 00:48:36,581 - INFO - Ingress_Exit MKH4K1FM
2025-04-01 00:48:36,591 - INFO - Ingress_Enter V4VRDUB7
2025-04-01 00:48:36,609 - INFO - Ingress_Enter KW34RV6X
2025-04-01 00:48:36,837 - INFO - Ingress_Enter A26A2V4Z
2025-04-01 00:48:36,855 - INFO - Ingress_Enter YUP4SZOR
2025-04-01 00:48:36,863 - INFO - Ingress_Exit PLOQ9PX1
2025-04-01 00:48:36,896 - INFO - Ingress_Exit IL94OZ94
2025-04-01 00:48:36,986 - INFO - Ingress_Exit 839TY0L0
2025-04-01 00:48:37,170 - INFO - Ingress_Exit KW34RV6X
2025-04-01 00:48:37,315 - INFO - Ingress_Enter YLFACSRG
2025-04-01 00:48:37,387 - INFO - Ingress_Exit A26A2V4Z
2025-04-01 00:48:37,388 - INFO - Ingress_Exit YUP4SZOR
2025-04-01 00:48:37,474 - INFO - Ingress_Exit YK36K395
2025-04-01 00:48:37,475 - INFO - Ingress_Exit V4VRDUB7
2025-04-01 00:48:37,534 - INFO - Ingress_Enter JAXG1LJG
2025-04-01 00:48:37,589 - INFO - Ingress_Enter 81H8NXS1
2025-04-01 00:48:37,642 - INFO - Ingress_Enter LBT34MYL
2025-04-01 00:48:37,717 - INFO - Ingress_Enter 9S453M70
2025-04-01 00:48:37,797 - INFO - Ingress_Enter GMCPW180
2025-04-01 00:48:37,806 - INFO - Ingress_Enter ZEZD78C9
2025-04-01 00:48:37,824 - INFO - Ingress_Enter 0XP534WO
2025-04-01 00:48:37,830 - INFO - Ingress_Exit YLFACSRG
2025-04-01 00:48:37,860 - INFO - Ingress_Enter O46G8VOS
2025-04-01 00:48:38,020 - INFO - Ingress_Exit JAXG1LJG
2025-04-01 00:48:38,233 - INFO - Ingress_Exit 81H8NXS1
2025-04-01 00:48:38,297 - INFO - Ingress_Exit 9S453M70
2025-04-01 00:48:38,391 - INFO - Ingress_Enter GF7YKTQT
2025-04-01 00:48:38,437 - INFO - Ingress_Enter LBE1FMSY
2025-04-01 00:48:38,485 - INFO - Ingress_Exit GMCPW180
2025-04-01 00:48:38,486 - INFO - Ingress_Exit ZEZD78C9
2025-04-01 00:48:38,531 - INFO - Ingress_Exit LBT34MYL
2025-04-01 00:48:38,532 - INFO - Ingress_Exit O46G8VOS
2025-04-01 00:48:38,674 - INFO - Ingress_Enter AAEFRPB6
2025-04-01 00:48:38,879 - INFO - Ingress_Exit GF7YKTQT
2025-04-01 00:48:38,920 - INFO - Ingress_Exit 0XP534WO
2025-04-01 00:48:38,923 - INFO - Ingress_Enter 4CSRXERF
2025-04-01 00:48:39,198 - INFO - Ingress_Exit LBE1FMSY
2025-04-01 00:48:39,235 - INFO - Ingress_Enter UIYEOAWG
2025-04-01 00:48:39,325 - INFO - Ingress_Enter N9QSET05
2025-04-01 00:48:39,379 - INFO - Ingress_Enter TANKABX4
2025-04-01 00:48:39,386 - INFO - Ingress_Exit AAEFRPB6
2025-04-01 00:48:39,401 - INFO - Ingress_Enter T9I9O74T
2025-04-01 00:48:39,472 - INFO - Ingress_Enter LG0BF2MV
2025-04-01 00:48:39,498 - INFO - Ingress_Exit 4CSRXERF
2025-04-01 00:48:39,524 - INFO - Ingress_Enter 9HOKE9Z9
2025-04-01 00:48:39,554 - INFO - Ingress_Enter Q7CXPGOL
2025-04-01 00:48:39,598 - INFO - Ingress_Enter M4W8HJNG
2025-04-01 00:48:39,658 - INFO - Ingress_Exit UIYEOAWG
2025-04-01 00:48:39,744 - INFO - Ingress_Enter I63XOPS7
2025-04-01 00:48:39,909 - INFO - Ingress_Exit 9HOKE9Z9
2025-04-01 00:48:39,939 - INFO - Ingress_Exit I63XOPS7
2025-04-01 00:48:39,982 - INFO - Ingress_Enter 9WY1WT9X
2025-04-01 00:48:39,999 - INFO - Ingress_Exit N9QSET05
2025-04-01 00:48:40,001 - INFO - Ingress_Exit TANKABX4
2025-04-01 00:48:40,002 - INFO - Ingress_Exit T9I9O74T
2025-04-01 00:48:40,003 - INFO - Ingress_Exit LG0BF2MV
2025-04-01 00:48:40,219 - INFO - Ingress_Enter I2KIMS8J
2025-04-01 00:48:40,292 - INFO - Ingress_Exit 9WY1WT9X
2025-04-01 00:48:40,355 - INFO - Ingress_Exit Q7CXPGOL
2025-04-01 00:48:40,356 - INFO - Ingress_Exit M4W8HJNG
2025-04-01 00:48:40,401 - INFO - Ingress_Enter RH6MPXUV
2025-04-01 00:48:40,484 - INFO - Ingress_Enter 5XN17PE8
2025-04-01 00:48:40,559 - INFO - Ingress_Exit I2KIMS8J
2025-04-01 00:48:40,620 - INFO - Ingress_Enter 58P2FYNH
2025-04-01 00:48:40,757 - INFO - Ingress_Enter E8O54K7I
2025-04-01 00:48:40,894 - INFO - Ingress_Exit RH6MPXUV
2025-04-01 00:48:40,913 - INFO - Ingress_Enter A7W6PCW2
2025-04-01 00:48:41,005 - INFO - Ingress_Enter 8TXYMR8M
2025-04-01 00:48:41,119 - INFO - Ingress_Exit 58P2FYNH
2025-04-01 00:48:41,201 - INFO - Ingress_Enter C27A9YU2
2025-04-01 00:48:41,203 - INFO - Ingress_Exit 5XN17PE8
2025-04-01 00:48:41,215 - INFO - Ingress_Enter 69YH9X9Z
2025-04-01 00:48:41,247 - INFO - Ingress_Enter 11HNO1YX
2025-04-01 00:48:41,320 - INFO - Ingress_Enter YX93J8U8
2025-04-01 00:48:41,355 - INFO - Ingress_Exit E8O54K7I
2025-04-01 00:48:41,429 - INFO - Ingress_Enter X67HO59B
2025-04-01 00:48:41,465 - INFO - Ingress_Enter DX7P7LX2
2025-04-01 00:48:41,554 - INFO - Ingress_Exit 69YH9X9Z
2025-04-01 00:48:41,651 - INFO - Ingress_Exit A7W6PCW2
2025-04-01 00:48:41,653 - INFO - Ingress_Exit 8TXYMR8M
2025-04-01 00:48:41,672 - INFO - Ingress_Exit YX93J8U8
2025-04-01 00:48:41,709 - INFO - Ingress_Enter MR1ELHGS
2025-04-01 00:48:41,848 - INFO - Ingress_Exit C27A9YU2
2025-04-01 00:48:41,849 - INFO - Ingress_Exit 11HNO1YX
2025-04-01 00:48:41,862 - INFO - Ingress_Exit DX7P7LX2
2025-04-01 00:48:41,885 - INFO - Ingress_Enter QD5I02WZ
2025-04-01 00:48:41,922 - INFO - Ingress_Enter F2RITMP0
2025-04-01 00:48:41,942 - INFO - Ingress_Exit X67HO59B
2025-04-01 00:48:41,944 - INFO - Ingress_Exit MR1ELHGS
2025-04-01 00:48:42,145 - INFO - Ingress_Enter LHL4P7DC
2025-04-01 00:48:42,196 - INFO - Ingress_Exit QD5I02WZ
2025-04-01 00:48:42,197 - INFO - Ingress_Enter 3QAMSX0O
2025-04-01 00:48:42,287 - INFO - Ingress_Exit F2RITMP0
2025-04-01 00:48:42,387 - INFO - Ingress_Enter EWIAE1CZ
2025-04-01 00:48:42,441 - INFO - Ingress_Enter AQZ2THX8
2025-04-01 00:48:42,609 - INFO - Ingress_Enter JX85TOIU
2025-04-01 00:48:42,636 - INFO - Ingress_Enter ZJBHVDUQ
2025-04-01 00:48:42,705 - INFO - Ingress_Exit LHL4P7DC
2025-04-01 00:48:42,706 - INFO - Ingress_Exit EWIAE1CZ
2025-04-01 00:48:42,714 - INFO - Ingress_Exit 3QAMSX0O
2025-04-01 00:48:42,922 - INFO - Ingress_Exit AQZ2THX8
2025-04-01 00:48:43,001 - INFO - Ingress_Enter QTTRAZM7
2025-04-01 00:48:43,030 - INFO - Ingress_Enter JKZ3P2QL
2025-04-01 00:48:43,051 - INFO - Ingress_Enter T0C9QLTR
2025-04-01 00:48:43,086 - INFO - Ingress_Enter RN1ATZA2
2025-04-01 00:48:43,214 - INFO - Ingress_Enter DGVOC19B
2025-04-01 00:48:43,223 - INFO - Ingress_Exit JX85TOIU
2025-04-01 00:48:43,225 - INFO - Ingress_Exit ZJBHVDUQ
2025-04-01 00:48:43,323 - INFO - Ingress_Enter 252Q0CA8
2025-04-01 00:48:43,332 - INFO - Ingress_Enter 7XBHRPJ3
2025-04-01 00:48:43,405 - INFO - Ingress_Exit QTTRAZM7
2025-04-01 00:48:43,431 - INFO - Ingress_Enter YI937W5N
2025-04-01 00:48:43,444 - INFO - Ingress_Exit JKZ3P2QL
2025-04-01 00:48:43,453 - INFO - Ingress_Enter NWIMNZGL
2025-04-01 00:48:43,507 - INFO - Ingress_Exit RN1ATZA2
2025-04-01 00:48:43,543 - INFO - Ingress_Exit T0C9QLTR
2025-04-01 00:48:43,618 - INFO - Ingress_Enter SC53NXZ7
2025-04-01 00:48:43,637 - INFO - Ingress_Exit DGVOC19B
2025-04-01 00:48:43,645 - INFO - Ingress_Enter CAPANSLS
2025-04-01 00:48:43,709 - INFO - Ingress_Enter 65C6OY6T
2025-04-01 00:48:43,800 - INFO - Ingress_Enter 9HT7GDMG
2025-04-01 00:48:43,871 - INFO - Ingress_Exit 252Q0CA8
2025-04-01 00:48:43,872 - INFO - Ingress_Exit 7XBHRPJ3
2025-04-01 00:48:43,875 - INFO - Ingress_Enter F688QGEA
2025-04-01 00:48:44,039 - INFO - Ingress_Enter UECRQM9I
2025-04-01 00:48:44,057 - INFO - Ingress_Enter UO1VGTA2
2025-04-01 00:48:44,080 - INFO - Ingress_Exit YI937W5N
2025-04-01 00:48:44,082 - INFO - Ingress_Exit NWIMNZGL
2025-04-01 00:48:44,131 - INFO - Ingress_Exit 65C6OY6T
2025-04-01 00:48:44,132 - INFO - Ingress_Exit SC53NXZ7
2025-04-01 00:48:44,302 - INFO - Ingress_Exit CAPANSLS
2025-04-01 00:48:44,303 - INFO - Ingress_Exit F688QGEA
2025-04-01 00:48:44,305 - INFO - Ingress_Exit 9HT7GDMG
2025-04-01 00:48:44,313 - INFO - Ingress_Enter 2KQOL23B
2025-04-01 00:48:44,368 - INFO - Ingress_Enter 8RV5FNGN
2025-04-01 00:48:44,375 - INFO - Ingress_Enter SVZ57NIY
2025-04-01 00:48:44,388 - INFO - Ingress_Exit UO1VGTA2
2025-04-01 00:48:44,394 - INFO - Ingress_Enter 6ZNLJGEU
2025-04-01 00:48:44,402 - INFO - Ingress_Exit UECRQM9I
2025-04-01 00:48:44,450 - INFO - Ingress_Enter 164D2L6K
2025-04-01 00:48:44,525 - INFO - Ingress_Enter ZH3AAKV9
2025-04-01 00:48:44,703 - INFO - Ingress_Exit 2KQOL23B
2025-04-01 00:48:44,704 - INFO - Ingress_Exit 6ZNLJGEU
2025-04-01 00:48:44,714 - INFO - Ingress_Exit 8RV5FNGN
2025-04-01 00:48:44,715 - INFO - Ingress_Exit SVZ57NIY
2025-04-01 00:48:44,783 - INFO - Ingress_Exit 164D2L6K
2025-04-01 00:48:45,075 - INFO - Ingress_Enter KQXT6CEB
2025-04-01 00:48:45,084 - INFO - Ingress_Enter KQGXIO4X
2025-04-01 00:48:45,092 - INFO - Ingress_Exit ZH3AAKV9
2025-04-01 00:48:45,101 - INFO - Ingress_Enter DEW2YJ5N
2025-04-01 00:48:45,228 - INFO - Ingress_Enter PE7R82ZY
2025-04-01 00:48:45,264 - INFO - Ingress_Enter 64PV49WT
2025-04-01 00:48:45,511 - INFO - Ingress_Exit KQGXIO4X
2025-04-01 00:48:45,513 - INFO - Ingress_Exit DEW2YJ5N
2025-04-01 00:48:45,589 - INFO - Ingress_Exit KQXT6CEB
2025-04-01 00:48:45,616 - INFO - Ingress_Enter K3YCDBSD
2025-04-01 00:48:45,654 - INFO - Ingress_Exit PE7R82ZY
2025-04-01 00:48:45,744 - INFO - Ingress_Enter NFYW5ZZB
2025-04-01 00:48:45,774 - INFO - Ingress_Exit 64PV49WT
2025-04-01 00:48:45,821 - INFO - Ingress_Enter GIDOH5LW
2025-04-01 00:48:45,988 - INFO - Ingress_Enter B57VO3Q0
2025-04-01 00:48:46,007 - INFO - Ingress_Exit K3YCDBSD
2025-04-01 00:48:46,075 - INFO - Ingress_Exit NFYW5ZZB
2025-04-01 00:48:46,104 - INFO - Ingress_Enter 4XMQSEKJ
2025-04-01 00:48:46,122 - INFO - Ingress_Exit GIDOH5LW
2025-04-01 00:48:46,194 - INFO - Ingress_Enter 588QM9DL
2025-04-01 00:48:46,240 - INFO - Ingress_Enter ML93DTRE
2025-04-01 00:48:46,347 - INFO - Ingress_Enter 48QNQH9B
2025-04-01 00:48:46,420 - INFO - Ingress_Enter EA1V7MDI
2025-04-01 00:48:46,442 - INFO - Ingress_Exit 4XMQSEKJ
2025-04-01 00:48:46,581 - INFO - Ingress_Exit B57VO3Q0
2025-04-01 00:48:46,875 - INFO - Ingress_Exit 48QNQH9B
2025-04-01 00:48:46,952 - INFO - Ingress_Exit 588QM9DL
2025-04-01 00:48:46,954 - INFO - Ingress_Exit ML93DTRE
2025-04-01 00:48:47,175 - INFO - Ingress_Exit EA1V7MDI
2025-04-01 00:48:47,329 - INFO - Ingress_Enter H0AU5M1Y
2025-04-01 00:48:47,412 - INFO - Ingress_Enter 11052RFI
2025-04-01 00:48:47,439 - INFO - Ingress_Enter 5I3L4R87
2025-04-01 00:48:47,457 - INFO - Ingress_Enter VXSHSLYD
2025-04-01 00:48:47,549 - INFO - Ingress_Enter S6QID0UN
2025-04-01 00:48:47,567 - INFO - Ingress_Enter G41XJ11J
2025-04-01 00:48:47,765 - INFO - Ingress_Exit 11052RFI
2025-04-01 00:48:47,868 - INFO - Ingress_Enter VJL4B7H5
2025-04-01 00:48:47,896 - INFO - Ingress_Enter OY7O3GZ0
2025-04-01 00:48:47,936 - INFO - Ingress_Exit H0AU5M1Y
2025-04-01 00:48:47,944 - INFO - Ingress_Exit VXSHSLYD
2025-04-01 00:48:48,041 - INFO - Ingress_Enter 1ULWMFCG
2025-04-01 00:48:48,076 - INFO - Ingress_Exit 5I3L4R87
2025-04-01 00:48:48,128 - INFO - Ingress_Exit G41XJ11J
2025-04-01 00:48:48,129 - INFO - Ingress_Exit S6QID0UN
2025-04-01 00:48:48,178 - INFO - Ingress_Enter TFRBIIJH
2025-04-01 00:48:48,251 - INFO - Ingress_Enter DTFOOKSX
2025-04-01 00:48:48,295 - INFO - Ingress_Enter FGPAEMYD
2025-04-01 00:48:48,377 - INFO - Ingress_Exit VJL4B7H5
2025-04-01 00:48:48,416 - INFO - Ingress_Enter K8RQ9Q80
2025-04-01 00:48:48,426 - INFO - Ingress_Exit OY7O3GZ0
2025-04-01 00:48:48,445 - INFO - Ingress_Enter J70K6N57
2025-04-01 00:48:48,571 - INFO - Ingress_Exit 1ULWMFCG
2025-04-01 00:48:48,588 - INFO - Ingress_Enter 4YA8LOL1
2025-04-01 00:48:48,645 - INFO - Ingress_Enter FRK0TZ2G
2025-04-01 00:48:48,752 - INFO - Ingress_Enter VHKZDAYW
2025-04-01 00:48:48,778 - INFO - Ingress_Exit FGPAEMYD
2025-04-01 00:48:48,825 - INFO - Ingress_Exit TFRBIIJH
2025-04-01 00:48:48,829 - INFO - Ingress_Exit K8RQ9Q80
2025-04-01 00:48:48,985 - INFO - Ingress_Enter WTA5F4UV
2025-04-01 00:48:48,986 - INFO - Ingress_Exit J70K6N57
2025-04-01 00:48:48,988 - INFO - Ingress_Exit 4YA8LOL1
2025-04-01 00:48:49,031 - INFO - Ingress_Exit DTFOOKSX
2025-04-01 00:48:49,042 - INFO - Ingress_Enter DQSK6LSL
2025-04-01 00:48:49,160 - INFO - Ingress_Exit FRK0TZ2G
2025-04-01 00:48:49,162 - INFO - Ingress_Exit VHKZDAYW
2025-04-01 00:48:49,251 - INFO - Ingress_Enter I516O3X3
2025-04-01 00:48:49,279 - INFO - Ingress_Enter 3TFCBR8L
2025-04-01 00:48:49,324 - INFO - Ingress_Enter 8LNH653E
2025-04-01 00:48:49,418 - INFO - Ingress_Exit I516O3X3
2025-04-01 00:48:49,424 - INFO - Ingress_Enter 5VS58IF0
2025-04-01 00:48:49,467 - INFO - Ingress_Exit WTA5F4UV
2025-04-01 00:48:49,542 - INFO - Ingress_Enter ITBIX2FS
2025-04-01 00:48:49,551 - INFO - Ingress_Enter TGQ3QQ18
2025-04-01 00:48:49,656 - INFO - Ingress_Exit DQSK6LSL
2025-04-01 00:48:49,658 - INFO - Ingress_Exit 3TFCBR8L
2025-04-01 00:48:49,702 - INFO - Ingress_Exit 8LNH653E
2025-04-01 00:48:49,704 - INFO - Ingress_Exit 5VS58IF0
2025-04-01 00:48:49,724 - INFO - Ingress_Enter 3SVD2NXK
2025-04-01 00:48:49,780 - INFO - Ingress_Enter 01AX5BKN
2025-04-01 00:48:49,900 - INFO - Ingress_Exit ITBIX2FS
2025-04-01 00:48:49,946 - INFO - Ingress_Enter AUC2GM2J
2025-04-01 00:48:49,991 - INFO - Ingress_Enter HYVFCOU6
2025-04-01 00:48:50,008 - INFO - Ingress_Enter XWFV7AQH
2025-04-01 00:48:50,063 - INFO - Ingress_Enter MRFH74TB
2025-04-01 00:48:50,252 - INFO - Ingress_Exit TGQ3QQ18
2025-04-01 00:48:50,302 - INFO - Ingress_Exit AUC2GM2J
2025-04-01 00:48:50,339 - INFO - Ingress_Exit 3SVD2NXK
2025-04-01 00:48:50,340 - INFO - Ingress_Exit 01AX5BKN
2025-04-01 00:48:50,395 - INFO - Ingress_Enter YMKCRKYV
2025-04-01 00:48:50,435 - INFO - Ingress_Exit XWFV7AQH
2025-04-01 00:48:50,497 - INFO - Ingress_Enter FMPKMQVA
2025-04-01 00:48:50,534 - INFO - Ingress_Enter QYD0J3JO
2025-04-01 00:48:50,587 - INFO - Ingress_Exit HYVFCOU6
2025-04-01 00:48:50,620 - INFO - Ingress_Exit MRFH74TB
2025-04-01 00:48:50,663 - INFO - Ingress_Enter U49BM0V4
2025-04-01 00:48:50,708 - INFO - Ingress_Enter Y35D78QY
2025-04-01 00:48:50,866 - INFO - Ingress_Exit YMKCRKYV
2025-04-01 00:48:50,967 - INFO - Ingress_Enter SUNQGBAC
2025-04-01 00:48:50,968 - INFO - Ingress_Exit QYD0J3JO
2025-04-01 00:48:50,995 - INFO - Ingress_Enter O41ENUB3
2025-04-01 00:48:51,039 - INFO - Ingress_Exit FMPKMQVA
2025-04-01 00:48:51,046 - INFO - Ingress_Exit U49BM0V4
2025-04-01 00:48:51,237 - INFO - Ingress_Enter YKET70QB
2025-04-01 00:48:51,244 - INFO - Ingress_Enter G020QMEX
2025-04-01 00:48:51,324 - INFO - Ingress_Enter BUEI1DXY
2025-04-01 00:48:51,356 - INFO - Ingress_Exit Y35D78QY
2025-04-01 00:48:51,368 - INFO - Ingress_Enter 9JDJSSM1
2025-04-01 00:48:51,376 - INFO - Ingress_Enter ZS1GJKX4
2025-04-01 00:48:51,431 - INFO - Ingress_Enter OFS1NTMC
2025-04-01 00:48:51,697 - INFO - Ingress_Exit YKET70QB
2025-04-01 00:48:51,719 - INFO - Ingress_Exit SUNQGBAC
2025-04-01 00:48:51,720 - INFO - Ingress_Exit O41ENUB3
2025-04-01 00:48:51,900 - INFO - Ingress_Exit G020QMEX
2025-04-01 00:48:51,901 - INFO - Ingress_Exit BUEI1DXY
2025-04-01 00:48:51,902 - INFO - Ingress_Exit 9JDJSSM1
2025-04-01 00:48:52,048 - INFO - Ingress_Exit ZS1GJKX4
2025-04-01 00:48:52,111 - INFO - Ingress_Exit OFS1NTMC
2025-04-01 00:48:52,490 - INFO - Ingress_Enter 0ZB9R2X3
2025-04-01 00:48:52,499 - INFO - Ingress_Enter EDE38LJW
2025-04-01 00:48:52,538 - INFO - Ingress_Enter NTXUXBXF
2025-04-01 00:48:52,584 - INFO - Ingress_Enter 5US4SHI1
2025-04-01 00:48:52,798 - INFO - Ingress_Enter 2YKQW3U3
2025-04-01 00:48:52,828 - INFO - Ingress_Enter 8QO66MO8
2025-04-01 00:48:52,864 - INFO - Ingress_Enter RNVYNMKX
2025-04-01 00:48:52,984 - INFO - Ingress_Enter 7CQUU7O1
2025-04-01 00:48:53,115 - INFO - Ingress_Exit 0ZB9R2X3
2025-04-01 00:48:53,116 - INFO - Ingress_Exit EDE38LJW
2025-04-01 00:48:53,118 - INFO - Ingress_Exit NTXUXBXF
2025-04-01 00:48:53,119 - INFO - Ingress_Exit 5US4SHI1
2025-04-01 00:48:53,332 - INFO - Ingress_Exit 2YKQW3U3
2025-04-01 00:48:53,333 - INFO - Ingress_Exit 8QO66MO8
2025-04-01 00:48:53,640 - INFO - Ingress_Exit RNVYNMKX
2025-04-01 00:48:53,642 - INFO - Ingress_Exit 7CQUU7O1
2025-04-01 00:48:53,725 - INFO - Ingress_Enter CBYND7VW
2025-04-01 00:48:53,744 - INFO - Ingress_Enter F5L5FDRZ
2025-04-01 00:48:53,816 - INFO - Ingress_Enter NGAJU04C
2025-04-01 00:48:53,882 - INFO - Ingress_Enter 59HIH3SC
2025-04-01 00:48:53,937 - INFO - Ingress_Enter N846AVCR
2025-04-01 00:48:53,955 - INFO - Ingress_Enter E8ZIPFV4
2025-04-01 00:48:53,966 - INFO - Ingress_Enter 86OK5RX6
2025-04-01 00:48:54,039 - INFO - Ingress_Enter PFGNCU5P
2025-04-01 00:48:54,075 - INFO - Ingress_Enter 05MX7DQ0
2025-04-01 00:48:54,283 - INFO - Ingress_Enter WRC0QUO4
2025-04-01 00:48:54,310 - INFO - Ingress_Exit 86OK5RX6
2025-04-01 00:48:54,380 - INFO - Ingress_Exit CBYND7VW
2025-04-01 00:48:54,382 - INFO - Ingress_Exit NGAJU04C
2025-04-01 00:48:54,494 - INFO - Ingress_Exit PFGNCU5P
2025-04-01 00:48:54,496 - INFO - Ingress_Exit 05MX7DQ0
2025-04-01 00:48:54,664 - INFO - Ingress_Exit F5L5FDRZ
2025-04-01 00:48:54,666 - INFO - Ingress_Exit 59HIH3SC
2025-04-01 00:48:54,667 - INFO - Ingress_Exit N846AVCR
2025-04-01 00:48:54,668 - INFO - Ingress_Exit E8ZIPFV4
2025-04-01 00:48:54,720 - INFO - Ingress_Exit WRC0QUO4
2025-04-01 00:49:01,544 - INFO - Ingress_Enter HGFCKN5E
2025-04-01 00:49:01,588 - INFO - Ingress_Enter RID8MHJX
2025-04-01 00:49:01,725 - INFO - Ingress_Enter 5WPIZNDV
2025-04-01 00:49:01,754 - INFO - Ingress_Enter NJZCN04G
2025-04-01 00:49:01,844 - INFO - Ingress_Enter BSIILOGY
2025-04-01 00:49:01,981 - INFO - Ingress_Exit HGFCKN5E
2025-04-01 00:49:02,008 - INFO - Ingress_Enter SLK8RI4X
2025-04-01 00:49:02,025 - INFO - Ingress_Exit RID8MHJX
2025-04-01 00:49:02,128 - INFO - Ingress_Exit 5WPIZNDV
2025-04-01 00:49:02,233 - INFO - Ingress_Exit BSIILOGY
2025-04-01 00:49:02,258 - INFO - Ingress_Exit NJZCN04G
2025-04-01 00:49:02,268 - INFO - Ingress_Enter DVWDN9CR
2025-04-01 00:49:02,282 - INFO - Ingress_Exit SLK8RI4X
2025-04-01 00:49:02,460 - INFO - Ingress_Enter K9ZEO6MR
2025-04-01 00:49:02,498 - INFO - Ingress_Enter QI5K7TJG
2025-04-01 00:49:02,530 - INFO - Ingress_Exit DVWDN9CR
2025-04-01 00:49:02,550 - INFO - Ingress_Enter W82TKBT0
2025-04-01 00:49:02,680 - INFO - Ingress_Enter WEUGJ2F5
2025-04-01 00:49:02,754 - INFO - Ingress_Enter K0RVFHTV
2025-04-01 00:49:02,791 - INFO - Ingress_Enter J2RB48S0
2025-04-01 00:49:02,967 - INFO - Ingress_Enter P6ZSA3W5
2025-04-01 00:49:03,016 - INFO - Ingress_Exit K9ZEO6MR
2025-04-01 00:49:03,066 - INFO - Ingress_Exit QI5K7TJG
2025-04-01 00:49:03,066 - INFO - Ingress_Exit W82TKBT0
2025-04-01 00:49:03,209 - INFO - Ingress_Exit J2RB48S0
2025-04-01 00:49:03,212 - INFO - Ingress_Enter O5RZAK6B
2025-04-01 00:49:03,268 - INFO - Ingress_Exit WEUGJ2F5
2025-04-01 00:49:03,269 - INFO - Ingress_Exit K0RVFHTV
2025-04-01 00:49:03,277 - INFO - Ingress_Enter 923O10W8
2025-04-01 00:49:03,428 - INFO - Ingress_Exit O5RZAK6B
2025-04-01 00:49:03,462 - INFO - Ingress_Enter 0UUCBB6V
2025-04-01 00:49:03,527 - INFO - Ingress_Enter MBJUOPVG
2025-04-01 00:49:03,536 - INFO - Ingress_Enter 534LKYJS
2025-04-01 00:49:03,551 - INFO - Ingress_Exit P6ZSA3W5
2025-04-01 00:49:03,626 - INFO - Ingress_Enter FDZTVI9A
2025-04-01 00:49:03,697 - INFO - Ingress_Enter B2X0U2TM
2025-04-01 00:49:03,832 - INFO - Ingress_Exit 923O10W8
2025-04-01 00:49:03,851 - INFO - Ingress_Exit 0UUCBB6V
2025-04-01 00:49:03,852 - INFO - Ingress_Exit 534LKYJS
2025-04-01 00:49:03,924 - INFO - Ingress_Exit MBJUOPVG
2025-04-01 00:49:03,931 - INFO - Ingress_Exit FDZTVI9A
2025-04-01 00:49:03,953 - INFO - Ingress_Enter IY23Q2SV
2025-04-01 00:49:04,055 - INFO - Ingress_Enter LFCGZA8M
2025-04-01 00:49:04,135 - INFO - Ingress_Enter LRIGXT3P
2025-04-01 00:49:04,271 - INFO - Ingress_Enter APIXLCC4
2025-04-01 00:49:04,326 - INFO - Ingress_Enter 13S6Y8TQ
2025-04-01 00:49:04,372 - INFO - Ingress_Enter TXPV28FP
2025-04-01 00:49:04,398 - INFO - Ingress_Exit B2X0U2TM
2025-04-01 00:49:04,399 - INFO - Ingress_Enter 7EHSK0XZ
2025-04-01 00:49:04,456 - INFO - Ingress_Exit LFCGZA8M
2025-04-01 00:49:04,457 - INFO - Ingress_Exit LRIGXT3P
2025-04-01 00:49:04,547 - INFO - Ingress_Enter 73P0DLZP
2025-04-01 00:49:04,561 - INFO - Ingress_Exit IY23Q2SV
2025-04-01 00:49:04,604 - INFO - Ingress_Enter 9IMBNJ5P
2025-04-01 00:49:04,697 - INFO - Ingress_Exit APIXLCC4
2025-04-01 00:49:04,776 - INFO - Ingress_Enter IAL1DBUU
2025-04-01 00:49:04,785 - INFO - Ingress_Exit 13S6Y8TQ
2025-04-01 00:49:04,877 - INFO - Ingress_Exit 73P0DLZP
2025-04-01 00:49:04,878 - INFO - Ingress_Exit TXPV28FP
2025-04-01 00:49:04,966 - INFO - Ingress_Enter HOTDG0B6
2025-04-01 00:49:04,993 - INFO - Ingress_Enter YUVJPW9S
2025-04-01 00:49:05,011 - INFO - Ingress_Enter QJHVFYCY
2025-04-01 00:49:05,038 - INFO - Ingress_Enter Z8A2WRC2
2025-04-01 00:49:05,057 - INFO - Ingress_Exit 9IMBNJ5P
2025-04-01 00:49:05,069 - INFO - Ingress_Exit 7EHSK0XZ
2025-04-01 00:49:05,159 - INFO - Ingress_Enter S6RLPZ5Z
2025-04-01 00:49:05,176 - INFO - Ingress_Enter 7DGCN08U
2025-04-01 00:49:05,248 - INFO - Ingress_Enter D8RE0QRY
2025-04-01 00:49:05,361 - INFO - Ingress_Exit IAL1DBUU
2025-04-01 00:49:05,363 - INFO - Ingress_Exit YUVJPW9S
2025-04-01 00:49:05,479 - INFO - Ingress_Enter 8OW64JR3
2025-04-01 00:49:05,484 - INFO - Ingress_Exit Z8A2WRC2
2025-04-01 00:49:05,486 - INFO - Ingress_Exit 7DGCN08U
2025-04-01 00:49:05,491 - INFO - Ingress_Exit HOTDG0B6
2025-04-01 00:49:05,492 - INFO - Ingress_Exit QJHVFYCY
2025-04-01 00:49:05,508 - INFO - Ingress_Enter XKUPVWRF
2025-04-01 00:49:05,598 - INFO - Ingress_Enter 44ZMGNBV
2025-04-01 00:49:05,644 - INFO - Ingress_Exit D8RE0QRY
2025-04-01 00:49:05,647 - INFO - Ingress_Exit S6RLPZ5Z
2025-04-01 00:49:05,663 - INFO - Ingress_Enter BQDXI7PZ
2025-04-01 00:49:05,776 - INFO - Ingress_Exit XKUPVWRF
2025-04-01 00:49:05,809 - INFO - Ingress_Enter IOEZ8EUW
2025-04-01 00:49:05,907 - INFO - Ingress_Exit 8OW64JR3
2025-04-01 00:49:05,963 - INFO - Ingress_Exit BQDXI7PZ
2025-04-01 00:49:06,001 - INFO - Ingress_Enter 0M6FMNPE
2025-04-01 00:49:06,030 - INFO - Ingress_Enter RJ61U4KC
2025-04-01 00:49:06,047 - INFO - Ingress_Enter VDEK0OBJ
2025-04-01 00:49:06,137 - INFO - Ingress_Exit 44ZMGNBV
2025-04-01 00:49:06,172 - INFO - Ingress_Exit IOEZ8EUW
2025-04-01 00:49:06,224 - INFO - Ingress_Exit RJ61U4KC
2025-04-01 00:49:06,239 - INFO - Ingress_Enter HUI0F7DU
2025-04-01 00:49:06,366 - INFO - Ingress_Enter G3LAV2KT
2025-04-01 00:49:06,410 - INFO - Ingress_Exit 0M6FMNPE
2025-04-01 00:49:06,456 - INFO - Ingress_Enter 7ZBWJ0WG
2025-04-01 00:49:06,465 - INFO - Ingress_Enter QCML8BHN
2025-04-01 00:49:06,540 - INFO - Ingress_Enter HALZNMMY
2025-04-01 00:49:06,576 - INFO - Ingress_Enter 7Z0NV5QO
2025-04-01 00:49:06,649 - INFO - Ingress_Exit HUI0F7DU
2025-04-01 00:49:06,746 - INFO - Ingress_Exit VDEK0OBJ
2025-04-01 00:49:06,814 - INFO - Ingress_Exit 7ZBWJ0WG
2025-04-01 00:49:06,815 - INFO - Ingress_Exit HALZNMMY
2025-04-01 00:49:06,822 - INFO - Ingress_Enter 8NJ3QNO4
2025-04-01 00:49:06,859 - INFO - Ingress_Enter EXWXX7PM
2025-04-01 00:49:06,894 - INFO - Ingress_Enter IVWOWB5T
2025-04-01 00:49:06,925 - INFO - Ingress_Exit G3LAV2KT
2025-04-01 00:49:06,926 - INFO - Ingress_Exit QCML8BHN
2025-04-01 00:49:07,016 - INFO - Ingress_Enter DV24Y0SC
2025-04-01 00:49:07,027 - INFO - Ingress_Exit 7Z0NV5QO
2025-04-01 00:49:07,054 - INFO - Ingress_Enter JIQULOFD
2025-04-01 00:49:07,187 - INFO - Ingress_Exit 8NJ3QNO4
2025-04-01 00:49:07,210 - INFO - Ingress_Enter 5WKZWAW7
2025-04-01 00:49:07,220 - INFO - Ingress_Enter CL8WX57V
2025-04-01 00:49:07,275 - INFO - Ingress_Exit IVWOWB5T
2025-04-01 00:49:07,279 - INFO - Ingress_Exit EXWXX7PM
2025-04-01 00:49:07,358 - INFO - Ingress_Exit DV24Y0SC
2025-04-01 00:49:07,413 - INFO - Ingress_Enter 79E25YXT
2025-04-01 00:49:07,517 - INFO - Ingress_Exit JIQULOFD
2025-04-01 00:49:07,627 - INFO - Ingress_Enter 1OZMTXWK
2025-04-01 00:49:07,709 - INFO - Ingress_Exit CL8WX57V
2025-04-01 00:49:07,710 - INFO - Ingress_Exit 5WKZWAW7
2025-04-01 00:49:07,886 - INFO - Ingress_Exit 79E25YXT
2025-04-01 00:49:07,992 - INFO - Ingress_Exit 1OZMTXWK
2025-04-01 00:49:08,092 - INFO - Ingress_Enter H8W4TTDY
2025-04-01 00:49:08,146 - INFO - Ingress_Enter 1XMPAW0S
2025-04-01 00:49:08,155 - INFO - Ingress_Enter SW9Z6HMV
2025-04-01 00:49:08,164 - INFO - Ingress_Enter U05RVPMK
2025-04-01 00:49:08,282 - INFO - Ingress_Enter DBXC8IFW
2025-04-01 00:49:08,328 - INFO - Ingress_Enter FESFAS5N
2025-04-01 00:49:08,354 - INFO - Ingress_Enter EMYEODHX
2025-04-01 00:49:08,365 - INFO - Ingress_Enter 9DXGTG9J
2025-04-01 00:49:08,447 - INFO - Ingress_Exit SW9Z6HMV
2025-04-01 00:49:08,546 - INFO - Ingress_Exit H8W4TTDY
2025-04-01 00:49:08,546 - INFO - Ingress_Exit 1XMPAW0S
2025-04-01 00:49:08,557 - INFO - Ingress_Exit U05RVPMK
2025-04-01 00:49:08,639 - INFO - Ingress_Exit EMYEODHX
2025-04-01 00:49:08,670 - INFO - Ingress_Exit 9DXGTG9J
2025-04-01 00:49:08,700 - INFO - Ingress_Exit DBXC8IFW
2025-04-01 00:49:08,812 - INFO - Ingress_Exit FESFAS5N
2025-04-01 00:49:09,015 - INFO - Ingress_Enter QEA7ZYLA
2025-04-01 00:49:09,043 - INFO - Ingress_Enter POV4P1HT
2025-04-01 00:49:09,053 - INFO - Ingress_Enter 4BLCOV3W
2025-04-01 00:49:09,090 - INFO - Ingress_Enter BKNBNROC
2025-04-01 00:49:09,183 - INFO - Ingress_Enter K3F2V2LT
2025-04-01 00:49:09,245 - INFO - Ingress_Enter W88MK38T
2025-04-01 00:49:09,527 - INFO - Ingress_Enter 4EENLT5S
2025-04-01 00:49:09,556 - INFO - Ingress_Exit QEA7ZYLA
2025-04-01 00:49:09,556 - INFO - Ingress_Exit 4BLCOV3W
2025-04-01 00:49:09,559 - INFO - Ingress_Exit BKNBNROC
2025-04-01 00:49:09,640 - INFO - Ingress_Exit POV4P1HT
2025-04-01 00:49:09,641 - INFO - Ingress_Exit W88MK38T
2025-04-01 00:49:09,702 - INFO - Ingress_Enter FFXK5Y9E
2025-04-01 00:49:09,736 - INFO - Ingress_Enter 0PZ8Q728
2025-04-01 00:49:09,783 - INFO - Ingress_Enter AKHKZSOW
2025-04-01 00:49:09,790 - INFO - Ingress_Exit K3F2V2LT
2025-04-01 00:49:09,910 - INFO - Ingress_Exit 0PZ8Q728
2025-04-01 00:49:09,974 - INFO - Ingress_Enter WQ0R652V
2025-04-01 00:49:09,984 - INFO - Ingress_Enter L9ALSSMY
2025-04-01 00:49:10,067 - INFO - Ingress_Exit 4EENLT5S
2025-04-01 00:49:10,159 - INFO - Ingress_Exit AKHKZSOW
2025-04-01 00:49:10,283 - INFO - Ingress_Enter Z66JKCWS
2025-04-01 00:49:10,395 - INFO - Ingress_Exit FFXK5Y9E
2025-04-01 00:49:10,398 - INFO - Ingress_Exit WQ0R652V
2025-04-01 00:49:10,418 - INFO - Ingress_Enter V72COMWG
2025-04-01 00:49:10,573 - INFO - Ingress_Enter ZR2PXKBK
2025-04-01 00:49:10,608 - INFO - Ingress_Enter VS3VCHJ3
2025-04-01 00:49:10,653 - INFO - Ingress_Enter 7VJ5QWFS
2025-04-01 00:49:10,741 - INFO - Ingress_Exit L9ALSSMY
2025-04-01 00:49:10,874 - INFO - Ingress_Enter NOQKXITE
2025-04-01 00:49:10,876 - INFO - Ingress_Exit V72COMWG
2025-04-01 00:49:10,980 - INFO - Ingress_Exit Z66JKCWS
2025-04-01 00:49:10,993 - INFO - Ingress_Exit ZR2PXKBK
2025-04-01 00:49:11,050 - INFO - Ingress_Enter GIVXJGZ6
2025-04-01 00:49:11,145 - INFO - Ingress_Enter YHAR1ILV
2025-04-01 00:49:11,148 - INFO - Ingress_Exit 7VJ5QWFS
2025-04-01 00:49:11,149 - INFO - Ingress_Exit NOQKXITE
2025-04-01 00:49:11,159 - INFO - Ingress_Enter Y7R4A5I2
2025-04-01 00:49:11,167 - INFO - Ingress_Exit VS3VCHJ3
2025-04-01 00:49:11,195 - INFO - Ingress_Enter EEA8MT7Y
2025-04-01 00:49:11,269 - INFO - Ingress_Enter 7L4Q173E
2025-04-01 00:49:11,389 - INFO - Ingress_Enter 98C5J3G9
2025-04-01 00:49:11,484 - INFO - Ingress_Enter XE03O641
2025-04-01 00:49:11,582 - INFO - Ingress_Exit GIVXJGZ6
2025-04-01 00:49:11,584 - INFO - Ingress_Exit EEA8MT7Y
2025-04-01 00:49:11,598 - INFO - Ingress_Exit 98C5J3G9
2025-04-01 00:49:11,665 - INFO - Ingress_Exit YHAR1ILV
2025-04-01 00:49:11,666 - INFO - Ingress_Exit Y7R4A5I2
2025-04-01 00:49:11,802 - INFO - Ingress_Exit XE03O641
2025-04-01 00:49:11,903 - INFO - Ingress_Exit 7L4Q173E
2025-04-01 00:49:11,983 - INFO - Ingress_Enter 5BIXE58B
2025-04-01 00:49:11,992 - INFO - Ingress_Enter 7FUZDT3G
2025-04-01 00:49:12,009 - INFO - Ingress_Enter GPSVZKZ0
2025-04-01 00:49:12,064 - INFO - Ingress_Enter G6VGIYOE
2025-04-01 00:49:12,166 - INFO - Ingress_Enter K803QFDR
2025-04-01 00:49:12,220 - INFO - Ingress_Enter QFYZK2BO
2025-04-01 00:49:12,345 - INFO - Ingress_Exit 7FUZDT3G
2025-04-01 00:49:12,349 - INFO - Ingress_Enter FS5B859A
2025-04-01 00:49:12,406 - INFO - Ingress_Enter NAHAGQIM
2025-04-01 00:49:12,434 - INFO - Ingress_Exit GPSVZKZ0
2025-04-01 00:49:12,589 - INFO - Ingress_Enter VW3ONP12
2025-04-01 00:49:12,657 - INFO - Ingress_Exit K803QFDR
2025-04-01 00:49:12,659 - INFO - Ingress_Exit QFYZK2BO
2025-04-01 00:49:12,661 - INFO - Ingress_Exit NAHAGQIM
2025-04-01 00:49:12,746 - INFO - Ingress_Exit 5BIXE58B
2025-04-01 00:49:12,749 - INFO - Ingress_Exit G6VGIYOE
2025-04-01 00:49:12,797 - INFO - Ingress_Enter MXGUKEHA
2025-04-01 00:49:12,840 - INFO - Ingress_Exit FS5B859A
2025-04-01 00:49:12,873 - INFO - Ingress_Enter U11VU6AO
2025-04-01 00:49:12,927 - INFO - Ingress_Enter G0QZVS6O
2025-04-01 00:49:12,999 - INFO - Ingress_Enter GXP9U4W0
2025-04-01 00:49:13,044 - INFO - Ingress_Enter 3APC9462
2025-04-01 00:49:13,243 - INFO - Ingress_Exit VW3ONP12
2025-04-01 00:49:13,245 - INFO - Ingress_Exit MXGUKEHA
2025-04-01 00:49:13,406 - INFO - Ingress_Exit GXP9U4W0
2025-04-01 00:49:13,427 - INFO - Ingress_Enter H0VJPO1T
2025-04-01 00:49:13,517 - INFO - Ingress_Enter SFIATXW5
2025-04-01 00:49:13,543 - INFO - Ingress_Enter ROBER043
2025-04-01 00:49:13,551 - INFO - Ingress_Exit U11VU6AO
2025-04-01 00:49:13,553 - INFO - Ingress_Enter HMTO8YTJ
2025-04-01 00:49:13,555 - INFO - Ingress_Exit 3APC9462
2025-04-01 00:49:13,556 - INFO - Ingress_Exit G0QZVS6O
2025-04-01 00:49:13,625 - INFO - Ingress_Exit H0VJPO1T
2025-04-01 00:49:13,777 - INFO - Ingress_Enter 6OKUWSLK
2025-04-01 00:49:14,021 - INFO - Ingress_Enter IZZY3OPG
2025-04-01 00:49:14,042 - INFO - Ingress_Exit SFIATXW5
2025-04-01 00:49:14,045 - INFO - Ingress_Exit ROBER043
2025-04-01 00:49:14,046 - INFO - Ingress_Exit HMTO8YTJ
2025-04-01 00:49:14,051 - INFO - Ingress_Enter VSUPWI2X
2025-04-01 00:49:14,078 - INFO - Ingress_Enter P6CR73B8
2025-04-01 00:49:14,142 - INFO - Ingress_Enter FEPJYSA1
2025-04-01 00:49:14,154 - INFO - Ingress_Exit 6OKUWSLK
2025-04-01 00:49:14,260 - INFO - Ingress_Exit IZZY3OPG
2025-04-01 00:49:14,263 - INFO - Ingress_Exit VSUPWI2X
2025-04-01 00:49:14,264 - INFO - Ingress_Exit P6CR73B8
2025-04-01 00:49:14,503 - INFO - Ingress_Exit FEPJYSA1
2025-04-01 00:49:14,507 - INFO - Ingress_Enter NS49ZLXD
2025-04-01 00:49:14,515 - INFO - Ingress_Enter 9OEL3VZ8
2025-04-01 00:49:14,777 - INFO - Ingress_Enter HWU9UZ68
2025-04-01 00:49:14,811 - INFO - Ingress_Exit NS49ZLXD
2025-04-01 00:49:14,812 - INFO - Ingress_Exit 9OEL3VZ8
2025-04-01 00:49:14,867 - INFO - Ingress_Enter 6OZUVHD5
2025-04-01 00:49:14,895 - INFO - Ingress_Enter HRN5WNB3
2025-04-01 00:49:14,922 - INFO - Ingress_Enter LBVWNH3R
2025-04-01 00:49:15,022 - INFO - Ingress_Exit HWU9UZ68
2025-04-01 00:49:15,098 - INFO - Ingress_Exit 6OZUVHD5
2025-04-01 00:49:15,186 - INFO - Ingress_Enter 2UN37LBK
2025-04-01 00:49:15,257 - INFO - Ingress_Enter 1VHAWM3D
2025-04-01 00:49:15,412 - INFO - Ingress_Exit 2UN37LBK
2025-04-01 00:49:15,441 - INFO - Ingress_Exit LBVWNH3R
2025-04-01 00:49:15,442 - INFO - Ingress_Exit HRN5WNB3
2025-04-01 00:49:15,562 - INFO - Ingress_Exit 1VHAWM3D
2025-04-01 00:49:15,800 - INFO - Ingress_Enter UIKZQFT3
2025-04-01 00:49:15,854 - INFO - Ingress_Enter YLHTKXZW
2025-04-01 00:49:15,973 - INFO - Ingress_Enter NYXP1HM1
2025-04-01 00:49:16,063 - INFO - Ingress_Enter V9LLS84G
2025-04-01 00:49:16,122 - INFO - Ingress_Enter IV4O8XCE
2025-04-01 00:49:16,197 - INFO - Ingress_Exit YLHTKXZW
2025-04-01 00:49:16,302 - INFO - Ingress_Exit UIKZQFT3
2025-04-01 00:49:16,317 - INFO - Ingress_Exit NYXP1HM1
2025-04-01 00:49:16,393 - INFO - Ingress_Exit V9LLS84G
2025-04-01 00:49:16,469 - INFO - Ingress_Exit IV4O8XCE
