2025-04-12 17:43:58,265 - INFO - Ingress_Mono_Enter TTYQABEH
2025-04-12 17:43:58,295 - INFO - Ingress_Mono_Input_Decoded TTYQABEH
2025-04-12 17:43:58,298 - INFO - Ingress_Mono_Numpy_Converted TTYQABEH
2025-04-12 17:43:59,231 - INFO - Ingress_Mono_Exit TTYQABEH
2025-04-12 17:44:03,171 - INFO - Ingress_Mono_Enter FIRKTIJF
2025-04-12 17:44:03,203 - INFO - Ingress_Mono_Input_Decoded FIRKTIJF
2025-04-12 17:44:03,206 - INFO - Ingress_Mono_Numpy_Converted FIRKTIJF
2025-04-12 17:44:03,867 - INFO - Ingress_Mono_Enter 6HGC2AYL
2025-04-12 17:44:03,895 - INFO - Ingress_Mono_Input_Decoded 6HGC2AYL
2025-04-12 17:44:03,897 - INFO - Ingress_Mono_Numpy_Converted 6HGC2AYL
2025-04-12 17:44:03,974 - INFO - Ingress_Mono_Exit FIRKTIJF
2025-04-12 17:44:04,497 - INFO - Ingress_Mono_Exit 6HGC2AYL
2025-04-12 17:44:10,247 - INFO - Ingress_Mono_Enter 1DO6FV7B
2025-04-12 17:44:10,290 - INFO - Ingress_Mono_Input_Decoded 1DO6FV7B
2025-04-12 17:44:10,295 - INFO - Ingress_Mono_Numpy_Converted 1DO6FV7B
2025-04-12 17:44:11,092 - INFO - Ingress_Mono_Exit 1DO6FV7B
2025-04-12 17:44:12,944 - INFO - Ingress_Mono_Enter WGEOZA6G
2025-04-12 17:44:12,977 - INFO - Ingress_Mono_Input_Decoded WGEOZA6G
2025-04-12 17:44:12,981 - INFO - Ingress_Mono_Numpy_Converted WGEOZA6G
2025-04-12 17:44:13,498 - INFO - Ingress_Mono_Exit WGEOZA6G
2025-04-12 17:44:14,848 - INFO - Ingress_Mono_Enter BZMDEGZO
2025-04-12 17:44:14,886 - INFO - Ingress_Mono_Input_Decoded BZMDEGZO
2025-04-12 17:44:14,889 - INFO - Ingress_Mono_Numpy_Converted BZMDEGZO
2025-04-12 17:44:15,347 - INFO - Ingress_Mono_Exit BZMDEGZO
2025-04-12 17:44:15,751 - INFO - Ingress_Mono_Enter 85CRKXEP
2025-04-12 17:44:15,792 - INFO - Ingress_Mono_Input_Decoded 85CRKXEP
2025-04-12 17:44:15,796 - INFO - Ingress_Mono_Numpy_Converted 85CRKXEP
2025-04-12 17:44:16,023 - INFO - Ingress_Mono_Exit 85CRKXEP
2025-04-12 17:44:16,149 - INFO - Ingress_Mono_Enter WQNJMXR3
2025-04-12 17:44:16,188 - INFO - Ingress_Mono_Input_Decoded WQNJMXR3
2025-04-12 17:44:16,191 - INFO - Ingress_Mono_Numpy_Converted WQNJMXR3
2025-04-12 17:44:16,788 - INFO - Ingress_Mono_Exit WQNJMXR3
2025-04-12 17:44:17,554 - INFO - Ingress_Mono_Enter QXUDFOLF
2025-04-12 17:44:17,597 - INFO - Ingress_Mono_Input_Decoded QXUDFOLF
2025-04-12 17:44:17,602 - INFO - Ingress_Mono_Numpy_Converted QXUDFOLF
2025-04-12 17:44:17,928 - INFO - Ingress_Mono_Exit QXUDFOLF
2025-04-12 17:44:17,960 - INFO - Ingress_Mono_Enter 16N8SAQJ
2025-04-12 17:44:18,009 - INFO - Ingress_Mono_Input_Decoded 16N8SAQJ
2025-04-12 17:44:18,013 - INFO - Ingress_Mono_Numpy_Converted 16N8SAQJ
2025-04-12 17:44:19,015 - INFO - Ingress_Mono_Exit 16N8SAQJ
2025-04-12 17:44:20,554 - INFO - Ingress_Mono_Enter QL8OKN07
2025-04-12 17:44:20,592 - INFO - Ingress_Mono_Input_Decoded QL8OKN07
2025-04-12 17:44:20,596 - INFO - Ingress_Mono_Numpy_Converted QL8OKN07
2025-04-12 17:44:21,025 - INFO - Ingress_Mono_Exit QL8OKN07
2025-04-12 17:44:21,058 - INFO - Ingress_Mono_Enter GVX1VXF4
2025-04-12 17:44:21,103 - INFO - Ingress_Mono_Input_Decoded GVX1VXF4
2025-04-12 17:44:21,107 - INFO - Ingress_Mono_Numpy_Converted GVX1VXF4
2025-04-12 17:44:21,471 - INFO - Ingress_Mono_Exit GVX1VXF4
2025-04-12 17:44:22,266 - INFO - Ingress_Mono_Enter 2ILL34CX
2025-04-12 17:44:22,318 - INFO - Ingress_Mono_Input_Decoded 2ILL34CX
2025-04-12 17:44:22,323 - INFO - Ingress_Mono_Numpy_Converted 2ILL34CX
2025-04-12 17:44:22,358 - INFO - Ingress_Mono_Enter P1PDU4VG
2025-04-12 17:44:22,404 - INFO - Ingress_Mono_Input_Decoded P1PDU4VG
2025-04-12 17:44:22,407 - INFO - Ingress_Mono_Numpy_Converted P1PDU4VG
2025-04-12 17:44:22,949 - INFO - Ingress_Mono_Exit P1PDU4VG
2025-04-12 17:44:23,147 - INFO - Ingress_Mono_Enter 09HGGN46
2025-04-12 17:44:23,173 - INFO - Ingress_Mono_Input_Decoded 09HGGN46
2025-04-12 17:44:23,176 - INFO - Ingress_Mono_Numpy_Converted 09HGGN46
2025-04-12 17:44:23,186 - INFO - Ingress_Mono_Exit 2ILL34CX
2025-04-12 17:44:24,242 - INFO - Ingress_Mono_Exit 09HGGN46
2025-04-12 17:44:26,957 - INFO - Ingress_Mono_Enter 44SYARU4
2025-04-12 17:44:26,991 - INFO - Ingress_Mono_Input_Decoded 44SYARU4
2025-04-12 17:44:26,995 - INFO - Ingress_Mono_Numpy_Converted 44SYARU4
2025-04-12 17:44:27,257 - INFO - Ingress_Mono_Enter YGHKU3ZZ
2025-04-12 17:44:27,291 - INFO - Ingress_Mono_Input_Decoded YGHKU3ZZ
2025-04-12 17:44:27,294 - INFO - Ingress_Mono_Numpy_Converted YGHKU3ZZ
2025-04-12 17:44:27,854 - INFO - Ingress_Mono_Exit 44SYARU4
2025-04-12 17:44:27,971 - INFO - Ingress_Mono_Enter FM5A2Q3Y
2025-04-12 17:44:28,025 - INFO - Ingress_Mono_Input_Decoded FM5A2Q3Y
2025-04-12 17:44:28,030 - INFO - Ingress_Mono_Numpy_Converted FM5A2Q3Y
2025-04-12 17:44:28,127 - INFO - Ingress_Mono_Exit YGHKU3ZZ
2025-04-12 17:44:28,525 - INFO - Ingress_Mono_Exit FM5A2Q3Y
2025-04-12 17:44:29,272 - INFO - Ingress_Mono_Enter KQNZ71ZN
2025-04-12 17:44:29,323 - INFO - Ingress_Mono_Input_Decoded KQNZ71ZN
2025-04-12 17:44:29,328 - INFO - Ingress_Mono_Numpy_Converted KQNZ71ZN
2025-04-12 17:44:30,064 - INFO - Ingress_Mono_Exit KQNZ71ZN
2025-04-12 17:44:30,160 - INFO - Ingress_Mono_Enter EROX9CQW
2025-04-12 17:44:30,195 - INFO - Ingress_Mono_Input_Decoded EROX9CQW
2025-04-12 17:44:30,199 - INFO - Ingress_Mono_Numpy_Converted EROX9CQW
2025-04-12 17:44:31,025 - INFO - Ingress_Mono_Exit EROX9CQW
2025-04-12 17:44:31,172 - INFO - Ingress_Mono_Enter C8AUH93F
2025-04-12 17:44:31,222 - INFO - Ingress_Mono_Input_Decoded C8AUH93F
2025-04-12 17:44:31,227 - INFO - Ingress_Mono_Numpy_Converted C8AUH93F
2025-04-12 17:44:31,572 - INFO - Ingress_Mono_Enter C5NCPBT7
2025-04-12 17:44:31,623 - INFO - Ingress_Mono_Input_Decoded C5NCPBT7
2025-04-12 17:44:31,628 - INFO - Ingress_Mono_Numpy_Converted C5NCPBT7
2025-04-12 17:44:31,630 - INFO - Ingress_Mono_Exit C8AUH93F
2025-04-12 17:44:33,045 - INFO - Ingress_Mono_Exit C5NCPBT7
2025-04-12 17:44:33,957 - INFO - Ingress_Mono_Enter TYOX2RNS
2025-04-12 17:44:33,983 - INFO - Ingress_Mono_Input_Decoded TYOX2RNS
2025-04-12 17:44:33,986 - INFO - Ingress_Mono_Numpy_Converted TYOX2RNS
2025-04-12 17:44:34,363 - INFO - Ingress_Mono_Enter DQ9DA50C
2025-04-12 17:44:34,394 - INFO - Ingress_Mono_Input_Decoded DQ9DA50C
2025-04-12 17:44:34,397 - INFO - Ingress_Mono_Numpy_Converted DQ9DA50C
2025-04-12 17:44:34,691 - INFO - Ingress_Mono_Exit DQ9DA50C
2025-04-12 17:44:34,739 - INFO - Ingress_Mono_Exit TYOX2RNS
2025-04-12 17:44:37,767 - INFO - Ingress_Mono_Enter CQE6LEJ8
2025-04-12 17:44:37,800 - INFO - Ingress_Mono_Input_Decoded CQE6LEJ8
2025-04-12 17:44:37,803 - INFO - Ingress_Mono_Numpy_Converted CQE6LEJ8
2025-04-12 17:44:37,868 - INFO - Ingress_Mono_Enter 5FTUMCG7
2025-04-12 17:44:37,902 - INFO - Ingress_Mono_Input_Decoded 5FTUMCG7
2025-04-12 17:44:37,906 - INFO - Ingress_Mono_Numpy_Converted 5FTUMCG7
2025-04-12 17:44:38,276 - INFO - Ingress_Mono_Exit 5FTUMCG7
2025-04-12 17:44:38,442 - INFO - Ingress_Mono_Exit CQE6LEJ8
2025-04-12 17:44:43,473 - INFO - Ingress_Mono_Enter U1NMQC57
2025-04-12 17:44:43,506 - INFO - Ingress_Mono_Input_Decoded U1NMQC57
2025-04-12 17:44:43,509 - INFO - Ingress_Mono_Numpy_Converted U1NMQC57
2025-04-12 17:44:43,884 - INFO - Ingress_Mono_Exit U1NMQC57
2025-04-12 17:44:43,978 - INFO - Ingress_Mono_Enter FQZQX0O8
2025-04-12 17:44:44,017 - INFO - Ingress_Mono_Input_Decoded FQZQX0O8
2025-04-12 17:44:44,021 - INFO - Ingress_Mono_Numpy_Converted FQZQX0O8
2025-04-12 17:44:44,070 - INFO - Ingress_Mono_Enter R3T4206H
2025-04-12 17:44:44,102 - INFO - Ingress_Mono_Input_Decoded R3T4206H
2025-04-12 17:44:44,105 - INFO - Ingress_Mono_Numpy_Converted R3T4206H
2025-04-12 17:44:44,253 - INFO - Ingress_Mono_Exit FQZQX0O8
2025-04-12 17:44:44,568 - INFO - Ingress_Mono_Exit R3T4206H
2025-04-12 17:44:44,970 - INFO - Ingress_Mono_Enter 9GD6E3CD
2025-04-12 17:44:44,998 - INFO - Ingress_Mono_Input_Decoded 9GD6E3CD
2025-04-12 17:44:45,001 - INFO - Ingress_Mono_Numpy_Converted 9GD6E3CD
2025-04-12 17:44:45,276 - INFO - Ingress_Mono_Enter YRKX0MGC
2025-04-12 17:44:45,309 - INFO - Ingress_Mono_Input_Decoded YRKX0MGC
2025-04-12 17:44:45,313 - INFO - Ingress_Mono_Numpy_Converted YRKX0MGC
2025-04-12 17:44:45,600 - INFO - Ingress_Mono_Enter OCU1M17Z
2025-04-12 17:44:45,664 - INFO - Ingress_Mono_Input_Decoded OCU1M17Z
2025-04-12 17:44:45,668 - INFO - Ingress_Mono_Numpy_Converted OCU1M17Z
2025-04-12 17:44:45,724 - INFO - Ingress_Mono_Exit 9GD6E3CD
2025-04-12 17:44:45,868 - INFO - Ingress_Mono_Exit YRKX0MGC
2025-04-12 17:44:46,067 - INFO - Ingress_Mono_Exit OCU1M17Z
2025-04-12 17:44:48,790 - INFO - Ingress_Mono_Enter G6OAVSIR
2025-04-12 17:44:48,836 - INFO - Ingress_Mono_Input_Decoded G6OAVSIR
2025-04-12 17:44:48,840 - INFO - Ingress_Mono_Numpy_Converted G6OAVSIR
2025-04-12 17:44:48,980 - INFO - Ingress_Mono_Enter 9DI4STFM
2025-04-12 17:44:49,015 - INFO - Ingress_Mono_Input_Decoded 9DI4STFM
2025-04-12 17:44:49,019 - INFO - Ingress_Mono_Numpy_Converted 9DI4STFM
2025-04-12 17:44:49,280 - INFO - Ingress_Mono_Exit G6OAVSIR
2025-04-12 17:44:49,976 - INFO - Ingress_Mono_Enter PCUP25G4
2025-04-12 17:44:50,005 - INFO - Ingress_Mono_Input_Decoded PCUP25G4
2025-04-12 17:44:50,008 - INFO - Ingress_Mono_Numpy_Converted PCUP25G4
2025-04-12 17:44:50,010 - INFO - Ingress_Mono_Exit 9DI4STFM
2025-04-12 17:44:50,878 - INFO - Ingress_Mono_Exit PCUP25G4
2025-04-12 17:44:51,593 - INFO - Ingress_Mono_Enter 1233AUH6
2025-04-12 17:44:51,642 - INFO - Ingress_Mono_Input_Decoded 1233AUH6
2025-04-12 17:44:51,647 - INFO - Ingress_Mono_Numpy_Converted 1233AUH6
2025-04-12 17:44:51,679 - INFO - Ingress_Mono_Enter MJT8O6EK
2025-04-12 17:44:51,710 - INFO - Ingress_Mono_Input_Decoded MJT8O6EK
2025-04-12 17:44:51,713 - INFO - Ingress_Mono_Numpy_Converted MJT8O6EK
2025-04-12 17:44:52,106 - INFO - Ingress_Mono_Exit 1233AUH6
2025-04-12 17:44:52,467 - INFO - Ingress_Mono_Exit MJT8O6EK
2025-04-12 17:45:01,489 - INFO - Ingress_Mono_Enter 4DPIXUMK
2025-04-12 17:45:01,521 - INFO - Ingress_Mono_Input_Decoded 4DPIXUMK
2025-04-12 17:45:01,524 - INFO - Ingress_Mono_Numpy_Converted 4DPIXUMK
2025-04-12 17:45:01,592 - INFO - Ingress_Mono_Enter U73U1DVP
2025-04-12 17:45:01,630 - INFO - Ingress_Mono_Input_Decoded U73U1DVP
2025-04-12 17:45:01,633 - INFO - Ingress_Mono_Numpy_Converted U73U1DVP
2025-04-12 17:45:02,086 - INFO - Ingress_Mono_Exit U73U1DVP
2025-04-12 17:45:02,090 - INFO - Ingress_Mono_Exit 4DPIXUMK
2025-04-12 17:45:03,294 - INFO - Ingress_Mono_Enter 35RAA307
2025-04-12 17:45:03,328 - INFO - Ingress_Mono_Input_Decoded 35RAA307
2025-04-12 17:45:03,332 - INFO - Ingress_Mono_Numpy_Converted 35RAA307
2025-04-12 17:45:04,103 - INFO - Ingress_Mono_Enter WRGM7YQL
2025-04-12 17:45:04,150 - INFO - Ingress_Mono_Input_Decoded WRGM7YQL
2025-04-12 17:45:04,155 - INFO - Ingress_Mono_Numpy_Converted WRGM7YQL
2025-04-12 17:45:04,156 - INFO - Ingress_Mono_Exit 35RAA307
2025-04-12 17:45:04,495 - INFO - Ingress_Mono_Enter 9T3JYRNI
2025-04-12 17:45:04,529 - INFO - Ingress_Mono_Input_Decoded 9T3JYRNI
2025-04-12 17:45:04,533 - INFO - Ingress_Mono_Numpy_Converted 9T3JYRNI
2025-04-12 17:45:04,783 - INFO - Ingress_Mono_Exit WRGM7YQL
2025-04-12 17:45:04,895 - INFO - Ingress_Mono_Enter RIYEAIXH
2025-04-12 17:45:04,931 - INFO - Ingress_Mono_Input_Decoded RIYEAIXH
2025-04-12 17:45:04,935 - INFO - Ingress_Mono_Numpy_Converted RIYEAIXH
2025-04-12 17:45:04,936 - INFO - Ingress_Mono_Exit 9T3JYRNI
2025-04-12 17:45:05,287 - INFO - Ingress_Mono_Exit RIYEAIXH
2025-04-12 17:45:09,289 - INFO - Ingress_Mono_Enter 8QG1HB5G
2025-04-12 17:45:09,313 - INFO - Ingress_Mono_Input_Decoded 8QG1HB5G
2025-04-12 17:45:09,315 - INFO - Ingress_Mono_Numpy_Converted 8QG1HB5G
2025-04-12 17:45:10,390 - INFO - Ingress_Mono_Exit 8QG1HB5G
2025-04-12 17:45:13,712 - INFO - Ingress_Mono_Enter KERFGHKI
2025-04-12 17:45:13,755 - INFO - Ingress_Mono_Input_Decoded KERFGHKI
2025-04-12 17:45:13,759 - INFO - Ingress_Mono_Numpy_Converted KERFGHKI
2025-04-12 17:45:14,086 - INFO - Ingress_Mono_Exit KERFGHKI
2025-04-12 17:45:14,805 - INFO - Ingress_Mono_Enter GG2RXJLV
2025-04-12 17:45:14,840 - INFO - Ingress_Mono_Input_Decoded GG2RXJLV
2025-04-12 17:45:14,844 - INFO - Ingress_Mono_Numpy_Converted GG2RXJLV
2025-04-12 17:45:15,019 - INFO - Ingress_Mono_Enter HLVYJR22
2025-04-12 17:45:15,074 - INFO - Ingress_Mono_Input_Decoded HLVYJR22
2025-04-12 17:45:15,078 - INFO - Ingress_Mono_Numpy_Converted HLVYJR22
2025-04-12 17:45:15,358 - INFO - Ingress_Mono_Exit GG2RXJLV
2025-04-12 17:45:15,914 - INFO - Ingress_Mono_Enter JQGVOP8G
2025-04-12 17:45:15,960 - INFO - Ingress_Mono_Input_Decoded JQGVOP8G
2025-04-12 17:45:15,965 - INFO - Ingress_Mono_Numpy_Converted JQGVOP8G
2025-04-12 17:45:15,967 - INFO - Ingress_Mono_Exit HLVYJR22
2025-04-12 17:45:16,321 - INFO - Ingress_Mono_Enter OVTW29XA
2025-04-12 17:45:16,374 - INFO - Ingress_Mono_Input_Decoded OVTW29XA
2025-04-12 17:45:16,379 - INFO - Ingress_Mono_Numpy_Converted OVTW29XA
2025-04-12 17:45:16,393 - INFO - Ingress_Mono_Exit JQGVOP8G
2025-04-12 17:45:16,811 - INFO - Ingress_Mono_Enter NQEP82FH
2025-04-12 17:45:16,852 - INFO - Ingress_Mono_Input_Decoded NQEP82FH
2025-04-12 17:45:16,856 - INFO - Ingress_Mono_Numpy_Converted NQEP82FH
2025-04-12 17:45:16,866 - INFO - Ingress_Mono_Exit OVTW29XA
2025-04-12 17:45:17,314 - INFO - Ingress_Mono_Enter FMVG6K1S
2025-04-12 17:45:17,359 - INFO - Ingress_Mono_Input_Decoded FMVG6K1S
2025-04-12 17:45:17,364 - INFO - Ingress_Mono_Numpy_Converted FMVG6K1S
2025-04-12 17:45:17,604 - INFO - Ingress_Mono_Enter O3MGE8UI
2025-04-12 17:45:17,634 - INFO - Ingress_Mono_Input_Decoded O3MGE8UI
2025-04-12 17:45:17,637 - INFO - Ingress_Mono_Numpy_Converted O3MGE8UI
2025-04-12 17:45:17,638 - INFO - Ingress_Mono_Exit NQEP82FH
2025-04-12 17:45:17,698 - INFO - Ingress_Mono_Exit FMVG6K1S
2025-04-12 17:45:18,275 - INFO - Ingress_Mono_Exit O3MGE8UI
2025-04-12 17:45:19,310 - INFO - Ingress_Mono_Enter 1FESIUEP
2025-04-12 17:45:19,346 - INFO - Ingress_Mono_Input_Decoded 1FESIUEP
2025-04-12 17:45:19,349 - INFO - Ingress_Mono_Numpy_Converted 1FESIUEP
2025-04-12 17:45:20,033 - INFO - Ingress_Mono_Exit 1FESIUEP
2025-04-12 17:45:20,325 - INFO - Ingress_Mono_Enter SIR0VJW9
2025-04-12 17:45:20,380 - INFO - Ingress_Mono_Input_Decoded SIR0VJW9
2025-04-12 17:45:20,384 - INFO - Ingress_Mono_Numpy_Converted SIR0VJW9
2025-04-12 17:45:20,738 - INFO - Ingress_Mono_Exit SIR0VJW9
2025-04-12 17:45:20,907 - INFO - Ingress_Mono_Enter BXRO5PFQ
2025-04-12 17:45:20,935 - INFO - Ingress_Mono_Input_Decoded BXRO5PFQ
2025-04-12 17:45:20,938 - INFO - Ingress_Mono_Numpy_Converted BXRO5PFQ
2025-04-12 17:45:21,513 - INFO - Ingress_Mono_Enter A3AM8W7X
2025-04-12 17:45:21,548 - INFO - Ingress_Mono_Input_Decoded A3AM8W7X
2025-04-12 17:45:21,551 - INFO - Ingress_Mono_Numpy_Converted A3AM8W7X
2025-04-12 17:45:21,718 - INFO - Ingress_Mono_Exit BXRO5PFQ
2025-04-12 17:45:22,243 - INFO - Ingress_Mono_Exit A3AM8W7X
2025-04-12 17:45:23,028 - INFO - Ingress_Mono_Enter XZM3LZNK
2025-04-12 17:45:23,081 - INFO - Ingress_Mono_Input_Decoded XZM3LZNK
2025-04-12 17:45:23,087 - INFO - Ingress_Mono_Numpy_Converted XZM3LZNK
2025-04-12 17:45:23,449 - INFO - Ingress_Mono_Exit XZM3LZNK
2025-04-12 17:45:25,479 - INFO - Ingress_Mono_Enter 7XBGBR9M
2025-04-12 17:45:25,555 - INFO - Ingress_Mono_Input_Decoded 7XBGBR9M
2025-04-12 17:45:25,561 - INFO - Ingress_Mono_Numpy_Converted 7XBGBR9M
2025-04-12 17:45:25,987 - INFO - Ingress_Mono_Exit 7XBGBR9M
2025-04-12 17:45:26,918 - INFO - Ingress_Mono_Enter L7HT0TC0
2025-04-12 17:45:26,955 - INFO - Ingress_Mono_Input_Decoded L7HT0TC0
2025-04-12 17:45:26,958 - INFO - Ingress_Mono_Numpy_Converted L7HT0TC0
2025-04-12 17:45:27,274 - INFO - Ingress_Mono_Exit L7HT0TC0
2025-04-12 17:45:27,620 - INFO - Ingress_Mono_Enter 2NSLIRIZ
2025-04-12 17:45:27,656 - INFO - Ingress_Mono_Input_Decoded 2NSLIRIZ
2025-04-12 17:45:27,659 - INFO - Ingress_Mono_Numpy_Converted 2NSLIRIZ
2025-04-12 17:45:27,935 - INFO - Ingress_Mono_Exit 2NSLIRIZ
2025-04-12 17:45:30,828 - INFO - Ingress_Mono_Enter JJK71LY7
2025-04-12 17:45:30,870 - INFO - Ingress_Mono_Input_Decoded JJK71LY7
2025-04-12 17:45:30,874 - INFO - Ingress_Mono_Numpy_Converted JJK71LY7
2025-04-12 17:45:31,200 - INFO - Ingress_Mono_Exit JJK71LY7
2025-04-12 17:45:33,935 - INFO - Ingress_Mono_Enter IMHMLEMK
2025-04-12 17:45:33,982 - INFO - Ingress_Mono_Input_Decoded IMHMLEMK
2025-04-12 17:45:33,987 - INFO - Ingress_Mono_Numpy_Converted IMHMLEMK
2025-04-12 17:45:34,239 - INFO - Ingress_Mono_Enter 15ENHJM5
2025-04-12 17:45:34,295 - INFO - Ingress_Mono_Input_Decoded 15ENHJM5
2025-04-12 17:45:34,298 - INFO - Ingress_Mono_Numpy_Converted 15ENHJM5
2025-04-12 17:45:34,382 - INFO - Ingress_Mono_Exit IMHMLEMK
2025-04-12 17:45:34,530 - INFO - Ingress_Mono_Enter X1DMI2BB
2025-04-12 17:45:34,563 - INFO - Ingress_Mono_Input_Decoded X1DMI2BB
2025-04-12 17:45:34,567 - INFO - Ingress_Mono_Numpy_Converted X1DMI2BB
2025-04-12 17:45:34,723 - INFO - Ingress_Mono_Exit 15ENHJM5
2025-04-12 17:45:35,366 - INFO - Ingress_Mono_Exit X1DMI2BB
2025-04-12 17:45:35,719 - INFO - Ingress_Mono_Enter 8679DD5C
2025-04-12 17:45:35,746 - INFO - Ingress_Mono_Input_Decoded 8679DD5C
2025-04-12 17:45:35,749 - INFO - Ingress_Mono_Numpy_Converted 8679DD5C
2025-04-12 17:45:36,502 - INFO - Ingress_Mono_Exit 8679DD5C
2025-04-12 17:45:36,527 - INFO - Ingress_Mono_Enter UR80FJW3
2025-04-12 17:45:36,559 - INFO - Ingress_Mono_Input_Decoded UR80FJW3
2025-04-12 17:45:36,562 - INFO - Ingress_Mono_Numpy_Converted UR80FJW3
2025-04-12 17:45:36,897 - INFO - Ingress_Mono_Exit UR80FJW3
2025-04-12 17:45:37,918 - INFO - Ingress_Mono_Enter OAU1U6LK
2025-04-12 17:45:37,939 - INFO - Ingress_Mono_Input_Decoded OAU1U6LK
2025-04-12 17:45:37,941 - INFO - Ingress_Mono_Numpy_Converted OAU1U6LK
2025-04-12 17:45:38,727 - INFO - Ingress_Mono_Enter 9W3OO4S2
2025-04-12 17:45:38,759 - INFO - Ingress_Mono_Input_Decoded 9W3OO4S2
2025-04-12 17:45:38,762 - INFO - Ingress_Mono_Numpy_Converted 9W3OO4S2
2025-04-12 17:45:39,060 - INFO - Ingress_Mono_Exit 9W3OO4S2
2025-04-12 17:45:39,136 - INFO - Ingress_Mono_Enter Y02MR586
2025-04-12 17:45:39,177 - INFO - Ingress_Mono_Input_Decoded Y02MR586
2025-04-12 17:45:39,181 - INFO - Ingress_Mono_Numpy_Converted Y02MR586
2025-04-12 17:45:39,194 - INFO - Ingress_Mono_Exit OAU1U6LK
2025-04-12 17:45:39,433 - INFO - Ingress_Mono_Enter Q6Z4VC17
2025-04-12 17:45:39,471 - INFO - Ingress_Mono_Input_Decoded Q6Z4VC17
2025-04-12 17:45:39,475 - INFO - Ingress_Mono_Numpy_Converted Q6Z4VC17
2025-04-12 17:45:39,535 - INFO - Ingress_Mono_Enter LTUO3VS9
2025-04-12 17:45:39,578 - INFO - Ingress_Mono_Input_Decoded LTUO3VS9
2025-04-12 17:45:39,582 - INFO - Ingress_Mono_Numpy_Converted LTUO3VS9
2025-04-12 17:45:39,806 - INFO - Ingress_Mono_Exit Y02MR586
2025-04-12 17:45:40,269 - INFO - Ingress_Mono_Exit Q6Z4VC17
2025-04-12 17:45:40,271 - INFO - Ingress_Mono_Exit LTUO3VS9
2025-04-12 17:45:52,937 - INFO - Ingress_Mono_Enter M4YYWCMJ
2025-04-12 17:45:52,964 - INFO - Ingress_Mono_Input_Decoded M4YYWCMJ
2025-04-12 17:45:52,967 - INFO - Ingress_Mono_Numpy_Converted M4YYWCMJ
2025-04-12 17:45:53,359 - INFO - Ingress_Mono_Exit M4YYWCMJ
2025-04-12 17:45:55,141 - INFO - Ingress_Mono_Enter JFPBHF1G
2025-04-12 17:45:55,170 - INFO - Ingress_Mono_Input_Decoded JFPBHF1G
2025-04-12 17:45:55,173 - INFO - Ingress_Mono_Numpy_Converted JFPBHF1G
2025-04-12 17:45:55,350 - INFO - Ingress_Mono_Enter 8CBHQ8LB
2025-04-12 17:45:55,389 - INFO - Ingress_Mono_Input_Decoded 8CBHQ8LB
2025-04-12 17:45:55,393 - INFO - Ingress_Mono_Numpy_Converted 8CBHQ8LB
2025-04-12 17:45:55,645 - INFO - Ingress_Mono_Enter 6VTRCZ8Q
2025-04-12 17:45:55,677 - INFO - Ingress_Mono_Input_Decoded 6VTRCZ8Q
2025-04-12 17:45:55,679 - INFO - Ingress_Mono_Numpy_Converted 6VTRCZ8Q
2025-04-12 17:45:55,916 - INFO - Ingress_Mono_Exit 8CBHQ8LB
2025-04-12 17:45:55,987 - INFO - Ingress_Mono_Exit JFPBHF1G
2025-04-12 17:45:56,435 - INFO - Ingress_Mono_Exit 6VTRCZ8Q
2025-04-12 17:46:08,257 - INFO - Ingress_Mono_Enter WANNELL5
2025-04-12 17:46:08,289 - INFO - Ingress_Mono_Input_Decoded WANNELL5
2025-04-12 17:46:08,292 - INFO - Ingress_Mono_Numpy_Converted WANNELL5
2025-04-12 17:46:08,456 - INFO - Ingress_Mono_Enter MX7VAK4C
2025-04-12 17:46:08,483 - INFO - Ingress_Mono_Input_Decoded MX7VAK4C
2025-04-12 17:46:08,486 - INFO - Ingress_Mono_Numpy_Converted MX7VAK4C
2025-04-12 17:46:08,794 - INFO - Ingress_Mono_Exit WANNELL5
2025-04-12 17:46:09,010 - INFO - Ingress_Mono_Exit MX7VAK4C
2025-04-12 17:46:11,760 - INFO - Ingress_Mono_Enter 1OXBMMTL
2025-04-12 17:46:11,790 - INFO - Ingress_Mono_Input_Decoded 1OXBMMTL
2025-04-12 17:46:11,793 - INFO - Ingress_Mono_Numpy_Converted 1OXBMMTL
2025-04-12 17:46:12,621 - INFO - Ingress_Mono_Exit 1OXBMMTL
2025-04-12 17:46:12,665 - INFO - Ingress_Mono_Enter ZC776VFQ
2025-04-12 17:46:12,701 - INFO - Ingress_Mono_Input_Decoded ZC776VFQ
2025-04-12 17:46:12,705 - INFO - Ingress_Mono_Numpy_Converted ZC776VFQ
2025-04-12 17:46:13,560 - INFO - Ingress_Mono_Enter QCFLQDES
2025-04-12 17:46:13,588 - INFO - Ingress_Mono_Input_Decoded QCFLQDES
2025-04-12 17:46:13,591 - INFO - Ingress_Mono_Numpy_Converted QCFLQDES
2025-04-12 17:46:13,597 - INFO - Ingress_Mono_Exit ZC776VFQ
2025-04-12 17:46:14,063 - INFO - Ingress_Mono_Enter W8NMU1I8
2025-04-12 17:46:14,096 - INFO - Ingress_Mono_Input_Decoded W8NMU1I8
2025-04-12 17:46:14,099 - INFO - Ingress_Mono_Numpy_Converted W8NMU1I8
2025-04-12 17:46:14,547 - INFO - Ingress_Mono_Exit W8NMU1I8
2025-04-12 17:46:14,924 - INFO - Ingress_Mono_Exit QCFLQDES
2025-04-12 17:46:16,477 - INFO - Ingress_Mono_Enter O732BK57
2025-04-12 17:46:16,524 - INFO - Ingress_Mono_Input_Decoded O732BK57
2025-04-12 17:46:16,529 - INFO - Ingress_Mono_Numpy_Converted O732BK57
2025-04-12 17:46:17,054 - INFO - Ingress_Mono_Exit O732BK57
2025-04-12 17:46:17,272 - INFO - Ingress_Mono_Enter Y9TN12G4
2025-04-12 17:46:17,308 - INFO - Ingress_Mono_Input_Decoded Y9TN12G4
2025-04-12 17:46:17,312 - INFO - Ingress_Mono_Numpy_Converted Y9TN12G4
2025-04-12 17:46:17,558 - INFO - Ingress_Mono_Exit Y9TN12G4
2025-04-12 17:46:17,667 - INFO - Ingress_Mono_Enter MAIF34LL
2025-04-12 17:46:17,697 - INFO - Ingress_Mono_Input_Decoded MAIF34LL
2025-04-12 17:46:17,700 - INFO - Ingress_Mono_Numpy_Converted MAIF34LL
2025-04-12 17:46:18,257 - INFO - Ingress_Mono_Exit MAIF34LL
2025-04-12 17:46:18,677 - INFO - Ingress_Mono_Enter JKIV5U11
2025-04-12 17:46:18,721 - INFO - Ingress_Mono_Input_Decoded JKIV5U11
2025-04-12 17:46:18,725 - INFO - Ingress_Mono_Numpy_Converted JKIV5U11
2025-04-12 17:46:19,404 - INFO - Ingress_Mono_Exit JKIV5U11
2025-04-12 17:46:19,772 - INFO - Ingress_Mono_Enter DJ1OL4RW
2025-04-12 17:46:19,809 - INFO - Ingress_Mono_Input_Decoded DJ1OL4RW
2025-04-12 17:46:19,813 - INFO - Ingress_Mono_Numpy_Converted DJ1OL4RW
2025-04-12 17:46:20,136 - INFO - Ingress_Mono_Exit DJ1OL4RW
2025-04-12 17:46:21,284 - INFO - Ingress_Mono_Enter IWE5TH8V
2025-04-12 17:46:21,333 - INFO - Ingress_Mono_Input_Decoded IWE5TH8V
2025-04-12 17:46:21,338 - INFO - Ingress_Mono_Numpy_Converted IWE5TH8V
2025-04-12 17:46:21,699 - INFO - Ingress_Mono_Exit IWE5TH8V
2025-04-12 17:46:21,871 - INFO - Ingress_Mono_Enter Y8PSGA5N
2025-04-12 17:46:21,902 - INFO - Ingress_Mono_Input_Decoded Y8PSGA5N
2025-04-12 17:46:21,905 - INFO - Ingress_Mono_Numpy_Converted Y8PSGA5N
2025-04-12 17:46:22,774 - INFO - Ingress_Mono_Enter X06WO6MU
2025-04-12 17:46:22,812 - INFO - Ingress_Mono_Input_Decoded X06WO6MU
2025-04-12 17:46:22,815 - INFO - Ingress_Mono_Numpy_Converted X06WO6MU
2025-04-12 17:46:23,048 - INFO - Ingress_Mono_Exit Y8PSGA5N
2025-04-12 17:46:23,266 - INFO - Ingress_Mono_Enter RXMMS7KQ
2025-04-12 17:46:23,290 - INFO - Ingress_Mono_Input_Decoded RXMMS7KQ
2025-04-12 17:46:23,292 - INFO - Ingress_Mono_Numpy_Converted RXMMS7KQ
2025-04-12 17:46:23,587 - INFO - Ingress_Mono_Exit RXMMS7KQ
2025-04-12 17:46:23,826 - INFO - Ingress_Mono_Exit X06WO6MU
2025-04-12 17:46:23,994 - INFO - Ingress_Mono_Enter L400HO56
2025-04-12 17:46:24,052 - INFO - Ingress_Mono_Input_Decoded L400HO56
2025-04-12 17:46:24,056 - INFO - Ingress_Mono_Numpy_Converted L400HO56
2025-04-12 17:46:24,427 - INFO - Ingress_Mono_Exit L400HO56
2025-04-12 17:46:24,578 - INFO - Ingress_Mono_Enter PUMAKMVP
2025-04-12 17:46:24,619 - INFO - Ingress_Mono_Input_Decoded PUMAKMVP
2025-04-12 17:46:24,623 - INFO - Ingress_Mono_Numpy_Converted PUMAKMVP
2025-04-12 17:46:25,278 - INFO - Ingress_Mono_Enter 9EOJO4EC
2025-04-12 17:46:25,315 - INFO - Ingress_Mono_Input_Decoded 9EOJO4EC
2025-04-12 17:46:25,319 - INFO - Ingress_Mono_Numpy_Converted 9EOJO4EC
2025-04-12 17:46:25,681 - INFO - Ingress_Mono_Exit PUMAKMVP
2025-04-12 17:46:26,407 - INFO - Ingress_Mono_Exit 9EOJO4EC
2025-04-12 17:46:27,703 - INFO - Ingress_Mono_Enter Z6DTTT6G
2025-04-12 17:46:27,762 - INFO - Ingress_Mono_Input_Decoded Z6DTTT6G
2025-04-12 17:46:27,766 - INFO - Ingress_Mono_Numpy_Converted Z6DTTT6G
2025-04-12 17:46:27,826 - INFO - Ingress_Mono_Enter 41JO6NS3
2025-04-12 17:46:27,903 - INFO - Ingress_Mono_Input_Decoded 41JO6NS3
2025-04-12 17:46:27,909 - INFO - Ingress_Mono_Numpy_Converted 41JO6NS3
2025-04-12 17:46:28,088 - INFO - Ingress_Mono_Exit Z6DTTT6G
2025-04-12 17:46:28,609 - INFO - Ingress_Mono_Exit 41JO6NS3
2025-04-12 17:46:29,782 - INFO - Ingress_Mono_Enter A1KMQBSY
2025-04-12 17:46:29,814 - INFO - Ingress_Mono_Input_Decoded A1KMQBSY
2025-04-12 17:46:29,817 - INFO - Ingress_Mono_Numpy_Converted A1KMQBSY
2025-04-12 17:46:30,687 - INFO - Ingress_Mono_Enter YYHYXH32
2025-04-12 17:46:30,726 - INFO - Ingress_Mono_Input_Decoded YYHYXH32
2025-04-12 17:46:30,729 - INFO - Ingress_Mono_Numpy_Converted YYHYXH32
2025-04-12 17:46:31,323 - INFO - Ingress_Mono_Exit A1KMQBSY
2025-04-12 17:46:32,042 - INFO - Ingress_Mono_Exit YYHYXH32
2025-04-12 17:46:32,499 - INFO - Ingress_Mono_Enter 6YL6ZAQJ
2025-04-12 17:46:32,547 - INFO - Ingress_Mono_Input_Decoded 6YL6ZAQJ
2025-04-12 17:46:32,551 - INFO - Ingress_Mono_Numpy_Converted 6YL6ZAQJ
2025-04-12 17:46:32,993 - INFO - Ingress_Mono_Enter K4SG34TM
2025-04-12 17:46:33,036 - INFO - Ingress_Mono_Input_Decoded K4SG34TM
2025-04-12 17:46:33,040 - INFO - Ingress_Mono_Numpy_Converted K4SG34TM
2025-04-12 17:46:33,550 - INFO - Ingress_Mono_Exit K4SG34TM
2025-04-12 17:46:33,553 - INFO - Ingress_Mono_Exit 6YL6ZAQJ
2025-04-12 17:46:41,298 - INFO - Ingress_Mono_Enter 5PA74O2P
2025-04-12 17:46:41,333 - INFO - Ingress_Mono_Input_Decoded 5PA74O2P
2025-04-12 17:46:41,337 - INFO - Ingress_Mono_Numpy_Converted 5PA74O2P
2025-04-12 17:46:41,697 - INFO - Ingress_Mono_Exit 5PA74O2P
2025-04-12 17:46:43,006 - INFO - Ingress_Mono_Enter HNRFSWL9
2025-04-12 17:46:43,049 - INFO - Ingress_Mono_Input_Decoded HNRFSWL9
2025-04-12 17:46:43,053 - INFO - Ingress_Mono_Numpy_Converted HNRFSWL9
2025-04-12 17:46:43,327 - INFO - Ingress_Mono_Exit HNRFSWL9
2025-04-12 17:46:43,918 - INFO - Ingress_Mono_Enter I6F6LOHL
2025-04-12 17:46:43,977 - INFO - Ingress_Mono_Input_Decoded I6F6LOHL
2025-04-12 17:46:43,981 - INFO - Ingress_Mono_Numpy_Converted I6F6LOHL
2025-04-12 17:46:44,565 - INFO - Ingress_Mono_Exit I6F6LOHL
2025-04-12 17:46:45,300 - INFO - Ingress_Mono_Enter 28ZD5Y2F
2025-04-12 17:46:45,333 - INFO - Ingress_Mono_Input_Decoded 28ZD5Y2F
2025-04-12 17:46:45,336 - INFO - Ingress_Mono_Numpy_Converted 28ZD5Y2F
2025-04-12 17:46:45,701 - INFO - Ingress_Mono_Enter 1FPVRTGZ
2025-04-12 17:46:45,734 - INFO - Ingress_Mono_Input_Decoded 1FPVRTGZ
2025-04-12 17:46:45,737 - INFO - Ingress_Mono_Numpy_Converted 1FPVRTGZ
2025-04-12 17:46:45,933 - INFO - Ingress_Mono_Exit 28ZD5Y2F
2025-04-12 17:46:46,340 - INFO - Ingress_Mono_Exit 1FPVRTGZ
2025-04-12 17:46:46,804 - INFO - Ingress_Mono_Enter 6Z00KKRX
2025-04-12 17:46:46,838 - INFO - Ingress_Mono_Input_Decoded 6Z00KKRX
2025-04-12 17:46:46,841 - INFO - Ingress_Mono_Numpy_Converted 6Z00KKRX
2025-04-12 17:46:47,187 - INFO - Ingress_Mono_Exit 6Z00KKRX
2025-04-12 17:46:47,204 - INFO - Ingress_Mono_Enter ECB6RMHR
2025-04-12 17:46:47,241 - INFO - Ingress_Mono_Input_Decoded ECB6RMHR
2025-04-12 17:46:47,245 - INFO - Ingress_Mono_Numpy_Converted ECB6RMHR
2025-04-12 17:46:47,400 - INFO - Ingress_Mono_Enter 18GK201T
2025-04-12 17:46:47,431 - INFO - Ingress_Mono_Input_Decoded 18GK201T
2025-04-12 17:46:47,434 - INFO - Ingress_Mono_Numpy_Converted 18GK201T
2025-04-12 17:46:47,571 - INFO - Ingress_Mono_Exit ECB6RMHR
2025-04-12 17:46:47,605 - INFO - Ingress_Mono_Enter 218XTXKI
2025-04-12 17:46:47,642 - INFO - Ingress_Mono_Input_Decoded 218XTXKI
2025-04-12 17:46:47,646 - INFO - Ingress_Mono_Numpy_Converted 218XTXKI
2025-04-12 17:46:48,004 - INFO - Ingress_Mono_Enter ROD1KHMO
2025-04-12 17:46:48,039 - INFO - Ingress_Mono_Input_Decoded ROD1KHMO
2025-04-12 17:46:48,042 - INFO - Ingress_Mono_Numpy_Converted ROD1KHMO
2025-04-12 17:46:48,044 - INFO - Ingress_Mono_Exit 218XTXKI
2025-04-12 17:46:48,646 - INFO - Ingress_Mono_Exit ROD1KHMO
2025-04-12 17:46:48,648 - INFO - Ingress_Mono_Exit 18GK201T
2025-04-12 17:46:59,219 - INFO - Ingress_Mono_Enter BL0VWQ69
2025-04-12 17:46:59,260 - INFO - Ingress_Mono_Input_Decoded BL0VWQ69
2025-04-12 17:46:59,264 - INFO - Ingress_Mono_Numpy_Converted BL0VWQ69
2025-04-12 17:46:59,708 - INFO - Ingress_Mono_Exit BL0VWQ69
2025-04-12 17:46:59,966 - INFO - Ingress_Mono_Enter 1FQ6Z3KT
2025-04-12 17:47:00,057 - INFO - Ingress_Mono_Input_Decoded 1FQ6Z3KT
2025-04-12 17:47:00,064 - INFO - Ingress_Mono_Numpy_Converted 1FQ6Z3KT
2025-04-12 17:47:00,067 - INFO - Ingress_Mono_Enter HMTK5N9C
2025-04-12 17:47:00,084 - INFO - Ingress_Mono_Input_Decoded HMTK5N9C
2025-04-12 17:47:00,085 - INFO - Ingress_Mono_Numpy_Converted HMTK5N9C
2025-04-12 17:47:00,397 - INFO - Ingress_Mono_Exit 1FQ6Z3KT
2025-04-12 17:47:00,623 - INFO - Ingress_Mono_Exit HMTK5N9C
2025-04-12 17:47:01,314 - INFO - Ingress_Mono_Enter 17HUKH6V
2025-04-12 17:47:01,344 - INFO - Ingress_Mono_Input_Decoded 17HUKH6V
2025-04-12 17:47:01,347 - INFO - Ingress_Mono_Numpy_Converted 17HUKH6V
2025-04-12 17:47:01,430 - INFO - Ingress_Mono_Enter 058Z0H34
2025-04-12 17:47:01,486 - INFO - Ingress_Mono_Input_Decoded 058Z0H34
2025-04-12 17:47:01,489 - INFO - Ingress_Mono_Numpy_Converted 058Z0H34
2025-04-12 17:47:01,675 - INFO - Ingress_Mono_Exit 17HUKH6V
2025-04-12 17:47:01,713 - INFO - Ingress_Mono_Enter JOZDGL3T
2025-04-12 17:47:01,741 - INFO - Ingress_Mono_Input_Decoded JOZDGL3T
2025-04-12 17:47:01,744 - INFO - Ingress_Mono_Numpy_Converted JOZDGL3T
2025-04-12 17:47:02,029 - INFO - Ingress_Mono_Exit JOZDGL3T
2025-04-12 17:47:02,151 - INFO - Ingress_Mono_Exit 058Z0H34
2025-04-12 17:47:04,516 - INFO - Ingress_Mono_Enter 16NNCOQK
2025-04-12 17:47:04,546 - INFO - Ingress_Mono_Input_Decoded 16NNCOQK
2025-04-12 17:47:04,549 - INFO - Ingress_Mono_Numpy_Converted 16NNCOQK
2025-04-12 17:47:04,867 - INFO - Ingress_Mono_Exit 16NNCOQK
2025-04-12 17:47:05,326 - INFO - Ingress_Mono_Enter 35VR4KZD
2025-04-12 17:47:05,370 - INFO - Ingress_Mono_Input_Decoded 35VR4KZD
2025-04-12 17:47:05,374 - INFO - Ingress_Mono_Numpy_Converted 35VR4KZD
2025-04-12 17:47:05,738 - INFO - Ingress_Mono_Enter QDOKIDF3
2025-04-12 17:47:05,792 - INFO - Ingress_Mono_Input_Decoded QDOKIDF3
2025-04-12 17:47:05,797 - INFO - Ingress_Mono_Numpy_Converted QDOKIDF3
2025-04-12 17:47:05,867 - INFO - Ingress_Mono_Exit 35VR4KZD
2025-04-12 17:47:06,685 - INFO - Ingress_Mono_Exit QDOKIDF3
2025-04-12 17:47:07,017 - INFO - Ingress_Mono_Enter EID422J9
2025-04-12 17:47:07,047 - INFO - Ingress_Mono_Input_Decoded EID422J9
2025-04-12 17:47:07,049 - INFO - Ingress_Mono_Numpy_Converted EID422J9
2025-04-12 17:47:07,882 - INFO - Ingress_Mono_Exit EID422J9
2025-04-12 17:47:10,128 - INFO - Ingress_Mono_Enter SRB6JY3W
2025-04-12 17:47:10,166 - INFO - Ingress_Mono_Input_Decoded SRB6JY3W
2025-04-12 17:47:10,169 - INFO - Ingress_Mono_Numpy_Converted SRB6JY3W
2025-04-12 17:47:10,491 - INFO - Ingress_Mono_Exit SRB6JY3W
2025-04-12 17:47:12,126 - INFO - Ingress_Mono_Enter NJ5W1I6H
2025-04-12 17:47:12,157 - INFO - Ingress_Mono_Input_Decoded NJ5W1I6H
2025-04-12 17:47:12,160 - INFO - Ingress_Mono_Numpy_Converted NJ5W1I6H
2025-04-12 17:47:12,730 - INFO - Ingress_Mono_Exit NJ5W1I6H
2025-04-12 17:47:14,026 - INFO - Ingress_Mono_Enter HXVVGTXR
2025-04-12 17:47:14,056 - INFO - Ingress_Mono_Input_Decoded HXVVGTXR
2025-04-12 17:47:14,059 - INFO - Ingress_Mono_Numpy_Converted HXVVGTXR
2025-04-12 17:47:14,414 - INFO - Ingress_Mono_Exit HXVVGTXR
2025-04-12 17:47:14,929 - INFO - Ingress_Mono_Enter 0QFRPXDH
2025-04-12 17:47:14,963 - INFO - Ingress_Mono_Input_Decoded 0QFRPXDH
2025-04-12 17:47:14,967 - INFO - Ingress_Mono_Numpy_Converted 0QFRPXDH
2025-04-12 17:47:15,433 - INFO - Ingress_Mono_Enter KWCRIIR1
2025-04-12 17:47:15,470 - INFO - Ingress_Mono_Input_Decoded KWCRIIR1
2025-04-12 17:47:15,474 - INFO - Ingress_Mono_Numpy_Converted KWCRIIR1
2025-04-12 17:47:15,746 - INFO - Ingress_Mono_Exit 0QFRPXDH
2025-04-12 17:47:15,925 - INFO - Ingress_Mono_Exit KWCRIIR1
