2025-04-13 20:39:25,803 - INFO - StepTTS_Enter 9A9BRGBG
2025-04-13 20:39:26,024 - INFO - StepTTS_Exit 9A9BRGBG
2025-04-13 20:39:26,336 - INFO - StepTTS_Enter 64NHTM4G
2025-04-13 20:39:26,496 - INFO - StepTTS_Exit 64NHTM4G
2025-04-13 20:39:28,307 - INFO - StepTTS_Enter K7ZOH1ZW
2025-04-13 20:39:28,879 - INFO - StepTTS_Exit K7ZOH1ZW
2025-04-13 20:39:28,879 - INFO - StepTTS_Enter FVXNCK93
2025-04-13 20:39:29,093 - INFO - StepTTS_Exit FVXNCK93
2025-04-13 20:39:29,094 - INFO - StepTTS_Enter 54IT5PPT
2025-04-13 20:39:29,242 - INFO - StepTTS_Exit 54IT5PPT
2025-04-13 20:39:29,243 - INFO - StepTTS_Enter P61FD2IJ
2025-04-13 20:39:29,454 - INFO - StepTTS_Exit P61FD2IJ
2025-04-13 20:39:29,455 - INFO - StepTTS_Enter 0BGTT82B
2025-04-13 20:39:29,676 - INFO - StepTTS_Exit 0BGTT82B
2025-04-13 20:39:29,776 - INFO - StepTTS_Enter EUJO9T99
2025-04-13 20:39:29,987 - INFO - StepTTS_Exit EUJO9T99
2025-04-13 20:39:29,987 - INFO - StepTTS_Enter DOC42DT9
2025-04-13 20:39:30,292 - INFO - StepTTS_Exit DOC42DT9
2025-04-13 20:39:30,293 - INFO - StepTTS_Enter ZHX3IF7C
2025-04-13 20:39:30,608 - INFO - StepTTS_Exit ZHX3IF7C
2025-04-13 20:39:30,645 - INFO - StepTTS_Enter US5PXND6
2025-04-13 20:39:30,828 - INFO - StepTTS_Exit US5PXND6
2025-04-13 20:39:30,829 - INFO - StepTTS_Enter AFMGF0L7
2025-04-13 20:39:31,157 - INFO - StepTTS_Exit AFMGF0L7
2025-04-13 20:39:31,274 - INFO - StepTTS_Enter CJACMR4Q
2025-04-13 20:39:31,534 - INFO - StepTTS_Exit CJACMR4Q
2025-04-13 20:39:31,601 - INFO - StepTTS_Enter EXTUUPC1
2025-04-13 20:39:31,777 - INFO - StepTTS_Exit EXTUUPC1
2025-04-13 20:39:31,778 - INFO - StepTTS_Enter 289I35XE
2025-04-13 20:39:32,518 - INFO - StepTTS_Exit 289I35XE
2025-04-13 20:39:32,519 - INFO - StepTTS_Enter CVMI9LEA
2025-04-13 20:39:32,885 - INFO - StepTTS_Exit CVMI9LEA
2025-04-13 20:39:32,885 - INFO - StepTTS_Enter ZQDWZMD0
2025-04-13 20:39:33,202 - INFO - StepTTS_Exit ZQDWZMD0
2025-04-13 20:39:33,203 - INFO - StepTTS_Enter 1D6LRWQL
2025-04-13 20:39:33,429 - INFO - StepTTS_Exit 1D6LRWQL
2025-04-13 20:39:33,429 - INFO - StepTTS_Enter MB0BGSGY
2025-04-13 20:39:33,849 - INFO - StepTTS_Exit MB0BGSGY
2025-04-13 20:39:33,850 - INFO - StepTTS_Enter 1Q558YC4
2025-04-13 20:39:34,069 - INFO - StepTTS_Exit 1Q558YC4
2025-04-13 20:39:34,070 - INFO - StepTTS_Enter BPBTCTCL
2025-04-13 20:39:34,317 - INFO - StepTTS_Exit BPBTCTCL
2025-04-13 20:39:34,318 - INFO - StepTTS_Enter SWN9HMTM
2025-04-13 20:39:34,570 - INFO - StepTTS_Exit SWN9HMTM
2025-04-13 20:39:34,571 - INFO - StepTTS_Enter SAE9M1IM
2025-04-13 20:39:34,775 - INFO - StepTTS_Exit SAE9M1IM
2025-04-13 20:39:34,776 - INFO - StepTTS_Enter JU2HO8K8
2025-04-13 20:39:35,191 - INFO - StepTTS_Exit JU2HO8K8
2025-04-13 20:39:35,192 - INFO - StepTTS_Enter CSMRFUYF
2025-04-13 20:39:35,455 - INFO - StepTTS_Exit CSMRFUYF
2025-04-13 20:39:35,456 - INFO - StepTTS_Enter UTEIVHAN
2025-04-13 20:39:35,737 - INFO - StepTTS_Exit UTEIVHAN
2025-04-13 20:39:35,738 - INFO - StepTTS_Enter 2AH2GW2O
2025-04-13 20:39:35,911 - INFO - StepTTS_Exit 2AH2GW2O
2025-04-13 20:39:35,912 - INFO - StepTTS_Enter R762BFFW
2025-04-13 20:39:36,415 - INFO - StepTTS_Exit R762BFFW
2025-04-13 20:39:36,416 - INFO - StepTTS_Enter 3S7I9UJR
2025-04-13 20:39:36,503 - INFO - StepTTS_Exit 3S7I9UJR
2025-04-13 20:39:36,503 - INFO - StepTTS_Enter BMYE5XG0
2025-04-13 20:39:36,626 - INFO - StepTTS_Exit BMYE5XG0
2025-04-13 20:39:36,627 - INFO - StepTTS_Enter 1NKUASE8
2025-04-13 20:39:36,971 - INFO - StepTTS_Exit 1NKUASE8
2025-04-13 20:39:36,972 - INFO - StepTTS_Enter BVUAVC6C
2025-04-13 20:39:37,084 - INFO - StepTTS_Exit BVUAVC6C
2025-04-13 20:39:37,191 - INFO - StepTTS_Enter ZJSQK5ZQ
2025-04-13 20:39:37,351 - INFO - StepTTS_Exit ZJSQK5ZQ
2025-04-13 20:39:37,352 - INFO - StepTTS_Enter BHDCTHEH
2025-04-13 20:39:37,521 - INFO - StepTTS_Exit BHDCTHEH
2025-04-13 20:39:37,522 - INFO - StepTTS_Enter MHRWCILH
2025-04-13 20:39:37,796 - INFO - StepTTS_Exit MHRWCILH
2025-04-13 20:39:37,797 - INFO - StepTTS_Enter HP2AJ4NQ
2025-04-13 20:39:38,100 - INFO - StepTTS_Exit HP2AJ4NQ
2025-04-13 20:39:38,101 - INFO - StepTTS_Enter AGJ77ROA
2025-04-13 20:39:38,376 - INFO - StepTTS_Exit AGJ77ROA
2025-04-13 20:39:38,377 - INFO - StepTTS_Enter RMMFRSSL
2025-04-13 20:39:38,630 - INFO - StepTTS_Exit RMMFRSSL
2025-04-13 20:39:38,630 - INFO - StepTTS_Enter D0OG1FHF
2025-04-13 20:39:39,012 - INFO - StepTTS_Exit D0OG1FHF
2025-04-13 20:39:39,013 - INFO - StepTTS_Enter DLCIQIBP
2025-04-13 20:39:39,360 - INFO - StepTTS_Exit DLCIQIBP
2025-04-13 20:39:39,361 - INFO - StepTTS_Enter DYTATT41
2025-04-13 20:39:39,522 - INFO - StepTTS_Exit DYTATT41
2025-04-13 20:39:39,523 - INFO - StepTTS_Enter 53DFLSEE
2025-04-13 20:39:39,726 - INFO - StepTTS_Exit 53DFLSEE
2025-04-13 20:39:39,727 - INFO - StepTTS_Enter Z0TIMNHA
2025-04-13 20:39:40,018 - INFO - StepTTS_Exit Z0TIMNHA
2025-04-13 20:39:40,019 - INFO - StepTTS_Enter 22DRA9LV
2025-04-13 20:39:40,316 - INFO - StepTTS_Exit 22DRA9LV
2025-04-13 20:39:40,317 - INFO - StepTTS_Enter O3Y20D33
2025-04-13 20:39:40,478 - INFO - StepTTS_Exit O3Y20D33
2025-04-13 20:39:40,479 - INFO - StepTTS_Enter LK85RSQX
2025-04-13 20:39:40,799 - INFO - StepTTS_Exit LK85RSQX
2025-04-13 20:39:40,799 - INFO - StepTTS_Enter Q4PTE4UD
2025-04-13 20:39:40,914 - INFO - StepTTS_Exit Q4PTE4UD
2025-04-13 20:39:40,915 - INFO - StepTTS_Enter 5WZSDUMT
2025-04-13 20:39:41,198 - INFO - StepTTS_Exit 5WZSDUMT
2025-04-13 20:39:41,198 - INFO - StepTTS_Enter UVI5A6BW
2025-04-13 20:39:41,367 - INFO - StepTTS_Exit UVI5A6BW
2025-04-13 20:39:41,368 - INFO - StepTTS_Enter XZOA37R4
2025-04-13 20:39:41,539 - INFO - StepTTS_Exit XZOA37R4
2025-04-13 20:39:41,540 - INFO - StepTTS_Enter 9UQ8U7ZM
2025-04-13 20:39:41,850 - INFO - StepTTS_Exit 9UQ8U7ZM
2025-04-13 20:39:41,851 - INFO - StepTTS_Enter H1D1F5BZ
2025-04-13 20:39:42,169 - INFO - StepTTS_Exit H1D1F5BZ
2025-04-13 20:39:42,170 - INFO - StepTTS_Enter 7GT2H2C2
2025-04-13 20:39:42,431 - INFO - StepTTS_Exit 7GT2H2C2
2025-04-13 20:39:42,432 - INFO - StepTTS_Enter 90Y01JHN
2025-04-13 20:39:42,729 - INFO - StepTTS_Exit 90Y01JHN
2025-04-13 20:39:42,765 - INFO - StepTTS_Enter AFHV5JEN
2025-04-13 20:39:42,952 - INFO - StepTTS_Exit AFHV5JEN
2025-04-13 20:39:43,225 - INFO - StepTTS_Enter NVIQHOKN
2025-04-13 20:39:43,368 - INFO - StepTTS_Exit NVIQHOKN
2025-04-13 20:39:43,369 - INFO - StepTTS_Enter 5ZWNX1YL
2025-04-13 20:39:43,645 - INFO - StepTTS_Exit 5ZWNX1YL
2025-04-13 20:39:43,646 - INFO - StepTTS_Enter 3ROZT5KB
2025-04-13 20:39:43,812 - INFO - StepTTS_Exit 3ROZT5KB
2025-04-13 20:39:43,851 - INFO - StepTTS_Enter 54S9OJIA
2025-04-13 20:39:44,048 - INFO - StepTTS_Exit 54S9OJIA
2025-04-13 20:39:44,502 - INFO - StepTTS_Enter GZSWMPQS
2025-04-13 20:39:44,868 - INFO - StepTTS_Exit GZSWMPQS
2025-04-13 20:39:44,869 - INFO - StepTTS_Enter RV48RQJJ
2025-04-13 20:39:45,196 - INFO - StepTTS_Exit RV48RQJJ
2025-04-13 20:39:45,197 - INFO - StepTTS_Enter 7AH6B3AW
2025-04-13 20:39:45,581 - INFO - StepTTS_Exit 7AH6B3AW
2025-04-13 20:39:45,581 - INFO - StepTTS_Enter RP6V8CM3
2025-04-13 20:39:45,755 - INFO - StepTTS_Exit RP6V8CM3
2025-04-13 20:39:45,756 - INFO - StepTTS_Enter R6GO0DB1
2025-04-13 20:39:45,956 - INFO - StepTTS_Exit R6GO0DB1
2025-04-13 20:39:45,957 - INFO - StepTTS_Enter P2NXSLEC
2025-04-13 20:39:46,211 - INFO - StepTTS_Exit P2NXSLEC
2025-04-13 20:39:46,212 - INFO - StepTTS_Enter 884CGA1P
2025-04-13 20:39:46,437 - INFO - StepTTS_Exit 884CGA1P
2025-04-13 20:39:46,457 - INFO - StepTTS_Enter 7H8Z9FWQ
2025-04-13 20:39:46,646 - INFO - StepTTS_Exit 7H8Z9FWQ
2025-04-13 20:39:46,647 - INFO - StepTTS_Enter 3ZX6340E
2025-04-13 20:39:46,968 - INFO - StepTTS_Exit 3ZX6340E
2025-04-13 20:39:46,969 - INFO - StepTTS_Enter 2HHGI4RN
2025-04-13 20:39:47,119 - INFO - StepTTS_Exit 2HHGI4RN
2025-04-13 20:39:47,204 - INFO - StepTTS_Enter D34282ZV
2025-04-13 20:39:47,412 - INFO - StepTTS_Exit D34282ZV
2025-04-13 20:39:47,412 - INFO - StepTTS_Enter MQZDAIB9
2025-04-13 20:39:47,626 - INFO - StepTTS_Exit MQZDAIB9
2025-04-13 20:39:47,988 - INFO - StepTTS_Enter RWE0THRS
2025-04-13 20:39:48,145 - INFO - StepTTS_Exit RWE0THRS
2025-04-13 20:39:48,343 - INFO - StepTTS_Enter Y8VTTNTH
2025-04-13 20:39:48,706 - INFO - StepTTS_Exit Y8VTTNTH
2025-04-13 20:39:48,707 - INFO - StepTTS_Enter 6D7KO4N1
2025-04-13 20:39:49,092 - INFO - StepTTS_Exit 6D7KO4N1
2025-04-13 20:39:49,092 - INFO - StepTTS_Enter UOI0OMG7
2025-04-13 20:39:49,338 - INFO - StepTTS_Exit UOI0OMG7
2025-04-13 20:39:49,338 - INFO - StepTTS_Enter S3A00ZTU
2025-04-13 20:39:49,652 - INFO - StepTTS_Exit S3A00ZTU
2025-04-13 20:39:49,653 - INFO - StepTTS_Enter C0USNTCU
2025-04-13 20:39:49,832 - INFO - StepTTS_Exit C0USNTCU
2025-04-13 20:39:49,833 - INFO - StepTTS_Enter 0TY4CMAB
2025-04-13 20:39:50,050 - INFO - StepTTS_Exit 0TY4CMAB
2025-04-13 20:39:50,050 - INFO - StepTTS_Enter LOBV8QVY
2025-04-13 20:39:50,383 - INFO - StepTTS_Exit LOBV8QVY
2025-04-13 20:39:50,384 - INFO - StepTTS_Enter YKTXDB21
2025-04-13 20:39:50,644 - INFO - StepTTS_Exit YKTXDB21
2025-04-13 20:39:50,645 - INFO - StepTTS_Enter 54XLP9IG
2025-04-13 20:39:50,991 - INFO - StepTTS_Exit 54XLP9IG
2025-04-13 20:39:50,992 - INFO - StepTTS_Enter M4JX3JZ1
2025-04-13 20:39:51,242 - INFO - StepTTS_Exit M4JX3JZ1
2025-04-13 20:39:51,243 - INFO - StepTTS_Enter QNJI5P7A
2025-04-13 20:39:51,473 - INFO - StepTTS_Exit QNJI5P7A
2025-04-13 20:39:51,474 - INFO - StepTTS_Enter W2C5SRAU
2025-04-13 20:39:51,706 - INFO - StepTTS_Exit W2C5SRAU
2025-04-13 20:39:51,706 - INFO - StepTTS_Enter M8L65AUW
2025-04-13 20:39:51,862 - INFO - StepTTS_Exit M8L65AUW
2025-04-13 20:39:51,863 - INFO - StepTTS_Enter KW9K4TY3
2025-04-13 20:39:52,030 - INFO - StepTTS_Exit KW9K4TY3
2025-04-13 20:39:52,031 - INFO - StepTTS_Enter 2A63KC9E
2025-04-13 20:39:52,248 - INFO - StepTTS_Exit 2A63KC9E
2025-04-13 20:39:52,249 - INFO - StepTTS_Enter 3RE58U1Q
2025-04-13 20:39:52,470 - INFO - StepTTS_Exit 3RE58U1Q
2025-04-13 20:39:52,471 - INFO - StepTTS_Enter ZWQJ0D6M
2025-04-13 20:39:52,646 - INFO - StepTTS_Exit ZWQJ0D6M
2025-04-13 20:39:52,647 - INFO - StepTTS_Enter PJA9BZAH
2025-04-13 20:39:52,862 - INFO - StepTTS_Exit PJA9BZAH
2025-04-13 20:39:52,863 - INFO - StepTTS_Enter W9504R9I
2025-04-13 20:39:53,199 - INFO - StepTTS_Exit W9504R9I
2025-04-13 20:39:53,200 - INFO - StepTTS_Enter 0XWGTFIV
2025-04-13 20:39:53,407 - INFO - StepTTS_Exit 0XWGTFIV
2025-04-13 20:39:53,408 - INFO - StepTTS_Enter 2QS19I14
2025-04-13 20:39:53,574 - INFO - StepTTS_Exit 2QS19I14
2025-04-13 20:39:53,575 - INFO - StepTTS_Enter Z7E9UEJ9
2025-04-13 20:39:53,695 - INFO - StepTTS_Exit Z7E9UEJ9
2025-04-13 20:39:53,826 - INFO - StepTTS_Enter X7HDJQUE
2025-04-13 20:39:54,020 - INFO - StepTTS_Exit X7HDJQUE
2025-04-13 20:39:54,021 - INFO - StepTTS_Enter 5QAHD52T
2025-04-13 20:39:54,194 - INFO - StepTTS_Exit 5QAHD52T
2025-04-13 20:39:54,195 - INFO - StepTTS_Enter 4TX0WVKZ
2025-04-13 20:39:54,452 - INFO - StepTTS_Exit 4TX0WVKZ
2025-04-13 20:39:54,453 - INFO - StepTTS_Enter D20H5THA
2025-04-13 20:39:54,653 - INFO - StepTTS_Exit D20H5THA
2025-04-13 20:39:54,654 - INFO - StepTTS_Enter FQO3Q012
2025-04-13 20:39:54,840 - INFO - StepTTS_Exit FQO3Q012
2025-04-13 20:39:54,928 - INFO - StepTTS_Enter UT5GGMA8
2025-04-13 20:39:55,256 - INFO - StepTTS_Exit UT5GGMA8
2025-04-13 20:39:55,257 - INFO - StepTTS_Enter KZ4OT9ZU
2025-04-13 20:39:55,533 - INFO - StepTTS_Exit KZ4OT9ZU
2025-04-13 20:39:55,534 - INFO - StepTTS_Enter GLJG4MH9
2025-04-13 20:39:55,796 - INFO - StepTTS_Exit GLJG4MH9
2025-04-13 20:39:55,796 - INFO - StepTTS_Enter SDH3IKNM
2025-04-13 20:39:56,031 - INFO - StepTTS_Exit SDH3IKNM
2025-04-13 20:39:56,031 - INFO - StepTTS_Enter DQ7RYC6O
2025-04-13 20:39:56,182 - INFO - StepTTS_Exit DQ7RYC6O
2025-04-13 20:39:56,182 - INFO - StepTTS_Enter KX750ZJ0
2025-04-13 20:39:56,453 - INFO - StepTTS_Exit KX750ZJ0
2025-04-13 20:39:56,496 - INFO - StepTTS_Enter G4XP5RO7
2025-04-13 20:39:56,711 - INFO - StepTTS_Exit G4XP5RO7
2025-04-13 20:39:56,712 - INFO - StepTTS_Enter Y1FY1XCX
2025-04-13 20:39:57,005 - INFO - StepTTS_Exit Y1FY1XCX
2025-04-13 20:39:57,006 - INFO - StepTTS_Enter 0V0Q4YGF
2025-04-13 20:39:57,170 - INFO - StepTTS_Exit 0V0Q4YGF
2025-04-13 20:39:57,171 - INFO - StepTTS_Enter KA2AZA2D
2025-04-13 20:39:57,369 - INFO - StepTTS_Exit KA2AZA2D
2025-04-13 20:39:57,370 - INFO - StepTTS_Enter 3NDF3NTF
2025-04-13 20:39:57,604 - INFO - StepTTS_Exit 3NDF3NTF
2025-04-13 20:39:57,604 - INFO - StepTTS_Enter LPTUAQG8
2025-04-13 20:39:57,949 - INFO - StepTTS_Exit LPTUAQG8
2025-04-13 20:39:57,950 - INFO - StepTTS_Enter OCJ67LR0
2025-04-13 20:39:58,234 - INFO - StepTTS_Exit OCJ67LR0
2025-04-13 20:39:58,235 - INFO - StepTTS_Enter BW9KSGA0
2025-04-13 20:39:58,642 - INFO - StepTTS_Exit BW9KSGA0
2025-04-13 20:39:58,643 - INFO - StepTTS_Enter IXBNHOC7
2025-04-13 20:39:58,856 - INFO - StepTTS_Exit IXBNHOC7
2025-04-13 20:39:58,857 - INFO - StepTTS_Enter CRFB2G7L
2025-04-13 20:39:59,021 - INFO - StepTTS_Exit CRFB2G7L
2025-04-13 20:39:59,045 - INFO - StepTTS_Enter DUX7ODR2
2025-04-13 20:39:59,236 - INFO - StepTTS_Exit DUX7ODR2
2025-04-13 20:39:59,236 - INFO - StepTTS_Enter XHGXZ4T0
2025-04-13 20:39:59,756 - INFO - StepTTS_Exit XHGXZ4T0
2025-04-13 20:39:59,757 - INFO - StepTTS_Enter 0KUFM4UV
2025-04-13 20:40:00,034 - INFO - StepTTS_Exit 0KUFM4UV
2025-04-13 20:40:00,035 - INFO - StepTTS_Enter 180BH7R2
2025-04-13 20:40:00,189 - INFO - StepTTS_Exit 180BH7R2
2025-04-13 20:40:00,196 - INFO - StepTTS_Enter FZA529FH
2025-04-13 20:40:00,467 - INFO - StepTTS_Exit FZA529FH
2025-04-13 20:40:00,468 - INFO - StepTTS_Enter PX7HTG15
2025-04-13 20:40:00,706 - INFO - StepTTS_Exit PX7HTG15
2025-04-13 20:40:00,707 - INFO - StepTTS_Enter PPK8R3V9
2025-04-13 20:40:00,876 - INFO - StepTTS_Exit PPK8R3V9
2025-04-13 20:40:00,877 - INFO - StepTTS_Enter 0XCONFGJ
2025-04-13 20:40:00,995 - INFO - StepTTS_Exit 0XCONFGJ
2025-04-13 20:40:01,096 - INFO - StepTTS_Enter YTOEMTIK
2025-04-13 20:40:01,325 - INFO - StepTTS_Exit YTOEMTIK
2025-04-13 20:40:01,325 - INFO - StepTTS_Enter B0TVTQ22
2025-04-13 20:40:01,787 - INFO - StepTTS_Exit B0TVTQ22
2025-04-13 20:40:01,788 - INFO - StepTTS_Enter B9KU3CH3
2025-04-13 20:40:02,013 - INFO - StepTTS_Exit B9KU3CH3
2025-04-13 20:40:02,013 - INFO - StepTTS_Enter LPA3TAH9
2025-04-13 20:40:02,386 - INFO - StepTTS_Exit LPA3TAH9
2025-04-13 20:40:02,386 - INFO - StepTTS_Enter SNJPL6SP
2025-04-13 20:40:02,663 - INFO - StepTTS_Exit SNJPL6SP
2025-04-13 20:40:02,664 - INFO - StepTTS_Enter FVGGFK63
2025-04-13 20:40:02,818 - INFO - StepTTS_Exit FVGGFK63
2025-04-13 20:40:02,819 - INFO - StepTTS_Enter N0FDHF1X
2025-04-13 20:40:03,037 - INFO - StepTTS_Exit N0FDHF1X
2025-04-13 20:40:03,038 - INFO - StepTTS_Enter 7R5AJDDX
2025-04-13 20:40:03,222 - INFO - StepTTS_Exit 7R5AJDDX
2025-04-13 20:40:03,223 - INFO - StepTTS_Enter CHMNU2LL
2025-04-13 20:40:03,385 - INFO - StepTTS_Exit CHMNU2LL
2025-04-13 20:40:03,560 - INFO - StepTTS_Enter 9EUWMV34
2025-04-13 20:40:03,903 - INFO - StepTTS_Exit 9EUWMV34
2025-04-13 20:40:03,904 - INFO - StepTTS_Enter 3IAENCMR
2025-04-13 20:40:04,053 - INFO - StepTTS_Exit 3IAENCMR
2025-04-13 20:40:04,090 - INFO - StepTTS_Enter F2QM1HZM
2025-04-13 20:40:04,300 - INFO - StepTTS_Exit F2QM1HZM
2025-04-13 20:40:04,301 - INFO - StepTTS_Enter 1ULD3C0P
2025-04-13 20:40:04,525 - INFO - StepTTS_Exit 1ULD3C0P
2025-04-13 20:40:04,608 - INFO - StepTTS_Enter T28Q1RIE
2025-04-13 20:40:04,832 - INFO - StepTTS_Exit T28Q1RIE
2025-04-13 20:40:04,833 - INFO - StepTTS_Enter L1819B0T
2025-04-13 20:40:04,945 - INFO - StepTTS_Exit L1819B0T
2025-04-13 20:40:04,946 - INFO - StepTTS_Enter M6KKH9HB
2025-04-13 20:40:05,093 - INFO - StepTTS_Exit M6KKH9HB
2025-04-13 20:40:05,093 - INFO - StepTTS_Enter Q47LOA4O
2025-04-13 20:40:05,341 - INFO - StepTTS_Exit Q47LOA4O
2025-04-13 20:40:05,394 - INFO - StepTTS_Enter JESXBIMS
2025-04-13 20:40:05,633 - INFO - StepTTS_Exit JESXBIMS
2025-04-13 20:40:05,634 - INFO - StepTTS_Enter BQM24PPS
2025-04-13 20:40:05,874 - INFO - StepTTS_Exit BQM24PPS
2025-04-13 20:40:05,875 - INFO - StepTTS_Enter L57DX4NX
2025-04-13 20:40:06,497 - INFO - StepTTS_Exit L57DX4NX
2025-04-13 20:40:06,497 - INFO - StepTTS_Enter C2TVZT0O
2025-04-13 20:40:06,783 - INFO - StepTTS_Exit C2TVZT0O
2025-04-13 20:40:06,784 - INFO - StepTTS_Enter PHKSLUYT
2025-04-13 20:40:06,998 - INFO - StepTTS_Exit PHKSLUYT
2025-04-13 20:40:06,998 - INFO - StepTTS_Enter SEOX4XQF
2025-04-13 20:40:07,194 - INFO - StepTTS_Exit SEOX4XQF
2025-04-13 20:40:07,195 - INFO - StepTTS_Enter T6LMEHXF
2025-04-13 20:40:07,377 - INFO - StepTTS_Exit T6LMEHXF
2025-04-13 20:40:07,377 - INFO - StepTTS_Enter KBFPX74U
2025-04-13 20:40:07,599 - INFO - StepTTS_Exit KBFPX74U
2025-04-13 20:40:07,647 - INFO - StepTTS_Enter SPAZJFYC
2025-04-13 20:40:07,862 - INFO - StepTTS_Exit SPAZJFYC
2025-04-13 20:40:07,910 - INFO - StepTTS_Enter 9TW8J92Q
2025-04-13 20:40:08,120 - INFO - StepTTS_Exit 9TW8J92Q
2025-04-13 20:40:08,121 - INFO - StepTTS_Enter SMW1D74O
2025-04-13 20:40:08,296 - INFO - StepTTS_Exit SMW1D74O
2025-04-13 20:40:08,380 - INFO - StepTTS_Enter RY6FTHTN
2025-04-13 20:40:08,519 - INFO - StepTTS_Exit RY6FTHTN
2025-04-13 20:40:08,520 - INFO - StepTTS_Enter 2PT439UG
2025-04-13 20:40:08,804 - INFO - StepTTS_Exit 2PT439UG
2025-04-13 20:40:08,805 - INFO - StepTTS_Enter BDWNA59I
2025-04-13 20:40:08,932 - INFO - StepTTS_Exit BDWNA59I
2025-04-13 20:40:08,990 - INFO - StepTTS_Enter HCAM6AFU
2025-04-13 20:40:09,075 - INFO - StepTTS_Exit HCAM6AFU
2025-04-13 20:40:09,076 - INFO - StepTTS_Enter SOVGH9R7
2025-04-13 20:40:09,305 - INFO - StepTTS_Exit SOVGH9R7
2025-04-13 20:40:09,306 - INFO - StepTTS_Enter 93OSR0YA
2025-04-13 20:40:09,525 - INFO - StepTTS_Exit 93OSR0YA
2025-04-13 20:40:09,526 - INFO - StepTTS_Enter R31LWLNR
2025-04-13 20:40:09,856 - INFO - StepTTS_Exit R31LWLNR
2025-04-13 20:40:09,856 - INFO - StepTTS_Enter 4OOL46E0
2025-04-13 20:40:09,951 - INFO - StepTTS_Exit 4OOL46E0
2025-04-13 20:40:09,952 - INFO - StepTTS_Enter YX347QFM
2025-04-13 20:40:10,128 - INFO - StepTTS_Exit YX347QFM
2025-04-13 20:40:10,129 - INFO - StepTTS_Enter IYEN7RWU
2025-04-13 20:40:10,435 - INFO - StepTTS_Exit IYEN7RWU
2025-04-13 20:40:10,617 - INFO - StepTTS_Enter RR0QLQ1J
2025-04-13 20:40:10,794 - INFO - StepTTS_Exit RR0QLQ1J
2025-04-13 20:40:10,795 - INFO - StepTTS_Enter F01YF8U2
2025-04-13 20:40:11,090 - INFO - StepTTS_Exit F01YF8U2
2025-04-13 20:40:11,091 - INFO - StepTTS_Enter 3AQHAHAL
2025-04-13 20:40:11,356 - INFO - StepTTS_Exit 3AQHAHAL
2025-04-13 20:40:11,508 - INFO - StepTTS_Enter KAB82OL9
2025-04-13 20:40:11,690 - INFO - StepTTS_Exit KAB82OL9
2025-04-13 20:40:11,691 - INFO - StepTTS_Enter CP6PSZ56
2025-04-13 20:40:11,861 - INFO - StepTTS_Exit CP6PSZ56
2025-04-13 20:40:11,862 - INFO - StepTTS_Enter QLD5ZYNK
2025-04-13 20:40:12,077 - INFO - StepTTS_Exit QLD5ZYNK
2025-04-13 20:40:12,103 - INFO - StepTTS_Enter SAQAG4R6
2025-04-13 20:40:12,264 - INFO - StepTTS_Exit SAQAG4R6
2025-04-13 20:40:12,265 - INFO - StepTTS_Enter JCBBKA55
2025-04-13 20:40:12,491 - INFO - StepTTS_Exit JCBBKA55
2025-04-13 20:40:12,491 - INFO - StepTTS_Enter 82CN6NQI
2025-04-13 20:40:12,710 - INFO - StepTTS_Exit 82CN6NQI
2025-04-13 20:40:12,714 - INFO - StepTTS_Enter KAYWNR4H
2025-04-13 20:40:12,901 - INFO - StepTTS_Exit KAYWNR4H
2025-04-13 20:40:12,902 - INFO - StepTTS_Enter HFMDZHHQ
2025-04-13 20:40:13,161 - INFO - StepTTS_Exit HFMDZHHQ
2025-04-13 20:40:13,182 - INFO - StepTTS_Enter Y8KKJDN9
2025-04-13 20:40:13,704 - INFO - StepTTS_Exit Y8KKJDN9
2025-04-13 20:40:13,705 - INFO - StepTTS_Enter YLAPX833
2025-04-13 20:40:13,911 - INFO - StepTTS_Exit YLAPX833
2025-04-13 20:40:13,950 - INFO - StepTTS_Enter ROUN3HEE
2025-04-13 20:40:14,263 - INFO - StepTTS_Exit ROUN3HEE
2025-04-13 20:40:14,264 - INFO - StepTTS_Enter X26IA607
2025-04-13 20:40:14,492 - INFO - StepTTS_Exit X26IA607
2025-04-13 20:40:14,569 - INFO - StepTTS_Enter 5Z8M10YF
2025-04-13 20:40:14,764 - INFO - StepTTS_Exit 5Z8M10YF
2025-04-13 20:40:15,022 - INFO - StepTTS_Enter IZUNTGMF
2025-04-13 20:40:15,316 - INFO - StepTTS_Exit IZUNTGMF
2025-04-13 20:40:15,343 - INFO - StepTTS_Enter ZPUX2ZNI
2025-04-13 20:40:15,584 - INFO - StepTTS_Exit ZPUX2ZNI
2025-04-13 20:40:15,585 - INFO - StepTTS_Enter P2646SVH
2025-04-13 20:40:15,819 - INFO - StepTTS_Exit P2646SVH
2025-04-13 20:40:15,819 - INFO - StepTTS_Enter 8MUX3K9G
2025-04-13 20:40:16,026 - INFO - StepTTS_Exit 8MUX3K9G
2025-04-13 20:40:16,205 - INFO - StepTTS_Enter R2H2H1U2
2025-04-13 20:40:16,448 - INFO - StepTTS_Exit R2H2H1U2
2025-04-13 20:40:16,944 - INFO - StepTTS_Enter LYH6NPKU
2025-04-13 20:40:17,085 - INFO - StepTTS_Exit LYH6NPKU
2025-04-13 20:40:17,085 - INFO - StepTTS_Enter NBOYBRUJ
2025-04-13 20:40:17,312 - INFO - StepTTS_Exit NBOYBRUJ
2025-04-13 20:40:17,313 - INFO - StepTTS_Enter 2FGFFCXH
2025-04-13 20:40:17,540 - INFO - StepTTS_Exit 2FGFFCXH
2025-04-13 20:40:17,540 - INFO - StepTTS_Enter O927SNW7
2025-04-13 20:40:17,746 - INFO - StepTTS_Exit O927SNW7
2025-04-13 20:40:17,747 - INFO - StepTTS_Enter YBXJFX1Z
2025-04-13 20:40:17,987 - INFO - StepTTS_Exit YBXJFX1Z
2025-04-13 20:40:17,987 - INFO - StepTTS_Enter D5F1FENX
2025-04-13 20:40:18,163 - INFO - StepTTS_Exit D5F1FENX
2025-04-13 20:40:18,164 - INFO - StepTTS_Enter RMMGJB65
2025-04-13 20:40:18,692 - INFO - StepTTS_Exit RMMGJB65
2025-04-13 20:40:18,693 - INFO - StepTTS_Enter JY5R1Y09
2025-04-13 20:40:18,908 - INFO - StepTTS_Exit JY5R1Y09
2025-04-13 20:40:18,909 - INFO - StepTTS_Enter RT053DA4
2025-04-13 20:40:19,181 - INFO - StepTTS_Exit RT053DA4
2025-04-13 20:40:19,182 - INFO - StepTTS_Enter 86K7HC1N
2025-04-13 20:40:19,335 - INFO - StepTTS_Exit 86K7HC1N
2025-04-13 20:40:19,335 - INFO - StepTTS_Enter KNK37BHD
2025-04-13 20:40:19,533 - INFO - StepTTS_Exit KNK37BHD
2025-04-13 20:40:19,533 - INFO - StepTTS_Enter NGBZRJII
2025-04-13 20:40:19,719 - INFO - StepTTS_Exit NGBZRJII
2025-04-13 20:40:19,720 - INFO - StepTTS_Enter NQCTV4FJ
2025-04-13 20:40:19,861 - INFO - StepTTS_Exit NQCTV4FJ
2025-04-13 20:40:19,862 - INFO - StepTTS_Enter CXMUIK1S
2025-04-13 20:40:20,069 - INFO - StepTTS_Exit CXMUIK1S
2025-04-13 20:40:20,070 - INFO - StepTTS_Enter HCG39FGH
2025-04-13 20:40:20,226 - INFO - StepTTS_Exit HCG39FGH
2025-04-13 20:40:20,244 - INFO - StepTTS_Enter 6YVB8KEN
2025-04-13 20:40:20,427 - INFO - StepTTS_Exit 6YVB8KEN
2025-04-13 20:40:20,428 - INFO - StepTTS_Enter JNKMH5HK
2025-04-13 20:40:20,680 - INFO - StepTTS_Exit JNKMH5HK
2025-04-13 20:40:20,681 - INFO - StepTTS_Enter CU0JZLT0
2025-04-13 20:40:20,804 - INFO - StepTTS_Exit CU0JZLT0
2025-04-13 20:40:20,806 - INFO - StepTTS_Enter 5OBK6QRZ
2025-04-13 20:40:20,981 - INFO - StepTTS_Exit 5OBK6QRZ
2025-04-13 20:40:20,981 - INFO - StepTTS_Enter W9GOTO9E
2025-04-13 20:40:21,426 - INFO - StepTTS_Exit W9GOTO9E
2025-04-13 20:40:21,426 - INFO - StepTTS_Enter 7R4VG2TE
2025-04-13 20:40:21,720 - INFO - StepTTS_Exit 7R4VG2TE
2025-04-13 20:40:21,721 - INFO - StepTTS_Enter OR5CULTU
2025-04-13 20:40:21,963 - INFO - StepTTS_Exit OR5CULTU
2025-04-13 20:40:21,964 - INFO - StepTTS_Enter X5H7FXCK
2025-04-13 20:40:22,229 - INFO - StepTTS_Exit X5H7FXCK
2025-04-13 20:40:22,230 - INFO - StepTTS_Enter UO8PTRUM
2025-04-13 20:40:22,509 - INFO - StepTTS_Exit UO8PTRUM
2025-04-13 20:40:22,509 - INFO - StepTTS_Enter VIK7DDKM
2025-04-13 20:40:22,745 - INFO - StepTTS_Exit VIK7DDKM
2025-04-13 20:40:22,746 - INFO - StepTTS_Enter Q0PIGUVI
2025-04-13 20:40:23,071 - INFO - StepTTS_Exit Q0PIGUVI
2025-04-13 20:40:23,072 - INFO - StepTTS_Enter OYGP27TH
2025-04-13 20:40:23,246 - INFO - StepTTS_Exit OYGP27TH
2025-04-13 20:40:23,247 - INFO - StepTTS_Enter CFYGJXR8
2025-04-13 20:40:23,486 - INFO - StepTTS_Exit CFYGJXR8
2025-04-13 20:40:23,487 - INFO - StepTTS_Enter 8XSS0K18
2025-04-13 20:40:23,707 - INFO - StepTTS_Exit 8XSS0K18
2025-04-13 20:40:23,708 - INFO - StepTTS_Enter VAIFZ7HX
2025-04-13 20:40:23,958 - INFO - StepTTS_Exit VAIFZ7HX
2025-04-13 20:40:23,959 - INFO - StepTTS_Enter N9YMHHHG
2025-04-13 20:40:24,111 - INFO - StepTTS_Exit N9YMHHHG
2025-04-13 20:40:24,205 - INFO - StepTTS_Enter MYYG9BBR
2025-04-13 20:40:24,341 - INFO - StepTTS_Exit MYYG9BBR
2025-04-13 20:40:24,341 - INFO - StepTTS_Enter 8XSCAX68
2025-04-13 20:40:24,588 - INFO - StepTTS_Exit 8XSCAX68
2025-04-13 20:40:24,589 - INFO - StepTTS_Enter 6ESHOOCC
2025-04-13 20:40:24,742 - INFO - StepTTS_Exit 6ESHOOCC
2025-04-13 20:40:24,806 - INFO - StepTTS_Enter NUI0W8QS
2025-04-13 20:40:25,066 - INFO - StepTTS_Exit NUI0W8QS
2025-04-13 20:40:25,066 - INFO - StepTTS_Enter 6FWJOSGK
2025-04-13 20:40:25,194 - INFO - StepTTS_Exit 6FWJOSGK
2025-04-13 20:40:25,337 - INFO - StepTTS_Enter NPQ2KJ6T
2025-04-13 20:40:25,562 - INFO - StepTTS_Exit NPQ2KJ6T
2025-04-13 20:40:25,616 - INFO - StepTTS_Enter VC1SLTI6
2025-04-13 20:40:25,835 - INFO - StepTTS_Exit VC1SLTI6
2025-04-13 20:40:25,888 - INFO - StepTTS_Enter JFWMEOB9
2025-04-13 20:40:26,091 - INFO - StepTTS_Exit JFWMEOB9
2025-04-13 20:40:26,092 - INFO - StepTTS_Enter QZ19JLJA
2025-04-13 20:40:26,328 - INFO - StepTTS_Exit QZ19JLJA
2025-04-13 20:40:26,329 - INFO - StepTTS_Enter 9AJMKMGF
2025-04-13 20:40:26,644 - INFO - StepTTS_Exit 9AJMKMGF
2025-04-13 20:40:26,873 - INFO - StepTTS_Enter 9H9KKCBS
2025-04-13 20:40:27,203 - INFO - StepTTS_Exit 9H9KKCBS
2025-04-13 20:40:27,204 - INFO - StepTTS_Enter 01Z9TOHL
2025-04-13 20:40:27,473 - INFO - StepTTS_Exit 01Z9TOHL
2025-04-13 20:40:27,474 - INFO - StepTTS_Enter 5UQBW74K
2025-04-13 20:40:27,679 - INFO - StepTTS_Exit 5UQBW74K
2025-04-13 20:40:27,680 - INFO - StepTTS_Enter U2Q004RL
2025-04-13 20:40:27,974 - INFO - StepTTS_Exit U2Q004RL
2025-04-13 20:40:28,094 - INFO - StepTTS_Enter E3WB92X3
2025-04-13 20:40:28,662 - INFO - StepTTS_Exit E3WB92X3
2025-04-13 20:40:28,663 - INFO - StepTTS_Enter U6OJ0VNL
2025-04-13 20:40:28,989 - INFO - StepTTS_Exit U6OJ0VNL
2025-04-13 20:40:28,990 - INFO - StepTTS_Enter A7N5CGW2
2025-04-13 20:40:29,179 - INFO - StepTTS_Exit A7N5CGW2
2025-04-13 20:40:29,227 - INFO - StepTTS_Enter EYFC6ZPJ
2025-04-13 20:40:29,438 - INFO - StepTTS_Exit EYFC6ZPJ
2025-04-13 20:40:29,439 - INFO - StepTTS_Enter 8EZU4W1M
2025-04-13 20:40:29,737 - INFO - StepTTS_Exit 8EZU4W1M
2025-04-13 20:40:29,738 - INFO - StepTTS_Enter R0ZXTDB7
2025-04-13 20:40:29,897 - INFO - StepTTS_Exit R0ZXTDB7
2025-04-13 20:40:30,188 - INFO - StepTTS_Enter B0RBZ6M9
2025-04-13 20:40:30,645 - INFO - StepTTS_Exit B0RBZ6M9
2025-04-13 20:40:30,645 - INFO - StepTTS_Enter LI9WW9W0
2025-04-13 20:40:30,872 - INFO - StepTTS_Exit LI9WW9W0
2025-04-13 20:40:30,873 - INFO - StepTTS_Enter 0CWP3XFJ
2025-04-13 20:40:31,123 - INFO - StepTTS_Exit 0CWP3XFJ
2025-04-13 20:40:31,124 - INFO - StepTTS_Enter PWTTQOHX
2025-04-13 20:40:31,393 - INFO - StepTTS_Exit PWTTQOHX
2025-04-13 20:40:31,394 - INFO - StepTTS_Enter G7MREJP7
2025-04-13 20:40:31,572 - INFO - StepTTS_Exit G7MREJP7
2025-04-13 20:40:31,618 - INFO - StepTTS_Enter WFCFZGB8
2025-04-13 20:40:31,893 - INFO - StepTTS_Exit WFCFZGB8
2025-04-13 20:40:31,894 - INFO - StepTTS_Enter DUXOJ6JP
2025-04-13 20:40:32,068 - INFO - StepTTS_Exit DUXOJ6JP
2025-04-13 20:40:32,098 - INFO - StepTTS_Enter SVA5LIPQ
2025-04-13 20:40:32,287 - INFO - StepTTS_Exit SVA5LIPQ
2025-04-13 20:40:32,288 - INFO - StepTTS_Enter ISTGFIRD
2025-04-13 20:40:32,544 - INFO - StepTTS_Exit ISTGFIRD
2025-04-13 20:40:32,545 - INFO - StepTTS_Enter QJDHPM7H
2025-04-13 20:40:32,746 - INFO - StepTTS_Exit QJDHPM7H
2025-04-13 20:40:32,746 - INFO - StepTTS_Enter BMWDH63B
2025-04-13 20:40:32,935 - INFO - StepTTS_Exit BMWDH63B
2025-04-13 20:40:33,024 - INFO - StepTTS_Enter GNW5LURB
2025-04-13 20:40:33,325 - INFO - StepTTS_Exit GNW5LURB
2025-04-13 20:40:33,326 - INFO - StepTTS_Enter VRAT8KYE
2025-04-13 20:40:33,547 - INFO - StepTTS_Exit VRAT8KYE
2025-04-13 20:40:33,548 - INFO - StepTTS_Enter AYT78OVH
2025-04-13 20:40:33,757 - INFO - StepTTS_Exit AYT78OVH
2025-04-13 20:40:33,758 - INFO - StepTTS_Enter MXALCEMH
2025-04-13 20:40:33,959 - INFO - StepTTS_Exit MXALCEMH
2025-04-13 20:40:33,960 - INFO - StepTTS_Enter VL36FM6F
2025-04-13 20:40:34,106 - INFO - StepTTS_Exit VL36FM6F
2025-04-13 20:40:34,107 - INFO - StepTTS_Enter GX7EVNAF
2025-04-13 20:40:34,315 - INFO - StepTTS_Exit GX7EVNAF
2025-04-13 20:40:34,333 - INFO - StepTTS_Enter QE4PCH8H
2025-04-13 20:40:34,540 - INFO - StepTTS_Exit QE4PCH8H
2025-04-13 20:40:34,642 - INFO - StepTTS_Enter J05NGSQE
2025-04-13 20:40:34,880 - INFO - StepTTS_Exit J05NGSQE
2025-04-13 20:40:34,880 - INFO - StepTTS_Enter R0V15GV8
2025-04-13 20:40:35,156 - INFO - StepTTS_Exit R0V15GV8
2025-04-13 20:40:35,156 - INFO - StepTTS_Enter 3STUWY8X
2025-04-13 20:40:35,334 - INFO - StepTTS_Exit 3STUWY8X
2025-04-13 20:40:35,335 - INFO - StepTTS_Enter D3VAPB37
2025-04-13 20:40:35,628 - INFO - StepTTS_Exit D3VAPB37
2025-04-13 20:40:35,629 - INFO - StepTTS_Enter 6X1DU7Y7
2025-04-13 20:40:35,810 - INFO - StepTTS_Exit 6X1DU7Y7
2025-04-13 20:40:36,021 - INFO - StepTTS_Enter 4PTUTLX9
2025-04-13 20:40:36,255 - INFO - StepTTS_Exit 4PTUTLX9
2025-04-13 20:40:36,255 - INFO - StepTTS_Enter X3A4C0NM
2025-04-13 20:40:36,841 - INFO - StepTTS_Exit X3A4C0NM
2025-04-13 20:40:36,841 - INFO - StepTTS_Enter 4BDBQ0GZ
2025-04-13 20:40:37,101 - INFO - StepTTS_Exit 4BDBQ0GZ
2025-04-13 20:40:37,102 - INFO - StepTTS_Enter IQJUICGK
2025-04-13 20:40:37,342 - INFO - StepTTS_Exit IQJUICGK
2025-04-13 20:40:37,350 - INFO - StepTTS_Enter 68ZJO0O4
2025-04-13 20:40:37,516 - INFO - StepTTS_Exit 68ZJO0O4
2025-04-13 20:40:37,517 - INFO - StepTTS_Enter U43SUX2T
2025-04-13 20:40:37,746 - INFO - StepTTS_Exit U43SUX2T
2025-04-13 20:40:37,747 - INFO - StepTTS_Enter 4SNHN6M3
2025-04-13 20:40:37,962 - INFO - StepTTS_Exit 4SNHN6M3
2025-04-13 20:40:37,963 - INFO - StepTTS_Enter AYB7LKS6
2025-04-13 20:40:38,204 - INFO - StepTTS_Exit AYB7LKS6
2025-04-13 20:40:38,204 - INFO - StepTTS_Enter W5T1W9HS
2025-04-13 20:40:38,700 - INFO - StepTTS_Exit W5T1W9HS
2025-04-13 20:40:38,701 - INFO - StepTTS_Enter W2OIG0H4
2025-04-13 20:40:38,892 - INFO - StepTTS_Exit W2OIG0H4
2025-04-13 20:40:38,955 - INFO - StepTTS_Enter DZIXIFT6
2025-04-13 20:40:39,090 - INFO - StepTTS_Exit DZIXIFT6
2025-04-13 20:40:39,091 - INFO - StepTTS_Enter 01GDIY6X
2025-04-13 20:40:39,239 - INFO - StepTTS_Exit 01GDIY6X
2025-04-13 20:40:39,358 - INFO - StepTTS_Enter 1MX9QV3C
2025-04-13 20:40:39,558 - INFO - StepTTS_Exit 1MX9QV3C
2025-04-13 20:40:39,558 - INFO - StepTTS_Enter F9POJA2B
2025-04-13 20:40:39,696 - INFO - StepTTS_Exit F9POJA2B
2025-04-13 20:40:39,777 - INFO - StepTTS_Enter 5GWYFWSY
2025-04-13 20:40:40,330 - INFO - StepTTS_Exit 5GWYFWSY
2025-04-13 20:40:40,331 - INFO - StepTTS_Enter ILEMGXLB
2025-04-13 20:40:40,583 - INFO - StepTTS_Exit ILEMGXLB
2025-04-13 20:40:40,584 - INFO - StepTTS_Enter N124S6BX
2025-04-13 20:40:40,916 - INFO - StepTTS_Exit N124S6BX
2025-04-13 20:40:40,917 - INFO - StepTTS_Enter KH0AZMP7
2025-04-13 20:40:41,157 - INFO - StepTTS_Exit KH0AZMP7
2025-04-13 20:40:41,158 - INFO - StepTTS_Enter EANXT4UE
2025-04-13 20:40:41,363 - INFO - StepTTS_Exit EANXT4UE
2025-04-13 20:40:41,436 - INFO - StepTTS_Enter ZSUE189H
2025-04-13 20:40:41,602 - INFO - StepTTS_Exit ZSUE189H
2025-04-13 20:40:41,603 - INFO - StepTTS_Enter JXEFUPLI
2025-04-13 20:40:41,838 - INFO - StepTTS_Exit JXEFUPLI
2025-04-13 20:40:41,839 - INFO - StepTTS_Enter OJOD20DP
2025-04-13 20:40:42,141 - INFO - StepTTS_Exit OJOD20DP
2025-04-13 20:40:42,142 - INFO - StepTTS_Enter ZZH2GG2E
2025-04-13 20:40:42,321 - INFO - StepTTS_Exit ZZH2GG2E
2025-04-13 20:40:42,321 - INFO - StepTTS_Enter EW3HHAKA
2025-04-13 20:40:42,542 - INFO - StepTTS_Exit EW3HHAKA
2025-04-13 20:40:42,543 - INFO - StepTTS_Enter AZE65SAM
2025-04-13 20:40:42,932 - INFO - StepTTS_Exit AZE65SAM
2025-04-13 20:40:42,933 - INFO - StepTTS_Enter 4CRYW53P
2025-04-13 20:40:43,127 - INFO - StepTTS_Exit 4CRYW53P
2025-04-13 20:40:44,014 - INFO - StepTTS_Enter 6E75KASF
2025-04-13 20:40:44,194 - INFO - StepTTS_Exit 6E75KASF
2025-04-13 20:40:44,195 - INFO - StepTTS_Enter R870I54V
2025-04-13 20:40:44,393 - INFO - StepTTS_Exit R870I54V
2025-04-13 20:40:44,394 - INFO - StepTTS_Enter DMW4EQK6
2025-04-13 20:40:44,638 - INFO - StepTTS_Exit DMW4EQK6
2025-04-13 20:40:44,639 - INFO - StepTTS_Enter 27CGRKAT
2025-04-13 20:40:44,873 - INFO - StepTTS_Exit 27CGRKAT
2025-04-13 20:40:44,873 - INFO - StepTTS_Enter 2GHORPU8
2025-04-13 20:40:45,310 - INFO - StepTTS_Exit 2GHORPU8
2025-04-13 20:40:45,311 - INFO - StepTTS_Enter 9YKT37VK
2025-04-13 20:40:45,467 - INFO - StepTTS_Exit 9YKT37VK
2025-04-13 20:40:45,468 - INFO - StepTTS_Enter Z8BRDKJU
2025-04-13 20:40:46,017 - INFO - StepTTS_Exit Z8BRDKJU
2025-04-13 20:40:46,018 - INFO - StepTTS_Enter Z1N078ZZ
2025-04-13 20:40:46,263 - INFO - StepTTS_Exit Z1N078ZZ
2025-04-13 20:40:46,263 - INFO - StepTTS_Enter 96JDG1GR
2025-04-13 20:40:46,437 - INFO - StepTTS_Exit 96JDG1GR
2025-04-13 20:40:46,437 - INFO - StepTTS_Enter 2X02CJGI
2025-04-13 20:40:46,637 - INFO - StepTTS_Exit 2X02CJGI
2025-04-13 20:40:46,638 - INFO - StepTTS_Enter 2FTXSC3R
2025-04-13 20:40:46,802 - INFO - StepTTS_Exit 2FTXSC3R
2025-04-13 20:40:46,803 - INFO - StepTTS_Enter PKP870VG
2025-04-13 20:40:47,006 - INFO - StepTTS_Exit PKP870VG
2025-04-13 20:40:47,006 - INFO - StepTTS_Enter 3M2KFZFZ
2025-04-13 20:40:47,307 - INFO - StepTTS_Exit 3M2KFZFZ
2025-04-13 20:40:47,307 - INFO - StepTTS_Enter YEML1B0C
2025-04-13 20:40:47,549 - INFO - StepTTS_Exit YEML1B0C
2025-04-13 20:40:47,549 - INFO - StepTTS_Enter A13OV23E
2025-04-13 20:40:47,821 - INFO - StepTTS_Exit A13OV23E
2025-04-13 20:40:47,822 - INFO - StepTTS_Enter JJJO4J3T
2025-04-13 20:40:47,997 - INFO - StepTTS_Exit JJJO4J3T
2025-04-13 20:40:47,998 - INFO - StepTTS_Enter TKM8TRJG
2025-04-13 20:40:48,242 - INFO - StepTTS_Exit TKM8TRJG
2025-04-13 20:40:48,243 - INFO - StepTTS_Enter 2JEZDB3H
2025-04-13 20:40:48,456 - INFO - StepTTS_Exit 2JEZDB3H
2025-04-13 20:40:48,457 - INFO - StepTTS_Enter WPV9X0PU
2025-04-13 20:40:48,664 - INFO - StepTTS_Exit WPV9X0PU
2025-04-13 20:40:48,664 - INFO - StepTTS_Enter 0GOFM3CR
2025-04-13 20:40:49,389 - INFO - StepTTS_Exit 0GOFM3CR
2025-04-13 20:40:49,390 - INFO - StepTTS_Enter P7FJBZTA
2025-04-13 20:40:49,624 - INFO - StepTTS_Exit P7FJBZTA
2025-04-13 20:40:49,625 - INFO - StepTTS_Enter WG12L0US
2025-04-13 20:40:49,854 - INFO - StepTTS_Exit WG12L0US
2025-04-13 20:40:49,854 - INFO - StepTTS_Enter 3FOMDOA5
2025-04-13 20:40:50,163 - INFO - StepTTS_Exit 3FOMDOA5
2025-04-13 20:40:50,164 - INFO - StepTTS_Enter O87T9G25
2025-04-13 20:40:50,374 - INFO - StepTTS_Exit O87T9G25
2025-04-13 20:40:50,566 - INFO - StepTTS_Enter DBDTPRUV
2025-04-13 20:40:50,723 - INFO - StepTTS_Exit DBDTPRUV
2025-04-13 20:40:50,798 - INFO - StepTTS_Enter IVDG46OP
2025-04-13 20:40:50,890 - INFO - StepTTS_Exit IVDG46OP
2025-04-13 20:40:51,037 - INFO - StepTTS_Enter UGAW3SF3
2025-04-13 20:40:51,182 - INFO - StepTTS_Exit UGAW3SF3
2025-04-13 20:40:51,183 - INFO - StepTTS_Enter CEXC4EP3
2025-04-13 20:40:51,403 - INFO - StepTTS_Exit CEXC4EP3
2025-04-13 20:40:51,403 - INFO - StepTTS_Enter QUVU4IP5
2025-04-13 20:40:51,619 - INFO - StepTTS_Exit QUVU4IP5
2025-04-13 20:40:51,620 - INFO - StepTTS_Enter 2375MFID
2025-04-13 20:40:51,862 - INFO - StepTTS_Exit 2375MFID
2025-04-13 20:40:51,863 - INFO - StepTTS_Enter ZIZ5WQBQ
2025-04-13 20:40:52,047 - INFO - StepTTS_Exit ZIZ5WQBQ
2025-04-13 20:40:52,048 - INFO - StepTTS_Enter OV4PT1HX
2025-04-13 20:40:52,505 - INFO - StepTTS_Exit OV4PT1HX
2025-04-13 20:40:52,506 - INFO - StepTTS_Enter 2IQX5B9M
2025-04-13 20:40:52,692 - INFO - StepTTS_Exit 2IQX5B9M
2025-04-13 20:40:53,060 - INFO - StepTTS_Enter 0OT0U3W3
2025-04-13 20:40:53,271 - INFO - StepTTS_Exit 0OT0U3W3
2025-04-13 20:40:53,337 - INFO - StepTTS_Enter YPBEGP9S
2025-04-13 20:40:53,545 - INFO - StepTTS_Exit YPBEGP9S
2025-04-13 20:40:53,546 - INFO - StepTTS_Enter OLRAGTBM
2025-04-13 20:40:54,214 - INFO - StepTTS_Exit OLRAGTBM
2025-04-13 20:40:54,215 - INFO - StepTTS_Enter 0VA87QK7
2025-04-13 20:40:54,306 - INFO - StepTTS_Exit 0VA87QK7
2025-04-13 20:40:54,306 - INFO - StepTTS_Enter W3YA8ND8
2025-04-13 20:40:54,756 - INFO - StepTTS_Exit W3YA8ND8
2025-04-13 20:40:54,757 - INFO - StepTTS_Enter RVFS8389
2025-04-13 20:40:55,026 - INFO - StepTTS_Exit RVFS8389
2025-04-13 20:40:55,286 - INFO - StepTTS_Enter EWQKUFXL
2025-04-13 20:40:55,502 - INFO - StepTTS_Exit EWQKUFXL
2025-04-13 20:40:55,503 - INFO - StepTTS_Enter HTYRS2RO
2025-04-13 20:40:55,761 - INFO - StepTTS_Exit HTYRS2RO
2025-04-13 20:40:55,762 - INFO - StepTTS_Enter G4WXRR4A
2025-04-13 20:40:55,858 - INFO - StepTTS_Exit G4WXRR4A
2025-04-13 20:40:55,858 - INFO - StepTTS_Enter W7LLA8IK
2025-04-13 20:40:55,955 - INFO - StepTTS_Exit W7LLA8IK
2025-04-13 20:40:56,292 - INFO - StepTTS_Enter BA6R1ZXG
2025-04-13 20:40:56,553 - INFO - StepTTS_Exit BA6R1ZXG
2025-04-13 20:40:56,554 - INFO - StepTTS_Enter 2F7FVCGH
2025-04-13 20:40:56,764 - INFO - StepTTS_Exit 2F7FVCGH
2025-04-13 20:40:56,765 - INFO - StepTTS_Enter 22YAE4W2
2025-04-13 20:40:56,994 - INFO - StepTTS_Exit 22YAE4W2
2025-04-13 20:40:56,995 - INFO - StepTTS_Enter VUQYG6JG
2025-04-13 20:40:57,127 - INFO - StepTTS_Exit VUQYG6JG
2025-04-13 20:40:57,128 - INFO - StepTTS_Enter 1RWFH4IQ
2025-04-13 20:40:57,321 - INFO - StepTTS_Exit 1RWFH4IQ
2025-04-13 20:40:57,323 - INFO - StepTTS_Enter CT4U9RCA
2025-04-13 20:40:57,534 - INFO - StepTTS_Exit CT4U9RCA
2025-04-13 20:40:57,534 - INFO - StepTTS_Enter HTQL5K2A
2025-04-13 20:40:57,754 - INFO - StepTTS_Exit HTQL5K2A
2025-04-13 20:40:57,754 - INFO - StepTTS_Enter BO5FDS9D
2025-04-13 20:40:57,977 - INFO - StepTTS_Exit BO5FDS9D
2025-04-13 20:40:57,978 - INFO - StepTTS_Enter 37ZOUE7E
2025-04-13 20:40:58,317 - INFO - StepTTS_Exit 37ZOUE7E
2025-04-13 20:40:58,324 - INFO - StepTTS_Enter OGKP9AYM
2025-04-13 20:40:58,645 - INFO - StepTTS_Exit OGKP9AYM
2025-04-13 20:40:58,646 - INFO - StepTTS_Enter Y2MQQ4VC
2025-04-13 20:40:58,979 - INFO - StepTTS_Exit Y2MQQ4VC
2025-04-13 20:40:59,020 - INFO - StepTTS_Enter 8U5PXB1P
2025-04-13 20:40:59,198 - INFO - StepTTS_Exit 8U5PXB1P
2025-04-13 20:40:59,199 - INFO - StepTTS_Enter O15K55K2
2025-04-13 20:40:59,435 - INFO - StepTTS_Exit O15K55K2
2025-04-13 20:40:59,725 - INFO - StepTTS_Enter 4L4LGYP7
2025-04-13 20:40:59,850 - INFO - StepTTS_Exit 4L4LGYP7
2025-04-13 20:40:59,850 - INFO - StepTTS_Enter 92GP5CW5
2025-04-13 20:41:00,106 - INFO - StepTTS_Exit 92GP5CW5
2025-04-13 20:41:00,106 - INFO - StepTTS_Enter MWGF61RX
2025-04-13 20:41:00,299 - INFO - StepTTS_Exit MWGF61RX
2025-04-13 20:41:00,300 - INFO - StepTTS_Enter 3SC9V9AA
2025-04-13 20:41:00,550 - INFO - StepTTS_Exit 3SC9V9AA
2025-04-13 20:41:00,550 - INFO - StepTTS_Enter 3GW24W49
2025-04-13 20:41:00,848 - INFO - StepTTS_Exit 3GW24W49
2025-04-13 20:41:00,849 - INFO - StepTTS_Enter IJP66NLP
2025-04-13 20:41:01,277 - INFO - StepTTS_Exit IJP66NLP
2025-04-13 20:41:01,277 - INFO - StepTTS_Enter QIYR7NBL
2025-04-13 20:41:01,452 - INFO - StepTTS_Exit QIYR7NBL
2025-04-13 20:41:01,587 - INFO - StepTTS_Enter D23G77K8
2025-04-13 20:41:01,836 - INFO - StepTTS_Exit D23G77K8
2025-04-13 20:41:01,837 - INFO - StepTTS_Enter 60RY8G66
2025-04-13 20:41:02,121 - INFO - StepTTS_Exit 60RY8G66
2025-04-13 20:41:02,121 - INFO - StepTTS_Enter UXLM9QTX
2025-04-13 20:41:02,398 - INFO - StepTTS_Exit UXLM9QTX
2025-04-13 20:41:02,399 - INFO - StepTTS_Enter 63HEAJIS
2025-04-13 20:41:02,567 - INFO - StepTTS_Exit 63HEAJIS
2025-04-13 20:41:02,568 - INFO - StepTTS_Enter CWG5FD21
2025-04-13 20:41:02,844 - INFO - StepTTS_Exit CWG5FD21
2025-04-13 20:41:02,845 - INFO - StepTTS_Enter 5QEC4WD0
2025-04-13 20:41:03,024 - INFO - StepTTS_Exit 5QEC4WD0
2025-04-13 20:41:03,126 - INFO - StepTTS_Enter AGMQXNE4
2025-04-13 20:41:03,330 - INFO - StepTTS_Exit AGMQXNE4
2025-04-13 20:41:03,331 - INFO - StepTTS_Enter PWMV76QG
2025-04-13 20:41:03,487 - INFO - StepTTS_Exit PWMV76QG
2025-04-13 20:41:03,773 - INFO - StepTTS_Enter KN0FDBUE
2025-04-13 20:41:03,982 - INFO - StepTTS_Exit KN0FDBUE
2025-04-13 20:41:03,982 - INFO - StepTTS_Enter 7JOZLEJO
2025-04-13 20:41:04,196 - INFO - StepTTS_Exit 7JOZLEJO
2025-04-13 20:41:04,254 - INFO - StepTTS_Enter EYXWKNIV
2025-04-13 20:41:04,467 - INFO - StepTTS_Exit EYXWKNIV
2025-04-13 20:41:04,468 - INFO - StepTTS_Enter TFLU6CEM
2025-04-13 20:41:04,600 - INFO - StepTTS_Exit TFLU6CEM
2025-04-13 20:41:04,600 - INFO - StepTTS_Enter YVKG0POK
2025-04-13 20:41:04,768 - INFO - StepTTS_Exit YVKG0POK
2025-04-13 20:41:04,768 - INFO - StepTTS_Enter WM8QH9YL
2025-04-13 20:41:05,201 - INFO - StepTTS_Exit WM8QH9YL
2025-04-13 20:41:05,202 - INFO - StepTTS_Enter LNGX49N9
2025-04-13 20:41:05,431 - INFO - StepTTS_Exit LNGX49N9
2025-04-13 20:41:05,556 - INFO - StepTTS_Enter IA1ZX74O
2025-04-13 20:41:05,765 - INFO - StepTTS_Exit IA1ZX74O
2025-04-13 20:41:05,776 - INFO - StepTTS_Enter LI1H33FG
2025-04-13 20:41:05,934 - INFO - StepTTS_Exit LI1H33FG
2025-04-13 20:41:06,019 - INFO - StepTTS_Enter VA3YHHL7
2025-04-13 20:41:06,261 - INFO - StepTTS_Exit VA3YHHL7
2025-04-13 20:41:06,261 - INFO - StepTTS_Enter UI5MNU01
2025-04-13 20:41:06,454 - INFO - StepTTS_Exit UI5MNU01
2025-04-13 20:41:06,454 - INFO - StepTTS_Enter O307T9AS
2025-04-13 20:41:06,736 - INFO - StepTTS_Exit O307T9AS
2025-04-13 20:41:06,737 - INFO - StepTTS_Enter CENGP1ND
2025-04-13 20:41:06,940 - INFO - StepTTS_Exit CENGP1ND
2025-04-13 20:41:06,941 - INFO - StepTTS_Enter BQZS5WPM
2025-04-13 20:41:07,302 - INFO - StepTTS_Exit BQZS5WPM
2025-04-13 20:41:07,302 - INFO - StepTTS_Enter 295A8NXY
2025-04-13 20:41:07,609 - INFO - StepTTS_Exit 295A8NXY
2025-04-13 20:41:07,609 - INFO - StepTTS_Enter GCFTP3N2
2025-04-13 20:41:07,969 - INFO - StepTTS_Exit GCFTP3N2
2025-04-13 20:41:07,970 - INFO - StepTTS_Enter 9NQV9QGB
2025-04-13 20:41:08,547 - INFO - StepTTS_Exit 9NQV9QGB
2025-04-13 20:41:08,548 - INFO - StepTTS_Enter 1SPMH8JX
2025-04-13 20:41:08,806 - INFO - StepTTS_Exit 1SPMH8JX
2025-04-13 20:41:08,807 - INFO - StepTTS_Enter CNY5MHJ4
2025-04-13 20:41:09,033 - INFO - StepTTS_Exit CNY5MHJ4
