2025-03-18 00:21:03,278 - INFO - StepE_Enter Y08Y475F
2025-03-18 00:21:03,583 - INFO - StepE_Exit Y08Y475F
2025-03-18 00:21:03,584 - INFO - StepE_Enter I6DQ5528
StepE_Enter IK6H5P5Y
StepE_Enter 4OOEJ7HJ
2025-03-18 00:21:03,668 - INFO - StepE_Exit I6DQ5528
StepE_Exit IK6H5P5Y
StepE_Exit 4OOEJ7HJ
2025-03-18 00:21:03,994 - INFO - StepE_Enter 93C2MA3D
2025-03-18 00:21:04,036 - INFO - StepE_Exit 93C2MA3D
2025-03-18 00:21:04,434 - INFO - StepE_Enter 3X8PJS5T
2025-03-18 00:21:04,469 - INFO - StepE_Exit 3X8PJS5T
2025-03-18 00:21:05,003 - INFO - StepE_Enter DF45EU68
2025-03-18 00:21:05,036 - INFO - StepE_Exit DF45EU68
2025-03-18 00:21:05,073 - INFO - StepE_Enter COSO5DMP
2025-03-18 00:21:05,105 - INFO - StepE_Exit COSO5DMP
2025-03-18 00:21:05,521 - INFO - StepE_Enter MR3L5D6F
2025-03-18 00:21:05,554 - INFO - StepE_Exit MR3L5D6F
2025-03-18 00:21:05,583 - INFO - StepE_Enter HWXPLP1C
2025-03-18 00:21:05,615 - INFO - StepE_Exit HWXPLP1C
2025-03-18 00:21:05,702 - INFO - StepE_Enter VE1G72RJ
2025-03-18 00:21:05,734 - INFO - StepE_Exit VE1G72RJ
2025-03-18 00:21:06,019 - INFO - StepE_Enter BY4ZFVQ5
2025-03-18 00:21:06,053 - INFO - StepE_Exit BY4ZFVQ5
2025-03-18 00:21:06,142 - INFO - StepE_Enter OFGRLAHW
2025-03-18 00:21:06,176 - INFO - StepE_Exit OFGRLAHW
2025-03-18 00:21:06,349 - INFO - StepE_Enter 39I1TN7L
2025-03-18 00:21:06,382 - INFO - StepE_Exit 39I1TN7L
2025-03-18 00:21:06,478 - INFO - StepE_Enter FKJMWV89
2025-03-18 00:21:06,509 - INFO - StepE_Exit FKJMWV89
2025-03-18 00:21:06,587 - INFO - StepE_Enter OALG8H3I
2025-03-18 00:21:06,622 - INFO - StepE_Exit OALG8H3I
2025-03-18 00:21:06,849 - INFO - StepE_Enter BPV0IB9W
2025-03-18 00:21:06,881 - INFO - StepE_Exit BPV0IB9W
2025-03-18 00:21:06,907 - INFO - StepE_Enter AZ1ZMVOJ
2025-03-18 00:21:06,936 - INFO - StepE_Exit AZ1ZMVOJ
2025-03-18 00:21:07,103 - INFO - StepE_Enter LQZAFAO6
2025-03-18 00:21:07,136 - INFO - StepE_Exit LQZAFAO6
2025-03-18 00:21:07,220 - INFO - StepE_Enter SUYNP1T8
2025-03-18 00:21:07,250 - INFO - StepE_Exit SUYNP1T8
2025-03-18 00:21:07,288 - INFO - StepE_Enter 6WI91HJE
2025-03-18 00:21:07,317 - INFO - StepE_Exit 6WI91HJE
2025-03-18 00:21:07,429 - INFO - StepE_Enter 3KJE9WK6
2025-03-18 00:21:07,459 - INFO - StepE_Exit 3KJE9WK6
2025-03-18 00:21:07,476 - INFO - StepE_Enter 51T9600T
2025-03-18 00:21:07,508 - INFO - StepE_Exit 51T9600T
2025-03-18 00:21:07,544 - INFO - StepE_Enter FOV6U1TM
2025-03-18 00:21:07,577 - INFO - StepE_Exit FOV6U1TM
2025-03-18 00:21:07,795 - INFO - StepE_Enter NXF0DLEO
2025-03-18 00:21:07,826 - INFO - StepE_Exit NXF0DLEO
2025-03-18 00:21:08,236 - INFO - StepE_Enter ZZ2NTEZB
2025-03-18 00:21:08,267 - INFO - StepE_Exit ZZ2NTEZB
2025-03-18 00:21:08,504 - INFO - StepE_Enter 49C2RLBJ
2025-03-18 00:21:08,534 - INFO - StepE_Exit 49C2RLBJ
2025-03-18 00:21:08,563 - INFO - StepE_Enter 0GCOVYJJ
2025-03-18 00:21:08,595 - INFO - StepE_Exit 0GCOVYJJ
2025-03-18 00:21:08,619 - INFO - StepE_Enter YJNCCUS7
2025-03-18 00:21:08,651 - INFO - StepE_Exit YJNCCUS7
2025-03-18 00:21:08,679 - INFO - StepE_Enter G5WOEN2Z
2025-03-18 00:21:08,710 - INFO - StepE_Exit G5WOEN2Z
2025-03-18 00:21:08,950 - INFO - StepE_Enter NNXU4RFK
2025-03-18 00:21:08,981 - INFO - StepE_Exit NNXU4RFK
2025-03-18 00:21:09,076 - INFO - StepE_Enter V1NDAH8X
2025-03-18 00:21:09,105 - INFO - StepE_Exit V1NDAH8X
2025-03-18 00:21:09,254 - INFO - StepE_Enter 7BMLH602
2025-03-18 00:21:09,288 - INFO - StepE_Exit 7BMLH602
2025-03-18 00:21:09,328 - INFO - StepE_Enter 4ENI59CS
2025-03-18 00:21:09,357 - INFO - StepE_Exit 4ENI59CS
2025-03-18 00:21:09,380 - INFO - StepE_Enter POAXJIUL
2025-03-18 00:21:09,410 - INFO - StepE_Exit POAXJIUL
2025-03-18 00:21:09,443 - INFO - StepE_Enter CR1F2TAN
2025-03-18 00:21:09,474 - INFO - StepE_Exit CR1F2TAN
2025-03-18 00:21:09,504 - INFO - StepE_Enter Y8RL0IN7
2025-03-18 00:21:09,535 - INFO - StepE_Exit Y8RL0IN7
2025-03-18 00:21:09,571 - INFO - StepE_Enter ETDJOP3C
2025-03-18 00:21:09,605 - INFO - StepE_Exit ETDJOP3C
2025-03-18 00:21:09,773 - INFO - StepE_Enter CXVRKMQ0
2025-03-18 00:21:09,809 - INFO - StepE_Exit CXVRKMQ0
2025-03-18 00:21:09,960 - INFO - StepE_Enter 459RGJT7
2025-03-18 00:21:09,989 - INFO - StepE_Exit 459RGJT7
2025-03-18 00:21:10,213 - INFO - StepE_Enter RCHX5D8C
2025-03-18 00:21:10,241 - INFO - StepE_Exit RCHX5D8C
2025-03-18 00:21:10,336 - INFO - StepE_Enter T1M07AFM
2025-03-18 00:21:10,365 - INFO - StepE_Exit T1M07AFM
2025-03-18 00:21:10,469 - INFO - StepE_Enter V1ZILOVM
2025-03-18 00:21:10,503 - INFO - StepE_Exit V1ZILOVM
2025-03-18 00:21:10,528 - INFO - StepE_Enter ED04MULA
2025-03-18 00:21:10,559 - INFO - StepE_Exit ED04MULA
2025-03-18 00:21:10,649 - INFO - StepE_Enter BV4PEV1C
2025-03-18 00:21:10,679 - INFO - StepE_Exit BV4PEV1C
2025-03-18 00:21:10,856 - INFO - StepE_Enter S85GWPIZ
2025-03-18 00:21:10,886 - INFO - StepE_Exit S85GWPIZ
2025-03-18 00:21:11,033 - INFO - StepE_Enter YHLO2RQ6
2025-03-18 00:21:11,068 - INFO - StepE_Exit YHLO2RQ6
2025-03-18 00:21:11,219 - INFO - StepE_Enter P52ZW4J4
2025-03-18 00:21:11,255 - INFO - StepE_Exit P52ZW4J4
2025-03-18 00:21:11,284 - INFO - StepE_Enter CO28DUE4
2025-03-18 00:21:11,317 - INFO - StepE_Exit CO28DUE4
2025-03-18 00:21:11,420 - INFO - StepE_Enter TIERGP23
2025-03-18 00:21:11,454 - INFO - StepE_Exit TIERGP23
2025-03-18 00:21:11,487 - INFO - StepE_Enter T9B3ZWLV
2025-03-18 00:21:11,527 - INFO - StepE_Exit T9B3ZWLV
2025-03-18 00:21:11,723 - INFO - StepE_Enter HHD7SU1J
2025-03-18 00:21:11,754 - INFO - StepE_Exit HHD7SU1J
2025-03-18 00:21:11,799 - INFO - StepE_Enter B259AOR7
2025-03-18 00:21:11,833 - INFO - StepE_Exit B259AOR7
2025-03-18 00:21:12,116 - INFO - StepE_Enter 420HEYZ3
2025-03-18 00:21:12,148 - INFO - StepE_Exit 420HEYZ3
2025-03-18 00:21:12,171 - INFO - StepE_Enter FAFMDBQ8
2025-03-18 00:21:12,204 - INFO - StepE_Exit FAFMDBQ8
2025-03-18 00:21:12,233 - INFO - StepE_Enter MG9QNHLJ
2025-03-18 00:21:12,264 - INFO - StepE_Exit MG9QNHLJ
2025-03-18 00:21:12,487 - INFO - StepE_Enter 75AC286U
2025-03-18 00:21:12,520 - INFO - StepE_Exit 75AC286U
2025-03-18 00:21:12,816 - INFO - StepE_Enter D6R4LEUE
2025-03-18 00:21:12,848 - INFO - StepE_Exit D6R4LEUE
2025-03-18 00:21:13,008 - INFO - StepE_Enter 140HJFM5
2025-03-18 00:21:13,040 - INFO - StepE_Exit 140HJFM5
2025-03-18 00:21:13,062 - INFO - StepE_Enter 0O072TF8
2025-03-18 00:21:13,095 - INFO - StepE_Exit 0O072TF8
2025-03-18 00:21:13,187 - INFO - StepE_Enter CSVDZAPP
2025-03-18 00:21:13,221 - INFO - StepE_Exit CSVDZAPP
2025-03-18 00:21:13,248 - INFO - StepE_Enter 7HYLRJEY
2025-03-18 00:21:13,280 - INFO - StepE_Exit 7HYLRJEY
2025-03-18 00:21:13,376 - INFO - StepE_Enter 7N3D2668
2025-03-18 00:21:13,407 - INFO - StepE_Exit 7N3D2668
2025-03-18 00:21:13,887 - INFO - StepE_Enter PIADYP24
2025-03-18 00:21:13,921 - INFO - StepE_Exit PIADYP24
2025-03-18 00:21:13,952 - INFO - StepE_Enter 1PHJ0RBF
2025-03-18 00:21:13,983 - INFO - StepE_Exit 1PHJ0RBF
2025-03-18 00:21:14,016 - INFO - StepE_Enter B5ND2JKG
2025-03-18 00:21:14,049 - INFO - StepE_Exit B5ND2JKG
2025-03-18 00:21:14,142 - INFO - StepE_Enter SMQSMWPF
2025-03-18 00:21:14,176 - INFO - StepE_Exit SMQSMWPF
2025-03-18 00:21:14,467 - INFO - StepE_Enter DA38Z6ES
2025-03-18 00:21:14,498 - INFO - StepE_Exit DA38Z6ES
2025-03-18 00:21:14,652 - INFO - StepE_Enter FFDI12OL
2025-03-18 00:21:14,686 - INFO - StepE_Exit FFDI12OL
2025-03-18 00:21:14,722 - INFO - StepE_Enter QHW7AMVG
2025-03-18 00:21:14,772 - INFO - StepE_Exit QHW7AMVG
2025-03-18 00:21:14,785 - INFO - StepE_Enter 3I7M12PV
2025-03-18 00:21:14,822 - INFO - StepE_Exit 3I7M12PV
2025-03-18 00:21:15,044 - INFO - StepE_Enter HCLB6MT7
2025-03-18 00:21:15,074 - INFO - StepE_Exit HCLB6MT7
2025-03-18 00:21:15,100 - INFO - StepE_Enter MMQLO920
2025-03-18 00:21:15,132 - INFO - StepE_Exit MMQLO920
2025-03-18 00:21:15,292 - INFO - StepE_Enter RUJALQTQ
2025-03-18 00:21:15,324 - INFO - StepE_Exit RUJALQTQ
2025-03-18 00:21:15,675 - INFO - StepE_Enter LHPYVAMM
2025-03-18 00:21:15,707 - INFO - StepE_Exit LHPYVAMM
2025-03-18 00:21:15,872 - INFO - StepE_Enter 8ZH1A1N3
2025-03-18 00:21:15,904 - INFO - StepE_Exit 8ZH1A1N3
2025-03-18 00:21:16,245 - INFO - StepE_Enter LD8S38D9
2025-03-18 00:21:16,278 - INFO - StepE_Exit LD8S38D9
2025-03-18 00:21:16,305 - INFO - StepE_Enter XLCUE2IX
2025-03-18 00:21:16,341 - INFO - StepE_Exit XLCUE2IX
2025-03-18 00:21:16,373 - INFO - StepE_Enter HVU5NIFW
2025-03-18 00:21:16,404 - INFO - StepE_Exit HVU5NIFW
2025-03-18 00:21:16,441 - INFO - StepE_Enter UU2619YY
2025-03-18 00:21:16,472 - INFO - StepE_Exit UU2619YY
2025-03-18 00:21:16,558 - INFO - StepE_Enter H44W8I6T
2025-03-18 00:21:16,591 - INFO - StepE_Exit H44W8I6T
2025-03-18 00:21:16,754 - INFO - StepE_Enter L0XXPJM4
2025-03-18 00:21:16,784 - INFO - StepE_Exit L0XXPJM4
2025-03-18 00:21:17,262 - INFO - StepE_Enter JCCX1QGU
2025-03-18 00:21:17,296 - INFO - StepE_Exit JCCX1QGU
2025-03-18 00:21:17,446 - INFO - StepE_Enter OKFFUSGW
2025-03-18 00:21:17,475 - INFO - StepE_Exit OKFFUSGW
2025-03-18 00:21:17,572 - INFO - StepE_Enter 5FBRFRLG
2025-03-18 00:21:17,602 - INFO - StepE_Exit 5FBRFRLG
2025-03-18 00:21:17,691 - INFO - StepE_Enter 301MIDWX
2025-03-18 00:21:17,725 - INFO - StepE_Exit 301MIDWX
2025-03-18 00:21:17,961 - INFO - StepE_Enter 4Z1GJL31
2025-03-18 00:21:17,991 - INFO - StepE_Exit 4Z1GJL31
2025-03-18 00:21:18,211 - INFO - StepE_Enter QLQNJ6KY
2025-03-18 00:21:18,245 - INFO - StepE_Exit QLQNJ6KY
2025-03-18 00:21:18,333 - INFO - StepE_Enter GSD7NIGL
2025-03-18 00:21:18,370 - INFO - StepE_Exit GSD7NIGL
2025-03-18 00:21:18,459 - INFO - StepE_Enter IAJ3JBBF
2025-03-18 00:21:18,486 - INFO - StepE_Exit IAJ3JBBF
2025-03-18 00:21:18,982 - INFO - StepE_Enter JBRLA1ZX
2025-03-18 00:21:19,012 - INFO - StepE_Exit JBRLA1ZX
2025-03-18 00:21:19,090 - INFO - StepE_Enter JB664HCF
2025-03-18 00:21:19,119 - INFO - StepE_Exit JB664HCF
2025-03-18 00:21:19,546 - INFO - StepE_Enter EU1ZEVR5
2025-03-18 00:21:19,588 - INFO - StepE_Exit EU1ZEVR5
2025-03-18 00:21:19,609 - INFO - StepE_Enter Y52FJ3JB
2025-03-18 00:21:19,639 - INFO - StepE_Exit Y52FJ3JB
2025-03-18 00:21:19,702 - INFO - StepE_Enter TR14PT60
2025-03-18 00:21:19,733 - INFO - StepE_Exit TR14PT60
2025-03-18 00:21:19,740 - INFO - StepE_Enter QEY7005N
2025-03-18 00:21:19,770 - INFO - StepE_Exit QEY7005N
2025-03-18 00:21:19,798 - INFO - StepE_Enter GE2LQQSC
2025-03-18 00:21:19,827 - INFO - StepE_Exit GE2LQQSC
2025-03-18 00:21:19,923 - INFO - StepE_Enter QH6O1TCT
2025-03-18 00:21:19,954 - INFO - StepE_Exit QH6O1TCT
2025-03-18 00:21:19,984 - INFO - StepE_Enter K67LHX0G
2025-03-18 00:21:20,017 - INFO - StepE_Exit K67LHX0G
2025-03-18 00:21:20,307 - INFO - StepE_Enter PIH5YVPA
2025-03-18 00:21:20,340 - INFO - StepE_Exit PIH5YVPA
2025-03-18 00:21:20,368 - INFO - StepE_Enter PUPHFCNT
2025-03-18 00:21:20,404 - INFO - StepE_Exit PUPHFCNT
2025-03-18 00:21:20,498 - INFO - StepE_Enter 8DGXEKNE
2025-03-18 00:21:20,531 - INFO - StepE_Exit 8DGXEKNE
2025-03-18 00:21:20,755 - INFO - StepE_Enter VX2A8O6M
2025-03-18 00:21:20,790 - INFO - StepE_Exit VX2A8O6M
2025-03-18 00:21:20,873 - INFO - StepE_Enter IE5OQ5NS
2025-03-18 00:21:20,905 - INFO - StepE_Exit IE5OQ5NS
2025-03-18 00:21:21,004 - INFO - StepE_Enter MYHM6G5L
2025-03-18 00:21:21,039 - INFO - StepE_Exit MYHM6G5L
2025-03-18 00:21:21,508 - INFO - StepE_Enter YA4N4M60
2025-03-18 00:21:21,539 - INFO - StepE_Exit YA4N4M60
2025-03-18 00:21:21,565 - INFO - StepE_Enter D0T76EIS
2025-03-18 00:21:21,597 - INFO - StepE_Exit D0T76EIS
2025-03-18 00:21:22,149 - INFO - StepE_Enter DU0LMLOC
2025-03-18 00:21:22,183 - INFO - StepE_Exit DU0LMLOC
2025-03-18 00:21:22,587 - INFO - StepE_Enter LO46YU0C
2025-03-18 00:21:22,616 - INFO - StepE_Exit LO46YU0C
2025-03-18 00:21:22,648 - INFO - StepE_Enter JIHLOWCO
2025-03-18 00:21:22,677 - INFO - StepE_Exit JIHLOWCO
2025-03-18 00:21:22,768 - INFO - StepE_Enter DM3ROCE3
2025-03-18 00:21:22,797 - INFO - StepE_Exit DM3ROCE3
2025-03-18 00:21:22,837 - INFO - StepE_Enter 9ZNEL4NN
2025-03-18 00:21:22,870 - INFO - StepE_Exit 9ZNEL4NN
2025-03-18 00:21:23,090 - INFO - StepE_Enter WTE2CB0F
2025-03-18 00:21:23,121 - INFO - StepE_Exit WTE2CB0F
2025-03-18 00:21:23,229 - INFO - StepE_Enter SMCLYXXV
2025-03-18 00:21:23,257 - INFO - StepE_Exit SMCLYXXV
2025-03-18 00:21:23,352 - INFO - StepE_Enter 75GCE83Y
2025-03-18 00:21:23,381 - INFO - StepE_Exit 75GCE83Y
2025-03-18 00:21:23,536 - INFO - StepE_Enter L0SX6254
2025-03-18 00:21:23,565 - INFO - StepE_Exit L0SX6254
2025-03-18 00:21:23,613 - INFO - StepE_Enter 9VIL3B45
2025-03-18 00:21:23,641 - INFO - StepE_Exit 9VIL3B45
2025-03-18 00:21:23,726 - INFO - StepE_Enter WPBN69A0
2025-03-18 00:21:23,755 - INFO - StepE_Exit WPBN69A0
2025-03-18 00:21:23,861 - INFO - StepE_Enter 4TELJRJJ
2025-03-18 00:21:23,890 - INFO - StepE_Exit 4TELJRJJ
2025-03-18 00:21:23,921 - INFO - StepE_Enter JQ62PQOO
2025-03-18 00:21:23,950 - INFO - StepE_Exit JQ62PQOO
2025-03-18 00:21:24,058 - INFO - StepE_Enter ST7OYB5S
2025-03-18 00:21:24,088 - INFO - StepE_Exit ST7OYB5S
2025-03-18 00:21:24,305 - INFO - StepE_Enter IR7A2QC0
2025-03-18 00:21:24,335 - INFO - StepE_Exit IR7A2QC0
2025-03-18 00:21:24,425 - INFO - StepE_Enter W51H8QVK
2025-03-18 00:21:24,454 - INFO - StepE_Exit W51H8QVK
2025-03-18 00:21:24,617 - INFO - StepE_Enter KBV51H5Z
2025-03-18 00:21:24,647 - INFO - StepE_Exit KBV51H5Z
2025-03-18 00:21:24,814 - INFO - StepE_Enter X7C3PH1Q
2025-03-18 00:21:24,843 - INFO - StepE_Exit X7C3PH1Q
2025-03-18 00:21:24,927 - INFO - StepE_Enter YOK9UX0G
2025-03-18 00:21:24,956 - INFO - StepE_Exit YOK9UX0G
2025-03-18 00:21:25,119 - INFO - StepE_Enter TAGQATVQ
2025-03-18 00:21:25,149 - INFO - StepE_Exit TAGQATVQ
2025-03-18 00:21:25,247 - INFO - StepE_Enter IZCHPEM3
2025-03-18 00:21:25,277 - INFO - StepE_Exit IZCHPEM3
2025-03-18 00:21:25,313 - INFO - StepE_Enter X0MD9FGF
2025-03-18 00:21:25,343 - INFO - StepE_Exit X0MD9FGF
2025-03-18 00:21:25,441 - INFO - StepE_Enter OST3U15U
2025-03-18 00:21:25,474 - INFO - StepE_Exit OST3U15U
2025-03-18 00:21:25,638 - INFO - StepE_Enter RIJUEDAQ
2025-03-18 00:21:25,671 - INFO - StepE_Exit RIJUEDAQ
2025-03-18 00:21:26,072 - INFO - StepE_Enter AHDOXVMI
2025-03-18 00:21:26,102 - INFO - StepE_Exit AHDOXVMI
2025-03-18 00:21:26,146 - INFO - StepE_Enter WK6J0DJS
2025-03-18 00:21:26,175 - INFO - StepE_Exit WK6J0DJS
2025-03-18 00:21:26,262 - INFO - StepE_Enter 8YU6ZLPS
2025-03-18 00:21:26,296 - INFO - StepE_Exit 8YU6ZLPS
2025-03-18 00:21:26,451 - INFO - StepE_Enter YZFSAHBB
2025-03-18 00:21:26,481 - INFO - StepE_Exit YZFSAHBB
2025-03-18 00:21:26,576 - INFO - StepE_Enter LZ7Z9W3F
2025-03-18 00:21:26,606 - INFO - StepE_Exit LZ7Z9W3F
2025-03-18 00:21:27,150 - INFO - StepE_Enter 3WEIOSXJ
2025-03-18 00:21:27,180 - INFO - StepE_Exit 3WEIOSXJ
2025-03-18 00:21:27,912 - INFO - StepE_Enter 9B7SEV5X
2025-03-18 00:21:27,945 - INFO - StepE_Exit 9B7SEV5X
2025-03-18 00:21:27,971 - INFO - StepE_Enter 4BUXZEU2
2025-03-18 00:21:28,003 - INFO - StepE_Exit 4BUXZEU2
2025-03-18 00:21:28,100 - INFO - StepE_Enter JVETEL6H
2025-03-18 00:21:28,132 - INFO - StepE_Exit JVETEL6H
2025-03-18 00:21:28,240 - INFO - StepE_Enter XB0R1R6I
2025-03-18 00:21:28,284 - INFO - StepE_Exit XB0R1R6I
2025-03-18 00:21:28,478 - INFO - StepE_Enter 1CPXJLR0
2025-03-18 00:21:28,511 - INFO - StepE_Exit 1CPXJLR0
2025-03-18 00:21:28,554 - INFO - StepE_Enter EX253FQ1
2025-03-18 00:21:28,585 - INFO - StepE_Exit EX253FQ1
2025-03-18 00:21:28,943 - INFO - StepE_Enter LM3FLA7J
2025-03-18 00:21:28,974 - INFO - StepE_Exit LM3FLA7J
2025-03-18 00:21:29,126 - INFO - StepE_Enter 5PC1NX95
2025-03-18 00:21:29,157 - INFO - StepE_Exit 5PC1NX95
2025-03-18 00:21:29,191 - INFO - StepE_Enter OXYMJCS7
2025-03-18 00:21:29,223 - INFO - StepE_Exit OXYMJCS7
2025-03-18 00:21:29,510 - INFO - StepE_Enter H81VL6YF
2025-03-18 00:21:29,549 - INFO - StepE_Exit H81VL6YF
2025-03-18 00:21:29,563 - INFO - StepE_Enter WCBUWMHF
2025-03-18 00:21:29,597 - INFO - StepE_Exit WCBUWMHF
2025-03-18 00:21:29,756 - INFO - StepE_Enter 9K0S7VUI
2025-03-18 00:21:29,789 - INFO - StepE_Exit 9K0S7VUI
2025-03-18 00:21:29,828 - INFO - StepE_Enter 5MXFXH96
2025-03-18 00:21:29,859 - INFO - StepE_Exit 5MXFXH96
2025-03-18 00:21:30,024 - INFO - StepE_Enter 0O51P17F
2025-03-18 00:21:30,056 - INFO - StepE_Exit 0O51P17F
2025-03-18 00:21:30,083 - INFO - StepE_Enter TYJ1ANFW
2025-03-18 00:21:30,115 - INFO - StepE_Exit TYJ1ANFW
2025-03-18 00:21:30,201 - INFO - StepE_Enter 8RWHKDJ4
2025-03-18 00:21:30,231 - INFO - StepE_Exit 8RWHKDJ4
2025-03-18 00:21:30,332 - INFO - StepE_Enter 120ZLGA3
2025-03-18 00:21:30,362 - INFO - StepE_Exit 120ZLGA3
2025-03-18 00:21:30,521 - INFO - StepE_Enter 6ITMMIOG
2025-03-18 00:21:30,553 - INFO - StepE_Exit 6ITMMIOG
2025-03-18 00:21:30,583 - INFO - StepE_Enter IUKUQHRF
2025-03-18 00:21:30,611 - INFO - StepE_Exit IUKUQHRF
2025-03-18 00:21:30,648 - INFO - StepE_Enter VA9CHLZF
2025-03-18 00:21:30,681 - INFO - StepE_Exit VA9CHLZF
2025-03-18 00:21:30,709 - INFO - StepE_Enter GMX7XBII
2025-03-18 00:21:30,739 - INFO - StepE_Exit GMX7XBII
2025-03-18 00:21:30,833 - INFO - StepE_Enter U6IKHL74
2025-03-18 00:21:30,863 - INFO - StepE_Exit U6IKHL74
2025-03-18 00:21:31,213 - INFO - StepE_Enter GXEZFD4P
2025-03-18 00:21:31,249 - INFO - StepE_Exit GXEZFD4P
2025-03-18 00:21:31,471 - INFO - StepE_Enter BPN180V7
2025-03-18 00:21:31,503 - INFO - StepE_Exit BPN180V7
2025-03-18 00:21:31,726 - INFO - StepE_Enter NGC0PJB1
2025-03-18 00:21:31,755 - INFO - StepE_Exit NGC0PJB1
2025-03-18 00:21:31,789 - INFO - StepE_Enter DTSQFGFJ
2025-03-18 00:21:31,820 - INFO - StepE_Exit DTSQFGFJ
2025-03-18 00:21:31,852 - INFO - StepE_Enter H55XH5C1
2025-03-18 00:21:31,883 - INFO - StepE_Exit H55XH5C1
2025-03-18 00:21:31,982 - INFO - StepE_Enter ZBL2ZMZ1
2025-03-18 00:21:32,013 - INFO - StepE_Exit ZBL2ZMZ1
2025-03-18 00:21:32,107 - INFO - StepE_Enter 9K43T4JT
2025-03-18 00:21:32,138 - INFO - StepE_Exit 9K43T4JT
2025-03-18 00:21:32,172 - INFO - StepE_Enter ITTARJK4
2025-03-18 00:21:32,203 - INFO - StepE_Exit ITTARJK4
2025-03-18 00:21:32,228 - INFO - StepE_Enter D13EV24C
2025-03-18 00:21:32,261 - INFO - StepE_Exit D13EV24C
2025-03-18 00:21:32,371 - INFO - StepE_Enter 0IZJP7ES
2025-03-18 00:21:32,403 - INFO - StepE_Exit 0IZJP7ES
2025-03-18 00:21:32,494 - INFO - StepE_Enter AW7SNNKJ
2025-03-18 00:21:32,527 - INFO - StepE_Exit AW7SNNKJ
2025-03-18 00:21:32,740 - INFO - StepE_Enter WJANRX77
2025-03-18 00:21:32,767 - INFO - StepE_Exit WJANRX77
2025-03-18 00:21:32,801 - INFO - StepE_Enter DAMVO313
2025-03-18 00:21:32,842 - INFO - StepE_Exit DAMVO313
2025-03-18 00:21:32,871 - INFO - StepE_Enter 979CRIR6
2025-03-18 00:21:32,903 - INFO - StepE_Exit 979CRIR6
2025-03-18 00:21:33,574 - INFO - StepE_Enter PJFJL0BR
2025-03-18 00:21:33,608 - INFO - StepE_Exit PJFJL0BR
2025-03-18 00:21:33,631 - INFO - StepE_Enter 09PBV483
2025-03-18 00:21:33,664 - INFO - StepE_Exit 09PBV483
2025-03-18 00:21:33,696 - INFO - StepE_Enter S0ZHSM31
2025-03-18 00:21:33,726 - INFO - StepE_Exit S0ZHSM31
2025-03-18 00:21:33,767 - INFO - StepE_Enter H1FZIVG1
2025-03-18 00:21:33,803 - INFO - StepE_Exit H1FZIVG1
2025-03-18 00:21:33,824 - INFO - StepE_Enter 8Q72M4YD
2025-03-18 00:21:33,855 - INFO - StepE_Exit 8Q72M4YD
2025-03-18 00:21:34,018 - INFO - StepE_Enter KP7WPSNI
2025-03-18 00:21:34,050 - INFO - StepE_Exit KP7WPSNI
2025-03-18 00:21:34,079 - INFO - StepE_Enter 5X8CHZSR
2025-03-18 00:21:34,107 - INFO - StepE_Exit 5X8CHZSR
2025-03-18 00:21:34,266 - INFO - StepE_Enter OAF6U6UH
2025-03-18 00:21:34,302 - INFO - StepE_Exit OAF6U6UH
2025-03-18 00:21:34,843 - INFO - StepE_Enter G0YEUBUA
2025-03-18 00:21:34,878 - INFO - StepE_Exit G0YEUBUA
2025-03-18 00:21:35,348 - INFO - StepE_Enter EAOS6HB2
2025-03-18 00:21:35,381 - INFO - StepE_Exit EAOS6HB2
2025-03-18 00:21:35,409 - INFO - StepE_Enter NQDQTV6T
2025-03-18 00:21:35,441 - INFO - StepE_Exit NQDQTV6T
2025-03-18 00:21:35,472 - INFO - StepE_Enter 5DL0PXWO
2025-03-18 00:21:35,502 - INFO - StepE_Exit 5DL0PXWO
2025-03-18 00:21:35,535 - INFO - StepE_Enter AOH74GDU
2025-03-18 00:21:35,566 - INFO - StepE_Exit AOH74GDU
2025-03-18 00:21:35,599 - INFO - StepE_Enter WKHZ402J
2025-03-18 00:21:35,631 - INFO - StepE_Exit WKHZ402J
2025-03-18 00:21:35,659 - INFO - StepE_Enter 1KC321KE
2025-03-18 00:21:35,693 - INFO - StepE_Exit 1KC321KE
2025-03-18 00:21:35,790 - INFO - StepE_Enter 25O0MKRF
2025-03-18 00:21:35,823 - INFO - StepE_Exit 25O0MKRF
2025-03-18 00:21:35,914 - INFO - StepE_Enter T9RJGCWZ
2025-03-18 00:21:35,945 - INFO - StepE_Exit T9RJGCWZ
2025-03-18 00:21:35,980 - INFO - StepE_Enter IZKZV211
2025-03-18 00:21:36,012 - INFO - StepE_Exit IZKZV211
2025-03-18 00:21:36,108 - INFO - StepE_Enter 1N37AV4D
2025-03-18 00:21:36,139 - INFO - StepE_Exit 1N37AV4D
2025-03-18 00:21:36,231 - INFO - StepE_Enter LP5Z92HB
2025-03-18 00:21:36,263 - INFO - StepE_Exit LP5Z92HB
2025-03-18 00:21:36,612 - INFO - StepE_Enter H56LA6WO
2025-03-18 00:21:36,643 - INFO - StepE_Exit H56LA6WO
2025-03-18 00:21:36,677 - INFO - StepE_Enter 7NB2FCUT
2025-03-18 00:21:36,708 - INFO - StepE_Exit 7NB2FCUT
2025-03-18 00:21:36,868 - INFO - StepE_Enter 3FE1J6KC
2025-03-18 00:21:36,901 - INFO - StepE_Exit 3FE1J6KC
2025-03-18 00:21:36,994 - INFO - StepE_Enter B8YJ2O2A
2025-03-18 00:21:37,026 - INFO - StepE_Exit B8YJ2O2A
2025-03-18 00:21:37,126 - INFO - StepE_Enter X52M4MJP
2025-03-18 00:21:37,156 - INFO - StepE_Exit X52M4MJP
2025-03-18 00:21:37,622 - INFO - StepE_Enter TDLT4WKO
2025-03-18 00:21:37,654 - INFO - StepE_Exit TDLT4WKO
2025-03-18 00:21:38,127 - INFO - StepE_Enter HPM3VESL
2025-03-18 00:21:38,157 - INFO - StepE_Exit HPM3VESL
2025-03-18 00:21:38,392 - INFO - StepE_Enter S5U87OKQ
2025-03-18 00:21:38,423 - INFO - StepE_Exit S5U87OKQ
2025-03-18 00:21:38,951 - INFO - StepE_Enter JHW8NR8X
2025-03-18 00:21:38,982 - INFO - StepE_Exit JHW8NR8X
2025-03-18 00:21:39,216 - INFO - StepE_Enter 0RTUL5R0
2025-03-18 00:21:39,246 - INFO - StepE_Exit 0RTUL5R0
2025-03-18 00:21:39,281 - INFO - StepE_Enter OO0NBT0T
2025-03-18 00:21:39,312 - INFO - StepE_Exit OO0NBT0T
2025-03-18 00:21:39,341 - INFO - StepE_Enter RDNRHLYX
2025-03-18 00:21:39,371 - INFO - StepE_Exit RDNRHLYX
2025-03-18 00:21:39,532 - INFO - StepE_Enter QRVZ8NR4
2025-03-18 00:21:39,562 - INFO - StepE_Exit QRVZ8NR4
2025-03-18 00:21:39,728 - INFO - StepE_Enter DX4XC1HW
2025-03-18 00:21:39,759 - INFO - StepE_Exit DX4XC1HW
2025-03-18 00:21:39,912 - INFO - StepE_Enter G98Z0LJJ
2025-03-18 00:21:39,942 - INFO - StepE_Exit G98Z0LJJ
2025-03-18 00:21:40,044 - INFO - StepE_Enter 1AEYU77H
2025-03-18 00:21:40,076 - INFO - StepE_Exit 1AEYU77H
2025-03-18 00:21:40,234 - INFO - StepE_Enter DIHT6HQC
2025-03-18 00:21:40,264 - INFO - StepE_Exit DIHT6HQC
2025-03-18 00:21:40,288 - INFO - StepE_Enter G5J09O0S
2025-03-18 00:21:40,318 - INFO - StepE_Exit G5J09O0S
2025-03-18 00:21:40,486 - INFO - StepE_Enter ODDEJXSQ
2025-03-18 00:21:40,517 - INFO - StepE_Exit ODDEJXSQ
2025-03-18 00:21:40,538 - INFO - StepE_Enter 17H2NN4P
2025-03-18 00:21:40,567 - INFO - StepE_Exit 17H2NN4P
2025-03-18 00:21:40,799 - INFO - StepE_Enter WDMV34PS
2025-03-18 00:21:40,829 - INFO - StepE_Exit WDMV34PS
2025-03-18 00:21:41,054 - INFO - StepE_Enter UZW4EXTF
2025-03-18 00:21:41,087 - INFO - StepE_Exit UZW4EXTF
2025-03-18 00:21:41,369 - INFO - StepE_Enter YCOHH1D7
2025-03-18 00:21:41,402 - INFO - StepE_Exit YCOHH1D7
2025-03-18 00:21:41,430 - INFO - StepE_Enter GJ95WXBP
2025-03-18 00:21:41,462 - INFO - StepE_Exit GJ95WXBP
2025-03-18 00:21:42,069 - INFO - StepE_Enter KTRDVEI2
2025-03-18 00:21:42,101 - INFO - StepE_Exit KTRDVEI2
2025-03-18 00:21:42,584 - INFO - StepE_Enter ZNMJ3HD5
2025-03-18 00:21:42,613 - INFO - StepE_Exit ZNMJ3HD5
2025-03-18 00:21:43,022 - INFO - StepE_Enter WO0X0W8Z
2025-03-18 00:21:43,052 - INFO - StepE_Exit WO0X0W8Z
2025-03-18 00:21:43,526 - INFO - StepE_Enter J45YETEU
2025-03-18 00:21:43,560 - INFO - StepE_Exit J45YETEU
2025-03-18 00:21:43,586 - INFO - StepE_Enter TAQHCEWF
2025-03-18 00:21:43,616 - INFO - StepE_Exit TAQHCEWF
2025-03-18 00:21:43,724 - INFO - StepE_Enter 3IGAZNR6
2025-03-18 00:21:43,753 - INFO - StepE_Exit 3IGAZNR6
2025-03-18 00:21:43,778 - INFO - StepE_Enter 2U6WTBR9
2025-03-18 00:21:43,807 - INFO - StepE_Exit 2U6WTBR9
2025-03-18 00:21:44,169 - INFO - StepE_Enter 2QGK0FNJ
2025-03-18 00:21:44,201 - INFO - StepE_Exit 2QGK0FNJ
2025-03-18 00:21:44,241 - INFO - StepE_Enter SZCOI2WF
2025-03-18 00:21:44,274 - INFO - StepE_Exit SZCOI2WF
2025-03-18 00:21:44,284 - INFO - StepE_Enter CT034M1X
2025-03-18 00:21:44,314 - INFO - StepE_Exit CT034M1X
2025-03-18 00:21:44,604 - INFO - StepE_Enter 06Y156U4
2025-03-18 00:21:44,635 - INFO - StepE_Exit 06Y156U4
2025-03-18 00:21:44,726 - INFO - StepE_Enter KO562TJP
2025-03-18 00:21:44,760 - INFO - StepE_Exit KO562TJP
2025-03-18 00:21:44,806 - INFO - StepE_Enter D6JKOGQU
2025-03-18 00:21:44,838 - INFO - StepE_Exit D6JKOGQU
2025-03-18 00:21:44,915 - INFO - StepE_Enter C8HJRYSU
2025-03-18 00:21:44,948 - INFO - StepE_Exit C8HJRYSU
2025-03-18 00:21:45,049 - INFO - StepE_Enter MWS5Y6D5
2025-03-18 00:21:45,086 - INFO - StepE_Exit MWS5Y6D5
2025-03-18 00:21:45,178 - INFO - StepE_Enter 3OK0SZFJ
2025-03-18 00:21:45,211 - INFO - StepE_Exit 3OK0SZFJ
2025-03-18 00:21:45,238 - INFO - StepE_Enter ZUQCFHAK
2025-03-18 00:21:45,269 - INFO - StepE_Exit ZUQCFHAK
2025-03-18 00:21:45,550 - INFO - StepE_Enter 3G05HOPJ
2025-03-18 00:21:45,585 - INFO - StepE_Exit 3G05HOPJ
2025-03-18 00:21:45,686 - INFO - StepE_Enter IYJGUFS5
2025-03-18 00:21:45,720 - INFO - StepE_Exit IYJGUFS5
2025-03-18 00:21:45,751 - INFO - StepE_Enter ZGK3MYN3
2025-03-18 00:21:45,783 - INFO - StepE_Exit ZGK3MYN3
2025-03-18 00:21:45,992 - INFO - StepE_Enter 6P70EYAD
2025-03-18 00:21:46,026 - INFO - StepE_Exit 6P70EYAD
2025-03-18 00:21:46,131 - INFO - StepE_Enter 8VVVYIE2
2025-03-18 00:21:46,161 - INFO - StepE_Exit 8VVVYIE2
2025-03-18 00:21:46,320 - INFO - StepE_Enter L9IQ0EJM
2025-03-18 00:21:46,352 - INFO - StepE_Exit L9IQ0EJM
2025-03-18 00:21:46,373 - INFO - StepE_Enter RFY4HAYL
2025-03-18 00:21:46,416 - INFO - StepE_Exit RFY4HAYL
2025-03-18 00:21:46,445 - INFO - StepE_Enter I0N4RADX
2025-03-18 00:21:46,477 - INFO - StepE_Exit I0N4RADX
2025-03-18 00:21:46,509 - INFO - StepE_Enter DG4KWGK9
2025-03-18 00:21:46,541 - INFO - StepE_Exit DG4KWGK9
2025-03-18 00:21:46,634 - INFO - StepE_Enter W6WWGHV6
2025-03-18 00:21:46,665 - INFO - StepE_Exit W6WWGHV6
2025-03-18 00:21:46,885 - INFO - StepE_Enter MK7UGB70
2025-03-18 00:21:46,916 - INFO - StepE_Exit MK7UGB70
2025-03-18 00:21:47,015 - INFO - StepE_Enter WE6HYVBN
2025-03-18 00:21:47,047 - INFO - StepE_Exit WE6HYVBN
2025-03-18 00:21:47,076 - INFO - StepE_Enter SDM2NSYU
2025-03-18 00:21:47,111 - INFO - StepE_Exit SDM2NSYU
2025-03-18 00:21:47,131 - INFO - StepE_Enter 88TG4X77
2025-03-18 00:21:47,161 - INFO - StepE_Exit 88TG4X77
2025-03-18 00:21:47,207 - INFO - StepE_Enter C989G73X
2025-03-18 00:21:47,235 - INFO - StepE_Exit C989G73X
2025-03-18 00:21:47,464 - INFO - StepE_Enter KQO7BLOL
2025-03-18 00:21:47,500 - INFO - StepE_Exit KQO7BLOL
2025-03-18 00:21:47,521 - INFO - StepE_Enter YJW387JX
2025-03-18 00:21:47,556 - INFO - StepE_Exit YJW387JX
2025-03-18 00:21:47,592 - INFO - StepE_Enter N11F6S42
2025-03-18 00:21:47,624 - INFO - StepE_Exit N11F6S42
2025-03-18 00:21:47,777 - INFO - StepE_Enter PL3IVTQW
2025-03-18 00:21:47,809 - INFO - StepE_Exit PL3IVTQW
2025-03-18 00:21:47,909 - INFO - StepE_Enter MWQ5S60W
2025-03-18 00:21:47,938 - INFO - StepE_Exit MWQ5S60W
2025-03-18 00:21:47,967 - INFO - StepE_Enter DU90EQAL
2025-03-18 00:21:47,995 - INFO - StepE_Exit DU90EQAL
2025-03-18 00:21:48,028 - INFO - StepE_Enter QJEPKDI0
2025-03-18 00:21:48,059 - INFO - StepE_Exit QJEPKDI0
2025-03-18 00:21:48,159 - INFO - StepE_Enter ZK3DJYXJ
2025-03-18 00:21:48,190 - INFO - StepE_Exit ZK3DJYXJ
2025-03-18 00:21:48,352 - INFO - StepE_Enter I6XG4F9O
2025-03-18 00:21:48,381 - INFO - StepE_Exit I6XG4F9O
2025-03-18 00:21:48,474 - INFO - StepE_Enter HSGYNJ4L
2025-03-18 00:21:48,506 - INFO - StepE_Exit HSGYNJ4L
2025-03-18 00:21:48,729 - INFO - StepE_Enter ML09MEJT
2025-03-18 00:21:48,762 - INFO - StepE_Exit ML09MEJT
2025-03-18 00:21:48,866 - INFO - StepE_Enter ZBMCTWFC
2025-03-18 00:21:48,898 - INFO - StepE_Exit ZBMCTWFC
2025-03-18 00:21:49,054 - INFO - StepE_Enter VSAJ2H90
2025-03-18 00:21:49,084 - INFO - StepE_Exit VSAJ2H90
2025-03-18 00:21:49,085 - INFO - StepE_Enter 0A2G8H9L
2025-03-18 00:21:49,116 - INFO - StepE_Exit 0A2G8H9L
2025-03-18 00:21:49,300 - INFO - StepE_Enter X85O0NCI
2025-03-18 00:21:49,332 - INFO - StepE_Exit X85O0NCI
2025-03-18 00:21:49,491 - INFO - StepE_Enter 3SVI6FWV
2025-03-18 00:21:49,520 - INFO - StepE_Exit 3SVI6FWV
2025-03-18 00:21:49,738 - INFO - StepE_Enter 100Q615N
2025-03-18 00:21:49,768 - INFO - StepE_Exit 100Q615N
2025-03-18 00:21:49,815 - INFO - StepE_Enter N9W17GTD
2025-03-18 00:21:49,845 - INFO - StepE_Exit N9W17GTD
2025-03-18 00:21:50,119 - INFO - StepE_Enter 53DKQ2HC
2025-03-18 00:21:50,149 - INFO - StepE_Exit 53DKQ2HC
2025-03-18 00:21:50,695 - INFO - StepE_Enter OG8C9XKR
2025-03-18 00:21:50,726 - INFO - StepE_Exit OG8C9XKR
2025-03-18 00:21:50,817 - INFO - StepE_Enter I6Z9ZYEJ
2025-03-18 00:21:50,847 - INFO - StepE_Exit I6Z9ZYEJ
2025-03-18 00:21:50,878 - INFO - StepE_Enter 7U8ZABRC
2025-03-18 00:21:50,909 - INFO - StepE_Exit 7U8ZABRC
2025-03-18 00:21:50,945 - INFO - StepE_Enter PMKT84ZC
2025-03-18 00:21:50,976 - INFO - StepE_Exit PMKT84ZC
2025-03-18 00:21:51,069 - INFO - StepE_Enter 47UM7WXU
2025-03-18 00:21:51,099 - INFO - StepE_Exit 47UM7WXU
2025-03-18 00:21:51,132 - INFO - StepE_Enter GMT3417H
2025-03-18 00:21:51,164 - INFO - StepE_Exit GMT3417H
2025-03-18 00:21:51,321 - INFO - StepE_Enter HR4QAXH0
2025-03-18 00:21:51,354 - INFO - StepE_Exit HR4QAXH0
2025-03-18 00:21:51,449 - INFO - StepE_Enter 3D0SX15G
2025-03-18 00:21:51,482 - INFO - StepE_Exit 3D0SX15G
2025-03-18 00:21:51,639 - INFO - StepE_Enter 7Y9G4HB6
2025-03-18 00:21:51,671 - INFO - StepE_Exit 7Y9G4HB6
2025-03-18 00:21:51,701 - INFO - StepE_Enter X5OQ47QI
2025-03-18 00:21:51,733 - INFO - StepE_Exit X5OQ47QI
2025-03-18 00:21:52,086 - INFO - StepE_Enter 6DB2R8JW
2025-03-18 00:21:52,116 - INFO - StepE_Exit 6DB2R8JW
2025-03-18 00:21:52,356 - INFO - StepE_Enter IX4OK76G
2025-03-18 00:21:52,389 - INFO - StepE_Exit IX4OK76G
2025-03-18 00:21:52,606 - INFO - StepE_Enter I2QHXYMP
2025-03-18 00:21:52,637 - INFO - StepE_Exit I2QHXYMP
2025-03-18 00:21:52,781 - INFO - StepE_Enter T7WO9ZJ6
2025-03-18 00:21:52,811 - INFO - StepE_Exit T7WO9ZJ6
2025-03-18 00:21:52,845 - INFO - StepE_Enter VDMEALMT
2025-03-18 00:21:52,876 - INFO - StepE_Exit VDMEALMT
2025-03-18 00:21:53,161 - INFO - StepE_Enter 0O6KRBWE
2025-03-18 00:21:53,193 - INFO - StepE_Exit 0O6KRBWE
2025-03-18 00:21:53,353 - INFO - StepE_Enter ZGFH5S2C
2025-03-18 00:21:53,386 - INFO - StepE_Exit ZGFH5S2C
2025-03-18 00:21:53,879 - INFO - StepE_Enter AH0EUGFX
2025-03-18 00:21:53,914 - INFO - StepE_Exit AH0EUGFX
2025-03-18 00:21:54,122 - INFO - StepE_Enter FL71ZWTE
2025-03-18 00:21:54,154 - INFO - StepE_Exit FL71ZWTE
2025-03-18 00:21:54,251 - INFO - StepE_Enter 9RWZVDJ6
2025-03-18 00:21:54,282 - INFO - StepE_Exit 9RWZVDJ6
2025-03-18 00:21:54,311 - INFO - StepE_Enter EB21L6EI
2025-03-18 00:21:54,347 - INFO - StepE_Exit EB21L6EI
2025-03-18 00:21:54,494 - INFO - StepE_Enter KIP2KJ0E
2025-03-18 00:21:54,526 - INFO - StepE_Exit KIP2KJ0E
2025-03-18 00:21:54,701 - INFO - StepE_Enter V949IEAW
2025-03-18 00:21:54,733 - INFO - StepE_Exit V949IEAW
2025-03-18 00:21:54,767 - INFO - StepE_Enter XCYUMHPV
2025-03-18 00:21:54,799 - INFO - StepE_Exit XCYUMHPV
2025-03-18 00:21:54,889 - INFO - StepE_Enter HGEICWSA
2025-03-18 00:21:54,922 - INFO - StepE_Exit HGEICWSA
2025-03-18 00:21:55,128 - INFO - StepE_Enter 1BOL1DW3
2025-03-18 00:21:55,159 - INFO - StepE_Exit 1BOL1DW3
2025-03-18 00:21:55,270 - INFO - StepE_Enter YK3G0HKO
2025-03-18 00:21:55,301 - INFO - StepE_Exit YK3G0HKO
2025-03-18 00:21:55,706 - INFO - StepE_Enter 1BQHKB8S
2025-03-18 00:21:55,738 - INFO - StepE_Exit 1BQHKB8S
2025-03-18 00:21:55,830 - INFO - StepE_Enter HGYZAN3S
2025-03-18 00:21:55,863 - INFO - StepE_Exit HGYZAN3S
2025-03-18 00:21:56,017 - INFO - StepE_Enter MHWO2CN4
2025-03-18 00:21:56,053 - INFO - StepE_Exit MHWO2CN4
2025-03-18 00:21:56,215 - INFO - StepE_Enter PHA0YI0W
2025-03-18 00:21:56,247 - INFO - StepE_Exit PHA0YI0W
2025-03-18 00:21:56,285 - INFO - StepE_Enter DM8ZTECX
2025-03-18 00:21:56,317 - INFO - StepE_Exit DM8ZTECX
2025-03-18 00:21:56,529 - INFO - StepE_Enter 25QNI3BV
2025-03-18 00:21:56,560 - INFO - StepE_Exit 25QNI3BV
2025-03-18 00:21:56,720 - INFO - StepE_Enter WIX5G22F
2025-03-18 00:21:56,754 - INFO - StepE_Exit WIX5G22F
2025-03-18 00:21:56,844 - INFO - StepE_Enter J3N80BXO
2025-03-18 00:21:56,875 - INFO - StepE_Exit J3N80BXO
2025-03-18 00:21:56,973 - INFO - StepE_Enter 2J0DILH8
2025-03-18 00:21:57,007 - INFO - StepE_Exit 2J0DILH8
2025-03-18 00:21:57,367 - INFO - StepE_Enter 52YQ5169
2025-03-18 00:21:57,394 - INFO - StepE_Exit 52YQ5169
2025-03-18 00:21:57,482 - INFO - StepE_Enter MYRA8Q66
2025-03-18 00:21:57,514 - INFO - StepE_Exit MYRA8Q66
2025-03-18 00:21:57,943 - INFO - StepE_Enter 9SZ9V84E
2025-03-18 00:21:57,976 - INFO - StepE_Exit 9SZ9V84E
2025-03-18 00:21:57,996 - INFO - StepE_Enter 02NLG43T
2025-03-18 00:21:58,028 - INFO - StepE_Exit 02NLG43T
2025-03-18 00:21:58,047 - INFO - StepE_Enter W3AUXL1O
2025-03-18 00:21:58,079 - INFO - StepE_Exit W3AUXL1O
2025-03-18 00:21:58,112 - INFO - StepE_Enter CJRZK9YS
2025-03-18 00:21:58,146 - INFO - StepE_Exit CJRZK9YS
2025-03-18 00:21:58,190 - INFO - StepE_Enter IJGN6T71
2025-03-18 00:21:58,224 - INFO - StepE_Exit IJGN6T71
2025-03-18 00:21:58,372 - INFO - StepE_Enter K0X7A9VB
2025-03-18 00:21:58,406 - INFO - StepE_Exit K0X7A9VB
2025-03-18 00:21:58,505 - INFO - StepE_Enter RLTCFWJN
2025-03-18 00:21:58,536 - INFO - StepE_Exit RLTCFWJN
2025-03-18 00:21:58,630 - INFO - StepE_Enter 0LOSN17V
2025-03-18 00:21:58,661 - INFO - StepE_Exit 0LOSN17V
2025-03-18 00:21:58,689 - INFO - StepE_Enter 5PFJE70O
2025-03-18 00:21:58,719 - INFO - StepE_Exit 5PFJE70O
2025-03-18 00:21:58,758 - INFO - StepE_Enter B3LDNYE2
2025-03-18 00:21:58,789 - INFO - StepE_Exit B3LDNYE2
2025-03-18 00:21:59,008 - INFO - StepE_Enter CEBOKNSB
2025-03-18 00:21:59,042 - INFO - StepE_Exit CEBOKNSB
2025-03-18 00:21:59,201 - INFO - StepE_Enter 0FWXRVKO
2025-03-18 00:21:59,236 - INFO - StepE_Exit 0FWXRVKO
2025-03-18 00:21:59,323 - INFO - StepE_Enter CGB4X9EJ
2025-03-18 00:21:59,357 - INFO - StepE_Exit CGB4X9EJ
2025-03-18 00:21:59,452 - INFO - StepE_Enter BDRJV44U
2025-03-18 00:21:59,485 - INFO - StepE_Exit BDRJV44U
2025-03-18 00:21:59,580 - INFO - StepE_Enter PTKQCVZV
2025-03-18 00:21:59,612 - INFO - StepE_Exit PTKQCVZV
2025-03-18 00:21:59,704 - INFO - StepE_Enter NFWJNTYF
2025-03-18 00:21:59,739 - INFO - StepE_Exit NFWJNTYF
2025-03-18 00:22:00,340 - INFO - StepE_Enter XABRUN12
2025-03-18 00:22:00,375 - INFO - StepE_Exit XABRUN12
2025-03-18 00:22:00,478 - INFO - StepE_Enter 2GKH4371
2025-03-18 00:22:00,511 - INFO - StepE_Exit 2GKH4371
2025-03-18 00:22:00,523 - INFO - StepE_Enter 5K0GAKGU
2025-03-18 00:22:00,557 - INFO - StepE_Exit 5K0GAKGU
2025-03-18 00:22:01,301 - INFO - StepE_Enter KQI7ZEII
2025-03-18 00:22:01,347 - INFO - StepE_Exit KQI7ZEII
2025-03-18 00:22:01,918 - INFO - StepE_Enter R13ELJAV
2025-03-18 00:22:01,950 - INFO - StepE_Exit R13ELJAV
2025-03-18 00:22:02,118 - INFO - StepE_Enter 4RKUBZ8J
2025-03-18 00:22:02,154 - INFO - StepE_Exit 4RKUBZ8J
2025-03-18 00:22:02,179 - INFO - StepE_Enter QUA6N732
2025-03-18 00:22:02,214 - INFO - StepE_Exit QUA6N732
2025-03-18 00:22:02,422 - INFO - StepE_Enter 5Y4120SA
2025-03-18 00:22:02,454 - INFO - StepE_Exit 5Y4120SA
2025-03-18 00:22:02,626 - INFO - StepE_Enter MO6X2EKL
2025-03-18 00:22:02,660 - INFO - StepE_Exit MO6X2EKL
2025-03-18 00:22:02,765 - INFO - StepE_Enter Z35YHIE0
2025-03-18 00:22:02,798 - INFO - StepE_Exit Z35YHIE0
2025-03-18 00:22:03,313 - INFO - StepE_Enter Y519JASX
2025-03-18 00:22:03,345 - INFO - StepE_Exit Y519JASX
2025-03-18 00:22:03,501 - INFO - StepE_Enter RSC1L7V2
2025-03-18 00:22:03,535 - INFO - StepE_Exit RSC1L7V2
2025-03-18 00:22:03,706 - INFO - StepE_Enter A4DRY3OW
2025-03-18 00:22:03,736 - INFO - StepE_Exit A4DRY3OW
2025-03-18 00:22:04,210 - INFO - StepE_Enter 3FDUIL52
2025-03-18 00:22:04,244 - INFO - StepE_Exit 3FDUIL52
2025-03-18 00:22:04,274 - INFO - StepE_Enter UDNNAE73
2025-03-18 00:22:04,306 - INFO - StepE_Exit UDNNAE73
2025-03-18 00:22:04,334 - INFO - StepE_Enter 4IQBSH9V
2025-03-18 00:22:04,366 - INFO - StepE_Exit 4IQBSH9V
2025-03-18 00:22:04,405 - INFO - StepE_Enter C4CCL2M5
2025-03-18 00:22:04,438 - INFO - StepE_Exit C4CCL2M5
2025-03-18 00:22:04,529 - INFO - StepE_Enter VR71UTOJ
2025-03-18 00:22:04,562 - INFO - StepE_Exit VR71UTOJ
2025-03-18 00:22:04,785 - INFO - StepE_Enter RSIFLC4L
2025-03-18 00:22:04,817 - INFO - StepE_Exit RSIFLC4L
2025-03-18 00:22:05,024 - INFO - StepE_Enter R7JBNQ47
2025-03-18 00:22:05,057 - INFO - StepE_Exit R7JBNQ47
2025-03-18 00:22:05,339 - INFO - StepE_Enter KAIFV1P7
2025-03-18 00:22:05,371 - INFO - StepE_Exit KAIFV1P7
2025-03-18 00:22:05,404 - INFO - StepE_Enter 4HJKDNQR
2025-03-18 00:22:05,433 - INFO - StepE_Exit 4HJKDNQR
2025-03-18 00:22:05,476 - INFO - StepE_Enter QBZYJJ9O
2025-03-18 00:22:05,508 - INFO - StepE_Exit QBZYJJ9O
2025-03-18 00:22:05,669 - INFO - StepE_Enter Q68L22IK
2025-03-18 00:22:05,701 - INFO - StepE_Exit Q68L22IK
2025-03-18 00:22:05,719 - INFO - StepE_Enter 5NQI8926
2025-03-18 00:22:05,753 - INFO - StepE_Exit 5NQI8926
2025-03-18 00:22:05,911 - INFO - StepE_Enter B4GOCYP2
2025-03-18 00:22:05,944 - INFO - StepE_Exit B4GOCYP2
2025-03-18 00:22:05,983 - INFO - StepE_Enter UH48XNTJ
2025-03-18 00:22:06,019 - INFO - StepE_Exit UH48XNTJ
2025-03-18 00:22:06,115 - INFO - StepE_Enter 0VXPQ80W
2025-03-18 00:22:06,149 - INFO - StepE_Exit 0VXPQ80W
2025-03-18 00:22:06,366 - INFO - StepE_Enter JR4BD2FM
2025-03-18 00:22:06,395 - INFO - StepE_Exit JR4BD2FM
2025-03-18 00:22:06,484 - INFO - StepE_Enter 5C4VW4JV
2025-03-18 00:22:06,514 - INFO - StepE_Exit 5C4VW4JV
2025-03-18 00:22:06,550 - INFO - StepE_Enter 4D7BV0TL
2025-03-18 00:22:06,581 - INFO - StepE_Exit 4D7BV0TL
2025-03-18 00:22:06,807 - INFO - StepE_Enter 5RZB3FTR
2025-03-18 00:22:06,838 - INFO - StepE_Exit 5RZB3FTR
2025-03-18 00:22:06,873 - INFO - StepE_Enter PFOC1Q02
2025-03-18 00:22:06,903 - INFO - StepE_Exit PFOC1Q02
2025-03-18 00:22:06,995 - INFO - StepE_Enter 9IVQ23G1
2025-03-18 00:22:07,025 - INFO - StepE_Exit 9IVQ23G1
2025-03-18 00:22:07,185 - INFO - StepE_Enter 2SA1NXIP
2025-03-18 00:22:07,217 - INFO - StepE_Exit 2SA1NXIP
2025-03-18 00:22:07,248 - INFO - StepE_Enter XCRA039P
2025-03-18 00:22:07,279 - INFO - StepE_Exit XCRA039P
2025-03-18 00:22:07,821 - INFO - StepE_Enter PJPI1SHZ
2025-03-18 00:22:07,857 - INFO - StepE_Exit PJPI1SHZ
2025-03-18 00:22:08,148 - INFO - StepE_Enter ZNAFP3YA
2025-03-18 00:22:08,180 - INFO - StepE_Exit ZNAFP3YA
2025-03-18 00:22:08,454 - INFO - StepE_Enter PWT91RPX
2025-03-18 00:22:08,486 - INFO - StepE_Exit PWT91RPX
2025-03-18 00:22:08,533 - INFO - StepE_Enter U3V920YH
2025-03-18 00:22:08,568 - INFO - StepE_Exit U3V920YH
2025-03-18 00:22:08,591 - INFO - StepE_Enter TXKIUK9L
2025-03-18 00:22:08,624 - INFO - StepE_Exit TXKIUK9L
2025-03-18 00:22:08,708 - INFO - StepE_Enter HLBXCON1
2025-03-18 00:22:08,742 - INFO - StepE_Exit HLBXCON1
2025-03-18 00:22:08,903 - INFO - StepE_Enter CQ9ZR8X8
2025-03-18 00:22:08,934 - INFO - StepE_Exit CQ9ZR8X8
2025-03-18 00:22:08,962 - INFO - StepE_Enter UZO4WDZP
2025-03-18 00:22:08,996 - INFO - StepE_Exit UZO4WDZP
2025-03-18 00:22:09,028 - INFO - StepE_Enter BQ7R3ZPI
2025-03-18 00:22:09,062 - INFO - StepE_Exit BQ7R3ZPI
2025-03-18 00:22:09,665 - INFO - StepE_Enter BMHIK7UZ
2025-03-18 00:22:09,696 - INFO - StepE_Exit BMHIK7UZ
2025-03-18 00:22:10,109 - INFO - StepE_Enter PRKURZU0
2025-03-18 00:22:10,140 - INFO - StepE_Exit PRKURZU0
2025-03-18 00:22:10,490 - INFO - StepE_Enter 5H0RXLWW
2025-03-18 00:22:10,519 - INFO - StepE_Exit 5H0RXLWW
2025-03-18 00:22:10,611 - INFO - StepE_Enter Y3KE06F1
2025-03-18 00:22:10,640 - INFO - StepE_Exit Y3KE06F1
2025-03-18 00:22:10,813 - INFO - StepE_Enter 59JQQQTF
2025-03-18 00:22:10,843 - INFO - StepE_Exit 59JQQQTF
2025-03-18 00:22:10,998 - INFO - StepE_Enter RAK9E25M
2025-03-18 00:22:11,031 - INFO - StepE_Exit RAK9E25M
2025-03-18 00:22:11,121 - INFO - StepE_Enter T15G0BUO
2025-03-18 00:22:11,154 - INFO - StepE_Exit T15G0BUO
2025-03-18 00:22:11,450 - INFO - StepE_Enter 8LFRYUY5
2025-03-18 00:22:11,484 - INFO - StepE_Exit 8LFRYUY5
2025-03-18 00:22:11,517 - INFO - StepE_Enter EEW0PIOO
2025-03-18 00:22:11,549 - INFO - StepE_Exit EEW0PIOO
2025-03-18 00:22:11,767 - INFO - StepE_Enter 8W871CYD
2025-03-18 00:22:11,798 - INFO - StepE_Exit 8W871CYD
2025-03-18 00:22:12,269 - INFO - StepE_Enter UKC48ZFE
2025-03-18 00:22:12,303 - INFO - StepE_Exit UKC48ZFE
2025-03-18 00:22:12,327 - INFO - StepE_Enter 90JXL937
2025-03-18 00:22:12,358 - INFO - StepE_Exit 90JXL937
2025-03-18 00:22:12,715 - INFO - StepE_Enter 881IUAPQ
2025-03-18 00:22:12,746 - INFO - StepE_Exit 881IUAPQ
2025-03-18 00:22:12,777 - INFO - StepE_Enter GLOVH7NT
2025-03-18 00:22:12,809 - INFO - StepE_Exit GLOVH7NT
2025-03-18 00:22:12,833 - INFO - StepE_Enter QH5YG606
2025-03-18 00:22:12,867 - INFO - StepE_Exit QH5YG606
2025-03-18 00:22:13,097 - INFO - StepE_Enter 6HNZ5D14
2025-03-18 00:22:13,133 - INFO - StepE_Exit 6HNZ5D14
2025-03-18 00:22:13,344 - INFO - StepE_Enter 0OWLWWOI
2025-03-18 00:22:13,378 - INFO - StepE_Exit 0OWLWWOI
2025-03-18 00:22:13,408 - INFO - StepE_Enter ROPUM6QW
2025-03-18 00:22:13,447 - INFO - StepE_Exit ROPUM6QW
2025-03-18 00:22:13,795 - INFO - StepE_Enter 8X8TE04M
2025-03-18 00:22:13,828 - INFO - StepE_Exit 8X8TE04M
2025-03-18 00:22:13,981 - INFO - StepE_Enter YMR1XNMI
2025-03-18 00:22:14,014 - INFO - StepE_Exit YMR1XNMI
2025-03-18 00:22:14,051 - INFO - StepE_Enter 3MZ8FVC7
2025-03-18 00:22:14,091 - INFO - StepE_Exit 3MZ8FVC7
2025-03-18 00:22:14,180 - INFO - StepE_Enter HBGHJCS5
2025-03-18 00:22:14,212 - INFO - StepE_Exit HBGHJCS5
2025-03-18 00:22:14,244 - INFO - StepE_Enter W106QEEO
2025-03-18 00:22:14,277 - INFO - StepE_Exit W106QEEO
2025-03-18 00:22:14,554 - INFO - StepE_Enter 9OGPIM2T
2025-03-18 00:22:14,588 - INFO - StepE_Exit 9OGPIM2T
2025-03-18 00:22:15,175 - INFO - StepE_Enter 88EXCPH6
2025-03-18 00:22:15,208 - INFO - StepE_Exit 88EXCPH6
2025-03-18 00:22:15,378 - INFO - StepE_Enter 2QSF25M5
2025-03-18 00:22:15,416 - INFO - StepE_Exit 2QSF25M5
2025-03-18 00:22:15,428 - INFO - StepE_Enter FFAFYGR0
2025-03-18 00:22:15,461 - INFO - StepE_Exit FFAFYGR0
2025-03-18 00:22:15,489 - INFO - StepE_Enter T1SEJONL
2025-03-18 00:22:15,520 - INFO - StepE_Exit T1SEJONL
2025-03-18 00:22:15,620 - INFO - StepE_Enter 0HSE7GCA
2025-03-18 00:22:15,652 - INFO - StepE_Exit 0HSE7GCA
2025-03-18 00:22:15,759 - INFO - StepE_Enter LAZTZBDA
2025-03-18 00:22:15,790 - INFO - StepE_Exit LAZTZBDA
2025-03-18 00:22:15,819 - INFO - StepE_Enter 9ZJBWSSG
2025-03-18 00:22:15,853 - INFO - StepE_Exit 9ZJBWSSG
2025-03-18 00:22:15,953 - INFO - StepE_Enter G7MUTN7K
2025-03-18 00:22:15,986 - INFO - StepE_Exit G7MUTN7K
2025-03-18 00:22:16,125 - INFO - StepE_Enter IFDCB36S
2025-03-18 00:22:16,157 - INFO - StepE_Exit IFDCB36S
2025-03-18 00:22:16,325 - INFO - StepE_Enter XWBYHE9P
2025-03-18 00:22:16,358 - INFO - StepE_Exit XWBYHE9P
2025-03-18 00:22:16,505 - INFO - StepE_Enter PJ92PBK3
2025-03-18 00:22:16,541 - INFO - StepE_Exit PJ92PBK3
2025-03-18 00:22:16,567 - INFO - StepE_Enter WJ4D6KSK
2025-03-18 00:22:16,599 - INFO - StepE_Exit WJ4D6KSK
2025-03-18 00:22:16,759 - INFO - StepE_Enter 1IMLAGAM
2025-03-18 00:22:16,791 - INFO - StepE_Exit 1IMLAGAM
2025-03-18 00:22:17,009 - INFO - StepE_Enter N2L751YH
2025-03-18 00:22:17,044 - INFO - StepE_Exit N2L751YH
2025-03-18 00:22:17,149 - INFO - StepE_Enter FVVE96RN
2025-03-18 00:22:17,180 - INFO - StepE_Exit FVVE96RN
2025-03-18 00:22:17,402 - INFO - StepE_Enter WHBG6S3J
2025-03-18 00:22:17,435 - INFO - StepE_Exit WHBG6S3J
2025-03-18 00:22:17,711 - INFO - StepE_Enter G4RK3QBS
2025-03-18 00:22:17,744 - INFO - StepE_Exit G4RK3QBS
2025-03-18 00:22:17,908 - INFO - StepE_Enter 1EP0RXYF
2025-03-18 00:22:17,938 - INFO - StepE_Exit 1EP0RXYF
2025-03-18 00:22:18,238 - INFO - StepE_Enter EX38AER2
2025-03-18 00:22:18,273 - INFO - StepE_Exit EX38AER2
2025-03-18 00:22:18,289 - INFO - StepE_Enter EYAEJM89
2025-03-18 00:22:18,321 - INFO - StepE_Exit EYAEJM89
2025-03-18 00:22:18,348 - INFO - StepE_Enter XLTJINC2
2025-03-18 00:22:18,377 - INFO - StepE_Exit XLTJINC2
2025-03-18 00:22:18,489 - INFO - StepE_Enter D1QQY17M
2025-03-18 00:22:18,519 - INFO - StepE_Exit D1QQY17M
2025-03-18 00:22:18,551 - INFO - StepE_Enter P5N7TUM8
2025-03-18 00:22:18,582 - INFO - StepE_Exit P5N7TUM8
2025-03-18 00:22:18,602 - INFO - StepE_Enter KEAWU8NP
2025-03-18 00:22:18,634 - INFO - StepE_Exit KEAWU8NP
2025-03-18 00:22:18,665 - INFO - StepE_Enter DYMOD73S
2025-03-18 00:22:18,697 - INFO - StepE_Exit DYMOD73S
2025-03-18 00:22:18,796 - INFO - StepE_Enter 9JVA1ZD0
2025-03-18 00:22:18,826 - INFO - StepE_Exit 9JVA1ZD0
2025-03-18 00:22:19,174 - INFO - StepE_Enter 7L88VGG6
2025-03-18 00:22:19,206 - INFO - StepE_Exit 7L88VGG6
2025-03-18 00:22:19,367 - INFO - StepE_Enter 89NGRH5H
2025-03-18 00:22:19,396 - INFO - StepE_Exit 89NGRH5H
2025-03-18 00:22:19,502 - INFO - StepE_Enter CJ5XF898
2025-03-18 00:22:19,534 - INFO - StepE_Exit CJ5XF898
2025-03-18 00:22:19,564 - INFO - StepE_Enter S88YPWV2
2025-03-18 00:22:19,596 - INFO - StepE_Exit S88YPWV2
2025-03-18 00:22:19,628 - INFO - StepE_Enter DMBLK010
2025-03-18 00:22:19,660 - INFO - StepE_Exit DMBLK010
2025-03-18 00:22:19,692 - INFO - StepE_Enter D3IEN1LM
2025-03-18 00:22:19,722 - INFO - StepE_Exit D3IEN1LM
2025-03-18 00:22:19,751 - INFO - StepE_Enter 7MIPVL8T
2025-03-18 00:22:19,783 - INFO - StepE_Exit 7MIPVL8T
2025-03-18 00:22:19,872 - INFO - StepE_Enter OF4F949C
2025-03-18 00:22:19,909 - INFO - StepE_Exit OF4F949C
2025-03-18 00:22:19,997 - INFO - StepE_Enter 3ZBA0NCI
2025-03-18 00:22:20,028 - INFO - StepE_Exit 3ZBA0NCI
2025-03-18 00:22:20,123 - INFO - StepE_Enter YQ325TGI
2025-03-18 00:22:20,153 - INFO - StepE_Exit YQ325TGI
2025-03-18 00:22:20,324 - INFO - StepE_Enter H7UUNROW
2025-03-18 00:22:20,355 - INFO - StepE_Exit H7UUNROW
2025-03-18 00:22:20,517 - INFO - StepE_Enter B7JV7FWQ
2025-03-18 00:22:20,548 - INFO - StepE_Exit B7JV7FWQ
2025-03-18 00:22:20,574 - INFO - StepE_Enter C6UL2D5G
2025-03-18 00:22:20,602 - INFO - StepE_Exit C6UL2D5G
2025-03-18 00:22:20,897 - INFO - StepE_Enter T1PJLYED
2025-03-18 00:22:20,927 - INFO - StepE_Exit T1PJLYED
2025-03-18 00:22:21,013 - INFO - StepE_Enter HS7EWTUK
2025-03-18 00:22:21,042 - INFO - StepE_Exit HS7EWTUK
2025-03-18 00:22:21,075 - INFO - StepE_Enter C31N4DN1
2025-03-18 00:22:21,107 - INFO - StepE_Exit C31N4DN1
2025-03-18 00:22:21,150 - INFO - StepE_Enter GPXZ3JNE
2025-03-18 00:22:21,179 - INFO - StepE_Exit GPXZ3JNE
2025-03-18 00:22:21,327 - INFO - StepE_Enter QKL3CBG2
2025-03-18 00:22:21,359 - INFO - StepE_Exit QKL3CBG2
2025-03-18 00:22:21,520 - INFO - StepE_Enter GOPMTDPS
2025-03-18 00:22:21,552 - INFO - StepE_Exit GOPMTDPS
2025-03-18 00:22:22,091 - INFO - StepE_Enter CA5PG2Z2
2025-03-18 00:22:22,121 - INFO - StepE_Exit CA5PG2Z2
2025-03-18 00:22:22,234 - INFO - StepE_Enter A3OXEL8P
2025-03-18 00:22:22,263 - INFO - StepE_Exit A3OXEL8P
2025-03-18 00:22:22,350 - INFO - StepE_Enter AHZB69ID
2025-03-18 00:22:22,379 - INFO - StepE_Exit AHZB69ID
2025-03-18 00:22:22,544 - INFO - StepE_Enter 4LYA72SJ
2025-03-18 00:22:22,574 - INFO - StepE_Exit 4LYA72SJ
2025-03-18 00:22:22,663 - INFO - StepE_Enter LMO17DJQ
2025-03-18 00:22:22,698 - INFO - StepE_Exit LMO17DJQ
2025-03-18 00:22:23,367 - INFO - StepE_Enter M79DR5Y2
2025-03-18 00:22:23,395 - INFO - StepE_Exit M79DR5Y2
2025-03-18 00:22:23,504 - INFO - StepE_Enter ILQK0VJF
2025-03-18 00:22:23,536 - INFO - StepE_Exit ILQK0VJF
2025-03-18 00:22:24,002 - INFO - StepE_Enter P1FVLCWC
2025-03-18 00:22:24,031 - INFO - StepE_Exit P1FVLCWC
2025-03-18 00:22:24,382 - INFO - StepE_Enter WAKJJEBS
2025-03-18 00:22:24,412 - INFO - StepE_Exit WAKJJEBS
2025-03-18 00:22:24,445 - INFO - StepE_Enter 32OVL24R
2025-03-18 00:22:24,474 - INFO - StepE_Exit 32OVL24R
2025-03-18 00:22:24,568 - INFO - StepE_Enter MX8ZF42X
2025-03-18 00:22:24,600 - INFO - StepE_Exit MX8ZF42X
2025-03-18 00:22:24,637 - INFO - StepE_Enter IVVJN4ML
2025-03-18 00:22:24,666 - INFO - StepE_Exit IVVJN4ML
2025-03-18 00:22:24,690 - INFO - StepE_Enter GNT0Z1QO
2025-03-18 00:22:24,719 - INFO - StepE_Exit GNT0Z1QO
2025-03-18 00:22:24,771 - INFO - StepE_Enter OHCK5B4U
2025-03-18 00:22:24,806 - INFO - StepE_Exit OHCK5B4U
2025-03-18 00:22:24,826 - INFO - StepE_Enter 0GY0J6AV
2025-03-18 00:22:24,858 - INFO - StepE_Exit 0GY0J6AV
2025-03-18 00:22:25,148 - INFO - StepE_Enter S0UVMA67
2025-03-18 00:22:25,178 - INFO - StepE_Exit S0UVMA67
2025-03-18 00:22:25,206 - INFO - StepE_Enter CKDJT96W
2025-03-18 00:22:25,237 - INFO - StepE_Exit CKDJT96W
2025-03-18 00:22:25,453 - INFO - StepE_Enter JR25TRRH
2025-03-18 00:22:25,486 - INFO - StepE_Exit JR25TRRH
2025-03-18 00:22:25,517 - INFO - StepE_Enter HMWJIS3A
2025-03-18 00:22:25,547 - INFO - StepE_Exit HMWJIS3A
2025-03-18 00:22:25,579 - INFO - StepE_Enter TAMNT2HU
2025-03-18 00:22:25,613 - INFO - StepE_Exit TAMNT2HU
2025-03-18 00:22:25,906 - INFO - StepE_Enter ZQ4ZWLSW
2025-03-18 00:22:25,937 - INFO - StepE_Exit ZQ4ZWLSW
2025-03-18 00:22:26,290 - INFO - StepE_Enter 59VGZ3VJ
2025-03-18 00:22:26,325 - INFO - StepE_Exit 59VGZ3VJ
2025-03-18 00:22:26,341 - INFO - StepE_Enter 3LLBK1J6
2025-03-18 00:22:26,372 - INFO - StepE_Exit 3LLBK1J6
2025-03-18 00:22:26,402 - INFO - StepE_Enter AK3OOY53
2025-03-18 00:22:26,435 - INFO - StepE_Exit AK3OOY53
2025-03-18 00:22:26,469 - INFO - StepE_Enter LVTHN7LE
2025-03-18 00:22:26,500 - INFO - StepE_Exit LVTHN7LE
2025-03-18 00:22:26,531 - INFO - StepE_Enter 15FP32HM
2025-03-18 00:22:26,565 - INFO - StepE_Exit 15FP32HM
2025-03-18 00:22:26,784 - INFO - StepE_Enter PTSTL6Z3
2025-03-18 00:22:26,817 - INFO - StepE_Exit PTSTL6Z3
2025-03-18 00:22:26,858 - INFO - StepE_Enter 69M7HZBV
2025-03-18 00:22:26,901 - INFO - StepE_Exit 69M7HZBV
2025-03-18 00:22:26,987 - INFO - StepE_Enter D60NYHY1
2025-03-18 00:22:27,026 - INFO - StepE_Exit D60NYHY1
2025-03-18 00:22:27,048 - INFO - StepE_Enter W32RUEFL
2025-03-18 00:22:27,084 - INFO - StepE_Exit W32RUEFL
2025-03-18 00:22:27,111 - INFO - StepE_Enter OUO2KR3J
2025-03-18 00:22:27,142 - INFO - StepE_Exit OUO2KR3J
2025-03-18 00:22:27,168 - INFO - StepE_Enter QV6D6JH7
2025-03-18 00:22:27,200 - INFO - StepE_Exit QV6D6JH7
2025-03-18 00:22:27,309 - INFO - StepE_Enter X8OD7C32
2025-03-18 00:22:27,341 - INFO - StepE_Exit X8OD7C32
2025-03-18 00:22:27,366 - INFO - StepE_Enter R1YW8DLP
2025-03-18 00:22:27,404 - INFO - StepE_Exit R1YW8DLP
2025-03-18 00:22:27,549 - INFO - StepE_Enter QO1KPDSW
2025-03-18 00:22:27,581 - INFO - StepE_Exit QO1KPDSW
2025-03-18 00:22:27,671 - INFO - StepE_Enter 0ID1J5DX
2025-03-18 00:22:27,704 - INFO - StepE_Exit 0ID1J5DX
2025-03-18 00:22:28,307 - INFO - StepE_Enter ND4VAWIW
2025-03-18 00:22:28,344 - INFO - StepE_Exit ND4VAWIW
2025-03-18 00:22:28,685 - INFO - StepE_Enter 9GTX8ZYL
2025-03-18 00:22:28,725 - INFO - StepE_Exit 9GTX8ZYL
2025-03-18 00:22:28,880 - INFO - StepE_Enter XYBGYZ48
2025-03-18 00:22:28,911 - INFO - StepE_Exit XYBGYZ48
2025-03-18 00:22:29,339 - INFO - StepE_Enter H0ZIN79E
2025-03-18 00:22:29,368 - INFO - StepE_Exit H0ZIN79E
2025-03-18 00:22:29,459 - INFO - StepE_Enter 0RWXD6N5
2025-03-18 00:22:29,492 - INFO - StepE_Exit 0RWXD6N5
2025-03-18 00:22:29,514 - INFO - StepE_Enter SBWEPQMV
2025-03-18 00:22:29,550 - INFO - StepE_Exit SBWEPQMV
2025-03-18 00:22:29,635 - INFO - StepE_Enter LCUFY784
2025-03-18 00:22:29,665 - INFO - StepE_Exit LCUFY784
2025-03-18 00:22:29,909 - INFO - StepE_Enter 5HQVVFDU
2025-03-18 00:22:29,943 - INFO - StepE_Exit 5HQVVFDU
2025-03-18 00:22:30,031 - INFO - StepE_Enter Y8E1MMSC
2025-03-18 00:22:30,062 - INFO - StepE_Exit Y8E1MMSC
2025-03-18 00:22:30,160 - INFO - StepE_Enter BFPGBV5N
2025-03-18 00:22:30,190 - INFO - StepE_Exit BFPGBV5N
2025-03-18 00:22:30,413 - INFO - StepE_Enter 220JRJEQ
2025-03-18 00:22:30,445 - INFO - StepE_Exit 220JRJEQ
2025-03-18 00:22:30,744 - INFO - StepE_Enter YP0AWQFZ
2025-03-18 00:22:30,775 - INFO - StepE_Exit YP0AWQFZ
2025-03-18 00:22:31,125 - INFO - StepE_Enter UI9307DO
2025-03-18 00:22:31,158 - INFO - StepE_Exit UI9307DO
2025-03-18 00:22:31,306 - INFO - StepE_Enter ODZGTE4K
2025-03-18 00:22:31,335 - INFO - StepE_Exit ODZGTE4K
2025-03-18 00:22:31,560 - INFO - StepE_Enter 3HU8ZN3G
2025-03-18 00:22:31,590 - INFO - StepE_Exit 3HU8ZN3G
2025-03-18 00:22:31,811 - INFO - StepE_Enter UXLMSELL
2025-03-18 00:22:31,842 - INFO - StepE_Exit UXLMSELL
2025-03-18 00:22:31,869 - INFO - StepE_Enter KMYN56BR
2025-03-18 00:22:31,900 - INFO - StepE_Exit KMYN56BR
2025-03-18 00:22:31,936 - INFO - StepE_Enter 8EZPD4ET
2025-03-18 00:22:31,967 - INFO - StepE_Exit 8EZPD4ET
2025-03-18 00:22:32,120 - INFO - StepE_Enter ZC66C4PC
2025-03-18 00:22:32,151 - INFO - StepE_Exit ZC66C4PC
2025-03-18 00:22:32,201 - INFO - StepE_Enter 0LR3W0W0
2025-03-18 00:22:32,231 - INFO - StepE_Exit 0LR3W0W0
2025-03-18 00:22:32,440 - INFO - StepE_Enter A6116KEQ
2025-03-18 00:22:32,469 - INFO - StepE_Exit A6116KEQ
2025-03-18 00:22:32,565 - INFO - StepE_Enter 5V4C8OQM
2025-03-18 00:22:32,594 - INFO - StepE_Exit 5V4C8OQM
2025-03-18 00:22:32,691 - INFO - StepE_Enter K3EECZAS
2025-03-18 00:22:32,721 - INFO - StepE_Exit K3EECZAS
2025-03-18 00:22:32,821 - INFO - StepE_Enter IJDP8PX6
2025-03-18 00:22:32,851 - INFO - StepE_Exit IJDP8PX6
2025-03-18 00:22:32,941 - INFO - StepE_Enter K6F5LUKP
2025-03-18 00:22:32,971 - INFO - StepE_Exit K6F5LUKP
2025-03-18 00:22:33,008 - INFO - StepE_Enter 2LSYLHQG
2025-03-18 00:22:33,039 - INFO - StepE_Exit 2LSYLHQG
2025-03-18 00:22:33,135 - INFO - StepE_Enter EJT8I24T
2025-03-18 00:22:33,166 - INFO - StepE_Exit EJT8I24T
2025-03-18 00:22:33,583 - INFO - StepE_Enter LXU4KJS4
2025-03-18 00:22:33,614 - INFO - StepE_Exit LXU4KJS4
2025-03-18 00:22:33,643 - INFO - StepE_Enter T7I84UEH
2025-03-18 00:22:33,674 - INFO - StepE_Exit T7I84UEH
2025-03-18 00:22:33,707 - INFO - StepE_Enter 2ICM1BAQ
2025-03-18 00:22:33,738 - INFO - StepE_Exit 2ICM1BAQ
2025-03-18 00:22:33,908 - INFO - StepE_Enter TGJQWHAA
2025-03-18 00:22:33,938 - INFO - StepE_Exit TGJQWHAA
2025-03-18 00:22:33,959 - INFO - StepE_Enter MNJZ43SP
2025-03-18 00:22:33,992 - INFO - StepE_Exit MNJZ43SP
2025-03-18 00:22:34,163 - INFO - StepE_Enter SVUZUWBG
2025-03-18 00:22:34,195 - INFO - StepE_Exit SVUZUWBG
2025-03-18 00:22:34,469 - INFO - StepE_Enter OY794SFO
2025-03-18 00:22:34,505 - INFO - StepE_Exit OY794SFO
2025-03-18 00:22:34,601 - INFO - StepE_Enter PGG4W44T
2025-03-18 00:22:34,638 - INFO - StepE_Exit PGG4W44T
2025-03-18 00:22:34,975 - INFO - StepE_Enter O6GI2UU1
2025-03-18 00:22:35,006 - INFO - StepE_Exit O6GI2UU1
2025-03-18 00:22:35,104 - INFO - StepE_Enter CAYYHP9M
2025-03-18 00:22:35,138 - INFO - StepE_Exit CAYYHP9M
2025-03-18 00:22:35,542 - INFO - StepE_Enter 7E3AG3HD
2025-03-18 00:22:35,571 - INFO - StepE_Exit 7E3AG3HD
2025-03-18 00:22:35,866 - INFO - StepE_Enter J0O97E3B
2025-03-18 00:22:35,897 - INFO - StepE_Exit J0O97E3B
2025-03-18 00:22:35,986 - INFO - StepE_Enter 08RZG218
2025-03-18 00:22:36,017 - INFO - StepE_Exit 08RZG218
2025-03-18 00:22:36,308 - INFO - StepE_Enter 2DB6QF74
2025-03-18 00:22:36,343 - INFO - StepE_Exit 2DB6QF74
2025-03-18 00:22:36,377 - INFO - StepE_Enter 8DCS89MT
2025-03-18 00:22:36,406 - INFO - StepE_Exit 8DCS89MT
2025-03-18 00:22:36,826 - INFO - StepE_Enter MP0PRZAM
2025-03-18 00:22:36,864 - INFO - StepE_Exit MP0PRZAM
2025-03-18 00:22:36,948 - INFO - StepE_Enter RXQFYNAV
2025-03-18 00:22:36,980 - INFO - StepE_Exit RXQFYNAV
2025-03-18 00:22:37,075 - INFO - StepE_Enter OWXIUSWO
2025-03-18 00:22:37,107 - INFO - StepE_Exit OWXIUSWO
2025-03-18 00:22:37,328 - INFO - StepE_Enter SSOY5Q5V
2025-03-18 00:22:37,360 - INFO - StepE_Exit SSOY5Q5V
2025-03-18 00:22:37,646 - INFO - StepE_Enter OQIV3N33
2025-03-18 00:22:37,678 - INFO - StepE_Exit OQIV3N33
2025-03-18 00:22:37,963 - INFO - StepE_Enter 3HLJMN6V
2025-03-18 00:22:37,998 - INFO - StepE_Exit 3HLJMN6V
2025-03-18 00:22:38,036 - INFO - StepE_Enter OZHLOB4K
2025-03-18 00:22:38,068 - INFO - StepE_Exit OZHLOB4K
2025-03-18 00:22:38,489 - INFO - StepE_Enter DMUBNM8D
2025-03-18 00:22:38,521 - INFO - StepE_Exit DMUBNM8D
2025-03-18 00:22:38,601 - INFO - StepE_Enter R2KUGH8F
2025-03-18 00:22:38,632 - INFO - StepE_Exit R2KUGH8F
2025-03-18 00:22:38,722 - INFO - StepE_Enter M344ZDU8
2025-03-18 00:22:38,759 - INFO - StepE_Exit M344ZDU8
2025-03-18 00:22:39,114 - INFO - StepE_Enter IY3JDM0M
2025-03-18 00:22:39,144 - INFO - StepE_Exit IY3JDM0M
2025-03-18 00:22:39,233 - INFO - StepE_Enter GP23LD50
2025-03-18 00:22:39,267 - INFO - StepE_Exit GP23LD50
2025-03-18 00:22:39,304 - INFO - StepE_Enter X90HEYN6
2025-03-18 00:22:39,340 - INFO - StepE_Exit X90HEYN6
2025-03-18 00:22:39,559 - INFO - StepE_Enter 62L4PC73
2025-03-18 00:22:39,592 - INFO - StepE_Exit 62L4PC73
2025-03-18 00:22:39,803 - INFO - StepE_Enter U4KWT73R
2025-03-18 00:22:39,834 - INFO - StepE_Exit U4KWT73R
2025-03-18 00:22:40,053 - INFO - StepE_Enter L3UBMPN7
2025-03-18 00:22:40,085 - INFO - StepE_Exit L3UBMPN7
2025-03-18 00:22:40,939 - INFO - StepE_Enter 5LAMLJGT
2025-03-18 00:22:40,972 - INFO - StepE_Exit 5LAMLJGT
2025-03-18 00:22:41,146 - INFO - StepE_Enter HSQ1TNZZ
2025-03-18 00:22:41,178 - INFO - StepE_Exit HSQ1TNZZ
2025-03-18 00:22:41,193 - INFO - StepE_Enter Y8F8BGZ6
2025-03-18 00:22:41,225 - INFO - StepE_Exit Y8F8BGZ6
2025-03-18 00:22:41,400 - INFO - StepE_Enter 35V3XBQS
2025-03-18 00:22:41,440 - INFO - StepE_Exit 35V3XBQS
2025-03-18 00:22:41,781 - INFO - StepE_Enter Z4LCFMDQ
2025-03-18 00:22:41,811 - INFO - StepE_Exit Z4LCFMDQ
2025-03-18 00:22:41,971 - INFO - StepE_Enter R0KK5PXF
2025-03-18 00:22:42,003 - INFO - StepE_Exit R0KK5PXF
2025-03-18 00:22:42,099 - INFO - StepE_Enter HRH0IRTI
2025-03-18 00:22:42,130 - INFO - StepE_Exit HRH0IRTI
2025-03-18 00:22:42,164 - INFO - StepE_Enter F7RQBYCK
2025-03-18 00:22:42,194 - INFO - StepE_Exit F7RQBYCK
2025-03-18 00:22:42,285 - INFO - StepE_Enter NYIERT2K
2025-03-18 00:22:42,315 - INFO - StepE_Exit NYIERT2K
2025-03-18 00:22:42,348 - INFO - StepE_Enter VS8W7YIA
2025-03-18 00:22:42,379 - INFO - StepE_Exit VS8W7YIA
2025-03-18 00:22:42,410 - INFO - StepE_Enter X47NDS8C
2025-03-18 00:22:42,440 - INFO - StepE_Exit X47NDS8C
2025-03-18 00:22:42,477 - INFO - StepE_Enter JSO7N2XK
2025-03-18 00:22:42,509 - INFO - StepE_Exit JSO7N2XK
2025-03-18 00:22:42,723 - INFO - StepE_Enter PTKS5648
2025-03-18 00:22:42,754 - INFO - StepE_Exit PTKS5648
2025-03-18 00:22:42,920 - INFO - StepE_Enter VXRB0ZK2
2025-03-18 00:22:42,952 - INFO - StepE_Exit VXRB0ZK2
2025-03-18 00:22:43,240 - INFO - StepE_Enter OP0968NC
2025-03-18 00:22:43,271 - INFO - StepE_Exit OP0968NC
2025-03-18 00:22:43,558 - INFO - StepE_Enter U7BBD2PE
2025-03-18 00:22:43,589 - INFO - StepE_Exit U7BBD2PE
2025-03-18 00:22:43,679 - INFO - StepE_Enter QTUPV8DX
2025-03-18 00:22:43,710 - INFO - StepE_Exit QTUPV8DX
2025-03-18 00:22:43,748 - INFO - StepE_Enter ARSQH3OU
2025-03-18 00:22:43,779 - INFO - StepE_Exit ARSQH3OU
2025-03-18 00:22:44,128 - INFO - StepE_Enter GKBXI22M
2025-03-18 00:22:44,169 - INFO - StepE_Exit GKBXI22M
