2025-04-01 02:58:08,751 - INFO - Ingress_Enter ANVH8FSJ
2025-04-01 02:58:08,753 - INFO - Ingress_Enter HQQ76RNU
2025-04-01 02:58:08,929 - INFO - Ingress_Enter IH35KXLU
2025-04-01 02:58:08,979 - INFO - Ingress_Enter PN0OX0HL
2025-04-01 02:58:09,019 - INFO - Ingress_Enter 94VSP0BQ
2025-04-01 02:58:09,289 - INFO - Ingress_Enter WP3PHGLZ
2025-04-01 02:58:09,399 - INFO - Ingress_Enter YEG0MUJM
2025-04-01 02:58:09,649 - INFO - Ingress_Enter DB387H89
2025-04-01 02:58:09,677 - INFO - Ingress_Exit HQQ76RNU
2025-04-01 02:58:09,688 - INFO - Ingress_Enter V3L5EO6D
2025-04-01 02:58:09,698 - INFO - Ingress_Enter 36YYZ0AY
2025-04-01 02:58:09,856 - INFO - Ingress_Enter I53UK46F
2025-04-01 02:58:09,894 - INFO - Ingress_Exit IH35KXLU
2025-04-01 02:58:10,043 - INFO - Ingress_Exit ANVH8FSJ
2025-04-01 02:58:10,057 - INFO - Ingress_Exit YEG0MUJM
2025-04-01 02:58:10,095 - INFO - Ingress_Enter MD9VJL2W
2025-04-01 02:58:10,096 - INFO - Ingress_Exit WP3PHGLZ
2025-04-01 02:58:10,115 - INFO - Ingress_Enter 66K1X83G
2025-04-01 02:58:10,203 - INFO - Ingress_Enter SJ010YG5
2025-04-01 02:58:10,204 - INFO - Ingress_Exit PN0OX0HL
2025-04-01 02:58:10,206 - INFO - Ingress_Exit 94VSP0BQ
2025-04-01 02:58:10,251 - INFO - Ingress_Enter VY38Y5QO
2025-04-01 02:58:10,339 - INFO - Ingress_Enter TSTLWG5G
2025-04-01 02:58:10,436 - INFO - Ingress_Exit DB387H89
2025-04-01 02:58:10,463 - INFO - Ingress_Enter N1HI3X2M
2025-04-01 02:58:10,495 - INFO - Ingress_Exit I53UK46F
2025-04-01 02:58:10,558 - INFO - Ingress_Enter 2II3VJTD
2025-04-01 02:58:10,577 - INFO - Ingress_Enter UNHLFXP0
2025-04-01 02:58:10,664 - INFO - Ingress_Exit 36YYZ0AY
2025-04-01 02:58:10,674 - INFO - Ingress_Exit V3L5EO6D
2025-04-01 02:58:10,714 - INFO - Ingress_Enter A1NF97AX
2025-04-01 02:58:10,741 - INFO - Ingress_Exit VY38Y5QO
2025-04-01 02:58:10,772 - INFO - Ingress_Enter H0LW1H4P
2025-04-01 02:58:10,822 - INFO - Ingress_Enter INE7YFFO
2025-04-01 02:58:10,855 - INFO - Ingress_Enter Q2D3665Z
2025-04-01 02:58:10,893 - INFO - Ingress_Exit MD9VJL2W
2025-04-01 02:58:11,006 - INFO - Ingress_Enter 1UIBJBWO
2025-04-01 02:58:11,095 - INFO - Ingress_Exit 66K1X83G
2025-04-01 02:58:11,146 - INFO - Ingress_Enter 27OILVO5
2025-04-01 02:58:11,375 - INFO - Ingress_Exit UNHLFXP0
2025-04-01 02:58:11,395 - INFO - Ingress_Enter OHGLULRF
2025-04-01 02:58:11,458 - INFO - Ingress_Exit 2II3VJTD
2025-04-01 02:58:11,475 - INFO - Ingress_Enter CHXN5UJ1
2025-04-01 02:58:11,489 - INFO - Ingress_Exit SJ010YG5
2025-04-01 02:58:11,490 - INFO - Ingress_Exit TSTLWG5G
2025-04-01 02:58:11,524 - INFO - Ingress_Enter GQLTP800
2025-04-01 02:58:11,692 - INFO - Ingress_Exit A1NF97AX
2025-04-01 02:58:11,695 - INFO - Ingress_Enter 6DBNFXYE
2025-04-01 02:58:11,815 - INFO - Ingress_Exit N1HI3X2M
2025-04-01 02:58:11,945 - INFO - Ingress_Exit H0LW1H4P
2025-04-01 02:58:11,965 - INFO - Ingress_Exit CHXN5UJ1
2025-04-01 02:58:11,975 - INFO - Ingress_Exit GQLTP800
2025-04-01 02:58:12,018 - INFO - Ingress_Exit Q2D3665Z
2025-04-01 02:58:12,031 - INFO - Ingress_Enter M8VWG8W5
2025-04-01 02:58:12,104 - INFO - Ingress_Exit INE7YFFO
2025-04-01 02:58:12,169 - INFO - Ingress_Enter ECYDWOV5
2025-04-01 02:58:12,171 - INFO - Ingress_Exit OHGLULRF
2025-04-01 02:58:12,279 - INFO - Ingress_Enter XY4ZALXH
2025-04-01 02:58:12,328 - INFO - Ingress_Enter 5QJB353F
2025-04-01 02:58:12,410 - INFO - Ingress_Enter 1CUJN08P
2025-04-01 02:58:12,440 - INFO - Ingress_Enter O19QLSVH
2025-04-01 02:58:12,471 - INFO - Ingress_Enter ZWTJ6GBZ
2025-04-01 02:58:12,678 - INFO - Ingress_Enter EDJDNH18
2025-04-01 02:58:12,701 - INFO - Ingress_Exit 6DBNFXYE
2025-04-01 02:58:12,739 - INFO - Ingress_Exit 27OILVO5
2025-04-01 02:58:12,740 - INFO - Ingress_Exit 1UIBJBWO
2025-04-01 02:58:12,743 - INFO - Ingress_Exit M8VWG8W5
2025-04-01 02:58:12,910 - INFO - Ingress_Enter SKKW3493
2025-04-01 02:58:12,920 - INFO - Ingress_Enter JTN2VX8V
2025-04-01 02:58:13,126 - INFO - Ingress_Enter TA6KCGBU
2025-04-01 02:58:13,168 - INFO - Ingress_Enter B70X1CBL
2025-04-01 02:58:13,265 - INFO - Ingress_Exit 5QJB353F
2025-04-01 02:58:13,310 - INFO - Ingress_Enter OEU72TTD
2025-04-01 02:58:13,345 - INFO - Ingress_Enter 57D4GYP7
2025-04-01 02:58:13,364 - INFO - Ingress_Exit O19QLSVH
2025-04-01 02:58:13,367 - INFO - Ingress_Exit ECYDWOV5
2025-04-01 02:58:13,367 - INFO - Ingress_Exit XY4ZALXH
2025-04-01 02:58:13,421 - INFO - Ingress_Exit 1CUJN08P
2025-04-01 02:58:13,689 - INFO - Ingress_Exit ZWTJ6GBZ
2025-04-01 02:58:13,714 - INFO - Ingress_Exit EDJDNH18
2025-04-01 02:58:13,817 - INFO - Ingress_Enter N687Y44O
2025-04-01 02:58:13,843 - INFO - Ingress_Enter 2WFCV4RW
2025-04-01 02:58:13,865 - INFO - Ingress_Enter 920Z04JH
2025-04-01 02:58:13,872 - INFO - Ingress_Exit TA6KCGBU
2025-04-01 02:58:13,915 - INFO - Ingress_Enter KN5CTGS7
2025-04-01 02:58:13,933 - INFO - Ingress_Enter TLR71PNT
2025-04-01 02:58:13,982 - INFO - Ingress_Enter YLQPC4FH
2025-04-01 02:58:13,998 - INFO - Ingress_Exit OEU72TTD
2025-04-01 02:58:14,047 - INFO - Ingress_Exit JTN2VX8V
2025-04-01 02:58:14,048 - INFO - Ingress_Exit B70X1CBL
2025-04-01 02:58:14,173 - INFO - Ingress_Exit SKKW3493
2025-04-01 02:58:14,257 - INFO - Ingress_Enter DHOTMNET
2025-04-01 02:58:14,308 - INFO - Ingress_Enter ZGY1FN17
2025-04-01 02:58:14,308 - INFO - Ingress_Enter P9AJE555
2025-04-01 02:58:14,336 - INFO - Ingress_Enter NAXX6AS8
2025-04-01 02:58:14,369 - INFO - Ingress_Exit 57D4GYP7
2025-04-01 02:58:14,421 - INFO - Ingress_Exit KN5CTGS7
2025-04-01 02:58:14,510 - INFO - Ingress_Exit N687Y44O
2025-04-01 02:58:14,582 - INFO - Ingress_Exit YLQPC4FH
2025-04-01 02:58:14,629 - INFO - Ingress_Exit 2WFCV4RW
2025-04-01 02:58:14,939 - INFO - Ingress_Exit DHOTMNET
2025-04-01 02:58:14,941 - INFO - Ingress_Exit ZGY1FN17
2025-04-01 02:58:14,997 - INFO - Ingress_Exit 920Z04JH
2025-04-01 02:58:15,000 - INFO - Ingress_Exit TLR71PNT
2025-04-01 02:58:15,035 - INFO - Ingress_Exit P9AJE555
2025-04-01 02:58:15,106 - INFO - Ingress_Exit NAXX6AS8
2025-04-01 02:58:15,155 - INFO - Ingress_Enter UINI1DO1
2025-04-01 02:58:15,195 - INFO - Ingress_Enter C9GBHR7L
2025-04-01 02:58:15,304 - INFO - Ingress_Enter 2O9HKZZD
2025-04-01 02:58:15,322 - INFO - Ingress_Enter 7Y0W36F1
2025-04-01 02:58:15,399 - INFO - Ingress_Enter LUT1SCSB
2025-04-01 02:58:15,405 - INFO - Ingress_Enter LM051T4Y
2025-04-01 02:58:15,406 - INFO - Ingress_Enter E40883FL
2025-04-01 02:58:15,531 - INFO - Ingress_Enter QB220LYQ
2025-04-01 02:58:15,615 - INFO - Ingress_Exit UINI1DO1
2025-04-01 02:58:15,645 - INFO - Ingress_Enter OB9C0ZMM
2025-04-01 02:58:15,760 - INFO - Ingress_Exit E40883FL
2025-04-01 02:58:15,796 - INFO - Ingress_Enter EXFO3WXZ
2025-04-01 02:58:15,829 - INFO - Ingress_Enter HR0ODZDO
2025-04-01 02:58:15,877 - INFO - Ingress_Exit C9GBHR7L
2025-04-01 02:58:15,898 - INFO - Ingress_Enter ZANIY5EN
2025-04-01 02:58:15,977 - INFO - Ingress_Enter DZAHK41Z
2025-04-01 02:58:16,007 - INFO - Ingress_Exit OB9C0ZMM
2025-04-01 02:58:16,020 - INFO - Ingress_Enter Z8R6ER93
2025-04-01 02:58:16,045 - INFO - Ingress_Exit LUT1SCSB
2025-04-01 02:58:16,048 - INFO - Ingress_Exit QB220LYQ
2025-04-01 02:58:16,073 - INFO - Ingress_Enter MN8FFOXP
2025-04-01 02:58:16,080 - INFO - Ingress_Exit LM051T4Y
2025-04-01 02:58:16,125 - INFO - Ingress_Enter W3U8NLYI
2025-04-01 02:58:16,129 - INFO - Ingress_Enter YIYLBIXO
2025-04-01 02:58:16,199 - INFO - Ingress_Exit 2O9HKZZD
2025-04-01 02:58:16,200 - INFO - Ingress_Exit 7Y0W36F1
2025-04-01 02:58:16,328 - INFO - Ingress_Exit EXFO3WXZ
2025-04-01 02:58:16,481 - INFO - Ingress_Enter ZQW7DTWC
2025-04-01 02:58:16,540 - INFO - Ingress_Enter BA59SPTI
2025-04-01 02:58:16,550 - INFO - Ingress_Enter RNO9TO0Z
2025-04-01 02:58:16,593 - INFO - Ingress_Enter X04O3NH0
2025-04-01 02:58:16,595 - INFO - Ingress_Exit HR0ODZDO
2025-04-01 02:58:16,796 - INFO - Ingress_Exit Z8R6ER93
2025-04-01 02:58:16,853 - INFO - Ingress_Exit YIYLBIXO
2025-04-01 02:58:16,905 - INFO - Ingress_Enter 8X069RLH
2025-04-01 02:58:16,928 - INFO - Ingress_Exit ZANIY5EN
2025-04-01 02:58:16,975 - INFO - Ingress_Exit W3U8NLYI
2025-04-01 02:58:16,979 - INFO - Ingress_Enter KMA2AC9A
2025-04-01 02:58:17,024 - INFO - Ingress_Exit DZAHK41Z
2025-04-01 02:58:17,229 - INFO - Ingress_Exit MN8FFOXP
2025-04-01 02:58:17,337 - INFO - Ingress_Exit ZQW7DTWC
2025-04-01 02:58:17,339 - INFO - Ingress_Exit RNO9TO0Z
2025-04-01 02:58:17,402 - INFO - Ingress_Enter LPP4I9VJ
2025-04-01 02:58:17,423 - INFO - Ingress_Exit BA59SPTI
2025-04-01 02:58:17,427 - INFO - Ingress_Exit KMA2AC9A
2025-04-01 02:58:17,459 - INFO - Ingress_Enter G1APJZIX
2025-04-01 02:58:17,471 - INFO - Ingress_Exit X04O3NH0
2025-04-01 02:58:17,568 - INFO - Ingress_Enter V3NICXIW
2025-04-01 02:58:17,621 - INFO - Ingress_Enter V89CU8AF
2025-04-01 02:58:17,655 - INFO - Ingress_Exit 8X069RLH
2025-04-01 02:58:17,679 - INFO - Ingress_Enter U1BTFWM7
2025-04-01 02:58:17,824 - INFO - Ingress_Enter 01KX6NAF
2025-04-01 02:58:17,844 - INFO - Ingress_Enter HA7WKG1F
2025-04-01 02:58:17,853 - INFO - Ingress_Enter B8SNU6NS
2025-04-01 02:58:17,855 - INFO - Ingress_Enter 12O2949X
2025-04-01 02:58:17,933 - INFO - Ingress_Enter ULMORRJX
2025-04-01 02:58:17,977 - INFO - Ingress_Exit V3NICXIW
2025-04-01 02:58:18,137 - INFO - Ingress_Exit LPP4I9VJ
2025-04-01 02:58:18,169 - INFO - Ingress_Enter WB5DHTFQ
2025-04-01 02:58:18,170 - INFO - Ingress_Enter OF2Y818N
2025-04-01 02:58:18,270 - INFO - Ingress_Exit 01KX6NAF
2025-04-01 02:58:18,281 - INFO - Ingress_Exit ULMORRJX
2025-04-01 02:58:18,301 - INFO - Ingress_Exit G1APJZIX
2025-04-01 02:58:18,303 - INFO - Ingress_Exit V89CU8AF
2025-04-01 02:58:18,318 - INFO - Ingress_Enter E0K8I8RA
2025-04-01 02:58:18,325 - INFO - Ingress_Exit B8SNU6NS
2025-04-01 02:58:18,407 - INFO - Ingress_Exit HA7WKG1F
2025-04-01 02:58:18,595 - INFO - Ingress_Exit 12O2949X
2025-04-01 02:58:18,707 - INFO - Ingress_Enter VQZWLZ51
2025-04-01 02:58:18,767 - INFO - Ingress_Exit OF2Y818N
2025-04-01 02:58:18,831 - INFO - Ingress_Exit U1BTFWM7
2025-04-01 02:58:18,922 - INFO - Ingress_Enter CFWSCYXM
2025-04-01 02:58:18,984 - INFO - Ingress_Enter QFA12U5E
2025-04-01 02:58:19,057 - INFO - Ingress_Exit E0K8I8RA
2025-04-01 02:58:19,091 - INFO - Ingress_Exit WB5DHTFQ
2025-04-01 02:58:19,100 - INFO - Ingress_Enter CZN9A5UQ
2025-04-01 02:58:19,139 - INFO - Ingress_Enter 93DFUOYD
2025-04-01 02:58:19,390 - INFO - Ingress_Exit VQZWLZ51
2025-04-01 02:58:19,418 - INFO - Ingress_Enter SJXWBOA1
2025-04-01 02:58:19,565 - INFO - Ingress_Exit CFWSCYXM
2025-04-01 02:58:19,577 - INFO - Ingress_Exit QFA12U5E
2025-04-01 02:58:19,700 - INFO - Ingress_Enter XJK8MVHD
2025-04-01 02:58:19,803 - INFO - Ingress_Exit CZN9A5UQ
2025-04-01 02:58:19,845 - INFO - Ingress_Exit 93DFUOYD
2025-04-01 02:58:19,929 - INFO - Ingress_Exit SJXWBOA1
2025-04-01 02:58:19,955 - INFO - Ingress_Enter UF6TTRRU
2025-04-01 02:58:20,073 - INFO - Ingress_Enter 6GJJL24V
2025-04-01 02:58:20,093 - INFO - Ingress_Enter IBILP8WE
2025-04-01 02:58:20,286 - INFO - Ingress_Enter MQK7AIK8
2025-04-01 02:58:20,299 - INFO - Ingress_Exit XJK8MVHD
2025-04-01 02:58:20,402 - INFO - Ingress_Enter A5FOP937
2025-04-01 02:58:20,430 - INFO - Ingress_Enter QZSO9H30
2025-04-01 02:58:20,520 - INFO - Ingress_Enter I13JSK6K
2025-04-01 02:58:20,588 - INFO - Ingress_Enter K9S23OC5
2025-04-01 02:58:20,590 - INFO - Ingress_Exit UF6TTRRU
2025-04-01 02:58:20,635 - INFO - Ingress_Exit 6GJJL24V
2025-04-01 02:58:20,698 - INFO - Ingress_Exit MQK7AIK8
2025-04-01 02:58:20,828 - INFO - Ingress_Exit A5FOP937
2025-04-01 02:58:20,830 - INFO - Ingress_Exit QZSO9H30
2025-04-01 02:58:20,859 - INFO - Ingress_Exit IBILP8WE
2025-04-01 02:58:20,925 - INFO - Ingress_Enter 9VUBE2P6
2025-04-01 02:58:20,934 - INFO - Ingress_Enter R30F1W3D
2025-04-01 02:58:21,011 - INFO - Ingress_Enter RKP7GB8B
2025-04-01 02:58:21,071 - INFO - Ingress_Enter YIRBBOGR
2025-04-01 02:58:21,100 - INFO - Ingress_Enter TQ8H2SJ4
2025-04-01 02:58:21,200 - INFO - Ingress_Exit I13JSK6K
2025-04-01 02:58:21,221 - INFO - Ingress_Enter 9DRWJ49Y
2025-04-01 02:58:21,232 - INFO - Ingress_Exit K9S23OC5
2025-04-01 02:58:21,318 - INFO - Ingress_Enter TZN1VYPW
2025-04-01 02:58:21,348 - INFO - Ingress_Enter MXVROVWF
2025-04-01 02:58:21,382 - INFO - Ingress_Exit R30F1W3D
2025-04-01 02:58:21,407 - INFO - Ingress_Enter LBZU1T7T
2025-04-01 02:58:21,412 - INFO - Ingress_Exit RKP7GB8B
2025-04-01 02:58:21,516 - INFO - Ingress_Exit 9VUBE2P6
2025-04-01 02:58:21,631 - INFO - Ingress_Exit YIRBBOGR
2025-04-01 02:58:21,653 - INFO - Ingress_Enter RR0DZQQV
2025-04-01 02:58:21,683 - INFO - Ingress_Enter FXP7CA3X
2025-04-01 02:58:21,780 - INFO - Ingress_Exit TQ8H2SJ4
2025-04-01 02:58:21,782 - INFO - Ingress_Enter 20G2L5CS
2025-04-01 02:58:21,976 - INFO - Ingress_Enter WM8ZYXAR
2025-04-01 02:58:21,995 - INFO - Ingress_Exit 9DRWJ49Y
2025-04-01 02:58:21,996 - INFO - Ingress_Exit MXVROVWF
2025-04-01 02:58:21,998 - INFO - Ingress_Exit TZN1VYPW
2025-04-01 02:58:22,007 - INFO - Ingress_Enter VBWY6294
2025-04-01 02:58:22,040 - INFO - Ingress_Exit LBZU1T7T
2025-04-01 02:58:22,121 - INFO - Ingress_Enter YQ8DMDGM
2025-04-01 02:58:22,141 - INFO - Ingress_Enter ZC7P8R5L
2025-04-01 02:58:22,216 - INFO - Ingress_Exit RR0DZQQV
2025-04-01 02:58:22,299 - INFO - Ingress_Exit 20G2L5CS
2025-04-01 02:58:22,358 - INFO - Ingress_Exit FXP7CA3X
2025-04-01 02:58:22,451 - INFO - Ingress_Exit VBWY6294
2025-04-01 02:58:22,478 - INFO - Ingress_Enter 758JNPNJ
2025-04-01 02:58:22,529 - INFO - Ingress_Enter 4AU6N5CX
2025-04-01 02:58:22,566 - INFO - Ingress_Enter 4GZHIFDX
2025-04-01 02:58:22,585 - INFO - Ingress_Exit WM8ZYXAR
2025-04-01 02:58:22,614 - INFO - Ingress_Exit YQ8DMDGM
2025-04-01 02:58:22,615 - INFO - Ingress_Exit ZC7P8R5L
2025-04-01 02:58:22,796 - INFO - Ingress_Enter XR4UZQU2
2025-04-01 02:58:22,864 - INFO - Ingress_Enter 1GDW2QKW
2025-04-01 02:58:22,934 - INFO - Ingress_Enter V26A22EP
2025-04-01 02:58:22,943 - INFO - Ingress_Enter WOJGHVV4
2025-04-01 02:58:23,008 - INFO - Ingress_Exit 4GZHIFDX
2025-04-01 02:58:23,041 - INFO - Ingress_Enter DY2LAXJ4
2025-04-01 02:58:23,110 - INFO - Ingress_Exit 4AU6N5CX
2025-04-01 02:58:23,113 - INFO - Ingress_Exit 758JNPNJ
2025-04-01 02:58:23,201 - INFO - Ingress_Enter HDHOK68L
2025-04-01 02:58:23,251 - INFO - Ingress_Exit 1GDW2QKW
2025-04-01 02:58:23,258 - INFO - Ingress_Enter 3HLIADGF
2025-04-01 02:58:23,288 - INFO - Ingress_Exit WOJGHVV4
2025-04-01 02:58:23,422 - INFO - Ingress_Exit XR4UZQU2
2025-04-01 02:58:23,584 - INFO - Ingress_Exit V26A22EP
2025-04-01 02:58:23,614 - INFO - Ingress_Exit DY2LAXJ4
2025-04-01 02:58:23,616 - INFO - Ingress_Enter FVHUXB6P
2025-04-01 02:58:23,814 - INFO - Ingress_Exit 3HLIADGF
2025-04-01 02:58:23,901 - INFO - Ingress_Exit HDHOK68L
2025-04-01 02:58:23,902 - INFO - Ingress_Enter B13AWKXB
2025-04-01 02:58:24,000 - INFO - Ingress_Enter K5RVQZN5
2025-04-01 02:58:24,049 - INFO - Ingress_Enter W2WKRA2R
2025-04-01 02:58:24,146 - INFO - Ingress_Exit FVHUXB6P
2025-04-01 02:58:24,149 - INFO - Ingress_Enter BRY2Y1A8
2025-04-01 02:58:24,160 - INFO - Ingress_Enter Q0Q2695T
2025-04-01 02:58:24,377 - INFO - Ingress_Enter GF2AL8HR
2025-04-01 02:58:24,494 - INFO - Ingress_Enter L5HA7XZK
2025-04-01 02:58:24,534 - INFO - Ingress_Enter 386DTGDY
2025-04-01 02:58:24,615 - INFO - Ingress_Exit B13AWKXB
2025-04-01 02:58:24,616 - INFO - Ingress_Exit K5RVQZN5
2025-04-01 02:58:24,638 - INFO - Ingress_Exit W2WKRA2R
2025-04-01 02:58:24,645 - INFO - Ingress_Enter VDWF3ZDZ
2025-04-01 02:58:24,670 - INFO - Ingress_Enter W769HIIH
2025-04-01 02:58:24,671 - INFO - Ingress_Exit Q0Q2695T
2025-04-01 02:58:24,708 - INFO - Ingress_Enter 5VI5HXGL
2025-04-01 02:58:24,872 - INFO - Ingress_Enter JSDMSOMY
2025-04-01 02:58:24,878 - INFO - Ingress_Exit BRY2Y1A8
2025-04-01 02:58:24,895 - INFO - Ingress_Exit L5HA7XZK
2025-04-01 02:58:24,932 - INFO - Ingress_Exit W769HIIH
2025-04-01 02:58:24,945 - INFO - Ingress_Exit GF2AL8HR
2025-04-01 02:58:24,952 - INFO - Ingress_Enter NBAQ39KQ
2025-04-01 02:58:25,012 - INFO - Ingress_Enter YEQZM7XD
2025-04-01 02:58:25,034 - INFO - Ingress_Enter AK0HJK0Z
2025-04-01 02:58:25,129 - INFO - Ingress_Exit NBAQ39KQ
2025-04-01 02:58:25,237 - INFO - Ingress_Exit JSDMSOMY
2025-04-01 02:58:25,252 - INFO - Ingress_Exit VDWF3ZDZ
2025-04-01 02:58:25,274 - INFO - Ingress_Exit 386DTGDY
2025-04-01 02:58:25,425 - INFO - Ingress_Enter MF0ZT9G3
2025-04-01 02:58:25,429 - INFO - Ingress_Exit 5VI5HXGL
2025-04-01 02:58:25,437 - INFO - Ingress_Exit YEQZM7XD
2025-04-01 02:58:25,465 - INFO - Ingress_Enter NE2DQPD1
2025-04-01 02:58:25,553 - INFO - Ingress_Enter QFC4G237
2025-04-01 02:58:25,742 - INFO - Ingress_Enter 38QHDN8Y
2025-04-01 02:58:25,791 - INFO - Ingress_Exit AK0HJK0Z
2025-04-01 02:58:25,872 - INFO - Ingress_Enter 7QK59PRC
2025-04-01 02:58:25,881 - INFO - Ingress_Enter BN3S6R3L
2025-04-01 02:58:25,961 - INFO - Ingress_Enter N86TX9XU
2025-04-01 02:58:26,106 - INFO - Ingress_Enter HLDE0JT5
2025-04-01 02:58:26,132 - INFO - Ingress_Exit MF0ZT9G3
2025-04-01 02:58:26,133 - INFO - Ingress_Exit NE2DQPD1
2025-04-01 02:58:26,167 - INFO - Ingress_Exit 38QHDN8Y
2025-04-01 02:58:26,227 - INFO - Ingress_Exit N86TX9XU
2025-04-01 02:58:26,309 - INFO - Ingress_Exit BN3S6R3L
2025-04-01 02:58:26,333 - INFO - Ingress_Exit QFC4G237
2025-04-01 02:58:26,353 - INFO - Ingress_Enter YLBXKIQR
2025-04-01 02:58:26,453 - INFO - Ingress_Enter 2V94NK7Q
2025-04-01 02:58:26,512 - INFO - Ingress_Enter YOIVNQAV
2025-04-01 02:58:26,530 - INFO - Ingress_Enter SLL5391O
2025-04-01 02:58:26,539 - INFO - Ingress_Enter OHZD2CV7
2025-04-01 02:58:26,570 - INFO - Ingress_Enter NFFO0VZ5
2025-04-01 02:58:26,582 - INFO - Ingress_Enter CHRHFE4A
2025-04-01 02:58:26,610 - INFO - Ingress_Enter JI2VP8C1
2025-04-01 02:58:26,807 - INFO - Ingress_Exit HLDE0JT5
2025-04-01 02:58:26,840 - INFO - Ingress_Exit 7QK59PRC
2025-04-01 02:58:26,883 - INFO - Ingress_Exit SLL5391O
2025-04-01 02:58:26,884 - INFO - Ingress_Exit JI2VP8C1
2025-04-01 02:58:26,940 - INFO - Ingress_Exit 2V94NK7Q
2025-04-01 02:58:27,088 - INFO - Ingress_Exit CHRHFE4A
2025-04-01 02:58:27,167 - INFO - Ingress_Exit YLBXKIQR
2025-04-01 02:58:27,168 - INFO - Ingress_Exit YOIVNQAV
2025-04-01 02:58:27,268 - INFO - Ingress_Exit OHZD2CV7
2025-04-01 02:58:27,271 - INFO - Ingress_Exit NFFO0VZ5
2025-04-01 02:58:34,440 - INFO - Ingress_Enter 63C5XMZ6
2025-04-01 02:58:34,576 - INFO - Ingress_Enter AA0DXKWI
2025-04-01 02:58:34,625 - INFO - Ingress_Enter KOVPG1XK
2025-04-01 02:58:34,630 - INFO - Ingress_Enter 8PXAGLRT
2025-04-01 02:58:34,691 - INFO - Ingress_Enter VDCI2MSC
2025-04-01 02:58:34,813 - INFO - Ingress_Enter SHYLBTXQ
2025-04-01 02:58:34,943 - INFO - Ingress_Exit AA0DXKWI
2025-04-01 02:58:35,065 - INFO - Ingress_Enter XCP7D4UC
2025-04-01 02:58:35,132 - INFO - Ingress_Exit VDCI2MSC
2025-04-01 02:58:35,134 - INFO - Ingress_Exit SHYLBTXQ
2025-04-01 02:58:35,188 - INFO - Ingress_Enter TYT9JWSF
2025-04-01 02:58:35,221 - INFO - Ingress_Enter V1OL3OVE
2025-04-01 02:58:35,240 - INFO - Ingress_Enter Q0YSWP8I
2025-04-01 02:58:35,317 - INFO - Ingress_Enter XF2BLIOT
2025-04-01 02:58:35,348 - INFO - Ingress_Exit 63C5XMZ6
2025-04-01 02:58:35,458 - INFO - Ingress_Exit KOVPG1XK
2025-04-01 02:58:35,488 - INFO - Ingress_Enter A3CGQIY1
2025-04-01 02:58:35,647 - INFO - Ingress_Enter KQNKPDZW
2025-04-01 02:58:35,677 - INFO - Ingress_Enter 5FFFU2M1
2025-04-01 02:58:35,758 - INFO - Ingress_Exit XCP7D4UC
2025-04-01 02:58:35,767 - INFO - Ingress_Exit 8PXAGLRT
2025-04-01 02:58:35,770 - INFO - Ingress_Enter AD6QGLSM
2025-04-01 02:58:35,845 - INFO - Ingress_Exit TYT9JWSF
2025-04-01 02:58:35,854 - INFO - Ingress_Enter L7IXZD7H
2025-04-01 02:58:35,874 - INFO - Ingress_Enter FBUDDOA1
2025-04-01 02:58:35,912 - INFO - Ingress_Exit V1OL3OVE
2025-04-01 02:58:35,915 - INFO - Ingress_Enter HWQ3Z51P
2025-04-01 02:58:35,990 - INFO - Ingress_Exit Q0YSWP8I
2025-04-01 02:58:36,050 - INFO - Ingress_Exit XF2BLIOT
2025-04-01 02:58:36,141 - INFO - Ingress_Enter NFKCEXYD
2025-04-01 02:58:36,169 - INFO - Ingress_Enter TM72T01Y
2025-04-01 02:58:36,171 - INFO - Ingress_Enter IFW93VW0
2025-04-01 02:58:36,288 - INFO - Ingress_Exit A3CGQIY1
2025-04-01 02:58:36,355 - INFO - Ingress_Exit 5FFFU2M1
2025-04-01 02:58:36,404 - INFO - Ingress_Exit HWQ3Z51P
2025-04-01 02:58:36,413 - INFO - Ingress_Enter AG9KIRKL
2025-04-01 02:58:36,472 - INFO - Ingress_Exit KQNKPDZW
2025-04-01 02:58:36,481 - INFO - Ingress_Enter 9GK2WKRZ
2025-04-01 02:58:36,493 - INFO - Ingress_Exit L7IXZD7H
2025-04-01 02:58:36,535 - INFO - Ingress_Exit AD6QGLSM
2025-04-01 02:58:36,560 - INFO - Ingress_Enter PFCRJL8I
2025-04-01 02:58:36,571 - INFO - Ingress_Enter RR4AIKDS
2025-04-01 02:58:36,657 - INFO - Ingress_Exit NFKCEXYD
2025-04-01 02:58:36,681 - INFO - Ingress_Exit FBUDDOA1
2025-04-01 02:58:36,763 - INFO - Ingress_Enter H7LBQ4NI
2025-04-01 02:58:36,793 - INFO - Ingress_Enter M6I7RTWH
2025-04-01 02:58:36,850 - INFO - Ingress_Exit PFCRJL8I
2025-04-01 02:58:36,853 - INFO - Ingress_Enter PD2XANM0
2025-04-01 02:58:36,890 - INFO - Ingress_Exit IFW93VW0
2025-04-01 02:58:36,892 - INFO - Ingress_Exit TM72T01Y
2025-04-01 02:58:36,924 - INFO - Ingress_Enter EPSYBDRS
2025-04-01 02:58:36,939 - INFO - Ingress_Exit AG9KIRKL
2025-04-01 02:58:36,970 - INFO - Ingress_Exit 9GK2WKRZ
2025-04-01 02:58:37,008 - INFO - Ingress_Exit RR4AIKDS
2025-04-01 02:58:37,162 - INFO - Ingress_Exit H7LBQ4NI
2025-04-01 02:58:37,280 - INFO - Ingress_Exit PD2XANM0
2025-04-01 02:58:37,321 - INFO - Ingress_Enter OYIB0ZNV
2025-04-01 02:58:37,462 - INFO - Ingress_Exit M6I7RTWH
2025-04-01 02:58:37,527 - INFO - Ingress_Enter YGSSP364
2025-04-01 02:58:37,664 - INFO - Ingress_Exit EPSYBDRS
2025-04-01 02:58:37,728 - INFO - Ingress_Enter F97S5VEL
2025-04-01 02:58:37,878 - INFO - Ingress_Exit OYIB0ZNV
2025-04-01 02:58:37,886 - INFO - Ingress_Enter FCCVMR0Y
2025-04-01 02:58:37,954 - INFO - Ingress_Enter 6SX8B007
2025-04-01 02:58:38,083 - INFO - Ingress_Enter 95T6RC1P
2025-04-01 02:58:38,102 - INFO - Ingress_Enter 6GEFO14T
2025-04-01 02:58:38,164 - INFO - Ingress_Exit F97S5VEL
2025-04-01 02:58:38,181 - INFO - Ingress_Enter D6DIUJ2Q
2025-04-01 02:58:38,200 - INFO - Ingress_Enter OZ4CAAMR
2025-04-01 02:58:38,250 - INFO - Ingress_Exit YGSSP364
2025-04-01 02:58:38,313 - INFO - Ingress_Exit D6DIUJ2Q
2025-04-01 02:58:38,387 - INFO - Ingress_Exit FCCVMR0Y
2025-04-01 02:58:38,427 - INFO - Ingress_Enter E0R2TYA0
2025-04-01 02:58:38,480 - INFO - Ingress_Exit OZ4CAAMR
2025-04-01 02:58:38,705 - INFO - Ingress_Enter 3NJKV2TE
2025-04-01 02:58:38,707 - INFO - Ingress_Exit 95T6RC1P
2025-04-01 02:58:38,711 - INFO - Ingress_Exit 6GEFO14T
2025-04-01 02:58:38,777 - INFO - Ingress_Enter TNXIODVY
2025-04-01 02:58:38,806 - INFO - Ingress_Enter 3GUTOFKY
2025-04-01 02:58:38,867 - INFO - Ingress_Exit 6SX8B007
2025-04-01 02:58:38,957 - INFO - Ingress_Enter MFRYYONR
2025-04-01 02:58:39,016 - INFO - Ingress_Enter ISH5QVBV
2025-04-01 02:58:39,062 - INFO - Ingress_Enter O5E7WKIG
2025-04-01 02:58:39,292 - INFO - Ingress_Exit E0R2TYA0
2025-04-01 02:58:39,323 - INFO - Ingress_Enter R3FR7O2Z
2025-04-01 02:58:39,424 - INFO - Ingress_Enter 0Q9XWZWM
2025-04-01 02:58:39,554 - INFO - Ingress_Enter HCKNX819
2025-04-01 02:58:39,564 - INFO - Ingress_Exit TNXIODVY
2025-04-01 02:58:39,567 - INFO - Ingress_Exit 3NJKV2TE
2025-04-01 02:58:39,568 - INFO - Ingress_Exit ISH5QVBV
2025-04-01 02:58:39,583 - INFO - Ingress_Exit 3GUTOFKY
2025-04-01 02:58:39,701 - INFO - Ingress_Enter M9OB3839
2025-04-01 02:58:39,729 - INFO - Ingress_Enter PHO15IWA
2025-04-01 02:58:39,784 - INFO - Ingress_Exit MFRYYONR
2025-04-01 02:58:39,788 - INFO - Ingress_Exit O5E7WKIG
2025-04-01 02:58:39,798 - INFO - Ingress_Enter CGBI0TU0
2025-04-01 02:58:39,808 - INFO - Ingress_Enter CKJAIXKX
2025-04-01 02:58:39,878 - INFO - Ingress_Enter T0JYWDDG
2025-04-01 02:58:39,975 - INFO - Ingress_Exit 0Q9XWZWM
2025-04-01 02:58:39,982 - INFO - Ingress_Enter O6QZQMKG
2025-04-01 02:58:39,996 - INFO - Ingress_Enter 2P5799GQ
2025-04-01 02:58:40,082 - INFO - Ingress_Enter WJ9K6643
2025-04-01 02:58:40,092 - INFO - Ingress_Exit R3FR7O2Z
2025-04-01 02:58:40,209 - INFO - Ingress_Exit PHO15IWA
2025-04-01 02:58:40,354 - INFO - Ingress_Enter 289MS3YS
2025-04-01 02:58:40,376 - INFO - Ingress_Exit HCKNX819
2025-04-01 02:58:40,411 - INFO - Ingress_Exit 2P5799GQ
2025-04-01 02:58:40,435 - INFO - Ingress_Enter UWKLR1NK
2025-04-01 02:58:40,460 - INFO - Ingress_Exit CGBI0TU0
2025-04-01 02:58:40,461 - INFO - Ingress_Exit CKJAIXKX
2025-04-01 02:58:40,473 - INFO - Ingress_Enter QKDBPGKI
2025-04-01 02:58:40,537 - INFO - Ingress_Exit T0JYWDDG
2025-04-01 02:58:40,602 - INFO - Ingress_Enter SSV7WVS0
2025-04-01 02:58:40,639 - INFO - Ingress_Exit M9OB3839
2025-04-01 02:58:40,641 - INFO - Ingress_Exit WJ9K6643
2025-04-01 02:58:40,666 - INFO - Ingress_Exit O6QZQMKG
2025-04-01 02:58:40,674 - INFO - Ingress_Enter 5FSMHRP7
2025-04-01 02:58:40,733 - INFO - Ingress_Enter 4SQYOUOU
2025-04-01 02:58:40,908 - INFO - Ingress_Exit SSV7WVS0
2025-04-01 02:58:40,911 - INFO - Ingress_Enter O90QFWK9
2025-04-01 02:58:40,952 - INFO - Ingress_Enter M9YTKGKR
2025-04-01 02:58:40,959 - INFO - Ingress_Exit 289MS3YS
2025-04-01 02:58:40,990 - INFO - Ingress_Enter GXLTA0QF
2025-04-01 02:58:41,009 - INFO - Ingress_Enter CRQ8P0WI
2025-04-01 02:58:41,106 - INFO - Ingress_Exit UWKLR1NK
2025-04-01 02:58:41,108 - INFO - Ingress_Exit 4SQYOUOU
2025-04-01 02:58:41,189 - INFO - Ingress_Enter XAEIWRKS
2025-04-01 02:58:41,262 - INFO - Ingress_Exit O90QFWK9
2025-04-01 02:58:41,312 - INFO - Ingress_Exit GXLTA0QF
2025-04-01 02:58:41,328 - INFO - Ingress_Enter VTEY7ALL
2025-04-01 02:58:41,379 - INFO - Ingress_Enter 9Z9JWVMP
2025-04-01 02:58:41,397 - INFO - Ingress_Enter 9X3WS9QY
2025-04-01 02:58:41,404 - INFO - Ingress_Exit 5FSMHRP7
2025-04-01 02:58:41,428 - INFO - Ingress_Enter CRCYAS36
2025-04-01 02:58:41,437 - INFO - Ingress_Enter ZEHYLS24
2025-04-01 02:58:41,527 - INFO - Ingress_Enter XBW8Q3KX
2025-04-01 02:58:41,532 - INFO - Ingress_Exit QKDBPGKI
2025-04-01 02:58:41,567 - INFO - Ingress_Exit M9YTKGKR
2025-04-01 02:58:41,569 - INFO - Ingress_Exit CRQ8P0WI
2025-04-01 02:58:41,587 - INFO - Ingress_Enter 3MHO1ZNL
2025-04-01 02:58:41,797 - INFO - Ingress_Exit VTEY7ALL
2025-04-01 02:58:41,866 - INFO - Ingress_Exit 9X3WS9QY
2025-04-01 02:58:41,866 - INFO - Ingress_Exit CRCYAS36
2025-04-01 02:58:41,992 - INFO - Ingress_Enter BDIZBD5A
2025-04-01 02:58:42,028 - INFO - Ingress_Exit XAEIWRKS
2025-04-01 02:58:42,080 - INFO - Ingress_Enter IHTX97IM
2025-04-01 02:58:42,165 - INFO - Ingress_Exit ZEHYLS24
2025-04-01 02:58:42,167 - INFO - Ingress_Exit 9Z9JWVMP
2025-04-01 02:58:42,180 - INFO - Ingress_Exit XBW8Q3KX
2025-04-01 02:58:42,327 - INFO - Ingress_Enter 4H1KFU7I
2025-04-01 02:58:42,338 - INFO - Ingress_Enter THGQHTDV
2025-04-01 02:58:42,339 - INFO - Ingress_Enter WIJL2JPU
2025-04-01 02:58:42,534 - INFO - Ingress_Exit BDIZBD5A
2025-04-01 02:58:42,535 - INFO - Ingress_Exit IHTX97IM
2025-04-01 02:58:42,598 - INFO - Ingress_Exit 3MHO1ZNL
2025-04-01 02:58:42,686 - INFO - Ingress_Enter 4VS06RJF
2025-04-01 02:58:42,745 - INFO - Ingress_Enter J7FWXZ4J
2025-04-01 02:58:42,765 - INFO - Ingress_Enter ELHHKAN8
2025-04-01 02:58:42,834 - INFO - Ingress_Enter OSNYQPL4
2025-04-01 02:58:43,027 - INFO - Ingress_Exit 4VS06RJF
2025-04-01 02:58:43,110 - INFO - Ingress_Exit THGQHTDV
2025-04-01 02:58:43,156 - INFO - Ingress_Enter KT3RPS4Q
2025-04-01 02:58:43,159 - INFO - Ingress_Exit WIJL2JPU
2025-04-01 02:58:43,176 - INFO - Ingress_Enter RXXROX6V
2025-04-01 02:58:43,189 - INFO - Ingress_Exit 4H1KFU7I
2025-04-01 02:58:43,245 - INFO - Ingress_Enter K3BIHKUX
2025-04-01 02:58:43,265 - INFO - Ingress_Enter BWPQ0JXY
2025-04-01 02:58:43,329 - INFO - Ingress_Exit J7FWXZ4J
2025-04-01 02:58:43,363 - INFO - Ingress_Exit ELHHKAN8
2025-04-01 02:58:43,364 - INFO - Ingress_Exit OSNYQPL4
2025-04-01 02:58:43,382 - INFO - Ingress_Enter UNMNMZB7
2025-04-01 02:58:43,396 - INFO - Ingress_Enter PCK7Y7MV
2025-04-01 02:58:43,585 - INFO - Ingress_Exit RXXROX6V
2025-04-01 02:58:43,711 - INFO - Ingress_Enter LC0G6XEU
2025-04-01 02:58:43,763 - INFO - Ingress_Exit BWPQ0JXY
2025-04-01 02:58:43,790 - INFO - Ingress_Enter D2455SFG
2025-04-01 02:58:43,840 - INFO - Ingress_Enter EOLZ7AT7
2025-04-01 02:58:43,891 - INFO - Ingress_Exit UNMNMZB7
2025-04-01 02:58:43,892 - INFO - Ingress_Exit PCK7Y7MV
2025-04-01 02:58:43,903 - INFO - Ingress_Exit K3BIHKUX
2025-04-01 02:58:43,927 - INFO - Ingress_Enter GWTJBTF7
2025-04-01 02:58:43,967 - INFO - Ingress_Exit KT3RPS4Q
2025-04-01 02:58:44,222 - INFO - Ingress_Enter NJU6OKE6
2025-04-01 02:58:44,225 - INFO - Ingress_Exit D2455SFG
2025-04-01 02:58:44,303 - INFO - Ingress_Enter FINGHHSC
2025-04-01 02:58:44,354 - INFO - Ingress_Exit LC0G6XEU
2025-04-01 02:58:44,378 - INFO - Ingress_Exit EOLZ7AT7
2025-04-01 02:58:44,442 - INFO - Ingress_Enter 5TN4U0MV
2025-04-01 02:58:44,528 - INFO - Ingress_Exit GWTJBTF7
2025-04-01 02:58:44,579 - INFO - Ingress_Enter 8L7D468L
2025-04-01 02:58:44,589 - INFO - Ingress_Enter KHCBPFQY
2025-04-01 02:58:44,762 - INFO - Ingress_Exit 5TN4U0MV
2025-04-01 02:58:44,901 - INFO - Ingress_Enter WWY92U19
2025-04-01 02:58:44,950 - INFO - Ingress_Enter R9YZSV76
2025-04-01 02:58:45,054 - INFO - Ingress_Enter H0CI7DAE
2025-04-01 02:58:45,071 - INFO - Ingress_Exit NJU6OKE6
2025-04-01 02:58:45,123 - INFO - Ingress_Exit FINGHHSC
2025-04-01 02:58:45,201 - INFO - Ingress_Exit 8L7D468L
2025-04-01 02:58:45,469 - INFO - Ingress_Exit KHCBPFQY
2025-04-01 02:58:45,471 - INFO - Ingress_Exit WWY92U19
2025-04-01 02:58:45,474 - INFO - Ingress_Enter 4C9XHVW8
2025-04-01 02:58:45,485 - INFO - Ingress_Enter 4101NT5R
2025-04-01 02:58:45,553 - INFO - Ingress_Enter 5IEH2OHL
2025-04-01 02:58:45,650 - INFO - Ingress_Exit H0CI7DAE
2025-04-01 02:58:45,699 - INFO - Ingress_Exit 4C9XHVW8
2025-04-01 02:58:45,756 - INFO - Ingress_Enter YNMWWH6S
2025-04-01 02:58:45,857 - INFO - Ingress_Exit R9YZSV76
2025-04-01 02:58:45,867 - INFO - Ingress_Enter JUH1CROG
2025-04-01 02:58:45,897 - INFO - Ingress_Enter 475O6JNB
2025-04-01 02:58:45,906 - INFO - Ingress_Enter PDL9DU6X
2025-04-01 02:58:46,081 - INFO - Ingress_Exit 5IEH2OHL
2025-04-01 02:58:46,081 - INFO - Ingress_Exit 4101NT5R
2025-04-01 02:58:46,135 - INFO - Ingress_Exit 475O6JNB
2025-04-01 02:58:46,142 - INFO - Ingress_Exit YNMWWH6S
2025-04-01 02:58:46,180 - INFO - Ingress_Enter AQWYHYG9
2025-04-01 02:58:46,220 - INFO - Ingress_Enter NL1M6L9W
2025-04-01 02:58:46,384 - INFO - Ingress_Exit JUH1CROG
2025-04-01 02:58:46,418 - INFO - Ingress_Enter D2SBNBMR
2025-04-01 02:58:46,495 - INFO - Ingress_Exit PDL9DU6X
2025-04-01 02:58:46,577 - INFO - Ingress_Enter E1D79GYY
2025-04-01 02:58:46,628 - INFO - Ingress_Enter CWDHNAJ0
2025-04-01 02:58:46,738 - INFO - Ingress_Enter O0QUM7VW
2025-04-01 02:58:46,744 - INFO - Ingress_Exit NL1M6L9W
2025-04-01 02:58:46,760 - INFO - Ingress_Exit AQWYHYG9
2025-04-01 02:58:46,819 - INFO - Ingress_Exit D2SBNBMR
2025-04-01 02:58:46,884 - INFO - Ingress_Exit E1D79GYY
2025-04-01 02:58:47,055 - INFO - Ingress_Enter 6PIMWW8M
2025-04-01 02:58:47,141 - INFO - Ingress_Enter 27RTPJMY
2025-04-01 02:58:47,246 - INFO - Ingress_Exit CWDHNAJ0
2025-04-01 02:58:47,325 - INFO - Ingress_Enter E7OYUUR0
2025-04-01 02:58:47,334 - INFO - Ingress_Enter B3195FXZ
2025-04-01 02:58:47,364 - INFO - Ingress_Exit O0QUM7VW
2025-04-01 02:58:47,603 - INFO - Ingress_Enter JCSVD9DS
2025-04-01 02:58:47,624 - INFO - Ingress_Enter ZWQRWWZA
2025-04-01 02:58:47,790 - INFO - Ingress_Exit 27RTPJMY
2025-04-01 02:58:47,828 - INFO - Ingress_Exit 6PIMWW8M
2025-04-01 02:58:47,840 - INFO - Ingress_Exit JCSVD9DS
2025-04-01 02:58:47,849 - INFO - Ingress_Enter J0VUJZXH
2025-04-01 02:58:47,911 - INFO - Ingress_Exit B3195FXZ
2025-04-01 02:58:47,979 - INFO - Ingress_Enter OXRNEXD9
2025-04-01 02:58:48,019 - INFO - Ingress_Enter AW8QY4RT
2025-04-01 02:58:48,062 - INFO - Ingress_Exit E7OYUUR0
2025-04-01 02:58:48,086 - INFO - Ingress_Enter U6W9ZX8J
2025-04-01 02:58:48,197 - INFO - Ingress_Enter AHUOLP1W
2025-04-01 02:58:48,323 - INFO - Ingress_Exit U6W9ZX8J
2025-04-01 02:58:48,423 - INFO - Ingress_Exit ZWQRWWZA
2025-04-01 02:58:48,429 - INFO - Ingress_Exit J0VUJZXH
2025-04-01 02:58:48,436 - INFO - Ingress_Enter ZAFXGDJW
2025-04-01 02:58:48,554 - INFO - Ingress_Enter MPC2YE5C
2025-04-01 02:58:48,594 - INFO - Ingress_Enter S5W0IFX3
2025-04-01 02:58:48,720 - INFO - Ingress_Exit ZAFXGDJW
2025-04-01 02:58:48,721 - INFO - Ingress_Exit MPC2YE5C
2025-04-01 02:58:48,793 - INFO - Ingress_Exit OXRNEXD9
2025-04-01 02:58:48,828 - INFO - Ingress_Exit AW8QY4RT
2025-04-01 02:58:48,932 - INFO - Ingress_Enter I8STPZZH
2025-04-01 02:58:48,941 - INFO - Ingress_Enter RJ28T9UC
2025-04-01 02:58:48,978 - INFO - Ingress_Exit S5W0IFX3
2025-04-01 02:58:48,999 - INFO - Ingress_Exit AHUOLP1W
2025-04-01 02:58:49,010 - INFO - Ingress_Enter MLDV17T1
2025-04-01 02:58:49,210 - INFO - Ingress_Enter P6YSLN0Y
2025-04-01 02:58:49,248 - INFO - Ingress_Enter FAGR6FP8
2025-04-01 02:58:49,251 - INFO - Ingress_Enter WI2XNTAR
2025-04-01 02:58:49,281 - INFO - Ingress_Enter 51DB21N3
2025-04-01 02:58:49,367 - INFO - Ingress_Enter VGHKNOYQ
2025-04-01 02:58:49,437 - INFO - Ingress_Enter B98I6PLQ
2025-04-01 02:58:49,450 - INFO - Ingress_Exit RJ28T9UC
2025-04-01 02:58:49,519 - INFO - Ingress_Enter 5TP26XNP
2025-04-01 02:58:49,725 - INFO - Ingress_Exit MLDV17T1
2025-04-01 02:58:49,730 - INFO - Ingress_Exit I8STPZZH
2025-04-01 02:58:49,825 - INFO - Ingress_Exit FAGR6FP8
2025-04-01 02:58:49,839 - INFO - Ingress_Enter CG3WVV5Y
2025-04-01 02:58:49,871 - INFO - Ingress_Enter 4CZZUB87
2025-04-01 02:58:49,872 - INFO - Ingress_Exit WI2XNTAR
2025-04-01 02:58:49,872 - INFO - Ingress_Exit P6YSLN0Y
2025-04-01 02:58:49,896 - INFO - Ingress_Exit 51DB21N3
2025-04-01 02:58:49,949 - INFO - Ingress_Enter ICXWPU7M
2025-04-01 02:58:50,050 - INFO - Ingress_Exit VGHKNOYQ
2025-04-01 02:58:50,126 - INFO - Ingress_Exit B98I6PLQ
2025-04-01 02:58:50,186 - INFO - Ingress_Exit 5TP26XNP
2025-04-01 02:58:50,210 - INFO - Ingress_Exit ICXWPU7M
2025-04-01 02:58:50,215 - INFO - Ingress_Enter 7DDL4E4W
2025-04-01 02:58:50,217 - INFO - Ingress_Enter 6OG3QWOR
2025-04-01 02:58:50,325 - INFO - Ingress_Enter CNRIDRNH
2025-04-01 02:58:50,326 - INFO - Ingress_Enter QGN7IL36
2025-04-01 02:58:50,354 - INFO - Ingress_Enter PUD4ZM30
2025-04-01 02:58:50,365 - INFO - Ingress_Enter GXVIWR9Y
2025-04-01 02:58:50,474 - INFO - Ingress_Exit 4CZZUB87
2025-04-01 02:58:50,525 - INFO - Ingress_Exit 7DDL4E4W
2025-04-01 02:58:50,600 - INFO - Ingress_Exit 6OG3QWOR
2025-04-01 02:58:50,745 - INFO - Ingress_Exit CG3WVV5Y
2025-04-01 02:58:50,749 - INFO - Ingress_Exit PUD4ZM30
2025-04-01 02:58:50,750 - INFO - Ingress_Exit CNRIDRNH
2025-04-01 02:58:50,751 - INFO - Ingress_Exit GXVIWR9Y
2025-04-01 02:58:50,807 - INFO - Ingress_Exit QGN7IL36
2025-04-01 02:58:51,156 - INFO - Ingress_Enter V5TJURN0
2025-04-01 02:58:51,265 - INFO - Ingress_Enter Y5GXXLO7
2025-04-01 02:58:51,373 - INFO - Ingress_Enter 4FJYSXBH
2025-04-01 02:58:51,413 - INFO - Ingress_Enter XNEDBHRF
2025-04-01 02:58:51,464 - INFO - Ingress_Exit Y5GXXLO7
2025-04-01 02:58:51,518 - INFO - Ingress_Enter G3VP1JM4
2025-04-01 02:58:51,565 - INFO - Ingress_Enter O405WKE9
2025-04-01 02:58:51,594 - INFO - Ingress_Enter 70K1WBS5
2025-04-01 02:58:51,684 - INFO - Ingress_Exit 4FJYSXBH
2025-04-01 02:58:51,700 - INFO - Ingress_Exit XNEDBHRF
2025-04-01 02:58:51,713 - INFO - Ingress_Exit V5TJURN0
2025-04-01 02:58:51,760 - INFO - Ingress_Exit G3VP1JM4
2025-04-01 02:58:51,949 - INFO - Ingress_Exit O405WKE9
2025-04-01 02:58:52,013 - INFO - Ingress_Enter U2L90HXS
2025-04-01 02:58:52,086 - INFO - Ingress_Exit 70K1WBS5
2025-04-01 02:58:52,184 - INFO - Ingress_Enter CPZBDVBG
2025-04-01 02:58:52,328 - INFO - Ingress_Enter KBTE7R7Y
2025-04-01 02:58:52,386 - INFO - Ingress_Enter 1S023R8I
2025-04-01 02:58:52,405 - INFO - Ingress_Enter IU7JV261
2025-04-01 02:58:52,422 - INFO - Ingress_Enter L2THCSS6
2025-04-01 02:58:52,450 - INFO - Ingress_Exit U2L90HXS
2025-04-01 02:58:52,493 - INFO - Ingress_Enter HMJ1FRZJ
2025-04-01 02:58:52,535 - INFO - Ingress_Exit CPZBDVBG
2025-04-01 02:58:52,741 - INFO - Ingress_Enter 6CZISX6N
2025-04-01 02:58:52,758 - INFO - Ingress_Exit 1S023R8I
2025-04-01 02:58:52,802 - INFO - Ingress_Enter DQOORRYD
2025-04-01 02:58:52,938 - INFO - Ingress_Enter IQI22XMR
2025-04-01 02:58:52,940 - INFO - Ingress_Exit KBTE7R7Y
2025-04-01 02:58:52,973 - INFO - Ingress_Enter BZA3FKSC
2025-04-01 02:58:53,052 - INFO - Ingress_Exit L2THCSS6
2025-04-01 02:58:53,058 - INFO - Ingress_Exit IU7JV261
2025-04-01 02:58:53,152 - INFO - Ingress_Enter VLJ522W4
2025-04-01 02:58:53,204 - INFO - Ingress_Enter LUA91FT9
2025-04-01 02:58:53,209 - INFO - Ingress_Exit HMJ1FRZJ
2025-04-01 02:58:53,264 - INFO - Ingress_Enter EEF1R70U
2025-04-01 02:58:53,265 - INFO - Ingress_Exit 6CZISX6N
2025-04-01 02:58:53,324 - INFO - Ingress_Exit DQOORRYD
2025-04-01 02:58:53,346 - INFO - Ingress_Exit IQI22XMR
2025-04-01 02:58:53,413 - INFO - Ingress_Enter GHDYN1XM
2025-04-01 02:58:53,435 - INFO - Ingress_Enter IBTOBS1B
2025-04-01 02:58:53,485 - INFO - Ingress_Exit BZA3FKSC
2025-04-01 02:58:53,522 - INFO - Ingress_Exit LUA91FT9
2025-04-01 02:58:53,523 - INFO - Ingress_Exit VLJ522W4
2025-04-01 02:58:53,614 - INFO - Ingress_Enter 9B5E3CKA
2025-04-01 02:58:53,768 - INFO - Ingress_Exit IBTOBS1B
2025-04-01 02:58:53,796 - INFO - Ingress_Enter XXSI5800
2025-04-01 02:58:53,826 - INFO - Ingress_Enter Y0BSI5J0
2025-04-01 02:58:53,855 - INFO - Ingress_Enter Q2MUEXWW
2025-04-01 02:58:53,931 - INFO - Ingress_Enter CUXKJLI4
2025-04-01 02:58:53,956 - INFO - Ingress_Enter T4CMUUSL
2025-04-01 02:58:53,976 - INFO - Ingress_Exit GHDYN1XM
2025-04-01 02:58:54,092 - INFO - Ingress_Exit EEF1R70U
2025-04-01 02:58:54,230 - INFO - Ingress_Exit XXSI5800
2025-04-01 02:58:54,232 - INFO - Ingress_Exit Y0BSI5J0
2025-04-01 02:58:54,257 - INFO - Ingress_Exit CUXKJLI4
2025-04-01 02:58:54,336 - INFO - Ingress_Exit T4CMUUSL
2025-04-01 02:58:54,338 - INFO - Ingress_Exit 9B5E3CKA
2025-04-01 02:58:54,446 - INFO - Ingress_Exit Q2MUEXWW
2025-04-01 02:58:55,138 - INFO - Ingress_Enter QU6QLDVB
2025-04-01 02:58:55,179 - INFO - Ingress_Enter QY9QXIPW
2025-04-01 02:58:55,195 - INFO - Ingress_Enter TYJY36JZ
2025-04-01 02:58:55,256 - INFO - Ingress_Enter 6Q9EFYOI
2025-04-01 02:58:55,385 - INFO - Ingress_Enter T26PH2DI
2025-04-01 02:58:55,445 - INFO - Ingress_Enter VA2CUK4U
2025-04-01 02:58:55,454 - INFO - Ingress_Enter 19N276XJ
2025-04-01 02:58:55,585 - INFO - Ingress_Enter 66CQ3BTX
2025-04-01 02:58:55,603 - INFO - Ingress_Exit QU6QLDVB
2025-04-01 02:58:55,656 - INFO - Ingress_Exit QY9QXIPW
2025-04-01 02:58:55,676 - INFO - Ingress_Enter V2E1TFDF
2025-04-01 02:58:55,738 - INFO - Ingress_Exit T26PH2DI
2025-04-01 02:58:55,836 - INFO - Ingress_Exit TYJY36JZ
2025-04-01 02:58:55,910 - INFO - Ingress_Exit 66CQ3BTX
2025-04-01 02:58:55,961 - INFO - Ingress_Exit 19N276XJ
2025-04-01 02:58:55,971 - INFO - Ingress_Exit 6Q9EFYOI
2025-04-01 02:58:56,052 - INFO - Ingress_Enter CD4N9N4J
2025-04-01 02:58:56,097 - INFO - Ingress_Enter MB6K7RT2
2025-04-01 02:58:56,116 - INFO - Ingress_Enter HIZCZQHR
2025-04-01 02:58:56,147 - INFO - Ingress_Exit VA2CUK4U
2025-04-01 02:58:56,160 - INFO - Ingress_Exit V2E1TFDF
2025-04-01 02:58:56,270 - INFO - Ingress_Enter 3DTJJFSC
2025-04-01 02:58:56,310 - INFO - Ingress_Enter Y06APQ3U
2025-04-01 02:58:56,373 - INFO - Ingress_Enter RZXXKF89
2025-04-01 02:58:56,404 - INFO - Ingress_Enter JTOT4F1R
2025-04-01 02:58:56,484 - INFO - Ingress_Enter JBG348CT
2025-04-01 02:58:56,603 - INFO - Ingress_Enter TH9CONWZ
2025-04-01 02:58:56,610 - INFO - Ingress_Exit MB6K7RT2
2025-04-01 02:58:56,694 - INFO - Ingress_Exit CD4N9N4J
2025-04-01 02:58:56,724 - INFO - Ingress_Exit HIZCZQHR
2025-04-01 02:58:56,769 - INFO - Ingress_Exit Y06APQ3U
2025-04-01 02:58:56,800 - INFO - Ingress_Exit 3DTJJFSC
2025-04-01 02:58:56,803 - INFO - Ingress_Exit JBG348CT
2025-04-01 02:58:56,871 - INFO - Ingress_Exit RZXXKF89
2025-04-01 02:58:56,913 - INFO - Ingress_Exit JTOT4F1R
2025-04-01 02:58:57,011 - INFO - Ingress_Enter QYG7LSKC
2025-04-01 02:58:57,030 - INFO - Ingress_Enter A8QXNA2F
2025-04-01 02:58:57,064 - INFO - Ingress_Exit TH9CONWZ
2025-04-01 02:58:57,106 - INFO - Ingress_Enter B9G7APPA
2025-04-01 02:58:57,116 - INFO - Ingress_Enter 6SEMFBLG
2025-04-01 02:58:57,265 - INFO - Ingress_Enter 5Y6HLHI7
2025-04-01 02:58:57,300 - INFO - Ingress_Exit QYG7LSKC
2025-04-01 02:58:57,365 - INFO - Ingress_Enter LWQTV390
2025-04-01 02:58:57,435 - INFO - Ingress_Enter 54SZAGMN
2025-04-01 02:58:57,473 - INFO - Ingress_Enter 19JLVY92
2025-04-01 02:58:57,495 - INFO - Ingress_Exit A8QXNA2F
2025-04-01 02:58:57,504 - INFO - Ingress_Enter 3PEW6OE0
2025-04-01 02:58:57,512 - INFO - Ingress_Exit 6SEMFBLG
2025-04-01 02:58:57,565 - INFO - Ingress_Exit B9G7APPA
2025-04-01 02:58:57,574 - INFO - Ingress_Enter 6UCPA2AX
2025-04-01 02:58:57,665 - INFO - Ingress_Enter W2J5KNHP
2025-04-01 02:58:57,728 - INFO - Ingress_Exit LWQTV390
2025-04-01 02:58:57,730 - INFO - Ingress_Exit 54SZAGMN
2025-04-01 02:58:57,813 - INFO - Ingress_Exit 5Y6HLHI7
2025-04-01 02:58:57,873 - INFO - Ingress_Exit 3PEW6OE0
2025-04-01 02:58:57,929 - INFO - Ingress_Exit 19JLVY92
2025-04-01 02:58:58,007 - INFO - Ingress_Exit W2J5KNHP
2025-04-01 02:58:58,110 - INFO - Ingress_Enter DWVJADOO
2025-04-01 02:58:58,157 - INFO - Ingress_Enter EY7D3UI4
2025-04-01 02:58:58,160 - INFO - Ingress_Enter QP1SX3LA
2025-04-01 02:58:58,277 - INFO - Ingress_Enter V32F9W9V
2025-04-01 02:58:58,389 - INFO - Ingress_Exit 6UCPA2AX
2025-04-01 02:58:58,544 - INFO - Ingress_Exit DWVJADOO
2025-04-01 02:58:58,623 - INFO - Ingress_Exit EY7D3UI4
2025-04-01 02:58:58,654 - INFO - Ingress_Enter 1HVRB1EY
2025-04-01 02:58:58,665 - INFO - Ingress_Exit QP1SX3LA
2025-04-01 02:58:58,674 - INFO - Ingress_Enter QA48DTTW
2025-04-01 02:58:58,770 - INFO - Ingress_Exit V32F9W9V
2025-04-01 02:58:58,780 - INFO - Ingress_Enter USK21ER1
2025-04-01 02:58:58,831 - INFO - Ingress_Enter PR4SWK1L
2025-04-01 02:58:58,860 - INFO - Ingress_Enter K0SD0LJO
2025-04-01 02:58:58,987 - INFO - Ingress_Enter E8AD1JZ0
2025-04-01 02:58:59,042 - INFO - Ingress_Enter F10UO103
2025-04-01 02:58:59,074 - INFO - Ingress_Exit 1HVRB1EY
2025-04-01 02:58:59,089 - INFO - Ingress_Exit QA48DTTW
2025-04-01 02:58:59,179 - INFO - Ingress_Exit USK21ER1
2025-04-01 02:58:59,225 - INFO - Ingress_Exit PR4SWK1L
2025-04-01 02:58:59,243 - INFO - Ingress_Exit K0SD0LJO
2025-04-01 02:58:59,349 - INFO - Ingress_Enter 7ENX2H7W
2025-04-01 02:58:59,385 - INFO - Ingress_Enter 7OPHMP39
2025-04-01 02:58:59,387 - INFO - Ingress_Enter AXXG2NQI
2025-04-01 02:58:59,397 - INFO - Ingress_Enter 174KQML5
2025-04-01 02:58:59,435 - INFO - Ingress_Enter DW1TBVMU
2025-04-01 02:58:59,490 - INFO - Ingress_Exit E8AD1JZ0
2025-04-01 02:58:59,595 - INFO - Ingress_Exit F10UO103
2025-04-01 02:58:59,645 - INFO - Ingress_Enter DG9ZZDYK
2025-04-01 02:58:59,734 - INFO - Ingress_Enter GKALLFGC
2025-04-01 02:58:59,873 - INFO - Ingress_Exit 7ENX2H7W
2025-04-01 02:58:59,954 - INFO - Ingress_Enter 3BI0NR6N
2025-04-01 02:58:59,966 - INFO - Ingress_Exit DW1TBVMU
2025-04-01 02:58:59,977 - INFO - Ingress_Exit AXXG2NQI
2025-04-01 02:59:00,054 - INFO - Ingress_Exit 7OPHMP39
2025-04-01 02:59:00,057 - INFO - Ingress_Enter FUKMQCFD
2025-04-01 02:59:00,086 - INFO - Ingress_Enter MHPBN1Y0
2025-04-01 02:59:00,101 - INFO - Ingress_Enter 8N4NP5PX
2025-04-01 02:59:00,172 - INFO - Ingress_Exit GKALLFGC
2025-04-01 02:59:00,181 - INFO - Ingress_Exit 174KQML5
2025-04-01 02:59:00,192 - INFO - Ingress_Exit 8N4NP5PX
2025-04-01 02:59:00,256 - INFO - Ingress_Exit DG9ZZDYK
2025-04-01 02:59:00,320 - INFO - Ingress_Enter A6L7XZO0
2025-04-01 02:59:00,349 - INFO - Ingress_Exit 3BI0NR6N
2025-04-01 02:59:00,553 - INFO - Ingress_Enter 7YPUX3GV
2025-04-01 02:59:00,683 - INFO - Ingress_Enter GX4Q1PAU
2025-04-01 02:59:00,795 - INFO - Ingress_Enter PK3PW8BE
2025-04-01 02:59:00,798 - INFO - Ingress_Exit FUKMQCFD
2025-04-01 02:59:00,799 - INFO - Ingress_Exit MHPBN1Y0
2025-04-01 02:59:00,860 - INFO - Ingress_Enter T7G3HDWQ
2025-04-01 02:59:00,877 - INFO - Ingress_Exit 7YPUX3GV
2025-04-01 02:59:00,923 - INFO - Ingress_Exit GX4Q1PAU
2025-04-01 02:59:00,955 - INFO - Ingress_Exit PK3PW8BE
2025-04-01 02:59:00,999 - INFO - Ingress_Exit A6L7XZO0
2025-04-01 02:59:01,043 - INFO - Ingress_Enter Q025OP7Y
2025-04-01 02:59:01,306 - INFO - Ingress_Enter UCTVD146
2025-04-01 02:59:01,335 - INFO - Ingress_Enter DMQCF8MF
2025-04-01 02:59:01,364 - INFO - Ingress_Enter WYUPKTL5
2025-04-01 02:59:01,370 - INFO - Ingress_Exit T7G3HDWQ
2025-04-01 02:59:01,394 - INFO - Ingress_Enter 38JM4EH6
2025-04-01 02:59:01,395 - INFO - Ingress_Enter ER8T23TG
2025-04-01 02:59:01,514 - INFO - Ingress_Enter OYEVC6IM
2025-04-01 02:59:01,584 - INFO - Ingress_Enter UAZVQOKX
2025-04-01 02:59:01,653 - INFO - Ingress_Enter JR9QPOMH
2025-04-01 02:59:01,769 - INFO - Ingress_Exit Q025OP7Y
2025-04-01 02:59:01,873 - INFO - Ingress_Exit UCTVD146
2025-04-01 02:59:01,875 - INFO - Ingress_Exit 38JM4EH6
2025-04-01 02:59:01,891 - INFO - Ingress_Enter MASTEGR8
2025-04-01 02:59:01,921 - INFO - Ingress_Exit WYUPKTL5
2025-04-01 02:59:01,923 - INFO - Ingress_Exit DMQCF8MF
2025-04-01 02:59:01,941 - INFO - Ingress_Enter R0479G06
2025-04-01 02:59:01,969 - INFO - Ingress_Enter 1CD3PRYP
2025-04-01 02:59:01,970 - INFO - Ingress_Exit JR9QPOMH
2025-04-01 02:59:01,976 - INFO - Ingress_Exit ER8T23TG
2025-04-01 02:59:01,996 - INFO - Ingress_Exit UAZVQOKX
2025-04-01 02:59:02,000 - INFO - Ingress_Enter TR51FVGA
2025-04-01 02:59:02,030 - INFO - Ingress_Exit OYEVC6IM
2025-04-01 02:59:02,109 - INFO - Ingress_Enter HHGZ0J6Y
2025-04-01 02:59:02,152 - INFO - Ingress_Enter 5BXW4Y74
2025-04-01 02:59:02,308 - INFO - Ingress_Enter LE17K2FS
2025-04-01 02:59:02,327 - INFO - Ingress_Enter 6E5BWWMA
2025-04-01 02:59:02,334 - INFO - Ingress_Exit MASTEGR8
2025-04-01 02:59:02,369 - INFO - Ingress_Exit R0479G06
2025-04-01 02:59:02,391 - INFO - Ingress_Exit TR51FVGA
2025-04-01 02:59:02,498 - INFO - Ingress_Exit 1CD3PRYP
2025-04-01 02:59:02,525 - INFO - Ingress_Enter 6WPH235T
2025-04-01 02:59:02,556 - INFO - Ingress_Enter T2R2AVGE
2025-04-01 02:59:02,615 - INFO - Ingress_Enter VM1G84W7
2025-04-01 02:59:02,617 - INFO - Ingress_Exit 5BXW4Y74
2025-04-01 02:59:02,715 - INFO - Ingress_Exit 6E5BWWMA
2025-04-01 02:59:02,763 - INFO - Ingress_Exit HHGZ0J6Y
2025-04-01 02:59:02,843 - INFO - Ingress_Enter UE2IFO2L
2025-04-01 02:59:02,844 - INFO - Ingress_Exit 6WPH235T
2025-04-01 02:59:02,873 - INFO - Ingress_Exit LE17K2FS
2025-04-01 02:59:02,980 - INFO - Ingress_Enter TU30T174
2025-04-01 02:59:03,010 - INFO - Ingress_Enter RETHY4F0
2025-04-01 02:59:03,116 - INFO - Ingress_Exit VM1G84W7
2025-04-01 02:59:03,159 - INFO - Ingress_Exit T2R2AVGE
2025-04-01 02:59:03,269 - INFO - Ingress_Enter D8EAW2D5
2025-04-01 02:59:03,289 - INFO - Ingress_Enter 0SW7V9IK
2025-04-01 02:59:03,304 - INFO - Ingress_Enter 6YA6WNV0
2025-04-01 02:59:03,310 - INFO - Ingress_Enter MTAXVSUY
2025-04-01 02:59:03,324 - INFO - Ingress_Exit TU30T174
2025-04-01 02:59:03,547 - INFO - Ingress_Exit RETHY4F0
2025-04-01 02:59:03,735 - INFO - Ingress_Enter M5Y4T3G4
2025-04-01 02:59:03,837 - INFO - Ingress_Exit UE2IFO2L
2025-04-01 02:59:03,844 - INFO - Ingress_Exit 0SW7V9IK
2025-04-01 02:59:03,919 - INFO - Ingress_Exit D8EAW2D5
2025-04-01 02:59:04,009 - INFO - Ingress_Exit 6YA6WNV0
2025-04-01 02:59:04,010 - INFO - Ingress_Exit MTAXVSUY
2025-04-01 02:59:04,014 - INFO - Ingress_Enter 13OY4DZ2
2025-04-01 02:59:04,111 - INFO - Ingress_Enter B3BKVSZK
2025-04-01 02:59:04,188 - INFO - Ingress_Enter B3VC9WNP
2025-04-01 02:59:04,251 - INFO - Ingress_Enter 6M7E9T86
2025-04-01 02:59:04,310 - INFO - Ingress_Enter HMPNJMGN
2025-04-01 02:59:04,318 - INFO - Ingress_Enter SZ21XAJ7
2025-04-01 02:59:04,409 - INFO - Ingress_Enter 1T4VT76H
2025-04-01 02:59:04,482 - INFO - Ingress_Exit M5Y4T3G4
2025-04-01 02:59:04,587 - INFO - Ingress_Exit 13OY4DZ2
2025-04-01 02:59:04,589 - INFO - Ingress_Exit 6M7E9T86
2025-04-01 02:59:04,654 - INFO - Ingress_Exit B3BKVSZK
2025-04-01 02:59:04,838 - INFO - Ingress_Exit SZ21XAJ7
2025-04-01 02:59:04,841 - INFO - Ingress_Enter G6J700QH
2025-04-01 02:59:04,872 - INFO - Ingress_Enter OQLRPGL6
2025-04-01 02:59:04,873 - INFO - Ingress_Exit HMPNJMGN
2025-04-01 02:59:04,879 - INFO - Ingress_Exit B3VC9WNP
2025-04-01 02:59:04,944 - INFO - Ingress_Enter T3AAJOCY
2025-04-01 02:59:05,054 - INFO - Ingress_Enter 13ZKB8PA
2025-04-01 02:59:05,084 - INFO - Ingress_Enter H7UE0MK5
2025-04-01 02:59:05,124 - INFO - Ingress_Enter JFBFX6Z8
2025-04-01 02:59:05,178 - INFO - Ingress_Exit G6J700QH
2025-04-01 02:59:05,225 - INFO - Ingress_Exit OQLRPGL6
2025-04-01 02:59:05,258 - INFO - Ingress_Exit 1T4VT76H
2025-04-01 02:59:05,373 - INFO - Ingress_Exit T3AAJOCY
2025-04-01 02:59:05,439 - INFO - Ingress_Enter 2GKSSKII
2025-04-01 02:59:05,443 - INFO - Ingress_Enter EIHEM9AX
2025-04-01 02:59:05,482 - INFO - Ingress_Exit JFBFX6Z8
2025-04-01 02:59:05,511 - INFO - Ingress_Exit H7UE0MK5
2025-04-01 02:59:05,513 - INFO - Ingress_Enter C0JVQJ9M
2025-04-01 02:59:05,601 - INFO - Ingress_Enter I0Y1VIB2
2025-04-01 02:59:05,760 - INFO - Ingress_Exit 13ZKB8PA
2025-04-01 02:59:05,788 - INFO - Ingress_Enter RYXN5OY4
2025-04-01 02:59:05,852 - INFO - Ingress_Enter JUQEFO6W
2025-04-01 02:59:05,907 - INFO - Ingress_Enter Z93X4VS3
2025-04-01 02:59:05,920 - INFO - Ingress_Enter CFNS907I
2025-04-01 02:59:06,012 - INFO - Ingress_Exit EIHEM9AX
2025-04-01 02:59:06,094 - INFO - Ingress_Exit I0Y1VIB2
2025-04-01 02:59:06,109 - INFO - Ingress_Exit C0JVQJ9M
2025-04-01 02:59:06,117 - INFO - Ingress_Enter 6XE3QE2E
2025-04-01 02:59:06,146 - INFO - Ingress_Enter 4V08QCE4
2025-04-01 02:59:06,219 - INFO - Ingress_Exit 2GKSSKII
2025-04-01 02:59:06,235 - INFO - Ingress_Enter SJ57I3D0
2025-04-01 02:59:06,324 - INFO - Ingress_Enter OIVANN09
2025-04-01 02:59:06,393 - INFO - Ingress_Exit RYXN5OY4
2025-04-01 02:59:06,494 - INFO - Ingress_Exit CFNS907I
2025-04-01 02:59:06,534 - INFO - Ingress_Exit JUQEFO6W
2025-04-01 02:59:06,704 - INFO - Ingress_Exit Z93X4VS3
2025-04-01 02:59:06,745 - INFO - Ingress_Exit 4V08QCE4
2025-04-01 02:59:06,880 - INFO - Ingress_Enter OUED4L3D
2025-04-01 02:59:06,895 - INFO - Ingress_Exit SJ57I3D0
2025-04-01 02:59:06,897 - INFO - Ingress_Exit 6XE3QE2E
2025-04-01 02:59:06,969 - INFO - Ingress_Enter J9E3UC36
2025-04-01 02:59:06,979 - INFO - Ingress_Exit OIVANN09
2025-04-01 02:59:07,036 - INFO - Ingress_Enter IHYX9GU1
2025-04-01 02:59:07,215 - INFO - Ingress_Enter L0M5J8NY
2025-04-01 02:59:07,294 - INFO - Ingress_Enter M3B67M50
2025-04-01 02:59:07,305 - INFO - Ingress_Enter KOLXIZ0U
2025-04-01 02:59:07,411 - INFO - Ingress_Enter 6GLOK06H
2025-04-01 02:59:07,492 - INFO - Ingress_Enter XJ1MOKWT
2025-04-01 02:59:07,501 - INFO - Ingress_Enter VR41I9CB
2025-04-01 02:59:07,503 - INFO - Ingress_Enter KYWDRLQ6
2025-04-01 02:59:07,560 - INFO - Ingress_Enter T47I4CAH
2025-04-01 02:59:07,623 - INFO - Ingress_Exit J9E3UC36
2025-04-01 02:59:07,696 - INFO - Ingress_Exit OUED4L3D
2025-04-01 02:59:07,699 - INFO - Ingress_Exit IHYX9GU1
2025-04-01 02:59:07,772 - INFO - Ingress_Exit KYWDRLQ6
2025-04-01 02:59:07,807 - INFO - Ingress_Exit T47I4CAH
2025-04-01 02:59:07,815 - INFO - Ingress_Exit M3B67M50
2025-04-01 02:59:07,953 - INFO - Ingress_Exit 6GLOK06H
2025-04-01 02:59:08,000 - INFO - Ingress_Exit KOLXIZ0U
2025-04-01 02:59:08,005 - INFO - Ingress_Exit L0M5J8NY
2025-04-01 02:59:08,142 - INFO - Ingress_Exit VR41I9CB
2025-04-01 02:59:08,177 - INFO - Ingress_Exit XJ1MOKWT
2025-04-01 02:59:08,875 - INFO - Ingress_Enter F7JUQHPV
2025-04-01 02:59:09,630 - INFO - Ingress_Exit F7JUQHPV
