2025-04-12 19:18:01,936 - INFO - StepToxCheck_Enter KQ599TCY
2025-04-12 19:18:01,966 - INFO - StepToxCheck_Exit KQ599TCY
2025-04-12 19:18:02,120 - INFO - StepToxCheck_Enter 9GQ5HMJV
2025-04-12 19:18:02,147 - INFO - StepToxCheck_Exit 9GQ5HMJV
2025-04-12 19:18:02,200 - INFO - StepToxCheck_Enter C4KQ8S3S
2025-04-12 19:18:02,224 - INFO - StepToxCheck_Exit C4KQ8S3S
2025-04-12 19:18:02,325 - INFO - StepToxCheck_Enter JJZKIEYY
2025-04-12 19:18:02,348 - INFO - StepToxCheck_Exit JJZKIEYY
2025-04-12 19:18:02,515 - INFO - StepToxCheck_Enter YX5PSU93
2025-04-12 19:18:02,543 - INFO - StepToxCheck_Exit YX5PSU93
2025-04-12 19:18:02,685 - INFO - StepToxCheck_Enter XGMMDLZO
2025-04-12 19:18:02,713 - INFO - StepToxCheck_Exit XGMMDLZO
2025-04-12 19:18:02,833 - INFO - StepToxCheck_Enter GX47FH1K
2025-04-12 19:18:02,869 - INFO - StepToxCheck_Exit GX47FH1K
2025-04-12 19:18:02,990 - INFO - StepToxCheck_Enter 7PNUDUKN
2025-04-12 19:18:03,024 - INFO - StepToxCheck_Exit 7PNUDUKN
2025-04-12 19:18:03,164 - INFO - StepToxCheck_Enter 5S62MVG1
2025-04-12 19:18:03,190 - INFO - StepToxCheck_Exit 5S62MVG1
2025-04-12 19:18:03,309 - INFO - StepToxCheck_Enter LKSOCMDA
2025-04-12 19:18:03,344 - INFO - StepToxCheck_Exit LKSOCMDA
2025-04-12 19:18:03,531 - INFO - StepToxCheck_Enter ZT8P8NA7
2025-04-12 19:18:03,566 - INFO - StepToxCheck_Exit ZT8P8NA7
2025-04-12 19:18:03,678 - INFO - StepToxCheck_Enter ZPGKSHUM
2025-04-12 19:18:03,714 - INFO - StepToxCheck_Exit ZPGKSHUM
2025-04-12 19:18:03,815 - INFO - StepToxCheck_Enter CTDYBS8W
2025-04-12 19:18:03,849 - INFO - StepToxCheck_Exit CTDYBS8W
2025-04-12 19:18:03,987 - INFO - StepToxCheck_Enter VPU5ER6M
2025-04-12 19:18:04,022 - INFO - StepToxCheck_Exit VPU5ER6M
2025-04-12 19:18:04,189 - INFO - StepToxCheck_Enter 3QOZOLL5
2025-04-12 19:18:04,227 - INFO - StepToxCheck_Exit 3QOZOLL5
2025-04-12 19:18:04,320 - INFO - StepToxCheck_Enter 3KS9YQI2
2025-04-12 19:18:04,354 - INFO - StepToxCheck_Exit 3KS9YQI2
2025-04-12 19:18:04,493 - INFO - StepToxCheck_Enter FUVBGU7C
2025-04-12 19:18:04,528 - INFO - StepToxCheck_Exit FUVBGU7C
2025-04-12 19:18:04,657 - INFO - StepToxCheck_Enter 330MN67O
2025-04-12 19:18:04,692 - INFO - StepToxCheck_Exit 330MN67O
2025-04-12 19:18:04,835 - INFO - StepToxCheck_Enter LHQK84IE
2025-04-12 19:18:04,870 - INFO - StepToxCheck_Exit LHQK84IE
2025-04-12 19:18:04,990 - INFO - StepToxCheck_Enter KNP8LIY0
2025-04-12 19:18:05,029 - INFO - StepToxCheck_Exit KNP8LIY0
2025-04-12 19:18:05,197 - INFO - StepToxCheck_Enter C3SALHRJ
2025-04-12 19:18:05,236 - INFO - StepToxCheck_Exit C3SALHRJ
2025-04-12 19:18:05,341 - INFO - StepToxCheck_Enter 79DCTYKY
2025-04-12 19:18:05,377 - INFO - StepToxCheck_Exit 79DCTYKY
2025-04-12 19:18:05,499 - INFO - StepToxCheck_Enter B7YMPQA5
2025-04-12 19:18:05,538 - INFO - StepToxCheck_Exit B7YMPQA5
2025-04-12 19:18:05,664 - INFO - StepToxCheck_Enter CY7Z8Y5M
2025-04-12 19:18:05,702 - INFO - StepToxCheck_Exit CY7Z8Y5M
2025-04-12 19:18:05,837 - INFO - StepToxCheck_Enter 935Z4OAY
2025-04-12 19:18:05,874 - INFO - StepToxCheck_Exit 935Z4OAY
2025-04-12 19:18:06,021 - INFO - StepToxCheck_Enter 89L1MEOU
2025-04-12 19:18:06,056 - INFO - StepToxCheck_Exit 89L1MEOU
2025-04-12 19:18:06,218 - INFO - StepToxCheck_Enter WVBGS8YH
2025-04-12 19:18:06,254 - INFO - StepToxCheck_Exit WVBGS8YH
2025-04-12 19:18:06,346 - INFO - StepToxCheck_Enter XG5T171K
2025-04-12 19:18:06,382 - INFO - StepToxCheck_Exit XG5T171K
2025-04-12 19:18:06,508 - INFO - StepToxCheck_Enter 7CPH4QD3
2025-04-12 19:18:06,542 - INFO - StepToxCheck_Exit 7CPH4QD3
2025-04-12 19:18:06,668 - INFO - StepToxCheck_Enter ZCQ62X0T
2025-04-12 19:18:06,706 - INFO - StepToxCheck_Exit ZCQ62X0T
2025-04-12 19:18:06,842 - INFO - StepToxCheck_Enter ECMYD3EO
2025-04-12 19:18:06,881 - INFO - StepToxCheck_Exit ECMYD3EO
2025-04-12 19:18:07,004 - INFO - StepToxCheck_Enter JRHC8FUU
2025-04-12 19:18:07,038 - INFO - StepToxCheck_Exit JRHC8FUU
2025-04-12 19:18:07,153 - INFO - StepToxCheck_Enter 2MNRB1V1
2025-04-12 19:18:07,189 - INFO - StepToxCheck_Exit 2MNRB1V1
2025-04-12 19:18:07,339 - INFO - StepToxCheck_Enter V10E3UWQ
2025-04-12 19:18:07,376 - INFO - StepToxCheck_Exit V10E3UWQ
2025-04-12 19:18:07,547 - INFO - StepToxCheck_Enter 3LB8ATCI
2025-04-12 19:18:07,586 - INFO - StepToxCheck_Exit 3LB8ATCI
2025-04-12 19:18:07,683 - INFO - StepToxCheck_Enter CN7T0319
2025-04-12 19:18:07,718 - INFO - StepToxCheck_Exit CN7T0319
2025-04-12 19:18:07,826 - INFO - StepToxCheck_Enter OAO8WGLK
2025-04-12 19:18:07,861 - INFO - StepToxCheck_Exit OAO8WGLK
2025-04-12 19:18:07,981 - INFO - StepToxCheck_Enter HMJWI5TO
2025-04-12 19:18:08,018 - INFO - StepToxCheck_Exit HMJWI5TO
2025-04-12 19:18:08,167 - INFO - StepToxCheck_Enter 04GHKNB7
2025-04-12 19:18:08,204 - INFO - StepToxCheck_Exit 04GHKNB7
2025-04-12 19:18:08,315 - INFO - StepToxCheck_Enter VH7MMOZR
2025-04-12 19:18:08,350 - INFO - StepToxCheck_Exit VH7MMOZR
2025-04-12 19:18:08,498 - INFO - StepToxCheck_Enter WAE25T06
2025-04-12 19:18:08,533 - INFO - StepToxCheck_Exit WAE25T06
2025-04-12 19:18:08,676 - INFO - StepToxCheck_Enter GHBOBWFR
2025-04-12 19:18:08,711 - INFO - StepToxCheck_Exit GHBOBWFR
2025-04-12 19:18:08,820 - INFO - StepToxCheck_Enter FZPJHITX
2025-04-12 19:18:08,855 - INFO - StepToxCheck_Exit FZPJHITX
2025-04-12 19:18:08,982 - INFO - StepToxCheck_Enter XS2JITXW
2025-04-12 19:18:09,020 - INFO - StepToxCheck_Exit XS2JITXW
2025-04-12 19:18:09,173 - INFO - StepToxCheck_Enter NQBTROD3
2025-04-12 19:18:09,208 - INFO - StepToxCheck_Exit NQBTROD3
2025-04-12 19:18:09,345 - INFO - StepToxCheck_Enter DG09VIMT
2025-04-12 19:18:09,381 - INFO - StepToxCheck_Exit DG09VIMT
2025-04-12 19:18:09,506 - INFO - StepToxCheck_Enter 84BCOBMX
2025-04-12 19:18:09,541 - INFO - StepToxCheck_Exit 84BCOBMX
2025-04-12 19:18:09,695 - INFO - StepToxCheck_Enter ZWILI4FI
2025-04-12 19:18:09,730 - INFO - StepToxCheck_Exit ZWILI4FI
2025-04-12 19:18:09,847 - INFO - StepToxCheck_Enter MSOF3KRU
2025-04-12 19:18:09,882 - INFO - StepToxCheck_Exit MSOF3KRU
2025-04-12 19:18:10,015 - INFO - StepToxCheck_Enter 7WE8RUOE
2025-04-12 19:18:10,050 - INFO - StepToxCheck_Exit 7WE8RUOE
2025-04-12 19:18:10,164 - INFO - StepToxCheck_Enter QSTJIKX7
2025-04-12 19:18:10,198 - INFO - StepToxCheck_Exit QSTJIKX7
2025-04-12 19:18:10,333 - INFO - StepToxCheck_Enter IBH7QJJ3
2025-04-12 19:18:10,367 - INFO - StepToxCheck_Exit IBH7QJJ3
2025-04-12 19:18:10,491 - INFO - StepToxCheck_Enter RRL6S553
2025-04-12 19:18:10,526 - INFO - StepToxCheck_Exit RRL6S553
2025-04-12 19:18:10,693 - INFO - StepToxCheck_Enter K9M8JR79
2025-04-12 19:18:10,727 - INFO - StepToxCheck_Exit K9M8JR79
2025-04-12 19:18:10,836 - INFO - StepToxCheck_Enter JSTTPTFZ
2025-04-12 19:18:10,870 - INFO - StepToxCheck_Exit JSTTPTFZ
2025-04-12 19:18:11,023 - INFO - StepToxCheck_Enter VZFHRC92
2025-04-12 19:18:11,058 - INFO - StepToxCheck_Exit VZFHRC92
2025-04-12 19:18:11,180 - INFO - StepToxCheck_Enter GQ64GZ6P
2025-04-12 19:18:11,215 - INFO - StepToxCheck_Exit GQ64GZ6P
2025-04-12 19:18:11,355 - INFO - StepToxCheck_Enter 5E7VC89J
2025-04-12 19:18:11,393 - INFO - StepToxCheck_Exit 5E7VC89J
2025-04-12 19:18:11,556 - INFO - StepToxCheck_Enter F4WBY5X3
2025-04-12 19:18:11,591 - INFO - StepToxCheck_Exit F4WBY5X3
2025-04-12 19:18:11,678 - INFO - StepToxCheck_Enter ER5CE4DI
2025-04-12 19:18:11,713 - INFO - StepToxCheck_Exit ER5CE4DI
2025-04-12 19:18:11,830 - INFO - StepToxCheck_Enter 1IHEOV3A
2025-04-12 19:18:11,865 - INFO - StepToxCheck_Exit 1IHEOV3A
2025-04-12 19:18:11,997 - INFO - StepToxCheck_Enter GEW5FYBK
2025-04-12 19:18:12,032 - INFO - StepToxCheck_Exit GEW5FYBK
2025-04-12 19:18:12,178 - INFO - StepToxCheck_Enter 8XAP9HJ5
2025-04-12 19:18:12,214 - INFO - StepToxCheck_Exit 8XAP9HJ5
2025-04-12 19:18:12,353 - INFO - StepToxCheck_Enter GH42G11G
2025-04-12 19:18:12,390 - INFO - StepToxCheck_Exit GH42G11G
2025-04-12 19:18:12,495 - INFO - StepToxCheck_Enter 9HPTY9ZG
2025-04-12 19:18:12,530 - INFO - StepToxCheck_Exit 9HPTY9ZG
2025-04-12 19:18:12,676 - INFO - StepToxCheck_Enter KMO3T2QL
2025-04-12 19:18:12,712 - INFO - StepToxCheck_Exit KMO3T2QL
2025-04-12 19:18:12,836 - INFO - StepToxCheck_Enter DROBSUGO
2025-04-12 19:18:12,871 - INFO - StepToxCheck_Exit DROBSUGO
2025-04-12 19:18:13,054 - INFO - StepToxCheck_Enter D5R7QTG4
2025-04-12 19:18:13,089 - INFO - StepToxCheck_Exit D5R7QTG4
2025-04-12 19:18:13,157 - INFO - StepToxCheck_Enter A3TJ8F1L
2025-04-12 19:18:13,192 - INFO - StepToxCheck_Exit A3TJ8F1L
2025-04-12 19:18:13,327 - INFO - StepToxCheck_Enter EERA0MT0
2025-04-12 19:18:13,362 - INFO - StepToxCheck_Exit EERA0MT0
2025-04-12 19:18:13,548 - INFO - StepToxCheck_Enter 6OSN13FJ
2025-04-12 19:18:13,584 - INFO - StepToxCheck_Exit 6OSN13FJ
2025-04-12 19:18:13,656 - INFO - StepToxCheck_Enter Q4TJWQCM
2025-04-12 19:18:13,690 - INFO - StepToxCheck_Exit Q4TJWQCM
2025-04-12 19:18:13,856 - INFO - StepToxCheck_Enter ZZ3KG1ZL
2025-04-12 19:18:13,893 - INFO - StepToxCheck_Exit ZZ3KG1ZL
2025-04-12 19:18:14,023 - INFO - StepToxCheck_Enter 0I2TI0K8
2025-04-12 19:18:14,061 - INFO - StepToxCheck_Exit 0I2TI0K8
2025-04-12 19:18:14,172 - INFO - StepToxCheck_Enter CC4LQLK1
2025-04-12 19:18:14,206 - INFO - StepToxCheck_Exit CC4LQLK1
2025-04-12 19:18:14,358 - INFO - StepToxCheck_Enter BXXV6IUU
2025-04-12 19:18:14,393 - INFO - StepToxCheck_Exit BXXV6IUU
2025-04-12 19:18:14,484 - INFO - StepToxCheck_Enter FUUBQAIL
2025-04-12 19:18:14,519 - INFO - StepToxCheck_Exit FUUBQAIL
2025-04-12 19:18:14,649 - INFO - StepToxCheck_Enter 4M3E08F6
2025-04-12 19:18:14,684 - INFO - StepToxCheck_Exit 4M3E08F6
2025-04-12 19:18:14,825 - INFO - StepToxCheck_Enter 5ZTS9SR0
2025-04-12 19:18:14,864 - INFO - StepToxCheck_Exit 5ZTS9SR0
2025-04-12 19:18:15,009 - INFO - StepToxCheck_Enter LJI90KS8
2025-04-12 19:18:15,043 - INFO - StepToxCheck_Exit LJI90KS8
2025-04-12 19:18:15,180 - INFO - StepToxCheck_Enter W019SNBA
2025-04-12 19:18:15,215 - INFO - StepToxCheck_Exit W019SNBA
2025-04-12 19:18:15,369 - INFO - StepToxCheck_Enter SAPZO42A
2025-04-12 19:18:15,404 - INFO - StepToxCheck_Exit SAPZO42A
2025-04-12 19:18:15,498 - INFO - StepToxCheck_Enter GJKM3RAG
2025-04-12 19:18:15,541 - INFO - StepToxCheck_Exit GJKM3RAG
2025-04-12 19:18:15,705 - INFO - StepToxCheck_Enter CAUSKLPA
2025-04-12 19:18:15,739 - INFO - StepToxCheck_Exit CAUSKLPA
2025-04-12 19:18:15,843 - INFO - StepToxCheck_Enter FE8YPEZV
2025-04-12 19:18:15,881 - INFO - StepToxCheck_Exit FE8YPEZV
2025-04-12 19:18:15,999 - INFO - StepToxCheck_Enter F20XP48G
2025-04-12 19:18:16,037 - INFO - StepToxCheck_Exit F20XP48G
2025-04-12 19:18:16,192 - INFO - StepToxCheck_Enter HMCAQJKQ
2025-04-12 19:18:16,228 - INFO - StepToxCheck_Exit HMCAQJKQ
2025-04-12 19:18:16,379 - INFO - StepToxCheck_Enter FN0UVD7M
2025-04-12 19:18:16,414 - INFO - StepToxCheck_Exit FN0UVD7M
2025-04-12 19:18:16,509 - INFO - StepToxCheck_Enter 3QV24MQJ
2025-04-12 19:18:16,547 - INFO - StepToxCheck_Exit 3QV24MQJ
2025-04-12 19:18:16,676 - INFO - StepToxCheck_Enter 422KOUST
2025-04-12 19:18:16,711 - INFO - StepToxCheck_Exit 422KOUST
2025-04-12 19:18:16,869 - INFO - StepToxCheck_Enter 5XU56BOQ
2025-04-12 19:18:16,908 - INFO - StepToxCheck_Exit 5XU56BOQ
2025-04-12 19:18:17,043 - INFO - StepToxCheck_Enter W5H6F3EM
2025-04-12 19:18:17,078 - INFO - StepToxCheck_Exit W5H6F3EM
2025-04-12 19:18:17,173 - INFO - StepToxCheck_Enter HZO5V04Q
2025-04-12 19:18:17,208 - INFO - StepToxCheck_Exit HZO5V04Q
2025-04-12 19:18:17,330 - INFO - StepToxCheck_Enter DBW9M48W
2025-04-12 19:18:17,365 - INFO - StepToxCheck_Exit DBW9M48W
2025-04-12 19:18:17,496 - INFO - StepToxCheck_Enter R3EFLITA
2025-04-12 19:18:17,531 - INFO - StepToxCheck_Exit R3EFLITA
2025-04-12 19:18:17,717 - INFO - StepToxCheck_Enter HAU5BOYR
2025-04-12 19:18:17,751 - INFO - StepToxCheck_Exit HAU5BOYR
2025-04-12 19:18:17,837 - INFO - StepToxCheck_Enter 4UUPMTIE
2025-04-12 19:18:17,874 - INFO - StepToxCheck_Exit 4UUPMTIE
2025-04-12 19:18:18,012 - INFO - StepToxCheck_Enter UCON08EL
2025-04-12 19:18:18,048 - INFO - StepToxCheck_Exit UCON08EL
2025-04-12 19:18:18,177 - INFO - StepToxCheck_Enter T84G5REJ
2025-04-12 19:18:18,211 - INFO - StepToxCheck_Exit T84G5REJ
2025-04-12 19:18:18,350 - INFO - StepToxCheck_Enter 3GHQI0DC
2025-04-12 19:18:18,385 - INFO - StepToxCheck_Exit 3GHQI0DC
2025-04-12 19:18:18,500 - INFO - StepToxCheck_Enter TQICVYFT
2025-04-12 19:18:18,538 - INFO - StepToxCheck_Exit TQICVYFT
2025-04-12 19:18:18,672 - INFO - StepToxCheck_Enter CY14CCG8
2025-04-12 19:18:18,710 - INFO - StepToxCheck_Exit CY14CCG8
2025-04-12 19:18:18,874 - INFO - StepToxCheck_Enter CUSNPQKZ
2025-04-12 19:18:18,909 - INFO - StepToxCheck_Exit CUSNPQKZ
2025-04-12 19:18:19,006 - INFO - StepToxCheck_Enter CM6OOECB
2025-04-12 19:18:19,041 - INFO - StepToxCheck_Exit CM6OOECB
2025-04-12 19:18:19,176 - INFO - StepToxCheck_Enter W99IDH82
2025-04-12 19:18:19,211 - INFO - StepToxCheck_Exit W99IDH82
2025-04-12 19:18:19,381 - INFO - StepToxCheck_Enter VRLQMDNV
2025-04-12 19:18:19,415 - INFO - StepToxCheck_Exit VRLQMDNV
2025-04-12 19:18:19,527 - INFO - StepToxCheck_Enter FDGZZMTG
2025-04-12 19:18:19,562 - INFO - StepToxCheck_Exit FDGZZMTG
2025-04-12 19:18:19,694 - INFO - StepToxCheck_Enter BWU1LNU6
2025-04-12 19:18:19,729 - INFO - StepToxCheck_Exit BWU1LNU6
2025-04-12 19:18:19,833 - INFO - StepToxCheck_Enter NRVPB1WO
2025-04-12 19:18:19,868 - INFO - StepToxCheck_Exit NRVPB1WO
2025-04-12 19:18:20,024 - INFO - StepToxCheck_Enter LVMMNF5Z
2025-04-12 19:18:20,059 - INFO - StepToxCheck_Exit LVMMNF5Z
2025-04-12 19:18:20,168 - INFO - StepToxCheck_Enter NG2MQEY8
2025-04-12 19:18:20,203 - INFO - StepToxCheck_Exit NG2MQEY8
2025-04-12 19:18:20,355 - INFO - StepToxCheck_Enter LAABQ464
2025-04-12 19:18:20,390 - INFO - StepToxCheck_Exit LAABQ464
2025-04-12 19:18:20,497 - INFO - StepToxCheck_Enter YNX7PLAD
2025-04-12 19:18:20,531 - INFO - StepToxCheck_Exit YNX7PLAD
2025-04-12 19:18:20,682 - INFO - StepToxCheck_Enter YB9Y5476
2025-04-12 19:18:20,717 - INFO - StepToxCheck_Exit YB9Y5476
2025-04-12 19:18:20,837 - INFO - StepToxCheck_Enter PFGVIYLX
2025-04-12 19:18:20,872 - INFO - StepToxCheck_Exit PFGVIYLX
2025-04-12 19:18:21,024 - INFO - StepToxCheck_Enter I4G73DYD
2025-04-12 19:18:21,059 - INFO - StepToxCheck_Exit I4G73DYD
2025-04-12 19:18:21,184 - INFO - StepToxCheck_Enter 8SJDK7VC
2025-04-12 19:18:21,219 - INFO - StepToxCheck_Exit 8SJDK7VC
2025-04-12 19:18:21,341 - INFO - StepToxCheck_Enter Q4TVZUCS
2025-04-12 19:18:21,376 - INFO - StepToxCheck_Exit Q4TVZUCS
2025-04-12 19:18:21,507 - INFO - StepToxCheck_Enter 7T0EHBWC
2025-04-12 19:18:21,541 - INFO - StepToxCheck_Exit 7T0EHBWC
2025-04-12 19:18:21,708 - INFO - StepToxCheck_Enter QRIA1S3Q
2025-04-12 19:18:21,744 - INFO - StepToxCheck_Exit QRIA1S3Q
2025-04-12 19:18:21,856 - INFO - StepToxCheck_Enter OS95456Q
2025-04-12 19:18:21,894 - INFO - StepToxCheck_Exit OS95456Q
2025-04-12 19:18:22,024 - INFO - StepToxCheck_Enter 4C8HMWT3
2025-04-12 19:18:22,060 - INFO - StepToxCheck_Exit 4C8HMWT3
2025-04-12 19:18:22,193 - INFO - StepToxCheck_Enter GZ7SNKMX
2025-04-12 19:18:22,230 - INFO - StepToxCheck_Exit GZ7SNKMX
2025-04-12 19:18:22,351 - INFO - StepToxCheck_Enter 66TPS5FQ
2025-04-12 19:18:22,385 - INFO - StepToxCheck_Exit 66TPS5FQ
2025-04-12 19:18:22,526 - INFO - StepToxCheck_Enter 7TDTIPTY
2025-04-12 19:18:22,560 - INFO - StepToxCheck_Exit 7TDTIPTY
2025-04-12 19:18:22,691 - INFO - StepToxCheck_Enter G3PPVH4M
2025-04-12 19:18:22,726 - INFO - StepToxCheck_Exit G3PPVH4M
2025-04-12 19:18:22,855 - INFO - StepToxCheck_Enter 8QHCWXBF
2025-04-12 19:18:22,890 - INFO - StepToxCheck_Exit 8QHCWXBF
2025-04-12 19:18:23,028 - INFO - StepToxCheck_Enter 8SPOJ52D
2025-04-12 19:18:23,065 - INFO - StepToxCheck_Exit 8SPOJ52D
2025-04-12 19:18:23,193 - INFO - StepToxCheck_Enter Y09DQ35L
2025-04-12 19:18:23,228 - INFO - StepToxCheck_Exit Y09DQ35L
2025-04-12 19:18:23,340 - INFO - StepToxCheck_Enter OP2T9ACI
2025-04-12 19:18:23,376 - INFO - StepToxCheck_Exit OP2T9ACI
2025-04-12 19:18:23,515 - INFO - StepToxCheck_Enter F6FZM64Y
2025-04-12 19:18:23,551 - INFO - StepToxCheck_Exit F6FZM64Y
2025-04-12 19:18:23,674 - INFO - StepToxCheck_Enter JG0CO3S0
2025-04-12 19:18:23,709 - INFO - StepToxCheck_Exit JG0CO3S0
2025-04-12 19:18:23,916 - INFO - StepToxCheck_Enter EFKW87FW
2025-04-12 19:18:23,953 - INFO - StepToxCheck_Exit EFKW87FW
2025-04-12 19:18:24,017 - INFO - StepToxCheck_Enter APHFQO30
2025-04-12 19:18:24,054 - INFO - StepToxCheck_Exit APHFQO30
2025-04-12 19:18:24,177 - INFO - StepToxCheck_Enter 1118EQPM
2025-04-12 19:18:24,213 - INFO - StepToxCheck_Exit 1118EQPM
2025-04-12 19:18:24,382 - INFO - StepToxCheck_Enter 0JMJ6RDJ
2025-04-12 19:18:24,417 - INFO - StepToxCheck_Exit 0JMJ6RDJ
2025-04-12 19:18:24,497 - INFO - StepToxCheck_Enter BYQO8R9A
2025-04-12 19:18:24,534 - INFO - StepToxCheck_Exit BYQO8R9A
2025-04-12 19:18:24,708 - INFO - StepToxCheck_Enter RTWREK8Y
2025-04-12 19:18:24,744 - INFO - StepToxCheck_Exit RTWREK8Y
2025-04-12 19:18:24,854 - INFO - StepToxCheck_Enter SC293LIE
2025-04-12 19:18:24,892 - INFO - StepToxCheck_Exit SC293LIE
2025-04-12 19:18:25,024 - INFO - StepToxCheck_Enter C9UCS54G
2025-04-12 19:18:25,060 - INFO - StepToxCheck_Exit C9UCS54G
2025-04-12 19:18:25,215 - INFO - StepToxCheck_Enter J5KCZ8OK
2025-04-12 19:18:25,251 - INFO - StepToxCheck_Exit J5KCZ8OK
2025-04-12 19:18:25,344 - INFO - StepToxCheck_Enter D8LERE4U
2025-04-12 19:18:25,380 - INFO - StepToxCheck_Exit D8LERE4U
2025-04-12 19:18:25,506 - INFO - StepToxCheck_Enter MHEODEGD
2025-04-12 19:18:25,542 - INFO - StepToxCheck_Exit MHEODEGD
2025-04-12 19:18:25,667 - INFO - StepToxCheck_Enter WCXSGGGJ
2025-04-12 19:18:25,705 - INFO - StepToxCheck_Exit WCXSGGGJ
2025-04-12 19:18:25,846 - INFO - StepToxCheck_Enter R4WTFQ54
2025-04-12 19:18:25,882 - INFO - StepToxCheck_Exit R4WTFQ54
2025-04-12 19:18:26,031 - INFO - StepToxCheck_Enter 4QF59E44
2025-04-12 19:18:26,068 - INFO - StepToxCheck_Exit 4QF59E44
2025-04-12 19:18:26,165 - INFO - StepToxCheck_Enter 2XYWM2MM
2025-04-12 19:18:26,200 - INFO - StepToxCheck_Exit 2XYWM2MM
2025-04-12 19:18:26,375 - INFO - StepToxCheck_Enter DCGBIUNR
2025-04-12 19:18:26,412 - INFO - StepToxCheck_Exit DCGBIUNR
2025-04-12 19:18:26,538 - INFO - StepToxCheck_Enter PD4HPQD4
2025-04-12 19:18:26,574 - INFO - StepToxCheck_Exit PD4HPQD4
2025-04-12 19:18:26,679 - INFO - StepToxCheck_Enter Q1AXACQF
2025-04-12 19:18:26,714 - INFO - StepToxCheck_Exit Q1AXACQF
2025-04-12 19:18:26,853 - INFO - StepToxCheck_Enter HCO8555D
2025-04-12 19:18:26,888 - INFO - StepToxCheck_Exit HCO8555D
2025-04-12 19:18:27,000 - INFO - StepToxCheck_Enter QK10FJL8
2025-04-12 19:18:27,034 - INFO - StepToxCheck_Exit QK10FJL8
2025-04-12 19:18:27,171 - INFO - StepToxCheck_Enter VR5CO705
2025-04-12 19:18:27,208 - INFO - StepToxCheck_Exit VR5CO705
2025-04-12 19:18:27,354 - INFO - StepToxCheck_Enter QH5KQH2N
2025-04-12 19:18:27,389 - INFO - StepToxCheck_Exit QH5KQH2N
2025-04-12 19:18:27,511 - INFO - StepToxCheck_Enter B7ZCL3QN
2025-04-12 19:18:27,546 - INFO - StepToxCheck_Exit B7ZCL3QN
2025-04-12 19:18:27,685 - INFO - StepToxCheck_Enter PJY23PQ5
2025-04-12 19:18:27,720 - INFO - StepToxCheck_Exit PJY23PQ5
2025-04-12 19:18:27,871 - INFO - StepToxCheck_Enter A3T6U5JX
2025-04-12 19:18:27,906 - INFO - StepToxCheck_Exit A3T6U5JX
2025-04-12 19:18:28,027 - INFO - StepToxCheck_Enter TTKX3IX5
2025-04-12 19:18:28,064 - INFO - StepToxCheck_Exit TTKX3IX5
2025-04-12 19:18:28,179 - INFO - StepToxCheck_Enter 0Y4JMOPW
2025-04-12 19:18:28,214 - INFO - StepToxCheck_Exit 0Y4JMOPW
2025-04-12 19:18:28,354 - INFO - StepToxCheck_Enter L2HULL0Z
2025-04-12 19:18:28,390 - INFO - StepToxCheck_Exit L2HULL0Z
2025-04-12 19:18:28,520 - INFO - StepToxCheck_Enter VPXQLIMN
2025-04-12 19:18:28,554 - INFO - StepToxCheck_Exit VPXQLIMN
2025-04-12 19:18:28,697 - INFO - StepToxCheck_Enter 6CZ586TV
2025-04-12 19:18:28,733 - INFO - StepToxCheck_Exit 6CZ586TV
2025-04-12 19:18:28,867 - INFO - StepToxCheck_Enter FJS6Y501
2025-04-12 19:18:28,904 - INFO - StepToxCheck_Exit FJS6Y501
2025-04-12 19:18:29,026 - INFO - StepToxCheck_Enter B7GRXIS5
2025-04-12 19:18:29,061 - INFO - StepToxCheck_Exit B7GRXIS5
2025-04-12 19:18:29,190 - INFO - StepToxCheck_Enter RN9XBLBN
2025-04-12 19:18:29,224 - INFO - StepToxCheck_Exit RN9XBLBN
2025-04-12 19:18:29,347 - INFO - StepToxCheck_Enter KN8B8AQ2
2025-04-12 19:18:29,385 - INFO - StepToxCheck_Exit KN8B8AQ2
2025-04-12 19:18:29,507 - INFO - StepToxCheck_Enter 5BRRMQBZ
2025-04-12 19:18:29,542 - INFO - StepToxCheck_Exit 5BRRMQBZ
2025-04-12 19:18:29,702 - INFO - StepToxCheck_Enter CVVKE4A2
2025-04-12 19:18:29,739 - INFO - StepToxCheck_Exit CVVKE4A2
2025-04-12 19:18:29,850 - INFO - StepToxCheck_Enter KKIPNDCO
2025-04-12 19:18:29,885 - INFO - StepToxCheck_Exit KKIPNDCO
2025-04-12 19:18:30,030 - INFO - StepToxCheck_Enter TBZKRUAD
2025-04-12 19:18:30,065 - INFO - StepToxCheck_Exit TBZKRUAD
2025-04-12 19:18:30,194 - INFO - StepToxCheck_Enter KHKHLSGZ
2025-04-12 19:18:30,228 - INFO - StepToxCheck_Exit KHKHLSGZ
2025-04-12 19:18:30,365 - INFO - StepToxCheck_Enter N1HKZENN
2025-04-12 19:18:30,400 - INFO - StepToxCheck_Exit N1HKZENN
2025-04-12 19:18:30,523 - INFO - StepToxCheck_Enter J6AMWXWW
2025-04-12 19:18:30,558 - INFO - StepToxCheck_Exit J6AMWXWW
2025-04-12 19:18:30,703 - INFO - StepToxCheck_Enter SC143DI2
2025-04-12 19:18:30,737 - INFO - StepToxCheck_Exit SC143DI2
2025-04-12 19:18:30,871 - INFO - StepToxCheck_Enter 6OE0SAOG
2025-04-12 19:18:30,905 - INFO - StepToxCheck_Exit 6OE0SAOG
2025-04-12 19:18:31,025 - INFO - StepToxCheck_Enter VMTJ90Y0
2025-04-12 19:18:31,061 - INFO - StepToxCheck_Exit VMTJ90Y0
2025-04-12 19:18:31,206 - INFO - StepToxCheck_Enter XODJLAXQ
2025-04-12 19:18:31,240 - INFO - StepToxCheck_Exit XODJLAXQ
2025-04-12 19:18:31,350 - INFO - StepToxCheck_Enter I9SH5H6W
2025-04-12 19:18:31,385 - INFO - StepToxCheck_Exit I9SH5H6W
2025-04-12 19:18:31,530 - INFO - StepToxCheck_Enter P3U1KHNS
2025-04-12 19:18:31,567 - INFO - StepToxCheck_Exit P3U1KHNS
2025-04-12 19:18:31,703 - INFO - StepToxCheck_Enter H2MKCM26
2025-04-12 19:18:31,737 - INFO - StepToxCheck_Exit H2MKCM26
