2025-04-01 03:18:51,622 - INFO - Ingress_Enter GO8TOZH7
2025-04-01 03:18:51,623 - INFO - Ingress_Enter N3IPZ8LT
2025-04-01 03:18:51,770 - INFO - Ingress_Enter BIUMWW5O
2025-04-01 03:18:51,993 - INFO - Ingress_Enter 4SXKGWTF
2025-04-01 03:18:52,181 - INFO - Ingress_Enter 01TLG9NQ
2025-04-01 03:18:52,306 - INFO - Ingress_Enter SX1WSZGV
2025-04-01 03:18:52,332 - INFO - Ingress_Enter 96G5INT0
2025-04-01 03:18:52,440 - INFO - Ingress_Enter 7WS2FMJC
2025-04-01 03:18:52,476 - INFO - Ingress_Enter OO0K4GNH
2025-04-01 03:18:52,605 - INFO - Ingress_Exit BIUMWW5O
2025-04-01 03:18:52,868 - INFO - Ingress_Exit N3IPZ8LT
2025-04-01 03:18:52,874 - INFO - Ingress_Exit GO8TOZH7
2025-04-01 03:18:53,078 - INFO - Ingress_Exit 4SXKGWTF
2025-04-01 03:18:53,154 - INFO - Ingress_Enter GL5R8DN2
2025-04-01 03:18:53,181 - INFO - Ingress_Enter CT2KTWMB
2025-04-01 03:18:53,203 - INFO - Ingress_Enter JS6R4B4D
2025-04-01 03:18:53,254 - INFO - Ingress_Enter IVGI0X9Q
2025-04-01 03:18:53,255 - INFO - Ingress_Enter UDNKM1Q6
2025-04-01 03:18:53,331 - INFO - Ingress_Enter KJMF9MFP
2025-04-01 03:18:53,372 - INFO - Ingress_Exit 96G5INT0
2025-04-01 03:18:53,373 - INFO - Ingress_Exit OO0K4GNH
2025-04-01 03:18:53,380 - INFO - Ingress_Exit 01TLG9NQ
2025-04-01 03:18:53,440 - INFO - Ingress_Exit 7WS2FMJC
2025-04-01 03:18:53,658 - INFO - Ingress_Enter HCAEJT4P
2025-04-01 03:18:53,667 - INFO - Ingress_Exit SX1WSZGV
2025-04-01 03:18:53,675 - INFO - Ingress_Enter ERYUZYGV
2025-04-01 03:18:53,772 - INFO - Ingress_Enter 93R1WOE4
2025-04-01 03:18:53,897 - INFO - Ingress_Enter JRF6V5E4
2025-04-01 03:18:54,449 - INFO - Ingress_Exit 93R1WOE4
2025-04-01 03:18:54,480 - INFO - Ingress_Enter 94O81U2E
2025-04-01 03:18:54,625 - INFO - Ingress_Enter Y4LILKKI
2025-04-01 03:18:54,632 - INFO - Ingress_Exit IVGI0X9Q
2025-04-01 03:18:54,634 - INFO - Ingress_Exit GL5R8DN2
2025-04-01 03:18:54,638 - INFO - Ingress_Exit UDNKM1Q6
2025-04-01 03:18:54,668 - INFO - Ingress_Enter NMZP28B6
2025-04-01 03:18:54,678 - INFO - Ingress_Enter R7VNE5R3
2025-04-01 03:18:54,680 - INFO - Ingress_Exit JS6R4B4D
2025-04-01 03:18:54,681 - INFO - Ingress_Exit CT2KTWMB
2025-04-01 03:18:54,765 - INFO - Ingress_Enter 2EYUHOKP
2025-04-01 03:18:54,836 - INFO - Ingress_Exit KJMF9MFP
2025-04-01 03:18:54,879 - INFO - Ingress_Enter 5P9GEAM3
2025-04-01 03:18:55,167 - INFO - Ingress_Enter M4JJE7IL
2025-04-01 03:18:55,181 - INFO - Ingress_Exit ERYUZYGV
2025-04-01 03:18:55,346 - INFO - Ingress_Enter WG28BRSY
2025-04-01 03:18:55,353 - INFO - Ingress_Enter CVIBEYRG
2025-04-01 03:18:55,384 - INFO - Ingress_Exit JRF6V5E4
2025-04-01 03:18:55,415 - INFO - Ingress_Exit HCAEJT4P
2025-04-01 03:18:55,604 - INFO - Ingress_Enter D1JPFBVE
2025-04-01 03:18:55,728 - INFO - Ingress_Exit 94O81U2E
2025-04-01 03:18:55,730 - INFO - Ingress_Enter N0XUXIDG
2025-04-01 03:18:55,841 - INFO - Ingress_Enter YOVWRILN
2025-04-01 03:18:55,956 - INFO - Ingress_Enter L0JJ3EHQ
2025-04-01 03:18:55,980 - INFO - Ingress_Exit Y4LILKKI
2025-04-01 03:18:55,994 - INFO - Ingress_Enter 7H4MTA1C
2025-04-01 03:18:56,004 - INFO - Ingress_Enter IN87O87A
2025-04-01 03:18:56,029 - INFO - Ingress_Exit R7VNE5R3
2025-04-01 03:18:56,193 - INFO - Ingress_Enter R6EJAG0J
2025-04-01 03:18:56,236 - INFO - Ingress_Exit 2EYUHOKP
2025-04-01 03:18:56,239 - INFO - Ingress_Exit NMZP28B6
2025-04-01 03:18:56,266 - INFO - Ingress_Enter AIDN7F5A
2025-04-01 03:18:56,440 - INFO - Ingress_Enter 2UOFV5T3
2025-04-01 03:18:56,474 - INFO - Ingress_Enter NH2REQH1
2025-04-01 03:18:56,511 - INFO - Ingress_Exit 5P9GEAM3
2025-04-01 03:18:56,524 - INFO - Ingress_Exit CVIBEYRG
2025-04-01 03:18:56,748 - INFO - Ingress_Exit M4JJE7IL
2025-04-01 03:18:56,750 - INFO - Ingress_Enter 623EPNBC
2025-04-01 03:18:56,780 - INFO - Ingress_Exit WG28BRSY
2025-04-01 03:18:56,837 - INFO - Ingress_Exit D1JPFBVE
2025-04-01 03:18:56,956 - INFO - Ingress_Enter 1EXQ79YF
2025-04-01 03:18:57,061 - INFO - Ingress_Exit N0XUXIDG
2025-04-01 03:18:57,078 - INFO - Ingress_Exit YOVWRILN
2025-04-01 03:18:57,102 - INFO - Ingress_Enter SV91MQD3
2025-04-01 03:18:57,116 - INFO - Ingress_Exit 7H4MTA1C
2025-04-01 03:18:57,158 - INFO - Ingress_Enter Z02Y0XMP
2025-04-01 03:18:57,165 - INFO - Ingress_Exit L0JJ3EHQ
2025-04-01 03:18:57,172 - INFO - Ingress_Enter LRJ2QJOZ
2025-04-01 03:18:57,226 - INFO - Ingress_Exit IN87O87A
2025-04-01 03:18:57,270 - INFO - Ingress_Enter M4YDMTJN
2025-04-01 03:18:57,275 - INFO - Ingress_Enter JQGE46MT
2025-04-01 03:18:57,304 - INFO - Ingress_Enter OAROIM8N
2025-04-01 03:18:57,375 - INFO - Ingress_Exit AIDN7F5A
2025-04-01 03:18:57,386 - INFO - Ingress_Enter XEO31M8I
2025-04-01 03:18:57,487 - INFO - Ingress_Enter R9ZAAL28
2025-04-01 03:18:57,548 - INFO - Ingress_Exit R6EJAG0J
2025-04-01 03:18:57,753 - INFO - Ingress_Exit NH2REQH1
2025-04-01 03:18:57,796 - INFO - Ingress_Exit 2UOFV5T3
2025-04-01 03:18:57,801 - INFO - Ingress_Exit 623EPNBC
2025-04-01 03:18:57,939 - INFO - Ingress_Enter 5S0B0Q5Y
2025-04-01 03:18:58,005 - INFO - Ingress_Enter UNDRXOJB
2025-04-01 03:18:58,079 - INFO - Ingress_Enter B70DGFRV
2025-04-01 03:18:58,187 - INFO - Ingress_Enter EIFSQCAH
2025-04-01 03:18:58,245 - INFO - Ingress_Exit Z02Y0XMP
2025-04-01 03:18:58,275 - INFO - Ingress_Enter EEXZ3MT8
2025-04-01 03:18:58,293 - INFO - Ingress_Exit LRJ2QJOZ
2025-04-01 03:18:58,294 - INFO - Ingress_Exit JQGE46MT
2025-04-01 03:18:58,296 - INFO - Ingress_Exit R9ZAAL28
2025-04-01 03:18:58,298 - INFO - Ingress_Enter OS0X0QYS
2025-04-01 03:18:58,328 - INFO - Ingress_Enter 7BI9EDVJ
2025-04-01 03:18:58,421 - INFO - Ingress_Enter A2NB89AD
2025-04-01 03:18:58,422 - INFO - Ingress_Exit OAROIM8N
2025-04-01 03:18:58,423 - INFO - Ingress_Enter 43500RXL
2025-04-01 03:18:58,423 - INFO - Ingress_Enter F1CV9CIP
2025-04-01 03:18:58,423 - INFO - Ingress_Exit SV91MQD3
2025-04-01 03:18:58,425 - INFO - Ingress_Exit M4YDMTJN
2025-04-01 03:18:58,471 - INFO - Ingress_Exit XEO31M8I
2025-04-01 03:18:58,496 - INFO - Ingress_Exit 1EXQ79YF
2025-04-01 03:18:58,533 - INFO - Ingress_Enter 0HTMKJFJ
2025-04-01 03:18:58,636 - INFO - Ingress_Enter 3KKZ6IV1
2025-04-01 03:18:58,699 - INFO - Ingress_Enter KTHNOFY7
2025-04-01 03:18:58,776 - INFO - Ingress_Enter PC7F58LP
2025-04-01 03:18:58,864 - INFO - Ingress_Enter WWC7ILO4
2025-04-01 03:18:59,051 - INFO - Ingress_Exit 5S0B0Q5Y
2025-04-01 03:18:59,133 - INFO - Ingress_Enter VZOCQENI
2025-04-01 03:18:59,207 - INFO - Ingress_Exit EIFSQCAH
2025-04-01 03:18:59,209 - INFO - Ingress_Exit UNDRXOJB
2025-04-01 03:18:59,211 - INFO - Ingress_Exit EEXZ3MT8
2025-04-01 03:18:59,304 - INFO - Ingress_Enter YVZH7KM7
2025-04-01 03:18:59,312 - INFO - Ingress_Exit OS0X0QYS
2025-04-01 03:18:59,320 - INFO - Ingress_Exit B70DGFRV
2025-04-01 03:18:59,356 - INFO - Ingress_Enter UV9AFEB9
2025-04-01 03:18:59,503 - INFO - Ingress_Enter 12ST34OL
2025-04-01 03:18:59,510 - INFO - Ingress_Enter JN3BEUP8
2025-04-01 03:18:59,526 - INFO - Ingress_Enter SRKSFC04
2025-04-01 03:18:59,581 - INFO - Ingress_Exit 0HTMKJFJ
2025-04-01 03:18:59,586 - INFO - Ingress_Exit 7BI9EDVJ
2025-04-01 03:18:59,587 - INFO - Ingress_Exit A2NB89AD
2025-04-01 03:18:59,589 - INFO - Ingress_Exit 43500RXL
2025-04-01 03:18:59,619 - INFO - Ingress_Exit PC7F58LP
2025-04-01 03:18:59,623 - INFO - Ingress_Exit F1CV9CIP
2025-04-01 03:18:59,625 - INFO - Ingress_Exit 3KKZ6IV1
2025-04-01 03:18:59,679 - INFO - Ingress_Enter 8SSK79FX
2025-04-01 03:18:59,701 - INFO - Ingress_Exit WWC7ILO4
2025-04-01 03:18:59,789 - INFO - Ingress_Enter URL1CDNK
2025-04-01 03:18:59,790 - INFO - Ingress_Exit KTHNOFY7
2025-04-01 03:18:59,799 - INFO - Ingress_Enter T0JHTPC8
2025-04-01 03:19:00,052 - INFO - Ingress_Enter DORLWTR9
2025-04-01 03:19:00,079 - INFO - Ingress_Enter MNFU6CCY
2025-04-01 03:19:00,082 - INFO - Ingress_Enter NDP2KLS7
2025-04-01 03:19:00,103 - INFO - Ingress_Exit VZOCQENI
2025-04-01 03:19:00,217 - INFO - Ingress_Enter 2BGWDDUV
2025-04-01 03:19:00,304 - INFO - Ingress_Enter NTPDSJB3
2025-04-01 03:19:00,422 - INFO - Ingress_Exit JN3BEUP8
2025-04-01 03:19:00,423 - INFO - Ingress_Exit SRKSFC04
2025-04-01 03:19:00,429 - INFO - Ingress_Exit 12ST34OL
2025-04-01 03:19:00,432 - INFO - Ingress_Enter 1FJUCHFZ
2025-04-01 03:19:00,458 - INFO - Ingress_Exit YVZH7KM7
2025-04-01 03:19:00,539 - INFO - Ingress_Exit UV9AFEB9
2025-04-01 03:19:00,663 - INFO - Ingress_Enter KL6D51TW
2025-04-01 03:19:00,710 - INFO - Ingress_Enter OZGDSRIF
2025-04-01 03:19:00,712 - INFO - Ingress_Exit URL1CDNK
2025-04-01 03:19:00,730 - INFO - Ingress_Exit 8SSK79FX
2025-04-01 03:19:00,737 - INFO - Ingress_Enter 3GQ69FG8
2025-04-01 03:19:00,782 - INFO - Ingress_Enter YTIIIPS3
2025-04-01 03:19:00,791 - INFO - Ingress_Enter PFKLZ4NQ
2025-04-01 03:19:00,896 - INFO - Ingress_Enter HWRA6OPZ
2025-04-01 03:19:00,928 - INFO - Ingress_Exit MNFU6CCY
2025-04-01 03:19:01,041 - INFO - Ingress_Exit T0JHTPC8
2025-04-01 03:19:01,044 - INFO - Ingress_Exit DORLWTR9
2025-04-01 03:19:01,185 - INFO - Ingress_Exit 2BGWDDUV
2025-04-01 03:19:01,290 - INFO - Ingress_Enter OSQMO7YN
2025-04-01 03:19:01,296 - INFO - Ingress_Exit NDP2KLS7
2025-04-01 03:19:01,322 - INFO - Ingress_Exit 1FJUCHFZ
2025-04-01 03:19:01,383 - INFO - Ingress_Enter 8YU75QJN
2025-04-01 03:19:01,460 - INFO - Ingress_Enter DUTA4L3R
2025-04-01 03:19:01,508 - INFO - Ingress_Enter CWW8SGHE
2025-04-01 03:19:01,517 - INFO - Ingress_Enter JYCYH6F8
2025-04-01 03:19:01,562 - INFO - Ingress_Exit 3GQ69FG8
2025-04-01 03:19:01,573 - INFO - Ingress_Exit KL6D51TW
2025-04-01 03:19:01,597 - INFO - Ingress_Exit NTPDSJB3
2025-04-01 03:19:01,618 - INFO - Ingress_Enter FOM6EBYG
2025-04-01 03:19:01,685 - INFO - Ingress_Exit HWRA6OPZ
2025-04-01 03:19:01,801 - INFO - Ingress_Enter PFQ3C11N
2025-04-01 03:19:01,890 - INFO - Ingress_Exit OZGDSRIF
2025-04-01 03:19:01,892 - INFO - Ingress_Exit PFKLZ4NQ
2025-04-01 03:19:01,966 - INFO - Ingress_Enter 9DFNDEGG
2025-04-01 03:19:02,019 - INFO - Ingress_Enter IDIV1UK9
2025-04-01 03:19:02,055 - INFO - Ingress_Enter SKPAPS5Q
2025-04-01 03:19:02,091 - INFO - Ingress_Enter DA8DG9GW
2025-04-01 03:19:02,126 - INFO - Ingress_Enter 4HAH4H2Z
2025-04-01 03:19:02,155 - INFO - Ingress_Exit YTIIIPS3
2025-04-01 03:19:02,172 - INFO - Ingress_Enter 5X7Z489T
2025-04-01 03:19:02,243 - INFO - Ingress_Exit OSQMO7YN
2025-04-01 03:19:02,293 - INFO - Ingress_Enter Z8H5RGIA
2025-04-01 03:19:02,304 - INFO - Ingress_Exit CWW8SGHE
2025-04-01 03:19:02,313 - INFO - Ingress_Enter U9DF8MUE
2025-04-01 03:19:02,336 - INFO - Ingress_Exit DUTA4L3R
2025-04-01 03:19:02,337 - INFO - Ingress_Exit 8YU75QJN
2025-04-01 03:19:02,783 - INFO - Ingress_Exit JYCYH6F8
2025-04-01 03:19:02,821 - INFO - Ingress_Enter WNWGDTXD
2025-04-01 03:19:02,823 - INFO - Ingress_Exit FOM6EBYG
2025-04-01 03:19:02,915 - INFO - Ingress_Enter HNHTRDU8
2025-04-01 03:19:02,932 - INFO - Ingress_Enter LHB1N2I0
2025-04-01 03:19:02,953 - INFO - Ingress_Exit IDIV1UK9
2025-04-01 03:19:02,960 - INFO - Ingress_Enter ON40CUIO
2025-04-01 03:19:02,997 - INFO - Ingress_Enter 7GL9LB7Q
2025-04-01 03:19:03,044 - INFO - Ingress_Enter 4H0K21DH
2025-04-01 03:19:03,059 - INFO - Ingress_Enter DT8SI81D
2025-04-01 03:19:03,065 - INFO - Ingress_Exit PFQ3C11N
2025-04-01 03:19:03,088 - INFO - Ingress_Enter EWOF3AG6
2025-04-01 03:19:03,097 - INFO - Ingress_Exit 9DFNDEGG
2025-04-01 03:19:03,109 - INFO - Ingress_Exit SKPAPS5Q
2025-04-01 03:19:03,110 - INFO - Ingress_Exit 4HAH4H2Z
2025-04-01 03:19:03,244 - INFO - Ingress_Enter B5FRWNLG
2025-04-01 03:19:03,271 - INFO - Ingress_Exit DA8DG9GW
2025-04-01 03:19:03,272 - INFO - Ingress_Exit 5X7Z489T
2025-04-01 03:19:03,277 - INFO - Ingress_Exit Z8H5RGIA
2025-04-01 03:19:03,298 - INFO - Ingress_Enter 9X592RIX
2025-04-01 03:19:03,457 - INFO - Ingress_Enter TQ0SBPFQ
2025-04-01 03:19:03,483 - INFO - Ingress_Enter ZWTIGEUR
2025-04-01 03:19:03,510 - INFO - Ingress_Exit U9DF8MUE
2025-04-01 03:19:03,518 - INFO - Ingress_Enter JXIIYFP6
2025-04-01 03:19:03,545 - INFO - Ingress_Enter EQ2FDLET
2025-04-01 03:19:03,570 - INFO - Ingress_Enter 3FPCSVB0
2025-04-01 03:19:03,699 - INFO - Ingress_Enter RF22G0MF
2025-04-01 03:19:03,915 - INFO - Ingress_Enter BX2AIPUS
2025-04-01 03:19:03,949 - INFO - Ingress_Exit ON40CUIO
2025-04-01 03:19:03,980 - INFO - Ingress_Exit HNHTRDU8
2025-04-01 03:19:04,226 - INFO - Ingress_Exit 9X592RIX
2025-04-01 03:19:04,329 - INFO - Ingress_Exit LHB1N2I0
2025-04-01 03:19:04,331 - INFO - Ingress_Exit WNWGDTXD
2025-04-01 03:19:04,349 - INFO - Ingress_Exit JXIIYFP6
2025-04-01 03:19:04,515 - INFO - Ingress_Enter ZPGFUGPY
2025-04-01 03:19:04,522 - INFO - Ingress_Exit RF22G0MF
2025-04-01 03:19:04,526 - INFO - Ingress_Exit TQ0SBPFQ
2025-04-01 03:19:04,527 - INFO - Ingress_Exit ZWTIGEUR
2025-04-01 03:19:04,529 - INFO - Ingress_Exit EQ2FDLET
2025-04-01 03:19:04,625 - INFO - Ingress_Enter GUAAIEJK
2025-04-01 03:19:04,636 - INFO - Ingress_Enter VJLAB9Y2
2025-04-01 03:19:04,708 - INFO - Ingress_Exit 4H0K21DH
2025-04-01 03:19:04,709 - INFO - Ingress_Exit DT8SI81D
2025-04-01 03:19:04,711 - INFO - Ingress_Exit EWOF3AG6
2025-04-01 03:19:04,793 - INFO - Ingress_Enter IYYAHOHB
2025-04-01 03:19:04,809 - INFO - Ingress_Exit BX2AIPUS
2025-04-01 03:19:04,811 - INFO - Ingress_Exit 7GL9LB7Q
2025-04-01 03:19:04,814 - INFO - Ingress_Exit B5FRWNLG
2025-04-01 03:19:04,841 - INFO - Ingress_Enter C74WUWCA
2025-04-01 03:19:04,858 - INFO - Ingress_Enter B8USRKFP
2025-04-01 03:19:04,864 - INFO - Ingress_Enter YJEBGB9U
2025-04-01 03:19:04,870 - INFO - Ingress_Enter TS26ZE67
2025-04-01 03:19:05,006 - INFO - Ingress_Enter TCPQYHRE
2025-04-01 03:19:05,051 - INFO - Ingress_Enter M86SAW7Y
2025-04-01 03:19:05,059 - INFO - Ingress_Enter B6L6M7Y5
2025-04-01 03:19:05,060 - INFO - Ingress_Enter 6J5NW8TV
2025-04-01 03:19:05,088 - INFO - Ingress_Exit 3FPCSVB0
2025-04-01 03:19:05,252 - INFO - Ingress_Exit ZPGFUGPY
2025-04-01 03:19:05,359 - INFO - Ingress_Enter XFBL2KJ6
2025-04-01 03:19:05,385 - INFO - Ingress_Enter WBIB6P8G
2025-04-01 03:19:05,681 - INFO - Ingress_Exit VJLAB9Y2
2025-04-01 03:19:05,683 - INFO - Ingress_Exit IYYAHOHB
2025-04-01 03:19:05,746 - INFO - Ingress_Exit C74WUWCA
2025-04-01 03:19:05,824 - INFO - Ingress_Exit GUAAIEJK
2025-04-01 03:19:05,830 - INFO - Ingress_Enter N3VYJHB1
2025-04-01 03:19:05,870 - INFO - Ingress_Exit TS26ZE67
2025-04-01 03:19:05,941 - INFO - Ingress_Enter E74FVD10
2025-04-01 03:19:06,079 - INFO - Ingress_Exit YJEBGB9U
2025-04-01 03:19:06,081 - INFO - Ingress_Exit B8USRKFP
2025-04-01 03:19:06,161 - INFO - Ingress_Enter 99LL123K
2025-04-01 03:19:06,180 - INFO - Ingress_Exit B6L6M7Y5
2025-04-01 03:19:06,190 - INFO - Ingress_Enter YBD6NFOD
2025-04-01 03:19:06,239 - INFO - Ingress_Exit TCPQYHRE
2025-04-01 03:19:06,242 - INFO - Ingress_Exit 6J5NW8TV
2025-04-01 03:19:06,245 - INFO - Ingress_Exit XFBL2KJ6
2025-04-01 03:19:06,263 - INFO - Ingress_Enter F4M8G2CK
2025-04-01 03:19:06,282 - INFO - Ingress_Enter 7IRB3YCN
2025-04-01 03:19:06,282 - INFO - Ingress_Enter 7GEONIT6
2025-04-01 03:19:06,335 - INFO - Ingress_Exit M86SAW7Y
2025-04-01 03:19:06,338 - INFO - Ingress_Exit WBIB6P8G
2025-04-01 03:19:06,384 - INFO - Ingress_Enter TAXEQ168
2025-04-01 03:19:06,392 - INFO - Ingress_Enter JBKIBNLP
2025-04-01 03:19:06,444 - INFO - Ingress_Enter BJCSORC3
2025-04-01 03:19:06,506 - INFO - Ingress_Exit N3VYJHB1
2025-04-01 03:19:06,593 - INFO - Ingress_Enter OJTQPEQH
2025-04-01 03:19:06,595 - INFO - Ingress_Enter GTQGW4HE
2025-04-01 03:19:06,776 - INFO - Ingress_Enter ONGQCXPL
2025-04-01 03:19:06,820 - INFO - Ingress_Enter 4AY82KDB
2025-04-01 03:19:06,936 - INFO - Ingress_Exit 99LL123K
2025-04-01 03:19:06,947 - INFO - Ingress_Exit E74FVD10
2025-04-01 03:19:07,036 - INFO - Ingress_Exit YBD6NFOD
2025-04-01 03:19:07,037 - INFO - Ingress_Enter 8J6GY1G0
2025-04-01 03:19:07,156 - INFO - Ingress_Enter ED9KIAUG
2025-04-01 03:19:07,213 - INFO - Ingress_Enter 6H688J4Y
2025-04-01 03:19:07,252 - INFO - Ingress_Enter MWMDO1YD
2025-04-01 03:19:07,266 - INFO - Ingress_Exit F4M8G2CK
2025-04-01 03:19:07,267 - INFO - Ingress_Exit BJCSORC3
2025-04-01 03:19:07,305 - INFO - Ingress_Exit 7IRB3YCN
2025-04-01 03:19:07,321 - INFO - Ingress_Enter 9KHLKTWC
2025-04-01 03:19:07,327 - INFO - Ingress_Exit 7GEONIT6
2025-04-01 03:19:07,364 - INFO - Ingress_Enter HGYJ96B7
2025-04-01 03:19:07,473 - INFO - Ingress_Enter TKJ8LQVQ
2025-04-01 03:19:07,544 - INFO - Ingress_Exit OJTQPEQH
2025-04-01 03:19:07,546 - INFO - Ingress_Exit TAXEQ168
2025-04-01 03:19:07,547 - INFO - Ingress_Exit JBKIBNLP
2025-04-01 03:19:07,718 - INFO - Ingress_Enter YN80XZFO
2025-04-01 03:19:07,752 - INFO - Ingress_Enter EKEILUUZ
2025-04-01 03:19:07,759 - INFO - Ingress_Exit 4AY82KDB
2025-04-01 03:19:07,843 - INFO - Ingress_Exit GTQGW4HE
2025-04-01 03:19:07,874 - INFO - Ingress_Enter PQBJDF6Z
2025-04-01 03:19:07,930 - INFO - Ingress_Exit ONGQCXPL
2025-04-01 03:19:07,954 - INFO - Ingress_Enter B1QPK1GW
2025-04-01 03:19:07,991 - INFO - Ingress_Enter CTXPO6S7
2025-04-01 03:19:08,009 - INFO - Ingress_Enter IEX3M26Q
2025-04-01 03:19:08,073 - INFO - Ingress_Enter ZWW0KSGN
2025-04-01 03:19:08,175 - INFO - Ingress_Exit 6H688J4Y
2025-04-01 03:19:08,196 - INFO - Ingress_Enter S1RLT2RG
2025-04-01 03:19:08,321 - INFO - Ingress_Enter IAPP0YS0
2025-04-01 03:19:08,346 - INFO - Ingress_Exit MWMDO1YD
2025-04-01 03:19:08,347 - INFO - Ingress_Exit ED9KIAUG
2025-04-01 03:19:08,349 - INFO - Ingress_Exit 8J6GY1G0
2025-04-01 03:19:08,412 - INFO - Ingress_Exit HGYJ96B7
2025-04-01 03:19:08,413 - INFO - Ingress_Exit 9KHLKTWC
2025-04-01 03:19:08,414 - INFO - Ingress_Exit TKJ8LQVQ
2025-04-01 03:19:08,492 - INFO - Ingress_Enter 2N0T963W
2025-04-01 03:19:08,658 - INFO - Ingress_Enter 82HQF3SH
2025-04-01 03:19:08,675 - INFO - Ingress_Exit YN80XZFO
2025-04-01 03:19:08,752 - INFO - Ingress_Exit EKEILUUZ
2025-04-01 03:19:08,762 - INFO - Ingress_Enter 9N1181NA
2025-04-01 03:19:08,770 - INFO - Ingress_Enter XZVNWFFT
2025-04-01 03:19:08,832 - INFO - Ingress_Exit S1RLT2RG
2025-04-01 03:19:08,849 - INFO - Ingress_Exit B1QPK1GW
2025-04-01 03:19:09,031 - INFO - Ingress_Exit PQBJDF6Z
2025-04-01 03:19:09,057 - INFO - Ingress_Enter 492KCV5O
2025-04-01 03:19:09,138 - INFO - Ingress_Exit IEX3M26Q
2025-04-01 03:19:09,194 - INFO - Ingress_Exit CTXPO6S7
2025-04-01 03:19:09,198 - INFO - Ingress_Exit ZWW0KSGN
2025-04-01 03:19:09,219 - INFO - Ingress_Enter 5WZ9I79F
2025-04-01 03:19:09,265 - INFO - Ingress_Exit IAPP0YS0
2025-04-01 03:19:09,338 - INFO - Ingress_Enter 374RYXHI
2025-04-01 03:19:09,418 - INFO - Ingress_Enter FDOIQQBL
2025-04-01 03:19:09,443 - INFO - Ingress_Enter FVMJK7VZ
2025-04-01 03:19:09,451 - INFO - Ingress_Exit 2N0T963W
2025-04-01 03:19:09,515 - INFO - Ingress_Enter AB9OI0TX
2025-04-01 03:19:09,567 - INFO - Ingress_Enter C1TP7Z7L
2025-04-01 03:19:09,639 - INFO - Ingress_Enter S5EL5WS3
2025-04-01 03:19:09,825 - INFO - Ingress_Exit 82HQF3SH
2025-04-01 03:19:09,828 - INFO - Ingress_Exit 9N1181NA
2025-04-01 03:19:09,829 - INFO - Ingress_Exit XZVNWFFT
2025-04-01 03:19:09,889 - INFO - Ingress_Enter APC60KLP
2025-04-01 03:19:09,901 - INFO - Ingress_Enter E1POW5F6
2025-04-01 03:19:09,908 - INFO - Ingress_Enter 9BE8YSY5
2025-04-01 03:19:09,916 - INFO - Ingress_Enter WT774ZXW
2025-04-01 03:19:09,995 - INFO - Ingress_Exit 492KCV5O
2025-04-01 03:19:10,135 - INFO - Ingress_Exit 5WZ9I79F
2025-04-01 03:19:10,244 - INFO - Ingress_Exit FVMJK7VZ
2025-04-01 03:19:10,368 - INFO - Ingress_Exit FDOIQQBL
2025-04-01 03:19:10,369 - INFO - Ingress_Exit 374RYXHI
2025-04-01 03:19:10,395 - INFO - Ingress_Enter 3SG6FD9I
2025-04-01 03:19:10,451 - INFO - Ingress_Enter WHKM8UCY
2025-04-01 03:19:10,520 - INFO - Ingress_Enter FMMTAKCS
2025-04-01 03:19:10,575 - INFO - Ingress_Exit AB9OI0TX
2025-04-01 03:19:10,578 - INFO - Ingress_Exit C1TP7Z7L
2025-04-01 03:19:10,746 - INFO - Ingress_Exit S5EL5WS3
2025-04-01 03:19:10,776 - INFO - Ingress_Enter 3AZ89DOS
2025-04-01 03:19:10,785 - INFO - Ingress_Enter DA50WSH7
2025-04-01 03:19:10,812 - INFO - Ingress_Enter 1MVI98ZK
2025-04-01 03:19:10,819 - INFO - Ingress_Enter 3ARB02V6
2025-04-01 03:19:10,895 - INFO - Ingress_Exit E1POW5F6
2025-04-01 03:19:10,946 - INFO - Ingress_Exit WT774ZXW
2025-04-01 03:19:10,948 - INFO - Ingress_Exit APC60KLP
2025-04-01 03:19:11,000 - INFO - Ingress_Enter V2LTCTQN
2025-04-01 03:19:11,028 - INFO - Ingress_Enter Y8HW3H85
2025-04-01 03:19:11,078 - INFO - Ingress_Enter GV480GGK
2025-04-01 03:19:11,104 - INFO - Ingress_Enter OGEZRLDP
2025-04-01 03:19:11,148 - INFO - Ingress_Enter UNZ7BD74
2025-04-01 03:19:11,151 - INFO - Ingress_Enter 6RPM0JVZ
2025-04-01 03:19:11,252 - INFO - Ingress_Exit WHKM8UCY
2025-04-01 03:19:11,281 - INFO - Ingress_Exit 9BE8YSY5
2025-04-01 03:19:11,499 - INFO - Ingress_Enter LKWX3ONS
2025-04-01 03:19:11,633 - INFO - Ingress_Enter D5G1DTCX
2025-04-01 03:19:11,646 - INFO - Ingress_Enter IJC4C91B
2025-04-01 03:19:11,678 - INFO - Ingress_Exit 3SG6FD9I
2025-04-01 03:19:11,701 - INFO - Ingress_Exit FMMTAKCS
2025-04-01 03:19:11,732 - INFO - Ingress_Enter Q3E4LE6L
2025-04-01 03:19:11,789 - INFO - Ingress_Enter NQN40EY8
2025-04-01 03:19:11,860 - INFO - Ingress_Exit 3AZ89DOS
2025-04-01 03:19:11,870 - INFO - Ingress_Enter RC6I0216
2025-04-01 03:19:11,905 - INFO - Ingress_Exit DA50WSH7
2025-04-01 03:19:11,906 - INFO - Ingress_Exit 1MVI98ZK
2025-04-01 03:19:11,926 - INFO - Ingress_Enter H15SWFTN
2025-04-01 03:19:12,003 - INFO - Ingress_Enter NHQSZZ91
2025-04-01 03:19:12,025 - INFO - Ingress_Exit GV480GGK
2025-04-01 03:19:12,056 - INFO - Ingress_Enter CQHFHIC6
2025-04-01 03:19:12,062 - INFO - Ingress_Exit 3ARB02V6
2025-04-01 03:19:12,088 - INFO - Ingress_Exit Y8HW3H85
2025-04-01 03:19:12,133 - INFO - Ingress_Exit 6RPM0JVZ
2025-04-01 03:19:12,159 - INFO - Ingress_Exit V2LTCTQN
2025-04-01 03:19:12,351 - INFO - Ingress_Exit UNZ7BD74
2025-04-01 03:19:12,353 - INFO - Ingress_Exit OGEZRLDP
2025-04-01 03:19:12,493 - INFO - Ingress_Exit D5G1DTCX
2025-04-01 03:19:12,544 - INFO - Ingress_Enter 08PHOJXK
2025-04-01 03:19:12,584 - INFO - Ingress_Enter J2SZ4WGD
2025-04-01 03:19:12,610 - INFO - Ingress_Enter TY4J5C3G
2025-04-01 03:19:12,686 - INFO - Ingress_Exit IJC4C91B
2025-04-01 03:19:12,687 - INFO - Ingress_Exit Q3E4LE6L
2025-04-01 03:19:12,688 - INFO - Ingress_Exit NQN40EY8
2025-04-01 03:19:12,695 - INFO - Ingress_Enter MTHDX0L6
2025-04-01 03:19:12,710 - INFO - Ingress_Exit LKWX3ONS
2025-04-01 03:19:12,720 - INFO - Ingress_Enter 121A5YLK
2025-04-01 03:19:12,736 - INFO - Ingress_Enter 869V2OE8
2025-04-01 03:19:12,831 - INFO - Ingress_Exit NHQSZZ91
2025-04-01 03:19:12,858 - INFO - Ingress_Enter H42A237N
2025-04-01 03:19:12,859 - INFO - Ingress_Enter LR8U3XMB
2025-04-01 03:19:12,873 - INFO - Ingress_Enter 4IOE0LGQ
2025-04-01 03:19:12,932 - INFO - Ingress_Enter 2CMLLI14
2025-04-01 03:19:12,946 - INFO - Ingress_Enter T8IX6E6E
2025-04-01 03:19:12,949 - INFO - Ingress_Enter 9JJT6BC7
2025-04-01 03:19:12,974 - INFO - Ingress_Exit CQHFHIC6
2025-04-01 03:19:13,006 - INFO - Ingress_Exit RC6I0216
2025-04-01 03:19:13,008 - INFO - Ingress_Exit H15SWFTN
2025-04-01 03:19:13,039 - INFO - Ingress_Enter Y7T3VSPK
2025-04-01 03:19:13,109 - INFO - Ingress_Enter OYJX2D0B
2025-04-01 03:19:13,133 - INFO - Ingress_Enter J9H6KLRB
2025-04-01 03:19:13,220 - INFO - Ingress_Enter DBKZA4RO
2025-04-01 03:19:13,320 - INFO - Ingress_Enter N9QU8KG5
2025-04-01 03:19:13,377 - INFO - Ingress_Exit 08PHOJXK
2025-04-01 03:19:13,512 - INFO - Ingress_Enter VBDVETEB
2025-04-01 03:19:13,521 - INFO - Ingress_Enter SE7WAAC2
2025-04-01 03:19:13,650 - INFO - Ingress_Exit MTHDX0L6
2025-04-01 03:19:13,652 - INFO - Ingress_Exit 869V2OE8
2025-04-01 03:19:13,714 - INFO - Ingress_Exit H42A237N
2025-04-01 03:19:13,715 - INFO - Ingress_Exit 121A5YLK
2025-04-01 03:19:13,799 - INFO - Ingress_Exit LR8U3XMB
2025-04-01 03:19:13,800 - INFO - Ingress_Exit 4IOE0LGQ
2025-04-01 03:19:13,802 - INFO - Ingress_Exit J2SZ4WGD
2025-04-01 03:19:13,803 - INFO - Ingress_Exit TY4J5C3G
2025-04-01 03:19:13,863 - INFO - Ingress_Exit 9JJT6BC7
2025-04-01 03:19:14,104 - INFO - Ingress_Exit N9QU8KG5
2025-04-01 03:19:14,151 - INFO - Ingress_Exit 2CMLLI14
2025-04-01 03:19:14,152 - INFO - Ingress_Exit Y7T3VSPK
2025-04-01 03:19:14,154 - INFO - Ingress_Exit T8IX6E6E
2025-04-01 03:19:14,394 - INFO - Ingress_Exit SE7WAAC2
2025-04-01 03:19:14,457 - INFO - Ingress_Exit VBDVETEB
2025-04-01 03:19:14,462 - INFO - Ingress_Exit J9H6KLRB
2025-04-01 03:19:14,463 - INFO - Ingress_Exit OYJX2D0B
2025-04-01 03:19:14,465 - INFO - Ingress_Exit DBKZA4RO
2025-04-01 03:19:23,670 - INFO - Ingress_Enter D2517Q3H
2025-04-01 03:19:23,714 - INFO - Ingress_Enter CHOKLFOG
2025-04-01 03:19:23,720 - INFO - Ingress_Enter TNGBS75R
2025-04-01 03:19:23,764 - INFO - Ingress_Enter XYEY72YD
2025-04-01 03:19:23,768 - INFO - Ingress_Enter BNEOAVVQ
2025-04-01 03:19:23,836 - INFO - Ingress_Enter 17KRJ8E5
2025-04-01 03:19:23,850 - INFO - Ingress_Enter 24O8XGZA
2025-04-01 03:19:23,908 - INFO - Ingress_Enter 2Q167SIG
2025-04-01 03:19:24,042 - INFO - Ingress_Enter 6CTLML31
2025-04-01 03:19:24,057 - INFO - Ingress_Enter 367OTAPD
2025-04-01 03:19:24,231 - INFO - Ingress_Enter AFYXO5XQ
2025-04-01 03:19:24,424 - INFO - Ingress_Enter JZ7LK7QV
2025-04-01 03:19:24,600 - INFO - Ingress_Exit 24O8XGZA
2025-04-01 03:19:24,793 - INFO - Ingress_Exit BNEOAVVQ
2025-04-01 03:19:24,794 - INFO - Ingress_Exit XYEY72YD
2025-04-01 03:19:24,804 - INFO - Ingress_Exit CHOKLFOG
2025-04-01 03:19:24,840 - INFO - Ingress_Exit D2517Q3H
2025-04-01 03:19:24,840 - INFO - Ingress_Exit TNGBS75R
2025-04-01 03:19:24,916 - INFO - Ingress_Enter B5VC4UNX
2025-04-01 03:19:24,929 - INFO - Ingress_Exit 17KRJ8E5
2025-04-01 03:19:24,931 - INFO - Ingress_Exit 2Q167SIG
2025-04-01 03:19:24,960 - INFO - Ingress_Enter QP06OXHT
2025-04-01 03:19:24,978 - INFO - Ingress_Enter GOKBBNKV
2025-04-01 03:19:25,058 - INFO - Ingress_Enter YE4OQV18
2025-04-01 03:19:25,086 - INFO - Ingress_Exit 6CTLML31
2025-04-01 03:19:25,162 - INFO - Ingress_Enter RGCJK52C
2025-04-01 03:19:25,208 - INFO - Ingress_Enter BRSG6EU9
2025-04-01 03:19:25,215 - INFO - Ingress_Enter OUE0HG3W
2025-04-01 03:19:25,263 - INFO - Ingress_Exit AFYXO5XQ
2025-04-01 03:19:25,363 - INFO - Ingress_Enter 58O8NAMU
2025-04-01 03:19:25,407 - INFO - Ingress_Enter AWUGEAYN
2025-04-01 03:19:25,488 - INFO - Ingress_Exit 367OTAPD
2025-04-01 03:19:25,659 - INFO - Ingress_Exit JZ7LK7QV
2025-04-01 03:19:25,688 - INFO - Ingress_Enter AUQKPTML
2025-04-01 03:19:25,698 - INFO - Ingress_Enter J3VTTXAC
2025-04-01 03:19:25,834 - INFO - Ingress_Enter R29P0Q2P
2025-04-01 03:19:25,840 - INFO - Ingress_Exit OUE0HG3W
2025-04-01 03:19:25,880 - INFO - Ingress_Exit YE4OQV18
2025-04-01 03:19:25,918 - INFO - Ingress_Exit B5VC4UNX
2025-04-01 03:19:25,919 - INFO - Ingress_Enter BHFBW755
2025-04-01 03:19:26,001 - INFO - Ingress_Enter C5TD8YYU
2025-04-01 03:19:26,094 - INFO - Ingress_Enter 0ZM9F8R8
2025-04-01 03:19:26,121 - INFO - Ingress_Enter J5D7KCXQ
2025-04-01 03:19:26,129 - INFO - Ingress_Exit RGCJK52C
2025-04-01 03:19:26,130 - INFO - Ingress_Enter LIBBDLED
2025-04-01 03:19:26,176 - INFO - Ingress_Exit BRSG6EU9
2025-04-01 03:19:26,177 - INFO - Ingress_Exit QP06OXHT
2025-04-01 03:19:26,178 - INFO - Ingress_Exit GOKBBNKV
2025-04-01 03:19:26,191 - INFO - Ingress_Enter NYVM46HN
2025-04-01 03:19:26,219 - INFO - Ingress_Exit R29P0Q2P
2025-04-01 03:19:26,246 - INFO - Ingress_Enter ELHWW1V6
2025-04-01 03:19:26,264 - INFO - Ingress_Enter 9QF7HZCR
2025-04-01 03:19:26,352 - INFO - Ingress_Enter ARE56ILK
2025-04-01 03:19:26,401 - INFO - Ingress_Exit 58O8NAMU
2025-04-01 03:19:26,403 - INFO - Ingress_Exit AWUGEAYN
2025-04-01 03:19:26,446 - INFO - Ingress_Enter OSFHCTX5
2025-04-01 03:19:26,483 - INFO - Ingress_Exit J5D7KCXQ
2025-04-01 03:19:26,486 - INFO - Ingress_Exit AUQKPTML
2025-04-01 03:19:26,492 - INFO - Ingress_Enter 1RLKFSRR
2025-04-01 03:19:26,681 - INFO - Ingress_Enter 0O4DKQI1
2025-04-01 03:19:26,706 - INFO - Ingress_Exit 0ZM9F8R8
2025-04-01 03:19:26,816 - INFO - Ingress_Exit J3VTTXAC
2025-04-01 03:19:26,817 - INFO - Ingress_Enter HXED9MV6
2025-04-01 03:19:26,834 - INFO - Ingress_Exit C5TD8YYU
2025-04-01 03:19:26,879 - INFO - Ingress_Enter THNXKRE4
2025-04-01 03:19:26,893 - INFO - Ingress_Exit 0O4DKQI1
2025-04-01 03:19:26,906 - INFO - Ingress_Enter INGCTYJ8
2025-04-01 03:19:26,915 - INFO - Ingress_Enter C8A0CPN3
2025-04-01 03:19:26,933 - INFO - Ingress_Exit 1RLKFSRR
2025-04-01 03:19:26,991 - INFO - Ingress_Exit BHFBW755
2025-04-01 03:19:26,993 - INFO - Ingress_Exit ELHWW1V6
2025-04-01 03:19:27,017 - INFO - Ingress_Enter K95AETYN
2025-04-01 03:19:27,039 - INFO - Ingress_Enter WP4JF6BP
2025-04-01 03:19:27,047 - INFO - Ingress_Exit NYVM46HN
2025-04-01 03:19:27,129 - INFO - Ingress_Enter GQRPF8LK
2025-04-01 03:19:27,158 - INFO - Ingress_Exit LIBBDLED
2025-04-01 03:19:27,160 - INFO - Ingress_Exit ARE56ILK
2025-04-01 03:19:27,198 - INFO - Ingress_Exit OSFHCTX5
2025-04-01 03:19:27,199 - INFO - Ingress_Exit 9QF7HZCR
2025-04-01 03:19:27,315 - INFO - Ingress_Enter GXWZU338
2025-04-01 03:19:27,340 - INFO - Ingress_Exit INGCTYJ8
2025-04-01 03:19:27,342 - INFO - Ingress_Enter 6LZ7R9X7
2025-04-01 03:19:27,450 - INFO - Ingress_Exit HXED9MV6
2025-04-01 03:19:27,491 - INFO - Ingress_Enter UXRR0ITY
2025-04-01 03:19:27,594 - INFO - Ingress_Exit K95AETYN
2025-04-01 03:19:27,661 - INFO - Ingress_Enter PZ406RH0
2025-04-01 03:19:27,674 - INFO - Ingress_Enter LG6HHVY5
2025-04-01 03:19:27,725 - INFO - Ingress_Enter HR9RAUFE
2025-04-01 03:19:27,746 - INFO - Ingress_Exit THNXKRE4
2025-04-01 03:19:27,765 - INFO - Ingress_Enter W670LHTF
2025-04-01 03:19:27,859 - INFO - Ingress_Enter Z11MARKE
2025-04-01 03:19:27,959 - INFO - Ingress_Enter H3VGS84I
2025-04-01 03:19:27,973 - INFO - Ingress_Exit C8A0CPN3
2025-04-01 03:19:27,974 - INFO - Ingress_Exit WP4JF6BP
2025-04-01 03:19:27,987 - INFO - Ingress_Exit GXWZU338
2025-04-01 03:19:28,151 - INFO - Ingress_Exit 6LZ7R9X7
2025-04-01 03:19:28,152 - INFO - Ingress_Exit GQRPF8LK
2025-04-01 03:19:28,185 - INFO - Ingress_Enter RPGQ7U41
2025-04-01 03:19:28,205 - INFO - Ingress_Exit UXRR0ITY
2025-04-01 03:19:28,295 - INFO - Ingress_Enter F69TQNSJ
2025-04-01 03:19:28,301 - INFO - Ingress_Exit LG6HHVY5
2025-04-01 03:19:28,355 - INFO - Ingress_Exit HR9RAUFE
2025-04-01 03:19:28,488 - INFO - Ingress_Enter 09Z9A82M
2025-04-01 03:19:28,495 - INFO - Ingress_Exit PZ406RH0
2025-04-01 03:19:28,534 - INFO - Ingress_Enter WSCHFRIB
2025-04-01 03:19:28,543 - INFO - Ingress_Enter NX1ZSIO6
2025-04-01 03:19:28,610 - INFO - Ingress_Exit W670LHTF
2025-04-01 03:19:28,615 - INFO - Ingress_Enter C6R1TTE5
2025-04-01 03:19:28,624 - INFO - Ingress_Enter JD8JL80T
2025-04-01 03:19:28,669 - INFO - Ingress_Enter 5CJH5NDY
2025-04-01 03:19:28,697 - INFO - Ingress_Enter 96QHQLA4
2025-04-01 03:19:28,758 - INFO - Ingress_Exit RPGQ7U41
2025-04-01 03:19:28,845 - INFO - Ingress_Exit H3VGS84I
2025-04-01 03:19:28,896 - INFO - Ingress_Enter FP99TZQT
2025-04-01 03:19:28,898 - INFO - Ingress_Exit Z11MARKE
2025-04-01 03:19:28,955 - INFO - Ingress_Enter DS7VZXJJ
2025-04-01 03:19:29,030 - INFO - Ingress_Enter BTY590BJ
2025-04-01 03:19:29,044 - INFO - Ingress_Enter APFO93EK
2025-04-01 03:19:29,168 - INFO - Ingress_Exit F69TQNSJ
2025-04-01 03:19:29,275 - INFO - Ingress_Exit JD8JL80T
2025-04-01 03:19:29,297 - INFO - Ingress_Exit WSCHFRIB
2025-04-01 03:19:29,299 - INFO - Ingress_Exit C6R1TTE5
2025-04-01 03:19:29,366 - INFO - Ingress_Enter XAPUSR1M
2025-04-01 03:19:29,450 - INFO - Ingress_Exit 5CJH5NDY
2025-04-01 03:19:29,506 - INFO - Ingress_Exit 09Z9A82M
2025-04-01 03:19:29,507 - INFO - Ingress_Exit NX1ZSIO6
2025-04-01 03:19:29,518 - INFO - Ingress_Exit 96QHQLA4
2025-04-01 03:19:29,521 - INFO - Ingress_Enter 19JEVBCS
2025-04-01 03:19:29,539 - INFO - Ingress_Enter CZN2R0RG
2025-04-01 03:19:29,599 - INFO - Ingress_Enter BLW0FDXY
2025-04-01 03:19:29,617 - INFO - Ingress_Enter MOPB4ITY
2025-04-01 03:19:29,654 - INFO - Ingress_Enter MMLO0ICX
2025-04-01 03:19:29,678 - INFO - Ingress_Exit FP99TZQT
2025-04-01 03:19:29,784 - INFO - Ingress_Exit DS7VZXJJ
2025-04-01 03:19:29,951 - INFO - Ingress_Enter OR6CACI0
2025-04-01 03:19:29,975 - INFO - Ingress_Exit BTY590BJ
2025-04-01 03:19:29,996 - INFO - Ingress_Enter 4OBWPA00
2025-04-01 03:19:30,074 - INFO - Ingress_Enter TAMFNB6P
2025-04-01 03:19:30,100 - INFO - Ingress_Exit APFO93EK
2025-04-01 03:19:30,103 - INFO - Ingress_Enter MAJB8BRH
2025-04-01 03:19:30,157 - INFO - Ingress_Enter 7IBQEBR3
2025-04-01 03:19:30,317 - INFO - Ingress_Exit CZN2R0RG
2025-04-01 03:19:30,363 - INFO - Ingress_Enter C7WRP2U7
2025-04-01 03:19:30,364 - INFO - Ingress_Exit XAPUSR1M
2025-04-01 03:19:30,398 - INFO - Ingress_Exit 19JEVBCS
2025-04-01 03:19:30,480 - INFO - Ingress_Exit MOPB4ITY
2025-04-01 03:19:30,495 - INFO - Ingress_Exit BLW0FDXY
2025-04-01 03:19:30,541 - INFO - Ingress_Exit MMLO0ICX
2025-04-01 03:19:30,669 - INFO - Ingress_Enter KGQBLLHB
2025-04-01 03:19:30,741 - INFO - Ingress_Exit OR6CACI0
2025-04-01 03:19:30,802 - INFO - Ingress_Enter WU0O1DK3
2025-04-01 03:19:30,803 - INFO - Ingress_Enter 76TQ0OBR
2025-04-01 03:19:30,820 - INFO - Ingress_Enter YARG17HI
2025-04-01 03:19:30,828 - INFO - Ingress_Enter GLNN2YN4
2025-04-01 03:19:30,926 - INFO - Ingress_Exit 4OBWPA00
2025-04-01 03:19:30,927 - INFO - Ingress_Exit MAJB8BRH
2025-04-01 03:19:31,025 - INFO - Ingress_Exit 7IBQEBR3
2025-04-01 03:19:31,106 - INFO - Ingress_Enter U1X5NE3D
2025-04-01 03:19:31,109 - INFO - Ingress_Enter 1Z7H8DIH
2025-04-01 03:19:31,165 - INFO - Ingress_Exit TAMFNB6P
2025-04-01 03:19:31,178 - INFO - Ingress_Enter YSXYMZSY
2025-04-01 03:19:31,205 - INFO - Ingress_Enter 4IQTY730
2025-04-01 03:19:31,359 - INFO - Ingress_Enter 3HCYZ3LH
2025-04-01 03:19:31,386 - INFO - Ingress_Enter RF9G7N8R
2025-04-01 03:19:31,405 - INFO - Ingress_Enter RIH7378L
2025-04-01 03:19:31,439 - INFO - Ingress_Exit C7WRP2U7
2025-04-01 03:19:31,467 - INFO - Ingress_Enter SHOLOQKO
2025-04-01 03:19:31,702 - INFO - Ingress_Exit WU0O1DK3
2025-04-01 03:19:31,719 - INFO - Ingress_Enter LYUC2AAA
2025-04-01 03:19:31,842 - INFO - Ingress_Exit KGQBLLHB
2025-04-01 03:19:31,844 - INFO - Ingress_Exit YARG17HI
2025-04-01 03:19:31,845 - INFO - Ingress_Exit GLNN2YN4
2025-04-01 03:19:31,860 - INFO - Ingress_Enter 3R0H20VU
2025-04-01 03:19:31,907 - INFO - Ingress_Exit 4IQTY730
2025-04-01 03:19:31,924 - INFO - Ingress_Enter TCMGN3BG
2025-04-01 03:19:31,943 - INFO - Ingress_Enter 73984SI8
2025-04-01 03:19:31,945 - INFO - Ingress_Exit YSXYMZSY
2025-04-01 03:19:31,953 - INFO - Ingress_Exit 76TQ0OBR
2025-04-01 03:19:31,957 - INFO - Ingress_Exit U1X5NE3D
2025-04-01 03:19:31,986 - INFO - Ingress_Enter MJE0HWXV
2025-04-01 03:19:32,149 - INFO - Ingress_Enter 6HOJV9FD
2025-04-01 03:19:32,157 - INFO - Ingress_Exit 1Z7H8DIH
2025-04-01 03:19:32,303 - INFO - Ingress_Enter NTS95RYF
2025-04-01 03:19:32,387 - INFO - Ingress_Exit RF9G7N8R
2025-04-01 03:19:32,389 - INFO - Ingress_Exit 3HCYZ3LH
2025-04-01 03:19:32,481 - INFO - Ingress_Exit RIH7378L
2025-04-01 03:19:32,510 - INFO - Ingress_Enter Y2KUVSTL
2025-04-01 03:19:32,518 - INFO - Ingress_Exit LYUC2AAA
2025-04-01 03:19:32,535 - INFO - Ingress_Enter VDOY1QHV
2025-04-01 03:19:32,546 - INFO - Ingress_Enter UCNIFJHK
2025-04-01 03:19:32,554 - INFO - Ingress_Enter 36NOOABD
2025-04-01 03:19:32,647 - INFO - Ingress_Exit SHOLOQKO
2025-04-01 03:19:32,769 - INFO - Ingress_Enter NMQM0EWP
2025-04-01 03:19:32,787 - INFO - Ingress_Exit 3R0H20VU
2025-04-01 03:19:32,806 - INFO - Ingress_Enter 4B24IUU3
2025-04-01 03:19:32,813 - INFO - Ingress_Enter INZAX4GZ
2025-04-01 03:19:32,861 - INFO - Ingress_Enter I63TWUZ7
2025-04-01 03:19:32,869 - INFO - Ingress_Exit 73984SI8
2025-04-01 03:19:32,962 - INFO - Ingress_Enter PF2YAVSO
2025-04-01 03:19:33,025 - INFO - Ingress_Exit TCMGN3BG
2025-04-01 03:19:33,035 - INFO - Ingress_Exit MJE0HWXV
2025-04-01 03:19:33,094 - INFO - Ingress_Enter 1CODFDLV
2025-04-01 03:19:33,146 - INFO - Ingress_Enter DJ2D7UH3
2025-04-01 03:19:33,203 - INFO - Ingress_Exit 6HOJV9FD
2025-04-01 03:19:33,207 - INFO - Ingress_Enter GPDXRVEJ
2025-04-01 03:19:33,210 - INFO - Ingress_Enter 45WGHX4A
2025-04-01 03:19:33,213 - INFO - Ingress_Exit NTS95RYF
2025-04-01 03:19:33,377 - INFO - Ingress_Enter K87TW2G1
2025-04-01 03:19:33,396 - INFO - Ingress_Enter I1V08BNH
2025-04-01 03:19:33,425 - INFO - Ingress_Exit UCNIFJHK
2025-04-01 03:19:33,577 - INFO - Ingress_Enter 0G6A0Q64
2025-04-01 03:19:33,579 - INFO - Ingress_Exit Y2KUVSTL
2025-04-01 03:19:33,580 - INFO - Ingress_Exit 36NOOABD
2025-04-01 03:19:33,597 - INFO - Ingress_Enter R0CFX31Q
2025-04-01 03:19:33,646 - INFO - Ingress_Exit NMQM0EWP
2025-04-01 03:19:33,736 - INFO - Ingress_Exit 4B24IUU3
2025-04-01 03:19:33,743 - INFO - Ingress_Exit INZAX4GZ
2025-04-01 03:19:33,744 - INFO - Ingress_Exit I63TWUZ7
2025-04-01 03:19:33,765 - INFO - Ingress_Exit VDOY1QHV
2025-04-01 03:19:34,058 - INFO - Ingress_Exit PF2YAVSO
2025-04-01 03:19:34,250 - INFO - Ingress_Exit 1CODFDLV
2025-04-01 03:19:34,283 - INFO - Ingress_Exit DJ2D7UH3
2025-04-01 03:19:34,421 - INFO - Ingress_Exit I1V08BNH
2025-04-01 03:19:34,519 - INFO - Ingress_Exit 45WGHX4A
2025-04-01 03:19:34,519 - INFO - Ingress_Exit K87TW2G1
2025-04-01 03:19:34,539 - INFO - Ingress_Enter 75MGREGM
2025-04-01 03:19:34,546 - INFO - Ingress_Enter 5JWOT1BT
2025-04-01 03:19:34,581 - INFO - Ingress_Enter 1RJLLOX2
2025-04-01 03:19:34,651 - INFO - Ingress_Exit GPDXRVEJ
2025-04-01 03:19:34,725 - INFO - Ingress_Enter 4GQCE7NU
2025-04-01 03:19:34,733 - INFO - Ingress_Exit R0CFX31Q
2025-04-01 03:19:34,742 - INFO - Ingress_Enter 7LGIR5NM
2025-04-01 03:19:34,749 - INFO - Ingress_Exit 0G6A0Q64
2025-04-01 03:19:34,908 - INFO - Ingress_Enter X9RI4MI6
2025-04-01 03:19:34,964 - INFO - Ingress_Enter F4X7YNVL
2025-04-01 03:19:35,034 - INFO - Ingress_Enter ZE4YC0LE
2025-04-01 03:19:35,045 - INFO - Ingress_Enter DHF3MLEU
2025-04-01 03:19:35,060 - INFO - Ingress_Enter N8T41M5B
2025-04-01 03:19:35,092 - INFO - Ingress_Enter 12YOIHJ5
2025-04-01 03:19:35,118 - INFO - Ingress_Enter 3SDAND5E
2025-04-01 03:19:35,211 - INFO - Ingress_Enter D61F2PIC
2025-04-01 03:19:35,237 - INFO - Ingress_Enter ONSV81A8
2025-04-01 03:19:35,309 - INFO - Ingress_Enter 88K1Y6BX
2025-04-01 03:19:35,344 - INFO - Ingress_Enter 5RLBJ8YA
2025-04-01 03:19:35,416 - INFO - Ingress_Enter 6KG0I9T6
2025-04-01 03:19:35,426 - INFO - Ingress_Exit 5JWOT1BT
2025-04-01 03:19:35,428 - INFO - Ingress_Exit 75MGREGM
2025-04-01 03:19:35,711 - INFO - Ingress_Exit 1RJLLOX2
2025-04-01 03:19:35,712 - INFO - Ingress_Exit 4GQCE7NU
2025-04-01 03:19:35,784 - INFO - Ingress_Exit 7LGIR5NM
2025-04-01 03:19:35,939 - INFO - Ingress_Exit ZE4YC0LE
2025-04-01 03:19:36,029 - INFO - Ingress_Exit DHF3MLEU
2025-04-01 03:19:36,030 - INFO - Ingress_Exit 12YOIHJ5
2025-04-01 03:19:36,044 - INFO - Ingress_Exit F4X7YNVL
2025-04-01 03:19:36,112 - INFO - Ingress_Exit D61F2PIC
2025-04-01 03:19:36,235 - INFO - Ingress_Exit 88K1Y6BX
2025-04-01 03:19:36,289 - INFO - Ingress_Exit X9RI4MI6
2025-04-01 03:19:36,317 - INFO - Ingress_Exit N8T41M5B
2025-04-01 03:19:36,365 - INFO - Ingress_Exit 3SDAND5E
2025-04-01 03:19:36,367 - INFO - Ingress_Exit ONSV81A8
2025-04-01 03:19:36,602 - INFO - Ingress_Exit 5RLBJ8YA
2025-04-01 03:19:36,645 - INFO - Ingress_Exit 6KG0I9T6
2025-04-01 03:19:45,463 - INFO - Ingress_Enter KN4PSHA8
2025-04-01 03:19:45,481 - INFO - Ingress_Enter WKQC8LS5
2025-04-01 03:19:45,560 - INFO - Ingress_Enter 6SQMEXB7
2025-04-01 03:19:45,596 - INFO - Ingress_Enter 28RVKTFR
2025-04-01 03:19:45,660 - INFO - Ingress_Enter FD6VPING
2025-04-01 03:19:45,679 - INFO - Ingress_Enter 2ZUAWMQ7
2025-04-01 03:19:45,708 - INFO - Ingress_Enter JZUZL8MG
2025-04-01 03:19:45,754 - INFO - Ingress_Enter 3LJJ96UJ
2025-04-01 03:19:45,805 - INFO - Ingress_Enter ZT4O79EI
2025-04-01 03:19:45,886 - INFO - Ingress_Enter T6IEC9L9
2025-04-01 03:19:46,098 - INFO - Ingress_Enter NO20MYNY
2025-04-01 03:19:46,301 - INFO - Ingress_Exit KN4PSHA8
2025-04-01 03:19:46,317 - INFO - Ingress_Enter W0VKDCQ3
2025-04-01 03:19:46,328 - INFO - Ingress_Enter IGTALBKZ
2025-04-01 03:19:46,336 - INFO - Ingress_Enter TG2TBBSN
2025-04-01 03:19:46,417 - INFO - Ingress_Enter 9TUODT5G
2025-04-01 03:19:46,465 - INFO - Ingress_Exit 6SQMEXB7
2025-04-01 03:19:46,490 - INFO - Ingress_Enter Y8RL5RE2
2025-04-01 03:19:46,552 - INFO - Ingress_Exit 28RVKTFR
2025-04-01 03:19:46,600 - INFO - Ingress_Exit JZUZL8MG
2025-04-01 03:19:46,655 - INFO - Ingress_Exit FD6VPING
2025-04-01 03:19:46,764 - INFO - Ingress_Exit 2ZUAWMQ7
2025-04-01 03:19:46,784 - INFO - Ingress_Exit WKQC8LS5
2025-04-01 03:19:47,005 - INFO - Ingress_Exit ZT4O79EI
2025-04-01 03:19:47,006 - INFO - Ingress_Exit T6IEC9L9
2025-04-01 03:19:47,058 - INFO - Ingress_Exit 3LJJ96UJ
2025-04-01 03:19:47,154 - INFO - Ingress_Exit W0VKDCQ3
2025-04-01 03:19:47,155 - INFO - Ingress_Exit IGTALBKZ
2025-04-01 03:19:47,280 - INFO - Ingress_Exit Y8RL5RE2
2025-04-01 03:19:47,282 - INFO - Ingress_Exit 9TUODT5G
2025-04-01 03:19:47,377 - INFO - Ingress_Exit NO20MYNY
2025-04-01 03:19:47,559 - INFO - Ingress_Exit TG2TBBSN
