2025-04-01 03:18:51,444 - INFO - Ingress_Enter O36MBDBD
2025-04-01 03:18:51,603 - INFO - Ingress_Enter G1RJ2ZIO
2025-04-01 03:18:51,895 - INFO - Ingress_Enter QOB50TUX
2025-04-01 03:18:51,920 - INFO - Ingress_Enter DG6T67BA
2025-04-01 03:18:52,063 - INFO - Ingress_Enter IM4L0GB2
2025-04-01 03:18:52,215 - INFO - Ingress_Enter ZYYCE8Q9
2025-04-01 03:18:52,422 - INFO - Ingress_Enter VFOG5JRM
2025-04-01 03:18:52,433 - INFO - Ingress_Enter C27KKFW3
2025-04-01 03:18:52,555 - INFO - Ingress_Enter MIQ4OBP2
2025-04-01 03:18:52,718 - INFO - Ingress_Exit G1RJ2ZIO
2025-04-01 03:18:52,739 - INFO - Ingress_Enter KR75RX97
2025-04-01 03:18:52,870 - INFO - Ingress_Exit O36MBDBD
2025-04-01 03:18:52,894 - INFO - Ingress_Enter G8D9PGYK
2025-04-01 03:18:53,008 - INFO - Ingress_Exit DG6T67BA
2025-04-01 03:18:53,077 - INFO - Ingress_Exit QOB50TUX
2025-04-01 03:18:53,145 - INFO - Ingress_Enter 6F44939W
2025-04-01 03:18:53,188 - INFO - Ingress_Exit VFOG5JRM
2025-04-01 03:18:53,262 - INFO - Ingress_Enter 406CTUTG
2025-04-01 03:18:53,312 - INFO - Ingress_Exit IM4L0GB2
2025-04-01 03:18:53,365 - INFO - Ingress_Enter CAAAYJ4D
2025-04-01 03:18:53,374 - INFO - Ingress_Exit ZYYCE8Q9
2025-04-01 03:18:53,383 - INFO - Ingress_Enter CSNGIKJ4
2025-04-01 03:18:53,392 - INFO - Ingress_Enter XCDS0R9J
2025-04-01 03:18:53,398 - INFO - Ingress_Exit C27KKFW3
2025-04-01 03:18:53,488 - INFO - Ingress_Exit MIQ4OBP2
2025-04-01 03:18:53,506 - INFO - Ingress_Enter QROA00E9
2025-04-01 03:18:53,552 - INFO - Ingress_Exit KR75RX97
2025-04-01 03:18:53,553 - INFO - Ingress_Exit G8D9PGYK
2025-04-01 03:18:53,622 - INFO - Ingress_Enter G07GEIG4
2025-04-01 03:18:53,755 - INFO - Ingress_Enter LZ859MB3
2025-04-01 03:18:53,957 - INFO - Ingress_Enter 16VK5SYE
2025-04-01 03:18:53,984 - INFO - Ingress_Enter D07GVQ63
2025-04-01 03:18:54,066 - INFO - Ingress_Enter 5EYW7P7M
2025-04-01 03:18:54,226 - INFO - Ingress_Enter 44OE0YIP
2025-04-01 03:18:54,622 - INFO - Ingress_Exit 6F44939W
2025-04-01 03:18:54,724 - INFO - Ingress_Exit 406CTUTG
2025-04-01 03:18:54,778 - INFO - Ingress_Exit CSNGIKJ4
2025-04-01 03:18:54,894 - INFO - Ingress_Exit XCDS0R9J
2025-04-01 03:18:54,914 - INFO - Ingress_Enter X26NE84H
2025-04-01 03:18:54,987 - INFO - Ingress_Exit CAAAYJ4D
2025-04-01 03:18:54,989 - INFO - Ingress_Exit 5EYW7P7M
2025-04-01 03:18:55,085 - INFO - Ingress_Exit 44OE0YIP
2025-04-01 03:18:55,163 - INFO - Ingress_Exit QROA00E9
2025-04-01 03:18:55,174 - INFO - Ingress_Enter 5OX8Q99G
2025-04-01 03:18:55,336 - INFO - Ingress_Exit LZ859MB3
2025-04-01 03:18:55,354 - INFO - Ingress_Enter 4VQ3I75Q
2025-04-01 03:18:55,410 - INFO - Ingress_Enter RKHUSM1Y
2025-04-01 03:18:55,419 - INFO - Ingress_Exit G07GEIG4
2025-04-01 03:18:55,421 - INFO - Ingress_Enter 25ZAYBXJ
2025-04-01 03:18:55,624 - INFO - Ingress_Enter FNLZBX8F
2025-04-01 03:18:55,693 - INFO - Ingress_Exit D07GVQ63
2025-04-01 03:18:55,696 - INFO - Ingress_Enter L6V3EEFK
2025-04-01 03:18:55,755 - INFO - Ingress_Enter XR269M08
2025-04-01 03:18:55,909 - INFO - Ingress_Exit 16VK5SYE
2025-04-01 03:18:55,950 - INFO - Ingress_Enter 6HBUUYJE
2025-04-01 03:18:56,123 - INFO - Ingress_Enter QYVHVPJI
2025-04-01 03:18:56,157 - INFO - Ingress_Enter 9ERHB4DM
2025-04-01 03:18:56,238 - INFO - Ingress_Exit X26NE84H
2025-04-01 03:18:56,318 - INFO - Ingress_Enter SQL66XLY
2025-04-01 03:18:56,364 - INFO - Ingress_Enter WSGVC3BU
2025-04-01 03:18:56,404 - INFO - Ingress_Exit 5OX8Q99G
2025-04-01 03:18:56,405 - INFO - Ingress_Exit 4VQ3I75Q
2025-04-01 03:18:56,783 - INFO - Ingress_Exit RKHUSM1Y
2025-04-01 03:18:56,838 - INFO - Ingress_Exit FNLZBX8F
2025-04-01 03:18:56,929 - INFO - Ingress_Enter XIURWTIF
2025-04-01 03:18:56,940 - INFO - Ingress_Enter KOVSQZ9C
2025-04-01 03:18:57,008 - INFO - Ingress_Exit 25ZAYBXJ
2025-04-01 03:18:57,046 - INFO - Ingress_Enter WHQ9G7XF
2025-04-01 03:18:57,060 - INFO - Ingress_Exit L6V3EEFK
2025-04-01 03:18:57,073 - INFO - Ingress_Exit XR269M08
2025-04-01 03:18:57,078 - INFO - Ingress_Enter 27AW0DCW
2025-04-01 03:18:57,259 - INFO - Ingress_Enter 3X0081X2
2025-04-01 03:18:57,294 - INFO - Ingress_Exit QYVHVPJI
2025-04-01 03:18:57,298 - INFO - Ingress_Enter 00OKDC20
2025-04-01 03:18:57,375 - INFO - Ingress_Enter 786IAFCP
2025-04-01 03:18:57,378 - INFO - Ingress_Exit WSGVC3BU
2025-04-01 03:18:57,386 - INFO - Ingress_Enter A8J4C7EC
2025-04-01 03:18:57,406 - INFO - Ingress_Exit 6HBUUYJE
2025-04-01 03:18:57,441 - INFO - Ingress_Enter 6GFH4X5C
2025-04-01 03:18:57,504 - INFO - Ingress_Enter 42I6HDFH
2025-04-01 03:18:57,555 - INFO - Ingress_Exit 9ERHB4DM
2025-04-01 03:18:57,563 - INFO - Ingress_Enter CWNROQM6
2025-04-01 03:18:57,733 - INFO - Ingress_Enter 4AF9JC8E
2025-04-01 03:18:57,751 - INFO - Ingress_Enter T082OPRY
2025-04-01 03:18:57,863 - INFO - Ingress_Exit SQL66XLY
2025-04-01 03:18:58,032 - INFO - Ingress_Exit 00OKDC20
2025-04-01 03:18:58,071 - INFO - Ingress_Exit 27AW0DCW
2025-04-01 03:18:58,074 - INFO - Ingress_Exit XIURWTIF
2025-04-01 03:18:58,209 - INFO - Ingress_Exit KOVSQZ9C
2025-04-01 03:18:58,210 - INFO - Ingress_Exit WHQ9G7XF
2025-04-01 03:18:58,494 - INFO - Ingress_Exit 3X0081X2
2025-04-01 03:18:58,496 - INFO - Ingress_Exit 6GFH4X5C
2025-04-01 03:18:58,497 - INFO - Ingress_Exit A8J4C7EC
2025-04-01 03:18:58,527 - INFO - Ingress_Enter C5RP41P3
2025-04-01 03:18:58,582 - INFO - Ingress_Exit 786IAFCP
2025-04-01 03:18:58,584 - INFO - Ingress_Exit CWNROQM6
2025-04-01 03:18:58,595 - INFO - Ingress_Enter MYMBCFD8
2025-04-01 03:18:58,622 - INFO - Ingress_Enter KBSZT8ZM
2025-04-01 03:18:58,654 - INFO - Ingress_Enter 16OJVDDD
2025-04-01 03:18:58,736 - INFO - Ingress_Enter 9JPAXI9P
2025-04-01 03:18:58,758 - INFO - Ingress_Enter JLD1G24B
2025-04-01 03:18:58,829 - INFO - Ingress_Exit 42I6HDFH
2025-04-01 03:18:58,844 - INFO - Ingress_Enter D9WPX5A2
2025-04-01 03:18:58,847 - INFO - Ingress_Enter EXA59408
2025-04-01 03:18:58,911 - INFO - Ingress_Enter R4OBD92R
2025-04-01 03:18:58,929 - INFO - Ingress_Enter OFG60EUT
2025-04-01 03:18:58,961 - INFO - Ingress_Exit 4AF9JC8E
2025-04-01 03:18:58,964 - INFO - Ingress_Exit T082OPRY
2025-04-01 03:18:59,007 - INFO - Ingress_Enter ZESKF9HI
2025-04-01 03:18:59,107 - INFO - Ingress_Enter LTZ0DL3D
2025-04-01 03:18:59,490 - INFO - Ingress_Enter C0X2B9MW
2025-04-01 03:18:59,492 - INFO - Ingress_Enter J80ROZO4
2025-04-01 03:18:59,556 - INFO - Ingress_Exit KBSZT8ZM
2025-04-01 03:18:59,557 - INFO - Ingress_Exit D9WPX5A2
2025-04-01 03:18:59,618 - INFO - Ingress_Exit MYMBCFD8
2025-04-01 03:18:59,619 - INFO - Ingress_Exit 16OJVDDD
2025-04-01 03:18:59,620 - INFO - Ingress_Exit 9JPAXI9P
2025-04-01 03:18:59,735 - INFO - Ingress_Enter MC0ZB46X
2025-04-01 03:18:59,756 - INFO - Ingress_Exit R4OBD92R
2025-04-01 03:18:59,758 - INFO - Ingress_Exit ZESKF9HI
2025-04-01 03:18:59,944 - INFO - Ingress_Exit OFG60EUT
2025-04-01 03:18:59,965 - INFO - Ingress_Enter I7EKESLY
2025-04-01 03:19:00,038 - INFO - Ingress_Exit C5RP41P3
2025-04-01 03:19:00,040 - INFO - Ingress_Exit JLD1G24B
2025-04-01 03:19:00,042 - INFO - Ingress_Exit EXA59408
2025-04-01 03:19:00,049 - INFO - Ingress_Enter BHDXKDQU
2025-04-01 03:19:00,145 - INFO - Ingress_Enter IPZP7ITS
2025-04-01 03:19:00,223 - INFO - Ingress_Enter 8VG86OWG
2025-04-01 03:19:00,243 - INFO - Ingress_Exit LTZ0DL3D
2025-04-01 03:19:00,252 - INFO - Ingress_Enter 7BEFKK3A
2025-04-01 03:19:00,393 - INFO - Ingress_Enter VXAKN34I
2025-04-01 03:19:00,428 - INFO - Ingress_Exit J80ROZO4
2025-04-01 03:19:00,447 - INFO - Ingress_Enter K3QXX8SU
2025-04-01 03:19:00,456 - INFO - Ingress_Enter JQ46Y3G4
2025-04-01 03:19:00,493 - INFO - Ingress_Enter AX26UVUY
2025-04-01 03:19:00,538 - INFO - Ingress_Enter RGL303K3
2025-04-01 03:19:00,654 - INFO - Ingress_Enter 3U1MJ5PE
2025-04-01 03:19:00,672 - INFO - Ingress_Enter UBIUI3BH
2025-04-01 03:19:00,726 - INFO - Ingress_Exit C0X2B9MW
2025-04-01 03:19:00,728 - INFO - Ingress_Exit MC0ZB46X
2025-04-01 03:19:00,755 - INFO - Ingress_Enter J6I4PAIO
2025-04-01 03:19:00,769 - INFO - Ingress_Enter 4OQ6ESIA
2025-04-01 03:19:00,791 - INFO - Ingress_Enter H9XLJUI5
2025-04-01 03:19:00,927 - INFO - Ingress_Enter AF9M68Z4
2025-04-01 03:19:00,974 - INFO - Ingress_Exit I7EKESLY
2025-04-01 03:19:01,030 - INFO - Ingress_Exit BHDXKDQU
2025-04-01 03:19:01,118 - INFO - Ingress_Exit IPZP7ITS
2025-04-01 03:19:01,119 - INFO - Ingress_Exit 7BEFKK3A
2025-04-01 03:19:01,121 - INFO - Ingress_Exit VXAKN34I
2025-04-01 03:19:01,295 - INFO - Ingress_Exit 8VG86OWG
2025-04-01 03:19:01,425 - INFO - Ingress_Exit AX26UVUY
2025-04-01 03:19:01,488 - INFO - Ingress_Exit H9XLJUI5
2025-04-01 03:19:01,597 - INFO - Ingress_Exit K3QXX8SU
2025-04-01 03:19:01,600 - INFO - Ingress_Exit JQ46Y3G4
2025-04-01 03:19:01,601 - INFO - Ingress_Exit RGL303K3
2025-04-01 03:19:01,804 - INFO - Ingress_Exit UBIUI3BH
2025-04-01 03:19:01,892 - INFO - Ingress_Exit 3U1MJ5PE
2025-04-01 03:19:01,895 - INFO - Ingress_Exit 4OQ6ESIA
2025-04-01 03:19:02,153 - INFO - Ingress_Exit AF9M68Z4
2025-04-01 03:19:02,157 - INFO - Ingress_Exit J6I4PAIO
2025-04-01 03:19:08,724 - INFO - Ingress_Enter 5DUE1DZW
2025-04-01 03:19:08,807 - INFO - Ingress_Enter KJQXEL3X
2025-04-01 03:19:08,843 - INFO - Ingress_Enter LFHSYHZ6
2025-04-01 03:19:08,862 - INFO - Ingress_Enter O0UK2AGK
2025-04-01 03:19:08,870 - INFO - Ingress_Enter UWV98S67
2025-04-01 03:19:09,015 - INFO - Ingress_Enter 82AV1YVI
2025-04-01 03:19:09,024 - INFO - Ingress_Enter MOKSOCUU
2025-04-01 03:19:09,049 - INFO - Ingress_Enter LLBFCEYP
2025-04-01 03:19:09,073 - INFO - Ingress_Enter SZIXRDQD
2025-04-01 03:19:09,165 - INFO - Ingress_Enter 7UMYSON3
2025-04-01 03:19:09,283 - INFO - Ingress_Enter MB9B0KHF
2025-04-01 03:19:09,319 - INFO - Ingress_Enter FRQETFNX
2025-04-01 03:19:09,363 - INFO - Ingress_Enter FH57ZX5R
2025-04-01 03:19:09,506 - INFO - Ingress_Enter AVLNXOW9
2025-04-01 03:19:09,523 - INFO - Ingress_Enter AVSMZYQ6
2025-04-01 03:19:09,560 - INFO - Ingress_Exit LFHSYHZ6
2025-04-01 03:19:09,731 - INFO - Ingress_Exit 5DUE1DZW
2025-04-01 03:19:09,732 - INFO - Ingress_Exit KJQXEL3X
2025-04-01 03:19:09,735 - INFO - Ingress_Exit MOKSOCUU
2025-04-01 03:19:09,748 - INFO - Ingress_Enter FY680FHW
2025-04-01 03:19:09,827 - INFO - Ingress_Exit UWV98S67
2025-04-01 03:19:09,833 - INFO - Ingress_Enter WYS3O1CI
2025-04-01 03:19:09,923 - INFO - Ingress_Exit 7UMYSON3
2025-04-01 03:19:09,936 - INFO - Ingress_Exit LLBFCEYP
2025-04-01 03:19:09,937 - INFO - Ingress_Exit SZIXRDQD
2025-04-01 03:19:09,946 - INFO - Ingress_Enter CIDUQGM3
2025-04-01 03:19:10,027 - INFO - Ingress_Enter 3LA3CUSK
2025-04-01 03:19:10,049 - INFO - Ingress_Exit O0UK2AGK
2025-04-01 03:19:10,117 - INFO - Ingress_Exit FH57ZX5R
2025-04-01 03:19:10,138 - INFO - Ingress_Exit FRQETFNX
2025-04-01 03:19:10,147 - INFO - Ingress_Enter YGUEICYV
2025-04-01 03:19:10,160 - INFO - Ingress_Exit 82AV1YVI
2025-04-01 03:19:10,168 - INFO - Ingress_Enter KURG82N2
2025-04-01 03:19:10,202 - INFO - Ingress_Enter VQHEIAQ6
2025-04-01 03:19:10,232 - INFO - Ingress_Exit AVLNXOW9
2025-04-01 03:19:10,277 - INFO - Ingress_Enter Y0VEZXRL
2025-04-01 03:19:10,309 - INFO - Ingress_Exit MB9B0KHF
2025-04-01 03:19:10,350 - INFO - Ingress_Enter 9XLKW0FZ
2025-04-01 03:19:10,425 - INFO - Ingress_Enter J6KIVCIU
2025-04-01 03:19:10,432 - INFO - Ingress_Enter 5BDWB197
2025-04-01 03:19:10,559 - INFO - Ingress_Enter 610GEUYH
2025-04-01 03:19:10,576 - INFO - Ingress_Exit AVSMZYQ6
2025-04-01 03:19:10,667 - INFO - Ingress_Enter F9C4AZQC
2025-04-01 03:19:10,733 - INFO - Ingress_Exit FY680FHW
2025-04-01 03:19:10,819 - INFO - Ingress_Exit CIDUQGM3
2025-04-01 03:19:10,820 - INFO - Ingress_Exit WYS3O1CI
2025-04-01 03:19:10,856 - INFO - Ingress_Enter TK0QUSXY
2025-04-01 03:19:10,915 - INFO - Ingress_Exit YGUEICYV
2025-04-01 03:19:11,097 - INFO - Ingress_Exit KURG82N2
2025-04-01 03:19:11,115 - INFO - Ingress_Enter OOO83JYE
2025-04-01 03:19:11,141 - INFO - Ingress_Enter W2Q4DCA8
2025-04-01 03:19:11,164 - INFO - Ingress_Exit 3LA3CUSK
2025-04-01 03:19:11,251 - INFO - Ingress_Exit J6KIVCIU
2025-04-01 03:19:11,256 - INFO - Ingress_Enter N2D8DUW9
2025-04-01 03:19:11,301 - INFO - Ingress_Enter LMPJ3HZ7
2025-04-01 03:19:11,310 - INFO - Ingress_Enter Y47KQSUA
2025-04-01 03:19:11,312 - INFO - Ingress_Enter V4OGGGLN
2025-04-01 03:19:11,330 - INFO - Ingress_Exit Y0VEZXRL
2025-04-01 03:19:11,464 - INFO - Ingress_Enter ZQEKP089
2025-04-01 03:19:11,481 - INFO - Ingress_Enter HO1T29CH
2025-04-01 03:19:11,498 - INFO - Ingress_Enter RPQD4PQZ
2025-04-01 03:19:11,535 - INFO - Ingress_Exit 610GEUYH
2025-04-01 03:19:11,628 - INFO - Ingress_Enter P2N5VMNL
2025-04-01 03:19:11,696 - INFO - Ingress_Exit VQHEIAQ6
2025-04-01 03:19:11,697 - INFO - Ingress_Exit 9XLKW0FZ
2025-04-01 03:19:11,699 - INFO - Ingress_Exit 5BDWB197
2025-04-01 03:19:11,902 - INFO - Ingress_Exit F9C4AZQC
2025-04-01 03:19:12,027 - INFO - Ingress_Exit W2Q4DCA8
2025-04-01 03:19:12,043 - INFO - Ingress_Enter BMU2U16K
2025-04-01 03:19:12,062 - INFO - Ingress_Exit TK0QUSXY
2025-04-01 03:19:12,222 - INFO - Ingress_Exit V4OGGGLN
2025-04-01 03:19:12,267 - INFO - Ingress_Enter VYSOS8BQ
2025-04-01 03:19:12,329 - INFO - Ingress_Exit LMPJ3HZ7
2025-04-01 03:19:12,330 - INFO - Ingress_Exit N2D8DUW9
2025-04-01 03:19:12,351 - INFO - Ingress_Exit OOO83JYE
2025-04-01 03:19:12,374 - INFO - Ingress_Enter K76UXP2P
2025-04-01 03:19:12,389 - INFO - Ingress_Enter KBV51NAE
2025-04-01 03:19:12,409 - INFO - Ingress_Enter EPK71EN9
2025-04-01 03:19:12,472 - INFO - Ingress_Enter 2R1X1RHG
2025-04-01 03:19:12,490 - INFO - Ingress_Exit RPQD4PQZ
2025-04-01 03:19:12,517 - INFO - Ingress_Enter O917JWCA
2025-04-01 03:19:12,588 - INFO - Ingress_Enter LPF82X47
2025-04-01 03:19:12,597 - INFO - Ingress_Exit ZQEKP089
2025-04-01 03:19:12,659 - INFO - Ingress_Enter GC0H6UHZ
2025-04-01 03:19:12,693 - INFO - Ingress_Exit BMU2U16K
2025-04-01 03:19:12,700 - INFO - Ingress_Enter P1PLI7TE
2025-04-01 03:19:12,711 - INFO - Ingress_Exit P2N5VMNL
2025-04-01 03:19:12,765 - INFO - Ingress_Exit Y47KQSUA
2025-04-01 03:19:12,766 - INFO - Ingress_Exit HO1T29CH
2025-04-01 03:19:12,823 - INFO - Ingress_Enter ZSQDPHQ3
2025-04-01 03:19:12,902 - INFO - Ingress_Enter IEEOFCIQ
2025-04-01 03:19:12,904 - INFO - Ingress_Enter 0WYLKR10
2025-04-01 03:19:12,905 - INFO - Ingress_Enter 5F3VV1QC
2025-04-01 03:19:12,921 - INFO - Ingress_Enter NTQGLWLF
2025-04-01 03:19:12,931 - INFO - Ingress_Enter E5756GEM
2025-04-01 03:19:12,963 - INFO - Ingress_Enter IQDE8AMQ
2025-04-01 03:19:12,986 - INFO - Ingress_Enter FH5TGG31
2025-04-01 03:19:13,183 - INFO - Ingress_Exit K76UXP2P
2025-04-01 03:19:13,309 - INFO - Ingress_Exit VYSOS8BQ
2025-04-01 03:19:13,427 - INFO - Ingress_Exit KBV51NAE
2025-04-01 03:19:13,453 - INFO - Ingress_Exit EPK71EN9
2025-04-01 03:19:13,716 - INFO - Ingress_Exit O917JWCA
2025-04-01 03:19:13,804 - INFO - Ingress_Exit LPF82X47
2025-04-01 03:19:13,812 - INFO - Ingress_Exit GC0H6UHZ
2025-04-01 03:19:13,813 - INFO - Ingress_Exit P1PLI7TE
2025-04-01 03:19:13,815 - INFO - Ingress_Exit 2R1X1RHG
2025-04-01 03:19:13,901 - INFO - Ingress_Exit FH5TGG31
2025-04-01 03:19:13,976 - INFO - Ingress_Exit IQDE8AMQ
2025-04-01 03:19:14,131 - INFO - Ingress_Exit ZSQDPHQ3
2025-04-01 03:19:14,133 - INFO - Ingress_Exit IEEOFCIQ
2025-04-01 03:19:14,179 - INFO - Ingress_Exit 0WYLKR10
2025-04-01 03:19:14,182 - INFO - Ingress_Exit NTQGLWLF
2025-04-01 03:19:14,448 - INFO - Ingress_Exit E5756GEM
2025-04-01 03:19:14,461 - INFO - Ingress_Exit 5F3VV1QC
2025-04-01 03:19:22,305 - INFO - Ingress_Enter 4M1DKD56
2025-04-01 03:19:22,412 - INFO - Ingress_Enter 66QTZ8WF
2025-04-01 03:19:22,484 - INFO - Ingress_Enter S90F9OWP
2025-04-01 03:19:22,510 - INFO - Ingress_Enter AUNHQJSD
2025-04-01 03:19:22,734 - INFO - Ingress_Enter NTHQ29UN
2025-04-01 03:19:22,806 - INFO - Ingress_Enter O6RLQ4LE
2025-04-01 03:19:22,870 - INFO - Ingress_Enter E4785TOO
2025-04-01 03:19:23,032 - INFO - Ingress_Enter E9RKCMLD
2025-04-01 03:19:23,068 - INFO - Ingress_Enter WK8663EL
2025-04-01 03:19:23,076 - INFO - Ingress_Enter 6NIW15NG
2025-04-01 03:19:23,293 - INFO - Ingress_Enter K6LUXJ3P
2025-04-01 03:19:23,495 - INFO - Ingress_Exit 4M1DKD56
2025-04-01 03:19:23,516 - INFO - Ingress_Exit S90F9OWP
2025-04-01 03:19:23,516 - INFO - Ingress_Exit AUNHQJSD
2025-04-01 03:19:23,518 - INFO - Ingress_Exit 66QTZ8WF
2025-04-01 03:19:23,603 - INFO - Ingress_Exit O6RLQ4LE
2025-04-01 03:19:23,698 - INFO - Ingress_Exit NTHQ29UN
2025-04-01 03:19:23,792 - INFO - Ingress_Enter CKETTWVN
2025-04-01 03:19:23,852 - INFO - Ingress_Exit WK8663EL
2025-04-01 03:19:23,969 - INFO - Ingress_Exit E4785TOO
2025-04-01 03:19:23,971 - INFO - Ingress_Exit 6NIW15NG
2025-04-01 03:19:24,043 - INFO - Ingress_Enter 6VOZ2JXA
2025-04-01 03:19:24,053 - INFO - Ingress_Enter 0LYQBNW6
2025-04-01 03:19:24,226 - INFO - Ingress_Exit E9RKCMLD
2025-04-01 03:19:24,365 - INFO - Ingress_Enter QOYG0NEW
2025-04-01 03:19:24,388 - INFO - Ingress_Enter DABQ5KR8
2025-04-01 03:19:24,433 - INFO - Ingress_Enter WW534L0J
2025-04-01 03:19:24,442 - INFO - Ingress_Enter 0LLJI8XY
2025-04-01 03:19:24,446 - INFO - Ingress_Enter 82PP4YHZ
2025-04-01 03:19:24,458 - INFO - Ingress_Exit K6LUXJ3P
2025-04-01 03:19:24,473 - INFO - Ingress_Enter 75BTVZO1
2025-04-01 03:19:24,622 - INFO - Ingress_Enter YP2WCXM0
2025-04-01 03:19:24,657 - INFO - Ingress_Enter JS0OJAQ1
2025-04-01 03:19:24,792 - INFO - Ingress_Exit CKETTWVN
2025-04-01 03:19:24,903 - INFO - Ingress_Enter 7KCMDT7K
2025-04-01 03:19:25,210 - INFO - Ingress_Exit 0LYQBNW6
2025-04-01 03:19:25,233 - INFO - Ingress_Enter AJW3NC5Q
2025-04-01 03:19:25,235 - INFO - Ingress_Enter BOHOCNBA
2025-04-01 03:19:25,308 - INFO - Ingress_Enter AT27LSTQ
2025-04-01 03:19:25,473 - INFO - Ingress_Exit 75BTVZO1
2025-04-01 03:19:25,487 - INFO - Ingress_Exit 6VOZ2JXA
2025-04-01 03:19:25,492 - INFO - Ingress_Exit QOYG0NEW
2025-04-01 03:19:25,496 - INFO - Ingress_Exit 0LLJI8XY
2025-04-01 03:19:25,591 - INFO - Ingress_Exit YP2WCXM0
2025-04-01 03:19:25,593 - INFO - Ingress_Exit JS0OJAQ1
2025-04-01 03:19:25,656 - INFO - Ingress_Exit DABQ5KR8
2025-04-01 03:19:25,658 - INFO - Ingress_Exit 82PP4YHZ
2025-04-01 03:19:25,660 - INFO - Ingress_Exit WW534L0J
2025-04-01 03:19:26,114 - INFO - Ingress_Exit AT27LSTQ
2025-04-01 03:19:26,122 - INFO - Ingress_Exit 7KCMDT7K
2025-04-01 03:19:26,176 - INFO - Ingress_Exit AJW3NC5Q
2025-04-01 03:19:26,180 - INFO - Ingress_Exit BOHOCNBA
2025-04-01 03:19:26,429 - INFO - Ingress_Enter 38JCK4D4
2025-04-01 03:19:26,509 - INFO - Ingress_Enter 6OL3QVJI
2025-04-01 03:19:26,517 - INFO - Ingress_Enter J13MZMEU
2025-04-01 03:19:26,626 - INFO - Ingress_Enter 9522A9PG
2025-04-01 03:19:26,644 - INFO - Ingress_Enter X26P91KH
2025-04-01 03:19:26,968 - INFO - Ingress_Enter 34TF1C2D
2025-04-01 03:19:27,048 - INFO - Ingress_Exit 38JCK4D4
2025-04-01 03:19:27,115 - INFO - Ingress_Enter H4GG9OO0
2025-04-01 03:19:27,188 - INFO - Ingress_Enter AZBWNJO6
2025-04-01 03:19:27,193 - INFO - Ingress_Enter F3OBS376
2025-04-01 03:19:27,202 - INFO - Ingress_Exit 6OL3QVJI
2025-04-01 03:19:27,216 - INFO - Ingress_Exit X26P91KH
2025-04-01 03:19:27,297 - INFO - Ingress_Enter NL7QXOLX
2025-04-01 03:19:27,403 - INFO - Ingress_Exit J13MZMEU
2025-04-01 03:19:27,428 - INFO - Ingress_Enter 29ZGKZDR
2025-04-01 03:19:27,447 - INFO - Ingress_Enter 3YWOLTV2
2025-04-01 03:19:27,547 - INFO - Ingress_Exit 9522A9PG
2025-04-01 03:19:27,585 - INFO - Ingress_Enter LSYVL5SB
2025-04-01 03:19:27,918 - INFO - Ingress_Exit 34TF1C2D
2025-04-01 03:19:27,971 - INFO - Ingress_Exit H4GG9OO0
2025-04-01 03:19:28,014 - INFO - Ingress_Exit AZBWNJO6
2025-04-01 03:19:28,059 - INFO - Ingress_Enter H22B1GQE
2025-04-01 03:19:28,120 - INFO - Ingress_Exit 3YWOLTV2
2025-04-01 03:19:28,122 - INFO - Ingress_Exit NL7QXOLX
2025-04-01 03:19:28,123 - INFO - Ingress_Exit 29ZGKZDR
2025-04-01 03:19:28,132 - INFO - Ingress_Enter JMK499EM
2025-04-01 03:19:28,171 - INFO - Ingress_Enter 5R7RICCU
2025-04-01 03:19:28,211 - INFO - Ingress_Enter IP2UDXPI
2025-04-01 03:19:28,213 - INFO - Ingress_Enter P8CFTEUZ
2025-04-01 03:19:28,222 - INFO - Ingress_Enter 3BINLX1Q
2025-04-01 03:19:28,239 - INFO - Ingress_Enter F3FK1Y3U
2025-04-01 03:19:28,258 - INFO - Ingress_Enter 5WHJ0MDH
2025-04-01 03:19:28,319 - INFO - Ingress_Exit F3OBS376
2025-04-01 03:19:28,368 - INFO - Ingress_Enter O9I5U1VE
2025-04-01 03:19:28,386 - INFO - Ingress_Enter 8DY5NKXC
2025-04-01 03:19:28,406 - INFO - Ingress_Enter J97PCPLV
2025-04-01 03:19:28,436 - INFO - Ingress_Enter ATZFK0J8
2025-04-01 03:19:28,571 - INFO - Ingress_Enter UZL74B3Q
2025-04-01 03:19:28,591 - INFO - Ingress_Exit LSYVL5SB
2025-04-01 03:19:28,771 - INFO - Ingress_Enter PVJ4YEC3
2025-04-01 03:19:28,867 - INFO - Ingress_Enter 7V8DHM9C
2025-04-01 03:19:28,949 - INFO - Ingress_Exit IP2UDXPI
2025-04-01 03:19:28,950 - INFO - Ingress_Enter JK3L6P6F
2025-04-01 03:19:28,998 - INFO - Ingress_Exit 5R7RICCU
2025-04-01 03:19:29,008 - INFO - Ingress_Enter 0C2UL3UH
2025-04-01 03:19:29,020 - INFO - Ingress_Enter KZWN8U23
2025-04-01 03:19:29,057 - INFO - Ingress_Enter 3RXXDG5Y
2025-04-01 03:19:29,059 - INFO - Ingress_Exit H22B1GQE
2025-04-01 03:19:29,074 - INFO - Ingress_Exit 5WHJ0MDH
2025-04-01 03:19:29,076 - INFO - Ingress_Exit P8CFTEUZ
2025-04-01 03:19:29,082 - INFO - Ingress_Exit JMK499EM
2025-04-01 03:19:29,133 - INFO - Ingress_Exit J97PCPLV
2025-04-01 03:19:29,168 - INFO - Ingress_Exit O9I5U1VE
2025-04-01 03:19:29,182 - INFO - Ingress_Exit 3BINLX1Q
2025-04-01 03:19:29,238 - INFO - Ingress_Exit F3FK1Y3U
2025-04-01 03:19:29,238 - INFO - Ingress_Exit 8DY5NKXC
2025-04-01 03:19:29,333 - INFO - Ingress_Exit ATZFK0J8
2025-04-01 03:19:29,334 - INFO - Ingress_Exit UZL74B3Q
2025-04-01 03:19:29,633 - INFO - Ingress_Exit 7V8DHM9C
2025-04-01 03:19:29,698 - INFO - Ingress_Exit PVJ4YEC3
2025-04-01 03:19:29,705 - INFO - Ingress_Exit 0C2UL3UH
2025-04-01 03:19:29,707 - INFO - Ingress_Exit KZWN8U23
2025-04-01 03:19:29,751 - INFO - Ingress_Enter MKYJIL3N
2025-04-01 03:19:29,841 - INFO - Ingress_Enter LQ30G7VI
2025-04-01 03:19:29,843 - INFO - Ingress_Enter ZR11RTTS
2025-04-01 03:19:29,919 - INFO - Ingress_Enter AKPS9SS3
2025-04-01 03:19:29,955 - INFO - Ingress_Enter 903IZE0H
2025-04-01 03:19:30,066 - INFO - Ingress_Enter 91I00HLP
2025-04-01 03:19:30,083 - INFO - Ingress_Enter MOOOUQGJ
2025-04-01 03:19:30,099 - INFO - Ingress_Exit JK3L6P6F
2025-04-01 03:19:30,101 - INFO - Ingress_Exit 3RXXDG5Y
2025-04-01 03:19:30,118 - INFO - Ingress_Enter FJE8ZC1H
2025-04-01 03:19:30,127 - INFO - Ingress_Enter TG6Q5LKW
2025-04-01 03:19:30,236 - INFO - Ingress_Enter GP5OPDIR
2025-04-01 03:19:30,253 - INFO - Ingress_Enter PESWS0DR
2025-04-01 03:19:30,391 - INFO - Ingress_Enter 9JHVJEBV
2025-04-01 03:19:30,470 - INFO - Ingress_Exit MKYJIL3N
2025-04-01 03:19:30,762 - INFO - Ingress_Exit 903IZE0H
2025-04-01 03:19:30,870 - INFO - Ingress_Exit LQ30G7VI
2025-04-01 03:19:30,924 - INFO - Ingress_Exit TG6Q5LKW
2025-04-01 03:19:30,959 - INFO - Ingress_Exit MOOOUQGJ
2025-04-01 03:19:30,960 - INFO - Ingress_Exit PESWS0DR
2025-04-01 03:19:30,991 - INFO - Ingress_Exit GP5OPDIR
2025-04-01 03:19:31,029 - INFO - Ingress_Exit 91I00HLP
2025-04-01 03:19:31,045 - INFO - Ingress_Exit ZR11RTTS
2025-04-01 03:19:31,046 - INFO - Ingress_Exit AKPS9SS3
2025-04-01 03:19:31,048 - INFO - Ingress_Exit FJE8ZC1H
2025-04-01 03:19:31,163 - INFO - Ingress_Enter K3WR1EPG
2025-04-01 03:19:31,180 - INFO - Ingress_Enter 3AC5UMF9
2025-04-01 03:19:31,205 - INFO - Ingress_Enter 5VGV82PP
2025-04-01 03:19:31,351 - INFO - Ingress_Exit 9JHVJEBV
2025-04-01 03:19:31,468 - INFO - Ingress_Enter Z5VWHAEV
2025-04-01 03:19:31,503 - INFO - Ingress_Enter 4BA7GRPG
2025-04-01 03:19:31,521 - INFO - Ingress_Enter ZAYU5MYS
2025-04-01 03:19:31,603 - INFO - Ingress_Enter BPJDLGJG
2025-04-01 03:19:31,617 - INFO - Ingress_Enter 6WPFO6YB
2025-04-01 03:19:31,694 - INFO - Ingress_Enter WMZDWE2N
2025-04-01 03:19:31,711 - INFO - Ingress_Enter AYV7CTJ7
2025-04-01 03:19:31,755 - INFO - Ingress_Enter LI339B1S
2025-04-01 03:19:31,868 - INFO - Ingress_Exit 3AC5UMF9
2025-04-01 03:19:31,869 - INFO - Ingress_Exit 5VGV82PP
2025-04-01 03:19:31,880 - INFO - Ingress_Enter ITID8WD1
2025-04-01 03:19:31,974 - INFO - Ingress_Exit K3WR1EPG
2025-04-01 03:19:32,132 - INFO - Ingress_Enter H5A5DICP
2025-04-01 03:19:32,390 - INFO - Ingress_Exit ZAYU5MYS
2025-04-01 03:19:32,465 - INFO - Ingress_Exit AYV7CTJ7
2025-04-01 03:19:32,622 - INFO - Ingress_Exit 6WPFO6YB
2025-04-01 03:19:32,629 - INFO - Ingress_Exit WMZDWE2N
2025-04-01 03:19:32,647 - INFO - Ingress_Exit Z5VWHAEV
2025-04-01 03:19:32,648 - INFO - Ingress_Exit 4BA7GRPG
2025-04-01 03:19:32,650 - INFO - Ingress_Exit BPJDLGJG
2025-04-01 03:19:32,840 - INFO - Ingress_Exit ITID8WD1
2025-04-01 03:19:32,844 - INFO - Ingress_Exit H5A5DICP
2025-04-01 03:19:32,848 - INFO - Ingress_Exit LI339B1S
2025-04-01 03:19:32,972 - INFO - Ingress_Enter F5D9S2EC
2025-04-01 03:19:32,990 - INFO - Ingress_Enter XFUTGDAR
2025-04-01 03:19:32,999 - INFO - Ingress_Enter 26AY3H3B
2025-04-01 03:19:33,199 - INFO - Ingress_Enter QNTE6ALH
2025-04-01 03:19:33,227 - INFO - Ingress_Enter WDT4BDE7
2025-04-01 03:19:33,270 - INFO - Ingress_Enter COFHYJR6
2025-04-01 03:19:33,515 - INFO - Ingress_Enter VJNWLQMT
2025-04-01 03:19:33,658 - INFO - Ingress_Enter ZUFKPYY2
2025-04-01 03:19:33,706 - INFO - Ingress_Enter QZ6E49JA
2025-04-01 03:19:33,859 - INFO - Ingress_Enter YJVHSR35
2025-04-01 03:19:33,885 - INFO - Ingress_Enter G4HH6BSF
2025-04-01 03:19:33,926 - INFO - Ingress_Exit 26AY3H3B
2025-04-01 03:19:33,949 - INFO - Ingress_Exit F5D9S2EC
2025-04-01 03:19:33,957 - INFO - Ingress_Enter CBHF8A0F
2025-04-01 03:19:34,001 - INFO - Ingress_Enter 1PBRUS54
2025-04-01 03:19:34,009 - INFO - Ingress_Exit XFUTGDAR
2025-04-01 03:19:34,026 - INFO - Ingress_Exit QNTE6ALH
2025-04-01 03:19:34,103 - INFO - Ingress_Exit WDT4BDE7
2025-04-01 03:19:34,220 - INFO - Ingress_Exit COFHYJR6
2025-04-01 03:19:34,282 - INFO - Ingress_Enter LZT5THY6
2025-04-01 03:19:34,533 - INFO - Ingress_Exit ZUFKPYY2
2025-04-01 03:19:34,611 - INFO - Ingress_Exit YJVHSR35
2025-04-01 03:19:34,618 - INFO - Ingress_Enter ZWPJ7VSI
2025-04-01 03:19:34,653 - INFO - Ingress_Enter LF082EZP
2025-04-01 03:19:34,663 - INFO - Ingress_Enter XO9RA5T9
2025-04-01 03:19:34,689 - INFO - Ingress_Enter ZQSOTIOZ
2025-04-01 03:19:34,695 - INFO - Ingress_Exit VJNWLQMT
2025-04-01 03:19:34,707 - INFO - Ingress_Enter W7RKAI79
2025-04-01 03:19:34,717 - INFO - Ingress_Enter 0H5BDK59
2025-04-01 03:19:34,749 - INFO - Ingress_Exit QZ6E49JA
2025-04-01 03:19:34,752 - INFO - Ingress_Enter CFHJ36AY
2025-04-01 03:19:34,862 - INFO - Ingress_Enter 2PU8W4P0
2025-04-01 03:19:35,063 - INFO - Ingress_Exit 1PBRUS54
2025-04-01 03:19:35,230 - INFO - Ingress_Exit G4HH6BSF
2025-04-01 03:19:35,233 - INFO - Ingress_Exit LZT5THY6
2025-04-01 03:19:35,283 - INFO - Ingress_Exit CBHF8A0F
2025-04-01 03:19:35,356 - INFO - Ingress_Enter DL47BAWG
2025-04-01 03:19:35,435 - INFO - Ingress_Enter T6HW3GMD
2025-04-01 03:19:35,497 - INFO - Ingress_Enter V35YD1UD
2025-04-01 03:19:35,514 - INFO - Ingress_Exit LF082EZP
2025-04-01 03:19:35,535 - INFO - Ingress_Enter UERO9418
2025-04-01 03:19:35,617 - INFO - Ingress_Enter IX65WENJ
2025-04-01 03:19:35,652 - INFO - Ingress_Enter WZHF8REI
2025-04-01 03:19:35,701 - INFO - Ingress_Exit ZWPJ7VSI
2025-04-01 03:19:35,702 - INFO - Ingress_Exit XO9RA5T9
2025-04-01 03:19:35,737 - INFO - Ingress_Exit W7RKAI79
2025-04-01 03:19:35,926 - INFO - Ingress_Exit 0H5BDK59
2025-04-01 03:19:35,928 - INFO - Ingress_Exit CFHJ36AY
2025-04-01 03:19:35,930 - INFO - Ingress_Exit ZQSOTIOZ
2025-04-01 03:19:36,289 - INFO - Ingress_Exit 2PU8W4P0
2025-04-01 03:19:36,582 - INFO - Ingress_Exit DL47BAWG
2025-04-01 03:19:36,603 - INFO - Ingress_Exit V35YD1UD
2025-04-01 03:19:36,604 - INFO - Ingress_Exit T6HW3GMD
2025-04-01 03:19:36,605 - INFO - Ingress_Exit UERO9418
2025-04-01 03:19:36,807 - INFO - Ingress_Exit IX65WENJ
2025-04-01 03:19:36,871 - INFO - Ingress_Exit WZHF8REI
2025-04-01 03:19:36,881 - INFO - Ingress_Enter 41B47E46
2025-04-01 03:19:36,937 - INFO - Ingress_Enter 2Y46KJMD
2025-04-01 03:19:37,018 - INFO - Ingress_Enter 9WB7F0UK
2025-04-01 03:19:37,080 - INFO - Ingress_Enter V1QFNQ8I
2025-04-01 03:19:37,080 - INFO - Ingress_Enter M508H09K
2025-04-01 03:19:37,127 - INFO - Ingress_Enter 78Q0YC0V
2025-04-01 03:19:37,375 - INFO - Ingress_Enter DL765XF3
2025-04-01 03:19:37,414 - INFO - Ingress_Enter FDTY9B1C
2025-04-01 03:19:37,517 - INFO - Ingress_Enter CT11OUBY
2025-04-01 03:19:37,585 - INFO - Ingress_Exit 2Y46KJMD
2025-04-01 03:19:37,616 - INFO - Ingress_Enter Q0LDKSNT
2025-04-01 03:19:37,653 - INFO - Ingress_Enter 5JH57YJF
2025-04-01 03:19:37,720 - INFO - Ingress_Exit 9WB7F0UK
2025-04-01 03:19:37,797 - INFO - Ingress_Enter DPI6E1ST
2025-04-01 03:19:37,806 - INFO - Ingress_Enter D1F5E1QK
2025-04-01 03:19:37,823 - INFO - Ingress_Enter MVL195P3
2025-04-01 03:19:37,884 - INFO - Ingress_Exit 78Q0YC0V
2025-04-01 03:19:37,912 - INFO - Ingress_Exit V1QFNQ8I
2025-04-01 03:19:37,999 - INFO - Ingress_Enter GUH3SXXF
2025-04-01 03:19:38,071 - INFO - Ingress_Enter 739HM5EK
2025-04-01 03:19:38,073 - INFO - Ingress_Exit 41B47E46
2025-04-01 03:19:38,307 - INFO - Ingress_Exit 5JH57YJF
2025-04-01 03:19:38,332 - INFO - Ingress_Exit M508H09K
2025-04-01 03:19:38,334 - INFO - Ingress_Exit DL765XF3
2025-04-01 03:19:38,370 - INFO - Ingress_Exit FDTY9B1C
2025-04-01 03:19:38,374 - INFO - Ingress_Exit CT11OUBY
2025-04-01 03:19:38,434 - INFO - Ingress_Exit Q0LDKSNT
2025-04-01 03:19:38,493 - INFO - Ingress_Enter ZMGRKSWL
2025-04-01 03:19:38,547 - INFO - Ingress_Exit D1F5E1QK
2025-04-01 03:19:38,671 - INFO - Ingress_Exit DPI6E1ST
2025-04-01 03:19:38,697 - INFO - Ingress_Enter C82VRDVW
2025-04-01 03:19:38,726 - INFO - Ingress_Enter PY91WB12
2025-04-01 03:19:38,734 - INFO - Ingress_Enter OSV3Q2F9
2025-04-01 03:19:38,768 - INFO - Ingress_Enter EOEINEHZ
2025-04-01 03:19:38,795 - INFO - Ingress_Enter M9P3IU41
2025-04-01 03:19:38,910 - INFO - Ingress_Enter 7M3EDRTY
2025-04-01 03:19:38,912 - INFO - Ingress_Exit MVL195P3
2025-04-01 03:19:38,931 - INFO - Ingress_Exit GUH3SXXF
2025-04-01 03:19:38,956 - INFO - Ingress_Enter KJUU91LB
2025-04-01 03:19:39,001 - INFO - Ingress_Enter 2LEUFZIC
2025-04-01 03:19:39,076 - INFO - Ingress_Exit 739HM5EK
2025-04-01 03:19:39,318 - INFO - Ingress_Enter KAK26ZE2
2025-04-01 03:19:39,390 - INFO - Ingress_Enter 5D0T7T95
2025-04-01 03:19:39,426 - INFO - Ingress_Enter 3CX73522
2025-04-01 03:19:39,442 - INFO - Ingress_Exit ZMGRKSWL
2025-04-01 03:19:39,453 - INFO - Ingress_Exit 7M3EDRTY
2025-04-01 03:19:39,607 - INFO - Ingress_Exit C82VRDVW
2025-04-01 03:19:39,624 - INFO - Ingress_Exit M9P3IU41
2025-04-01 03:19:39,634 - INFO - Ingress_Enter H9LYW2GI
2025-04-01 03:19:39,699 - INFO - Ingress_Exit KJUU91LB
2025-04-01 03:19:39,788 - INFO - Ingress_Exit EOEINEHZ
2025-04-01 03:19:39,826 - INFO - Ingress_Exit OSV3Q2F9
2025-04-01 03:19:39,827 - INFO - Ingress_Exit PY91WB12
2025-04-01 03:19:39,902 - INFO - Ingress_Enter 4A5F17DT
2025-04-01 03:19:39,913 - INFO - Ingress_Enter HIATDYPE
2025-04-01 03:19:39,914 - INFO - Ingress_Enter BNO54KMA
2025-04-01 03:19:40,025 - INFO - Ingress_Exit 2LEUFZIC
2025-04-01 03:19:40,026 - INFO - Ingress_Enter IFET6E96
2025-04-01 03:19:40,106 - INFO - Ingress_Enter Z43EJDX1
2025-04-01 03:19:40,133 - INFO - Ingress_Enter FYKPO5MF
2025-04-01 03:19:40,186 - INFO - Ingress_Exit KAK26ZE2
2025-04-01 03:19:40,264 - INFO - Ingress_Enter FP0KB47E
2025-04-01 03:19:40,364 - INFO - Ingress_Exit 5D0T7T95
2025-04-01 03:19:40,365 - INFO - Ingress_Exit 3CX73522
2025-04-01 03:19:40,434 - INFO - Ingress_Enter DESEW397
2025-04-01 03:19:40,539 - INFO - Ingress_Exit H9LYW2GI
2025-04-01 03:19:40,670 - INFO - Ingress_Enter KA37FSC6
2025-04-01 03:19:40,767 - INFO - Ingress_Enter 501GJS7E
2025-04-01 03:19:40,918 - INFO - Ingress_Exit 4A5F17DT
2025-04-01 03:19:40,920 - INFO - Ingress_Exit HIATDYPE
2025-04-01 03:19:40,921 - INFO - Ingress_Exit BNO54KMA
2025-04-01 03:19:40,994 - INFO - Ingress_Exit IFET6E96
2025-04-01 03:19:41,023 - INFO - Ingress_Exit FP0KB47E
2025-04-01 03:19:41,071 - INFO - Ingress_Enter E35365LL
2025-04-01 03:19:41,090 - INFO - Ingress_Enter YSACYS77
2025-04-01 03:19:41,233 - INFO - Ingress_Enter NH84A1CT
2025-04-01 03:19:41,234 - INFO - Ingress_Exit FYKPO5MF
2025-04-01 03:19:41,238 - INFO - Ingress_Exit Z43EJDX1
2025-04-01 03:19:41,250 - INFO - Ingress_Enter SV0R2CUU
2025-04-01 03:19:41,285 - INFO - Ingress_Enter 7KFGXLTF
2025-04-01 03:19:41,302 - INFO - Ingress_Enter 9B7MW5IE
2025-04-01 03:19:41,321 - INFO - Ingress_Exit DESEW397
2025-04-01 03:19:41,374 - INFO - Ingress_Enter I95G70EB
2025-04-01 03:19:41,386 - INFO - Ingress_Enter U3440SBK
2025-04-01 03:19:41,393 - INFO - Ingress_Enter 792LXRGH
2025-04-01 03:19:41,412 - INFO - Ingress_Enter H5MOI4FA
2025-04-01 03:19:41,420 - INFO - Ingress_Enter CVXHFXJV
2025-04-01 03:19:41,559 - INFO - Ingress_Exit KA37FSC6
2025-04-01 03:19:41,813 - INFO - Ingress_Exit 501GJS7E
2025-04-01 03:19:41,869 - INFO - Ingress_Enter V9MTXGNW
2025-04-01 03:19:41,939 - INFO - Ingress_Enter F4NHRQXM
2025-04-01 03:19:41,974 - INFO - Ingress_Enter 67ORMGP4
2025-04-01 03:19:42,092 - INFO - Ingress_Exit YSACYS77
2025-04-01 03:19:42,120 - INFO - Ingress_Enter WI48J7N9
2025-04-01 03:19:42,133 - INFO - Ingress_Exit 9B7MW5IE
2025-04-01 03:19:42,139 - INFO - Ingress_Enter N9UH2AD5
2025-04-01 03:19:42,161 - INFO - Ingress_Exit SV0R2CUU
2025-04-01 03:19:42,211 - INFO - Ingress_Exit U3440SBK
2025-04-01 03:19:42,248 - INFO - Ingress_Enter S1UR4DGI
2025-04-01 03:19:42,252 - INFO - Ingress_Exit E35365LL
2025-04-01 03:19:42,272 - INFO - Ingress_Exit 792LXRGH
2025-04-01 03:19:42,355 - INFO - Ingress_Exit NH84A1CT
2025-04-01 03:19:42,454 - INFO - Ingress_Exit I95G70EB
2025-04-01 03:19:42,456 - INFO - Ingress_Exit CVXHFXJV
2025-04-01 03:19:42,490 - INFO - Ingress_Enter GE65BHIS
2025-04-01 03:19:42,498 - INFO - Ingress_Exit H5MOI4FA
2025-04-01 03:19:42,508 - INFO - Ingress_Enter MCE77FFG
2025-04-01 03:19:42,557 - INFO - Ingress_Exit 7KFGXLTF
2025-04-01 03:19:42,661 - INFO - Ingress_Exit V9MTXGNW
2025-04-01 03:19:42,672 - INFO - Ingress_Enter VG27S1RK
2025-04-01 03:19:42,783 - INFO - Ingress_Enter K2HL6L50
2025-04-01 03:19:42,847 - INFO - Ingress_Exit S1UR4DGI
2025-04-01 03:19:42,888 - INFO - Ingress_Enter W9UEHIJE
2025-04-01 03:19:42,897 - INFO - Ingress_Enter E9H80L95
2025-04-01 03:19:42,932 - INFO - Ingress_Enter HKLFN8NT
2025-04-01 03:19:42,949 - INFO - Ingress_Enter 7EHCE523
2025-04-01 03:19:43,008 - INFO - Ingress_Exit WI48J7N9
2025-04-01 03:19:43,010 - INFO - Ingress_Exit N9UH2AD5
2025-04-01 03:19:43,037 - INFO - Ingress_Exit F4NHRQXM
2025-04-01 03:19:43,039 - INFO - Ingress_Exit 67ORMGP4
2025-04-01 03:19:43,052 - INFO - Ingress_Enter 6ZEJKWEM
2025-04-01 03:19:43,057 - INFO - Ingress_Enter MKZTRI7M
2025-04-01 03:19:43,323 - INFO - Ingress_Enter 28M9WCFC
2025-04-01 03:19:43,332 - INFO - Ingress_Enter F5I7MM09
2025-04-01 03:19:43,349 - INFO - Ingress_Enter I81XISIW
2025-04-01 03:19:43,410 - INFO - Ingress_Exit GE65BHIS
2025-04-01 03:19:43,503 - INFO - Ingress_Enter U8A4BEI5
2025-04-01 03:19:43,566 - INFO - Ingress_Enter 9EJ6MGDN
2025-04-01 03:19:43,635 - INFO - Ingress_Exit K2HL6L50
2025-04-01 03:19:43,657 - INFO - Ingress_Enter 29K2EN1V
2025-04-01 03:19:43,666 - INFO - Ingress_Exit MCE77FFG
2025-04-01 03:19:43,669 - INFO - Ingress_Exit VG27S1RK
2025-04-01 03:19:43,752 - INFO - Ingress_Enter E5U6HAUX
2025-04-01 03:19:43,759 - INFO - Ingress_Exit E9H80L95
2025-04-01 03:19:43,876 - INFO - Ingress_Enter FHJGKQKQ
2025-04-01 03:19:43,893 - INFO - Ingress_Enter HWAND63J
2025-04-01 03:19:43,930 - INFO - Ingress_Exit 7EHCE523
2025-04-01 03:19:44,054 - INFO - Ingress_Exit W9UEHIJE
2025-04-01 03:19:44,056 - INFO - Ingress_Exit 6ZEJKWEM
2025-04-01 03:19:44,131 - INFO - Ingress_Exit I81XISIW
2025-04-01 03:19:44,168 - INFO - Ingress_Exit F5I7MM09
2025-04-01 03:19:44,184 - INFO - Ingress_Exit MKZTRI7M
2025-04-01 03:19:44,195 - INFO - Ingress_Exit 28M9WCFC
2025-04-01 03:19:44,295 - INFO - Ingress_Enter L1NSG0N5
2025-04-01 03:19:44,306 - INFO - Ingress_Exit HKLFN8NT
2025-04-01 03:19:44,320 - INFO - Ingress_Enter UNX1VEY3
2025-04-01 03:19:44,365 - INFO - Ingress_Enter PSRSS4C1
2025-04-01 03:19:44,403 - INFO - Ingress_Enter ZWGQBR26
2025-04-01 03:19:44,432 - INFO - Ingress_Enter AEAZMLIP
2025-04-01 03:19:44,442 - INFO - Ingress_Exit U8A4BEI5
2025-04-01 03:19:44,502 - INFO - Ingress_Enter V2TYOTB5
2025-04-01 03:19:44,511 - INFO - Ingress_Exit 29K2EN1V
2025-04-01 03:19:44,529 - INFO - Ingress_Enter I5LPPPKU
2025-04-01 03:19:44,576 - INFO - Ingress_Exit E5U6HAUX
2025-04-01 03:19:44,639 - INFO - Ingress_Exit 9EJ6MGDN
2025-04-01 03:19:44,655 - INFO - Ingress_Enter TYFX2WRJ
2025-04-01 03:19:44,803 - INFO - Ingress_Enter IZQSI50K
2025-04-01 03:19:44,995 - INFO - Ingress_Exit FHJGKQKQ
2025-04-01 03:19:44,996 - INFO - Ingress_Exit HWAND63J
2025-04-01 03:19:45,174 - INFO - Ingress_Enter YO1TH7C8
2025-04-01 03:19:45,283 - INFO - Ingress_Exit L1NSG0N5
2025-04-01 03:19:45,324 - INFO - Ingress_Exit V2TYOTB5
2025-04-01 03:19:45,381 - INFO - Ingress_Enter CEGP5F5F
2025-04-01 03:19:45,382 - INFO - Ingress_Exit I5LPPPKU
2025-04-01 03:19:45,409 - INFO - Ingress_Exit AEAZMLIP
2025-04-01 03:19:45,453 - INFO - Ingress_Enter ZJ0D2HSO
2025-04-01 03:19:45,479 - INFO - Ingress_Enter NSKZTP14
2025-04-01 03:19:45,486 - INFO - Ingress_Exit PSRSS4C1
2025-04-01 03:19:45,630 - INFO - Ingress_Exit IZQSI50K
2025-04-01 03:19:45,650 - INFO - Ingress_Enter 3B4DUR23
2025-04-01 03:19:45,687 - INFO - Ingress_Exit UNX1VEY3
2025-04-01 03:19:45,689 - INFO - Ingress_Exit ZWGQBR26
2025-04-01 03:19:45,740 - INFO - Ingress_Exit TYFX2WRJ
2025-04-01 03:19:45,859 - INFO - Ingress_Enter 3SQRYOB6
2025-04-01 03:19:45,907 - INFO - Ingress_Enter J0M1WRLX
2025-04-01 03:19:45,914 - INFO - Ingress_Enter NU7LODJI
2025-04-01 03:19:45,926 - INFO - Ingress_Enter IMF8YH0J
2025-04-01 03:19:45,937 - INFO - Ingress_Enter 95HR2GAO
2025-04-01 03:19:45,939 - INFO - Ingress_Enter DJF7O3BA
2025-04-01 03:19:46,008 - INFO - Ingress_Enter 2VO6TS5I
2025-04-01 03:19:46,095 - INFO - Ingress_Enter 70QV9HZ5
2025-04-01 03:19:46,211 - INFO - Ingress_Enter 7366JDS3
2025-04-01 03:19:46,220 - INFO - Ingress_Exit YO1TH7C8
2025-04-01 03:19:46,600 - INFO - Ingress_Exit 3B4DUR23
2025-04-01 03:19:46,669 - INFO - Ingress_Exit CEGP5F5F
2025-04-01 03:19:46,673 - INFO - Ingress_Exit NSKZTP14
2025-04-01 03:19:46,705 - INFO - Ingress_Exit J0M1WRLX
2025-04-01 03:19:46,740 - INFO - Ingress_Exit DJF7O3BA
2025-04-01 03:19:46,784 - INFO - Ingress_Exit ZJ0D2HSO
2025-04-01 03:19:46,931 - INFO - Ingress_Exit NU7LODJI
2025-04-01 03:19:47,059 - INFO - Ingress_Exit 3SQRYOB6
2025-04-01 03:19:47,061 - INFO - Ingress_Exit IMF8YH0J
2025-04-01 03:19:47,062 - INFO - Ingress_Exit 2VO6TS5I
2025-04-01 03:19:47,067 - INFO - Ingress_Exit 95HR2GAO
2025-04-01 03:19:47,076 - INFO - Ingress_Exit 70QV9HZ5
2025-04-01 03:19:47,307 - INFO - Ingress_Exit 7366JDS3
