2025-04-01 02:39:04,247 - INFO - Ingress_Enter 7HZ8XYEX
2025-04-01 02:39:04,867 - INFO - Ingress_Enter KH8YN9ZH
2025-04-01 02:39:04,991 - INFO - Ingress_Exit 7HZ8XYEX
2025-04-01 02:39:05,264 - INFO - Ingress_Exit KH8YN9ZH
2025-04-01 02:39:08,222 - INFO - Ingress_Enter 2ELZOLCT
2025-04-01 02:39:08,323 - INFO - Ingress_Exit 2ELZOLCT
2025-04-01 02:39:08,410 - INFO - Ingress_Enter LYL5IAU6
2025-04-01 02:39:08,503 - INFO - Ingress_Exit LYL5IAU6
2025-04-01 02:39:09,199 - INFO - Ingress_Enter KQMMTEMB
2025-04-01 02:39:09,304 - INFO - Ingress_Exit KQMMTEMB
2025-04-01 02:39:09,769 - INFO - Ingress_Enter VVRRSFKR
2025-04-01 02:39:09,819 - INFO - Ingress_Enter C0RLD5Z5
2025-04-01 02:39:09,914 - INFO - Ingress_Exit VVRRSFKR
2025-04-01 02:39:09,939 - INFO - Ingress_Exit C0RLD5Z5
2025-04-01 02:39:10,043 - INFO - Ingress_Enter BVYP90PN
2025-04-01 02:39:10,141 - INFO - Ingress_Exit BVYP90PN
2025-04-01 02:39:10,146 - INFO - Ingress_Enter DAWPQKTD
2025-04-01 02:39:10,214 - INFO - Ingress_Enter MRKR5KW3
2025-04-01 02:39:10,268 - INFO - Ingress_Exit DAWPQKTD
2025-04-01 02:39:10,326 - INFO - Ingress_Exit MRKR5KW3
2025-04-01 02:39:11,040 - INFO - Ingress_Enter FTMWVBTO
2025-04-01 02:39:11,136 - INFO - Ingress_Exit FTMWVBTO
2025-04-01 02:39:11,520 - INFO - Ingress_Enter UH2JQ8I9
2025-04-01 02:39:11,622 - INFO - Ingress_Exit UH2JQ8I9
2025-04-01 02:39:11,656 - INFO - Ingress_Enter 0502ABRG
2025-04-01 02:39:11,760 - INFO - Ingress_Exit 0502ABRG
2025-04-01 02:39:12,017 - INFO - Ingress_Enter UCD85SJK
2025-04-01 02:39:12,035 - INFO - Ingress_Enter SL0BB868
2025-04-01 02:39:12,133 - INFO - Ingress_Exit SL0BB868
2025-04-01 02:39:12,137 - INFO - Ingress_Exit UCD85SJK
2025-04-01 02:39:12,895 - INFO - Ingress_Enter 88DMIWWT
2025-04-01 02:39:13,008 - INFO - Ingress_Exit 88DMIWWT
2025-04-01 02:39:13,152 - INFO - Ingress_Enter BZ10LV4L
2025-04-01 02:39:13,321 - INFO - Ingress_Exit BZ10LV4L
2025-04-01 02:39:14,224 - INFO - Ingress_Enter EJMAKBZ1
2025-04-01 02:39:14,240 - INFO - Ingress_Enter VK9EXKMD
2025-04-01 02:39:14,357 - INFO - Ingress_Exit VK9EXKMD
2025-04-01 02:39:14,393 - INFO - Ingress_Exit EJMAKBZ1
2025-04-01 02:39:14,844 - INFO - Ingress_Enter WREZ7G1K
2025-04-01 02:39:14,876 - INFO - Ingress_Enter SV6DL3EB
2025-04-01 02:39:14,953 - INFO - Ingress_Exit WREZ7G1K
2025-04-01 02:39:14,974 - INFO - Ingress_Exit SV6DL3EB
2025-04-01 02:39:15,219 - INFO - Ingress_Enter 7TL2PDGE
2025-04-01 02:39:15,323 - INFO - Ingress_Exit 7TL2PDGE
2025-04-01 02:39:15,425 - INFO - Ingress_Enter 7023BFKM
2025-04-01 02:39:15,522 - INFO - Ingress_Exit 7023BFKM
2025-04-01 02:39:15,615 - INFO - Ingress_Enter U40WZ5GT
2025-04-01 02:39:15,829 - INFO - Ingress_Exit U40WZ5GT
2025-04-01 02:39:16,493 - INFO - Ingress_Enter 0K5B1MEU
2025-04-01 02:39:16,587 - INFO - Ingress_Exit 0K5B1MEU
2025-04-01 02:39:16,750 - INFO - Ingress_Enter K72ETBL3
2025-04-01 02:39:16,845 - INFO - Ingress_Exit K72ETBL3
2025-04-01 02:39:17,406 - INFO - Ingress_Enter 9YJPY1RY
2025-04-01 02:39:17,517 - INFO - Ingress_Exit 9YJPY1RY
2025-04-01 02:39:17,664 - INFO - Ingress_Enter QHGSMDSI
2025-04-01 02:39:17,791 - INFO - Ingress_Exit QHGSMDSI
2025-04-01 02:39:17,906 - INFO - Ingress_Enter H1MZN6Q6
2025-04-01 02:39:18,025 - INFO - Ingress_Exit H1MZN6Q6
2025-04-01 02:39:18,234 - INFO - Ingress_Enter AYVOJLZD
2025-04-01 02:39:18,341 - INFO - Ingress_Exit AYVOJLZD
2025-04-01 02:39:19,116 - INFO - Ingress_Enter MON7X5DA
2025-04-01 02:39:19,256 - INFO - Ingress_Exit MON7X5DA
2025-04-01 02:39:19,630 - INFO - Ingress_Enter KOP2DCWK
2025-04-01 02:39:19,738 - INFO - Ingress_Exit KOP2DCWK
2025-04-01 02:39:20,216 - INFO - Ingress_Enter E244H71O
2025-04-01 02:39:20,311 - INFO - Ingress_Exit E244H71O
2025-04-01 02:39:20,320 - INFO - Ingress_Enter RQQK2J3H
2025-04-01 02:39:20,423 - INFO - Ingress_Enter S0G4MLXJ
2025-04-01 02:39:20,430 - INFO - Ingress_Exit RQQK2J3H
2025-04-01 02:39:20,508 - INFO - Ingress_Enter 08NJXANU
2025-04-01 02:39:20,524 - INFO - Ingress_Exit S0G4MLXJ
2025-04-01 02:39:20,598 - INFO - Ingress_Exit 08NJXANU
2025-04-01 02:39:20,681 - INFO - Ingress_Enter ONQYXI61
2025-04-01 02:39:20,715 - INFO - Ingress_Enter PSETDVHB
2025-04-01 02:39:20,777 - INFO - Ingress_Exit ONQYXI61
2025-04-01 02:39:20,805 - INFO - Ingress_Exit PSETDVHB
2025-04-01 02:39:21,320 - INFO - Ingress_Enter SSJ2P2GH
2025-04-01 02:39:21,405 - INFO - Ingress_Enter 5345YB32
2025-04-01 02:39:21,415 - INFO - Ingress_Exit SSJ2P2GH
2025-04-01 02:39:21,423 - INFO - Ingress_Enter D9WDOD2Z
2025-04-01 02:39:21,507 - INFO - Ingress_Exit 5345YB32
2025-04-01 02:39:21,515 - INFO - Ingress_Exit D9WDOD2Z
2025-04-01 02:39:21,561 - INFO - Ingress_Enter EY5YA7PQ
2025-04-01 02:39:21,612 - INFO - Ingress_Enter 8TQ71Q0O
2025-04-01 02:39:21,682 - INFO - Ingress_Exit EY5YA7PQ
2025-04-01 02:39:21,704 - INFO - Ingress_Exit 8TQ71Q0O
2025-04-01 02:39:21,714 - INFO - Ingress_Enter H6CPC5GW
2025-04-01 02:39:21,748 - INFO - Ingress_Enter H6WC5TLD
2025-04-01 02:39:21,808 - INFO - Ingress_Exit H6CPC5GW
2025-04-01 02:39:21,849 - INFO - Ingress_Exit H6WC5TLD
2025-04-01 02:39:21,936 - INFO - Ingress_Enter TUAVLT6R
2025-04-01 02:39:21,989 - INFO - Ingress_Enter C1I3FZRX
2025-04-01 02:39:22,033 - INFO - Ingress_Exit TUAVLT6R
2025-04-01 02:39:22,084 - INFO - Ingress_Exit C1I3FZRX
2025-04-01 02:39:23,076 - INFO - Ingress_Enter AXW5XJ8O
2025-04-01 02:39:23,109 - INFO - Ingress_Enter XKNA9R9L
2025-04-01 02:39:23,168 - INFO - Ingress_Exit AXW5XJ8O
2025-04-01 02:39:23,210 - INFO - Ingress_Exit XKNA9R9L
2025-04-01 02:39:23,625 - INFO - Ingress_Enter 302XFETL
2025-04-01 02:39:23,760 - INFO - Ingress_Exit 302XFETL
2025-04-01 02:39:24,260 - INFO - Ingress_Enter 4CV94L55
2025-04-01 02:39:24,348 - INFO - Ingress_Exit 4CV94L55
2025-04-01 02:39:24,517 - INFO - Ingress_Enter SRY932A0
2025-04-01 02:39:24,552 - INFO - Ingress_Enter T0ZQ55OJ
2025-04-01 02:39:24,624 - INFO - Ingress_Exit SRY932A0
2025-04-01 02:39:24,650 - INFO - Ingress_Exit T0ZQ55OJ
2025-04-01 02:39:24,708 - INFO - Ingress_Enter R1G1FMW2
2025-04-01 02:39:24,800 - INFO - Ingress_Exit R1G1FMW2
2025-04-01 02:39:24,881 - INFO - Ingress_Enter C2WDO3V1
2025-04-01 02:39:24,976 - INFO - Ingress_Exit C2WDO3V1
2025-04-01 02:39:25,035 - INFO - Ingress_Enter DJSKWN4H
2025-04-01 02:39:25,165 - INFO - Ingress_Exit DJSKWN4H
2025-04-01 02:39:26,086 - INFO - Ingress_Enter PQ0CWJO6
2025-04-01 02:39:26,185 - INFO - Ingress_Exit PQ0CWJO6
2025-04-01 02:39:26,418 - INFO - Ingress_Enter IE5H2X1F
2025-04-01 02:39:26,502 - INFO - Ingress_Enter JRDCFKWU
2025-04-01 02:39:26,512 - INFO - Ingress_Exit IE5H2X1F
2025-04-01 02:39:26,658 - INFO - Ingress_Exit JRDCFKWU
2025-04-01 02:39:27,120 - INFO - Ingress_Enter XKJFQNI5
2025-04-01 02:39:27,224 - INFO - Ingress_Exit XKJFQNI5
2025-04-01 02:39:27,433 - INFO - Ingress_Enter 2QOVBJKP
2025-04-01 02:39:27,541 - INFO - Ingress_Exit 2QOVBJKP
2025-04-01 02:39:27,878 - INFO - Ingress_Enter LF77921M
2025-04-01 02:39:28,010 - INFO - Ingress_Exit LF77921M
2025-04-01 02:39:28,100 - INFO - Ingress_Enter 8YXK1INB
2025-04-01 02:39:28,211 - INFO - Ingress_Exit 8YXK1INB
2025-04-01 02:39:28,253 - INFO - Ingress_Enter BQTSSM26
2025-04-01 02:39:28,355 - INFO - Ingress_Exit BQTSSM26
2025-04-01 02:39:28,510 - INFO - Ingress_Enter UN6L3HV0
2025-04-01 02:39:28,607 - INFO - Ingress_Exit UN6L3HV0
2025-04-01 02:39:28,838 - INFO - Ingress_Enter EOMDDSNS
2025-04-01 02:39:28,928 - INFO - Ingress_Exit EOMDDSNS
2025-04-01 02:39:29,010 - INFO - Ingress_Enter W6RTETFH
2025-04-01 02:39:29,109 - INFO - Ingress_Exit W6RTETFH
2025-04-01 02:39:29,201 - INFO - Ingress_Enter CF938ADN
2025-04-01 02:39:29,333 - INFO - Ingress_Exit CF938ADN
2025-04-01 02:39:29,428 - INFO - Ingress_Enter FSWQL4EJ
2025-04-01 02:39:29,525 - INFO - Ingress_Exit FSWQL4EJ
2025-04-01 02:39:30,044 - INFO - Ingress_Enter 2QQVS2FN
2025-04-01 02:39:30,147 - INFO - Ingress_Exit 2QQVS2FN
2025-04-01 02:39:30,645 - INFO - Ingress_Enter MNOXD0M5
2025-04-01 02:39:30,759 - INFO - Ingress_Exit MNOXD0M5
2025-04-01 02:39:30,766 - INFO - Ingress_Enter NUKDL1XR
2025-04-01 02:39:30,881 - INFO - Ingress_Exit NUKDL1XR
2025-04-01 02:39:31,365 - INFO - Ingress_Enter FU96DWAA
2025-04-01 02:39:31,400 - INFO - Ingress_Enter V4PN2ZYN
2025-04-01 02:39:31,460 - INFO - Ingress_Exit FU96DWAA
2025-04-01 02:39:31,510 - INFO - Ingress_Exit V4PN2ZYN
2025-04-01 02:39:32,962 - INFO - Ingress_Enter 4KBZ208K
2025-04-01 02:39:33,054 - INFO - Ingress_Exit 4KBZ208K
2025-04-01 02:39:33,321 - INFO - Ingress_Enter DYJNZF0N
2025-04-01 02:39:33,419 - INFO - Ingress_Exit DYJNZF0N
2025-04-01 02:39:33,615 - INFO - Ingress_Enter P0OO7HF0
2025-04-01 02:39:33,762 - INFO - Ingress_Exit P0OO7HF0
2025-04-01 02:39:34,232 - INFO - Ingress_Enter 677Y025X
2025-04-01 02:39:34,363 - INFO - Ingress_Exit 677Y025X
2025-04-01 02:39:34,904 - INFO - Ingress_Enter 6VF1RX3Y
2025-04-01 02:39:35,004 - INFO - Ingress_Exit 6VF1RX3Y
2025-04-01 02:39:35,386 - INFO - Ingress_Enter M9ACYM8H
2025-04-01 02:39:35,483 - INFO - Ingress_Exit M9ACYM8H
2025-04-01 02:39:35,952 - INFO - Ingress_Enter G52B5C5F
2025-04-01 02:39:36,045 - INFO - Ingress_Exit G52B5C5F
2025-04-01 02:39:36,261 - INFO - Ingress_Enter 1JD0SI2T
2025-04-01 02:39:36,329 - INFO - Ingress_Enter MRJ3ZQQG
2025-04-01 02:39:36,358 - INFO - Ingress_Exit 1JD0SI2T
2025-04-01 02:39:36,422 - INFO - Ingress_Exit MRJ3ZQQG
2025-04-01 02:39:37,018 - INFO - Ingress_Enter V8K01AFB
2025-04-01 02:39:37,102 - INFO - Ingress_Enter KAA6U9RC
2025-04-01 02:39:37,109 - INFO - Ingress_Exit V8K01AFB
2025-04-01 02:39:37,240 - INFO - Ingress_Exit KAA6U9RC
2025-04-01 02:39:37,652 - INFO - Ingress_Enter 8LA1UOQG
2025-04-01 02:39:37,748 - INFO - Ingress_Exit 8LA1UOQG
2025-04-01 02:39:39,024 - INFO - Ingress_Enter 0VGYTQZC
2025-04-01 02:39:39,039 - INFO - Ingress_Enter NM0062OA
2025-04-01 02:39:39,120 - INFO - Ingress_Exit 0VGYTQZC
2025-04-01 02:39:39,159 - INFO - Ingress_Exit NM0062OA
2025-04-01 02:39:39,248 - INFO - Ingress_Enter 76VU4KXE
2025-04-01 02:39:39,355 - INFO - Ingress_Exit 76VU4KXE
2025-04-01 02:39:40,278 - INFO - Ingress_Enter WC2P7763
2025-04-01 02:39:40,389 - INFO - Ingress_Exit WC2P7763
2025-04-01 02:39:40,538 - INFO - Ingress_Enter SQLZGNR6
2025-04-01 02:39:40,571 - INFO - Ingress_Enter D6XQWG7E
2025-04-01 02:39:40,633 - INFO - Ingress_Exit SQLZGNR6
2025-04-01 02:39:40,663 - INFO - Ingress_Exit D6XQWG7E
2025-04-01 02:39:42,233 - INFO - Ingress_Enter 6WYWMLQ5
2025-04-01 02:39:42,335 - INFO - Ingress_Exit 6WYWMLQ5
2025-04-01 02:39:42,937 - INFO - Ingress_Enter 2QM1NN85
2025-04-01 02:39:43,031 - INFO - Ingress_Exit 2QM1NN85
2025-04-01 02:39:43,229 - INFO - Ingress_Enter P0A244K9
2025-04-01 02:39:43,246 - INFO - Ingress_Enter W3AQ2DF0
2025-04-01 02:39:43,329 - INFO - Ingress_Exit P0A244K9
2025-04-01 02:39:43,337 - INFO - Ingress_Exit W3AQ2DF0
2025-04-01 02:39:43,520 - INFO - Ingress_Enter FSNRAPXY
2025-04-01 02:39:43,626 - INFO - Ingress_Exit FSNRAPXY
2025-04-01 02:39:43,967 - INFO - Ingress_Enter 38QERMJ5
2025-04-01 02:39:44,072 - INFO - Ingress_Exit 38QERMJ5
2025-04-01 02:39:44,342 - INFO - Ingress_Enter FHUO8OIS
2025-04-01 02:39:44,461 - INFO - Ingress_Exit FHUO8OIS
2025-04-01 02:39:44,557 - INFO - Ingress_Enter 5EWM3B4B
2025-04-01 02:39:44,625 - INFO - Ingress_Enter OZL8B7K2
2025-04-01 02:39:44,654 - INFO - Ingress_Exit 5EWM3B4B
2025-04-01 02:39:44,761 - INFO - Ingress_Exit OZL8B7K2
2025-04-01 02:39:44,831 - INFO - Ingress_Enter ID1K8RPQ
2025-04-01 02:39:44,943 - INFO - Ingress_Exit ID1K8RPQ
2025-04-01 02:39:45,106 - INFO - Ingress_Enter M9H7TFPR
2025-04-01 02:39:45,217 - INFO - Ingress_Exit M9H7TFPR
2025-04-01 02:39:45,863 - INFO - Ingress_Enter LXLGO70P
2025-04-01 02:39:45,966 - INFO - Ingress_Exit LXLGO70P
2025-04-01 02:39:46,155 - INFO - Ingress_Enter UKC24Z9F
2025-04-01 02:39:46,277 - INFO - Ingress_Exit UKC24Z9F
2025-04-01 02:39:46,411 - INFO - Ingress_Enter LOMSNZUW
2025-04-01 02:39:46,525 - INFO - Ingress_Exit LOMSNZUW
2025-04-01 02:39:46,702 - INFO - Ingress_Enter NNV7YIWF
2025-04-01 02:39:46,802 - INFO - Ingress_Exit NNV7YIWF
2025-04-01 02:39:46,977 - INFO - Ingress_Enter UCDFZVM4
2025-04-01 02:39:47,083 - INFO - Ingress_Exit UCDFZVM4
2025-04-01 02:39:47,851 - INFO - Ingress_Enter OOP66NG3
2025-04-01 02:39:47,987 - INFO - Ingress_Exit OOP66NG3
2025-04-01 02:39:48,142 - INFO - Ingress_Enter V4KT092C
2025-04-01 02:39:48,243 - INFO - Ingress_Exit V4KT092C
2025-04-01 02:39:48,349 - INFO - Ingress_Enter BRV5VMD0
2025-04-01 02:39:48,418 - INFO - Ingress_Enter VMRJN7E6
2025-04-01 02:39:48,469 - INFO - Ingress_Enter 5WJPA1BA
2025-04-01 02:39:48,479 - INFO - Ingress_Exit BRV5VMD0
2025-04-01 02:39:48,545 - INFO - Ingress_Exit VMRJN7E6
2025-04-01 02:39:48,578 - INFO - Ingress_Exit 5WJPA1BA
2025-04-01 02:39:48,900 - INFO - Ingress_Enter JWJZBXX0
2025-04-01 02:39:49,005 - INFO - Ingress_Exit JWJZBXX0
2025-04-01 02:39:49,088 - INFO - Ingress_Enter 7PK87J24
2025-04-01 02:39:49,190 - INFO - Ingress_Exit 7PK87J24
2025-04-01 02:39:49,244 - INFO - Ingress_Enter PY2H1NX2
2025-04-01 02:39:49,337 - INFO - Ingress_Exit PY2H1NX2
2025-04-01 02:39:49,709 - INFO - Ingress_Enter IIV94PW1
2025-04-01 02:39:49,725 - INFO - Ingress_Enter NHEFLRND
2025-04-01 02:39:49,829 - INFO - Ingress_Exit IIV94PW1
2025-04-01 02:39:49,831 - INFO - Ingress_Exit NHEFLRND
2025-04-01 02:39:51,257 - INFO - Ingress_Enter PXEHBWOR
2025-04-01 02:39:51,369 - INFO - Ingress_Exit PXEHBWOR
2025-04-01 02:39:51,634 - INFO - Ingress_Enter QLHEOOIR
2025-04-01 02:39:51,749 - INFO - Ingress_Exit QLHEOOIR
2025-04-01 02:39:51,772 - INFO - Ingress_Enter CVF0HCTO
2025-04-01 02:39:51,869 - INFO - Ingress_Exit CVF0HCTO
2025-04-01 02:39:51,945 - INFO - Ingress_Enter 05YSF9LJ
2025-04-01 02:39:52,047 - INFO - Ingress_Exit 05YSF9LJ
2025-04-01 02:39:52,236 - INFO - Ingress_Enter NRO6BU53
2025-04-01 02:39:52,337 - INFO - Ingress_Exit NRO6BU53
2025-04-01 02:39:52,356 - INFO - Ingress_Enter 4MOI8BTT
2025-04-01 02:39:52,455 - INFO - Ingress_Exit 4MOI8BTT
2025-04-01 02:39:52,511 - INFO - Ingress_Enter XYRBDLJA
2025-04-01 02:39:52,631 - INFO - Ingress_Exit XYRBDLJA
2025-04-01 02:39:53,075 - INFO - Ingress_Enter DN3SM79B
2025-04-01 02:39:53,178 - INFO - Ingress_Exit DN3SM79B
2025-04-01 02:39:53,332 - INFO - Ingress_Enter Q6Q9QI02
2025-04-01 02:39:53,428 - INFO - Ingress_Exit Q6Q9QI02
2025-04-01 02:39:53,572 - INFO - Ingress_Enter J9EGNWVV
2025-04-01 02:39:53,744 - INFO - Ingress_Exit J9EGNWVV
2025-04-01 02:39:53,897 - INFO - Ingress_Enter M5UZNQIC
2025-04-01 02:39:53,991 - INFO - Ingress_Exit M5UZNQIC
2025-04-01 02:39:54,085 - INFO - Ingress_Enter 6QECYU4R
2025-04-01 02:39:54,195 - INFO - Ingress_Exit 6QECYU4R
2025-04-01 02:39:54,515 - INFO - Ingress_Enter BB2SI90H
2025-04-01 02:39:54,619 - INFO - Ingress_Exit BB2SI90H
2025-04-01 02:39:54,670 - INFO - Ingress_Enter 987TIB71
2025-04-01 02:39:54,770 - INFO - Ingress_Exit 987TIB71
2025-04-01 02:39:55,151 - INFO - Ingress_Enter XKGYQ9L5
2025-04-01 02:39:55,237 - INFO - Ingress_Enter MWE7OYM2
2025-04-01 02:39:55,259 - INFO - Ingress_Exit XKGYQ9L5
2025-04-01 02:39:55,351 - INFO - Ingress_Exit MWE7OYM2
2025-04-01 02:39:56,459 - INFO - Ingress_Enter FB4FB8FU
2025-04-01 02:39:56,545 - INFO - Ingress_Enter R1WDDKKJ
2025-04-01 02:39:56,565 - INFO - Ingress_Exit FB4FB8FU
2025-04-01 02:39:56,597 - INFO - Ingress_Enter QMTLDM9T
2025-04-01 02:39:56,630 - INFO - Ingress_Enter 5K96Y5ZE
2025-04-01 02:39:56,650 - INFO - Ingress_Exit R1WDDKKJ
2025-04-01 02:39:56,708 - INFO - Ingress_Exit QMTLDM9T
2025-04-01 02:39:56,724 - INFO - Ingress_Exit 5K96Y5ZE
2025-04-01 02:39:57,508 - INFO - Ingress_Enter ZLB78HH9
2025-04-01 02:39:57,607 - INFO - Ingress_Exit ZLB78HH9
2025-04-01 02:39:57,663 - INFO - Ingress_Enter CXFV0UHD
2025-04-01 02:39:57,714 - INFO - Ingress_Enter YMAYWRA9
2025-04-01 02:39:57,785 - INFO - Ingress_Exit CXFV0UHD
2025-04-01 02:39:57,813 - INFO - Ingress_Exit YMAYWRA9
2025-04-01 02:39:58,523 - INFO - Ingress_Enter NG3RJOX0
2025-04-01 02:39:58,630 - INFO - Ingress_Exit NG3RJOX0
2025-04-01 02:39:58,902 - INFO - Ingress_Enter NRZ5Q6UL
2025-04-01 02:39:59,040 - INFO - Ingress_Exit NRZ5Q6UL
2025-04-01 02:39:59,057 - INFO - Ingress_Enter RDU9GNNL
2025-04-01 02:39:59,091 - INFO - Ingress_Enter Y546J0Y0
2025-04-01 02:39:59,193 - INFO - Ingress_Exit RDU9GNNL
2025-04-01 02:39:59,195 - INFO - Ingress_Exit Y546J0Y0
2025-04-01 02:39:59,245 - INFO - Ingress_Enter 6Z32B4I1
2025-04-01 02:39:59,345 - INFO - Ingress_Exit 6Z32B4I1
2025-04-01 02:39:59,637 - INFO - Ingress_Enter Y6Y8ATM6
2025-04-01 02:39:59,741 - INFO - Ingress_Exit Y6Y8ATM6
2025-04-01 02:40:00,064 - INFO - Ingress_Enter MSKKU4LA
2025-04-01 02:40:00,166 - INFO - Ingress_Exit MSKKU4LA
2025-04-01 02:40:00,202 - INFO - Ingress_Enter KLY0JCME
2025-04-01 02:40:00,300 - INFO - Ingress_Exit KLY0JCME
2025-04-01 02:40:00,407 - INFO - Ingress_Enter GAZNKML3
2025-04-01 02:40:00,526 - INFO - Ingress_Exit GAZNKML3
2025-04-01 02:40:00,769 - INFO - Ingress_Enter 7PJBDJMI
2025-04-01 02:40:00,837 - INFO - Ingress_Enter YYJ6OJZ7
2025-04-01 02:40:00,871 - INFO - Ingress_Enter JEFCTCV2
2025-04-01 02:40:00,881 - INFO - Ingress_Exit 7PJBDJMI
2025-04-01 02:40:00,941 - INFO - Ingress_Exit YYJ6OJZ7
2025-04-01 02:40:00,968 - INFO - Ingress_Exit JEFCTCV2
2025-04-01 02:40:11,342 - INFO - Ingress_Enter WF7X22LH
2025-04-01 02:40:11,448 - INFO - Ingress_Exit WF7X22LH
2025-04-01 02:40:12,147 - INFO - Ingress_Enter D408PZC8
2025-04-01 02:40:12,264 - INFO - Ingress_Exit D408PZC8
2025-04-01 02:40:12,523 - INFO - Ingress_Enter VFX2S00G
2025-04-01 02:40:12,641 - INFO - Ingress_Exit VFX2S00G
2025-04-01 02:40:12,762 - INFO - Ingress_Enter KL895LDJ
2025-04-01 02:40:12,883 - INFO - Ingress_Exit KL895LDJ
2025-04-01 02:40:13,122 - INFO - Ingress_Enter EISPRUT8
2025-04-01 02:40:13,208 - INFO - Ingress_Enter 5W206IQN
2025-04-01 02:40:13,224 - INFO - Ingress_Exit EISPRUT8
2025-04-01 02:40:13,308 - INFO - Ingress_Exit 5W206IQN
2025-04-01 02:40:15,973 - INFO - Ingress_Enter C5ZK94F3
2025-04-01 02:40:16,080 - INFO - Ingress_Exit C5ZK94F3
2025-04-01 02:40:16,300 - INFO - Ingress_Enter TU0ACR5G
2025-04-01 02:40:16,368 - INFO - Ingress_Enter XJZZM331
2025-04-01 02:40:16,414 - INFO - Ingress_Exit TU0ACR5G
2025-04-01 02:40:16,510 - INFO - Ingress_Exit XJZZM331
2025-04-01 02:40:16,574 - INFO - Ingress_Enter EQCDCQQM
2025-04-01 02:40:16,662 - INFO - Ingress_Exit EQCDCQQM
2025-04-01 02:40:17,260 - INFO - Ingress_Enter KIOU1A62
2025-04-01 02:40:17,353 - INFO - Ingress_Exit KIOU1A62
2025-04-01 02:40:17,535 - INFO - Ingress_Enter HZIEO16L
2025-04-01 02:40:17,630 - INFO - Ingress_Exit HZIEO16L
2025-04-01 02:40:17,999 - INFO - Ingress_Enter G01K1JR3
2025-04-01 02:40:18,099 - INFO - Ingress_Exit G01K1JR3
2025-04-01 02:40:18,274 - INFO - Ingress_Enter I6DEZPY8
2025-04-01 02:40:18,378 - INFO - Ingress_Exit I6DEZPY8
2025-04-01 02:40:18,393 - INFO - Ingress_Enter 0W6YQ5Y6
2025-04-01 02:40:18,492 - INFO - Ingress_Exit 0W6YQ5Y6
2025-04-01 02:40:18,616 - INFO - Ingress_Enter 8E6775TK
2025-04-01 02:40:18,705 - INFO - Ingress_Exit 8E6775TK
2025-04-01 02:40:18,877 - INFO - Ingress_Enter UQFG2VNX
2025-04-01 02:40:18,974 - INFO - Ingress_Exit UQFG2VNX
2025-04-01 02:40:18,995 - INFO - Ingress_Enter L1IM1NWV
2025-04-01 02:40:19,082 - INFO - Ingress_Enter F9RHGCF9
2025-04-01 02:40:19,117 - INFO - Ingress_Exit L1IM1NWV
2025-04-01 02:40:19,196 - INFO - Ingress_Exit F9RHGCF9
2025-04-01 02:40:19,889 - INFO - Ingress_Enter FIWM3PKF
2025-04-01 02:40:19,923 - INFO - Ingress_Enter M1NT9HT6
2025-04-01 02:40:19,985 - INFO - Ingress_Exit FIWM3PKF
2025-04-01 02:40:20,035 - INFO - Ingress_Exit M1NT9HT6
2025-04-01 02:40:20,129 - INFO - Ingress_Enter 3YK8UHDM
2025-04-01 02:40:20,252 - INFO - Ingress_Exit 3YK8UHDM
2025-04-01 02:40:20,440 - INFO - Ingress_Enter G2WR389N
2025-04-01 02:40:20,508 - INFO - Ingress_Enter MC6WK9K4
2025-04-01 02:40:20,537 - INFO - Ingress_Exit G2WR389N
2025-04-01 02:40:20,634 - INFO - Ingress_Exit MC6WK9K4
2025-04-01 02:40:20,681 - INFO - Ingress_Enter 69O8ZE32
2025-04-01 02:40:20,779 - INFO - Ingress_Exit 69O8ZE32
2025-04-01 02:40:20,784 - INFO - Ingress_Enter 3NUJAJTQ
2025-04-01 02:40:20,878 - INFO - Ingress_Exit 3NUJAJTQ
2025-04-01 02:40:20,991 - INFO - Ingress_Enter ET2M28NQ
2025-04-01 02:40:21,090 - INFO - Ingress_Exit ET2M28NQ
2025-04-01 02:40:21,551 - INFO - Ingress_Enter RK2QX23M
2025-04-01 02:40:21,644 - INFO - Ingress_Exit RK2QX23M
2025-04-01 02:40:21,773 - INFO - Ingress_Enter YM7QA5D8
2025-04-01 02:40:21,874 - INFO - Ingress_Exit YM7QA5D8
2025-04-01 02:40:22,099 - INFO - Ingress_Enter I2D7JK23
2025-04-01 02:40:22,210 - INFO - Ingress_Exit I2D7JK23
2025-04-01 02:40:22,494 - INFO - Ingress_Enter 8B8TVSSG
2025-04-01 02:40:22,590 - INFO - Ingress_Exit 8B8TVSSG
2025-04-01 02:40:23,283 - INFO - Ingress_Enter 3Y5JA59Z
2025-04-01 02:40:23,389 - INFO - Ingress_Exit 3Y5JA59Z
2025-04-01 02:40:24,158 - INFO - Ingress_Enter WDL6C3FW
2025-04-01 02:40:24,193 - INFO - Ingress_Enter TJ7KQNUY
2025-04-01 02:40:24,269 - INFO - Ingress_Exit WDL6C3FW
2025-04-01 02:40:24,304 - INFO - Ingress_Exit TJ7KQNUY
2025-04-01 02:40:24,638 - INFO - Ingress_Enter MZFZUSPT
2025-04-01 02:40:24,735 - INFO - Ingress_Exit MZFZUSPT
2025-04-01 02:40:24,827 - INFO - Ingress_Enter WTMISIMF
2025-04-01 02:40:24,931 - INFO - Ingress_Exit WTMISIMF
2025-04-01 02:40:24,981 - INFO - Ingress_Enter NMBXODBI
2025-04-01 02:40:25,086 - INFO - Ingress_Exit NMBXODBI
2025-04-01 02:40:25,135 - INFO - Ingress_Enter FMFTGTL4
2025-04-01 02:40:25,247 - INFO - Ingress_Exit FMFTGTL4
2025-04-01 02:40:25,582 - INFO - Ingress_Enter GZXKO32E
2025-04-01 02:40:25,697 - INFO - Ingress_Exit GZXKO32E
2025-04-01 02:40:25,718 - INFO - Ingress_Enter JLC9E69X
2025-04-01 02:40:25,770 - INFO - Ingress_Enter E5M4ZS5X
2025-04-01 02:40:25,815 - INFO - Ingress_Exit JLC9E69X
2025-04-01 02:40:25,901 - INFO - Ingress_Exit E5M4ZS5X
2025-04-01 02:40:26,580 - INFO - Ingress_Enter AUNOH8Y4
2025-04-01 02:40:26,683 - INFO - Ingress_Exit AUNOH8Y4
2025-04-01 02:40:26,717 - INFO - Ingress_Enter 3SGLIZRT
2025-04-01 02:40:26,814 - INFO - Ingress_Exit 3SGLIZRT
2025-04-01 02:40:27,131 - INFO - Ingress_Enter 9GDTUD8J
2025-04-01 02:40:27,165 - INFO - Ingress_Enter 359KMIDY
2025-04-01 02:40:27,183 - INFO - Ingress_Enter 590MLO83
2025-04-01 02:40:27,232 - INFO - Ingress_Exit 9GDTUD8J
2025-04-01 02:40:27,269 - INFO - Ingress_Exit 359KMIDY
2025-04-01 02:40:27,297 - INFO - Ingress_Exit 590MLO83
2025-04-01 02:40:28,474 - INFO - Ingress_Enter LQOAKNHI
2025-04-01 02:40:28,573 - INFO - Ingress_Exit LQOAKNHI
2025-04-01 02:40:29,012 - INFO - Ingress_Enter NIZOC55E
2025-04-01 02:40:29,116 - INFO - Ingress_Enter 5RTM25NY
2025-04-01 02:40:29,127 - INFO - Ingress_Exit NIZOC55E
2025-04-01 02:40:29,224 - INFO - Ingress_Exit 5RTM25NY
2025-04-01 02:40:29,665 - INFO - Ingress_Enter AMOSW402
2025-04-01 02:40:29,764 - INFO - Ingress_Exit AMOSW402
2025-04-01 02:40:30,163 - INFO - Ingress_Enter 7MYP1TXB
2025-04-01 02:40:30,268 - INFO - Ingress_Exit 7MYP1TXB
2025-04-01 02:40:30,916 - INFO - Ingress_Enter W40RXA94
2025-04-01 02:40:31,043 - INFO - Ingress_Exit W40RXA94
2025-04-01 02:40:31,105 - INFO - Ingress_Enter NF85Y9YB
2025-04-01 02:40:31,218 - INFO - Ingress_Exit NF85Y9YB
2025-04-01 02:40:31,278 - INFO - Ingress_Enter UW3LD5XH
2025-04-01 02:40:31,374 - INFO - Ingress_Exit UW3LD5XH
2025-04-01 02:40:31,432 - INFO - Ingress_Enter 62NYGNIQ
2025-04-01 02:40:31,607 - INFO - Ingress_Exit 62NYGNIQ
2025-04-01 02:40:31,637 - INFO - Ingress_Enter EA8TWB4P
2025-04-01 02:40:31,740 - INFO - Ingress_Exit EA8TWB4P
2025-04-01 02:40:32,239 - INFO - Ingress_Enter 5RASOBHA
2025-04-01 02:40:32,339 - INFO - Ingress_Exit 5RASOBHA
2025-04-01 02:40:32,395 - INFO - Ingress_Enter ELH58QO8
2025-04-01 02:40:32,446 - INFO - Ingress_Enter 7T4ZJ9KT
2025-04-01 02:40:32,569 - INFO - Ingress_Exit 7T4ZJ9KT
2025-04-01 02:40:32,596 - INFO - Ingress_Exit ELH58QO8
2025-04-01 02:40:32,619 - INFO - Ingress_Enter G41OXT30
2025-04-01 02:40:32,742 - INFO - Ingress_Exit G41OXT30
2025-04-01 02:40:33,081 - INFO - Ingress_Enter E1BFZM98
2025-04-01 02:40:33,187 - INFO - Ingress_Exit E1BFZM98
2025-04-01 02:40:33,337 - INFO - Ingress_Enter WPN8QCE6
2025-04-01 02:40:33,430 - INFO - Ingress_Exit WPN8QCE6
2025-04-01 02:40:33,526 - INFO - Ingress_Enter WGPGWHJX
2025-04-01 02:40:33,580 - INFO - Ingress_Enter T68GE4Q9
2025-04-01 02:40:33,663 - INFO - Ingress_Exit WGPGWHJX
2025-04-01 02:40:33,677 - INFO - Ingress_Exit T68GE4Q9
2025-04-01 02:40:33,974 - INFO - Ingress_Enter XQJ9JMRN
2025-04-01 02:40:34,075 - INFO - Ingress_Exit XQJ9JMRN
2025-04-01 02:40:34,421 - INFO - Ingress_Enter 1DOSUW7T
2025-04-01 02:40:34,553 - INFO - Ingress_Exit 1DOSUW7T
2025-04-01 02:40:34,713 - INFO - Ingress_Enter 7UDRA80Y
2025-04-01 02:40:34,828 - INFO - Ingress_Exit 7UDRA80Y
2025-04-01 02:40:35,091 - INFO - Ingress_Enter VM0O2FAW
2025-04-01 02:40:35,107 - INFO - Ingress_Enter U6PTDTC9
2025-04-01 02:40:35,194 - INFO - Ingress_Exit VM0O2FAW
2025-04-01 02:40:35,197 - INFO - Ingress_Exit U6PTDTC9
2025-04-01 02:40:35,486 - INFO - Ingress_Enter 7AWLPJUX
2025-04-01 02:40:35,576 - INFO - Ingress_Exit 7AWLPJUX
2025-04-01 02:40:36,313 - INFO - Ingress_Enter ZPUO455E
2025-04-01 02:40:36,412 - INFO - Ingress_Exit ZPUO455E
2025-04-01 02:40:36,483 - INFO - Ingress_Enter YTQ4MUAY
2025-04-01 02:40:36,593 - INFO - Ingress_Exit YTQ4MUAY
2025-04-01 02:40:36,604 - INFO - Ingress_Enter I0PB51H2
2025-04-01 02:40:36,760 - INFO - Ingress_Enter WPHIWF50
2025-04-01 02:40:36,769 - INFO - Ingress_Exit I0PB51H2
2025-04-01 02:40:36,873 - INFO - Ingress_Exit WPHIWF50
2025-04-01 02:40:40,411 - INFO - Ingress_Enter D9O5UGKR
2025-04-01 02:40:40,510 - INFO - Ingress_Exit D9O5UGKR
2025-04-01 02:40:40,547 - INFO - Ingress_Enter TUJH7S8T
2025-04-01 02:40:40,644 - INFO - Ingress_Exit TUJH7S8T
2025-04-01 02:40:40,858 - INFO - Ingress_Enter 4QFT2F0W
2025-04-01 02:40:40,966 - INFO - Ingress_Exit 4QFT2F0W
2025-04-01 02:40:41,098 - INFO - Ingress_Enter 78POAW9J
2025-04-01 02:40:41,235 - INFO - Ingress_Exit 78POAW9J
2025-04-01 02:40:41,818 - INFO - Ingress_Enter R84194BF
2025-04-01 02:40:41,935 - INFO - Ingress_Exit R84194BF
2025-04-01 02:40:42,610 - INFO - Ingress_Enter KS11E59B
2025-04-01 02:40:42,709 - INFO - Ingress_Exit KS11E59B
2025-04-01 02:40:43,846 - INFO - Ingress_Enter 3ZD2SD2F
2025-04-01 02:40:43,937 - INFO - Ingress_Exit 3ZD2SD2F
2025-04-01 02:40:44,413 - INFO - Ingress_Enter 924IBAWQ
2025-04-01 02:40:44,428 - INFO - Ingress_Enter WKW0TV1N
2025-04-01 02:40:44,508 - INFO - Ingress_Exit 924IBAWQ
2025-04-01 02:40:44,538 - INFO - Ingress_Exit WKW0TV1N
2025-04-01 02:40:44,930 - INFO - Ingress_Enter G91DG348
2025-04-01 02:40:45,023 - INFO - Ingress_Exit G91DG348
2025-04-01 02:40:45,568 - INFO - Ingress_Enter ZX2UEHFY
2025-04-01 02:40:45,658 - INFO - Ingress_Exit ZX2UEHFY
2025-04-01 02:40:45,687 - INFO - Ingress_Enter SISWCEU9
2025-04-01 02:40:45,777 - INFO - Ingress_Exit SISWCEU9
2025-04-01 02:40:46,014 - INFO - Ingress_Enter L1UXLCDZ
2025-04-01 02:40:46,109 - INFO - Ingress_Exit L1UXLCDZ
2025-04-01 02:40:46,168 - INFO - Ingress_Enter JCFSQL7F
2025-04-01 02:40:46,210 - INFO - Ingress_Enter Y96IWC6Y
2025-04-01 02:40:46,268 - INFO - Ingress_Exit JCFSQL7F
2025-04-01 02:40:46,308 - INFO - Ingress_Exit Y96IWC6Y
