2025-04-13 20:33:30,769 - INFO - StepTTS_Enter OWMKRRH9
2025-04-13 20:33:31,014 - INFO - StepTTS_Exit OWMKRRH9
2025-04-13 20:33:31,014 - INFO - StepTTS_Enter JP8I05T7
2025-04-13 20:33:31,168 - INFO - StepTTS_Exit JP8I05T7
2025-04-13 20:33:31,779 - INFO - StepTTS_Enter I3NPY30Q
2025-04-13 20:33:32,334 - INFO - StepTTS_Exit I3NPY30Q
2025-04-13 20:33:32,335 - INFO - StepTTS_Enter YH4CL1YD
2025-04-13 20:33:32,567 - INFO - StepTTS_Exit YH4CL1YD
2025-04-13 20:33:32,976 - INFO - StepTTS_Enter PJCJ7PBE
2025-04-13 20:33:33,221 - INFO - StepTTS_Exit PJCJ7PBE
2025-04-13 20:33:33,222 - INFO - StepTTS_Enter K75FMIJY
2025-04-13 20:33:33,345 - INFO - StepTTS_Exit K75FMIJY
2025-04-13 20:33:33,346 - INFO - StepTTS_Enter U1JNK3JM
2025-04-13 20:33:33,559 - INFO - StepTTS_Exit U1JNK3JM
2025-04-13 20:33:33,560 - INFO - StepTTS_Enter XABRPDO5
2025-04-13 20:33:33,787 - INFO - StepTTS_Exit XABRPDO5
2025-04-13 20:33:33,788 - INFO - StepTTS_Enter A7WTOJ8X
2025-04-13 20:33:34,181 - INFO - StepTTS_Exit A7WTOJ8X
2025-04-13 20:33:34,182 - INFO - StepTTS_Enter WQ184O0F
2025-04-13 20:33:34,487 - INFO - StepTTS_Exit WQ184O0F
2025-04-13 20:33:34,487 - INFO - StepTTS_Enter G44IYROT
2025-04-13 20:33:34,814 - INFO - StepTTS_Exit G44IYROT
2025-04-13 20:33:34,852 - INFO - StepTTS_Enter PN93ALJC
2025-04-13 20:33:35,287 - INFO - StepTTS_Exit PN93ALJC
2025-04-13 20:33:35,288 - INFO - StepTTS_Enter WG2PUJEZ
2025-04-13 20:33:35,708 - INFO - StepTTS_Exit WG2PUJEZ
2025-04-13 20:33:35,709 - INFO - StepTTS_Enter 8TVT8Z3W
2025-04-13 20:33:35,926 - INFO - StepTTS_Exit 8TVT8Z3W
2025-04-13 20:33:35,927 - INFO - StepTTS_Enter GCPAMNLK
2025-04-13 20:33:36,197 - INFO - StepTTS_Exit GCPAMNLK
2025-04-13 20:33:36,198 - INFO - StepTTS_Enter 39FMXE73
2025-04-13 20:33:36,478 - INFO - StepTTS_Exit 39FMXE73
2025-04-13 20:33:36,479 - INFO - StepTTS_Enter 90AZSH0C
2025-04-13 20:33:36,714 - INFO - StepTTS_Exit 90AZSH0C
2025-04-13 20:33:36,715 - INFO - StepTTS_Enter OGDYVPUW
2025-04-13 20:33:36,877 - INFO - StepTTS_Exit OGDYVPUW
2025-04-13 20:33:36,878 - INFO - StepTTS_Enter FW4CN8BZ
2025-04-13 20:33:37,145 - INFO - StepTTS_Exit FW4CN8BZ
2025-04-13 20:33:37,146 - INFO - StepTTS_Enter P1O1GL9M
2025-04-13 20:33:37,331 - INFO - StepTTS_Exit P1O1GL9M
2025-04-13 20:33:37,332 - INFO - StepTTS_Enter S41YGA5S
2025-04-13 20:33:37,589 - INFO - StepTTS_Exit S41YGA5S
2025-04-13 20:33:37,590 - INFO - StepTTS_Enter 9YUI6RLD
2025-04-13 20:33:37,767 - INFO - StepTTS_Exit 9YUI6RLD
2025-04-13 20:33:37,768 - INFO - StepTTS_Enter URR8YTJ2
2025-04-13 20:33:38,089 - INFO - StepTTS_Exit URR8YTJ2
2025-04-13 20:33:38,090 - INFO - StepTTS_Enter OR5SF189
2025-04-13 20:33:38,289 - INFO - StepTTS_Exit OR5SF189
2025-04-13 20:33:38,290 - INFO - StepTTS_Enter KDP2X4YM
2025-04-13 20:33:38,498 - INFO - StepTTS_Exit KDP2X4YM
2025-04-13 20:33:38,499 - INFO - StepTTS_Enter SKZUR6PF
2025-04-13 20:33:38,738 - INFO - StepTTS_Exit SKZUR6PF
2025-04-13 20:33:38,739 - INFO - StepTTS_Enter Y30GE262
2025-04-13 20:33:39,225 - INFO - StepTTS_Exit Y30GE262
2025-04-13 20:33:39,226 - INFO - StepTTS_Enter 2XLUS3W4
2025-04-13 20:33:39,441 - INFO - StepTTS_Exit 2XLUS3W4
2025-04-13 20:33:39,442 - INFO - StepTTS_Enter 3LQVM9NM
2025-04-13 20:33:39,799 - INFO - StepTTS_Exit 3LQVM9NM
2025-04-13 20:33:39,800 - INFO - StepTTS_Enter KL0GX8PD
2025-04-13 20:33:39,956 - INFO - StepTTS_Exit KL0GX8PD
2025-04-13 20:33:39,957 - INFO - StepTTS_Enter 9JEWBXNR
2025-04-13 20:33:40,445 - INFO - StepTTS_Exit 9JEWBXNR
2025-04-13 20:33:40,446 - INFO - StepTTS_Enter GIK3JRRM
2025-04-13 20:33:40,746 - INFO - StepTTS_Exit GIK3JRRM
2025-04-13 20:33:40,747 - INFO - StepTTS_Enter T41640PE
2025-04-13 20:33:40,943 - INFO - StepTTS_Exit T41640PE
2025-04-13 20:33:40,943 - INFO - StepTTS_Enter FM6ZBRXN
2025-04-13 20:33:41,189 - INFO - StepTTS_Exit FM6ZBRXN
2025-04-13 20:33:41,190 - INFO - StepTTS_Enter VAKVDQVP
2025-04-13 20:33:41,794 - INFO - StepTTS_Exit VAKVDQVP
2025-04-13 20:33:41,795 - INFO - StepTTS_Enter AYFGYGBU
2025-04-13 20:33:42,081 - INFO - StepTTS_Exit AYFGYGBU
2025-04-13 20:33:42,082 - INFO - StepTTS_Enter 892A1U63
2025-04-13 20:33:42,421 - INFO - StepTTS_Exit 892A1U63
2025-04-13 20:33:42,422 - INFO - StepTTS_Enter AY6B5GGH
2025-04-13 20:33:42,709 - INFO - StepTTS_Exit AY6B5GGH
2025-04-13 20:33:42,710 - INFO - StepTTS_Enter 97XI3F0K
2025-04-13 20:33:43,062 - INFO - StepTTS_Exit 97XI3F0K
2025-04-13 20:33:43,062 - INFO - StepTTS_Enter BH8PYR31
2025-04-13 20:33:43,350 - INFO - StepTTS_Exit BH8PYR31
2025-04-13 20:33:43,351 - INFO - StepTTS_Enter RMIDEYH0
2025-04-13 20:33:43,506 - INFO - StepTTS_Exit RMIDEYH0
2025-04-13 20:33:43,507 - INFO - StepTTS_Enter 18A9GVSJ
2025-04-13 20:33:43,736 - INFO - StepTTS_Exit 18A9GVSJ
2025-04-13 20:33:43,737 - INFO - StepTTS_Enter ANQMYA8U
2025-04-13 20:33:44,070 - INFO - StepTTS_Exit ANQMYA8U
2025-04-13 20:33:44,071 - INFO - StepTTS_Enter FCZGJ621
2025-04-13 20:33:44,547 - INFO - StepTTS_Exit FCZGJ621
2025-04-13 20:33:44,548 - INFO - StepTTS_Enter GTAGA2Y0
2025-04-13 20:33:44,805 - INFO - StepTTS_Exit GTAGA2Y0
2025-04-13 20:33:44,806 - INFO - StepTTS_Enter 5FIWKLM1
2025-04-13 20:33:45,231 - INFO - StepTTS_Exit 5FIWKLM1
2025-04-13 20:33:45,232 - INFO - StepTTS_Enter E1UP440H
2025-04-13 20:33:45,504 - INFO - StepTTS_Exit E1UP440H
2025-04-13 20:33:45,505 - INFO - StepTTS_Enter VVJO5OEX
2025-04-13 20:33:45,950 - INFO - StepTTS_Exit VVJO5OEX
2025-04-13 20:33:45,950 - INFO - StepTTS_Enter R9XBRIHT
2025-04-13 20:33:46,125 - INFO - StepTTS_Exit R9XBRIHT
2025-04-13 20:33:46,126 - INFO - StepTTS_Enter 1O2B4IWA
2025-04-13 20:33:46,265 - INFO - StepTTS_Exit 1O2B4IWA
2025-04-13 20:33:46,266 - INFO - StepTTS_Enter M8P7ZEXJ
2025-04-13 20:33:46,450 - INFO - StepTTS_Exit M8P7ZEXJ
2025-04-13 20:33:46,451 - INFO - StepTTS_Enter JWHB7RI2
2025-04-13 20:33:46,682 - INFO - StepTTS_Exit JWHB7RI2
2025-04-13 20:33:46,683 - INFO - StepTTS_Enter MHH2CV2U
2025-04-13 20:33:46,990 - INFO - StepTTS_Exit MHH2CV2U
2025-04-13 20:33:46,991 - INFO - StepTTS_Enter GLRB1E6I
2025-04-13 20:33:47,204 - INFO - StepTTS_Exit GLRB1E6I
2025-04-13 20:33:47,205 - INFO - StepTTS_Enter 7VR2PDGA
2025-04-13 20:33:47,683 - INFO - StepTTS_Exit 7VR2PDGA
2025-04-13 20:33:47,684 - INFO - StepTTS_Enter 9TF8AAAI
2025-04-13 20:33:47,839 - INFO - StepTTS_Exit 9TF8AAAI
2025-04-13 20:33:47,840 - INFO - StepTTS_Enter EUPR2EIK
2025-04-13 20:33:48,045 - INFO - StepTTS_Exit EUPR2EIK
2025-04-13 20:33:48,046 - INFO - StepTTS_Enter MJ1NGOQK
2025-04-13 20:33:48,352 - INFO - StepTTS_Exit MJ1NGOQK
2025-04-13 20:33:48,353 - INFO - StepTTS_Enter PEJXKMTY
2025-04-13 20:33:48,705 - INFO - StepTTS_Exit PEJXKMTY
2025-04-13 20:33:48,706 - INFO - StepTTS_Enter GOD33B9J
2025-04-13 20:33:48,933 - INFO - StepTTS_Exit GOD33B9J
2025-04-13 20:33:48,934 - INFO - StepTTS_Enter W9IFAIZ5
2025-04-13 20:33:49,414 - INFO - StepTTS_Exit W9IFAIZ5
2025-04-13 20:33:49,415 - INFO - StepTTS_Enter UIGKPW0E
2025-04-13 20:33:49,519 - INFO - StepTTS_Exit UIGKPW0E
2025-04-13 20:33:49,520 - INFO - StepTTS_Enter OQ16452T
2025-04-13 20:33:49,868 - INFO - StepTTS_Exit OQ16452T
2025-04-13 20:33:49,869 - INFO - StepTTS_Enter GIJTN5HP
2025-04-13 20:33:50,041 - INFO - StepTTS_Exit GIJTN5HP
2025-04-13 20:33:50,042 - INFO - StepTTS_Enter 7TY94YP8
2025-04-13 20:33:50,313 - INFO - StepTTS_Exit 7TY94YP8
2025-04-13 20:33:50,314 - INFO - StepTTS_Enter 6I3VVOH7
2025-04-13 20:33:50,602 - INFO - StepTTS_Exit 6I3VVOH7
2025-04-13 20:33:50,602 - INFO - StepTTS_Enter JTQ5PHHX
2025-04-13 20:33:50,877 - INFO - StepTTS_Exit JTQ5PHHX
2025-04-13 20:33:50,878 - INFO - StepTTS_Enter 7MDWMTKX
2025-04-13 20:33:51,301 - INFO - StepTTS_Exit 7MDWMTKX
2025-04-13 20:33:51,302 - INFO - StepTTS_Enter A603NVXL
2025-04-13 20:33:51,555 - INFO - StepTTS_Exit A603NVXL
2025-04-13 20:33:51,556 - INFO - StepTTS_Enter 68VNU1VP
2025-04-13 20:33:51,799 - INFO - StepTTS_Exit 68VNU1VP
2025-04-13 20:33:51,800 - INFO - StepTTS_Enter 7GG5NPST
2025-04-13 20:33:52,058 - INFO - StepTTS_Exit 7GG5NPST
2025-04-13 20:33:52,059 - INFO - StepTTS_Enter 3T3FDFDG
2025-04-13 20:33:52,313 - INFO - StepTTS_Exit 3T3FDFDG
2025-04-13 20:33:52,313 - INFO - StepTTS_Enter QX0YJ41P
2025-04-13 20:33:52,593 - INFO - StepTTS_Exit QX0YJ41P
2025-04-13 20:33:52,594 - INFO - StepTTS_Enter 709DGNAD
2025-04-13 20:33:52,979 - INFO - StepTTS_Exit 709DGNAD
2025-04-13 20:33:52,980 - INFO - StepTTS_Enter U50WPORR
2025-04-13 20:33:53,142 - INFO - StepTTS_Exit U50WPORR
2025-04-13 20:33:53,143 - INFO - StepTTS_Enter ULLFLENP
2025-04-13 20:33:53,248 - INFO - StepTTS_Exit ULLFLENP
2025-04-13 20:33:53,249 - INFO - StepTTS_Enter A1P1MYWG
2025-04-13 20:33:53,526 - INFO - StepTTS_Exit A1P1MYWG
2025-04-13 20:33:53,527 - INFO - StepTTS_Enter B5ZA92HL
2025-04-13 20:33:53,629 - INFO - StepTTS_Exit B5ZA92HL
2025-04-13 20:33:53,630 - INFO - StepTTS_Enter QYDNJHJF
2025-04-13 20:33:53,870 - INFO - StepTTS_Exit QYDNJHJF
2025-04-13 20:33:53,871 - INFO - StepTTS_Enter OO9OR2OM
2025-04-13 20:33:54,148 - INFO - StepTTS_Exit OO9OR2OM
2025-04-13 20:33:54,149 - INFO - StepTTS_Enter Z8DPMZGY
2025-04-13 20:33:54,391 - INFO - StepTTS_Exit Z8DPMZGY
2025-04-13 20:33:54,392 - INFO - StepTTS_Enter 1DO1H9G1
2025-04-13 20:33:54,802 - INFO - StepTTS_Exit 1DO1H9G1
2025-04-13 20:33:54,802 - INFO - StepTTS_Enter WMNDQCTB
2025-04-13 20:33:55,032 - INFO - StepTTS_Exit WMNDQCTB
2025-04-13 20:33:55,033 - INFO - StepTTS_Enter FYV8W0L3
2025-04-13 20:33:55,194 - INFO - StepTTS_Exit FYV8W0L3
2025-04-13 20:33:55,195 - INFO - StepTTS_Enter 22C6UCJU
2025-04-13 20:33:55,430 - INFO - StepTTS_Exit 22C6UCJU
2025-04-13 20:33:55,431 - INFO - StepTTS_Enter DUDLOMQ6
2025-04-13 20:33:55,640 - INFO - StepTTS_Exit DUDLOMQ6
2025-04-13 20:33:55,641 - INFO - StepTTS_Enter 7LINGE14
2025-04-13 20:33:55,938 - INFO - StepTTS_Exit 7LINGE14
2025-04-13 20:33:55,939 - INFO - StepTTS_Enter B5B086PA
2025-04-13 20:33:56,118 - INFO - StepTTS_Exit B5B086PA
2025-04-13 20:33:56,119 - INFO - StepTTS_Enter Z9OPTB64
2025-04-13 20:33:56,470 - INFO - StepTTS_Exit Z9OPTB64
2025-04-13 20:33:56,471 - INFO - StepTTS_Enter Z1DL1LTL
2025-04-13 20:33:56,669 - INFO - StepTTS_Exit Z1DL1LTL
2025-04-13 20:33:56,670 - INFO - StepTTS_Enter B78Z2QG7
2025-04-13 20:33:56,869 - INFO - StepTTS_Exit B78Z2QG7
2025-04-13 20:33:56,870 - INFO - StepTTS_Enter YGINLB67
2025-04-13 20:33:57,037 - INFO - StepTTS_Exit YGINLB67
2025-04-13 20:33:57,038 - INFO - StepTTS_Enter EOEPSB1X
2025-04-13 20:33:57,239 - INFO - StepTTS_Exit EOEPSB1X
2025-04-13 20:33:57,240 - INFO - StepTTS_Enter 32A376Q7
2025-04-13 20:33:57,665 - INFO - StepTTS_Exit 32A376Q7
2025-04-13 20:33:57,665 - INFO - StepTTS_Enter US7TUGNG
2025-04-13 20:33:57,890 - INFO - StepTTS_Exit US7TUGNG
2025-04-13 20:33:57,891 - INFO - StepTTS_Enter KJICAX32
2025-04-13 20:33:58,221 - INFO - StepTTS_Exit KJICAX32
2025-04-13 20:33:58,222 - INFO - StepTTS_Enter 04SS781P
2025-04-13 20:33:58,789 - INFO - StepTTS_Exit 04SS781P
2025-04-13 20:33:58,789 - INFO - StepTTS_Enter BTVWT422
2025-04-13 20:33:58,972 - INFO - StepTTS_Exit BTVWT422
2025-04-13 20:33:58,973 - INFO - StepTTS_Enter QHBBWNVH
2025-04-13 20:33:59,544 - INFO - StepTTS_Exit QHBBWNVH
2025-04-13 20:33:59,545 - INFO - StepTTS_Enter MKNQJPFI
2025-04-13 20:33:59,972 - INFO - StepTTS_Exit MKNQJPFI
2025-04-13 20:33:59,973 - INFO - StepTTS_Enter Z2WAB5AS
2025-04-13 20:34:00,205 - INFO - StepTTS_Exit Z2WAB5AS
2025-04-13 20:34:00,206 - INFO - StepTTS_Enter WKENL3HC
2025-04-13 20:34:00,471 - INFO - StepTTS_Exit WKENL3HC
2025-04-13 20:34:00,472 - INFO - StepTTS_Enter PP399QOS
2025-04-13 20:34:00,630 - INFO - StepTTS_Exit PP399QOS
2025-04-13 20:34:00,631 - INFO - StepTTS_Enter 1JD6BSE2
2025-04-13 20:34:00,798 - INFO - StepTTS_Exit 1JD6BSE2
2025-04-13 20:34:00,798 - INFO - StepTTS_Enter DXSO0SMC
2025-04-13 20:34:01,022 - INFO - StepTTS_Exit DXSO0SMC
2025-04-13 20:34:01,022 - INFO - StepTTS_Enter A4832ND5
2025-04-13 20:34:01,246 - INFO - StepTTS_Exit A4832ND5
2025-04-13 20:34:01,247 - INFO - StepTTS_Enter 5A9MWIQI
2025-04-13 20:34:01,421 - INFO - StepTTS_Exit 5A9MWIQI
2025-04-13 20:34:01,421 - INFO - StepTTS_Enter SM0C15O2
2025-04-13 20:34:01,763 - INFO - StepTTS_Exit SM0C15O2
2025-04-13 20:34:01,764 - INFO - StepTTS_Enter 7N8F8SIV
2025-04-13 20:34:02,033 - INFO - StepTTS_Exit 7N8F8SIV
2025-04-13 20:34:02,034 - INFO - StepTTS_Enter PXK3RW1C
2025-04-13 20:34:02,308 - INFO - StepTTS_Exit PXK3RW1C
2025-04-13 20:34:02,308 - INFO - StepTTS_Enter 3RX7JXFV
2025-04-13 20:34:02,433 - INFO - StepTTS_Exit 3RX7JXFV
2025-04-13 20:34:02,434 - INFO - StepTTS_Enter LGRELZFQ
2025-04-13 20:34:02,756 - INFO - StepTTS_Exit LGRELZFQ
2025-04-13 20:34:02,756 - INFO - StepTTS_Enter 8V1Y03BL
2025-04-13 20:34:02,930 - INFO - StepTTS_Exit 8V1Y03BL
2025-04-13 20:34:02,931 - INFO - StepTTS_Enter 0AVGE5E7
2025-04-13 20:34:03,192 - INFO - StepTTS_Exit 0AVGE5E7
2025-04-13 20:34:03,193 - INFO - StepTTS_Enter FZR92INU
2025-04-13 20:34:03,545 - INFO - StepTTS_Exit FZR92INU
2025-04-13 20:34:03,546 - INFO - StepTTS_Enter V6JB4P5Z
2025-04-13 20:34:03,917 - INFO - StepTTS_Exit V6JB4P5Z
2025-04-13 20:34:03,918 - INFO - StepTTS_Enter CRU5BU31
2025-04-13 20:34:04,156 - INFO - StepTTS_Exit CRU5BU31
2025-04-13 20:34:04,157 - INFO - StepTTS_Enter H6PZRHDJ
2025-04-13 20:34:04,429 - INFO - StepTTS_Exit H6PZRHDJ
2025-04-13 20:34:04,430 - INFO - StepTTS_Enter NN1CN7RY
2025-04-13 20:34:04,717 - INFO - StepTTS_Exit NN1CN7RY
2025-04-13 20:34:04,718 - INFO - StepTTS_Enter IYO2A0FJ
2025-04-13 20:34:04,969 - INFO - StepTTS_Exit IYO2A0FJ
2025-04-13 20:34:04,970 - INFO - StepTTS_Enter YHHSYMKA
2025-04-13 20:34:05,206 - INFO - StepTTS_Exit YHHSYMKA
2025-04-13 20:34:05,206 - INFO - StepTTS_Enter FBGYWXGP
2025-04-13 20:34:05,671 - INFO - StepTTS_Exit FBGYWXGP
2025-04-13 20:34:05,671 - INFO - StepTTS_Enter Z80YHHQO
2025-04-13 20:34:05,896 - INFO - StepTTS_Exit Z80YHHQO
2025-04-13 20:34:05,897 - INFO - StepTTS_Enter 0MKNEV8F
2025-04-13 20:34:06,151 - INFO - StepTTS_Exit 0MKNEV8F
2025-04-13 20:34:06,152 - INFO - StepTTS_Enter 7GBIDSEA
2025-04-13 20:34:06,317 - INFO - StepTTS_Exit 7GBIDSEA
2025-04-13 20:34:06,318 - INFO - StepTTS_Enter BQRYS6IV
2025-04-13 20:34:06,501 - INFO - StepTTS_Exit BQRYS6IV
2025-04-13 20:34:06,502 - INFO - StepTTS_Enter 8LZF76ZT
2025-04-13 20:34:06,697 - INFO - StepTTS_Exit 8LZF76ZT
2025-04-13 20:34:06,698 - INFO - StepTTS_Enter C0T4JHCZ
2025-04-13 20:34:06,845 - INFO - StepTTS_Exit C0T4JHCZ
2025-04-13 20:34:06,846 - INFO - StepTTS_Enter 836K5RWR
2025-04-13 20:34:07,363 - INFO - StepTTS_Exit 836K5RWR
2025-04-13 20:34:07,364 - INFO - StepTTS_Enter 9K15U70O
2025-04-13 20:34:07,649 - INFO - StepTTS_Exit 9K15U70O
2025-04-13 20:34:07,650 - INFO - StepTTS_Enter QPY6LS3S
2025-04-13 20:34:08,159 - INFO - StepTTS_Exit QPY6LS3S
2025-04-13 20:34:08,160 - INFO - StepTTS_Enter ZYILJACK
2025-04-13 20:34:08,429 - INFO - StepTTS_Exit ZYILJACK
2025-04-13 20:34:08,430 - INFO - StepTTS_Enter 768HH391
2025-04-13 20:34:08,703 - INFO - StepTTS_Exit 768HH391
2025-04-13 20:34:08,704 - INFO - StepTTS_Enter 7WPCOF7B
2025-04-13 20:34:08,911 - INFO - StepTTS_Exit 7WPCOF7B
2025-04-13 20:34:08,911 - INFO - StepTTS_Enter 47MATIU3
2025-04-13 20:34:09,395 - INFO - StepTTS_Exit 47MATIU3
2025-04-13 20:34:09,396 - INFO - StepTTS_Enter YGMG2VQN
2025-04-13 20:34:09,826 - INFO - StepTTS_Exit YGMG2VQN
2025-04-13 20:34:09,827 - INFO - StepTTS_Enter XHZZ4UT3
2025-04-13 20:34:10,186 - INFO - StepTTS_Exit XHZZ4UT3
2025-04-13 20:34:10,187 - INFO - StepTTS_Enter 3WZG4MF8
2025-04-13 20:34:10,378 - INFO - StepTTS_Exit 3WZG4MF8
2025-04-13 20:34:10,379 - INFO - StepTTS_Enter GE48KNL0
2025-04-13 20:34:10,584 - INFO - StepTTS_Exit GE48KNL0
2025-04-13 20:34:10,585 - INFO - StepTTS_Enter 0BPRR1AT
2025-04-13 20:34:10,769 - INFO - StepTTS_Exit 0BPRR1AT
2025-04-13 20:34:10,770 - INFO - StepTTS_Enter 9V1BNJPL
2025-04-13 20:34:11,380 - INFO - StepTTS_Exit 9V1BNJPL
2025-04-13 20:34:11,381 - INFO - StepTTS_Enter F0CPA50D
2025-04-13 20:34:11,597 - INFO - StepTTS_Exit F0CPA50D
2025-04-13 20:34:11,598 - INFO - StepTTS_Enter KEFQ4HTG
2025-04-13 20:34:11,779 - INFO - StepTTS_Exit KEFQ4HTG
2025-04-13 20:34:11,780 - INFO - StepTTS_Enter 6JKK5SNI
2025-04-13 20:34:11,885 - INFO - StepTTS_Exit 6JKK5SNI
2025-04-13 20:34:11,886 - INFO - StepTTS_Enter 3TDEURAV
2025-04-13 20:34:12,036 - INFO - StepTTS_Exit 3TDEURAV
2025-04-13 20:34:12,037 - INFO - StepTTS_Enter 1P84MXRO
2025-04-13 20:34:12,283 - INFO - StepTTS_Exit 1P84MXRO
2025-04-13 20:34:12,284 - INFO - StepTTS_Enter 8E6FIA09
2025-04-13 20:34:12,544 - INFO - StepTTS_Exit 8E6FIA09
2025-04-13 20:34:12,545 - INFO - StepTTS_Enter 6QFQC5NF
2025-04-13 20:34:12,859 - INFO - StepTTS_Exit 6QFQC5NF
2025-04-13 20:34:12,860 - INFO - StepTTS_Enter X0UG7AJU
2025-04-13 20:34:13,092 - INFO - StepTTS_Exit X0UG7AJU
2025-04-13 20:34:13,093 - INFO - StepTTS_Enter PPGZYSYI
2025-04-13 20:34:13,412 - INFO - StepTTS_Exit PPGZYSYI
2025-04-13 20:34:13,413 - INFO - StepTTS_Enter VXEFNMDU
2025-04-13 20:34:13,678 - INFO - StepTTS_Exit VXEFNMDU
2025-04-13 20:34:13,680 - INFO - StepTTS_Enter TEBVHD73
2025-04-13 20:34:13,910 - INFO - StepTTS_Exit TEBVHD73
2025-04-13 20:34:13,910 - INFO - StepTTS_Enter 0UIJTSYR
2025-04-13 20:34:14,212 - INFO - StepTTS_Exit 0UIJTSYR
2025-04-13 20:34:14,213 - INFO - StepTTS_Enter 2EQDMB4H
2025-04-13 20:34:14,543 - INFO - StepTTS_Exit 2EQDMB4H
2025-04-13 20:34:14,543 - INFO - StepTTS_Enter B2CUXZGV
2025-04-13 20:34:14,753 - INFO - StepTTS_Exit B2CUXZGV
2025-04-13 20:34:14,754 - INFO - StepTTS_Enter H3JZNFJR
2025-04-13 20:34:15,014 - INFO - StepTTS_Exit H3JZNFJR
2025-04-13 20:34:15,015 - INFO - StepTTS_Enter ZISEZ3E9
2025-04-13 20:34:15,189 - INFO - StepTTS_Exit ZISEZ3E9
2025-04-13 20:34:15,189 - INFO - StepTTS_Enter UD41WMP1
2025-04-13 20:34:15,449 - INFO - StepTTS_Exit UD41WMP1
2025-04-13 20:34:15,450 - INFO - StepTTS_Enter R71SCY54
2025-04-13 20:34:15,862 - INFO - StepTTS_Exit R71SCY54
2025-04-13 20:34:15,863 - INFO - StepTTS_Enter OGX9HDO8
2025-04-13 20:34:16,027 - INFO - StepTTS_Exit OGX9HDO8
2025-04-13 20:34:16,028 - INFO - StepTTS_Enter EUZA89GC
2025-04-13 20:34:16,219 - INFO - StepTTS_Exit EUZA89GC
2025-04-13 20:34:16,220 - INFO - StepTTS_Enter CZZLEJLJ
2025-04-13 20:34:16,410 - INFO - StepTTS_Exit CZZLEJLJ
2025-04-13 20:34:16,410 - INFO - StepTTS_Enter M7JT5QXN
2025-04-13 20:34:16,668 - INFO - StepTTS_Exit M7JT5QXN
2025-04-13 20:34:16,669 - INFO - StepTTS_Enter 3NHAC1KI
2025-04-13 20:34:16,885 - INFO - StepTTS_Exit 3NHAC1KI
2025-04-13 20:34:16,886 - INFO - StepTTS_Enter HXX0WMZ9
2025-04-13 20:34:17,077 - INFO - StepTTS_Exit HXX0WMZ9
2025-04-13 20:34:17,078 - INFO - StepTTS_Enter HAH6EZ5L
2025-04-13 20:34:17,528 - INFO - StepTTS_Exit HAH6EZ5L
2025-04-13 20:34:17,530 - INFO - StepTTS_Enter PUX21H1Z
2025-04-13 20:34:17,765 - INFO - StepTTS_Exit PUX21H1Z
2025-04-13 20:34:17,766 - INFO - StepTTS_Enter FQFK12B9
2025-04-13 20:34:18,051 - INFO - StepTTS_Exit FQFK12B9
2025-04-13 20:34:18,052 - INFO - StepTTS_Enter TSTKBE12
2025-04-13 20:34:18,321 - INFO - StepTTS_Exit TSTKBE12
2025-04-13 20:34:18,322 - INFO - StepTTS_Enter UQK487JD
2025-04-13 20:34:18,561 - INFO - StepTTS_Exit UQK487JD
2025-04-13 20:34:18,562 - INFO - StepTTS_Enter DZOQEFDL
2025-04-13 20:34:18,835 - INFO - StepTTS_Exit DZOQEFDL
2025-04-13 20:34:18,836 - INFO - StepTTS_Enter XY3SGV65
2025-04-13 20:34:19,093 - INFO - StepTTS_Exit XY3SGV65
2025-04-13 20:34:19,094 - INFO - StepTTS_Enter LYCPZIIS
2025-04-13 20:34:19,415 - INFO - StepTTS_Exit LYCPZIIS
2025-04-13 20:34:19,416 - INFO - StepTTS_Enter W386U6HV
2025-04-13 20:34:19,588 - INFO - StepTTS_Exit W386U6HV
2025-04-13 20:34:19,589 - INFO - StepTTS_Enter EWS41GVJ
2025-04-13 20:34:19,899 - INFO - StepTTS_Exit EWS41GVJ
2025-04-13 20:34:19,900 - INFO - StepTTS_Enter EG2EJI6E
2025-04-13 20:34:20,079 - INFO - StepTTS_Exit EG2EJI6E
2025-04-13 20:34:20,080 - INFO - StepTTS_Enter 0VYHP0HS
2025-04-13 20:34:20,331 - INFO - StepTTS_Exit 0VYHP0HS
2025-04-13 20:34:20,332 - INFO - StepTTS_Enter Y2UEVL2U
2025-04-13 20:34:20,845 - INFO - StepTTS_Exit Y2UEVL2U
2025-04-13 20:34:20,846 - INFO - StepTTS_Enter ZZ2KFTGO
2025-04-13 20:34:21,269 - INFO - StepTTS_Exit ZZ2KFTGO
2025-04-13 20:34:21,270 - INFO - StepTTS_Enter S550VB3S
2025-04-13 20:34:21,619 - INFO - StepTTS_Exit S550VB3S
2025-04-13 20:34:21,620 - INFO - StepTTS_Enter IH7XFXR5
2025-04-13 20:34:21,808 - INFO - StepTTS_Exit IH7XFXR5
2025-04-13 20:34:21,809 - INFO - StepTTS_Enter WZQAJ8PY
2025-04-13 20:34:22,051 - INFO - StepTTS_Exit WZQAJ8PY
2025-04-13 20:34:22,052 - INFO - StepTTS_Enter I9DZX06D
2025-04-13 20:34:22,325 - INFO - StepTTS_Exit I9DZX06D
2025-04-13 20:34:22,326 - INFO - StepTTS_Enter FDE71H60
2025-04-13 20:34:22,670 - INFO - StepTTS_Exit FDE71H60
2025-04-13 20:34:22,671 - INFO - StepTTS_Enter X04NYMY6
2025-04-13 20:34:22,889 - INFO - StepTTS_Exit X04NYMY6
2025-04-13 20:34:22,889 - INFO - StepTTS_Enter MFJNL6V3
2025-04-13 20:34:23,129 - INFO - StepTTS_Exit MFJNL6V3
2025-04-13 20:34:23,130 - INFO - StepTTS_Enter 1NPXBHVP
2025-04-13 20:34:23,355 - INFO - StepTTS_Exit 1NPXBHVP
2025-04-13 20:34:23,356 - INFO - StepTTS_Enter 8QYP2CZL
2025-04-13 20:34:23,550 - INFO - StepTTS_Exit 8QYP2CZL
2025-04-13 20:34:23,551 - INFO - StepTTS_Enter GPG8IJJO
2025-04-13 20:34:23,721 - INFO - StepTTS_Exit GPG8IJJO
2025-04-13 20:34:23,722 - INFO - StepTTS_Enter 5XSPDLU4
2025-04-13 20:34:23,889 - INFO - StepTTS_Exit 5XSPDLU4
2025-04-13 20:34:23,890 - INFO - StepTTS_Enter JZ1TP68K
2025-04-13 20:34:24,083 - INFO - StepTTS_Exit JZ1TP68K
2025-04-13 20:34:24,084 - INFO - StepTTS_Enter 1AQ24G0H
2025-04-13 20:34:24,207 - INFO - StepTTS_Exit 1AQ24G0H
2025-04-13 20:34:24,208 - INFO - StepTTS_Enter 9CYIRW48
2025-04-13 20:34:24,318 - INFO - StepTTS_Exit 9CYIRW48
2025-04-13 20:34:24,318 - INFO - StepTTS_Enter ZVPZTLEH
2025-04-13 20:34:24,630 - INFO - StepTTS_Exit ZVPZTLEH
2025-04-13 20:34:24,631 - INFO - StepTTS_Enter UL10VICV
2025-04-13 20:34:24,829 - INFO - StepTTS_Exit UL10VICV
2025-04-13 20:34:24,830 - INFO - StepTTS_Enter X2BX0C8X
2025-04-13 20:34:25,048 - INFO - StepTTS_Exit X2BX0C8X
2025-04-13 20:34:25,049 - INFO - StepTTS_Enter V01EOV9A
2025-04-13 20:34:25,302 - INFO - StepTTS_Exit V01EOV9A
2025-04-13 20:34:25,303 - INFO - StepTTS_Enter QAMWD2ED
2025-04-13 20:34:25,624 - INFO - StepTTS_Exit QAMWD2ED
2025-04-13 20:34:25,624 - INFO - StepTTS_Enter HJD83N2V
2025-04-13 20:34:26,030 - INFO - StepTTS_Exit HJD83N2V
2025-04-13 20:34:26,031 - INFO - StepTTS_Enter DPO2TI8R
2025-04-13 20:34:26,220 - INFO - StepTTS_Exit DPO2TI8R
2025-04-13 20:34:26,221 - INFO - StepTTS_Enter N1IH4GAQ
2025-04-13 20:34:26,613 - INFO - StepTTS_Exit N1IH4GAQ
2025-04-13 20:34:26,614 - INFO - StepTTS_Enter X7PUH17F
2025-04-13 20:34:26,834 - INFO - StepTTS_Exit X7PUH17F
2025-04-13 20:34:26,835 - INFO - StepTTS_Enter X7JF6QKA
2025-04-13 20:34:26,939 - INFO - StepTTS_Exit X7JF6QKA
2025-04-13 20:34:26,940 - INFO - StepTTS_Enter U9KIC188
2025-04-13 20:34:27,238 - INFO - StepTTS_Exit U9KIC188
2025-04-13 20:34:27,239 - INFO - StepTTS_Enter FWZGX7LF
2025-04-13 20:34:27,551 - INFO - StepTTS_Exit FWZGX7LF
2025-04-13 20:34:27,551 - INFO - StepTTS_Enter APZXA903
2025-04-13 20:34:27,816 - INFO - StepTTS_Exit APZXA903
2025-04-13 20:34:27,816 - INFO - StepTTS_Enter 14ROL331
2025-04-13 20:34:28,420 - INFO - StepTTS_Exit 14ROL331
2025-04-13 20:34:28,421 - INFO - StepTTS_Enter 8H6IQJFN
2025-04-13 20:34:28,839 - INFO - StepTTS_Exit 8H6IQJFN
2025-04-13 20:34:28,840 - INFO - StepTTS_Enter 827BEWSE
2025-04-13 20:34:29,008 - INFO - StepTTS_Exit 827BEWSE
2025-04-13 20:34:29,008 - INFO - StepTTS_Enter KAHIKLPT
2025-04-13 20:34:29,193 - INFO - StepTTS_Exit KAHIKLPT
2025-04-13 20:34:29,194 - INFO - StepTTS_Enter 7B4H7TT1
2025-04-13 20:34:29,357 - INFO - StepTTS_Exit 7B4H7TT1
2025-04-13 20:34:29,358 - INFO - StepTTS_Enter VDTQZLHJ
2025-04-13 20:34:29,578 - INFO - StepTTS_Exit VDTQZLHJ
2025-04-13 20:34:29,579 - INFO - StepTTS_Enter C8BPJXT3
2025-04-13 20:34:29,983 - INFO - StepTTS_Exit C8BPJXT3
2025-04-13 20:34:29,984 - INFO - StepTTS_Enter WY1U6XQ0
2025-04-13 20:34:30,373 - INFO - StepTTS_Exit WY1U6XQ0
2025-04-13 20:34:30,374 - INFO - StepTTS_Enter VG5S873L
2025-04-13 20:34:30,609 - INFO - StepTTS_Exit VG5S873L
2025-04-13 20:34:30,610 - INFO - StepTTS_Enter 16OU4D31
2025-04-13 20:34:30,807 - INFO - StepTTS_Exit 16OU4D31
2025-04-13 20:34:30,807 - INFO - StepTTS_Enter 9F7XMRO0
2025-04-13 20:34:31,088 - INFO - StepTTS_Exit 9F7XMRO0
2025-04-13 20:34:31,089 - INFO - StepTTS_Enter AUXYIBX2
2025-04-13 20:34:31,225 - INFO - StepTTS_Exit AUXYIBX2
2025-04-13 20:34:31,226 - INFO - StepTTS_Enter 7CJVDG3S
2025-04-13 20:34:31,429 - INFO - StepTTS_Exit 7CJVDG3S
2025-04-13 20:34:31,430 - INFO - StepTTS_Enter 0WCBARAW
2025-04-13 20:34:31,694 - INFO - StepTTS_Exit 0WCBARAW
2025-04-13 20:34:31,695 - INFO - StepTTS_Enter 23H1C385
2025-04-13 20:34:31,972 - INFO - StepTTS_Exit 23H1C385
2025-04-13 20:34:31,973 - INFO - StepTTS_Enter KXYUEZZ9
2025-04-13 20:34:32,189 - INFO - StepTTS_Exit KXYUEZZ9
2025-04-13 20:34:32,190 - INFO - StepTTS_Enter 0BJMJFTT
2025-04-13 20:34:32,445 - INFO - StepTTS_Exit 0BJMJFTT
2025-04-13 20:34:32,446 - INFO - StepTTS_Enter ZTWZIVKL
2025-04-13 20:34:32,741 - INFO - StepTTS_Exit ZTWZIVKL
2025-04-13 20:34:32,742 - INFO - StepTTS_Enter MSUH3JF1
2025-04-13 20:34:33,289 - INFO - StepTTS_Exit MSUH3JF1
2025-04-13 20:34:33,289 - INFO - StepTTS_Enter PEZKSHM2
2025-04-13 20:34:33,819 - INFO - StepTTS_Exit PEZKSHM2
2025-04-13 20:34:33,819 - INFO - StepTTS_Enter 45RYXAK6
2025-04-13 20:34:34,090 - INFO - StepTTS_Exit 45RYXAK6
2025-04-13 20:34:34,091 - INFO - StepTTS_Enter JKBOC38Z
2025-04-13 20:34:34,410 - INFO - StepTTS_Exit JKBOC38Z
2025-04-13 20:34:34,411 - INFO - StepTTS_Enter G7TZCMO5
2025-04-13 20:34:34,659 - INFO - StepTTS_Exit G7TZCMO5
2025-04-13 20:34:34,660 - INFO - StepTTS_Enter 2R969G1Q
2025-04-13 20:34:34,921 - INFO - StepTTS_Exit 2R969G1Q
2025-04-13 20:34:34,921 - INFO - StepTTS_Enter MHGY69IK
2025-04-13 20:34:35,166 - INFO - StepTTS_Exit MHGY69IK
2025-04-13 20:34:35,166 - INFO - StepTTS_Enter 0I9A884Z
2025-04-13 20:34:35,386 - INFO - StepTTS_Exit 0I9A884Z
2025-04-13 20:34:35,387 - INFO - StepTTS_Enter 9PLGZ7R4
2025-04-13 20:34:35,630 - INFO - StepTTS_Exit 9PLGZ7R4
2025-04-13 20:34:35,630 - INFO - StepTTS_Enter HP3AAZWG
2025-04-13 20:34:35,966 - INFO - StepTTS_Exit HP3AAZWG
2025-04-13 20:34:35,967 - INFO - StepTTS_Enter REM1A7RX
2025-04-13 20:34:36,272 - INFO - StepTTS_Exit REM1A7RX
2025-04-13 20:34:36,273 - INFO - StepTTS_Enter TJVZKKWL
2025-04-13 20:34:36,566 - INFO - StepTTS_Exit TJVZKKWL
2025-04-13 20:34:36,567 - INFO - StepTTS_Enter K2QYMRK3
2025-04-13 20:34:36,871 - INFO - StepTTS_Exit K2QYMRK3
2025-04-13 20:34:36,872 - INFO - StepTTS_Enter 4IMTGCWN
2025-04-13 20:34:37,155 - INFO - StepTTS_Exit 4IMTGCWN
2025-04-13 20:34:37,156 - INFO - StepTTS_Enter 9F37JUZG
2025-04-13 20:34:37,315 - INFO - StepTTS_Exit 9F37JUZG
2025-04-13 20:34:37,316 - INFO - StepTTS_Enter SS84E5WY
2025-04-13 20:34:37,655 - INFO - StepTTS_Exit SS84E5WY
2025-04-13 20:34:37,656 - INFO - StepTTS_Enter H9VIFLFI
2025-04-13 20:34:37,872 - INFO - StepTTS_Exit H9VIFLFI
2025-04-13 20:34:37,873 - INFO - StepTTS_Enter I2HMZMOQ
2025-04-13 20:34:38,102 - INFO - StepTTS_Exit I2HMZMOQ
2025-04-13 20:34:38,103 - INFO - StepTTS_Enter 51BEDZK0
2025-04-13 20:34:38,403 - INFO - StepTTS_Exit 51BEDZK0
2025-04-13 20:34:38,404 - INFO - StepTTS_Enter IVCLUV48
2025-04-13 20:34:38,563 - INFO - StepTTS_Exit IVCLUV48
2025-04-13 20:34:38,564 - INFO - StepTTS_Enter 57040L7Z
2025-04-13 20:34:39,029 - INFO - StepTTS_Exit 57040L7Z
2025-04-13 20:34:39,030 - INFO - StepTTS_Enter 7TSMZ8NV
2025-04-13 20:34:39,177 - INFO - StepTTS_Exit 7TSMZ8NV
2025-04-13 20:34:39,178 - INFO - StepTTS_Enter 83D0C33C
2025-04-13 20:34:39,420 - INFO - StepTTS_Exit 83D0C33C
2025-04-13 20:34:39,421 - INFO - StepTTS_Enter 0FQX9K8Z
2025-04-13 20:34:39,698 - INFO - StepTTS_Exit 0FQX9K8Z
2025-04-13 20:34:39,699 - INFO - StepTTS_Enter JK6222M6
2025-04-13 20:34:39,946 - INFO - StepTTS_Exit JK6222M6
2025-04-13 20:34:39,946 - INFO - StepTTS_Enter JGS21I7W
2025-04-13 20:34:40,234 - INFO - StepTTS_Exit JGS21I7W
2025-04-13 20:34:40,236 - INFO - StepTTS_Enter JLWB405K
2025-04-13 20:34:40,788 - INFO - StepTTS_Exit JLWB405K
2025-04-13 20:34:40,789 - INFO - StepTTS_Enter TTSHOR64
2025-04-13 20:34:41,101 - INFO - StepTTS_Exit TTSHOR64
2025-04-13 20:34:41,102 - INFO - StepTTS_Enter Q6DGO34J
2025-04-13 20:34:41,349 - INFO - StepTTS_Exit Q6DGO34J
2025-04-13 20:34:41,350 - INFO - StepTTS_Enter C520PCIJ
2025-04-13 20:34:41,528 - INFO - StepTTS_Exit C520PCIJ
2025-04-13 20:34:41,529 - INFO - StepTTS_Enter 9AQT0R5O
2025-04-13 20:34:41,750 - INFO - StepTTS_Exit 9AQT0R5O
2025-04-13 20:34:41,750 - INFO - StepTTS_Enter R6RLCY3J
2025-04-13 20:34:41,983 - INFO - StepTTS_Exit R6RLCY3J
2025-04-13 20:34:41,984 - INFO - StepTTS_Enter JWU3S8N3
2025-04-13 20:34:42,245 - INFO - StepTTS_Exit JWU3S8N3
2025-04-13 20:34:42,246 - INFO - StepTTS_Enter 25FMO51P
2025-04-13 20:34:42,726 - INFO - StepTTS_Exit 25FMO51P
2025-04-13 20:34:42,727 - INFO - StepTTS_Enter 17IUXMPH
2025-04-13 20:34:42,964 - INFO - StepTTS_Exit 17IUXMPH
2025-04-13 20:34:42,964 - INFO - StepTTS_Enter BOEZJU9D
2025-04-13 20:34:43,106 - INFO - StepTTS_Exit BOEZJU9D
2025-04-13 20:34:43,107 - INFO - StepTTS_Enter KST2UIGC
2025-04-13 20:34:43,234 - INFO - StepTTS_Exit KST2UIGC
2025-04-13 20:34:43,234 - INFO - StepTTS_Enter S1FJ8Z31
2025-04-13 20:34:43,458 - INFO - StepTTS_Exit S1FJ8Z31
2025-04-13 20:34:43,459 - INFO - StepTTS_Enter 85HHKTHM
2025-04-13 20:34:43,949 - INFO - StepTTS_Exit 85HHKTHM
2025-04-13 20:34:43,949 - INFO - StepTTS_Enter S8YQVCGT
2025-04-13 20:34:44,295 - INFO - StepTTS_Exit S8YQVCGT
2025-04-13 20:34:44,296 - INFO - StepTTS_Enter O51QPIYG
2025-04-13 20:34:44,558 - INFO - StepTTS_Exit O51QPIYG
2025-04-13 20:34:44,559 - INFO - StepTTS_Enter DWAF5U47
2025-04-13 20:34:44,777 - INFO - StepTTS_Exit DWAF5U47
2025-04-13 20:34:44,778 - INFO - StepTTS_Enter SUL59E9I
2025-04-13 20:34:44,955 - INFO - StepTTS_Exit SUL59E9I
2025-04-13 20:34:44,956 - INFO - StepTTS_Enter IG1X3W9N
2025-04-13 20:34:45,197 - INFO - StepTTS_Exit IG1X3W9N
2025-04-13 20:34:45,198 - INFO - StepTTS_Enter ZQRRLEX2
2025-04-13 20:34:45,453 - INFO - StepTTS_Exit ZQRRLEX2
2025-04-13 20:34:45,454 - INFO - StepTTS_Enter 06AGE2AA
2025-04-13 20:34:45,665 - INFO - StepTTS_Exit 06AGE2AA
2025-04-13 20:34:45,665 - INFO - StepTTS_Enter 76DMZD2B
2025-04-13 20:34:46,002 - INFO - StepTTS_Exit 76DMZD2B
2025-04-13 20:34:46,003 - INFO - StepTTS_Enter 8LYL4AGA
2025-04-13 20:34:46,339 - INFO - StepTTS_Exit 8LYL4AGA
2025-04-13 20:34:46,340 - INFO - StepTTS_Enter EASNC48F
2025-04-13 20:34:46,634 - INFO - StepTTS_Exit EASNC48F
2025-04-13 20:34:46,635 - INFO - StepTTS_Enter 1NVR8YRB
2025-04-13 20:34:46,940 - INFO - StepTTS_Exit 1NVR8YRB
2025-04-13 20:34:46,941 - INFO - StepTTS_Enter RM1D88ZK
2025-04-13 20:34:47,113 - INFO - StepTTS_Exit RM1D88ZK
2025-04-13 20:34:47,114 - INFO - StepTTS_Enter OH6C3NSG
2025-04-13 20:34:47,440 - INFO - StepTTS_Exit OH6C3NSG
2025-04-13 20:34:47,441 - INFO - StepTTS_Enter HIUS9BFB
2025-04-13 20:34:47,637 - INFO - StepTTS_Exit HIUS9BFB
2025-04-13 20:34:47,638 - INFO - StepTTS_Enter 3860RDK1
2025-04-13 20:34:47,855 - INFO - StepTTS_Exit 3860RDK1
2025-04-13 20:34:47,856 - INFO - StepTTS_Enter CV2CBPB3
2025-04-13 20:34:48,272 - INFO - StepTTS_Exit CV2CBPB3
2025-04-13 20:34:48,273 - INFO - StepTTS_Enter 1P63TXN4
2025-04-13 20:34:48,628 - INFO - StepTTS_Exit 1P63TXN4
2025-04-13 20:34:48,629 - INFO - StepTTS_Enter B85U54RG
2025-04-13 20:34:48,922 - INFO - StepTTS_Exit B85U54RG
2025-04-13 20:34:48,923 - INFO - StepTTS_Enter RWI9RPA0
2025-04-13 20:34:49,177 - INFO - StepTTS_Exit RWI9RPA0
2025-04-13 20:34:49,178 - INFO - StepTTS_Enter 111X1WMN
2025-04-13 20:34:49,474 - INFO - StepTTS_Exit 111X1WMN
2025-04-13 20:34:49,475 - INFO - StepTTS_Enter 1KDO5ZNJ
2025-04-13 20:34:49,722 - INFO - StepTTS_Exit 1KDO5ZNJ
2025-04-13 20:34:49,723 - INFO - StepTTS_Enter A8W75OSL
2025-04-13 20:34:50,180 - INFO - StepTTS_Exit A8W75OSL
2025-04-13 20:34:50,181 - INFO - StepTTS_Enter 78OAN11F
2025-04-13 20:34:50,601 - INFO - StepTTS_Exit 78OAN11F
2025-04-13 20:34:50,602 - INFO - StepTTS_Enter D24NFJAS
2025-04-13 20:34:50,845 - INFO - StepTTS_Exit D24NFJAS
2025-04-13 20:34:50,846 - INFO - StepTTS_Enter 9CCKUK90
2025-04-13 20:34:51,015 - INFO - StepTTS_Exit 9CCKUK90
2025-04-13 20:34:51,016 - INFO - StepTTS_Enter SYXZ5TVF
2025-04-13 20:34:51,263 - INFO - StepTTS_Exit SYXZ5TVF
2025-04-13 20:34:51,264 - INFO - StepTTS_Enter UAZBXYH1
2025-04-13 20:34:51,435 - INFO - StepTTS_Exit UAZBXYH1
2025-04-13 20:34:51,436 - INFO - StepTTS_Enter W5P4LPD7
2025-04-13 20:34:51,674 - INFO - StepTTS_Exit W5P4LPD7
2025-04-13 20:34:51,675 - INFO - StepTTS_Enter BI4JFRXM
2025-04-13 20:34:51,928 - INFO - StepTTS_Exit BI4JFRXM
2025-04-13 20:34:51,929 - INFO - StepTTS_Enter 5VBEOW6E
2025-04-13 20:34:52,095 - INFO - StepTTS_Exit 5VBEOW6E
2025-04-13 20:34:52,095 - INFO - StepTTS_Enter IXM0LZVE
2025-04-13 20:34:52,377 - INFO - StepTTS_Exit IXM0LZVE
2025-04-13 20:34:52,378 - INFO - StepTTS_Enter RWAABAMU
2025-04-13 20:34:52,728 - INFO - StepTTS_Exit RWAABAMU
2025-04-13 20:34:52,729 - INFO - StepTTS_Enter QCXNNXVL
2025-04-13 20:34:53,105 - INFO - StepTTS_Exit QCXNNXVL
2025-04-13 20:34:53,106 - INFO - StepTTS_Enter 76S12JPW
2025-04-13 20:34:53,442 - INFO - StepTTS_Exit 76S12JPW
2025-04-13 20:34:53,443 - INFO - StepTTS_Enter U4BGHSQY
2025-04-13 20:34:53,795 - INFO - StepTTS_Exit U4BGHSQY
2025-04-13 20:34:53,796 - INFO - StepTTS_Enter VNY56QZ8
2025-04-13 20:34:54,247 - INFO - StepTTS_Exit VNY56QZ8
2025-04-13 20:34:54,248 - INFO - StepTTS_Enter BKDW5MMZ
2025-04-13 20:34:54,489 - INFO - StepTTS_Exit BKDW5MMZ
2025-04-13 20:34:54,490 - INFO - StepTTS_Enter XPWOL0Z3
2025-04-13 20:34:54,656 - INFO - StepTTS_Exit XPWOL0Z3
2025-04-13 20:34:54,657 - INFO - StepTTS_Enter 2A5FB5B6
2025-04-13 20:34:54,936 - INFO - StepTTS_Exit 2A5FB5B6
2025-04-13 20:34:54,937 - INFO - StepTTS_Enter ANAGJXSA
2025-04-13 20:34:55,139 - INFO - StepTTS_Exit ANAGJXSA
2025-04-13 20:34:55,140 - INFO - StepTTS_Enter MQJWVUHU
2025-04-13 20:34:55,243 - INFO - StepTTS_Exit MQJWVUHU
2025-04-13 20:34:55,244 - INFO - StepTTS_Enter YT836QCW
2025-04-13 20:34:55,617 - INFO - StepTTS_Exit YT836QCW
2025-04-13 20:34:55,618 - INFO - StepTTS_Enter JKQB6UO4
2025-04-13 20:34:55,844 - INFO - StepTTS_Exit JKQB6UO4
2025-04-13 20:34:55,845 - INFO - StepTTS_Enter 2DQIFHW1
2025-04-13 20:34:56,131 - INFO - StepTTS_Exit 2DQIFHW1
2025-04-13 20:34:56,132 - INFO - StepTTS_Enter 6L6BVQHY
2025-04-13 20:34:56,396 - INFO - StepTTS_Exit 6L6BVQHY
2025-04-13 20:34:56,397 - INFO - StepTTS_Enter J2S9QVCY
2025-04-13 20:34:56,630 - INFO - StepTTS_Exit J2S9QVCY
2025-04-13 20:34:56,631 - INFO - StepTTS_Enter HNBFKAH4
2025-04-13 20:34:56,879 - INFO - StepTTS_Exit HNBFKAH4
2025-04-13 20:34:56,879 - INFO - StepTTS_Enter P32ZHHY2
2025-04-13 20:34:57,091 - INFO - StepTTS_Exit P32ZHHY2
2025-04-13 20:34:57,092 - INFO - StepTTS_Enter 3DXSYWHP
2025-04-13 20:34:57,299 - INFO - StepTTS_Exit 3DXSYWHP
2025-04-13 20:34:57,300 - INFO - StepTTS_Enter T1WKBABK
2025-04-13 20:34:57,493 - INFO - StepTTS_Exit T1WKBABK
2025-04-13 20:34:57,494 - INFO - StepTTS_Enter DTFO6VHT
2025-04-13 20:34:57,730 - INFO - StepTTS_Exit DTFO6VHT
2025-04-13 20:34:57,731 - INFO - StepTTS_Enter CLPC31K7
2025-04-13 20:34:58,232 - INFO - StepTTS_Exit CLPC31K7
2025-04-13 20:34:58,233 - INFO - StepTTS_Enter RDJZK97C
2025-04-13 20:34:58,511 - INFO - StepTTS_Exit RDJZK97C
2025-04-13 20:34:58,512 - INFO - StepTTS_Enter FUQCP2HD
2025-04-13 20:34:58,921 - INFO - StepTTS_Exit FUQCP2HD
2025-04-13 20:34:58,922 - INFO - StepTTS_Enter EJBBBRLX
2025-04-13 20:34:59,297 - INFO - StepTTS_Exit EJBBBRLX
2025-04-13 20:34:59,298 - INFO - StepTTS_Enter NN4T3HQ7
2025-04-13 20:34:59,551 - INFO - StepTTS_Exit NN4T3HQ7
2025-04-13 20:34:59,552 - INFO - StepTTS_Enter KEA1L188
2025-04-13 20:34:59,834 - INFO - StepTTS_Exit KEA1L188
2025-04-13 20:34:59,835 - INFO - StepTTS_Enter SJ3LU5HU
2025-04-13 20:35:00,278 - INFO - StepTTS_Exit SJ3LU5HU
2025-04-13 20:35:00,278 - INFO - StepTTS_Enter 3Y8W69RK
2025-04-13 20:35:00,554 - INFO - StepTTS_Exit 3Y8W69RK
2025-04-13 20:35:00,555 - INFO - StepTTS_Enter M9J83Y7E
2025-04-13 20:35:00,906 - INFO - StepTTS_Exit M9J83Y7E
2025-04-13 20:35:00,907 - INFO - StepTTS_Enter WN4CQXFJ
2025-04-13 20:35:01,215 - INFO - StepTTS_Exit WN4CQXFJ
2025-04-13 20:35:01,216 - INFO - StepTTS_Enter 7M18C5G7
2025-04-13 20:35:01,495 - INFO - StepTTS_Exit 7M18C5G7
2025-04-13 20:35:01,496 - INFO - StepTTS_Enter ITJGNYBG
2025-04-13 20:35:01,664 - INFO - StepTTS_Exit ITJGNYBG
2025-04-13 20:35:01,664 - INFO - StepTTS_Enter OC2AWOU9
2025-04-13 20:35:01,995 - INFO - StepTTS_Exit OC2AWOU9
2025-04-13 20:35:01,996 - INFO - StepTTS_Enter 1RPB3N09
2025-04-13 20:35:02,311 - INFO - StepTTS_Exit 1RPB3N09
2025-04-13 20:35:02,312 - INFO - StepTTS_Enter 92CIJO2J
2025-04-13 20:35:02,446 - INFO - StepTTS_Exit 92CIJO2J
2025-04-13 20:35:02,447 - INFO - StepTTS_Enter TMR4X71Z
2025-04-13 20:35:02,639 - INFO - StepTTS_Exit TMR4X71Z
2025-04-13 20:35:02,640 - INFO - StepTTS_Enter FS1DQP6Y
2025-04-13 20:35:02,943 - INFO - StepTTS_Exit FS1DQP6Y
2025-04-13 20:35:02,944 - INFO - StepTTS_Enter 33EM7I4J
2025-04-13 20:35:03,082 - INFO - StepTTS_Exit 33EM7I4J
2025-04-13 20:35:03,083 - INFO - StepTTS_Enter FWP29Q9G
2025-04-13 20:35:03,454 - INFO - StepTTS_Exit FWP29Q9G
2025-04-13 20:35:03,455 - INFO - StepTTS_Enter 2FYV999B
2025-04-13 20:35:03,581 - INFO - StepTTS_Exit 2FYV999B
2025-04-13 20:35:03,582 - INFO - StepTTS_Enter 8GR7PKD4
2025-04-13 20:35:03,816 - INFO - StepTTS_Exit 8GR7PKD4
2025-04-13 20:35:03,817 - INFO - StepTTS_Enter HOEAPBJO
2025-04-13 20:35:04,048 - INFO - StepTTS_Exit HOEAPBJO
2025-04-13 20:35:04,049 - INFO - StepTTS_Enter DM7H7CMR
2025-04-13 20:35:04,172 - INFO - StepTTS_Exit DM7H7CMR
2025-04-13 20:35:04,173 - INFO - StepTTS_Enter ES4SC8VN
2025-04-13 20:35:04,289 - INFO - StepTTS_Exit ES4SC8VN
2025-04-13 20:35:04,290 - INFO - StepTTS_Enter WHB32T9S
2025-04-13 20:35:04,550 - INFO - StepTTS_Exit WHB32T9S
2025-04-13 20:35:04,551 - INFO - StepTTS_Enter GIF0WIUR
2025-04-13 20:35:04,831 - INFO - StepTTS_Exit GIF0WIUR
2025-04-13 20:35:04,833 - INFO - StepTTS_Enter P1ITX2VA
2025-04-13 20:35:05,117 - INFO - StepTTS_Exit P1ITX2VA
2025-04-13 20:35:05,118 - INFO - StepTTS_Enter XAWUT26N
2025-04-13 20:35:05,362 - INFO - StepTTS_Exit XAWUT26N
2025-04-13 20:35:05,363 - INFO - StepTTS_Enter UXO6WP3B
2025-04-13 20:35:05,964 - INFO - StepTTS_Exit UXO6WP3B
2025-04-13 20:35:05,965 - INFO - StepTTS_Enter BVV2V0LH
2025-04-13 20:35:06,122 - INFO - StepTTS_Exit BVV2V0LH
2025-04-13 20:35:06,122 - INFO - StepTTS_Enter 04K998MJ
2025-04-13 20:35:06,532 - INFO - StepTTS_Exit 04K998MJ
2025-04-13 20:35:06,533 - INFO - StepTTS_Enter 3ZJRPUE4
2025-04-13 20:35:06,789 - INFO - StepTTS_Exit 3ZJRPUE4
2025-04-13 20:35:06,790 - INFO - StepTTS_Enter 0L85PCPM
2025-04-13 20:35:07,060 - INFO - StepTTS_Exit 0L85PCPM
2025-04-13 20:35:07,061 - INFO - StepTTS_Enter K7D3KL8E
2025-04-13 20:35:07,467 - INFO - StepTTS_Exit K7D3KL8E
2025-04-13 20:35:07,468 - INFO - StepTTS_Enter OQ51MJEO
2025-04-13 20:35:07,685 - INFO - StepTTS_Exit OQ51MJEO
2025-04-13 20:35:07,686 - INFO - StepTTS_Enter 91N00IFY
2025-04-13 20:35:07,846 - INFO - StepTTS_Exit 91N00IFY
2025-04-13 20:35:07,847 - INFO - StepTTS_Enter 63VDKKY3
2025-04-13 20:35:08,050 - INFO - StepTTS_Exit 63VDKKY3
2025-04-13 20:35:08,051 - INFO - StepTTS_Enter CN6ZVKR6
2025-04-13 20:35:08,281 - INFO - StepTTS_Exit CN6ZVKR6
2025-04-13 20:35:08,282 - INFO - StepTTS_Enter M0N43NAI
2025-04-13 20:35:08,529 - INFO - StepTTS_Exit M0N43NAI
2025-04-13 20:35:08,530 - INFO - StepTTS_Enter ENCNGSKH
2025-04-13 20:35:08,635 - INFO - StepTTS_Exit ENCNGSKH
2025-04-13 20:35:08,636 - INFO - StepTTS_Enter 6LVVH34M
2025-04-13 20:35:08,824 - INFO - StepTTS_Exit 6LVVH34M
2025-04-13 20:35:08,825 - INFO - StepTTS_Enter F0JTGF8Q
2025-04-13 20:35:09,205 - INFO - StepTTS_Exit F0JTGF8Q
2025-04-13 20:35:09,205 - INFO - StepTTS_Enter BNUBUNCJ
2025-04-13 20:35:09,415 - INFO - StepTTS_Exit BNUBUNCJ
2025-04-13 20:35:09,416 - INFO - StepTTS_Enter Q86SBATM
2025-04-13 20:35:09,574 - INFO - StepTTS_Exit Q86SBATM
2025-04-13 20:35:09,575 - INFO - StepTTS_Enter 90NOBAJS
2025-04-13 20:35:09,803 - INFO - StepTTS_Exit 90NOBAJS
2025-04-13 20:35:09,912 - INFO - StepTTS_Enter GD85X1QS
2025-04-13 20:35:10,069 - INFO - StepTTS_Exit GD85X1QS
