2025-04-12 19:24:51,178 - INFO - StepAudio_Enter 52NBXBUR
2025-04-12 19:24:51,253 - INFO - StepAudio_Exit 52NBXBUR
2025-04-12 19:24:51,292 - INFO - StepAudio_Enter UTQTGGS5
2025-04-12 19:24:51,371 - INFO - StepAudio_Exit UTQTGGS5
2025-04-12 19:24:51,372 - INFO - StepAudio_Enter C2LL9FCR
StepAudio_Enter P56KYJK1
2025-04-12 19:24:51,474 - INFO - StepAudio_Exit C2LL9FCR
StepAudio_Exit P56KYJK1
2025-04-12 19:24:51,475 - INFO - StepAudio_Enter R2YNUZCT
2025-04-12 19:24:51,552 - INFO - StepAudio_Exit R2YNUZCT
2025-04-12 19:24:51,553 - INFO - StepAudio_Enter M8ZPXUPC
2025-04-12 19:24:51,630 - INFO - StepAudio_Exit M8ZPXUPC
2025-04-12 19:24:51,631 - INFO - StepAudio_Enter GY2M36FZ
2025-04-12 19:24:51,706 - INFO - StepAudio_Exit GY2M36FZ
2025-04-12 19:24:51,707 - INFO - StepAudio_Enter BO4TVEU5
2025-04-12 19:24:51,783 - INFO - StepAudio_Exit BO4TVEU5
2025-04-12 19:24:51,784 - INFO - StepAudio_Enter CKXLQ70Q
StepAudio_Enter ZC7G56MU
2025-04-12 19:24:51,866 - INFO - StepAudio_Exit CKXLQ70Q
StepAudio_Exit ZC7G56MU
2025-04-12 19:24:51,884 - INFO - StepAudio_Enter XCBPCGR9
2025-04-12 19:24:51,961 - INFO - StepAudio_Exit XCBPCGR9
2025-04-12 19:24:51,962 - INFO - StepAudio_Enter OX0I63PC
2025-04-12 19:24:52,039 - INFO - StepAudio_Exit OX0I63PC
2025-04-12 19:24:52,039 - INFO - StepAudio_Enter FKB42L3O
2025-04-12 19:24:52,111 - INFO - StepAudio_Exit FKB42L3O
2025-04-12 19:24:52,112 - INFO - StepAudio_Enter MPX0T2WR
2025-04-12 19:24:52,187 - INFO - StepAudio_Exit MPX0T2WR
2025-04-12 19:24:52,188 - INFO - StepAudio_Enter FSFQC3MT
2025-04-12 19:24:52,266 - INFO - StepAudio_Exit FSFQC3MT
2025-04-12 19:24:52,267 - INFO - StepAudio_Enter 2BCLCNW1
2025-04-12 19:24:52,339 - INFO - StepAudio_Exit 2BCLCNW1
2025-04-12 19:24:52,340 - INFO - StepAudio_Enter YVYMQCEV
2025-04-12 19:24:52,413 - INFO - StepAudio_Exit YVYMQCEV
2025-04-12 19:24:52,414 - INFO - StepAudio_Enter Z93KUGR3
2025-04-12 19:24:52,489 - INFO - StepAudio_Exit Z93KUGR3
2025-04-12 19:24:52,490 - INFO - StepAudio_Enter U7O08XN0
2025-04-12 19:24:52,564 - INFO - StepAudio_Exit U7O08XN0
2025-04-12 19:24:52,565 - INFO - StepAudio_Enter B33QL4QU
2025-04-12 19:24:52,638 - INFO - StepAudio_Exit B33QL4QU
2025-04-12 19:24:52,639 - INFO - StepAudio_Enter F0LMMGY4
2025-04-12 19:24:52,715 - INFO - StepAudio_Exit F0LMMGY4
2025-04-12 19:24:52,716 - INFO - StepAudio_Enter CTAWRLPY
2025-04-12 19:24:52,793 - INFO - StepAudio_Exit CTAWRLPY
2025-04-12 19:24:52,795 - INFO - StepAudio_Enter ZEI6IEGK
StepAudio_Enter DC2AH3BM
2025-04-12 19:24:52,880 - INFO - StepAudio_Exit ZEI6IEGK
StepAudio_Exit DC2AH3BM
2025-04-12 19:24:52,881 - INFO - StepAudio_Enter 13B8PXCK
2025-04-12 19:24:52,969 - INFO - StepAudio_Exit 13B8PXCK
2025-04-12 19:24:52,970 - INFO - StepAudio_Enter NJJLJEJV
2025-04-12 19:24:53,056 - INFO - StepAudio_Exit NJJLJEJV
2025-04-12 19:24:53,057 - INFO - StepAudio_Enter SAJFJXGJ
2025-04-12 19:24:53,142 - INFO - StepAudio_Exit SAJFJXGJ
2025-04-12 19:24:53,143 - INFO - StepAudio_Enter 5IIFQVDG
2025-04-12 19:24:53,220 - INFO - StepAudio_Exit 5IIFQVDG
2025-04-12 19:24:54,061 - INFO - StepAudio_Enter GOA0R161
2025-04-12 19:24:54,135 - INFO - StepAudio_Exit GOA0R161
2025-04-12 19:24:54,137 - INFO - StepAudio_Enter WETTHAJJ
2025-04-12 19:24:54,214 - INFO - StepAudio_Exit WETTHAJJ
2025-04-12 19:24:54,215 - INFO - StepAudio_Enter Y729N5NT
StepAudio_Enter DCWAV5MB
2025-04-12 19:24:54,304 - INFO - StepAudio_Exit Y729N5NT
StepAudio_Exit DCWAV5MB
2025-04-12 19:24:54,305 - INFO - StepAudio_Enter M99O4DKZ
2025-04-12 19:24:54,380 - INFO - StepAudio_Exit M99O4DKZ
2025-04-12 19:24:54,380 - INFO - StepAudio_Enter KN0RZKCV
2025-04-12 19:24:54,455 - INFO - StepAudio_Exit KN0RZKCV
2025-04-12 19:24:54,460 - INFO - StepAudio_Enter ROOC03C2
2025-04-12 19:24:54,542 - INFO - StepAudio_Exit ROOC03C2
2025-04-12 19:24:54,543 - INFO - StepAudio_Enter X0TPH874
2025-04-12 19:24:54,623 - INFO - StepAudio_Exit X0TPH874
2025-04-12 19:24:54,624 - INFO - StepAudio_Enter 257BTPX3
StepAudio_Enter EUYXG7E2
2025-04-12 19:24:54,709 - INFO - StepAudio_Exit 257BTPX3
StepAudio_Exit EUYXG7E2
2025-04-12 19:24:54,710 - INFO - StepAudio_Enter KE2ON419
2025-04-12 19:24:54,787 - INFO - StepAudio_Exit KE2ON419
2025-04-12 19:24:54,788 - INFO - StepAudio_Enter CHX06Q24
2025-04-12 19:24:54,862 - INFO - StepAudio_Exit CHX06Q24
2025-04-12 19:24:54,863 - INFO - StepAudio_Enter ETN10VJL
2025-04-12 19:24:54,940 - INFO - StepAudio_Exit ETN10VJL
2025-04-12 19:24:54,941 - INFO - StepAudio_Enter YUM30D5A
2025-04-12 19:24:55,017 - INFO - StepAudio_Exit YUM30D5A
2025-04-12 19:24:55,018 - INFO - StepAudio_Enter IZ9ESXNZ
2025-04-12 19:24:55,095 - INFO - StepAudio_Exit IZ9ESXNZ
2025-04-12 19:24:55,096 - INFO - StepAudio_Enter ZRRVWT9D
2025-04-12 19:24:55,171 - INFO - StepAudio_Exit ZRRVWT9D
2025-04-12 19:24:55,172 - INFO - StepAudio_Enter VX1MF3T6
2025-04-12 19:24:55,251 - INFO - StepAudio_Exit VX1MF3T6
2025-04-12 19:24:55,252 - INFO - StepAudio_Enter HEZPZL66
2025-04-12 19:24:55,331 - INFO - StepAudio_Exit HEZPZL66
2025-04-12 19:24:55,332 - INFO - StepAudio_Enter VLJM8W7O
2025-04-12 19:24:55,789 - INFO - StepAudio_Exit VLJM8W7O
2025-04-12 19:24:55,790 - INFO - StepAudio_Enter POD6J593
StepAudio_Enter 69OSTD0N
StepAudio_Enter 95F1NIJO
StepAudio_Enter 2GDB4V1B
StepAudio_Enter 1X1EPTMD
StepAudio_Enter CLETR1EG
2025-04-12 19:24:55,911 - INFO - StepAudio_Exit POD6J593
StepAudio_Exit 69OSTD0N
StepAudio_Exit 95F1NIJO
StepAudio_Exit 2GDB4V1B
StepAudio_Exit 1X1EPTMD
StepAudio_Exit CLETR1EG
2025-04-12 19:24:55,913 - INFO - StepAudio_Enter JA4PD23I
StepAudio_Enter PGHMHSOX
2025-04-12 19:24:56,001 - INFO - StepAudio_Exit JA4PD23I
StepAudio_Exit PGHMHSOX
2025-04-12 19:24:56,002 - INFO - StepAudio_Enter V8E3S769
StepAudio_Enter U8XSVD53
2025-04-12 19:24:56,090 - INFO - StepAudio_Exit V8E3S769
StepAudio_Exit U8XSVD53
2025-04-12 19:24:56,091 - INFO - StepAudio_Enter 5FMFBH0G
2025-04-12 19:24:56,170 - INFO - StepAudio_Exit 5FMFBH0G
2025-04-12 19:24:56,171 - INFO - StepAudio_Enter G4BVHL2N
2025-04-12 19:24:56,256 - INFO - StepAudio_Exit G4BVHL2N
2025-04-12 19:24:56,257 - INFO - StepAudio_Enter TALOBAQ7
2025-04-12 19:24:56,334 - INFO - StepAudio_Exit TALOBAQ7
2025-04-12 19:24:56,335 - INFO - StepAudio_Enter ZECO4VZ7
2025-04-12 19:24:56,411 - INFO - StepAudio_Exit ZECO4VZ7
2025-04-12 19:24:56,412 - INFO - StepAudio_Enter C6AXQLT0
2025-04-12 19:24:56,487 - INFO - StepAudio_Exit C6AXQLT0
2025-04-12 19:24:56,487 - INFO - StepAudio_Enter 5RSVB49B
2025-04-12 19:24:56,566 - INFO - StepAudio_Exit 5RSVB49B
2025-04-12 19:24:56,567 - INFO - StepAudio_Enter 93UAYLCV
StepAudio_Enter 098QSBK5
2025-04-12 19:24:56,656 - INFO - StepAudio_Exit 93UAYLCV
StepAudio_Exit 098QSBK5
2025-04-12 19:24:56,657 - INFO - StepAudio_Enter KPVVKZE0
2025-04-12 19:24:56,733 - INFO - StepAudio_Exit KPVVKZE0
2025-04-12 19:24:56,734 - INFO - StepAudio_Enter 5TU46NTX
2025-04-12 19:24:56,807 - INFO - StepAudio_Exit 5TU46NTX
2025-04-12 19:24:56,821 - INFO - StepAudio_Enter VYFFA493
2025-04-12 19:24:56,905 - INFO - StepAudio_Exit VYFFA493
2025-04-12 19:24:56,907 - INFO - StepAudio_Enter KMBKF313
2025-04-12 19:24:56,980 - INFO - StepAudio_Exit KMBKF313
2025-04-12 19:24:56,981 - INFO - StepAudio_Enter NLBDNKAY
2025-04-12 19:24:57,060 - INFO - StepAudio_Exit NLBDNKAY
2025-04-12 19:24:57,061 - INFO - StepAudio_Enter HD1SENNH
StepAudio_Enter VRYQHB6Q
2025-04-12 19:24:57,152 - INFO - StepAudio_Exit HD1SENNH
StepAudio_Exit VRYQHB6Q
2025-04-12 19:24:57,153 - INFO - StepAudio_Enter 1HGMYX17
2025-04-12 19:24:57,229 - INFO - StepAudio_Exit 1HGMYX17
2025-04-12 19:24:57,229 - INFO - StepAudio_Enter X3EKT8PZ
2025-04-12 19:24:57,310 - INFO - StepAudio_Exit X3EKT8PZ
2025-04-12 19:24:57,311 - INFO - StepAudio_Enter K0CZGGM3
2025-04-12 19:24:57,389 - INFO - StepAudio_Exit K0CZGGM3
2025-04-12 19:24:57,390 - INFO - StepAudio_Enter 5KA3AS8U
2025-04-12 19:24:57,469 - INFO - StepAudio_Exit 5KA3AS8U
2025-04-12 19:24:57,470 - INFO - StepAudio_Enter WWE46TW4
2025-04-12 19:24:57,542 - INFO - StepAudio_Exit WWE46TW4
2025-04-12 19:24:57,543 - INFO - StepAudio_Enter O9CCIR6A
2025-04-12 19:24:57,615 - INFO - StepAudio_Exit O9CCIR6A
2025-04-12 19:24:57,616 - INFO - StepAudio_Enter 0HCD8JQH
2025-04-12 19:24:57,693 - INFO - StepAudio_Exit 0HCD8JQH
2025-04-12 19:24:57,694 - INFO - StepAudio_Enter VOO1GECS
2025-04-12 19:24:57,771 - INFO - StepAudio_Exit VOO1GECS
2025-04-12 19:24:57,772 - INFO - StepAudio_Enter WXGU5OI3
2025-04-12 19:24:57,849 - INFO - StepAudio_Exit WXGU5OI3
2025-04-12 19:24:57,850 - INFO - StepAudio_Enter HM9G7T48
StepAudio_Enter 5IQ0T053
2025-04-12 19:24:57,938 - INFO - StepAudio_Exit HM9G7T48
StepAudio_Exit 5IQ0T053
2025-04-12 19:24:57,958 - INFO - StepAudio_Enter YJNOEXL6
2025-04-12 19:24:58,037 - INFO - StepAudio_Exit YJNOEXL6
2025-04-12 19:24:58,038 - INFO - StepAudio_Enter XEL9WDI8
2025-04-12 19:24:58,115 - INFO - StepAudio_Exit XEL9WDI8
2025-04-12 19:24:58,116 - INFO - StepAudio_Enter 5W9KAIKJ
2025-04-12 19:24:58,192 - INFO - StepAudio_Exit 5W9KAIKJ
2025-04-12 19:24:58,193 - INFO - StepAudio_Enter 5QA1615I
2025-04-12 19:24:58,270 - INFO - StepAudio_Exit 5QA1615I
2025-04-12 19:24:58,271 - INFO - StepAudio_Enter TYG6FKXL
2025-04-12 19:24:58,353 - INFO - StepAudio_Exit TYG6FKXL
2025-04-12 19:24:58,354 - INFO - StepAudio_Enter RQ3MQ66I
StepAudio_Enter VFOF2EQP
2025-04-12 19:24:58,440 - INFO - StepAudio_Exit RQ3MQ66I
StepAudio_Exit VFOF2EQP
2025-04-12 19:24:58,455 - INFO - StepAudio_Enter DT0ZHD5R
2025-04-12 19:24:58,535 - INFO - StepAudio_Exit DT0ZHD5R
2025-04-12 19:24:58,536 - INFO - StepAudio_Enter 4JMZR9N2
2025-04-12 19:24:58,615 - INFO - StepAudio_Exit 4JMZR9N2
2025-04-12 19:24:58,616 - INFO - StepAudio_Enter SI3NT2X6
2025-04-12 19:24:58,691 - INFO - StepAudio_Exit SI3NT2X6
2025-04-12 19:24:58,692 - INFO - StepAudio_Enter UCK083S1
2025-04-12 19:24:58,767 - INFO - StepAudio_Exit UCK083S1
2025-04-12 19:24:58,768 - INFO - StepAudio_Enter NXW0JLZO
2025-04-12 19:24:58,844 - INFO - StepAudio_Exit NXW0JLZO
2025-04-12 19:24:58,846 - INFO - StepAudio_Enter C1YK3HQL
StepAudio_Enter 5SC493A5
2025-04-12 19:24:58,933 - INFO - StepAudio_Exit C1YK3HQL
StepAudio_Exit 5SC493A5
2025-04-12 19:24:58,934 - INFO - StepAudio_Enter GVYMX5S1
2025-04-12 19:24:59,009 - INFO - StepAudio_Exit GVYMX5S1
2025-04-12 19:24:59,010 - INFO - StepAudio_Enter QYMTZEJZ
2025-04-12 19:24:59,085 - INFO - StepAudio_Exit QYMTZEJZ
2025-04-12 19:24:59,086 - INFO - StepAudio_Enter C9P7QEPP
2025-04-12 19:24:59,162 - INFO - StepAudio_Exit C9P7QEPP
2025-04-12 19:24:59,163 - INFO - StepAudio_Enter KSU2VMFN
2025-04-12 19:24:59,237 - INFO - StepAudio_Exit KSU2VMFN
2025-04-12 19:24:59,238 - INFO - StepAudio_Enter 4KUIUG7S
2025-04-12 19:24:59,312 - INFO - StepAudio_Exit 4KUIUG7S
2025-04-12 19:24:59,313 - INFO - StepAudio_Enter AQH5C0YF
2025-04-12 19:24:59,394 - INFO - StepAudio_Exit AQH5C0YF
2025-04-12 19:24:59,395 - INFO - StepAudio_Enter 0RMZC3I4
2025-04-12 19:24:59,471 - INFO - StepAudio_Exit 0RMZC3I4
2025-04-12 19:24:59,473 - INFO - StepAudio_Enter UQJOD6VZ
2025-04-12 19:24:59,552 - INFO - StepAudio_Exit UQJOD6VZ
2025-04-12 19:24:59,553 - INFO - StepAudio_Enter FZKIH2UT
2025-04-12 19:24:59,633 - INFO - StepAudio_Exit FZKIH2UT
2025-04-12 19:24:59,634 - INFO - StepAudio_Enter O63ARV3U
2025-04-12 19:24:59,716 - INFO - StepAudio_Exit O63ARV3U
2025-04-12 19:24:59,717 - INFO - StepAudio_Enter N5HH0LQY
StepAudio_Enter PKD10LIO
2025-04-12 19:24:59,807 - INFO - StepAudio_Exit N5HH0LQY
StepAudio_Exit PKD10LIO
2025-04-12 19:24:59,808 - INFO - StepAudio_Enter HH8EV2NK
2025-04-12 19:24:59,887 - INFO - StepAudio_Exit HH8EV2NK
2025-04-12 19:24:59,888 - INFO - StepAudio_Enter 4G578TYY
2025-04-12 19:24:59,965 - INFO - StepAudio_Exit 4G578TYY
2025-04-12 19:24:59,966 - INFO - StepAudio_Enter 5BSUNUGV
2025-04-12 19:25:00,046 - INFO - StepAudio_Exit 5BSUNUGV
2025-04-12 19:25:00,047 - INFO - StepAudio_Enter ZHI9AH1P
2025-04-12 19:25:00,122 - INFO - StepAudio_Exit ZHI9AH1P
2025-04-12 19:25:00,123 - INFO - StepAudio_Enter SSIUUDVE
2025-04-12 19:25:00,201 - INFO - StepAudio_Exit SSIUUDVE
2025-04-12 19:25:00,201 - INFO - StepAudio_Enter 2MR3R37L
2025-04-12 19:25:00,277 - INFO - StepAudio_Exit 2MR3R37L
2025-04-12 19:25:00,277 - INFO - StepAudio_Enter KQHB1GKW
2025-04-12 19:25:00,357 - INFO - StepAudio_Exit KQHB1GKW
2025-04-12 19:25:00,358 - INFO - StepAudio_Enter KFA4B68E
StepAudio_Enter 6J62B01Y
2025-04-12 19:25:00,445 - INFO - StepAudio_Exit KFA4B68E
StepAudio_Exit 6J62B01Y
2025-04-12 19:25:00,445 - INFO - StepAudio_Enter BIT8DYKD
2025-04-12 19:25:00,524 - INFO - StepAudio_Exit BIT8DYKD
2025-04-12 19:25:00,525 - INFO - StepAudio_Enter XM83T8XM
2025-04-12 19:25:00,604 - INFO - StepAudio_Exit XM83T8XM
2025-04-12 19:25:00,605 - INFO - StepAudio_Enter FRA4RA3K
2025-04-12 19:25:00,685 - INFO - StepAudio_Exit FRA4RA3K
2025-04-12 19:25:00,686 - INFO - StepAudio_Enter 2ST1G0A8
2025-04-12 19:25:00,763 - INFO - StepAudio_Exit 2ST1G0A8
2025-04-12 19:25:00,764 - INFO - StepAudio_Enter 9Z2M5QMQ
2025-04-12 19:25:00,840 - INFO - StepAudio_Exit 9Z2M5QMQ
2025-04-12 19:25:00,841 - INFO - StepAudio_Enter 0L89ZDKM
2025-04-12 19:25:00,917 - INFO - StepAudio_Exit 0L89ZDKM
2025-04-12 19:25:00,918 - INFO - StepAudio_Enter SMHGKZ2L
2025-04-12 19:25:00,997 - INFO - StepAudio_Exit SMHGKZ2L
2025-04-12 19:25:00,998 - INFO - StepAudio_Enter KY4QAK3J
2025-04-12 19:25:01,072 - INFO - StepAudio_Exit KY4QAK3J
2025-04-12 19:25:01,073 - INFO - StepAudio_Enter HML1XPEL
2025-04-12 19:25:01,150 - INFO - StepAudio_Exit HML1XPEL
2025-04-12 19:25:01,151 - INFO - StepAudio_Enter BKYWLPFY
StepAudio_Enter D5BE2XUC
2025-04-12 19:25:01,241 - INFO - StepAudio_Exit BKYWLPFY
StepAudio_Exit D5BE2XUC
2025-04-12 19:25:01,242 - INFO - StepAudio_Enter UFQT2MEX
2025-04-12 19:25:01,316 - INFO - StepAudio_Exit UFQT2MEX
2025-04-12 19:25:01,317 - INFO - StepAudio_Enter FAZHP9ID
2025-04-12 19:25:01,393 - INFO - StepAudio_Exit FAZHP9ID
2025-04-12 19:25:01,394 - INFO - StepAudio_Enter 9YND0C61
2025-04-12 19:25:01,466 - INFO - StepAudio_Exit 9YND0C61
2025-04-12 19:25:01,480 - INFO - StepAudio_Enter UDMX1RTI
2025-04-12 19:25:01,564 - INFO - StepAudio_Exit UDMX1RTI
2025-04-12 19:25:01,565 - INFO - StepAudio_Enter W3OYSEC8
2025-04-12 19:25:01,639 - INFO - StepAudio_Exit W3OYSEC8
2025-04-12 19:25:01,640 - INFO - StepAudio_Enter YUU7KLV9
2025-04-12 19:25:01,719 - INFO - StepAudio_Exit YUU7KLV9
2025-04-12 19:25:01,720 - INFO - StepAudio_Enter YCH6HBV3
StepAudio_Enter E0BKQBYV
2025-04-12 19:25:01,810 - INFO - StepAudio_Exit YCH6HBV3
StepAudio_Exit E0BKQBYV
2025-04-12 19:25:01,811 - INFO - StepAudio_Enter GU4XDZCO
2025-04-12 19:25:01,889 - INFO - StepAudio_Exit GU4XDZCO
2025-04-12 19:25:01,890 - INFO - StepAudio_Enter TMFW8ING
2025-04-12 19:25:01,965 - INFO - StepAudio_Exit TMFW8ING
2025-04-12 19:25:01,966 - INFO - StepAudio_Enter SK3NM9U8
2025-04-12 19:25:02,043 - INFO - StepAudio_Exit SK3NM9U8
2025-04-12 19:25:02,044 - INFO - StepAudio_Enter ZICP968W
2025-04-12 19:25:02,122 - INFO - StepAudio_Exit ZICP968W
2025-04-12 19:25:02,123 - INFO - StepAudio_Enter OZ7TP402
2025-04-12 19:25:02,201 - INFO - StepAudio_Exit OZ7TP402
2025-04-12 19:25:02,202 - INFO - StepAudio_Enter 59KQZLJW
StepAudio_Enter I7JY8AHG
2025-04-12 19:25:02,283 - INFO - StepAudio_Exit 59KQZLJW
StepAudio_Exit I7JY8AHG
2025-04-12 19:25:02,284 - INFO - StepAudio_Enter MUZS1D6J
2025-04-12 19:25:02,358 - INFO - StepAudio_Exit MUZS1D6J
2025-04-12 19:25:02,369 - INFO - StepAudio_Enter Z4MX16IF
2025-04-12 19:25:02,447 - INFO - StepAudio_Exit Z4MX16IF
2025-04-12 19:25:02,447 - INFO - StepAudio_Enter ZR0B0WBH
2025-04-12 19:25:02,521 - INFO - StepAudio_Exit ZR0B0WBH
2025-04-12 19:25:02,522 - INFO - StepAudio_Enter 82ZYAF6V
2025-04-12 19:25:02,599 - INFO - StepAudio_Exit 82ZYAF6V
2025-04-12 19:25:02,600 - INFO - StepAudio_Enter ZB0ODNFN
2025-04-12 19:25:02,677 - INFO - StepAudio_Exit ZB0ODNFN
2025-04-12 19:25:02,678 - INFO - StepAudio_Enter 2Y40Q1B7
2025-04-12 19:25:02,753 - INFO - StepAudio_Exit 2Y40Q1B7
2025-04-12 19:25:02,754 - INFO - StepAudio_Enter 3R28W0T9
2025-04-12 19:25:02,832 - INFO - StepAudio_Exit 3R28W0T9
2025-04-12 19:25:02,833 - INFO - StepAudio_Enter 9O1YTE97
2025-04-12 19:25:02,908 - INFO - StepAudio_Exit 9O1YTE97
2025-04-12 19:25:02,909 - INFO - StepAudio_Enter RLQ6MFP1
2025-04-12 19:25:02,983 - INFO - StepAudio_Exit RLQ6MFP1
2025-04-12 19:25:02,985 - INFO - StepAudio_Enter LJXFCYW5
2025-04-12 19:25:03,058 - INFO - StepAudio_Exit LJXFCYW5
2025-04-12 19:25:03,059 - INFO - StepAudio_Enter 91NMRUE7
2025-04-12 19:25:03,136 - INFO - StepAudio_Exit 91NMRUE7
2025-04-12 19:25:03,136 - INFO - StepAudio_Enter LCOVC5TR
2025-04-12 19:25:03,213 - INFO - StepAudio_Exit LCOVC5TR
2025-04-12 19:25:03,214 - INFO - StepAudio_Enter DH8SFYM5
2025-04-12 19:25:03,291 - INFO - StepAudio_Exit DH8SFYM5
2025-04-12 19:25:03,292 - INFO - StepAudio_Enter 80Z0AB4O
StepAudio_Enter TZ7EZ6X7
2025-04-12 19:25:03,379 - INFO - StepAudio_Exit 80Z0AB4O
StepAudio_Exit TZ7EZ6X7
2025-04-12 19:25:03,380 - INFO - StepAudio_Enter S74W6BB5
2025-04-12 19:25:03,455 - INFO - StepAudio_Exit S74W6BB5
2025-04-12 19:25:03,456 - INFO - StepAudio_Enter B5UTAT7M
2025-04-12 19:25:03,530 - INFO - StepAudio_Exit B5UTAT7M
2025-04-12 19:25:03,531 - INFO - StepAudio_Enter J6XSLOST
2025-04-12 19:25:03,607 - INFO - StepAudio_Exit J6XSLOST
2025-04-12 19:25:03,607 - INFO - StepAudio_Enter N2S7Z8CI
2025-04-12 19:25:03,683 - INFO - StepAudio_Exit N2S7Z8CI
2025-04-12 19:25:03,683 - INFO - StepAudio_Enter A8P443YY
2025-04-12 19:25:03,759 - INFO - StepAudio_Exit A8P443YY
2025-04-12 19:25:03,759 - INFO - StepAudio_Enter A6C9Z2S1
2025-04-12 19:25:03,835 - INFO - StepAudio_Exit A6C9Z2S1
2025-04-12 19:25:03,836 - INFO - StepAudio_Enter 5NH4RZUM
2025-04-12 19:25:03,910 - INFO - StepAudio_Exit 5NH4RZUM
2025-04-12 19:25:03,911 - INFO - StepAudio_Enter SXCUUVGQ
2025-04-12 19:25:03,986 - INFO - StepAudio_Exit SXCUUVGQ
2025-04-12 19:25:03,987 - INFO - StepAudio_Enter WD1HUCYY
2025-04-12 19:25:04,065 - INFO - StepAudio_Exit WD1HUCYY
2025-04-12 19:25:04,065 - INFO - StepAudio_Enter G5W4BZGS
2025-04-12 19:25:04,141 - INFO - StepAudio_Exit G5W4BZGS
2025-04-12 19:25:04,142 - INFO - StepAudio_Enter JEJW1FD2
StepAudio_Enter ACW5MOBU
2025-04-12 19:25:04,228 - INFO - StepAudio_Exit JEJW1FD2
StepAudio_Exit ACW5MOBU
2025-04-12 19:25:04,229 - INFO - StepAudio_Enter 4LJPV09O
2025-04-12 19:25:04,307 - INFO - StepAudio_Exit 4LJPV09O
2025-04-12 19:25:04,308 - INFO - StepAudio_Enter 5F1IOPV6
2025-04-12 19:25:04,382 - INFO - StepAudio_Exit 5F1IOPV6
2025-04-12 19:25:04,383 - INFO - StepAudio_Enter EQ9A2FFV
2025-04-12 19:25:04,459 - INFO - StepAudio_Exit EQ9A2FFV
2025-04-12 19:25:04,460 - INFO - StepAudio_Enter QYAUHOGI
2025-04-12 19:25:04,538 - INFO - StepAudio_Exit QYAUHOGI
2025-04-12 19:25:04,539 - INFO - StepAudio_Enter K6J8M8L7
2025-04-12 19:25:04,617 - INFO - StepAudio_Exit K6J8M8L7
2025-04-12 19:25:04,618 - INFO - StepAudio_Enter CE88TZY0
2025-04-12 19:25:04,696 - INFO - StepAudio_Exit CE88TZY0
2025-04-12 19:25:04,697 - INFO - StepAudio_Enter KPT8LBSW
2025-04-12 19:25:04,772 - INFO - StepAudio_Exit KPT8LBSW
2025-04-12 19:25:04,773 - INFO - StepAudio_Enter J4R44KLC
2025-04-12 19:25:04,851 - INFO - StepAudio_Exit J4R44KLC
2025-04-12 19:25:04,851 - INFO - StepAudio_Enter QBYF7RWY
2025-04-12 19:25:04,929 - INFO - StepAudio_Exit QBYF7RWY
2025-04-12 19:25:04,930 - INFO - StepAudio_Enter R6Y1VUQ2
2025-04-12 19:25:05,009 - INFO - StepAudio_Exit R6Y1VUQ2
2025-04-12 19:25:05,010 - INFO - StepAudio_Enter XNG27CH4
StepAudio_Enter FKGMYJ5U
2025-04-12 19:25:05,097 - INFO - StepAudio_Exit XNG27CH4
StepAudio_Exit FKGMYJ5U
2025-04-12 19:25:05,098 - INFO - StepAudio_Enter NB2ZB3BV
2025-04-12 19:25:05,175 - INFO - StepAudio_Exit NB2ZB3BV
2025-04-12 19:25:05,176 - INFO - StepAudio_Enter 2TNHDAKH
2025-04-12 19:25:05,249 - INFO - StepAudio_Exit 2TNHDAKH
2025-04-12 19:25:05,250 - INFO - StepAudio_Enter 13ZIBUV2
2025-04-12 19:25:05,324 - INFO - StepAudio_Exit 13ZIBUV2
2025-04-12 19:25:05,325 - INFO - StepAudio_Enter PPXKAB4B
2025-04-12 19:25:05,400 - INFO - StepAudio_Exit PPXKAB4B
2025-04-12 19:25:05,401 - INFO - StepAudio_Enter SV1YSNJ9
2025-04-12 19:25:05,476 - INFO - StepAudio_Exit SV1YSNJ9
2025-04-12 19:25:05,477 - INFO - StepAudio_Enter XEI1ZJUA
2025-04-12 19:25:05,556 - INFO - StepAudio_Exit XEI1ZJUA
2025-04-12 19:25:05,557 - INFO - StepAudio_Enter B5JNL1D3
2025-04-12 19:25:05,635 - INFO - StepAudio_Exit B5JNL1D3
2025-04-12 19:25:05,636 - INFO - StepAudio_Enter 9ULWBXMB
2025-04-12 19:25:05,714 - INFO - StepAudio_Exit 9ULWBXMB
2025-04-12 19:25:05,715 - INFO - StepAudio_Enter RLK6ML0K
StepAudio_Enter GGG6Y2TN
2025-04-12 19:25:05,800 - INFO - StepAudio_Exit RLK6ML0K
StepAudio_Exit GGG6Y2TN
2025-04-12 19:25:05,801 - INFO - StepAudio_Enter OTG18E97
2025-04-12 19:25:05,877 - INFO - StepAudio_Exit OTG18E97
2025-04-12 19:25:05,878 - INFO - StepAudio_Enter E271VXFZ
2025-04-12 19:25:05,955 - INFO - StepAudio_Exit E271VXFZ
2025-04-12 19:25:05,956 - INFO - StepAudio_Enter H5CTJ0DS
2025-04-12 19:25:06,036 - INFO - StepAudio_Exit H5CTJ0DS
2025-04-12 19:25:06,037 - INFO - StepAudio_Enter K53C59SX
2025-04-12 19:25:06,114 - INFO - StepAudio_Exit K53C59SX
2025-04-12 19:25:06,115 - INFO - StepAudio_Enter YEWC8XU1
2025-04-12 19:25:06,194 - INFO - StepAudio_Exit YEWC8XU1
2025-04-12 19:25:06,195 - INFO - StepAudio_Enter ZR5VTE50
2025-04-12 19:25:06,270 - INFO - StepAudio_Exit ZR5VTE50
2025-04-12 19:25:06,271 - INFO - StepAudio_Enter FZKCP0GG
2025-04-12 19:25:06,347 - INFO - StepAudio_Exit FZKCP0GG
2025-04-12 19:25:06,348 - INFO - StepAudio_Enter GV68JXRS
2025-04-12 19:25:06,423 - INFO - StepAudio_Exit GV68JXRS
2025-04-12 19:25:06,424 - INFO - StepAudio_Enter ZKOI9822
2025-04-12 19:25:06,496 - INFO - StepAudio_Exit ZKOI9822
2025-04-12 19:25:06,497 - INFO - StepAudio_Enter KQQDO7SO
2025-04-12 19:25:06,572 - INFO - StepAudio_Exit KQQDO7SO
2025-04-12 19:25:06,572 - INFO - StepAudio_Enter AZ7KFGV0
2025-04-12 19:25:06,654 - INFO - StepAudio_Exit AZ7KFGV0
2025-04-12 19:25:06,655 - INFO - StepAudio_Enter CGATT9NX
StepAudio_Enter K3KRRSIY
2025-04-12 19:25:06,745 - INFO - StepAudio_Exit CGATT9NX
StepAudio_Exit K3KRRSIY
2025-04-12 19:25:06,745 - INFO - StepAudio_Enter YU3FJ9BI
2025-04-12 19:25:06,825 - INFO - StepAudio_Exit YU3FJ9BI
2025-04-12 19:25:06,826 - INFO - StepAudio_Enter QAJEXKNN
2025-04-12 19:25:06,901 - INFO - StepAudio_Exit QAJEXKNN
2025-04-12 19:25:06,901 - INFO - StepAudio_Enter 1EETFLAD
2025-04-12 19:25:06,982 - INFO - StepAudio_Exit 1EETFLAD
2025-04-12 19:25:06,982 - INFO - StepAudio_Enter AKTEZ356
2025-04-12 19:25:07,060 - INFO - StepAudio_Exit AKTEZ356
2025-04-12 19:25:07,061 - INFO - StepAudio_Enter BQV2WHO6
2025-04-12 19:25:07,139 - INFO - StepAudio_Exit BQV2WHO6
2025-04-12 19:25:07,139 - INFO - StepAudio_Enter 8R4C6I8W
2025-04-12 19:25:07,218 - INFO - StepAudio_Exit 8R4C6I8W
2025-04-12 19:25:07,219 - INFO - StepAudio_Enter 2319II7E
StepAudio_Enter 4X2M1PL8
2025-04-12 19:25:07,306 - INFO - StepAudio_Exit 2319II7E
StepAudio_Exit 4X2M1PL8
2025-04-12 19:25:07,316 - INFO - StepAudio_Enter JGFA0MSC
2025-04-12 19:25:07,391 - INFO - StepAudio_Exit JGFA0MSC
2025-04-12 19:25:07,392 - INFO - StepAudio_Enter HF9O17E7
2025-04-12 19:25:07,478 - INFO - StepAudio_Exit HF9O17E7
2025-04-12 19:25:07,479 - INFO - StepAudio_Enter Z8EL2P9D
2025-04-12 19:25:07,556 - INFO - StepAudio_Exit Z8EL2P9D
2025-04-12 19:25:07,557 - INFO - StepAudio_Enter 9YLI2ONQ
2025-04-12 19:25:07,631 - INFO - StepAudio_Exit 9YLI2ONQ
2025-04-12 19:25:07,632 - INFO - StepAudio_Enter NLESKOGF
2025-04-12 19:25:07,707 - INFO - StepAudio_Exit NLESKOGF
2025-04-12 19:25:07,707 - INFO - StepAudio_Enter C7PY561M
2025-04-12 19:25:07,783 - INFO - StepAudio_Exit C7PY561M
2025-04-12 19:25:07,784 - INFO - StepAudio_Enter HF4MM66E
2025-04-12 19:25:07,863 - INFO - StepAudio_Exit HF4MM66E
2025-04-12 19:25:07,864 - INFO - StepAudio_Enter K48BIUY6
StepAudio_Enter QQHVPKFI
2025-04-12 19:25:07,954 - INFO - StepAudio_Exit K48BIUY6
StepAudio_Exit QQHVPKFI
2025-04-12 19:25:07,984 - INFO - StepAudio_Enter SRZH1VW1
2025-04-12 19:25:08,072 - INFO - StepAudio_Exit SRZH1VW1
2025-04-12 19:25:08,073 - INFO - StepAudio_Enter COH8S9TA
StepAudio_Enter 0M6M5MPX
2025-04-12 19:25:08,161 - INFO - StepAudio_Exit COH8S9TA
StepAudio_Exit 0M6M5MPX
2025-04-12 19:25:08,162 - INFO - StepAudio_Enter 0IBSF011
2025-04-12 19:25:08,239 - INFO - StepAudio_Exit 0IBSF011
2025-04-12 19:25:08,240 - INFO - StepAudio_Enter 3D8CRFRZ
2025-04-12 19:25:08,322 - INFO - StepAudio_Exit 3D8CRFRZ
2025-04-12 19:25:08,323 - INFO - StepAudio_Enter W5Q1KSP2
2025-04-12 19:25:08,400 - INFO - StepAudio_Exit W5Q1KSP2
2025-04-12 19:25:08,401 - INFO - StepAudio_Enter CPTVKOPJ
2025-04-12 19:25:08,476 - INFO - StepAudio_Exit CPTVKOPJ
2025-04-12 19:25:08,477 - INFO - StepAudio_Enter FWSTJHFZ
2025-04-12 19:25:08,553 - INFO - StepAudio_Exit FWSTJHFZ
2025-04-12 19:25:08,554 - INFO - StepAudio_Enter GHRJFLG1
2025-04-12 19:25:08,630 - INFO - StepAudio_Exit GHRJFLG1
2025-04-12 19:25:08,631 - INFO - StepAudio_Enter 6Z1HGVII
2025-04-12 19:25:08,708 - INFO - StepAudio_Exit 6Z1HGVII
2025-04-12 19:25:08,708 - INFO - StepAudio_Enter OMV7SHSU
2025-04-12 19:25:08,783 - INFO - StepAudio_Exit OMV7SHSU
2025-04-12 19:25:08,784 - INFO - StepAudio_Enter O31MAI30
2025-04-12 19:25:08,861 - INFO - StepAudio_Exit O31MAI30
2025-04-12 19:25:08,862 - INFO - StepAudio_Enter W41LFASM
StepAudio_Enter IYCJZ3WR
2025-04-12 19:25:08,948 - INFO - StepAudio_Exit W41LFASM
StepAudio_Exit IYCJZ3WR
2025-04-12 19:25:08,950 - INFO - StepAudio_Enter Z3C3EOD3
2025-04-12 19:25:09,028 - INFO - StepAudio_Exit Z3C3EOD3
2025-04-12 19:25:09,029 - INFO - StepAudio_Enter FSSF8BSP
2025-04-12 19:25:09,106 - INFO - StepAudio_Exit FSSF8BSP
2025-04-12 19:25:09,107 - INFO - StepAudio_Enter L4H8AST1
2025-04-12 19:25:09,185 - INFO - StepAudio_Exit L4H8AST1
2025-04-12 19:25:09,185 - INFO - StepAudio_Enter QO6B22JA
2025-04-12 19:25:09,262 - INFO - StepAudio_Exit QO6B22JA
2025-04-12 19:25:09,263 - INFO - StepAudio_Enter GIC2BYXC
2025-04-12 19:25:09,339 - INFO - StepAudio_Exit GIC2BYXC
2025-04-12 19:25:09,340 - INFO - StepAudio_Enter GYTL32DN
2025-04-12 19:25:09,414 - INFO - StepAudio_Exit GYTL32DN
2025-04-12 19:25:09,415 - INFO - StepAudio_Enter PL2QN8P6
2025-04-12 19:25:09,489 - INFO - StepAudio_Exit PL2QN8P6
2025-04-12 19:25:09,490 - INFO - StepAudio_Enter 9RDNXZDL
2025-04-12 19:25:09,565 - INFO - StepAudio_Exit 9RDNXZDL
2025-04-12 19:25:09,566 - INFO - StepAudio_Enter F9WEN279
2025-04-12 19:25:09,640 - INFO - StepAudio_Exit F9WEN279
2025-04-12 19:25:09,641 - INFO - StepAudio_Enter 94VXL4IQ
2025-04-12 19:25:09,719 - INFO - StepAudio_Exit 94VXL4IQ
2025-04-12 19:25:09,720 - INFO - StepAudio_Enter A1W8K16Z
2025-04-12 19:25:09,796 - INFO - StepAudio_Exit A1W8K16Z
2025-04-12 19:25:09,797 - INFO - StepAudio_Enter JHO73YFI
2025-04-12 19:25:09,873 - INFO - StepAudio_Exit JHO73YFI
2025-04-12 19:25:09,874 - INFO - StepAudio_Enter S2U45BST
StepAudio_Enter YH9JKRAV
2025-04-12 19:25:09,963 - INFO - StepAudio_Exit S2U45BST
StepAudio_Exit YH9JKRAV
2025-04-12 19:25:09,964 - INFO - StepAudio_Enter 3VTM9FQF
2025-04-12 19:25:10,040 - INFO - StepAudio_Exit 3VTM9FQF
2025-04-12 19:25:10,041 - INFO - StepAudio_Enter NP5V8R1W
2025-04-12 19:25:10,116 - INFO - StepAudio_Exit NP5V8R1W
2025-04-12 19:25:10,117 - INFO - StepAudio_Enter DSSPK7OE
2025-04-12 19:25:10,193 - INFO - StepAudio_Exit DSSPK7OE
2025-04-12 19:25:10,194 - INFO - StepAudio_Enter 8178PPQL
2025-04-12 19:25:10,271 - INFO - StepAudio_Exit 8178PPQL
2025-04-12 19:25:10,272 - INFO - StepAudio_Enter P8GXUZ0X
2025-04-12 19:25:10,345 - INFO - StepAudio_Exit P8GXUZ0X
2025-04-12 19:25:10,345 - INFO - StepAudio_Enter 8PVOHMI4
2025-04-12 19:25:10,425 - INFO - StepAudio_Exit 8PVOHMI4
2025-04-12 19:25:10,426 - INFO - StepAudio_Enter 5Z24EJTR
2025-04-12 19:25:10,506 - INFO - StepAudio_Exit 5Z24EJTR
2025-04-12 19:25:10,507 - INFO - StepAudio_Enter HCPM6YH5
2025-04-12 19:25:10,584 - INFO - StepAudio_Exit HCPM6YH5
2025-04-12 19:25:10,585 - INFO - StepAudio_Enter Q2BRNJEO
StepAudio_Enter REFZE2JH
2025-04-12 19:25:10,676 - INFO - StepAudio_Exit Q2BRNJEO
StepAudio_Exit REFZE2JH
2025-04-12 19:25:10,681 - INFO - StepAudio_Enter UCA2K588
2025-04-12 19:25:10,761 - INFO - StepAudio_Exit UCA2K588
2025-04-12 19:25:10,762 - INFO - StepAudio_Enter 5JQNBD1T
2025-04-12 19:25:10,843 - INFO - StepAudio_Exit 5JQNBD1T
2025-04-12 19:25:10,844 - INFO - StepAudio_Enter LZ0U8RGF
2025-04-12 19:25:10,919 - INFO - StepAudio_Exit LZ0U8RGF
2025-04-12 19:25:10,920 - INFO - StepAudio_Enter YCZA0R0G
2025-04-12 19:25:10,994 - INFO - StepAudio_Exit YCZA0R0G
2025-04-12 19:25:10,995 - INFO - StepAudio_Enter IKSVHEER
2025-04-12 19:25:11,068 - INFO - StepAudio_Exit IKSVHEER
2025-04-12 19:25:11,069 - INFO - StepAudio_Enter ZMIRN812
2025-04-12 19:25:11,144 - INFO - StepAudio_Exit ZMIRN812
2025-04-12 19:25:11,144 - INFO - StepAudio_Enter 0RRPK79X
2025-04-12 19:25:11,227 - INFO - StepAudio_Exit 0RRPK79X
2025-04-12 19:25:11,228 - INFO - StepAudio_Enter 45PMGUTK
2025-04-12 19:25:11,305 - INFO - StepAudio_Exit 45PMGUTK
2025-04-12 19:25:11,306 - INFO - StepAudio_Enter WBDEQRXX
StepAudio_Enter LK53EDG4
2025-04-12 19:25:11,395 - INFO - StepAudio_Exit WBDEQRXX
StepAudio_Exit LK53EDG4
2025-04-12 19:25:11,396 - INFO - StepAudio_Enter TF0N5SES
2025-04-12 19:25:11,474 - INFO - StepAudio_Exit TF0N5SES
2025-04-12 19:25:11,475 - INFO - StepAudio_Enter 5KK826B3
2025-04-12 19:25:11,550 - INFO - StepAudio_Exit 5KK826B3
2025-04-12 19:25:11,551 - INFO - StepAudio_Enter L1RU2D0U
2025-04-12 19:25:11,625 - INFO - StepAudio_Exit L1RU2D0U
2025-04-12 19:25:11,626 - INFO - StepAudio_Enter QSLFMIL0
2025-04-12 19:25:11,699 - INFO - StepAudio_Exit QSLFMIL0
2025-04-12 19:25:11,700 - INFO - StepAudio_Enter XON4NPB3
2025-04-12 19:25:11,773 - INFO - StepAudio_Exit XON4NPB3
2025-04-12 19:25:11,774 - INFO - StepAudio_Enter TSTR5S2O
2025-04-12 19:25:11,850 - INFO - StepAudio_Exit TSTR5S2O
2025-04-12 19:25:11,851 - INFO - StepAudio_Enter 1J2QK2SP
2025-04-12 19:25:11,926 - INFO - StepAudio_Exit 1J2QK2SP
2025-04-12 19:25:11,927 - INFO - StepAudio_Enter B91U9ILF
2025-04-12 19:25:12,005 - INFO - StepAudio_Exit B91U9ILF
2025-04-12 19:25:12,006 - INFO - StepAudio_Enter 2TAASV87
2025-04-12 19:25:12,083 - INFO - StepAudio_Exit 2TAASV87
2025-04-12 19:25:12,084 - INFO - StepAudio_Enter G3MOTGTA
2025-04-12 19:25:12,163 - INFO - StepAudio_Exit G3MOTGTA
2025-04-12 19:25:12,164 - INFO - StepAudio_Enter NSUAYNPS
StepAudio_Enter LXOZ7AT4
2025-04-12 19:25:12,255 - INFO - StepAudio_Exit NSUAYNPS
StepAudio_Exit LXOZ7AT4
2025-04-12 19:25:12,256 - INFO - StepAudio_Enter AWBPKG87
2025-04-12 19:25:12,332 - INFO - StepAudio_Exit AWBPKG87
2025-04-12 19:25:12,333 - INFO - StepAudio_Enter 1FVFPL8F
2025-04-12 19:25:12,407 - INFO - StepAudio_Exit 1FVFPL8F
2025-04-12 19:25:12,408 - INFO - StepAudio_Enter QDZBG2HT
2025-04-12 19:25:12,480 - INFO - StepAudio_Exit QDZBG2HT
2025-04-12 19:25:12,496 - INFO - StepAudio_Enter XTCQGDIR
2025-04-12 19:25:12,568 - INFO - StepAudio_Exit XTCQGDIR
2025-04-12 19:25:12,569 - INFO - StepAudio_Enter LF9W8OUE
2025-04-12 19:25:12,661 - INFO - StepAudio_Exit LF9W8OUE
2025-04-12 19:25:12,662 - INFO - StepAudio_Enter 2W6OVW90
2025-04-12 19:25:12,738 - INFO - StepAudio_Exit 2W6OVW90
2025-04-12 19:25:12,739 - INFO - StepAudio_Enter YFPAJ4AC
StepAudio_Enter 5WI0LUU0
2025-04-12 19:25:12,827 - INFO - StepAudio_Exit YFPAJ4AC
StepAudio_Exit 5WI0LUU0
2025-04-12 19:25:12,828 - INFO - StepAudio_Enter J3KR6LC3
2025-04-12 19:25:12,903 - INFO - StepAudio_Exit J3KR6LC3
2025-04-12 19:25:12,904 - INFO - StepAudio_Enter YH7IUC0N
2025-04-12 19:25:12,976 - INFO - StepAudio_Exit YH7IUC0N
2025-04-12 19:25:12,977 - INFO - StepAudio_Enter 9ZQPWVM0
2025-04-12 19:25:13,050 - INFO - StepAudio_Exit 9ZQPWVM0
2025-04-12 19:25:13,069 - INFO - StepAudio_Enter KYQL0THH
2025-04-12 19:25:13,151 - INFO - StepAudio_Exit KYQL0THH
2025-04-12 19:25:13,152 - INFO - StepAudio_Enter M7NU45HI
2025-04-12 19:25:13,227 - INFO - StepAudio_Exit M7NU45HI
2025-04-12 19:25:13,228 - INFO - StepAudio_Enter IBB75DK5
StepAudio_Enter E0ENPDI5
2025-04-12 19:25:13,308 - INFO - StepAudio_Exit IBB75DK5
StepAudio_Exit E0ENPDI5
2025-04-12 19:25:13,310 - INFO - StepAudio_Enter BPSMYUZG
2025-04-12 19:25:13,384 - INFO - StepAudio_Exit BPSMYUZG
2025-04-12 19:25:13,385 - INFO - StepAudio_Enter 3Q6XZXCR
2025-04-12 19:25:13,460 - INFO - StepAudio_Exit 3Q6XZXCR
2025-04-12 19:25:13,461 - INFO - StepAudio_Enter C8GRP051
2025-04-12 19:25:13,536 - INFO - StepAudio_Exit C8GRP051
2025-04-12 19:25:13,537 - INFO - StepAudio_Enter 7FOWXOLV
2025-04-12 19:25:13,612 - INFO - StepAudio_Exit 7FOWXOLV
2025-04-12 19:25:13,613 - INFO - StepAudio_Enter 4BD2KK0E
2025-04-12 19:25:13,691 - INFO - StepAudio_Exit 4BD2KK0E
2025-04-12 19:25:13,692 - INFO - StepAudio_Enter G432HDFB
2025-04-12 19:25:13,770 - INFO - StepAudio_Exit G432HDFB
2025-04-12 19:25:13,771 - INFO - StepAudio_Enter SWXGQLIK
2025-04-12 19:25:13,848 - INFO - StepAudio_Exit SWXGQLIK
2025-04-12 19:25:13,849 - INFO - StepAudio_Enter Z7CSIALI
2025-04-12 19:25:13,923 - INFO - StepAudio_Exit Z7CSIALI
2025-04-12 19:25:13,924 - INFO - StepAudio_Enter ANY0Y895
2025-04-12 19:25:13,994 - INFO - StepAudio_Exit ANY0Y895
2025-04-12 19:25:13,995 - INFO - StepAudio_Enter G5VQSFD2
2025-04-12 19:25:14,069 - INFO - StepAudio_Exit G5VQSFD2
2025-04-12 19:25:14,070 - INFO - StepAudio_Enter DMDWHCBU
2025-04-12 19:25:14,146 - INFO - StepAudio_Exit DMDWHCBU
2025-04-12 19:25:14,146 - INFO - StepAudio_Enter G97GP3YC
2025-04-12 19:25:14,222 - INFO - StepAudio_Exit G97GP3YC
2025-04-12 19:25:14,223 - INFO - StepAudio_Enter 6YH5YKUE
StepAudio_Enter Z965AM6F
2025-04-12 19:25:14,309 - INFO - StepAudio_Exit 6YH5YKUE
StepAudio_Exit Z965AM6F
2025-04-12 19:25:14,350 - INFO - StepAudio_Enter 6NF19FC0
2025-04-12 19:25:14,431 - INFO - StepAudio_Exit 6NF19FC0
2025-04-12 19:25:14,432 - INFO - StepAudio_Enter 12DVGV41
2025-04-12 19:25:14,508 - INFO - StepAudio_Exit 12DVGV41
2025-04-12 19:25:14,509 - INFO - StepAudio_Enter PTCQX5GY
2025-04-12 19:25:14,583 - INFO - StepAudio_Exit PTCQX5GY
2025-04-12 19:25:14,584 - INFO - StepAudio_Enter PQ4505KT
2025-04-12 19:25:14,658 - INFO - StepAudio_Exit PQ4505KT
2025-04-12 19:25:14,659 - INFO - StepAudio_Enter AMQVKINL
2025-04-12 19:25:14,738 - INFO - StepAudio_Exit AMQVKINL
2025-04-12 19:25:14,739 - INFO - StepAudio_Enter K5LZNA82
StepAudio_Enter DSXJ8CYS
2025-04-12 19:25:14,827 - INFO - StepAudio_Exit K5LZNA82
StepAudio_Exit DSXJ8CYS
2025-04-12 19:25:14,828 - INFO - StepAudio_Enter E6ZPMN4M
2025-04-12 19:25:14,906 - INFO - StepAudio_Exit E6ZPMN4M
2025-04-12 19:25:14,907 - INFO - StepAudio_Enter F7R9CJHO
2025-04-12 19:25:14,982 - INFO - StepAudio_Exit F7R9CJHO
2025-04-12 19:25:14,983 - INFO - StepAudio_Enter 4CR0YFET
2025-04-12 19:25:15,056 - INFO - StepAudio_Exit 4CR0YFET
2025-04-12 19:25:15,057 - INFO - StepAudio_Enter DKQU4BBZ
2025-04-12 19:25:15,133 - INFO - StepAudio_Exit DKQU4BBZ
2025-04-12 19:25:15,134 - INFO - StepAudio_Enter TM8T2AXB
2025-04-12 19:25:15,207 - INFO - StepAudio_Exit TM8T2AXB
2025-04-12 19:25:15,208 - INFO - StepAudio_Enter LGVLKLMB
2025-04-12 19:25:15,283 - INFO - StepAudio_Exit LGVLKLMB
2025-04-12 19:25:15,284 - INFO - StepAudio_Enter IFEAH1CA
2025-04-12 19:25:15,357 - INFO - StepAudio_Exit IFEAH1CA
2025-04-12 19:25:15,358 - INFO - StepAudio_Enter ZJRDGEPL
2025-04-12 19:25:15,431 - INFO - StepAudio_Exit ZJRDGEPL
2025-04-12 19:25:15,432 - INFO - StepAudio_Enter YJJ7V3EU
2025-04-12 19:25:15,505 - INFO - StepAudio_Exit YJJ7V3EU
2025-04-12 19:25:15,506 - INFO - StepAudio_Enter 9BJM5D1Y
2025-04-12 19:25:15,581 - INFO - StepAudio_Exit 9BJM5D1Y
2025-04-12 19:25:15,582 - INFO - StepAudio_Enter IW5Z8V0D
2025-04-12 19:25:15,655 - INFO - StepAudio_Exit IW5Z8V0D
2025-04-12 19:25:15,656 - INFO - StepAudio_Enter 5LJ7W434
2025-04-12 19:25:15,730 - INFO - StepAudio_Exit 5LJ7W434
2025-04-12 19:25:15,731 - INFO - StepAudio_Enter Z7SDTIT3
2025-04-12 19:25:15,808 - INFO - StepAudio_Exit Z7SDTIT3
2025-04-12 19:25:15,809 - INFO - StepAudio_Enter VOPHERVB
StepAudio_Enter SKCVVKKG
2025-04-12 19:25:15,892 - INFO - StepAudio_Exit VOPHERVB
StepAudio_Exit SKCVVKKG
2025-04-12 19:25:15,905 - INFO - StepAudio_Enter SS90LGWM
2025-04-12 19:25:15,986 - INFO - StepAudio_Exit SS90LGWM
2025-04-12 19:25:15,987 - INFO - StepAudio_Enter TAQE3I55
2025-04-12 19:25:16,064 - INFO - StepAudio_Exit TAQE3I55
2025-04-12 19:25:16,064 - INFO - StepAudio_Enter 17XFE56M
2025-04-12 19:25:16,141 - INFO - StepAudio_Exit 17XFE56M
2025-04-12 19:25:16,150 - INFO - StepAudio_Enter F07BY80Q
2025-04-12 19:25:16,234 - INFO - StepAudio_Exit F07BY80Q
2025-04-12 19:25:16,235 - INFO - StepAudio_Enter 7UUR6CQY
2025-04-12 19:25:16,312 - INFO - StepAudio_Exit 7UUR6CQY
2025-04-12 19:25:16,313 - INFO - StepAudio_Enter EDDWOQ5O
StepAudio_Enter I177TW3K
2025-04-12 19:25:16,401 - INFO - StepAudio_Exit EDDWOQ5O
StepAudio_Exit I177TW3K
2025-04-12 19:25:16,402 - INFO - StepAudio_Enter YC61CZQL
2025-04-12 19:25:16,475 - INFO - StepAudio_Exit YC61CZQL
2025-04-12 19:25:16,481 - INFO - StepAudio_Enter 5VWAYR29
2025-04-12 19:25:16,560 - INFO - StepAudio_Exit 5VWAYR29
2025-04-12 19:25:16,561 - INFO - StepAudio_Enter U5CHSG8N
2025-04-12 19:25:16,641 - INFO - StepAudio_Exit U5CHSG8N
2025-04-12 19:25:16,642 - INFO - StepAudio_Enter J94UYZ8U
2025-04-12 19:25:16,713 - INFO - StepAudio_Exit J94UYZ8U
2025-04-12 19:25:16,714 - INFO - StepAudio_Enter Y59DULLP
2025-04-12 19:25:16,787 - INFO - StepAudio_Exit Y59DULLP
2025-04-12 19:25:16,788 - INFO - StepAudio_Enter VTXRBX1R
2025-04-12 19:25:16,862 - INFO - StepAudio_Exit VTXRBX1R
2025-04-12 19:25:16,863 - INFO - StepAudio_Enter 8YX1TB6T
2025-04-12 19:25:16,934 - INFO - StepAudio_Exit 8YX1TB6T
2025-04-12 19:25:16,935 - INFO - StepAudio_Enter MX3Q46JZ
2025-04-12 19:25:17,008 - INFO - StepAudio_Exit MX3Q46JZ
2025-04-12 19:25:17,009 - INFO - StepAudio_Enter MVTH0BPA
2025-04-12 19:25:17,085 - INFO - StepAudio_Exit MVTH0BPA
2025-04-12 19:25:17,086 - INFO - StepAudio_Enter S1IZAELF
StepAudio_Enter Z7HNI2RN
2025-04-12 19:25:17,169 - INFO - StepAudio_Exit S1IZAELF
StepAudio_Exit Z7HNI2RN
2025-04-12 19:25:17,184 - INFO - StepAudio_Enter ZIH4SIIY
2025-04-12 19:25:17,261 - INFO - StepAudio_Exit ZIH4SIIY
2025-04-12 19:25:17,262 - INFO - StepAudio_Enter 92XGTRK5
2025-04-12 19:25:17,339 - INFO - StepAudio_Exit 92XGTRK5
2025-04-12 19:25:17,340 - INFO - StepAudio_Enter 50PQ33AT
2025-04-12 19:25:17,414 - INFO - StepAudio_Exit 50PQ33AT
2025-04-12 19:25:17,418 - INFO - StepAudio_Enter VA363YE4
2025-04-12 19:25:17,497 - INFO - StepAudio_Exit VA363YE4
2025-04-12 19:25:17,498 - INFO - StepAudio_Enter 3RVDN5EV
2025-04-12 19:25:17,573 - INFO - StepAudio_Exit 3RVDN5EV
2025-04-12 19:25:17,574 - INFO - StepAudio_Enter J1TW47LQ
2025-04-12 19:25:17,649 - INFO - StepAudio_Exit J1TW47LQ
2025-04-12 19:25:17,650 - INFO - StepAudio_Enter 67HO4000
2025-04-12 19:25:17,723 - INFO - StepAudio_Exit 67HO4000
2025-04-12 19:25:17,724 - INFO - StepAudio_Enter ZQYZQ5OJ
2025-04-12 19:25:17,802 - INFO - StepAudio_Exit ZQYZQ5OJ
2025-04-12 19:25:17,803 - INFO - StepAudio_Enter UMJ0DN7Z
2025-04-12 19:25:17,877 - INFO - StepAudio_Exit UMJ0DN7Z
2025-04-12 19:25:17,878 - INFO - StepAudio_Enter M7CBES7W
2025-04-12 19:25:17,954 - INFO - StepAudio_Exit M7CBES7W
2025-04-12 19:25:17,955 - INFO - StepAudio_Enter 3YCGTACA
StepAudio_Enter YXYQESF6
2025-04-12 19:25:18,038 - INFO - StepAudio_Exit 3YCGTACA
StepAudio_Exit YXYQESF6
2025-04-12 19:25:18,039 - INFO - StepAudio_Enter 7D1D1NED
2025-04-12 19:25:18,113 - INFO - StepAudio_Exit 7D1D1NED
2025-04-12 19:25:18,113 - INFO - StepAudio_Enter L2JSCFNJ
2025-04-12 19:25:18,187 - INFO - StepAudio_Exit L2JSCFNJ
2025-04-12 19:25:18,187 - INFO - StepAudio_Enter PXNWUH3Z
2025-04-12 19:25:18,260 - INFO - StepAudio_Exit PXNWUH3Z
2025-04-12 19:25:18,261 - INFO - StepAudio_Enter G7N34FUW
2025-04-12 19:25:18,335 - INFO - StepAudio_Exit G7N34FUW
2025-04-12 19:25:18,336 - INFO - StepAudio_Enter O0SHWNOI
2025-04-12 19:25:18,411 - INFO - StepAudio_Exit O0SHWNOI
2025-04-12 19:25:18,412 - INFO - StepAudio_Enter XS48TPWB
2025-04-12 19:25:18,485 - INFO - StepAudio_Exit XS48TPWB
2025-04-12 19:25:18,486 - INFO - StepAudio_Enter LC43YCG5
2025-04-12 19:25:18,561 - INFO - StepAudio_Exit LC43YCG5
2025-04-12 19:25:18,561 - INFO - StepAudio_Enter WDRGRDI8
2025-04-12 19:25:18,635 - INFO - StepAudio_Exit WDRGRDI8
2025-04-12 19:25:18,636 - INFO - StepAudio_Enter FFURH7KI
2025-04-12 19:25:18,715 - INFO - StepAudio_Exit FFURH7KI
2025-04-12 19:25:18,716 - INFO - StepAudio_Enter 8RVAQULI
2025-04-12 19:25:18,790 - INFO - StepAudio_Exit 8RVAQULI
2025-04-12 19:25:18,791 - INFO - StepAudio_Enter 8QVA08UG
2025-04-12 19:25:18,864 - INFO - StepAudio_Exit 8QVA08UG
2025-04-12 19:25:18,865 - INFO - StepAudio_Enter V1XN77AY
2025-04-12 19:25:18,938 - INFO - StepAudio_Exit V1XN77AY
2025-04-12 19:25:18,938 - INFO - StepAudio_Enter BW2B39E6
2025-04-12 19:25:19,014 - INFO - StepAudio_Exit BW2B39E6
2025-04-12 19:25:19,014 - INFO - StepAudio_Enter GQSEX2CQ
2025-04-12 19:25:19,088 - INFO - StepAudio_Exit GQSEX2CQ
2025-04-12 19:25:19,089 - INFO - StepAudio_Enter NNI9ZKQK
2025-04-12 19:25:19,166 - INFO - StepAudio_Exit NNI9ZKQK
2025-04-12 19:25:19,167 - INFO - StepAudio_Enter P4ME0VT7
2025-04-12 19:25:19,243 - INFO - StepAudio_Exit P4ME0VT7
2025-04-12 19:25:19,244 - INFO - StepAudio_Enter 8F475HO3
StepAudio_Enter JYG0ZNEU
2025-04-12 19:25:19,331 - INFO - StepAudio_Exit 8F475HO3
StepAudio_Exit JYG0ZNEU
2025-04-12 19:25:19,332 - INFO - StepAudio_Enter ZAF3N54A
2025-04-12 19:25:19,408 - INFO - StepAudio_Exit ZAF3N54A
2025-04-12 19:25:19,409 - INFO - StepAudio_Enter ZIC1CSIG
2025-04-12 19:25:19,483 - INFO - StepAudio_Exit ZIC1CSIG
2025-04-12 19:25:19,484 - INFO - StepAudio_Enter 52SJOTMW
2025-04-12 19:25:19,558 - INFO - StepAudio_Exit 52SJOTMW
2025-04-12 19:25:19,558 - INFO - StepAudio_Enter ZA0E7322
2025-04-12 19:25:19,633 - INFO - StepAudio_Exit ZA0E7322
2025-04-12 19:25:19,634 - INFO - StepAudio_Enter X0IQSCV9
2025-04-12 19:25:19,706 - INFO - StepAudio_Exit X0IQSCV9
2025-04-12 19:25:19,707 - INFO - StepAudio_Enter XSJHM2DY
2025-04-12 19:25:19,780 - INFO - StepAudio_Exit XSJHM2DY
2025-04-12 19:25:19,781 - INFO - StepAudio_Enter M5KG7LBH
2025-04-12 19:25:19,855 - INFO - StepAudio_Exit M5KG7LBH
2025-04-12 19:25:19,856 - INFO - StepAudio_Enter I5FBOT07
2025-04-12 19:25:19,929 - INFO - StepAudio_Exit I5FBOT07
2025-04-12 19:25:19,929 - INFO - StepAudio_Enter QB2V67L8
2025-04-12 19:25:20,003 - INFO - StepAudio_Exit QB2V67L8
2025-04-12 19:25:20,004 - INFO - StepAudio_Enter 8ZBTHFIU
2025-04-12 19:25:20,081 - INFO - StepAudio_Exit 8ZBTHFIU
2025-04-12 19:25:20,082 - INFO - StepAudio_Enter BYLZPZ34
2025-04-12 19:25:20,156 - INFO - StepAudio_Exit BYLZPZ34
2025-04-12 19:25:20,157 - INFO - StepAudio_Enter FISZCFPY
2025-04-12 19:25:20,234 - INFO - StepAudio_Exit FISZCFPY
2025-04-12 19:25:20,236 - INFO - StepAudio_Enter V4SNB7LX
2025-04-12 19:25:20,311 - INFO - StepAudio_Exit V4SNB7LX
2025-04-12 19:25:20,312 - INFO - StepAudio_Enter 8W0K601J
StepAudio_Enter GUOE5M4S
2025-04-12 19:25:20,396 - INFO - StepAudio_Exit 8W0K601J
StepAudio_Exit GUOE5M4S
2025-04-12 19:25:20,397 - INFO - StepAudio_Enter Y1IP36DZ
2025-04-12 19:25:20,470 - INFO - StepAudio_Exit Y1IP36DZ
2025-04-12 19:25:20,471 - INFO - StepAudio_Enter DTWP0L7X
2025-04-12 19:25:20,541 - INFO - StepAudio_Exit DTWP0L7X
2025-04-12 19:25:20,574 - INFO - StepAudio_Enter D4VDUJJ4
2025-04-12 19:25:20,654 - INFO - StepAudio_Exit D4VDUJJ4
2025-04-12 19:25:20,655 - INFO - StepAudio_Enter YHHIBKVJ
2025-04-12 19:25:20,727 - INFO - StepAudio_Exit YHHIBKVJ
2025-04-12 19:25:20,728 - INFO - StepAudio_Enter V1MJD7S0
2025-04-12 19:25:20,801 - INFO - StepAudio_Exit V1MJD7S0
2025-04-12 19:25:20,802 - INFO - StepAudio_Enter L7IV6Y1B
2025-04-12 19:25:20,876 - INFO - StepAudio_Exit L7IV6Y1B
2025-04-12 19:25:20,877 - INFO - StepAudio_Enter 08YS2X90
2025-04-12 19:25:20,950 - INFO - StepAudio_Exit 08YS2X90
2025-04-12 19:25:20,951 - INFO - StepAudio_Enter 21DB58XE
2025-04-12 19:25:21,026 - INFO - StepAudio_Exit 21DB58XE
2025-04-12 19:25:21,027 - INFO - StepAudio_Enter WQA9YEI0
StepAudio_Enter QUGACSNS
2025-04-12 19:25:21,114 - INFO - StepAudio_Exit WQA9YEI0
StepAudio_Exit QUGACSNS
2025-04-12 19:25:21,116 - INFO - StepAudio_Enter EJW3UOW0
2025-04-12 19:25:21,190 - INFO - StepAudio_Exit EJW3UOW0
2025-04-12 19:25:21,191 - INFO - StepAudio_Enter TMX7CDWS
2025-04-12 19:25:21,264 - INFO - StepAudio_Exit TMX7CDWS
2025-04-12 19:25:21,265 - INFO - StepAudio_Enter 91YD1SIF
2025-04-12 19:25:21,338 - INFO - StepAudio_Exit 91YD1SIF
2025-04-12 19:25:21,339 - INFO - StepAudio_Enter 16ZW5EBX
2025-04-12 19:25:21,413 - INFO - StepAudio_Exit 16ZW5EBX
2025-04-12 19:25:21,414 - INFO - StepAudio_Enter TLWNRA52
2025-04-12 19:25:21,487 - INFO - StepAudio_Exit TLWNRA52
2025-04-12 19:25:21,488 - INFO - StepAudio_Enter 9FVJ6VN8
2025-04-12 19:25:21,560 - INFO - StepAudio_Exit 9FVJ6VN8
2025-04-12 19:25:21,561 - INFO - StepAudio_Enter VP98GCGO
2025-04-12 19:25:21,635 - INFO - StepAudio_Exit VP98GCGO
2025-04-12 19:25:21,652 - INFO - StepAudio_Enter FWD8S2JM
2025-04-12 19:25:21,736 - INFO - StepAudio_Exit FWD8S2JM
2025-04-12 19:25:21,737 - INFO - StepAudio_Enter 023346CU
2025-04-12 19:25:21,821 - INFO - StepAudio_Exit 023346CU
2025-04-12 19:25:21,822 - INFO - StepAudio_Enter 1YIQ0H7M
StepAudio_Enter BWPXF611
2025-04-12 19:25:21,906 - INFO - StepAudio_Exit 1YIQ0H7M
StepAudio_Exit BWPXF611
2025-04-12 19:25:21,907 - INFO - StepAudio_Enter JTPMQ3DJ
2025-04-12 19:25:21,984 - INFO - StepAudio_Exit JTPMQ3DJ
2025-04-12 19:25:21,985 - INFO - StepAudio_Enter HZIUCK73
2025-04-12 19:25:22,058 - INFO - StepAudio_Exit HZIUCK73
