2025-04-01 02:39:04,519 - INFO - Ingress_Enter 2J93X0PS
2025-04-01 02:39:04,570 - INFO - Ingress_Enter U9U1W9KX
2025-04-01 02:39:04,796 - INFO - Ingress_Enter 6S9GJQ8I
2025-04-01 02:39:04,883 - INFO - Ingress_Enter ERITQIN2
2025-04-01 02:39:05,063 - INFO - Ingress_Exit U9U1W9KX
2025-04-01 02:39:05,142 - INFO - Ingress_Exit 2J93X0PS
2025-04-01 02:39:05,144 - INFO - Ingress_Exit ERITQIN2
2025-04-01 02:39:05,290 - INFO - Ingress_Exit 6S9GJQ8I
2025-04-01 02:39:15,202 - INFO - Ingress_Enter KYHJTU1T
2025-04-01 02:39:15,294 - INFO - Ingress_Exit KYHJTU1T
2025-04-01 02:39:15,511 - INFO - Ingress_Enter IVPVNOBE
2025-04-01 02:39:15,626 - INFO - Ingress_Exit IVPVNOBE
2025-04-01 02:39:15,632 - INFO - Ingress_Enter I946J6NM
2025-04-01 02:39:15,735 - INFO - Ingress_Enter KM1LD0EX
2025-04-01 02:39:15,736 - INFO - Ingress_Exit I946J6NM
2025-04-01 02:39:15,838 - INFO - Ingress_Enter LSQLGV16
2025-04-01 02:39:15,903 - INFO - Ingress_Exit KM1LD0EX
2025-04-01 02:39:15,955 - INFO - Ingress_Exit LSQLGV16
2025-04-01 02:39:16,182 - INFO - Ingress_Enter 57B47GJE
2025-04-01 02:39:16,307 - INFO - Ingress_Exit 57B47GJE
2025-04-01 02:39:16,406 - INFO - Ingress_Enter BP9YV4SS
2025-04-01 02:39:16,524 - INFO - Ingress_Exit BP9YV4SS
2025-04-01 02:39:18,510 - INFO - Ingress_Enter CG2WNCZ0
2025-04-01 02:39:18,621 - INFO - Ingress_Exit CG2WNCZ0
2025-04-01 02:39:18,682 - INFO - Ingress_Enter MNZE5TK4
2025-04-01 02:39:18,806 - INFO - Ingress_Exit MNZE5TK4
2025-04-01 02:39:19,133 - INFO - Ingress_Enter DHEA5LZQ
2025-04-01 02:39:19,235 - INFO - Ingress_Exit DHEA5LZQ
2025-04-01 02:39:19,269 - INFO - Ingress_Enter RLZN2O9G
2025-04-01 02:39:19,320 - INFO - Ingress_Enter TE7RU78D
2025-04-01 02:39:19,381 - INFO - Ingress_Exit RLZN2O9G
2025-04-01 02:39:19,411 - INFO - Ingress_Exit TE7RU78D
2025-04-01 02:39:19,510 - INFO - Ingress_Enter Y62R9H66
2025-04-01 02:39:19,527 - INFO - Ingress_Enter L32W5S9K
2025-04-01 02:39:19,610 - INFO - Ingress_Exit Y62R9H66
2025-04-01 02:39:19,626 - INFO - Ingress_Exit L32W5S9K
2025-04-01 02:39:20,544 - INFO - Ingress_Enter 9X35ZY9Z
2025-04-01 02:39:20,577 - INFO - Ingress_Enter TLUBTOPN
2025-04-01 02:39:20,650 - INFO - Ingress_Exit 9X35ZY9Z
2025-04-01 02:39:20,704 - INFO - Ingress_Exit TLUBTOPN
2025-04-01 02:39:22,348 - INFO - Ingress_Enter TXD82DG3
2025-04-01 02:39:22,442 - INFO - Ingress_Exit TXD82DG3
2025-04-01 02:39:22,764 - INFO - Ingress_Enter BFEU6KF6
2025-04-01 02:39:22,855 - INFO - Ingress_Exit BFEU6KF6
2025-04-01 02:39:22,901 - INFO - Ingress_Enter 9YSWY297
2025-04-01 02:39:23,023 - INFO - Ingress_Exit 9YSWY297
2025-04-01 02:39:23,178 - INFO - Ingress_Enter YYZZ87SM
2025-04-01 02:39:23,212 - INFO - Ingress_Enter SARTOBZ3
2025-04-01 02:39:23,304 - INFO - Ingress_Exit YYZZ87SM
2025-04-01 02:39:23,336 - INFO - Ingress_Exit SARTOBZ3
2025-04-01 02:39:23,934 - INFO - Ingress_Enter H3FQ04PD
2025-04-01 02:39:24,078 - INFO - Ingress_Exit H3FQ04PD
2025-04-01 02:39:24,208 - INFO - Ingress_Enter 19XEDCW6
2025-04-01 02:39:24,306 - INFO - Ingress_Exit 19XEDCW6
2025-04-01 02:39:25,742 - INFO - Ingress_Enter RWLJVUM5
2025-04-01 02:39:25,835 - INFO - Ingress_Exit RWLJVUM5
2025-04-01 02:39:25,880 - INFO - Ingress_Enter 6P0A206X
2025-04-01 02:39:25,991 - INFO - Ingress_Exit 6P0A206X
2025-04-01 02:39:26,229 - INFO - Ingress_Enter ZAQVJESI
2025-04-01 02:39:26,332 - INFO - Ingress_Exit ZAQVJESI
2025-04-01 02:39:26,381 - INFO - Ingress_Enter NAOW6TAJ
2025-04-01 02:39:26,482 - INFO - Ingress_Exit NAOW6TAJ
2025-04-01 02:39:26,655 - INFO - Ingress_Enter AWM6LAT6
2025-04-01 02:39:26,800 - INFO - Ingress_Exit AWM6LAT6
2025-04-01 02:39:26,981 - INFO - Ingress_Enter DU2MW0MR
2025-04-01 02:39:27,067 - INFO - Ingress_Enter F5YNS4GP
2025-04-01 02:39:27,106 - INFO - Ingress_Exit DU2MW0MR
2025-04-01 02:39:27,162 - INFO - Ingress_Exit F5YNS4GP
2025-04-01 02:39:27,171 - INFO - Ingress_Enter 5YMJE8WT
2025-04-01 02:39:27,287 - INFO - Ingress_Exit 5YMJE8WT
2025-04-01 02:39:27,381 - INFO - Ingress_Enter UJONLFS8
2025-04-01 02:39:27,494 - INFO - Ingress_Exit UJONLFS8
2025-04-01 02:39:27,569 - INFO - Ingress_Enter B2TBMHZH
2025-04-01 02:39:27,655 - INFO - Ingress_Exit B2TBMHZH
2025-04-01 02:39:27,894 - INFO - Ingress_Enter QJP7ESJ7
2025-04-01 02:39:28,061 - INFO - Ingress_Exit QJP7ESJ7
2025-04-01 02:39:28,133 - INFO - Ingress_Enter 22O7TYPH
2025-04-01 02:39:28,248 - INFO - Ingress_Exit 22O7TYPH
2025-04-01 02:39:28,872 - INFO - Ingress_Enter FW50MD26
2025-04-01 02:39:28,890 - INFO - Ingress_Enter AA4AMGC0
2025-04-01 02:39:28,963 - INFO - Ingress_Exit FW50MD26
2025-04-01 02:39:29,008 - INFO - Ingress_Exit AA4AMGC0
2025-04-01 02:39:29,496 - INFO - Ingress_Enter 06WQDOFC
2025-04-01 02:39:29,630 - INFO - Ingress_Exit 06WQDOFC
2025-04-01 02:39:29,719 - INFO - Ingress_Enter CHHXSPE9
2025-04-01 02:39:29,823 - INFO - Ingress_Exit CHHXSPE9
2025-04-01 02:39:30,061 - INFO - Ingress_Enter 5R8JRHDX
2025-04-01 02:39:30,153 - INFO - Ingress_Exit 5R8JRHDX
2025-04-01 02:39:30,387 - INFO - Ingress_Enter 8CM2EK8Y
2025-04-01 02:39:30,422 - INFO - Ingress_Enter LG7XS3EV
2025-04-01 02:39:30,505 - INFO - Ingress_Exit 8CM2EK8Y
2025-04-01 02:39:30,537 - INFO - Ingress_Exit LG7XS3EV
2025-04-01 02:39:31,004 - INFO - Ingress_Enter CABS7BDG
2025-04-01 02:39:31,038 - INFO - Ingress_Enter OTNPKW2D
2025-04-01 02:39:31,100 - INFO - Ingress_Exit CABS7BDG
2025-04-01 02:39:31,139 - INFO - Ingress_Exit OTNPKW2D
2025-04-01 02:39:31,159 - INFO - Ingress_Enter Y6RMKV73
2025-04-01 02:39:31,176 - INFO - Ingress_Enter TIVGK67S
2025-04-01 02:39:31,272 - INFO - Ingress_Exit Y6RMKV73
2025-04-01 02:39:31,274 - INFO - Ingress_Exit TIVGK67S
2025-04-01 02:39:31,931 - INFO - Ingress_Enter L5FROTB2
2025-04-01 02:39:32,053 - INFO - Ingress_Exit L5FROTB2
2025-04-01 02:39:33,064 - INFO - Ingress_Enter B1SWL4T1
2025-04-01 02:39:33,174 - INFO - Ingress_Exit B1SWL4T1
2025-04-01 02:39:33,372 - INFO - Ingress_Enter SRDF93UC
2025-04-01 02:39:33,480 - INFO - Ingress_Exit SRDF93UC
2025-04-01 02:39:33,769 - INFO - Ingress_Enter BZDXJAWL
2025-04-01 02:39:33,886 - INFO - Ingress_Exit BZDXJAWL
2025-04-01 02:39:33,940 - INFO - Ingress_Enter QCLUBS2X
2025-04-01 02:39:34,060 - INFO - Ingress_Exit QCLUBS2X
2025-04-01 02:39:34,525 - INFO - Ingress_Enter 3DITE4XZ
2025-04-01 02:39:34,626 - INFO - Ingress_Exit 3DITE4XZ
2025-04-01 02:39:35,780 - INFO - Ingress_Enter FDEHBX16
2025-04-01 02:39:35,876 - INFO - Ingress_Exit FDEHBX16
2025-04-01 02:39:35,898 - INFO - Ingress_Enter WJQF2DUG
2025-04-01 02:39:35,992 - INFO - Ingress_Exit WJQF2DUG
2025-04-01 02:39:36,363 - INFO - Ingress_Enter 572KZJXM
2025-04-01 02:39:36,465 - INFO - Ingress_Exit 572KZJXM
2025-04-01 02:39:36,688 - INFO - Ingress_Enter LGV139UT
2025-04-01 02:39:36,723 - INFO - Ingress_Enter G39PQO1Q
2025-04-01 02:39:36,799 - INFO - Ingress_Exit LGV139UT
2025-04-01 02:39:36,815 - INFO - Ingress_Exit G39PQO1Q
2025-04-01 02:39:36,998 - INFO - Ingress_Enter 4SZD66BB
2025-04-01 02:39:37,032 - INFO - Ingress_Enter UHNV8L6S
2025-04-01 02:39:37,088 - INFO - Ingress_Exit 4SZD66BB
2025-04-01 02:39:37,141 - INFO - Ingress_Exit UHNV8L6S
2025-04-01 02:39:39,056 - INFO - Ingress_Enter J8Y7O6HG
2025-04-01 02:39:39,163 - INFO - Ingress_Exit J8Y7O6HG
2025-04-01 02:39:39,590 - INFO - Ingress_Enter 4RJRV7X6
2025-04-01 02:39:39,712 - INFO - Ingress_Exit 4RJRV7X6
2025-04-01 02:39:39,829 - INFO - Ingress_Enter D6TWU2KH
2025-04-01 02:39:39,917 - INFO - Ingress_Enter 06YLRV2H
2025-04-01 02:39:39,926 - INFO - Ingress_Exit D6TWU2KH
2025-04-01 02:39:40,028 - INFO - Ingress_Exit 06YLRV2H
2025-04-01 02:39:40,242 - INFO - Ingress_Enter 8BUNGXFC
2025-04-01 02:39:40,310 - INFO - Ingress_Enter 6VUN53IQ
2025-04-01 02:39:40,359 - INFO - Ingress_Exit 8BUNGXFC
2025-04-01 02:39:40,431 - INFO - Ingress_Exit 6VUN53IQ
2025-04-01 02:39:40,467 - INFO - Ingress_Enter XXIXGXKZ
2025-04-01 02:39:40,579 - INFO - Ingress_Exit XXIXGXKZ
2025-04-01 02:39:40,776 - INFO - Ingress_Enter 9B48HPE9
2025-04-01 02:39:40,828 - INFO - Ingress_Enter E32IOTIJ
2025-04-01 02:39:40,872 - INFO - Ingress_Exit 9B48HPE9
2025-04-01 02:39:40,924 - INFO - Ingress_Exit E32IOTIJ
2025-04-01 02:39:40,983 - INFO - Ingress_Enter 5JBI1A4L
2025-04-01 02:39:41,086 - INFO - Ingress_Exit 5JBI1A4L
2025-04-01 02:39:41,292 - INFO - Ingress_Enter WW427CIS
2025-04-01 02:39:41,387 - INFO - Ingress_Exit WW427CIS
2025-04-01 02:39:41,635 - INFO - Ingress_Enter 1DE6FLQ8
2025-04-01 02:39:41,729 - INFO - Ingress_Exit 1DE6FLQ8
2025-04-01 02:39:42,036 - INFO - Ingress_Enter DMBAB2XT
2025-04-01 02:39:42,141 - INFO - Ingress_Exit DMBAB2XT
2025-04-01 02:39:42,164 - INFO - Ingress_Enter Y382JLW7
2025-04-01 02:39:42,269 - INFO - Ingress_Exit Y382JLW7
2025-04-01 02:39:42,421 - INFO - Ingress_Enter V3BGECM5
2025-04-01 02:39:42,536 - INFO - Ingress_Exit V3BGECM5
2025-04-01 02:39:42,921 - INFO - Ingress_Enter KJ3Y3OVV
2025-04-01 02:39:42,954 - INFO - Ingress_Enter B6YJIQ3U
2025-04-01 02:39:43,038 - INFO - Ingress_Exit KJ3Y3OVV
2025-04-01 02:39:43,069 - INFO - Ingress_Exit B6YJIQ3U
2025-04-01 02:39:43,984 - INFO - Ingress_Enter EIOSLFXJ
2025-04-01 02:39:44,078 - INFO - Ingress_Exit EIOSLFXJ
2025-04-01 02:39:44,505 - INFO - Ingress_Enter 04CWSMVU
2025-04-01 02:39:44,604 - INFO - Ingress_Exit 04CWSMVU
2025-04-01 02:39:44,796 - INFO - Ingress_Enter AWB60HOL
2025-04-01 02:39:44,900 - INFO - Ingress_Enter LMGJE17D
2025-04-01 02:39:44,931 - INFO - Ingress_Exit AWB60HOL
2025-04-01 02:39:44,996 - INFO - Ingress_Exit LMGJE17D
2025-04-01 02:39:45,725 - INFO - Ingress_Enter SQVJFMHE
2025-04-01 02:39:45,824 - INFO - Ingress_Exit SQVJFMHE
2025-04-01 02:39:45,828 - INFO - Ingress_Enter IWAVJJDN
2025-04-01 02:39:45,946 - INFO - Ingress_Exit IWAVJJDN
2025-04-01 02:39:46,446 - INFO - Ingress_Enter XDIVBVV6
2025-04-01 02:39:46,462 - INFO - Ingress_Enter QI90J8DN
2025-04-01 02:39:46,542 - INFO - Ingress_Exit XDIVBVV6
2025-04-01 02:39:46,571 - INFO - Ingress_Exit QI90J8DN
2025-04-01 02:39:46,924 - INFO - Ingress_Enter TLMKO11P
2025-04-01 02:39:47,010 - INFO - Ingress_Enter UFBHMMZZ
2025-04-01 02:39:47,027 - INFO - Ingress_Exit TLMKO11P
2025-04-01 02:39:47,145 - INFO - Ingress_Exit UFBHMMZZ
2025-04-01 02:39:47,182 - INFO - Ingress_Enter GMP3UV91
2025-04-01 02:39:47,279 - INFO - Ingress_Exit GMP3UV91
2025-04-01 02:39:47,405 - INFO - Ingress_Enter 7YXRHBY7
2025-04-01 02:39:47,520 - INFO - Ingress_Exit 7YXRHBY7
2025-04-01 02:39:47,697 - INFO - Ingress_Enter 52KNVGH7
2025-04-01 02:39:47,792 - INFO - Ingress_Exit 52KNVGH7
2025-04-01 02:39:48,023 - INFO - Ingress_Enter RD9LXVXO
2025-04-01 02:39:48,129 - INFO - Ingress_Exit RD9LXVXO
2025-04-01 02:39:48,228 - INFO - Ingress_Enter J4YRLMO4
2025-04-01 02:39:48,372 - INFO - Ingress_Exit J4YRLMO4
2025-04-01 02:39:48,848 - INFO - Ingress_Enter HY0KVQMX
2025-04-01 02:39:48,962 - INFO - Ingress_Exit HY0KVQMX
2025-04-01 02:39:49,036 - INFO - Ingress_Enter 9G5MVZCX
2025-04-01 02:39:49,123 - INFO - Ingress_Enter 33QYWXO5
2025-04-01 02:39:49,146 - INFO - Ingress_Exit 9G5MVZCX
2025-04-01 02:39:49,224 - INFO - Ingress_Exit 33QYWXO5
2025-04-01 02:39:50,519 - INFO - Ingress_Enter VTVJ9YTM
2025-04-01 02:39:50,613 - INFO - Ingress_Exit VTVJ9YTM
2025-04-01 02:39:51,617 - INFO - Ingress_Enter 98SG9JTX
2025-04-01 02:39:51,800 - INFO - Ingress_Exit 98SG9JTX
2025-04-01 02:39:52,870 - INFO - Ingress_Enter 5NOFYCJI
2025-04-01 02:39:52,920 - INFO - Ingress_Enter F8ABN9Y1
2025-04-01 02:39:52,982 - INFO - Ingress_Exit 5NOFYCJI
2025-04-01 02:39:53,048 - INFO - Ingress_Exit F8ABN9Y1
2025-04-01 02:39:53,401 - INFO - Ingress_Enter 8J8K7WPL
2025-04-01 02:39:53,498 - INFO - Ingress_Exit 8J8K7WPL
2025-04-01 02:39:53,741 - INFO - Ingress_Enter 3KP7ZRAJ
2025-04-01 02:39:53,858 - INFO - Ingress_Exit 3KP7ZRAJ
2025-04-01 02:39:54,274 - INFO - Ingress_Enter YAORLSTP
2025-04-01 02:39:54,368 - INFO - Ingress_Exit YAORLSTP
2025-04-01 02:39:55,650 - INFO - Ingress_Enter YLZO3UNT
2025-04-01 02:39:55,768 - INFO - Ingress_Exit YLZO3UNT
2025-04-01 02:39:55,821 - INFO - Ingress_Enter OI9AESN9
2025-04-01 02:39:55,917 - INFO - Ingress_Exit OI9AESN9
2025-04-01 02:39:55,924 - INFO - Ingress_Enter 49VJK3WI
2025-04-01 02:39:56,014 - INFO - Ingress_Exit 49VJK3WI
2025-04-01 02:39:56,044 - INFO - Ingress_Enter BY0WKER9
2025-04-01 02:39:56,133 - INFO - Ingress_Exit BY0WKER9
2025-04-01 02:39:56,181 - INFO - Ingress_Enter 7I5VVLPB
2025-04-01 02:39:56,280 - INFO - Ingress_Exit 7I5VVLPB
2025-04-01 02:39:56,578 - INFO - Ingress_Enter RO7IMZE2
2025-04-01 02:39:56,663 - INFO - Ingress_Exit RO7IMZE2
2025-04-01 02:39:56,749 - INFO - Ingress_Enter T3MNP93J
2025-04-01 02:39:56,846 - INFO - Ingress_Exit T3MNP93J
2025-04-01 02:39:57,679 - INFO - Ingress_Enter KF3RNXC4
2025-04-01 02:39:57,779 - INFO - Ingress_Exit KF3RNXC4
2025-04-01 02:39:58,177 - INFO - Ingress_Enter VKVPAMFJ
2025-04-01 02:39:58,284 - INFO - Ingress_Exit VKVPAMFJ
2025-04-01 02:39:58,420 - INFO - Ingress_Enter 86QXGE9Y
2025-04-01 02:39:58,539 - INFO - Ingress_Exit 86QXGE9Y
2025-04-01 02:39:59,312 - INFO - Ingress_Enter MAC9DNXX
2025-04-01 02:39:59,522 - INFO - Ingress_Exit MAC9DNXX
2025-04-01 02:39:59,533 - INFO - Ingress_Enter DH77LW5W
2025-04-01 02:39:59,628 - INFO - Ingress_Exit DH77LW5W
2025-04-01 02:40:00,028 - INFO - Ingress_Enter 9C60MJJY
2025-04-01 02:40:00,045 - INFO - Ingress_Enter AAKN4004
2025-04-01 02:40:00,149 - INFO - Ingress_Exit AAKN4004
2025-04-01 02:40:00,179 - INFO - Ingress_Exit 9C60MJJY
2025-04-01 02:40:03,333 - INFO - Ingress_Enter MYQERP53
2025-04-01 02:40:03,349 - INFO - Ingress_Enter R3H9HCPJ
2025-04-01 02:40:03,455 - INFO - Ingress_Exit MYQERP53
2025-04-01 02:40:03,456 - INFO - Ingress_Exit R3H9HCPJ
2025-04-01 02:40:09,205 - INFO - Ingress_Enter CFFQ485O
2025-04-01 02:40:09,290 - INFO - Ingress_Enter SEGG5YNU
2025-04-01 02:40:09,324 - INFO - Ingress_Exit CFFQ485O
2025-04-01 02:40:09,400 - INFO - Ingress_Exit SEGG5YNU
2025-04-01 02:40:10,998 - INFO - Ingress_Enter XJW4JF6C
2025-04-01 02:40:11,118 - INFO - Ingress_Exit XJW4JF6C
2025-04-01 02:40:11,717 - INFO - Ingress_Enter 2UWBOQOJ
2025-04-01 02:40:11,785 - INFO - Ingress_Enter V8PR9B9W
2025-04-01 02:40:11,820 - INFO - Ingress_Exit 2UWBOQOJ
2025-04-01 02:40:11,878 - INFO - Ingress_Exit V8PR9B9W
2025-04-01 02:40:12,694 - INFO - Ingress_Enter 2X5ISCQF
2025-04-01 02:40:12,789 - INFO - Ingress_Exit 2X5ISCQF
2025-04-01 02:40:12,952 - INFO - Ingress_Enter 33F0ESXO
2025-04-01 02:40:13,044 - INFO - Ingress_Exit 33F0ESXO
2025-04-01 02:40:13,413 - INFO - Ingress_Enter WT4U2QM9
2025-04-01 02:40:13,551 - INFO - Ingress_Exit WT4U2QM9
2025-04-01 02:40:14,097 - INFO - Ingress_Enter L10OINSJ
2025-04-01 02:40:14,192 - INFO - Ingress_Exit L10OINSJ
2025-04-01 02:40:14,354 - INFO - Ingress_Enter 1UF91NLB
2025-04-01 02:40:14,423 - INFO - Ingress_Enter 5Y0DN8WE
2025-04-01 02:40:14,477 - INFO - Ingress_Exit 1UF91NLB
2025-04-01 02:40:14,516 - INFO - Ingress_Exit 5Y0DN8WE
2025-04-01 02:40:15,510 - INFO - Ingress_Enter N0TNAB51
2025-04-01 02:40:15,616 - INFO - Ingress_Exit N0TNAB51
2025-04-01 02:40:15,920 - INFO - Ingress_Enter 4HDPI56D
2025-04-01 02:40:16,037 - INFO - Ingress_Exit 4HDPI56D
2025-04-01 02:40:16,592 - INFO - Ingress_Enter 6LQBULB1
2025-04-01 02:40:16,659 - INFO - Ingress_Enter YVDI2OT6
2025-04-01 02:40:16,687 - INFO - Ingress_Exit 6LQBULB1
2025-04-01 02:40:16,775 - INFO - Ingress_Exit YVDI2OT6
2025-04-01 02:40:17,157 - INFO - Ingress_Enter TT28HNUE
2025-04-01 02:40:17,261 - INFO - Ingress_Exit TT28HNUE
2025-04-01 02:40:17,328 - INFO - Ingress_Enter X38CQ7MN
2025-04-01 02:40:17,397 - INFO - Ingress_Enter 6WYULRYS
2025-04-01 02:40:17,425 - INFO - Ingress_Exit X38CQ7MN
2025-04-01 02:40:17,448 - INFO - Ingress_Enter KG89A4G9
2025-04-01 02:40:17,490 - INFO - Ingress_Exit 6WYULRYS
2025-04-01 02:40:17,547 - INFO - Ingress_Exit KG89A4G9
2025-04-01 02:40:18,720 - INFO - Ingress_Enter 45C9OX4B
2025-04-01 02:40:18,804 - INFO - Ingress_Enter BFKXC4TP
2025-04-01 02:40:18,862 - INFO - Ingress_Exit 45C9OX4B
2025-04-01 02:40:18,934 - INFO - Ingress_Exit BFKXC4TP
2025-04-01 02:40:21,568 - INFO - Ingress_Enter XY3XI5LX
2025-04-01 02:40:21,667 - INFO - Ingress_Exit XY3XI5LX
2025-04-01 02:40:21,790 - INFO - Ingress_Enter 3QUAQWS3
2025-04-01 02:40:21,884 - INFO - Ingress_Exit 3QUAQWS3
2025-04-01 02:40:21,944 - INFO - Ingress_Enter 7WD84IKP
2025-04-01 02:40:22,090 - INFO - Ingress_Exit 7WD84IKP
2025-04-01 02:40:22,184 - INFO - Ingress_Enter JKQS9SRD
2025-04-01 02:40:22,287 - INFO - Ingress_Exit JKQS9SRD
2025-04-01 02:40:22,784 - INFO - Ingress_Enter N54YL6QK
2025-04-01 02:40:22,906 - INFO - Ingress_Exit N54YL6QK
2025-04-01 02:40:23,007 - INFO - Ingress_Enter RP2YRH38
2025-04-01 02:40:23,099 - INFO - Ingress_Exit RP2YRH38
2025-04-01 02:40:23,712 - INFO - Ingress_Enter 73NA4H1W
2025-04-01 02:40:23,811 - INFO - Ingress_Exit 73NA4H1W
2025-04-01 02:40:24,226 - INFO - Ingress_Enter UEIIL17H
2025-04-01 02:40:24,243 - INFO - Ingress_Enter XR9KD4V8
2025-04-01 02:40:24,334 - INFO - Ingress_Exit XR9KD4V8
2025-04-01 02:40:24,343 - INFO - Ingress_Exit UEIIL17H
2025-04-01 02:40:24,430 - INFO - Ingress_Enter P7F0U1QS
2025-04-01 02:40:24,527 - INFO - Ingress_Exit P7F0U1QS
2025-04-01 02:40:25,169 - INFO - Ingress_Enter I71TF0WY
2025-04-01 02:40:25,185 - INFO - Ingress_Enter KCLA1MTP
2025-04-01 02:40:25,286 - INFO - Ingress_Exit I71TF0WY
2025-04-01 02:40:25,291 - INFO - Ingress_Exit KCLA1MTP
2025-04-01 02:40:26,906 - INFO - Ingress_Enter 8RC2PK9F
2025-04-01 02:40:26,991 - INFO - Ingress_Enter 8KVG19HD
2025-04-01 02:40:27,054 - INFO - Ingress_Exit 8RC2PK9F
2025-04-01 02:40:27,133 - INFO - Ingress_Exit 8KVG19HD
2025-04-01 02:40:27,902 - INFO - Ingress_Enter TPIC21TI
2025-04-01 02:40:28,013 - INFO - Ingress_Exit TPIC21TI
2025-04-01 02:40:28,733 - INFO - Ingress_Enter 59F82YTI
2025-04-01 02:40:28,831 - INFO - Ingress_Exit 59F82YTI
2025-04-01 02:40:28,959 - INFO - Ingress_Enter A1R1PQ4I
2025-04-01 02:40:29,055 - INFO - Ingress_Exit A1R1PQ4I
2025-04-01 02:40:29,337 - INFO - Ingress_Enter 6X88O7TK
2025-04-01 02:40:29,435 - INFO - Ingress_Exit 6X88O7TK
2025-04-01 02:40:29,717 - INFO - Ingress_Enter 5YXC8LH7
2025-04-01 02:40:29,824 - INFO - Ingress_Exit 5YXC8LH7
2025-04-01 02:40:29,906 - INFO - Ingress_Enter 0YO66EQC
2025-04-01 02:40:29,991 - INFO - Ingress_Enter SMMH0O12
2025-04-01 02:40:30,025 - INFO - Ingress_Exit 0YO66EQC
2025-04-01 02:40:30,089 - INFO - Ingress_Exit SMMH0O12
2025-04-01 02:40:30,523 - INFO - Ingress_Enter TICQW4AM
2025-04-01 02:40:30,621 - INFO - Ingress_Exit TICQW4AM
2025-04-01 02:40:30,882 - INFO - Ingress_Enter IAQO5X3R
2025-04-01 02:40:30,967 - INFO - Ingress_Enter I6NQTEW9
2025-04-01 02:40:30,979 - INFO - Ingress_Exit IAQO5X3R
2025-04-01 02:40:31,067 - INFO - Ingress_Exit I6NQTEW9
2025-04-01 02:40:32,015 - INFO - Ingress_Enter KSFLT1KD
2025-04-01 02:40:32,032 - INFO - Ingress_Enter S3CRYAR5
2025-04-01 02:40:32,066 - INFO - Ingress_Enter 3MUB1BUR
2025-04-01 02:40:32,117 - INFO - Ingress_Exit KSFLT1KD
2025-04-01 02:40:32,146 - INFO - Ingress_Exit S3CRYAR5
2025-04-01 02:40:32,210 - INFO - Ingress_Exit 3MUB1BUR
2025-04-01 02:40:32,273 - INFO - Ingress_Enter 2S5ZZ2QX
2025-04-01 02:40:32,361 - INFO - Ingress_Enter IVNNDC96
2025-04-01 02:40:32,370 - INFO - Ingress_Exit 2S5ZZ2QX
2025-04-01 02:40:32,508 - INFO - Ingress_Exit IVNNDC96
2025-04-01 02:40:32,773 - INFO - Ingress_Enter O48EE363
2025-04-01 02:40:32,823 - INFO - Ingress_Enter FA3M27XE
2025-04-01 02:40:32,882 - INFO - Ingress_Exit O48EE363
2025-04-01 02:40:32,927 - INFO - Ingress_Exit FA3M27XE
2025-04-01 02:40:33,371 - INFO - Ingress_Enter 5OZV95FS
2025-04-01 02:40:33,405 - INFO - Ingress_Enter 1LL4MLCD
2025-04-01 02:40:33,471 - INFO - Ingress_Exit 5OZV95FS
2025-04-01 02:40:33,501 - INFO - Ingress_Exit 1LL4MLCD
2025-04-01 02:40:34,799 - INFO - Ingress_Enter M5MN16LC
2025-04-01 02:40:34,929 - INFO - Ingress_Exit M5MN16LC
2025-04-01 02:40:34,988 - INFO - Ingress_Enter G79GK7AM
2025-04-01 02:40:35,111 - INFO - Ingress_Exit G79GK7AM
2025-04-01 02:40:35,537 - INFO - Ingress_Enter 8189W7XA
2025-04-01 02:40:35,630 - INFO - Ingress_Exit 8189W7XA
2025-04-01 02:40:35,675 - INFO - Ingress_Enter RKYN7P9L
2025-04-01 02:40:35,795 - INFO - Ingress_Exit RKYN7P9L
2025-04-01 02:40:36,174 - INFO - Ingress_Enter KPHFNE8S
2025-04-01 02:40:36,270 - INFO - Ingress_Exit KPHFNE8S
2025-04-01 02:40:36,742 - INFO - Ingress_Enter VJDPSOWT
2025-04-01 02:40:36,839 - INFO - Ingress_Exit VJDPSOWT
2025-04-01 02:40:37,586 - INFO - Ingress_Enter 1U2RJXV1
2025-04-01 02:40:37,680 - INFO - Ingress_Exit 1U2RJXV1
2025-04-01 02:40:39,133 - INFO - Ingress_Enter LW8FB1Q0
2025-04-01 02:40:39,229 - INFO - Ingress_Exit LW8FB1Q0
2025-04-01 02:40:39,655 - INFO - Ingress_Enter 9PKKDVON
2025-04-01 02:40:39,769 - INFO - Ingress_Exit 9PKKDVON
2025-04-01 02:40:39,999 - INFO - Ingress_Enter 3YG78A90
2025-04-01 02:40:40,119 - INFO - Ingress_Exit 3YG78A90
2025-04-01 02:40:40,513 - INFO - Ingress_Enter W3ZGT4WV
2025-04-01 02:40:40,617 - INFO - Ingress_Enter HI5JOXC7
2025-04-01 02:40:40,624 - INFO - Ingress_Exit W3ZGT4WV
2025-04-01 02:40:40,715 - INFO - Ingress_Exit HI5JOXC7
2025-04-01 02:40:41,371 - INFO - Ingress_Enter 5UVGWKN2
2025-04-01 02:40:41,477 - INFO - Ingress_Exit 5UVGWKN2
2025-04-01 02:40:41,663 - INFO - Ingress_Enter F5RNET1T
2025-04-01 02:40:41,756 - INFO - Ingress_Exit F5RNET1T
2025-04-01 02:40:42,058 - INFO - Ingress_Enter RB4DO6HS
2025-04-01 02:40:42,163 - INFO - Ingress_Exit RB4DO6HS
2025-04-01 02:40:42,488 - INFO - Ingress_Enter WZOU2EXY
2025-04-01 02:40:42,595 - INFO - Ingress_Enter 2CTZ6MG2
2025-04-01 02:40:42,604 - INFO - Ingress_Exit WZOU2EXY
2025-04-01 02:40:42,708 - INFO - Ingress_Exit 2CTZ6MG2
2025-04-01 02:40:42,917 - INFO - Ingress_Enter T46UOJF3
2025-04-01 02:40:43,008 - INFO - Ingress_Exit T46UOJF3
2025-04-01 02:40:43,088 - INFO - Ingress_Enter JVZZVV5Z
2025-04-01 02:40:43,106 - INFO - Ingress_Enter LSZN0ULW
2025-04-01 02:40:43,175 - INFO - Ingress_Exit JVZZVV5Z
2025-04-01 02:40:43,207 - INFO - Ingress_Exit LSZN0ULW
2025-04-01 02:40:44,155 - INFO - Ingress_Enter E27SXKFW
2025-04-01 02:40:44,256 - INFO - Ingress_Exit E27SXKFW
2025-04-01 02:40:45,205 - INFO - Ingress_Enter VT1R6KIN
2025-04-01 02:40:45,300 - INFO - Ingress_Exit VT1R6KIN
2025-04-01 02:40:46,411 - INFO - Ingress_Enter G33NMSAP
2025-04-01 02:40:46,510 - INFO - Ingress_Exit G33NMSAP
2025-04-01 02:40:46,633 - INFO - Ingress_Enter TRZAV353
2025-04-01 02:40:46,651 - INFO - Ingress_Enter FTUGI7CE
2025-04-01 02:40:46,730 - INFO - Ingress_Exit TRZAV353
2025-04-01 02:40:46,747 - INFO - Ingress_Exit FTUGI7CE
