2025-04-01 02:51:23,608 - INFO - Ingress_Enter KJ5EOZ2T
2025-04-01 02:51:23,612 - INFO - Ingress_Enter ZY3BU0N4
2025-04-01 02:51:23,745 - INFO - Ingress_Enter 1BAVANS9
2025-04-01 02:51:23,927 - INFO - Ingress_Enter FOV6EKII
2025-04-01 02:51:24,023 - INFO - Ingress_Enter 9HM8GNCT
2025-04-01 02:51:24,116 - INFO - Ingress_Enter NMRL4BXT
2025-04-01 02:51:24,214 - INFO - Ingress_Enter FDCIK89W
2025-04-01 02:51:24,392 - INFO - Ingress_Enter MZGVHI0B
2025-04-01 02:51:24,441 - INFO - Ingress_Exit KJ5EOZ2T
2025-04-01 02:51:24,673 - INFO - Ingress_Enter MKPNC0C4
2025-04-01 02:51:24,834 - INFO - Ingress_Exit 9HM8GNCT
2025-04-01 02:51:24,842 - INFO - Ingress_Enter PZZLMEOR
2025-04-01 02:51:24,917 - INFO - Ingress_Exit NMRL4BXT
2025-04-01 02:51:24,935 - INFO - Ingress_Enter IC2W8QQ1
2025-04-01 02:51:24,979 - INFO - Ingress_Exit ZY3BU0N4
2025-04-01 02:51:24,981 - INFO - Ingress_Exit FOV6EKII
2025-04-01 02:51:24,984 - INFO - Ingress_Exit 1BAVANS9
2025-04-01 02:51:25,017 - INFO - Ingress_Enter 479B35MK
2025-04-01 02:51:25,023 - INFO - Ingress_Enter MZ1HCTMQ
2025-04-01 02:51:25,067 - INFO - Ingress_Enter DZ30TNZC
2025-04-01 02:51:25,150 - INFO - Ingress_Exit MZGVHI0B
2025-04-01 02:51:25,167 - INFO - Ingress_Exit FDCIK89W
2025-04-01 02:51:25,277 - INFO - Ingress_Enter AHDRXNXE
2025-04-01 02:51:25,523 - INFO - Ingress_Enter EW2V0CZO
2025-04-01 02:51:25,542 - INFO - Ingress_Exit IC2W8QQ1
2025-04-01 02:51:25,606 - INFO - Ingress_Enter VVSK4716
2025-04-01 02:51:25,647 - INFO - Ingress_Exit MKPNC0C4
2025-04-01 02:51:25,730 - INFO - Ingress_Enter 34W31CDP
2025-04-01 02:51:25,837 - INFO - Ingress_Exit PZZLMEOR
2025-04-01 02:51:25,838 - INFO - Ingress_Exit 479B35MK
2025-04-01 02:51:25,971 - INFO - Ingress_Enter WCKCMQXK
2025-04-01 02:51:25,997 - INFO - Ingress_Exit MZ1HCTMQ
2025-04-01 02:51:26,007 - INFO - Ingress_Enter 8FC2HABL
2025-04-01 02:51:26,022 - INFO - Ingress_Enter B4YA70NW
2025-04-01 02:51:26,164 - INFO - Ingress_Enter CZD9VZYO
2025-04-01 02:51:26,222 - INFO - Ingress_Exit DZ30TNZC
2025-04-01 02:51:26,289 - INFO - Ingress_Exit AHDRXNXE
2025-04-01 02:51:26,417 - INFO - Ingress_Exit EW2V0CZO
2025-04-01 02:51:26,480 - INFO - Ingress_Exit 34W31CDP
2025-04-01 02:51:26,489 - INFO - Ingress_Exit VVSK4716
2025-04-01 02:51:26,528 - INFO - Ingress_Enter 50T3N03W
2025-04-01 02:51:26,555 - INFO - Ingress_Enter MAG6OSKW
2025-04-01 02:51:26,594 - INFO - Ingress_Exit B4YA70NW
2025-04-01 02:51:26,882 - INFO - Ingress_Enter JQT4FX69
2025-04-01 02:51:26,967 - INFO - Ingress_Enter 0L210BSV
2025-04-01 02:51:27,023 - INFO - Ingress_Exit 8FC2HABL
2025-04-01 02:51:27,055 - INFO - Ingress_Exit MAG6OSKW
2025-04-01 02:51:27,075 - INFO - Ingress_Enter JMM88LOR
2025-04-01 02:51:27,169 - INFO - Ingress_Exit WCKCMQXK
2025-04-01 02:51:27,237 - INFO - Ingress_Exit CZD9VZYO
2025-04-01 02:51:27,276 - INFO - Ingress_Exit JQT4FX69
2025-04-01 02:51:27,278 - INFO - Ingress_Exit 0L210BSV
2025-04-01 02:51:27,280 - INFO - Ingress_Enter SVN3EY6K
2025-04-01 02:51:27,280 - INFO - Ingress_Enter PF9RU8EZ
2025-04-01 02:51:27,310 - INFO - Ingress_Enter 12QGOTYT
2025-04-01 02:51:27,331 - INFO - Ingress_Enter EOTBULP0
2025-04-01 02:51:27,549 - INFO - Ingress_Exit 50T3N03W
2025-04-01 02:51:27,549 - INFO - Ingress_Exit JMM88LOR
2025-04-01 02:51:27,705 - INFO - Ingress_Exit SVN3EY6K
2025-04-01 02:51:27,706 - INFO - Ingress_Exit EOTBULP0
2025-04-01 02:51:27,747 - INFO - Ingress_Enter KW37LDYZ
2025-04-01 02:51:27,794 - INFO - Ingress_Exit 12QGOTYT
2025-04-01 02:51:27,834 - INFO - Ingress_Enter 744RAD65
2025-04-01 02:51:28,214 - INFO - Ingress_Enter W196RY19
2025-04-01 02:51:28,224 - INFO - Ingress_Enter 31TBFT1N
2025-04-01 02:51:28,352 - INFO - Ingress_Enter XZODLZ4I
2025-04-01 02:51:28,485 - INFO - Ingress_Enter GGKGRLDL
2025-04-01 02:51:28,537 - INFO - Ingress_Exit W196RY19
2025-04-01 02:51:28,613 - INFO - Ingress_Exit XZODLZ4I
2025-04-01 02:51:28,627 - INFO - Ingress_Exit 744RAD65
2025-04-01 02:51:28,630 - INFO - Ingress_Exit KW37LDYZ
2025-04-01 02:51:28,634 - INFO - Ingress_Exit PF9RU8EZ
2025-04-01 02:51:28,692 - INFO - Ingress_Exit GGKGRLDL
2025-04-01 02:51:28,772 - INFO - Ingress_Enter 1KC22B1P
2025-04-01 02:51:28,802 - INFO - Ingress_Exit 31TBFT1N
2025-04-01 02:51:28,866 - INFO - Ingress_Enter 0NFOCPWW
2025-04-01 02:51:28,879 - INFO - Ingress_Enter 0WZ0EJDT
2025-04-01 02:51:28,898 - INFO - Ingress_Enter TS9GF7NB
2025-04-01 02:51:28,910 - INFO - Ingress_Enter 1CUVJTJG
2025-04-01 02:51:29,048 - INFO - Ingress_Enter OEK3K9HU
2025-04-01 02:51:29,078 - INFO - Ingress_Enter 3T9CN8ER
2025-04-01 02:51:29,100 - INFO - Ingress_Enter AMYIN9R5
2025-04-01 02:51:29,110 - INFO - Ingress_Exit 0WZ0EJDT
2025-04-01 02:51:29,121 - INFO - Ingress_Exit 1KC22B1P
2025-04-01 02:51:29,284 - INFO - Ingress_Exit 1CUVJTJG
2025-04-01 02:51:29,286 - INFO - Ingress_Exit 0NFOCPWW
2025-04-01 02:51:29,322 - INFO - Ingress_Exit TS9GF7NB
2025-04-01 02:51:29,347 - INFO - Ingress_Enter IJNYLFHH
2025-04-01 02:51:29,367 - INFO - Ingress_Enter 421JYGRE
2025-04-01 02:51:29,454 - INFO - Ingress_Exit OEK3K9HU
2025-04-01 02:51:29,529 - INFO - Ingress_Enter UKDYUHQN
2025-04-01 02:51:29,590 - INFO - Ingress_Enter E1ZJ6HV8
2025-04-01 02:51:29,608 - INFO - Ingress_Exit 3T9CN8ER
2025-04-01 02:51:29,610 - INFO - Ingress_Enter GI26XH7S
2025-04-01 02:51:29,684 - INFO - Ingress_Exit 421JYGRE
2025-04-01 02:51:29,706 - INFO - Ingress_Enter NMACT6VJ
2025-04-01 02:51:29,742 - INFO - Ingress_Exit IJNYLFHH
2025-04-01 02:51:29,786 - INFO - Ingress_Exit AMYIN9R5
2025-04-01 02:51:29,963 - INFO - Ingress_Enter 2DL6TFGX
2025-04-01 02:51:29,995 - INFO - Ingress_Exit UKDYUHQN
2025-04-01 02:51:30,078 - INFO - Ingress_Exit GI26XH7S
2025-04-01 02:51:30,083 - INFO - Ingress_Enter ZZUW9K8R
2025-04-01 02:51:30,105 - INFO - Ingress_Enter LTM1BO5E
2025-04-01 02:51:30,150 - INFO - Ingress_Exit E1ZJ6HV8
2025-04-01 02:51:30,190 - INFO - Ingress_Enter ZGILS04P
2025-04-01 02:51:30,196 - INFO - Ingress_Enter 7ESZK2YP
2025-04-01 02:51:30,294 - INFO - Ingress_Exit NMACT6VJ
2025-04-01 02:51:30,315 - INFO - Ingress_Enter JFQQN6EN
2025-04-01 02:51:30,363 - INFO - Ingress_Exit 2DL6TFGX
2025-04-01 02:51:30,393 - INFO - Ingress_Exit ZZUW9K8R
2025-04-01 02:51:30,442 - INFO - Ingress_Exit 7ESZK2YP
2025-04-01 02:51:30,600 - INFO - Ingress_Enter 1DW36G9B
2025-04-01 02:51:30,644 - INFO - Ingress_Enter NTTU93J3
2025-04-01 02:51:30,660 - INFO - Ingress_Exit LTM1BO5E
2025-04-01 02:51:30,673 - INFO - Ingress_Enter ET5X3HRT
2025-04-01 02:51:30,710 - INFO - Ingress_Enter FO47OJYO
2025-04-01 02:51:30,764 - INFO - Ingress_Enter 0MQ2LIOB
2025-04-01 02:51:30,766 - INFO - Ingress_Exit JFQQN6EN
2025-04-01 02:51:30,805 - INFO - Ingress_Enter V6MW962D
2025-04-01 02:51:30,817 - INFO - Ingress_Enter BPFJ5Z5O
2025-04-01 02:51:30,828 - INFO - Ingress_Exit ET5X3HRT
2025-04-01 02:51:30,847 - INFO - Ingress_Exit ZGILS04P
2025-04-01 02:51:30,876 - INFO - Ingress_Enter BVPKJ02K
2025-04-01 02:51:31,039 - INFO - Ingress_Enter WS3ADGPJ
2025-04-01 02:51:31,042 - INFO - Ingress_Enter LR4G8HZO
2025-04-01 02:51:31,125 - INFO - Ingress_Exit 1DW36G9B
2025-04-01 02:51:31,127 - INFO - Ingress_Exit NTTU93J3
2025-04-01 02:51:31,129 - INFO - Ingress_Exit FO47OJYO
2025-04-01 02:51:31,189 - INFO - Ingress_Exit V6MW962D
2025-04-01 02:51:31,232 - INFO - Ingress_Enter OTWET406
2025-04-01 02:51:31,316 - INFO - Ingress_Exit 0MQ2LIOB
2025-04-01 02:51:31,317 - INFO - Ingress_Exit BVPKJ02K
2025-04-01 02:51:31,350 - INFO - Ingress_Exit BPFJ5Z5O
2025-04-01 02:51:31,418 - INFO - Ingress_Exit OTWET406
2025-04-01 02:51:31,447 - INFO - Ingress_Exit WS3ADGPJ
2025-04-01 02:51:31,530 - INFO - Ingress_Enter 57NGXCAZ
2025-04-01 02:51:31,538 - INFO - Ingress_Exit LR4G8HZO
2025-04-01 02:51:31,645 - INFO - Ingress_Enter LRO6SDRO
2025-04-01 02:51:31,677 - INFO - Ingress_Enter 1LVMQOER
2025-04-01 02:51:31,885 - INFO - Ingress_Exit 57NGXCAZ
2025-04-01 02:51:31,908 - INFO - Ingress_Enter VHLPMI0R
2025-04-01 02:51:31,939 - INFO - Ingress_Enter SFVKJ3PM
2025-04-01 02:51:32,087 - INFO - Ingress_Enter VGSLRBLS
2025-04-01 02:51:32,097 - INFO - Ingress_Enter BGV6F1VM
2025-04-01 02:51:32,111 - INFO - Ingress_Enter KC18560Y
2025-04-01 02:51:32,171 - INFO - Ingress_Enter W5ODVYVI
2025-04-01 02:51:32,225 - INFO - Ingress_Exit 1LVMQOER
2025-04-01 02:51:32,269 - INFO - Ingress_Exit KC18560Y
2025-04-01 02:51:32,310 - INFO - Ingress_Enter LJKSHVQY
2025-04-01 02:51:32,334 - INFO - Ingress_Exit LRO6SDRO
2025-04-01 02:51:32,374 - INFO - Ingress_Enter AVR8QSCO
2025-04-01 02:51:32,413 - INFO - Ingress_Exit SFVKJ3PM
2025-04-01 02:51:32,417 - INFO - Ingress_Enter CBJ1CQHU
2025-04-01 02:51:32,447 - INFO - Ingress_Enter VODRRVDU
2025-04-01 02:51:32,478 - INFO - Ingress_Exit W5ODVYVI
2025-04-01 02:51:32,484 - INFO - Ingress_Exit VGSLRBLS
2025-04-01 02:51:32,571 - INFO - Ingress_Enter XBWR8YL5
2025-04-01 02:51:32,657 - INFO - Ingress_Exit CBJ1CQHU
2025-04-01 02:51:32,671 - INFO - Ingress_Exit VHLPMI0R
2025-04-01 02:51:32,693 - INFO - Ingress_Enter XJEBD370
2025-04-01 02:51:32,743 - INFO - Ingress_Exit XBWR8YL5
2025-04-01 02:51:32,853 - INFO - Ingress_Exit AVR8QSCO
2025-04-01 02:51:32,880 - INFO - Ingress_Exit BGV6F1VM
2025-04-01 02:51:32,881 - INFO - Ingress_Exit LJKSHVQY
2025-04-01 02:51:32,993 - INFO - Ingress_Enter YQILXPVT
2025-04-01 02:51:33,079 - INFO - Ingress_Exit VODRRVDU
2025-04-01 02:51:33,118 - INFO - Ingress_Exit XJEBD370
2025-04-01 02:51:33,167 - INFO - Ingress_Enter XQQ07ZIG
2025-04-01 02:51:33,243 - INFO - Ingress_Enter AR3KA885
2025-04-01 02:51:33,273 - INFO - Ingress_Enter QVUVD0S0
2025-04-01 02:51:33,319 - INFO - Ingress_Enter Q0GB31TF
2025-04-01 02:51:33,350 - INFO - Ingress_Enter HJZ35NJJ
2025-04-01 02:51:33,359 - INFO - Ingress_Enter P2ZEKRTS
2025-04-01 02:51:33,425 - INFO - Ingress_Enter QNRCB8K4
2025-04-01 02:51:33,432 - INFO - Ingress_Exit XQQ07ZIG
2025-04-01 02:51:33,457 - INFO - Ingress_Enter XIEHD8W3
2025-04-01 02:51:33,458 - INFO - Ingress_Enter R1PT0KQV
2025-04-01 02:51:33,586 - INFO - Ingress_Enter YM1E8LNV
2025-04-01 02:51:33,613 - INFO - Ingress_Exit YQILXPVT
2025-04-01 02:51:33,693 - INFO - Ingress_Exit QVUVD0S0
2025-04-01 02:51:33,748 - INFO - Ingress_Exit Q0GB31TF
2025-04-01 02:51:33,827 - INFO - Ingress_Exit HJZ35NJJ
2025-04-01 02:51:33,895 - INFO - Ingress_Exit P2ZEKRTS
2025-04-01 02:51:33,901 - INFO - Ingress_Exit XIEHD8W3
2025-04-01 02:51:33,905 - INFO - Ingress_Exit AR3KA885
2025-04-01 02:51:33,958 - INFO - Ingress_Exit R1PT0KQV
2025-04-01 02:51:34,017 - INFO - Ingress_Exit YM1E8LNV
2025-04-01 02:51:34,027 - INFO - Ingress_Exit QNRCB8K4
2025-04-01 02:51:40,524 - INFO - Ingress_Enter BZXB64UH
2025-04-01 02:51:40,619 - INFO - Ingress_Enter LY9QRUTX
2025-04-01 02:51:40,651 - INFO - Ingress_Enter HQ9KPRTB
2025-04-01 02:51:40,716 - INFO - Ingress_Enter BFD8NFN8
2025-04-01 02:51:40,815 - INFO - Ingress_Enter 3RBN4M9P
2025-04-01 02:51:40,881 - INFO - Ingress_Enter SP5ETX43
2025-04-01 02:51:40,944 - INFO - Ingress_Enter N52V8FDX
2025-04-01 02:51:40,997 - INFO - Ingress_Enter 49HC6W3W
2025-04-01 02:51:41,036 - INFO - Ingress_Exit BZXB64UH
2025-04-01 02:51:41,048 - INFO - Ingress_Exit LY9QRUTX
2025-04-01 02:51:41,092 - INFO - Ingress_Exit HQ9KPRTB
2025-04-01 02:51:41,095 - INFO - Ingress_Exit SP5ETX43
2025-04-01 02:51:41,096 - INFO - Ingress_Exit 3RBN4M9P
2025-04-01 02:51:41,113 - INFO - Ingress_Enter 0HD8LNW7
2025-04-01 02:51:41,221 - INFO - Ingress_Enter W6KOBWP1
2025-04-01 02:51:41,277 - INFO - Ingress_Exit N52V8FDX
2025-04-01 02:51:41,327 - INFO - Ingress_Exit 0HD8LNW7
2025-04-01 02:51:41,358 - INFO - Ingress_Exit BFD8NFN8
2025-04-01 02:51:41,458 - INFO - Ingress_Exit 49HC6W3W
2025-04-01 02:51:41,466 - INFO - Ingress_Enter GTRN4HX9
2025-04-01 02:51:41,487 - INFO - Ingress_Enter 5ZDA18FU
2025-04-01 02:51:41,515 - INFO - Ingress_Exit W6KOBWP1
2025-04-01 02:51:41,586 - INFO - Ingress_Enter D63V9ADX
2025-04-01 02:51:41,618 - INFO - Ingress_Enter S25JMZVT
2025-04-01 02:51:41,649 - INFO - Ingress_Enter EJGMCBFB
2025-04-01 02:51:41,744 - INFO - Ingress_Enter 72QSM0L0
2025-04-01 02:51:41,832 - INFO - Ingress_Enter AXW3555M
2025-04-01 02:51:41,833 - INFO - Ingress_Enter 4QWSLDJS
2025-04-01 02:51:41,862 - INFO - Ingress_Enter 4IO28J7R
2025-04-01 02:51:41,916 - INFO - Ingress_Enter 9CXCDIN8
2025-04-01 02:51:41,936 - INFO - Ingress_Exit GTRN4HX9
2025-04-01 02:51:41,995 - INFO - Ingress_Exit EJGMCBFB
2025-04-01 02:51:42,156 - INFO - Ingress_Exit AXW3555M
2025-04-01 02:51:42,157 - INFO - Ingress_Exit 4QWSLDJS
2025-04-01 02:51:42,226 - INFO - Ingress_Exit 5ZDA18FU
2025-04-01 02:51:42,250 - INFO - Ingress_Exit D63V9ADX
2025-04-01 02:51:42,250 - INFO - Ingress_Exit 9CXCDIN8
2025-04-01 02:51:42,278 - INFO - Ingress_Enter AJP8U2U6
2025-04-01 02:51:42,297 - INFO - Ingress_Enter CQF0S468
2025-04-01 02:51:42,307 - INFO - Ingress_Enter 2N42Y27Y
2025-04-01 02:51:42,320 - INFO - Ingress_Enter XY3ZCXE1
2025-04-01 02:51:42,331 - INFO - Ingress_Exit S25JMZVT
2025-04-01 02:51:42,377 - INFO - Ingress_Exit 4IO28J7R
2025-04-01 02:51:42,391 - INFO - Ingress_Exit 72QSM0L0
2025-04-01 02:51:42,492 - INFO - Ingress_Enter RMRDPKOL
2025-04-01 02:51:42,503 - INFO - Ingress_Enter M55NC5FS
2025-04-01 02:51:42,577 - INFO - Ingress_Enter 53SBKUOS
2025-04-01 02:51:42,628 - INFO - Ingress_Exit CQF0S468
2025-04-01 02:51:42,630 - INFO - Ingress_Exit XY3ZCXE1
2025-04-01 02:51:42,645 - INFO - Ingress_Exit 2N42Y27Y
2025-04-01 02:51:42,651 - INFO - Ingress_Enter F5VEELP1
2025-04-01 02:51:42,685 - INFO - Ingress_Enter 45L2773A
2025-04-01 02:51:42,706 - INFO - Ingress_Enter 7AFJ00F5
2025-04-01 02:51:42,759 - INFO - Ingress_Exit AJP8U2U6
2025-04-01 02:51:42,778 - INFO - Ingress_Exit M55NC5FS
2025-04-01 02:51:42,813 - INFO - Ingress_Enter RJISS876
2025-04-01 02:51:42,898 - INFO - Ingress_Exit RMRDPKOL
2025-04-01 02:51:42,942 - INFO - Ingress_Enter PRB0E4VY
2025-04-01 02:51:42,955 - INFO - Ingress_Exit 53SBKUOS
2025-04-01 02:51:42,964 - INFO - Ingress_Enter QZM4KTFJ
2025-04-01 02:51:43,010 - INFO - Ingress_Exit 7AFJ00F5
2025-04-01 02:51:43,116 - INFO - Ingress_Enter WTJCJQBU
2025-04-01 02:51:43,117 - INFO - Ingress_Exit F5VEELP1
2025-04-01 02:51:43,119 - INFO - Ingress_Exit RJISS876
2025-04-01 02:51:43,138 - INFO - Ingress_Enter 501H31W1
2025-04-01 02:51:43,170 - INFO - Ingress_Exit 45L2773A
2025-04-01 02:51:43,221 - INFO - Ingress_Enter USGZ6ZAC
2025-04-01 02:51:43,244 - INFO - Ingress_Exit QZM4KTFJ
2025-04-01 02:51:43,277 - INFO - Ingress_Enter ZWJ2UCRU
2025-04-01 02:51:43,342 - INFO - Ingress_Enter QRZWO49T
2025-04-01 02:51:43,458 - INFO - Ingress_Enter HCA4LZ76
2025-04-01 02:51:43,460 - INFO - Ingress_Exit PRB0E4VY
2025-04-01 02:51:43,465 - INFO - Ingress_Exit 501H31W1
2025-04-01 02:51:43,490 - INFO - Ingress_Enter VOXDL4H4
2025-04-01 02:51:43,561 - INFO - Ingress_Exit WTJCJQBU
2025-04-01 02:51:43,603 - INFO - Ingress_Exit QRZWO49T
2025-04-01 02:51:43,708 - INFO - Ingress_Enter NNOFVGCE
2025-04-01 02:51:43,716 - INFO - Ingress_Exit ZWJ2UCRU
2025-04-01 02:51:43,746 - INFO - Ingress_Exit USGZ6ZAC
2025-04-01 02:51:43,782 - INFO - Ingress_Enter JMD8RVUR
2025-04-01 02:51:43,795 - INFO - Ingress_Enter QHRMZFCH
2025-04-01 02:51:43,836 - INFO - Ingress_Enter ZYSTLEDW
2025-04-01 02:51:43,919 - INFO - Ingress_Exit VOXDL4H4
2025-04-01 02:51:43,922 - INFO - Ingress_Exit HCA4LZ76
2025-04-01 02:51:43,972 - INFO - Ingress_Exit QHRMZFCH
2025-04-01 02:51:43,973 - INFO - Ingress_Exit JMD8RVUR
2025-04-01 02:51:43,976 - INFO - Ingress_Enter ZSTFH2G0
2025-04-01 02:51:44,076 - INFO - Ingress_Exit ZYSTLEDW
2025-04-01 02:51:44,082 - INFO - Ingress_Exit NNOFVGCE
2025-04-01 02:51:44,164 - INFO - Ingress_Enter 63ULAFAA
2025-04-01 02:51:44,198 - INFO - Ingress_Enter DCV4GU0O
2025-04-01 02:51:44,262 - INFO - Ingress_Enter W62DBFN4
2025-04-01 02:51:44,283 - INFO - Ingress_Enter D510IPJV
2025-04-01 02:51:44,495 - INFO - Ingress_Exit ZSTFH2G0
2025-04-01 02:51:44,587 - INFO - Ingress_Exit 63ULAFAA
2025-04-01 02:51:44,639 - INFO - Ingress_Exit W62DBFN4
2025-04-01 02:51:44,648 - INFO - Ingress_Exit DCV4GU0O
2025-04-01 02:51:44,652 - INFO - Ingress_Enter GZJG7BBL
2025-04-01 02:51:44,685 - INFO - Ingress_Enter 2JABEHCE
2025-04-01 02:51:44,758 - INFO - Ingress_Enter MB63JWYY
2025-04-01 02:51:44,826 - INFO - Ingress_Exit D510IPJV
2025-04-01 02:51:44,842 - INFO - Ingress_Enter TITE69FC
2025-04-01 02:51:44,865 - INFO - Ingress_Enter 52PETR4H
2025-04-01 02:51:44,875 - INFO - Ingress_Enter RFWLU39C
2025-04-01 02:51:44,918 - INFO - Ingress_Exit MB63JWYY
2025-04-01 02:51:44,976 - INFO - Ingress_Exit 2JABEHCE
2025-04-01 02:51:45,095 - INFO - Ingress_Exit GZJG7BBL
2025-04-01 02:51:45,097 - INFO - Ingress_Exit RFWLU39C
2025-04-01 02:51:45,172 - INFO - Ingress_Exit 52PETR4H
2025-04-01 02:51:45,330 - INFO - Ingress_Enter FLWCK8U5
2025-04-01 02:51:45,403 - INFO - Ingress_Enter A50X2W81
2025-04-01 02:51:45,421 - INFO - Ingress_Exit TITE69FC
2025-04-01 02:51:45,466 - INFO - Ingress_Enter 4TTKJ3T3
2025-04-01 02:51:45,476 - INFO - Ingress_Enter HZM17MND
2025-04-01 02:51:45,606 - INFO - Ingress_Exit FLWCK8U5
2025-04-01 02:51:45,690 - INFO - Ingress_Enter EI1X4ZFX
2025-04-01 02:51:45,733 - INFO - Ingress_Enter GT3CJB7I
2025-04-01 02:51:45,862 - INFO - Ingress_Exit A50X2W81
2025-04-01 02:51:45,889 - INFO - Ingress_Exit HZM17MND
2025-04-01 02:51:46,009 - INFO - Ingress_Enter BX4TZE05
2025-04-01 02:51:46,042 - INFO - Ingress_Enter IHCHLPA0
2025-04-01 02:51:46,060 - INFO - Ingress_Enter 71KWR445
2025-04-01 02:51:46,098 - INFO - Ingress_Exit EI1X4ZFX
2025-04-01 02:51:46,157 - INFO - Ingress_Exit 4TTKJ3T3
2025-04-01 02:51:46,223 - INFO - Ingress_Exit GT3CJB7I
2025-04-01 02:51:46,330 - INFO - Ingress_Enter Y2CX8EOM
2025-04-01 02:51:46,343 - INFO - Ingress_Enter 73PMAGAS
2025-04-01 02:51:46,379 - INFO - Ingress_Exit 71KWR445
2025-04-01 02:51:46,488 - INFO - Ingress_Exit BX4TZE05
2025-04-01 02:51:46,563 - INFO - Ingress_Enter LM0UKD61
2025-04-01 02:51:46,617 - INFO - Ingress_Enter MNY0OM24
2025-04-01 02:51:46,633 - INFO - Ingress_Exit IHCHLPA0
2025-04-01 02:51:46,647 - INFO - Ingress_Enter Y0NCKUXH
2025-04-01 02:51:46,712 - INFO - Ingress_Enter J24WSJYP
2025-04-01 02:51:46,722 - INFO - Ingress_Enter EMZZIRRT
2025-04-01 02:51:46,808 - INFO - Ingress_Exit MNY0OM24
2025-04-01 02:51:46,828 - INFO - Ingress_Enter ZQLIIYEG
2025-04-01 02:51:46,835 - INFO - Ingress_Exit Y2CX8EOM
2025-04-01 02:51:46,860 - INFO - Ingress_Enter SF1DREPF
2025-04-01 02:51:46,922 - INFO - Ingress_Exit 73PMAGAS
2025-04-01 02:51:47,034 - INFO - Ingress_Exit LM0UKD61
2025-04-01 02:51:47,069 - INFO - Ingress_Exit Y0NCKUXH
2025-04-01 02:51:47,200 - INFO - Ingress_Exit SF1DREPF
2025-04-01 02:51:47,501 - INFO - Ingress_Enter JHJAZVUI
2025-04-01 02:51:47,504 - INFO - Ingress_Enter SOVUM823
2025-04-01 02:51:47,541 - INFO - Ingress_Enter 78Z3AIDF
2025-04-01 02:51:47,557 - INFO - Ingress_Enter YGK1WHPI
2025-04-01 02:51:47,764 - INFO - Ingress_Exit J24WSJYP
2025-04-01 02:51:47,766 - INFO - Ingress_Enter S67MYPBK
2025-04-01 02:51:47,767 - INFO - Ingress_Exit ZQLIIYEG
2025-04-01 02:51:47,768 - INFO - Ingress_Exit EMZZIRRT
2025-04-01 02:51:48,046 - INFO - Ingress_Exit 78Z3AIDF
2025-04-01 02:51:48,048 - INFO - Ingress_Exit YGK1WHPI
2025-04-01 02:51:48,049 - INFO - Ingress_Exit JHJAZVUI
2025-04-01 02:51:48,052 - INFO - Ingress_Exit SOVUM823
2025-04-01 02:51:48,078 - INFO - Ingress_Enter NXZ4XTCB
2025-04-01 02:51:48,119 - INFO - Ingress_Enter 1IN7ZR36
2025-04-01 02:51:48,183 - INFO - Ingress_Exit S67MYPBK
2025-04-01 02:51:48,445 - INFO - Ingress_Enter Q1RAIVHY
2025-04-01 02:51:48,466 - INFO - Ingress_Enter TOZ2G1SC
2025-04-01 02:51:48,543 - INFO - Ingress_Exit 1IN7ZR36
2025-04-01 02:51:48,611 - INFO - Ingress_Exit TOZ2G1SC
2025-04-01 02:51:48,770 - INFO - Ingress_Enter GA7KS0AZ
2025-04-01 02:51:48,777 - INFO - Ingress_Exit NXZ4XTCB
2025-04-01 02:51:48,921 - INFO - Ingress_Enter M0PCATWN
2025-04-01 02:51:48,984 - INFO - Ingress_Exit Q1RAIVHY
2025-04-01 02:51:49,123 - INFO - Ingress_Enter W0CZ74V6
2025-04-01 02:51:49,133 - INFO - Ingress_Enter 7PUUVJ05
2025-04-01 02:51:49,145 - INFO - Ingress_Enter AF8QFIPS
2025-04-01 02:51:49,218 - INFO - Ingress_Exit GA7KS0AZ
2025-04-01 02:51:49,380 - INFO - Ingress_Exit M0PCATWN
2025-04-01 02:51:49,474 - INFO - Ingress_Exit W0CZ74V6
2025-04-01 02:51:49,476 - INFO - Ingress_Exit AF8QFIPS
2025-04-01 02:51:49,557 - INFO - Ingress_Exit 7PUUVJ05
2025-04-01 02:51:49,901 - INFO - Ingress_Enter 0357UCOB
2025-04-01 02:51:49,945 - INFO - Ingress_Enter FXYLB45D
2025-04-01 02:51:50,041 - INFO - Ingress_Enter R2N2BK90
2025-04-01 02:51:50,116 - INFO - Ingress_Enter VV4CYEZK
2025-04-01 02:51:50,278 - INFO - Ingress_Enter 8S9K6LMH
2025-04-01 02:51:50,279 - INFO - Ingress_Exit 0357UCOB
2025-04-01 02:51:50,293 - INFO - Ingress_Exit FXYLB45D
2025-04-01 02:51:50,297 - INFO - Ingress_Enter IIXK5IXS
2025-04-01 02:51:50,394 - INFO - Ingress_Exit VV4CYEZK
2025-04-01 02:51:50,517 - INFO - Ingress_Exit R2N2BK90
2025-04-01 02:51:50,566 - INFO - Ingress_Enter 96MW0H62
2025-04-01 02:51:50,620 - INFO - Ingress_Enter HC6K0ZPL
2025-04-01 02:51:50,641 - INFO - Ingress_Enter 9VOTBRJ8
2025-04-01 02:51:50,699 - INFO - Ingress_Exit 8S9K6LMH
2025-04-01 02:51:50,729 - INFO - Ingress_Enter UVJZRE4T
2025-04-01 02:51:50,868 - INFO - Ingress_Exit 96MW0H62
2025-04-01 02:51:50,869 - INFO - Ingress_Exit IIXK5IXS
2025-04-01 02:51:50,958 - INFO - Ingress_Exit 9VOTBRJ8
2025-04-01 02:51:51,015 - INFO - Ingress_Exit HC6K0ZPL
2025-04-01 02:51:51,094 - INFO - Ingress_Enter 9EMBFI3W
2025-04-01 02:51:51,125 - INFO - Ingress_Enter FEQU2H2K
2025-04-01 02:51:51,169 - INFO - Ingress_Enter UR05V8PY
2025-04-01 02:51:51,254 - INFO - Ingress_Enter RWVBVUNM
2025-04-01 02:51:51,274 - INFO - Ingress_Exit UVJZRE4T
2025-04-01 02:51:51,401 - INFO - Ingress_Exit RWVBVUNM
2025-04-01 02:51:51,472 - INFO - Ingress_Exit 9EMBFI3W
2025-04-01 02:51:51,473 - INFO - Ingress_Exit FEQU2H2K
2025-04-01 02:51:51,551 - INFO - Ingress_Exit UR05V8PY
2025-04-01 02:51:51,794 - INFO - Ingress_Enter 8F7CUUMN
2025-04-01 02:51:51,797 - INFO - Ingress_Enter 2X9ECCNK
2025-04-01 02:51:51,830 - INFO - Ingress_Enter VK7ZY3EG
2025-04-01 02:51:51,946 - INFO - Ingress_Enter PB7U1M4G
2025-04-01 02:51:52,084 - INFO - Ingress_Enter BW8GPPD5
2025-04-01 02:51:52,106 - INFO - Ingress_Exit 8F7CUUMN
2025-04-01 02:51:52,139 - INFO - Ingress_Exit 2X9ECCNK
2025-04-01 02:51:52,191 - INFO - Ingress_Exit PB7U1M4G
2025-04-01 02:51:52,297 - INFO - Ingress_Enter O8IEPJZY
2025-04-01 02:51:52,438 - INFO - Ingress_Enter V2T5H19N
2025-04-01 02:51:52,444 - INFO - Ingress_Exit VK7ZY3EG
2025-04-01 02:51:52,449 - INFO - Ingress_Enter NLBNZM2D
2025-04-01 02:51:52,555 - INFO - Ingress_Exit BW8GPPD5
2025-04-01 02:51:52,563 - INFO - Ingress_Enter 47OL7Y4W
2025-04-01 02:51:52,606 - INFO - Ingress_Enter 41NOCSMY
2025-04-01 02:51:52,750 - INFO - Ingress_Exit O8IEPJZY
2025-04-01 02:51:52,913 - INFO - Ingress_Exit V2T5H19N
2025-04-01 02:51:52,915 - INFO - Ingress_Exit 41NOCSMY
2025-04-01 02:51:52,944 - INFO - Ingress_Exit NLBNZM2D
2025-04-01 02:51:53,002 - INFO - Ingress_Exit 47OL7Y4W
2025-04-01 02:51:53,387 - INFO - Ingress_Enter ID58U3UU
2025-04-01 02:51:53,446 - INFO - Ingress_Enter RTEZ5I3J
2025-04-01 02:51:53,510 - INFO - Ingress_Enter 3MHZDU1B
2025-04-01 02:51:53,525 - INFO - Ingress_Enter 9ZG7V0PQ
2025-04-01 02:51:53,707 - INFO - Ingress_Enter 2ENT23TY
2025-04-01 02:51:53,783 - INFO - Ingress_Enter 1G46603S
2025-04-01 02:51:53,891 - INFO - Ingress_Exit 3MHZDU1B
2025-04-01 02:51:53,900 - INFO - Ingress_Exit ID58U3UU
2025-04-01 02:51:53,911 - INFO - Ingress_Exit 9ZG7V0PQ
2025-04-01 02:51:54,001 - INFO - Ingress_Exit RTEZ5I3J
2025-04-01 02:51:54,047 - INFO - Ingress_Enter 18OILN2H
2025-04-01 02:51:54,067 - INFO - Ingress_Enter V954ER5K
2025-04-01 02:51:54,088 - INFO - Ingress_Enter CC4Q2SUV
2025-04-01 02:51:54,109 - INFO - Ingress_Exit 1G46603S
2025-04-01 02:51:54,128 - INFO - Ingress_Exit 2ENT23TY
2025-04-01 02:51:54,348 - INFO - Ingress_Enter WUWN8QS4
2025-04-01 02:51:54,378 - INFO - Ingress_Exit V954ER5K
2025-04-01 02:51:54,514 - INFO - Ingress_Exit CC4Q2SUV
2025-04-01 02:51:54,539 - INFO - Ingress_Enter 3NOQ36WV
2025-04-01 02:51:54,540 - INFO - Ingress_Exit 18OILN2H
2025-04-01 02:51:54,613 - INFO - Ingress_Enter 3K9Z6G56
2025-04-01 02:51:54,752 - INFO - Ingress_Enter 1A958ERV
2025-04-01 02:51:54,757 - INFO - Ingress_Exit WUWN8QS4
2025-04-01 02:51:54,865 - INFO - Ingress_Enter XHXCJ9EJ
2025-04-01 02:51:54,873 - INFO - Ingress_Exit 3NOQ36WV
2025-04-01 02:51:54,972 - INFO - Ingress_Exit 3K9Z6G56
2025-04-01 02:51:55,045 - INFO - Ingress_Enter IOWQNBI6
2025-04-01 02:51:55,131 - INFO - Ingress_Exit 1A958ERV
2025-04-01 02:51:55,265 - INFO - Ingress_Exit XHXCJ9EJ
2025-04-01 02:51:55,277 - INFO - Ingress_Enter 6VLBY515
2025-04-01 02:51:55,310 - INFO - Ingress_Enter YVDYM47M
2025-04-01 02:51:55,351 - INFO - Ingress_Enter D34AXYKZ
2025-04-01 02:51:55,435 - INFO - Ingress_Enter 4XYLS25X
2025-04-01 02:51:55,447 - INFO - Ingress_Enter 34O4FWJP
2025-04-01 02:51:55,466 - INFO - Ingress_Exit IOWQNBI6
2025-04-01 02:51:55,662 - INFO - Ingress_Exit YVDYM47M
2025-04-01 02:51:55,742 - INFO - Ingress_Exit D34AXYKZ
2025-04-01 02:51:55,867 - INFO - Ingress_Exit 4XYLS25X
2025-04-01 02:51:55,912 - INFO - Ingress_Exit 34O4FWJP
2025-04-01 02:51:55,985 - INFO - Ingress_Exit 6VLBY515
2025-04-01 02:51:56,315 - INFO - Ingress_Enter SU0G2YNI
2025-04-01 02:51:56,401 - INFO - Ingress_Enter KBTY24K9
2025-04-01 02:51:56,495 - INFO - Ingress_Enter AXJGN2G3
2025-04-01 02:51:56,549 - INFO - Ingress_Enter 3PH442IU
2025-04-01 02:51:56,609 - INFO - Ingress_Exit KBTY24K9
2025-04-01 02:51:56,709 - INFO - Ingress_Enter M6BP9GZB
2025-04-01 02:51:56,710 - INFO - Ingress_Enter 0HXHKADP
2025-04-01 02:51:56,783 - INFO - Ingress_Exit SU0G2YNI
2025-04-01 02:51:56,815 - INFO - Ingress_Exit 3PH442IU
2025-04-01 02:51:56,846 - INFO - Ingress_Enter QZ69NXRT
2025-04-01 02:51:56,856 - INFO - Ingress_Exit AXJGN2G3
2025-04-01 02:51:56,944 - INFO - Ingress_Enter CH6905Y5
2025-04-01 02:51:56,964 - INFO - Ingress_Enter F4H2N6EZ
2025-04-01 02:51:56,977 - INFO - Ingress_Exit M6BP9GZB
2025-04-01 02:51:56,995 - INFO - Ingress_Enter 9Z578W1Y
2025-04-01 02:51:57,029 - INFO - Ingress_Enter 7A5RBUHA
2025-04-01 02:51:57,196 - INFO - Ingress_Exit 0HXHKADP
2025-04-01 02:51:57,230 - INFO - Ingress_Enter 0P4HY3PH
2025-04-01 02:51:57,293 - INFO - Ingress_Enter 8BK2JS0W
2025-04-01 02:51:57,324 - INFO - Ingress_Exit F4H2N6EZ
2025-04-01 02:51:57,362 - INFO - Ingress_Exit CH6905Y5
2025-04-01 02:51:57,449 - INFO - Ingress_Exit 9Z578W1Y
2025-04-01 02:51:57,519 - INFO - Ingress_Exit 7A5RBUHA
2025-04-01 02:51:57,553 - INFO - Ingress_Exit QZ69NXRT
2025-04-01 02:51:57,651 - INFO - Ingress_Enter C1ZT4U21
2025-04-01 02:51:57,670 - INFO - Ingress_Enter HKTH8UOQ
2025-04-01 02:51:57,714 - INFO - Ingress_Exit 8BK2JS0W
2025-04-01 02:51:57,746 - INFO - Ingress_Enter B2DMVNGL
2025-04-01 02:51:57,864 - INFO - Ingress_Enter TC12ALLV
2025-04-01 02:51:57,978 - INFO - Ingress_Exit 0P4HY3PH
2025-04-01 02:51:58,025 - INFO - Ingress_Exit TC12ALLV
2025-04-01 02:51:58,122 - INFO - Ingress_Enter RIN0UZWL
2025-04-01 02:51:58,131 - INFO - Ingress_Enter G1P8AT6H
2025-04-01 02:51:58,152 - INFO - Ingress_Enter AB48M20G
2025-04-01 02:51:58,162 - INFO - Ingress_Exit B2DMVNGL
2025-04-01 02:51:58,165 - INFO - Ingress_Exit C1ZT4U21
2025-04-01 02:51:58,175 - INFO - Ingress_Enter 107WLYUY
2025-04-01 02:51:58,196 - INFO - Ingress_Enter VNELU4OA
2025-04-01 02:51:58,258 - INFO - Ingress_Enter R5YIMAW8
2025-04-01 02:51:58,343 - INFO - Ingress_Enter B4H1JSSJ
2025-04-01 02:51:58,361 - INFO - Ingress_Exit HKTH8UOQ
2025-04-01 02:51:58,406 - INFO - Ingress_Exit RIN0UZWL
2025-04-01 02:51:58,423 - INFO - Ingress_Exit G1P8AT6H
2025-04-01 02:51:58,459 - INFO - Ingress_Enter XMW7QBUM
2025-04-01 02:51:58,560 - INFO - Ingress_Exit AB48M20G
2025-04-01 02:51:58,576 - INFO - Ingress_Exit R5YIMAW8
2025-04-01 02:51:58,650 - INFO - Ingress_Exit XMW7QBUM
2025-04-01 02:51:58,669 - INFO - Ingress_Enter G9Y403UR
2025-04-01 02:51:58,709 - INFO - Ingress_Exit B4H1JSSJ
2025-04-01 02:51:58,800 - INFO - Ingress_Exit VNELU4OA
2025-04-01 02:51:58,830 - INFO - Ingress_Enter G5VC961D
2025-04-01 02:51:58,902 - INFO - Ingress_Exit 107WLYUY
2025-04-01 02:51:59,029 - INFO - Ingress_Exit G9Y403UR
2025-04-01 02:51:59,106 - INFO - Ingress_Exit G5VC961D
2025-04-01 02:51:59,130 - INFO - Ingress_Enter P6IUDBKF
2025-04-01 02:51:59,151 - INFO - Ingress_Enter V17HM606
2025-04-01 02:51:59,247 - INFO - Ingress_Enter 38KC4HQP
2025-04-01 02:51:59,249 - INFO - Ingress_Enter RF9ZGFDP
2025-04-01 02:51:59,312 - INFO - Ingress_Enter 8VE3EZ7H
2025-04-01 02:51:59,334 - INFO - Ingress_Enter L2HILSP4
2025-04-01 02:51:59,364 - INFO - Ingress_Enter IBGWCED9
2025-04-01 02:51:59,400 - INFO - Ingress_Exit P6IUDBKF
2025-04-01 02:51:59,440 - INFO - Ingress_Enter 9PS6P35S
2025-04-01 02:51:59,491 - INFO - Ingress_Enter 4HMOFES0
2025-04-01 02:51:59,525 - INFO - Ingress_Exit 8VE3EZ7H
2025-04-01 02:51:59,555 - INFO - Ingress_Enter 5D5URW2M
2025-04-01 02:51:59,581 - INFO - Ingress_Exit 38KC4HQP
2025-04-01 02:51:59,634 - INFO - Ingress_Exit RF9ZGFDP
2025-04-01 02:51:59,662 - INFO - Ingress_Exit 4HMOFES0
2025-04-01 02:51:59,730 - INFO - Ingress_Enter VMP5C57R
2025-04-01 02:51:59,798 - INFO - Ingress_Exit 5D5URW2M
2025-04-01 02:51:59,800 - INFO - Ingress_Exit V17HM606
2025-04-01 02:51:59,801 - INFO - Ingress_Exit L2HILSP4
2025-04-01 02:51:59,911 - INFO - Ingress_Exit 9PS6P35S
2025-04-01 02:51:59,988 - INFO - Ingress_Exit IBGWCED9
2025-04-01 02:52:00,065 - INFO - Ingress_Enter 7RBVEBKX
2025-04-01 02:52:00,140 - INFO - Ingress_Enter ZH3U8N5M
2025-04-01 02:52:00,197 - INFO - Ingress_Exit VMP5C57R
2025-04-01 02:52:00,397 - INFO - Ingress_Enter NZO48WMG
2025-04-01 02:52:00,455 - INFO - Ingress_Exit ZH3U8N5M
2025-04-01 02:52:00,462 - INFO - Ingress_Enter NQ1MEAAB
2025-04-01 02:52:00,463 - INFO - Ingress_Enter RTQB0KO8
2025-04-01 02:52:00,526 - INFO - Ingress_Enter 7QYU6B1J
2025-04-01 02:52:00,559 - INFO - Ingress_Enter CNH2KRYV
2025-04-01 02:52:00,568 - INFO - Ingress_Exit 7RBVEBKX
2025-04-01 02:52:00,695 - INFO - Ingress_Enter 9TTTSZDV
2025-04-01 02:52:00,823 - INFO - Ingress_Enter FA6ZUZ94
2025-04-01 02:52:00,913 - INFO - Ingress_Exit 9TTTSZDV
2025-04-01 02:52:00,920 - INFO - Ingress_Exit NZO48WMG
2025-04-01 02:52:00,947 - INFO - Ingress_Exit NQ1MEAAB
2025-04-01 02:52:00,967 - INFO - Ingress_Exit RTQB0KO8
2025-04-01 02:52:01,031 - INFO - Ingress_Exit 7QYU6B1J
2025-04-01 02:52:01,162 - INFO - Ingress_Exit FA6ZUZ94
2025-04-01 02:52:01,525 - INFO - Ingress_Exit CNH2KRYV
2025-04-01 02:52:01,591 - INFO - Ingress_Enter HBXQOJM4
2025-04-01 02:52:01,611 - INFO - Ingress_Enter TEXDUTYR
2025-04-01 02:52:01,622 - INFO - Ingress_Enter KI2BQKKT
2025-04-01 02:52:01,696 - INFO - Ingress_Enter 4WWNMLAW
2025-04-01 02:52:01,780 - INFO - Ingress_Enter 9HXJBU62
2025-04-01 02:52:01,833 - INFO - Ingress_Enter AFUFSNCS
2025-04-01 02:52:01,918 - INFO - Ingress_Enter T0GTR8YR
2025-04-01 02:52:01,997 - INFO - Ingress_Exit HBXQOJM4
2025-04-01 02:52:02,099 - INFO - Ingress_Exit KI2BQKKT
2025-04-01 02:52:02,135 - INFO - Ingress_Exit TEXDUTYR
2025-04-01 02:52:02,138 - INFO - Ingress_Exit 4WWNMLAW
2025-04-01 02:52:02,143 - INFO - Ingress_Exit AFUFSNCS
2025-04-01 02:52:02,295 - INFO - Ingress_Exit 9HXJBU62
2025-04-01 02:52:02,313 - INFO - Ingress_Exit T0GTR8YR
2025-04-01 02:52:02,482 - INFO - Ingress_Enter DY0BZ3TA
2025-04-01 02:52:02,594 - INFO - Ingress_Enter SPUGGUKN
2025-04-01 02:52:02,671 - INFO - Ingress_Enter RJJXL38V
2025-04-01 02:52:02,787 - INFO - Ingress_Enter Q3SRQ5MI
2025-04-01 02:52:02,836 - INFO - Ingress_Enter 2PB8N674
2025-04-01 02:52:02,839 - INFO - Ingress_Enter 2RHDRUPV
2025-04-01 02:52:02,891 - INFO - Ingress_Enter V3RGQBXJ
2025-04-01 02:52:02,970 - INFO - Ingress_Exit DY0BZ3TA
2025-04-01 02:52:03,056 - INFO - Ingress_Exit SPUGGUKN
2025-04-01 02:52:03,149 - INFO - Ingress_Exit 2RHDRUPV
2025-04-01 02:52:03,178 - INFO - Ingress_Exit Q3SRQ5MI
2025-04-01 02:52:03,234 - INFO - Ingress_Exit V3RGQBXJ
2025-04-01 02:52:03,249 - INFO - Ingress_Exit RJJXL38V
2025-04-01 02:52:03,283 - INFO - Ingress_Exit 2PB8N674
2025-04-01 02:52:03,413 - INFO - Ingress_Enter MZ8F0SLC
2025-04-01 02:52:03,527 - INFO - Ingress_Enter TJJJ7FFY
2025-04-01 02:52:03,593 - INFO - Ingress_Enter 3VDEC5F1
2025-04-01 02:52:03,645 - INFO - Ingress_Exit MZ8F0SLC
2025-04-01 02:52:03,805 - INFO - Ingress_Enter GSBQEN45
2025-04-01 02:52:03,903 - INFO - Ingress_Enter 06P85VD5
2025-04-01 02:52:03,909 - INFO - Ingress_Exit TJJJ7FFY
2025-04-01 02:52:03,950 - INFO - Ingress_Enter UXSLP944
2025-04-01 02:52:04,019 - INFO - Ingress_Enter ZW76OV12
2025-04-01 02:52:04,049 - INFO - Ingress_Exit GSBQEN45
2025-04-01 02:52:04,115 - INFO - Ingress_Enter KU99HJMQ
2025-04-01 02:52:04,190 - INFO - Ingress_Enter HC6TB51V
2025-04-01 02:52:04,200 - INFO - Ingress_Exit 06P85VD5
2025-04-01 02:52:04,230 - INFO - Ingress_Exit ZW76OV12
2025-04-01 02:52:04,351 - INFO - Ingress_Enter AH1WN230
2025-04-01 02:52:04,415 - INFO - Ingress_Enter 5GA301E2
2025-04-01 02:52:04,436 - INFO - Ingress_Enter S7PEO1DV
2025-04-01 02:52:04,485 - INFO - Ingress_Exit HC6TB51V
2025-04-01 02:52:04,501 - INFO - Ingress_Exit KU99HJMQ
2025-04-01 02:52:04,567 - INFO - Ingress_Exit AH1WN230
2025-04-01 02:52:04,671 - INFO - Ingress_Exit S7PEO1DV
2025-04-01 02:52:04,722 - INFO - Ingress_Exit 3VDEC5F1
2025-04-01 02:52:04,731 - INFO - Ingress_Enter QW1D06WE
2025-04-01 02:52:04,762 - INFO - Ingress_Exit 5GA301E2
2025-04-01 02:52:04,806 - INFO - Ingress_Enter QUFG66EM
2025-04-01 02:52:04,872 - INFO - Ingress_Enter F6K175O1
2025-04-01 02:52:04,892 - INFO - Ingress_Enter LSJJVAHC
2025-04-01 02:52:04,913 - INFO - Ingress_Enter FHND9DSL
2025-04-01 02:52:05,005 - INFO - Ingress_Enter YIBWY3PN
2025-04-01 02:52:05,152 - INFO - Ingress_Exit QW1D06WE
2025-04-01 02:52:05,169 - INFO - Ingress_Enter 1T3E0MIG
2025-04-01 02:52:05,181 - INFO - Ingress_Enter 3BBU5SO4
2025-04-01 02:52:05,190 - INFO - Ingress_Exit YIBWY3PN
2025-04-01 02:52:05,211 - INFO - Ingress_Enter LQS1HB45
2025-04-01 02:52:05,312 - INFO - Ingress_Exit UXSLP944
2025-04-01 02:52:05,319 - INFO - Ingress_Exit LSJJVAHC
2025-04-01 02:52:05,362 - INFO - Ingress_Enter M08Q6WU9
2025-04-01 02:52:05,397 - INFO - Ingress_Exit F6K175O1
2025-04-01 02:52:05,398 - INFO - Ingress_Exit FHND9DSL
2025-04-01 02:52:05,440 - INFO - Ingress_Exit QUFG66EM
2025-04-01 02:52:05,643 - INFO - Ingress_Exit LQS1HB45
2025-04-01 02:52:05,700 - INFO - Ingress_Enter DCNSKP9L
2025-04-01 02:52:05,718 - INFO - Ingress_Exit M08Q6WU9
2025-04-01 02:52:05,753 - INFO - Ingress_Enter IEVNLF2K
2025-04-01 02:52:05,807 - INFO - Ingress_Enter 5HRCCA0T
2025-04-01 02:52:05,899 - INFO - Ingress_Exit 1T3E0MIG
2025-04-01 02:52:05,900 - INFO - Ingress_Exit 3BBU5SO4
2025-04-01 02:52:05,987 - INFO - Ingress_Enter UEFS48V5
2025-04-01 02:52:06,031 - INFO - Ingress_Exit IEVNLF2K
2025-04-01 02:52:06,049 - INFO - Ingress_Enter 9LKKIJNU
2025-04-01 02:52:06,102 - INFO - Ingress_Enter 6LI9S72O
2025-04-01 02:52:06,176 - INFO - Ingress_Exit DCNSKP9L
2025-04-01 02:52:06,251 - INFO - Ingress_Enter HBWL06HI
2025-04-01 02:52:06,253 - INFO - Ingress_Enter D70US5ZI
2025-04-01 02:52:06,394 - INFO - Ingress_Exit 5HRCCA0T
2025-04-01 02:52:06,396 - INFO - Ingress_Exit UEFS48V5
2025-04-01 02:52:06,422 - INFO - Ingress_Enter 1J8BZBAJ
2025-04-01 02:52:06,424 - INFO - Ingress_Exit 9LKKIJNU
2025-04-01 02:52:06,617 - INFO - Ingress_Enter SN9EYYG7
2025-04-01 02:52:06,630 - INFO - Ingress_Exit D70US5ZI
2025-04-01 02:52:06,703 - INFO - Ingress_Enter H148FSYC
2025-04-01 02:52:06,738 - INFO - Ingress_Exit 6LI9S72O
2025-04-01 02:52:06,742 - INFO - Ingress_Exit HBWL06HI
2025-04-01 02:52:06,791 - INFO - Ingress_Exit 1J8BZBAJ
2025-04-01 02:52:06,896 - INFO - Ingress_Enter K6PP003B
2025-04-01 02:52:06,952 - INFO - Ingress_Enter AAB44DGL
2025-04-01 02:52:07,051 - INFO - Ingress_Exit SN9EYYG7
2025-04-01 02:52:07,114 - INFO - Ingress_Enter YTKLE2IA
2025-04-01 02:52:07,158 - INFO - Ingress_Enter 1PR4JI6L
2025-04-01 02:52:07,194 - INFO - Ingress_Enter 9DX4GRWZ
2025-04-01 02:52:07,244 - INFO - Ingress_Enter ETBE6MHA
2025-04-01 02:52:07,338 - INFO - Ingress_Exit AAB44DGL
2025-04-01 02:52:07,411 - INFO - Ingress_Exit H148FSYC
2025-04-01 02:52:07,413 - INFO - Ingress_Exit YTKLE2IA
2025-04-01 02:52:07,436 - INFO - Ingress_Enter IL8NLG2J
2025-04-01 02:52:07,452 - INFO - Ingress_Exit K6PP003B
2025-04-01 02:52:07,505 - INFO - Ingress_Enter LBM4OD3D
2025-04-01 02:52:07,610 - INFO - Ingress_Exit 9DX4GRWZ
2025-04-01 02:52:07,617 - INFO - Ingress_Enter 1CE1RLME
2025-04-01 02:52:07,669 - INFO - Ingress_Exit ETBE6MHA
2025-04-01 02:52:07,682 - INFO - Ingress_Exit IL8NLG2J
2025-04-01 02:52:07,749 - INFO - Ingress_Exit LBM4OD3D
2025-04-01 02:52:07,825 - INFO - Ingress_Exit 1CE1RLME
2025-04-01 02:52:07,948 - INFO - Ingress_Exit 1PR4JI6L
2025-04-01 02:52:08,232 - INFO - Ingress_Enter W2THWUPF
2025-04-01 02:52:08,328 - INFO - Ingress_Enter 5SU1VV16
2025-04-01 02:52:08,349 - INFO - Ingress_Enter ATIJDSLY
2025-04-01 02:52:08,362 - INFO - Ingress_Enter M70ZV3EQ
2025-04-01 02:52:08,460 - INFO - Ingress_Exit W2THWUPF
2025-04-01 02:52:08,629 - INFO - Ingress_Enter VO8TP5OH
2025-04-01 02:52:08,651 - INFO - Ingress_Enter 36KCDYDV
2025-04-01 02:52:08,681 - INFO - Ingress_Exit 5SU1VV16
2025-04-01 02:52:08,814 - INFO - Ingress_Enter 45O5J8S3
2025-04-01 02:52:08,822 - INFO - Ingress_Enter 86NA02MU
2025-04-01 02:52:08,829 - INFO - Ingress_Exit ATIJDSLY
2025-04-01 02:52:08,951 - INFO - Ingress_Exit 36KCDYDV
2025-04-01 02:52:08,960 - INFO - Ingress_Exit VO8TP5OH
2025-04-01 02:52:09,049 - INFO - Ingress_Enter OJGJC7QQ
2025-04-01 02:52:09,084 - INFO - Ingress_Enter E8TKLNQA
2025-04-01 02:52:09,158 - INFO - Ingress_Exit 45O5J8S3
2025-04-01 02:52:09,198 - INFO - Ingress_Enter YPLQZ9JN
2025-04-01 02:52:09,212 - INFO - Ingress_Exit 86NA02MU
2025-04-01 02:52:09,304 - INFO - Ingress_Exit M70ZV3EQ
2025-04-01 02:52:09,338 - INFO - Ingress_Enter NGQAOYWD
2025-04-01 02:52:09,427 - INFO - Ingress_Enter 1QDLEHMU
2025-04-01 02:52:09,466 - INFO - Ingress_Exit YPLQZ9JN
2025-04-01 02:52:09,478 - INFO - Ingress_Enter TD1N0JI5
2025-04-01 02:52:09,492 - INFO - Ingress_Exit E8TKLNQA
2025-04-01 02:52:09,520 - INFO - Ingress_Enter 4CWGJ3L6
2025-04-01 02:52:09,555 - INFO - Ingress_Enter K7T5RUOX
2025-04-01 02:52:09,574 - INFO - Ingress_Enter 0IBH433M
2025-04-01 02:52:09,655 - INFO - Ingress_Exit OJGJC7QQ
2025-04-01 02:52:09,853 - INFO - Ingress_Enter AHPQVKEH
2025-04-01 02:52:09,894 - INFO - Ingress_Enter NMK8FT4C
2025-04-01 02:52:09,924 - INFO - Ingress_Exit TD1N0JI5
2025-04-01 02:52:09,931 - INFO - Ingress_Exit K7T5RUOX
2025-04-01 02:52:09,952 - INFO - Ingress_Exit 1QDLEHMU
2025-04-01 02:52:09,968 - INFO - Ingress_Exit 4CWGJ3L6
2025-04-01 02:52:10,011 - INFO - Ingress_Enter 6XWRGE3T
2025-04-01 02:52:10,020 - INFO - Ingress_Exit NGQAOYWD
2025-04-01 02:52:10,032 - INFO - Ingress_Enter 7HF8K5MD
2025-04-01 02:52:10,236 - INFO - Ingress_Enter JHTBVYPV
2025-04-01 02:52:10,374 - INFO - Ingress_Exit AHPQVKEH
2025-04-01 02:52:10,421 - INFO - Ingress_Exit 0IBH433M
2025-04-01 02:52:10,443 - INFO - Ingress_Exit NMK8FT4C
2025-04-01 02:52:10,576 - INFO - Ingress_Enter MRQ0WGIX
2025-04-01 02:52:10,586 - INFO - Ingress_Exit 7HF8K5MD
2025-04-01 02:52:10,593 - INFO - Ingress_Exit 6XWRGE3T
2025-04-01 02:52:10,607 - INFO - Ingress_Enter C8ZT3FNN
2025-04-01 02:52:10,669 - INFO - Ingress_Enter OEXI1O4X
2025-04-01 02:52:10,679 - INFO - Ingress_Enter TSBOOXSO
2025-04-01 02:52:10,868 - INFO - Ingress_Exit JHTBVYPV
2025-04-01 02:52:10,942 - INFO - Ingress_Exit C8ZT3FNN
2025-04-01 02:52:10,955 - INFO - Ingress_Enter NKDOV55J
2025-04-01 02:52:11,010 - INFO - Ingress_Exit OEXI1O4X
2025-04-01 02:52:11,037 - INFO - Ingress_Exit TSBOOXSO
2025-04-01 02:52:11,086 - INFO - Ingress_Enter 4Q76L2SO
2025-04-01 02:52:11,113 - INFO - Ingress_Enter LKVGZM6K
2025-04-01 02:52:11,129 - INFO - Ingress_Enter HFVERUW1
2025-04-01 02:52:11,250 - INFO - Ingress_Exit MRQ0WGIX
2025-04-01 02:52:11,284 - INFO - Ingress_Enter LQBPNHWT
2025-04-01 02:52:11,300 - INFO - Ingress_Exit NKDOV55J
2025-04-01 02:52:11,319 - INFO - Ingress_Enter 95HPNUQP
2025-04-01 02:52:11,425 - INFO - Ingress_Enter GENOFE3M
2025-04-01 02:52:11,438 - INFO - Ingress_Exit HFVERUW1
2025-04-01 02:52:11,471 - INFO - Ingress_Exit 4Q76L2SO
2025-04-01 02:52:11,471 - INFO - Ingress_Exit LKVGZM6K
2025-04-01 02:52:11,700 - INFO - Ingress_Enter 98H89LJB
2025-04-01 02:52:11,724 - INFO - Ingress_Enter UZNCXEVD
2025-04-01 02:52:11,799 - INFO - Ingress_Exit 95HPNUQP
2025-04-01 02:52:11,817 - INFO - Ingress_Enter 6KCNOF0L
2025-04-01 02:52:11,825 - INFO - Ingress_Exit LQBPNHWT
2025-04-01 02:52:11,945 - INFO - Ingress_Enter MSNII67L
2025-04-01 02:52:11,988 - INFO - Ingress_Exit GENOFE3M
2025-04-01 02:52:12,087 - INFO - Ingress_Exit UZNCXEVD
2025-04-01 02:52:12,112 - INFO - Ingress_Exit 6KCNOF0L
2025-04-01 02:52:12,138 - INFO - Ingress_Enter QOWRCMBC
2025-04-01 02:52:12,215 - INFO - Ingress_Enter ZEIOS98N
2025-04-01 02:52:12,236 - INFO - Ingress_Enter UAV85DC2
2025-04-01 02:52:12,409 - INFO - Ingress_Enter DBLYJ87J
2025-04-01 02:52:12,448 - INFO - Ingress_Exit 98H89LJB
2025-04-01 02:52:12,478 - INFO - Ingress_Exit MSNII67L
2025-04-01 02:52:12,584 - INFO - Ingress_Enter KEOT92Y5
2025-04-01 02:52:12,658 - INFO - Ingress_Enter 74CAI7RN
2025-04-01 02:52:12,756 - INFO - Ingress_Exit QOWRCMBC
2025-04-01 02:52:12,769 - INFO - Ingress_Exit UAV85DC2
2025-04-01 02:52:12,788 - INFO - Ingress_Enter A3W0DMPL
2025-04-01 02:52:12,801 - INFO - Ingress_Enter WYD0W54R
2025-04-01 02:52:12,810 - INFO - Ingress_Exit ZEIOS98N
2025-04-01 02:52:12,863 - INFO - Ingress_Enter 79Y6JQ6L
2025-04-01 02:52:12,928 - INFO - Ingress_Enter C6P1OLRM
2025-04-01 02:52:12,937 - INFO - Ingress_Exit DBLYJ87J
2025-04-01 02:52:12,949 - INFO - Ingress_Enter C5J2ZIM3
2025-04-01 02:52:13,044 - INFO - Ingress_Exit 74CAI7RN
2025-04-01 02:52:13,046 - INFO - Ingress_Exit KEOT92Y5
2025-04-01 02:52:13,116 - INFO - Ingress_Enter M7N6VSFP
2025-04-01 02:52:13,170 - INFO - Ingress_Enter CIT730KM
2025-04-01 02:52:13,182 - INFO - Ingress_Exit WYD0W54R
2025-04-01 02:52:13,211 - INFO - Ingress_Exit 79Y6JQ6L
2025-04-01 02:52:13,245 - INFO - Ingress_Enter G9EEDHAX
2025-04-01 02:52:13,317 - INFO - Ingress_Exit A3W0DMPL
2025-04-01 02:52:13,374 - INFO - Ingress_Enter P3BSC0FL
2025-04-01 02:52:13,459 - INFO - Ingress_Exit M7N6VSFP
2025-04-01 02:52:13,471 - INFO - Ingress_Exit C5J2ZIM3
2025-04-01 02:52:13,471 - INFO - Ingress_Exit C6P1OLRM
2025-04-01 02:52:13,474 - INFO - Ingress_Exit CIT730KM
2025-04-01 02:52:13,524 - INFO - Ingress_Enter L9IX1ENW
2025-04-01 02:52:13,610 - INFO - Ingress_Exit P3BSC0FL
2025-04-01 02:52:13,632 - INFO - Ingress_Enter Q1V1LGFW
2025-04-01 02:52:13,654 - INFO - Ingress_Exit G9EEDHAX
2025-04-01 02:52:13,792 - INFO - Ingress_Enter T13O22NR
2025-04-01 02:52:13,801 - INFO - Ingress_Exit L9IX1ENW
2025-04-01 02:52:13,859 - INFO - Ingress_Enter U2BJ9VTR
2025-04-01 02:52:13,888 - INFO - Ingress_Enter PQANBSH2
2025-04-01 02:52:13,943 - INFO - Ingress_Enter Q6UR6Q5X
2025-04-01 02:52:13,992 - INFO - Ingress_Exit T13O22NR
2025-04-01 02:52:14,035 - INFO - Ingress_Exit Q1V1LGFW
2025-04-01 02:52:14,064 - INFO - Ingress_Enter YTAUZVXZ
2025-04-01 02:52:14,243 - INFO - Ingress_Exit PQANBSH2
2025-04-01 02:52:14,261 - INFO - Ingress_Exit Q6UR6Q5X
2025-04-01 02:52:14,320 - INFO - Ingress_Enter 9GLDPER9
2025-04-01 02:52:14,335 - INFO - Ingress_Exit U2BJ9VTR
2025-04-01 02:52:14,409 - INFO - Ingress_Enter C8Y9PUGA
2025-04-01 02:52:14,418 - INFO - Ingress_Enter 9U3LLV1V
2025-04-01 02:52:14,515 - INFO - Ingress_Exit YTAUZVXZ
2025-04-01 02:52:14,523 - INFO - Ingress_Enter JKUZIGHK
2025-04-01 02:52:14,590 - INFO - Ingress_Enter HK4HWTOS
2025-04-01 02:52:14,597 - INFO - Ingress_Exit 9U3LLV1V
2025-04-01 02:52:14,638 - INFO - Ingress_Exit 9GLDPER9
2025-04-01 02:52:14,740 - INFO - Ingress_Exit C8Y9PUGA
2025-04-01 02:52:14,770 - INFO - Ingress_Exit JKUZIGHK
2025-04-01 02:52:14,921 - INFO - Ingress_Enter RPZW3ZOE
2025-04-01 02:52:15,022 - INFO - Ingress_Enter VS9GGNJR
2025-04-01 02:52:15,119 - INFO - Ingress_Enter GT936GC5
2025-04-01 02:52:15,151 - INFO - Ingress_Exit HK4HWTOS
2025-04-01 02:52:15,258 - INFO - Ingress_Enter ZZGAP5UH
2025-04-01 02:52:15,268 - INFO - Ingress_Enter VSE539BD
2025-04-01 02:52:15,298 - INFO - Ingress_Exit RPZW3ZOE
2025-04-01 02:52:15,349 - INFO - Ingress_Exit VS9GGNJR
2025-04-01 02:52:15,355 - INFO - Ingress_Enter 13USRL3J
2025-04-01 02:52:15,376 - INFO - Ingress_Enter GY5TXC2V
2025-04-01 02:52:15,522 - INFO - Ingress_Exit GY5TXC2V
2025-04-01 02:52:15,524 - INFO - Ingress_Exit 13USRL3J
2025-04-01 02:52:15,568 - INFO - Ingress_Exit VSE539BD
2025-04-01 02:52:15,609 - INFO - Ingress_Exit ZZGAP5UH
2025-04-01 02:52:15,628 - INFO - Ingress_Enter IU7TLNYL
2025-04-01 02:52:15,694 - INFO - Ingress_Enter 866JB99T
2025-04-01 02:52:15,705 - INFO - Ingress_Enter GZRH8W8R
2025-04-01 02:52:15,728 - INFO - Ingress_Enter PEV5J29J
2025-04-01 02:52:15,803 - INFO - Ingress_Enter T3O10W5I
2025-04-01 02:52:15,857 - INFO - Ingress_Enter 2SZR39SL
2025-04-01 02:52:15,878 - INFO - Ingress_Enter NJALPBSO
2025-04-01 02:52:15,928 - INFO - Ingress_Exit IU7TLNYL
2025-04-01 02:52:16,003 - INFO - Ingress_Exit PEV5J29J
2025-04-01 02:52:16,060 - INFO - Ingress_Exit 866JB99T
2025-04-01 02:52:16,083 - INFO - Ingress_Exit 2SZR39SL
2025-04-01 02:52:16,176 - INFO - Ingress_Exit GT936GC5
2025-04-01 02:52:16,194 - INFO - Ingress_Exit T3O10W5I
2025-04-01 02:52:16,226 - INFO - Ingress_Exit GZRH8W8R
2025-04-01 02:52:16,256 - INFO - Ingress_Enter 9B6L11G8
2025-04-01 02:52:16,298 - INFO - Ingress_Enter 5MRZ33Q8
2025-04-01 02:52:16,328 - INFO - Ingress_Exit NJALPBSO
2025-04-01 02:52:16,373 - INFO - Ingress_Enter G6O5MX47
2025-04-01 02:52:16,394 - INFO - Ingress_Enter FXBW6UAR
2025-04-01 02:52:16,406 - INFO - Ingress_Enter S1TLTGHB
2025-04-01 02:52:16,601 - INFO - Ingress_Exit 9B6L11G8
2025-04-01 02:52:16,718 - INFO - Ingress_Exit G6O5MX47
2025-04-01 02:52:16,727 - INFO - Ingress_Enter O0028B51
2025-04-01 02:52:16,810 - INFO - Ingress_Exit S1TLTGHB
2025-04-01 02:52:16,856 - INFO - Ingress_Enter 7A414UFA
2025-04-01 02:52:16,911 - INFO - Ingress_Exit FXBW6UAR
2025-04-01 02:52:16,973 - INFO - Ingress_Enter 3QI39WNQ
2025-04-01 02:52:17,007 - INFO - Ingress_Enter 731V3H11
2025-04-01 02:52:17,265 - INFO - Ingress_Enter M2DQ3A40
2025-04-01 02:52:17,278 - INFO - Ingress_Exit 7A414UFA
2025-04-01 02:52:17,314 - INFO - Ingress_Exit O0028B51
2025-04-01 02:52:17,440 - INFO - Ingress_Exit 5MRZ33Q8
2025-04-01 02:52:17,528 - INFO - Ingress_Exit 731V3H11
2025-04-01 02:52:17,530 - INFO - Ingress_Exit 3QI39WNQ
2025-04-01 02:52:17,772 - INFO - Ingress_Enter VVHZFIXM
2025-04-01 02:52:17,847 - INFO - Ingress_Exit M2DQ3A40
2025-04-01 02:52:18,049 - INFO - Ingress_Enter F1IMQLR5
2025-04-01 02:52:18,159 - INFO - Ingress_Enter Y5LR6QIU
2025-04-01 02:52:18,162 - INFO - Ingress_Enter ZLBGR38D
2025-04-01 02:52:18,163 - INFO - Ingress_Enter SF0HH5MG
2025-04-01 02:52:18,209 - INFO - Ingress_Exit VVHZFIXM
2025-04-01 02:52:18,316 - INFO - Ingress_Enter VGQPYJ1K
2025-04-01 02:52:18,350 - INFO - Ingress_Enter 0ZIMW1JA
2025-04-01 02:52:18,382 - INFO - Ingress_Enter W3S4XHB6
2025-04-01 02:52:18,437 - INFO - Ingress_Exit Y5LR6QIU
2025-04-01 02:52:18,509 - INFO - Ingress_Exit F1IMQLR5
2025-04-01 02:52:18,519 - INFO - Ingress_Enter QO8KVMYG
2025-04-01 02:52:18,741 - INFO - Ingress_Exit VGQPYJ1K
2025-04-01 02:52:18,754 - INFO - Ingress_Enter Y7GAAGCZ
2025-04-01 02:52:18,796 - INFO - Ingress_Exit 0ZIMW1JA
2025-04-01 02:52:18,814 - INFO - Ingress_Exit W3S4XHB6
2025-04-01 02:52:18,816 - INFO - Ingress_Exit SF0HH5MG
2025-04-01 02:52:18,837 - INFO - Ingress_Exit ZLBGR38D
2025-04-01 02:52:18,841 - INFO - Ingress_Exit QO8KVMYG
2025-04-01 02:52:18,849 - INFO - Ingress_Enter MI3SFQB6
2025-04-01 02:52:18,873 - INFO - Ingress_Enter 8BLPAL8S
2025-04-01 02:52:18,925 - INFO - Ingress_Enter 55Z8G3IJ
2025-04-01 02:52:18,945 - INFO - Ingress_Enter 72PW3FM4
2025-04-01 02:52:19,160 - INFO - Ingress_Exit Y7GAAGCZ
2025-04-01 02:52:19,204 - INFO - Ingress_Exit 8BLPAL8S
2025-04-01 02:52:19,226 - INFO - Ingress_Exit 72PW3FM4
2025-04-01 02:52:19,297 - INFO - Ingress_Enter 4DW58W69
2025-04-01 02:52:19,334 - INFO - Ingress_Exit MI3SFQB6
2025-04-01 02:52:19,351 - INFO - Ingress_Enter V5829YFF
2025-04-01 02:52:19,384 - INFO - Ingress_Enter 2HZLYMZP
2025-04-01 02:52:19,467 - INFO - Ingress_Enter VLGHJ40U
2025-04-01 02:52:19,500 - INFO - Ingress_Enter T2E6AJF3
2025-04-01 02:52:19,523 - INFO - Ingress_Exit 55Z8G3IJ
2025-04-01 02:52:19,638 - INFO - Ingress_Enter A1D60GBV
2025-04-01 02:52:19,646 - INFO - Ingress_Exit 4DW58W69
2025-04-01 02:52:19,660 - INFO - Ingress_Enter 702ECZS0
2025-04-01 02:52:19,688 - INFO - Ingress_Exit V5829YFF
2025-04-01 02:52:19,836 - INFO - Ingress_Exit T2E6AJF3
2025-04-01 02:52:19,839 - INFO - Ingress_Enter 8ARN8AH3
2025-04-01 02:52:19,900 - INFO - Ingress_Exit 2HZLYMZP
2025-04-01 02:52:19,907 - INFO - Ingress_Exit VLGHJ40U
2025-04-01 02:52:19,926 - INFO - Ingress_Enter 2C1UV9AR
2025-04-01 02:52:19,946 - INFO - Ingress_Exit 702ECZS0
2025-04-01 02:52:20,013 - INFO - Ingress_Exit A1D60GBV
2025-04-01 02:52:20,022 - INFO - Ingress_Enter OML91WVM
2025-04-01 02:52:20,255 - INFO - Ingress_Enter 6HSNO8XS
2025-04-01 02:52:20,258 - INFO - Ingress_Exit 8ARN8AH3
2025-04-01 02:52:20,278 - INFO - Ingress_Enter HC3YJ434
2025-04-01 02:52:20,374 - INFO - Ingress_Exit 2C1UV9AR
2025-04-01 02:52:20,549 - INFO - Ingress_Enter OHUTTEIQ
2025-04-01 02:52:20,586 - INFO - Ingress_Exit 6HSNO8XS
2025-04-01 02:52:20,595 - INFO - Ingress_Enter 3TVXM6SV
2025-04-01 02:52:20,604 - INFO - Ingress_Enter HDYHNOZO
2025-04-01 02:52:20,612 - INFO - Ingress_Exit OML91WVM
2025-04-01 02:52:20,634 - INFO - Ingress_Enter CNG0X4XR
2025-04-01 02:52:20,694 - INFO - Ingress_Exit HC3YJ434
2025-04-01 02:52:20,721 - INFO - Ingress_Enter 8UIEWRZ6
2025-04-01 02:52:20,734 - INFO - Ingress_Enter 0FSV6NSP
2025-04-01 02:52:20,861 - INFO - Ingress_Enter ZA3BI2NC
2025-04-01 02:52:20,874 - INFO - Ingress_Exit HDYHNOZO
2025-04-01 02:52:20,899 - INFO - Ingress_Exit OHUTTEIQ
2025-04-01 02:52:20,990 - INFO - Ingress_Exit 8UIEWRZ6
2025-04-01 02:52:20,998 - INFO - Ingress_Enter 83DRBVI2
2025-04-01 02:52:21,018 - INFO - Ingress_Exit CNG0X4XR
2025-04-01 02:52:21,073 - INFO - Ingress_Exit 3TVXM6SV
2025-04-01 02:52:21,236 - INFO - Ingress_Enter J60LRK45
2025-04-01 02:52:21,267 - INFO - Ingress_Exit 0FSV6NSP
2025-04-01 02:52:21,268 - INFO - Ingress_Exit ZA3BI2NC
2025-04-01 02:52:21,301 - INFO - Ingress_Enter FMCOJNOK
2025-04-01 02:52:21,382 - INFO - Ingress_Exit 83DRBVI2
2025-04-01 02:52:21,464 - INFO - Ingress_Enter 4Z05P48P
2025-04-01 02:52:21,627 - INFO - Ingress_Exit FMCOJNOK
2025-04-01 02:52:21,634 - INFO - Ingress_Enter 25I7TCMJ
2025-04-01 02:52:21,635 - INFO - Ingress_Enter TW4P7NTQ
2025-04-01 02:52:21,659 - INFO - Ingress_Exit J60LRK45
2025-04-01 02:52:21,909 - INFO - Ingress_Exit 4Z05P48P
2025-04-01 02:52:21,932 - INFO - Ingress_Exit 25I7TCMJ
2025-04-01 02:52:21,958 - INFO - Ingress_Enter 5ZN2M5CE
2025-04-01 02:52:22,063 - INFO - Ingress_Exit TW4P7NTQ
2025-04-01 02:52:22,085 - INFO - Ingress_Enter THYRMO8K
2025-04-01 02:52:22,087 - INFO - Ingress_Enter Q4Q1S3YS
2025-04-01 02:52:22,236 - INFO - Ingress_Exit Q4Q1S3YS
2025-04-01 02:52:22,257 - INFO - Ingress_Enter GCBXBA8S
2025-04-01 02:52:22,268 - INFO - Ingress_Enter O5D49SVE
2025-04-01 02:52:22,378 - INFO - Ingress_Enter LDPE9O9S
2025-04-01 02:52:22,410 - INFO - Ingress_Exit 5ZN2M5CE
2025-04-01 02:52:22,569 - INFO - Ingress_Exit THYRMO8K
2025-04-01 02:52:22,590 - INFO - Ingress_Enter L8F4G7LM
2025-04-01 02:52:22,619 - INFO - Ingress_Exit O5D49SVE
2025-04-01 02:52:22,644 - INFO - Ingress_Enter 2GYMY9N1
2025-04-01 02:52:22,649 - INFO - Ingress_Exit LDPE9O9S
2025-04-01 02:52:22,775 - INFO - Ingress_Exit GCBXBA8S
2025-04-01 02:52:22,859 - INFO - Ingress_Enter Z6KA108G
2025-04-01 02:52:22,863 - INFO - Ingress_Exit 2GYMY9N1
2025-04-01 02:52:22,869 - INFO - Ingress_Enter CEP2EW98
2025-04-01 02:52:22,898 - INFO - Ingress_Exit L8F4G7LM
2025-04-01 02:52:23,126 - INFO - Ingress_Enter VFE2EPUN
2025-04-01 02:52:23,136 - INFO - Ingress_Enter U8L7UL8V
2025-04-01 02:52:23,189 - INFO - Ingress_Enter JAMHV7A8
2025-04-01 02:52:23,249 - INFO - Ingress_Exit Z6KA108G
2025-04-01 02:52:23,272 - INFO - Ingress_Exit CEP2EW98
2025-04-01 02:52:23,350 - INFO - Ingress_Exit VFE2EPUN
2025-04-01 02:52:23,355 - INFO - Ingress_Exit JAMHV7A8
2025-04-01 02:52:23,599 - INFO - Ingress_Exit U8L7UL8V
2025-04-01 02:52:23,958 - INFO - Ingress_Enter OZ5RGAUH
2025-04-01 02:52:24,149 - INFO - Ingress_Enter WAO7WP8T
2025-04-01 02:52:24,273 - INFO - Ingress_Exit OZ5RGAUH
2025-04-01 02:52:24,299 - INFO - Ingress_Enter F5ETWSVT
2025-04-01 02:52:24,351 - INFO - Ingress_Enter LGXEN2CV
2025-04-01 02:52:24,598 - INFO - Ingress_Exit WAO7WP8T
2025-04-01 02:52:24,685 - INFO - Ingress_Enter QVTOFOH7
2025-04-01 02:52:24,696 - INFO - Ingress_Exit F5ETWSVT
2025-04-01 02:52:24,803 - INFO - Ingress_Enter XR1FA0Q6
2025-04-01 02:52:24,818 - INFO - Ingress_Exit LGXEN2CV
2025-04-01 02:52:24,845 - INFO - Ingress_Enter LZGF4H0J
2025-04-01 02:52:25,010 - INFO - Ingress_Exit LZGF4H0J
2025-04-01 02:52:25,290 - INFO - Ingress_Exit QVTOFOH7
2025-04-01 02:52:25,305 - INFO - Ingress_Enter 9GL2TBI3
2025-04-01 02:52:25,307 - INFO - Ingress_Enter KUYLQYNH
2025-04-01 02:52:25,338 - INFO - Ingress_Exit XR1FA0Q6
2025-04-01 02:52:25,495 - INFO - Ingress_Enter YTL581HG
2025-04-01 02:52:25,547 - INFO - Ingress_Enter Q4NWKTBR
2025-04-01 02:52:25,733 - INFO - Ingress_Exit Q4NWKTBR
2025-04-01 02:52:25,774 - INFO - Ingress_Exit 9GL2TBI3
2025-04-01 02:52:25,785 - INFO - Ingress_Enter X5ISRMOJ
2025-04-01 02:52:25,795 - INFO - Ingress_Enter UN37HR0F
2025-04-01 02:52:25,826 - INFO - Ingress_Enter UQHLRER6
2025-04-01 02:52:25,833 - INFO - Ingress_Exit KUYLQYNH
2025-04-01 02:52:25,859 - INFO - Ingress_Enter OW61JP89
2025-04-01 02:52:25,967 - INFO - Ingress_Enter 1KJYGV87
2025-04-01 02:52:26,066 - INFO - Ingress_Exit YTL581HG
2025-04-01 02:52:26,150 - INFO - Ingress_Exit UQHLRER6
2025-04-01 02:52:26,270 - INFO - Ingress_Exit UN37HR0F
2025-04-01 02:52:26,272 - INFO - Ingress_Exit X5ISRMOJ
2025-04-01 02:52:26,301 - INFO - Ingress_Exit 1KJYGV87
2025-04-01 02:52:26,355 - INFO - Ingress_Enter 7BXSCNRI
2025-04-01 02:52:26,396 - INFO - Ingress_Enter MW83AOHI
2025-04-01 02:52:26,418 - INFO - Ingress_Enter X9HHE7G1
2025-04-01 02:52:26,428 - INFO - Ingress_Enter DKA11S1Z
2025-04-01 02:52:26,456 - INFO - Ingress_Exit OW61JP89
2025-04-01 02:52:26,733 - INFO - Ingress_Exit 7BXSCNRI
2025-04-01 02:52:26,745 - INFO - Ingress_Exit MW83AOHI
2025-04-01 02:52:26,786 - INFO - Ingress_Enter JXJC480P
2025-04-01 02:52:26,796 - INFO - Ingress_Exit X9HHE7G1
2025-04-01 02:52:26,855 - INFO - Ingress_Enter IHX3AGZ9
2025-04-01 02:52:26,873 - INFO - Ingress_Exit DKA11S1Z
2025-04-01 02:52:26,882 - INFO - Ingress_Enter VQOSG37Q
2025-04-01 02:52:26,889 - INFO - Ingress_Enter UKNOCVOW
2025-04-01 02:52:26,935 - INFO - Ingress_Enter 3TAQJGIK
2025-04-01 02:52:26,944 - INFO - Ingress_Enter X7V21UUS
2025-04-01 02:52:27,112 - INFO - Ingress_Exit X7V21UUS
2025-04-01 02:52:27,150 - INFO - Ingress_Enter GUX3N30F
2025-04-01 02:52:27,155 - INFO - Ingress_Exit JXJC480P
2025-04-01 02:52:27,226 - INFO - Ingress_Exit VQOSG37Q
2025-04-01 02:52:27,268 - INFO - Ingress_Exit 3TAQJGIK
2025-04-01 02:52:27,269 - INFO - Ingress_Exit IHX3AGZ9
2025-04-01 02:52:27,286 - INFO - Ingress_Exit UKNOCVOW
2025-04-01 02:52:27,508 - INFO - Ingress_Exit GUX3N30F
2025-04-01 02:52:27,572 - INFO - Ingress_Enter YPSMRPMU
2025-04-01 02:52:27,596 - INFO - Ingress_Enter I5WB9JGQ
2025-04-01 02:52:27,853 - INFO - Ingress_Enter ONA4I1NH
2025-04-01 02:52:27,895 - INFO - Ingress_Enter 07JY48VX
2025-04-01 02:52:27,985 - INFO - Ingress_Exit YPSMRPMU
2025-04-01 02:52:28,025 - INFO - Ingress_Enter B7BUXNQB
2025-04-01 02:52:28,026 - INFO - Ingress_Exit I5WB9JGQ
2025-04-01 02:52:28,088 - INFO - Ingress_Enter 8TP39781
2025-04-01 02:52:28,121 - INFO - Ingress_Enter SHYVA0EZ
2025-04-01 02:52:28,131 - INFO - Ingress_Exit ONA4I1NH
2025-04-01 02:52:28,143 - INFO - Ingress_Enter S8PEVK3W
2025-04-01 02:52:28,356 - INFO - Ingress_Exit SHYVA0EZ
2025-04-01 02:52:28,357 - INFO - Ingress_Exit 8TP39781
2025-04-01 02:52:28,358 - INFO - Ingress_Exit S8PEVK3W
2025-04-01 02:52:28,389 - INFO - Ingress_Exit 07JY48VX
2025-04-01 02:52:28,517 - INFO - Ingress_Exit B7BUXNQB
