2025-04-12 17:54:22,218 - INFO - Ingress_Mono_Enter 4YQ6WW2K
2025-04-12 17:54:22,270 - INFO - Ingress_Mono_Input_Decoded 4YQ6WW2K
2025-04-12 17:54:22,276 - INFO - Ingress_Mono_Numpy_Converted 4YQ6WW2K
2025-04-12 17:54:22,349 - INFO - Ingress_Mono_Enter WFDT00G7
2025-04-12 17:54:22,381 - INFO - Ingress_Mono_Input_Decoded WFDT00G7
2025-04-12 17:54:22,383 - INFO - Ingress_Mono_Numpy_Converted WFDT00G7
2025-04-12 17:54:22,927 - INFO - Ingress_Mono_Enter JM0A2PKO
2025-04-12 17:54:22,968 - INFO - Ingress_Mono_Input_Decoded JM0A2PKO
2025-04-12 17:54:22,971 - INFO - Ingress_Mono_Numpy_Converted JM0A2PKO
2025-04-12 17:54:22,974 - INFO - Ingress_Mono_Exit 4YQ6WW2K
2025-04-12 17:54:23,693 - INFO - Ingress_Mono_Exit JM0A2PKO
2025-04-12 17:54:24,210 - INFO - Ingress_Mono_Exit WFDT00G7
2025-04-12 17:54:27,572 - INFO - Ingress_Mono_Enter 6TYPWWX6
2025-04-12 17:54:27,605 - INFO - Ingress_Mono_Input_Decoded 6TYPWWX6
2025-04-12 17:54:27,608 - INFO - Ingress_Mono_Numpy_Converted 6TYPWWX6
2025-04-12 17:54:28,914 - INFO - Ingress_Mono_Exit 6TYPWWX6
2025-04-12 17:54:29,365 - INFO - Ingress_Mono_Enter 1W9T0UQO
2025-04-12 17:54:29,408 - INFO - Ingress_Mono_Input_Decoded 1W9T0UQO
2025-04-12 17:54:29,412 - INFO - Ingress_Mono_Numpy_Converted 1W9T0UQO
2025-04-12 17:54:29,928 - INFO - Ingress_Mono_Enter M5Z3QZDP
2025-04-12 17:54:29,960 - INFO - Ingress_Mono_Input_Decoded M5Z3QZDP
2025-04-12 17:54:29,963 - INFO - Ingress_Mono_Numpy_Converted M5Z3QZDP
2025-04-12 17:54:30,509 - INFO - Ingress_Mono_Enter 9ZDSHOAV
2025-04-12 17:54:30,553 - INFO - Ingress_Mono_Input_Decoded 9ZDSHOAV
2025-04-12 17:54:30,557 - INFO - Ingress_Mono_Numpy_Converted 9ZDSHOAV
2025-04-12 17:54:30,559 - INFO - Ingress_Mono_Exit 1W9T0UQO
2025-04-12 17:54:31,295 - INFO - Ingress_Mono_Exit M5Z3QZDP
2025-04-12 17:54:31,584 - INFO - Ingress_Mono_Exit 9ZDSHOAV
2025-04-12 17:54:34,666 - INFO - Ingress_Mono_Enter 8UT7TCF4
2025-04-12 17:54:34,721 - INFO - Ingress_Mono_Input_Decoded 8UT7TCF4
2025-04-12 17:54:34,724 - INFO - Ingress_Mono_Numpy_Converted 8UT7TCF4
2025-04-12 17:54:35,656 - INFO - Ingress_Mono_Enter 2DNRIFGO
2025-04-12 17:54:35,692 - INFO - Ingress_Mono_Input_Decoded 2DNRIFGO
2025-04-12 17:54:35,697 - INFO - Ingress_Mono_Numpy_Converted 2DNRIFGO
2025-04-12 17:54:36,511 - INFO - Ingress_Mono_Enter LYZTO0WZ
2025-04-12 17:54:36,550 - INFO - Ingress_Mono_Input_Decoded LYZTO0WZ
2025-04-12 17:54:36,553 - INFO - Ingress_Mono_Numpy_Converted LYZTO0WZ
2025-04-12 17:54:36,922 - INFO - Ingress_Mono_Exit 8UT7TCF4
2025-04-12 17:54:37,233 - INFO - Ingress_Mono_Exit 2DNRIFGO
2025-04-12 17:54:37,512 - INFO - Ingress_Mono_Enter YZ3950QJ
2025-04-12 17:54:37,549 - INFO - Ingress_Mono_Input_Decoded YZ3950QJ
2025-04-12 17:54:37,552 - INFO - Ingress_Mono_Numpy_Converted YZ3950QJ
2025-04-12 17:54:37,799 - INFO - Ingress_Mono_Enter HRTZ8ZV1
2025-04-12 17:54:37,836 - INFO - Ingress_Mono_Input_Decoded HRTZ8ZV1
2025-04-12 17:54:37,840 - INFO - Ingress_Mono_Numpy_Converted HRTZ8ZV1
2025-04-12 17:54:37,932 - INFO - Ingress_Mono_Exit LYZTO0WZ
2025-04-12 17:54:38,156 - INFO - Ingress_Mono_Enter 4VPRW9AD
2025-04-12 17:54:38,193 - INFO - Ingress_Mono_Input_Decoded 4VPRW9AD
2025-04-12 17:54:38,197 - INFO - Ingress_Mono_Numpy_Converted 4VPRW9AD
2025-04-12 17:54:38,721 - INFO - Ingress_Mono_Enter D0GEBB0I
2025-04-12 17:54:38,752 - INFO - Ingress_Mono_Input_Decoded D0GEBB0I
2025-04-12 17:54:38,755 - INFO - Ingress_Mono_Numpy_Converted D0GEBB0I
2025-04-12 17:54:39,234 - INFO - Ingress_Mono_Exit HRTZ8ZV1
2025-04-12 17:54:39,284 - INFO - Ingress_Mono_Exit YZ3950QJ
2025-04-12 17:54:39,778 - INFO - Ingress_Mono_Exit 4VPRW9AD
2025-04-12 17:54:40,017 - INFO - Ingress_Mono_Enter Y62UJUQO
2025-04-12 17:54:40,061 - INFO - Ingress_Mono_Input_Decoded Y62UJUQO
2025-04-12 17:54:40,065 - INFO - Ingress_Mono_Numpy_Converted Y62UJUQO
2025-04-12 17:54:40,164 - INFO - Ingress_Mono_Enter NGI48HTO
2025-04-12 17:54:40,209 - INFO - Ingress_Mono_Input_Decoded NGI48HTO
2025-04-12 17:54:40,214 - INFO - Ingress_Mono_Numpy_Converted NGI48HTO
2025-04-12 17:54:40,434 - INFO - Ingress_Mono_Exit D0GEBB0I
2025-04-12 17:54:41,268 - INFO - Ingress_Mono_Exit Y62UJUQO
2025-04-12 17:54:41,765 - INFO - Ingress_Mono_Enter UH5PGGO1
2025-04-12 17:54:41,832 - INFO - Ingress_Mono_Input_Decoded UH5PGGO1
2025-04-12 17:54:41,837 - INFO - Ingress_Mono_Numpy_Converted UH5PGGO1
2025-04-12 17:54:41,839 - INFO - Ingress_Mono_Exit NGI48HTO
2025-04-12 17:54:42,459 - INFO - Ingress_Mono_Enter WW8NPSVM
2025-04-12 17:54:42,504 - INFO - Ingress_Mono_Input_Decoded WW8NPSVM
2025-04-12 17:54:42,508 - INFO - Ingress_Mono_Numpy_Converted WW8NPSVM
2025-04-12 17:54:42,905 - INFO - Ingress_Mono_Exit UH5PGGO1
2025-04-12 17:54:43,598 - INFO - Ingress_Mono_Exit WW8NPSVM
2025-04-12 17:54:45,460 - INFO - Ingress_Mono_Enter 9BNFV5YM
2025-04-12 17:54:45,499 - INFO - Ingress_Mono_Input_Decoded 9BNFV5YM
2025-04-12 17:54:45,503 - INFO - Ingress_Mono_Numpy_Converted 9BNFV5YM
2025-04-12 17:54:45,524 - INFO - Ingress_Mono_Enter 6Y3Y95MQ
2025-04-12 17:54:45,557 - INFO - Ingress_Mono_Input_Decoded 6Y3Y95MQ
2025-04-12 17:54:45,560 - INFO - Ingress_Mono_Numpy_Converted 6Y3Y95MQ
2025-04-12 17:54:47,619 - INFO - Ingress_Mono_Exit 9BNFV5YM
2025-04-12 17:54:48,460 - INFO - Ingress_Mono_Enter 9OROBXB7
2025-04-12 17:54:48,497 - INFO - Ingress_Mono_Input_Decoded 9OROBXB7
2025-04-12 17:54:48,501 - INFO - Ingress_Mono_Numpy_Converted 9OROBXB7
2025-04-12 17:54:50,102 - INFO - Ingress_Mono_Enter E4GCY701
2025-04-12 17:54:50,135 - INFO - Ingress_Mono_Input_Decoded E4GCY701
2025-04-12 17:54:50,138 - INFO - Ingress_Mono_Numpy_Converted E4GCY701
2025-04-12 17:54:50,172 - INFO - Ingress_Mono_Exit 6Y3Y95MQ
2025-04-12 17:54:50,468 - INFO - Ingress_Mono_Enter 3AGQ32I9
2025-04-12 17:54:50,514 - INFO - Ingress_Mono_Input_Decoded 3AGQ32I9
2025-04-12 17:54:50,519 - INFO - Ingress_Mono_Numpy_Converted 3AGQ32I9
2025-04-12 17:54:51,043 - INFO - Ingress_Mono_Enter PS7VI59D
2025-04-12 17:54:51,093 - INFO - Ingress_Mono_Input_Decoded PS7VI59D
2025-04-12 17:54:51,097 - INFO - Ingress_Mono_Numpy_Converted PS7VI59D
2025-04-12 17:54:51,693 - INFO - Ingress_Mono_Exit 9OROBXB7
2025-04-12 17:54:52,034 - INFO - Ingress_Mono_Enter ZQWP6TOG
2025-04-12 17:54:52,069 - INFO - Ingress_Mono_Input_Decoded ZQWP6TOG
2025-04-12 17:54:52,072 - INFO - Ingress_Mono_Numpy_Converted ZQWP6TOG
2025-04-12 17:54:52,312 - INFO - Ingress_Mono_Enter YOD73MSP
2025-04-12 17:54:52,339 - INFO - Ingress_Mono_Input_Decoded YOD73MSP
2025-04-12 17:54:52,341 - INFO - Ingress_Mono_Numpy_Converted YOD73MSP
2025-04-12 17:54:52,459 - INFO - Ingress_Mono_Exit E4GCY701
2025-04-12 17:54:55,970 - INFO - Ingress_Mono_Exit 3AGQ32I9
2025-04-12 17:54:57,674 - INFO - Ingress_Mono_Exit PS7VI59D
2025-04-12 17:54:57,900 - INFO - Ingress_Mono_Enter 3JEPJPFC
2025-04-12 17:54:57,939 - INFO - Ingress_Mono_Input_Decoded 3JEPJPFC
2025-04-12 17:54:57,943 - INFO - Ingress_Mono_Numpy_Converted 3JEPJPFC
2025-04-12 17:54:58,195 - INFO - Ingress_Mono_Enter B9AQC4TU
2025-04-12 17:54:58,243 - INFO - Ingress_Mono_Input_Decoded B9AQC4TU
2025-04-12 17:54:58,248 - INFO - Ingress_Mono_Numpy_Converted B9AQC4TU
2025-04-12 17:54:58,268 - INFO - Ingress_Mono_Enter L4B5AA3C
2025-04-12 17:54:58,314 - INFO - Ingress_Mono_Input_Decoded L4B5AA3C
2025-04-12 17:54:58,317 - INFO - Ingress_Mono_Numpy_Converted L4B5AA3C
2025-04-12 17:54:59,029 - INFO - Ingress_Mono_Exit ZQWP6TOG
2025-04-12 17:54:59,534 - INFO - Ingress_Mono_Exit YOD73MSP
2025-04-12 17:55:00,273 - INFO - Ingress_Mono_Enter SKVNUS7E
2025-04-12 17:55:00,330 - INFO - Ingress_Mono_Input_Decoded SKVNUS7E
2025-04-12 17:55:00,334 - INFO - Ingress_Mono_Numpy_Converted SKVNUS7E
2025-04-12 17:55:00,338 - INFO - Ingress_Mono_Exit 3JEPJPFC
2025-04-12 17:55:00,843 - INFO - Ingress_Mono_Enter A02P21F8
2025-04-12 17:55:00,896 - INFO - Ingress_Mono_Input_Decoded A02P21F8
2025-04-12 17:55:00,902 - INFO - Ingress_Mono_Numpy_Converted A02P21F8
2025-04-12 17:55:01,119 - INFO - Ingress_Mono_Enter KKEYNI0B
2025-04-12 17:55:01,164 - INFO - Ingress_Mono_Input_Decoded KKEYNI0B
2025-04-12 17:55:01,168 - INFO - Ingress_Mono_Numpy_Converted KKEYNI0B
2025-04-12 17:55:01,252 - INFO - Ingress_Mono_Enter T7W8VD68
2025-04-12 17:55:01,280 - INFO - Ingress_Mono_Input_Decoded T7W8VD68
2025-04-12 17:55:01,283 - INFO - Ingress_Mono_Numpy_Converted T7W8VD68
2025-04-12 17:55:01,488 - INFO - Ingress_Mono_Exit L4B5AA3C
2025-04-12 17:55:02,051 - INFO - Ingress_Mono_Enter KUXD9OWP
2025-04-12 17:55:02,094 - INFO - Ingress_Mono_Input_Decoded KUXD9OWP
2025-04-12 17:55:02,099 - INFO - Ingress_Mono_Numpy_Converted KUXD9OWP
2025-04-12 17:55:02,713 - INFO - Ingress_Mono_Enter 5S6YD078
2025-04-12 17:55:02,778 - INFO - Ingress_Mono_Input_Decoded 5S6YD078
2025-04-12 17:55:02,782 - INFO - Ingress_Mono_Numpy_Converted 5S6YD078
2025-04-12 17:55:03,609 - INFO - Ingress_Mono_Exit SKVNUS7E
2025-04-12 17:55:03,666 - INFO - Ingress_Mono_Exit B9AQC4TU
2025-04-12 17:55:06,181 - INFO - Ingress_Mono_Exit KKEYNI0B
2025-04-12 17:55:06,222 - INFO - Ingress_Mono_Exit A02P21F8
2025-04-12 17:55:06,305 - INFO - Ingress_Mono_Exit T7W8VD68
2025-04-12 17:55:06,413 - INFO - Ingress_Mono_Enter Q6URY1NZ
2025-04-12 17:55:06,449 - INFO - Ingress_Mono_Input_Decoded Q6URY1NZ
2025-04-12 17:55:06,452 - INFO - Ingress_Mono_Numpy_Converted Q6URY1NZ
2025-04-12 17:55:07,598 - INFO - Ingress_Mono_Exit KUXD9OWP
2025-04-12 17:55:07,917 - INFO - Ingress_Mono_Enter D1TQB35A
2025-04-12 17:55:07,945 - INFO - Ingress_Mono_Input_Decoded D1TQB35A
2025-04-12 17:55:07,947 - INFO - Ingress_Mono_Numpy_Converted D1TQB35A
2025-04-12 17:55:07,991 - INFO - Ingress_Mono_Enter 8YICAU2B
2025-04-12 17:55:08,023 - INFO - Ingress_Mono_Input_Decoded 8YICAU2B
2025-04-12 17:55:08,026 - INFO - Ingress_Mono_Numpy_Converted 8YICAU2B
2025-04-12 17:55:08,284 - INFO - Ingress_Mono_Enter LBUCEZ6D
2025-04-12 17:55:08,325 - INFO - Ingress_Mono_Input_Decoded LBUCEZ6D
2025-04-12 17:55:08,330 - INFO - Ingress_Mono_Numpy_Converted LBUCEZ6D
2025-04-12 17:55:08,568 - INFO - Ingress_Mono_Enter 45CNRNKN
2025-04-12 17:55:08,604 - INFO - Ingress_Mono_Input_Decoded 45CNRNKN
2025-04-12 17:55:08,607 - INFO - Ingress_Mono_Numpy_Converted 45CNRNKN
2025-04-12 17:55:08,722 - INFO - Ingress_Mono_Exit 5S6YD078
2025-04-12 17:55:08,931 - INFO - Ingress_Mono_Enter YL675W7B
2025-04-12 17:55:08,979 - INFO - Ingress_Mono_Input_Decoded YL675W7B
2025-04-12 17:55:08,984 - INFO - Ingress_Mono_Numpy_Converted YL675W7B
2025-04-12 17:55:09,363 - INFO - Ingress_Mono_Enter BJRD3C82
2025-04-12 17:55:09,418 - INFO - Ingress_Mono_Input_Decoded BJRD3C82
2025-04-12 17:55:09,424 - INFO - Ingress_Mono_Numpy_Converted BJRD3C82
2025-04-12 17:55:09,590 - INFO - Ingress_Mono_Enter FYITMVA7
2025-04-12 17:55:09,654 - INFO - Ingress_Mono_Input_Decoded FYITMVA7
2025-04-12 17:55:09,658 - INFO - Ingress_Mono_Numpy_Converted FYITMVA7
2025-04-12 17:55:09,976 - INFO - Ingress_Mono_Exit D1TQB35A
2025-04-12 17:55:10,364 - INFO - Ingress_Mono_Exit Q6URY1NZ
2025-04-12 17:55:11,062 - INFO - Ingress_Mono_Exit 8YICAU2B
2025-04-12 17:55:12,133 - INFO - Ingress_Mono_Exit LBUCEZ6D
2025-04-12 17:55:12,302 - INFO - Ingress_Mono_Exit BJRD3C82
2025-04-12 17:55:12,337 - INFO - Ingress_Mono_Exit 45CNRNKN
2025-04-12 17:55:12,498 - INFO - Ingress_Mono_Exit YL675W7B
2025-04-12 17:55:12,794 - INFO - Ingress_Mono_Enter 1M95IAAQ
2025-04-12 17:55:12,841 - INFO - Ingress_Mono_Input_Decoded 1M95IAAQ
2025-04-12 17:55:12,846 - INFO - Ingress_Mono_Numpy_Converted 1M95IAAQ
2025-04-12 17:55:12,933 - INFO - Ingress_Mono_Enter 0U7YV882
2025-04-12 17:55:12,976 - INFO - Ingress_Mono_Input_Decoded 0U7YV882
2025-04-12 17:55:12,980 - INFO - Ingress_Mono_Numpy_Converted 0U7YV882
2025-04-12 17:55:13,507 - INFO - Ingress_Mono_Enter 2AP0THI3
2025-04-12 17:55:13,535 - INFO - Ingress_Mono_Input_Decoded 2AP0THI3
2025-04-12 17:55:13,538 - INFO - Ingress_Mono_Numpy_Converted 2AP0THI3
2025-04-12 17:55:13,927 - INFO - Ingress_Mono_Enter V2CZZKTR
2025-04-12 17:55:13,958 - INFO - Ingress_Mono_Input_Decoded V2CZZKTR
2025-04-12 17:55:13,961 - INFO - Ingress_Mono_Numpy_Converted V2CZZKTR
2025-04-12 17:55:14,594 - INFO - Ingress_Mono_Exit 1M95IAAQ
2025-04-12 17:55:14,717 - INFO - Ingress_Mono_Exit FYITMVA7
2025-04-12 17:55:14,935 - INFO - Ingress_Mono_Enter DNHY8BND
2025-04-12 17:55:14,977 - INFO - Ingress_Mono_Input_Decoded DNHY8BND
2025-04-12 17:55:14,981 - INFO - Ingress_Mono_Numpy_Converted DNHY8BND
2025-04-12 17:55:15,500 - INFO - Ingress_Mono_Enter C00J545H
2025-04-12 17:55:15,532 - INFO - Ingress_Mono_Input_Decoded C00J545H
2025-04-12 17:55:15,535 - INFO - Ingress_Mono_Numpy_Converted C00J545H
2025-04-12 17:55:15,571 - INFO - Ingress_Mono_Enter S0675HH6
2025-04-12 17:55:15,604 - INFO - Ingress_Mono_Input_Decoded S0675HH6
2025-04-12 17:55:15,607 - INFO - Ingress_Mono_Numpy_Converted S0675HH6
2025-04-12 17:55:15,841 - INFO - Ingress_Mono_Exit 2AP0THI3
2025-04-12 17:55:15,895 - INFO - Ingress_Mono_Exit 0U7YV882
2025-04-12 17:55:16,016 - INFO - Ingress_Mono_Enter F6IVQWB0
2025-04-12 17:55:16,069 - INFO - Ingress_Mono_Input_Decoded F6IVQWB0
2025-04-12 17:55:16,074 - INFO - Ingress_Mono_Numpy_Converted F6IVQWB0
2025-04-12 17:55:16,495 - INFO - Ingress_Mono_Enter CNXCJ6O2
2025-04-12 17:55:16,519 - INFO - Ingress_Mono_Input_Decoded CNXCJ6O2
2025-04-12 17:55:16,521 - INFO - Ingress_Mono_Numpy_Converted CNXCJ6O2
2025-04-12 17:55:16,725 - INFO - Ingress_Mono_Enter AC7V9NZG
2025-04-12 17:55:16,767 - INFO - Ingress_Mono_Input_Decoded AC7V9NZG
2025-04-12 17:55:16,771 - INFO - Ingress_Mono_Numpy_Converted AC7V9NZG
2025-04-12 17:55:16,947 - INFO - Ingress_Mono_Enter L2RBL5XQ
2025-04-12 17:55:17,002 - INFO - Ingress_Mono_Input_Decoded L2RBL5XQ
2025-04-12 17:55:17,005 - INFO - Ingress_Mono_Numpy_Converted L2RBL5XQ
2025-04-12 17:55:17,329 - INFO - Ingress_Mono_Exit V2CZZKTR
2025-04-12 17:55:17,437 - INFO - Ingress_Mono_Enter D46IN6UY
2025-04-12 17:55:17,479 - INFO - Ingress_Mono_Input_Decoded D46IN6UY
2025-04-12 17:55:17,483 - INFO - Ingress_Mono_Numpy_Converted D46IN6UY
2025-04-12 17:55:18,081 - INFO - Ingress_Mono_Exit DNHY8BND
2025-04-12 17:55:19,048 - INFO - Ingress_Mono_Exit C00J545H
2025-04-12 17:55:19,291 - INFO - Ingress_Mono_Enter 41ZZRGNA
2025-04-12 17:55:19,325 - INFO - Ingress_Mono_Input_Decoded 41ZZRGNA
2025-04-12 17:55:19,328 - INFO - Ingress_Mono_Numpy_Converted 41ZZRGNA
2025-04-12 17:55:19,657 - INFO - Ingress_Mono_Enter EM5VR2UU
2025-04-12 17:55:19,705 - INFO - Ingress_Mono_Input_Decoded EM5VR2UU
2025-04-12 17:55:19,709 - INFO - Ingress_Mono_Numpy_Converted EM5VR2UU
2025-04-12 17:55:20,083 - INFO - Ingress_Mono_Enter 0KESEJIY
2025-04-12 17:55:20,126 - INFO - Ingress_Mono_Input_Decoded 0KESEJIY
2025-04-12 17:55:20,129 - INFO - Ingress_Mono_Numpy_Converted 0KESEJIY
2025-04-12 17:55:20,532 - INFO - Ingress_Mono_Exit S0675HH6
2025-04-12 17:55:20,574 - INFO - Ingress_Mono_Exit F6IVQWB0
2025-04-12 17:55:20,577 - INFO - Ingress_Mono_Exit AC7V9NZG
2025-04-12 17:55:21,502 - INFO - Ingress_Mono_Enter 7ZJHCRDE
2025-04-12 17:55:21,529 - INFO - Ingress_Mono_Input_Decoded 7ZJHCRDE
2025-04-12 17:55:21,531 - INFO - Ingress_Mono_Numpy_Converted 7ZJHCRDE
2025-04-12 17:55:21,792 - INFO - Ingress_Mono_Enter 8EUCNAU3
2025-04-12 17:55:21,824 - INFO - Ingress_Mono_Input_Decoded 8EUCNAU3
2025-04-12 17:55:21,828 - INFO - Ingress_Mono_Numpy_Converted 8EUCNAU3
2025-04-12 17:55:22,224 - INFO - Ingress_Mono_Enter N7RXGRQS
2025-04-12 17:55:22,259 - INFO - Ingress_Mono_Input_Decoded N7RXGRQS
2025-04-12 17:55:22,263 - INFO - Ingress_Mono_Numpy_Converted N7RXGRQS
2025-04-12 17:55:23,075 - INFO - Ingress_Mono_Exit L2RBL5XQ
2025-04-12 17:55:23,081 - INFO - Ingress_Mono_Exit CNXCJ6O2
2025-04-12 17:55:23,594 - INFO - Ingress_Mono_Exit D46IN6UY
2025-04-12 17:55:24,305 - INFO - Ingress_Mono_Enter N7VQXDXE
2025-04-12 17:55:24,328 - INFO - Ingress_Mono_Input_Decoded N7VQXDXE
2025-04-12 17:55:24,330 - INFO - Ingress_Mono_Numpy_Converted N7VQXDXE
2025-04-12 17:55:24,959 - INFO - Ingress_Mono_Enter VW2IBTMY
2025-04-12 17:55:24,997 - INFO - Ingress_Mono_Input_Decoded VW2IBTMY
2025-04-12 17:55:25,004 - INFO - Ingress_Mono_Numpy_Converted VW2IBTMY
2025-04-12 17:55:25,348 - INFO - Ingress_Mono_Exit 41ZZRGNA
2025-04-12 17:55:25,352 - INFO - Ingress_Mono_Exit EM5VR2UU
2025-04-12 17:55:25,763 - INFO - Ingress_Mono_Enter VH08VM9F
2025-04-12 17:55:25,821 - INFO - Ingress_Mono_Input_Decoded VH08VM9F
2025-04-12 17:55:25,825 - INFO - Ingress_Mono_Numpy_Converted VH08VM9F
2025-04-12 17:55:26,529 - INFO - Ingress_Mono_Enter 0QZ1GGMM
2025-04-12 17:55:26,560 - INFO - Ingress_Mono_Input_Decoded 0QZ1GGMM
2025-04-12 17:55:26,564 - INFO - Ingress_Mono_Numpy_Converted 0QZ1GGMM
2025-04-12 17:55:26,753 - INFO - Ingress_Mono_Enter 4L073GMX
2025-04-12 17:55:26,794 - INFO - Ingress_Mono_Input_Decoded 4L073GMX
2025-04-12 17:55:26,798 - INFO - Ingress_Mono_Numpy_Converted 4L073GMX
2025-04-12 17:55:30,777 - INFO - Ingress_Mono_Enter WGOB6LZR
2025-04-12 17:55:30,814 - INFO - Ingress_Mono_Input_Decoded WGOB6LZR
2025-04-12 17:55:30,818 - INFO - Ingress_Mono_Numpy_Converted WGOB6LZR
2025-04-12 17:55:30,963 - INFO - Ingress_Mono_Exit 0KESEJIY
2025-04-12 17:55:30,964 - INFO - Ingress_Mono_Exit 7ZJHCRDE
2025-04-12 17:55:30,967 - INFO - Ingress_Mono_Exit 8EUCNAU3
2025-04-12 17:55:32,632 - INFO - Ingress_Mono_Exit N7RXGRQS
2025-04-12 17:55:33,138 - INFO - Ingress_Mono_Enter V75N6CMT
2025-04-12 17:55:33,177 - INFO - Ingress_Mono_Input_Decoded V75N6CMT
2025-04-12 17:55:33,182 - INFO - Ingress_Mono_Numpy_Converted V75N6CMT
2025-04-12 17:55:33,568 - INFO - Ingress_Mono_Enter D4FNODL9
2025-04-12 17:55:33,614 - INFO - Ingress_Mono_Input_Decoded D4FNODL9
2025-04-12 17:55:33,618 - INFO - Ingress_Mono_Numpy_Converted D4FNODL9
2025-04-12 17:55:33,620 - INFO - Ingress_Mono_Exit N7VQXDXE
2025-04-12 17:55:34,281 - INFO - Ingress_Mono_Exit VH08VM9F
2025-04-12 17:55:34,445 - INFO - Ingress_Mono_Enter F5KO6DB0
2025-04-12 17:55:34,478 - INFO - Ingress_Mono_Input_Decoded F5KO6DB0
2025-04-12 17:55:34,480 - INFO - Ingress_Mono_Numpy_Converted F5KO6DB0
2025-04-12 17:55:34,751 - INFO - Ingress_Mono_Exit VW2IBTMY
2025-04-12 17:55:34,752 - INFO - Ingress_Mono_Exit 0QZ1GGMM
2025-04-12 17:55:35,359 - INFO - Ingress_Mono_Enter OO0LZIF9
2025-04-12 17:55:35,387 - INFO - Ingress_Mono_Input_Decoded OO0LZIF9
2025-04-12 17:55:35,390 - INFO - Ingress_Mono_Numpy_Converted OO0LZIF9
2025-04-12 17:55:35,620 - INFO - Ingress_Mono_Exit WGOB6LZR
2025-04-12 17:55:36,141 - INFO - Ingress_Mono_Enter DT25CQNA
2025-04-12 17:55:36,165 - INFO - Ingress_Mono_Input_Decoded DT25CQNA
2025-04-12 17:55:36,167 - INFO - Ingress_Mono_Numpy_Converted DT25CQNA
2025-04-12 17:55:36,346 - INFO - Ingress_Mono_Exit 4L073GMX
2025-04-12 17:55:36,357 - INFO - Ingress_Mono_Exit V75N6CMT
2025-04-12 17:55:36,369 - INFO - Ingress_Mono_Enter GRX6HOZQ
2025-04-12 17:55:36,408 - INFO - Ingress_Mono_Input_Decoded GRX6HOZQ
2025-04-12 17:55:36,412 - INFO - Ingress_Mono_Numpy_Converted GRX6HOZQ
2025-04-12 17:55:37,729 - INFO - Ingress_Mono_Enter Q2C6MOAJ
2025-04-12 17:55:37,771 - INFO - Ingress_Mono_Input_Decoded Q2C6MOAJ
2025-04-12 17:55:37,775 - INFO - Ingress_Mono_Numpy_Converted Q2C6MOAJ
2025-04-12 17:55:37,970 - INFO - Ingress_Mono_Exit D4FNODL9
2025-04-12 17:55:38,605 - INFO - Ingress_Mono_Enter CBEYDM0Z
2025-04-12 17:55:38,666 - INFO - Ingress_Mono_Input_Decoded CBEYDM0Z
2025-04-12 17:55:38,670 - INFO - Ingress_Mono_Numpy_Converted CBEYDM0Z
2025-04-12 17:55:39,288 - INFO - Ingress_Mono_Enter WUX4HJHX
2025-04-12 17:55:39,310 - INFO - Ingress_Mono_Input_Decoded WUX4HJHX
2025-04-12 17:55:39,312 - INFO - Ingress_Mono_Numpy_Converted WUX4HJHX
2025-04-12 17:55:39,383 - INFO - Ingress_Mono_Enter EE1OFZYN
2025-04-12 17:55:39,436 - INFO - Ingress_Mono_Input_Decoded EE1OFZYN
2025-04-12 17:55:39,439 - INFO - Ingress_Mono_Numpy_Converted EE1OFZYN
2025-04-12 17:55:39,734 - INFO - Ingress_Mono_Enter DJIXTU31
2025-04-12 17:55:39,779 - INFO - Ingress_Mono_Input_Decoded DJIXTU31
2025-04-12 17:55:39,784 - INFO - Ingress_Mono_Numpy_Converted DJIXTU31
2025-04-12 17:55:39,803 - INFO - Ingress_Mono_Exit F5KO6DB0
2025-04-12 17:55:40,097 - INFO - Ingress_Mono_Enter MX97PLPF
2025-04-12 17:55:40,149 - INFO - Ingress_Mono_Input_Decoded MX97PLPF
2025-04-12 17:55:40,154 - INFO - Ingress_Mono_Numpy_Converted MX97PLPF
2025-04-12 17:55:40,364 - INFO - Ingress_Mono_Enter QISGGH6D
2025-04-12 17:55:40,392 - INFO - Ingress_Mono_Input_Decoded QISGGH6D
2025-04-12 17:55:40,394 - INFO - Ingress_Mono_Numpy_Converted QISGGH6D
2025-04-12 17:55:42,335 - INFO - Ingress_Mono_Exit DT25CQNA
2025-04-12 17:55:42,353 - INFO - Ingress_Mono_Exit GRX6HOZQ
2025-04-12 17:55:42,820 - INFO - Ingress_Mono_Exit OO0LZIF9
2025-04-12 17:55:43,310 - INFO - Ingress_Mono_Exit Q2C6MOAJ
2025-04-12 17:55:45,470 - INFO - Ingress_Mono_Exit CBEYDM0Z
2025-04-12 17:55:46,042 - INFO - Ingress_Mono_Exit WUX4HJHX
2025-04-12 17:55:46,044 - INFO - Ingress_Mono_Exit EE1OFZYN
2025-04-12 17:55:51,467 - INFO - Ingress_Mono_Enter WVZDU8RO
2025-04-12 17:55:51,510 - INFO - Ingress_Mono_Input_Decoded WVZDU8RO
2025-04-12 17:55:51,514 - INFO - Ingress_Mono_Numpy_Converted WVZDU8RO
2025-04-12 17:55:51,696 - INFO - Ingress_Mono_Enter ET36X2TT
2025-04-12 17:55:51,748 - INFO - Ingress_Mono_Input_Decoded ET36X2TT
2025-04-12 17:55:51,753 - INFO - Ingress_Mono_Numpy_Converted ET36X2TT
2025-04-12 17:55:52,819 - INFO - Ingress_Mono_Enter F76PSX3A
2025-04-12 17:55:52,852 - INFO - Ingress_Mono_Input_Decoded F76PSX3A
2025-04-12 17:55:52,855 - INFO - Ingress_Mono_Numpy_Converted F76PSX3A
2025-04-12 17:55:53,047 - INFO - Ingress_Mono_Enter L0AWH684
2025-04-12 17:55:53,081 - INFO - Ingress_Mono_Input_Decoded L0AWH684
2025-04-12 17:55:53,085 - INFO - Ingress_Mono_Numpy_Converted L0AWH684
2025-04-12 17:55:53,884 - INFO - Ingress_Mono_Exit DJIXTU31
2025-04-12 17:55:54,822 - INFO - Ingress_Mono_Enter B75Z53LF
2025-04-12 17:55:54,857 - INFO - Ingress_Mono_Input_Decoded B75Z53LF
2025-04-12 17:55:54,861 - INFO - Ingress_Mono_Numpy_Converted B75Z53LF
2025-04-12 17:55:55,039 - INFO - Ingress_Mono_Enter XDDDTVN1
2025-04-12 17:55:55,074 - INFO - Ingress_Mono_Input_Decoded XDDDTVN1
2025-04-12 17:55:55,077 - INFO - Ingress_Mono_Numpy_Converted XDDDTVN1
2025-04-12 17:55:55,625 - INFO - Ingress_Mono_Enter MMEJPAW7
2025-04-12 17:55:55,663 - INFO - Ingress_Mono_Input_Decoded MMEJPAW7
2025-04-12 17:55:55,666 - INFO - Ingress_Mono_Numpy_Converted MMEJPAW7
2025-04-12 17:55:56,040 - INFO - Ingress_Mono_Enter 8UNOBSHC
2025-04-12 17:55:56,078 - INFO - Ingress_Mono_Input_Decoded 8UNOBSHC
2025-04-12 17:55:56,082 - INFO - Ingress_Mono_Numpy_Converted 8UNOBSHC
2025-04-12 17:55:57,324 - INFO - Ingress_Mono_Enter FTMKNLIR
2025-04-12 17:55:57,359 - INFO - Ingress_Mono_Input_Decoded FTMKNLIR
2025-04-12 17:55:57,362 - INFO - Ingress_Mono_Numpy_Converted FTMKNLIR
2025-04-12 17:55:59,520 - INFO - Ingress_Mono_Exit MX97PLPF
2025-04-12 17:55:59,522 - INFO - Ingress_Mono_Exit QISGGH6D
2025-04-12 17:55:59,868 - INFO - Ingress_Mono_Exit WVZDU8RO
2025-04-12 17:56:00,673 - INFO - Ingress_Mono_Exit ET36X2TT
2025-04-12 17:56:01,303 - INFO - Ingress_Mono_Exit F76PSX3A
2025-04-12 17:56:02,784 - INFO - Ingress_Mono_Enter Z2ZXEY9C
2025-04-12 17:56:02,827 - INFO - Ingress_Mono_Input_Decoded Z2ZXEY9C
2025-04-12 17:56:02,831 - INFO - Ingress_Mono_Numpy_Converted Z2ZXEY9C
2025-04-12 17:56:03,333 - INFO - Ingress_Mono_Exit L0AWH684
2025-04-12 17:56:03,416 - INFO - Ingress_Mono_Enter 5094NO3X
2025-04-12 17:56:03,470 - INFO - Ingress_Mono_Input_Decoded 5094NO3X
2025-04-12 17:56:03,476 - INFO - Ingress_Mono_Numpy_Converted 5094NO3X
2025-04-12 17:56:03,634 - INFO - Ingress_Mono_Enter EPCHYQCM
2025-04-12 17:56:03,697 - INFO - Ingress_Mono_Input_Decoded EPCHYQCM
2025-04-12 17:56:03,704 - INFO - Ingress_Mono_Numpy_Converted EPCHYQCM
2025-04-12 17:56:03,771 - INFO - Ingress_Mono_Enter XIYE4XGL
2025-04-12 17:56:03,823 - INFO - Ingress_Mono_Input_Decoded XIYE4XGL
2025-04-12 17:56:03,826 - INFO - Ingress_Mono_Numpy_Converted XIYE4XGL
2025-04-12 17:56:03,831 - INFO - Ingress_Mono_Enter 3VKIGLSE
2025-04-12 17:56:03,856 - INFO - Ingress_Mono_Input_Decoded 3VKIGLSE
2025-04-12 17:56:03,858 - INFO - Ingress_Mono_Numpy_Converted 3VKIGLSE
2025-04-12 17:56:04,103 - INFO - Ingress_Mono_Exit B75Z53LF
2025-04-12 17:56:04,221 - INFO - Ingress_Mono_Enter NYN9QD0C
2025-04-12 17:56:04,277 - INFO - Ingress_Mono_Input_Decoded NYN9QD0C
2025-04-12 17:56:04,282 - INFO - Ingress_Mono_Numpy_Converted NYN9QD0C
2025-04-12 17:56:04,973 - INFO - Ingress_Mono_Enter COKK7IE6
2025-04-12 17:56:05,004 - INFO - Ingress_Mono_Input_Decoded COKK7IE6
2025-04-12 17:56:05,007 - INFO - Ingress_Mono_Numpy_Converted COKK7IE6
2025-04-12 17:56:05,257 - INFO - Ingress_Mono_Exit XDDDTVN1
2025-04-12 17:56:06,330 - INFO - Ingress_Mono_Exit MMEJPAW7
2025-04-12 17:56:06,724 - INFO - Ingress_Mono_Exit 8UNOBSHC
2025-04-12 17:56:06,727 - INFO - Ingress_Mono_Exit FTMKNLIR
2025-04-12 17:56:08,704 - INFO - Ingress_Mono_Exit Z2ZXEY9C
2025-04-12 17:56:09,586 - INFO - Ingress_Mono_Exit 5094NO3X
2025-04-12 17:56:10,578 - INFO - Ingress_Mono_Enter C2GSH2WN
2025-04-12 17:56:10,627 - INFO - Ingress_Mono_Input_Decoded C2GSH2WN
2025-04-12 17:56:10,632 - INFO - Ingress_Mono_Numpy_Converted C2GSH2WN
2025-04-12 17:56:10,930 - INFO - Ingress_Mono_Enter 49FW31J4
2025-04-12 17:56:10,969 - INFO - Ingress_Mono_Input_Decoded 49FW31J4
2025-04-12 17:56:10,973 - INFO - Ingress_Mono_Numpy_Converted 49FW31J4
2025-04-12 17:56:11,821 - INFO - Ingress_Mono_Enter YR6JC2BM
2025-04-12 17:56:11,881 - INFO - Ingress_Mono_Input_Decoded YR6JC2BM
2025-04-12 17:56:11,885 - INFO - Ingress_Mono_Numpy_Converted YR6JC2BM
2025-04-12 17:56:11,929 - INFO - Ingress_Mono_Exit EPCHYQCM
2025-04-12 17:56:13,082 - INFO - Ingress_Mono_Enter FI9OWL3U
2025-04-12 17:56:13,112 - INFO - Ingress_Mono_Input_Decoded FI9OWL3U
2025-04-12 17:56:13,115 - INFO - Ingress_Mono_Numpy_Converted FI9OWL3U
2025-04-12 17:56:13,941 - INFO - Ingress_Mono_Exit XIYE4XGL
2025-04-12 17:56:13,951 - INFO - Ingress_Mono_Enter SR407W6L
2025-04-12 17:56:13,991 - INFO - Ingress_Mono_Input_Decoded SR407W6L
2025-04-12 17:56:13,994 - INFO - Ingress_Mono_Numpy_Converted SR407W6L
2025-04-12 17:56:14,253 - INFO - Ingress_Mono_Enter ARNMGEZ8
2025-04-12 17:56:14,315 - INFO - Ingress_Mono_Input_Decoded ARNMGEZ8
2025-04-12 17:56:14,319 - INFO - Ingress_Mono_Numpy_Converted ARNMGEZ8
2025-04-12 17:56:14,470 - INFO - Ingress_Mono_Exit 3VKIGLSE
2025-04-12 17:56:14,533 - INFO - Ingress_Mono_Enter 9NJDOP3P
2025-04-12 17:56:14,588 - INFO - Ingress_Mono_Input_Decoded 9NJDOP3P
2025-04-12 17:56:14,591 - INFO - Ingress_Mono_Numpy_Converted 9NJDOP3P
2025-04-12 17:56:14,615 - INFO - Ingress_Mono_Enter W4TASG4D
2025-04-12 17:56:14,673 - INFO - Ingress_Mono_Input_Decoded W4TASG4D
2025-04-12 17:56:14,676 - INFO - Ingress_Mono_Numpy_Converted W4TASG4D
2025-04-12 17:56:14,678 - INFO - Ingress_Mono_Exit NYN9QD0C
2025-04-12 17:56:15,688 - INFO - Ingress_Mono_Exit COKK7IE6
2025-04-12 17:56:15,783 - INFO - Ingress_Mono_Exit C2GSH2WN
2025-04-12 17:56:15,784 - INFO - Ingress_Mono_Exit 49FW31J4
2025-04-12 17:56:16,808 - INFO - Ingress_Mono_Enter TTOZFLON
2025-04-12 17:56:16,848 - INFO - Ingress_Mono_Input_Decoded TTOZFLON
2025-04-12 17:56:16,852 - INFO - Ingress_Mono_Numpy_Converted TTOZFLON
2025-04-12 17:56:17,611 - INFO - Ingress_Mono_Exit YR6JC2BM
2025-04-12 17:56:18,342 - INFO - Ingress_Mono_Exit FI9OWL3U
2025-04-12 17:56:19,089 - INFO - Ingress_Mono_Enter 9X5PMDWO
2025-04-12 17:56:19,117 - INFO - Ingress_Mono_Input_Decoded 9X5PMDWO
2025-04-12 17:56:19,120 - INFO - Ingress_Mono_Numpy_Converted 9X5PMDWO
2025-04-12 17:56:19,990 - INFO - Ingress_Mono_Enter 1B51JQPI
2025-04-12 17:56:20,064 - INFO - Ingress_Mono_Input_Decoded 1B51JQPI
2025-04-12 17:56:20,069 - INFO - Ingress_Mono_Numpy_Converted 1B51JQPI
2025-04-12 17:56:20,228 - INFO - Ingress_Mono_Exit SR407W6L
2025-04-12 17:56:21,562 - INFO - Ingress_Mono_Enter E97YEI9U
2025-04-12 17:56:21,607 - INFO - Ingress_Mono_Input_Decoded E97YEI9U
2025-04-12 17:56:21,612 - INFO - Ingress_Mono_Numpy_Converted E97YEI9U
2025-04-12 17:56:22,846 - INFO - Ingress_Mono_Exit ARNMGEZ8
2025-04-12 17:56:22,849 - INFO - Ingress_Mono_Exit 9NJDOP3P
2025-04-12 17:56:22,939 - INFO - Ingress_Mono_Enter 6KOVN911
2025-04-12 17:56:23,002 - INFO - Ingress_Mono_Input_Decoded 6KOVN911
2025-04-12 17:56:23,007 - INFO - Ingress_Mono_Numpy_Converted 6KOVN911
2025-04-12 17:56:23,195 - INFO - Ingress_Mono_Exit W4TASG4D
2025-04-12 17:56:23,557 - INFO - Ingress_Mono_Enter QJBOLPDK
2025-04-12 17:56:23,594 - INFO - Ingress_Mono_Input_Decoded QJBOLPDK
2025-04-12 17:56:23,598 - INFO - Ingress_Mono_Numpy_Converted QJBOLPDK
2025-04-12 17:56:23,695 - INFO - Ingress_Mono_Enter DCMKEVPS
2025-04-12 17:56:23,728 - INFO - Ingress_Mono_Input_Decoded DCMKEVPS
2025-04-12 17:56:23,735 - INFO - Ingress_Mono_Numpy_Converted DCMKEVPS
2025-04-12 17:56:24,552 - INFO - Ingress_Mono_Enter NWPQXR7R
2025-04-12 17:56:24,582 - INFO - Ingress_Mono_Input_Decoded NWPQXR7R
2025-04-12 17:56:24,584 - INFO - Ingress_Mono_Numpy_Converted NWPQXR7R
2025-04-12 17:56:24,848 - INFO - Ingress_Mono_Enter PYK701WU
2025-04-12 17:56:24,883 - INFO - Ingress_Mono_Input_Decoded PYK701WU
2025-04-12 17:56:24,887 - INFO - Ingress_Mono_Numpy_Converted PYK701WU
2025-04-12 17:56:29,579 - INFO - Ingress_Mono_Exit 9X5PMDWO
2025-04-12 17:56:30,432 - INFO - Ingress_Mono_Exit TTOZFLON
2025-04-12 17:56:33,242 - INFO - Ingress_Mono_Enter X3W4VR2T
2025-04-12 17:56:33,274 - INFO - Ingress_Mono_Input_Decoded X3W4VR2T
2025-04-12 17:56:33,277 - INFO - Ingress_Mono_Numpy_Converted X3W4VR2T
2025-04-12 17:56:33,483 - INFO - Ingress_Mono_Enter 4N6VOLV5
2025-04-12 17:56:33,528 - INFO - Ingress_Mono_Input_Decoded 4N6VOLV5
2025-04-12 17:56:33,532 - INFO - Ingress_Mono_Numpy_Converted 4N6VOLV5
2025-04-12 17:56:33,797 - INFO - Ingress_Mono_Exit 1B51JQPI
2025-04-12 17:56:34,179 - INFO - Ingress_Mono_Exit 6KOVN911
2025-04-12 17:56:34,224 - INFO - Ingress_Mono_Exit E97YEI9U
2025-04-12 17:56:36,253 - INFO - Ingress_Mono_Enter NK3Q8TKR
2025-04-12 17:56:36,280 - INFO - Ingress_Mono_Input_Decoded NK3Q8TKR
2025-04-12 17:56:36,282 - INFO - Ingress_Mono_Numpy_Converted NK3Q8TKR
2025-04-12 17:56:36,417 - INFO - Ingress_Mono_Enter CXYAAPE5
2025-04-12 17:56:36,479 - INFO - Ingress_Mono_Input_Decoded CXYAAPE5
2025-04-12 17:56:36,484 - INFO - Ingress_Mono_Numpy_Converted CXYAAPE5
2025-04-12 17:56:36,603 - INFO - Ingress_Mono_Enter 8VYMB68N
2025-04-12 17:56:36,632 - INFO - Ingress_Mono_Input_Decoded 8VYMB68N
2025-04-12 17:56:36,635 - INFO - Ingress_Mono_Numpy_Converted 8VYMB68N
2025-04-12 17:56:37,616 - INFO - Ingress_Mono_Exit QJBOLPDK
2025-04-12 17:56:38,091 - INFO - Ingress_Mono_Exit DCMKEVPS
2025-04-12 17:56:38,650 - INFO - Ingress_Mono_Enter AW513NIZ
2025-04-12 17:56:38,725 - INFO - Ingress_Mono_Input_Decoded AW513NIZ
2025-04-12 17:56:38,731 - INFO - Ingress_Mono_Numpy_Converted AW513NIZ
2025-04-12 17:56:39,107 - INFO - Ingress_Mono_Exit PYK701WU
2025-04-12 17:56:39,535 - INFO - Ingress_Mono_Enter 3IG8V0AG
2025-04-12 17:56:39,568 - INFO - Ingress_Mono_Input_Decoded 3IG8V0AG
2025-04-12 17:56:39,571 - INFO - Ingress_Mono_Numpy_Converted 3IG8V0AG
2025-04-12 17:56:40,065 - INFO - Ingress_Mono_Exit X3W4VR2T
2025-04-12 17:56:40,627 - INFO - Ingress_Mono_Enter ELPC6Q1H
2025-04-12 17:56:40,657 - INFO - Ingress_Mono_Input_Decoded ELPC6Q1H
2025-04-12 17:56:40,660 - INFO - Ingress_Mono_Numpy_Converted ELPC6Q1H
2025-04-12 17:56:40,988 - INFO - Ingress_Mono_Enter FAOP8FZQ
2025-04-12 17:56:41,035 - INFO - Ingress_Mono_Input_Decoded FAOP8FZQ
2025-04-12 17:56:41,040 - INFO - Ingress_Mono_Numpy_Converted FAOP8FZQ
2025-04-12 17:56:41,288 - INFO - Ingress_Mono_Enter 6YY5QRFV
2025-04-12 17:56:41,348 - INFO - Ingress_Mono_Input_Decoded 6YY5QRFV
2025-04-12 17:56:41,352 - INFO - Ingress_Mono_Numpy_Converted 6YY5QRFV
2025-04-12 17:56:41,410 - INFO - Ingress_Mono_Enter 1MDG8Q58
2025-04-12 17:56:41,445 - INFO - Ingress_Mono_Input_Decoded 1MDG8Q58
2025-04-12 17:56:41,451 - INFO - Ingress_Mono_Numpy_Converted 1MDG8Q58
2025-04-12 17:56:43,485 - INFO - Ingress_Mono_Enter SOTEV6UM
2025-04-12 17:56:43,520 - INFO - Ingress_Mono_Input_Decoded SOTEV6UM
2025-04-12 17:56:43,524 - INFO - Ingress_Mono_Numpy_Converted SOTEV6UM
2025-04-12 17:56:43,723 - INFO - Ingress_Mono_Exit NWPQXR7R
2025-04-12 17:56:44,180 - INFO - Ingress_Mono_Exit 4N6VOLV5
2025-04-12 17:56:46,635 - INFO - Ingress_Mono_Exit NK3Q8TKR
2025-04-12 17:56:46,824 - INFO - Ingress_Mono_Exit CXYAAPE5
2025-04-12 17:56:46,826 - INFO - Ingress_Mono_Exit 8VYMB68N
2025-04-12 17:56:47,079 - INFO - Ingress_Mono_Exit AW513NIZ
2025-04-12 17:56:47,083 - INFO - Ingress_Mono_Exit 3IG8V0AG
2025-04-12 17:56:48,372 - INFO - Ingress_Mono_Exit ELPC6Q1H
2025-04-12 17:56:48,374 - INFO - Ingress_Mono_Exit FAOP8FZQ
2025-04-12 17:56:49,350 - INFO - Ingress_Mono_Exit 6YY5QRFV
2025-04-12 17:56:52,525 - INFO - Ingress_Mono_Exit 1MDG8Q58
2025-04-12 17:56:53,894 - INFO - Ingress_Mono_Exit SOTEV6UM
