2025-04-13 20:29:25,499 - INFO - Ingress_Enter MKLTY6VG
2025-04-13 20:29:25,520 - INFO - Ingress_Input_Decoded MKLTY6VG
2025-04-13 20:29:25,522 - INFO - Ingress_Numpy_Converted MKLTY6VG
2025-04-13 20:29:25,915 - INFO - Ingress_Enter K5JSS607
2025-04-13 20:29:25,928 - INFO - Ingress_Input_Decoded K5JSS607
2025-04-13 20:29:25,929 - INFO - Ingress_Numpy_Converted K5JSS607
2025-04-13 20:29:26,105 - INFO - Ingress_Enter AIR3IL83
2025-04-13 20:29:26,128 - INFO - Ingress_Input_Decoded AIR3IL83
2025-04-13 20:29:26,129 - INFO - Ingress_Numpy_Converted AIR3IL83
2025-04-13 20:29:26,261 - INFO - Ingress_Exit MKLTY6VG
2025-04-13 20:29:26,407 - INFO - Ingress_Enter 0FAVLRUG
2025-04-13 20:29:26,430 - INFO - Ingress_Input_Decoded 0FAVLRUG
2025-04-13 20:29:26,432 - INFO - Ingress_Numpy_Converted 0FAVLRUG
2025-04-13 20:29:26,732 - INFO - Ingress_Exit K5JSS607
2025-04-13 20:29:27,028 - INFO - Ingress_Enter 5GMTR6PN
2025-04-13 20:29:27,050 - INFO - Ingress_Input_Decoded 5GMTR6PN
2025-04-13 20:29:27,052 - INFO - Ingress_Numpy_Converted 5GMTR6PN
2025-04-13 20:29:27,091 - INFO - Ingress_Exit AIR3IL83
2025-04-13 20:29:27,285 - INFO - Ingress_Exit 0FAVLRUG
2025-04-13 20:29:27,715 - INFO - Ingress_Exit 5GMTR6PN
2025-04-13 20:29:28,503 - INFO - Ingress_Enter 5F65RDSA
2025-04-13 20:29:28,517 - INFO - Ingress_Input_Decoded 5F65RDSA
2025-04-13 20:29:28,519 - INFO - Ingress_Numpy_Converted 5F65RDSA
2025-04-13 20:29:28,553 - INFO - Ingress_Enter ACBY1R71
2025-04-13 20:29:28,569 - INFO - Ingress_Input_Decoded ACBY1R71
2025-04-13 20:29:28,570 - INFO - Ingress_Numpy_Converted ACBY1R71
2025-04-13 20:29:28,664 - INFO - Ingress_Enter 8W4J2JDL
2025-04-13 20:29:28,690 - INFO - Ingress_Input_Decoded 8W4J2JDL
2025-04-13 20:29:28,692 - INFO - Ingress_Numpy_Converted 8W4J2JDL
2025-04-13 20:29:28,887 - INFO - Ingress_Enter 3BO8XE4Y
2025-04-13 20:29:28,903 - INFO - Ingress_Input_Decoded 3BO8XE4Y
2025-04-13 20:29:28,905 - INFO - Ingress_Numpy_Converted 3BO8XE4Y
2025-04-13 20:29:28,976 - INFO - Ingress_Exit 5F65RDSA
2025-04-13 20:29:29,258 - INFO - Ingress_Exit ACBY1R71
2025-04-13 20:29:29,423 - INFO - Ingress_Enter XH1O20JK
2025-04-13 20:29:29,447 - INFO - Ingress_Input_Decoded XH1O20JK
2025-04-13 20:29:29,449 - INFO - Ingress_Numpy_Converted XH1O20JK
2025-04-13 20:29:29,555 - INFO - Ingress_Exit 8W4J2JDL
2025-04-13 20:29:29,656 - INFO - Ingress_Enter NIWK7K20
2025-04-13 20:29:29,679 - INFO - Ingress_Input_Decoded NIWK7K20
2025-04-13 20:29:29,682 - INFO - Ingress_Numpy_Converted NIWK7K20
2025-04-13 20:29:29,749 - INFO - Ingress_Enter E8CNWAR5
2025-04-13 20:29:29,769 - INFO - Ingress_Input_Decoded E8CNWAR5
2025-04-13 20:29:29,770 - INFO - Ingress_Numpy_Converted E8CNWAR5
2025-04-13 20:29:29,891 - INFO - Ingress_Enter 6590WCYM
2025-04-13 20:29:29,910 - INFO - Ingress_Input_Decoded 6590WCYM
2025-04-13 20:29:29,912 - INFO - Ingress_Numpy_Converted 6590WCYM
2025-04-13 20:29:29,934 - INFO - Ingress_Enter GBGC9XDC
2025-04-13 20:29:29,952 - INFO - Ingress_Input_Decoded GBGC9XDC
2025-04-13 20:29:29,953 - INFO - Ingress_Numpy_Converted GBGC9XDC
2025-04-13 20:29:30,080 - INFO - Ingress_Exit 3BO8XE4Y
2025-04-13 20:29:30,354 - INFO - Ingress_Exit XH1O20JK
2025-04-13 20:29:30,636 - INFO - Ingress_Exit E8CNWAR5
2025-04-13 20:29:30,667 - INFO - Ingress_Exit 6590WCYM
2025-04-13 20:29:30,732 - INFO - Ingress_Exit NIWK7K20
2025-04-13 20:29:31,018 - INFO - Ingress_Exit GBGC9XDC
2025-04-13 20:29:40,290 - INFO - Ingress_Enter NPT1BYAR
2025-04-13 20:29:40,316 - INFO - Ingress_Input_Decoded NPT1BYAR
2025-04-13 20:29:40,319 - INFO - Ingress_Numpy_Converted NPT1BYAR
2025-04-13 20:29:40,425 - INFO - Ingress_Enter URP66WWZ
2025-04-13 20:29:40,444 - INFO - Ingress_Input_Decoded URP66WWZ
2025-04-13 20:29:40,446 - INFO - Ingress_Numpy_Converted URP66WWZ
2025-04-13 20:29:41,006 - INFO - Ingress_Enter 1WI2H0X2
2025-04-13 20:29:41,033 - INFO - Ingress_Input_Decoded 1WI2H0X2
2025-04-13 20:29:41,035 - INFO - Ingress_Numpy_Converted 1WI2H0X2
2025-04-13 20:29:41,222 - INFO - Ingress_Exit NPT1BYAR
2025-04-13 20:29:41,457 - INFO - Ingress_Exit URP66WWZ
2025-04-13 20:29:42,231 - INFO - Ingress_Exit 1WI2H0X2
2025-04-13 20:29:42,245 - INFO - Ingress_Enter GGOWW406
2025-04-13 20:29:42,267 - INFO - Ingress_Input_Decoded GGOWW406
2025-04-13 20:29:42,269 - INFO - Ingress_Numpy_Converted GGOWW406
2025-04-13 20:29:42,487 - INFO - Ingress_Enter WL52N7UA
2025-04-13 20:29:42,512 - INFO - Ingress_Input_Decoded WL52N7UA
2025-04-13 20:29:42,515 - INFO - Ingress_Numpy_Converted WL52N7UA
2025-04-13 20:29:42,669 - INFO - Ingress_Enter NNZI2ZL0
2025-04-13 20:29:42,688 - INFO - Ingress_Input_Decoded NNZI2ZL0
2025-04-13 20:29:42,690 - INFO - Ingress_Numpy_Converted NNZI2ZL0
2025-04-13 20:29:42,984 - INFO - Ingress_Exit GGOWW406
2025-04-13 20:29:43,052 - INFO - Ingress_Enter EW91NJZE
2025-04-13 20:29:43,072 - INFO - Ingress_Input_Decoded EW91NJZE
2025-04-13 20:29:43,074 - INFO - Ingress_Numpy_Converted EW91NJZE
2025-04-13 20:29:43,485 - INFO - Ingress_Exit WL52N7UA
2025-04-13 20:29:43,817 - INFO - Ingress_Enter V9JTMSE5
2025-04-13 20:29:43,831 - INFO - Ingress_Input_Decoded V9JTMSE5
2025-04-13 20:29:43,833 - INFO - Ingress_Numpy_Converted V9JTMSE5
2025-04-13 20:29:44,059 - INFO - Ingress_Enter 042FWDCA
2025-04-13 20:29:44,076 - INFO - Ingress_Input_Decoded 042FWDCA
2025-04-13 20:29:44,078 - INFO - Ingress_Numpy_Converted 042FWDCA
2025-04-13 20:29:44,260 - INFO - Ingress_Exit NNZI2ZL0
2025-04-13 20:29:44,335 - INFO - Ingress_Enter ZYHS4HIW
2025-04-13 20:29:44,357 - INFO - Ingress_Input_Decoded ZYHS4HIW
2025-04-13 20:29:44,359 - INFO - Ingress_Numpy_Converted ZYHS4HIW
2025-04-13 20:29:44,470 - INFO - Ingress_Enter DTMNBNLK
2025-04-13 20:29:44,471 - INFO - Ingress_Exit EW91NJZE
2025-04-13 20:29:44,489 - INFO - Ingress_Input_Decoded DTMNBNLK
2025-04-13 20:29:44,490 - INFO - Ingress_Numpy_Converted DTMNBNLK
2025-04-13 20:29:44,809 - INFO - Ingress_Exit V9JTMSE5
2025-04-13 20:29:44,973 - INFO - Ingress_Exit 042FWDCA
2025-04-13 20:29:45,431 - INFO - Ingress_Exit ZYHS4HIW
2025-04-13 20:29:45,778 - INFO - Ingress_Exit DTMNBNLK
2025-04-13 20:29:45,799 - INFO - Ingress_Enter D92FOBTI
2025-04-13 20:29:45,811 - INFO - Ingress_Input_Decoded D92FOBTI
2025-04-13 20:29:45,812 - INFO - Ingress_Numpy_Converted D92FOBTI
2025-04-13 20:29:46,100 - INFO - Ingress_Enter 6O4G9QC8
2025-04-13 20:29:46,121 - INFO - Ingress_Input_Decoded 6O4G9QC8
2025-04-13 20:29:46,123 - INFO - Ingress_Numpy_Converted 6O4G9QC8
2025-04-13 20:29:46,624 - INFO - Ingress_Enter NC87FZWL
2025-04-13 20:29:46,638 - INFO - Ingress_Input_Decoded NC87FZWL
2025-04-13 20:29:46,639 - INFO - Ingress_Numpy_Converted NC87FZWL
2025-04-13 20:29:46,691 - INFO - Ingress_Exit 6O4G9QC8
2025-04-13 20:29:46,800 - INFO - Ingress_Exit D92FOBTI
2025-04-13 20:29:46,874 - INFO - Ingress_Enter OH7M6S79
2025-04-13 20:29:46,910 - INFO - Ingress_Input_Decoded OH7M6S79
2025-04-13 20:29:46,913 - INFO - Ingress_Numpy_Converted OH7M6S79
2025-04-13 20:29:47,102 - INFO - Ingress_Enter 27T5QMS6
2025-04-13 20:29:47,117 - INFO - Ingress_Input_Decoded 27T5QMS6
2025-04-13 20:29:47,119 - INFO - Ingress_Numpy_Converted 27T5QMS6
2025-04-13 20:29:47,258 - INFO - Ingress_Enter MFHVRSRZ
2025-04-13 20:29:47,281 - INFO - Ingress_Input_Decoded MFHVRSRZ
2025-04-13 20:29:47,283 - INFO - Ingress_Numpy_Converted MFHVRSRZ
2025-04-13 20:29:47,586 - INFO - Ingress_Enter YOFTUNAH
2025-04-13 20:29:47,609 - INFO - Ingress_Input_Decoded YOFTUNAH
2025-04-13 20:29:47,611 - INFO - Ingress_Numpy_Converted YOFTUNAH
2025-04-13 20:29:47,635 - INFO - Ingress_Exit NC87FZWL
2025-04-13 20:29:47,806 - INFO - Ingress_Exit OH7M6S79
2025-04-13 20:29:48,019 - INFO - Ingress_Enter QS20TW8B
2025-04-13 20:29:48,037 - INFO - Ingress_Input_Decoded QS20TW8B
2025-04-13 20:29:48,039 - INFO - Ingress_Numpy_Converted QS20TW8B
2025-04-13 20:29:48,154 - INFO - Ingress_Exit 27T5QMS6
2025-04-13 20:29:48,189 - INFO - Ingress_Exit YOFTUNAH
2025-04-13 20:29:48,362 - INFO - Ingress_Enter N3CFC3TY
2025-04-13 20:29:48,386 - INFO - Ingress_Input_Decoded N3CFC3TY
2025-04-13 20:29:48,388 - INFO - Ingress_Numpy_Converted N3CFC3TY
2025-04-13 20:29:48,438 - INFO - Ingress_Exit MFHVRSRZ
2025-04-13 20:29:48,627 - INFO - Ingress_Exit QS20TW8B
2025-04-13 20:29:48,880 - INFO - Ingress_Enter 58NMT57C
2025-04-13 20:29:48,903 - INFO - Ingress_Input_Decoded 58NMT57C
2025-04-13 20:29:48,905 - INFO - Ingress_Numpy_Converted 58NMT57C
2025-04-13 20:29:49,021 - INFO - Ingress_Enter K9V34RBV
2025-04-13 20:29:49,039 - INFO - Ingress_Input_Decoded K9V34RBV
2025-04-13 20:29:49,041 - INFO - Ingress_Numpy_Converted K9V34RBV
2025-04-13 20:29:49,105 - INFO - Ingress_Enter SSDCOMGM
2025-04-13 20:29:49,119 - INFO - Ingress_Input_Decoded SSDCOMGM
2025-04-13 20:29:49,121 - INFO - Ingress_Numpy_Converted SSDCOMGM
2025-04-13 20:29:49,308 - INFO - Ingress_Exit N3CFC3TY
2025-04-13 20:29:49,403 - INFO - Ingress_Enter ER802CSQ
2025-04-13 20:29:49,437 - INFO - Ingress_Input_Decoded ER802CSQ
2025-04-13 20:29:49,441 - INFO - Ingress_Numpy_Converted ER802CSQ
2025-04-13 20:29:49,746 - INFO - Ingress_Exit 58NMT57C
2025-04-13 20:29:49,835 - INFO - Ingress_Enter D6UQG5RS
2025-04-13 20:29:49,853 - INFO - Ingress_Input_Decoded D6UQG5RS
2025-04-13 20:29:49,855 - INFO - Ingress_Numpy_Converted D6UQG5RS
2025-04-13 20:29:49,904 - INFO - Ingress_Exit SSDCOMGM
2025-04-13 20:29:49,941 - INFO - Ingress_Enter LI6OR1S4
2025-04-13 20:29:49,964 - INFO - Ingress_Input_Decoded LI6OR1S4
2025-04-13 20:29:49,966 - INFO - Ingress_Numpy_Converted LI6OR1S4
2025-04-13 20:29:49,969 - INFO - Ingress_Enter K7MW58BO
2025-04-13 20:29:49,980 - INFO - Ingress_Input_Decoded K7MW58BO
2025-04-13 20:29:49,981 - INFO - Ingress_Numpy_Converted K7MW58BO
2025-04-13 20:29:50,238 - INFO - Ingress_Exit K9V34RBV
2025-04-13 20:29:50,659 - INFO - Ingress_Exit D6UQG5RS
2025-04-13 20:29:50,680 - INFO - Ingress_Exit ER802CSQ
2025-04-13 20:29:50,965 - INFO - Ingress_Exit LI6OR1S4
2025-04-13 20:29:51,414 - INFO - Ingress_Exit K7MW58BO
2025-04-13 20:29:54,499 - INFO - Ingress_Enter OUA6B89F
2025-04-13 20:29:54,538 - INFO - Ingress_Input_Decoded OUA6B89F
2025-04-13 20:29:54,542 - INFO - Ingress_Numpy_Converted OUA6B89F
2025-04-13 20:29:54,908 - INFO - Ingress_Enter QCPW90Y9
2025-04-13 20:29:54,926 - INFO - Ingress_Input_Decoded QCPW90Y9
2025-04-13 20:29:54,928 - INFO - Ingress_Numpy_Converted QCPW90Y9
2025-04-13 20:29:55,417 - INFO - Ingress_Exit OUA6B89F
2025-04-13 20:29:55,542 - INFO - Ingress_Enter V1ZWXRA2
2025-04-13 20:29:55,561 - INFO - Ingress_Input_Decoded V1ZWXRA2
2025-04-13 20:29:55,562 - INFO - Ingress_Numpy_Converted V1ZWXRA2
2025-04-13 20:29:56,155 - INFO - Ingress_Enter T9T0QLIU
2025-04-13 20:29:56,158 - INFO - Ingress_Enter 03G2G0BG
2025-04-13 20:29:56,173 - INFO - Ingress_Input_Decoded T9T0QLIU
2025-04-13 20:29:56,175 - INFO - Ingress_Numpy_Converted T9T0QLIU
2025-04-13 20:29:56,191 - INFO - Ingress_Input_Decoded 03G2G0BG
2025-04-13 20:29:56,193 - INFO - Ingress_Numpy_Converted 03G2G0BG
2025-04-13 20:29:56,202 - INFO - Ingress_Exit V1ZWXRA2
2025-04-13 20:29:56,552 - INFO - Ingress_Enter HAATNQ6D
2025-04-13 20:29:56,580 - INFO - Ingress_Input_Decoded HAATNQ6D
2025-04-13 20:29:56,583 - INFO - Ingress_Numpy_Converted HAATNQ6D
2025-04-13 20:29:56,677 - INFO - Ingress_Enter S71HQ71U
2025-04-13 20:29:56,692 - INFO - Ingress_Input_Decoded S71HQ71U
2025-04-13 20:29:56,693 - INFO - Ingress_Numpy_Converted S71HQ71U
2025-04-13 20:29:56,741 - INFO - Ingress_Enter AVF410WN
2025-04-13 20:29:56,766 - INFO - Ingress_Input_Decoded AVF410WN
2025-04-13 20:29:56,768 - INFO - Ingress_Numpy_Converted AVF410WN
2025-04-13 20:29:57,074 - INFO - Ingress_Exit T9T0QLIU
2025-04-13 20:29:57,365 - INFO - Ingress_Exit QCPW90Y9
2025-04-13 20:29:57,722 - INFO - Ingress_Exit HAATNQ6D
2025-04-13 20:29:57,868 - INFO - Ingress_Exit 03G2G0BG
2025-04-13 20:29:58,223 - INFO - Ingress_Exit S71HQ71U
2025-04-13 20:29:58,471 - INFO - Ingress_Exit AVF410WN
2025-04-13 20:29:59,150 - INFO - Ingress_Enter ZZZK9I8G
2025-04-13 20:29:59,170 - INFO - Ingress_Input_Decoded ZZZK9I8G
2025-04-13 20:29:59,171 - INFO - Ingress_Numpy_Converted ZZZK9I8G
2025-04-13 20:29:59,333 - INFO - Ingress_Enter C550UWDJ
2025-04-13 20:29:59,348 - INFO - Ingress_Input_Decoded C550UWDJ
2025-04-13 20:29:59,349 - INFO - Ingress_Numpy_Converted C550UWDJ
2025-04-13 20:29:59,670 - INFO - Ingress_Enter WD5OC1V5
2025-04-13 20:29:59,687 - INFO - Ingress_Input_Decoded WD5OC1V5
2025-04-13 20:29:59,688 - INFO - Ingress_Numpy_Converted WD5OC1V5
2025-04-13 20:29:59,955 - INFO - Ingress_Enter XFMFA72N
2025-04-13 20:29:59,971 - INFO - Ingress_Input_Decoded XFMFA72N
2025-04-13 20:29:59,973 - INFO - Ingress_Numpy_Converted XFMFA72N
2025-04-13 20:30:00,606 - INFO - Ingress_Exit C550UWDJ
2025-04-13 20:30:00,630 - INFO - Ingress_Exit ZZZK9I8G
2025-04-13 20:30:00,733 - INFO - Ingress_Exit WD5OC1V5
2025-04-13 20:30:00,828 - INFO - Ingress_Enter 946RWWRQ
2025-04-13 20:30:00,850 - INFO - Ingress_Input_Decoded 946RWWRQ
2025-04-13 20:30:00,852 - INFO - Ingress_Numpy_Converted 946RWWRQ
2025-04-13 20:30:00,873 - INFO - Ingress_Enter IWE0DFQ4
2025-04-13 20:30:00,894 - INFO - Ingress_Input_Decoded IWE0DFQ4
2025-04-13 20:30:00,896 - INFO - Ingress_Numpy_Converted IWE0DFQ4
2025-04-13 20:30:01,027 - INFO - Ingress_Exit XFMFA72N
2025-04-13 20:30:01,767 - INFO - Ingress_Enter 591MA1EQ
2025-04-13 20:30:01,780 - INFO - Ingress_Input_Decoded 591MA1EQ
2025-04-13 20:30:01,782 - INFO - Ingress_Numpy_Converted 591MA1EQ
2025-04-13 20:30:01,900 - INFO - Ingress_Exit IWE0DFQ4
2025-04-13 20:30:01,932 - INFO - Ingress_Enter VT8VCODU
2025-04-13 20:30:01,958 - INFO - Ingress_Input_Decoded VT8VCODU
2025-04-13 20:30:01,960 - INFO - Ingress_Numpy_Converted VT8VCODU
2025-04-13 20:30:02,037 - INFO - Ingress_Exit 946RWWRQ
2025-04-13 20:30:02,586 - INFO - Ingress_Enter YL1YBRO5
2025-04-13 20:30:02,602 - INFO - Ingress_Input_Decoded YL1YBRO5
2025-04-13 20:30:02,604 - INFO - Ingress_Numpy_Converted YL1YBRO5
2025-04-13 20:30:02,606 - INFO - Ingress_Enter TXHNDGK8
2025-04-13 20:30:02,631 - INFO - Ingress_Input_Decoded TXHNDGK8
2025-04-13 20:30:02,633 - INFO - Ingress_Numpy_Converted TXHNDGK8
2025-04-13 20:30:02,635 - INFO - Ingress_Exit 591MA1EQ
2025-04-13 20:30:02,913 - INFO - Ingress_Exit VT8VCODU
2025-04-13 20:30:02,923 - INFO - Ingress_Enter AQXWS2OL
2025-04-13 20:30:02,944 - INFO - Ingress_Input_Decoded AQXWS2OL
2025-04-13 20:30:02,946 - INFO - Ingress_Numpy_Converted AQXWS2OL
2025-04-13 20:30:03,072 - INFO - Ingress_Enter X0V9VFFE
2025-04-13 20:30:03,094 - INFO - Ingress_Input_Decoded X0V9VFFE
2025-04-13 20:30:03,097 - INFO - Ingress_Numpy_Converted X0V9VFFE
2025-04-13 20:30:03,114 - INFO - Ingress_Enter WOSY62VY
2025-04-13 20:30:03,132 - INFO - Ingress_Input_Decoded WOSY62VY
2025-04-13 20:30:03,134 - INFO - Ingress_Numpy_Converted WOSY62VY
2025-04-13 20:30:03,562 - INFO - Ingress_Exit YL1YBRO5
2025-04-13 20:30:03,926 - INFO - Ingress_Exit TXHNDGK8
2025-04-13 20:30:04,006 - INFO - Ingress_Exit AQXWS2OL
2025-04-13 20:30:04,117 - INFO - Ingress_Enter P5417DOK
2025-04-13 20:30:04,138 - INFO - Ingress_Input_Decoded P5417DOK
2025-04-13 20:30:04,139 - INFO - Ingress_Numpy_Converted P5417DOK
2025-04-13 20:30:04,260 - INFO - Ingress_Enter KR4FOCE3
2025-04-13 20:30:04,280 - INFO - Ingress_Input_Decoded KR4FOCE3
2025-04-13 20:30:04,282 - INFO - Ingress_Numpy_Converted KR4FOCE3
2025-04-13 20:30:04,296 - INFO - Ingress_Exit X0V9VFFE
2025-04-13 20:30:04,597 - INFO - Ingress_Exit WOSY62VY
2025-04-13 20:30:04,637 - INFO - Ingress_Enter NTKZPQON
2025-04-13 20:30:04,654 - INFO - Ingress_Input_Decoded NTKZPQON
2025-04-13 20:30:04,656 - INFO - Ingress_Numpy_Converted NTKZPQON
2025-04-13 20:30:04,738 - INFO - Ingress_Enter ZZX1K2C5
2025-04-13 20:30:04,758 - INFO - Ingress_Input_Decoded ZZX1K2C5
2025-04-13 20:30:04,760 - INFO - Ingress_Numpy_Converted ZZX1K2C5
2025-04-13 20:30:04,780 - INFO - Ingress_Enter 04LZ5BDX
2025-04-13 20:30:04,798 - INFO - Ingress_Input_Decoded 04LZ5BDX
2025-04-13 20:30:04,800 - INFO - Ingress_Numpy_Converted 04LZ5BDX
2025-04-13 20:30:04,888 - INFO - Ingress_Enter EGVAT4X9
2025-04-13 20:30:04,914 - INFO - Ingress_Input_Decoded EGVAT4X9
2025-04-13 20:30:04,917 - INFO - Ingress_Numpy_Converted EGVAT4X9
2025-04-13 20:30:04,929 - INFO - Ingress_Exit P5417DOK
2025-04-13 20:30:05,557 - INFO - Ingress_Enter 1NHHJLAO
2025-04-13 20:30:05,584 - INFO - Ingress_Input_Decoded 1NHHJLAO
2025-04-13 20:30:05,587 - INFO - Ingress_Numpy_Converted 1NHHJLAO
2025-04-13 20:30:05,627 - INFO - Ingress_Exit NTKZPQON
2025-04-13 20:30:05,656 - INFO - Ingress_Enter TB9SMVBZ
2025-04-13 20:30:05,686 - INFO - Ingress_Input_Decoded TB9SMVBZ
2025-04-13 20:30:05,688 - INFO - Ingress_Numpy_Converted TB9SMVBZ
2025-04-13 20:30:05,708 - INFO - Ingress_Exit ZZX1K2C5
2025-04-13 20:30:05,739 - INFO - Ingress_Exit KR4FOCE3
2025-04-13 20:30:05,774 - INFO - Ingress_Exit 04LZ5BDX
2025-04-13 20:30:06,074 - INFO - Ingress_Exit 1NHHJLAO
2025-04-13 20:30:06,190 - INFO - Ingress_Exit EGVAT4X9
2025-04-13 20:30:07,003 - INFO - Ingress_Exit TB9SMVBZ
2025-04-13 20:30:07,351 - INFO - Ingress_Enter LWMYA297
2025-04-13 20:30:07,372 - INFO - Ingress_Input_Decoded LWMYA297
2025-04-13 20:30:07,374 - INFO - Ingress_Numpy_Converted LWMYA297
2025-04-13 20:30:07,495 - INFO - Ingress_Enter KRKULR6A
2025-04-13 20:30:07,517 - INFO - Ingress_Input_Decoded KRKULR6A
2025-04-13 20:30:07,520 - INFO - Ingress_Numpy_Converted KRKULR6A
2025-04-13 20:30:07,785 - INFO - Ingress_Enter J79JJZS5
2025-04-13 20:30:07,801 - INFO - Ingress_Input_Decoded J79JJZS5
2025-04-13 20:30:07,802 - INFO - Ingress_Numpy_Converted J79JJZS5
2025-04-13 20:30:07,976 - INFO - Ingress_Enter 41X3OZES
2025-04-13 20:30:07,994 - INFO - Ingress_Input_Decoded 41X3OZES
2025-04-13 20:30:07,996 - INFO - Ingress_Numpy_Converted 41X3OZES
2025-04-13 20:30:08,198 - INFO - Ingress_Exit LWMYA297
2025-04-13 20:30:08,553 - INFO - Ingress_Enter INOFAKY9
2025-04-13 20:30:08,567 - INFO - Ingress_Input_Decoded INOFAKY9
2025-04-13 20:30:08,568 - INFO - Ingress_Numpy_Converted INOFAKY9
2025-04-13 20:30:08,641 - INFO - Ingress_Exit KRKULR6A
2025-04-13 20:30:08,753 - INFO - Ingress_Enter 8H09UROG
2025-04-13 20:30:08,772 - INFO - Ingress_Input_Decoded 8H09UROG
2025-04-13 20:30:08,774 - INFO - Ingress_Numpy_Converted 8H09UROG
2025-04-13 20:30:08,781 - INFO - Ingress_Exit J79JJZS5
2025-04-13 20:30:09,094 - INFO - Ingress_Enter 71A4ETXU
2025-04-13 20:30:09,113 - INFO - Ingress_Input_Decoded 71A4ETXU
2025-04-13 20:30:09,115 - INFO - Ingress_Numpy_Converted 71A4ETXU
2025-04-13 20:30:09,136 - INFO - Ingress_Enter TGG997K6
2025-04-13 20:30:09,156 - INFO - Ingress_Input_Decoded TGG997K6
2025-04-13 20:30:09,158 - INFO - Ingress_Numpy_Converted TGG997K6
2025-04-13 20:30:09,214 - INFO - Ingress_Exit 41X3OZES
2025-04-13 20:30:09,372 - INFO - Ingress_Enter EK1061WC
2025-04-13 20:30:09,390 - INFO - Ingress_Input_Decoded EK1061WC
2025-04-13 20:30:09,392 - INFO - Ingress_Numpy_Converted EK1061WC
2025-04-13 20:30:09,740 - INFO - Ingress_Exit INOFAKY9
2025-04-13 20:30:09,796 - INFO - Ingress_Exit 8H09UROG
2025-04-13 20:30:10,031 - INFO - Ingress_Exit 71A4ETXU
2025-04-13 20:30:10,218 - INFO - Ingress_Exit TGG997K6
2025-04-13 20:30:10,230 - INFO - Ingress_Enter CC8G00TX
2025-04-13 20:30:10,248 - INFO - Ingress_Input_Decoded CC8G00TX
2025-04-13 20:30:10,250 - INFO - Ingress_Numpy_Converted CC8G00TX
2025-04-13 20:30:10,421 - INFO - Ingress_Enter 1AAQGOOQ
2025-04-13 20:30:10,439 - INFO - Ingress_Input_Decoded 1AAQGOOQ
2025-04-13 20:30:10,441 - INFO - Ingress_Numpy_Converted 1AAQGOOQ
2025-04-13 20:30:10,587 - INFO - Ingress_Enter 83TQMAHG
2025-04-13 20:30:10,710 - INFO - Ingress_Input_Decoded 83TQMAHG
2025-04-13 20:30:10,717 - INFO - Ingress_Numpy_Converted 83TQMAHG
2025-04-13 20:30:10,720 - INFO - Ingress_Enter DNYYPX8S
2025-04-13 20:30:10,739 - INFO - Ingress_Input_Decoded DNYYPX8S
2025-04-13 20:30:10,741 - INFO - Ingress_Numpy_Converted DNYYPX8S
2025-04-13 20:30:10,848 - INFO - Ingress_Enter Q45ZPBUO
2025-04-13 20:30:10,874 - INFO - Ingress_Input_Decoded Q45ZPBUO
2025-04-13 20:30:10,876 - INFO - Ingress_Numpy_Converted Q45ZPBUO
2025-04-13 20:30:11,085 - INFO - Ingress_Exit CC8G00TX
2025-04-13 20:30:11,089 - INFO - Ingress_Exit EK1061WC
2025-04-13 20:30:11,289 - INFO - Ingress_Exit DNYYPX8S
2025-04-13 20:30:11,407 - INFO - Ingress_Enter 0J3F6BKX
2025-04-13 20:30:11,422 - INFO - Ingress_Input_Decoded 0J3F6BKX
2025-04-13 20:30:11,423 - INFO - Ingress_Numpy_Converted 0J3F6BKX
2025-04-13 20:30:11,455 - INFO - Ingress_Exit 83TQMAHG
2025-04-13 20:30:11,472 - INFO - Ingress_Exit 1AAQGOOQ
2025-04-13 20:30:11,785 - INFO - Ingress_Exit Q45ZPBUO
2025-04-13 20:30:11,806 - INFO - Ingress_Enter LNT7O5GG
2025-04-13 20:30:11,833 - INFO - Ingress_Input_Decoded LNT7O5GG
2025-04-13 20:30:11,836 - INFO - Ingress_Numpy_Converted LNT7O5GG
2025-04-13 20:30:12,454 - INFO - Ingress_Enter 5BMKS5PH
2025-04-13 20:30:12,466 - INFO - Ingress_Input_Decoded 5BMKS5PH
2025-04-13 20:30:12,467 - INFO - Ingress_Numpy_Converted 5BMKS5PH
2025-04-13 20:30:12,503 - INFO - Ingress_Enter R2401NS3
2025-04-13 20:30:12,517 - INFO - Ingress_Input_Decoded R2401NS3
2025-04-13 20:30:12,518 - INFO - Ingress_Numpy_Converted R2401NS3
2025-04-13 20:30:12,561 - INFO - Ingress_Enter 5XFSJM74
2025-04-13 20:30:12,580 - INFO - Ingress_Input_Decoded 5XFSJM74
2025-04-13 20:30:12,582 - INFO - Ingress_Numpy_Converted 5XFSJM74
2025-04-13 20:30:12,657 - INFO - Ingress_Exit 0J3F6BKX
2025-04-13 20:30:12,668 - INFO - Ingress_Exit LNT7O5GG
2025-04-13 20:30:12,932 - INFO - Ingress_Enter ALYT5T9D
2025-04-13 20:30:12,944 - INFO - Ingress_Input_Decoded ALYT5T9D
2025-04-13 20:30:12,945 - INFO - Ingress_Numpy_Converted ALYT5T9D
2025-04-13 20:30:13,170 - INFO - Ingress_Exit 5BMKS5PH
2025-04-13 20:30:13,272 - INFO - Ingress_Enter QCXSR44D
2025-04-13 20:30:13,292 - INFO - Ingress_Input_Decoded QCXSR44D
2025-04-13 20:30:13,294 - INFO - Ingress_Numpy_Converted QCXSR44D
2025-04-13 20:30:13,555 - INFO - Ingress_Exit R2401NS3
2025-04-13 20:30:13,867 - INFO - Ingress_Exit 5XFSJM74
2025-04-13 20:30:13,891 - INFO - Ingress_Enter WZS2YOTT
2025-04-13 20:30:13,921 - INFO - Ingress_Input_Decoded WZS2YOTT
2025-04-13 20:30:13,925 - INFO - Ingress_Numpy_Converted WZS2YOTT
2025-04-13 20:30:13,972 - INFO - Ingress_Enter 06P3PCP0
2025-04-13 20:30:13,984 - INFO - Ingress_Input_Decoded 06P3PCP0
2025-04-13 20:30:13,985 - INFO - Ingress_Numpy_Converted 06P3PCP0
2025-04-13 20:30:14,444 - INFO - Ingress_Exit ALYT5T9D
2025-04-13 20:30:14,453 - INFO - Ingress_Enter Y95RXF8O
2025-04-13 20:30:14,468 - INFO - Ingress_Input_Decoded Y95RXF8O
2025-04-13 20:30:14,469 - INFO - Ingress_Numpy_Converted Y95RXF8O
2025-04-13 20:30:14,492 - INFO - Ingress_Exit QCXSR44D
2025-04-13 20:30:14,604 - INFO - Ingress_Enter 4YUDG0GM
2025-04-13 20:30:14,622 - INFO - Ingress_Input_Decoded 4YUDG0GM
2025-04-13 20:30:14,624 - INFO - Ingress_Numpy_Converted 4YUDG0GM
2025-04-13 20:30:14,763 - INFO - Ingress_Exit WZS2YOTT
2025-04-13 20:30:15,173 - INFO - Ingress_Enter 0980GYF2
2025-04-13 20:30:15,190 - INFO - Ingress_Input_Decoded 0980GYF2
2025-04-13 20:30:15,192 - INFO - Ingress_Numpy_Converted 0980GYF2
2025-04-13 20:30:15,381 - INFO - Ingress_Enter RPHE7A4T
2025-04-13 20:30:15,408 - INFO - Ingress_Input_Decoded RPHE7A4T
2025-04-13 20:30:15,410 - INFO - Ingress_Numpy_Converted RPHE7A4T
2025-04-13 20:30:15,472 - INFO - Ingress_Enter YYMXZO6S
2025-04-13 20:30:15,490 - INFO - Ingress_Input_Decoded YYMXZO6S
2025-04-13 20:30:15,492 - INFO - Ingress_Numpy_Converted YYMXZO6S
2025-04-13 20:30:15,573 - INFO - Ingress_Exit 06P3PCP0
2025-04-13 20:30:15,646 - INFO - Ingress_Exit Y95RXF8O
2025-04-13 20:30:15,714 - INFO - Ingress_Enter AIOJQ83V
2025-04-13 20:30:15,735 - INFO - Ingress_Input_Decoded AIOJQ83V
2025-04-13 20:30:15,737 - INFO - Ingress_Numpy_Converted AIOJQ83V
2025-04-13 20:30:15,809 - INFO - Ingress_Enter 0F0CSPJR
2025-04-13 20:30:15,827 - INFO - Ingress_Input_Decoded 0F0CSPJR
2025-04-13 20:30:15,829 - INFO - Ingress_Numpy_Converted 0F0CSPJR
2025-04-13 20:30:16,141 - INFO - Ingress_Enter 76DPQHUU
2025-04-13 20:30:16,158 - INFO - Ingress_Input_Decoded 76DPQHUU
2025-04-13 20:30:16,160 - INFO - Ingress_Numpy_Converted 76DPQHUU
2025-04-13 20:30:16,212 - INFO - Ingress_Exit 4YUDG0GM
2025-04-13 20:30:16,234 - INFO - Ingress_Exit RPHE7A4T
2025-04-13 20:30:16,370 - INFO - Ingress_Exit 0980GYF2
2025-04-13 20:30:16,507 - INFO - Ingress_Exit YYMXZO6S
2025-04-13 20:30:16,716 - INFO - Ingress_Exit 0F0CSPJR
2025-04-13 20:30:16,844 - INFO - Ingress_Enter I8QZJIWZ
2025-04-13 20:30:16,867 - INFO - Ingress_Input_Decoded I8QZJIWZ
2025-04-13 20:30:16,869 - INFO - Ingress_Numpy_Converted I8QZJIWZ
2025-04-13 20:30:16,907 - INFO - Ingress_Exit AIOJQ83V
2025-04-13 20:30:16,928 - INFO - Ingress_Exit 76DPQHUU
2025-04-13 20:30:17,170 - INFO - Ingress_Enter 9VHKWHTH
2025-04-13 20:30:17,187 - INFO - Ingress_Input_Decoded 9VHKWHTH
2025-04-13 20:30:17,189 - INFO - Ingress_Numpy_Converted 9VHKWHTH
2025-04-13 20:30:17,772 - INFO - Ingress_Exit 9VHKWHTH
2025-04-13 20:30:17,987 - INFO - Ingress_Enter UCMHAXLJ
2025-04-13 20:30:18,005 - INFO - Ingress_Input_Decoded UCMHAXLJ
2025-04-13 20:30:18,007 - INFO - Ingress_Numpy_Converted UCMHAXLJ
2025-04-13 20:30:18,305 - INFO - Ingress_Exit I8QZJIWZ
2025-04-13 20:30:18,473 - INFO - Ingress_Enter 4CQBKQ91
2025-04-13 20:30:18,498 - INFO - Ingress_Input_Decoded 4CQBKQ91
2025-04-13 20:30:18,500 - INFO - Ingress_Numpy_Converted 4CQBKQ91
2025-04-13 20:30:18,728 - INFO - Ingress_Exit UCMHAXLJ
2025-04-13 20:30:19,421 - INFO - Ingress_Exit 4CQBKQ91
2025-04-13 20:30:20,621 - INFO - Ingress_Enter 51441O6H
2025-04-13 20:30:20,647 - INFO - Ingress_Input_Decoded 51441O6H
2025-04-13 20:30:20,649 - INFO - Ingress_Numpy_Converted 51441O6H
2025-04-13 20:30:21,294 - INFO - Ingress_Enter UE4NFXAA
2025-04-13 20:30:21,319 - INFO - Ingress_Input_Decoded UE4NFXAA
2025-04-13 20:30:21,321 - INFO - Ingress_Numpy_Converted UE4NFXAA
2025-04-13 20:30:21,374 - INFO - Ingress_Enter APHBRA40
2025-04-13 20:30:21,394 - INFO - Ingress_Input_Decoded APHBRA40
2025-04-13 20:30:21,396 - INFO - Ingress_Numpy_Converted APHBRA40
2025-04-13 20:30:21,557 - INFO - Ingress_Exit 51441O6H
2025-04-13 20:30:21,884 - INFO - Ingress_Exit UE4NFXAA
2025-04-13 20:30:22,195 - INFO - Ingress_Enter SXB5FDZP
2025-04-13 20:30:22,210 - INFO - Ingress_Input_Decoded SXB5FDZP
2025-04-13 20:30:22,211 - INFO - Ingress_Numpy_Converted SXB5FDZP
2025-04-13 20:30:22,241 - INFO - Ingress_Enter REFBX1EI
2025-04-13 20:30:22,257 - INFO - Ingress_Input_Decoded REFBX1EI
2025-04-13 20:30:22,259 - INFO - Ingress_Numpy_Converted REFBX1EI
2025-04-13 20:30:22,419 - INFO - Ingress_Exit APHBRA40
2025-04-13 20:30:22,835 - INFO - Ingress_Exit REFBX1EI
2025-04-13 20:30:22,910 - INFO - Ingress_Exit SXB5FDZP
2025-04-13 20:30:23,452 - INFO - Ingress_Enter 7R10YFDF
2025-04-13 20:30:23,468 - INFO - Ingress_Input_Decoded 7R10YFDF
2025-04-13 20:30:23,470 - INFO - Ingress_Numpy_Converted 7R10YFDF
2025-04-13 20:30:23,496 - INFO - Ingress_Enter AQOV9LNM
2025-04-13 20:30:23,509 - INFO - Ingress_Input_Decoded AQOV9LNM
2025-04-13 20:30:23,510 - INFO - Ingress_Numpy_Converted AQOV9LNM
2025-04-13 20:30:24,065 - INFO - Ingress_Exit 7R10YFDF
2025-04-13 20:30:24,196 - INFO - Ingress_Enter WHOWHB8U
2025-04-13 20:30:24,209 - INFO - Ingress_Input_Decoded WHOWHB8U
2025-04-13 20:30:24,211 - INFO - Ingress_Numpy_Converted WHOWHB8U
2025-04-13 20:30:24,291 - INFO - Ingress_Exit AQOV9LNM
2025-04-13 20:30:24,302 - INFO - Ingress_Enter GGSFLWGE
2025-04-13 20:30:24,327 - INFO - Ingress_Input_Decoded GGSFLWGE
2025-04-13 20:30:24,329 - INFO - Ingress_Numpy_Converted GGSFLWGE
2025-04-13 20:30:24,427 - INFO - Ingress_Enter P7G7KND3
2025-04-13 20:30:24,451 - INFO - Ingress_Input_Decoded P7G7KND3
2025-04-13 20:30:24,452 - INFO - Ingress_Numpy_Converted P7G7KND3
2025-04-13 20:30:24,984 - INFO - Ingress_Enter MHX4ZTZA
2025-04-13 20:30:25,004 - INFO - Ingress_Input_Decoded MHX4ZTZA
2025-04-13 20:30:25,007 - INFO - Ingress_Numpy_Converted MHX4ZTZA
2025-04-13 20:30:25,097 - INFO - Ingress_Exit WHOWHB8U
2025-04-13 20:30:25,205 - INFO - Ingress_Exit P7G7KND3
2025-04-13 20:30:25,469 - INFO - Ingress_Exit GGSFLWGE
2025-04-13 20:30:25,604 - INFO - Ingress_Enter KQWL5JHQ
2025-04-13 20:30:25,624 - INFO - Ingress_Input_Decoded KQWL5JHQ
2025-04-13 20:30:25,625 - INFO - Ingress_Numpy_Converted KQWL5JHQ
2025-04-13 20:30:25,704 - INFO - Ingress_Exit MHX4ZTZA
2025-04-13 20:30:26,099 - INFO - Ingress_Enter 389W8AX5
2025-04-13 20:30:26,127 - INFO - Ingress_Input_Decoded 389W8AX5
2025-04-13 20:30:26,129 - INFO - Ingress_Numpy_Converted 389W8AX5
2025-04-13 20:30:26,266 - INFO - Ingress_Exit KQWL5JHQ
2025-04-13 20:30:26,373 - INFO - Ingress_Enter S9IVEIMA
2025-04-13 20:30:26,392 - INFO - Ingress_Input_Decoded S9IVEIMA
2025-04-13 20:30:26,394 - INFO - Ingress_Numpy_Converted S9IVEIMA
2025-04-13 20:30:26,683 - INFO - Ingress_Enter HVYO4MIJ
2025-04-13 20:30:26,695 - INFO - Ingress_Input_Decoded HVYO4MIJ
2025-04-13 20:30:26,697 - INFO - Ingress_Numpy_Converted HVYO4MIJ
2025-04-13 20:30:27,043 - INFO - Ingress_Enter 9VRVJP0Y
2025-04-13 20:30:27,064 - INFO - Ingress_Input_Decoded 9VRVJP0Y
2025-04-13 20:30:27,066 - INFO - Ingress_Numpy_Converted 9VRVJP0Y
2025-04-13 20:30:27,175 - INFO - Ingress_Enter 06H19XLV
2025-04-13 20:30:27,190 - INFO - Ingress_Input_Decoded 06H19XLV
2025-04-13 20:30:27,192 - INFO - Ingress_Numpy_Converted 06H19XLV
2025-04-13 20:30:27,383 - INFO - Ingress_Exit 389W8AX5
2025-04-13 20:30:27,423 - INFO - Ingress_Exit S9IVEIMA
2025-04-13 20:30:27,734 - INFO - Ingress_Exit 9VRVJP0Y
2025-04-13 20:30:27,928 - INFO - Ingress_Exit HVYO4MIJ
2025-04-13 20:30:28,189 - INFO - Ingress_Exit 06H19XLV
2025-04-13 20:30:31,476 - INFO - Ingress_Enter H3CGNERS
2025-04-13 20:30:31,492 - INFO - Ingress_Input_Decoded H3CGNERS
2025-04-13 20:30:31,493 - INFO - Ingress_Numpy_Converted H3CGNERS
2025-04-13 20:30:31,993 - INFO - Ingress_Enter B0S2LT5N
2025-04-13 20:30:32,010 - INFO - Ingress_Input_Decoded B0S2LT5N
2025-04-13 20:30:32,012 - INFO - Ingress_Numpy_Converted B0S2LT5N
2025-04-13 20:30:32,015 - INFO - Ingress_Enter BQ4RVOOA
2025-04-13 20:30:32,035 - INFO - Ingress_Input_Decoded BQ4RVOOA
2025-04-13 20:30:32,037 - INFO - Ingress_Numpy_Converted BQ4RVOOA
2025-04-13 20:30:32,087 - INFO - Ingress_Exit H3CGNERS
2025-04-13 20:30:32,530 - INFO - Ingress_Enter MFG75T7S
2025-04-13 20:30:32,557 - INFO - Ingress_Input_Decoded MFG75T7S
2025-04-13 20:30:32,561 - INFO - Ingress_Numpy_Converted MFG75T7S
2025-04-13 20:30:32,835 - INFO - Ingress_Exit BQ4RVOOA
2025-04-13 20:30:32,844 - INFO - Ingress_Exit B0S2LT5N
2025-04-13 20:30:32,866 - INFO - Ingress_Enter JBXTUTND
2025-04-13 20:30:32,887 - INFO - Ingress_Input_Decoded JBXTUTND
2025-04-13 20:30:32,889 - INFO - Ingress_Numpy_Converted JBXTUTND
2025-04-13 20:30:33,208 - INFO - Ingress_Exit MFG75T7S
2025-04-13 20:30:33,541 - INFO - Ingress_Exit JBXTUTND
2025-04-13 20:30:34,207 - INFO - Ingress_Enter UG4AMC55
2025-04-13 20:30:34,226 - INFO - Ingress_Input_Decoded UG4AMC55
2025-04-13 20:30:34,227 - INFO - Ingress_Numpy_Converted UG4AMC55
2025-04-13 20:30:34,256 - INFO - Ingress_Enter 5FAB7483
2025-04-13 20:30:34,278 - INFO - Ingress_Input_Decoded 5FAB7483
2025-04-13 20:30:34,280 - INFO - Ingress_Numpy_Converted 5FAB7483
2025-04-13 20:30:34,437 - INFO - Ingress_Enter HCB6F0SD
2025-04-13 20:30:34,449 - INFO - Ingress_Input_Decoded HCB6F0SD
2025-04-13 20:30:34,450 - INFO - Ingress_Numpy_Converted HCB6F0SD
2025-04-13 20:30:34,689 - INFO - Ingress_Enter E59SAYRT
2025-04-13 20:30:34,725 - INFO - Ingress_Input_Decoded E59SAYRT
2025-04-13 20:30:34,729 - INFO - Ingress_Numpy_Converted E59SAYRT
2025-04-13 20:30:35,247 - INFO - Ingress_Enter W6JL9394
2025-04-13 20:30:35,276 - INFO - Ingress_Input_Decoded W6JL9394
2025-04-13 20:30:35,279 - INFO - Ingress_Numpy_Converted W6JL9394
2025-04-13 20:30:35,859 - INFO - Ingress_Exit UG4AMC55
2025-04-13 20:30:36,012 - INFO - Ingress_Exit 5FAB7483
2025-04-13 20:30:36,297 - INFO - Ingress_Exit HCB6F0SD
2025-04-13 20:30:36,458 - INFO - Ingress_Exit E59SAYRT
2025-04-13 20:30:36,759 - INFO - Ingress_Exit W6JL9394
2025-04-13 20:30:36,773 - INFO - Ingress_Enter 9O59MAJX
2025-04-13 20:30:36,791 - INFO - Ingress_Input_Decoded 9O59MAJX
2025-04-13 20:30:36,792 - INFO - Ingress_Numpy_Converted 9O59MAJX
2025-04-13 20:30:36,862 - INFO - Ingress_Enter OSEQW5DW
2025-04-13 20:30:36,876 - INFO - Ingress_Input_Decoded OSEQW5DW
2025-04-13 20:30:36,877 - INFO - Ingress_Numpy_Converted OSEQW5DW
2025-04-13 20:30:37,103 - INFO - Ingress_Enter 7QHQHVVS
2025-04-13 20:30:37,127 - INFO - Ingress_Input_Decoded 7QHQHVVS
2025-04-13 20:30:37,129 - INFO - Ingress_Numpy_Converted 7QHQHVVS
2025-04-13 20:30:37,156 - INFO - Ingress_Enter KI7L5KY1
2025-04-13 20:30:37,175 - INFO - Ingress_Input_Decoded KI7L5KY1
2025-04-13 20:30:37,176 - INFO - Ingress_Numpy_Converted KI7L5KY1
2025-04-13 20:30:37,864 - INFO - Ingress_Enter WLJDYWRH
2025-04-13 20:30:37,926 - INFO - Ingress_Input_Decoded WLJDYWRH
2025-04-13 20:30:37,932 - INFO - Ingress_Numpy_Converted WLJDYWRH
2025-04-13 20:30:37,935 - INFO - Ingress_Exit 9O59MAJX
2025-04-13 20:30:37,937 - INFO - Ingress_Exit OSEQW5DW
2025-04-13 20:30:38,185 - INFO - Ingress_Exit 7QHQHVVS
2025-04-13 20:30:38,204 - INFO - Ingress_Enter MFT5MV3M
2025-04-13 20:30:38,233 - INFO - Ingress_Input_Decoded MFT5MV3M
2025-04-13 20:30:38,236 - INFO - Ingress_Numpy_Converted MFT5MV3M
2025-04-13 20:30:38,398 - INFO - Ingress_Enter 8PJS8QA2
2025-04-13 20:30:38,479 - INFO - Ingress_Input_Decoded 8PJS8QA2
2025-04-13 20:30:38,482 - INFO - Ingress_Numpy_Converted 8PJS8QA2
2025-04-13 20:30:38,771 - INFO - Ingress_Enter 0R6IF4HP
2025-04-13 20:30:38,790 - INFO - Ingress_Input_Decoded 0R6IF4HP
2025-04-13 20:30:38,792 - INFO - Ingress_Numpy_Converted 0R6IF4HP
2025-04-13 20:30:39,018 - INFO - Ingress_Enter A9YJVEFH
2025-04-13 20:30:39,044 - INFO - Ingress_Input_Decoded A9YJVEFH
2025-04-13 20:30:39,046 - INFO - Ingress_Numpy_Converted A9YJVEFH
2025-04-13 20:30:39,050 - INFO - Ingress_Exit WLJDYWRH
2025-04-13 20:30:39,065 - INFO - Ingress_Exit KI7L5KY1
2025-04-13 20:30:39,205 - INFO - Ingress_Exit MFT5MV3M
2025-04-13 20:30:39,808 - INFO - Ingress_Enter U42FH2CS
2025-04-13 20:30:39,841 - INFO - Ingress_Input_Decoded U42FH2CS
2025-04-13 20:30:39,844 - INFO - Ingress_Numpy_Converted U42FH2CS
2025-04-13 20:30:40,137 - INFO - Ingress_Exit 0R6IF4HP
2025-04-13 20:30:40,333 - INFO - Ingress_Exit 8PJS8QA2
2025-04-13 20:30:40,404 - INFO - Ingress_Enter C488LWFX
2025-04-13 20:30:40,420 - INFO - Ingress_Input_Decoded C488LWFX
2025-04-13 20:30:40,421 - INFO - Ingress_Numpy_Converted C488LWFX
2025-04-13 20:30:40,640 - INFO - Ingress_Enter K7VCU0K6
2025-04-13 20:30:40,660 - INFO - Ingress_Input_Decoded K7VCU0K6
2025-04-13 20:30:40,667 - INFO - Ingress_Numpy_Converted K7VCU0K6
2025-04-13 20:30:40,670 - INFO - Ingress_Enter 2BE867LI
2025-04-13 20:30:40,694 - INFO - Ingress_Input_Decoded 2BE867LI
2025-04-13 20:30:40,696 - INFO - Ingress_Numpy_Converted 2BE867LI
2025-04-13 20:30:40,930 - INFO - Ingress_Exit A9YJVEFH
2025-04-13 20:30:41,075 - INFO - Ingress_Enter 9Y93AY1M
2025-04-13 20:30:41,094 - INFO - Ingress_Input_Decoded 9Y93AY1M
2025-04-13 20:30:41,095 - INFO - Ingress_Numpy_Converted 9Y93AY1M
2025-04-13 20:30:41,169 - INFO - Ingress_Exit K7VCU0K6
2025-04-13 20:30:41,241 - INFO - Ingress_Enter TUMQGC96
2025-04-13 20:30:41,270 - INFO - Ingress_Input_Decoded TUMQGC96
2025-04-13 20:30:41,273 - INFO - Ingress_Numpy_Converted TUMQGC96
2025-04-13 20:30:41,285 - INFO - Ingress_Exit U42FH2CS
2025-04-13 20:30:41,399 - INFO - Ingress_Enter 528H571I
2025-04-13 20:30:41,418 - INFO - Ingress_Input_Decoded 528H571I
2025-04-13 20:30:41,420 - INFO - Ingress_Numpy_Converted 528H571I
2025-04-13 20:30:41,422 - INFO - Ingress_Exit C488LWFX
2025-04-13 20:30:41,728 - INFO - Ingress_Exit 2BE867LI
2025-04-13 20:30:42,036 - INFO - Ingress_Enter 1ARXOG75
2025-04-13 20:30:42,059 - INFO - Ingress_Input_Decoded 1ARXOG75
2025-04-13 20:30:42,061 - INFO - Ingress_Numpy_Converted 1ARXOG75
2025-04-13 20:30:42,184 - INFO - Ingress_Enter JL7NSWIP
2025-04-13 20:30:42,205 - INFO - Ingress_Input_Decoded JL7NSWIP
2025-04-13 20:30:42,206 - INFO - Ingress_Numpy_Converted JL7NSWIP
2025-04-13 20:30:42,433 - INFO - Ingress_Exit 9Y93AY1M
2025-04-13 20:30:43,073 - INFO - Ingress_Exit TUMQGC96
2025-04-13 20:30:43,495 - INFO - Ingress_Exit 528H571I
2025-04-13 20:30:43,632 - INFO - Ingress_Exit 1ARXOG75
2025-04-13 20:30:43,655 - INFO - Ingress_Enter K497HJRA
2025-04-13 20:30:43,669 - INFO - Ingress_Input_Decoded K497HJRA
2025-04-13 20:30:43,671 - INFO - Ingress_Numpy_Converted K497HJRA
2025-04-13 20:30:43,802 - INFO - Ingress_Enter TT2S3UW2
2025-04-13 20:30:43,818 - INFO - Ingress_Input_Decoded TT2S3UW2
2025-04-13 20:30:43,819 - INFO - Ingress_Numpy_Converted TT2S3UW2
2025-04-13 20:30:43,837 - INFO - Ingress_Exit JL7NSWIP
2025-04-13 20:30:44,321 - INFO - Ingress_Exit K497HJRA
2025-04-13 20:30:44,781 - INFO - Ingress_Exit TT2S3UW2
2025-04-13 20:30:45,179 - INFO - Ingress_Enter H9QPRUHK
2025-04-13 20:30:45,202 - INFO - Ingress_Input_Decoded H9QPRUHK
2025-04-13 20:30:45,205 - INFO - Ingress_Numpy_Converted H9QPRUHK
2025-04-13 20:30:45,507 - INFO - Ingress_Enter EMC8EGJI
2025-04-13 20:30:45,526 - INFO - Ingress_Input_Decoded EMC8EGJI
2025-04-13 20:30:45,527 - INFO - Ingress_Numpy_Converted EMC8EGJI
2025-04-13 20:30:45,716 - INFO - Ingress_Enter RF67FJH5
2025-04-13 20:30:45,733 - INFO - Ingress_Input_Decoded RF67FJH5
2025-04-13 20:30:45,735 - INFO - Ingress_Numpy_Converted RF67FJH5
2025-04-13 20:30:46,356 - INFO - Ingress_Exit H9QPRUHK
2025-04-13 20:30:46,440 - INFO - Ingress_Exit EMC8EGJI
2025-04-13 20:30:46,604 - INFO - Ingress_Enter WCTDC2H1
2025-04-13 20:30:46,628 - INFO - Ingress_Input_Decoded WCTDC2H1
2025-04-13 20:30:46,630 - INFO - Ingress_Numpy_Converted WCTDC2H1
2025-04-13 20:30:46,665 - INFO - Ingress_Enter NDHDVH31
2025-04-13 20:30:46,698 - INFO - Ingress_Input_Decoded NDHDVH31
2025-04-13 20:30:46,701 - INFO - Ingress_Numpy_Converted NDHDVH31
2025-04-13 20:30:46,720 - INFO - Ingress_Exit RF67FJH5
2025-04-13 20:30:46,994 - INFO - Ingress_Enter LJ954L03
2025-04-13 20:30:47,015 - INFO - Ingress_Input_Decoded LJ954L03
2025-04-13 20:30:47,018 - INFO - Ingress_Numpy_Converted LJ954L03
2025-04-13 20:30:47,021 - INFO - Ingress_Enter GLMQCLID
2025-04-13 20:30:47,038 - INFO - Ingress_Input_Decoded GLMQCLID
2025-04-13 20:30:47,040 - INFO - Ingress_Numpy_Converted GLMQCLID
2025-04-13 20:30:47,324 - INFO - Ingress_Exit WCTDC2H1
2025-04-13 20:30:47,404 - INFO - Ingress_Enter NZOOI3QV
2025-04-13 20:30:47,424 - INFO - Ingress_Input_Decoded NZOOI3QV
2025-04-13 20:30:47,425 - INFO - Ingress_Numpy_Converted NZOOI3QV
2025-04-13 20:30:47,696 - INFO - Ingress_Exit LJ954L03
2025-04-13 20:30:47,746 - INFO - Ingress_Exit NDHDVH31
2025-04-13 20:30:47,778 - INFO - Ingress_Enter RZBGLHRW
2025-04-13 20:30:47,795 - INFO - Ingress_Input_Decoded RZBGLHRW
2025-04-13 20:30:47,797 - INFO - Ingress_Numpy_Converted RZBGLHRW
2025-04-13 20:30:47,876 - INFO - Ingress_Enter K801E1YN
2025-04-13 20:30:47,893 - INFO - Ingress_Input_Decoded K801E1YN
2025-04-13 20:30:47,895 - INFO - Ingress_Numpy_Converted K801E1YN
2025-04-13 20:30:47,901 - INFO - Ingress_Enter CGIYYYZS
2025-04-13 20:30:47,923 - INFO - Ingress_Input_Decoded CGIYYYZS
2025-04-13 20:30:47,925 - INFO - Ingress_Numpy_Converted CGIYYYZS
2025-04-13 20:30:47,984 - INFO - Ingress_Enter DOKO8F95
2025-04-13 20:30:48,001 - INFO - Ingress_Input_Decoded DOKO8F95
2025-04-13 20:30:48,003 - INFO - Ingress_Numpy_Converted DOKO8F95
2025-04-13 20:30:48,021 - INFO - Ingress_Exit NZOOI3QV
2025-04-13 20:30:48,039 - INFO - Ingress_Exit GLMQCLID
2025-04-13 20:30:48,114 - INFO - Ingress_Enter ETQJXAZQ
2025-04-13 20:30:48,132 - INFO - Ingress_Input_Decoded ETQJXAZQ
2025-04-13 20:30:48,133 - INFO - Ingress_Numpy_Converted ETQJXAZQ
2025-04-13 20:30:48,174 - INFO - Ingress_Enter 9BTYEAU4
2025-04-13 20:30:48,195 - INFO - Ingress_Input_Decoded 9BTYEAU4
2025-04-13 20:30:48,198 - INFO - Ingress_Numpy_Converted 9BTYEAU4
2025-04-13 20:30:48,256 - INFO - Ingress_Enter OS3QVQYO
2025-04-13 20:30:48,273 - INFO - Ingress_Input_Decoded OS3QVQYO
2025-04-13 20:30:48,275 - INFO - Ingress_Numpy_Converted OS3QVQYO
2025-04-13 20:30:48,576 - INFO - Ingress_Exit K801E1YN
2025-04-13 20:30:48,678 - INFO - Ingress_Exit RZBGLHRW
2025-04-13 20:30:48,682 - INFO - Ingress_Exit ETQJXAZQ
2025-04-13 20:30:48,775 - INFO - Ingress_Exit DOKO8F95
2025-04-13 20:30:48,801 - INFO - Ingress_Enter 83P0ESRQ
2025-04-13 20:30:48,816 - INFO - Ingress_Input_Decoded 83P0ESRQ
2025-04-13 20:30:48,817 - INFO - Ingress_Numpy_Converted 83P0ESRQ
2025-04-13 20:30:48,929 - INFO - Ingress_Exit 9BTYEAU4
2025-04-13 20:30:48,997 - INFO - Ingress_Exit OS3QVQYO
2025-04-13 20:30:49,056 - INFO - Ingress_Exit CGIYYYZS
2025-04-13 20:30:49,162 - INFO - Ingress_Enter FVMEI0UV
2025-04-13 20:30:49,187 - INFO - Ingress_Input_Decoded FVMEI0UV
2025-04-13 20:30:49,190 - INFO - Ingress_Numpy_Converted FVMEI0UV
2025-04-13 20:30:49,706 - INFO - Ingress_Exit 83P0ESRQ
2025-04-13 20:30:49,733 - INFO - Ingress_Enter 4SPGNWGN
2025-04-13 20:30:49,744 - INFO - Ingress_Input_Decoded 4SPGNWGN
2025-04-13 20:30:49,745 - INFO - Ingress_Numpy_Converted 4SPGNWGN
2025-04-13 20:30:49,874 - INFO - Ingress_Exit FVMEI0UV
2025-04-13 20:30:50,295 - INFO - Ingress_Enter PQYVU0K3
2025-04-13 20:30:50,310 - INFO - Ingress_Input_Decoded PQYVU0K3
2025-04-13 20:30:50,311 - INFO - Ingress_Numpy_Converted PQYVU0K3
2025-04-13 20:30:50,319 - INFO - Ingress_Enter EUW7GM0K
2025-04-13 20:30:50,338 - INFO - Ingress_Input_Decoded EUW7GM0K
2025-04-13 20:30:50,340 - INFO - Ingress_Numpy_Converted EUW7GM0K
2025-04-13 20:30:50,405 - INFO - Ingress_Enter YA9FKAJ3
2025-04-13 20:30:50,427 - INFO - Ingress_Input_Decoded YA9FKAJ3
2025-04-13 20:30:50,429 - INFO - Ingress_Numpy_Converted YA9FKAJ3
2025-04-13 20:30:50,697 - INFO - Ingress_Exit 4SPGNWGN
2025-04-13 20:30:50,897 - INFO - Ingress_Enter WK16UWBM
2025-04-13 20:30:50,915 - INFO - Ingress_Input_Decoded WK16UWBM
2025-04-13 20:30:50,917 - INFO - Ingress_Numpy_Converted WK16UWBM
2025-04-13 20:30:51,051 - INFO - Ingress_Exit EUW7GM0K
2025-04-13 20:30:51,239 - INFO - Ingress_Enter PRVALTWA
2025-04-13 20:30:51,259 - INFO - Ingress_Input_Decoded PRVALTWA
2025-04-13 20:30:51,261 - INFO - Ingress_Numpy_Converted PRVALTWA
2025-04-13 20:30:51,322 - INFO - Ingress_Exit YA9FKAJ3
2025-04-13 20:30:51,361 - INFO - Ingress_Exit PQYVU0K3
2025-04-13 20:30:51,751 - INFO - Ingress_Exit WK16UWBM
2025-04-13 20:30:52,395 - INFO - Ingress_Exit PRVALTWA
2025-04-13 20:30:52,977 - INFO - Ingress_Enter Q5EXVH4E
2025-04-13 20:30:52,997 - INFO - Ingress_Input_Decoded Q5EXVH4E
2025-04-13 20:30:52,998 - INFO - Ingress_Numpy_Converted Q5EXVH4E
2025-04-13 20:30:53,256 - INFO - Ingress_Enter EJCV3T01
2025-04-13 20:30:53,272 - INFO - Ingress_Input_Decoded EJCV3T01
2025-04-13 20:30:53,274 - INFO - Ingress_Numpy_Converted EJCV3T01
2025-04-13 20:30:53,448 - INFO - Ingress_Enter F8UZXE8N
2025-04-13 20:30:53,465 - INFO - Ingress_Input_Decoded F8UZXE8N
2025-04-13 20:30:53,467 - INFO - Ingress_Numpy_Converted F8UZXE8N
2025-04-13 20:30:53,882 - INFO - Ingress_Exit Q5EXVH4E
2025-04-13 20:30:54,211 - INFO - Ingress_Enter W8S8TS7Q
2025-04-13 20:30:54,228 - INFO - Ingress_Input_Decoded W8S8TS7Q
2025-04-13 20:30:54,229 - INFO - Ingress_Numpy_Converted W8S8TS7Q
2025-04-13 20:30:54,232 - INFO - Ingress_Exit F8UZXE8N
2025-04-13 20:30:54,244 - INFO - Ingress_Exit EJCV3T01
2025-04-13 20:30:54,362 - INFO - Ingress_Enter 9GOGPHLW
2025-04-13 20:30:54,376 - INFO - Ingress_Input_Decoded 9GOGPHLW
2025-04-13 20:30:54,377 - INFO - Ingress_Numpy_Converted 9GOGPHLW
2025-04-13 20:30:54,505 - INFO - Ingress_Enter I3V338JL
2025-04-13 20:30:54,520 - INFO - Ingress_Input_Decoded I3V338JL
2025-04-13 20:30:54,521 - INFO - Ingress_Numpy_Converted I3V338JL
2025-04-13 20:30:54,999 - INFO - Ingress_Exit W8S8TS7Q
2025-04-13 20:30:55,031 - INFO - Ingress_Enter U5QKA6JU
2025-04-13 20:30:55,042 - INFO - Ingress_Input_Decoded U5QKA6JU
2025-04-13 20:30:55,043 - INFO - Ingress_Numpy_Converted U5QKA6JU
2025-04-13 20:30:55,161 - INFO - Ingress_Exit 9GOGPHLW
2025-04-13 20:30:55,343 - INFO - Ingress_Exit I3V338JL
2025-04-13 20:30:55,369 - INFO - Ingress_Enter 65Y2GYR7
2025-04-13 20:30:55,382 - INFO - Ingress_Input_Decoded 65Y2GYR7
2025-04-13 20:30:55,383 - INFO - Ingress_Numpy_Converted 65Y2GYR7
2025-04-13 20:30:55,466 - INFO - Ingress_Enter H246H7EG
2025-04-13 20:30:55,481 - INFO - Ingress_Input_Decoded H246H7EG
2025-04-13 20:30:55,482 - INFO - Ingress_Numpy_Converted H246H7EG
2025-04-13 20:30:55,490 - INFO - Ingress_Exit U5QKA6JU
2025-04-13 20:30:55,832 - INFO - Ingress_Enter LRBI58HF
2025-04-13 20:30:55,846 - INFO - Ingress_Input_Decoded LRBI58HF
2025-04-13 20:30:55,848 - INFO - Ingress_Numpy_Converted LRBI58HF
2025-04-13 20:30:55,960 - INFO - Ingress_Exit 65Y2GYR7
2025-04-13 20:30:56,220 - INFO - Ingress_Enter LIVY9AIW
2025-04-13 20:30:56,238 - INFO - Ingress_Input_Decoded LIVY9AIW
2025-04-13 20:30:56,240 - INFO - Ingress_Numpy_Converted LIVY9AIW
2025-04-13 20:30:56,381 - INFO - Ingress_Exit H246H7EG
2025-04-13 20:30:56,402 - INFO - Ingress_Enter S7V1XAAB
2025-04-13 20:30:56,415 - INFO - Ingress_Input_Decoded S7V1XAAB
2025-04-13 20:30:56,416 - INFO - Ingress_Numpy_Converted S7V1XAAB
2025-04-13 20:30:56,446 - INFO - Ingress_Exit LRBI58HF
2025-04-13 20:30:56,501 - INFO - Ingress_Enter WQUOE57J
2025-04-13 20:30:56,515 - INFO - Ingress_Input_Decoded WQUOE57J
2025-04-13 20:30:56,517 - INFO - Ingress_Numpy_Converted WQUOE57J
2025-04-13 20:30:56,655 - INFO - Ingress_Enter ZN0ALBAG
2025-04-13 20:30:56,676 - INFO - Ingress_Input_Decoded ZN0ALBAG
2025-04-13 20:30:56,677 - INFO - Ingress_Numpy_Converted ZN0ALBAG
2025-04-13 20:30:56,999 - INFO - Ingress_Exit LIVY9AIW
2025-04-13 20:30:57,071 - INFO - Ingress_Exit S7V1XAAB
2025-04-13 20:30:57,220 - INFO - Ingress_Exit WQUOE57J
2025-04-13 20:30:57,241 - INFO - Ingress_Exit ZN0ALBAG
2025-04-13 20:30:58,486 - INFO - Ingress_Enter WBNR30FH
2025-04-13 20:30:58,503 - INFO - Ingress_Input_Decoded WBNR30FH
2025-04-13 20:30:58,504 - INFO - Ingress_Numpy_Converted WBNR30FH
2025-04-13 20:30:58,834 - INFO - Ingress_Enter J7MH8SEA
2025-04-13 20:30:58,847 - INFO - Ingress_Input_Decoded J7MH8SEA
2025-04-13 20:30:58,849 - INFO - Ingress_Numpy_Converted J7MH8SEA
2025-04-13 20:30:59,056 - INFO - Ingress_Enter CHYMFJBU
2025-04-13 20:30:59,079 - INFO - Ingress_Input_Decoded CHYMFJBU
2025-04-13 20:30:59,082 - INFO - Ingress_Numpy_Converted CHYMFJBU
2025-04-13 20:30:59,177 - INFO - Ingress_Enter JXKM5CVC
2025-04-13 20:30:59,194 - INFO - Ingress_Input_Decoded JXKM5CVC
2025-04-13 20:30:59,195 - INFO - Ingress_Numpy_Converted JXKM5CVC
2025-04-13 20:30:59,266 - INFO - Ingress_Exit WBNR30FH
2025-04-13 20:30:59,486 - INFO - Ingress_Exit J7MH8SEA
2025-04-13 20:30:59,933 - INFO - Ingress_Exit CHYMFJBU
2025-04-13 20:31:00,051 - INFO - Ingress_Exit JXKM5CVC
