2025-04-13 20:29:23,937 - INFO - Ingress_Enter GGY9MV5Q
2025-04-13 20:29:23,951 - INFO - Ingress_Input_Decoded GGY9MV5Q
2025-04-13 20:29:23,952 - INFO - Ingress_Numpy_Converted GGY9MV5Q
2025-04-13 20:29:24,526 - INFO - Ingress_Exit GGY9MV5Q
2025-04-13 20:29:25,646 - INFO - Ingress_Enter K0ARCHL3
2025-04-13 20:29:25,668 - INFO - Ingress_Input_Decoded K0ARCHL3
2025-04-13 20:29:25,670 - INFO - Ingress_Numpy_Converted K0ARCHL3
2025-04-13 20:29:26,030 - INFO - Ingress_Enter 8F8VL82A
2025-04-13 20:29:26,054 - INFO - Ingress_Input_Decoded 8F8VL82A
2025-04-13 20:29:26,056 - INFO - Ingress_Numpy_Converted 8F8VL82A
2025-04-13 20:29:26,065 - INFO - Ingress_Enter AZWH84OX
2025-04-13 20:29:26,080 - INFO - Ingress_Input_Decoded AZWH84OX
2025-04-13 20:29:26,082 - INFO - Ingress_Numpy_Converted AZWH84OX
2025-04-13 20:29:26,454 - INFO - Ingress_Exit K0ARCHL3
2025-04-13 20:29:26,487 - INFO - Ingress_Exit 8F8VL82A
2025-04-13 20:29:26,759 - INFO - Ingress_Exit AZWH84OX
2025-04-13 20:29:27,212 - INFO - Ingress_Enter MQF4MFNQ
2025-04-13 20:29:27,230 - INFO - Ingress_Input_Decoded MQF4MFNQ
2025-04-13 20:29:27,231 - INFO - Ingress_Numpy_Converted MQF4MFNQ
2025-04-13 20:29:27,284 - INFO - Ingress_Enter G9AG732Y
2025-04-13 20:29:27,316 - INFO - Ingress_Input_Decoded G9AG732Y
2025-04-13 20:29:27,320 - INFO - Ingress_Numpy_Converted G9AG732Y
2025-04-13 20:29:27,684 - INFO - Ingress_Exit MQF4MFNQ
2025-04-13 20:29:27,889 - INFO - Ingress_Enter 1CHVL4T9
2025-04-13 20:29:27,909 - INFO - Ingress_Input_Decoded 1CHVL4T9
2025-04-13 20:29:27,911 - INFO - Ingress_Numpy_Converted 1CHVL4T9
2025-04-13 20:29:28,040 - INFO - Ingress_Exit G9AG732Y
2025-04-13 20:29:28,242 - INFO - Ingress_Enter G46LL8R3
2025-04-13 20:29:28,298 - INFO - Ingress_Input_Decoded G46LL8R3
2025-04-13 20:29:28,301 - INFO - Ingress_Numpy_Converted G46LL8R3
2025-04-13 20:29:28,684 - INFO - Ingress_Exit 1CHVL4T9
2025-04-13 20:29:28,738 - INFO - Ingress_Enter GCXQYNRQ
2025-04-13 20:29:28,752 - INFO - Ingress_Input_Decoded GCXQYNRQ
2025-04-13 20:29:28,753 - INFO - Ingress_Numpy_Converted GCXQYNRQ
2025-04-13 20:29:28,756 - INFO - Ingress_Enter AJGZML2Q
2025-04-13 20:29:28,775 - INFO - Ingress_Input_Decoded AJGZML2Q
2025-04-13 20:29:28,776 - INFO - Ingress_Numpy_Converted AJGZML2Q
2025-04-13 20:29:28,788 - INFO - Ingress_Enter TKAD3DM1
2025-04-13 20:29:28,802 - INFO - Ingress_Input_Decoded TKAD3DM1
2025-04-13 20:29:28,803 - INFO - Ingress_Numpy_Converted TKAD3DM1
2025-04-13 20:29:29,081 - INFO - Ingress_Enter 83SBVQCF
2025-04-13 20:29:29,102 - INFO - Ingress_Input_Decoded 83SBVQCF
2025-04-13 20:29:29,104 - INFO - Ingress_Numpy_Converted 83SBVQCF
2025-04-13 20:29:29,104 - INFO - Ingress_Exit G46LL8R3
2025-04-13 20:29:29,230 - INFO - Ingress_Exit GCXQYNRQ
2025-04-13 20:29:29,339 - INFO - Ingress_Exit TKAD3DM1
2025-04-13 20:29:29,542 - INFO - Ingress_Exit AJGZML2Q
2025-04-13 20:29:29,829 - INFO - Ingress_Exit 83SBVQCF
2025-04-13 20:29:30,088 - INFO - Ingress_Enter L2JGQP4L
2025-04-13 20:29:30,110 - INFO - Ingress_Input_Decoded L2JGQP4L
2025-04-13 20:29:30,112 - INFO - Ingress_Numpy_Converted L2JGQP4L
2025-04-13 20:29:30,271 - INFO - Ingress_Enter E41RMP70
2025-04-13 20:29:30,287 - INFO - Ingress_Input_Decoded E41RMP70
2025-04-13 20:29:30,288 - INFO - Ingress_Numpy_Converted E41RMP70
2025-04-13 20:29:30,432 - INFO - Ingress_Enter 8P9I1KVK
2025-04-13 20:29:30,450 - INFO - Ingress_Input_Decoded 8P9I1KVK
2025-04-13 20:29:30,452 - INFO - Ingress_Numpy_Converted 8P9I1KVK
2025-04-13 20:29:30,808 - INFO - Ingress_Enter 1LKGLEXR
2025-04-13 20:29:30,825 - INFO - Ingress_Input_Decoded 1LKGLEXR
2025-04-13 20:29:30,826 - INFO - Ingress_Numpy_Converted 1LKGLEXR
2025-04-13 20:29:30,852 - INFO - Ingress_Exit E41RMP70
2025-04-13 20:29:30,897 - INFO - Ingress_Exit L2JGQP4L
2025-04-13 20:29:31,197 - INFO - Ingress_Exit 8P9I1KVK
2025-04-13 20:29:31,280 - INFO - Ingress_Enter KUAVVEC5
2025-04-13 20:29:31,293 - INFO - Ingress_Input_Decoded KUAVVEC5
2025-04-13 20:29:31,294 - INFO - Ingress_Numpy_Converted KUAVVEC5
2025-04-13 20:29:31,296 - INFO - Ingress_Enter AEV37VZR
2025-04-13 20:29:31,319 - INFO - Ingress_Input_Decoded AEV37VZR
2025-04-13 20:29:31,322 - INFO - Ingress_Numpy_Converted AEV37VZR
2025-04-13 20:29:31,603 - INFO - Ingress_Exit 1LKGLEXR
2025-04-13 20:29:31,620 - INFO - Ingress_Enter PI3W9ZU8
2025-04-13 20:29:31,637 - INFO - Ingress_Input_Decoded PI3W9ZU8
2025-04-13 20:29:31,639 - INFO - Ingress_Numpy_Converted PI3W9ZU8
2025-04-13 20:29:31,665 - INFO - Ingress_Enter IR390XIS
2025-04-13 20:29:31,756 - INFO - Ingress_Input_Decoded IR390XIS
2025-04-13 20:29:31,758 - INFO - Ingress_Numpy_Converted IR390XIS
2025-04-13 20:29:31,762 - INFO - Ingress_Enter QQNYZ7DA
2025-04-13 20:29:31,778 - INFO - Ingress_Input_Decoded QQNYZ7DA
2025-04-13 20:29:31,780 - INFO - Ingress_Numpy_Converted QQNYZ7DA
2025-04-13 20:29:31,996 - INFO - Ingress_Enter EVV3CDDW
2025-04-13 20:29:32,010 - INFO - Ingress_Input_Decoded EVV3CDDW
2025-04-13 20:29:32,012 - INFO - Ingress_Numpy_Converted EVV3CDDW
2025-04-13 20:29:32,081 - INFO - Ingress_Exit KUAVVEC5
2025-04-13 20:29:32,235 - INFO - Ingress_Exit IR390XIS
2025-04-13 20:29:32,418 - INFO - Ingress_Exit PI3W9ZU8
2025-04-13 20:29:32,517 - INFO - Ingress_Exit AEV37VZR
2025-04-13 20:29:32,641 - INFO - Ingress_Exit QQNYZ7DA
2025-04-13 20:29:32,811 - INFO - Ingress_Enter 8H33GQJR
2025-04-13 20:29:32,828 - INFO - Ingress_Input_Decoded 8H33GQJR
2025-04-13 20:29:32,829 - INFO - Ingress_Numpy_Converted 8H33GQJR
2025-04-13 20:29:32,924 - INFO - Ingress_Exit EVV3CDDW
2025-04-13 20:29:33,278 - INFO - Ingress_Enter XO7RAGDK
2025-04-13 20:29:33,290 - INFO - Ingress_Input_Decoded XO7RAGDK
2025-04-13 20:29:33,291 - INFO - Ingress_Numpy_Converted XO7RAGDK
2025-04-13 20:29:33,413 - INFO - Ingress_Exit 8H33GQJR
2025-04-13 20:29:33,580 - INFO - Ingress_Enter RFAKM2OK
2025-04-13 20:29:33,600 - INFO - Ingress_Input_Decoded RFAKM2OK
2025-04-13 20:29:33,602 - INFO - Ingress_Numpy_Converted RFAKM2OK
2025-04-13 20:29:34,197 - INFO - Ingress_Exit XO7RAGDK
2025-04-13 20:29:34,436 - INFO - Ingress_Enter M8HUNLFK
2025-04-13 20:29:34,455 - INFO - Ingress_Input_Decoded M8HUNLFK
2025-04-13 20:29:34,457 - INFO - Ingress_Numpy_Converted M8HUNLFK
2025-04-13 20:29:34,672 - INFO - Ingress_Enter 98PI8K9M
2025-04-13 20:29:34,702 - INFO - Ingress_Input_Decoded 98PI8K9M
2025-04-13 20:29:34,705 - INFO - Ingress_Numpy_Converted 98PI8K9M
2025-04-13 20:29:34,824 - INFO - Ingress_Enter RO4LLBI5
2025-04-13 20:29:34,847 - INFO - Ingress_Input_Decoded RO4LLBI5
2025-04-13 20:29:34,849 - INFO - Ingress_Numpy_Converted RO4LLBI5
2025-04-13 20:29:35,160 - INFO - Ingress_Enter S2E8EX5I
2025-04-13 20:29:35,162 - INFO - Ingress_Enter E1DU68J1
2025-04-13 20:29:35,180 - INFO - Ingress_Input_Decoded S2E8EX5I
2025-04-13 20:29:35,182 - INFO - Ingress_Numpy_Converted S2E8EX5I
2025-04-13 20:29:35,201 - INFO - Ingress_Input_Decoded E1DU68J1
2025-04-13 20:29:35,203 - INFO - Ingress_Numpy_Converted E1DU68J1
2025-04-13 20:29:35,217 - INFO - Ingress_Exit M8HUNLFK
2025-04-13 20:29:35,401 - INFO - Ingress_Exit RO4LLBI5
2025-04-13 20:29:35,517 - INFO - Ingress_Exit 98PI8K9M
2025-04-13 20:29:35,542 - INFO - Ingress_Exit RFAKM2OK
2025-04-13 20:29:36,400 - INFO - Ingress_Enter MSZZG2RI
2025-04-13 20:29:36,417 - INFO - Ingress_Input_Decoded MSZZG2RI
2025-04-13 20:29:36,419 - INFO - Ingress_Numpy_Converted MSZZG2RI
2025-04-13 20:29:36,566 - INFO - Ingress_Enter 92EUHE6U
2025-04-13 20:29:36,596 - INFO - Ingress_Input_Decoded 92EUHE6U
2025-04-13 20:29:36,599 - INFO - Ingress_Numpy_Converted 92EUHE6U
2025-04-13 20:29:36,969 - INFO - Ingress_Enter 7HT13FDN
2025-04-13 20:29:36,987 - INFO - Ingress_Input_Decoded 7HT13FDN
2025-04-13 20:29:36,988 - INFO - Ingress_Numpy_Converted 7HT13FDN
2025-04-13 20:29:37,232 - INFO - Ingress_Exit E1DU68J1
2025-04-13 20:29:37,241 - INFO - Ingress_Exit S2E8EX5I
2025-04-13 20:29:37,431 - INFO - Ingress_Exit MSZZG2RI
2025-04-13 20:29:37,439 - INFO - Ingress_Exit 92EUHE6U
2025-04-13 20:29:38,221 - INFO - Ingress_Exit 7HT13FDN
2025-04-13 20:29:39,737 - INFO - Ingress_Enter URBKFF6J
2025-04-13 20:29:39,755 - INFO - Ingress_Input_Decoded URBKFF6J
2025-04-13 20:29:39,756 - INFO - Ingress_Numpy_Converted URBKFF6J
2025-04-13 20:29:40,089 - INFO - Ingress_Enter VXD00KS8
2025-04-13 20:29:40,118 - INFO - Ingress_Input_Decoded VXD00KS8
2025-04-13 20:29:40,121 - INFO - Ingress_Numpy_Converted VXD00KS8
2025-04-13 20:29:40,492 - INFO - Ingress_Exit URBKFF6J
2025-04-13 20:29:41,051 - INFO - Ingress_Enter P5A01IBK
2025-04-13 20:29:41,074 - INFO - Ingress_Input_Decoded P5A01IBK
2025-04-13 20:29:41,077 - INFO - Ingress_Numpy_Converted P5A01IBK
2025-04-13 20:29:41,175 - INFO - Ingress_Exit VXD00KS8
2025-04-13 20:29:41,524 - INFO - Ingress_Enter IV8XNVKE
2025-04-13 20:29:41,543 - INFO - Ingress_Input_Decoded IV8XNVKE
2025-04-13 20:29:41,545 - INFO - Ingress_Numpy_Converted IV8XNVKE
2025-04-13 20:29:41,758 - INFO - Ingress_Enter M5PU8FKP
2025-04-13 20:29:41,777 - INFO - Ingress_Input_Decoded M5PU8FKP
2025-04-13 20:29:41,779 - INFO - Ingress_Numpy_Converted M5PU8FKP
2025-04-13 20:29:42,200 - INFO - Ingress_Enter B60ZWI6P
2025-04-13 20:29:42,226 - INFO - Ingress_Input_Decoded B60ZWI6P
2025-04-13 20:29:42,229 - INFO - Ingress_Numpy_Converted B60ZWI6P
2025-04-13 20:29:42,534 - INFO - Ingress_Enter NVY7BGD3
2025-04-13 20:29:42,558 - INFO - Ingress_Input_Decoded NVY7BGD3
2025-04-13 20:29:42,561 - INFO - Ingress_Numpy_Converted NVY7BGD3
2025-04-13 20:29:42,912 - INFO - Ingress_Exit P5A01IBK
2025-04-13 20:29:42,998 - INFO - Ingress_Exit IV8XNVKE
2025-04-13 20:29:43,188 - INFO - Ingress_Exit M5PU8FKP
2025-04-13 20:29:43,700 - INFO - Ingress_Exit NVY7BGD3
2025-04-13 20:29:43,882 - INFO - Ingress_Exit B60ZWI6P
2025-04-13 20:29:50,351 - INFO - Ingress_Enter 2UPGQSLN
2025-04-13 20:29:50,367 - INFO - Ingress_Input_Decoded 2UPGQSLN
2025-04-13 20:29:50,369 - INFO - Ingress_Numpy_Converted 2UPGQSLN
2025-04-13 20:29:50,402 - INFO - Ingress_Enter S2DH3DYD
2025-04-13 20:29:50,418 - INFO - Ingress_Input_Decoded S2DH3DYD
2025-04-13 20:29:50,419 - INFO - Ingress_Numpy_Converted S2DH3DYD
2025-04-13 20:29:50,741 - INFO - Ingress_Enter FHKAFLHW
2025-04-13 20:29:50,763 - INFO - Ingress_Input_Decoded FHKAFLHW
2025-04-13 20:29:50,765 - INFO - Ingress_Numpy_Converted FHKAFLHW
2025-04-13 20:29:51,314 - INFO - Ingress_Exit 2UPGQSLN
2025-04-13 20:29:51,741 - INFO - Ingress_Exit FHKAFLHW
2025-04-13 20:29:51,747 - INFO - Ingress_Exit S2DH3DYD
2025-04-13 20:29:52,551 - INFO - Ingress_Enter 7LPMZKXA
2025-04-13 20:29:52,565 - INFO - Ingress_Input_Decoded 7LPMZKXA
2025-04-13 20:29:52,567 - INFO - Ingress_Numpy_Converted 7LPMZKXA
2025-04-13 20:29:52,568 - INFO - Ingress_Enter M18U2OCR
2025-04-13 20:29:52,598 - INFO - Ingress_Input_Decoded M18U2OCR
2025-04-13 20:29:52,601 - INFO - Ingress_Numpy_Converted M18U2OCR
2025-04-13 20:29:52,692 - INFO - Ingress_Enter 36G8DTNE
2025-04-13 20:29:52,706 - INFO - Ingress_Input_Decoded 36G8DTNE
2025-04-13 20:29:52,707 - INFO - Ingress_Numpy_Converted 36G8DTNE
2025-04-13 20:29:53,514 - INFO - Ingress_Enter 549OLINO
2025-04-13 20:29:53,532 - INFO - Ingress_Input_Decoded 549OLINO
2025-04-13 20:29:53,533 - INFO - Ingress_Numpy_Converted 549OLINO
2025-04-13 20:29:53,599 - INFO - Ingress_Exit 7LPMZKXA
2025-04-13 20:29:53,661 - INFO - Ingress_Enter 23EL6CQR
2025-04-13 20:29:53,681 - INFO - Ingress_Input_Decoded 23EL6CQR
2025-04-13 20:29:53,683 - INFO - Ingress_Numpy_Converted 23EL6CQR
2025-04-13 20:29:53,749 - INFO - Ingress_Exit M18U2OCR
2025-04-13 20:29:53,994 - INFO - Ingress_Enter CYBKJYM5
2025-04-13 20:29:54,023 - INFO - Ingress_Input_Decoded CYBKJYM5
2025-04-13 20:29:54,025 - INFO - Ingress_Numpy_Converted CYBKJYM5
2025-04-13 20:29:54,227 - INFO - Ingress_Exit 36G8DTNE
2025-04-13 20:29:54,529 - INFO - Ingress_Enter 6LIU8ADZ
2025-04-13 20:29:54,543 - INFO - Ingress_Input_Decoded 6LIU8ADZ
2025-04-13 20:29:54,545 - INFO - Ingress_Numpy_Converted 6LIU8ADZ
2025-04-13 20:29:54,586 - INFO - Ingress_Enter KC6VLJIH
2025-04-13 20:29:54,605 - INFO - Ingress_Input_Decoded KC6VLJIH
2025-04-13 20:29:54,607 - INFO - Ingress_Numpy_Converted KC6VLJIH
2025-04-13 20:29:54,690 - INFO - Ingress_Exit 23EL6CQR
2025-04-13 20:29:54,931 - INFO - Ingress_Exit CYBKJYM5
2025-04-13 20:29:55,452 - INFO - Ingress_Exit 6LIU8ADZ
2025-04-13 20:29:55,756 - INFO - Ingress_Exit 549OLINO
2025-04-13 20:29:56,044 - INFO - Ingress_Exit KC6VLJIH
2025-04-13 20:29:57,178 - INFO - Ingress_Enter B181HQEV
2025-04-13 20:29:57,214 - INFO - Ingress_Input_Decoded B181HQEV
2025-04-13 20:29:57,217 - INFO - Ingress_Numpy_Converted B181HQEV
2025-04-13 20:29:57,944 - INFO - Ingress_Enter 17FGLFMU
2025-04-13 20:29:57,974 - INFO - Ingress_Input_Decoded 17FGLFMU
2025-04-13 20:29:57,977 - INFO - Ingress_Numpy_Converted 17FGLFMU
2025-04-13 20:29:58,035 - INFO - Ingress_Enter NN43M2YJ
2025-04-13 20:29:58,052 - INFO - Ingress_Input_Decoded NN43M2YJ
2025-04-13 20:29:58,054 - INFO - Ingress_Numpy_Converted NN43M2YJ
2025-04-13 20:29:58,127 - INFO - Ingress_Enter 37VZ75DM
2025-04-13 20:29:58,142 - INFO - Ingress_Input_Decoded 37VZ75DM
2025-04-13 20:29:58,143 - INFO - Ingress_Numpy_Converted 37VZ75DM
2025-04-13 20:29:58,228 - INFO - Ingress_Enter NNYAY39R
2025-04-13 20:29:58,247 - INFO - Ingress_Input_Decoded NNYAY39R
2025-04-13 20:29:58,250 - INFO - Ingress_Numpy_Converted NNYAY39R
2025-04-13 20:29:58,512 - INFO - Ingress_Enter 2KPIC8KQ
2025-04-13 20:29:58,533 - INFO - Ingress_Input_Decoded 2KPIC8KQ
2025-04-13 20:29:58,535 - INFO - Ingress_Numpy_Converted 2KPIC8KQ
2025-04-13 20:29:58,834 - INFO - Ingress_Exit B181HQEV
2025-04-13 20:29:59,087 - INFO - Ingress_Exit 17FGLFMU
2025-04-13 20:29:59,434 - INFO - Ingress_Exit NN43M2YJ
2025-04-13 20:29:59,928 - INFO - Ingress_Exit 37VZ75DM
2025-04-13 20:29:59,985 - INFO - Ingress_Exit 2KPIC8KQ
2025-04-13 20:30:00,030 - INFO - Ingress_Exit NNYAY39R
2025-04-13 20:30:07,497 - INFO - Ingress_Enter Y7YQZN11
2025-04-13 20:30:07,532 - INFO - Ingress_Input_Decoded Y7YQZN11
2025-04-13 20:30:07,535 - INFO - Ingress_Numpy_Converted Y7YQZN11
2025-04-13 20:30:07,883 - INFO - Ingress_Enter TEDMRYWF
2025-04-13 20:30:07,902 - INFO - Ingress_Input_Decoded TEDMRYWF
2025-04-13 20:30:07,904 - INFO - Ingress_Numpy_Converted TEDMRYWF
2025-04-13 20:30:08,217 - INFO - Ingress_Enter CHWSMJ5G
2025-04-13 20:30:08,235 - INFO - Ingress_Input_Decoded CHWSMJ5G
2025-04-13 20:30:08,236 - INFO - Ingress_Numpy_Converted CHWSMJ5G
2025-04-13 20:30:08,315 - INFO - Ingress_Exit Y7YQZN11
2025-04-13 20:30:08,452 - INFO - Ingress_Enter HYK3U87D
2025-04-13 20:30:08,468 - INFO - Ingress_Input_Decoded HYK3U87D
2025-04-13 20:30:08,470 - INFO - Ingress_Numpy_Converted HYK3U87D
2025-04-13 20:30:08,473 - INFO - Ingress_Enter WBQWV1KQ
2025-04-13 20:30:08,494 - INFO - Ingress_Input_Decoded WBQWV1KQ
2025-04-13 20:30:08,496 - INFO - Ingress_Numpy_Converted WBQWV1KQ
2025-04-13 20:30:08,839 - INFO - Ingress_Enter JI4E1GHV
2025-04-13 20:30:08,853 - INFO - Ingress_Input_Decoded JI4E1GHV
2025-04-13 20:30:08,859 - INFO - Ingress_Numpy_Converted JI4E1GHV
2025-04-13 20:30:08,904 - INFO - Ingress_Enter MZ83W7EK
2025-04-13 20:30:08,928 - INFO - Ingress_Input_Decoded MZ83W7EK
2025-04-13 20:30:08,930 - INFO - Ingress_Numpy_Converted MZ83W7EK
2025-04-13 20:30:09,012 - INFO - Ingress_Exit TEDMRYWF
2025-04-13 20:30:09,188 - INFO - Ingress_Enter UUGOKBYK
2025-04-13 20:30:09,213 - INFO - Ingress_Input_Decoded UUGOKBYK
2025-04-13 20:30:09,215 - INFO - Ingress_Numpy_Converted UUGOKBYK
2025-04-13 20:30:09,265 - INFO - Ingress_Exit CHWSMJ5G
2025-04-13 20:30:09,343 - INFO - Ingress_Exit HYK3U87D
2025-04-13 20:30:09,508 - INFO - Ingress_Exit WBQWV1KQ
2025-04-13 20:30:09,654 - INFO - Ingress_Enter 6GYUAGAR
2025-04-13 20:30:09,671 - INFO - Ingress_Input_Decoded 6GYUAGAR
2025-04-13 20:30:09,672 - INFO - Ingress_Numpy_Converted 6GYUAGAR
2025-04-13 20:30:09,685 - INFO - Ingress_Exit JI4E1GHV
2025-04-13 20:30:09,701 - INFO - Ingress_Enter 56FFU6RI
2025-04-13 20:30:09,717 - INFO - Ingress_Input_Decoded 56FFU6RI
2025-04-13 20:30:09,718 - INFO - Ingress_Numpy_Converted 56FFU6RI
2025-04-13 20:30:09,844 - INFO - Ingress_Enter 9A2JD6A4
2025-04-13 20:30:09,859 - INFO - Ingress_Input_Decoded 9A2JD6A4
2025-04-13 20:30:09,860 - INFO - Ingress_Numpy_Converted 9A2JD6A4
2025-04-13 20:30:10,664 - INFO - Ingress_Exit MZ83W7EK
2025-04-13 20:30:10,970 - INFO - Ingress_Enter KMYVR78R
2025-04-13 20:30:10,990 - INFO - Ingress_Input_Decoded KMYVR78R
2025-04-13 20:30:10,992 - INFO - Ingress_Numpy_Converted KMYVR78R
2025-04-13 20:30:11,043 - INFO - Ingress_Exit UUGOKBYK
2025-04-13 20:30:11,126 - INFO - Ingress_Enter B4OPZ2U8
2025-04-13 20:30:11,145 - INFO - Ingress_Input_Decoded B4OPZ2U8
2025-04-13 20:30:11,146 - INFO - Ingress_Numpy_Converted B4OPZ2U8
2025-04-13 20:30:11,371 - INFO - Ingress_Enter PJ9UD036
2025-04-13 20:30:11,393 - INFO - Ingress_Input_Decoded PJ9UD036
2025-04-13 20:30:11,395 - INFO - Ingress_Numpy_Converted PJ9UD036
2025-04-13 20:30:11,396 - INFO - Ingress_Exit 6GYUAGAR
2025-04-13 20:30:11,435 - INFO - Ingress_Exit 56FFU6RI
2025-04-13 20:30:11,726 - INFO - Ingress_Exit 9A2JD6A4
2025-04-13 20:30:11,793 - INFO - Ingress_Enter DVTQU04B
2025-04-13 20:30:11,812 - INFO - Ingress_Input_Decoded DVTQU04B
2025-04-13 20:30:11,814 - INFO - Ingress_Numpy_Converted DVTQU04B
2025-04-13 20:30:11,932 - INFO - Ingress_Enter ZZ0M37NO
2025-04-13 20:30:11,948 - INFO - Ingress_Input_Decoded ZZ0M37NO
2025-04-13 20:30:11,950 - INFO - Ingress_Numpy_Converted ZZ0M37NO
2025-04-13 20:30:11,951 - INFO - Ingress_Exit KMYVR78R
2025-04-13 20:30:12,137 - INFO - Ingress_Exit B4OPZ2U8
2025-04-13 20:30:12,269 - INFO - Ingress_Enter FUOM8NHL
2025-04-13 20:30:12,288 - INFO - Ingress_Input_Decoded FUOM8NHL
2025-04-13 20:30:12,289 - INFO - Ingress_Numpy_Converted FUOM8NHL
2025-04-13 20:30:12,324 - INFO - Ingress_Exit PJ9UD036
2025-04-13 20:30:12,325 - INFO - Ingress_Exit DVTQU04B
2025-04-13 20:30:12,506 - INFO - Ingress_Enter OGK3HPR6
2025-04-13 20:30:12,520 - INFO - Ingress_Input_Decoded OGK3HPR6
2025-04-13 20:30:12,521 - INFO - Ingress_Numpy_Converted OGK3HPR6
2025-04-13 20:30:12,755 - INFO - Ingress_Enter IABX43QX
2025-04-13 20:30:12,774 - INFO - Ingress_Input_Decoded IABX43QX
2025-04-13 20:30:12,776 - INFO - Ingress_Numpy_Converted IABX43QX
2025-04-13 20:30:12,817 - INFO - Ingress_Exit ZZ0M37NO
2025-04-13 20:30:12,840 - INFO - Ingress_Enter EF0ZAT76
2025-04-13 20:30:12,854 - INFO - Ingress_Input_Decoded EF0ZAT76
2025-04-13 20:30:12,855 - INFO - Ingress_Numpy_Converted EF0ZAT76
2025-04-13 20:30:13,265 - INFO - Ingress_Exit FUOM8NHL
2025-04-13 20:30:13,488 - INFO - Ingress_Exit OGK3HPR6
2025-04-13 20:30:13,689 - INFO - Ingress_Enter IT6VJRK6
2025-04-13 20:30:13,704 - INFO - Ingress_Input_Decoded IT6VJRK6
2025-04-13 20:30:13,705 - INFO - Ingress_Numpy_Converted IT6VJRK6
2025-04-13 20:30:13,744 - INFO - Ingress_Exit IABX43QX
2025-04-13 20:30:13,762 - INFO - Ingress_Exit EF0ZAT76
2025-04-13 20:30:14,221 - INFO - Ingress_Enter 6YNC23F1
2025-04-13 20:30:14,239 - INFO - Ingress_Input_Decoded 6YNC23F1
2025-04-13 20:30:14,241 - INFO - Ingress_Numpy_Converted 6YNC23F1
2025-04-13 20:30:14,411 - INFO - Ingress_Exit IT6VJRK6
2025-04-13 20:30:14,797 - INFO - Ingress_Enter UU9TJA7X
2025-04-13 20:30:14,818 - INFO - Ingress_Input_Decoded UU9TJA7X
2025-04-13 20:30:14,820 - INFO - Ingress_Numpy_Converted UU9TJA7X
2025-04-13 20:30:14,832 - INFO - Ingress_Enter J7NED6E5
2025-04-13 20:30:14,843 - INFO - Ingress_Input_Decoded J7NED6E5
2025-04-13 20:30:14,844 - INFO - Ingress_Numpy_Converted J7NED6E5
2025-04-13 20:30:14,888 - INFO - Ingress_Enter H2FVB3XG
2025-04-13 20:30:14,904 - INFO - Ingress_Input_Decoded H2FVB3XG
2025-04-13 20:30:14,906 - INFO - Ingress_Numpy_Converted H2FVB3XG
2025-04-13 20:30:14,925 - INFO - Ingress_Exit 6YNC23F1
2025-04-13 20:30:15,035 - INFO - Ingress_Enter PKSIC57U
2025-04-13 20:30:15,056 - INFO - Ingress_Input_Decoded PKSIC57U
2025-04-13 20:30:15,059 - INFO - Ingress_Numpy_Converted PKSIC57U
2025-04-13 20:30:15,455 - INFO - Ingress_Exit J7NED6E5
2025-04-13 20:30:15,600 - INFO - Ingress_Exit UU9TJA7X
2025-04-13 20:30:15,910 - INFO - Ingress_Exit H2FVB3XG
2025-04-13 20:30:15,935 - INFO - Ingress_Exit PKSIC57U
2025-04-13 20:30:16,344 - INFO - Ingress_Enter 2ONIAHFO
2025-04-13 20:30:16,363 - INFO - Ingress_Input_Decoded 2ONIAHFO
2025-04-13 20:30:16,364 - INFO - Ingress_Numpy_Converted 2ONIAHFO
2025-04-13 20:30:16,561 - INFO - Ingress_Enter VFXBIS79
2025-04-13 20:30:16,562 - INFO - Ingress_Enter URCLU3BB
2025-04-13 20:30:16,601 - INFO - Ingress_Input_Decoded VFXBIS79
2025-04-13 20:30:16,604 - INFO - Ingress_Numpy_Converted VFXBIS79
2025-04-13 20:30:16,627 - INFO - Ingress_Input_Decoded URCLU3BB
2025-04-13 20:30:16,631 - INFO - Ingress_Numpy_Converted URCLU3BB
2025-04-13 20:30:16,634 - INFO - Ingress_Enter HIMUIYOG
2025-04-13 20:30:16,636 - INFO - Ingress_Enter 9EM4U4D1
2025-04-13 20:30:16,662 - INFO - Ingress_Input_Decoded HIMUIYOG
2025-04-13 20:30:16,667 - INFO - Ingress_Numpy_Converted HIMUIYOG
2025-04-13 20:30:16,684 - INFO - Ingress_Input_Decoded 9EM4U4D1
2025-04-13 20:30:16,686 - INFO - Ingress_Numpy_Converted 9EM4U4D1
2025-04-13 20:30:17,018 - INFO - Ingress_Enter YLGPI59C
2025-04-13 20:30:17,029 - INFO - Ingress_Input_Decoded YLGPI59C
2025-04-13 20:30:17,030 - INFO - Ingress_Numpy_Converted YLGPI59C
2025-04-13 20:30:17,284 - INFO - Ingress_Exit 2ONIAHFO
2025-04-13 20:30:17,401 - INFO - Ingress_Exit URCLU3BB
2025-04-13 20:30:17,419 - INFO - Ingress_Enter DY8YHJJ9
2025-04-13 20:30:17,439 - INFO - Ingress_Input_Decoded DY8YHJJ9
2025-04-13 20:30:17,441 - INFO - Ingress_Numpy_Converted DY8YHJJ9
2025-04-13 20:30:17,442 - INFO - Ingress_Exit VFXBIS79
2025-04-13 20:30:17,502 - INFO - Ingress_Exit HIMUIYOG
2025-04-13 20:30:17,859 - INFO - Ingress_Exit 9EM4U4D1
2025-04-13 20:30:18,130 - INFO - Ingress_Enter 0ZS03FLA
2025-04-13 20:30:18,149 - INFO - Ingress_Input_Decoded 0ZS03FLA
2025-04-13 20:30:18,150 - INFO - Ingress_Numpy_Converted 0ZS03FLA
2025-04-13 20:30:18,547 - INFO - Ingress_Exit YLGPI59C
2025-04-13 20:30:18,926 - INFO - Ingress_Exit 0ZS03FLA
2025-04-13 20:30:18,947 - INFO - Ingress_Enter G1XT10RQ
2025-04-13 20:30:18,968 - INFO - Ingress_Input_Decoded G1XT10RQ
2025-04-13 20:30:18,970 - INFO - Ingress_Numpy_Converted G1XT10RQ
2025-04-13 20:30:19,173 - INFO - Ingress_Exit DY8YHJJ9
2025-04-13 20:30:19,332 - INFO - Ingress_Enter PGCB9JZL
2025-04-13 20:30:19,353 - INFO - Ingress_Input_Decoded PGCB9JZL
2025-04-13 20:30:19,355 - INFO - Ingress_Numpy_Converted PGCB9JZL
2025-04-13 20:30:19,760 - INFO - Ingress_Exit G1XT10RQ
2025-04-13 20:30:20,075 - INFO - Ingress_Enter 2C8P7JKL
2025-04-13 20:30:20,088 - INFO - Ingress_Input_Decoded 2C8P7JKL
2025-04-13 20:30:20,090 - INFO - Ingress_Numpy_Converted 2C8P7JKL
2025-04-13 20:30:20,112 - INFO - Ingress_Enter Q8KWUTTU
2025-04-13 20:30:20,127 - INFO - Ingress_Input_Decoded Q8KWUTTU
2025-04-13 20:30:20,129 - INFO - Ingress_Numpy_Converted Q8KWUTTU
2025-04-13 20:30:20,142 - INFO - Ingress_Exit PGCB9JZL
2025-04-13 20:30:20,380 - INFO - Ingress_Enter 0NQPZY9E
2025-04-13 20:30:20,402 - INFO - Ingress_Input_Decoded 0NQPZY9E
2025-04-13 20:30:20,405 - INFO - Ingress_Numpy_Converted 0NQPZY9E
2025-04-13 20:30:20,705 - INFO - Ingress_Exit 2C8P7JKL
2025-04-13 20:30:20,920 - INFO - Ingress_Exit Q8KWUTTU
2025-04-13 20:30:21,134 - INFO - Ingress_Exit 0NQPZY9E
2025-04-13 20:30:22,407 - INFO - Ingress_Enter K326JMC0
2025-04-13 20:30:22,424 - INFO - Ingress_Input_Decoded K326JMC0
2025-04-13 20:30:22,425 - INFO - Ingress_Numpy_Converted K326JMC0
2025-04-13 20:30:22,702 - INFO - Ingress_Enter 780GC6V7
2025-04-13 20:30:22,721 - INFO - Ingress_Input_Decoded 780GC6V7
2025-04-13 20:30:22,723 - INFO - Ingress_Numpy_Converted 780GC6V7
2025-04-13 20:30:23,174 - INFO - Ingress_Exit K326JMC0
2025-04-13 20:30:23,564 - INFO - Ingress_Enter AXYT21SP
2025-04-13 20:30:23,584 - INFO - Ingress_Input_Decoded AXYT21SP
2025-04-13 20:30:23,586 - INFO - Ingress_Numpy_Converted AXYT21SP
2025-04-13 20:30:23,678 - INFO - Ingress_Exit 780GC6V7
2025-04-13 20:30:23,797 - INFO - Ingress_Enter A1KWK2VW
2025-04-13 20:30:23,820 - INFO - Ingress_Input_Decoded A1KWK2VW
2025-04-13 20:30:23,822 - INFO - Ingress_Numpy_Converted A1KWK2VW
2025-04-13 20:30:24,058 - INFO - Ingress_Enter WOFOD62H
2025-04-13 20:30:24,075 - INFO - Ingress_Input_Decoded WOFOD62H
2025-04-13 20:30:24,076 - INFO - Ingress_Numpy_Converted WOFOD62H
2025-04-13 20:30:24,150 - INFO - Ingress_Exit AXYT21SP
2025-04-13 20:30:24,540 - INFO - Ingress_Enter QA9NV689
2025-04-13 20:30:24,565 - INFO - Ingress_Input_Decoded QA9NV689
2025-04-13 20:30:24,568 - INFO - Ingress_Numpy_Converted QA9NV689
2025-04-13 20:30:24,683 - INFO - Ingress_Exit A1KWK2VW
2025-04-13 20:30:24,832 - INFO - Ingress_Enter L5I4ZBTR
2025-04-13 20:30:24,847 - INFO - Ingress_Input_Decoded L5I4ZBTR
2025-04-13 20:30:24,849 - INFO - Ingress_Numpy_Converted L5I4ZBTR
2025-04-13 20:30:24,953 - INFO - Ingress_Exit WOFOD62H
2025-04-13 20:30:25,469 - INFO - Ingress_Enter B1K5RPLR
2025-04-13 20:30:25,493 - INFO - Ingress_Input_Decoded B1K5RPLR
2025-04-13 20:30:25,496 - INFO - Ingress_Numpy_Converted B1K5RPLR
2025-04-13 20:30:25,500 - INFO - Ingress_Enter PGO31R4X
2025-04-13 20:30:25,521 - INFO - Ingress_Input_Decoded PGO31R4X
2025-04-13 20:30:25,523 - INFO - Ingress_Numpy_Converted PGO31R4X
2025-04-13 20:30:25,524 - INFO - Ingress_Enter LBFUN5MT
2025-04-13 20:30:25,540 - INFO - Ingress_Input_Decoded LBFUN5MT
2025-04-13 20:30:25,541 - INFO - Ingress_Numpy_Converted LBFUN5MT
2025-04-13 20:30:25,713 - INFO - Ingress_Exit QA9NV689
2025-04-13 20:30:25,842 - INFO - Ingress_Enter E331OO7N
2025-04-13 20:30:25,865 - INFO - Ingress_Input_Decoded E331OO7N
2025-04-13 20:30:25,867 - INFO - Ingress_Numpy_Converted E331OO7N
2025-04-13 20:30:25,898 - INFO - Ingress_Exit L5I4ZBTR
2025-04-13 20:30:26,217 - INFO - Ingress_Exit B1K5RPLR
2025-04-13 20:30:26,352 - INFO - Ingress_Exit LBFUN5MT
2025-04-13 20:30:26,469 - INFO - Ingress_Exit PGO31R4X
2025-04-13 20:30:26,471 - INFO - Ingress_Exit E331OO7N
2025-04-13 20:30:27,239 - INFO - Ingress_Enter 763JSF65
2025-04-13 20:30:27,264 - INFO - Ingress_Input_Decoded 763JSF65
2025-04-13 20:30:27,266 - INFO - Ingress_Numpy_Converted 763JSF65
2025-04-13 20:30:27,722 - INFO - Ingress_Enter 7OL2N0A2
2025-04-13 20:30:27,747 - INFO - Ingress_Input_Decoded 7OL2N0A2
2025-04-13 20:30:27,749 - INFO - Ingress_Numpy_Converted 7OL2N0A2
2025-04-13 20:30:28,230 - INFO - Ingress_Exit 763JSF65
2025-04-13 20:30:28,389 - INFO - Ingress_Enter IZZFZV6Y
2025-04-13 20:30:28,413 - INFO - Ingress_Input_Decoded IZZFZV6Y
2025-04-13 20:30:28,416 - INFO - Ingress_Numpy_Converted IZZFZV6Y
2025-04-13 20:30:28,513 - INFO - Ingress_Exit 7OL2N0A2
2025-04-13 20:30:28,936 - INFO - Ingress_Enter OBNQU7T4
2025-04-13 20:30:28,950 - INFO - Ingress_Input_Decoded OBNQU7T4
2025-04-13 20:30:28,952 - INFO - Ingress_Numpy_Converted OBNQU7T4
2025-04-13 20:30:29,048 - INFO - Ingress_Enter WLVRWCFP
2025-04-13 20:30:29,066 - INFO - Ingress_Input_Decoded WLVRWCFP
2025-04-13 20:30:29,067 - INFO - Ingress_Numpy_Converted WLVRWCFP
2025-04-13 20:30:29,241 - INFO - Ingress_Enter LE9WWT86
2025-04-13 20:30:29,261 - INFO - Ingress_Input_Decoded LE9WWT86
2025-04-13 20:30:29,262 - INFO - Ingress_Numpy_Converted LE9WWT86
2025-04-13 20:30:29,264 - INFO - Ingress_Exit IZZFZV6Y
2025-04-13 20:30:29,651 - INFO - Ingress_Exit OBNQU7T4
2025-04-13 20:30:29,986 - INFO - Ingress_Exit LE9WWT86
2025-04-13 20:30:30,199 - INFO - Ingress_Exit WLVRWCFP
2025-04-13 20:30:30,526 - INFO - Ingress_Enter 2VXC6VE2
2025-04-13 20:30:30,545 - INFO - Ingress_Input_Decoded 2VXC6VE2
2025-04-13 20:30:30,547 - INFO - Ingress_Numpy_Converted 2VXC6VE2
2025-04-13 20:30:30,669 - INFO - Ingress_Enter W56AAV2I
2025-04-13 20:30:30,687 - INFO - Ingress_Input_Decoded W56AAV2I
2025-04-13 20:30:30,689 - INFO - Ingress_Numpy_Converted W56AAV2I
2025-04-13 20:30:31,093 - INFO - Ingress_Enter 14SG7U2Q
2025-04-13 20:30:31,110 - INFO - Ingress_Input_Decoded 14SG7U2Q
2025-04-13 20:30:31,112 - INFO - Ingress_Numpy_Converted 14SG7U2Q
2025-04-13 20:30:31,337 - INFO - Ingress_Enter NLXP9UPB
2025-04-13 20:30:31,362 - INFO - Ingress_Input_Decoded NLXP9UPB
2025-04-13 20:30:31,365 - INFO - Ingress_Numpy_Converted NLXP9UPB
2025-04-13 20:30:31,469 - INFO - Ingress_Enter 7AQ9NLSW
2025-04-13 20:30:31,486 - INFO - Ingress_Input_Decoded 7AQ9NLSW
2025-04-13 20:30:31,488 - INFO - Ingress_Numpy_Converted 7AQ9NLSW
2025-04-13 20:30:31,697 - INFO - Ingress_Exit 2VXC6VE2
2025-04-13 20:30:31,776 - INFO - Ingress_Exit W56AAV2I
2025-04-13 20:30:32,099 - INFO - Ingress_Exit 14SG7U2Q
2025-04-13 20:30:32,427 - INFO - Ingress_Exit NLXP9UPB
2025-04-13 20:30:33,478 - INFO - Ingress_Exit 7AQ9NLSW
2025-04-13 20:30:35,314 - INFO - Ingress_Enter SO0Z0NIX
2025-04-13 20:30:35,333 - INFO - Ingress_Input_Decoded SO0Z0NIX
2025-04-13 20:30:35,335 - INFO - Ingress_Numpy_Converted SO0Z0NIX
2025-04-13 20:30:35,795 - INFO - Ingress_Enter 3HQ9U9U6
2025-04-13 20:30:35,816 - INFO - Ingress_Input_Decoded 3HQ9U9U6
2025-04-13 20:30:35,818 - INFO - Ingress_Numpy_Converted 3HQ9U9U6
2025-04-13 20:30:36,017 - INFO - Ingress_Enter JUENGJ4A
2025-04-13 20:30:36,034 - INFO - Ingress_Input_Decoded JUENGJ4A
2025-04-13 20:30:36,036 - INFO - Ingress_Numpy_Converted JUENGJ4A
2025-04-13 20:30:36,066 - INFO - Ingress_Enter 9SFEOD9K
2025-04-13 20:30:36,087 - INFO - Ingress_Input_Decoded 9SFEOD9K
2025-04-13 20:30:36,089 - INFO - Ingress_Numpy_Converted 9SFEOD9K
2025-04-13 20:30:36,543 - INFO - Ingress_Enter V35X200N
2025-04-13 20:30:36,558 - INFO - Ingress_Input_Decoded V35X200N
2025-04-13 20:30:36,560 - INFO - Ingress_Numpy_Converted V35X200N
2025-04-13 20:30:36,624 - INFO - Ingress_Enter HNI5SU6Q
2025-04-13 20:30:36,637 - INFO - Ingress_Input_Decoded HNI5SU6Q
2025-04-13 20:30:36,638 - INFO - Ingress_Numpy_Converted HNI5SU6Q
2025-04-13 20:30:36,756 - INFO - Ingress_Exit JUENGJ4A
2025-04-13 20:30:36,798 - INFO - Ingress_Exit SO0Z0NIX
2025-04-13 20:30:36,867 - INFO - Ingress_Exit 3HQ9U9U6
2025-04-13 20:30:37,076 - INFO - Ingress_Exit 9SFEOD9K
2025-04-13 20:30:37,615 - INFO - Ingress_Exit V35X200N
2025-04-13 20:30:37,617 - INFO - Ingress_Exit HNI5SU6Q
2025-04-13 20:30:39,452 - INFO - Ingress_Enter UNVOL2CD
2025-04-13 20:30:39,479 - INFO - Ingress_Input_Decoded UNVOL2CD
2025-04-13 20:30:39,481 - INFO - Ingress_Numpy_Converted UNVOL2CD
2025-04-13 20:30:39,489 - INFO - Ingress_Enter S93LNQVK
2025-04-13 20:30:39,503 - INFO - Ingress_Input_Decoded S93LNQVK
2025-04-13 20:30:39,504 - INFO - Ingress_Numpy_Converted S93LNQVK
2025-04-13 20:30:39,725 - INFO - Ingress_Enter HBJLEK6E
2025-04-13 20:30:39,743 - INFO - Ingress_Input_Decoded HBJLEK6E
2025-04-13 20:30:39,745 - INFO - Ingress_Numpy_Converted HBJLEK6E
2025-04-13 20:30:39,955 - INFO - Ingress_Enter HVLJ3SSJ
2025-04-13 20:30:39,969 - INFO - Ingress_Input_Decoded HVLJ3SSJ
2025-04-13 20:30:39,971 - INFO - Ingress_Numpy_Converted HVLJ3SSJ
2025-04-13 20:30:40,273 - INFO - Ingress_Exit S93LNQVK
2025-04-13 20:30:40,420 - INFO - Ingress_Exit UNVOL2CD
2025-04-13 20:30:40,468 - INFO - Ingress_Exit HBJLEK6E
2025-04-13 20:30:40,876 - INFO - Ingress_Enter WIES8480
2025-04-13 20:30:40,897 - INFO - Ingress_Input_Decoded WIES8480
2025-04-13 20:30:40,899 - INFO - Ingress_Numpy_Converted WIES8480
2025-04-13 20:30:40,997 - INFO - Ingress_Enter 2MD7QO7I
2025-04-13 20:30:41,028 - INFO - Ingress_Input_Decoded 2MD7QO7I
2025-04-13 20:30:41,031 - INFO - Ingress_Numpy_Converted 2MD7QO7I
2025-04-13 20:30:41,407 - INFO - Ingress_Exit HVLJ3SSJ
2025-04-13 20:30:41,599 - INFO - Ingress_Exit WIES8480
2025-04-13 20:30:41,696 - INFO - Ingress_Enter JN0I23K3
2025-04-13 20:30:41,718 - INFO - Ingress_Input_Decoded JN0I23K3
2025-04-13 20:30:41,720 - INFO - Ingress_Numpy_Converted JN0I23K3
2025-04-13 20:30:41,722 - INFO - Ingress_Enter JRJ4LC69
2025-04-13 20:30:41,741 - INFO - Ingress_Input_Decoded JRJ4LC69
2025-04-13 20:30:41,743 - INFO - Ingress_Numpy_Converted JRJ4LC69
2025-04-13 20:30:42,274 - INFO - Ingress_Enter VG9BJ1JZ
2025-04-13 20:30:42,290 - INFO - Ingress_Input_Decoded VG9BJ1JZ
2025-04-13 20:30:42,291 - INFO - Ingress_Numpy_Converted VG9BJ1JZ
2025-04-13 20:30:42,316 - INFO - Ingress_Exit 2MD7QO7I
2025-04-13 20:30:42,909 - INFO - Ingress_Exit JRJ4LC69
2025-04-13 20:30:43,173 - INFO - Ingress_Enter G65FPG5P
2025-04-13 20:30:43,188 - INFO - Ingress_Input_Decoded G65FPG5P
2025-04-13 20:30:43,189 - INFO - Ingress_Numpy_Converted G65FPG5P
2025-04-13 20:30:43,347 - INFO - Ingress_Exit VG9BJ1JZ
2025-04-13 20:30:43,588 - INFO - Ingress_Exit JN0I23K3
2025-04-13 20:30:43,737 - INFO - Ingress_Enter B63ZATZ4
2025-04-13 20:30:43,759 - INFO - Ingress_Input_Decoded B63ZATZ4
2025-04-13 20:30:43,762 - INFO - Ingress_Numpy_Converted B63ZATZ4
2025-04-13 20:30:44,128 - INFO - Ingress_Enter Q7UNXWV7
2025-04-13 20:30:44,150 - INFO - Ingress_Input_Decoded Q7UNXWV7
2025-04-13 20:30:44,152 - INFO - Ingress_Numpy_Converted Q7UNXWV7
2025-04-13 20:30:44,274 - INFO - Ingress_Exit G65FPG5P
2025-04-13 20:30:44,668 - INFO - Ingress_Enter 5VNNUFHP
2025-04-13 20:30:44,688 - INFO - Ingress_Input_Decoded 5VNNUFHP
2025-04-13 20:30:44,690 - INFO - Ingress_Numpy_Converted 5VNNUFHP
2025-04-13 20:30:44,715 - INFO - Ingress_Exit B63ZATZ4
2025-04-13 20:30:44,849 - INFO - Ingress_Enter HDIYHAIY
2025-04-13 20:30:44,873 - INFO - Ingress_Input_Decoded HDIYHAIY
2025-04-13 20:30:44,875 - INFO - Ingress_Numpy_Converted HDIYHAIY
2025-04-13 20:30:45,059 - INFO - Ingress_Exit Q7UNXWV7
2025-04-13 20:30:45,219 - INFO - Ingress_Enter LH00PH0B
2025-04-13 20:30:45,236 - INFO - Ingress_Input_Decoded LH00PH0B
2025-04-13 20:30:45,238 - INFO - Ingress_Numpy_Converted LH00PH0B
2025-04-13 20:30:45,449 - INFO - Ingress_Exit 5VNNUFHP
2025-04-13 20:30:45,726 - INFO - Ingress_Exit HDIYHAIY
2025-04-13 20:30:45,776 - INFO - Ingress_Enter WQ5B2D1Z
2025-04-13 20:30:45,802 - INFO - Ingress_Input_Decoded WQ5B2D1Z
2025-04-13 20:30:45,805 - INFO - Ingress_Numpy_Converted WQ5B2D1Z
2025-04-13 20:30:46,078 - INFO - Ingress_Enter XTCSV0KY
2025-04-13 20:30:46,092 - INFO - Ingress_Input_Decoded XTCSV0KY
2025-04-13 20:30:46,093 - INFO - Ingress_Numpy_Converted XTCSV0KY
2025-04-13 20:30:46,242 - INFO - Ingress_Exit LH00PH0B
2025-04-13 20:30:46,667 - INFO - Ingress_Exit WQ5B2D1Z
2025-04-13 20:30:46,810 - INFO - Ingress_Enter 9GTK6F41
2025-04-13 20:30:46,825 - INFO - Ingress_Input_Decoded 9GTK6F41
2025-04-13 20:30:46,826 - INFO - Ingress_Numpy_Converted 9GTK6F41
2025-04-13 20:30:46,976 - INFO - Ingress_Exit XTCSV0KY
2025-04-13 20:30:47,201 - INFO - Ingress_Enter K0Z5E3R0
2025-04-13 20:30:47,215 - INFO - Ingress_Input_Decoded K0Z5E3R0
2025-04-13 20:30:47,216 - INFO - Ingress_Numpy_Converted K0Z5E3R0
2025-04-13 20:30:47,438 - INFO - Ingress_Exit 9GTK6F41
2025-04-13 20:30:47,556 - INFO - Ingress_Enter 6QW2BU16
2025-04-13 20:30:47,573 - INFO - Ingress_Input_Decoded 6QW2BU16
2025-04-13 20:30:47,575 - INFO - Ingress_Numpy_Converted 6QW2BU16
2025-04-13 20:30:47,730 - INFO - Ingress_Enter 4PZ0JYD5
2025-04-13 20:30:47,745 - INFO - Ingress_Input_Decoded 4PZ0JYD5
2025-04-13 20:30:47,747 - INFO - Ingress_Numpy_Converted 4PZ0JYD5
2025-04-13 20:30:47,937 - INFO - Ingress_Enter I5E2H856
2025-04-13 20:30:47,953 - INFO - Ingress_Input_Decoded I5E2H856
2025-04-13 20:30:47,954 - INFO - Ingress_Numpy_Converted I5E2H856
2025-04-13 20:30:48,056 - INFO - Ingress_Exit K0Z5E3R0
2025-04-13 20:30:48,404 - INFO - Ingress_Exit 6QW2BU16
2025-04-13 20:30:48,504 - INFO - Ingress_Exit 4PZ0JYD5
2025-04-13 20:30:48,571 - INFO - Ingress_Exit I5E2H856
2025-04-13 20:30:49,182 - INFO - Ingress_Enter J9Y5D9ES
2025-04-13 20:30:49,199 - INFO - Ingress_Input_Decoded J9Y5D9ES
2025-04-13 20:30:49,201 - INFO - Ingress_Numpy_Converted J9Y5D9ES
2025-04-13 20:30:49,797 - INFO - Ingress_Exit J9Y5D9ES
2025-04-13 20:30:49,981 - INFO - Ingress_Enter O54GYUYE
2025-04-13 20:30:50,006 - INFO - Ingress_Input_Decoded O54GYUYE
2025-04-13 20:30:50,008 - INFO - Ingress_Numpy_Converted O54GYUYE
2025-04-13 20:30:50,023 - INFO - Ingress_Enter 1UAGZI4S
2025-04-13 20:30:50,037 - INFO - Ingress_Input_Decoded 1UAGZI4S
2025-04-13 20:30:50,039 - INFO - Ingress_Numpy_Converted 1UAGZI4S
2025-04-13 20:30:50,254 - INFO - Ingress_Enter 3CX2DF87
2025-04-13 20:30:50,271 - INFO - Ingress_Input_Decoded 3CX2DF87
2025-04-13 20:30:50,273 - INFO - Ingress_Numpy_Converted 3CX2DF87
2025-04-13 20:30:50,870 - INFO - Ingress_Enter 5II57LN1
2025-04-13 20:30:50,888 - INFO - Ingress_Input_Decoded 5II57LN1
2025-04-13 20:30:50,889 - INFO - Ingress_Numpy_Converted 5II57LN1
2025-04-13 20:30:50,890 - INFO - Ingress_Exit 1UAGZI4S
2025-04-13 20:30:51,014 - INFO - Ingress_Exit 3CX2DF87
2025-04-13 20:30:51,018 - INFO - Ingress_Exit O54GYUYE
2025-04-13 20:30:51,274 - INFO - Ingress_Enter Z3SSSRKP
2025-04-13 20:30:51,300 - INFO - Ingress_Input_Decoded Z3SSSRKP
2025-04-13 20:30:51,302 - INFO - Ingress_Numpy_Converted Z3SSSRKP
2025-04-13 20:30:51,323 - INFO - Ingress_Enter 4J8Y28Q1
2025-04-13 20:30:51,349 - INFO - Ingress_Input_Decoded 4J8Y28Q1
2025-04-13 20:30:51,351 - INFO - Ingress_Numpy_Converted 4J8Y28Q1
2025-04-13 20:30:51,613 - INFO - Ingress_Exit 5II57LN1
2025-04-13 20:30:51,671 - INFO - Ingress_Enter WL6MG05F
2025-04-13 20:30:51,706 - INFO - Ingress_Input_Decoded WL6MG05F
2025-04-13 20:30:51,709 - INFO - Ingress_Numpy_Converted WL6MG05F
2025-04-13 20:30:51,873 - INFO - Ingress_Exit Z3SSSRKP
2025-04-13 20:30:52,044 - INFO - Ingress_Enter D6JZGU0S
2025-04-13 20:30:52,069 - INFO - Ingress_Input_Decoded D6JZGU0S
2025-04-13 20:30:52,071 - INFO - Ingress_Numpy_Converted D6JZGU0S
2025-04-13 20:30:52,333 - INFO - Ingress_Exit 4J8Y28Q1
2025-04-13 20:30:52,523 - INFO - Ingress_Exit WL6MG05F
2025-04-13 20:30:52,656 - INFO - Ingress_Enter 3ZYTPN9X
2025-04-13 20:30:52,689 - INFO - Ingress_Input_Decoded 3ZYTPN9X
2025-04-13 20:30:52,692 - INFO - Ingress_Numpy_Converted 3ZYTPN9X
2025-04-13 20:30:52,848 - INFO - Ingress_Enter MOGOGYKI
2025-04-13 20:30:52,869 - INFO - Ingress_Input_Decoded MOGOGYKI
2025-04-13 20:30:52,871 - INFO - Ingress_Numpy_Converted MOGOGYKI
2025-04-13 20:30:52,906 - INFO - Ingress_Exit D6JZGU0S
2025-04-13 20:30:53,413 - INFO - Ingress_Exit MOGOGYKI
2025-04-13 20:30:53,469 - INFO - Ingress_Enter 4O3B8FNL
2025-04-13 20:30:53,491 - INFO - Ingress_Input_Decoded 4O3B8FNL
2025-04-13 20:30:53,493 - INFO - Ingress_Numpy_Converted 4O3B8FNL
2025-04-13 20:30:53,720 - INFO - Ingress_Enter 3X50ELZA
2025-04-13 20:30:53,749 - INFO - Ingress_Input_Decoded 3X50ELZA
2025-04-13 20:30:53,752 - INFO - Ingress_Numpy_Converted 3X50ELZA
2025-04-13 20:30:53,808 - INFO - Ingress_Exit 3ZYTPN9X
2025-04-13 20:30:54,462 - INFO - Ingress_Enter 1EKO1KI2
2025-04-13 20:30:54,487 - INFO - Ingress_Input_Decoded 1EKO1KI2
2025-04-13 20:30:54,490 - INFO - Ingress_Numpy_Converted 1EKO1KI2
2025-04-13 20:30:54,498 - INFO - Ingress_Enter 3UHGZOQ0
2025-04-13 20:30:54,516 - INFO - Ingress_Input_Decoded 3UHGZOQ0
2025-04-13 20:30:54,517 - INFO - Ingress_Numpy_Converted 3UHGZOQ0
2025-04-13 20:30:54,609 - INFO - Ingress_Exit 4O3B8FNL
2025-04-13 20:30:55,016 - INFO - Ingress_Exit 3X50ELZA
2025-04-13 20:30:55,065 - INFO - Ingress_Exit 1EKO1KI2
2025-04-13 20:30:55,344 - INFO - Ingress_Exit 3UHGZOQ0
2025-04-13 20:30:58,276 - INFO - Ingress_Enter 6SPQZ2HI
2025-04-13 20:30:58,301 - INFO - Ingress_Input_Decoded 6SPQZ2HI
2025-04-13 20:30:58,303 - INFO - Ingress_Numpy_Converted 6SPQZ2HI
2025-04-13 20:30:58,622 - INFO - Ingress_Enter 6F6K79UE
2025-04-13 20:30:58,664 - INFO - Ingress_Input_Decoded 6F6K79UE
2025-04-13 20:30:58,668 - INFO - Ingress_Numpy_Converted 6F6K79UE
2025-04-13 20:30:58,797 - INFO - Ingress_Enter JKSAFY6B
2025-04-13 20:30:58,820 - INFO - Ingress_Input_Decoded JKSAFY6B
2025-04-13 20:30:58,822 - INFO - Ingress_Numpy_Converted JKSAFY6B
2025-04-13 20:30:58,949 - INFO - Ingress_Enter VCX65PAE
2025-04-13 20:30:58,964 - INFO - Ingress_Input_Decoded VCX65PAE
2025-04-13 20:30:58,966 - INFO - Ingress_Numpy_Converted VCX65PAE
2025-04-13 20:30:59,297 - INFO - Ingress_Exit 6SPQZ2HI
2025-04-13 20:30:59,552 - INFO - Ingress_Exit 6F6K79UE
2025-04-13 20:30:59,626 - INFO - Ingress_Exit JKSAFY6B
2025-04-13 20:30:59,825 - INFO - Ingress_Exit VCX65PAE
2025-04-13 20:31:00,367 - INFO - Ingress_Enter D5AQ0G1C
2025-04-13 20:31:00,443 - INFO - Ingress_Input_Decoded D5AQ0G1C
2025-04-13 20:31:00,446 - INFO - Ingress_Numpy_Converted D5AQ0G1C
2025-04-13 20:31:00,506 - INFO - Ingress_Enter P7CDVZP8
2025-04-13 20:31:00,527 - INFO - Ingress_Input_Decoded P7CDVZP8
2025-04-13 20:31:00,529 - INFO - Ingress_Numpy_Converted P7CDVZP8
2025-04-13 20:31:00,686 - INFO - Ingress_Enter OWKOJGFQ
2025-04-13 20:31:00,708 - INFO - Ingress_Input_Decoded OWKOJGFQ
2025-04-13 20:31:00,710 - INFO - Ingress_Numpy_Converted OWKOJGFQ
2025-04-13 20:31:01,179 - INFO - Ingress_Exit D5AQ0G1C
2025-04-13 20:31:01,478 - INFO - Ingress_Exit P7CDVZP8
2025-04-13 20:31:01,536 - INFO - Ingress_Exit OWKOJGFQ
