2025-04-01 02:36:16,073 - INFO - Ingress_Enter DS6TAFZ9
2025-04-01 02:36:16,174 - INFO - Ingress_Enter UYNIUW64
2025-04-01 02:36:16,244 - INFO - Ingress_Enter MHZVEL77
2025-04-01 02:36:16,779 - INFO - Ingress_Enter KISH8B5B
2025-04-01 02:36:16,895 - INFO - Ingress_Enter 3GY3N4PP
2025-04-01 02:36:16,952 - INFO - Ingress_Exit MHZVEL77
2025-04-01 02:36:17,040 - INFO - Ingress_Exit DS6TAFZ9
2025-04-01 02:36:17,335 - INFO - Ingress_Enter 9M61CPYC
2025-04-01 02:36:17,347 - INFO - Ingress_Exit KISH8B5B
2025-04-01 02:36:17,491 - INFO - Ingress_Exit 3GY3N4PP
2025-04-01 02:36:17,493 - INFO - Ingress_Enter JUIYJIXL
2025-04-01 02:36:17,554 - INFO - Ingress_Enter MEBJPQUX
2025-04-01 02:36:17,570 - INFO - Ingress_Exit 9M61CPYC
2025-04-01 02:36:17,585 - INFO - Ingress_Enter M88BIZ0P
2025-04-01 02:36:17,660 - INFO - Ingress_Exit JUIYJIXL
2025-04-01 02:36:17,661 - INFO - Ingress_Exit UYNIUW64
2025-04-01 02:36:17,676 - INFO - Ingress_Enter QTPUQJDK
2025-04-01 02:36:17,722 - INFO - Ingress_Exit MEBJPQUX
2025-04-01 02:36:17,774 - INFO - Ingress_Enter CG8XPY6N
2025-04-01 02:36:17,820 - INFO - Ingress_Enter AL0ZSKCJ
2025-04-01 02:36:17,845 - INFO - Ingress_Enter 5EFN568V
2025-04-01 02:36:17,930 - INFO - Ingress_Exit CG8XPY6N
2025-04-01 02:36:17,947 - INFO - Ingress_Exit QTPUQJDK
2025-04-01 02:36:17,985 - INFO - Ingress_Exit M88BIZ0P
2025-04-01 02:36:18,000 - INFO - Ingress_Exit AL0ZSKCJ
2025-04-01 02:36:18,127 - INFO - Ingress_Exit 5EFN568V
2025-04-01 02:36:18,187 - INFO - Ingress_Enter W7T2NAL3
2025-04-01 02:36:18,195 - INFO - Ingress_Enter 46W4YYXP
2025-04-01 02:36:18,210 - INFO - Ingress_Enter 3STCFB62
2025-04-01 02:36:18,324 - INFO - Ingress_Exit W7T2NAL3
2025-04-01 02:36:18,343 - INFO - Ingress_Enter J6DFN28B
2025-04-01 02:36:18,402 - INFO - Ingress_Exit 46W4YYXP
2025-04-01 02:36:18,407 - INFO - Ingress_Exit 3STCFB62
2025-04-01 02:36:18,459 - INFO - Ingress_Enter OU7XFZN9
2025-04-01 02:36:18,467 - INFO - Ingress_Enter AUUHBPDY
2025-04-01 02:36:18,607 - INFO - Ingress_Exit AUUHBPDY
2025-04-01 02:36:18,686 - INFO - Ingress_Enter 42LLI00Z
2025-04-01 02:36:18,692 - INFO - Ingress_Exit J6DFN28B
2025-04-01 02:36:18,851 - INFO - Ingress_Exit 42LLI00Z
2025-04-01 02:36:18,973 - INFO - Ingress_Enter X120NCWE
2025-04-01 02:36:19,011 - INFO - Ingress_Enter Z005UUU0
2025-04-01 02:36:19,026 - INFO - Ingress_Enter UZ1N3WCB
2025-04-01 02:36:19,116 - INFO - Ingress_Exit X120NCWE
2025-04-01 02:36:19,157 - INFO - Ingress_Exit OU7XFZN9
2025-04-01 02:36:19,187 - INFO - Ingress_Exit Z005UUU0
2025-04-01 02:36:19,233 - INFO - Ingress_Exit UZ1N3WCB
2025-04-01 02:36:19,618 - INFO - Ingress_Enter LLWCW774
2025-04-01 02:36:19,743 - INFO - Ingress_Exit LLWCW774
2025-04-01 02:36:20,162 - INFO - Ingress_Enter 2FDAI0KE
2025-04-01 02:36:20,307 - INFO - Ingress_Exit 2FDAI0KE
2025-04-01 02:36:20,326 - INFO - Ingress_Enter ZHUL4210
2025-04-01 02:36:20,387 - INFO - Ingress_Enter 3BWYYQRD
2025-04-01 02:36:20,471 - INFO - Ingress_Exit ZHUL4210
2025-04-01 02:36:20,505 - INFO - Ingress_Exit 3BWYYQRD
2025-04-01 02:36:20,561 - INFO - Ingress_Enter SAUXH5UN
2025-04-01 02:36:20,576 - INFO - Ingress_Enter 7BS2J11T
2025-04-01 02:36:20,725 - INFO - Ingress_Exit SAUXH5UN
2025-04-01 02:36:20,745 - INFO - Ingress_Exit 7BS2J11T
2025-04-01 02:36:20,748 - INFO - Ingress_Enter 2RX3C3UK
2025-04-01 02:36:20,888 - INFO - Ingress_Exit 2RX3C3UK
2025-04-01 02:36:21,109 - INFO - Ingress_Enter 50FL98KO
2025-04-01 02:36:21,179 - INFO - Ingress_Enter Y4Y75PK3
2025-04-01 02:36:21,201 - INFO - Ingress_Enter TBKION3B
2025-04-01 02:36:21,310 - INFO - Ingress_Enter 8985Z6C4
2025-04-01 02:36:21,328 - INFO - Ingress_Exit TBKION3B
2025-04-01 02:36:21,406 - INFO - Ingress_Exit Y4Y75PK3
2025-04-01 02:36:21,452 - INFO - Ingress_Exit 50FL98KO
2025-04-01 02:36:21,585 - INFO - Ingress_Enter 47EHD4U2
2025-04-01 02:36:21,595 - INFO - Ingress_Exit 8985Z6C4
2025-04-01 02:36:21,663 - INFO - Ingress_Enter 44LU5ZDW
2025-04-01 02:36:21,782 - INFO - Ingress_Exit 47EHD4U2
2025-04-01 02:36:21,927 - INFO - Ingress_Exit 44LU5ZDW
2025-04-01 02:36:22,062 - INFO - Ingress_Enter B8IP1TDU
2025-04-01 02:36:22,259 - INFO - Ingress_Enter EJO9TEW3
2025-04-01 02:36:22,309 - INFO - Ingress_Exit B8IP1TDU
2025-04-01 02:36:22,370 - INFO - Ingress_Enter P9S4MG2E
2025-04-01 02:36:22,490 - INFO - Ingress_Exit EJO9TEW3
2025-04-01 02:36:22,534 - INFO - Ingress_Enter 3OO6PG8A
2025-04-01 02:36:22,579 - INFO - Ingress_Exit P9S4MG2E
2025-04-01 02:36:22,621 - INFO - Ingress_Enter KZ4I26GI
2025-04-01 02:36:22,759 - INFO - Ingress_Enter GSXZ3X7Z
2025-04-01 02:36:22,778 - INFO - Ingress_Exit 3OO6PG8A
2025-04-01 02:36:22,849 - INFO - Ingress_Exit KZ4I26GI
2025-04-01 02:36:22,858 - INFO - Ingress_Exit GSXZ3X7Z
2025-04-01 02:36:22,995 - INFO - Ingress_Enter HFMA5CP0
2025-04-01 02:36:23,081 - INFO - Ingress_Enter SZI7POVB
2025-04-01 02:36:23,156 - INFO - Ingress_Exit HFMA5CP0
2025-04-01 02:36:23,213 - INFO - Ingress_Enter 2R1HMBUF
2025-04-01 02:36:23,221 - INFO - Ingress_Exit SZI7POVB
2025-04-01 02:36:23,243 - INFO - Ingress_Enter CLED77F1
2025-04-01 02:36:23,378 - INFO - Ingress_Exit 2R1HMBUF
2025-04-01 02:36:23,401 - INFO - Ingress_Exit CLED77F1
2025-04-01 02:36:23,431 - INFO - Ingress_Enter USU8W1XG
2025-04-01 02:36:23,573 - INFO - Ingress_Enter 61RQDRQT
2025-04-01 02:36:23,579 - INFO - Ingress_Exit USU8W1XG
2025-04-01 02:36:23,667 - INFO - Ingress_Enter GL6VPFLU
2025-04-01 02:36:23,699 - INFO - Ingress_Enter 1J4MRYRL
2025-04-01 02:36:23,757 - INFO - Ingress_Exit 61RQDRQT
2025-04-01 02:36:23,787 - INFO - Ingress_Exit GL6VPFLU
2025-04-01 02:36:23,792 - INFO - Ingress_Exit 1J4MRYRL
2025-04-01 02:36:23,833 - INFO - Ingress_Enter RB27IY8S
2025-04-01 02:36:23,848 - INFO - Ingress_Enter 0TD76Y86
2025-04-01 02:36:23,950 - INFO - Ingress_Exit RB27IY8S
2025-04-01 02:36:23,986 - INFO - Ingress_Exit 0TD76Y86
2025-04-01 02:36:24,042 - INFO - Ingress_Enter AZ8JMGE4
2025-04-01 02:36:24,066 - INFO - Ingress_Enter XGDUS024
2025-04-01 02:36:24,115 - INFO - Ingress_Enter 0JKAJU9I
2025-04-01 02:36:24,152 - INFO - Ingress_Enter 4PJPFBNC
2025-04-01 02:36:24,177 - INFO - Ingress_Enter 638GYH9O
2025-04-01 02:36:24,185 - INFO - Ingress_Exit AZ8JMGE4
2025-04-01 02:36:24,210 - INFO - Ingress_Exit XGDUS024
2025-04-01 02:36:24,246 - INFO - Ingress_Enter K7E7VU64
2025-04-01 02:36:24,258 - INFO - Ingress_Exit 0JKAJU9I
2025-04-01 02:36:24,338 - INFO - Ingress_Exit 638GYH9O
2025-04-01 02:36:24,408 - INFO - Ingress_Exit K7E7VU64
2025-04-01 02:36:24,409 - INFO - Ingress_Exit 4PJPFBNC
2025-04-01 02:36:24,705 - INFO - Ingress_Enter 30VI8N9B
2025-04-01 02:36:24,728 - INFO - Ingress_Enter YQE4M7RI
2025-04-01 02:36:24,734 - INFO - Ingress_Enter F6QLLJM4
2025-04-01 02:36:24,781 - INFO - Ingress_Enter H5ODFI69
2025-04-01 02:36:24,853 - INFO - Ingress_Exit YQE4M7RI
2025-04-01 02:36:24,911 - INFO - Ingress_Exit F6QLLJM4
2025-04-01 02:36:24,924 - INFO - Ingress_Exit 30VI8N9B
2025-04-01 02:36:24,990 - INFO - Ingress_Exit H5ODFI69
2025-04-01 02:36:25,076 - INFO - Ingress_Enter 5R9BKBW9
2025-04-01 02:36:25,084 - INFO - Ingress_Enter EDQXG2O4
2025-04-01 02:36:25,189 - INFO - Ingress_Exit EDQXG2O4
2025-04-01 02:36:25,208 - INFO - Ingress_Enter HRM74KYN
2025-04-01 02:36:25,262 - INFO - Ingress_Exit 5R9BKBW9
2025-04-01 02:36:25,365 - INFO - Ingress_Exit HRM74KYN
2025-04-01 02:36:26,464 - INFO - Ingress_Enter 345859QF
2025-04-01 02:36:26,563 - INFO - Ingress_Exit 345859QF
2025-04-01 02:36:26,567 - INFO - Ingress_Enter WOK5HD8G
2025-04-01 02:36:26,748 - INFO - Ingress_Exit WOK5HD8G
2025-04-01 02:36:26,819 - INFO - Ingress_Enter O1JB58L6
2025-04-01 02:36:26,979 - INFO - Ingress_Exit O1JB58L6
2025-04-01 02:36:27,294 - INFO - Ingress_Enter YY3N8HSZ
2025-04-01 02:36:27,370 - INFO - Ingress_Enter 82EPJUUW
2025-04-01 02:36:27,465 - INFO - Ingress_Exit YY3N8HSZ
2025-04-01 02:36:27,569 - INFO - Ingress_Exit 82EPJUUW
2025-04-01 02:36:27,652 - INFO - Ingress_Enter 9Z01T239
2025-04-01 02:36:27,699 - INFO - Ingress_Enter RGBB2F5A
2025-04-01 02:36:27,756 - INFO - Ingress_Enter N6JU01RJ
2025-04-01 02:36:27,777 - INFO - Ingress_Exit 9Z01T239
2025-04-01 02:36:27,881 - INFO - Ingress_Exit RGBB2F5A
2025-04-01 02:36:27,888 - INFO - Ingress_Exit N6JU01RJ
2025-04-01 02:36:28,796 - INFO - Ingress_Enter FCNNSJZV
2025-04-01 02:36:28,803 - INFO - Ingress_Enter WWIJC251
2025-04-01 02:36:28,904 - INFO - Ingress_Exit WWIJC251
2025-04-01 02:36:28,928 - INFO - Ingress_Enter B9IAGUZL
2025-04-01 02:36:28,942 - INFO - Ingress_Exit FCNNSJZV
2025-04-01 02:36:29,057 - INFO - Ingress_Enter 46KBAQIN
2025-04-01 02:36:29,198 - INFO - Ingress_Exit B9IAGUZL
2025-04-01 02:36:29,297 - INFO - Ingress_Exit 46KBAQIN
2025-04-01 02:36:29,767 - INFO - Ingress_Enter XU3R8CKT
2025-04-01 02:36:29,968 - INFO - Ingress_Enter 9X7VZK21
2025-04-01 02:36:30,028 - INFO - Ingress_Exit XU3R8CKT
2025-04-01 02:36:30,061 - INFO - Ingress_Enter O5OI5INZ
2025-04-01 02:36:30,167 - INFO - Ingress_Exit O5OI5INZ
2025-04-01 02:36:30,196 - INFO - Ingress_Enter JONWBCEY
2025-04-01 02:36:30,228 - INFO - Ingress_Exit 9X7VZK21
2025-04-01 02:36:30,297 - INFO - Ingress_Enter 35I6DRDD
2025-04-01 02:36:30,325 - INFO - Ingress_Exit JONWBCEY
2025-04-01 02:36:30,453 - INFO - Ingress_Exit 35I6DRDD
2025-04-01 02:36:30,522 - INFO - Ingress_Enter ROS8WYDH
2025-04-01 02:36:30,738 - INFO - Ingress_Exit ROS8WYDH
2025-04-01 02:36:30,879 - INFO - Ingress_Enter B454QDYA
2025-04-01 02:36:30,887 - INFO - Ingress_Enter BEZJHI2C
2025-04-01 02:36:30,902 - INFO - Ingress_Enter EWYDUK86
2025-04-01 02:36:30,948 - INFO - Ingress_Enter BTZQ4WN7
2025-04-01 02:36:31,023 - INFO - Ingress_Exit EWYDUK86
2025-04-01 02:36:31,048 - INFO - Ingress_Enter G6Z6XLKU
2025-04-01 02:36:31,091 - INFO - Ingress_Exit B454QDYA
2025-04-01 02:36:31,091 - INFO - Ingress_Exit BEZJHI2C
2025-04-01 02:36:31,099 - INFO - Ingress_Exit BTZQ4WN7
2025-04-01 02:36:31,181 - INFO - Ingress_Exit G6Z6XLKU
2025-04-01 02:36:32,701 - INFO - Ingress_Enter 2AB8XNLT
2025-04-01 02:36:32,826 - INFO - Ingress_Exit 2AB8XNLT
2025-04-01 02:36:32,903 - INFO - Ingress_Enter 1OXW92F4
2025-04-01 02:36:32,948 - INFO - Ingress_Enter 7BGXRS0N
2025-04-01 02:36:33,044 - INFO - Ingress_Exit 7BGXRS0N
2025-04-01 02:36:33,046 - INFO - Ingress_Exit 1OXW92F4
2025-04-01 02:36:33,159 - INFO - Ingress_Enter EUAINTYB
2025-04-01 02:36:33,166 - INFO - Ingress_Enter Y3PD5AOC
2025-04-01 02:36:33,222 - INFO - Ingress_Enter LCJDEWV7
2025-04-01 02:36:33,318 - INFO - Ingress_Exit EUAINTYB
2025-04-01 02:36:33,320 - INFO - Ingress_Exit Y3PD5AOC
2025-04-01 02:36:33,330 - INFO - Ingress_Exit LCJDEWV7
2025-04-01 02:36:33,781 - INFO - Ingress_Enter 97D68Y9C
2025-04-01 02:36:33,931 - INFO - Ingress_Exit 97D68Y9C
2025-04-01 02:36:34,037 - INFO - Ingress_Enter PF0RNVUY
2025-04-01 02:36:34,188 - INFO - Ingress_Enter GY50ZGFD
2025-04-01 02:36:34,272 - INFO - Ingress_Enter O6A7AQGH
2025-04-01 02:36:34,296 - INFO - Ingress_Exit PF0RNVUY
2025-04-01 02:36:34,393 - INFO - Ingress_Exit GY50ZGFD
2025-04-01 02:36:34,407 - INFO - Ingress_Enter RVB5GL8R
2025-04-01 02:36:34,544 - INFO - Ingress_Exit O6A7AQGH
2025-04-01 02:36:34,608 - INFO - Ingress_Exit RVB5GL8R
2025-04-01 02:36:34,642 - INFO - Ingress_Enter K7VNYN6Z
2025-04-01 02:36:34,849 - INFO - Ingress_Exit K7VNYN6Z
2025-04-01 02:36:35,093 - INFO - Ingress_Enter I2DJX8MP
2025-04-01 02:36:35,148 - INFO - Ingress_Enter AXSOP78L
2025-04-01 02:36:35,219 - INFO - Ingress_Enter IZQ4RFFB
2025-04-01 02:36:35,275 - INFO - Ingress_Exit AXSOP78L
2025-04-01 02:36:35,319 - INFO - Ingress_Enter Q01X75GQ
2025-04-01 02:36:35,332 - INFO - Ingress_Exit IZQ4RFFB
2025-04-01 02:36:35,362 - INFO - Ingress_Exit I2DJX8MP
2025-04-01 02:36:35,546 - INFO - Ingress_Enter 7FVUNX4M
2025-04-01 02:36:35,552 - INFO - Ingress_Exit Q01X75GQ
2025-04-01 02:36:35,655 - INFO - Ingress_Enter Y100JL2D
2025-04-01 02:36:35,663 - INFO - Ingress_Enter OQHS3OTL
2025-04-01 02:36:35,670 - INFO - Ingress_Exit 7FVUNX4M
2025-04-01 02:36:35,702 - INFO - Ingress_Enter E0WWG0SA
2025-04-01 02:36:35,796 - INFO - Ingress_Exit E0WWG0SA
2025-04-01 02:36:35,891 - INFO - Ingress_Exit Y100JL2D
2025-04-01 02:36:35,892 - INFO - Ingress_Exit OQHS3OTL
2025-04-01 02:36:35,928 - INFO - Ingress_Enter GLK0Z161
2025-04-01 02:36:35,989 - INFO - Ingress_Enter PDHQSZEL
2025-04-01 02:36:36,035 - INFO - Ingress_Enter FSD57A26
2025-04-01 02:36:36,058 - INFO - Ingress_Exit GLK0Z161
2025-04-01 02:36:36,175 - INFO - Ingress_Exit FSD57A26
2025-04-01 02:36:36,271 - INFO - Ingress_Exit PDHQSZEL
2025-04-01 02:36:36,622 - INFO - Ingress_Enter SY9W661J
2025-04-01 02:36:36,677 - INFO - Ingress_Enter ZB7FBCCE
2025-04-01 02:36:36,831 - INFO - Ingress_Enter LB31DRYR
2025-04-01 02:36:36,850 - INFO - Ingress_Exit SY9W661J
2025-04-01 02:36:36,907 - INFO - Ingress_Exit ZB7FBCCE
2025-04-01 02:36:36,939 - INFO - Ingress_Exit LB31DRYR
2025-04-01 02:36:37,171 - INFO - Ingress_Enter P40IEU5E
2025-04-01 02:36:37,241 - INFO - Ingress_Enter FH8EH2SN
2025-04-01 02:36:37,298 - INFO - Ingress_Exit P40IEU5E
2025-04-01 02:36:37,367 - INFO - Ingress_Exit FH8EH2SN
2025-04-01 02:36:37,856 - INFO - Ingress_Enter CEC9URML
2025-04-01 02:36:37,863 - INFO - Ingress_Enter G5A8UPI0
2025-04-01 02:36:37,955 - INFO - Ingress_Enter 86WPNJXU
2025-04-01 02:36:37,962 - INFO - Ingress_Enter 5NU81W5J
2025-04-01 02:36:38,163 - INFO - Ingress_Exit 86WPNJXU
2025-04-01 02:36:38,212 - INFO - Ingress_Exit G5A8UPI0
2025-04-01 02:36:38,212 - INFO - Ingress_Exit CEC9URML
2025-04-01 02:36:38,316 - INFO - Ingress_Enter HPZQ42V0
2025-04-01 02:36:38,363 - INFO - Ingress_Exit 5NU81W5J
2025-04-01 02:36:38,517 - INFO - Ingress_Exit HPZQ42V0
2025-04-01 02:36:38,607 - INFO - Ingress_Enter 46XXCWH9
2025-04-01 02:36:38,638 - INFO - Ingress_Enter YWU3DX2J
2025-04-01 02:36:38,692 - INFO - Ingress_Enter 67JIWU4C
2025-04-01 02:36:38,699 - INFO - Ingress_Enter M2L34F5X
2025-04-01 02:36:38,899 - INFO - Ingress_Exit 46XXCWH9
2025-04-01 02:36:38,918 - INFO - Ingress_Exit 67JIWU4C
2025-04-01 02:36:38,931 - INFO - Ingress_Exit M2L34F5X
2025-04-01 02:36:39,008 - INFO - Ingress_Exit YWU3DX2J
2025-04-01 02:36:40,056 - INFO - Ingress_Enter R8AA3X5L
2025-04-01 02:36:40,101 - INFO - Ingress_Enter 9LC7UN13
2025-04-01 02:36:40,286 - INFO - Ingress_Exit R8AA3X5L
2025-04-01 02:36:40,292 - INFO - Ingress_Exit 9LC7UN13
2025-04-01 02:36:40,728 - INFO - Ingress_Enter CDMZDZ73
2025-04-01 02:36:40,842 - INFO - Ingress_Exit CDMZDZ73
2025-04-01 02:36:40,892 - INFO - Ingress_Enter 28R62O58
2025-04-01 02:36:41,040 - INFO - Ingress_Exit 28R62O58
2025-04-01 02:36:41,094 - INFO - Ingress_Enter IUICQE0D
2025-04-01 02:36:41,258 - INFO - Ingress_Exit IUICQE0D
2025-04-01 02:36:41,343 - INFO - Ingress_Enter M2KWN42Z
2025-04-01 02:36:41,398 - INFO - Ingress_Enter SMC91V4O
2025-04-01 02:36:41,540 - INFO - Ingress_Exit M2KWN42Z
2025-04-01 02:36:41,551 - INFO - Ingress_Exit SMC91V4O
2025-04-01 02:36:41,647 - INFO - Ingress_Enter 9MDXJ2FK
2025-04-01 02:36:41,741 - INFO - Ingress_Enter 7DF3934L
2025-04-01 02:36:41,796 - INFO - Ingress_Enter X08EHZAE
2025-04-01 02:36:41,798 - INFO - Ingress_Exit 9MDXJ2FK
2025-04-01 02:36:41,804 - INFO - Ingress_Enter 3ESLHZIV
2025-04-01 02:36:41,906 - INFO - Ingress_Exit 7DF3934L
2025-04-01 02:36:41,931 - INFO - Ingress_Exit 3ESLHZIV
2025-04-01 02:36:42,004 - INFO - Ingress_Exit X08EHZAE
2025-04-01 02:36:42,279 - INFO - Ingress_Enter YHEXDB0H
2025-04-01 02:36:42,526 - INFO - Ingress_Exit YHEXDB0H
2025-04-01 02:36:42,536 - INFO - Ingress_Enter G2UXEDX2
2025-04-01 02:36:42,703 - INFO - Ingress_Exit G2UXEDX2
2025-04-01 02:36:42,774 - INFO - Ingress_Enter OJV1F7DQ
2025-04-01 02:36:42,895 - INFO - Ingress_Exit OJV1F7DQ
2025-04-01 02:36:43,043 - INFO - Ingress_Enter IB9W099L
2025-04-01 02:36:43,159 - INFO - Ingress_Enter 36C9WQ5O
2025-04-01 02:36:43,258 - INFO - Ingress_Exit 36C9WQ5O
2025-04-01 02:36:43,452 - INFO - Ingress_Exit IB9W099L
2025-04-01 02:36:43,836 - INFO - Ingress_Enter 7LONSQPC
2025-04-01 02:36:44,189 - INFO - Ingress_Exit 7LONSQPC
2025-04-01 02:36:44,339 - INFO - Ingress_Enter TA54WO2Q
2025-04-01 02:36:44,424 - INFO - Ingress_Enter I024W6BL
2025-04-01 02:36:44,455 - INFO - Ingress_Exit TA54WO2Q
2025-04-01 02:36:44,471 - INFO - Ingress_Enter AOVQNU7U
2025-04-01 02:36:44,593 - INFO - Ingress_Exit I024W6BL
2025-04-01 02:36:44,667 - INFO - Ingress_Exit AOVQNU7U
2025-04-01 02:36:44,845 - INFO - Ingress_Enter 4DUG1QE0
2025-04-01 02:36:44,949 - INFO - Ingress_Exit 4DUG1QE0
2025-04-01 02:36:45,057 - INFO - Ingress_Enter H14WB096
2025-04-01 02:36:45,143 - INFO - Ingress_Enter 0IOYMOHS
2025-04-01 02:36:45,221 - INFO - Ingress_Exit H14WB096
2025-04-01 02:36:45,361 - INFO - Ingress_Exit 0IOYMOHS
2025-04-01 02:36:45,383 - INFO - Ingress_Enter 2A101YXD
2025-04-01 02:36:45,546 - INFO - Ingress_Enter W0OYERN0
2025-04-01 02:36:45,637 - INFO - Ingress_Exit 2A101YXD
2025-04-01 02:36:45,717 - INFO - Ingress_Enter 5758A7AY
2025-04-01 02:36:45,769 - INFO - Ingress_Exit W0OYERN0
2025-04-01 02:36:45,850 - INFO - Ingress_Enter ZK9JMN55
2025-04-01 02:36:45,880 - INFO - Ingress_Enter B8CTMYXK
2025-04-01 02:36:45,888 - INFO - Ingress_Enter TCMAJL0Z
2025-04-01 02:36:45,896 - INFO - Ingress_Enter 4AFPJU4Q
2025-04-01 02:36:45,903 - INFO - Ingress_Exit 5758A7AY
2025-04-01 02:36:45,986 - INFO - Ingress_Exit B8CTMYXK
2025-04-01 02:36:46,023 - INFO - Ingress_Exit ZK9JMN55
2025-04-01 02:36:46,080 - INFO - Ingress_Exit TCMAJL0Z
2025-04-01 02:36:46,152 - INFO - Ingress_Exit 4AFPJU4Q
2025-04-01 02:36:56,177 - INFO - Ingress_Enter BRGVPYDC
2025-04-01 02:36:56,397 - INFO - Ingress_Exit BRGVPYDC
2025-04-01 02:36:56,449 - INFO - Ingress_Enter YV5824GG
2025-04-01 02:36:56,581 - INFO - Ingress_Exit YV5824GG
2025-04-01 02:36:56,743 - INFO - Ingress_Enter XT5X0FXX
2025-04-01 02:36:56,853 - INFO - Ingress_Exit XT5X0FXX
2025-04-01 02:36:57,102 - INFO - Ingress_Enter VAEKX08Z
2025-04-01 02:36:57,125 - INFO - Ingress_Enter O990LWJC
2025-04-01 02:36:57,266 - INFO - Ingress_Exit O990LWJC
2025-04-01 02:36:57,302 - INFO - Ingress_Exit VAEKX08Z
2025-04-01 02:36:57,421 - INFO - Ingress_Enter 317FMPH8
2025-04-01 02:36:57,531 - INFO - Ingress_Enter 6V8X9S1O
2025-04-01 02:36:57,578 - INFO - Ingress_Exit 317FMPH8
2025-04-01 02:36:57,754 - INFO - Ingress_Exit 6V8X9S1O
2025-04-01 02:36:57,850 - INFO - Ingress_Enter 9KZYSI1L
2025-04-01 02:36:58,040 - INFO - Ingress_Exit 9KZYSI1L
2025-04-01 02:36:58,102 - INFO - Ingress_Enter 601FH0LG
2025-04-01 02:36:58,125 - INFO - Ingress_Enter C5XJKLB6
2025-04-01 02:36:58,192 - INFO - Ingress_Exit 601FH0LG
2025-04-01 02:36:58,253 - INFO - Ingress_Exit C5XJKLB6
2025-04-01 02:36:58,305 - INFO - Ingress_Enter ZEXDS4N8
2025-04-01 02:36:58,414 - INFO - Ingress_Exit ZEXDS4N8
2025-04-01 02:36:58,578 - INFO - Ingress_Enter TNZBI17G
2025-04-01 02:36:58,736 - INFO - Ingress_Enter I887W58K
2025-04-01 02:36:58,766 - INFO - Ingress_Enter RVWZ9FF1
2025-04-01 02:36:58,806 - INFO - Ingress_Exit TNZBI17G
2025-04-01 02:36:58,934 - INFO - Ingress_Exit I887W58K
2025-04-01 02:36:58,956 - INFO - Ingress_Exit RVWZ9FF1
2025-04-01 02:36:59,090 - INFO - Ingress_Enter AAI36U0Z
2025-04-01 02:36:59,123 - INFO - Ingress_Enter CD6V2HTL
2025-04-01 02:36:59,182 - INFO - Ingress_Exit AAI36U0Z
2025-04-01 02:36:59,237 - INFO - Ingress_Exit CD6V2HTL
2025-04-01 02:36:59,554 - INFO - Ingress_Enter FTYZMRII
2025-04-01 02:36:59,585 - INFO - Ingress_Enter RXS1UHTO
2025-04-01 02:36:59,647 - INFO - Ingress_Enter O3FBDKB9
2025-04-01 02:36:59,688 - INFO - Ingress_Exit RXS1UHTO
2025-04-01 02:36:59,776 - INFO - Ingress_Exit O3FBDKB9
2025-04-01 02:36:59,799 - INFO - Ingress_Exit FTYZMRII
2025-04-01 02:36:59,858 - INFO - Ingress_Enter CAYXRIXD
2025-04-01 02:36:59,989 - INFO - Ingress_Exit CAYXRIXD
2025-04-01 02:37:00,065 - INFO - Ingress_Enter M3K7IWJP
2025-04-01 02:37:00,111 - INFO - Ingress_Enter MJS6XJM3
2025-04-01 02:37:00,171 - INFO - Ingress_Exit M3K7IWJP
2025-04-01 02:37:00,268 - INFO - Ingress_Exit MJS6XJM3
2025-04-01 02:37:00,320 - INFO - Ingress_Enter I3XB87LO
2025-04-01 02:37:00,627 - INFO - Ingress_Exit I3XB87LO
2025-04-01 02:37:00,810 - INFO - Ingress_Enter 0IMUZQP1
2025-04-01 02:37:00,926 - INFO - Ingress_Exit 0IMUZQP1
2025-04-01 02:37:00,965 - INFO - Ingress_Enter Q78MI9IP
2025-04-01 02:37:01,004 - INFO - Ingress_Enter LNJYTCGP
2025-04-01 02:37:01,035 - INFO - Ingress_Enter RCLM7187
2025-04-01 02:37:01,177 - INFO - Ingress_Exit RCLM7187
2025-04-01 02:37:01,178 - INFO - Ingress_Exit Q78MI9IP
2025-04-01 02:37:01,221 - INFO - Ingress_Enter NF6JSWYZ
2025-04-01 02:37:01,251 - INFO - Ingress_Exit LNJYTCGP
2025-04-01 02:37:01,284 - INFO - Ingress_Enter 9DHIPR0H
2025-04-01 02:37:01,323 - INFO - Ingress_Exit NF6JSWYZ
2025-04-01 02:37:01,547 - INFO - Ingress_Exit 9DHIPR0H
2025-04-01 02:37:01,590 - INFO - Ingress_Enter SVJIGWOM
2025-04-01 02:37:01,730 - INFO - Ingress_Enter DQJZJZ67
2025-04-01 02:37:01,744 - INFO - Ingress_Exit SVJIGWOM
2025-04-01 02:37:01,792 - INFO - Ingress_Enter 03TD6KOH
2025-04-01 02:37:01,838 - INFO - Ingress_Exit DQJZJZ67
2025-04-01 02:37:01,965 - INFO - Ingress_Exit 03TD6KOH
2025-04-01 02:37:02,391 - INFO - Ingress_Enter 1NJITHSD
2025-04-01 02:37:02,444 - INFO - Ingress_Enter CNMWB96G
2025-04-01 02:37:02,452 - INFO - Ingress_Enter 709LP9S8
2025-04-01 02:37:02,529 - INFO - Ingress_Exit 1NJITHSD
2025-04-01 02:37:02,585 - INFO - Ingress_Exit CNMWB96G
2025-04-01 02:37:02,636 - INFO - Ingress_Exit 709LP9S8
