2025-03-18 01:11:36,134 - INFO - Ingress_Enter 68Q00DZK
2025-03-18 01:11:36,172 - INFO - Ingress_Enter W8JUZXJ6
2025-03-18 01:11:36,273 - INFO - Ingress_Enter Q92MV44N
2025-03-18 01:11:36,556 - INFO - Ingress_Enter R07N2ZY9
2025-03-18 01:11:36,757 - INFO - Ingress_Enter YXHIBMEF
2025-03-18 01:11:36,760 - INFO - Ingress_Enter H4P0F1WT
2025-03-18 01:11:36,856 - INFO - Ingress_Enter WXZ4N39W
2025-03-18 01:11:36,965 - INFO - Ingress_Enter 8660NR93
2025-03-18 01:11:37,015 - INFO - Ingress_Exit W8JUZXJ6
2025-03-18 01:11:37,104 - INFO - Ingress_Exit 68Q00DZK
2025-03-18 01:11:37,201 - INFO - Ingress_Enter ETUNDVX5
2025-03-18 01:11:37,222 - INFO - Ingress_Enter I3EEUNS1
2025-03-18 01:11:37,279 - INFO - Ingress_Exit Q92MV44N
2025-03-18 01:11:37,517 - INFO - Ingress_Enter QFEKWGEJ
2025-03-18 01:11:37,554 - INFO - Ingress_Enter XBNR2R2E
2025-03-18 01:11:37,655 - INFO - Ingress_Enter 7P7CWVZ1
2025-03-18 01:11:37,743 - INFO - Ingress_Enter 9B4C622V
2025-03-18 01:11:37,771 - INFO - Ingress_Exit R07N2ZY9
2025-03-18 01:11:37,934 - INFO - Ingress_Enter TG7PMUVN
2025-03-18 01:11:38,039 - INFO - Ingress_Exit H4P0F1WT
2025-03-18 01:11:38,040 - INFO - Ingress_Exit WXZ4N39W
2025-03-18 01:11:38,060 - INFO - Ingress_Enter Z5WLH7TY
2025-03-18 01:11:38,078 - INFO - Ingress_Exit YXHIBMEF
2025-03-18 01:11:38,131 - INFO - Ingress_Enter 7FM7CCB5
2025-03-18 01:11:38,146 - INFO - Ingress_Enter H6710D8W
2025-03-18 01:11:38,230 - INFO - Ingress_Enter FJFXP1V8
2025-03-18 01:11:38,279 - INFO - Ingress_Exit 8660NR93
2025-03-18 01:11:38,418 - INFO - Ingress_Exit ETUNDVX5
2025-03-18 01:11:38,508 - INFO - Ingress_Enter REY7T9RQ
2025-03-18 01:11:38,643 - INFO - Ingress_Exit I3EEUNS1
2025-03-18 01:11:38,696 - INFO - Ingress_Enter PZSDH8XP
2025-03-18 01:11:38,712 - INFO - Ingress_Enter 2RX0TVL6
2025-03-18 01:11:38,807 - INFO - Ingress_Enter 3DZIOO0E
2025-03-18 01:11:38,957 - INFO - Ingress_Enter CCSBDQ3M
2025-03-18 01:11:39,067 - INFO - Ingress_Enter HKZLDLDC
2025-03-18 01:11:39,136 - INFO - Ingress_Enter JX3GFS6F
2025-03-18 01:11:39,163 - INFO - Ingress_Exit XBNR2R2E
2025-03-18 01:11:39,165 - INFO - Ingress_Exit 7P7CWVZ1
2025-03-18 01:11:39,167 - INFO - Ingress_Exit QFEKWGEJ
2025-03-18 01:11:39,285 - INFO - Ingress_Exit 9B4C622V
2025-03-18 01:11:39,287 - INFO - Ingress_Exit TG7PMUVN
2025-03-18 01:11:39,288 - INFO - Ingress_Exit Z5WLH7TY
2025-03-18 01:11:39,386 - INFO - Ingress_Exit H6710D8W
2025-03-18 01:11:39,482 - INFO - Ingress_Exit 7FM7CCB5
2025-03-18 01:11:39,559 - INFO - Ingress_Exit FJFXP1V8
2025-03-18 01:11:39,725 - INFO - Ingress_Exit 3DZIOO0E
2025-03-18 01:11:40,053 - INFO - Ingress_Exit REY7T9RQ
2025-03-18 01:11:40,055 - INFO - Ingress_Exit PZSDH8XP
2025-03-18 01:11:40,057 - INFO - Ingress_Exit 2RX0TVL6
2025-03-18 01:11:40,138 - INFO - Ingress_Enter 5FQXE4X9
2025-03-18 01:11:40,209 - INFO - Ingress_Enter 0WHLCPRS
2025-03-18 01:11:40,234 - INFO - Ingress_Exit CCSBDQ3M
2025-03-18 01:11:40,237 - INFO - Ingress_Exit HKZLDLDC
2025-03-18 01:11:40,270 - INFO - Ingress_Enter B3F06O94
2025-03-18 01:11:40,310 - INFO - Ingress_Enter QPN959ZG
2025-03-18 01:11:40,390 - INFO - Ingress_Enter 7T2QI6VD
2025-03-18 01:11:40,414 - INFO - Ingress_Enter PZAKP6ZE
2025-03-18 01:11:40,453 - INFO - Ingress_Enter IQ55W3YW
2025-03-18 01:11:40,553 - INFO - Ingress_Enter ND1Q7Q2S
2025-03-18 01:11:40,562 - INFO - Ingress_Enter J8A9X70L
2025-03-18 01:11:40,585 - INFO - Ingress_Enter 92T5M7T9
2025-03-18 01:11:40,626 - INFO - Ingress_Enter X7005BXZ
2025-03-18 01:11:40,733 - INFO - Ingress_Enter NEL8SKMB
2025-03-18 01:11:40,776 - INFO - Ingress_Enter TFNVM9IC
2025-03-18 01:11:40,832 - INFO - Ingress_Enter TC3BXF7H
2025-03-18 01:11:40,879 - INFO - Ingress_Enter 87XVOZTM
2025-03-18 01:11:41,356 - INFO - Ingress_Exit JX3GFS6F
2025-03-18 01:11:41,437 - INFO - Ingress_Enter YAVMZPGD
2025-03-18 01:11:41,597 - INFO - Ingress_Exit 5FQXE4X9
2025-03-18 01:11:41,890 - INFO - Ingress_Exit B3F06O94
2025-03-18 01:11:41,891 - INFO - Ingress_Exit 0WHLCPRS
2025-03-18 01:11:41,892 - INFO - Ingress_Exit QPN959ZG
2025-03-18 01:11:41,902 - INFO - Ingress_Enter YX5GP3WX
2025-03-18 01:11:41,977 - INFO - Ingress_Enter Z2F1CBF9
2025-03-18 01:11:42,000 - INFO - Ingress_Enter 1PWRCPHS
2025-03-18 01:11:42,007 - INFO - Ingress_Exit ND1Q7Q2S
2025-03-18 01:11:42,010 - INFO - Ingress_Exit 7T2QI6VD
2025-03-18 01:11:42,013 - INFO - Ingress_Exit IQ55W3YW
2025-03-18 01:11:42,014 - INFO - Ingress_Exit PZAKP6ZE
2025-03-18 01:11:42,123 - INFO - Ingress_Enter J7GRLPHD
2025-03-18 01:11:42,137 - INFO - Ingress_Enter 6GJ7JNCZ
2025-03-18 01:11:42,144 - INFO - Ingress_Enter 3GI1FKWU
2025-03-18 01:11:42,159 - INFO - Ingress_Enter 3FKMX3A4
2025-03-18 01:11:42,171 - INFO - Ingress_Exit X7005BXZ
2025-03-18 01:11:42,173 - INFO - Ingress_Exit TFNVM9IC
2025-03-18 01:11:42,206 - INFO - Ingress_Exit J8A9X70L
2025-03-18 01:11:42,207 - INFO - Ingress_Exit 92T5M7T9
2025-03-18 01:11:42,359 - INFO - Ingress_Enter F4Y8BTW3
2025-03-18 01:11:42,413 - INFO - Ingress_Enter X5CBYNNM
2025-03-18 01:11:42,467 - INFO - Ingress_Enter 3XQPOF5Y
2025-03-18 01:11:42,584 - INFO - Ingress_Enter X5R0G37T
2025-03-18 01:11:42,599 - INFO - Ingress_Enter OVUIE2AO
2025-03-18 01:11:42,607 - INFO - Ingress_Enter RZHK3GU9
2025-03-18 01:11:42,712 - INFO - Ingress_Enter 2HZBCWJ0
2025-03-18 01:11:42,713 - INFO - Ingress_Enter NJJPPFZ2
2025-03-18 01:11:43,264 - INFO - Ingress_Enter R8KHYIF0
2025-03-18 01:11:43,264 - INFO - Ingress_Exit TC3BXF7H
2025-03-18 01:11:43,504 - INFO - Ingress_Enter R7HBEX2W
2025-03-18 01:11:43,705 - INFO - Ingress_Enter HTIODWLT
2025-03-18 01:11:43,856 - INFO - Ingress_Exit 87XVOZTM
2025-03-18 01:11:43,913 - INFO - Ingress_Exit NEL8SKMB
2025-03-18 01:11:43,915 - INFO - Ingress_Exit YAVMZPGD
2025-03-18 01:11:43,918 - INFO - Ingress_Exit YX5GP3WX
2025-03-18 01:11:43,921 - INFO - Ingress_Exit Z2F1CBF9
2025-03-18 01:11:43,922 - INFO - Ingress_Exit 3GI1FKWU
2025-03-18 01:11:43,923 - INFO - Ingress_Exit X5CBYNNM
2025-03-18 01:11:43,924 - INFO - Ingress_Exit 1PWRCPHS
2025-03-18 01:11:43,979 - INFO - Ingress_Enter 11X1HWMI
2025-03-18 01:11:44,039 - INFO - Ingress_Exit J7GRLPHD
2025-03-18 01:11:44,041 - INFO - Ingress_Exit 6GJ7JNCZ
2025-03-18 01:11:44,042 - INFO - Ingress_Exit 3FKMX3A4
2025-03-18 01:11:44,044 - INFO - Ingress_Exit 3XQPOF5Y
2025-03-18 01:11:44,098 - INFO - Ingress_Enter R1BF0ZJ9
2025-03-18 01:11:44,152 - INFO - Ingress_Enter 7MXLY2Q1
2025-03-18 01:11:44,167 - INFO - Ingress_Enter O1X1KRLF
2025-03-18 01:11:44,216 - INFO - Ingress_Enter FK6T31BY
2025-03-18 01:11:44,223 - INFO - Ingress_Enter E5RPKZSA
2025-03-18 01:11:44,232 - INFO - Ingress_Enter OXLWBNX8
2025-03-18 01:11:44,254 - INFO - Ingress_Enter ET80UWS4
2025-03-18 01:11:44,374 - INFO - Ingress_Enter 3DOUQ5K4
2025-03-18 01:11:44,513 - INFO - Ingress_Exit X5R0G37T
2025-03-18 01:11:44,544 - INFO - Ingress_Enter GEDYQMG7
2025-03-18 01:11:44,573 - INFO - Ingress_Enter MEABBBFH
2025-03-18 01:11:44,581 - INFO - Ingress_Enter V0UIV0SK
2025-03-18 01:11:44,649 - INFO - Ingress_Enter IW7NAZIB
2025-03-18 01:11:44,703 - INFO - Ingress_Enter 5WCPDLZ8
2025-03-18 01:11:44,835 - INFO - Ingress_Exit OVUIE2AO
2025-03-18 01:11:44,838 - INFO - Ingress_Exit RZHK3GU9
2025-03-18 01:11:45,090 - INFO - Ingress_Enter U8XHTQY5
2025-03-18 01:11:45,145 - INFO - Ingress_Enter QQ4P3C6U
2025-03-18 01:11:45,166 - INFO - Ingress_Exit F4Y8BTW3
2025-03-18 01:11:45,167 - INFO - Ingress_Exit 2HZBCWJ0
2025-03-18 01:11:45,169 - INFO - Ingress_Exit NJJPPFZ2
2025-03-18 01:11:45,206 - INFO - Ingress_Enter 4USSEHT8
2025-03-18 01:11:45,270 - INFO - Ingress_Enter 1CFUAWWK
2025-03-18 01:11:45,280 - INFO - Ingress_Enter VP1828YG
2025-03-18 01:11:45,305 - INFO - Ingress_Exit R8KHYIF0
2025-03-18 01:11:45,366 - INFO - Ingress_Enter 3KDI8L6R
2025-03-18 01:11:45,375 - INFO - Ingress_Enter M140RIB0
2025-03-18 01:11:45,515 - INFO - Ingress_Enter FSY4F15P
2025-03-18 01:11:45,706 - INFO - Ingress_Exit R7HBEX2W
2025-03-18 01:11:45,865 - INFO - Ingress_Exit HTIODWLT
2025-03-18 01:11:45,874 - INFO - Ingress_Exit 11X1HWMI
2025-03-18 01:11:45,903 - INFO - Ingress_Exit R1BF0ZJ9
2025-03-18 01:11:45,906 - INFO - Ingress_Exit GEDYQMG7
2025-03-18 01:11:46,492 - INFO - Ingress_Enter CBUL4NZ7
2025-03-18 01:11:46,809 - INFO - Ingress_Enter GHCKAJ2X
2025-03-18 01:11:47,118 - INFO - Ingress_Enter FPWB8NUB
2025-03-18 01:11:47,181 - INFO - Ingress_Enter RVFH0PG3
2025-03-18 01:11:47,194 - INFO - Ingress_Enter 0LPUJ7Y0
2025-03-18 01:11:47,201 - INFO - Ingress_Enter WGWTG9RI
2025-03-18 01:11:47,415 - INFO - Ingress_Enter V0LQJOL6
2025-03-18 01:11:47,654 - INFO - Ingress_Enter 9OZM23JU
2025-03-18 01:11:47,751 - INFO - Ingress_Enter PVCHNR9A
2025-03-18 01:11:48,484 - INFO - Ingress_Enter VBR3GICE
2025-03-18 01:11:48,508 - INFO - Ingress_Enter 9UYV62HR
2025-03-18 01:11:48,540 - INFO - Ingress_Exit IW7NAZIB
2025-03-18 01:11:48,541 - INFO - Ingress_Exit 7MXLY2Q1
2025-03-18 01:11:48,747 - INFO - Ingress_Enter Y058ODIB
2025-03-18 01:11:48,779 - INFO - Ingress_Enter CX4WZE01
2025-03-18 01:11:48,801 - INFO - Ingress_Exit O1X1KRLF
2025-03-18 01:11:48,802 - INFO - Ingress_Exit FK6T31BY
2025-03-18 01:11:48,805 - INFO - Ingress_Exit E5RPKZSA
2025-03-18 01:11:48,807 - INFO - Ingress_Exit 3DOUQ5K4
2025-03-18 01:11:48,809 - INFO - Ingress_Exit OXLWBNX8
2025-03-18 01:11:48,812 - INFO - Ingress_Exit 5WCPDLZ8
2025-03-18 01:11:48,814 - INFO - Ingress_Exit U8XHTQY5
2025-03-18 01:11:48,816 - INFO - Ingress_Exit QQ4P3C6U
2025-03-18 01:11:48,817 - INFO - Ingress_Exit 1CFUAWWK
2025-03-18 01:11:48,817 - INFO - Ingress_Exit VP1828YG
2025-03-18 01:11:48,819 - INFO - Ingress_Exit 4USSEHT8
2025-03-18 01:11:48,821 - INFO - Ingress_Exit 3KDI8L6R
2025-03-18 01:11:48,821 - INFO - Ingress_Exit M140RIB0
2025-03-18 01:11:48,822 - INFO - Ingress_Exit CBUL4NZ7
2025-03-18 01:11:48,822 - INFO - Ingress_Exit GHCKAJ2X
2025-03-18 01:11:49,074 - INFO - Ingress_Exit ET80UWS4
2025-03-18 01:11:49,076 - INFO - Ingress_Exit V0UIV0SK
2025-03-18 01:11:49,077 - INFO - Ingress_Exit FPWB8NUB
2025-03-18 01:11:49,081 - INFO - Ingress_Exit 0LPUJ7Y0
2025-03-18 01:11:49,158 - INFO - Ingress_Exit MEABBBFH
2025-03-18 01:11:49,159 - INFO - Ingress_Exit FSY4F15P
2025-03-18 01:11:49,403 - INFO - Ingress_Enter 7A6IVDUN
2025-03-18 01:11:49,435 - INFO - Ingress_Enter X3TLJ7B2
2025-03-18 01:11:49,457 - INFO - Ingress_Enter 8JN2YQ5C
2025-03-18 01:11:49,553 - INFO - Ingress_Enter KN6J56UN
2025-03-18 01:11:49,639 - INFO - Ingress_Enter 43L6AS40
2025-03-18 01:11:49,691 - INFO - Ingress_Enter Y64SU49V
2025-03-18 01:11:49,753 - INFO - Ingress_Enter Y6RKY1NZ
2025-03-18 01:11:49,783 - INFO - Ingress_Exit RVFH0PG3
2025-03-18 01:11:49,851 - INFO - Ingress_Enter 1BDVNXKV
2025-03-18 01:11:49,914 - INFO - Ingress_Enter ESI8G995
2025-03-18 01:11:49,922 - INFO - Ingress_Exit WGWTG9RI
2025-03-18 01:11:49,923 - INFO - Ingress_Exit V0LQJOL6
2025-03-18 01:11:49,924 - INFO - Ingress_Exit 9OZM23JU
2025-03-18 01:11:49,939 - INFO - Ingress_Enter H1Y6P01T
2025-03-18 01:11:50,025 - INFO - Ingress_Enter HA6YEVW5
2025-03-18 01:11:50,078 - INFO - Ingress_Enter 18ECLQE3
2025-03-18 01:11:50,093 - INFO - Ingress_Enter BMLVRIK2
2025-03-18 01:11:50,109 - INFO - Ingress_Enter GRYOMS46
2025-03-18 01:11:50,205 - INFO - Ingress_Enter OZL9JOMD
2025-03-18 01:11:50,207 - INFO - Ingress_Enter SD3K6IRK
2025-03-18 01:11:50,216 - INFO - Ingress_Exit PVCHNR9A
2025-03-18 01:11:50,217 - INFO - Ingress_Exit VBR3GICE
2025-03-18 01:11:50,222 - INFO - Ingress_Exit 9UYV62HR
2025-03-18 01:11:50,237 - INFO - Ingress_Enter E5DAY1WC
2025-03-18 01:11:50,254 - INFO - Ingress_Enter HPGIZ6Q5
2025-03-18 01:11:50,284 - INFO - Ingress_Enter 7TZ6NPAS
2025-03-18 01:11:50,377 - INFO - Ingress_Enter 9B6PABKL
2025-03-18 01:11:50,394 - INFO - Ingress_Enter I7F43797
2025-03-18 01:11:50,472 - INFO - Ingress_Enter 0QE760PL
2025-03-18 01:11:50,502 - INFO - Ingress_Enter ZKUFKCDS
2025-03-18 01:11:50,664 - INFO - Ingress_Exit CX4WZE01
2025-03-18 01:11:50,735 - INFO - Ingress_Enter I71A3T24
2025-03-18 01:11:50,753 - INFO - Ingress_Exit Y058ODIB
2025-03-18 01:11:50,754 - INFO - Ingress_Exit 7A6IVDUN
2025-03-18 01:11:50,754 - INFO - Ingress_Exit X3TLJ7B2
2025-03-18 01:11:50,799 - INFO - Ingress_Enter GQROZDX8
2025-03-18 01:11:50,824 - INFO - Ingress_Exit 8JN2YQ5C
2025-03-18 01:11:50,832 - INFO - Ingress_Enter 5TRQKX8T
2025-03-18 01:11:50,895 - INFO - Ingress_Enter P313BCRC
2025-03-18 01:11:51,107 - INFO - Ingress_Exit KN6J56UN
2025-03-18 01:11:51,209 - INFO - Ingress_Enter U3RPLAK6
2025-03-18 01:11:51,292 - INFO - Ingress_Enter V6NJKJMA
2025-03-18 01:11:51,305 - INFO - Ingress_Enter OII2HGFN
2025-03-18 01:11:51,424 - INFO - Ingress_Enter I0SB7PPA
2025-03-18 01:11:51,454 - INFO - Ingress_Enter MEYIGN8T
2025-03-18 01:11:51,511 - INFO - Ingress_Enter 2UYTAV9Q
2025-03-18 01:11:51,697 - INFO - Ingress_Enter SGEARMNN
2025-03-18 01:11:51,724 - INFO - Ingress_Enter 0PLMDAK0
2025-03-18 01:11:51,866 - INFO - Ingress_Enter UQCCDO97
2025-03-18 01:11:51,926 - INFO - Ingress_Enter FURYQNPB
2025-03-18 01:11:51,965 - INFO - Ingress_Enter QQIFON9D
2025-03-18 01:11:52,012 - INFO - Ingress_Enter B87Z3CUK
2025-03-18 01:11:52,585 - INFO - Ingress_Enter IRFJ45FF
2025-03-18 01:11:52,806 - INFO - Ingress_Enter DW26XJ5U
2025-03-18 01:11:53,466 - INFO - Ingress_Enter IQ2CR2FP
2025-03-18 01:11:54,288 - INFO - Ingress_Exit 43L6AS40
2025-03-18 01:11:54,292 - INFO - Ingress_Exit Y64SU49V
2025-03-18 01:11:54,294 - INFO - Ingress_Exit ESI8G995
2025-03-18 01:11:54,296 - INFO - Ingress_Exit OZL9JOMD
2025-03-18 01:11:54,298 - INFO - Ingress_Exit H1Y6P01T
2025-03-18 01:11:54,300 - INFO - Ingress_Exit Y6RKY1NZ
2025-03-18 01:11:54,304 - INFO - Ingress_Exit 1BDVNXKV
2025-03-18 01:11:54,307 - INFO - Ingress_Exit HPGIZ6Q5
2025-03-18 01:11:54,308 - INFO - Ingress_Exit BMLVRIK2
2025-03-18 01:11:54,310 - INFO - Ingress_Exit 7TZ6NPAS
2025-03-18 01:11:54,311 - INFO - Ingress_Exit GRYOMS46
2025-03-18 01:11:54,312 - INFO - Ingress_Exit SD3K6IRK
2025-03-18 01:11:54,313 - INFO - Ingress_Exit 18ECLQE3
2025-03-18 01:11:54,314 - INFO - Ingress_Exit E5DAY1WC
2025-03-18 01:11:54,315 - INFO - Ingress_Exit HA6YEVW5
2025-03-18 01:11:54,316 - INFO - Ingress_Exit I7F43797
2025-03-18 01:11:54,316 - INFO - Ingress_Exit 9B6PABKL
2025-03-18 01:11:54,587 - INFO - Ingress_Exit 0QE760PL
2025-03-18 01:11:54,588 - INFO - Ingress_Exit 5TRQKX8T
2025-03-18 01:11:54,589 - INFO - Ingress_Exit ZKUFKCDS
2025-03-18 01:11:54,765 - INFO - Ingress_Exit OII2HGFN
2025-03-18 01:11:54,767 - INFO - Ingress_Exit MEYIGN8T
2025-03-18 01:11:54,771 - INFO - Ingress_Exit SGEARMNN
2025-03-18 01:11:54,773 - INFO - Ingress_Exit 2UYTAV9Q
2025-03-18 01:11:54,774 - INFO - Ingress_Exit B87Z3CUK
2025-03-18 01:11:54,775 - INFO - Ingress_Exit GQROZDX8
2025-03-18 01:11:54,776 - INFO - Ingress_Exit P313BCRC
2025-03-18 01:11:54,777 - INFO - Ingress_Exit V6NJKJMA
2025-03-18 01:11:54,778 - INFO - Ingress_Exit I0SB7PPA
2025-03-18 01:11:54,778 - INFO - Ingress_Exit U3RPLAK6
2025-03-18 01:11:54,779 - INFO - Ingress_Exit 0PLMDAK0
2025-03-18 01:11:54,842 - INFO - Ingress_Exit I71A3T24
2025-03-18 01:11:55,590 - INFO - Ingress_Enter JS9Y1FJB
2025-03-18 01:11:55,738 - INFO - Ingress_Enter W53MW2H8
2025-03-18 01:11:55,817 - INFO - Ingress_Exit UQCCDO97
2025-03-18 01:11:55,830 - INFO - Ingress_Enter 9WESEBQS
2025-03-18 01:11:55,848 - INFO - Ingress_Enter 4R3LI2XQ
2025-03-18 01:11:55,887 - INFO - Ingress_Enter 85E6ODLH
2025-03-18 01:11:55,925 - INFO - Ingress_Enter M7EQ2NP3
2025-03-18 01:11:55,947 - INFO - Ingress_Enter LA224VOA
2025-03-18 01:11:56,028 - INFO - Ingress_Enter MG5KVK1A
2025-03-18 01:11:56,042 - INFO - Ingress_Enter 0KFUMPQF
2025-03-18 01:11:56,099 - INFO - Ingress_Enter 962TDIDJ
2025-03-18 01:11:56,110 - INFO - Ingress_Enter J2KIMA8F
2025-03-18 01:11:56,123 - INFO - Ingress_Enter 93YJNDRB
2025-03-18 01:11:56,182 - INFO - Ingress_Enter IV1OP4AC
2025-03-18 01:11:56,238 - INFO - Ingress_Enter EBFQ4PK8
2025-03-18 01:11:56,274 - INFO - Ingress_Enter 0O86HNL5
2025-03-18 01:11:56,304 - INFO - Ingress_Enter ZAMRZGFK
2025-03-18 01:11:56,327 - INFO - Ingress_Enter V199NDDW
2025-03-18 01:11:56,343 - INFO - Ingress_Enter NE2366YA
2025-03-18 01:11:56,390 - INFO - Ingress_Exit FURYQNPB
2025-03-18 01:11:56,444 - INFO - Ingress_Enter 62813B4U
2025-03-18 01:11:56,482 - INFO - Ingress_Enter 8TALE5F4
2025-03-18 01:11:56,509 - INFO - Ingress_Enter OSDHC1OQ
2025-03-18 01:11:56,532 - INFO - Ingress_Enter RZXMJ3HO
2025-03-18 01:11:56,595 - INFO - Ingress_Enter MT13W5MU
2025-03-18 01:11:56,633 - INFO - Ingress_Enter 3D05WO8E
2025-03-18 01:11:56,785 - INFO - Ingress_Enter 44G01CT0
2025-03-18 01:11:56,885 - INFO - Ingress_Enter T00E4UI2
2025-03-18 01:11:56,892 - INFO - Ingress_Enter P5LAN8P7
2025-03-18 01:11:56,923 - INFO - Ingress_Enter IBG9WUFZ
2025-03-18 01:11:56,950 - INFO - Ingress_Enter LZ6I0KDP
2025-03-18 01:11:56,990 - INFO - Ingress_Exit QQIFON9D
2025-03-18 01:11:57,009 - INFO - Ingress_Enter KK485C6F
2025-03-18 01:11:57,009 - INFO - Ingress_Enter HFYC8KOP
2025-03-18 01:11:57,065 - INFO - Ingress_Enter YJ6499RT
2025-03-18 01:11:57,073 - INFO - Ingress_Enter PL0KF1Q2
2025-03-18 01:11:57,103 - INFO - Ingress_Enter FEF4Q98Q
2025-03-18 01:11:57,213 - INFO - Ingress_Enter UWPUMTZ3
2025-03-18 01:11:57,402 - INFO - Ingress_Enter QYG1N543
2025-03-18 01:11:57,413 - INFO - Ingress_Enter TA2HQQYN
2025-03-18 01:11:57,522 - INFO - Ingress_Enter 1IH86SYG
2025-03-18 01:11:57,523 - INFO - Ingress_Enter FXGGPXSB
2025-03-18 01:11:57,542 - INFO - Ingress_Enter 517RPBGP
2025-03-18 01:11:58,052 - INFO - Ingress_Enter 5YYWV5M4
2025-03-18 01:11:58,403 - INFO - Ingress_Enter 1VE6SFIJ
2025-03-18 01:11:58,584 - INFO - Ingress_Enter JP6LK1H4
2025-03-18 01:11:58,593 - INFO - Ingress_Enter U7D5YT3V
2025-03-18 01:11:59,098 - INFO - Ingress_Enter PMY4FYD3
2025-03-18 01:11:59,123 - INFO - Ingress_Enter 3P0VJM3K
2025-03-18 01:11:59,544 - INFO - Ingress_Enter ACDMSOTS
2025-03-18 01:11:59,751 - INFO - Ingress_Enter 992NGM28
2025-03-18 01:11:59,826 - INFO - Ingress_Enter PLBKCB5N
2025-03-18 01:12:02,150 - INFO - Ingress_Exit 4R3LI2XQ
2025-03-18 01:12:02,152 - INFO - Ingress_Exit 0KFUMPQF
2025-03-18 01:12:02,155 - INFO - Ingress_Exit J2KIMA8F
2025-03-18 01:12:02,157 - INFO - Ingress_Exit 962TDIDJ
2025-03-18 01:12:02,159 - INFO - Ingress_Exit V199NDDW
2025-03-18 01:12:02,160 - INFO - Ingress_Exit 8TALE5F4
2025-03-18 01:12:02,162 - INFO - Ingress_Exit IV1OP4AC
2025-03-18 01:12:02,167 - INFO - Ingress_Exit RZXMJ3HO
2025-03-18 01:12:02,171 - INFO - Ingress_Exit ZAMRZGFK
2025-03-18 01:12:02,172 - INFO - Ingress_Exit 62813B4U
2025-03-18 01:12:02,173 - INFO - Ingress_Exit EBFQ4PK8
2025-03-18 01:12:02,173 - INFO - Ingress_Exit MT13W5MU
2025-03-18 01:12:02,174 - INFO - Ingress_Exit OSDHC1OQ
2025-03-18 01:12:02,178 - INFO - Ingress_Exit IRFJ45FF
2025-03-18 01:12:02,180 - INFO - Ingress_Exit DW26XJ5U
2025-03-18 01:12:03,422 - INFO - Ingress_Exit IQ2CR2FP
2025-03-18 01:12:03,423 - INFO - Ingress_Exit JS9Y1FJB
2025-03-18 01:12:03,424 - INFO - Ingress_Exit W53MW2H8
2025-03-18 01:12:03,429 - INFO - Ingress_Exit 9WESEBQS
2025-03-18 01:12:03,431 - INFO - Ingress_Exit MG5KVK1A
2025-03-18 01:12:03,431 - INFO - Ingress_Exit 93YJNDRB
2025-03-18 01:12:03,432 - INFO - Ingress_Exit 0O86HNL5
2025-03-18 01:12:03,434 - INFO - Ingress_Exit 85E6ODLH
2025-03-18 01:12:04,363 - INFO - Ingress_Exit M7EQ2NP3
2025-03-18 01:12:04,365 - INFO - Ingress_Exit LA224VOA
2025-03-18 01:12:04,367 - INFO - Ingress_Exit NE2366YA
2025-03-18 01:12:04,371 - INFO - Ingress_Exit 3D05WO8E
2025-03-18 01:12:04,884 - INFO - Ingress_Exit T00E4UI2
2025-03-18 01:12:06,668 - INFO - Ingress_Exit 44G01CT0
2025-03-18 01:12:06,668 - INFO - Ingress_Exit IBG9WUFZ
2025-03-18 01:12:06,669 - INFO - Ingress_Exit UWPUMTZ3
2025-03-18 01:12:06,674 - INFO - Ingress_Exit KK485C6F
2025-03-18 01:12:06,676 - INFO - Ingress_Exit HFYC8KOP
2025-03-18 01:12:06,677 - INFO - Ingress_Exit PL0KF1Q2
2025-03-18 01:12:06,677 - INFO - Ingress_Exit QYG1N543
2025-03-18 01:12:06,678 - INFO - Ingress_Exit TA2HQQYN
2025-03-18 01:12:06,681 - INFO - Ingress_Exit 517RPBGP
2025-03-18 01:12:06,682 - INFO - Ingress_Exit 1IH86SYG
2025-03-18 01:12:06,786 - INFO - Ingress_Exit LZ6I0KDP
2025-03-18 01:12:06,788 - INFO - Ingress_Exit P5LAN8P7
2025-03-18 01:12:06,794 - INFO - Ingress_Exit YJ6499RT
2025-03-18 01:12:06,796 - INFO - Ingress_Exit FEF4Q98Q
2025-03-18 01:12:07,346 - INFO - Ingress_Enter 4LL0ZQB4
2025-03-18 01:12:07,387 - INFO - Ingress_Enter MS1CE7ET
2025-03-18 01:12:07,410 - INFO - Ingress_Enter 3E0VGWZH
2025-03-18 01:12:07,516 - INFO - Ingress_Enter RY880DJK
2025-03-18 01:12:07,528 - INFO - Ingress_Enter 7JPWIOIA
2025-03-18 01:12:07,703 - INFO - Ingress_Enter 1AEEDDOK
2025-03-18 01:12:07,705 - INFO - Ingress_Enter AKK0EQLC
2025-03-18 01:12:07,707 - INFO - Ingress_Enter QEH81BNH
2025-03-18 01:12:07,757 - INFO - Ingress_Enter CK4PM2IE
2025-03-18 01:12:07,790 - INFO - Ingress_Exit FXGGPXSB
2025-03-18 01:12:07,791 - INFO - Ingress_Exit 1VE6SFIJ
2025-03-18 01:12:07,793 - INFO - Ingress_Exit 5YYWV5M4
2025-03-18 01:12:07,795 - INFO - Ingress_Exit U7D5YT3V
2025-03-18 01:12:07,797 - INFO - Ingress_Exit JP6LK1H4
2025-03-18 01:12:07,993 - INFO - Ingress_Enter YDEGBU2L
2025-03-18 01:12:08,008 - INFO - Ingress_Enter GNEWB50W
2025-03-18 01:12:08,017 - INFO - Ingress_Enter FGZ64G44
2025-03-18 01:12:08,096 - INFO - Ingress_Enter 5R8O4DZB
2025-03-18 01:12:08,113 - INFO - Ingress_Enter 31AV33TV
2025-03-18 01:12:08,135 - INFO - Ingress_Enter T9FN1SPI
2025-03-18 01:12:08,169 - INFO - Ingress_Enter ED7WX2ZZ
2025-03-18 01:12:08,315 - INFO - Ingress_Enter D57HW0TP
2025-03-18 01:12:08,352 - INFO - Ingress_Enter VPFXE6G2
2025-03-18 01:12:08,422 - INFO - Ingress_Enter O2TXD79E
2025-03-18 01:12:08,445 - INFO - Ingress_Enter LAG3MEP9
2025-03-18 01:12:08,453 - INFO - Ingress_Enter 8A1P2FQ4
2025-03-18 01:12:08,483 - INFO - Ingress_Enter 6HB96M1R
2025-03-18 01:12:08,633 - INFO - Ingress_Enter YWWJNTVJ
2025-03-18 01:12:08,733 - INFO - Ingress_Exit 3P0VJM3K
2025-03-18 01:12:08,735 - INFO - Ingress_Exit PMY4FYD3
2025-03-18 01:12:08,819 - INFO - Ingress_Enter ZYACSVR2
2025-03-18 01:12:08,880 - INFO - Ingress_Exit 992NGM28
2025-03-18 01:12:08,882 - INFO - Ingress_Exit PLBKCB5N
2025-03-18 01:12:08,884 - INFO - Ingress_Exit ACDMSOTS
2025-03-18 01:12:08,888 - INFO - Ingress_Exit 3E0VGWZH
2025-03-18 01:12:08,890 - INFO - Ingress_Exit RY880DJK
2025-03-18 01:12:08,895 - INFO - Ingress_Enter K8NLLXYD
2025-03-18 01:12:08,973 - INFO - Ingress_Enter XRYN0Y98
2025-03-18 01:12:09,037 - INFO - Ingress_Enter AHDA58B5
2025-03-18 01:12:09,085 - INFO - Ingress_Exit 1AEEDDOK
2025-03-18 01:12:09,160 - INFO - Ingress_Enter GQ0L5ZK2
2025-03-18 01:12:09,292 - INFO - Ingress_Enter EJ9OBRE3
2025-03-18 01:12:09,441 - INFO - Ingress_Exit AKK0EQLC
2025-03-18 01:12:09,443 - INFO - Ingress_Exit 4LL0ZQB4
2025-03-18 01:12:09,445 - INFO - Ingress_Exit MS1CE7ET
2025-03-18 01:12:09,466 - INFO - Ingress_Enter XQEM1YY2
2025-03-18 01:12:09,520 - INFO - Ingress_Enter GMWT3MR7
2025-03-18 01:12:09,535 - INFO - Ingress_Enter 76Z1G25I
2025-03-18 01:12:09,683 - INFO - Ingress_Enter RN7XMCJ5
2025-03-18 01:12:09,818 - INFO - Ingress_Enter IA6AO3QP
2025-03-18 01:12:09,990 - INFO - Ingress_Enter GU0CA79J
2025-03-18 01:12:10,139 - INFO - Ingress_Enter 45EYIHNA
2025-03-18 01:12:10,146 - INFO - Ingress_Enter DSB6ADRP
2025-03-18 01:12:10,164 - INFO - Ingress_Enter OENJ4C3H
2025-03-18 01:12:10,413 - INFO - Ingress_Enter J98DM7U6
2025-03-18 01:12:10,513 - INFO - Ingress_Enter TVCRDBCC
2025-03-18 01:12:10,552 - INFO - Ingress_Enter 160929PZ
2025-03-18 01:12:10,710 - INFO - Ingress_Enter 921QH0M9
2025-03-18 01:12:10,771 - INFO - Ingress_Enter NJO03V9Z
2025-03-18 01:12:10,809 - INFO - Ingress_Enter YFB4R345
2025-03-18 01:12:10,944 - INFO - Ingress_Enter RNGPCLXH
2025-03-18 01:12:10,975 - INFO - Ingress_Enter K3H58L96
2025-03-18 01:12:10,990 - INFO - Ingress_Enter 4Z7DS3GB
2025-03-18 01:12:11,069 - INFO - Ingress_Enter RI4ZFOE0
2025-03-18 01:12:11,144 - INFO - Ingress_Enter DMBPVNUN
2025-03-18 01:12:11,154 - INFO - Ingress_Enter 9YZD4X6U
2025-03-18 01:12:11,182 - INFO - Ingress_Enter 1CYL0OUW
2025-03-18 01:12:11,193 - INFO - Ingress_Enter 5GBFJ4DP
2025-03-18 01:12:11,207 - INFO - Ingress_Enter 1LF6DJTW
2025-03-18 01:12:11,327 - INFO - Ingress_Enter 8DIW2A5F
2025-03-18 01:12:11,343 - INFO - Ingress_Enter YLOWU3YL
2025-03-18 01:12:11,397 - INFO - Ingress_Enter JWU23F04
2025-03-18 01:12:11,412 - INFO - Ingress_Enter QPC5R0IE
2025-03-18 01:12:11,499 - INFO - Ingress_Enter 2U26FQVU
2025-03-18 01:12:11,703 - INFO - Ingress_Enter Q4M3ABIO
2025-03-18 01:12:11,746 - INFO - Ingress_Exit 7JPWIOIA
2025-03-18 01:12:11,858 - INFO - Ingress_Enter 9IFO1O8I
2025-03-18 01:12:11,923 - INFO - Ingress_Enter F0HJ8G01
2025-03-18 01:12:11,934 - INFO - Ingress_Enter D9CDZFQP
2025-03-18 01:12:11,938 - INFO - Ingress_Enter G2AS52L4
2025-03-18 01:12:11,969 - INFO - Ingress_Enter F2OUNTO6
2025-03-18 01:12:12,067 - INFO - Ingress_Enter 4B090KG6
2025-03-18 01:12:12,179 - INFO - Ingress_Enter X6Y7BCH9
2025-03-18 01:12:12,330 - INFO - Ingress_Enter EESSL4R0
2025-03-18 01:12:12,345 - INFO - Ingress_Enter N56FZLWL
2025-03-18 01:12:12,493 - INFO - Ingress_Enter KFUH9GAK
2025-03-18 01:12:12,713 - INFO - Ingress_Enter JW0BWUW0
2025-03-18 01:12:13,584 - INFO - Ingress_Enter 2BQ27A29
2025-03-18 01:12:14,287 - INFO - Ingress_Exit CK4PM2IE
2025-03-18 01:12:14,288 - INFO - Ingress_Exit QEH81BNH
2025-03-18 01:12:14,290 - INFO - Ingress_Exit YDEGBU2L
2025-03-18 01:12:14,291 - INFO - Ingress_Exit 31AV33TV
2025-03-18 01:12:14,294 - INFO - Ingress_Exit ED7WX2ZZ
2025-03-18 01:12:14,295 - INFO - Ingress_Exit FGZ64G44
2025-03-18 01:12:14,338 - INFO - Ingress_Exit GNEWB50W
2025-03-18 01:12:14,340 - INFO - Ingress_Exit LAG3MEP9
2025-03-18 01:12:14,534 - INFO - Ingress_Enter VTXTDFCJ
2025-03-18 01:12:14,620 - INFO - Ingress_Enter FR3AW9YW
2025-03-18 01:12:14,650 - INFO - Ingress_Enter JSRGYAP4
2025-03-18 01:12:14,750 - INFO - Ingress_Enter LI2KQTJ2
2025-03-18 01:12:14,769 - INFO - Ingress_Enter UAZADU23
2025-03-18 01:12:15,025 - INFO - Ingress_Enter HSG9V0KX
2025-03-18 01:12:15,034 - INFO - Ingress_Enter S7G4VA7E
2025-03-18 01:12:15,374 - INFO - Ingress_Enter 113ULCH8
2025-03-18 01:12:15,554 - INFO - Ingress_Enter 6I2Y1VDZ
2025-03-18 01:12:15,593 - INFO - Ingress_Enter HVERQKC2
2025-03-18 01:12:15,677 - INFO - Ingress_Exit 5R8O4DZB
2025-03-18 01:12:15,843 - INFO - Ingress_Enter ZF9LG8D6
2025-03-18 01:12:16,101 - INFO - Ingress_Enter 0PI9ALD3
2025-03-18 01:12:16,432 - INFO - Ingress_Enter E4LU8KJN
2025-03-18 01:12:16,463 - INFO - Ingress_Enter YLVMTMDG
2025-03-18 01:12:16,494 - INFO - Ingress_Enter R3PXSY06
2025-03-18 01:12:16,606 - INFO - Ingress_Enter R8H5O7FF
2025-03-18 01:12:16,713 - INFO - Ingress_Exit VPFXE6G2
2025-03-18 01:12:16,717 - INFO - Ingress_Exit 8A1P2FQ4
2025-03-18 01:12:16,719 - INFO - Ingress_Exit T9FN1SPI
2025-03-18 01:12:16,722 - INFO - Ingress_Exit D57HW0TP
2025-03-18 01:12:16,968 - INFO - Ingress_Exit GQ0L5ZK2
2025-03-18 01:12:16,974 - INFO - Ingress_Enter DQCYUDZ3
2025-03-18 01:12:16,990 - INFO - Ingress_Exit 6HB96M1R
2025-03-18 01:12:16,993 - INFO - Ingress_Exit YWWJNTVJ
2025-03-18 01:12:17,003 - INFO - Ingress_Exit O2TXD79E
2025-03-18 01:12:17,005 - INFO - Ingress_Exit ZYACSVR2
2025-03-18 01:12:17,007 - INFO - Ingress_Exit XRYN0Y98
2025-03-18 01:12:17,009 - INFO - Ingress_Exit K8NLLXYD
2025-03-18 01:12:17,011 - INFO - Ingress_Exit EJ9OBRE3
2025-03-18 01:12:17,070 - INFO - Ingress_Exit AHDA58B5
2025-03-18 01:12:17,071 - INFO - Ingress_Exit GMWT3MR7
2025-03-18 01:12:17,073 - INFO - Ingress_Exit 76Z1G25I
2025-03-18 01:12:17,253 - INFO - Ingress_Enter 8SXDIIEY
2025-03-18 01:12:17,354 - INFO - Ingress_Enter 8HCK1WY7
2025-03-18 01:12:17,417 - INFO - Ingress_Enter UI1ZL1MI
2025-03-18 01:12:17,514 - INFO - Ingress_Enter M5AA3R5R
2025-03-18 01:12:17,626 - INFO - Ingress_Enter P7IYQZYT
2025-03-18 01:12:17,801 - INFO - Ingress_Enter 632C9U6C
2025-03-18 01:12:17,809 - INFO - Ingress_Enter K6MCYFU3
2025-03-18 01:12:17,822 - INFO - Ingress_Exit XQEM1YY2
2025-03-18 01:12:17,824 - INFO - Ingress_Exit IA6AO3QP
2025-03-18 01:12:17,825 - INFO - Ingress_Exit RN7XMCJ5
2025-03-18 01:12:17,827 - INFO - Ingress_Exit GU0CA79J
2025-03-18 01:12:17,897 - INFO - Ingress_Enter INSJIGCF
2025-03-18 01:12:17,975 - INFO - Ingress_Exit DSB6ADRP
2025-03-18 01:12:17,977 - INFO - Ingress_Exit J98DM7U6
2025-03-18 01:12:17,980 - INFO - Ingress_Exit 45EYIHNA
2025-03-18 01:12:17,983 - INFO - Ingress_Exit OENJ4C3H
2025-03-18 01:12:18,024 - INFO - Ingress_Enter 2MERD4US
2025-03-18 01:12:18,093 - INFO - Ingress_Enter C8MVKL4E
2025-03-18 01:12:18,125 - INFO - Ingress_Enter W3UNPG1Q
2025-03-18 01:12:18,409 - INFO - Ingress_Enter OTFW5BUI
2025-03-18 01:12:18,510 - INFO - Ingress_Enter LIRLP8D9
2025-03-18 01:12:18,843 - INFO - Ingress_Enter LFQBN99Y
2025-03-18 01:12:18,937 - INFO - Ingress_Enter JJRNXE4R
2025-03-18 01:12:18,973 - INFO - Ingress_Exit TVCRDBCC
2025-03-18 01:12:19,151 - INFO - Ingress_Enter N14U2UB4
2025-03-18 01:12:19,207 - INFO - Ingress_Enter AZB0V2YG
2025-03-18 01:12:19,302 - INFO - Ingress_Enter ZZKI0DVN
2025-03-18 01:12:19,326 - INFO - Ingress_Enter YWLJO8WL
2025-03-18 01:12:19,642 - INFO - Ingress_Enter YRW7AYTP
2025-03-18 01:12:19,990 - INFO - Ingress_Enter 3EXN53DI
2025-03-18 01:12:20,021 - INFO - Ingress_Enter CJHFH414
2025-03-18 01:12:20,096 - INFO - Ingress_Exit 160929PZ
2025-03-18 01:12:20,097 - INFO - Ingress_Exit 921QH0M9
2025-03-18 01:12:20,572 - INFO - Ingress_Enter BEFAT5YE
2025-03-18 01:12:20,603 - INFO - Ingress_Enter E6RQ2CY8
2025-03-18 01:12:20,659 - INFO - Ingress_Enter X2ZSCPOZ
2025-03-18 01:12:20,900 - INFO - Ingress_Enter GL4HXWO5
2025-03-18 01:12:21,189 - INFO - Ingress_Enter KFH5EC32
2025-03-18 01:12:21,198 - INFO - Ingress_Enter FHZFN5QX
2025-03-18 01:12:21,258 - INFO - Ingress_Enter U7DMJTAZ
2025-03-18 01:12:21,538 - INFO - Ingress_Enter 3EEF231B
2025-03-18 01:12:21,740 - INFO - Ingress_Enter CV6T2QPA
2025-03-18 01:12:22,170 - INFO - Ingress_Enter 76EG00BU
2025-03-18 01:12:22,193 - INFO - Ingress_Enter F8F73YTB
2025-03-18 01:12:22,197 - INFO - Ingress_Exit YFB4R345
2025-03-18 01:12:22,199 - INFO - Ingress_Exit K3H58L96
2025-03-18 01:12:22,207 - INFO - Ingress_Exit NJO03V9Z
2025-03-18 01:12:22,209 - INFO - Ingress_Exit RI4ZFOE0
2025-03-18 01:12:22,211 - INFO - Ingress_Exit RNGPCLXH
2025-03-18 01:12:22,268 - INFO - Ingress_Enter ICJU43PD
2025-03-18 01:12:22,285 - INFO - Ingress_Enter 7N4ZVWTB
2025-03-18 01:12:22,394 - INFO - Ingress_Enter GD441XBN
2025-03-18 01:12:22,411 - INFO - Ingress_Enter 24QKALV6
2025-03-18 01:12:22,459 - INFO - Ingress_Enter TUU89EYW
2025-03-18 01:12:22,552 - INFO - Ingress_Enter I81WKA38
2025-03-18 01:12:22,606 - INFO - Ingress_Enter NIA34X15
2025-03-18 01:12:22,607 - INFO - Ingress_Enter VF9LB7NK
2025-03-18 01:12:22,777 - INFO - Ingress_Enter S3518GSH
2025-03-18 01:12:22,804 - INFO - Ingress_Enter OTV32OVD
2025-03-18 01:12:23,387 - INFO - Ingress_Enter SGSGVEOK
2025-03-18 01:12:23,650 - INFO - Ingress_Enter D43CPKHW
2025-03-18 01:12:23,852 - INFO - Ingress_Enter RRTR4QLV
2025-03-18 01:12:23,982 - INFO - Ingress_Enter NOGXTFVF
2025-03-18 01:12:24,098 - INFO - Ingress_Enter US0N2O65
2025-03-18 01:12:25,324 - INFO - Ingress_Enter JFTPJPAC
2025-03-18 01:12:25,336 - INFO - Ingress_Exit 4Z7DS3GB
2025-03-18 01:12:25,339 - INFO - Ingress_Exit DMBPVNUN
2025-03-18 01:12:25,342 - INFO - Ingress_Exit 1CYL0OUW
2025-03-18 01:12:25,345 - INFO - Ingress_Exit 9YZD4X6U
2025-03-18 01:12:25,347 - INFO - Ingress_Exit 5GBFJ4DP
2025-03-18 01:12:25,350 - INFO - Ingress_Exit 1LF6DJTW
2025-03-18 01:12:25,352 - INFO - Ingress_Exit YLOWU3YL
2025-03-18 01:12:25,353 - INFO - Ingress_Exit JWU23F04
2025-03-18 01:12:25,498 - INFO - Ingress_Exit 8DIW2A5F
2025-03-18 01:12:25,502 - INFO - Ingress_Exit QPC5R0IE
2025-03-18 01:12:25,563 - INFO - Ingress_Enter PK26YOQC
2025-03-18 01:12:25,573 - INFO - Ingress_Enter 24QFNRQ7
2025-03-18 01:12:25,648 - INFO - Ingress_Exit F0HJ8G01
2025-03-18 01:12:25,649 - INFO - Ingress_Exit D9CDZFQP
2025-03-18 01:12:25,652 - INFO - Ingress_Exit X6Y7BCH9
2025-03-18 01:12:25,687 - INFO - Ingress_Exit 2U26FQVU
2025-03-18 01:12:25,688 - INFO - Ingress_Exit Q4M3ABIO
2025-03-18 01:12:25,692 - INFO - Ingress_Exit G2AS52L4
2025-03-18 01:12:25,693 - INFO - Ingress_Exit F2OUNTO6
2025-03-18 01:12:25,694 - INFO - Ingress_Exit 9IFO1O8I
2025-03-18 01:12:25,752 - INFO - Ingress_Enter 1LB1F19Q
2025-03-18 01:12:25,768 - INFO - Ingress_Enter 83I3FYTA
2025-03-18 01:12:25,799 - INFO - Ingress_Enter 1YP06K0W
2025-03-18 01:12:25,988 - INFO - Ingress_Enter 98NSVKHS
2025-03-18 01:12:26,076 - INFO - Ingress_Enter RRTTAW9D
2025-03-18 01:12:26,208 - INFO - Ingress_Enter QAK61DFS
2025-03-18 01:12:26,334 - INFO - Ingress_Enter MJVEZYPV
2025-03-18 01:12:26,389 - INFO - Ingress_Enter FQK8ZWUW
2025-03-18 01:12:26,595 - INFO - Ingress_Enter RAZ9Q8DA
2025-03-18 01:12:26,611 - INFO - Ingress_Enter 6952420H
2025-03-18 01:12:26,670 - INFO - Ingress_Exit 4B090KG6
2025-03-18 01:12:26,672 - INFO - Ingress_Exit EESSL4R0
2025-03-18 01:12:26,673 - INFO - Ingress_Exit N56FZLWL
2025-03-18 01:12:26,675 - INFO - Ingress_Exit KFUH9GAK
2025-03-18 01:12:26,679 - INFO - Ingress_Exit JW0BWUW0
2025-03-18 01:12:26,680 - INFO - Ingress_Exit 2BQ27A29
2025-03-18 01:12:26,786 - INFO - Ingress_Enter VPTRJ7SL
2025-03-18 01:12:26,873 - INFO - Ingress_Enter 1HWN1C7N
2025-03-18 01:12:27,003 - INFO - Ingress_Enter P2YWSGTQ
2025-03-18 01:12:27,028 - INFO - Ingress_Exit VTXTDFCJ
2025-03-18 01:12:27,029 - INFO - Ingress_Exit FR3AW9YW
2025-03-18 01:12:27,073 - INFO - Ingress_Exit JSRGYAP4
2025-03-18 01:12:27,075 - INFO - Ingress_Exit LI2KQTJ2
2025-03-18 01:12:27,076 - INFO - Ingress_Exit HSG9V0KX
2025-03-18 01:12:27,078 - INFO - Ingress_Exit S7G4VA7E
2025-03-18 01:12:27,081 - INFO - Ingress_Exit UAZADU23
2025-03-18 01:12:27,084 - INFO - Ingress_Exit 113ULCH8
2025-03-18 01:12:27,084 - INFO - Ingress_Exit 6I2Y1VDZ
2025-03-18 01:12:27,088 - INFO - Ingress_Enter EEVOQUXC
2025-03-18 01:12:27,166 - INFO - Ingress_Enter 8Z1KZJ8L
2025-03-18 01:12:27,229 - INFO - Ingress_Enter AYKPY7FF
2025-03-18 01:12:27,237 - INFO - Ingress_Enter BBH3CYL3
2025-03-18 01:12:27,252 - INFO - Ingress_Enter MET5CRA7
2025-03-18 01:12:27,293 - INFO - Ingress_Enter ZLUHPCU0
2025-03-18 01:12:27,303 - INFO - Ingress_Enter PWHF5FS2
2025-03-18 01:12:27,356 - INFO - Ingress_Enter 8KE1BCIF
2025-03-18 01:12:27,435 - INFO - Ingress_Enter BYIBHVY6
2025-03-18 01:12:27,458 - INFO - Ingress_Enter EE9KWBAB
2025-03-18 01:12:27,633 - INFO - Ingress_Enter OGZ5K60K
2025-03-18 01:12:27,647 - INFO - Ingress_Enter 1IUVCWGY
2025-03-18 01:12:27,649 - INFO - Ingress_Enter JU1OWIRT
2025-03-18 01:12:27,739 - INFO - Ingress_Enter COQP1V2I
2025-03-18 01:12:27,873 - INFO - Ingress_Enter DCJUVHDB
2025-03-18 01:12:27,989 - INFO - Ingress_Enter TVJIS98W
2025-03-18 01:12:28,005 - INFO - Ingress_Enter KNEG4IHO
2025-03-18 01:12:28,012 - INFO - Ingress_Enter HC7E0Z2L
2025-03-18 01:12:28,060 - INFO - Ingress_Enter ANPCDA9C
2025-03-18 01:12:28,186 - INFO - Ingress_Enter EFEQ7NS3
2025-03-18 01:12:28,379 - INFO - Ingress_Enter NPFHI17I
2025-03-18 01:12:28,843 - INFO - Ingress_Enter OUMVCQG0
2025-03-18 01:12:29,096 - INFO - Ingress_Enter S8UIWW2L
2025-03-18 01:12:29,176 - INFO - Ingress_Enter 3B8RPA28
2025-03-18 01:12:29,239 - INFO - Ingress_Enter FT47UVGV
2025-03-18 01:12:29,579 - INFO - Ingress_Enter 5RSZV0AJ
2025-03-18 01:12:29,634 - INFO - Ingress_Enter DLRD9O6W
2025-03-18 01:12:29,746 - INFO - Ingress_Enter 5IECD38G
2025-03-18 01:12:30,067 - INFO - Ingress_Exit HVERQKC2
2025-03-18 01:12:30,068 - INFO - Ingress_Exit ZF9LG8D6
2025-03-18 01:12:30,223 - INFO - Ingress_Enter 15FY75GT
2025-03-18 01:12:30,239 - INFO - Ingress_Enter PB54RB5P
2025-03-18 01:12:30,559 - INFO - Ingress_Exit 0PI9ALD3
2025-03-18 01:12:30,564 - INFO - Ingress_Exit E4LU8KJN
2025-03-18 01:12:30,565 - INFO - Ingress_Exit YLVMTMDG
2025-03-18 01:12:30,567 - INFO - Ingress_Exit R8H5O7FF
2025-03-18 01:12:30,570 - INFO - Ingress_Exit 8SXDIIEY
2025-03-18 01:12:30,571 - INFO - Ingress_Exit 8HCK1WY7
2025-03-18 01:12:30,573 - INFO - Ingress_Exit DQCYUDZ3
2025-03-18 01:12:30,579 - INFO - Ingress_Exit UI1ZL1MI
2025-03-18 01:12:30,583 - INFO - Ingress_Exit M5AA3R5R
2025-03-18 01:12:30,587 - INFO - Ingress_Exit K6MCYFU3
2025-03-18 01:12:30,594 - INFO - Ingress_Exit INSJIGCF
2025-03-18 01:12:30,596 - INFO - Ingress_Exit 632C9U6C
2025-03-18 01:12:30,597 - INFO - Ingress_Exit C8MVKL4E
2025-03-18 01:12:30,598 - INFO - Ingress_Exit LIRLP8D9
2025-03-18 01:12:30,601 - INFO - Ingress_Exit JJRNXE4R
2025-03-18 01:12:30,603 - INFO - Ingress_Exit N14U2UB4
2025-03-18 01:12:30,604 - INFO - Ingress_Exit LFQBN99Y
2025-03-18 01:12:30,605 - INFO - Ingress_Exit ZZKI0DVN
2025-03-18 01:12:30,605 - INFO - Ingress_Exit YRW7AYTP
2025-03-18 01:12:30,606 - INFO - Ingress_Exit BEFAT5YE
2025-03-18 01:12:30,608 - INFO - Ingress_Exit YWLJO8WL
2025-03-18 01:12:30,609 - INFO - Ingress_Exit GL4HXWO5
2025-03-18 01:12:30,611 - INFO - Ingress_Enter X9UHF8XQ
2025-03-18 01:12:30,619 - INFO - Ingress_Exit KFH5EC32
2025-03-18 01:12:30,622 - INFO - Ingress_Exit U7DMJTAZ
2025-03-18 01:12:30,632 - INFO - Ingress_Exit FHZFN5QX
2025-03-18 01:12:30,637 - INFO - Ingress_Exit ICJU43PD
2025-03-18 01:12:30,640 - INFO - Ingress_Exit 3EEF231B
2025-03-18 01:12:30,641 - INFO - Ingress_Exit 7N4ZVWTB
2025-03-18 01:12:30,642 - INFO - Ingress_Exit TUU89EYW
2025-03-18 01:12:30,644 - INFO - Ingress_Exit S3518GSH
2025-03-18 01:12:30,647 - INFO - Ingress_Exit NIA34X15
2025-03-18 01:12:30,648 - INFO - Ingress_Exit OTV32OVD
2025-03-18 01:12:30,649 - INFO - Ingress_Exit SGSGVEOK
2025-03-18 01:12:30,650 - INFO - Ingress_Exit D43CPKHW
2025-03-18 01:12:30,651 - INFO - Ingress_Exit US0N2O65
2025-03-18 01:12:30,656 - INFO - Ingress_Exit RRTR4QLV
2025-03-18 01:12:30,657 - INFO - Ingress_Exit NOGXTFVF
2025-03-18 01:12:30,658 - INFO - Ingress_Exit PK26YOQC
2025-03-18 01:12:30,659 - INFO - Ingress_Exit 1LB1F19Q
2025-03-18 01:12:30,660 - INFO - Ingress_Exit 83I3FYTA
2025-03-18 01:12:30,661 - INFO - Ingress_Exit 1YP06K0W
2025-03-18 01:12:30,663 - INFO - Ingress_Exit RRTTAW9D
2025-03-18 01:12:30,679 - INFO - Ingress_Enter KALBQ0IE
2025-03-18 01:12:30,688 - INFO - Ingress_Enter YMD7DZJK
2025-03-18 01:12:30,698 - INFO - Ingress_Exit R3PXSY06
2025-03-18 01:12:30,699 - INFO - Ingress_Exit P7IYQZYT
2025-03-18 01:12:30,702 - INFO - Ingress_Exit W3UNPG1Q
2025-03-18 01:12:30,702 - INFO - Ingress_Exit 2MERD4US
2025-03-18 01:12:30,703 - INFO - Ingress_Exit OTFW5BUI
2025-03-18 01:12:30,705 - INFO - Ingress_Exit AZB0V2YG
2025-03-18 01:12:30,706 - INFO - Ingress_Exit 3EXN53DI
2025-03-18 01:12:30,708 - INFO - Ingress_Exit CJHFH414
2025-03-18 01:12:30,712 - INFO - Ingress_Exit E6RQ2CY8
2025-03-18 01:12:30,714 - INFO - Ingress_Exit X2ZSCPOZ
2025-03-18 01:12:30,718 - INFO - Ingress_Exit CV6T2QPA
2025-03-18 01:12:30,719 - INFO - Ingress_Exit GD441XBN
2025-03-18 01:12:30,720 - INFO - Ingress_Exit 76EG00BU
2025-03-18 01:12:30,722 - INFO - Ingress_Exit I81WKA38
2025-03-18 01:12:30,723 - INFO - Ingress_Exit VF9LB7NK
2025-03-18 01:12:30,724 - INFO - Ingress_Exit JFTPJPAC
2025-03-18 01:12:30,724 - INFO - Ingress_Exit 24QFNRQ7
2025-03-18 01:12:30,725 - INFO - Ingress_Exit 98NSVKHS
2025-03-18 01:12:30,726 - INFO - Ingress_Exit MJVEZYPV
2025-03-18 01:12:30,728 - INFO - Ingress_Exit RAZ9Q8DA
2025-03-18 01:12:30,728 - INFO - Ingress_Exit 6952420H
2025-03-18 01:12:30,732 - INFO - Ingress_Enter H3SAVTIG
2025-03-18 01:12:30,775 - INFO - Ingress_Enter JTCQSD4D
2025-03-18 01:12:30,856 - INFO - Ingress_Enter RFGJF6NL
2025-03-18 01:12:30,865 - INFO - Ingress_Enter 1WV7ZR6J
2025-03-18 01:12:30,879 - INFO - Ingress_Enter SGOP3GQ4
2025-03-18 01:12:30,907 - INFO - Ingress_Enter RX7478VF
2025-03-18 01:12:30,976 - INFO - Ingress_Enter PH46K2S7
2025-03-18 01:12:31,042 - INFO - Ingress_Enter 7VTPN40A
2025-03-18 01:12:31,073 - INFO - Ingress_Enter 93DPAXW1
2025-03-18 01:12:31,184 - INFO - Ingress_Enter U5BZDKR7
2025-03-18 01:12:31,231 - INFO - Ingress_Enter 96B3T72F
2025-03-18 01:12:31,265 - INFO - Ingress_Enter HXICD60N
2025-03-18 01:12:31,279 - INFO - Ingress_Enter X3MBAZR7
2025-03-18 01:12:31,434 - INFO - Ingress_Enter G5RN7C9D
2025-03-18 01:12:31,489 - INFO - Ingress_Enter GHYYZYFB
2025-03-18 01:12:31,504 - INFO - Ingress_Enter MO818MAK
2025-03-18 01:12:31,539 - INFO - Ingress_Enter AI3114GA
2025-03-18 01:12:31,573 - INFO - Ingress_Enter W7I1HXYY
2025-03-18 01:12:31,611 - INFO - Ingress_Enter 4M8W32O2
2025-03-18 01:12:31,672 - INFO - Ingress_Exit F8F73YTB
2025-03-18 01:12:31,673 - INFO - Ingress_Exit 24QKALV6
2025-03-18 01:12:31,676 - INFO - Ingress_Exit QAK61DFS
2025-03-18 01:12:31,678 - INFO - Ingress_Exit FQK8ZWUW
2025-03-18 01:12:31,679 - INFO - Ingress_Exit VPTRJ7SL
2025-03-18 01:12:31,680 - INFO - Ingress_Exit 1HWN1C7N
2025-03-18 01:12:31,681 - INFO - Ingress_Exit P2YWSGTQ
2025-03-18 01:12:31,682 - INFO - Ingress_Exit EEVOQUXC
2025-03-18 01:12:31,682 - INFO - Ingress_Exit AYKPY7FF
2025-03-18 01:12:31,683 - INFO - Ingress_Exit 8KE1BCIF
2025-03-18 01:12:31,698 - INFO - Ingress_Enter QFB0X412
2025-03-18 01:12:31,793 - INFO - Ingress_Enter YMKE9JFI
2025-03-18 01:12:31,880 - INFO - Ingress_Enter F3QEG7RV
2025-03-18 01:12:31,898 - INFO - Ingress_Enter 8D71WV9Z
2025-03-18 01:12:31,921 - INFO - Ingress_Enter 8KL8V44T
2025-03-18 01:12:31,930 - INFO - Ingress_Enter AOFAUZK5
2025-03-18 01:12:31,992 - INFO - Ingress_Enter 0ODGAOMI
2025-03-18 01:12:32,075 - INFO - Ingress_Enter NM6JUEK6
2025-03-18 01:12:32,084 - INFO - Ingress_Enter F3FRA1ZQ
2025-03-18 01:12:32,145 - INFO - Ingress_Enter E31RDPQ9
2025-03-18 01:12:32,252 - INFO - Ingress_Exit 8Z1KZJ8L
2025-03-18 01:12:32,254 - INFO - Ingress_Exit BBH3CYL3
2025-03-18 01:12:32,257 - INFO - Ingress_Exit MET5CRA7
2025-03-18 01:12:32,260 - INFO - Ingress_Exit ZLUHPCU0
2025-03-18 01:12:32,263 - INFO - Ingress_Exit PWHF5FS2
2025-03-18 01:12:32,265 - INFO - Ingress_Exit BYIBHVY6
2025-03-18 01:12:32,267 - INFO - Ingress_Exit EE9KWBAB
2025-03-18 01:12:32,268 - INFO - Ingress_Exit OGZ5K60K
2025-03-18 01:12:32,269 - INFO - Ingress_Exit JU1OWIRT
2025-03-18 01:12:32,269 - INFO - Ingress_Exit COQP1V2I
2025-03-18 01:12:32,270 - INFO - Ingress_Exit 1IUVCWGY
2025-03-18 01:12:32,314 - INFO - Ingress_Enter XRYRQP6V
2025-03-18 01:12:32,352 - INFO - Ingress_Enter MSNGZIN9
2025-03-18 01:12:32,430 - INFO - Ingress_Enter 8GSWH002
2025-03-18 01:12:32,474 - INFO - Ingress_Enter 49FIOVMJ
2025-03-18 01:12:32,544 - INFO - Ingress_Enter QCRS0GL6
2025-03-18 01:12:32,653 - INFO - Ingress_Enter SMJPSI8Q
2025-03-18 01:12:32,683 - INFO - Ingress_Enter JKTSH3R3
2025-03-18 01:12:32,725 - INFO - Ingress_Enter F4ELCT7R
2025-03-18 01:12:32,849 - INFO - Ingress_Enter JUCOF5CW
2025-03-18 01:12:32,873 - INFO - Ingress_Enter CI6RF3OS
2025-03-18 01:12:32,936 - INFO - Ingress_Enter 182SHS1C
2025-03-18 01:12:32,993 - INFO - Ingress_Enter MMA8ASR5
2025-03-18 01:12:33,012 - INFO - Ingress_Enter JK7DJ8KP
2025-03-18 01:12:33,347 - INFO - Ingress_Enter 19LOIDK2
2025-03-18 01:12:33,355 - INFO - Ingress_Exit DCJUVHDB
2025-03-18 01:12:33,358 - INFO - Ingress_Exit ANPCDA9C
2025-03-18 01:12:33,372 - INFO - Ingress_Enter DPBE0HJT
2025-03-18 01:12:33,435 - INFO - Ingress_Enter 5FV57CM2
2025-03-18 01:12:33,494 - INFO - Ingress_Enter 4ON8VYGV
2025-03-18 01:12:33,604 - INFO - Ingress_Enter DFEQ5K50
2025-03-18 01:12:33,627 - INFO - Ingress_Enter RWZTBE71
2025-03-18 01:12:33,645 - INFO - Ingress_Exit KNEG4IHO
2025-03-18 01:12:33,648 - INFO - Ingress_Exit TVJIS98W
2025-03-18 01:12:33,650 - INFO - Ingress_Exit EFEQ7NS3
2025-03-18 01:12:33,654 - INFO - Ingress_Exit HC7E0Z2L
2025-03-18 01:12:33,657 - INFO - Ingress_Exit NPFHI17I
2025-03-18 01:12:33,660 - INFO - Ingress_Exit OUMVCQG0
2025-03-18 01:12:33,661 - INFO - Ingress_Exit S8UIWW2L
2025-03-18 01:12:33,661 - INFO - Ingress_Exit 3B8RPA28
2025-03-18 01:12:33,662 - INFO - Ingress_Exit FT47UVGV
2025-03-18 01:12:33,663 - INFO - Ingress_Exit 5IECD38G
2025-03-18 01:12:33,667 - INFO - Ingress_Exit 5RSZV0AJ
2025-03-18 01:12:33,670 - INFO - Ingress_Exit DLRD9O6W
2025-03-18 01:12:33,671 - INFO - Ingress_Exit 15FY75GT
2025-03-18 01:12:33,671 - INFO - Ingress_Exit PB54RB5P
2025-03-18 01:12:33,676 - INFO - Ingress_Enter KE3AO1VH
2025-03-18 01:12:33,679 - INFO - Ingress_Exit JTCQSD4D
2025-03-18 01:12:33,683 - INFO - Ingress_Exit X9UHF8XQ
2025-03-18 01:12:33,691 - INFO - Ingress_Exit YMD7DZJK
2025-03-18 01:12:33,693 - INFO - Ingress_Exit RFGJF6NL
2025-03-18 01:12:33,694 - INFO - Ingress_Exit 1WV7ZR6J
2025-03-18 01:12:33,699 - INFO - Ingress_Exit SGOP3GQ4
2025-03-18 01:12:33,701 - INFO - Ingress_Exit RX7478VF
2025-03-18 01:12:33,702 - INFO - Ingress_Exit H3SAVTIG
2025-03-18 01:12:33,894 - INFO - Ingress_Enter K4X4A9T2
2025-03-18 01:12:33,980 - INFO - Ingress_Enter H8LMJVL6
2025-03-18 01:12:34,095 - INFO - Ingress_Enter RJFYRI1K
2025-03-18 01:12:34,133 - INFO - Ingress_Enter IZVSC6IX
2025-03-18 01:12:34,157 - INFO - Ingress_Enter M31B0CCV
2025-03-18 01:12:34,166 - INFO - Ingress_Enter Z8GNJMGM
2025-03-18 01:12:34,171 - INFO - Ingress_Enter 9O7GI8ZR
2025-03-18 01:12:34,183 - INFO - Ingress_Enter IIHEEVX4
2025-03-18 01:12:34,188 - INFO - Ingress_Enter 6NZ583KM
2025-03-18 01:12:34,250 - INFO - Ingress_Enter 0HYBV33R
2025-03-18 01:12:34,316 - INFO - Ingress_Enter NOY8A4KE
2025-03-18 01:12:34,326 - INFO - Ingress_Enter QBLYQ8BV
2025-03-18 01:12:34,412 - INFO - Ingress_Enter FHIAXMZB
2025-03-18 01:12:34,425 - INFO - Ingress_Enter UG6MODXE
2025-03-18 01:12:34,437 - INFO - Ingress_Enter 3Y3RUFE9
2025-03-18 01:12:34,500 - INFO - Ingress_Enter 9ZUQ4NI2
2025-03-18 01:12:34,509 - INFO - Ingress_Enter QAYA3102
2025-03-18 01:12:34,566 - INFO - Ingress_Enter SUIF2YCV
2025-03-18 01:12:34,571 - INFO - Ingress_Enter B06CQL4Z
2025-03-18 01:12:34,669 - INFO - Ingress_Enter EGZSHG6V
2025-03-18 01:12:35,167 - INFO - Ingress_Enter 95WIY7OB
2025-03-18 01:12:35,197 - INFO - Ingress_Enter 2YSCE7WO
2025-03-18 01:12:35,208 - INFO - Ingress_Enter 8DI1TI90
2025-03-18 01:12:35,411 - INFO - Ingress_Enter VNWSBG4L
2025-03-18 01:12:35,491 - INFO - Ingress_Enter N9BH3MKX
2025-03-18 01:12:35,731 - INFO - Ingress_Enter VD37LNF4
2025-03-18 01:12:35,771 - INFO - Ingress_Enter SRIGWUE5
2025-03-18 01:12:36,002 - INFO - Ingress_Enter 773Q23C4
2025-03-18 01:12:36,024 - INFO - Ingress_Enter FEI8VOWK
2025-03-18 01:12:36,071 - INFO - Ingress_Enter XS09A09Z
2025-03-18 01:12:36,176 - INFO - Ingress_Enter J44ISC9E
2025-03-18 01:12:36,434 - INFO - Ingress_Enter C35KF367
2025-03-18 01:12:36,605 - INFO - Ingress_Enter OJHXIHX0
2025-03-18 01:12:36,780 - INFO - Ingress_Enter CTNDZPUQ
2025-03-18 01:12:37,056 - INFO - Ingress_Enter V7SKYXFX
2025-03-18 01:12:37,268 - INFO - Ingress_Enter 870HOPGE
2025-03-18 01:12:37,284 - INFO - Ingress_Enter DHWDCKBF
2025-03-18 01:12:37,324 - INFO - Ingress_Enter 2V74ZWSW
2025-03-18 01:12:37,540 - INFO - Ingress_Enter 2KKGRTZO
2025-03-18 01:12:37,589 - INFO - Ingress_Enter B4AMTIAG
2025-03-18 01:12:37,676 - INFO - Ingress_Enter YW6EVI3C
2025-03-18 01:12:37,725 - INFO - Ingress_Enter TB6JY94C
2025-03-18 01:12:37,738 - INFO - Ingress_Enter 9GUQC484
2025-03-18 01:12:37,755 - INFO - Ingress_Enter S2YHAU25
2025-03-18 01:12:38,194 - INFO - Ingress_Enter RI7TISED
2025-03-18 01:12:38,356 - INFO - Ingress_Enter XPIAR2L6
2025-03-18 01:12:38,983 - INFO - Ingress_Enter GSO4X05E
2025-03-18 01:12:39,276 - INFO - Ingress_Enter MEF8U655
2025-03-18 01:12:39,348 - INFO - Ingress_Enter FIE2LP2F
2025-03-18 01:12:39,486 - INFO - Ingress_Enter OSNTIGNR
2025-03-18 01:12:39,627 - INFO - Ingress_Enter WI7MMRZV
2025-03-18 01:12:39,957 - INFO - Ingress_Enter JMJ3QFBW
2025-03-18 01:12:40,292 - INFO - Ingress_Enter 2ZQGMRG0
2025-03-18 01:12:41,972 - INFO - Ingress_Enter S80UYJU7
2025-03-18 01:12:42,164 - INFO - Ingress_Enter 6Z7VILCE
2025-03-18 01:12:42,968 - INFO - Ingress_Enter JR6VF910
2025-03-18 01:12:43,536 - INFO - Ingress_Exit KALBQ0IE
2025-03-18 01:12:43,559 - INFO - Ingress_Enter UFL84XW2
2025-03-18 01:12:44,850 - INFO - Ingress_Exit PH46K2S7
2025-03-18 01:12:45,147 - INFO - Ingress_Enter EPH2JJ3B
2025-03-18 01:12:45,282 - INFO - Ingress_Exit 7VTPN40A
2025-03-18 01:12:45,284 - INFO - Ingress_Exit GHYYZYFB
2025-03-18 01:12:45,287 - INFO - Ingress_Exit 93DPAXW1
2025-03-18 01:12:45,289 - INFO - Ingress_Exit U5BZDKR7
2025-03-18 01:12:45,291 - INFO - Ingress_Exit MO818MAK
2025-03-18 01:12:45,422 - INFO - Ingress_Enter N34HRQHL
2025-03-18 01:12:45,436 - INFO - Ingress_Enter EIUCHV2R
2025-03-18 01:12:45,460 - INFO - Ingress_Enter 6Z7X6MHV
2025-03-18 01:12:45,565 - INFO - Ingress_Enter WXOPUY9U
2025-03-18 01:12:45,686 - INFO - Ingress_Enter 4G9OX3KS
2025-03-18 01:12:45,769 - INFO - Ingress_Exit 96B3T72F
2025-03-18 01:12:46,112 - INFO - Ingress_Enter 5Y364W6O
2025-03-18 01:12:48,034 - INFO - Ingress_Exit W7I1HXYY
2025-03-18 01:12:48,221 - INFO - Ingress_Exit 4M8W32O2
2025-03-18 01:12:48,222 - INFO - Ingress_Exit HXICD60N
2025-03-18 01:12:48,225 - INFO - Ingress_Exit G5RN7C9D
2025-03-18 01:12:48,227 - INFO - Ingress_Exit X3MBAZR7
2025-03-18 01:12:48,229 - INFO - Ingress_Exit AI3114GA
2025-03-18 01:12:48,230 - INFO - Ingress_Exit QFB0X412
2025-03-18 01:12:48,235 - INFO - Ingress_Exit 8KL8V44T
2025-03-18 01:12:48,237 - INFO - Ingress_Exit YMKE9JFI
2025-03-18 01:12:48,240 - INFO - Ingress_Exit F3QEG7RV
2025-03-18 01:12:48,240 - INFO - Ingress_Exit 8D71WV9Z
2025-03-18 01:12:48,241 - INFO - Ingress_Exit AOFAUZK5
2025-03-18 01:12:48,242 - INFO - Ingress_Exit 0ODGAOMI
2025-03-18 01:12:48,250 - INFO - Ingress_Enter KPGTWTU7
2025-03-18 01:12:48,255 - INFO - Ingress_Enter 8GJXDDCZ
2025-03-18 01:12:48,353 - INFO - Ingress_Enter 16EXPC7H
2025-03-18 01:12:48,369 - INFO - Ingress_Enter O4CC6R0M
2025-03-18 01:12:48,407 - INFO - Ingress_Enter KBGP8NKH
2025-03-18 01:12:48,507 - INFO - Ingress_Enter 26NY4KA3
2025-03-18 01:12:48,529 - INFO - Ingress_Enter RAE7W2UE
2025-03-18 01:12:48,563 - INFO - Ingress_Enter VZEM0LGX
2025-03-18 01:12:48,718 - INFO - Ingress_Enter WX5E34ZA
2025-03-18 01:12:48,885 - INFO - Ingress_Enter 3ZG80BSK
2025-03-18 01:12:48,941 - INFO - Ingress_Enter G5DNXZ01
2025-03-18 01:12:48,956 - INFO - Ingress_Enter 08TH40VG
2025-03-18 01:12:48,990 - INFO - Ingress_Enter NLLO1127
2025-03-18 01:12:50,292 - INFO - Ingress_Exit NM6JUEK6
2025-03-18 01:12:50,293 - INFO - Ingress_Exit F3FRA1ZQ
2025-03-18 01:12:50,297 - INFO - Ingress_Exit XRYRQP6V
2025-03-18 01:12:50,298 - INFO - Ingress_Exit E31RDPQ9
2025-03-18 01:12:50,489 - INFO - Ingress_Enter 4I6AMUMX
2025-03-18 01:12:50,675 - INFO - Ingress_Enter TQCWBFUY
2025-03-18 01:12:50,859 - INFO - Ingress_Enter GSMI4JLM
2025-03-18 01:12:50,950 - INFO - Ingress_Enter L1GATGJV
2025-03-18 01:12:52,349 - INFO - Ingress_Exit QCRS0GL6
2025-03-18 01:12:52,350 - INFO - Ingress_Exit 49FIOVMJ
2025-03-18 01:12:52,383 - INFO - Ingress_Enter KAPWCYSY
2025-03-18 01:12:52,432 - INFO - Ingress_Enter 2X89O3YA
2025-03-18 01:12:52,433 - INFO - Ingress_Exit 5FV57CM2
2025-03-18 01:12:52,442 - INFO - Ingress_Exit IZVSC6IX
2025-03-18 01:12:52,444 - INFO - Ingress_Exit 9O7GI8ZR
2025-03-18 01:12:52,563 - INFO - Ingress_Enter JISNR3JD
2025-03-18 01:12:52,584 - INFO - Ingress_Enter I3X84K2U
2025-03-18 01:12:52,609 - INFO - Ingress_Enter WUK9ETO1
2025-03-18 01:12:52,783 - INFO - Ingress_Exit MSNGZIN9
2025-03-18 01:12:52,784 - INFO - Ingress_Exit 8GSWH002
2025-03-18 01:12:52,789 - INFO - Ingress_Exit F4ELCT7R
2025-03-18 01:12:52,790 - INFO - Ingress_Exit JUCOF5CW
2025-03-18 01:12:52,792 - INFO - Ingress_Exit 182SHS1C
2025-03-18 01:12:52,793 - INFO - Ingress_Exit SMJPSI8Q
2025-03-18 01:12:52,795 - INFO - Ingress_Exit JKTSH3R3
2025-03-18 01:12:52,797 - INFO - Ingress_Exit CI6RF3OS
2025-03-18 01:12:52,830 - INFO - Ingress_Exit MMA8ASR5
2025-03-18 01:12:52,831 - INFO - Ingress_Exit JK7DJ8KP
2025-03-18 01:12:52,879 - INFO - Ingress_Enter T9LM419O
2025-03-18 01:12:52,930 - INFO - Ingress_Enter 9WT7R7UH
2025-03-18 01:12:52,934 - INFO - Ingress_Enter BV5E1LRA
2025-03-18 01:12:52,954 - INFO - Ingress_Enter NWTQHLCP
2025-03-18 01:12:52,971 - INFO - Ingress_Exit 19LOIDK2
2025-03-18 01:12:52,972 - INFO - Ingress_Exit DPBE0HJT
2025-03-18 01:12:52,974 - INFO - Ingress_Exit DFEQ5K50
2025-03-18 01:12:52,998 - INFO - Ingress_Enter EUH21FX1
2025-03-18 01:12:53,039 - INFO - Ingress_Enter EM09AW19
2025-03-18 01:12:53,078 - INFO - Ingress_Enter IXVWUK89
2025-03-18 01:12:53,088 - INFO - Ingress_Enter 0HTV764F
2025-03-18 01:12:53,096 - INFO - Ingress_Enter B0G1J0YE
2025-03-18 01:12:53,179 - INFO - Ingress_Enter IXUC8033
2025-03-18 01:12:53,209 - INFO - Ingress_Enter ONCHNUWJ
2025-03-18 01:12:53,228 - INFO - Ingress_Enter IVHQP0FZ
2025-03-18 01:12:53,231 - INFO - Ingress_Enter Y1T0YIJ8
2025-03-18 01:12:53,393 - INFO - Ingress_Exit RWZTBE71
2025-03-18 01:12:53,394 - INFO - Ingress_Exit 4ON8VYGV
2025-03-18 01:12:53,397 - INFO - Ingress_Exit H8LMJVL6
2025-03-18 01:12:53,401 - INFO - Ingress_Exit K4X4A9T2
2025-03-18 01:12:53,404 - INFO - Ingress_Exit KE3AO1VH
2025-03-18 01:12:53,406 - INFO - Ingress_Exit RJFYRI1K
2025-03-18 01:12:53,408 - INFO - Ingress_Exit IIHEEVX4
2025-03-18 01:12:53,409 - INFO - Ingress_Exit NOY8A4KE
2025-03-18 01:12:53,410 - INFO - Ingress_Exit M31B0CCV
2025-03-18 01:12:53,429 - INFO - Ingress_Enter S8XNIW0S
2025-03-18 01:12:53,430 - INFO - Ingress_Enter 0DYD846X
2025-03-18 01:12:53,489 - INFO - Ingress_Enter J08LSXEX
2025-03-18 01:12:53,527 - INFO - Ingress_Enter KD1GTSPH
2025-03-18 01:12:53,664 - INFO - Ingress_Enter DX4IRGK1
2025-03-18 01:12:53,737 - INFO - Ingress_Enter 1IOY9ZHS
2025-03-18 01:12:53,742 - INFO - Ingress_Enter 3GBRLTO1
2025-03-18 01:12:53,760 - INFO - Ingress_Enter PJQ1USQ7
2025-03-18 01:12:53,775 - INFO - Ingress_Enter OXZNYL4S
2025-03-18 01:12:55,598 - INFO - Ingress_Exit Z8GNJMGM
2025-03-18 01:12:55,601 - INFO - Ingress_Exit 6NZ583KM
2025-03-18 01:12:55,608 - INFO - Ingress_Exit 0HYBV33R
2025-03-18 01:12:55,648 - INFO - Ingress_Enter PTX00GSG
2025-03-18 01:12:55,683 - INFO - Ingress_Enter HSTWCJL6
2025-03-18 01:12:55,739 - INFO - Ingress_Enter V0IGW9CA
2025-03-18 01:12:56,124 - INFO - Ingress_Exit FHIAXMZB
2025-03-18 01:12:56,127 - INFO - Ingress_Exit UG6MODXE
2025-03-18 01:12:56,169 - INFO - Ingress_Enter KOAD68H4
2025-03-18 01:12:56,179 - INFO - Ingress_Enter H15P2HW1
2025-03-18 01:12:56,463 - INFO - Ingress_Exit 3Y3RUFE9
2025-03-18 01:12:56,464 - INFO - Ingress_Exit SUIF2YCV
2025-03-18 01:12:56,468 - INFO - Ingress_Exit B06CQL4Z
2025-03-18 01:12:56,472 - INFO - Ingress_Exit QBLYQ8BV
2025-03-18 01:12:56,474 - INFO - Ingress_Exit 9ZUQ4NI2
2025-03-18 01:12:56,477 - INFO - Ingress_Enter W0G9IJP2
2025-03-18 01:12:56,479 - INFO - Ingress_Exit EGZSHG6V
2025-03-18 01:12:56,480 - INFO - Ingress_Exit QAYA3102
2025-03-18 01:12:56,482 - INFO - Ingress_Exit 95WIY7OB
2025-03-18 01:12:56,484 - INFO - Ingress_Exit 8DI1TI90
2025-03-18 01:12:56,487 - INFO - Ingress_Exit 2YSCE7WO
2025-03-18 01:12:56,488 - INFO - Ingress_Exit VNWSBG4L
2025-03-18 01:12:56,488 - INFO - Ingress_Exit N9BH3MKX
2025-03-18 01:12:56,490 - INFO - Ingress_Enter 0IX3BK7M
2025-03-18 01:12:56,496 - INFO - Ingress_Enter Z7BS71H1
2025-03-18 01:12:56,509 - INFO - Ingress_Exit VD37LNF4
2025-03-18 01:12:56,511 - INFO - Ingress_Exit SRIGWUE5
2025-03-18 01:12:56,512 - INFO - Ingress_Exit FEI8VOWK
2025-03-18 01:12:56,515 - INFO - Ingress_Exit 773Q23C4
2025-03-18 01:12:56,516 - INFO - Ingress_Exit C35KF367
2025-03-18 01:12:56,517 - INFO - Ingress_Exit OJHXIHX0
2025-03-18 01:12:56,520 - INFO - Ingress_Exit YW6EVI3C
2025-03-18 01:12:56,521 - INFO - Ingress_Exit S2YHAU25
2025-03-18 01:12:56,523 - INFO - Ingress_Exit 2KKGRTZO
2025-03-18 01:12:56,525 - INFO - Ingress_Exit FIE2LP2F
2025-03-18 01:12:56,527 - INFO - Ingress_Exit MEF8U655
2025-03-18 01:12:56,528 - INFO - Ingress_Exit UFL84XW2
2025-03-18 01:12:56,532 - INFO - Ingress_Enter FMEEOCOX
2025-03-18 01:12:56,569 - INFO - Ingress_Enter XI7SX6EP
2025-03-18 01:12:56,581 - INFO - Ingress_Enter JYQ3IFRY
2025-03-18 01:12:56,583 - INFO - Ingress_Enter Z4JUP61N
2025-03-18 01:12:56,611 - INFO - Ingress_Enter U1IXLF0A
2025-03-18 01:12:56,622 - INFO - Ingress_Exit XS09A09Z
2025-03-18 01:12:56,626 - INFO - Ingress_Exit J44ISC9E
2025-03-18 01:12:56,629 - INFO - Ingress_Exit CTNDZPUQ
2025-03-18 01:12:56,633 - INFO - Ingress_Exit V7SKYXFX
2025-03-18 01:12:56,634 - INFO - Ingress_Exit DHWDCKBF
2025-03-18 01:12:56,634 - INFO - Ingress_Exit B4AMTIAG
2025-03-18 01:12:56,636 - INFO - Ingress_Exit 9GUQC484
2025-03-18 01:12:56,638 - INFO - Ingress_Exit 2V74ZWSW
2025-03-18 01:12:56,641 - INFO - Ingress_Exit 870HOPGE
2025-03-18 01:12:56,645 - INFO - Ingress_Exit GSO4X05E
2025-03-18 01:12:56,647 - INFO - Ingress_Exit TB6JY94C
2025-03-18 01:12:56,650 - INFO - Ingress_Exit RI7TISED
2025-03-18 01:12:56,652 - INFO - Ingress_Exit XPIAR2L6
2025-03-18 01:12:56,661 - INFO - Ingress_Enter WKMFLDVR
2025-03-18 01:12:56,685 - INFO - Ingress_Enter GHI4XK8M
2025-03-18 01:12:56,697 - INFO - Ingress_Enter 1WP5BFI5
2025-03-18 01:12:56,700 - INFO - Ingress_Enter Y8DX02LA
2025-03-18 01:12:56,703 - INFO - Ingress_Enter 29XW9K13
2025-03-18 01:12:56,748 - INFO - Ingress_Enter 8406KRXN
2025-03-18 01:12:56,762 - INFO - Ingress_Enter HHXGUBU1
2025-03-18 01:12:56,771 - INFO - Ingress_Enter 7XOGM99B
2025-03-18 01:12:56,775 - INFO - Ingress_Enter VCCQRPC3
2025-03-18 01:12:56,790 - INFO - Ingress_Enter 79V45JLG
2025-03-18 01:12:56,803 - INFO - Ingress_Enter AUYPWOAU
2025-03-18 01:12:56,826 - INFO - Ingress_Enter Z7CW7Q9V
2025-03-18 01:12:56,827 - INFO - Ingress_Enter LMWWMVIL
2025-03-18 01:12:56,840 - INFO - Ingress_Enter MHY1K761
2025-03-18 01:12:56,844 - INFO - Ingress_Enter CX9I91RR
2025-03-18 01:12:56,885 - INFO - Ingress_Enter Z9ZNAQPH
2025-03-18 01:12:56,907 - INFO - Ingress_Enter KZIVK9KB
2025-03-18 01:12:56,908 - INFO - Ingress_Enter NY0QD9G4
2025-03-18 01:12:56,914 - INFO - Ingress_Enter ETXXD1BP
2025-03-18 01:12:56,947 - INFO - Ingress_Enter CUXON69Q
2025-03-18 01:12:56,956 - INFO - Ingress_Enter K8CGVWAE
2025-03-18 01:12:56,960 - INFO - Ingress_Enter Y3YMVF1J
2025-03-18 01:12:56,975 - INFO - Ingress_Enter 2LAI9KPD
2025-03-18 01:12:56,978 - INFO - Ingress_Enter 8K3PA8CU
2025-03-18 01:12:56,993 - INFO - Ingress_Enter XTCE73BF
2025-03-18 01:12:57,011 - INFO - Ingress_Exit OSNTIGNR
2025-03-18 01:12:57,013 - INFO - Ingress_Exit WI7MMRZV
2025-03-18 01:12:57,015 - INFO - Ingress_Exit 2ZQGMRG0
2025-03-18 01:12:57,016 - INFO - Ingress_Exit JMJ3QFBW
2025-03-18 01:12:57,018 - INFO - Ingress_Exit S80UYJU7
2025-03-18 01:12:57,019 - INFO - Ingress_Exit 6Z7VILCE
2025-03-18 01:12:57,021 - INFO - Ingress_Exit JR6VF910
2025-03-18 01:12:57,059 - INFO - Ingress_Enter Q6E8Y7F1
2025-03-18 01:12:57,067 - INFO - Ingress_Enter LUE9JUGQ
2025-03-18 01:12:57,079 - INFO - Ingress_Enter I57F5R2X
2025-03-18 01:12:57,108 - INFO - Ingress_Enter MMU36NWS
2025-03-18 01:12:57,131 - INFO - Ingress_Enter OXPMT1WE
2025-03-18 01:12:57,140 - INFO - Ingress_Enter 1PV5GBGP
2025-03-18 01:12:57,154 - INFO - Ingress_Enter MF8WZ3QO
2025-03-18 01:12:57,166 - INFO - Ingress_Enter 9XPZK0CG
2025-03-18 01:12:57,203 - INFO - Ingress_Enter K0KKIG4S
2025-03-18 01:12:57,219 - INFO - Ingress_Enter 53GCL9NO
2025-03-18 01:12:57,232 - INFO - Ingress_Enter 5AI6L78B
2025-03-18 01:12:57,505 - INFO - Ingress_Exit EPH2JJ3B
2025-03-18 01:12:57,507 - INFO - Ingress_Exit 6Z7X6MHV
2025-03-18 01:12:57,508 - INFO - Ingress_Exit N34HRQHL
2025-03-18 01:12:57,508 - INFO - Ingress_Exit EIUCHV2R
2025-03-18 01:12:57,511 - INFO - Ingress_Enter 4992HEER
2025-03-18 01:12:57,530 - INFO - Ingress_Enter 3956DTYO
2025-03-18 01:12:57,534 - INFO - Ingress_Enter RZPCXESM
2025-03-18 01:12:57,536 - INFO - Ingress_Enter 0EFNKNHF
2025-03-18 01:12:57,711 - INFO - Ingress_Exit WXOPUY9U
2025-03-18 01:12:57,712 - INFO - Ingress_Exit 4G9OX3KS
2025-03-18 01:12:57,716 - INFO - Ingress_Exit 3ZG80BSK
2025-03-18 01:12:57,722 - INFO - Ingress_Enter 1ICQYGHB
2025-03-18 01:12:57,745 - INFO - Ingress_Enter CQLOO74B
2025-03-18 01:12:57,757 - INFO - Ingress_Enter 1TLIA5V9
2025-03-18 01:12:57,801 - INFO - Ingress_Exit 5Y364W6O
2025-03-18 01:12:57,804 - INFO - Ingress_Exit 8GJXDDCZ
2025-03-18 01:12:57,805 - INFO - Ingress_Exit KPGTWTU7
2025-03-18 01:12:57,807 - INFO - Ingress_Exit 16EXPC7H
2025-03-18 01:12:57,809 - INFO - Ingress_Exit O4CC6R0M
2025-03-18 01:12:57,843 - INFO - Ingress_Enter 3X2XBX5I
2025-03-18 01:12:57,853 - INFO - Ingress_Enter U07H4X12
2025-03-18 01:12:57,863 - INFO - Ingress_Enter KOZ3FE3D
2025-03-18 01:12:57,886 - INFO - Ingress_Enter ACFO9WBJ
2025-03-18 01:12:57,910 - INFO - Ingress_Enter H5MDNRTD
2025-03-18 01:13:00,866 - INFO - Ingress_Exit KBGP8NKH
2025-03-18 01:13:00,867 - INFO - Ingress_Exit VZEM0LGX
2025-03-18 01:13:00,880 - INFO - Ingress_Enter NLG06PM1
2025-03-18 01:13:00,882 - INFO - Ingress_Enter WS8BRB89
2025-03-18 01:13:01,131 - INFO - Ingress_Exit WX5E34ZA
2025-03-18 01:13:01,132 - INFO - Ingress_Exit 26NY4KA3
2025-03-18 01:13:01,135 - INFO - Ingress_Exit RAE7W2UE
2025-03-18 01:13:01,137 - INFO - Ingress_Exit NLLO1127
2025-03-18 01:13:01,141 - INFO - Ingress_Exit G5DNXZ01
2025-03-18 01:13:01,144 - INFO - Ingress_Exit 08TH40VG
2025-03-18 01:13:01,145 - INFO - Ingress_Exit 4I6AMUMX
2025-03-18 01:13:01,146 - INFO - Ingress_Exit TQCWBFUY
2025-03-18 01:13:01,149 - INFO - Ingress_Enter 23XL5DCA
2025-03-18 01:13:01,155 - INFO - Ingress_Enter 5S7QVEF5
2025-03-18 01:13:01,173 - INFO - Ingress_Enter 53WCDA3P
2025-03-18 01:13:01,184 - INFO - Ingress_Enter T8G6IA47
2025-03-18 01:13:01,188 - INFO - Ingress_Enter JRH7K5IU
2025-03-18 01:13:01,210 - INFO - Ingress_Enter VR95GJVJ
2025-03-18 01:13:01,252 - INFO - Ingress_Enter SOKIRXXO
2025-03-18 01:13:01,280 - INFO - Ingress_Enter LK3VZUHL
2025-03-18 01:13:01,459 - INFO - Ingress_Exit L1GATGJV
2025-03-18 01:13:01,461 - INFO - Ingress_Exit GSMI4JLM
2025-03-18 01:13:01,471 - INFO - Ingress_Enter 7NF5CT91
2025-03-18 01:13:01,485 - INFO - Ingress_Enter EPFBJ61L
2025-03-18 01:13:01,766 - INFO - Ingress_Exit KAPWCYSY
2025-03-18 01:13:01,768 - INFO - Ingress_Exit 2X89O3YA
2025-03-18 01:13:01,830 - INFO - Ingress_Enter KATEDGPV
2025-03-18 01:13:01,854 - INFO - Ingress_Enter SGNPMNUA
2025-03-18 01:13:04,531 - INFO - Ingress_Exit JISNR3JD
2025-03-18 01:13:04,532 - INFO - Ingress_Exit I3X84K2U
2025-03-18 01:13:04,534 - INFO - Ingress_Exit WUK9ETO1
2025-03-18 01:13:04,537 - INFO - Ingress_Exit EUH21FX1
2025-03-18 01:13:04,538 - INFO - Ingress_Exit 0HTV764F
2025-03-18 01:13:04,540 - INFO - Ingress_Exit B0G1J0YE
2025-03-18 01:13:04,544 - INFO - Ingress_Exit T9LM419O
2025-03-18 01:13:04,548 - INFO - Ingress_Exit 9WT7R7UH
2025-03-18 01:13:04,549 - INFO - Ingress_Exit BV5E1LRA
2025-03-18 01:13:04,550 - INFO - Ingress_Exit NWTQHLCP
2025-03-18 01:13:04,551 - INFO - Ingress_Exit EM09AW19
2025-03-18 01:13:04,552 - INFO - Ingress_Exit IXVWUK89
2025-03-18 01:13:04,553 - INFO - Ingress_Exit ONCHNUWJ
2025-03-18 01:13:04,556 - INFO - Ingress_Exit IXUC8033
2025-03-18 01:13:04,560 - INFO - Ingress_Exit IVHQP0FZ
2025-03-18 01:13:04,562 - INFO - Ingress_Exit J08LSXEX
2025-03-18 01:13:04,563 - INFO - Ingress_Enter I0B8GPQL
2025-03-18 01:13:04,568 - INFO - Ingress_Enter 82Y0A8XQ
2025-03-18 01:13:04,570 - INFO - Ingress_Enter O4RPVFOB
2025-03-18 01:13:04,571 - INFO - Ingress_Exit Y1T0YIJ8
2025-03-18 01:13:04,573 - INFO - Ingress_Exit S8XNIW0S
2025-03-18 01:13:04,574 - INFO - Ingress_Exit KD1GTSPH
2025-03-18 01:13:04,575 - INFO - Ingress_Exit DX4IRGK1
2025-03-18 01:13:04,576 - INFO - Ingress_Exit 0DYD846X
2025-03-18 01:13:04,596 - INFO - Ingress_Enter 6KX4MG8W
2025-03-18 01:13:04,626 - INFO - Ingress_Enter 57QEKQBY
2025-03-18 01:13:04,633 - INFO - Ingress_Enter 6XSQPNVZ
2025-03-18 01:13:04,662 - INFO - Ingress_Enter AN64MH9H
2025-03-18 01:13:04,673 - INFO - Ingress_Enter L9SLLEVY
2025-03-18 01:13:04,675 - INFO - Ingress_Enter 8X29FONO
2025-03-18 01:13:04,694 - INFO - Ingress_Enter VOSY013D
2025-03-18 01:13:04,699 - INFO - Ingress_Enter OM0MI6NK
2025-03-18 01:13:04,723 - INFO - Ingress_Enter ZKOZ167F
2025-03-18 01:13:04,731 - INFO - Ingress_Enter 7S9UDAQW
2025-03-18 01:13:04,734 - INFO - Ingress_Enter TZN3TIOG
2025-03-18 01:13:04,738 - INFO - Ingress_Enter 28582828
2025-03-18 01:13:04,744 - INFO - Ingress_Enter 6WNALVY8
2025-03-18 01:13:04,750 - INFO - Ingress_Enter 40T3MTY2
2025-03-18 01:13:04,753 - INFO - Ingress_Enter Z1M0QUJJ
2025-03-18 01:13:04,760 - INFO - Ingress_Enter 7O2XLYFI
2025-03-18 01:13:04,769 - INFO - Ingress_Enter LXIOT385
2025-03-18 01:13:04,778 - INFO - Ingress_Enter RE5DJA8E
2025-03-18 01:13:04,787 - INFO - Ingress_Exit 1IOY9ZHS
2025-03-18 01:13:04,792 - INFO - Ingress_Exit PJQ1USQ7
2025-03-18 01:13:04,795 - INFO - Ingress_Exit OXZNYL4S
2025-03-18 01:13:04,796 - INFO - Ingress_Exit 3GBRLTO1
2025-03-18 01:13:04,799 - INFO - Ingress_Exit HSTWCJL6
2025-03-18 01:13:04,801 - INFO - Ingress_Exit PTX00GSG
2025-03-18 01:13:04,803 - INFO - Ingress_Exit V0IGW9CA
2025-03-18 01:13:04,807 - INFO - Ingress_Exit KOAD68H4
2025-03-18 01:13:04,808 - INFO - Ingress_Exit H15P2HW1
2025-03-18 01:13:04,809 - INFO - Ingress_Exit W0G9IJP2
2025-03-18 01:13:04,811 - INFO - Ingress_Exit 0IX3BK7M
2025-03-18 01:13:04,811 - INFO - Ingress_Exit Z7BS71H1
2025-03-18 01:13:04,812 - INFO - Ingress_Exit XI7SX6EP
2025-03-18 01:13:04,824 - INFO - Ingress_Exit FMEEOCOX
2025-03-18 01:13:04,841 - INFO - Ingress_Enter O5KB0O1U
2025-03-18 01:13:04,845 - INFO - Ingress_Enter R0AO87YF
2025-03-18 01:13:04,847 - INFO - Ingress_Enter B9SND1UZ
2025-03-18 01:13:04,874 - INFO - Ingress_Enter G16RR612
2025-03-18 01:13:04,875 - INFO - Ingress_Enter NLXY8GEZ
2025-03-18 01:13:04,893 - INFO - Ingress_Enter NZVS8Y65
2025-03-18 01:13:04,894 - INFO - Ingress_Enter 2PMHW3FI
2025-03-18 01:13:04,905 - INFO - Ingress_Enter JUN1MV5O
2025-03-18 01:13:04,915 - INFO - Ingress_Enter 3GPXF2VT
2025-03-18 01:13:04,918 - INFO - Ingress_Enter WCTU0BJ9
2025-03-18 01:13:04,925 - INFO - Ingress_Enter 10M35BP8
2025-03-18 01:13:04,933 - INFO - Ingress_Enter N9LS80FX
2025-03-18 01:13:04,938 - INFO - Ingress_Enter UC2KVHKF
2025-03-18 01:13:04,943 - INFO - Ingress_Enter F1SG5W8Y
2025-03-18 01:13:05,828 - INFO - Ingress_Exit JYQ3IFRY
2025-03-18 01:13:05,938 - INFO - Ingress_Enter 172F3W7G
2025-03-18 01:13:05,981 - INFO - Ingress_Exit Z4JUP61N
2025-03-18 01:13:05,983 - INFO - Ingress_Exit U1IXLF0A
2025-03-18 01:13:05,985 - INFO - Ingress_Exit GHI4XK8M
2025-03-18 01:13:05,987 - INFO - Ingress_Exit 29XW9K13
2025-03-18 01:13:06,011 - INFO - Ingress_Enter JAXTP36O
2025-03-18 01:13:06,030 - INFO - Ingress_Enter IU09A3L7
2025-03-18 01:13:06,032 - INFO - Ingress_Enter OCNJEBTP
2025-03-18 01:13:06,033 - INFO - Ingress_Enter YRNWPN5Y
2025-03-18 01:13:06,061 - INFO - Ingress_Exit WKMFLDVR
2025-03-18 01:13:06,085 - INFO - Ingress_Enter UYSBNG41
2025-03-18 01:13:10,377 - INFO - Ingress_Exit 8406KRXN
2025-03-18 01:13:10,378 - INFO - Ingress_Exit HHXGUBU1
2025-03-18 01:13:10,380 - INFO - Ingress_Exit 1WP5BFI5
2025-03-18 01:13:10,382 - INFO - Ingress_Exit Y8DX02LA
2025-03-18 01:13:10,383 - INFO - Ingress_Exit 7XOGM99B
2025-03-18 01:13:10,385 - INFO - Ingress_Exit VCCQRPC3
2025-03-18 01:13:10,388 - INFO - Ingress_Exit 79V45JLG
2025-03-18 01:13:10,390 - INFO - Ingress_Exit AUYPWOAU
2025-03-18 01:13:10,391 - INFO - Ingress_Exit Z7CW7Q9V
2025-03-18 01:13:10,393 - INFO - Ingress_Exit MHY1K761
2025-03-18 01:13:10,399 - INFO - Ingress_Enter 9F2BLAMA
2025-03-18 01:13:10,400 - INFO - Ingress_Enter 7HA5N2OO
2025-03-18 01:13:10,402 - INFO - Ingress_Enter GDWVP1D0
2025-03-18 01:13:10,403 - INFO - Ingress_Enter SU5S7ASQ
2025-03-18 01:13:10,403 - INFO - Ingress_Enter D02MFJIJ
2025-03-18 01:13:10,403 - INFO - Ingress_Enter L2SDLUN7
2025-03-18 01:13:10,441 - INFO - Ingress_Enter OE68FZSE
2025-03-18 01:13:10,447 - INFO - Ingress_Enter GM2AFMZ6
2025-03-18 01:13:10,449 - INFO - Ingress_Enter D2YIZORH
2025-03-18 01:13:10,460 - INFO - Ingress_Enter 1TV8XYC6
2025-03-18 01:13:11,044 - INFO - Ingress_Exit LMWWMVIL
2025-03-18 01:13:11,046 - INFO - Ingress_Exit CX9I91RR
2025-03-18 01:13:11,047 - INFO - Ingress_Exit KZIVK9KB
2025-03-18 01:13:11,049 - INFO - Ingress_Exit NY0QD9G4
2025-03-18 01:13:11,051 - INFO - Ingress_Exit ETXXD1BP
2025-03-18 01:13:11,055 - INFO - Ingress_Exit K8CGVWAE
2025-03-18 01:13:11,056 - INFO - Ingress_Exit XTCE73BF
2025-03-18 01:13:11,058 - INFO - Ingress_Exit Q6E8Y7F1
2025-03-18 01:13:11,059 - INFO - Ingress_Exit LUE9JUGQ
2025-03-18 01:13:11,060 - INFO - Ingress_Exit MMU36NWS
2025-03-18 01:13:11,060 - INFO - Ingress_Exit I57F5R2X
2025-03-18 01:13:11,063 - INFO - Ingress_Exit 9XPZK0CG
2025-03-18 01:13:11,064 - INFO - Ingress_Exit 53GCL9NO
2025-03-18 01:13:11,065 - INFO - Ingress_Exit 5AI6L78B
2025-03-18 01:13:11,070 - INFO - Ingress_Enter DWWAXJ6P
2025-03-18 01:13:11,073 - INFO - Ingress_Enter KBZFPLQ2
2025-03-18 01:13:11,094 - INFO - Ingress_Enter MPKGJ2S6
2025-03-18 01:13:11,094 - INFO - Ingress_Enter 6UMUXCH4
2025-03-18 01:13:11,096 - INFO - Ingress_Enter DKMFF7B2
2025-03-18 01:13:11,096 - INFO - Ingress_Enter 47Y3TUUH
2025-03-18 01:13:11,098 - INFO - Ingress_Enter 4F8WHAMH
2025-03-18 01:13:11,099 - INFO - Ingress_Enter O14FAMD0
2025-03-18 01:13:11,099 - INFO - Ingress_Enter SLVAHJDM
2025-03-18 01:13:11,131 - INFO - Ingress_Enter DMDQAW9X
2025-03-18 01:13:11,132 - INFO - Ingress_Enter H5Q64GCL
2025-03-18 01:13:11,138 - INFO - Ingress_Enter BDEBID0Y
2025-03-18 01:13:11,139 - INFO - Ingress_Enter 1QENVA90
2025-03-18 01:13:11,139 - INFO - Ingress_Enter IZGBG8EX
2025-03-18 01:13:14,283 - INFO - Ingress_Exit Z9ZNAQPH
2025-03-18 01:13:14,286 - INFO - Ingress_Exit CUXON69Q
2025-03-18 01:13:14,294 - INFO - Ingress_Enter NJ2GOONL
2025-03-18 01:13:14,308 - INFO - Ingress_Enter TC440WJ1
2025-03-18 01:13:14,738 - INFO - Ingress_Exit 8K3PA8CU
2025-03-18 01:13:14,799 - INFO - Ingress_Enter SSOSHNNW
2025-03-18 01:13:14,884 - INFO - Ingress_Exit Y3YMVF1J
2025-03-18 01:13:14,910 - INFO - Ingress_Enter VX10C2LS
2025-03-18 01:13:15,213 - INFO - Ingress_Exit 1PV5GBGP
2025-03-18 01:13:15,216 - INFO - Ingress_Exit MF8WZ3QO
2025-03-18 01:13:15,219 - INFO - Ingress_Exit 2LAI9KPD
2025-03-18 01:13:15,221 - INFO - Ingress_Exit OXPMT1WE
2025-03-18 01:13:15,261 - INFO - Ingress_Enter QKVFUH9S
2025-03-18 01:13:15,265 - INFO - Ingress_Enter KYMIQAY1
2025-03-18 01:13:15,268 - INFO - Ingress_Enter BY4CUP83
2025-03-18 01:13:15,289 - INFO - Ingress_Enter SPMD532W
2025-03-18 01:13:18,632 - INFO - Ingress_Exit K0KKIG4S
2025-03-18 01:13:18,636 - INFO - Ingress_Exit 4992HEER
2025-03-18 01:13:18,638 - INFO - Ingress_Exit RZPCXESM
2025-03-18 01:13:18,639 - INFO - Ingress_Exit CQLOO74B
2025-03-18 01:13:18,640 - INFO - Ingress_Exit 1TLIA5V9
2025-03-18 01:13:18,643 - INFO - Ingress_Exit 3956DTYO
2025-03-18 01:13:18,645 - INFO - Ingress_Exit 0EFNKNHF
2025-03-18 01:13:18,647 - INFO - Ingress_Exit 3X2XBX5I
2025-03-18 01:13:18,670 - INFO - Ingress_Enter SXDVKLKY
2025-03-18 01:13:18,671 - INFO - Ingress_Enter PWLTEBZQ
2025-03-18 01:13:18,672 - INFO - Ingress_Enter 5X8GQ8E8
2025-03-18 01:13:18,676 - INFO - Ingress_Enter 4LF2MHSM
2025-03-18 01:13:18,677 - INFO - Ingress_Enter 77RB45A2
2025-03-18 01:13:18,682 - INFO - Ingress_Enter TYN5KLXW
2025-03-18 01:13:18,712 - INFO - Ingress_Enter VN65C4KN
2025-03-18 01:13:18,714 - INFO - Ingress_Enter MI6FFO6G
2025-03-18 01:13:18,832 - INFO - Ingress_Exit WS8BRB89
2025-03-18 01:13:18,833 - INFO - Ingress_Exit NLG06PM1
2025-03-18 01:13:18,837 - INFO - Ingress_Exit 23XL5DCA
2025-03-18 01:13:18,838 - INFO - Ingress_Exit T8G6IA47
2025-03-18 01:13:18,839 - INFO - Ingress_Exit EPFBJ61L
2025-03-18 01:13:18,840 - INFO - Ingress_Exit LK3VZUHL
2025-03-18 01:13:18,879 - INFO - Ingress_Enter TU1CM76M
2025-03-18 01:13:18,880 - INFO - Ingress_Enter 770FTX4W
2025-03-18 01:13:18,881 - INFO - Ingress_Enter 0S4KVW4Q
2025-03-18 01:13:18,886 - INFO - Ingress_Enter IRFKH5AQ
2025-03-18 01:13:18,887 - INFO - Ingress_Enter GGNSM9RW
2025-03-18 01:13:18,897 - INFO - Ingress_Enter 4Z5D5BJ5
2025-03-18 01:13:18,980 - INFO - Ingress_Exit U07H4X12
2025-03-18 01:13:18,981 - INFO - Ingress_Exit KOZ3FE3D
2025-03-18 01:13:18,983 - INFO - Ingress_Exit ACFO9WBJ
2025-03-18 01:13:18,985 - INFO - Ingress_Exit 1ICQYGHB
2025-03-18 01:13:18,989 - INFO - Ingress_Exit H5MDNRTD
2025-03-18 01:13:18,993 - INFO - Ingress_Exit 5S7QVEF5
2025-03-18 01:13:18,995 - INFO - Ingress_Exit 53WCDA3P
2025-03-18 01:13:18,996 - INFO - Ingress_Exit SOKIRXXO
2025-03-18 01:13:18,998 - INFO - Ingress_Exit VR95GJVJ
2025-03-18 01:13:18,999 - INFO - Ingress_Exit JRH7K5IU
2025-03-18 01:13:19,003 - INFO - Ingress_Enter NDIA97IQ
2025-03-18 01:13:19,004 - INFO - Ingress_Enter EK1NZ4NG
2025-03-18 01:13:19,008 - INFO - Ingress_Enter 437LQ5T5
2025-03-18 01:13:19,011 - INFO - Ingress_Enter UO8BO3R9
2025-03-18 01:13:19,013 - INFO - Ingress_Exit 7NF5CT91
2025-03-18 01:13:19,015 - INFO - Ingress_Exit KATEDGPV
2025-03-18 01:13:19,018 - INFO - Ingress_Exit SGNPMNUA
2025-03-18 01:13:19,020 - INFO - Ingress_Exit I0B8GPQL
2025-03-18 01:13:19,022 - INFO - Ingress_Exit 82Y0A8XQ
2025-03-18 01:13:19,023 - INFO - Ingress_Exit 6XSQPNVZ
2025-03-18 01:13:19,024 - INFO - Ingress_Exit O4RPVFOB
2025-03-18 01:13:19,026 - INFO - Ingress_Exit AN64MH9H
2025-03-18 01:13:19,032 - INFO - Ingress_Enter 67GGHOJN
2025-03-18 01:13:19,038 - INFO - Ingress_Enter EXD8G716
2025-03-18 01:13:19,041 - INFO - Ingress_Enter DNDG599E
2025-03-18 01:13:19,043 - INFO - Ingress_Enter BN219ZFE
2025-03-18 01:13:19,045 - INFO - Ingress_Enter TOV1M3C4
2025-03-18 01:13:19,057 - INFO - Ingress_Enter WIZC90T3
2025-03-18 01:13:19,067 - INFO - Ingress_Enter AKYLKG4F
2025-03-18 01:13:19,068 - INFO - Ingress_Enter O7QZRWLA
2025-03-18 01:13:19,091 - INFO - Ingress_Enter BCA1PN31
2025-03-18 01:13:19,093 - INFO - Ingress_Enter GJPHAPSQ
2025-03-18 01:13:19,098 - INFO - Ingress_Enter U6BMRHZ1
2025-03-18 01:13:19,099 - INFO - Ingress_Enter NFJY871V
2025-03-18 01:13:19,100 - INFO - Ingress_Enter S3LBNAP1
2025-03-18 01:13:19,102 - INFO - Ingress_Enter QHWIQ6MI
2025-03-18 01:13:20,544 - INFO - Ingress_Exit L9SLLEVY
2025-03-18 01:13:20,564 - INFO - Ingress_Enter 77FA6OEQ
2025-03-18 01:13:23,066 - INFO - Ingress_Exit OM0MI6NK
2025-03-18 01:13:23,068 - INFO - Ingress_Exit 8X29FONO
2025-03-18 01:13:23,074 - INFO - Ingress_Exit 6KX4MG8W
2025-03-18 01:13:23,077 - INFO - Ingress_Exit VOSY013D
2025-03-18 01:13:23,079 - INFO - Ingress_Exit 28582828
2025-03-18 01:13:23,081 - INFO - Ingress_Exit 57QEKQBY
2025-03-18 01:13:23,085 - INFO - Ingress_Enter 44VY4XXL
2025-03-18 01:13:23,086 - INFO - Ingress_Enter YIYXZW6J
2025-03-18 01:13:23,088 - INFO - Ingress_Exit 7S9UDAQW
2025-03-18 01:13:23,089 - INFO - Ingress_Exit RE5DJA8E
2025-03-18 01:13:23,155 - INFO - Ingress_Enter VTZWDJKL
2025-03-18 01:13:23,162 - INFO - Ingress_Enter KF3ZDTXK
2025-03-18 01:13:23,164 - INFO - Ingress_Enter MSE36E6V
2025-03-18 01:13:23,168 - INFO - Ingress_Enter UZ2FVV87
2025-03-18 01:13:23,169 - INFO - Ingress_Enter F72320GU
2025-03-18 01:13:23,170 - INFO - Ingress_Enter 9AUGV4B8
2025-03-18 01:13:23,295 - INFO - Ingress_Exit TZN3TIOG
2025-03-18 01:13:23,299 - INFO - Ingress_Exit ZKOZ167F
2025-03-18 01:13:23,332 - INFO - Ingress_Enter S87WMW52
2025-03-18 01:13:23,341 - INFO - Ingress_Enter CA5T32JN
2025-03-18 01:13:23,390 - INFO - Ingress_Exit 40T3MTY2
2025-03-18 01:13:23,394 - INFO - Ingress_Exit Z1M0QUJJ
2025-03-18 01:13:23,395 - INFO - Ingress_Exit 7O2XLYFI
2025-03-18 01:13:23,397 - INFO - Ingress_Exit R0AO87YF
2025-03-18 01:13:23,401 - INFO - Ingress_Exit B9SND1UZ
2025-03-18 01:13:23,405 - INFO - Ingress_Exit NLXY8GEZ
2025-03-18 01:13:23,407 - INFO - Ingress_Exit 2PMHW3FI
2025-03-18 01:13:23,411 - INFO - Ingress_Exit NZVS8Y65
2025-03-18 01:13:23,415 - INFO - Ingress_Exit N9LS80FX
2025-03-18 01:13:23,419 - INFO - Ingress_Exit 172F3W7G
2025-03-18 01:13:23,421 - INFO - Ingress_Exit JAXTP36O
2025-03-18 01:13:23,422 - INFO - Ingress_Exit IU09A3L7
2025-03-18 01:13:23,423 - INFO - Ingress_Exit OCNJEBTP
2025-03-18 01:13:23,426 - INFO - Ingress_Exit YRNWPN5Y
2025-03-18 01:13:23,430 - INFO - Ingress_Exit UYSBNG41
2025-03-18 01:13:23,432 - INFO - Ingress_Exit 7HA5N2OO
2025-03-18 01:13:23,436 - INFO - Ingress_Exit 9F2BLAMA
2025-03-18 01:13:23,437 - INFO - Ingress_Exit GM2AFMZ6
2025-03-18 01:13:23,438 - INFO - Ingress_Exit SU5S7ASQ
2025-03-18 01:13:23,439 - INFO - Ingress_Exit OE68FZSE
2025-03-18 01:13:23,443 - INFO - Ingress_Enter 2HTLCESY
2025-03-18 01:13:23,444 - INFO - Ingress_Enter LKVLH3UB
2025-03-18 01:13:23,445 - INFO - Ingress_Enter 7M5L1548
2025-03-18 01:13:23,445 - INFO - Ingress_Exit 6WNALVY8
2025-03-18 01:13:23,448 - INFO - Ingress_Exit LXIOT385
2025-03-18 01:13:23,450 - INFO - Ingress_Exit O5KB0O1U
2025-03-18 01:13:23,450 - INFO - Ingress_Exit G16RR612
2025-03-18 01:13:23,451 - INFO - Ingress_Exit 3GPXF2VT
2025-03-18 01:13:23,452 - INFO - Ingress_Exit WCTU0BJ9
2025-03-18 01:13:23,452 - INFO - Ingress_Exit JUN1MV5O
2025-03-18 01:13:23,453 - INFO - Ingress_Exit UC2KVHKF
2025-03-18 01:13:23,454 - INFO - Ingress_Exit F1SG5W8Y
2025-03-18 01:13:23,456 - INFO - Ingress_Exit 10M35BP8
2025-03-18 01:13:23,477 - INFO - Ingress_Enter N2TGVOGJ
2025-03-18 01:13:23,481 - INFO - Ingress_Enter ZD8H4G1E
2025-03-18 01:13:23,482 - INFO - Ingress_Enter LMFA3VJ4
2025-03-18 01:13:23,483 - INFO - Ingress_Enter SI4HOMNV
2025-03-18 01:13:23,541 - INFO - Ingress_Enter QAHYKGT3
2025-03-18 01:13:23,544 - INFO - Ingress_Enter 614IQPMI
2025-03-18 01:13:23,552 - INFO - Ingress_Enter I5OKWUZV
2025-03-18 01:13:23,557 - INFO - Ingress_Enter 8DHGM28N
2025-03-18 01:13:23,569 - INFO - Ingress_Enter FX14HREE
2025-03-18 01:13:23,592 - INFO - Ingress_Enter ZGTK6YZH
2025-03-18 01:13:23,593 - INFO - Ingress_Enter B4KPS78T
2025-03-18 01:13:23,609 - INFO - Ingress_Enter HZXK6L2R
2025-03-18 01:13:23,612 - INFO - Ingress_Enter X6ZRQHVQ
2025-03-18 01:13:23,613 - INFO - Ingress_Enter 2NFRVMV9
2025-03-18 01:13:23,613 - INFO - Ingress_Enter THHGTK5D
2025-03-18 01:13:23,628 - INFO - Ingress_Enter ESN8WH3X
2025-03-18 01:13:23,638 - INFO - Ingress_Enter M2U6DSBU
2025-03-18 01:13:23,639 - INFO - Ingress_Enter 3XTMD6A7
2025-03-18 01:13:23,656 - INFO - Ingress_Enter 0GBZVMRN
2025-03-18 01:13:23,658 - INFO - Ingress_Enter SJBNS2CB
2025-03-18 01:13:23,660 - INFO - Ingress_Enter 1RKJ28JY
2025-03-18 01:13:23,670 - INFO - Ingress_Enter ILACX8UR
2025-03-18 01:13:23,690 - INFO - Ingress_Exit VX10C2LS
2025-03-18 01:13:23,693 - INFO - Ingress_Exit QKVFUH9S
2025-03-18 01:13:23,695 - INFO - Ingress_Exit GDWVP1D0
2025-03-18 01:13:23,696 - INFO - Ingress_Exit 1TV8XYC6
2025-03-18 01:13:23,696 - INFO - Ingress_Exit D02MFJIJ
2025-03-18 01:13:23,698 - INFO - Ingress_Exit L2SDLUN7
2025-03-18 01:13:23,698 - INFO - Ingress_Exit D2YIZORH
2025-03-18 01:13:23,699 - INFO - Ingress_Exit DWWAXJ6P
2025-03-18 01:13:23,700 - INFO - Ingress_Exit KBZFPLQ2
2025-03-18 01:13:23,704 - INFO - Ingress_Exit MPKGJ2S6
2025-03-18 01:13:23,709 - INFO - Ingress_Exit 6UMUXCH4
2025-03-18 01:13:23,722 - INFO - Ingress_Enter W566KCZQ
2025-03-18 01:13:23,725 - INFO - Ingress_Enter RZEM65XT
2025-03-18 01:13:23,727 - INFO - Ingress_Enter 2ONFY1T0
2025-03-18 01:13:23,728 - INFO - Ingress_Enter L433DRQ8
2025-03-18 01:13:23,729 - INFO - Ingress_Enter X9L8VZNX
2025-03-18 01:13:23,733 - INFO - Ingress_Enter WVWBBFJA
2025-03-18 01:13:23,734 - INFO - Ingress_Enter GBQJLQOK
2025-03-18 01:13:23,734 - INFO - Ingress_Enter 2M96TYIV
2025-03-18 01:13:23,772 - INFO - Ingress_Enter EJNGJUR0
2025-03-18 01:13:23,823 - INFO - Ingress_Enter NNDES6QE
2025-03-18 01:13:23,865 - INFO - Ingress_Enter R1NKDKW6
2025-03-18 01:13:23,869 - INFO - Ingress_Enter QJO9M5RB
2025-03-18 01:13:23,870 - INFO - Ingress_Enter YS6ZX7Q2
2025-03-18 01:13:23,871 - INFO - Ingress_Enter X16ND655
2025-03-18 01:13:23,871 - INFO - Ingress_Enter PFH61VLB
2025-03-18 01:13:23,871 - INFO - Ingress_Enter GIOAL7QY
2025-03-18 01:13:23,934 - INFO - Ingress_Exit DKMFF7B2
2025-03-18 01:13:23,950 - INFO - Ingress_Enter IEURGTAB
2025-03-18 01:13:24,037 - INFO - Ingress_Exit 47Y3TUUH
2025-03-18 01:13:24,039 - INFO - Ingress_Exit 4F8WHAMH
2025-03-18 01:13:24,042 - INFO - Ingress_Exit SLVAHJDM
2025-03-18 01:13:24,044 - INFO - Ingress_Exit DMDQAW9X
2025-03-18 01:13:24,046 - INFO - Ingress_Exit H5Q64GCL
2025-03-18 01:13:24,049 - INFO - Ingress_Exit 1QENVA90
2025-03-18 01:13:24,050 - INFO - Ingress_Exit BDEBID0Y
2025-03-18 01:13:24,051 - INFO - Ingress_Exit IZGBG8EX
2025-03-18 01:13:24,055 - INFO - Ingress_Exit O14FAMD0
2025-03-18 01:13:24,063 - INFO - Ingress_Exit TC440WJ1
2025-03-18 01:13:24,065 - INFO - Ingress_Exit NJ2GOONL
2025-03-18 01:13:24,069 - INFO - Ingress_Exit SSOSHNNW
2025-03-18 01:13:24,069 - INFO - Ingress_Exit KYMIQAY1
2025-03-18 01:13:24,071 - INFO - Ingress_Enter FC5FU9DD
2025-03-18 01:13:24,072 - INFO - Ingress_Enter U8LA59H4
2025-03-18 01:13:24,072 - INFO - Ingress_Enter N14EDQ7E
2025-03-18 01:13:24,073 - INFO - Ingress_Enter SOMARD7W
2025-03-18 01:13:24,076 - INFO - Ingress_Enter ILJ8INDR
2025-03-18 01:13:24,077 - INFO - Ingress_Enter 74SIG8G5
2025-03-18 01:13:24,077 - INFO - Ingress_Enter HTNRZPXV
2025-03-18 01:13:24,077 - INFO - Ingress_Enter S5Y0IEFF
2025-03-18 01:13:24,112 - INFO - Ingress_Enter HLI7HRPH
2025-03-18 01:13:24,118 - INFO - Ingress_Enter Z6GPP5WU
2025-03-18 01:13:24,123 - INFO - Ingress_Enter 79HEU6CF
2025-03-18 01:13:24,125 - INFO - Ingress_Enter KGDDA0PA
2025-03-18 01:13:24,130 - INFO - Ingress_Enter 866LTQ81
2025-03-18 01:13:25,630 - INFO - Ingress_Exit BY4CUP83
2025-03-18 01:13:25,632 - INFO - Ingress_Exit SPMD532W
2025-03-18 01:13:25,639 - INFO - Ingress_Enter XH9ZZZX2
2025-03-18 01:13:25,640 - INFO - Ingress_Enter EP16GE42
2025-03-18 01:13:25,806 - INFO - Ingress_Exit SXDVKLKY
2025-03-18 01:13:25,807 - INFO - Ingress_Exit 5X8GQ8E8
2025-03-18 01:13:25,813 - INFO - Ingress_Exit TYN5KLXW
2025-03-18 01:13:25,814 - INFO - Ingress_Exit 77RB45A2
2025-03-18 01:13:25,814 - INFO - Ingress_Exit PWLTEBZQ
2025-03-18 01:13:25,815 - INFO - Ingress_Exit 4LF2MHSM
2025-03-18 01:13:25,816 - INFO - Ingress_Exit MI6FFO6G
2025-03-18 01:13:25,816 - INFO - Ingress_Exit VN65C4KN
2025-03-18 01:13:25,817 - INFO - Ingress_Exit 770FTX4W
2025-03-18 01:13:25,819 - INFO - Ingress_Exit 4Z5D5BJ5
2025-03-18 01:13:25,819 - INFO - Ingress_Exit 0S4KVW4Q
2025-03-18 01:13:25,828 - INFO - Ingress_Enter INDQLHQJ
2025-03-18 01:13:25,831 - INFO - Ingress_Enter J7HLDQFQ
2025-03-18 01:13:25,833 - INFO - Ingress_Enter UNM4NM84
2025-03-18 01:13:25,834 - INFO - Ingress_Enter 56ZM0G3U
2025-03-18 01:13:25,834 - INFO - Ingress_Enter 6AD3Z76O
2025-03-18 01:13:25,842 - INFO - Ingress_Enter SJCZ9XAX
2025-03-18 01:13:25,885 - INFO - Ingress_Enter 9LK1N09J
2025-03-18 01:13:25,919 - INFO - Ingress_Enter JS7JDUNF
2025-03-18 01:13:25,935 - INFO - Ingress_Enter FUK6ATNK
2025-03-18 01:13:25,937 - INFO - Ingress_Enter 8JNC9YLH
2025-03-18 01:13:25,956 - INFO - Ingress_Enter GHWNTH42
2025-03-18 01:13:27,357 - INFO - Ingress_Exit TOV1M3C4
2025-03-18 01:13:27,358 - INFO - Ingress_Exit AKYLKG4F
2025-03-18 01:13:27,365 - INFO - Ingress_Enter ABMIENBN
2025-03-18 01:13:27,424 - INFO - Ingress_Enter YLAC37XM
2025-03-18 01:13:27,560 - INFO - Ingress_Exit EXD8G716
2025-03-18 01:13:27,587 - INFO - Ingress_Enter FGNOEHH7
2025-03-18 01:13:27,725 - INFO - Ingress_Exit GGNSM9RW
2025-03-18 01:13:27,726 - INFO - Ingress_Exit 67GGHOJN
2025-03-18 01:13:27,729 - INFO - Ingress_Exit DNDG599E
2025-03-18 01:13:27,749 - INFO - Ingress_Enter G8C0DF11
2025-03-18 01:13:27,752 - INFO - Ingress_Enter NZ529LPM
2025-03-18 01:13:27,753 - INFO - Ingress_Enter MO0YB27J
2025-03-18 01:13:27,810 - INFO - Ingress_Exit GJPHAPSQ
2025-03-18 01:13:27,812 - INFO - Ingress_Exit QHWIQ6MI
2025-03-18 01:13:27,815 - INFO - Ingress_Exit TU1CM76M
2025-03-18 01:13:27,818 - INFO - Ingress_Exit IRFKH5AQ
2025-03-18 01:13:27,820 - INFO - Ingress_Exit NDIA97IQ
2025-03-18 01:13:27,823 - INFO - Ingress_Exit EK1NZ4NG
2025-03-18 01:13:27,824 - INFO - Ingress_Exit UO8BO3R9
2025-03-18 01:13:27,825 - INFO - Ingress_Exit 437LQ5T5
2025-03-18 01:13:27,835 - INFO - Ingress_Enter 4IEZAO8A
2025-03-18 01:13:27,839 - INFO - Ingress_Enter BH9UE791
2025-03-18 01:13:27,857 - INFO - Ingress_Enter T54930J1
2025-03-18 01:13:27,859 - INFO - Ingress_Enter ZQSB2PD4
2025-03-18 01:13:27,867 - INFO - Ingress_Enter K08RXSQH
2025-03-18 01:13:27,876 - INFO - Ingress_Enter P48FS2G3
2025-03-18 01:13:27,876 - INFO - Ingress_Enter R0QYOF9W
2025-03-18 01:13:27,877 - INFO - Ingress_Enter 4ZUAE9WW
2025-03-18 01:13:31,138 - INFO - Ingress_Exit BN219ZFE
2025-03-18 01:13:31,140 - INFO - Ingress_Exit WIZC90T3
2025-03-18 01:13:31,143 - INFO - Ingress_Exit O7QZRWLA
2025-03-18 01:13:31,154 - INFO - Ingress_Enter 3ADYY0H0
2025-03-18 01:13:31,155 - INFO - Ingress_Enter 3P5ATQVN
2025-03-18 01:13:31,159 - INFO - Ingress_Enter QNJG4VPM
2025-03-18 01:13:31,432 - INFO - Ingress_Exit LKVLH3UB
2025-03-18 01:13:31,433 - INFO - Ingress_Exit N2TGVOGJ
2025-03-18 01:13:31,435 - INFO - Ingress_Exit ZD8H4G1E
2025-03-18 01:13:31,440 - INFO - Ingress_Exit SI4HOMNV
2025-03-18 01:13:31,441 - INFO - Ingress_Exit 2HTLCESY
2025-03-18 01:13:31,442 - INFO - Ingress_Exit 7M5L1548
2025-03-18 01:13:31,448 - INFO - Ingress_Exit U6BMRHZ1
2025-03-18 01:13:31,449 - INFO - Ingress_Exit BCA1PN31
2025-03-18 01:13:31,451 - INFO - Ingress_Exit NFJY871V
2025-03-18 01:13:31,452 - INFO - Ingress_Exit S3LBNAP1
2025-03-18 01:13:31,455 - INFO - Ingress_Exit 77FA6OEQ
2025-03-18 01:13:31,456 - INFO - Ingress_Exit KF3ZDTXK
2025-03-18 01:13:31,460 - INFO - Ingress_Exit YIYXZW6J
2025-03-18 01:13:31,461 - INFO - Ingress_Exit 44VY4XXL
2025-03-18 01:13:31,463 - INFO - Ingress_Exit VTZWDJKL
2025-03-18 01:13:31,465 - INFO - Ingress_Exit MSE36E6V
2025-03-18 01:13:31,466 - INFO - Ingress_Exit UZ2FVV87
2025-03-18 01:13:31,467 - INFO - Ingress_Exit 9AUGV4B8
2025-03-18 01:13:31,468 - INFO - Ingress_Exit F72320GU
2025-03-18 01:13:31,469 - INFO - Ingress_Exit S87WMW52
2025-03-18 01:13:31,470 - INFO - Ingress_Exit CA5T32JN
2025-03-18 01:13:31,485 - INFO - Ingress_Enter FU9K5V3X
2025-03-18 01:13:31,490 - INFO - Ingress_Enter FTR7LB3C
2025-03-18 01:13:31,492 - INFO - Ingress_Enter 4MCFOBUJ
2025-03-18 01:13:31,493 - INFO - Ingress_Enter 3DHA8K28
2025-03-18 01:13:31,496 - INFO - Ingress_Enter P5R3N4Y9
2025-03-18 01:13:31,497 - INFO - Ingress_Enter I3VY41MN
2025-03-18 01:13:31,497 - INFO - Ingress_Enter 69FSWJUK
2025-03-18 01:13:31,500 - INFO - Ingress_Enter 7EK6DDMQ
2025-03-18 01:13:31,534 - INFO - Ingress_Enter THCURLHN
2025-03-18 01:13:31,537 - INFO - Ingress_Enter 6OEORJ9J
2025-03-18 01:13:31,596 - INFO - Ingress_Enter CA7T2G1L
2025-03-18 01:13:31,651 - INFO - Ingress_Exit LMFA3VJ4
2025-03-18 01:13:31,652 - INFO - Ingress_Exit 614IQPMI
2025-03-18 01:13:31,654 - INFO - Ingress_Exit QAHYKGT3
2025-03-18 01:13:31,656 - INFO - Ingress_Exit I5OKWUZV
2025-03-18 01:13:31,664 - INFO - Ingress_Enter OJAWXSV5
2025-03-18 01:13:31,665 - INFO - Ingress_Enter WOAFY7D5
2025-03-18 01:13:31,680 - INFO - Ingress_Enter Q1Q74W7R
2025-03-18 01:13:31,695 - INFO - Ingress_Enter X7TE4DU6
2025-03-18 01:13:31,702 - INFO - Ingress_Enter O44G1OCB
2025-03-18 01:13:31,704 - INFO - Ingress_Enter BAUIXR7I
2025-03-18 01:13:31,725 - INFO - Ingress_Enter 9HSCXYM9
2025-03-18 01:13:31,736 - INFO - Ingress_Enter E70C3QTR
2025-03-18 01:13:31,739 - INFO - Ingress_Enter 0GDLUX4E
2025-03-18 01:13:31,741 - INFO - Ingress_Enter 7O86UMPL
2025-03-18 01:13:31,753 - INFO - Ingress_Enter DPQGF9AZ
2025-03-18 01:13:31,827 - INFO - Ingress_Enter G8F00GNJ
2025-03-18 01:13:31,869 - INFO - Ingress_Enter XEA7YGW0
2025-03-18 01:13:31,881 - INFO - Ingress_Enter CTCPOTJ7
2025-03-18 01:13:32,227 - INFO - Ingress_Exit 8DHGM28N
2025-03-18 01:13:32,229 - INFO - Ingress_Exit FX14HREE
2025-03-18 01:13:32,231 - INFO - Ingress_Exit ZGTK6YZH
2025-03-18 01:13:32,304 - INFO - Ingress_Enter K10F4KW7
2025-03-18 01:13:32,312 - INFO - Ingress_Enter H678Q0IP
2025-03-18 01:13:32,345 - INFO - Ingress_Enter UVQ0QFS9
2025-03-18 01:13:35,985 - INFO - Ingress_Exit RZEM65XT
2025-03-18 01:13:36,009 - INFO - Ingress_Enter YI5SW07R
2025-03-18 01:13:38,683 - INFO - Ingress_Exit M2U6DSBU
2025-03-18 01:13:38,696 - INFO - Ingress_Enter QZ6ENHR1
2025-03-18 01:13:43,171 - INFO - Ingress_Exit THHGTK5D
2025-03-18 01:13:43,173 - INFO - Ingress_Exit ESN8WH3X
2025-03-18 01:13:43,184 - INFO - Ingress_Enter Y3K13XTH
2025-03-18 01:13:43,186 - INFO - Ingress_Enter 5CRQG6HP
2025-03-18 01:13:46,407 - INFO - Ingress_Exit 1RKJ28JY
2025-03-18 01:13:46,407 - INFO - Ingress_Exit ILACX8UR
2025-03-18 01:13:46,410 - INFO - Ingress_Exit L433DRQ8
2025-03-18 01:13:46,411 - INFO - Ingress_Exit X9L8VZNX
2025-03-18 01:13:46,412 - INFO - Ingress_Exit W566KCZQ
2025-03-18 01:13:46,415 - INFO - Ingress_Exit WVWBBFJA
2025-03-18 01:13:46,433 - INFO - Ingress_Enter 7Z07LEPD
2025-03-18 01:13:46,451 - INFO - Ingress_Enter LDA6D9IU
2025-03-18 01:13:46,469 - INFO - Ingress_Enter GS9FQ8X7
2025-03-18 01:13:46,475 - INFO - Ingress_Enter DJJR1E27
2025-03-18 01:13:46,480 - INFO - Ingress_Enter 98XF9105
2025-03-18 01:13:46,491 - INFO - Ingress_Enter C1Z3V3BE
2025-03-18 01:13:47,323 - INFO - Ingress_Exit 2M96TYIV
2025-03-18 01:13:47,358 - INFO - Ingress_Enter CVOZKLB1
2025-03-18 01:13:47,610 - INFO - Ingress_Exit 79HEU6CF
2025-03-18 01:13:47,611 - INFO - Ingress_Exit XH9ZZZX2
2025-03-18 01:13:47,613 - INFO - Ingress_Exit EP16GE42
2025-03-18 01:13:47,614 - INFO - Ingress_Exit ABMIENBN
2025-03-18 01:13:47,618 - INFO - Ingress_Exit YLAC37XM
2025-03-18 01:13:47,625 - INFO - Ingress_Enter U8OAYC57
2025-03-18 01:13:47,626 - INFO - Ingress_Enter WVUCIMSI
2025-03-18 01:13:47,638 - INFO - Ingress_Enter NCIPXG28
2025-03-18 01:13:47,654 - INFO - Ingress_Enter AN83YJUN
2025-03-18 01:13:47,685 - INFO - Ingress_Enter VHE799ZT
2025-03-18 01:13:48,075 - INFO - Ingress_Exit 2ONFY1T0
2025-03-18 01:13:48,077 - INFO - Ingress_Exit GBQJLQOK
2025-03-18 01:13:48,086 - INFO - Ingress_Enter 7QKIQ3XA
2025-03-18 01:13:48,087 - INFO - Ingress_Enter O8K8E2E3
2025-03-18 01:13:48,130 - INFO - Ingress_Exit QJO9M5RB
2025-03-18 01:13:48,132 - INFO - Ingress_Exit X16ND655
2025-03-18 01:13:48,136 - INFO - Ingress_Exit PFH61VLB
2025-03-18 01:13:48,155 - INFO - Ingress_Enter B5KPCQ7O
2025-03-18 01:13:48,157 - INFO - Ingress_Enter T13G3NW7
2025-03-18 01:13:48,157 - INFO - Ingress_Enter CZNK9UN5
2025-03-18 01:13:48,182 - INFO - Ingress_Exit EJNGJUR0
2025-03-18 01:13:48,183 - INFO - Ingress_Exit R1NKDKW6
2025-03-18 01:13:48,185 - INFO - Ingress_Exit YS6ZX7Q2
2025-03-18 01:13:48,190 - INFO - Ingress_Exit NNDES6QE
2025-03-18 01:13:48,194 - INFO - Ingress_Exit GIOAL7QY
2025-03-18 01:13:48,196 - INFO - Ingress_Exit IEURGTAB
2025-03-18 01:13:48,197 - INFO - Ingress_Exit B4KPS78T
2025-03-18 01:13:48,198 - INFO - Ingress_Exit X6ZRQHVQ
2025-03-18 01:13:48,199 - INFO - Ingress_Exit HZXK6L2R
2025-03-18 01:13:48,200 - INFO - Ingress_Exit 2NFRVMV9
2025-03-18 01:13:48,201 - INFO - Ingress_Enter HXAU2LLI
2025-03-18 01:13:48,202 - INFO - Ingress_Enter S6N8M7PW
2025-03-18 01:13:48,233 - INFO - Ingress_Enter Q5HA5XRI
2025-03-18 01:13:48,235 - INFO - Ingress_Enter D5XC3BRO
2025-03-18 01:13:48,235 - INFO - Ingress_Enter 2GSOVIDT
2025-03-18 01:13:48,300 - INFO - Ingress_Enter 4KZEEXKA
2025-03-18 01:13:48,346 - INFO - Ingress_Enter 5YD7M4ST
2025-03-18 01:13:48,350 - INFO - Ingress_Enter ET062JSE
2025-03-18 01:13:48,374 - INFO - Ingress_Enter XQ7MLNEU
2025-03-18 01:13:48,387 - INFO - Ingress_Enter K4JPT6LL
2025-03-18 01:13:50,949 - INFO - Ingress_Exit 3XTMD6A7
2025-03-18 01:13:50,950 - INFO - Ingress_Exit 0GBZVMRN
2025-03-18 01:13:50,952 - INFO - Ingress_Exit 866LTQ81
2025-03-18 01:13:50,954 - INFO - Ingress_Exit FC5FU9DD
2025-03-18 01:13:50,956 - INFO - Ingress_Exit U8LA59H4
2025-03-18 01:13:50,957 - INFO - Ingress_Exit N14EDQ7E
2025-03-18 01:13:50,960 - INFO - Ingress_Exit 74SIG8G5
2025-03-18 01:13:50,961 - INFO - Ingress_Exit ILJ8INDR
2025-03-18 01:13:50,962 - INFO - Ingress_Exit Z6GPP5WU
2025-03-18 01:13:50,963 - INFO - Ingress_Exit 56ZM0G3U
2025-03-18 01:13:50,964 - INFO - Ingress_Exit GHWNTH42
2025-03-18 01:13:50,965 - INFO - Ingress_Exit 6AD3Z76O
2025-03-18 01:13:50,976 - INFO - Ingress_Exit SJBNS2CB
2025-03-18 01:13:50,977 - INFO - Ingress_Exit S5Y0IEFF
2025-03-18 01:13:50,978 - INFO - Ingress_Exit HLI7HRPH
2025-03-18 01:13:50,980 - INFO - Ingress_Exit SOMARD7W
2025-03-18 01:13:50,981 - INFO - Ingress_Exit KGDDA0PA
2025-03-18 01:13:50,982 - INFO - Ingress_Exit HTNRZPXV
2025-03-18 01:13:50,983 - INFO - Ingress_Exit UNM4NM84
2025-03-18 01:13:50,985 - INFO - Ingress_Exit INDQLHQJ
2025-03-18 01:13:50,989 - INFO - Ingress_Exit J7HLDQFQ
2025-03-18 01:13:51,118 - INFO - Ingress_Enter NDF7WYHP
2025-03-18 01:13:51,169 - INFO - Ingress_Enter W29PSIIT
2025-03-18 01:13:51,329 - INFO - Ingress_Exit 8JNC9YLH
2025-03-18 01:13:51,331 - INFO - Ingress_Exit 4IEZAO8A
2025-03-18 01:13:51,335 - INFO - Ingress_Exit P48FS2G3
2025-03-18 01:13:51,337 - INFO - Ingress_Exit 3P5ATQVN
2025-03-18 01:13:51,339 - INFO - Ingress_Exit FTR7LB3C
2025-03-18 01:13:51,341 - INFO - Ingress_Exit I3VY41MN
2025-03-18 01:13:51,343 - INFO - Ingress_Exit CA7T2G1L
2025-03-18 01:13:51,344 - INFO - Ingress_Exit X7TE4DU6
2025-03-18 01:13:51,346 - INFO - Ingress_Exit CTCPOTJ7
2025-03-18 01:13:51,350 - INFO - Ingress_Exit O44G1OCB
2025-03-18 01:13:51,352 - INFO - Ingress_Exit SJCZ9XAX
2025-03-18 01:13:51,353 - INFO - Ingress_Exit 9LK1N09J
2025-03-18 01:13:51,354 - INFO - Ingress_Exit FU9K5V3X
2025-03-18 01:13:51,356 - INFO - Ingress_Exit JS7JDUNF
2025-03-18 01:13:51,360 - INFO - Ingress_Exit FUK6ATNK
2025-03-18 01:13:51,361 - INFO - Ingress_Exit G8C0DF11
2025-03-18 01:13:51,362 - INFO - Ingress_Exit NZ529LPM
2025-03-18 01:13:51,362 - INFO - Ingress_Exit FGNOEHH7
2025-03-18 01:13:51,363 - INFO - Ingress_Exit MO0YB27J
2025-03-18 01:13:51,363 - INFO - Ingress_Exit ZQSB2PD4
2025-03-18 01:13:51,365 - INFO - Ingress_Exit R0QYOF9W
2025-03-18 01:13:51,366 - INFO - Ingress_Exit T54930J1
2025-03-18 01:13:51,366 - INFO - Ingress_Exit BH9UE791
2025-03-18 01:13:51,622 - INFO - Ingress_Enter FTQX8MCO
2025-03-18 01:13:51,731 - INFO - Ingress_Enter PG8GRSFO
2025-03-18 01:13:51,807 - INFO - Ingress_Enter UR63T4NK
2025-03-18 01:13:51,973 - INFO - Ingress_Exit K08RXSQH
2025-03-18 01:13:51,974 - INFO - Ingress_Exit 4ZUAE9WW
2025-03-18 01:13:51,975 - INFO - Ingress_Exit 3ADYY0H0
2025-03-18 01:13:51,976 - INFO - Ingress_Exit QNJG4VPM
2025-03-18 01:13:51,979 - INFO - Ingress_Exit THCURLHN
2025-03-18 01:13:52,590 - INFO - Ingress_Enter MKNYHM7D
2025-03-18 01:13:52,746 - INFO - Ingress_Enter 42ZZEAWC
2025-03-18 01:13:52,783 - INFO - Ingress_Enter V05WN493
2025-03-18 01:13:53,085 - INFO - Ingress_Exit 6OEORJ9J
2025-03-18 01:13:53,086 - INFO - Ingress_Exit WOAFY7D5
2025-03-18 01:13:53,088 - INFO - Ingress_Exit Q1Q74W7R
2025-03-18 01:13:53,089 - INFO - Ingress_Exit 9HSCXYM9
2025-03-18 01:13:53,091 - INFO - Ingress_Exit BAUIXR7I
2025-03-18 01:13:53,093 - INFO - Ingress_Exit E70C3QTR
2025-03-18 01:13:53,095 - INFO - Ingress_Exit 0GDLUX4E
2025-03-18 01:13:53,097 - INFO - Ingress_Exit 7O86UMPL
2025-03-18 01:13:53,098 - INFO - Ingress_Exit DPQGF9AZ
2025-03-18 01:13:53,099 - INFO - Ingress_Exit 3DHA8K28
2025-03-18 01:13:54,491 - INFO - Ingress_Exit 7EK6DDMQ
2025-03-18 01:13:57,145 - INFO - Ingress_Exit OJAWXSV5
2025-03-18 01:13:57,343 - INFO - Ingress_Exit 4MCFOBUJ
2025-03-18 01:13:57,344 - INFO - Ingress_Exit P5R3N4Y9
2025-03-18 01:13:57,346 - INFO - Ingress_Exit 69FSWJUK
2025-03-18 01:13:57,705 - INFO - Ingress_Exit G8F00GNJ
2025-03-18 01:13:57,709 - INFO - Ingress_Exit XEA7YGW0
2025-03-18 01:13:57,881 - INFO - Ingress_Exit H678Q0IP
2025-03-18 01:13:57,883 - INFO - Ingress_Exit K10F4KW7
2025-03-18 01:13:57,884 - INFO - Ingress_Exit UVQ0QFS9
2025-03-18 01:13:57,887 - INFO - Ingress_Exit YI5SW07R
2025-03-18 01:13:58,813 - INFO - Ingress_Exit DJJR1E27
2025-03-18 01:13:58,815 - INFO - Ingress_Exit C1Z3V3BE
2025-03-18 01:13:58,842 - INFO - Ingress_Exit QZ6ENHR1
2025-03-18 01:13:58,843 - INFO - Ingress_Exit Y3K13XTH
2025-03-18 01:13:58,845 - INFO - Ingress_Exit 5CRQG6HP
2025-03-18 01:13:58,846 - INFO - Ingress_Exit 7Z07LEPD
2025-03-18 01:13:58,847 - INFO - Ingress_Exit LDA6D9IU
2025-03-18 01:13:58,849 - INFO - Ingress_Exit GS9FQ8X7
2025-03-18 01:13:58,851 - INFO - Ingress_Exit 98XF9105
2025-03-18 01:13:59,334 - INFO - Ingress_Exit CVOZKLB1
2025-03-18 01:13:59,335 - INFO - Ingress_Exit AN83YJUN
2025-03-18 01:13:59,336 - INFO - Ingress_Exit VHE799ZT
2025-03-18 01:13:59,337 - INFO - Ingress_Exit WVUCIMSI
2025-03-18 01:13:59,340 - INFO - Ingress_Exit NCIPXG28
2025-03-18 01:13:59,342 - INFO - Ingress_Exit U8OAYC57
2025-03-18 01:13:59,344 - INFO - Ingress_Exit 7QKIQ3XA
2025-03-18 01:13:59,653 - INFO - Ingress_Exit 4KZEEXKA
2025-03-18 01:13:59,655 - INFO - Ingress_Exit ET062JSE
2025-03-18 01:13:59,662 - INFO - Ingress_Exit O8K8E2E3
2025-03-18 01:13:59,664 - INFO - Ingress_Exit B5KPCQ7O
2025-03-18 01:13:59,666 - INFO - Ingress_Exit CZNK9UN5
2025-03-18 01:13:59,668 - INFO - Ingress_Exit S6N8M7PW
2025-03-18 01:13:59,669 - INFO - Ingress_Exit Q5HA5XRI
2025-03-18 01:13:59,809 - INFO - Ingress_Exit T13G3NW7
2025-03-18 01:13:59,810 - INFO - Ingress_Exit HXAU2LLI
2025-03-18 01:13:59,811 - INFO - Ingress_Exit 2GSOVIDT
2025-03-18 01:13:59,814 - INFO - Ingress_Exit D5XC3BRO
2025-03-18 01:13:59,816 - INFO - Ingress_Exit XQ7MLNEU
2025-03-18 01:13:59,817 - INFO - Ingress_Exit 5YD7M4ST
2025-03-18 01:13:59,820 - INFO - Ingress_Exit K4JPT6LL
2025-03-18 01:13:59,823 - INFO - Ingress_Exit NDF7WYHP
2025-03-18 01:13:59,824 - INFO - Ingress_Exit W29PSIIT
2025-03-18 01:14:02,605 - INFO - Ingress_Exit FTQX8MCO
2025-03-18 01:14:02,976 - INFO - Ingress_Exit PG8GRSFO
2025-03-18 01:14:03,462 - INFO - Ingress_Exit UR63T4NK
2025-03-18 01:14:03,463 - INFO - Ingress_Exit MKNYHM7D
2025-03-18 01:14:03,556 - INFO - Ingress_Exit 42ZZEAWC
2025-03-18 01:14:04,832 - INFO - Ingress_Exit V05WN493
