2025-03-18 03:48:40,380 - INFO - Ingress_Enter US4Q2KAW
2025-03-18 03:48:41,219 - INFO - Ingress_Exit US4Q2KAW
2025-03-18 03:48:42,245 - INFO - Ingress_Enter 095QPO5E
2025-03-18 03:48:42,350 - INFO - Ingress_Exit 095QPO5E
2025-03-18 03:48:43,307 - INFO - Ingress_Enter VZ1D7FTU
2025-03-18 03:48:43,410 - INFO - Ingress_Exit VZ1D7FTU
2025-03-18 03:48:43,468 - INFO - Ingress_Enter G44J2JJM
2025-03-18 03:48:43,577 - INFO - Ingress_Exit G44J2JJM
2025-03-18 03:48:43,662 - INFO - Ingress_Enter X2M2T5CN
2025-03-18 03:48:43,766 - INFO - Ingress_Exit X2M2T5CN
2025-03-18 03:48:44,082 - INFO - Ingress_Enter ZQ0GUOZB
2025-03-18 03:48:44,183 - INFO - Ingress_Exit ZQ0GUOZB
2025-03-18 03:48:44,600 - INFO - Ingress_Enter 5Q456739
2025-03-18 03:48:44,697 - INFO - Ingress_Exit 5Q456739
2025-03-18 03:48:45,083 - INFO - Ingress_Enter 7F4NHLYZ
2025-03-18 03:48:45,147 - INFO - Ingress_Enter H8AEHOPN
2025-03-18 03:48:45,216 - INFO - Ingress_Exit 7F4NHLYZ
2025-03-18 03:48:45,243 - INFO - Ingress_Exit H8AEHOPN
2025-03-18 03:48:45,503 - INFO - Ingress_Enter MOTK2FHF
2025-03-18 03:48:45,597 - INFO - Ingress_Exit MOTK2FHF
2025-03-18 03:48:45,631 - INFO - Ingress_Enter KML8SILC
2025-03-18 03:48:45,731 - INFO - Ingress_Exit KML8SILC
2025-03-18 03:48:46,409 - INFO - Ingress_Enter VTZKQ8YG
2025-03-18 03:48:46,473 - INFO - Ingress_Enter 3ZWD8NRP
2025-03-18 03:48:46,516 - INFO - Ingress_Exit VTZKQ8YG
2025-03-18 03:48:46,594 - INFO - Ingress_Exit 3ZWD8NRP
2025-03-18 03:48:47,865 - INFO - Ingress_Enter 3WYA583L
2025-03-18 03:48:47,966 - INFO - Ingress_Exit 3WYA583L
2025-03-18 03:48:48,413 - INFO - Ingress_Enter 6NG3MZXV
2025-03-18 03:48:48,510 - INFO - Ingress_Exit 6NG3MZXV
2025-03-18 03:48:48,673 - INFO - Ingress_Enter FCO6X5E5
2025-03-18 03:48:48,704 - INFO - Ingress_Enter O4L48P2I
2025-03-18 03:48:48,765 - INFO - Ingress_Exit FCO6X5E5
2025-03-18 03:48:48,798 - INFO - Ingress_Exit O4L48P2I
2025-03-18 03:48:49,640 - INFO - Ingress_Enter K3T6W0P5
2025-03-18 03:48:49,671 - INFO - Ingress_Enter E36KACLM
2025-03-18 03:48:49,749 - INFO - Ingress_Exit K3T6W0P5
2025-03-18 03:48:49,785 - INFO - Ingress_Exit E36KACLM
2025-03-18 03:48:50,125 - INFO - Ingress_Enter BXDXAMDY
2025-03-18 03:48:50,224 - INFO - Ingress_Exit BXDXAMDY
2025-03-18 03:48:51,057 - INFO - Ingress_Enter ZGIDEAR6
2025-03-18 03:48:51,150 - INFO - Ingress_Exit ZGIDEAR6
2025-03-18 03:48:51,249 - INFO - Ingress_Enter 0AAD1D1H
2025-03-18 03:48:51,343 - INFO - Ingress_Exit 0AAD1D1H
2025-03-18 03:48:51,476 - INFO - Ingress_Enter 68TM1VGI
2025-03-18 03:48:51,566 - INFO - Ingress_Exit 68TM1VGI
2025-03-18 03:48:52,024 - INFO - Ingress_Enter 4MLSUD8V
2025-03-18 03:48:52,121 - INFO - Ingress_Exit 4MLSUD8V
2025-03-18 03:48:52,604 - INFO - Ingress_Enter 06XMA21J
2025-03-18 03:48:52,698 - INFO - Ingress_Exit 06XMA21J
2025-03-18 03:48:53,572 - INFO - Ingress_Enter H4439TP6
2025-03-18 03:48:53,671 - INFO - Ingress_Exit H4439TP6
2025-03-18 03:48:56,119 - INFO - Ingress_Enter CX83EZ1B
2025-03-18 03:48:56,214 - INFO - Ingress_Exit CX83EZ1B
2025-03-18 03:48:59,051 - INFO - Ingress_Enter WMP36KD0
2025-03-18 03:48:59,154 - INFO - Ingress_Exit WMP36KD0
2025-03-18 03:48:59,178 - INFO - Ingress_Enter BIVG7UHJ
2025-03-18 03:48:59,273 - INFO - Ingress_Exit BIVG7UHJ
2025-03-18 03:48:59,693 - INFO - Ingress_Enter T1IBB6PU
2025-03-18 03:48:59,825 - INFO - Ingress_Exit T1IBB6PU
2025-03-18 03:49:01,177 - INFO - Ingress_Enter 6V2H7CX2
2025-03-18 03:49:01,278 - INFO - Ingress_Exit 6V2H7CX2
2025-03-18 03:49:02,243 - INFO - Ingress_Enter 1YL13JU1
2025-03-18 03:49:02,339 - INFO - Ingress_Enter 82OQ3OAT
2025-03-18 03:49:02,348 - INFO - Ingress_Exit 1YL13JU1
2025-03-18 03:49:02,439 - INFO - Ingress_Exit 82OQ3OAT
2025-03-18 03:49:04,470 - INFO - Ingress_Enter H6RSPRXF
2025-03-18 03:49:04,560 - INFO - Ingress_Exit H6RSPRXF
2025-03-18 03:49:04,889 - INFO - Ingress_Enter 7F5TA1DI
2025-03-18 03:49:04,990 - INFO - Ingress_Exit 7F5TA1DI
2025-03-18 03:49:05,116 - INFO - Ingress_Enter HPBV7PZP
2025-03-18 03:49:05,219 - INFO - Ingress_Exit HPBV7PZP
2025-03-18 03:49:05,664 - INFO - Ingress_Enter Z4BOHU44
2025-03-18 03:49:05,773 - INFO - Ingress_Exit Z4BOHU44
2025-03-18 03:49:06,083 - INFO - Ingress_Enter BMQ9QS1S
2025-03-18 03:49:06,148 - INFO - Ingress_Enter 4RLOU8NV
2025-03-18 03:49:06,197 - INFO - Ingress_Exit BMQ9QS1S
2025-03-18 03:49:06,242 - INFO - Ingress_Exit 4RLOU8NV
2025-03-18 03:49:11,563 - INFO - Ingress_Enter TKKUTLRH
2025-03-18 03:49:11,626 - INFO - Ingress_Enter SKW146J4
2025-03-18 03:49:11,664 - INFO - Ingress_Exit TKKUTLRH
2025-03-18 03:49:11,732 - INFO - Ingress_Exit SKW146J4
2025-03-18 03:49:14,010 - INFO - Ingress_Enter CJ81VHDH
2025-03-18 03:49:14,135 - INFO - Ingress_Exit CJ81VHDH
2025-03-18 03:49:14,883 - INFO - Ingress_Enter C71K7GDH
2025-03-18 03:49:14,981 - INFO - Ingress_Exit C71K7GDH
2025-03-18 03:49:15,206 - INFO - Ingress_Enter OXSNLSPJ
2025-03-18 03:49:15,357 - INFO - Ingress_Enter 1RBVZ6UJ
2025-03-18 03:49:15,359 - INFO - Ingress_Exit OXSNLSPJ
2025-03-18 03:49:15,456 - INFO - Ingress_Exit 1RBVZ6UJ
2025-03-18 03:49:16,173 - INFO - Ingress_Enter DHHU1QEC
2025-03-18 03:49:16,269 - INFO - Ingress_Exit DHHU1QEC
2025-03-18 03:49:17,138 - INFO - Ingress_Enter R0LWL7PB
2025-03-18 03:49:17,231 - INFO - Ingress_Exit R0LWL7PB
2025-03-18 03:49:17,267 - INFO - Ingress_Enter WMUMOWVU
2025-03-18 03:49:17,363 - INFO - Ingress_Exit WMUMOWVU
2025-03-18 03:49:17,525 - INFO - Ingress_Enter 8FECLED9
2025-03-18 03:49:17,557 - INFO - Ingress_Enter X9OUCGZ6
2025-03-18 03:49:17,616 - INFO - Ingress_Exit 8FECLED9
2025-03-18 03:49:17,652 - INFO - Ingress_Exit X9OUCGZ6
2025-03-18 03:49:17,880 - INFO - Ingress_Enter W7ATPODE
2025-03-18 03:49:17,978 - INFO - Ingress_Exit W7ATPODE
2025-03-18 03:49:18,719 - INFO - Ingress_Enter 0GYKC679
2025-03-18 03:49:18,829 - INFO - Ingress_Exit 0GYKC679
2025-03-18 03:49:19,106 - INFO - Ingress_Enter 3Q2RWFTO
2025-03-18 03:49:19,212 - INFO - Ingress_Exit 3Q2RWFTO
2025-03-18 03:49:20,945 - INFO - Ingress_Enter PMYXZQ9I
2025-03-18 03:49:21,058 - INFO - Ingress_Exit PMYXZQ9I
2025-03-18 03:49:21,138 - INFO - Ingress_Enter D53QMAQD
2025-03-18 03:49:21,250 - INFO - Ingress_Exit D53QMAQD
2025-03-18 03:49:21,851 - INFO - Ingress_Enter DYKZC01I
2025-03-18 03:49:21,955 - INFO - Ingress_Exit DYKZC01I
2025-03-18 03:49:22,398 - INFO - Ingress_Enter GI6ZO6YX
2025-03-18 03:49:22,503 - INFO - Ingress_Exit GI6ZO6YX
2025-03-18 03:49:22,687 - INFO - Ingress_Enter QPNBAPWP
2025-03-18 03:49:22,793 - INFO - Ingress_Exit QPNBAPWP
2025-03-18 03:49:24,558 - INFO - Ingress_Enter KXAHVGLV
2025-03-18 03:49:24,651 - INFO - Ingress_Exit KXAHVGLV
2025-03-18 03:49:25,652 - INFO - Ingress_Enter Y7Y78O5U
2025-03-18 03:49:25,742 - INFO - Ingress_Exit Y7Y78O5U
2025-03-18 03:49:26,233 - INFO - Ingress_Enter U4WEDD4F
2025-03-18 03:49:26,332 - INFO - Ingress_Exit U4WEDD4F
2025-03-18 03:49:27,425 - INFO - Ingress_Enter 293WXP1R
2025-03-18 03:49:27,512 - INFO - Ingress_Exit 293WXP1R
2025-03-18 03:49:27,521 - INFO - Ingress_Enter 39MXJP65
2025-03-18 03:49:27,618 - INFO - Ingress_Exit 39MXJP65
2025-03-18 03:49:27,972 - INFO - Ingress_Enter 48ZY20GD
2025-03-18 03:49:28,068 - INFO - Ingress_Exit 48ZY20GD
2025-03-18 03:49:28,586 - INFO - Ingress_Enter HOJ19PGM
2025-03-18 03:49:28,681 - INFO - Ingress_Exit HOJ19PGM
2025-03-18 03:49:29,132 - INFO - Ingress_Enter Q8EMM2MT
2025-03-18 03:49:29,226 - INFO - Ingress_Exit Q8EMM2MT
2025-03-18 03:49:30,583 - INFO - Ingress_Enter ELC0ZOKS
2025-03-18 03:49:30,676 - INFO - Ingress_Exit ELC0ZOKS
2025-03-18 03:49:31,069 - INFO - Ingress_Enter JWXWEUYW
2025-03-18 03:49:31,158 - INFO - Ingress_Exit JWXWEUYW
2025-03-18 03:49:31,746 - INFO - Ingress_Enter STUSQF3J
2025-03-18 03:49:31,838 - INFO - Ingress_Exit STUSQF3J
2025-03-18 03:49:32,624 - INFO - Ingress_Enter RGLD5FBJ
2025-03-18 03:49:32,723 - INFO - Ingress_Exit RGLD5FBJ
2025-03-18 03:49:33,243 - INFO - Ingress_Enter LW5TE5WT
2025-03-18 03:49:33,335 - INFO - Ingress_Exit LW5TE5WT
2025-03-18 03:49:34,664 - INFO - Ingress_Enter ZHT0J74S
2025-03-18 03:49:34,762 - INFO - Ingress_Exit ZHT0J74S
2025-03-18 03:49:34,793 - INFO - Ingress_Enter U2P4T9WU
2025-03-18 03:49:34,886 - INFO - Ingress_Exit U2P4T9WU
2025-03-18 03:49:35,210 - INFO - Ingress_Enter 3H8N2B66
2025-03-18 03:49:35,308 - INFO - Ingress_Exit 3H8N2B66
2025-03-18 03:49:35,435 - INFO - Ingress_Enter XA8LMVJY
2025-03-18 03:49:35,549 - INFO - Ingress_Exit XA8LMVJY
2025-03-18 03:49:35,596 - INFO - Ingress_Enter TQAJB85Y
2025-03-18 03:49:35,702 - INFO - Ingress_Exit TQAJB85Y
2025-03-18 03:49:35,983 - INFO - Ingress_Enter QKI45S7Q
2025-03-18 03:49:36,073 - INFO - Ingress_Exit QKI45S7Q
2025-03-18 03:49:36,210 - INFO - Ingress_Enter EB9UCHAR
2025-03-18 03:49:36,328 - INFO - Ingress_Exit EB9UCHAR
2025-03-18 03:49:36,468 - INFO - Ingress_Enter 597BIYNV
2025-03-18 03:49:36,568 - INFO - Ingress_Exit 597BIYNV
2025-03-18 03:49:37,595 - INFO - Ingress_Enter 7YUXW128
2025-03-18 03:49:37,710 - INFO - Ingress_Exit 7YUXW128
2025-03-18 03:49:37,756 - INFO - Ingress_Enter 5N4SKM72
2025-03-18 03:49:37,853 - INFO - Ingress_Exit 5N4SKM72
2025-03-18 03:49:39,029 - INFO - Ingress_Enter TEPR3YEB
2025-03-18 03:49:39,132 - INFO - Ingress_Exit TEPR3YEB
2025-03-18 03:49:39,285 - INFO - Ingress_Enter QOE9PU3U
2025-03-18 03:49:39,377 - INFO - Ingress_Exit QOE9PU3U
2025-03-18 03:49:40,703 - INFO - Ingress_Enter FOPG37ED
2025-03-18 03:49:40,802 - INFO - Ingress_Exit FOPG37ED
2025-03-18 03:49:40,832 - INFO - Ingress_Enter AEXBATTV
2025-03-18 03:49:40,927 - INFO - Ingress_Exit AEXBATTV
2025-03-18 03:49:42,574 - INFO - Ingress_Enter 422QOIZ2
2025-03-18 03:49:42,695 - INFO - Ingress_Exit 422QOIZ2
2025-03-18 03:49:42,734 - INFO - Ingress_Enter 1CCZ3AD3
2025-03-18 03:49:42,826 - INFO - Ingress_Exit 1CCZ3AD3
2025-03-18 03:49:43,730 - INFO - Ingress_Enter GHDQQHMD
2025-03-18 03:49:43,822 - INFO - Ingress_Exit GHDQQHMD
2025-03-18 03:49:44,740 - INFO - Ingress_Enter 58MAUPAY
2025-03-18 03:49:44,835 - INFO - Ingress_Exit 58MAUPAY
2025-03-18 03:49:45,189 - INFO - Ingress_Enter IR7363RX
2025-03-18 03:49:45,296 - INFO - Ingress_Exit IR7363RX
2025-03-18 03:49:45,511 - INFO - Ingress_Enter 2QR4VL6P
2025-03-18 03:49:45,545 - INFO - Ingress_Enter A2BM3HAZ
2025-03-18 03:49:45,600 - INFO - Ingress_Exit 2QR4VL6P
2025-03-18 03:49:45,642 - INFO - Ingress_Exit A2BM3HAZ
2025-03-18 03:49:47,605 - INFO - Ingress_Enter 29RG94ZA
2025-03-18 03:49:47,698 - INFO - Ingress_Exit 29RG94ZA
2025-03-18 03:49:47,861 - INFO - Ingress_Enter HP82IQ47
2025-03-18 03:49:47,932 - INFO - Ingress_Enter 76H3TV41
2025-03-18 03:49:47,961 - INFO - Ingress_Exit HP82IQ47
2025-03-18 03:49:48,027 - INFO - Ingress_Exit 76H3TV41
2025-03-18 03:49:48,249 - INFO - Ingress_Enter ML0H3NZ8
2025-03-18 03:49:48,343 - INFO - Ingress_Exit ML0H3NZ8
2025-03-18 03:49:48,474 - INFO - Ingress_Enter W3GE1J0C
2025-03-18 03:49:48,570 - INFO - Ingress_Enter XCAEBEC1
2025-03-18 03:49:48,573 - INFO - Ingress_Exit W3GE1J0C
2025-03-18 03:49:48,666 - INFO - Ingress_Exit XCAEBEC1
2025-03-18 03:49:50,026 - INFO - Ingress_Enter 8PMI6UYW
2025-03-18 03:49:50,123 - INFO - Ingress_Exit 8PMI6UYW
2025-03-18 03:49:50,448 - INFO - Ingress_Enter K2LM8RPC
2025-03-18 03:49:50,546 - INFO - Ingress_Exit K2LM8RPC
2025-03-18 03:49:51,478 - INFO - Ingress_Enter A6FI5DC3
2025-03-18 03:49:51,510 - INFO - Ingress_Enter YRNAYTQZ
2025-03-18 03:49:51,569 - INFO - Ingress_Exit A6FI5DC3
2025-03-18 03:49:51,608 - INFO - Ingress_Enter 0H04JX6J
2025-03-18 03:49:51,609 - INFO - Ingress_Exit YRNAYTQZ
2025-03-18 03:49:51,701 - INFO - Ingress_Exit 0H04JX6J
2025-03-18 03:49:51,930 - INFO - Ingress_Enter 2E9MNRT6
2025-03-18 03:49:52,022 - INFO - Ingress_Exit 2E9MNRT6
2025-03-18 03:49:52,221 - INFO - Ingress_Enter N3PKPJGF
2025-03-18 03:49:52,314 - INFO - Ingress_Exit N3PKPJGF
2025-03-18 03:49:52,413 - INFO - Ingress_Enter OBEP9VS4
2025-03-18 03:49:52,510 - INFO - Ingress_Exit OBEP9VS4
2025-03-18 03:49:52,541 - INFO - Ingress_Enter CGK30SVN
2025-03-18 03:49:52,573 - INFO - Ingress_Enter 4ZENDWNX
2025-03-18 03:49:52,635 - INFO - Ingress_Exit CGK30SVN
2025-03-18 03:49:52,674 - INFO - Ingress_Exit 4ZENDWNX
2025-03-18 03:49:53,479 - INFO - Ingress_Enter MYW6U5MT
2025-03-18 03:49:53,572 - INFO - Ingress_Exit MYW6U5MT
2025-03-18 03:49:54,349 - INFO - Ingress_Enter O95HO4MZ
2025-03-18 03:49:54,413 - INFO - Ingress_Enter U07J6JUC
2025-03-18 03:49:54,439 - INFO - Ingress_Exit O95HO4MZ
2025-03-18 03:49:54,517 - INFO - Ingress_Exit U07J6JUC
2025-03-18 03:49:54,865 - INFO - Ingress_Enter 2EBJ7JOS
2025-03-18 03:49:54,929 - INFO - Ingress_Enter N3YFY3EO
2025-03-18 03:49:54,961 - INFO - Ingress_Exit 2EBJ7JOS
2025-03-18 03:49:55,037 - INFO - Ingress_Exit N3YFY3EO
2025-03-18 03:49:55,770 - INFO - Ingress_Enter NYXC9HEF
2025-03-18 03:49:55,803 - INFO - Ingress_Enter H6B2ZTJ3
2025-03-18 03:49:55,863 - INFO - Ingress_Exit NYXC9HEF
2025-03-18 03:49:55,897 - INFO - Ingress_Exit H6B2ZTJ3
2025-03-18 03:49:55,967 - INFO - Ingress_Enter YX70W08J
2025-03-18 03:49:56,061 - INFO - Ingress_Exit YX70W08J
2025-03-18 03:49:58,288 - INFO - Ingress_Enter IU1YIF7E
2025-03-18 03:49:58,383 - INFO - Ingress_Exit IU1YIF7E
2025-03-18 03:49:58,513 - INFO - Ingress_Enter JIRCKDHE
2025-03-18 03:49:58,620 - INFO - Ingress_Exit JIRCKDHE
2025-03-18 03:49:59,289 - INFO - Ingress_Enter ALSHNHYO
2025-03-18 03:49:59,385 - INFO - Ingress_Enter 7DLM39D1
2025-03-18 03:49:59,391 - INFO - Ingress_Exit ALSHNHYO
2025-03-18 03:49:59,475 - INFO - Ingress_Exit 7DLM39D1
2025-03-18 03:50:01,450 - INFO - Ingress_Enter 5REGQ5UP
2025-03-18 03:50:01,482 - INFO - Ingress_Enter KBHKQUBC
2025-03-18 03:50:01,514 - INFO - Ingress_Enter OV7MJGFS
2025-03-18 03:50:01,536 - INFO - Ingress_Exit 5REGQ5UP
2025-03-18 03:50:01,568 - INFO - Ingress_Exit KBHKQUBC
2025-03-18 03:50:01,606 - INFO - Ingress_Exit OV7MJGFS
2025-03-18 03:50:11,330 - INFO - Ingress_Enter WP7YXD0Z
2025-03-18 03:50:11,427 - INFO - Ingress_Exit WP7YXD0Z
2025-03-18 03:50:12,296 - INFO - Ingress_Enter IIBX230K
2025-03-18 03:50:12,393 - INFO - Ingress_Exit IIBX230K
2025-03-18 03:50:12,521 - INFO - Ingress_Enter PUEKUB7G
2025-03-18 03:50:12,620 - INFO - Ingress_Exit PUEKUB7G
2025-03-18 03:50:12,683 - INFO - Ingress_Enter QB2GBVQ0
2025-03-18 03:50:12,748 - INFO - Ingress_Enter MOTN5FIP
2025-03-18 03:50:12,779 - INFO - Ingress_Exit QB2GBVQ0
2025-03-18 03:50:12,847 - INFO - Ingress_Exit MOTN5FIP
2025-03-18 03:50:13,302 - INFO - Ingress_Enter CNJ70YNA
2025-03-18 03:50:13,394 - INFO - Ingress_Exit CNJ70YNA
2025-03-18 03:50:14,696 - INFO - Ingress_Enter 6DBPS6MS
2025-03-18 03:50:14,787 - INFO - Ingress_Exit 6DBPS6MS
2025-03-18 03:50:15,017 - INFO - Ingress_Enter E240B8S2
2025-03-18 03:50:15,108 - INFO - Ingress_Exit E240B8S2
2025-03-18 03:50:16,662 - INFO - Ingress_Enter MW7CDB1T
2025-03-18 03:50:16,753 - INFO - Ingress_Exit MW7CDB1T
2025-03-18 03:50:17,501 - INFO - Ingress_Enter PPIELQ9P
2025-03-18 03:50:17,602 - INFO - Ingress_Exit PPIELQ9P
2025-03-18 03:50:17,694 - INFO - Ingress_Enter Y3JZPTS0
2025-03-18 03:50:17,795 - INFO - Ingress_Exit Y3JZPTS0
2025-03-18 03:50:17,855 - INFO - Ingress_Enter 9J3IVOEK
2025-03-18 03:50:17,951 - INFO - Ingress_Exit 9J3IVOEK
2025-03-18 03:50:17,983 - INFO - Ingress_Enter H7OGVB7V
2025-03-18 03:50:18,098 - INFO - Ingress_Exit H7OGVB7V
2025-03-18 03:50:18,176 - INFO - Ingress_Enter LJUIVR94
2025-03-18 03:50:18,267 - INFO - Ingress_Exit LJUIVR94
2025-03-18 03:50:18,597 - INFO - Ingress_Enter VUM6MHPC
2025-03-18 03:50:18,692 - INFO - Ingress_Exit VUM6MHPC
2025-03-18 03:50:18,728 - INFO - Ingress_Enter 4C3MDGXW
2025-03-18 03:50:18,831 - INFO - Ingress_Exit 4C3MDGXW
2025-03-18 03:50:19,703 - INFO - Ingress_Enter 1KZOEFIY
2025-03-18 03:50:19,798 - INFO - Ingress_Exit 1KZOEFIY
2025-03-18 03:50:20,671 - INFO - Ingress_Enter B63GUOHO
2025-03-18 03:50:20,766 - INFO - Ingress_Exit B63GUOHO
2025-03-18 03:50:21,414 - INFO - Ingress_Enter C1V91KMH
2025-03-18 03:50:21,510 - INFO - Ingress_Exit C1V91KMH
2025-03-18 03:50:21,606 - INFO - Ingress_Enter 3AG1I90J
2025-03-18 03:50:21,707 - INFO - Ingress_Exit 3AG1I90J
2025-03-18 03:50:21,833 - INFO - Ingress_Enter RC9GY4MS
2025-03-18 03:50:21,942 - INFO - Ingress_Exit RC9GY4MS
2025-03-18 03:50:22,285 - INFO - Ingress_Enter L5T2VW6Y
2025-03-18 03:50:22,379 - INFO - Ingress_Exit L5T2VW6Y
2025-03-18 03:50:22,801 - INFO - Ingress_Enter TWK99TDZ
2025-03-18 03:50:22,892 - INFO - Ingress_Exit TWK99TDZ
2025-03-18 03:50:23,317 - INFO - Ingress_Enter RX7AACAW
2025-03-18 03:50:23,410 - INFO - Ingress_Exit RX7AACAW
2025-03-18 03:50:23,478 - INFO - Ingress_Enter VW31N6E9
2025-03-18 03:50:23,586 - INFO - Ingress_Exit VW31N6E9
