2025-03-18 03:48:40,486 - INFO - StepB_Enter 6TQTOC3O
2025-03-18 03:48:40,747 - INFO - StepB_Exit 6TQTOC3O
2025-03-18 03:48:40,749 - INFO - StepB_Enter Z1S6TZGO
StepB_Enter OKKBGE6M
StepB_Enter 3TTKSMD5
2025-03-18 03:48:40,892 - INFO - StepB_Exit Z1S6TZGO
StepB_Exit OKKBGE6M
StepB_Exit 3TTKSMD5
2025-03-18 03:48:41,002 - INFO - StepB_Enter Q1NOHCF9
2025-03-18 03:48:41,036 - INFO - StepB_Exit Q1NOHCF9
2025-03-18 03:48:41,065 - INFO - StepB_Enter 5WBYRM1U
2025-03-18 03:48:41,100 - INFO - StepB_Exit 5WBYRM1U
2025-03-18 03:48:41,101 - INFO - StepB_Enter VGS7VKAH
2025-03-18 03:48:41,135 - INFO - StepB_Exit VGS7VKAH
2025-03-18 03:48:41,220 - INFO - StepB_Enter 12PY7DAE
2025-03-18 03:48:41,251 - INFO - StepB_Exit 12PY7DAE
2025-03-18 03:48:41,260 - INFO - StepB_Enter HY09RP5E
2025-03-18 03:48:41,291 - INFO - StepB_Exit HY09RP5E
2025-03-18 03:48:41,457 - INFO - StepB_Enter CK4WUJWC
2025-03-18 03:48:41,488 - INFO - StepB_Exit CK4WUJWC
2025-03-18 03:48:41,682 - INFO - StepB_Enter HTRH3EP9
2025-03-18 03:48:41,713 - INFO - StepB_Exit HTRH3EP9
2025-03-18 03:48:41,743 - INFO - StepB_Enter 5K3M2AC9
2025-03-18 03:48:41,774 - INFO - StepB_Exit 5K3M2AC9
2025-03-18 03:48:41,903 - INFO - StepB_Enter FWHVN16B
2025-03-18 03:48:41,934 - INFO - StepB_Exit FWHVN16B
2025-03-18 03:48:41,936 - INFO - StepB_Enter KHXMMBWY
2025-03-18 03:48:41,968 - INFO - StepB_Exit KHXMMBWY
2025-03-18 03:48:42,099 - INFO - StepB_Enter EZCNBB5D
2025-03-18 03:48:42,130 - INFO - StepB_Exit EZCNBB5D
2025-03-18 03:48:42,261 - INFO - StepB_Enter 095QPO5E
2025-03-18 03:48:42,291 - INFO - StepB_Exit 095QPO5E
2025-03-18 03:48:42,293 - INFO - StepB_Enter 7ZISGJKT
2025-03-18 03:48:42,324 - INFO - StepB_Exit 7ZISGJKT
2025-03-18 03:48:42,325 - INFO - StepB_Enter 4INVSF9V
2025-03-18 03:48:42,356 - INFO - StepB_Exit 4INVSF9V
2025-03-18 03:48:42,574 - INFO - StepB_Enter 6O3569CL
2025-03-18 03:48:42,605 - INFO - StepB_Exit 6O3569CL
2025-03-18 03:48:43,063 - INFO - StepB_Enter 2EGQIJBK
2025-03-18 03:48:43,094 - INFO - StepB_Exit 2EGQIJBK
2025-03-18 03:48:43,159 - INFO - StepB_Enter WTHPGTJ1
2025-03-18 03:48:43,189 - INFO - StepB_Exit WTHPGTJ1
2025-03-18 03:48:43,256 - INFO - StepB_Enter 2IC3JH30
2025-03-18 03:48:43,287 - INFO - StepB_Exit 2IC3JH30
2025-03-18 03:48:43,676 - INFO - StepB_Enter X2M2T5CN
2025-03-18 03:48:43,708 - INFO - StepB_Exit X2M2T5CN
2025-03-18 03:48:43,836 - INFO - StepB_Enter 6FZZURZM
2025-03-18 03:48:43,867 - INFO - StepB_Exit 6FZZURZM
2025-03-18 03:48:43,902 - INFO - StepB_Enter UODCXY0J
2025-03-18 03:48:43,932 - INFO - StepB_Exit UODCXY0J
2025-03-18 03:48:44,195 - INFO - StepB_Enter NTEC4RYD
2025-03-18 03:48:44,236 - INFO - StepB_Exit NTEC4RYD
2025-03-18 03:48:44,550 - INFO - StepB_Enter FMXBUIAM
2025-03-18 03:48:44,594 - INFO - StepB_Exit FMXBUIAM
2025-03-18 03:48:44,595 - INFO - StepB_Enter 9P81K8GW
2025-03-18 03:48:44,641 - INFO - StepB_Exit 9P81K8GW
2025-03-18 03:48:44,874 - INFO - StepB_Enter PY8AGZG9
2025-03-18 03:48:44,920 - INFO - StepB_Exit PY8AGZG9
2025-03-18 03:48:44,999 - INFO - StepB_Enter XQI6YEQ8
2025-03-18 03:48:45,045 - INFO - StepB_Exit XQI6YEQ8
2025-03-18 03:48:45,064 - INFO - StepB_Enter PK8W0J2M
2025-03-18 03:48:45,110 - INFO - StepB_Exit PK8W0J2M
2025-03-18 03:48:45,112 - INFO - StepB_Enter 7F4NHLYZ
2025-03-18 03:48:45,158 - INFO - StepB_Exit 7F4NHLYZ
2025-03-18 03:48:45,226 - INFO - StepB_Enter V6DWV53T
2025-03-18 03:48:45,257 - INFO - StepB_Exit V6DWV53T
2025-03-18 03:48:45,356 - INFO - StepB_Enter NQ06JZTD
2025-03-18 03:48:45,386 - INFO - StepB_Exit NQ06JZTD
2025-03-18 03:48:45,388 - INFO - StepB_Enter RX4SUH8V
2025-03-18 03:48:45,420 - INFO - StepB_Exit RX4SUH8V
2025-03-18 03:48:45,552 - INFO - StepB_Enter 4ZCIBFIF
2025-03-18 03:48:45,583 - INFO - StepB_Exit 4ZCIBFIF
2025-03-18 03:48:45,807 - INFO - StepB_Enter D9GW51TD
2025-03-18 03:48:45,838 - INFO - StepB_Exit D9GW51TD
2025-03-18 03:48:45,936 - INFO - StepB_Enter N28FS7TA
2025-03-18 03:48:45,967 - INFO - StepB_Exit N28FS7TA
2025-03-18 03:48:46,164 - INFO - StepB_Enter K5ZT4NBP
2025-03-18 03:48:46,194 - INFO - StepB_Exit K5ZT4NBP
2025-03-18 03:48:46,228 - INFO - StepB_Enter YPN0OWNX
2025-03-18 03:48:46,259 - INFO - StepB_Exit YPN0OWNX
2025-03-18 03:48:46,452 - INFO - StepB_Enter 7HG7OAO9
2025-03-18 03:48:46,483 - INFO - StepB_Exit 7HG7OAO9
2025-03-18 03:48:46,615 - INFO - StepB_Enter CB70PC41
2025-03-18 03:48:46,646 - INFO - StepB_Exit CB70PC41
2025-03-18 03:48:46,710 - INFO - StepB_Enter WQM3519F
2025-03-18 03:48:46,741 - INFO - StepB_Exit WQM3519F
2025-03-18 03:48:46,875 - INFO - StepB_Enter C7XJ344F
2025-03-18 03:48:46,906 - INFO - StepB_Exit C7XJ344F
2025-03-18 03:48:46,937 - INFO - StepB_Enter IHP9CFTW
2025-03-18 03:48:46,967 - INFO - StepB_Exit IHP9CFTW
2025-03-18 03:48:47,007 - INFO - StepB_Enter OY2OEI67
2025-03-18 03:48:47,045 - INFO - StepB_Exit OY2OEI67
2025-03-18 03:48:47,428 - INFO - StepB_Enter PYHUUDKF
2025-03-18 03:48:47,471 - INFO - StepB_Exit PYHUUDKF
2025-03-18 03:48:47,618 - INFO - StepB_Enter O934NE58
2025-03-18 03:48:47,663 - INFO - StepB_Exit O934NE58
2025-03-18 03:48:47,715 - INFO - StepB_Enter O0MIQ70U
2025-03-18 03:48:47,760 - INFO - StepB_Exit O0MIQ70U
2025-03-18 03:48:47,782 - INFO - StepB_Enter WN27AFZB
2025-03-18 03:48:47,821 - INFO - StepB_Exit WN27AFZB
2025-03-18 03:48:47,879 - INFO - StepB_Enter 3WYA583L
2025-03-18 03:48:47,917 - INFO - StepB_Exit 3WYA583L
2025-03-18 03:48:47,918 - INFO - StepB_Enter KM3DTGTO
2025-03-18 03:48:47,957 - INFO - StepB_Exit KM3DTGTO
2025-03-18 03:48:48,075 - INFO - StepB_Enter ERDB4773
2025-03-18 03:48:48,105 - INFO - StepB_Exit ERDB4773
2025-03-18 03:48:48,199 - INFO - StepB_Enter VKUDTMY7
2025-03-18 03:48:48,230 - INFO - StepB_Exit VKUDTMY7
2025-03-18 03:48:48,267 - INFO - StepB_Enter SNHCGY66
2025-03-18 03:48:48,297 - INFO - StepB_Exit SNHCGY66
2025-03-18 03:48:48,299 - INFO - StepB_Enter ZORTKT1T
2025-03-18 03:48:48,330 - INFO - StepB_Exit ZORTKT1T
2025-03-18 03:48:48,618 - INFO - StepB_Enter JHCUPCDJ
2025-03-18 03:48:48,649 - INFO - StepB_Exit JHCUPCDJ
2025-03-18 03:48:48,685 - INFO - StepB_Enter FCO6X5E5
2025-03-18 03:48:48,716 - INFO - StepB_Exit FCO6X5E5
2025-03-18 03:48:48,718 - INFO - StepB_Enter O4L48P2I
2025-03-18 03:48:48,749 - INFO - StepB_Exit O4L48P2I
2025-03-18 03:48:48,784 - INFO - StepB_Enter W60QW0ZU
2025-03-18 03:48:48,815 - INFO - StepB_Exit W60QW0ZU
2025-03-18 03:48:49,168 - INFO - StepB_Enter 33P6MBP1
2025-03-18 03:48:49,199 - INFO - StepB_Exit 33P6MBP1
2025-03-18 03:48:49,298 - INFO - StepB_Enter AR5632JT
2025-03-18 03:48:49,328 - INFO - StepB_Exit AR5632JT
2025-03-18 03:48:49,333 - INFO - StepB_Enter J2TC7TM0
2025-03-18 03:48:49,364 - INFO - StepB_Exit J2TC7TM0
2025-03-18 03:48:49,460 - INFO - StepB_Enter QIONXC0S
2025-03-18 03:48:49,491 - INFO - StepB_Exit QIONXC0S
2025-03-18 03:48:49,523 - INFO - StepB_Enter 9U8V3DGK
2025-03-18 03:48:49,554 - INFO - StepB_Exit 9U8V3DGK
2025-03-18 03:48:49,586 - INFO - StepB_Enter QUCUOK0R
2025-03-18 03:48:49,617 - INFO - StepB_Exit QUCUOK0R
2025-03-18 03:48:49,749 - INFO - StepB_Enter 5WNOVMTK
2025-03-18 03:48:49,780 - INFO - StepB_Exit 5WNOVMTK
2025-03-18 03:48:49,782 - INFO - StepB_Enter CEFJENYH
2025-03-18 03:48:49,813 - INFO - StepB_Exit CEFJENYH
2025-03-18 03:48:49,814 - INFO - StepB_Enter GH3XF1Y0
2025-03-18 03:48:49,845 - INFO - StepB_Exit GH3XF1Y0
2025-03-18 03:48:49,849 - INFO - StepB_Enter O5QCAZUU
2025-03-18 03:48:49,880 - INFO - StepB_Exit O5QCAZUU
2025-03-18 03:48:49,909 - INFO - StepB_Enter 48DY45RQ
2025-03-18 03:48:49,940 - INFO - StepB_Exit 48DY45RQ
2025-03-18 03:48:50,040 - INFO - StepB_Enter 9Y9PMOAW
2025-03-18 03:48:50,071 - INFO - StepB_Exit 9Y9PMOAW
2025-03-18 03:48:50,167 - INFO - StepB_Enter 2UUDNCDT
2025-03-18 03:48:50,197 - INFO - StepB_Exit 2UUDNCDT
2025-03-18 03:48:50,362 - INFO - StepB_Enter O18BIN3J
2025-03-18 03:48:50,393 - INFO - StepB_Exit O18BIN3J
2025-03-18 03:48:50,425 - INFO - StepB_Enter WHYIDO9R
2025-03-18 03:48:50,456 - INFO - StepB_Exit WHYIDO9R
2025-03-18 03:48:50,525 - INFO - StepB_Enter V8LV0CCO
2025-03-18 03:48:50,556 - INFO - StepB_Exit V8LV0CCO
2025-03-18 03:48:50,650 - INFO - StepB_Enter 038STH6Q
2025-03-18 03:48:50,681 - INFO - StepB_Exit 038STH6Q
2025-03-18 03:48:50,685 - INFO - StepB_Enter DLRMSB69
2025-03-18 03:48:50,716 - INFO - StepB_Exit DLRMSB69
2025-03-18 03:48:50,721 - INFO - StepB_Enter HAY5C1LL
2025-03-18 03:48:50,756 - INFO - StepB_Exit HAY5C1LL
2025-03-18 03:48:50,781 - INFO - StepB_Enter 7KELTOP5
2025-03-18 03:48:50,812 - INFO - StepB_Exit 7KELTOP5
2025-03-18 03:48:50,972 - INFO - StepB_Enter 2NGE8LDW
2025-03-18 03:48:51,003 - INFO - StepB_Exit 2NGE8LDW
2025-03-18 03:48:51,164 - INFO - StepB_Enter QEIC0AY8
2025-03-18 03:48:51,195 - INFO - StepB_Exit QEIC0AY8
2025-03-18 03:48:51,458 - INFO - StepB_Enter MR8PDBKS
2025-03-18 03:48:51,489 - INFO - StepB_Exit MR8PDBKS
2025-03-18 03:48:51,651 - INFO - StepB_Enter US7XJBCH
2025-03-18 03:48:51,682 - INFO - StepB_Exit US7XJBCH
2025-03-18 03:48:51,781 - INFO - StepB_Enter O55IVVO5
2025-03-18 03:48:51,812 - INFO - StepB_Exit O55IVVO5
2025-03-18 03:48:51,844 - INFO - StepB_Enter 1C2N3JQ2
2025-03-18 03:48:51,875 - INFO - StepB_Exit 1C2N3JQ2
2025-03-18 03:48:51,877 - INFO - StepB_Enter Q2MXFBO9
2025-03-18 03:48:51,908 - INFO - StepB_Exit Q2MXFBO9
2025-03-18 03:48:51,910 - INFO - StepB_Enter HESCD7P1
2025-03-18 03:48:51,941 - INFO - StepB_Exit HESCD7P1
2025-03-18 03:48:52,072 - INFO - StepB_Enter V20XQ9TF
2025-03-18 03:48:52,103 - INFO - StepB_Exit V20XQ9TF
2025-03-18 03:48:52,197 - INFO - StepB_Enter UV0MBQIC
2025-03-18 03:48:52,228 - INFO - StepB_Exit UV0MBQIC
2025-03-18 03:48:52,230 - INFO - StepB_Enter 21AF5WSW
2025-03-18 03:48:52,261 - INFO - StepB_Exit 21AF5WSW
2025-03-18 03:48:52,263 - INFO - StepB_Enter RCUI73VE
2025-03-18 03:48:52,294 - INFO - StepB_Exit RCUI73VE
2025-03-18 03:48:52,295 - INFO - StepB_Enter G8MIEDM3
2025-03-18 03:48:52,326 - INFO - StepB_Exit G8MIEDM3
2025-03-18 03:48:52,616 - INFO - StepB_Enter 06XMA21J
2025-03-18 03:48:52,647 - INFO - StepB_Exit 06XMA21J
2025-03-18 03:48:52,649 - INFO - StepB_Enter NZLAIZKZ
2025-03-18 03:48:52,680 - INFO - StepB_Exit NZLAIZKZ
2025-03-18 03:48:52,713 - INFO - StepB_Enter 0U9SY2N8
2025-03-18 03:48:52,743 - INFO - StepB_Exit 0U9SY2N8
2025-03-18 03:48:52,779 - INFO - StepB_Enter T5BFTUO2
2025-03-18 03:48:52,810 - INFO - StepB_Exit T5BFTUO2
2025-03-18 03:48:52,937 - INFO - StepB_Enter ISK7XTA7
2025-03-18 03:48:52,968 - INFO - StepB_Exit ISK7XTA7
2025-03-18 03:48:53,425 - INFO - StepB_Enter RRXLFCWY
2025-03-18 03:48:53,456 - INFO - StepB_Exit RRXLFCWY
2025-03-18 03:48:53,457 - INFO - StepB_Enter J2MO8ROH
2025-03-18 03:48:53,488 - INFO - StepB_Exit J2MO8ROH
2025-03-18 03:48:53,524 - INFO - StepB_Enter JTB4SO9O
2025-03-18 03:48:53,554 - INFO - StepB_Exit JTB4SO9O
2025-03-18 03:48:53,875 - INFO - StepB_Enter Q5HW7M42
2025-03-18 03:48:53,906 - INFO - StepB_Exit Q5HW7M42
2025-03-18 03:48:53,908 - INFO - StepB_Enter UWJ6DD10
2025-03-18 03:48:53,939 - INFO - StepB_Exit UWJ6DD10
2025-03-18 03:48:54,424 - INFO - StepB_Enter 596SBK38
2025-03-18 03:48:54,454 - INFO - StepB_Exit 596SBK38
2025-03-18 03:48:54,940 - INFO - StepB_Enter BCVCL39G
2025-03-18 03:48:54,971 - INFO - StepB_Exit BCVCL39G
2025-03-18 03:48:55,231 - INFO - StepB_Enter SDPMEN9P
2025-03-18 03:48:55,261 - INFO - StepB_Exit SDPMEN9P
2025-03-18 03:48:55,389 - INFO - StepB_Enter UBK1NL6P
2025-03-18 03:48:55,420 - INFO - StepB_Exit UBK1NL6P
2025-03-18 03:48:55,455 - INFO - StepB_Enter OTGFW13S
2025-03-18 03:48:55,493 - INFO - StepB_Exit OTGFW13S
2025-03-18 03:48:55,550 - INFO - StepB_Enter B4GX2AL5
2025-03-18 03:48:55,588 - INFO - StepB_Exit B4GX2AL5
2025-03-18 03:48:55,616 - INFO - StepB_Enter XLIDYRXF
2025-03-18 03:48:55,652 - INFO - StepB_Exit XLIDYRXF
2025-03-18 03:48:56,290 - INFO - StepB_Enter OLRZ7Y29
2025-03-18 03:48:56,326 - INFO - StepB_Exit OLRZ7Y29
2025-03-18 03:48:56,327 - INFO - StepB_Enter J2296FY4
2025-03-18 03:48:56,363 - INFO - StepB_Exit J2296FY4
2025-03-18 03:48:56,364 - INFO - StepB_Enter FQDJCBBT
2025-03-18 03:48:56,400 - INFO - StepB_Exit FQDJCBBT
2025-03-18 03:48:56,548 - INFO - StepB_Enter EKMOPAEL
2025-03-18 03:48:56,581 - INFO - StepB_Exit EKMOPAEL
2025-03-18 03:48:56,583 - INFO - StepB_Enter RXTZXXMJ
2025-03-18 03:48:56,614 - INFO - StepB_Exit RXTZXXMJ
2025-03-18 03:48:56,678 - INFO - StepB_Enter DE4Y8WK8
2025-03-18 03:48:56,709 - INFO - StepB_Exit DE4Y8WK8
2025-03-18 03:48:56,710 - INFO - StepB_Enter D5Y80SKV
2025-03-18 03:48:56,741 - INFO - StepB_Exit D5Y80SKV
2025-03-18 03:48:56,806 - INFO - StepB_Enter GQWFMRSC
2025-03-18 03:48:56,837 - INFO - StepB_Exit GQWFMRSC
2025-03-18 03:48:57,031 - INFO - StepB_Enter ZVZZ32OY
2025-03-18 03:48:57,062 - INFO - StepB_Exit ZVZZ32OY
2025-03-18 03:48:57,126 - INFO - StepB_Enter WPE3RTZY
2025-03-18 03:48:57,157 - INFO - StepB_Exit WPE3RTZY
2025-03-18 03:48:57,738 - INFO - StepB_Enter XXQ07UGU
2025-03-18 03:48:57,769 - INFO - StepB_Exit XXQ07UGU
2025-03-18 03:48:57,770 - INFO - StepB_Enter ACSOY7S5
2025-03-18 03:48:57,801 - INFO - StepB_Exit ACSOY7S5
2025-03-18 03:48:57,899 - INFO - StepB_Enter U6NGKYZU
2025-03-18 03:48:57,930 - INFO - StepB_Exit U6NGKYZU
2025-03-18 03:48:57,934 - INFO - StepB_Enter GYWNAT7M
2025-03-18 03:48:57,965 - INFO - StepB_Exit GYWNAT7M
2025-03-18 03:48:58,289 - INFO - StepB_Enter VIYTAFI4
2025-03-18 03:48:58,320 - INFO - StepB_Exit VIYTAFI4
2025-03-18 03:48:58,447 - INFO - StepB_Enter 2Z79O77E
2025-03-18 03:48:58,477 - INFO - StepB_Exit 2Z79O77E
2025-03-18 03:48:58,513 - INFO - StepB_Enter TYFMQJR8
2025-03-18 03:48:58,544 - INFO - StepB_Exit TYFMQJR8
2025-03-18 03:48:58,546 - INFO - StepB_Enter N9OVUTZQ
2025-03-18 03:48:58,577 - INFO - StepB_Exit N9OVUTZQ
2025-03-18 03:48:58,608 - INFO - StepB_Enter 0VVZCV9D
2025-03-18 03:48:58,639 - INFO - StepB_Exit 0VVZCV9D
2025-03-18 03:48:58,676 - INFO - StepB_Enter 3AVVMZQN
2025-03-18 03:48:58,707 - INFO - StepB_Exit 3AVVMZQN
2025-03-18 03:48:58,804 - INFO - StepB_Enter GDROK3G7
2025-03-18 03:48:58,834 - INFO - StepB_Exit GDROK3G7
2025-03-18 03:48:58,932 - INFO - StepB_Enter V1V5LEBW
2025-03-18 03:48:58,963 - INFO - StepB_Exit V1V5LEBW
2025-03-18 03:48:59,096 - INFO - StepB_Enter 0Q0381M6
2025-03-18 03:48:59,126 - INFO - StepB_Exit 0Q0381M6
2025-03-18 03:48:59,252 - INFO - StepB_Enter B78V6O6G
2025-03-18 03:48:59,283 - INFO - StepB_Exit B78V6O6G
2025-03-18 03:48:59,293 - INFO - StepB_Enter GROE6G16
2025-03-18 03:48:59,324 - INFO - StepB_Exit GROE6G16
2025-03-18 03:48:59,480 - INFO - StepB_Enter G1XR9P0D
2025-03-18 03:48:59,511 - INFO - StepB_Exit G1XR9P0D
2025-03-18 03:48:59,513 - INFO - StepB_Enter 53EFU9G0
2025-03-18 03:48:59,544 - INFO - StepB_Exit 53EFU9G0
2025-03-18 03:48:59,738 - INFO - StepB_Enter DLDZQSQM
2025-03-18 03:48:59,768 - INFO - StepB_Exit DLDZQSQM
2025-03-18 03:49:00,092 - INFO - StepB_Enter XX8TJECU
2025-03-18 03:49:00,123 - INFO - StepB_Exit XX8TJECU
2025-03-18 03:49:00,317 - INFO - StepB_Enter 71IJ1LZ5
2025-03-18 03:49:00,348 - INFO - StepB_Exit 71IJ1LZ5
2025-03-18 03:49:00,384 - INFO - StepB_Enter PWMZWKV9
2025-03-18 03:49:00,414 - INFO - StepB_Exit PWMZWKV9
2025-03-18 03:49:00,477 - INFO - StepB_Enter 45W1E8Y0
2025-03-18 03:49:00,515 - INFO - StepB_Exit 45W1E8Y0
2025-03-18 03:49:00,673 - INFO - StepB_Enter RDPB8B6R
2025-03-18 03:49:00,712 - INFO - StepB_Exit RDPB8B6R
2025-03-18 03:49:00,898 - INFO - StepB_Enter T1415KP7
2025-03-18 03:49:00,940 - INFO - StepB_Exit T1415KP7
2025-03-18 03:49:01,028 - INFO - StepB_Enter Z3A3IZVI
2025-03-18 03:49:01,070 - INFO - StepB_Exit Z3A3IZVI
2025-03-18 03:49:01,094 - INFO - StepB_Enter CFZ33M6Y
2025-03-18 03:49:01,136 - INFO - StepB_Exit CFZ33M6Y
2025-03-18 03:49:01,160 - INFO - StepB_Enter QZRHFH9P
2025-03-18 03:49:01,202 - INFO - StepB_Exit QZRHFH9P
2025-03-18 03:49:01,319 - INFO - StepB_Enter GSIMQ3M6
2025-03-18 03:49:01,355 - INFO - StepB_Exit GSIMQ3M6
2025-03-18 03:49:01,414 - INFO - StepB_Enter SZ8GGOYI
2025-03-18 03:49:01,450 - INFO - StepB_Exit SZ8GGOYI
2025-03-18 03:49:01,673 - INFO - StepB_Enter E0MJJGSY
2025-03-18 03:49:01,709 - INFO - StepB_Exit E0MJJGSY
2025-03-18 03:49:01,932 - INFO - StepB_Enter MQJEC648
2025-03-18 03:49:01,968 - INFO - StepB_Exit MQJEC648
2025-03-18 03:49:02,125 - INFO - StepB_Enter 2LWK8JJF
2025-03-18 03:49:02,161 - INFO - StepB_Exit 2LWK8JJF
2025-03-18 03:49:02,191 - INFO - StepB_Enter VTCH66DO
2025-03-18 03:49:02,228 - INFO - StepB_Exit VTCH66DO
2025-03-18 03:49:02,353 - INFO - StepB_Enter 82OQ3OAT
2025-03-18 03:49:02,389 - INFO - StepB_Exit 82OQ3OAT
2025-03-18 03:49:02,543 - INFO - StepB_Enter 82VL147L
2025-03-18 03:49:02,579 - INFO - StepB_Exit 82VL147L
2025-03-18 03:49:02,580 - INFO - StepB_Enter JQWBHW2Z
2025-03-18 03:49:02,617 - INFO - StepB_Exit JQWBHW2Z
2025-03-18 03:49:02,676 - INFO - StepB_Enter I0LS7D82
2025-03-18 03:49:02,712 - INFO - StepB_Exit I0LS7D82
2025-03-18 03:49:02,740 - INFO - StepB_Enter 6R4YWAE8
2025-03-18 03:49:02,776 - INFO - StepB_Exit 6R4YWAE8
2025-03-18 03:49:02,871 - INFO - StepB_Enter REI3TYE7
2025-03-18 03:49:02,907 - INFO - StepB_Exit REI3TYE7
2025-03-18 03:49:02,908 - INFO - StepB_Enter WKHV78OF
2025-03-18 03:49:02,945 - INFO - StepB_Exit WKHV78OF
2025-03-18 03:49:02,946 - INFO - StepB_Enter 9F6OELJJ
2025-03-18 03:49:02,982 - INFO - StepB_Exit 9F6OELJJ
2025-03-18 03:49:02,984 - INFO - StepB_Enter PP5VU3EY
2025-03-18 03:49:03,020 - INFO - StepB_Exit PP5VU3EY
2025-03-18 03:49:03,064 - INFO - StepB_Enter 4PGGOG5R
2025-03-18 03:49:03,096 - INFO - StepB_Exit 4PGGOG5R
2025-03-18 03:49:03,162 - INFO - StepB_Enter CKR4JHKV
2025-03-18 03:49:03,193 - INFO - StepB_Exit CKR4JHKV
2025-03-18 03:49:03,354 - INFO - StepB_Enter 1YIII5U9
2025-03-18 03:49:03,385 - INFO - StepB_Exit 1YIII5U9
2025-03-18 03:49:03,485 - INFO - StepB_Enter O2JQ0L45
2025-03-18 03:49:03,516 - INFO - StepB_Exit O2JQ0L45
2025-03-18 03:49:03,741 - INFO - StepB_Enter A0QSW15E
2025-03-18 03:49:03,772 - INFO - StepB_Exit A0QSW15E
2025-03-18 03:49:03,774 - INFO - StepB_Enter D7IP1XO4
2025-03-18 03:49:03,805 - INFO - StepB_Exit D7IP1XO4
2025-03-18 03:49:03,838 - INFO - StepB_Enter FRS3T5G7
2025-03-18 03:49:03,869 - INFO - StepB_Exit FRS3T5G7
2025-03-18 03:49:03,998 - INFO - StepB_Enter GWFZHGLN
2025-03-18 03:49:04,029 - INFO - StepB_Exit GWFZHGLN
2025-03-18 03:49:04,097 - INFO - StepB_Enter 1OWVKGY2
2025-03-18 03:49:04,128 - INFO - StepB_Exit 1OWVKGY2
2025-03-18 03:49:04,256 - INFO - StepB_Enter ZYCOSLX7
2025-03-18 03:49:04,287 - INFO - StepB_Exit ZYCOSLX7
2025-03-18 03:49:04,390 - INFO - StepB_Enter QLE7YCLJ
2025-03-18 03:49:04,421 - INFO - StepB_Exit QLE7YCLJ
2025-03-18 03:49:04,481 - INFO - StepB_Enter H6RSPRXF
2025-03-18 03:49:04,512 - INFO - StepB_Exit H6RSPRXF
2025-03-18 03:49:04,516 - INFO - StepB_Enter 7LHQI9AH
2025-03-18 03:49:04,547 - INFO - StepB_Exit 7LHQI9AH
2025-03-18 03:49:04,548 - INFO - StepB_Enter FLNNN696
2025-03-18 03:49:04,579 - INFO - StepB_Exit FLNNN696
2025-03-18 03:49:04,709 - INFO - StepB_Enter DD2LRUXL
2025-03-18 03:49:04,740 - INFO - StepB_Exit DD2LRUXL
2025-03-18 03:49:04,867 - INFO - StepB_Enter L23Y4HJD
2025-03-18 03:49:04,897 - INFO - StepB_Exit L23Y4HJD
2025-03-18 03:49:04,903 - INFO - StepB_Enter 7F5TA1DI
2025-03-18 03:49:04,933 - INFO - StepB_Exit 7F5TA1DI
2025-03-18 03:49:05,127 - INFO - StepB_Enter HPBV7PZP
2025-03-18 03:49:05,157 - INFO - StepB_Exit HPBV7PZP
2025-03-18 03:49:05,224 - INFO - StepB_Enter 89LXHSOV
2025-03-18 03:49:05,255 - INFO - StepB_Exit 89LXHSOV
2025-03-18 03:49:05,352 - INFO - StepB_Enter Y3HK1GYL
2025-03-18 03:49:05,383 - INFO - StepB_Exit Y3HK1GYL
2025-03-18 03:49:05,514 - INFO - StepB_Enter YVG9KRDB
2025-03-18 03:49:05,544 - INFO - StepB_Exit YVG9KRDB
2025-03-18 03:49:06,031 - INFO - StepB_Enter 3V3LYV6H
2025-03-18 03:49:06,062 - INFO - StepB_Exit 3V3LYV6H
2025-03-18 03:49:06,127 - INFO - StepB_Enter VRWJYNBM
2025-03-18 03:49:06,158 - INFO - StepB_Exit VRWJYNBM
2025-03-18 03:49:06,160 - INFO - StepB_Enter 4RLOU8NV
2025-03-18 03:49:06,192 - INFO - StepB_Exit 4RLOU8NV
2025-03-18 03:49:06,255 - INFO - StepB_Enter RPI89I9N
2025-03-18 03:49:06,286 - INFO - StepB_Exit RPI89I9N
2025-03-18 03:49:06,353 - INFO - StepB_Enter JLSXO0AD
2025-03-18 03:49:06,384 - INFO - StepB_Exit JLSXO0AD
2025-03-18 03:49:06,451 - INFO - StepB_Enter 2ADKXVSX
2025-03-18 03:49:06,482 - INFO - StepB_Exit 2ADKXVSX
2025-03-18 03:49:06,645 - INFO - StepB_Enter ACMY231I
2025-03-18 03:49:06,676 - INFO - StepB_Exit ACMY231I
2025-03-18 03:49:06,804 - INFO - StepB_Enter QVQ6RGJT
2025-03-18 03:49:06,835 - INFO - StepB_Exit QVQ6RGJT
2025-03-18 03:49:06,996 - INFO - StepB_Enter PRYP8UZV
2025-03-18 03:49:07,027 - INFO - StepB_Exit PRYP8UZV
2025-03-18 03:49:07,089 - INFO - StepB_Enter 7HSCJ77E
2025-03-18 03:49:07,120 - INFO - StepB_Exit 7HSCJ77E
2025-03-18 03:49:07,254 - INFO - StepB_Enter P4X7HV4G
2025-03-18 03:49:07,284 - INFO - StepB_Exit P4X7HV4G
2025-03-18 03:49:07,319 - INFO - StepB_Enter GJS34489
2025-03-18 03:49:07,350 - INFO - StepB_Exit GJS34489
2025-03-18 03:49:07,417 - INFO - StepB_Enter S0AFGDQV
2025-03-18 03:49:07,448 - INFO - StepB_Exit S0AFGDQV
2025-03-18 03:49:07,449 - INFO - StepB_Enter 3G73K5ST
2025-03-18 03:49:07,480 - INFO - StepB_Exit 3G73K5ST
2025-03-18 03:49:07,608 - INFO - StepB_Enter 3FJRJJ8N
2025-03-18 03:49:07,639 - INFO - StepB_Exit 3FJRJJ8N
2025-03-18 03:49:08,091 - INFO - StepB_Enter XN35ZC9Y
2025-03-18 03:49:08,122 - INFO - StepB_Exit XN35ZC9Y
2025-03-18 03:49:08,185 - INFO - StepB_Enter 61VVNEV4
2025-03-18 03:49:08,216 - INFO - StepB_Exit 61VVNEV4
2025-03-18 03:49:08,220 - INFO - StepB_Enter LJMG4MA8
2025-03-18 03:49:08,251 - INFO - StepB_Exit LJMG4MA8
2025-03-18 03:49:08,347 - INFO - StepB_Enter VOV5YHFK
2025-03-18 03:49:08,378 - INFO - StepB_Exit VOV5YHFK
2025-03-18 03:49:08,572 - INFO - StepB_Enter 9UV7RLCV
2025-03-18 03:49:08,603 - INFO - StepB_Exit 9UV7RLCV
2025-03-18 03:49:08,869 - INFO - StepB_Enter CV5E0FSW
2025-03-18 03:49:08,900 - INFO - StepB_Exit CV5E0FSW
2025-03-18 03:49:09,012 - INFO - StepB_Enter DKR27CEC
2025-03-18 03:49:09,042 - INFO - StepB_Exit DKR27CEC
2025-03-18 03:49:09,091 - INFO - StepB_Enter OVK60S0P
2025-03-18 03:49:09,122 - INFO - StepB_Exit OVK60S0P
2025-03-18 03:49:09,221 - INFO - StepB_Enter MJ834Q8W
2025-03-18 03:49:09,252 - INFO - StepB_Exit MJ834Q8W
2025-03-18 03:49:09,477 - INFO - StepB_Enter NYOTL01I
2025-03-18 03:49:09,508 - INFO - StepB_Exit NYOTL01I
2025-03-18 03:49:09,512 - INFO - StepB_Enter ENFELQ8J
2025-03-18 03:49:09,544 - INFO - StepB_Exit ENFELQ8J
2025-03-18 03:49:09,636 - INFO - StepB_Enter 17LCOF7Z
2025-03-18 03:49:09,667 - INFO - StepB_Exit 17LCOF7Z
2025-03-18 03:49:09,767 - INFO - StepB_Enter 78J3WYXG
2025-03-18 03:49:09,798 - INFO - StepB_Exit 78J3WYXG
2025-03-18 03:49:09,899 - INFO - StepB_Enter AEM00L6R
2025-03-18 03:49:09,930 - INFO - StepB_Exit AEM00L6R
2025-03-18 03:49:09,995 - INFO - StepB_Enter M0IVG14R
2025-03-18 03:49:10,025 - INFO - StepB_Exit M0IVG14R
2025-03-18 03:49:10,091 - INFO - StepB_Enter JD85G6Z5
2025-03-18 03:49:10,123 - INFO - StepB_Exit JD85G6Z5
2025-03-18 03:49:10,124 - INFO - StepB_Enter P5UERX9E
2025-03-18 03:49:10,159 - INFO - StepB_Exit P5UERX9E
2025-03-18 03:49:10,185 - INFO - StepB_Enter OEW141B9
2025-03-18 03:49:10,219 - INFO - StepB_Exit OEW141B9
2025-03-18 03:49:10,320 - INFO - StepB_Enter Y4J0EQ23
2025-03-18 03:49:10,352 - INFO - StepB_Exit Y4J0EQ23
2025-03-18 03:49:10,411 - INFO - StepB_Enter COUPHE9L
2025-03-18 03:49:10,444 - INFO - StepB_Exit COUPHE9L
2025-03-18 03:49:10,448 - INFO - StepB_Enter U4EY32IG
2025-03-18 03:49:10,480 - INFO - StepB_Exit U4EY32IG
2025-03-18 03:49:10,641 - INFO - StepB_Enter A5S323TK
2025-03-18 03:49:10,672 - INFO - StepB_Exit A5S323TK
2025-03-18 03:49:10,706 - INFO - StepB_Enter 6GQZL22S
2025-03-18 03:49:10,736 - INFO - StepB_Exit 6GQZL22S
2025-03-18 03:49:10,738 - INFO - StepB_Enter G0RJJK3L
2025-03-18 03:49:10,769 - INFO - StepB_Exit G0RJJK3L
2025-03-18 03:49:10,771 - INFO - StepB_Enter LYF9QUWD
2025-03-18 03:49:10,802 - INFO - StepB_Exit LYF9QUWD
2025-03-18 03:49:11,025 - INFO - StepB_Enter SIGYKV00
2025-03-18 03:49:11,055 - INFO - StepB_Exit SIGYKV00
2025-03-18 03:49:11,092 - INFO - StepB_Enter 7SDHB7HE
2025-03-18 03:49:11,122 - INFO - StepB_Exit 7SDHB7HE
2025-03-18 03:49:11,126 - INFO - StepB_Enter ZCAJ7C99
2025-03-18 03:49:11,157 - INFO - StepB_Exit ZCAJ7C99
2025-03-18 03:49:11,447 - INFO - StepB_Enter KH7UHRWF
2025-03-18 03:49:11,478 - INFO - StepB_Exit KH7UHRWF
2025-03-18 03:49:11,510 - INFO - StepB_Enter O66OFO0L
2025-03-18 03:49:11,540 - INFO - StepB_Exit O66OFO0L
2025-03-18 03:49:11,574 - INFO - StepB_Enter TKKUTLRH
2025-03-18 03:49:11,605 - INFO - StepB_Exit TKKUTLRH
2025-03-18 03:49:11,607 - INFO - StepB_Enter OXVN4KWD
2025-03-18 03:49:11,638 - INFO - StepB_Exit OXVN4KWD
2025-03-18 03:49:11,640 - INFO - StepB_Enter SKW146J4
2025-03-18 03:49:11,671 - INFO - StepB_Exit SKW146J4
2025-03-18 03:49:11,735 - INFO - StepB_Enter DJU8JYCL
2025-03-18 03:49:11,766 - INFO - StepB_Exit DJU8JYCL
2025-03-18 03:49:11,767 - INFO - StepB_Enter 3FOI7JWM
2025-03-18 03:49:11,799 - INFO - StepB_Exit 3FOI7JWM
2025-03-18 03:49:11,832 - INFO - StepB_Enter YC2QFTRX
2025-03-18 03:49:11,863 - INFO - StepB_Exit YC2QFTRX
2025-03-18 03:49:11,927 - INFO - StepB_Enter IBBG6A5F
2025-03-18 03:49:11,958 - INFO - StepB_Exit IBBG6A5F
2025-03-18 03:49:11,962 - INFO - StepB_Enter 10SWKPPS
2025-03-18 03:49:11,993 - INFO - StepB_Exit 10SWKPPS
2025-03-18 03:49:11,994 - INFO - StepB_Enter QGAH2YS4
2025-03-18 03:49:12,026 - INFO - StepB_Exit QGAH2YS4
2025-03-18 03:49:12,091 - INFO - StepB_Enter 79762022
2025-03-18 03:49:12,121 - INFO - StepB_Exit 79762022
2025-03-18 03:49:12,123 - INFO - StepB_Enter 3KYQ1TMS
2025-03-18 03:49:12,154 - INFO - StepB_Exit 3KYQ1TMS
2025-03-18 03:49:12,189 - INFO - StepB_Enter NL2JR9ET
2025-03-18 03:49:12,220 - INFO - StepB_Exit NL2JR9ET
2025-03-18 03:49:12,221 - INFO - StepB_Enter P5HVCH8K
2025-03-18 03:49:12,253 - INFO - StepB_Exit P5HVCH8K
2025-03-18 03:49:12,568 - INFO - StepB_Enter 08Z23U81
2025-03-18 03:49:12,599 - INFO - StepB_Exit 08Z23U81
2025-03-18 03:49:12,636 - INFO - StepB_Enter IZ6BR6FT
2025-03-18 03:49:12,667 - INFO - StepB_Exit IZ6BR6FT
2025-03-18 03:49:12,733 - INFO - StepB_Enter E9ESD9UN
2025-03-18 03:49:12,764 - INFO - StepB_Exit E9ESD9UN
2025-03-18 03:49:12,953 - INFO - StepB_Enter YKFHSR7C
2025-03-18 03:49:12,984 - INFO - StepB_Exit YKFHSR7C
2025-03-18 03:49:13,053 - INFO - StepB_Enter RGGN4R9W
2025-03-18 03:49:13,083 - INFO - StepB_Exit RGGN4R9W
2025-03-18 03:49:13,216 - INFO - StepB_Enter 0ZPDYA0K
2025-03-18 03:49:13,247 - INFO - StepB_Exit 0ZPDYA0K
2025-03-18 03:49:13,249 - INFO - StepB_Enter WOJXX9JM
2025-03-18 03:49:13,280 - INFO - StepB_Exit WOJXX9JM
2025-03-18 03:49:13,281 - INFO - StepB_Enter ZC4E3UHE
2025-03-18 03:49:13,312 - INFO - StepB_Exit ZC4E3UHE
2025-03-18 03:49:13,361 - INFO - StepB_Enter FIIQ3RND
2025-03-18 03:49:13,392 - INFO - StepB_Exit FIIQ3RND
2025-03-18 03:49:13,393 - INFO - StepB_Enter H0HU5DSK
2025-03-18 03:49:13,425 - INFO - StepB_Exit H0HU5DSK
2025-03-18 03:49:13,426 - INFO - StepB_Enter 35G4ERKX
2025-03-18 03:49:13,457 - INFO - StepB_Exit 35G4ERKX
2025-03-18 03:49:13,458 - INFO - StepB_Enter ZME1ZQRL
2025-03-18 03:49:13,489 - INFO - StepB_Exit ZME1ZQRL
2025-03-18 03:49:13,490 - INFO - StepB_Enter VJQPFTHM
2025-03-18 03:49:13,522 - INFO - StepB_Exit VJQPFTHM
2025-03-18 03:49:13,569 - INFO - StepB_Enter HMPJXRAE
2025-03-18 03:49:13,600 - INFO - StepB_Exit HMPJXRAE
2025-03-18 03:49:13,697 - INFO - StepB_Enter RCUPL4AF
2025-03-18 03:49:13,728 - INFO - StepB_Exit RCUPL4AF
2025-03-18 03:49:13,732 - INFO - StepB_Enter TS8SFJL3
2025-03-18 03:49:13,763 - INFO - StepB_Exit TS8SFJL3
2025-03-18 03:49:13,768 - INFO - StepB_Enter BWRSRCZG
2025-03-18 03:49:13,799 - INFO - StepB_Exit BWRSRCZG
2025-03-18 03:49:13,800 - INFO - StepB_Enter U69ZFF61
2025-03-18 03:49:13,831 - INFO - StepB_Exit U69ZFF61
2025-03-18 03:49:13,833 - INFO - StepB_Enter D3U6AJKK
2025-03-18 03:49:13,864 - INFO - StepB_Exit D3U6AJKK
2025-03-18 03:49:14,117 - INFO - StepB_Enter 7IY0JTO1
2025-03-18 03:49:14,148 - INFO - StepB_Exit 7IY0JTO1
2025-03-18 03:49:14,376 - INFO - StepB_Enter 26IO5CDN
2025-03-18 03:49:14,407 - INFO - StepB_Exit 26IO5CDN
2025-03-18 03:49:14,570 - INFO - StepB_Enter 5B6RM0X3
2025-03-18 03:49:14,601 - INFO - StepB_Exit 5B6RM0X3
2025-03-18 03:49:14,829 - INFO - StepB_Enter B84S1S13
2025-03-18 03:49:14,859 - INFO - StepB_Exit B84S1S13
2025-03-18 03:49:14,990 - INFO - StepB_Enter UB4W2Z8V
2025-03-18 03:49:15,020 - INFO - StepB_Exit UB4W2Z8V
2025-03-18 03:49:15,479 - INFO - StepB_Enter 1IZ20XAF
2025-03-18 03:49:15,510 - INFO - StepB_Exit 1IZ20XAF
2025-03-18 03:49:15,704 - INFO - StepB_Enter Z0YATUGY
2025-03-18 03:49:15,735 - INFO - StepB_Exit Z0YATUGY
2025-03-18 03:49:15,737 - INFO - StepB_Enter 6SLR65AI
2025-03-18 03:49:15,780 - INFO - StepB_Exit 6SLR65AI
2025-03-18 03:49:15,867 - INFO - StepB_Enter G2EXY298
2025-03-18 03:49:15,913 - INFO - StepB_Exit G2EXY298
2025-03-18 03:49:15,991 - INFO - StepB_Enter ABK47R94
2025-03-18 03:49:16,033 - INFO - StepB_Exit ABK47R94
2025-03-18 03:49:16,152 - INFO - StepB_Enter 4GBKZF8J
2025-03-18 03:49:16,194 - INFO - StepB_Exit 4GBKZF8J
2025-03-18 03:49:16,216 - INFO - StepB_Enter ORPB6FN1
2025-03-18 03:49:16,258 - INFO - StepB_Exit ORPB6FN1
2025-03-18 03:49:16,345 - INFO - StepB_Enter NHHDD4QE
2025-03-18 03:49:16,384 - INFO - StepB_Exit NHHDD4QE
2025-03-18 03:49:16,666 - INFO - StepB_Enter N60EWJTX
2025-03-18 03:49:16,705 - INFO - StepB_Exit N60EWJTX
2025-03-18 03:49:16,734 - INFO - StepB_Enter P0Z4IUP9
2025-03-18 03:49:16,773 - INFO - StepB_Exit P0Z4IUP9
2025-03-18 03:49:16,863 - INFO - StepB_Enter Z9PPCMQS
2025-03-18 03:49:16,902 - INFO - StepB_Exit Z9PPCMQS
2025-03-18 03:49:16,958 - INFO - StepB_Enter 340F8858
2025-03-18 03:49:16,997 - INFO - StepB_Exit 340F8858
2025-03-18 03:49:16,999 - INFO - StepB_Enter 6U30PLBL
2025-03-18 03:49:17,038 - INFO - StepB_Exit 6U30PLBL
2025-03-18 03:49:17,040 - INFO - StepB_Enter UEZWEY0C
2025-03-18 03:49:17,079 - INFO - StepB_Exit UEZWEY0C
2025-03-18 03:49:17,184 - INFO - StepB_Enter DPM815QE
2025-03-18 03:49:17,215 - INFO - StepB_Exit DPM815QE
2025-03-18 03:49:17,247 - INFO - StepB_Enter LHAEBA9Z
2025-03-18 03:49:17,278 - INFO - StepB_Exit LHAEBA9Z
2025-03-18 03:49:17,409 - INFO - StepB_Enter 26Y57PFT
2025-03-18 03:49:17,440 - INFO - StepB_Exit 26Y57PFT
2025-03-18 03:49:17,468 - INFO - StepB_Enter 2UGW04IZ
2025-03-18 03:49:17,499 - INFO - StepB_Exit 2UGW04IZ
2025-03-18 03:49:17,637 - INFO - StepB_Enter 6WGSSWLD
2025-03-18 03:49:17,668 - INFO - StepB_Exit 6WGSSWLD
2025-03-18 03:49:17,699 - INFO - StepB_Enter 5VY40QAN
2025-03-18 03:49:17,730 - INFO - StepB_Exit 5VY40QAN
2025-03-18 03:49:17,796 - INFO - StepB_Enter TJBB4WXO
2025-03-18 03:49:17,827 - INFO - StepB_Exit TJBB4WXO
2025-03-18 03:49:17,829 - INFO - StepB_Enter RRRYSUNV
2025-03-18 03:49:17,860 - INFO - StepB_Exit RRRYSUNV
2025-03-18 03:49:17,893 - INFO - StepB_Enter W7ATPODE
2025-03-18 03:49:17,924 - INFO - StepB_Exit W7ATPODE
2025-03-18 03:49:18,023 - INFO - StepB_Enter E8KVRI0I
2025-03-18 03:49:18,054 - INFO - StepB_Exit E8KVRI0I
2025-03-18 03:49:18,056 - INFO - StepB_Enter ULOVK1MD
StepB_Enter 2REBZJ1I
2025-03-18 03:49:18,111 - INFO - StepB_Exit ULOVK1MD
StepB_Exit 2REBZJ1I
2025-03-18 03:49:18,113 - INFO - StepB_Enter L0FPHDZ2
2025-03-18 03:49:18,145 - INFO - StepB_Exit L0FPHDZ2
2025-03-18 03:49:18,312 - INFO - StepB_Enter 2ZWVGVBR
2025-03-18 03:49:18,343 - INFO - StepB_Exit 2ZWVGVBR
2025-03-18 03:49:18,636 - INFO - StepB_Enter UKADL37Z
2025-03-18 03:49:18,667 - INFO - StepB_Exit UKADL37Z
2025-03-18 03:49:18,892 - INFO - StepB_Enter 8TRPHLMG
2025-03-18 03:49:18,923 - INFO - StepB_Exit 8TRPHLMG
2025-03-18 03:49:18,991 - INFO - StepB_Enter X41YSMQA
2025-03-18 03:49:19,022 - INFO - StepB_Exit X41YSMQA
2025-03-18 03:49:19,085 - INFO - StepB_Enter FR2ZF05V
2025-03-18 03:49:19,116 - INFO - StepB_Exit FR2ZF05V
2025-03-18 03:49:19,117 - INFO - StepB_Enter 3Q2RWFTO
2025-03-18 03:49:19,148 - INFO - StepB_Exit 3Q2RWFTO
2025-03-18 03:49:19,247 - INFO - StepB_Enter HICNNATC
2025-03-18 03:49:19,278 - INFO - StepB_Exit HICNNATC
2025-03-18 03:49:19,568 - INFO - StepB_Enter MBEZAQG9
2025-03-18 03:49:19,599 - INFO - StepB_Exit MBEZAQG9
2025-03-18 03:49:19,665 - INFO - StepB_Enter V2M6E5MB
2025-03-18 03:49:19,696 - INFO - StepB_Exit V2M6E5MB
2025-03-18 03:49:19,830 - INFO - StepB_Enter 95CV8GK4
2025-03-18 03:49:19,861 - INFO - StepB_Exit 95CV8GK4
2025-03-18 03:49:19,896 - INFO - StepB_Enter 4879ZO9X
2025-03-18 03:49:19,927 - INFO - StepB_Exit 4879ZO9X
2025-03-18 03:49:19,990 - INFO - StepB_Enter VUM4XPDB
2025-03-18 03:49:20,021 - INFO - StepB_Exit VUM4XPDB
2025-03-18 03:49:20,148 - INFO - StepB_Enter CWZTOG9R
2025-03-18 03:49:20,179 - INFO - StepB_Exit CWZTOG9R
2025-03-18 03:49:20,244 - INFO - StepB_Enter FX22CEZ1
2025-03-18 03:49:20,275 - INFO - StepB_Exit FX22CEZ1
2025-03-18 03:49:20,277 - INFO - StepB_Enter YP9DN6Y4
2025-03-18 03:49:20,308 - INFO - StepB_Exit YP9DN6Y4
2025-03-18 03:49:20,339 - INFO - StepB_Enter 5B15JC9O
2025-03-18 03:49:20,370 - INFO - StepB_Exit 5B15JC9O
2025-03-18 03:49:20,372 - INFO - StepB_Enter 5CIGAJBT
2025-03-18 03:49:20,403 - INFO - StepB_Exit 5CIGAJBT
2025-03-18 03:49:20,436 - INFO - StepB_Enter QFQY9TNM
2025-03-18 03:49:20,467 - INFO - StepB_Exit QFQY9TNM
2025-03-18 03:49:20,729 - INFO - StepB_Enter MFWXGSPN
2025-03-18 03:49:20,760 - INFO - StepB_Exit MFWXGSPN
2025-03-18 03:49:20,761 - INFO - StepB_Enter 7OQBA6WT
2025-03-18 03:49:20,793 - INFO - StepB_Exit 7OQBA6WT
2025-03-18 03:49:20,888 - INFO - StepB_Enter FK8GTWNF
2025-03-18 03:49:20,919 - INFO - StepB_Exit FK8GTWNF
2025-03-18 03:49:21,148 - INFO - StepB_Enter D53QMAQD
2025-03-18 03:49:21,179 - INFO - StepB_Exit D53QMAQD
2025-03-18 03:49:21,380 - INFO - StepB_Enter WGOWT9SL
2025-03-18 03:49:21,410 - INFO - StepB_Exit WGOWT9SL
2025-03-18 03:49:21,671 - INFO - StepB_Enter LBPXHKW3
2025-03-18 03:49:21,702 - INFO - StepB_Exit LBPXHKW3
2025-03-18 03:49:22,089 - INFO - StepB_Enter 0KBGLG5H
2025-03-18 03:49:22,120 - INFO - StepB_Exit 0KBGLG5H
2025-03-18 03:49:22,280 - INFO - StepB_Enter WS0W84XD
2025-03-18 03:49:22,326 - INFO - StepB_Exit WS0W84XD
2025-03-18 03:49:22,392 - INFO - StepB_Enter E1Q7QNFE
2025-03-18 03:49:22,438 - INFO - StepB_Exit E1Q7QNFE
2025-03-18 03:49:22,632 - INFO - StepB_Enter MD2EYX5Y
2025-03-18 03:49:22,678 - INFO - StepB_Exit MD2EYX5Y
2025-03-18 03:49:22,698 - INFO - StepB_Enter QPNBAPWP
2025-03-18 03:49:22,744 - INFO - StepB_Exit QPNBAPWP
2025-03-18 03:49:22,827 - INFO - StepB_Enter 8YRPUSWB
2025-03-18 03:49:22,869 - INFO - StepB_Exit 8YRPUSWB
2025-03-18 03:49:23,441 - INFO - StepB_Enter L9FQWDCW
2025-03-18 03:49:23,483 - INFO - StepB_Exit L9FQWDCW
2025-03-18 03:49:23,634 - INFO - StepB_Enter SJQMXQD6
2025-03-18 03:49:23,675 - INFO - StepB_Exit SJQMXQD6
2025-03-18 03:49:23,727 - INFO - StepB_Enter LP45I8WJ
2025-03-18 03:49:23,768 - INFO - StepB_Exit LP45I8WJ
2025-03-18 03:49:23,828 - INFO - StepB_Enter VHHHBOVB
2025-03-18 03:49:23,869 - INFO - StepB_Exit VHHHBOVB
2025-03-18 03:49:24,063 - INFO - StepB_Enter R2W2TAS1
2025-03-18 03:49:24,104 - INFO - StepB_Exit R2W2TAS1
2025-03-18 03:49:24,281 - INFO - StepB_Enter 628VJIOJ
2025-03-18 03:49:24,322 - INFO - StepB_Exit 628VJIOJ
2025-03-18 03:49:24,406 - INFO - StepB_Enter 77SPPZLS
2025-03-18 03:49:24,447 - INFO - StepB_Exit 77SPPZLS
2025-03-18 03:49:24,537 - INFO - StepB_Enter B3FV3YKZ
2025-03-18 03:49:24,578 - INFO - StepB_Exit B3FV3YKZ
2025-03-18 03:49:24,630 - INFO - StepB_Enter GLQZKVTE
2025-03-18 03:49:24,671 - INFO - StepB_Exit GLQZKVTE
2025-03-18 03:49:24,672 - INFO - StepB_Enter ZYUS2R0F
2025-03-18 03:49:24,713 - INFO - StepB_Exit ZYUS2R0F
2025-03-18 03:49:24,861 - INFO - StepB_Enter E0AE8PKA
2025-03-18 03:49:24,901 - INFO - StepB_Exit E0AE8PKA
2025-03-18 03:49:25,084 - INFO - StepB_Enter IB4ONKCG
2025-03-18 03:49:25,125 - INFO - StepB_Exit IB4ONKCG
2025-03-18 03:49:25,247 - INFO - StepB_Enter TJQ3EIBP
2025-03-18 03:49:25,288 - INFO - StepB_Exit TJQ3EIBP
2025-03-18 03:49:25,444 - INFO - StepB_Enter Z0O9NZ8D
2025-03-18 03:49:25,484 - INFO - StepB_Exit Z0O9NZ8D
2025-03-18 03:49:25,507 - INFO - StepB_Enter Q5QIFSPT
2025-03-18 03:49:25,548 - INFO - StepB_Exit Q5QIFSPT
2025-03-18 03:49:25,567 - INFO - StepB_Enter AEPRW5GE
2025-03-18 03:49:25,606 - INFO - StepB_Exit AEPRW5GE
2025-03-18 03:49:25,663 - INFO - StepB_Enter Y7Y78O5U
2025-03-18 03:49:25,694 - INFO - StepB_Exit Y7Y78O5U
2025-03-18 03:49:25,696 - INFO - StepB_Enter 632Q4CLV
2025-03-18 03:49:25,727 - INFO - StepB_Exit 632Q4CLV
2025-03-18 03:49:25,824 - INFO - StepB_Enter UAMHNQY4
2025-03-18 03:49:25,856 - INFO - StepB_Exit UAMHNQY4
2025-03-18 03:49:25,922 - INFO - StepB_Enter IHB090XW
2025-03-18 03:49:25,953 - INFO - StepB_Exit IHB090XW
2025-03-18 03:49:25,955 - INFO - StepB_Enter ZQX8TRMS
2025-03-18 03:49:25,987 - INFO - StepB_Exit ZQX8TRMS
2025-03-18 03:49:26,017 - INFO - StepB_Enter 2DI5YPPR
2025-03-18 03:49:26,048 - INFO - StepB_Exit 2DI5YPPR
2025-03-18 03:49:26,182 - INFO - StepB_Enter XBVHJFWI
2025-03-18 03:49:26,213 - INFO - StepB_Exit XBVHJFWI
2025-03-18 03:49:26,309 - INFO - StepB_Enter TJJ2T6ZR
2025-03-18 03:49:26,340 - INFO - StepB_Exit TJJ2T6ZR
2025-03-18 03:49:26,341 - INFO - StepB_Enter 2IE8ZJ7Q
2025-03-18 03:49:26,373 - INFO - StepB_Exit 2IE8ZJ7Q
2025-03-18 03:49:26,535 - INFO - StepB_Enter KB9WKNZL
2025-03-18 03:49:26,566 - INFO - StepB_Exit KB9WKNZL
2025-03-18 03:49:26,793 - INFO - StepB_Enter NCL7E671
2025-03-18 03:49:26,824 - INFO - StepB_Exit NCL7E671
2025-03-18 03:49:26,993 - INFO - StepB_Enter PEL66VPB
2025-03-18 03:49:27,024 - INFO - StepB_Exit PEL66VPB
2025-03-18 03:49:27,025 - INFO - StepB_Enter SCQBYJ19
2025-03-18 03:49:27,057 - INFO - StepB_Exit SCQBYJ19
2025-03-18 03:49:27,211 - INFO - StepB_Enter JRMTUP7F
2025-03-18 03:49:27,241 - INFO - StepB_Exit JRMTUP7F
2025-03-18 03:49:27,373 - INFO - StepB_Enter 621VERZV
2025-03-18 03:49:27,404 - INFO - StepB_Exit 621VERZV
2025-03-18 03:49:27,434 - INFO - StepB_Enter 293WXP1R
2025-03-18 03:49:27,464 - INFO - StepB_Exit 293WXP1R
2025-03-18 03:49:27,506 - INFO - StepB_Enter UX3R1FZW
2025-03-18 03:49:27,537 - INFO - StepB_Exit UX3R1FZW
2025-03-18 03:49:27,538 - INFO - StepB_Enter 39MXJP65
2025-03-18 03:49:27,570 - INFO - StepB_Exit 39MXJP65
2025-03-18 03:49:27,665 - INFO - StepB_Enter J1BQRGXF
2025-03-18 03:49:27,695 - INFO - StepB_Exit J1BQRGXF
2025-03-18 03:49:27,725 - INFO - StepB_Enter W5L65UDV
2025-03-18 03:49:27,756 - INFO - StepB_Exit W5L65UDV
2025-03-18 03:49:27,761 - INFO - StepB_Enter OCRT395R
2025-03-18 03:49:27,792 - INFO - StepB_Exit OCRT395R
2025-03-18 03:49:28,015 - INFO - StepB_Enter QERJ6VGW
2025-03-18 03:49:28,045 - INFO - StepB_Exit QERJ6VGW
2025-03-18 03:49:28,145 - INFO - StepB_Enter M1Q73GGX
2025-03-18 03:49:28,176 - INFO - StepB_Exit M1Q73GGX
2025-03-18 03:49:28,211 - INFO - StepB_Enter TMP02Q28
2025-03-18 03:49:28,241 - INFO - StepB_Exit TMP02Q28
2025-03-18 03:49:28,339 - INFO - StepB_Enter 38OD7FH3
2025-03-18 03:49:28,370 - INFO - StepB_Exit 38OD7FH3
2025-03-18 03:49:28,374 - INFO - StepB_Enter QT3OKPYX
2025-03-18 03:49:28,405 - INFO - StepB_Exit QT3OKPYX
2025-03-18 03:49:28,502 - INFO - StepB_Enter NF3AAATI
2025-03-18 03:49:28,533 - INFO - StepB_Exit NF3AAATI
2025-03-18 03:49:28,757 - INFO - StepB_Enter 6O7879E6
2025-03-18 03:49:28,787 - INFO - StepB_Exit 6O7879E6
2025-03-18 03:49:28,821 - INFO - StepB_Enter ATG7U685
2025-03-18 03:49:28,852 - INFO - StepB_Exit ATG7U685
2025-03-18 03:49:28,923 - INFO - StepB_Enter IDN4SFD7
2025-03-18 03:49:28,953 - INFO - StepB_Exit IDN4SFD7
2025-03-18 03:49:29,016 - INFO - StepB_Enter PYNPW1SY
2025-03-18 03:49:29,047 - INFO - StepB_Exit PYNPW1SY
2025-03-18 03:49:29,177 - INFO - StepB_Enter 904U6JYD
2025-03-18 03:49:29,208 - INFO - StepB_Exit 904U6JYD
2025-03-18 03:49:29,338 - INFO - StepB_Enter 42ZJZDG4
2025-03-18 03:49:29,369 - INFO - StepB_Exit 42ZJZDG4
2025-03-18 03:49:29,434 - INFO - StepB_Enter LWGAPSV7
2025-03-18 03:49:29,465 - INFO - StepB_Exit LWGAPSV7
2025-03-18 03:49:29,534 - INFO - StepB_Enter 81V3QXQ9
2025-03-18 03:49:29,564 - INFO - StepB_Exit 81V3QXQ9
2025-03-18 03:49:29,728 - INFO - StepB_Enter 9URMY51B
2025-03-18 03:49:29,759 - INFO - StepB_Exit 9URMY51B
2025-03-18 03:49:29,789 - INFO - StepB_Enter CQ7XL7PP
2025-03-18 03:49:29,820 - INFO - StepB_Exit CQ7XL7PP
2025-03-18 03:49:29,891 - INFO - StepB_Enter MA1RNSPE
2025-03-18 03:49:29,922 - INFO - StepB_Exit MA1RNSPE
2025-03-18 03:49:30,177 - INFO - StepB_Enter UW9WWX3X
2025-03-18 03:49:30,208 - INFO - StepB_Exit UW9WWX3X
2025-03-18 03:49:30,212 - INFO - StepB_Enter NPN8J2KK
2025-03-18 03:49:30,249 - INFO - StepB_Exit NPN8J2KK
2025-03-18 03:49:30,251 - INFO - StepB_Enter 6404Q55B
2025-03-18 03:49:30,292 - INFO - StepB_Exit 6404Q55B
2025-03-18 03:49:30,432 - INFO - StepB_Enter QRLKBBWS
2025-03-18 03:49:30,474 - INFO - StepB_Exit QRLKBBWS
2025-03-18 03:49:30,475 - INFO - StepB_Enter SCKDUNS8
2025-03-18 03:49:30,517 - INFO - StepB_Exit SCKDUNS8
2025-03-18 03:49:30,692 - INFO - StepB_Enter 24IM1E8W
2025-03-18 03:49:30,733 - INFO - StepB_Exit 24IM1E8W
2025-03-18 03:49:30,734 - INFO - StepB_Enter TOGKVXXT
2025-03-18 03:49:30,775 - INFO - StepB_Exit TOGKVXXT
2025-03-18 03:49:30,819 - INFO - StepB_Enter 7GFQSL3Y
2025-03-18 03:49:30,858 - INFO - StepB_Exit 7GFQSL3Y
2025-03-18 03:49:30,984 - INFO - StepB_Enter JRBD4KT1
2025-03-18 03:49:31,022 - INFO - StepB_Exit JRBD4KT1
2025-03-18 03:49:31,050 - INFO - StepB_Enter W7OECVSS
2025-03-18 03:49:31,088 - INFO - StepB_Exit W7OECVSS
2025-03-18 03:49:31,145 - INFO - StepB_Enter WOXCJO11
2025-03-18 03:49:31,183 - INFO - StepB_Exit WOXCJO11
2025-03-18 03:49:31,274 - INFO - StepB_Enter 5IW2YAZC
2025-03-18 03:49:31,312 - INFO - StepB_Exit 5IW2YAZC
2025-03-18 03:49:31,314 - INFO - StepB_Enter PR5JILVE
2025-03-18 03:49:31,352 - INFO - StepB_Exit PR5JILVE
2025-03-18 03:49:31,627 - INFO - StepB_Enter YROUPNPV
2025-03-18 03:49:31,666 - INFO - StepB_Exit YROUPNPV
2025-03-18 03:49:31,668 - INFO - StepB_Enter B0SRICI2
2025-03-18 03:49:31,706 - INFO - StepB_Exit B0SRICI2
2025-03-18 03:49:31,725 - INFO - StepB_Enter N8Y6SRKL
2025-03-18 03:49:31,763 - INFO - StepB_Exit N8Y6SRKL
2025-03-18 03:49:31,822 - INFO - StepB_Enter HRP21N1C
2025-03-18 03:49:31,855 - INFO - StepB_Exit HRP21N1C
2025-03-18 03:49:31,922 - INFO - StepB_Enter SYYT4UPQ
2025-03-18 03:49:31,953 - INFO - StepB_Exit SYYT4UPQ
2025-03-18 03:49:32,080 - INFO - StepB_Enter YSLKPRP9
2025-03-18 03:49:32,111 - INFO - StepB_Exit YSLKPRP9
2025-03-18 03:49:32,145 - INFO - StepB_Enter 6W4WYVAC
2025-03-18 03:49:32,176 - INFO - StepB_Exit 6W4WYVAC
2025-03-18 03:49:32,244 - INFO - StepB_Enter 2M9YRFL1
2025-03-18 03:49:32,275 - INFO - StepB_Exit 2M9YRFL1
2025-03-18 03:49:32,279 - INFO - StepB_Enter 9HMIAN7B
2025-03-18 03:49:32,310 - INFO - StepB_Exit 9HMIAN7B
2025-03-18 03:49:32,312 - INFO - StepB_Enter APFSM8XQ
2025-03-18 03:49:32,344 - INFO - StepB_Exit APFSM8XQ
2025-03-18 03:49:33,030 - INFO - StepB_Enter NQTK57YW
2025-03-18 03:49:33,061 - INFO - StepB_Exit NQTK57YW
2025-03-18 03:49:33,319 - INFO - StepB_Enter 9AXXZ5OY
2025-03-18 03:49:33,350 - INFO - StepB_Exit 9AXXZ5OY
2025-03-18 03:49:33,447 - INFO - StepB_Enter 3YAVSVBL
2025-03-18 03:49:33,478 - INFO - StepB_Exit 3YAVSVBL
2025-03-18 03:49:33,513 - INFO - StepB_Enter 9Y0MRFRO
2025-03-18 03:49:33,544 - INFO - StepB_Exit 9Y0MRFRO
2025-03-18 03:49:33,611 - INFO - StepB_Enter WA5POC0V
2025-03-18 03:49:33,641 - INFO - StepB_Exit WA5POC0V
2025-03-18 03:49:33,678 - INFO - StepB_Enter B3QT4WO2
2025-03-18 03:49:33,708 - INFO - StepB_Exit B3QT4WO2
2025-03-18 03:49:33,804 - INFO - StepB_Enter EQKXU5UE
2025-03-18 03:49:33,835 - INFO - StepB_Exit EQKXU5UE
2025-03-18 03:49:33,871 - INFO - StepB_Enter 3EK34LHI
2025-03-18 03:49:33,902 - INFO - StepB_Exit 3EK34LHI
2025-03-18 03:49:34,033 - INFO - StepB_Enter TIYX752D
2025-03-18 03:49:34,064 - INFO - StepB_Exit TIYX752D
2025-03-18 03:49:34,125 - INFO - StepB_Enter QDMO4A5E
2025-03-18 03:49:34,155 - INFO - StepB_Exit QDMO4A5E
2025-03-18 03:49:34,320 - INFO - StepB_Enter U9RHNJ4T
2025-03-18 03:49:34,351 - INFO - StepB_Exit U9RHNJ4T
2025-03-18 03:49:34,356 - INFO - StepB_Enter 4X2MGTPC
2025-03-18 03:49:34,386 - INFO - StepB_Exit 4X2MGTPC
2025-03-18 03:49:34,481 - INFO - StepB_Enter CF33R3TN
2025-03-18 03:49:34,512 - INFO - StepB_Exit CF33R3TN
2025-03-18 03:49:34,516 - INFO - StepB_Enter Z3IC5R3O
2025-03-18 03:49:34,548 - INFO - StepB_Exit Z3IC5R3O
2025-03-18 03:49:34,549 - INFO - StepB_Enter 6S4WS6XJ
2025-03-18 03:49:34,581 - INFO - StepB_Exit 6S4WS6XJ
2025-03-18 03:49:34,582 - INFO - StepB_Enter 46GVABSE
2025-03-18 03:49:34,613 - INFO - StepB_Exit 46GVABSE
2025-03-18 03:49:34,901 - INFO - StepB_Enter ZEA01WFL
2025-03-18 03:49:34,932 - INFO - StepB_Exit ZEA01WFL
2025-03-18 03:49:34,966 - INFO - StepB_Enter UHA9BK6S
2025-03-18 03:49:34,997 - INFO - StepB_Exit UHA9BK6S
2025-03-18 03:49:35,030 - INFO - StepB_Enter T93HJT2I
2025-03-18 03:49:35,061 - INFO - StepB_Exit T93HJT2I
2025-03-18 03:49:35,065 - INFO - StepB_Enter 2N48O7UD
2025-03-18 03:49:35,096 - INFO - StepB_Exit 2N48O7UD
2025-03-18 03:49:35,097 - INFO - StepB_Enter CRXRHA2J
2025-03-18 03:49:35,128 - INFO - StepB_Exit CRXRHA2J
2025-03-18 03:49:35,284 - INFO - StepB_Enter 3HTNJMF8
2025-03-18 03:49:35,315 - INFO - StepB_Exit 3HTNJMF8
2025-03-18 03:49:35,576 - INFO - StepB_Enter ZJ44MKHP
2025-03-18 03:49:35,607 - INFO - StepB_Exit ZJ44MKHP
2025-03-18 03:49:35,638 - INFO - StepB_Enter PDNLAQ9G
2025-03-18 03:49:35,669 - INFO - StepB_Exit PDNLAQ9G
2025-03-18 03:49:35,674 - INFO - StepB_Enter M29S5XQZ
2025-03-18 03:49:35,705 - INFO - StepB_Exit M29S5XQZ
2025-03-18 03:49:35,706 - INFO - StepB_Enter 440ZTCM3
2025-03-18 03:49:35,738 - INFO - StepB_Exit 440ZTCM3
2025-03-18 03:49:36,124 - INFO - StepB_Enter EH0NQI6O
2025-03-18 03:49:36,155 - INFO - StepB_Exit EH0NQI6O
2025-03-18 03:49:36,319 - INFO - StepB_Enter A8LJKG3R
2025-03-18 03:49:36,350 - INFO - StepB_Exit A8LJKG3R
2025-03-18 03:49:36,415 - INFO - StepB_Enter Z41TL34I
2025-03-18 03:49:36,446 - INFO - StepB_Exit Z41TL34I
2025-03-18 03:49:36,611 - INFO - StepB_Enter DADDYM7F
2025-03-18 03:49:36,649 - INFO - StepB_Exit DADDYM7F
2025-03-18 03:49:36,705 - INFO - StepB_Enter MTDM478F
2025-03-18 03:49:36,744 - INFO - StepB_Exit MTDM478F
2025-03-18 03:49:36,769 - INFO - StepB_Enter 0XIXEE77
2025-03-18 03:49:36,808 - INFO - StepB_Exit 0XIXEE77
2025-03-18 03:49:36,866 - INFO - StepB_Enter TBGD1GRY
2025-03-18 03:49:36,906 - INFO - StepB_Exit TBGD1GRY
2025-03-18 03:49:36,995 - INFO - StepB_Enter LAON2JUZ
2025-03-18 03:49:37,034 - INFO - StepB_Exit LAON2JUZ
2025-03-18 03:49:37,036 - INFO - StepB_Enter G6142IFD
2025-03-18 03:49:37,074 - INFO - StepB_Exit G6142IFD
2025-03-18 03:49:37,253 - INFO - StepB_Enter JGACTB9L
2025-03-18 03:49:37,285 - INFO - StepB_Exit JGACTB9L
2025-03-18 03:49:37,414 - INFO - StepB_Enter KV8MYBKT
2025-03-18 03:49:37,446 - INFO - StepB_Exit KV8MYBKT
2025-03-18 03:49:37,448 - INFO - StepB_Enter Y633VEOI
2025-03-18 03:49:37,480 - INFO - StepB_Exit Y633VEOI
2025-03-18 03:49:37,670 - INFO - StepB_Enter Y43NCILX
2025-03-18 03:49:37,702 - INFO - StepB_Exit Y43NCILX
2025-03-18 03:49:37,994 - INFO - StepB_Enter X0YNC1AI
2025-03-18 03:49:38,026 - INFO - StepB_Exit X0YNC1AI
2025-03-18 03:49:38,027 - INFO - StepB_Enter BV2RUGGY
2025-03-18 03:49:38,059 - INFO - StepB_Exit BV2RUGGY
2025-03-18 03:49:38,193 - INFO - StepB_Enter UJJQ8IZ8
2025-03-18 03:49:38,225 - INFO - StepB_Exit UJJQ8IZ8
2025-03-18 03:49:38,423 - INFO - StepB_Enter VB4PAISB
2025-03-18 03:49:38,455 - INFO - StepB_Exit VB4PAISB
2025-03-18 03:49:38,587 - INFO - StepB_Enter GVVQC3I3
2025-03-18 03:49:38,619 - INFO - StepB_Exit GVVQC3I3
2025-03-18 03:49:39,040 - INFO - StepB_Enter TEPR3YEB
2025-03-18 03:49:39,086 - INFO - StepB_Exit TEPR3YEB
2025-03-18 03:49:39,137 - INFO - StepB_Enter TXMI9P5D
2025-03-18 03:49:39,183 - INFO - StepB_Exit TXMI9P5D
2025-03-18 03:49:40,007 - INFO - StepB_Enter F3SLC85G
2025-03-18 03:49:40,054 - INFO - StepB_Exit F3SLC85G
2025-03-18 03:49:40,069 - INFO - StepB_Enter MFGRFFOP
2025-03-18 03:49:40,115 - INFO - StepB_Exit MFGRFFOP
2025-03-18 03:49:40,117 - INFO - StepB_Enter PQIM421B
2025-03-18 03:49:40,163 - INFO - StepB_Exit PQIM421B
2025-03-18 03:49:40,168 - INFO - StepB_Enter 9QCLI65Y
2025-03-18 03:49:40,214 - INFO - StepB_Exit 9QCLI65Y
2025-03-18 03:49:40,683 - INFO - StepB_Enter 8LZH3R7J
2025-03-18 03:49:40,714 - INFO - StepB_Exit 8LZH3R7J
2025-03-18 03:49:40,716 - INFO - StepB_Enter FOPG37ED
2025-03-18 03:49:40,747 - INFO - StepB_Exit FOPG37ED
2025-03-18 03:49:41,102 - INFO - StepB_Enter P1PKBL58
2025-03-18 03:49:41,133 - INFO - StepB_Exit P1PKBL58
2025-03-18 03:49:41,428 - INFO - StepB_Enter Q5AX3HX3
2025-03-18 03:49:41,459 - INFO - StepB_Exit Q5AX3HX3
2025-03-18 03:49:41,554 - INFO - StepB_Enter IV2TLEJ6
2025-03-18 03:49:41,585 - INFO - StepB_Exit IV2TLEJ6
2025-03-18 03:49:41,586 - INFO - StepB_Enter VH9WB8V2
2025-03-18 03:49:41,617 - INFO - StepB_Exit VH9WB8V2
2025-03-18 03:49:41,782 - INFO - StepB_Enter M0S8KOTM
2025-03-18 03:49:41,813 - INFO - StepB_Exit M0S8KOTM
2025-03-18 03:49:41,814 - INFO - StepB_Enter 80FTB9VS
2025-03-18 03:49:41,845 - INFO - StepB_Exit 80FTB9VS
2025-03-18 03:49:41,943 - INFO - StepB_Enter XNWOQ81X
2025-03-18 03:49:41,973 - INFO - StepB_Exit XNWOQ81X
2025-03-18 03:49:41,975 - INFO - StepB_Enter K0WVR6T2
2025-03-18 03:49:42,006 - INFO - StepB_Exit K0WVR6T2
2025-03-18 03:49:42,007 - INFO - StepB_Enter XAUDJWXD
2025-03-18 03:49:42,039 - INFO - StepB_Exit XAUDJWXD
2025-03-18 03:49:42,040 - INFO - StepB_Enter OUVPTSV7
2025-03-18 03:49:42,071 - INFO - StepB_Exit OUVPTSV7
2025-03-18 03:49:42,423 - INFO - StepB_Enter UBUDBY53
2025-03-18 03:49:42,455 - INFO - StepB_Exit UBUDBY53
2025-03-18 03:49:43,195 - INFO - StepB_Enter AYJVYY44
2025-03-18 03:49:43,226 - INFO - StepB_Exit AYJVYY44
2025-03-18 03:49:43,546 - INFO - StepB_Enter GZCHSTE1
2025-03-18 03:49:43,577 - INFO - StepB_Exit GZCHSTE1
2025-03-18 03:49:43,870 - INFO - StepB_Enter IQ558BTK
2025-03-18 03:49:43,901 - INFO - StepB_Exit IQ558BTK
2025-03-18 03:49:43,905 - INFO - StepB_Enter UU5LMPS7
2025-03-18 03:49:43,951 - INFO - StepB_Exit UU5LMPS7
2025-03-18 03:49:44,264 - INFO - StepB_Enter 4JVY9FNN
2025-03-18 03:49:44,310 - INFO - StepB_Exit 4JVY9FNN
2025-03-18 03:49:44,396 - INFO - StepB_Enter AVVJET5O
2025-03-18 03:49:44,442 - INFO - StepB_Exit AVVJET5O
2025-03-18 03:49:44,444 - INFO - StepB_Enter UJN3RWZ7
2025-03-18 03:49:44,491 - INFO - StepB_Exit UJN3RWZ7
2025-03-18 03:49:44,524 - INFO - StepB_Enter QS55PAVB
2025-03-18 03:49:44,562 - INFO - StepB_Exit QS55PAVB
2025-03-18 03:49:44,688 - INFO - StepB_Enter 7DM8PEJT
2025-03-18 03:49:44,726 - INFO - StepB_Exit 7DM8PEJT
2025-03-18 03:49:44,882 - INFO - StepB_Enter HQ5S2D7L
2025-03-18 03:49:44,920 - INFO - StepB_Exit HQ5S2D7L
2025-03-18 03:49:45,007 - INFO - StepB_Enter TD9E8Y37
2025-03-18 03:49:45,045 - INFO - StepB_Exit TD9E8Y37
2025-03-18 03:49:45,047 - INFO - StepB_Enter VOQD6JE4
2025-03-18 03:49:45,085 - INFO - StepB_Exit VOQD6JE4
2025-03-18 03:49:45,330 - INFO - StepB_Enter 61YPZ33B
2025-03-18 03:49:45,364 - INFO - StepB_Exit 61YPZ33B
2025-03-18 03:49:45,428 - INFO - StepB_Enter 6G4J7DWJ
2025-03-18 03:49:45,462 - INFO - StepB_Exit 6G4J7DWJ
2025-03-18 03:49:45,463 - INFO - StepB_Enter FXML67PN
2025-03-18 03:49:45,498 - INFO - StepB_Exit FXML67PN
2025-03-18 03:49:45,499 - INFO - StepB_Enter SGXQP535
2025-03-18 03:49:45,531 - INFO - StepB_Exit SGXQP535
2025-03-18 03:49:45,588 - INFO - StepB_Enter C6T995D5
2025-03-18 03:49:45,619 - INFO - StepB_Exit C6T995D5
2025-03-18 03:49:45,784 - INFO - StepB_Enter JGNXARPY
2025-03-18 03:49:45,814 - INFO - StepB_Exit JGNXARPY
2025-03-18 03:49:45,912 - INFO - StepB_Enter 1O7AKM7T
2025-03-18 03:49:45,943 - INFO - StepB_Exit 1O7AKM7T
2025-03-18 03:49:46,038 - INFO - StepB_Enter 1QDEMECH
2025-03-18 03:49:46,069 - INFO - StepB_Exit 1QDEMECH
2025-03-18 03:49:46,074 - INFO - StepB_Enter R9YFCYQ8
2025-03-18 03:49:46,105 - INFO - StepB_Exit R9YFCYQ8
2025-03-18 03:49:46,106 - INFO - StepB_Enter D2NF0UC9
2025-03-18 03:49:46,137 - INFO - StepB_Exit D2NF0UC9
2025-03-18 03:49:46,168 - INFO - StepB_Enter XPBJQKLN
2025-03-18 03:49:46,199 - INFO - StepB_Exit XPBJQKLN
2025-03-18 03:49:46,357 - INFO - StepB_Enter 68YH4LHB
2025-03-18 03:49:46,387 - INFO - StepB_Exit 68YH4LHB
2025-03-18 03:49:46,491 - INFO - StepB_Enter DVYB72C0
2025-03-18 03:49:46,522 - INFO - StepB_Exit DVYB72C0
2025-03-18 03:49:46,650 - INFO - StepB_Enter Z5WD4D2C
2025-03-18 03:49:46,681 - INFO - StepB_Exit Z5WD4D2C
2025-03-18 03:49:46,876 - INFO - StepB_Enter 02J3YBA9
2025-03-18 03:49:46,907 - INFO - StepB_Exit 02J3YBA9
2025-03-18 03:49:46,940 - INFO - StepB_Enter JAIAMSJU
2025-03-18 03:49:46,971 - INFO - StepB_Exit JAIAMSJU
2025-03-18 03:49:47,165 - INFO - StepB_Enter UWSW9KKD
2025-03-18 03:49:47,196 - INFO - StepB_Exit UWSW9KKD
2025-03-18 03:49:47,198 - INFO - StepB_Enter CVVGCS0E
2025-03-18 03:49:47,229 - INFO - StepB_Exit CVVGCS0E
2025-03-18 03:49:47,231 - INFO - StepB_Enter VPT1WXPN
2025-03-18 03:49:47,262 - INFO - StepB_Exit VPT1WXPN
2025-03-18 03:49:47,328 - INFO - StepB_Enter FFASAPBU
2025-03-18 03:49:47,358 - INFO - StepB_Exit FFASAPBU
2025-03-18 03:49:47,360 - INFO - StepB_Enter Y3T3LPOC
2025-03-18 03:49:47,391 - INFO - StepB_Exit Y3T3LPOC
2025-03-18 03:49:47,392 - INFO - StepB_Enter 51LGP56T
2025-03-18 03:49:47,423 - INFO - StepB_Exit 51LGP56T
2025-03-18 03:49:47,454 - INFO - StepB_Enter 8QV5EGCB
2025-03-18 03:49:47,485 - INFO - StepB_Exit 8QV5EGCB
2025-03-18 03:49:47,519 - INFO - StepB_Enter KE31I7I9
2025-03-18 03:49:47,550 - INFO - StepB_Exit KE31I7I9
2025-03-18 03:49:47,619 - INFO - StepB_Enter 29RG94ZA
2025-03-18 03:49:47,650 - INFO - StepB_Exit 29RG94ZA
2025-03-18 03:49:47,681 - INFO - StepB_Enter KF32PYV6
2025-03-18 03:49:47,712 - INFO - StepB_Exit KF32PYV6
2025-03-18 03:49:48,008 - INFO - StepB_Enter U3U0URU2
2025-03-18 03:49:48,039 - INFO - StepB_Exit U3U0URU2
2025-03-18 03:49:48,040 - INFO - StepB_Enter G18L4W93
2025-03-18 03:49:48,071 - INFO - StepB_Exit G18L4W93
2025-03-18 03:49:48,163 - INFO - StepB_Enter L781E6BU
2025-03-18 03:49:48,194 - INFO - StepB_Exit L781E6BU
2025-03-18 03:49:48,487 - INFO - StepB_Enter W3GE1J0C
2025-03-18 03:49:48,518 - INFO - StepB_Exit W3GE1J0C
2025-03-18 03:49:48,550 - INFO - StepB_Enter 0P4FI2GV
2025-03-18 03:49:48,581 - INFO - StepB_Exit 0P4FI2GV
2025-03-18 03:49:48,583 - INFO - StepB_Enter XCAEBEC1
2025-03-18 03:49:48,614 - INFO - StepB_Exit XCAEBEC1
2025-03-18 03:49:48,616 - INFO - StepB_Enter 73P352VX
2025-03-18 03:49:48,647 - INFO - StepB_Exit 73P352VX
2025-03-18 03:49:49,261 - INFO - StepB_Enter SRISMWU2
2025-03-18 03:49:49,292 - INFO - StepB_Exit SRISMWU2
2025-03-18 03:49:49,355 - INFO - StepB_Enter WIJG5QGU
2025-03-18 03:49:49,386 - INFO - StepB_Exit WIJG5QGU
2025-03-18 03:49:49,387 - INFO - StepB_Enter 4IJLRZ2S
2025-03-18 03:49:49,418 - INFO - StepB_Exit 4IJLRZ2S
2025-03-18 03:49:49,451 - INFO - StepB_Enter QVMY0UHO
2025-03-18 03:49:49,482 - INFO - StepB_Exit QVMY0UHO
2025-03-18 03:49:49,548 - INFO - StepB_Enter 8KP78XKZ
2025-03-18 03:49:49,579 - INFO - StepB_Exit 8KP78XKZ
2025-03-18 03:49:49,583 - INFO - StepB_Enter GA4I8N1Z
2025-03-18 03:49:49,614 - INFO - StepB_Exit GA4I8N1Z
2025-03-18 03:49:49,645 - INFO - StepB_Enter 8BHDWTLT
2025-03-18 03:49:49,676 - INFO - StepB_Exit 8BHDWTLT
2025-03-18 03:49:49,810 - INFO - StepB_Enter 21KZS9ZV
2025-03-18 03:49:49,840 - INFO - StepB_Exit 21KZS9ZV
2025-03-18 03:49:50,070 - INFO - StepB_Enter T5KFJ8LH
2025-03-18 03:49:50,100 - INFO - StepB_Exit T5KFJ8LH
2025-03-18 03:49:50,135 - INFO - StepB_Enter 9ODZ3RN1
2025-03-18 03:49:50,166 - INFO - StepB_Exit 9ODZ3RN1
2025-03-18 03:49:50,332 - INFO - StepB_Enter HAJYNZJA
2025-03-18 03:49:50,363 - INFO - StepB_Exit HAJYNZJA
2025-03-18 03:49:50,427 - INFO - StepB_Enter C1ZAS0C9
2025-03-18 03:49:50,458 - INFO - StepB_Exit C1ZAS0C9
2025-03-18 03:49:50,847 - INFO - StepB_Enter WOOCTSVU
2025-03-18 03:49:50,878 - INFO - StepB_Exit WOOCTSVU
2025-03-18 03:49:50,975 - INFO - StepB_Enter FRYEP2JY
2025-03-18 03:49:51,006 - INFO - StepB_Exit FRYEP2JY
2025-03-18 03:49:51,038 - INFO - StepB_Enter VDDO10I8
2025-03-18 03:49:51,069 - INFO - StepB_Exit VDDO10I8
2025-03-18 03:49:51,267 - INFO - StepB_Enter W0VMEJ9C
2025-03-18 03:49:51,297 - INFO - StepB_Exit W0VMEJ9C
2025-03-18 03:49:51,329 - INFO - StepB_Enter EWVQN8IJ
2025-03-18 03:49:51,360 - INFO - StepB_Exit EWVQN8IJ
2025-03-18 03:49:51,685 - INFO - StepB_Enter M680V6UY
2025-03-18 03:49:51,725 - INFO - StepB_Exit M680V6UY
2025-03-18 03:49:51,727 - INFO - StepB_Enter XDO689OZ
2025-03-18 03:49:51,769 - INFO - StepB_Exit XDO689OZ
2025-03-18 03:49:51,781 - INFO - StepB_Enter 9V3MH361
2025-03-18 03:49:51,824 - INFO - StepB_Exit 9V3MH361
2025-03-18 03:49:51,825 - INFO - StepB_Enter YW8WOBZU
2025-03-18 03:49:51,868 - INFO - StepB_Exit YW8WOBZU
2025-03-18 03:49:52,135 - INFO - StepB_Enter QJ5KO2OS
2025-03-18 03:49:52,165 - INFO - StepB_Exit QJ5KO2OS
2025-03-18 03:49:52,170 - INFO - StepB_Enter 8VQC8DR6
2025-03-18 03:49:52,200 - INFO - StepB_Exit 8VQC8DR6
2025-03-18 03:49:52,202 - INFO - StepB_Enter NA19J6K7
2025-03-18 03:49:52,233 - INFO - StepB_Exit NA19J6K7
2025-03-18 03:49:52,394 - INFO - StepB_Enter 6VRC85AB
2025-03-18 03:49:52,425 - INFO - StepB_Exit 6VRC85AB
2025-03-18 03:49:52,523 - INFO - StepB_Enter EKF6N93H
2025-03-18 03:49:52,554 - INFO - StepB_Exit EKF6N93H
2025-03-18 03:49:52,617 - INFO - StepB_Enter M4ISKT7R
2025-03-18 03:49:52,648 - INFO - StepB_Exit M4ISKT7R
2025-03-18 03:49:52,746 - INFO - StepB_Enter R7518N4X
2025-03-18 03:49:52,777 - INFO - StepB_Exit R7518N4X
2025-03-18 03:49:52,781 - INFO - StepB_Enter W5DA661R
2025-03-18 03:49:52,812 - INFO - StepB_Exit W5DA661R
2025-03-18 03:49:52,843 - INFO - StepB_Enter 9I0F5ZN9
2025-03-18 03:49:52,874 - INFO - StepB_Exit 9I0F5ZN9
2025-03-18 03:49:52,906 - INFO - StepB_Enter XC2WDV54
2025-03-18 03:49:52,937 - INFO - StepB_Exit XC2WDV54
2025-03-18 03:49:52,942 - INFO - StepB_Enter 0RFUPL29
2025-03-18 03:49:52,972 - INFO - StepB_Exit 0RFUPL29
2025-03-18 03:49:53,106 - INFO - StepB_Enter PV8XHN5J
2025-03-18 03:49:53,137 - INFO - StepB_Exit PV8XHN5J
2025-03-18 03:49:53,295 - INFO - StepB_Enter HZSTQAN9
2025-03-18 03:49:53,326 - INFO - StepB_Exit HZSTQAN9
2025-03-18 03:49:53,328 - INFO - StepB_Enter C96N29X5
2025-03-18 03:49:53,359 - INFO - StepB_Exit C96N29X5
2025-03-18 03:49:53,523 - INFO - StepB_Enter 4I8WJFJA
2025-03-18 03:49:53,553 - INFO - StepB_Exit 4I8WJFJA
2025-03-18 03:49:53,590 - INFO - StepB_Enter CJX1JGA8
2025-03-18 03:49:53,621 - INFO - StepB_Exit CJX1JGA8
2025-03-18 03:49:53,653 - INFO - StepB_Enter F3JWOP82
2025-03-18 03:49:53,684 - INFO - StepB_Exit F3JWOP82
2025-03-18 03:49:53,715 - INFO - StepB_Enter RVRPOW2S
2025-03-18 03:49:53,746 - INFO - StepB_Exit RVRPOW2S
2025-03-18 03:49:53,752 - INFO - StepB_Enter TZ24DP2Y
2025-03-18 03:49:53,782 - INFO - StepB_Exit TZ24DP2Y
2025-03-18 03:49:53,813 - INFO - StepB_Enter SRS7LE8O
2025-03-18 03:49:53,843 - INFO - StepB_Exit SRS7LE8O
2025-03-18 03:49:53,878 - INFO - StepB_Enter 6JCLVUZM
2025-03-18 03:49:53,909 - INFO - StepB_Exit 6JCLVUZM
2025-03-18 03:49:53,911 - INFO - StepB_Enter E9E6SXFR
2025-03-18 03:49:53,943 - INFO - StepB_Exit E9E6SXFR
2025-03-18 03:49:54,040 - INFO - StepB_Enter 5L86GWTV
2025-03-18 03:49:54,071 - INFO - StepB_Exit 5L86GWTV
2025-03-18 03:49:54,297 - INFO - StepB_Enter 90UJBK69
2025-03-18 03:49:54,328 - INFO - StepB_Exit 90UJBK69
2025-03-18 03:49:54,488 - INFO - StepB_Enter 5MLRS3N4
2025-03-18 03:49:54,519 - INFO - StepB_Exit 5MLRS3N4
2025-03-18 03:49:54,588 - INFO - StepB_Enter YO8AHNOH
2025-03-18 03:49:54,619 - INFO - StepB_Exit YO8AHNOH
2025-03-18 03:49:54,719 - INFO - StepB_Enter C1SEJ87F
2025-03-18 03:49:54,749 - INFO - StepB_Exit C1SEJ87F
2025-03-18 03:49:54,811 - INFO - StepB_Enter EY6MHALT
2025-03-18 03:49:54,842 - INFO - StepB_Exit EY6MHALT
2025-03-18 03:49:54,974 - INFO - StepB_Enter IP8RWNDZ
2025-03-18 03:49:55,005 - INFO - StepB_Exit IP8RWNDZ
2025-03-18 03:49:55,069 - INFO - StepB_Enter EFQCPWDD
2025-03-18 03:49:55,100 - INFO - StepB_Exit EFQCPWDD
2025-03-18 03:49:55,167 - INFO - StepB_Enter CW4PEOPJ
2025-03-18 03:49:55,197 - INFO - StepB_Exit CW4PEOPJ
2025-03-18 03:49:55,202 - INFO - StepB_Enter 27BCUA7V
2025-03-18 03:49:55,232 - INFO - StepB_Exit 27BCUA7V
2025-03-18 03:49:55,523 - INFO - StepB_Enter K3HN47NY
2025-03-18 03:49:55,554 - INFO - StepB_Exit K3HN47NY
2025-03-18 03:49:55,561 - INFO - StepB_Enter 19N0OFUT
2025-03-18 03:49:55,592 - INFO - StepB_Exit 19N0OFUT
2025-03-18 03:49:55,593 - INFO - StepB_Enter LFX73AYH
2025-03-18 03:49:55,624 - INFO - StepB_Exit LFX73AYH
2025-03-18 03:49:55,650 - INFO - StepB_Enter ORX7F7RF
2025-03-18 03:49:55,681 - INFO - StepB_Exit ORX7F7RF
2025-03-18 03:49:55,717 - INFO - StepB_Enter NCUND0KS
2025-03-18 03:49:55,748 - INFO - StepB_Exit NCUND0KS
2025-03-18 03:49:55,754 - INFO - StepB_Enter ZZ3O8NF1
2025-03-18 03:49:55,784 - INFO - StepB_Exit ZZ3O8NF1
2025-03-18 03:49:55,786 - INFO - StepB_Enter NYXC9HEF
2025-03-18 03:49:55,817 - INFO - StepB_Exit NYXC9HEF
2025-03-18 03:49:55,849 - INFO - StepB_Enter C8RWZ8JV
2025-03-18 03:49:55,880 - INFO - StepB_Exit C8RWZ8JV
2025-03-18 03:49:56,140 - INFO - StepB_Enter VRUTO6RW
2025-03-18 03:49:56,171 - INFO - StepB_Exit VRUTO6RW
2025-03-18 03:49:56,308 - INFO - StepB_Enter Z33YN5WY
2025-03-18 03:49:56,339 - INFO - StepB_Exit Z33YN5WY
2025-03-18 03:49:56,369 - INFO - StepB_Enter P8MM920L
2025-03-18 03:49:56,399 - INFO - StepB_Exit P8MM920L
2025-03-18 03:49:56,403 - INFO - StepB_Enter ZOKWIMMN
2025-03-18 03:49:56,434 - INFO - StepB_Exit ZOKWIMMN
2025-03-18 03:49:56,435 - INFO - StepB_Enter ATRHTBHI
2025-03-18 03:49:56,467 - INFO - StepB_Exit ATRHTBHI
2025-03-18 03:49:56,496 - INFO - StepB_Enter 8GD95OF3
2025-03-18 03:49:56,527 - INFO - StepB_Exit 8GD95OF3
2025-03-18 03:49:56,598 - INFO - StepB_Enter VEXTGBAX
2025-03-18 03:49:56,629 - INFO - StepB_Exit VEXTGBAX
2025-03-18 03:49:56,693 - INFO - StepB_Enter JBJNL6KT
2025-03-18 03:49:56,723 - INFO - StepB_Exit JBJNL6KT
2025-03-18 03:49:56,755 - INFO - StepB_Enter Y1LX7PWU
2025-03-18 03:49:56,786 - INFO - StepB_Exit Y1LX7PWU
2025-03-18 03:49:57,046 - INFO - StepB_Enter 6BEOE7WA
2025-03-18 03:49:57,077 - INFO - StepB_Exit 6BEOE7WA
2025-03-18 03:49:57,079 - INFO - StepB_Enter KCLHSXWL
2025-03-18 03:49:57,110 - INFO - StepB_Exit KCLHSXWL
2025-03-18 03:49:57,303 - INFO - StepB_Enter TUF8YTCA
2025-03-18 03:49:57,333 - INFO - StepB_Exit TUF8YTCA
2025-03-18 03:49:57,338 - INFO - StepB_Enter ARCCVD63
2025-03-18 03:49:57,369 - INFO - StepB_Exit ARCCVD63
2025-03-18 03:49:57,686 - INFO - StepB_Enter CYPQ380I
2025-03-18 03:49:57,717 - INFO - StepB_Exit CYPQ380I
2025-03-18 03:49:57,751 - INFO - StepB_Enter NN1HP6A4
2025-03-18 03:49:57,782 - INFO - StepB_Exit NN1HP6A4
2025-03-18 03:49:57,814 - INFO - StepB_Enter 2KWENJJT
2025-03-18 03:49:57,845 - INFO - StepB_Exit 2KWENJJT
2025-03-18 03:49:57,850 - INFO - StepB_Enter OA8MX8T3
2025-03-18 03:49:57,880 - INFO - StepB_Exit OA8MX8T3
2025-03-18 03:49:57,882 - INFO - StepB_Enter ONLJQGGT
2025-03-18 03:49:57,913 - INFO - StepB_Exit ONLJQGGT
2025-03-18 03:49:57,945 - INFO - StepB_Enter DD5DUEYG
2025-03-18 03:49:57,976 - INFO - StepB_Exit DD5DUEYG
2025-03-18 03:49:58,104 - INFO - StepB_Enter S4ZQMYB4
2025-03-18 03:49:58,135 - INFO - StepB_Exit S4ZQMYB4
2025-03-18 03:49:58,167 - INFO - StepB_Enter ICHOAOTY
2025-03-18 03:49:58,198 - INFO - StepB_Exit ICHOAOTY
2025-03-18 03:49:58,237 - INFO - StepB_Enter 69PVIT6Z
2025-03-18 03:49:58,268 - INFO - StepB_Exit 69PVIT6Z
2025-03-18 03:49:58,269 - INFO - StepB_Enter 5EFY3DZ7
2025-03-18 03:49:58,300 - INFO - StepB_Exit 5EFY3DZ7
2025-03-18 03:49:58,301 - INFO - StepB_Enter IU1YIF7E
2025-03-18 03:49:58,333 - INFO - StepB_Exit IU1YIF7E
2025-03-18 03:49:58,495 - INFO - StepB_Enter G4TFZR8H
2025-03-18 03:49:58,526 - INFO - StepB_Exit G4TFZR8H
2025-03-18 03:49:58,623 - INFO - StepB_Enter HDID8O61
2025-03-18 03:49:58,654 - INFO - StepB_Exit HDID8O61
2025-03-18 03:49:58,655 - INFO - StepB_Enter V00EOMU2
2025-03-18 03:49:58,687 - INFO - StepB_Exit V00EOMU2
2025-03-18 03:49:58,688 - INFO - StepB_Enter J8J7VE2I
2025-03-18 03:49:58,719 - INFO - StepB_Exit J8J7VE2I
2025-03-18 03:49:58,720 - INFO - StepB_Enter TQ26FFZ5
2025-03-18 03:49:58,751 - INFO - StepB_Exit TQ26FFZ5
2025-03-18 03:49:58,815 - INFO - StepB_Enter 46PF4GJF
2025-03-18 03:49:58,846 - INFO - StepB_Exit 46PF4GJF
2025-03-18 03:49:59,141 - INFO - StepB_Enter 34PKWI4J
2025-03-18 03:49:59,172 - INFO - StepB_Exit 34PKWI4J
2025-03-18 03:49:59,366 - INFO - StepB_Enter EGT3TJHH
2025-03-18 03:49:59,397 - INFO - StepB_Exit EGT3TJHH
2025-03-18 03:49:59,814 - INFO - StepB_Enter 0D88E1L8
2025-03-18 03:49:59,845 - INFO - StepB_Exit 0D88E1L8
2025-03-18 03:49:59,846 - INFO - StepB_Enter U7Z1RZHY
2025-03-18 03:49:59,877 - INFO - StepB_Exit U7Z1RZHY
2025-03-18 03:50:00,169 - INFO - StepB_Enter A1QMJZVK
2025-03-18 03:50:00,200 - INFO - StepB_Exit A1QMJZVK
2025-03-18 03:50:00,298 - INFO - StepB_Enter Q8WFZEJE
2025-03-18 03:50:00,329 - INFO - StepB_Exit Q8WFZEJE
2025-03-18 03:50:00,396 - INFO - StepB_Enter NUGMX1CG
2025-03-18 03:50:00,427 - INFO - StepB_Exit NUGMX1CG
2025-03-18 03:50:00,494 - INFO - StepB_Enter HONEC2UG
2025-03-18 03:50:00,524 - INFO - StepB_Exit HONEC2UG
2025-03-18 03:50:00,526 - INFO - StepB_Enter 4HJT7ZEK
2025-03-18 03:50:00,557 - INFO - StepB_Exit 4HJT7ZEK
2025-03-18 03:50:00,621 - INFO - StepB_Enter G9CFTAX2
2025-03-18 03:50:00,652 - INFO - StepB_Exit G9CFTAX2
2025-03-18 03:50:00,912 - INFO - StepB_Enter Y5LWYIHD
2025-03-18 03:50:00,943 - INFO - StepB_Exit Y5LWYIHD
2025-03-18 03:50:00,944 - INFO - StepB_Enter 1JDT32RH
2025-03-18 03:50:00,975 - INFO - StepB_Exit 1JDT32RH
2025-03-18 03:50:01,039 - INFO - StepB_Enter QPDAZJT9
2025-03-18 03:50:01,070 - INFO - StepB_Exit QPDAZJT9
2025-03-18 03:50:01,136 - INFO - StepB_Enter KMZK5GD6
2025-03-18 03:50:01,166 - INFO - StepB_Exit KMZK5GD6
2025-03-18 03:50:01,233 - INFO - StepB_Enter 2WCD2310
2025-03-18 03:50:01,264 - INFO - StepB_Exit 2WCD2310
2025-03-18 03:50:01,298 - INFO - StepB_Enter 553TWGV5
2025-03-18 03:50:01,329 - INFO - StepB_Exit 553TWGV5
2025-03-18 03:50:01,590 - INFO - StepB_Enter T7TJFHCI
2025-03-18 03:50:01,621 - INFO - StepB_Exit T7TJFHCI
2025-03-18 03:50:01,691 - INFO - StepB_Enter DXISO91G
2025-03-18 03:50:01,722 - INFO - StepB_Exit DXISO91G
2025-03-18 03:50:01,851 - INFO - StepB_Enter 5JZBDEK7
2025-03-18 03:50:01,881 - INFO - StepB_Exit 5JZBDEK7
2025-03-18 03:50:01,952 - INFO - StepB_Enter K22CJ58D
2025-03-18 03:50:01,983 - INFO - StepB_Exit K22CJ58D
2025-03-18 03:50:02,178 - INFO - StepB_Enter F3BSF5PT
2025-03-18 03:50:02,209 - INFO - StepB_Exit F3BSF5PT
2025-03-18 03:50:02,240 - INFO - StepB_Enter DI2EXZHJ
2025-03-18 03:50:02,271 - INFO - StepB_Exit DI2EXZHJ
2025-03-18 03:50:02,370 - INFO - StepB_Enter LRUP916B
2025-03-18 03:50:02,401 - INFO - StepB_Exit LRUP916B
2025-03-18 03:50:02,402 - INFO - StepB_Enter 9TYOS73I
2025-03-18 03:50:02,437 - INFO - StepB_Exit 9TYOS73I
2025-03-18 03:50:02,629 - INFO - StepB_Enter DE0T6M03
2025-03-18 03:50:02,665 - INFO - StepB_Exit DE0T6M03
2025-03-18 03:50:02,666 - INFO - StepB_Enter OR85N99W
2025-03-18 03:50:02,702 - INFO - StepB_Exit OR85N99W
2025-03-18 03:50:02,703 - INFO - StepB_Enter 27LAQLVD
2025-03-18 03:50:02,739 - INFO - StepB_Exit 27LAQLVD
2025-03-18 03:50:02,817 - INFO - StepB_Enter 2TKNOIC8
2025-03-18 03:50:02,848 - INFO - StepB_Exit 2TKNOIC8
2025-03-18 03:50:02,981 - INFO - StepB_Enter AVQ5Z6QV
2025-03-18 03:50:03,012 - INFO - StepB_Exit AVQ5Z6QV
2025-03-18 03:50:03,080 - INFO - StepB_Enter 9KJ46FBT
2025-03-18 03:50:03,110 - INFO - StepB_Exit 9KJ46FBT
2025-03-18 03:50:03,171 - INFO - StepB_Enter ARVK1KTC
2025-03-18 03:50:03,202 - INFO - StepB_Exit ARVK1KTC
2025-03-18 03:50:03,239 - INFO - StepB_Enter BIAXSVHA
2025-03-18 03:50:03,270 - INFO - StepB_Exit BIAXSVHA
2025-03-18 03:50:03,271 - INFO - StepB_Enter A3V03CPX
2025-03-18 03:50:03,303 - INFO - StepB_Exit A3V03CPX
2025-03-18 03:50:03,532 - INFO - StepB_Enter G8MI2J92
2025-03-18 03:50:03,563 - INFO - StepB_Exit G8MI2J92
2025-03-18 03:50:03,593 - INFO - StepB_Enter 5HEFH3Z5
2025-03-18 03:50:03,624 - INFO - StepB_Exit 5HEFH3Z5
2025-03-18 03:50:03,915 - INFO - StepB_Enter NEKV7WZ1
2025-03-18 03:50:03,946 - INFO - StepB_Exit NEKV7WZ1
2025-03-18 03:50:04,175 - INFO - StepB_Enter 67A4NMLN
2025-03-18 03:50:04,205 - INFO - StepB_Exit 67A4NMLN
2025-03-18 03:50:04,210 - INFO - StepB_Enter 1K9RO9OL
2025-03-18 03:50:04,241 - INFO - StepB_Exit 1K9RO9OL
2025-03-18 03:50:04,339 - INFO - StepB_Enter HDYINJ7I
2025-03-18 03:50:04,370 - INFO - StepB_Exit HDYINJ7I
2025-03-18 03:50:04,371 - INFO - StepB_Enter J5OVNXDC
2025-03-18 03:50:04,403 - INFO - StepB_Exit J5OVNXDC
2025-03-18 03:50:04,499 - INFO - StepB_Enter RBAFBBGZ
2025-03-18 03:50:04,530 - INFO - StepB_Exit RBAFBBGZ
2025-03-18 03:50:04,535 - INFO - StepB_Enter I71KGV28
2025-03-18 03:50:04,566 - INFO - StepB_Exit I71KGV28
2025-03-18 03:50:04,567 - INFO - StepB_Enter NTCBVTYP
2025-03-18 03:50:04,598 - INFO - StepB_Exit NTCBVTYP
2025-03-18 03:50:04,600 - INFO - StepB_Enter TYZDBM2R
2025-03-18 03:50:04,631 - INFO - StepB_Exit TYZDBM2R
2025-03-18 03:50:04,633 - INFO - StepB_Enter HQHBXASI
2025-03-18 03:50:04,664 - INFO - StepB_Exit HQHBXASI
2025-03-18 03:50:04,691 - INFO - StepB_Enter H8B3ZASP
2025-03-18 03:50:04,722 - INFO - StepB_Exit H8B3ZASP
2025-03-18 03:50:04,885 - INFO - StepB_Enter LI6UOBXE
2025-03-18 03:50:04,916 - INFO - StepB_Exit LI6UOBXE
2025-03-18 03:50:05,178 - INFO - StepB_Enter IU7RTUU6
2025-03-18 03:50:05,209 - INFO - StepB_Exit IU7RTUU6
2025-03-18 03:50:05,304 - INFO - StepB_Enter EB1Q7AUB
2025-03-18 03:50:05,335 - INFO - StepB_Exit EB1Q7AUB
2025-03-18 03:50:05,758 - INFO - StepB_Enter C4ZETXX8
2025-03-18 03:50:05,788 - INFO - StepB_Exit C4ZETXX8
2025-03-18 03:50:05,984 - INFO - StepB_Enter HHGR18XW
2025-03-18 03:50:06,014 - INFO - StepB_Exit HHGR18XW
2025-03-18 03:50:06,472 - INFO - StepB_Enter NFI0A3AC
2025-03-18 03:50:06,502 - INFO - StepB_Exit NFI0A3AC
2025-03-18 03:50:06,568 - INFO - StepB_Enter JA9N90Y5
2025-03-18 03:50:06,598 - INFO - StepB_Exit JA9N90Y5
2025-03-18 03:50:06,886 - INFO - StepB_Enter 11QF8KQH
2025-03-18 03:50:06,928 - INFO - StepB_Exit 11QF8KQH
2025-03-18 03:50:07,083 - INFO - StepB_Enter J6MLYXFA
2025-03-18 03:50:07,126 - INFO - StepB_Exit J6MLYXFA
2025-03-18 03:50:07,537 - INFO - StepB_Enter 28UJO9WF
2025-03-18 03:50:07,583 - INFO - StepB_Exit 28UJO9WF
2025-03-18 03:50:07,585 - INFO - StepB_Enter EH9U0X6W
2025-03-18 03:50:07,631 - INFO - StepB_Exit EH9U0X6W
2025-03-18 03:50:07,633 - INFO - StepB_Enter AXZMXNGZ
2025-03-18 03:50:07,679 - INFO - StepB_Exit AXZMXNGZ
2025-03-18 03:50:08,244 - INFO - StepB_Enter LX5G2994
2025-03-18 03:50:08,290 - INFO - StepB_Exit LX5G2994
2025-03-18 03:50:08,439 - INFO - StepB_Enter XVVI8GIL
2025-03-18 03:50:08,485 - INFO - StepB_Exit XVVI8GIL
2025-03-18 03:50:08,533 - INFO - StepB_Enter 6DDVIB3U
2025-03-18 03:50:08,579 - INFO - StepB_Exit 6DDVIB3U
2025-03-18 03:50:08,698 - INFO - StepB_Enter Y59SZHW4
2025-03-18 03:50:08,739 - INFO - StepB_Exit Y59SZHW4
2025-03-18 03:50:08,791 - INFO - StepB_Enter L5L504F9
2025-03-18 03:50:08,832 - INFO - StepB_Exit L5L504F9
2025-03-18 03:50:09,083 - INFO - StepB_Enter 7FZCLWH6
2025-03-18 03:50:09,125 - INFO - StepB_Exit 7FZCLWH6
2025-03-18 03:50:09,149 - INFO - StepB_Enter MYZW1F3X
2025-03-18 03:50:09,191 - INFO - StepB_Exit MYZW1F3X
2025-03-18 03:50:09,192 - INFO - StepB_Enter JG4CSDPU
2025-03-18 03:50:09,233 - INFO - StepB_Exit JG4CSDPU
2025-03-18 03:50:09,245 - INFO - StepB_Enter R1Z56LC0
2025-03-18 03:50:09,276 - INFO - StepB_Exit R1Z56LC0
2025-03-18 03:50:09,340 - INFO - StepB_Enter K4VSU0YF
2025-03-18 03:50:09,371 - INFO - StepB_Exit K4VSU0YF
2025-03-18 03:50:09,470 - INFO - StepB_Enter 3ZN1C8TT
2025-03-18 03:50:09,501 - INFO - StepB_Exit 3ZN1C8TT
2025-03-18 03:50:09,505 - INFO - StepB_Enter DF08YE3A
2025-03-18 03:50:09,536 - INFO - StepB_Exit DF08YE3A
2025-03-18 03:50:09,793 - INFO - StepB_Enter QPK8YM8X
2025-03-18 03:50:09,823 - INFO - StepB_Exit QPK8YM8X
2025-03-18 03:50:09,954 - INFO - StepB_Enter 69ZPBCR1
2025-03-18 03:50:09,985 - INFO - StepB_Exit 69ZPBCR1
2025-03-18 03:50:10,148 - INFO - StepB_Enter DZ890GIT
2025-03-18 03:50:10,178 - INFO - StepB_Exit DZ890GIT
2025-03-18 03:50:10,182 - INFO - StepB_Enter EAUHHBXZ
2025-03-18 03:50:10,213 - INFO - StepB_Exit EAUHHBXZ
2025-03-18 03:50:10,245 - INFO - StepB_Enter KL8PIMEQ
2025-03-18 03:50:10,276 - INFO - StepB_Exit KL8PIMEQ
2025-03-18 03:50:10,340 - INFO - StepB_Enter 13B0N5JK
2025-03-18 03:50:10,371 - INFO - StepB_Exit 13B0N5JK
2025-03-18 03:50:10,375 - INFO - StepB_Enter SUM89ZS4
2025-03-18 03:50:10,406 - INFO - StepB_Exit SUM89ZS4
2025-03-18 03:50:10,504 - INFO - StepB_Enter AN1ZAGTL
2025-03-18 03:50:10,535 - INFO - StepB_Exit AN1ZAGTL
2025-03-18 03:50:10,634 - INFO - StepB_Enter YEPRTZQC
2025-03-18 03:50:10,665 - INFO - StepB_Exit YEPRTZQC
2025-03-18 03:50:10,667 - INFO - StepB_Enter W8WQZ3FV
2025-03-18 03:50:10,698 - INFO - StepB_Exit W8WQZ3FV
2025-03-18 03:50:11,210 - INFO - StepB_Enter VBZBX9UC
2025-03-18 03:50:11,240 - INFO - StepB_Exit VBZBX9UC
2025-03-18 03:50:11,343 - INFO - StepB_Enter WP7YXD0Z
2025-03-18 03:50:11,374 - INFO - StepB_Exit WP7YXD0Z
2025-03-18 03:50:11,501 - INFO - StepB_Enter T2PPF65U
2025-03-18 03:50:11,532 - INFO - StepB_Exit T2PPF65U
2025-03-18 03:50:11,726 - INFO - StepB_Enter 3Z0V9JEP
2025-03-18 03:50:11,757 - INFO - StepB_Exit 3Z0V9JEP
2025-03-18 03:50:11,758 - INFO - StepB_Enter 5UQTRLZ6
2025-03-18 03:50:11,790 - INFO - StepB_Exit 5UQTRLZ6
2025-03-18 03:50:11,791 - INFO - StepB_Enter QBKLV91G
2025-03-18 03:50:11,823 - INFO - StepB_Exit QBKLV91G
2025-03-18 03:50:12,115 - INFO - StepB_Enter 3XRE39ID
2025-03-18 03:50:12,146 - INFO - StepB_Exit 3XRE39ID
2025-03-18 03:50:12,695 - INFO - StepB_Enter QB2GBVQ0
2025-03-18 03:50:12,726 - INFO - StepB_Exit QB2GBVQ0
2025-03-18 03:50:12,759 - INFO - StepB_Enter MOTN5FIP
2025-03-18 03:50:12,790 - INFO - StepB_Exit MOTN5FIP
2025-03-18 03:50:12,794 - INFO - StepB_Enter 74LIQ8CJ
2025-03-18 03:50:12,824 - INFO - StepB_Exit 74LIQ8CJ
2025-03-18 03:50:12,826 - INFO - StepB_Enter VOZKFUWW
2025-03-18 03:50:12,857 - INFO - StepB_Exit VOZKFUWW
2025-03-18 03:50:13,023 - INFO - StepB_Enter TKHVCF44
2025-03-18 03:50:13,054 - INFO - StepB_Exit TKHVCF44
2025-03-18 03:50:13,314 - INFO - StepB_Enter CNJ70YNA
2025-03-18 03:50:13,345 - INFO - StepB_Exit CNJ70YNA
2025-03-18 03:50:13,382 - INFO - StepB_Enter UN5XYGTL
2025-03-18 03:50:13,413 - INFO - StepB_Exit UN5XYGTL
2025-03-18 03:50:13,671 - INFO - StepB_Enter TQ9QOFEB
2025-03-18 03:50:13,702 - INFO - StepB_Exit TQ9QOFEB
2025-03-18 03:50:13,771 - INFO - StepB_Enter G0FE56RN
2025-03-18 03:50:13,801 - INFO - StepB_Exit G0FE56RN
2025-03-18 03:50:13,937 - INFO - StepB_Enter 352TVKOX
2025-03-18 03:50:13,967 - INFO - StepB_Exit 352TVKOX
2025-03-18 03:50:13,969 - INFO - StepB_Enter 14IUTG1F
2025-03-18 03:50:14,000 - INFO - StepB_Exit 14IUTG1F
2025-03-18 03:50:14,093 - INFO - StepB_Enter 7BSFBMZH
2025-03-18 03:50:14,124 - INFO - StepB_Exit 7BSFBMZH
2025-03-18 03:50:14,191 - INFO - StepB_Enter XVVZIW8H
2025-03-18 03:50:14,221 - INFO - StepB_Exit XVVZIW8H
2025-03-18 03:50:14,641 - INFO - StepB_Enter ANEFU2GD
2025-03-18 03:50:14,677 - INFO - StepB_Exit ANEFU2GD
2025-03-18 03:50:14,678 - INFO - StepB_Enter FPTI4IV6
2025-03-18 03:50:14,722 - INFO - StepB_Exit FPTI4IV6
2025-03-18 03:50:14,741 - INFO - StepB_Enter NHYZKGZ7
2025-03-18 03:50:14,784 - INFO - StepB_Exit NHYZKGZ7
2025-03-18 03:50:14,786 - INFO - StepB_Enter 35G7XDRC
2025-03-18 03:50:14,829 - INFO - StepB_Exit 35G7XDRC
2025-03-18 03:50:14,963 - INFO - StepB_Enter VAXXTC41
2025-03-18 03:50:14,994 - INFO - StepB_Exit VAXXTC41
2025-03-18 03:50:15,064 - INFO - StepB_Enter BCV5T5QL
2025-03-18 03:50:15,095 - INFO - StepB_Exit BCV5T5QL
2025-03-18 03:50:15,097 - INFO - StepB_Enter H7EVJSIW
2025-03-18 03:50:15,129 - INFO - StepB_Exit H7EVJSIW
2025-03-18 03:50:15,131 - INFO - StepB_Enter 0YT12NVH
2025-03-18 03:50:15,163 - INFO - StepB_Exit 0YT12NVH
2025-03-18 03:50:15,164 - INFO - StepB_Enter 6I7BL1KS
2025-03-18 03:50:15,196 - INFO - StepB_Exit 6I7BL1KS
2025-03-18 03:50:15,224 - INFO - StepB_Enter VUNZH2CK
2025-03-18 03:50:15,255 - INFO - StepB_Exit VUNZH2CK
2025-03-18 03:50:15,322 - INFO - StepB_Enter LQJYKNYD
2025-03-18 03:50:15,353 - INFO - StepB_Exit LQJYKNYD
2025-03-18 03:50:15,675 - INFO - StepB_Enter Y2T2XIP0
2025-03-18 03:50:15,706 - INFO - StepB_Exit Y2T2XIP0
2025-03-18 03:50:15,806 - INFO - StepB_Enter MOP6T6TX
2025-03-18 03:50:15,837 - INFO - StepB_Exit MOP6T6TX
2025-03-18 03:50:15,868 - INFO - StepB_Enter F22K4IMO
2025-03-18 03:50:15,899 - INFO - StepB_Exit F22K4IMO
2025-03-18 03:50:16,318 - INFO - StepB_Enter SGMQPQH8
2025-03-18 03:50:16,349 - INFO - StepB_Exit SGMQPQH8
2025-03-18 03:50:16,353 - INFO - StepB_Enter FCEXC1BB
2025-03-18 03:50:16,384 - INFO - StepB_Exit FCEXC1BB
2025-03-18 03:50:16,770 - INFO - StepB_Enter 0QTLWRDD
2025-03-18 03:50:16,801 - INFO - StepB_Exit 0QTLWRDD
2025-03-18 03:50:17,093 - INFO - StepB_Enter NE019KWV
2025-03-18 03:50:17,139 - INFO - StepB_Exit NE019KWV
2025-03-18 03:50:17,140 - INFO - StepB_Enter U30AOHLC
2025-03-18 03:50:17,187 - INFO - StepB_Exit U30AOHLC
2025-03-18 03:50:17,188 - INFO - StepB_Enter PLUCQZXZ
2025-03-18 03:50:17,235 - INFO - StepB_Exit PLUCQZXZ
2025-03-18 03:50:17,255 - INFO - StepB_Enter A1TNAWBW
2025-03-18 03:50:17,294 - INFO - StepB_Exit A1TNAWBW
2025-03-18 03:50:17,295 - INFO - StepB_Enter 6QBHS98F
2025-03-18 03:50:17,327 - INFO - StepB_Exit 6QBHS98F
2025-03-18 03:50:17,354 - INFO - StepB_Enter 3N3A57V7
2025-03-18 03:50:17,385 - INFO - StepB_Exit 3N3A57V7
2025-03-18 03:50:17,387 - INFO - StepB_Enter 7F95M5ST
2025-03-18 03:50:17,418 - INFO - StepB_Exit 7F95M5ST
2025-03-18 03:50:17,449 - INFO - StepB_Enter M1JXPM7F
2025-03-18 03:50:17,480 - INFO - StepB_Exit M1JXPM7F
2025-03-18 03:50:17,484 - INFO - StepB_Enter YS91NJYY
2025-03-18 03:50:17,515 - INFO - StepB_Exit YS91NJYY
2025-03-18 03:50:17,676 - INFO - StepB_Enter EHY7DL70
2025-03-18 03:50:17,707 - INFO - StepB_Exit EHY7DL70
2025-03-18 03:50:17,834 - INFO - StepB_Enter F8FFWCYM
2025-03-18 03:50:17,865 - INFO - StepB_Exit F8FFWCYM
2025-03-18 03:50:17,900 - INFO - StepB_Enter 13LQ4IAE
2025-03-18 03:50:17,931 - INFO - StepB_Exit 13LQ4IAE
2025-03-18 03:50:18,126 - INFO - StepB_Enter JIN9DGZB
2025-03-18 03:50:18,157 - INFO - StepB_Exit JIN9DGZB
2025-03-18 03:50:18,187 - INFO - StepB_Enter LJUIVR94
2025-03-18 03:50:18,218 - INFO - StepB_Exit LJUIVR94
2025-03-18 03:50:18,223 - INFO - StepB_Enter L4A1R5Z4
2025-03-18 03:50:18,254 - INFO - StepB_Exit L4A1R5Z4
2025-03-18 03:50:18,481 - INFO - StepB_Enter 70YCR63Y
2025-03-18 03:50:18,512 - INFO - StepB_Exit 70YCR63Y
2025-03-18 03:50:18,514 - INFO - StepB_Enter XFT5ZNGI
2025-03-18 03:50:18,545 - INFO - StepB_Exit XFT5ZNGI
2025-03-18 03:50:18,576 - INFO - StepB_Enter ZDVLAKGG
2025-03-18 03:50:18,608 - INFO - StepB_Exit ZDVLAKGG
2025-03-18 03:50:18,706 - INFO - StepB_Enter MCVW8EV6
2025-03-18 03:50:18,737 - INFO - StepB_Exit MCVW8EV6
2025-03-18 03:50:19,231 - INFO - StepB_Enter 7O8SD952
2025-03-18 03:50:19,262 - INFO - StepB_Exit 7O8SD952
2025-03-18 03:50:19,420 - INFO - StepB_Enter BVNX720A
2025-03-18 03:50:19,451 - INFO - StepB_Exit BVNX720A
2025-03-18 03:50:19,456 - INFO - StepB_Enter YQCT7Z7Q
2025-03-18 03:50:19,487 - INFO - StepB_Exit YQCT7Z7Q
2025-03-18 03:50:19,489 - INFO - StepB_Enter 5XMIJORT
2025-03-18 03:50:19,520 - INFO - StepB_Exit 5XMIJORT
2025-03-18 03:50:19,551 - INFO - StepB_Enter LO2B8A4P
2025-03-18 03:50:19,582 - INFO - StepB_Exit LO2B8A4P
2025-03-18 03:50:19,586 - INFO - StepB_Enter 45V4URZ9
2025-03-18 03:50:19,617 - INFO - StepB_Exit 45V4URZ9
2025-03-18 03:50:19,618 - INFO - StepB_Enter FWL9C4S5
2025-03-18 03:50:19,650 - INFO - StepB_Exit FWL9C4S5
2025-03-18 03:50:19,683 - INFO - StepB_Enter 4WYG91GI
2025-03-18 03:50:19,714 - INFO - StepB_Exit 4WYG91GI
2025-03-18 03:50:19,780 - INFO - StepB_Enter VHUEJLF8
2025-03-18 03:50:19,811 - INFO - StepB_Exit VHUEJLF8
2025-03-18 03:50:19,942 - INFO - StepB_Enter 4SSBNG7J
2025-03-18 03:50:19,973 - INFO - StepB_Exit 4SSBNG7J
2025-03-18 03:50:20,166 - INFO - StepB_Enter EHTWELPO
2025-03-18 03:50:20,197 - INFO - StepB_Exit EHTWELPO
2025-03-18 03:50:20,298 - INFO - StepB_Enter YP1B380F
2025-03-18 03:50:20,329 - INFO - StepB_Exit YP1B380F
2025-03-18 03:50:20,426 - INFO - StepB_Enter FQ7NAF0N
2025-03-18 03:50:20,457 - INFO - StepB_Exit FQ7NAF0N
2025-03-18 03:50:20,584 - INFO - StepB_Enter SAYWL2JF
2025-03-18 03:50:20,615 - INFO - StepB_Exit SAYWL2JF
2025-03-18 03:50:20,747 - INFO - StepB_Enter 6TFREQH0
2025-03-18 03:50:20,778 - INFO - StepB_Exit 6TFREQH0
2025-03-18 03:50:20,815 - INFO - StepB_Enter E2NJQP5I
2025-03-18 03:50:20,846 - INFO - StepB_Exit E2NJQP5I
2025-03-18 03:50:21,006 - INFO - StepB_Enter SC5H7BJL
2025-03-18 03:50:21,037 - INFO - StepB_Exit SC5H7BJL
2025-03-18 03:50:21,393 - INFO - StepB_Enter 17HBCZDF
2025-03-18 03:50:21,424 - INFO - StepB_Exit 17HBCZDF
2025-03-18 03:50:21,456 - INFO - StepB_Enter 35MU8T1U
2025-03-18 03:50:21,488 - INFO - StepB_Exit 35MU8T1U
2025-03-18 03:50:21,554 - INFO - StepB_Enter PUCW0D6T
2025-03-18 03:50:21,592 - INFO - StepB_Exit PUCW0D6T
2025-03-18 03:50:21,686 - INFO - StepB_Enter HP063DPC
2025-03-18 03:50:21,725 - INFO - StepB_Exit HP063DPC
2025-03-18 03:50:21,815 - INFO - StepB_Enter NOSRHYWN
2025-03-18 03:50:21,854 - INFO - StepB_Exit NOSRHYWN
2025-03-18 03:50:21,856 - INFO - StepB_Enter RC9GY4MS
2025-03-18 03:50:21,895 - INFO - StepB_Exit RC9GY4MS
2025-03-18 03:50:21,908 - INFO - StepB_Enter VVA1GE7B
2025-03-18 03:50:21,940 - INFO - StepB_Exit VVA1GE7B
2025-03-18 03:50:21,974 - INFO - StepB_Enter RE2HOZ4R
2025-03-18 03:50:22,005 - INFO - StepB_Exit RE2HOZ4R
2025-03-18 03:50:22,070 - INFO - StepB_Enter YTY2QR8Y
2025-03-18 03:50:22,101 - INFO - StepB_Exit YTY2QR8Y
2025-03-18 03:50:22,102 - INFO - StepB_Enter 8DV2ROXL
2025-03-18 03:50:22,134 - INFO - StepB_Exit 8DV2ROXL
2025-03-18 03:50:22,139 - INFO - StepB_Enter Y4SNSMFJ
2025-03-18 03:50:22,170 - INFO - StepB_Exit Y4SNSMFJ
2025-03-18 03:50:22,265 - INFO - StepB_Enter M63UNVL3
2025-03-18 03:50:22,296 - INFO - StepB_Exit M63UNVL3
2025-03-18 03:50:22,297 - INFO - StepB_Enter L5T2VW6Y
2025-03-18 03:50:22,329 - INFO - StepB_Exit L5T2VW6Y
2025-03-18 03:50:22,422 - INFO - StepB_Enter 6VHG64VP
2025-03-18 03:50:22,453 - INFO - StepB_Exit 6VHG64VP
2025-03-18 03:50:22,458 - INFO - StepB_Enter UMBSN2PJ
2025-03-18 03:50:22,489 - INFO - StepB_Exit UMBSN2PJ
2025-03-18 03:50:22,521 - INFO - StepB_Enter P00PKPAI
2025-03-18 03:50:22,552 - INFO - StepB_Exit P00PKPAI
2025-03-18 03:50:22,557 - INFO - StepB_Enter SWWQ93XN
2025-03-18 03:50:22,588 - INFO - StepB_Exit SWWQ93XN
2025-03-18 03:50:22,590 - INFO - StepB_Enter M5KLH61R
2025-03-18 03:50:22,621 - INFO - StepB_Exit M5KLH61R
2025-03-18 03:50:22,686 - INFO - StepB_Enter 7H5LZ5CG
2025-03-18 03:50:22,717 - INFO - StepB_Exit 7H5LZ5CG
2025-03-18 03:50:23,039 - INFO - StepB_Enter MQCMBGAQ
2025-03-18 03:50:23,070 - INFO - StepB_Exit MQCMBGAQ
2025-03-18 03:50:23,074 - INFO - StepB_Enter 7KO75UCL
2025-03-18 03:50:23,105 - INFO - StepB_Exit 7KO75UCL
2025-03-18 03:50:23,167 - INFO - StepB_Enter 7688C86M
2025-03-18 03:50:23,198 - INFO - StepB_Exit 7688C86M
2025-03-18 03:50:23,231 - INFO - StepB_Enter IPUKYDSG
2025-03-18 03:50:23,262 - INFO - StepB_Exit IPUKYDSG
2025-03-18 03:50:23,364 - INFO - StepB_Enter 6WAX7RKP
2025-03-18 03:50:23,395 - INFO - StepB_Exit 6WAX7RKP
2025-03-18 03:50:23,491 - INFO - StepB_Enter VW31N6E9
2025-03-18 03:50:23,521 - INFO - StepB_Exit VW31N6E9
2025-03-18 03:50:23,554 - INFO - StepB_Enter FZ53E10V
2025-03-18 03:50:23,585 - INFO - StepB_Exit FZ53E10V
