2025-04-01 02:58:08,831 - INFO - Ingress_Enter 44LGUUMT
2025-04-01 02:58:08,867 - INFO - Ingress_Enter 4GBKJM3M
2025-04-01 02:58:08,881 - INFO - Ingress_Enter Y0KHH6P0
2025-04-01 02:58:09,040 - INFO - Ingress_Enter Q2N6T9T0
2025-04-01 02:58:09,187 - INFO - Ingress_Enter M2A630DK
2025-04-01 02:58:09,229 - INFO - Ingress_Enter W9LESCKF
2025-04-01 02:58:09,508 - INFO - Ingress_Enter A73JRUJP
2025-04-01 02:58:09,538 - INFO - Ingress_Enter F5U1ZVSV
2025-04-01 02:58:09,677 - INFO - Ingress_Exit 4GBKJM3M
2025-04-01 02:58:09,814 - INFO - Ingress_Exit Y0KHH6P0
2025-04-01 02:58:09,884 - INFO - Ingress_Enter 4PMXYGYH
2025-04-01 02:58:09,891 - INFO - Ingress_Exit 44LGUUMT
2025-04-01 02:58:10,030 - INFO - Ingress_Exit Q2N6T9T0
2025-04-01 02:58:10,047 - INFO - Ingress_Exit M2A630DK
2025-04-01 02:58:10,074 - INFO - Ingress_Enter ODIBTNXH
2025-04-01 02:58:10,187 - INFO - Ingress_Exit W9LESCKF
2025-04-01 02:58:10,363 - INFO - Ingress_Exit A73JRUJP
2025-04-01 02:58:10,421 - INFO - Ingress_Enter AVC7BRSD
2025-04-01 02:58:10,435 - INFO - Ingress_Exit F5U1ZVSV
2025-04-01 02:58:10,640 - INFO - Ingress_Enter 5EZPKMC9
2025-04-01 02:58:10,660 - INFO - Ingress_Enter K22XL2QQ
2025-04-01 02:58:10,691 - INFO - Ingress_Enter B83P21JC
2025-04-01 02:58:10,705 - INFO - Ingress_Exit 4PMXYGYH
2025-04-01 02:58:10,805 - INFO - Ingress_Enter D6PSWGPC
2025-04-01 02:58:10,857 - INFO - Ingress_Exit ODIBTNXH
2025-04-01 02:58:10,892 - INFO - Ingress_Enter ZJL1XUN8
2025-04-01 02:58:10,902 - INFO - Ingress_Enter 522WPZ3O
2025-04-01 02:58:10,987 - INFO - Ingress_Enter RUA4BJ6M
2025-04-01 02:58:11,155 - INFO - Ingress_Enter TX1CIF6I
2025-04-01 02:58:11,204 - INFO - Ingress_Enter 8TSXUBUY
2025-04-01 02:58:11,621 - INFO - Ingress_Exit AVC7BRSD
2025-04-01 02:58:11,623 - INFO - Ingress_Exit B83P21JC
2025-04-01 02:58:11,691 - INFO - Ingress_Exit 5EZPKMC9
2025-04-01 02:58:11,841 - INFO - Ingress_Exit K22XL2QQ
2025-04-01 02:58:12,019 - INFO - Ingress_Exit D6PSWGPC
2025-04-01 02:58:12,076 - INFO - Ingress_Exit ZJL1XUN8
2025-04-01 02:58:12,151 - INFO - Ingress_Exit RUA4BJ6M
2025-04-01 02:58:12,178 - INFO - Ingress_Enter HVYTYMWH
2025-04-01 02:58:12,288 - INFO - Ingress_Enter V3VB49UM
2025-04-01 02:58:12,311 - INFO - Ingress_Exit 522WPZ3O
2025-04-01 02:58:12,418 - INFO - Ingress_Enter CK8MMB1Q
2025-04-01 02:58:12,469 - INFO - Ingress_Enter 0VHPEJ2R
2025-04-01 02:58:12,480 - INFO - Ingress_Enter 4COA6JV3
2025-04-01 02:58:12,498 - INFO - Ingress_Enter 1F0VP8DX
2025-04-01 02:58:12,508 - INFO - Ingress_Enter 2CGP0V25
2025-04-01 02:58:12,526 - INFO - Ingress_Exit TX1CIF6I
2025-04-01 02:58:12,557 - INFO - Ingress_Enter ZN8CMA3X
2025-04-01 02:58:12,588 - INFO - Ingress_Enter G6WAH7V1
2025-04-01 02:58:12,748 - INFO - Ingress_Enter SLQL3LZP
2025-04-01 02:58:13,144 - INFO - Ingress_Enter JBS4TOG1
2025-04-01 02:58:13,270 - INFO - Ingress_Exit 1F0VP8DX
2025-04-01 02:58:13,365 - INFO - Ingress_Exit 2CGP0V25
2025-04-01 02:58:13,366 - INFO - Ingress_Exit CK8MMB1Q
2025-04-01 02:58:13,369 - INFO - Ingress_Exit 0VHPEJ2R
2025-04-01 02:58:13,370 - INFO - Ingress_Exit ZN8CMA3X
2025-04-01 02:58:13,372 - INFO - Ingress_Exit G6WAH7V1
2025-04-01 02:58:13,416 - INFO - Ingress_Exit 8TSXUBUY
2025-04-01 02:58:13,466 - INFO - Ingress_Exit V3VB49UM
2025-04-01 02:58:13,467 - INFO - Ingress_Exit HVYTYMWH
2025-04-01 02:58:13,665 - INFO - Ingress_Enter XESJFGJK
2025-04-01 02:58:13,730 - INFO - Ingress_Exit SLQL3LZP
2025-04-01 02:58:13,756 - INFO - Ingress_Exit 4COA6JV3
2025-04-01 02:58:13,794 - INFO - Ingress_Enter 0FQ8QST2
2025-04-01 02:58:13,862 - INFO - Ingress_Enter BFHBBYYN
2025-04-01 02:58:13,942 - INFO - Ingress_Enter O6ZFG1GJ
2025-04-01 02:58:13,983 - INFO - Ingress_Enter Y2FQPFU1
2025-04-01 02:58:14,032 - INFO - Ingress_Enter VTNE537C
2025-04-01 02:58:14,166 - INFO - Ingress_Enter O8K81APH
2025-04-01 02:58:14,174 - INFO - Ingress_Exit JBS4TOG1
2025-04-01 02:58:14,267 - INFO - Ingress_Enter LUBCF0TG
2025-04-01 02:58:14,316 - INFO - Ingress_Enter NLHXH6CY
2025-04-01 02:58:14,335 - INFO - Ingress_Enter XTDFHXP6
2025-04-01 02:58:14,422 - INFO - Ingress_Exit BFHBBYYN
2025-04-01 02:58:14,422 - INFO - Ingress_Exit Y2FQPFU1
2025-04-01 02:58:14,571 - INFO - Ingress_Exit XESJFGJK
2025-04-01 02:58:14,614 - INFO - Ingress_Exit O6ZFG1GJ
2025-04-01 02:58:14,616 - INFO - Ingress_Exit VTNE537C
2025-04-01 02:58:14,638 - INFO - Ingress_Exit 0FQ8QST2
2025-04-01 02:58:14,695 - INFO - Ingress_Enter 1BK92HTL
2025-04-01 02:58:14,863 - INFO - Ingress_Enter ZLOU6GZA
2025-04-01 02:58:14,887 - INFO - Ingress_Exit LUBCF0TG
2025-04-01 02:58:14,889 - INFO - Ingress_Exit XTDFHXP6
2025-04-01 02:58:14,906 - INFO - Ingress_Enter MA2N7PLA
2025-04-01 02:58:14,938 - INFO - Ingress_Exit O8K81APH
2025-04-01 02:58:14,965 - INFO - Ingress_Enter RSYEZ3KS
2025-04-01 02:58:14,991 - INFO - Ingress_Exit NLHXH6CY
2025-04-01 02:58:15,035 - INFO - Ingress_Enter Y26TNBL1
2025-04-01 02:58:15,045 - INFO - Ingress_Enter WZA3ZZO6
2025-04-01 02:58:15,052 - INFO - Ingress_Enter AKHZHFSD
2025-04-01 02:58:15,072 - INFO - Ingress_Enter 52R32YG2
2025-04-01 02:58:15,123 - INFO - Ingress_Enter AUG4GTL3
2025-04-01 02:58:15,183 - INFO - Ingress_Enter ZCIKIV1T
2025-04-01 02:58:15,204 - INFO - Ingress_Exit ZLOU6GZA
2025-04-01 02:58:15,479 - INFO - Ingress_Enter YSUZRSZI
2025-04-01 02:58:15,584 - INFO - Ingress_Exit 1BK92HTL
2025-04-01 02:58:15,716 - INFO - Ingress_Enter GBVVOUNC
2025-04-01 02:58:15,766 - INFO - Ingress_Exit WZA3ZZO6
2025-04-01 02:58:15,767 - INFO - Ingress_Exit ZCIKIV1T
2025-04-01 02:58:15,771 - INFO - Ingress_Exit Y26TNBL1
2025-04-01 02:58:15,772 - INFO - Ingress_Exit 52R32YG2
2025-04-01 02:58:15,891 - INFO - Ingress_Exit GBVVOUNC
2025-04-01 02:58:16,081 - INFO - Ingress_Exit MA2N7PLA
2025-04-01 02:58:16,120 - INFO - Ingress_Exit AUG4GTL3
2025-04-01 02:58:16,178 - INFO - Ingress_Enter SMEQR0II
2025-04-01 02:58:16,196 - INFO - Ingress_Exit RSYEZ3KS
2025-04-01 02:58:16,197 - INFO - Ingress_Exit AKHZHFSD
2025-04-01 02:58:16,199 - INFO - Ingress_Exit YSUZRSZI
2025-04-01 02:58:16,225 - INFO - Ingress_Enter KNHSZWEM
2025-04-01 02:58:16,431 - INFO - Ingress_Enter WRYZJY4K
2025-04-01 02:58:16,539 - INFO - Ingress_Enter Z8ONLQAZ
2025-04-01 02:58:16,562 - INFO - Ingress_Enter 9YQFMW4G
2025-04-01 02:58:16,578 - INFO - Ingress_Enter CX20NNQL
2025-04-01 02:58:16,596 - INFO - Ingress_Exit SMEQR0II
2025-04-01 02:58:16,631 - INFO - Ingress_Enter FLM411MM
2025-04-01 02:58:16,690 - INFO - Ingress_Exit KNHSZWEM
2025-04-01 02:58:16,828 - INFO - Ingress_Enter DTUL8MAA
2025-04-01 02:58:16,884 - INFO - Ingress_Exit WRYZJY4K
2025-04-01 02:58:17,045 - INFO - Ingress_Enter OWDJ87FQ
2025-04-01 02:58:17,062 - INFO - Ingress_Exit FLM411MM
2025-04-01 02:58:17,115 - INFO - Ingress_Exit 9YQFMW4G
2025-04-01 02:58:17,263 - INFO - Ingress_Enter FZIB9VZ3
2025-04-01 02:58:17,273 - INFO - Ingress_Enter MISR7GFN
2025-04-01 02:58:17,297 - INFO - Ingress_Exit CX20NNQL
2025-04-01 02:58:17,372 - INFO - Ingress_Enter U9HYMU36
2025-04-01 02:58:17,390 - INFO - Ingress_Enter L6ZUI15V
2025-04-01 02:58:17,410 - INFO - Ingress_Enter EZ3JZ84S
2025-04-01 02:58:17,469 - INFO - Ingress_Exit Z8ONLQAZ
2025-04-01 02:58:17,648 - INFO - Ingress_Exit OWDJ87FQ
2025-04-01 02:58:17,706 - INFO - Ingress_Exit DTUL8MAA
2025-04-01 02:58:17,762 - INFO - Ingress_Exit MISR7GFN
2025-04-01 02:58:17,846 - INFO - Ingress_Exit FZIB9VZ3
2025-04-01 02:58:17,934 - INFO - Ingress_Enter SDRVUFTJ
2025-04-01 02:58:18,050 - INFO - Ingress_Exit L6ZUI15V
2025-04-01 02:58:18,101 - INFO - Ingress_Enter 3YMLDTX1
2025-04-01 02:58:18,161 - INFO - Ingress_Enter OY5ZZ3WD
2025-04-01 02:58:18,219 - INFO - Ingress_Exit U9HYMU36
2025-04-01 02:58:18,221 - INFO - Ingress_Exit EZ3JZ84S
2025-04-01 02:58:18,319 - INFO - Ingress_Enter R5M2JWRX
2025-04-01 02:58:18,417 - INFO - Ingress_Exit SDRVUFTJ
2025-04-01 02:58:18,508 - INFO - Ingress_Enter 9PI4JJNT
2025-04-01 02:58:18,604 - INFO - Ingress_Exit OY5ZZ3WD
2025-04-01 02:58:18,634 - INFO - Ingress_Exit R5M2JWRX
2025-04-01 02:58:18,637 - INFO - Ingress_Enter R7C09TSO
2025-04-01 02:58:18,664 - INFO - Ingress_Exit 3YMLDTX1
2025-04-01 02:58:18,754 - INFO - Ingress_Enter ROG843YD
2025-04-01 02:58:18,775 - INFO - Ingress_Enter 3QPYA3YK
2025-04-01 02:58:18,783 - INFO - Ingress_Enter M0X5J0O0
2025-04-01 02:58:18,834 - INFO - Ingress_Enter SM0P7HPC
2025-04-01 02:58:18,883 - INFO - Ingress_Enter 2RR3WRZ0
2025-04-01 02:58:18,911 - INFO - Ingress_Exit 9PI4JJNT
2025-04-01 02:58:19,089 - INFO - Ingress_Enter 67KY23G8
2025-04-01 02:58:19,159 - INFO - Ingress_Enter 5CY8PP30
2025-04-01 02:58:19,174 - INFO - Ingress_Exit 3QPYA3YK
2025-04-01 02:58:19,177 - INFO - Ingress_Enter D3NPW7IO
2025-04-01 02:58:19,183 - INFO - Ingress_Exit ROG843YD
2025-04-01 02:58:19,191 - INFO - Ingress_Enter VH1GXK28
2025-04-01 02:58:19,202 - INFO - Ingress_Enter LJ070TZY
2025-04-01 02:58:19,218 - INFO - Ingress_Exit R7C09TSO
2025-04-01 02:58:19,298 - INFO - Ingress_Exit M0X5J0O0
2025-04-01 02:58:19,441 - INFO - Ingress_Exit 2RR3WRZ0
2025-04-01 02:58:19,442 - INFO - Ingress_Exit SM0P7HPC
2025-04-01 02:58:19,590 - INFO - Ingress_Enter Z9UPV6QL
2025-04-01 02:58:19,598 - INFO - Ingress_Enter D003KSYP
2025-04-01 02:58:19,602 - INFO - Ingress_Exit 5CY8PP30
2025-04-01 02:58:19,602 - INFO - Ingress_Exit D3NPW7IO
2025-04-01 02:58:19,603 - INFO - Ingress_Enter K3KFG8WR
2025-04-01 02:58:19,609 - INFO - Ingress_Enter 1PMG9E3Z
2025-04-01 02:58:19,689 - INFO - Ingress_Enter 7U6R4L2K
2025-04-01 02:58:19,756 - INFO - Ingress_Enter YJ4DRJOA
2025-04-01 02:58:19,804 - INFO - Ingress_Exit 67KY23G8
2025-04-01 02:58:19,832 - INFO - Ingress_Enter B454HBRF
2025-04-01 02:58:19,910 - INFO - Ingress_Exit LJ070TZY
2025-04-01 02:58:19,965 - INFO - Ingress_Exit VH1GXK28
2025-04-01 02:58:20,064 - INFO - Ingress_Enter MMWFSBZ3
2025-04-01 02:58:20,251 - INFO - Ingress_Exit 1PMG9E3Z
2025-04-01 02:58:20,252 - INFO - Ingress_Exit Z9UPV6QL
2025-04-01 02:58:20,332 - INFO - Ingress_Exit YJ4DRJOA
2025-04-01 02:58:20,371 - INFO - Ingress_Enter SJ06MVRT
2025-04-01 02:58:20,377 - INFO - Ingress_Exit B454HBRF
2025-04-01 02:58:20,440 - INFO - Ingress_Exit D003KSYP
2025-04-01 02:58:20,443 - INFO - Ingress_Exit 7U6R4L2K
2025-04-01 02:58:20,468 - INFO - Ingress_Enter FCD0B1D2
2025-04-01 02:58:20,489 - INFO - Ingress_Exit K3KFG8WR
2025-04-01 02:58:20,500 - INFO - Ingress_Enter ERCL7B3O
2025-04-01 02:58:20,511 - INFO - Ingress_Enter IKQB9P9T
2025-04-01 02:58:20,608 - INFO - Ingress_Enter K8AAAYQF
2025-04-01 02:58:20,768 - INFO - Ingress_Enter YG7ZSJKW
2025-04-01 02:58:20,795 - INFO - Ingress_Exit MMWFSBZ3
2025-04-01 02:58:20,893 - INFO - Ingress_Exit FCD0B1D2
2025-04-01 02:58:21,024 - INFO - Ingress_Exit IKQB9P9T
2025-04-01 02:58:21,088 - INFO - Ingress_Exit SJ06MVRT
2025-04-01 02:58:21,199 - INFO - Ingress_Exit K8AAAYQF
2025-04-01 02:58:21,260 - INFO - Ingress_Exit ERCL7B3O
2025-04-01 02:58:21,380 - INFO - Ingress_Exit YG7ZSJKW
2025-04-01 02:58:21,544 - INFO - Ingress_Enter DQ5J9YC5
2025-04-01 02:58:21,564 - INFO - Ingress_Enter VUTHO7J9
2025-04-01 02:58:21,661 - INFO - Ingress_Enter A6QXDDFT
2025-04-01 02:58:21,682 - INFO - Ingress_Enter HRPTPDSP
2025-04-01 02:58:21,967 - INFO - Ingress_Enter Q97H77NF
2025-04-01 02:58:21,977 - INFO - Ingress_Enter URC47LCJ
2025-04-01 02:58:22,042 - INFO - Ingress_Enter E1D949KK
2025-04-01 02:58:22,084 - INFO - Ingress_Exit DQ5J9YC5
2025-04-01 02:58:22,116 - INFO - Ingress_Exit VUTHO7J9
2025-04-01 02:58:22,166 - INFO - Ingress_Exit A6QXDDFT
2025-04-01 02:58:22,221 - INFO - Ingress_Enter GZIB398Y
2025-04-01 02:58:22,317 - INFO - Ingress_Exit HRPTPDSP
2025-04-01 02:58:22,356 - INFO - Ingress_Enter 6F3GAVZY
2025-04-01 02:58:22,451 - INFO - Ingress_Exit E1D949KK
2025-04-01 02:58:22,469 - INFO - Ingress_Enter KHEHKM4C
2025-04-01 02:58:22,519 - INFO - Ingress_Enter JX6GPVYC
2025-04-01 02:58:22,537 - INFO - Ingress_Enter EKN9CBIK
2025-04-01 02:58:22,542 - INFO - Ingress_Exit Q97H77NF
2025-04-01 02:58:22,555 - INFO - Ingress_Enter TKXJ0HWH
2025-04-01 02:58:22,586 - INFO - Ingress_Exit URC47LCJ
2025-04-01 02:58:22,690 - INFO - Ingress_Exit GZIB398Y
2025-04-01 02:58:22,726 - INFO - Ingress_Enter 2WQ8297R
2025-04-01 02:58:22,755 - INFO - Ingress_Enter WWXSGCK7
2025-04-01 02:58:22,807 - INFO - Ingress_Enter ZBIUJ8Q4
2025-04-01 02:58:22,884 - INFO - Ingress_Enter 7WJZ8Q7G
2025-04-01 02:58:22,899 - INFO - Ingress_Exit EKN9CBIK
2025-04-01 02:58:22,945 - INFO - Ingress_Exit TKXJ0HWH
2025-04-01 02:58:22,959 - INFO - Ingress_Exit JX6GPVYC
2025-04-01 02:58:23,029 - INFO - Ingress_Exit KHEHKM4C
2025-04-01 02:58:23,069 - INFO - Ingress_Enter 2N1AW70C
2025-04-01 02:58:23,147 - INFO - Ingress_Exit WWXSGCK7
2025-04-01 02:58:23,189 - INFO - Ingress_Enter C6U62AJE
2025-04-01 02:58:23,218 - INFO - Ingress_Exit 6F3GAVZY
2025-04-01 02:58:23,321 - INFO - Ingress_Exit ZBIUJ8Q4
2025-04-01 02:58:23,385 - INFO - Ingress_Enter VGQL5XL4
2025-04-01 02:58:23,406 - INFO - Ingress_Enter USPIB87X
2025-04-01 02:58:23,447 - INFO - Ingress_Exit 2WQ8297R
2025-04-01 02:58:23,502 - INFO - Ingress_Enter BS1NA7AT
2025-04-01 02:58:23,510 - INFO - Ingress_Exit C6U62AJE
2025-04-01 02:58:23,582 - INFO - Ingress_Exit 7WJZ8Q7G
2025-04-01 02:58:23,584 - INFO - Ingress_Exit 2N1AW70C
2025-04-01 02:58:23,694 - INFO - Ingress_Enter MBT3LTVJ
2025-04-01 02:58:23,723 - INFO - Ingress_Enter 1CDJB6OL
2025-04-01 02:58:23,758 - INFO - Ingress_Exit VGQL5XL4
2025-04-01 02:58:23,766 - INFO - Ingress_Exit USPIB87X
2025-04-01 02:58:23,811 - INFO - Ingress_Enter H9BD3F24
2025-04-01 02:58:24,009 - INFO - Ingress_Enter 3RBIZ3VS
2025-04-01 02:58:24,039 - INFO - Ingress_Enter Y8P3735S
2025-04-01 02:58:24,146 - INFO - Ingress_Exit BS1NA7AT
2025-04-01 02:58:24,187 - INFO - Ingress_Enter KCLKZZAD
2025-04-01 02:58:24,230 - INFO - Ingress_Enter DT1ARHXM
2025-04-01 02:58:24,236 - INFO - Ingress_Exit MBT3LTVJ
2025-04-01 02:58:24,257 - INFO - Ingress_Enter 1DKSF060
2025-04-01 02:58:24,329 - INFO - Ingress_Exit H9BD3F24
2025-04-01 02:58:24,352 - INFO - Ingress_Exit 1CDJB6OL
2025-04-01 02:58:24,414 - INFO - Ingress_Enter VKUW6UGJ
2025-04-01 02:58:24,485 - INFO - Ingress_Exit Y8P3735S
2025-04-01 02:58:24,592 - INFO - Ingress_Exit 3RBIZ3VS
2025-04-01 02:58:24,630 - INFO - Ingress_Exit 1DKSF060
2025-04-01 02:58:24,688 - INFO - Ingress_Enter 1AFLHJHS
2025-04-01 02:58:24,717 - INFO - Ingress_Exit DT1ARHXM
2025-04-01 02:58:24,774 - INFO - Ingress_Enter BDON9EN1
2025-04-01 02:58:24,878 - INFO - Ingress_Exit KCLKZZAD
2025-04-01 02:58:24,913 - INFO - Ingress_Enter XA593LB6
2025-04-01 02:58:25,101 - INFO - Ingress_Exit VKUW6UGJ
2025-04-01 02:58:25,229 - INFO - Ingress_Enter 5J65CS4Y
2025-04-01 02:58:25,279 - INFO - Ingress_Exit 1AFLHJHS
2025-04-01 02:58:25,369 - INFO - Ingress_Enter 7A65G9UL
2025-04-01 02:58:25,376 - INFO - Ingress_Enter 9530NLYW
2025-04-01 02:58:25,540 - INFO - Ingress_Exit XA593LB6
2025-04-01 02:58:25,546 - INFO - Ingress_Exit BDON9EN1
2025-04-01 02:58:25,644 - INFO - Ingress_Exit 7A65G9UL
2025-04-01 02:58:25,702 - INFO - Ingress_Enter D3NZ6WLS
2025-04-01 02:58:25,773 - INFO - Ingress_Enter MOOPIWCK
2025-04-01 02:58:25,831 - INFO - Ingress_Enter 850L57YP
2025-04-01 02:58:25,851 - INFO - Ingress_Enter S6M30AN0
2025-04-01 02:58:25,871 - INFO - Ingress_Exit 5J65CS4Y
2025-04-01 02:58:25,900 - INFO - Ingress_Enter C3FKXOFJ
2025-04-01 02:58:26,075 - INFO - Ingress_Enter PH5RW4JT
2025-04-01 02:58:26,132 - INFO - Ingress_Exit 9530NLYW
2025-04-01 02:58:26,134 - INFO - Ingress_Exit D3NZ6WLS
2025-04-01 02:58:26,135 - INFO - Ingress_Exit S6M30AN0
2025-04-01 02:58:26,299 - INFO - Ingress_Exit 850L57YP
2025-04-01 02:58:26,314 - INFO - Ingress_Enter E14T6F1W
2025-04-01 02:58:26,342 - INFO - Ingress_Enter E2P8GE5O
2025-04-01 02:58:26,373 - INFO - Ingress_Enter N9KFK9K8
2025-04-01 02:58:26,384 - INFO - Ingress_Enter 43APZCWA
2025-04-01 02:58:26,393 - INFO - Ingress_Enter ZAZFPH6L
2025-04-01 02:58:26,410 - INFO - Ingress_Exit C3FKXOFJ
2025-04-01 02:58:26,604 - INFO - Ingress_Exit MOOPIWCK
2025-04-01 02:58:26,841 - INFO - Ingress_Exit PH5RW4JT
2025-04-01 02:58:26,851 - INFO - Ingress_Exit E2P8GE5O
2025-04-01 02:58:26,883 - INFO - Ingress_Exit 43APZCWA
2025-04-01 02:58:27,002 - INFO - Ingress_Exit N9KFK9K8
2025-04-01 02:58:27,166 - INFO - Ingress_Exit E14T6F1W
2025-04-01 02:58:27,271 - INFO - Ingress_Exit ZAZFPH6L
2025-04-01 02:58:27,351 - INFO - Ingress_Enter 35VAUJ6A
2025-04-01 02:58:27,422 - INFO - Ingress_Enter M0PUAW5B
2025-04-01 02:58:27,461 - INFO - Ingress_Enter Y2VQQI73
2025-04-01 02:58:27,643 - INFO - Ingress_Enter 1GDE41OV
2025-04-01 02:58:27,719 - INFO - Ingress_Enter 8CAG18AV
2025-04-01 02:58:27,798 - INFO - Ingress_Exit M0PUAW5B
2025-04-01 02:58:27,807 - INFO - Ingress_Enter 4FJKZIWJ
2025-04-01 02:58:27,832 - INFO - Ingress_Enter Q36XH45T
2025-04-01 02:58:27,852 - INFO - Ingress_Enter 2Z7UAPVX
2025-04-01 02:58:27,859 - INFO - Ingress_Exit Y2VQQI73
2025-04-01 02:58:28,018 - INFO - Ingress_Exit 35VAUJ6A
2025-04-01 02:58:28,063 - INFO - Ingress_Enter R9Y7MX05
2025-04-01 02:58:28,072 - INFO - Ingress_Exit 1GDE41OV
2025-04-01 02:58:28,081 - INFO - Ingress_Enter 58Z9EL0G
2025-04-01 02:58:28,120 - INFO - Ingress_Enter 7VLJX3PV
2025-04-01 02:58:28,158 - INFO - Ingress_Enter WDA6D3MB
2025-04-01 02:58:28,208 - INFO - Ingress_Enter GRGIR7PD
2025-04-01 02:58:28,322 - INFO - Ingress_Enter C3KQWWP9
2025-04-01 02:58:28,393 - INFO - Ingress_Exit 8CAG18AV
2025-04-01 02:58:28,435 - INFO - Ingress_Exit 4FJKZIWJ
2025-04-01 02:58:28,535 - INFO - Ingress_Exit 7VLJX3PV
2025-04-01 02:58:28,536 - INFO - Ingress_Exit 2Z7UAPVX
2025-04-01 02:58:28,738 - INFO - Ingress_Exit Q36XH45T
2025-04-01 02:58:28,764 - INFO - Ingress_Exit R9Y7MX05
2025-04-01 02:58:28,765 - INFO - Ingress_Exit GRGIR7PD
2025-04-01 02:58:28,769 - INFO - Ingress_Exit 58Z9EL0G
2025-04-01 02:58:28,927 - INFO - Ingress_Exit C3KQWWP9
2025-04-01 02:58:29,093 - INFO - Ingress_Exit WDA6D3MB
2025-04-01 02:58:29,327 - INFO - Ingress_Enter 4C3IKFBM
2025-04-01 02:58:29,336 - INFO - Ingress_Enter K001LW6P
2025-04-01 02:58:29,374 - INFO - Ingress_Enter F5AB1VY7
2025-04-01 02:58:29,436 - INFO - Ingress_Enter 2VG9FZZR
2025-04-01 02:58:29,513 - INFO - Ingress_Enter DX6VY49O
2025-04-01 02:58:29,545 - INFO - Ingress_Enter OQFJFZYB
2025-04-01 02:58:29,574 - INFO - Ingress_Enter A64CXO11
2025-04-01 02:58:29,652 - INFO - Ingress_Enter RGRKT47R
2025-04-01 02:58:29,927 - INFO - Ingress_Exit F5AB1VY7
2025-04-01 02:58:29,929 - INFO - Ingress_Exit 2VG9FZZR
2025-04-01 02:58:29,936 - INFO - Ingress_Exit 4C3IKFBM
2025-04-01 02:58:29,969 - INFO - Ingress_Enter ZEFOWRYY
2025-04-01 02:58:29,987 - INFO - Ingress_Enter 3RODB95E
2025-04-01 02:58:29,997 - INFO - Ingress_Exit RGRKT47R
2025-04-01 02:58:30,087 - INFO - Ingress_Enter 3Z0FRWCW
2025-04-01 02:58:30,119 - INFO - Ingress_Exit A64CXO11
2025-04-01 02:58:30,120 - INFO - Ingress_Exit DX6VY49O
2025-04-01 02:58:30,200 - INFO - Ingress_Exit K001LW6P
2025-04-01 02:58:30,205 - INFO - Ingress_Enter V8WKKYJ9
2025-04-01 02:58:30,209 - INFO - Ingress_Exit OQFJFZYB
2025-04-01 02:58:30,470 - INFO - Ingress_Exit ZEFOWRYY
2025-04-01 02:58:30,554 - INFO - Ingress_Enter B1FLNSJ3
2025-04-01 02:58:30,600 - INFO - Ingress_Enter 4HC58HUV
2025-04-01 02:58:30,629 - INFO - Ingress_Enter EOWRN7X8
2025-04-01 02:58:30,647 - INFO - Ingress_Exit 3Z0FRWCW
2025-04-01 02:58:30,709 - INFO - Ingress_Exit V8WKKYJ9
2025-04-01 02:58:30,749 - INFO - Ingress_Exit 3RODB95E
2025-04-01 02:58:30,777 - INFO - Ingress_Enter 64BLHTJP
2025-04-01 02:58:30,915 - INFO - Ingress_Exit 64BLHTJP
2025-04-01 02:58:31,052 - INFO - Ingress_Enter Q1D50JHG
2025-04-01 02:58:31,112 - INFO - Ingress_Exit 4HC58HUV
2025-04-01 02:58:31,114 - INFO - Ingress_Exit EOWRN7X8
2025-04-01 02:58:31,143 - INFO - Ingress_Enter 2WX44CKA
2025-04-01 02:58:31,239 - INFO - Ingress_Enter MZKZLHFV
2025-04-01 02:58:31,294 - INFO - Ingress_Enter W40H5LP7
2025-04-01 02:58:31,313 - INFO - Ingress_Enter XI7LIIG2
2025-04-01 02:58:31,401 - INFO - Ingress_Exit 2WX44CKA
2025-04-01 02:58:31,484 - INFO - Ingress_Enter VILAP55J
2025-04-01 02:58:31,495 - INFO - Ingress_Exit B1FLNSJ3
2025-04-01 02:58:31,617 - INFO - Ingress_Exit Q1D50JHG
2025-04-01 02:58:31,658 - INFO - Ingress_Enter AODFNW11
2025-04-01 02:58:31,668 - INFO - Ingress_Exit W40H5LP7
2025-04-01 02:58:31,695 - INFO - Ingress_Enter G4S8SPK1
2025-04-01 02:58:31,774 - INFO - Ingress_Enter 3YB8TYFV
2025-04-01 02:58:31,797 - INFO - Ingress_Enter PE94D1SZ
2025-04-01 02:58:31,858 - INFO - Ingress_Exit XI7LIIG2
2025-04-01 02:58:31,895 - INFO - Ingress_Exit VILAP55J
2025-04-01 02:58:31,902 - INFO - Ingress_Exit MZKZLHFV
2025-04-01 02:58:32,006 - INFO - Ingress_Enter VOANGOMO
2025-04-01 02:58:32,066 - INFO - Ingress_Exit 3YB8TYFV
2025-04-01 02:58:32,104 - INFO - Ingress_Exit AODFNW11
2025-04-01 02:58:32,115 - INFO - Ingress_Exit PE94D1SZ
2025-04-01 02:58:32,148 - INFO - Ingress_Exit G4S8SPK1
2025-04-01 02:58:32,168 - INFO - Ingress_Enter D8OO5664
2025-04-01 02:58:32,303 - INFO - Ingress_Exit VOANGOMO
2025-04-01 02:58:32,308 - INFO - Ingress_Enter SKB9HSGG
2025-04-01 02:58:32,338 - INFO - Ingress_Enter XZBPQ8MH
2025-04-01 02:58:32,478 - INFO - Ingress_Enter NMZ9C7LL
2025-04-01 02:58:32,660 - INFO - Ingress_Enter 66VFGTNS
2025-04-01 02:58:32,672 - INFO - Ingress_Exit D8OO5664
2025-04-01 02:58:32,777 - INFO - Ingress_Exit SKB9HSGG
2025-04-01 02:58:32,777 - INFO - Ingress_Exit XZBPQ8MH
2025-04-01 02:58:32,918 - INFO - Ingress_Enter TC0O3EME
2025-04-01 02:58:32,952 - INFO - Ingress_Enter S5JJFFI4
2025-04-01 02:58:33,127 - INFO - Ingress_Enter EP0KD3MT
2025-04-01 02:58:33,150 - INFO - Ingress_Exit 66VFGTNS
2025-04-01 02:58:33,175 - INFO - Ingress_Exit NMZ9C7LL
2025-04-01 02:58:33,285 - INFO - Ingress_Exit TC0O3EME
2025-04-01 02:58:33,402 - INFO - Ingress_Enter H6ZCOX2Z
2025-04-01 02:58:33,466 - INFO - Ingress_Enter 91L9H93Z
2025-04-01 02:58:33,549 - INFO - Ingress_Exit S5JJFFI4
2025-04-01 02:58:33,553 - INFO - Ingress_Enter OWBY72SE
2025-04-01 02:58:33,588 - INFO - Ingress_Exit EP0KD3MT
2025-04-01 02:58:33,591 - INFO - Ingress_Enter JVX8MQMN
2025-04-01 02:58:33,891 - INFO - Ingress_Enter KB3I7JMC
2025-04-01 02:58:33,910 - INFO - Ingress_Enter 0SSK84V3
2025-04-01 02:58:33,936 - INFO - Ingress_Enter OT1MW0MN
2025-04-01 02:58:34,006 - INFO - Ingress_Enter AC3JYA5G
2025-04-01 02:58:34,057 - INFO - Ingress_Exit JVX8MQMN
2025-04-01 02:58:34,079 - INFO - Ingress_Enter JQ01DK4P
2025-04-01 02:58:34,130 - INFO - Ingress_Exit H6ZCOX2Z
2025-04-01 02:58:34,192 - INFO - Ingress_Exit OWBY72SE
2025-04-01 02:58:34,249 - INFO - Ingress_Enter 3E24UZ0K
2025-04-01 02:58:34,279 - INFO - Ingress_Enter ME6ZUKT5
2025-04-01 02:58:34,288 - INFO - Ingress_Enter MVPC6IAQ
2025-04-01 02:58:34,309 - INFO - Ingress_Enter 8KXP75YB
2025-04-01 02:58:34,350 - INFO - Ingress_Enter OPXED8M4
2025-04-01 02:58:34,379 - INFO - Ingress_Exit 91L9H93Z
2025-04-01 02:58:34,472 - INFO - Ingress_Exit OT1MW0MN
2025-04-01 02:58:34,478 - INFO - Ingress_Exit KB3I7JMC
2025-04-01 02:58:34,479 - INFO - Ingress_Exit 0SSK84V3
2025-04-01 02:58:34,612 - INFO - Ingress_Exit AC3JYA5G
2025-04-01 02:58:34,824 - INFO - Ingress_Exit ME6ZUKT5
2025-04-01 02:58:34,844 - INFO - Ingress_Enter PVANV5L5
2025-04-01 02:58:34,862 - INFO - Ingress_Enter HS1BTRTZ
2025-04-01 02:58:35,002 - INFO - Ingress_Exit OPXED8M4
2025-04-01 02:58:35,042 - INFO - Ingress_Exit JQ01DK4P
2025-04-01 02:58:35,044 - INFO - Ingress_Exit 3E24UZ0K
2025-04-01 02:58:35,045 - INFO - Ingress_Exit 8KXP75YB
2025-04-01 02:58:35,237 - INFO - Ingress_Exit HS1BTRTZ
2025-04-01 02:58:35,247 - INFO - Ingress_Enter 2KMG2RC7
2025-04-01 02:58:35,345 - INFO - Ingress_Exit MVPC6IAQ
2025-04-01 02:58:35,378 - INFO - Ingress_Enter U9DIZP15
2025-04-01 02:58:35,439 - INFO - Ingress_Enter FSGX70BC
2025-04-01 02:58:35,447 - INFO - Ingress_Enter TUA4SW5D
2025-04-01 02:58:35,528 - INFO - Ingress_Enter 0PQSZIEN
2025-04-01 02:58:35,714 - INFO - Ingress_Exit PVANV5L5
2025-04-01 02:58:35,715 - INFO - Ingress_Exit 2KMG2RC7
2025-04-01 02:58:35,744 - INFO - Ingress_Enter Y9R6P6SS
2025-04-01 02:58:35,756 - INFO - Ingress_Enter 2JTLGL60
2025-04-01 02:58:35,762 - INFO - Ingress_Exit U9DIZP15
2025-04-01 02:58:36,027 - INFO - Ingress_Enter OB1V25KB
2025-04-01 02:58:36,048 - INFO - Ingress_Enter 4V0MDWKK
2025-04-01 02:58:36,079 - INFO - Ingress_Enter 36N4NZC9
2025-04-01 02:58:36,174 - INFO - Ingress_Exit 0PQSZIEN
2025-04-01 02:58:36,355 - INFO - Ingress_Exit Y9R6P6SS
2025-04-01 02:58:36,357 - INFO - Ingress_Exit 2JTLGL60
2025-04-01 02:58:36,372 - INFO - Ingress_Exit FSGX70BC
2025-04-01 02:58:36,373 - INFO - Ingress_Exit TUA4SW5D
2025-04-01 02:58:36,530 - INFO - Ingress_Enter 7NA1PCK3
2025-04-01 02:58:36,611 - INFO - Ingress_Enter D5KZ39U3
2025-04-01 02:58:36,783 - INFO - Ingress_Exit OB1V25KB
2025-04-01 02:58:36,783 - INFO - Ingress_Exit 4V0MDWKK
2025-04-01 02:58:36,823 - INFO - Ingress_Enter NEPTWWGZ
2025-04-01 02:58:36,850 - INFO - Ingress_Enter 0ZGMTT3E
2025-04-01 02:58:36,859 - INFO - Ingress_Enter RZN1Z2B7
2025-04-01 02:58:36,870 - INFO - Ingress_Enter Q2XK79J9
2025-04-01 02:58:36,900 - INFO - Ingress_Exit 36N4NZC9
2025-04-01 02:58:36,958 - INFO - Ingress_Enter FTIYHARP
2025-04-01 02:58:36,971 - INFO - Ingress_Enter V01R8H5B
2025-04-01 02:58:37,008 - INFO - Ingress_Exit 7NA1PCK3
2025-04-01 02:58:37,009 - INFO - Ingress_Exit D5KZ39U3
2025-04-01 02:58:37,010 - INFO - Ingress_Enter 48BNH2KL
2025-04-01 02:58:37,108 - INFO - Ingress_Enter ZLILTCKC
2025-04-01 02:58:37,295 - INFO - Ingress_Exit Q2XK79J9
2025-04-01 02:58:37,384 - INFO - Ingress_Enter 4EE3DLMY
2025-04-01 02:58:37,404 - INFO - Ingress_Enter TFG40E1M
2025-04-01 02:58:37,405 - INFO - Ingress_Exit NEPTWWGZ
2025-04-01 02:58:37,405 - INFO - Ingress_Exit 0ZGMTT3E
2025-04-01 02:58:37,406 - INFO - Ingress_Exit RZN1Z2B7
2025-04-01 02:58:37,411 - INFO - Ingress_Enter JWQI82OH
2025-04-01 02:58:37,457 - INFO - Ingress_Enter YSLV48PB
2025-04-01 02:58:37,465 - INFO - Ingress_Exit V01R8H5B
2025-04-01 02:58:37,467 - INFO - Ingress_Exit FTIYHARP
2025-04-01 02:58:37,488 - INFO - Ingress_Exit 48BNH2KL
2025-04-01 02:58:37,489 - INFO - Ingress_Enter GVER9BQ9
2025-04-01 02:58:37,647 - INFO - Ingress_Exit ZLILTCKC
2025-04-01 02:58:37,773 - INFO - Ingress_Exit GVER9BQ9
2025-04-01 02:58:37,780 - INFO - Ingress_Exit TFG40E1M
2025-04-01 02:58:37,825 - INFO - Ingress_Enter VGCOZYHI
2025-04-01 02:58:37,863 - INFO - Ingress_Exit YSLV48PB
2025-04-01 02:58:37,865 - INFO - Ingress_Enter 1G2504B4
2025-04-01 02:58:37,889 - INFO - Ingress_Exit 4EE3DLMY
2025-04-01 02:58:37,943 - INFO - Ingress_Enter WKB7WC91
2025-04-01 02:58:38,020 - INFO - Ingress_Exit JWQI82OH
2025-04-01 02:58:38,089 - INFO - Ingress_Enter INCI2YHT
2025-04-01 02:58:38,279 - INFO - Ingress_Enter BTBEPPI9
2025-04-01 02:58:38,323 - INFO - Ingress_Exit 1G2504B4
2025-04-01 02:58:38,333 - INFO - Ingress_Exit WKB7WC91
2025-04-01 02:58:38,369 - INFO - Ingress_Exit VGCOZYHI
2025-04-01 02:58:38,428 - INFO - Ingress_Enter S78TZ8V7
2025-04-01 02:58:38,494 - INFO - Ingress_Enter DD8813FN
2025-04-01 02:58:38,538 - INFO - Ingress_Enter X3YUD7OA
2025-04-01 02:58:38,638 - INFO - Ingress_Enter 224E6IZT
2025-04-01 02:58:38,776 - INFO - Ingress_Enter QDL65YYS
2025-04-01 02:58:38,785 - INFO - Ingress_Enter 54U6TBL2
2025-04-01 02:58:38,835 - INFO - Ingress_Enter DXE3HYQ4
2025-04-01 02:58:38,852 - INFO - Ingress_Exit INCI2YHT
2025-04-01 02:58:38,978 - INFO - Ingress_Exit X3YUD7OA
2025-04-01 02:58:38,980 - INFO - Ingress_Exit DD8813FN
2025-04-01 02:58:39,157 - INFO - Ingress_Exit DXE3HYQ4
2025-04-01 02:58:39,214 - INFO - Ingress_Enter 7NBBK4MX
2025-04-01 02:58:39,227 - INFO - Ingress_Enter P0XZGXQB
2025-04-01 02:58:39,292 - INFO - Ingress_Enter 4IXFPCE2
2025-04-01 02:58:39,293 - INFO - Ingress_Exit BTBEPPI9
2025-04-01 02:58:39,298 - INFO - Ingress_Exit S78TZ8V7
2025-04-01 02:58:39,328 - INFO - Ingress_Exit 224E6IZT
2025-04-01 02:58:39,337 - INFO - Ingress_Exit QDL65YYS
2025-04-01 02:58:39,400 - INFO - Ingress_Enter 4K6JO2VC
2025-04-01 02:58:39,489 - INFO - Ingress_Enter 50GAK3FW
2025-04-01 02:58:39,538 - INFO - Ingress_Enter 6P8H3P0M
2025-04-01 02:58:39,562 - INFO - Ingress_Enter 3ZR8HTPU
2025-04-01 02:58:39,568 - INFO - Ingress_Exit 54U6TBL2
2025-04-01 02:58:39,652 - INFO - Ingress_Enter Q0CQCVW8
2025-04-01 02:58:39,654 - INFO - Ingress_Exit P0XZGXQB
2025-04-01 02:58:39,763 - INFO - Ingress_Exit 6P8H3P0M
2025-04-01 02:58:39,784 - INFO - Ingress_Exit 4K6JO2VC
2025-04-01 02:58:39,823 - INFO - Ingress_Exit 4IXFPCE2
2025-04-01 02:58:39,830 - INFO - Ingress_Exit 7NBBK4MX
2025-04-01 02:58:39,942 - INFO - Ingress_Exit 3ZR8HTPU
2025-04-01 02:58:40,014 - INFO - Ingress_Enter 6XPNQBP1
2025-04-01 02:58:40,054 - INFO - Ingress_Enter 67PEHY73
2025-04-01 02:58:40,140 - INFO - Ingress_Enter FHAU71O4
2025-04-01 02:58:40,186 - INFO - Ingress_Exit 50GAK3FW
2025-04-01 02:58:40,306 - INFO - Ingress_Enter RF0F8Q48
2025-04-01 02:58:40,377 - INFO - Ingress_Exit Q0CQCVW8
2025-04-01 02:58:40,482 - INFO - Ingress_Enter Y5BB4PZQ
2025-04-01 02:58:40,512 - INFO - Ingress_Enter ENMGZZ3B
2025-04-01 02:58:40,533 - INFO - Ingress_Enter JT9UMOSI
2025-04-01 02:58:40,621 - INFO - Ingress_Enter 43AIA4LQ
2025-04-01 02:58:40,665 - INFO - Ingress_Exit 67PEHY73
2025-04-01 02:58:40,666 - INFO - Ingress_Exit 6XPNQBP1
2025-04-01 02:58:40,711 - INFO - Ingress_Exit Y5BB4PZQ
2025-04-01 02:58:40,832 - INFO - Ingress_Enter M7MHHEIV
2025-04-01 02:58:40,851 - INFO - Ingress_Enter T24KDEHF
2025-04-01 02:58:40,873 - INFO - Ingress_Exit FHAU71O4
2025-04-01 02:58:40,907 - INFO - Ingress_Exit RF0F8Q48
2025-04-01 02:58:40,979 - INFO - Ingress_Enter RSQR23MY
2025-04-01 02:58:41,158 - INFO - Ingress_Enter GOHDY6H8
2025-04-01 02:58:41,477 - INFO - Ingress_Enter 5DB679JG
2025-04-01 02:58:41,497 - INFO - Ingress_Exit M7MHHEIV
2025-04-01 02:58:41,526 - INFO - Ingress_Enter 7A9U3Z0F
2025-04-01 02:58:41,528 - INFO - Ingress_Exit JT9UMOSI
2025-04-01 02:58:41,568 - INFO - Ingress_Exit 43AIA4LQ
2025-04-01 02:58:41,570 - INFO - Ingress_Exit RSQR23MY
2025-04-01 02:58:41,684 - INFO - Ingress_Enter HXT6H9LT
2025-04-01 02:58:41,687 - INFO - Ingress_Enter 1RIP7G9R
2025-04-01 02:58:41,696 - INFO - Ingress_Exit ENMGZZ3B
2025-04-01 02:58:41,699 - INFO - Ingress_Exit T24KDEHF
2025-04-01 02:58:41,703 - INFO - Ingress_Enter OQBGT9N1
2025-04-01 02:58:41,714 - INFO - Ingress_Enter S2H1REQA
2025-04-01 02:58:41,733 - INFO - Ingress_Enter 2R1E0KM8
2025-04-01 02:58:41,805 - INFO - Ingress_Enter 5JYGUVW5
2025-04-01 02:58:41,859 - INFO - Ingress_Exit GOHDY6H8
2025-04-01 02:58:41,981 - INFO - Ingress_Enter WZ9SGGC8
2025-04-01 02:58:42,057 - INFO - Ingress_Exit 7A9U3Z0F
2025-04-01 02:58:42,074 - INFO - Ingress_Exit 2R1E0KM8
2025-04-01 02:58:42,246 - INFO - Ingress_Exit HXT6H9LT
2025-04-01 02:58:42,248 - INFO - Ingress_Exit 1RIP7G9R
2025-04-01 02:58:42,277 - INFO - Ingress_Enter STH0G0XS
2025-04-01 02:58:42,290 - INFO - Ingress_Exit S2H1REQA
2025-04-01 02:58:42,408 - INFO - Ingress_Exit 5DB679JG
2025-04-01 02:58:42,496 - INFO - Ingress_Enter HNQ1FBQ0
2025-04-01 02:58:42,506 - INFO - Ingress_Enter UOMXH4DI
2025-04-01 02:58:42,571 - INFO - Ingress_Exit 5JYGUVW5
2025-04-01 02:58:42,655 - INFO - Ingress_Enter ALZ5WM7C
2025-04-01 02:58:42,664 - INFO - Ingress_Enter YSRQU7FZ
2025-04-01 02:58:42,704 - INFO - Ingress_Enter JZLGX9P5
2025-04-01 02:58:42,826 - INFO - Ingress_Exit STH0G0XS
2025-04-01 02:58:42,884 - INFO - Ingress_Exit OQBGT9N1
2025-04-01 02:58:42,886 - INFO - Ingress_Exit WZ9SGGC8
2025-04-01 02:58:42,896 - INFO - Ingress_Enter 2VJB8X5T
2025-04-01 02:58:42,938 - INFO - Ingress_Exit YSRQU7FZ
2025-04-01 02:58:43,028 - INFO - Ingress_Exit UOMXH4DI
2025-04-01 02:58:43,097 - INFO - Ingress_Exit HNQ1FBQ0
2025-04-01 02:58:43,160 - INFO - Ingress_Exit ALZ5WM7C
2025-04-01 02:58:43,191 - INFO - Ingress_Exit JZLGX9P5
2025-04-01 02:58:43,303 - INFO - Ingress_Enter 0V5MW2I3
2025-04-01 02:58:43,336 - INFO - Ingress_Enter MMSGRLGG
2025-04-01 02:58:43,375 - INFO - Ingress_Enter I2INL2FI
2025-04-01 02:58:43,435 - INFO - Ingress_Exit 2VJB8X5T
2025-04-01 02:58:43,440 - INFO - Ingress_Enter BZDYMBIU
2025-04-01 02:58:43,473 - INFO - Ingress_Enter 94MOFY6C
2025-04-01 02:58:43,493 - INFO - Ingress_Enter P7LF8310
2025-04-01 02:58:43,583 - INFO - Ingress_Enter WXBQ1PLY
2025-04-01 02:58:43,792 - INFO - Ingress_Exit I2INL2FI
2025-04-01 02:58:43,949 - INFO - Ingress_Exit P7LF8310
2025-04-01 02:58:43,966 - INFO - Ingress_Exit MMSGRLGG
2025-04-01 02:58:44,130 - INFO - Ingress_Enter ERUWWLQ3
2025-04-01 02:58:44,141 - INFO - Ingress_Enter ZRC3R3IN
2025-04-01 02:58:44,171 - INFO - Ingress_Enter AIFXDPW2
2025-04-01 02:58:44,172 - INFO - Ingress_Enter VMZQC4U3
2025-04-01 02:58:44,182 - INFO - Ingress_Exit 0V5MW2I3
2025-04-01 02:58:44,184 - INFO - Ingress_Exit BZDYMBIU
2025-04-01 02:58:44,210 - INFO - Ingress_Enter QMIFTY05
2025-04-01 02:58:44,265 - INFO - Ingress_Exit 94MOFY6C
2025-04-01 02:58:44,383 - INFO - Ingress_Enter 0QLTS2UB
2025-04-01 02:58:44,401 - INFO - Ingress_Exit WXBQ1PLY
2025-04-01 02:58:44,483 - INFO - Ingress_Enter RQ3J20XZ
2025-04-01 02:58:44,489 - INFO - Ingress_Exit ZRC3R3IN
2025-04-01 02:58:44,512 - INFO - Ingress_Enter XXFFTD97
2025-04-01 02:58:44,608 - INFO - Ingress_Exit QMIFTY05
2025-04-01 02:58:44,717 - INFO - Ingress_Enter 1FD103ML
2025-04-01 02:58:44,727 - INFO - Ingress_Enter NP2T4KMO
2025-04-01 02:58:44,737 - INFO - Ingress_Enter NF91JHAS
2025-04-01 02:58:44,839 - INFO - Ingress_Enter 4BVNJ3WU
2025-04-01 02:58:44,865 - INFO - Ingress_Exit VMZQC4U3
2025-04-01 02:58:44,907 - INFO - Ingress_Exit ERUWWLQ3
2025-04-01 02:58:45,051 - INFO - Ingress_Exit 0QLTS2UB
2025-04-01 02:58:45,072 - INFO - Ingress_Exit RQ3J20XZ
2025-04-01 02:58:45,126 - INFO - Ingress_Exit AIFXDPW2
2025-04-01 02:58:45,196 - INFO - Ingress_Exit XXFFTD97
2025-04-01 02:58:45,249 - INFO - Ingress_Exit NP2T4KMO
2025-04-01 02:58:45,258 - INFO - Ingress_Exit NF91JHAS
2025-04-01 02:58:45,387 - INFO - Ingress_Exit 1FD103ML
2025-04-01 02:58:45,406 - INFO - Ingress_Exit 4BVNJ3WU
2025-04-01 02:58:46,558 - INFO - Ingress_Enter 3VUCN6AQ
2025-04-01 02:58:46,748 - INFO - Ingress_Enter MYM4J5LK
2025-04-01 02:58:46,837 - INFO - Ingress_Enter S3L5K15R
2025-04-01 02:58:47,034 - INFO - Ingress_Enter KZ9LPM7J
2025-04-01 02:58:47,044 - INFO - Ingress_Enter 3IYWVVPJ
2025-04-01 02:58:47,102 - INFO - Ingress_Enter KJE8LTWQ
2025-04-01 02:58:47,119 - INFO - Ingress_Exit MYM4J5LK
2025-04-01 02:58:47,168 - INFO - Ingress_Exit 3VUCN6AQ
2025-04-01 02:58:47,280 - INFO - Ingress_Enter BH5QWQ05
2025-04-01 02:58:47,407 - INFO - Ingress_Enter W4VGZI8P
2025-04-01 02:58:47,411 - INFO - Ingress_Enter HCLQ8OYR
2025-04-01 02:58:47,412 - INFO - Ingress_Enter 2UAVWLZI
2025-04-01 02:58:47,413 - INFO - Ingress_Enter NAQKU0H2
2025-04-01 02:58:47,413 - INFO - Ingress_Enter XQWWFMBD
2025-04-01 02:58:47,414 - INFO - Ingress_Enter PT65PEY4
2025-04-01 02:58:47,529 - INFO - Ingress_Exit 3IYWVVPJ
2025-04-01 02:58:47,671 - INFO - Ingress_Exit KZ9LPM7J
2025-04-01 02:58:47,672 - INFO - Ingress_Exit S3L5K15R
2025-04-01 02:58:47,789 - INFO - Ingress_Exit KJE8LTWQ
2025-04-01 02:58:47,941 - INFO - Ingress_Exit BH5QWQ05
2025-04-01 02:58:47,957 - INFO - Ingress_Exit XQWWFMBD
2025-04-01 02:58:47,998 - INFO - Ingress_Exit HCLQ8OYR
2025-04-01 02:58:48,062 - INFO - Ingress_Exit 2UAVWLZI
2025-04-01 02:58:48,128 - INFO - Ingress_Exit W4VGZI8P
2025-04-01 02:58:48,129 - INFO - Ingress_Exit PT65PEY4
2025-04-01 02:58:48,131 - INFO - Ingress_Exit NAQKU0H2
2025-04-01 02:58:56,256 - INFO - Ingress_Enter HR1Q85QA
2025-04-01 02:58:56,365 - INFO - Ingress_Enter C3Z9BXBY
2025-04-01 02:58:56,395 - INFO - Ingress_Enter JG81VPUD
2025-04-01 02:58:56,445 - INFO - Ingress_Enter 9QP9G4WI
2025-04-01 02:58:56,454 - INFO - Ingress_Enter CTZ9RGDR
2025-04-01 02:58:56,494 - INFO - Ingress_Enter N8MXPKAN
2025-04-01 02:58:56,523 - INFO - Ingress_Enter 7Z2V78LK
2025-04-01 02:58:56,704 - INFO - Ingress_Enter BA6OTNLF
2025-04-01 02:58:56,790 - INFO - Ingress_Exit JG81VPUD
2025-04-01 02:58:56,792 - INFO - Ingress_Exit C3Z9BXBY
2025-04-01 02:58:56,835 - INFO - Ingress_Enter K7Q7CELW
2025-04-01 02:58:56,853 - INFO - Ingress_Enter W8OXWIUM
2025-04-01 02:58:56,860 - INFO - Ingress_Exit HR1Q85QA
2025-04-01 02:58:56,873 - INFO - Ingress_Exit CTZ9RGDR
2025-04-01 02:58:56,915 - INFO - Ingress_Exit 7Z2V78LK
2025-04-01 02:58:56,969 - INFO - Ingress_Enter 1FBWBCC7
2025-04-01 02:58:56,986 - INFO - Ingress_Exit N8MXPKAN
2025-04-01 02:58:57,046 - INFO - Ingress_Exit BA6OTNLF
2025-04-01 02:58:57,058 - INFO - Ingress_Exit 9QP9G4WI
2025-04-01 02:58:57,288 - INFO - Ingress_Exit K7Q7CELW
2025-04-01 02:58:57,316 - INFO - Ingress_Exit W8OXWIUM
2025-04-01 02:58:57,555 - INFO - Ingress_Exit 1FBWBCC7
2025-04-01 02:58:57,681 - INFO - Ingress_Enter 1F4GYMR7
2025-04-01 02:58:57,759 - INFO - Ingress_Enter 3FLE12ZZ
2025-04-01 02:58:57,848 - INFO - Ingress_Enter QTJ714AQ
2025-04-01 02:58:58,022 - INFO - Ingress_Enter 1E1RD2NZ
2025-04-01 02:58:58,037 - INFO - Ingress_Enter 1H270VLD
2025-04-01 02:58:58,045 - INFO - Ingress_Exit 1F4GYMR7
2025-04-01 02:58:58,120 - INFO - Ingress_Exit QTJ714AQ
2025-04-01 02:58:58,199 - INFO - Ingress_Enter PV7GYXLQ
2025-04-01 02:58:58,238 - INFO - Ingress_Enter 0HC30JO5
2025-04-01 02:58:58,390 - INFO - Ingress_Exit 3FLE12ZZ
2025-04-01 02:58:58,424 - INFO - Ingress_Enter Q6IRQ9TR
2025-04-01 02:58:58,469 - INFO - Ingress_Exit 1H270VLD
2025-04-01 02:58:58,498 - INFO - Ingress_Exit 1E1RD2NZ
2025-04-01 02:58:58,534 - INFO - Ingress_Enter NDFSYDI5
2025-04-01 02:58:58,551 - INFO - Ingress_Exit 0HC30JO5
2025-04-01 02:58:58,593 - INFO - Ingress_Enter GEGP7CY5
2025-04-01 02:58:58,704 - INFO - Ingress_Enter S9HWMW79
2025-04-01 02:58:58,770 - INFO - Ingress_Exit PV7GYXLQ
2025-04-01 02:58:58,836 - INFO - Ingress_Enter TB6UY923
2025-04-01 02:58:58,966 - INFO - Ingress_Enter GUO4L1IE
2025-04-01 02:58:58,997 - INFO - Ingress_Exit Q6IRQ9TR
2025-04-01 02:58:59,011 - INFO - Ingress_Enter GUFEL4T5
2025-04-01 02:58:59,126 - INFO - Ingress_Enter 8REYQFR2
2025-04-01 02:58:59,129 - INFO - Ingress_Enter VFGZVUFN
2025-04-01 02:58:59,145 - INFO - Ingress_Exit GEGP7CY5
2025-04-01 02:58:59,225 - INFO - Ingress_Exit S9HWMW79
2025-04-01 02:58:59,228 - INFO - Ingress_Exit NDFSYDI5
2025-04-01 02:58:59,230 - INFO - Ingress_Enter 6RV82ZP2
2025-04-01 02:58:59,364 - INFO - Ingress_Enter XEXWM36R
2025-04-01 02:58:59,402 - INFO - Ingress_Exit TB6UY923
2025-04-01 02:58:59,451 - INFO - Ingress_Exit GUO4L1IE
2025-04-01 02:58:59,474 - INFO - Ingress_Enter Y1IXMH99
2025-04-01 02:58:59,476 - INFO - Ingress_Enter 9WACO7MH
2025-04-01 02:58:59,513 - INFO - Ingress_Exit GUFEL4T5
2025-04-01 02:58:59,701 - INFO - Ingress_Exit 6RV82ZP2
2025-04-01 02:58:59,733 - INFO - Ingress_Exit VFGZVUFN
2025-04-01 02:58:59,830 - INFO - Ingress_Exit 8REYQFR2
2025-04-01 02:58:59,855 - INFO - Ingress_Enter 20QWU58H
2025-04-01 02:58:59,885 - INFO - Ingress_Enter UQI7V01V
2025-04-01 02:58:59,904 - INFO - Ingress_Enter HWUHHEXJ
2025-04-01 02:58:59,923 - INFO - Ingress_Exit XEXWM36R
2025-04-01 02:58:59,965 - INFO - Ingress_Enter WF08SDNA
2025-04-01 02:58:59,975 - INFO - Ingress_Enter ARKO8V87
2025-04-01 02:58:59,991 - INFO - Ingress_Exit Y1IXMH99
2025-04-01 02:59:00,027 - INFO - Ingress_Enter DU8CO4MC
2025-04-01 02:59:00,208 - INFO - Ingress_Exit 9WACO7MH
2025-04-01 02:59:00,454 - INFO - Ingress_Enter B5VIMU90
2025-04-01 02:59:00,467 - INFO - Ingress_Enter Q2E0W4JK
2025-04-01 02:59:00,526 - INFO - Ingress_Exit HWUHHEXJ
2025-04-01 02:59:00,564 - INFO - Ingress_Exit 20QWU58H
2025-04-01 02:59:00,566 - INFO - Ingress_Exit UQI7V01V
2025-04-01 02:59:00,634 - INFO - Ingress_Exit WF08SDNA
2025-04-01 02:59:00,725 - INFO - Ingress_Enter GFF3EES6
2025-04-01 02:59:00,731 - INFO - Ingress_Exit DU8CO4MC
2025-04-01 02:59:00,840 - INFO - Ingress_Enter 3MWMKMPP
2025-04-01 02:59:00,847 - INFO - Ingress_Exit ARKO8V87
2025-04-01 02:59:00,925 - INFO - Ingress_Enter 01WV3ZY2
2025-04-01 02:59:01,020 - INFO - Ingress_Enter X65MI5T6
2025-04-01 02:59:01,097 - INFO - Ingress_Exit Q2E0W4JK
2025-04-01 02:59:01,098 - INFO - Ingress_Enter BBFQ09ME
2025-04-01 02:59:01,156 - INFO - Ingress_Exit B5VIMU90
2025-04-01 02:59:01,254 - INFO - Ingress_Exit 3MWMKMPP
2025-04-01 02:59:01,255 - INFO - Ingress_Exit GFF3EES6
2025-04-01 02:59:01,293 - INFO - Ingress_Enter BLRAQJ70
2025-04-01 02:59:01,354 - INFO - Ingress_Enter RK7UZEO3
2025-04-01 02:59:01,373 - INFO - Ingress_Enter J4N9BKGE
2025-04-01 02:59:01,433 - INFO - Ingress_Enter XSFGY2KS
2025-04-01 02:59:01,444 - INFO - Ingress_Exit 01WV3ZY2
2025-04-01 02:59:01,507 - INFO - Ingress_Exit X65MI5T6
2025-04-01 02:59:01,593 - INFO - Ingress_Exit J4N9BKGE
2025-04-01 02:59:01,642 - INFO - Ingress_Exit BBFQ09ME
2025-04-01 02:59:01,691 - INFO - Ingress_Enter I3J9UAWD
2025-04-01 02:59:01,701 - INFO - Ingress_Enter DAQFOV47
2025-04-01 02:59:01,705 - INFO - Ingress_Exit BLRAQJ70
2025-04-01 02:59:01,768 - INFO - Ingress_Exit XSFGY2KS
2025-04-01 02:59:01,771 - INFO - Ingress_Enter J0ZGG4JJ
2025-04-01 02:59:01,791 - INFO - Ingress_Enter X4S24114
2025-04-01 02:59:01,812 - INFO - Ingress_Enter Q4YBV5A8
2025-04-01 02:59:01,929 - INFO - Ingress_Enter XQM91L2A
2025-04-01 02:59:01,938 - INFO - Ingress_Exit RK7UZEO3
2025-04-01 02:59:02,064 - INFO - Ingress_Exit I3J9UAWD
2025-04-01 02:59:02,139 - INFO - Ingress_Enter 6RLKEN9R
2025-04-01 02:59:02,226 - INFO - Ingress_Enter 4FQDJNG8
2025-04-01 02:59:02,287 - INFO - Ingress_Enter MFGQNK35
2025-04-01 02:59:02,320 - INFO - Ingress_Exit J0ZGG4JJ
2025-04-01 02:59:02,322 - INFO - Ingress_Exit X4S24114
2025-04-01 02:59:02,369 - INFO - Ingress_Exit DAQFOV47
2025-04-01 02:59:02,370 - INFO - Ingress_Exit Q4YBV5A8
2025-04-01 02:59:02,583 - INFO - Ingress_Enter ZZXPBUXS
2025-04-01 02:59:02,616 - INFO - Ingress_Exit XQM91L2A
2025-04-01 02:59:02,733 - INFO - Ingress_Enter ESSOXVAN
2025-04-01 02:59:02,742 - INFO - Ingress_Exit 4FQDJNG8
2025-04-01 02:59:02,809 - INFO - Ingress_Exit 6RLKEN9R
2025-04-01 02:59:02,822 - INFO - Ingress_Enter JTLD63BQ
2025-04-01 02:59:02,832 - INFO - Ingress_Enter 644854SJ
2025-04-01 02:59:02,840 - INFO - Ingress_Exit MFGQNK35
2025-04-01 02:59:02,890 - INFO - Ingress_Enter 45B6CL2A
2025-04-01 02:59:03,138 - INFO - Ingress_Enter F50LCU5A
2025-04-01 02:59:03,150 - INFO - Ingress_Exit 644854SJ
2025-04-01 02:59:03,191 - INFO - Ingress_Exit ESSOXVAN
2025-04-01 02:59:03,252 - INFO - Ingress_Exit JTLD63BQ
2025-04-01 02:59:03,261 - INFO - Ingress_Exit ZZXPBUXS
2025-04-01 02:59:03,345 - INFO - Ingress_Exit 45B6CL2A
2025-04-01 02:59:03,443 - INFO - Ingress_Enter W58VWW0A
2025-04-01 02:59:03,524 - INFO - Ingress_Exit F50LCU5A
2025-04-01 02:59:03,633 - INFO - Ingress_Enter F5WIJDV6
2025-04-01 02:59:03,784 - INFO - Ingress_Enter 79COOLDL
2025-04-01 02:59:03,830 - INFO - Ingress_Enter 3LOCJN6Q
2025-04-01 02:59:03,950 - INFO - Ingress_Enter TEAZNNVL
2025-04-01 02:59:04,149 - INFO - Ingress_Enter JJKA1U1Y
2025-04-01 02:59:04,221 - INFO - Ingress_Exit W58VWW0A
2025-04-01 02:59:04,344 - INFO - Ingress_Exit F5WIJDV6
2025-04-01 02:59:04,431 - INFO - Ingress_Exit 3LOCJN6Q
2025-04-01 02:59:04,502 - INFO - Ingress_Enter N7M8KNYE
2025-04-01 02:59:04,579 - INFO - Ingress_Enter WX42AXDC
2025-04-01 02:59:04,602 - INFO - Ingress_Enter SY9FTLQV
2025-04-01 02:59:04,677 - INFO - Ingress_Exit 79COOLDL
2025-04-01 02:59:04,678 - INFO - Ingress_Exit TEAZNNVL
2025-04-01 02:59:04,799 - INFO - Ingress_Enter RMU7PUJC
2025-04-01 02:59:04,876 - INFO - Ingress_Exit JJKA1U1Y
2025-04-01 02:59:04,949 - INFO - Ingress_Enter DZ3S62JK
2025-04-01 02:59:04,963 - INFO - Ingress_Enter UBRO50W6
2025-04-01 02:59:05,009 - INFO - Ingress_Enter RWL56OIV
2025-04-01 02:59:05,128 - INFO - Ingress_Enter 97R6MZIL
2025-04-01 02:59:05,130 - INFO - Ingress_Exit WX42AXDC
2025-04-01 02:59:05,256 - INFO - Ingress_Exit N7M8KNYE
2025-04-01 02:59:05,286 - INFO - Ingress_Enter U5BIPCH1
2025-04-01 02:59:05,292 - INFO - Ingress_Exit SY9FTLQV
2025-04-01 02:59:05,300 - INFO - Ingress_Exit RMU7PUJC
2025-04-01 02:59:05,340 - INFO - Ingress_Enter 1APXP5WU
2025-04-01 02:59:05,460 - INFO - Ingress_Enter XWPUJWP5
2025-04-01 02:59:05,509 - INFO - Ingress_Enter HUOKG2N2
2025-04-01 02:59:05,611 - INFO - Ingress_Exit RWL56OIV
2025-04-01 02:59:05,621 - INFO - Ingress_Enter BHN4NO86
2025-04-01 02:59:05,756 - INFO - Ingress_Exit DZ3S62JK
2025-04-01 02:59:05,757 - INFO - Ingress_Exit UBRO50W6
2025-04-01 02:59:05,848 - INFO - Ingress_Exit U5BIPCH1
2025-04-01 02:59:05,897 - INFO - Ingress_Exit XWPUJWP5
2025-04-01 02:59:05,935 - INFO - Ingress_Exit BHN4NO86
2025-04-01 02:59:05,965 - INFO - Ingress_Enter 58OOCR0F
2025-04-01 02:59:05,983 - INFO - Ingress_Exit 97R6MZIL
2025-04-01 02:59:06,012 - INFO - Ingress_Exit HUOKG2N2
2025-04-01 02:59:06,066 - INFO - Ingress_Enter VTF84JQ1
2025-04-01 02:59:06,109 - INFO - Ingress_Exit 1APXP5WU
2025-04-01 02:59:06,194 - INFO - Ingress_Enter 04BQHQ4B
2025-04-01 02:59:06,196 - INFO - Ingress_Enter 56GNVDZU
2025-04-01 02:59:06,291 - INFO - Ingress_Exit 58OOCR0F
2025-04-01 02:59:06,327 - INFO - Ingress_Enter PT2MQWZF
2025-04-01 02:59:06,343 - INFO - Ingress_Enter 7JMUIIJF
2025-04-01 02:59:06,474 - INFO - Ingress_Exit VTF84JQ1
2025-04-01 02:59:06,528 - INFO - Ingress_Exit 04BQHQ4B
2025-04-01 02:59:06,553 - INFO - Ingress_Enter ZXEA686H
2025-04-01 02:59:06,601 - INFO - Ingress_Enter NUJGOWJW
2025-04-01 02:59:06,657 - INFO - Ingress_Exit 56GNVDZU
2025-04-01 02:59:06,870 - INFO - Ingress_Enter YFHOYGQO
2025-04-01 02:59:06,879 - INFO - Ingress_Exit 7JMUIIJF
2025-04-01 02:59:06,898 - INFO - Ingress_Exit PT2MQWZF
2025-04-01 02:59:06,966 - INFO - Ingress_Enter B6WOU615
2025-04-01 02:59:07,075 - INFO - Ingress_Enter EVAWJ4VC
2025-04-01 02:59:07,155 - INFO - Ingress_Enter MXYOU5HT
2025-04-01 02:59:07,203 - INFO - Ingress_Exit ZXEA686H
2025-04-01 02:59:07,233 - INFO - Ingress_Enter IWQ87TM0
2025-04-01 02:59:07,255 - INFO - Ingress_Exit NUJGOWJW
2025-04-01 02:59:07,362 - INFO - Ingress_Enter D80PT1B1
2025-04-01 02:59:07,389 - INFO - Ingress_Exit YFHOYGQO
2025-04-01 02:59:07,439 - INFO - Ingress_Enter 1Y07PN82
2025-04-01 02:59:07,539 - INFO - Ingress_Enter 6TLHETGT
2025-04-01 02:59:07,568 - INFO - Ingress_Enter AOE5XUAW
2025-04-01 02:59:07,696 - INFO - Ingress_Exit B6WOU615
2025-04-01 02:59:07,725 - INFO - Ingress_Enter XZ8MB3XI
2025-04-01 02:59:07,810 - INFO - Ingress_Exit MXYOU5HT
2025-04-01 02:59:07,986 - INFO - Ingress_Exit D80PT1B1
2025-04-01 02:59:08,003 - INFO - Ingress_Exit EVAWJ4VC
2025-04-01 02:59:08,004 - INFO - Ingress_Exit IWQ87TM0
2025-04-01 02:59:08,024 - INFO - Ingress_Enter VENU5XOE
2025-04-01 02:59:08,113 - INFO - Ingress_Enter FPT4BGKN
2025-04-01 02:59:08,143 - INFO - Ingress_Exit 1Y07PN82
2025-04-01 02:59:08,148 - INFO - Ingress_Exit 6TLHETGT
2025-04-01 02:59:08,181 - INFO - Ingress_Enter D5ICIZOC
2025-04-01 02:59:08,288 - INFO - Ingress_Exit AOE5XUAW
2025-04-01 02:59:08,399 - INFO - Ingress_Enter K9RR5F85
2025-04-01 02:59:08,424 - INFO - Ingress_Exit XZ8MB3XI
2025-04-01 02:59:08,456 - INFO - Ingress_Enter 8B9OEH56
2025-04-01 02:59:08,483 - INFO - Ingress_Enter U38AGRFU
2025-04-01 02:59:08,512 - INFO - Ingress_Enter VRTPZJ22
2025-04-01 02:59:08,514 - INFO - Ingress_Enter FQVMA871
2025-04-01 02:59:08,560 - INFO - Ingress_Exit D5ICIZOC
2025-04-01 02:59:08,806 - INFO - Ingress_Exit FPT4BGKN
2025-04-01 02:59:08,905 - INFO - Ingress_Exit VENU5XOE
2025-04-01 02:59:09,027 - INFO - Ingress_Exit 8B9OEH56
2025-04-01 02:59:09,172 - INFO - Ingress_Exit FQVMA871
2025-04-01 02:59:09,238 - INFO - Ingress_Exit VRTPZJ22
2025-04-01 02:59:09,446 - INFO - Ingress_Exit K9RR5F85
2025-04-01 02:59:09,448 - INFO - Ingress_Exit U38AGRFU
