2025-04-12 18:39:31,679 - INFO - Monolith_Enter ZOU0I1A6
2025-04-12 18:39:31,939 - INFO - Monolith_Exit ZOU0I1A6
2025-04-12 18:39:31,940 - INFO - Monolith_Enter HBNJLY78
Monolith_Enter ZLK5RBTG
2025-04-12 18:39:32,445 - INFO - Monolith_Exit HBNJLY78
Monolith_Exit ZLK5RBTG
2025-04-12 18:39:32,869 - INFO - Monolith_Enter XECAAKSZ
2025-04-12 18:39:33,208 - INFO - Monolith_Exit XECAAKSZ
2025-04-12 18:39:34,157 - INFO - Monolith_Enter EMM2M98Q
2025-04-12 18:39:34,464 - INFO - Monolith_Exit EMM2M98Q
2025-04-12 18:39:34,684 - INFO - Monolith_Enter LGIEX0RL
2025-04-12 18:39:35,045 - INFO - Monolith_Exit LGIEX0RL
2025-04-12 18:39:35,046 - INFO - Monolith_Enter SXOAGMXK
Monolith_Enter 3YWI3CG0
2025-04-12 18:39:35,670 - INFO - Monolith_Exit SXOAGMXK
Monolith_Exit 3YWI3CG0
2025-04-12 18:39:35,672 - INFO - Monolith_Enter R1D92SW6
Monolith_Enter F7HQSQNM
Monolith_Enter LV4LZVEN
2025-04-12 18:39:36,368 - INFO - Monolith_Exit R1D92SW6
Monolith_Exit F7HQSQNM
Monolith_Exit LV4LZVEN
2025-04-12 18:39:36,369 - INFO - Monolith_Enter 59XSMJKX
2025-04-12 18:39:36,627 - INFO - Monolith_Exit 59XSMJKX
2025-04-12 18:39:36,628 - INFO - Monolith_Enter PA6M5558
Monolith_Enter 249OWO42
Monolith_Enter HVAJDK0B
2025-04-12 18:39:37,321 - INFO - Monolith_Exit PA6M5558
Monolith_Exit 249OWO42
Monolith_Exit HVAJDK0B
2025-04-12 18:39:37,322 - INFO - Monolith_Enter R7RNLXA0
Monolith_Enter 840H7N61
Monolith_Enter PJP0E7YV
2025-04-12 18:39:38,753 - INFO - Monolith_Exit R7RNLXA0
Monolith_Exit 840H7N61
Monolith_Exit PJP0E7YV
2025-04-12 18:39:38,754 - INFO - Monolith_Enter HRREOENO
Monolith_Enter Q825LUN1
Monolith_Enter TW18IEKT
2025-04-12 18:39:39,592 - INFO - Monolith_Exit HRREOENO
Monolith_Exit Q825LUN1
Monolith_Exit TW18IEKT
2025-04-12 18:39:39,593 - INFO - Monolith_Enter G9YIDW69
Monolith_Enter UGEV2Z39
2025-04-12 18:39:40,343 - INFO - Monolith_Exit G9YIDW69
Monolith_Exit UGEV2Z39
2025-04-12 18:39:40,344 - INFO - Monolith_Enter 0LSWC6ZF
2025-04-12 18:39:40,651 - INFO - Monolith_Exit 0LSWC6ZF
2025-04-12 18:39:40,653 - INFO - Monolith_Enter EDL91BZV
Monolith_Enter 3QEUWKRB
Monolith_Enter 9MBPBBLQ
2025-04-12 18:39:41,373 - INFO - Monolith_Exit EDL91BZV
Monolith_Exit 3QEUWKRB
Monolith_Exit 9MBPBBLQ
2025-04-12 18:39:41,374 - INFO - Monolith_Enter XQ0VAS5X
Monolith_Enter HGF1IEMG
Monolith_Enter D55L3QHX
Monolith_Enter AVSIRVPF
2025-04-12 18:39:42,465 - INFO - Monolith_Exit XQ0VAS5X
Monolith_Exit HGF1IEMG
Monolith_Exit D55L3QHX
Monolith_Exit AVSIRVPF
2025-04-12 18:39:42,466 - INFO - Monolith_Enter X1SHS0PZ
Monolith_Enter 1KY3HUZT
Monolith_Enter GP4I52ID
Monolith_Enter ZU7CGP34
2025-04-12 18:39:43,717 - INFO - Monolith_Exit X1SHS0PZ
Monolith_Exit 1KY3HUZT
Monolith_Exit GP4I52ID
Monolith_Exit ZU7CGP34
2025-04-12 18:39:43,718 - INFO - Monolith_Enter BF0EQ4V4
Monolith_Enter 29I2HCJO
Monolith_Enter MSZOZJJ0
Monolith_Enter KP8S57K6
2025-04-12 18:39:45,162 - INFO - Monolith_Exit BF0EQ4V4
Monolith_Exit 29I2HCJO
Monolith_Exit MSZOZJJ0
Monolith_Exit KP8S57K6
2025-04-12 18:39:45,164 - INFO - Monolith_Enter PK5BZX1B
Monolith_Enter MREE6REY
Monolith_Enter 7AP0SD66
Monolith_Enter 0PDN424X
2025-04-12 18:39:46,510 - INFO - Monolith_Exit PK5BZX1B
Monolith_Exit MREE6REY
Monolith_Exit 7AP0SD66
Monolith_Exit 0PDN424X
2025-04-12 18:39:46,512 - INFO - Monolith_Enter PU0PK6U5
Monolith_Enter WCJ9GCZI
Monolith_Enter I6HMCMF7
2025-04-12 18:39:47,682 - INFO - Monolith_Exit PU0PK6U5
Monolith_Exit WCJ9GCZI
Monolith_Exit I6HMCMF7
2025-04-12 18:39:47,683 - INFO - Monolith_Enter O0NXRH8D
Monolith_Enter ZRZVO9NV
Monolith_Enter 8KE0KMTW
Monolith_Enter O2JLPLA4
2025-04-12 18:39:48,952 - INFO - Monolith_Exit O0NXRH8D
Monolith_Exit ZRZVO9NV
Monolith_Exit 8KE0KMTW
Monolith_Exit O2JLPLA4
2025-04-12 18:39:48,953 - INFO - Monolith_Enter FUHEPLLK
Monolith_Enter U8BPCBM6
Monolith_Enter 5Z2FYIKC
Monolith_Enter FHRR0N16
2025-04-12 18:39:50,093 - INFO - Monolith_Exit FUHEPLLK
Monolith_Exit U8BPCBM6
Monolith_Exit 5Z2FYIKC
Monolith_Exit FHRR0N16
2025-04-12 18:39:50,095 - INFO - Monolith_Enter 5P9KYVO4
Monolith_Enter 5WTFHO8C
Monolith_Enter 1EKEYFMP
Monolith_Enter RR30BYVI
2025-04-12 18:39:51,162 - INFO - Monolith_Exit 5P9KYVO4
Monolith_Exit 5WTFHO8C
Monolith_Exit 1EKEYFMP
Monolith_Exit RR30BYVI
2025-04-12 18:39:51,164 - INFO - Monolith_Enter 9X1OUX13
Monolith_Enter BB545HAH
Monolith_Enter FBDZ13ND
Monolith_Enter L2VTQBGZ
2025-04-12 18:39:51,957 - INFO - Monolith_Exit 9X1OUX13
Monolith_Exit BB545HAH
Monolith_Exit FBDZ13ND
Monolith_Exit L2VTQBGZ
2025-04-12 18:39:51,958 - INFO - Monolith_Enter O35IA1VO
Monolith_Enter UKO79YPR
Monolith_Enter TXXBM92J
Monolith_Enter DN6UJABT
2025-04-12 18:39:52,840 - INFO - Monolith_Exit O35IA1VO
Monolith_Exit UKO79YPR
Monolith_Exit TXXBM92J
Monolith_Exit DN6UJABT
2025-04-12 18:39:52,842 - INFO - Monolith_Enter NK7BG90P
Monolith_Enter CLTIA5AI
Monolith_Enter 4WDV6HEO
Monolith_Enter 1A4CQREC
2025-04-12 18:39:53,686 - INFO - Monolith_Exit NK7BG90P
Monolith_Exit CLTIA5AI
Monolith_Exit 4WDV6HEO
Monolith_Exit 1A4CQREC
2025-04-12 18:39:53,688 - INFO - Monolith_Enter GHK3GZEY
Monolith_Enter W9TSMVA1
Monolith_Enter 2T6HNECJ
Monolith_Enter Q2N7BMDU
2025-04-12 18:39:54,986 - INFO - Monolith_Exit GHK3GZEY
Monolith_Exit W9TSMVA1
Monolith_Exit 2T6HNECJ
Monolith_Exit Q2N7BMDU
2025-04-12 18:39:54,988 - INFO - Monolith_Enter YMCON5I8
Monolith_Enter MWLE6XH4
Monolith_Enter 8PWJWB41
Monolith_Enter 808SF50O
2025-04-12 18:39:55,963 - INFO - Monolith_Exit YMCON5I8
Monolith_Exit MWLE6XH4
Monolith_Exit 8PWJWB41
Monolith_Exit 808SF50O
2025-04-12 18:39:55,964 - INFO - Monolith_Enter LPEOMYKJ
Monolith_Enter RKTLG9FQ
Monolith_Enter ZL1CU69F
Monolith_Enter GY4BNEL8
2025-04-12 18:39:57,420 - INFO - Monolith_Exit LPEOMYKJ
Monolith_Exit RKTLG9FQ
Monolith_Exit ZL1CU69F
Monolith_Exit GY4BNEL8
2025-04-12 18:39:57,421 - INFO - Monolith_Enter RUQ1W0WB
Monolith_Enter DSV3EGQP
Monolith_Enter VH965W65
Monolith_Enter UVQEL6QW
2025-04-12 18:39:58,717 - INFO - Monolith_Exit RUQ1W0WB
Monolith_Exit DSV3EGQP
Monolith_Exit VH965W65
Monolith_Exit UVQEL6QW
2025-04-12 18:39:58,718 - INFO - Monolith_Enter RLS2HR2O
Monolith_Enter AH4EVB51
Monolith_Enter 8AQLXQWH
Monolith_Enter K0QJ928W
2025-04-12 18:39:59,702 - INFO - Monolith_Exit RLS2HR2O
Monolith_Exit AH4EVB51
Monolith_Exit 8AQLXQWH
Monolith_Exit K0QJ928W
2025-04-12 18:39:59,704 - INFO - Monolith_Enter USPMLLUZ
Monolith_Enter NM6BAUMU
Monolith_Enter I3NXWQDR
Monolith_Enter JCBA5LL1
2025-04-12 18:40:00,793 - INFO - Monolith_Exit USPMLLUZ
Monolith_Exit NM6BAUMU
Monolith_Exit I3NXWQDR
Monolith_Exit JCBA5LL1
2025-04-12 18:40:00,794 - INFO - Monolith_Enter 50FUOVCF
Monolith_Enter FAM2N5Q7
Monolith_Enter IC91QD9U
Monolith_Enter 6T23H2P1
2025-04-12 18:40:01,966 - INFO - Monolith_Exit 50FUOVCF
Monolith_Exit FAM2N5Q7
Monolith_Exit IC91QD9U
Monolith_Exit 6T23H2P1
2025-04-12 18:40:01,968 - INFO - Monolith_Enter O2CC0EHA
Monolith_Enter 74LB38HD
Monolith_Enter Q3Q3YXZL
Monolith_Enter L5O5P75N
2025-04-12 18:40:03,025 - INFO - Monolith_Exit O2CC0EHA
Monolith_Exit 74LB38HD
Monolith_Exit Q3Q3YXZL
Monolith_Exit L5O5P75N
2025-04-12 18:40:03,026 - INFO - Monolith_Enter L7TCEZPN
Monolith_Enter ITT6K2N2
Monolith_Enter AMNMCQUT
Monolith_Enter 18ZET71N
2025-04-12 18:40:04,109 - INFO - Monolith_Exit L7TCEZPN
Monolith_Exit ITT6K2N2
Monolith_Exit AMNMCQUT
Monolith_Exit 18ZET71N
2025-04-12 18:40:04,110 - INFO - Monolith_Enter ON88BBRT
Monolith_Enter I0SHH7YB
Monolith_Enter 4B2CISFD
Monolith_Enter NHG3YCGY
2025-04-12 18:40:04,853 - INFO - Monolith_Exit ON88BBRT
Monolith_Exit I0SHH7YB
Monolith_Exit 4B2CISFD
Monolith_Exit NHG3YCGY
2025-04-12 18:40:04,854 - INFO - Monolith_Enter MPGI8JD6
Monolith_Enter SQSDJ8W8
Monolith_Enter EEFZ9FTB
Monolith_Enter 1GMYUAH4
2025-04-12 18:40:06,457 - INFO - Monolith_Exit MPGI8JD6
Monolith_Exit SQSDJ8W8
Monolith_Exit EEFZ9FTB
Monolith_Exit 1GMYUAH4
2025-04-12 18:40:06,458 - INFO - Monolith_Enter C60Q2KA1
Monolith_Enter WKAI2X0J
Monolith_Enter U63HWPO8
Monolith_Enter PMY05VZF
2025-04-12 18:40:08,173 - INFO - Monolith_Exit C60Q2KA1
Monolith_Exit WKAI2X0J
Monolith_Exit U63HWPO8
Monolith_Exit PMY05VZF
2025-04-12 18:40:08,175 - INFO - Monolith_Enter QJG183CI
Monolith_Enter 40WIGP2C
Monolith_Enter FW83YHB5
Monolith_Enter R8324F1D
2025-04-12 18:40:09,407 - INFO - Monolith_Exit QJG183CI
Monolith_Exit 40WIGP2C
Monolith_Exit FW83YHB5
Monolith_Exit R8324F1D
2025-04-12 18:40:09,408 - INFO - Monolith_Enter 69HNJ53N
Monolith_Enter EVEOESBX
Monolith_Enter BL6WIIQI
Monolith_Enter 4N7KZ4K1
2025-04-12 18:40:11,622 - INFO - Monolith_Exit 69HNJ53N
Monolith_Exit EVEOESBX
Monolith_Exit BL6WIIQI
Monolith_Exit 4N7KZ4K1
2025-04-12 18:40:11,623 - INFO - Monolith_Enter EXL0AN3M
Monolith_Enter ZAZH9W2X
Monolith_Enter Z951XAUF
Monolith_Enter FFQB6T67
2025-04-12 18:40:12,862 - INFO - Monolith_Exit EXL0AN3M
Monolith_Exit ZAZH9W2X
Monolith_Exit Z951XAUF
Monolith_Exit FFQB6T67
2025-04-12 18:40:12,864 - INFO - Monolith_Enter P1N6GIBK
Monolith_Enter DW638XIQ
Monolith_Enter YC8ODH5Q
Monolith_Enter K1LMIQ5B
2025-04-12 18:40:14,546 - INFO - Monolith_Exit P1N6GIBK
Monolith_Exit DW638XIQ
Monolith_Exit YC8ODH5Q
Monolith_Exit K1LMIQ5B
2025-04-12 18:40:14,548 - INFO - Monolith_Enter F6PKOJUF
Monolith_Enter 532VJB20
Monolith_Enter YG9Q5I7D
Monolith_Enter 0MQ2W19P
2025-04-12 18:40:15,719 - INFO - Monolith_Exit F6PKOJUF
Monolith_Exit 532VJB20
Monolith_Exit YG9Q5I7D
Monolith_Exit 0MQ2W19P
2025-04-12 18:40:15,720 - INFO - Monolith_Enter SY6AGBAB
Monolith_Enter N4UZ8H47
Monolith_Enter HV2RJPCL
Monolith_Enter K72TXD1P
2025-04-12 18:40:16,684 - INFO - Monolith_Exit SY6AGBAB
Monolith_Exit N4UZ8H47
Monolith_Exit HV2RJPCL
Monolith_Exit K72TXD1P
2025-04-12 18:40:16,686 - INFO - Monolith_Enter GEKFYLBO
Monolith_Enter VFNJKCXB
Monolith_Enter 3Z3YEHNH
Monolith_Enter QP66T2FL
2025-04-12 18:40:18,400 - INFO - Monolith_Exit GEKFYLBO
Monolith_Exit VFNJKCXB
Monolith_Exit 3Z3YEHNH
Monolith_Exit QP66T2FL
2025-04-12 18:40:18,402 - INFO - Monolith_Enter IAQ6GHE4
Monolith_Enter JYCZ981K
Monolith_Enter K88BLTE0
Monolith_Enter F0P3VAGK
2025-04-12 18:40:19,506 - INFO - Monolith_Exit IAQ6GHE4
Monolith_Exit JYCZ981K
Monolith_Exit K88BLTE0
Monolith_Exit F0P3VAGK
2025-04-12 18:40:19,507 - INFO - Monolith_Enter RP2U6U46
Monolith_Enter AGUMOQHO
Monolith_Enter N29STC4X
Monolith_Enter 9XZOSX7P
2025-04-12 18:40:20,763 - INFO - Monolith_Exit RP2U6U46
Monolith_Exit AGUMOQHO
Monolith_Exit N29STC4X
Monolith_Exit 9XZOSX7P
2025-04-12 18:40:20,764 - INFO - Monolith_Enter GASA3EVV
Monolith_Enter 1WOC0LZG
Monolith_Enter 7KAIR7WQ
Monolith_Enter JI0DEL04
2025-04-12 18:40:22,020 - INFO - Monolith_Exit GASA3EVV
Monolith_Exit 1WOC0LZG
Monolith_Exit 7KAIR7WQ
Monolith_Exit JI0DEL04
2025-04-12 18:40:22,021 - INFO - Monolith_Enter K1M87JCX
Monolith_Enter LTHG02V6
Monolith_Enter ZCLGJWZ8
Monolith_Enter 2NB7OLGI
2025-04-12 18:40:23,184 - INFO - Monolith_Exit K1M87JCX
Monolith_Exit LTHG02V6
Monolith_Exit ZCLGJWZ8
Monolith_Exit 2NB7OLGI
2025-04-12 18:40:23,185 - INFO - Monolith_Enter MOXPIIH4
Monolith_Enter ORHQQYKA
Monolith_Enter N3QHY2ZM
Monolith_Enter KC88JEAR
2025-04-12 18:40:24,072 - INFO - Monolith_Exit MOXPIIH4
Monolith_Exit ORHQQYKA
Monolith_Exit N3QHY2ZM
Monolith_Exit KC88JEAR
2025-04-12 18:40:24,074 - INFO - Monolith_Enter IJ3F8GJI
Monolith_Enter YOKA3RP1
Monolith_Enter HQBYBDSV
Monolith_Enter W2SF6KGL
2025-04-12 18:40:24,903 - INFO - Monolith_Exit IJ3F8GJI
Monolith_Exit YOKA3RP1
Monolith_Exit HQBYBDSV
Monolith_Exit W2SF6KGL
2025-04-12 18:40:24,904 - INFO - Monolith_Enter 693VP3ZI
Monolith_Enter GRBD3EZ4
Monolith_Enter 5DCTY6GI
Monolith_Enter I4LSE3VR
2025-04-12 18:40:26,032 - INFO - Monolith_Exit 693VP3ZI
Monolith_Exit GRBD3EZ4
Monolith_Exit 5DCTY6GI
Monolith_Exit I4LSE3VR
2025-04-12 18:40:26,034 - INFO - Monolith_Enter V0UVQC8K
Monolith_Enter TATYFQAB
Monolith_Enter ADVUQPXP
Monolith_Enter PWGUV800
2025-04-12 18:40:27,422 - INFO - Monolith_Exit V0UVQC8K
Monolith_Exit TATYFQAB
Monolith_Exit ADVUQPXP
Monolith_Exit PWGUV800
2025-04-12 18:40:27,423 - INFO - Monolith_Enter 4TRUJMZ2
Monolith_Enter 1DFF0S3R
Monolith_Enter GGDU3J1L
Monolith_Enter GC0NQB10
2025-04-12 18:40:28,640 - INFO - Monolith_Exit 4TRUJMZ2
Monolith_Exit 1DFF0S3R
Monolith_Exit GGDU3J1L
Monolith_Exit GC0NQB10
2025-04-12 18:40:28,642 - INFO - Monolith_Enter 3WAADW8R
Monolith_Enter 8E1B4T3Q
Monolith_Enter H43WVX2P
Monolith_Enter WKXGEHFY
2025-04-12 18:40:29,873 - INFO - Monolith_Exit 3WAADW8R
Monolith_Exit 8E1B4T3Q
Monolith_Exit H43WVX2P
Monolith_Exit WKXGEHFY
2025-04-12 18:40:29,874 - INFO - Monolith_Enter 98HH55AL
Monolith_Enter P0IAX23X
Monolith_Enter 6O6F692B
Monolith_Enter ZH3V424N
2025-04-12 18:40:31,292 - INFO - Monolith_Exit 98HH55AL
Monolith_Exit P0IAX23X
Monolith_Exit 6O6F692B
Monolith_Exit ZH3V424N
2025-04-12 18:40:31,294 - INFO - Monolith_Enter B18BLBAC
Monolith_Enter FSCQFR4V
Monolith_Enter XQ8BTQU1
Monolith_Enter RKHLTVDQ
2025-04-12 18:40:32,925 - INFO - Monolith_Exit B18BLBAC
Monolith_Exit FSCQFR4V
Monolith_Exit XQ8BTQU1
Monolith_Exit RKHLTVDQ
2025-04-12 18:40:32,927 - INFO - Monolith_Enter M22ZU2PB
Monolith_Enter 50EEZCAV
Monolith_Enter I15DDNOI
Monolith_Enter 3B5GTUX0
2025-04-12 18:40:34,475 - INFO - Monolith_Exit M22ZU2PB
Monolith_Exit 50EEZCAV
Monolith_Exit I15DDNOI
Monolith_Exit 3B5GTUX0
2025-04-12 18:40:34,476 - INFO - Monolith_Enter 2W972B49
Monolith_Enter 8D10PL71
Monolith_Enter 3KLUS1ZS
Monolith_Enter W89JIXDH
2025-04-12 18:40:35,563 - INFO - Monolith_Exit 2W972B49
Monolith_Exit 8D10PL71
Monolith_Exit 3KLUS1ZS
Monolith_Exit W89JIXDH
2025-04-12 18:40:35,564 - INFO - Monolith_Enter 85MDWHTH
Monolith_Enter BNUDLF5R
Monolith_Enter 5V5VA8A1
Monolith_Enter 2M2S6AMU
2025-04-12 18:40:36,734 - INFO - Monolith_Exit 85MDWHTH
Monolith_Exit BNUDLF5R
Monolith_Exit 5V5VA8A1
Monolith_Exit 2M2S6AMU
2025-04-12 18:40:36,735 - INFO - Monolith_Enter OTM87D8I
Monolith_Enter AS3CJB6B
Monolith_Enter FBD7Q5ZT
Monolith_Enter AYV3SV7P
2025-04-12 18:40:37,762 - INFO - Monolith_Exit OTM87D8I
Monolith_Exit AS3CJB6B
Monolith_Exit FBD7Q5ZT
Monolith_Exit AYV3SV7P
2025-04-12 18:40:37,763 - INFO - Monolith_Enter ENG443H8
Monolith_Enter S5PSX9S8
Monolith_Enter CGWDNTIZ
Monolith_Enter MT5WFPHH
2025-04-12 18:40:38,925 - INFO - Monolith_Exit ENG443H8
Monolith_Exit S5PSX9S8
Monolith_Exit CGWDNTIZ
Monolith_Exit MT5WFPHH
2025-04-12 18:40:38,926 - INFO - Monolith_Enter PW72YHKU
Monolith_Enter AV15Z9D3
Monolith_Enter E99PO6U5
Monolith_Enter L5O4HD6E
2025-04-12 18:40:40,067 - INFO - Monolith_Exit PW72YHKU
Monolith_Exit AV15Z9D3
Monolith_Exit E99PO6U5
Monolith_Exit L5O4HD6E
2025-04-12 18:40:40,068 - INFO - Monolith_Enter QVKNXRMN
Monolith_Enter LRAXW4QN
Monolith_Enter MFB3TCMT
Monolith_Enter XS7UOVRI
2025-04-12 18:40:41,219 - INFO - Monolith_Exit QVKNXRMN
Monolith_Exit LRAXW4QN
Monolith_Exit MFB3TCMT
Monolith_Exit XS7UOVRI
2025-04-12 18:40:41,220 - INFO - Monolith_Enter AW9X0M10
Monolith_Enter EHFVCDX9
Monolith_Enter 6J1BRHDC
Monolith_Enter P6EAZPGC
2025-04-12 18:40:42,229 - INFO - Monolith_Exit AW9X0M10
Monolith_Exit EHFVCDX9
Monolith_Exit 6J1BRHDC
Monolith_Exit P6EAZPGC
2025-04-12 18:40:42,231 - INFO - Monolith_Enter P6UQ3JLM
Monolith_Enter B12F71YC
Monolith_Enter BQWV5MSN
Monolith_Enter NPCY9KTC
2025-04-12 18:40:43,238 - INFO - Monolith_Exit P6UQ3JLM
Monolith_Exit B12F71YC
Monolith_Exit BQWV5MSN
Monolith_Exit NPCY9KTC
2025-04-12 18:40:43,240 - INFO - Monolith_Enter X9WSO9HE
Monolith_Enter Z6301RP5
Monolith_Enter 7DHQEEKR
Monolith_Enter 2QEBJNJ0
2025-04-12 18:40:44,638 - INFO - Monolith_Exit X9WSO9HE
Monolith_Exit Z6301RP5
Monolith_Exit 7DHQEEKR
Monolith_Exit 2QEBJNJ0
2025-04-12 18:40:44,639 - INFO - Monolith_Enter VSZUZVU7
Monolith_Enter IC2TXWEH
Monolith_Enter 3DIPWFQ1
Monolith_Enter GE9408JG
2025-04-12 18:40:45,767 - INFO - Monolith_Exit VSZUZVU7
Monolith_Exit IC2TXWEH
Monolith_Exit 3DIPWFQ1
Monolith_Exit GE9408JG
2025-04-12 18:40:45,768 - INFO - Monolith_Enter 3HPYRLEJ
Monolith_Enter 2B9KX6PU
Monolith_Enter B1DOVG3K
Monolith_Enter FCMZEPJ5
2025-04-12 18:40:46,732 - INFO - Monolith_Exit 3HPYRLEJ
Monolith_Exit 2B9KX6PU
Monolith_Exit B1DOVG3K
Monolith_Exit FCMZEPJ5
2025-04-12 18:40:46,733 - INFO - Monolith_Enter YQ8JXBBI
Monolith_Enter ABOGJQ6N
Monolith_Enter 2XAFLX7G
Monolith_Enter 83T0JZQK
2025-04-12 18:40:47,583 - INFO - Monolith_Exit YQ8JXBBI
Monolith_Exit ABOGJQ6N
Monolith_Exit 2XAFLX7G
Monolith_Exit 83T0JZQK
2025-04-12 18:40:47,585 - INFO - Monolith_Enter WT9OCC38
Monolith_Enter UDDDTYYV
Monolith_Enter VJ0TNEXV
Monolith_Enter 67JC4M7G
2025-04-12 18:40:48,366 - INFO - Monolith_Exit WT9OCC38
Monolith_Exit UDDDTYYV
Monolith_Exit VJ0TNEXV
Monolith_Exit 67JC4M7G
2025-04-12 18:40:48,367 - INFO - Monolith_Enter VOF0TV79
Monolith_Enter KAONONCI
Monolith_Enter KYGJPDU3
Monolith_Enter 5F78SQP6
2025-04-12 18:40:49,777 - INFO - Monolith_Exit VOF0TV79
Monolith_Exit KAONONCI
Monolith_Exit KYGJPDU3
Monolith_Exit 5F78SQP6
2025-04-12 18:40:49,779 - INFO - Monolith_Enter XDXJAZJT
Monolith_Enter ZL3G8AUA
Monolith_Enter KW3I43IR
Monolith_Enter HRTS3Q5X
2025-04-12 18:40:51,056 - INFO - Monolith_Exit XDXJAZJT
Monolith_Exit ZL3G8AUA
Monolith_Exit KW3I43IR
Monolith_Exit HRTS3Q5X
2025-04-12 18:40:51,057 - INFO - Monolith_Enter WJBIQF7Y
Monolith_Enter N84B2BXO
Monolith_Enter 1QSMZW68
Monolith_Enter TNX82M3O
2025-04-12 18:40:52,179 - INFO - Monolith_Exit WJBIQF7Y
Monolith_Exit N84B2BXO
Monolith_Exit 1QSMZW68
Monolith_Exit TNX82M3O
2025-04-12 18:40:52,180 - INFO - Monolith_Enter ZWAHYR8I
Monolith_Enter 2U6UTT9J
Monolith_Enter TRRO4QBH
Monolith_Enter VC4L1S0Y
2025-04-12 18:40:53,744 - INFO - Monolith_Exit ZWAHYR8I
Monolith_Exit 2U6UTT9J
Monolith_Exit TRRO4QBH
Monolith_Exit VC4L1S0Y
2025-04-12 18:40:53,745 - INFO - Monolith_Enter Q9NRH4ZK
Monolith_Enter 8IVN6WXL
Monolith_Enter YB7B5DO1
Monolith_Enter 8ZLZXPR8
2025-04-12 18:40:54,586 - INFO - Monolith_Exit Q9NRH4ZK
Monolith_Exit 8IVN6WXL
Monolith_Exit YB7B5DO1
Monolith_Exit 8ZLZXPR8
2025-04-12 18:40:54,587 - INFO - Monolith_Enter A71KLY4U
Monolith_Enter YFR2D290
Monolith_Enter 64IZG718
Monolith_Enter RVCSTH9L
2025-04-12 18:40:56,032 - INFO - Monolith_Exit A71KLY4U
Monolith_Exit YFR2D290
Monolith_Exit 64IZG718
Monolith_Exit RVCSTH9L
2025-04-12 18:40:56,033 - INFO - Monolith_Enter 0KZTPLQQ
Monolith_Enter 9U1KGWHM
Monolith_Enter QMUYR3AI
Monolith_Enter DLSRZJIG
2025-04-12 18:40:57,041 - INFO - Monolith_Exit 0KZTPLQQ
Monolith_Exit 9U1KGWHM
Monolith_Exit QMUYR3AI
Monolith_Exit DLSRZJIG
2025-04-12 18:40:57,042 - INFO - Monolith_Enter 6PIT9QU3
Monolith_Enter 71NF40M7
Monolith_Enter V1GDGANW
Monolith_Enter GUL5E48U
2025-04-12 18:40:58,547 - INFO - Monolith_Exit 6PIT9QU3
Monolith_Exit 71NF40M7
Monolith_Exit V1GDGANW
Monolith_Exit GUL5E48U
2025-04-12 18:40:58,549 - INFO - Monolith_Enter 7CB3J1TX
Monolith_Enter FQKFXVXQ
Monolith_Enter 1UT6JV5P
Monolith_Enter XNC5G971
2025-04-12 18:41:00,099 - INFO - Monolith_Exit 7CB3J1TX
Monolith_Exit FQKFXVXQ
Monolith_Exit 1UT6JV5P
Monolith_Exit XNC5G971
2025-04-12 18:41:00,100 - INFO - Monolith_Enter NF5RK91B
Monolith_Enter L78TFVTH
Monolith_Enter H63ZTBQ1
Monolith_Enter 9HUMS9AS
2025-04-12 18:41:01,262 - INFO - Monolith_Exit NF5RK91B
Monolith_Exit L78TFVTH
Monolith_Exit H63ZTBQ1
Monolith_Exit 9HUMS9AS
2025-04-12 18:41:01,264 - INFO - Monolith_Enter 6ASSZQ67
Monolith_Enter YCNEQ6U1
Monolith_Enter SI9N5AOB
Monolith_Enter GF8TJRC1
2025-04-12 18:41:02,843 - INFO - Monolith_Exit 6ASSZQ67
Monolith_Exit YCNEQ6U1
Monolith_Exit SI9N5AOB
Monolith_Exit GF8TJRC1
2025-04-12 18:41:02,845 - INFO - Monolith_Enter X69D5ZC9
Monolith_Enter 0IDVHM7D
Monolith_Enter LFUZOXO2
Monolith_Enter 4KMEB04S
2025-04-12 18:41:03,860 - INFO - Monolith_Exit X69D5ZC9
Monolith_Exit 0IDVHM7D
Monolith_Exit LFUZOXO2
Monolith_Exit 4KMEB04S
2025-04-12 18:41:03,862 - INFO - Monolith_Enter 743UOV55
Monolith_Enter H52O9EG7
Monolith_Enter IZJU6QRW
Monolith_Enter 5TA5H6N3
2025-04-12 18:41:04,772 - INFO - Monolith_Exit 743UOV55
Monolith_Exit H52O9EG7
Monolith_Exit IZJU6QRW
Monolith_Exit 5TA5H6N3
2025-04-12 18:41:04,774 - INFO - Monolith_Enter NC6QXF5K
Monolith_Enter ITMU50Q2
Monolith_Enter KICJWG7C
Monolith_Enter OU9Y3LB5
2025-04-12 18:41:05,877 - INFO - Monolith_Exit NC6QXF5K
Monolith_Exit ITMU50Q2
Monolith_Exit KICJWG7C
Monolith_Exit OU9Y3LB5
2025-04-12 18:41:05,879 - INFO - Monolith_Enter K4KGY7QE
Monolith_Enter EOEOA84F
Monolith_Enter 6OTOO6HP
Monolith_Enter 69TR6GXO
2025-04-12 18:41:06,811 - INFO - Monolith_Exit K4KGY7QE
Monolith_Exit EOEOA84F
Monolith_Exit 6OTOO6HP
Monolith_Exit 69TR6GXO
2025-04-12 18:41:06,813 - INFO - Monolith_Enter R4K458P7
Monolith_Enter O00JOKAA
Monolith_Enter L77U9E63
Monolith_Enter 4V1HP73K
2025-04-12 18:41:07,835 - INFO - Monolith_Exit R4K458P7
Monolith_Exit O00JOKAA
Monolith_Exit L77U9E63
Monolith_Exit 4V1HP73K
2025-04-12 18:41:07,837 - INFO - Monolith_Enter PENGSD0M
Monolith_Enter TYBZWWSK
Monolith_Enter P47AFPYQ
Monolith_Enter 9PSGOMUW
2025-04-12 18:41:08,807 - INFO - Monolith_Exit PENGSD0M
Monolith_Exit TYBZWWSK
Monolith_Exit P47AFPYQ
Monolith_Exit 9PSGOMUW
2025-04-12 18:41:08,809 - INFO - Monolith_Enter BHCMJ091
Monolith_Enter Y7XS9LY4
Monolith_Enter BAXIMB04
Monolith_Enter WKX14PY9
2025-04-12 18:41:09,824 - INFO - Monolith_Exit BHCMJ091
Monolith_Exit Y7XS9LY4
Monolith_Exit BAXIMB04
Monolith_Exit WKX14PY9
2025-04-12 18:41:09,826 - INFO - Monolith_Enter NAO8QWZV
Monolith_Enter ATRMXKSS
Monolith_Enter GXOQ8318
Monolith_Enter PC5OR80Q
2025-04-12 18:41:11,144 - INFO - Monolith_Exit NAO8QWZV
Monolith_Exit ATRMXKSS
Monolith_Exit GXOQ8318
Monolith_Exit PC5OR80Q
2025-04-12 18:41:11,146 - INFO - Monolith_Enter K8T7LCRI
Monolith_Enter B62XTM3I
Monolith_Enter 4VJT3DL8
Monolith_Enter 22KNV560
2025-04-12 18:41:12,312 - INFO - Monolith_Exit K8T7LCRI
Monolith_Exit B62XTM3I
Monolith_Exit 4VJT3DL8
Monolith_Exit 22KNV560
2025-04-12 18:41:12,314 - INFO - Monolith_Enter QAYSDJD7
Monolith_Enter H6PT5ZYQ
Monolith_Enter I5LQYLSF
Monolith_Enter IGLR41YJ
2025-04-12 18:41:13,251 - INFO - Monolith_Exit QAYSDJD7
Monolith_Exit H6PT5ZYQ
Monolith_Exit I5LQYLSF
Monolith_Exit IGLR41YJ
2025-04-12 18:41:13,252 - INFO - Monolith_Enter JHAB9CYG
Monolith_Enter 136E46I1
Monolith_Enter Z5A1H2UP
Monolith_Enter KLSMQRXX
2025-04-12 18:41:14,522 - INFO - Monolith_Exit JHAB9CYG
Monolith_Exit 136E46I1
Monolith_Exit Z5A1H2UP
Monolith_Exit KLSMQRXX
2025-04-12 18:41:14,524 - INFO - Monolith_Enter GKC9MRN6
Monolith_Enter C6RE3QW4
Monolith_Enter HT3QQGN4
Monolith_Enter XIMVTQJ6
2025-04-12 18:41:15,807 - INFO - Monolith_Exit GKC9MRN6
Monolith_Exit C6RE3QW4
Monolith_Exit HT3QQGN4
Monolith_Exit XIMVTQJ6
2025-04-12 18:41:15,808 - INFO - Monolith_Enter B46MAA9B
Monolith_Enter 8BOOF6DU
Monolith_Enter T39XOJOL
Monolith_Enter U3L748PL
2025-04-12 18:41:16,881 - INFO - Monolith_Exit B46MAA9B
Monolith_Exit 8BOOF6DU
Monolith_Exit T39XOJOL
Monolith_Exit U3L748PL
2025-04-12 18:41:16,882 - INFO - Monolith_Enter KHYMPUBU
Monolith_Enter J0RIL3P2
Monolith_Enter I1JTF19F
Monolith_Enter 7I556GME
2025-04-12 18:41:18,826 - INFO - Monolith_Exit KHYMPUBU
Monolith_Exit J0RIL3P2
Monolith_Exit I1JTF19F
Monolith_Exit 7I556GME
2025-04-12 18:41:18,827 - INFO - Monolith_Enter 0CVEJH5K
Monolith_Enter SKRH771P
Monolith_Enter OZVQXIN9
Monolith_Enter IAOI7VSQ
2025-04-12 18:41:19,799 - INFO - Monolith_Exit 0CVEJH5K
Monolith_Exit SKRH771P
Monolith_Exit OZVQXIN9
Monolith_Exit IAOI7VSQ
2025-04-12 18:41:19,800 - INFO - Monolith_Enter G7CPLII1
Monolith_Enter C57491P9
Monolith_Enter F3UPZ3FR
Monolith_Enter ICQRGDQT
2025-04-12 18:41:21,110 - INFO - Monolith_Exit G7CPLII1
Monolith_Exit C57491P9
Monolith_Exit F3UPZ3FR
Monolith_Exit ICQRGDQT
2025-04-12 18:41:21,111 - INFO - Monolith_Enter E49IWKU9
Monolith_Enter UAH7QKDX
Monolith_Enter XNZ35ZEW
Monolith_Enter JN2JVL2P
2025-04-12 18:41:23,289 - INFO - Monolith_Exit E49IWKU9
Monolith_Exit UAH7QKDX
Monolith_Exit XNZ35ZEW
Monolith_Exit JN2JVL2P
2025-04-12 18:41:23,293 - INFO - Monolith_Enter 983MSSKL
Monolith_Enter J6PLN6UD
Monolith_Enter XWDGWCJ6
Monolith_Enter 06OD7QQF
2025-04-12 18:41:25,108 - INFO - Monolith_Exit 983MSSKL
Monolith_Exit J6PLN6UD
Monolith_Exit XWDGWCJ6
Monolith_Exit 06OD7QQF
2025-04-12 18:41:25,110 - INFO - Monolith_Enter 4YAHK3RJ
Monolith_Enter TPDQZIG7
Monolith_Enter 3OV3VHTV
Monolith_Enter TS6OXNJS
2025-04-12 18:41:26,186 - INFO - Monolith_Exit 4YAHK3RJ
Monolith_Exit TPDQZIG7
Monolith_Exit 3OV3VHTV
Monolith_Exit TS6OXNJS
2025-04-12 18:41:26,187 - INFO - Monolith_Enter 1N218GHE
Monolith_Enter QBVL1SJE
Monolith_Enter CNCFKOTW
Monolith_Enter O2QU0AWI
2025-04-12 18:41:27,793 - INFO - Monolith_Exit 1N218GHE
Monolith_Exit QBVL1SJE
Monolith_Exit CNCFKOTW
Monolith_Exit O2QU0AWI
2025-04-12 18:41:27,794 - INFO - Monolith_Enter DTRBUOM6
Monolith_Enter EH6TFUGU
Monolith_Enter 5E1JNB6P
Monolith_Enter 9UGNXY72
2025-04-12 18:41:28,980 - INFO - Monolith_Exit DTRBUOM6
Monolith_Exit EH6TFUGU
Monolith_Exit 5E1JNB6P
Monolith_Exit 9UGNXY72
2025-04-12 18:41:28,982 - INFO - Monolith_Enter X0ERGCJT
Monolith_Enter K3TEZEEH
Monolith_Enter LPZE50UA
Monolith_Enter SG7VJNII
2025-04-12 18:41:30,316 - INFO - Monolith_Exit X0ERGCJT
Monolith_Exit K3TEZEEH
Monolith_Exit LPZE50UA
Monolith_Exit SG7VJNII
2025-04-12 18:41:30,317 - INFO - Monolith_Enter Q6AYO8R2
Monolith_Enter LHJ64AGX
Monolith_Enter YE6DYUBV
Monolith_Enter HREWCM26
2025-04-12 18:41:31,408 - INFO - Monolith_Exit Q6AYO8R2
Monolith_Exit LHJ64AGX
Monolith_Exit YE6DYUBV
Monolith_Exit HREWCM26
2025-04-12 18:41:31,410 - INFO - Monolith_Enter AGIL9CV8
Monolith_Enter R1NRRFY6
Monolith_Enter 8JAP5V1F
Monolith_Enter K9UGDH78
2025-04-12 18:41:32,801 - INFO - Monolith_Exit AGIL9CV8
Monolith_Exit R1NRRFY6
Monolith_Exit 8JAP5V1F
Monolith_Exit K9UGDH78
2025-04-12 18:41:32,803 - INFO - Monolith_Enter 08VG1I7H
Monolith_Enter 3OUKV33Z
Monolith_Enter HC24A9WV
Monolith_Enter 9ORAZXYT
2025-04-12 18:41:33,841 - INFO - Monolith_Exit 08VG1I7H
Monolith_Exit 3OUKV33Z
Monolith_Exit HC24A9WV
Monolith_Exit 9ORAZXYT
2025-04-12 18:41:33,843 - INFO - Monolith_Enter 9H0M601H
Monolith_Enter 82CQP0AF
Monolith_Enter W0HUA7O7
Monolith_Enter U36VU8XT
2025-04-12 18:41:34,895 - INFO - Monolith_Exit 9H0M601H
Monolith_Exit 82CQP0AF
Monolith_Exit W0HUA7O7
Monolith_Exit U36VU8XT
2025-04-12 18:41:34,896 - INFO - Monolith_Enter N19JKC8A
Monolith_Enter 8ISYFSAV
Monolith_Enter YFDP86YR
Monolith_Enter DRUBJ20B
2025-04-12 18:41:36,307 - INFO - Monolith_Exit N19JKC8A
Monolith_Exit 8ISYFSAV
Monolith_Exit YFDP86YR
Monolith_Exit DRUBJ20B
2025-04-12 18:41:36,308 - INFO - Monolith_Enter 77AOAWQH
Monolith_Enter OM9OGQI1
Monolith_Enter Z7LMT7Q8
Monolith_Enter ITA6SROZ
2025-04-12 18:41:37,622 - INFO - Monolith_Exit 77AOAWQH
Monolith_Exit OM9OGQI1
Monolith_Exit Z7LMT7Q8
Monolith_Exit ITA6SROZ
2025-04-12 18:41:37,624 - INFO - Monolith_Enter XBSFXIXR
Monolith_Enter KMEFWMKG
Monolith_Enter S6CQ2V12
Monolith_Enter TWEBXMAH
2025-04-12 18:41:38,956 - INFO - Monolith_Exit XBSFXIXR
Monolith_Exit KMEFWMKG
Monolith_Exit S6CQ2V12
Monolith_Exit TWEBXMAH
2025-04-12 18:41:38,957 - INFO - Monolith_Enter QA225WGI
Monolith_Enter 5M81E8P3
Monolith_Enter Z9Y5NA0F
Monolith_Enter V68RZX7C
2025-04-12 18:41:40,534 - INFO - Monolith_Exit QA225WGI
Monolith_Exit 5M81E8P3
Monolith_Exit Z9Y5NA0F
Monolith_Exit V68RZX7C
2025-04-12 18:41:40,536 - INFO - Monolith_Enter PUOV71I3
Monolith_Enter 989QCVHP
Monolith_Enter M46YF92G
Monolith_Enter QMTJ9H0G
2025-04-12 18:41:41,758 - INFO - Monolith_Exit PUOV71I3
Monolith_Exit 989QCVHP
Monolith_Exit M46YF92G
Monolith_Exit QMTJ9H0G
2025-04-12 18:41:41,759 - INFO - Monolith_Enter 2SVHHCHM
Monolith_Enter 03ASL5P3
Monolith_Enter LO4NDA9F
Monolith_Enter KIZZJ9HN
2025-04-12 18:41:42,945 - INFO - Monolith_Exit 2SVHHCHM
Monolith_Exit 03ASL5P3
Monolith_Exit LO4NDA9F
Monolith_Exit KIZZJ9HN
2025-04-12 18:41:42,946 - INFO - Monolith_Enter 0KS399AB
Monolith_Enter XRSY6F14
Monolith_Enter IYWGK0DE
Monolith_Enter Q7VZTQQK
2025-04-12 18:41:44,009 - INFO - Monolith_Exit 0KS399AB
Monolith_Exit XRSY6F14
Monolith_Exit IYWGK0DE
Monolith_Exit Q7VZTQQK
2025-04-12 18:41:44,010 - INFO - Monolith_Enter T6E88CXP
Monolith_Enter JPUCVDEH
Monolith_Enter UVJNZNBH
Monolith_Enter R69DEB74
2025-04-12 18:41:44,912 - INFO - Monolith_Exit T6E88CXP
Monolith_Exit JPUCVDEH
Monolith_Exit UVJNZNBH
Monolith_Exit R69DEB74
2025-04-12 18:41:44,913 - INFO - Monolith_Enter IOZ8URFO
Monolith_Enter Z4G466KH
Monolith_Enter L2S168KN
Monolith_Enter RYL1ZH52
2025-04-12 18:41:46,194 - INFO - Monolith_Exit IOZ8URFO
Monolith_Exit Z4G466KH
Monolith_Exit L2S168KN
Monolith_Exit RYL1ZH52
2025-04-12 18:41:46,196 - INFO - Monolith_Enter GB6USCF1
Monolith_Enter KUIT4IYT
Monolith_Enter O4BF6XQB
Monolith_Enter 19QXUXHP
2025-04-12 18:41:47,208 - INFO - Monolith_Exit GB6USCF1
Monolith_Exit KUIT4IYT
Monolith_Exit O4BF6XQB
Monolith_Exit 19QXUXHP
2025-04-12 18:41:47,210 - INFO - Monolith_Enter 52W2SN9G
Monolith_Enter S7D35XOJ
Monolith_Enter 3O7189OK
Monolith_Enter GHN8SNBE
2025-04-12 18:41:48,218 - INFO - Monolith_Exit 52W2SN9G
Monolith_Exit S7D35XOJ
Monolith_Exit 3O7189OK
Monolith_Exit GHN8SNBE
2025-04-12 18:41:48,219 - INFO - Monolith_Enter IMLZEQRE
Monolith_Enter FQRJ83Y3
Monolith_Enter MST9DYVN
Monolith_Enter 2FCDTGH8
2025-04-12 18:41:49,344 - INFO - Monolith_Exit IMLZEQRE
Monolith_Exit FQRJ83Y3
Monolith_Exit MST9DYVN
Monolith_Exit 2FCDTGH8
2025-04-12 18:41:49,346 - INFO - Monolith_Enter 0PSO6HD1
Monolith_Enter GXZRSG10
Monolith_Enter W92FOBC8
Monolith_Enter 7TVNNRGS
2025-04-12 18:41:50,371 - INFO - Monolith_Exit 0PSO6HD1
Monolith_Exit GXZRSG10
Monolith_Exit W92FOBC8
Monolith_Exit 7TVNNRGS
2025-04-12 18:41:50,372 - INFO - Monolith_Enter UV1XXJEV
Monolith_Enter D0ZILGM7
Monolith_Enter 8GXF97YY
Monolith_Enter H7H65UMV
2025-04-12 18:41:51,420 - INFO - Monolith_Exit UV1XXJEV
Monolith_Exit D0ZILGM7
Monolith_Exit 8GXF97YY
Monolith_Exit H7H65UMV
2025-04-12 18:41:51,421 - INFO - Monolith_Enter FCUEHL48
Monolith_Enter QI7EY1UW
Monolith_Enter PNPWKHG3
Monolith_Enter FB4LABVB
2025-04-12 18:41:52,758 - INFO - Monolith_Exit FCUEHL48
Monolith_Exit QI7EY1UW
Monolith_Exit PNPWKHG3
Monolith_Exit FB4LABVB
2025-04-12 18:41:52,760 - INFO - Monolith_Enter A1RD3G1M
Monolith_Enter F7O7M9KU
Monolith_Enter WSU4D07L
Monolith_Enter LDKES6W3
2025-04-12 18:41:53,676 - INFO - Monolith_Exit A1RD3G1M
Monolith_Exit F7O7M9KU
Monolith_Exit WSU4D07L
Monolith_Exit LDKES6W3
2025-04-12 18:41:53,677 - INFO - Monolith_Enter 2BOZVRCN
Monolith_Enter CMMOWPHX
Monolith_Enter U77Z21WB
Monolith_Enter JVJMMW82
2025-04-12 18:41:54,966 - INFO - Monolith_Exit 2BOZVRCN
Monolith_Exit CMMOWPHX
Monolith_Exit U77Z21WB
Monolith_Exit JVJMMW82
2025-04-12 18:41:54,967 - INFO - Monolith_Enter NVRRF0NK
Monolith_Enter DHV46Q6H
Monolith_Enter CAF6QGRP
2025-04-12 18:41:55,749 - INFO - Monolith_Exit NVRRF0NK
Monolith_Exit DHV46Q6H
Monolith_Exit CAF6QGRP
