2025-04-12 17:54:19,990 - INFO - Monolith_Enter RXL3GO3Q
2025-04-12 17:54:20,294 - INFO - Monolith_Exit RXL3GO3Q
2025-04-12 17:54:20,294 - INFO - Monolith_Enter 1XPNBPM7
2025-04-12 17:54:20,613 - INFO - Monolith_Exit 1XPNBPM7
2025-04-12 17:54:20,614 - INFO - Monolith_Enter QI2I3DMX
2025-04-12 17:54:20,983 - INFO - Monolith_Exit QI2I3DMX
2025-04-12 17:54:20,984 - INFO - Monolith_Enter T0VEPKY0
Monolith_Enter VVMMFJ68
Monolith_Enter ZXHSLYZ4
2025-04-12 17:54:21,917 - INFO - Monolith_Exit T0VEPKY0
Monolith_Exit VVMMFJ68
Monolith_Exit ZXHSLYZ4
2025-04-12 17:54:21,918 - INFO - Monolith_Enter PDORGNY7
2025-04-12 17:54:22,211 - INFO - Monolith_Exit PDORGNY7
2025-04-12 17:54:22,674 - INFO - Monolith_Enter 8N76UYRG
2025-04-12 17:54:22,957 - INFO - Monolith_Exit 8N76UYRG
2025-04-12 17:54:23,011 - INFO - Monolith_Enter IA9DO01W
2025-04-12 17:54:23,287 - INFO - Monolith_Exit IA9DO01W
2025-04-12 17:54:23,288 - INFO - Monolith_Enter TLET938U
2025-04-12 17:54:23,636 - INFO - Monolith_Exit TLET938U
2025-04-12 17:54:23,637 - INFO - Monolith_Enter R53HO92Q
Monolith_Enter BNP7X20V
Monolith_Enter IK3H6MC4
2025-04-12 17:54:24,464 - INFO - Monolith_Exit R53HO92Q
Monolith_Exit BNP7X20V
Monolith_Exit IK3H6MC4
2025-04-12 17:54:24,466 - INFO - Monolith_Enter 6CRTRFMK
2025-04-12 17:54:24,799 - INFO - Monolith_Exit 6CRTRFMK
2025-04-12 17:54:24,800 - INFO - Monolith_Enter RLECKU2T
2025-04-12 17:54:25,070 - INFO - Monolith_Exit RLECKU2T
2025-04-12 17:54:25,071 - INFO - Monolith_Enter QAAYHSQ4
2025-04-12 17:54:25,420 - INFO - Monolith_Exit QAAYHSQ4
2025-04-12 17:54:25,421 - INFO - Monolith_Enter 9A7SGKGD
Monolith_Enter GN5YAAIH
2025-04-12 17:54:25,917 - INFO - Monolith_Exit 9A7SGKGD
Monolith_Exit GN5YAAIH
2025-04-12 17:54:25,918 - INFO - Monolith_Enter YYN8N9F9
Monolith_Enter Y3D8CUCF
2025-04-12 17:54:26,453 - INFO - Monolith_Exit YYN8N9F9
Monolith_Exit Y3D8CUCF
2025-04-12 17:54:26,455 - INFO - Monolith_Enter 1OWK8837
Monolith_Enter 6IPMJRAE
2025-04-12 17:54:26,966 - INFO - Monolith_Exit 1OWK8837
Monolith_Exit 6IPMJRAE
2025-04-12 17:54:26,967 - INFO - Monolith_Enter 2DNEQ8MX
2025-04-12 17:54:27,527 - INFO - Monolith_Exit 2DNEQ8MX
2025-04-12 17:54:27,528 - INFO - Monolith_Enter AD1HW76H
Monolith_Enter ZK6VKG6V
Monolith_Enter NRZFQOH4
2025-04-12 17:54:28,244 - INFO - Monolith_Exit AD1HW76H
Monolith_Exit ZK6VKG6V
Monolith_Exit NRZFQOH4
2025-04-12 17:54:28,245 - INFO - Monolith_Enter NOFP3ILZ
2025-04-12 17:54:28,616 - INFO - Monolith_Exit NOFP3ILZ
2025-04-12 17:54:28,617 - INFO - Monolith_Enter BK9VY7F4
Monolith_Enter UBQT0TZ5
Monolith_Enter D8V9MZF3
2025-04-12 17:54:29,824 - INFO - Monolith_Exit BK9VY7F4
Monolith_Exit UBQT0TZ5
Monolith_Exit D8V9MZF3
2025-04-12 17:54:29,825 - INFO - Monolith_Enter TC1PUIPF
2025-04-12 17:54:30,178 - INFO - Monolith_Exit TC1PUIPF
2025-04-12 17:54:30,179 - INFO - Monolith_Enter I8K4NCIS
Monolith_Enter XDS5UFIY
Monolith_Enter OE5FBJ5Z
2025-04-12 17:54:30,933 - INFO - Monolith_Exit I8K4NCIS
Monolith_Exit XDS5UFIY
Monolith_Exit OE5FBJ5Z
2025-04-12 17:54:30,935 - INFO - Monolith_Enter U8VNBZNF
2025-04-12 17:54:31,251 - INFO - Monolith_Exit U8VNBZNF
2025-04-12 17:54:31,252 - INFO - Monolith_Enter I3L59OSY
Monolith_Enter PNPD2Y53
Monolith_Enter S4OEX1ME
2025-04-12 17:54:32,216 - INFO - Monolith_Exit I3L59OSY
Monolith_Exit PNPD2Y53
Monolith_Exit S4OEX1ME
2025-04-12 17:54:32,217 - INFO - Monolith_Enter KBR9DKOC
2025-04-12 17:54:32,493 - INFO - Monolith_Exit KBR9DKOC
2025-04-12 17:54:32,495 - INFO - Monolith_Enter 0SY3OGY7
Monolith_Enter ES60HYFH
Monolith_Enter R77XL3FW
2025-04-12 17:54:33,088 - INFO - Monolith_Exit 0SY3OGY7
Monolith_Exit ES60HYFH
Monolith_Exit R77XL3FW
2025-04-12 17:54:33,089 - INFO - Monolith_Enter HFZ52OG2
2025-04-12 17:54:33,527 - INFO - Monolith_Exit HFZ52OG2
2025-04-12 17:54:33,528 - INFO - Monolith_Enter O60METYL
Monolith_Enter 1BGWW3EQ
Monolith_Enter 140FQ8L9
2025-04-12 17:54:34,422 - INFO - Monolith_Exit O60METYL
Monolith_Exit 1BGWW3EQ
Monolith_Exit 140FQ8L9
2025-04-12 17:54:34,423 - INFO - Monolith_Enter PTUO6XRE
2025-04-12 17:54:34,735 - INFO - Monolith_Exit PTUO6XRE
2025-04-12 17:54:34,736 - INFO - Monolith_Enter UENSMYXK
Monolith_Enter HUDP8NV0
Monolith_Enter MJP7U098
2025-04-12 17:54:35,632 - INFO - Monolith_Exit UENSMYXK
Monolith_Exit HUDP8NV0
Monolith_Exit MJP7U098
2025-04-12 17:54:35,633 - INFO - Monolith_Enter LHC270IK
2025-04-12 17:54:35,866 - INFO - Monolith_Exit LHC270IK
2025-04-12 17:54:35,868 - INFO - Monolith_Enter AUCA9GWZ
Monolith_Enter 8UT7TCF4
Monolith_Enter 675Z6962
2025-04-12 17:54:36,919 - INFO - Monolith_Exit AUCA9GWZ
Monolith_Exit 8UT7TCF4
Monolith_Exit 675Z6962
2025-04-12 17:54:36,920 - INFO - Monolith_Enter ODLD6OR5
2025-04-12 17:54:37,255 - INFO - Monolith_Exit ODLD6OR5
2025-04-12 17:54:37,256 - INFO - Monolith_Enter SOI4BH8M
Monolith_Enter MPDFHJOG
Monolith_Enter LYZTO0WZ
2025-04-12 17:54:37,929 - INFO - Monolith_Exit SOI4BH8M
Monolith_Exit MPDFHJOG
Monolith_Exit LYZTO0WZ
2025-04-12 17:54:37,930 - INFO - Monolith_Enter GIMBON4V
2025-04-12 17:54:38,241 - INFO - Monolith_Exit GIMBON4V
2025-04-12 17:54:38,242 - INFO - Monolith_Enter R8E68OY1
Monolith_Enter TZ6701P2
Monolith_Enter YZ3950QJ
2025-04-12 17:54:39,281 - INFO - Monolith_Exit R8E68OY1
Monolith_Exit TZ6701P2
Monolith_Exit YZ3950QJ
2025-04-12 17:54:39,282 - INFO - Monolith_Enter 16LDS9R7
2025-04-12 17:54:39,594 - INFO - Monolith_Exit 16LDS9R7
2025-04-12 17:54:39,595 - INFO - Monolith_Enter F0W2HY3X
Monolith_Enter KD72T1EA
Monolith_Enter VG689UOL
2025-04-12 17:54:40,390 - INFO - Monolith_Exit F0W2HY3X
Monolith_Exit KD72T1EA
Monolith_Exit VG689UOL
2025-04-12 17:54:40,391 - INFO - Monolith_Enter NNIXPZHI
2025-04-12 17:54:40,702 - INFO - Monolith_Exit NNIXPZHI
2025-04-12 17:54:40,703 - INFO - Monolith_Enter TB277BED
Monolith_Enter F56KJML3
Monolith_Enter X9O5BGFY
2025-04-12 17:54:41,419 - INFO - Monolith_Exit TB277BED
Monolith_Exit F56KJML3
Monolith_Exit X9O5BGFY
2025-04-12 17:54:41,420 - INFO - Monolith_Enter QIJ17M8S
2025-04-12 17:54:41,783 - INFO - Monolith_Exit QIJ17M8S
2025-04-12 17:54:41,784 - INFO - Monolith_Enter ZBIY2L33
Monolith_Enter R9S7608Q
Monolith_Enter DPW2PC61
2025-04-12 17:54:42,534 - INFO - Monolith_Exit ZBIY2L33
Monolith_Exit R9S7608Q
Monolith_Exit DPW2PC61
2025-04-12 17:54:42,535 - INFO - Monolith_Enter UH5PGGO1
2025-04-12 17:54:42,902 - INFO - Monolith_Exit UH5PGGO1
2025-04-12 17:54:42,903 - INFO - Monolith_Enter BVIJW9BY
Monolith_Enter 5NWCDYZX
Monolith_Enter WHHM4RHG
2025-04-12 17:54:43,691 - INFO - Monolith_Exit BVIJW9BY
Monolith_Exit 5NWCDYZX
Monolith_Exit WHHM4RHG
2025-04-12 17:54:43,692 - INFO - Monolith_Enter D3TYVN3Y
2025-04-12 17:54:43,916 - INFO - Monolith_Exit D3TYVN3Y
2025-04-12 17:54:43,917 - INFO - Monolith_Enter 0PKHO9O1
Monolith_Enter PJZA3ZNX
Monolith_Enter OL9PJKED
2025-04-12 17:54:44,863 - INFO - Monolith_Exit 0PKHO9O1
Monolith_Exit PJZA3ZNX
Monolith_Exit OL9PJKED
2025-04-12 17:54:44,864 - INFO - Monolith_Enter H4QO569H
2025-04-12 17:54:45,213 - INFO - Monolith_Exit H4QO569H
2025-04-12 17:54:45,216 - INFO - Monolith_Enter YGHPA11D
Monolith_Enter 709416NF
Monolith_Enter PC0Q4DGJ
2025-04-12 17:54:46,551 - INFO - Monolith_Exit YGHPA11D
Monolith_Exit 709416NF
Monolith_Exit PC0Q4DGJ
2025-04-12 17:54:46,552 - INFO - Monolith_Enter LDWKVXTL
2025-04-12 17:54:46,812 - INFO - Monolith_Exit LDWKVXTL
2025-04-12 17:54:46,813 - INFO - Monolith_Enter MA4EZX77
Monolith_Enter 1HNR9O26
Monolith_Enter 8MRZKBS4
2025-04-12 17:54:47,863 - INFO - Monolith_Exit MA4EZX77
Monolith_Exit 1HNR9O26
Monolith_Exit 8MRZKBS4
2025-04-12 17:54:47,864 - INFO - Monolith_Enter WKB4RXVW
2025-04-12 17:54:48,173 - INFO - Monolith_Exit WKB4RXVW
2025-04-12 17:54:48,174 - INFO - Monolith_Enter 1ULQYNPJ
Monolith_Enter T1BSI5EK
Monolith_Enter OEB7KKOQ
2025-04-12 17:54:48,732 - INFO - Monolith_Exit 1ULQYNPJ
Monolith_Exit T1BSI5EK
Monolith_Exit OEB7KKOQ
2025-04-12 17:54:48,733 - INFO - Monolith_Enter XYNMFXZH
2025-04-12 17:54:49,039 - INFO - Monolith_Exit XYNMFXZH
2025-04-12 17:54:49,040 - INFO - Monolith_Enter 77OOUIKC
Monolith_Enter QKCZ4V42
Monolith_Enter 6Y3Y95MQ
2025-04-12 17:54:50,169 - INFO - Monolith_Exit 77OOUIKC
Monolith_Exit QKCZ4V42
Monolith_Exit 6Y3Y95MQ
2025-04-12 17:54:50,170 - INFO - Monolith_Enter RVICBAMB
2025-04-12 17:54:50,510 - INFO - Monolith_Exit RVICBAMB
2025-04-12 17:54:50,511 - INFO - Monolith_Enter PRC8RBUX
Monolith_Enter HFJZ3NWK
Monolith_Enter PFCJ2217
2025-04-12 17:54:51,468 - INFO - Monolith_Exit PRC8RBUX
Monolith_Exit HFJZ3NWK
Monolith_Exit PFCJ2217
2025-04-12 17:54:51,469 - INFO - Monolith_Enter 9OROBXB7
2025-04-12 17:54:51,690 - INFO - Monolith_Exit 9OROBXB7
2025-04-12 17:54:51,692 - INFO - Monolith_Enter 4DIZ72BV
Monolith_Enter VE2ABZAT
Monolith_Enter P0T06INS
2025-04-12 17:54:52,329 - INFO - Monolith_Exit 4DIZ72BV
Monolith_Exit VE2ABZAT
Monolith_Exit P0T06INS
2025-04-12 17:54:52,330 - INFO - Monolith_Enter B3CPFBT0
2025-04-12 17:54:52,708 - INFO - Monolith_Exit B3CPFBT0
2025-04-12 17:54:52,709 - INFO - Monolith_Enter SDHKO1ID
Monolith_Enter NP659MPN
Monolith_Enter KHT1TZ9T
2025-04-12 17:54:53,596 - INFO - Monolith_Exit SDHKO1ID
Monolith_Exit NP659MPN
Monolith_Exit KHT1TZ9T
2025-04-12 17:54:53,597 - INFO - Monolith_Enter EA3IOMC4
2025-04-12 17:54:53,968 - INFO - Monolith_Exit EA3IOMC4
2025-04-12 17:54:53,969 - INFO - Monolith_Enter U48UFJB1
Monolith_Enter WBQP5M3K
Monolith_Enter 8XWT4KCQ
2025-04-12 17:54:55,009 - INFO - Monolith_Exit U48UFJB1
Monolith_Exit WBQP5M3K
Monolith_Exit 8XWT4KCQ
2025-04-12 17:54:55,010 - INFO - Monolith_Enter ZBLVSJT8
2025-04-12 17:54:55,521 - INFO - Monolith_Exit ZBLVSJT8
2025-04-12 17:54:55,522 - INFO - Monolith_Enter JLBYS4IL
Monolith_Enter B2SDGGA9
Monolith_Enter GYLFEUYQ
2025-04-12 17:54:56,633 - INFO - Monolith_Exit JLBYS4IL
Monolith_Exit B2SDGGA9
Monolith_Exit GYLFEUYQ
2025-04-12 17:54:56,635 - INFO - Monolith_Enter HEADUA6U
2025-04-12 17:54:56,943 - INFO - Monolith_Exit HEADUA6U
2025-04-12 17:54:56,945 - INFO - Monolith_Enter 0AKHWGEP
Monolith_Enter UE31LARN
Monolith_Enter PS7VI59D
2025-04-12 17:54:57,671 - INFO - Monolith_Exit 0AKHWGEP
Monolith_Exit UE31LARN
Monolith_Exit PS7VI59D
2025-04-12 17:54:57,672 - INFO - Monolith_Enter AMB3YLAO
2025-04-12 17:54:57,966 - INFO - Monolith_Exit AMB3YLAO
2025-04-12 17:54:57,967 - INFO - Monolith_Enter B15V611W
Monolith_Enter 36J0JJTK
Monolith_Enter 7QQOBPDQ
2025-04-12 17:54:58,693 - INFO - Monolith_Exit B15V611W
Monolith_Exit 36J0JJTK
Monolith_Exit 7QQOBPDQ
2025-04-12 17:54:58,693 - INFO - Monolith_Enter GB9HXVFU
2025-04-12 17:54:59,004 - INFO - Monolith_Exit GB9HXVFU
2025-04-12 17:54:59,005 - INFO - Monolith_Enter MN20721T
Monolith_Enter GBCUD9H6
Monolith_Enter 4I9K1PG0
2025-04-12 17:54:59,995 - INFO - Monolith_Exit MN20721T
Monolith_Exit GBCUD9H6
Monolith_Exit 4I9K1PG0
2025-04-12 17:54:59,995 - INFO - Monolith_Enter 3JEPJPFC
2025-04-12 17:55:00,335 - INFO - Monolith_Exit 3JEPJPFC
2025-04-12 17:55:00,337 - INFO - Monolith_Enter X631CUB8
Monolith_Enter 6Z2IMTUM
Monolith_Enter XMQW5ART
2025-04-12 17:55:01,464 - INFO - Monolith_Exit X631CUB8
Monolith_Exit 6Z2IMTUM
Monolith_Exit XMQW5ART
2025-04-12 17:55:01,465 - INFO - Monolith_Enter B9AQC4TU
2025-04-12 17:55:03,664 - INFO - Monolith_Exit B9AQC4TU
2025-04-12 17:55:03,665 - INFO - Monolith_Enter PKBMN7ZF
Monolith_Enter H3GS9I5F
Monolith_Enter 0UC8ENZ4
2025-04-12 17:55:04,745 - INFO - Monolith_Exit PKBMN7ZF
Monolith_Exit H3GS9I5F
Monolith_Exit 0UC8ENZ4
2025-04-12 17:55:04,746 - INFO - Monolith_Enter Y52GEGLD
2025-04-12 17:55:04,986 - INFO - Monolith_Exit Y52GEGLD
2025-04-12 17:55:04,987 - INFO - Monolith_Enter KKEYNI0B
Monolith_Enter 91LKQFH6
Monolith_Enter 7JQAK2HH
2025-04-12 17:55:06,178 - INFO - Monolith_Exit KKEYNI0B
Monolith_Exit 91LKQFH6
Monolith_Exit 7JQAK2HH
2025-04-12 17:55:06,179 - INFO - Monolith_Enter 0CF67MGS
2025-04-12 17:55:06,490 - INFO - Monolith_Exit 0CF67MGS
2025-04-12 17:55:06,491 - INFO - Monolith_Enter IIRFOPWA
Monolith_Enter JRFDKIH5
Monolith_Enter 7IADFE4B
2025-04-12 17:55:07,465 - INFO - Monolith_Exit IIRFOPWA
Monolith_Exit JRFDKIH5
Monolith_Exit 7IADFE4B
2025-04-12 17:55:07,466 - INFO - Monolith_Enter YMUIYKQY
2025-04-12 17:55:07,726 - INFO - Monolith_Exit YMUIYKQY
2025-04-12 17:55:07,727 - INFO - Monolith_Enter WQUCSJPN
Monolith_Enter 5QUUO6ZS
Monolith_Enter MBECTJN2
2025-04-12 17:55:08,876 - INFO - Monolith_Exit WQUCSJPN
Monolith_Exit 5QUUO6ZS
Monolith_Exit MBECTJN2
2025-04-12 17:55:08,877 - INFO - Monolith_Enter ERSGU1AF
2025-04-12 17:55:09,281 - INFO - Monolith_Exit ERSGU1AF
2025-04-12 17:55:09,282 - INFO - Monolith_Enter I8YP9EAR
Monolith_Enter D1TQB35A
Monolith_Enter XBF4G3Z0
2025-04-12 17:55:09,973 - INFO - Monolith_Exit I8YP9EAR
Monolith_Exit D1TQB35A
Monolith_Exit XBF4G3Z0
2025-04-12 17:55:09,974 - INFO - Monolith_Enter UE1X7OEU
2025-04-12 17:55:10,389 - INFO - Monolith_Exit UE1X7OEU
2025-04-12 17:55:10,391 - INFO - Monolith_Enter 3YGFBV7E
Monolith_Enter X1LJJQOF
Monolith_Enter DIIVHQSA
2025-04-12 17:55:11,187 - INFO - Monolith_Exit 3YGFBV7E
Monolith_Exit X1LJJQOF
Monolith_Exit DIIVHQSA
2025-04-12 17:55:11,188 - INFO - Monolith_Enter CNRE2IDD
2025-04-12 17:55:11,572 - INFO - Monolith_Exit CNRE2IDD
2025-04-12 17:55:11,574 - INFO - Monolith_Enter BJRD3C82
Monolith_Enter O2YNQEHO
Monolith_Enter Q7O2JWOL
2025-04-12 17:55:12,300 - INFO - Monolith_Exit BJRD3C82
Monolith_Exit O2YNQEHO
Monolith_Exit Q7O2JWOL
2025-04-12 17:55:12,301 - INFO - Monolith_Enter Z0G1VYT8
2025-04-12 17:55:12,608 - INFO - Monolith_Exit Z0G1VYT8
2025-04-12 17:55:12,610 - INFO - Monolith_Enter F45VACVV
Monolith_Enter QNZLHWWP
Monolith_Enter 4UDR0W4J
2025-04-12 17:55:13,381 - INFO - Monolith_Exit F45VACVV
Monolith_Exit QNZLHWWP
Monolith_Exit 4UDR0W4J
2025-04-12 17:55:13,382 - INFO - Monolith_Enter UWHAF5Y2
2025-04-12 17:55:13,614 - INFO - Monolith_Exit UWHAF5Y2
2025-04-12 17:55:13,615 - INFO - Monolith_Enter VVT1DPYP
Monolith_Enter N3DRU3B7
Monolith_Enter WPGODK3Y
2025-04-12 17:55:14,258 - INFO - Monolith_Exit VVT1DPYP
Monolith_Exit N3DRU3B7
Monolith_Exit WPGODK3Y
2025-04-12 17:55:14,259 - INFO - Monolith_Enter 81Z94BQZ
2025-04-12 17:55:14,583 - INFO - Monolith_Exit 81Z94BQZ
2025-04-12 17:55:14,584 - INFO - Monolith_Enter XGEVFLFW
Monolith_Enter F81LIS7B
Monolith_Enter CFD36XYA
2025-04-12 17:55:15,299 - INFO - Monolith_Exit XGEVFLFW
Monolith_Exit F81LIS7B
Monolith_Exit CFD36XYA
2025-04-12 17:55:15,300 - INFO - Monolith_Enter 41BETK9L
2025-04-12 17:55:15,577 - INFO - Monolith_Exit 41BETK9L
2025-04-12 17:55:15,578 - INFO - Monolith_Enter HW5W7K6M
Monolith_Enter DHSBAJ1G
Monolith_Enter S606VVQ5
2025-04-12 17:55:16,289 - INFO - Monolith_Exit HW5W7K6M
Monolith_Exit DHSBAJ1G
Monolith_Exit S606VVQ5
2025-04-12 17:55:16,290 - INFO - Monolith_Enter KLFINSG5
2025-04-12 17:55:16,611 - INFO - Monolith_Exit KLFINSG5
2025-04-12 17:55:16,612 - INFO - Monolith_Enter VYHI7A4C
Monolith_Enter SJS0JEAN
Monolith_Enter V2CZZKTR
2025-04-12 17:55:17,326 - INFO - Monolith_Exit VYHI7A4C
Monolith_Exit SJS0JEAN
Monolith_Exit V2CZZKTR
2025-04-12 17:55:17,327 - INFO - Monolith_Enter 6LZYZ9JB
2025-04-12 17:55:17,844 - INFO - Monolith_Exit 6LZYZ9JB
2025-04-12 17:55:17,845 - INFO - Monolith_Enter XAZ9XQ5X
Monolith_Enter Q7GJVYTO
Monolith_Enter C00J545H
2025-04-12 17:55:19,045 - INFO - Monolith_Exit XAZ9XQ5X
Monolith_Exit Q7GJVYTO
Monolith_Exit C00J545H
2025-04-12 17:55:19,046 - INFO - Monolith_Enter WUI0KDPB
2025-04-12 17:55:19,383 - INFO - Monolith_Exit WUI0KDPB
2025-04-12 17:55:19,384 - INFO - Monolith_Enter RNZ3RY9S
Monolith_Enter GU0Y0UAQ
Monolith_Enter 64EDLA24
2025-04-12 17:55:20,183 - INFO - Monolith_Exit RNZ3RY9S
Monolith_Exit GU0Y0UAQ
Monolith_Exit 64EDLA24
2025-04-12 17:55:20,184 - INFO - Monolith_Enter S0675HH6
2025-04-12 17:55:20,530 - INFO - Monolith_Exit S0675HH6
2025-04-12 17:55:20,531 - INFO - Monolith_Enter R3TFFCDD
Monolith_Enter WJO02RCA
Monolith_Enter 7EI2AADU
2025-04-12 17:55:21,207 - INFO - Monolith_Exit R3TFFCDD
Monolith_Exit WJO02RCA
Monolith_Exit 7EI2AADU
2025-04-12 17:55:21,208 - INFO - Monolith_Enter NXUD1GDW
2025-04-12 17:55:21,477 - INFO - Monolith_Exit NXUD1GDW
2025-04-12 17:55:21,478 - INFO - Monolith_Enter BZ8X82Z9
Monolith_Enter LKMVEGWU
Monolith_Enter 1IVYWN9V
2025-04-12 17:55:22,415 - INFO - Monolith_Exit BZ8X82Z9
Monolith_Exit LKMVEGWU
Monolith_Exit 1IVYWN9V
2025-04-12 17:55:22,416 - INFO - Monolith_Enter S0CIYLAZ
2025-04-12 17:55:22,847 - INFO - Monolith_Exit S0CIYLAZ
2025-04-12 17:55:22,848 - INFO - Monolith_Enter TN7JM241
Monolith_Enter SQSEE2P3
Monolith_Enter D46IN6UY
2025-04-12 17:55:23,591 - INFO - Monolith_Exit TN7JM241
Monolith_Exit SQSEE2P3
Monolith_Exit D46IN6UY
2025-04-12 17:55:23,592 - INFO - Monolith_Enter 7ZFDEFUS
2025-04-12 17:55:23,950 - INFO - Monolith_Exit 7ZFDEFUS
2025-04-12 17:55:23,951 - INFO - Monolith_Enter N7P45LWI
Monolith_Enter WP9H810Y
Monolith_Enter 3S12X99B
2025-04-12 17:55:24,788 - INFO - Monolith_Exit N7P45LWI
Monolith_Exit WP9H810Y
Monolith_Exit 3S12X99B
2025-04-12 17:55:24,789 - INFO - Monolith_Enter 237OMMHS
2025-04-12 17:55:25,123 - INFO - Monolith_Exit 237OMMHS
2025-04-12 17:55:25,125 - INFO - Monolith_Enter 8CFA8P0K
Monolith_Enter HJ42JSAA
Monolith_Enter 1A1JK4CP
2025-04-12 17:55:25,834 - INFO - Monolith_Exit 8CFA8P0K
Monolith_Exit HJ42JSAA
Monolith_Exit 1A1JK4CP
2025-04-12 17:55:25,835 - INFO - Monolith_Enter F1ZK6SX8
2025-04-12 17:55:26,171 - INFO - Monolith_Exit F1ZK6SX8
2025-04-12 17:55:26,173 - INFO - Monolith_Enter ZCVMYW34
Monolith_Enter QX86S2G1
Monolith_Enter R2NQ5B2V
2025-04-12 17:55:27,321 - INFO - Monolith_Exit ZCVMYW34
Monolith_Exit QX86S2G1
Monolith_Exit R2NQ5B2V
2025-04-12 17:55:27,321 - INFO - Monolith_Enter BNE5V0SP
2025-04-12 17:55:27,641 - INFO - Monolith_Exit BNE5V0SP
2025-04-12 17:55:27,642 - INFO - Monolith_Enter ZQAJ4KDQ
Monolith_Enter QPP8K38X
Monolith_Enter IQWKIX5C
2025-04-12 17:55:28,578 - INFO - Monolith_Exit ZQAJ4KDQ
Monolith_Exit QPP8K38X
Monolith_Exit IQWKIX5C
2025-04-12 17:55:28,579 - INFO - Monolith_Enter H1KLB4RM
2025-04-12 17:55:29,018 - INFO - Monolith_Exit H1KLB4RM
2025-04-12 17:55:29,019 - INFO - Monolith_Enter Z4BWEQMD
Monolith_Enter YDAYI5UO
Monolith_Enter DGD2Q34H
2025-04-12 17:55:29,822 - INFO - Monolith_Exit Z4BWEQMD
Monolith_Exit YDAYI5UO
Monolith_Exit DGD2Q34H
2025-04-12 17:55:29,823 - INFO - Monolith_Enter FU6BCSHJ
2025-04-12 17:55:30,245 - INFO - Monolith_Exit FU6BCSHJ
2025-04-12 17:55:30,246 - INFO - Monolith_Enter 0KESEJIY
Monolith_Enter 7ZJHCRDE
Monolith_Enter 8EUCNAU3
2025-04-12 17:55:30,960 - INFO - Monolith_Exit 0KESEJIY
Monolith_Exit 7ZJHCRDE
Monolith_Exit 8EUCNAU3
2025-04-12 17:55:30,961 - INFO - Monolith_Enter P1QVOXZ9
2025-04-12 17:55:31,312 - INFO - Monolith_Exit P1QVOXZ9
2025-04-12 17:55:31,313 - INFO - Monolith_Enter 0XLL3UF5
Monolith_Enter DFH0G7EB
Monolith_Enter GSW8X8CL
2025-04-12 17:55:32,010 - INFO - Monolith_Exit 0XLL3UF5
Monolith_Exit DFH0G7EB
Monolith_Exit GSW8X8CL
2025-04-12 17:55:32,011 - INFO - Monolith_Enter OULML4LE
2025-04-12 17:55:32,298 - INFO - Monolith_Exit OULML4LE
2025-04-12 17:55:32,300 - INFO - Monolith_Enter YUD2PH77
Monolith_Enter AVO3XPJH
Monolith_Enter 5EW7C5BT
2025-04-12 17:55:32,990 - INFO - Monolith_Exit YUD2PH77
Monolith_Exit AVO3XPJH
Monolith_Exit 5EW7C5BT
2025-04-12 17:55:32,990 - INFO - Monolith_Enter IM37I2QG
2025-04-12 17:55:33,373 - INFO - Monolith_Exit IM37I2QG
2025-04-12 17:55:33,374 - INFO - Monolith_Enter S8ZZ23WK
Monolith_Enter BZTL6CDR
Monolith_Enter TN3HH5FV
2025-04-12 17:55:34,131 - INFO - Monolith_Exit S8ZZ23WK
Monolith_Exit BZTL6CDR
Monolith_Exit TN3HH5FV
2025-04-12 17:55:34,132 - INFO - Monolith_Enter GG88ELZF
2025-04-12 17:55:34,477 - INFO - Monolith_Exit GG88ELZF
2025-04-12 17:55:34,478 - INFO - Monolith_Enter 9HJIT9DG
Monolith_Enter 1GF8XZXX
Monolith_Enter SM25DEUD
2025-04-12 17:55:35,316 - INFO - Monolith_Exit 9HJIT9DG
Monolith_Exit 1GF8XZXX
Monolith_Exit SM25DEUD
2025-04-12 17:55:35,316 - INFO - Monolith_Enter WGOB6LZR
2025-04-12 17:55:35,617 - INFO - Monolith_Exit WGOB6LZR
2025-04-12 17:55:35,619 - INFO - Monolith_Enter 76TI73W1
Monolith_Enter RYW0DCNT
Monolith_Enter 4L073GMX
2025-04-12 17:55:36,343 - INFO - Monolith_Exit 76TI73W1
Monolith_Exit RYW0DCNT
Monolith_Exit 4L073GMX
2025-04-12 17:55:36,344 - INFO - Monolith_Enter UYNX8G1V
2025-04-12 17:55:36,586 - INFO - Monolith_Exit UYNX8G1V
2025-04-12 17:55:36,587 - INFO - Monolith_Enter WD3Q0X2X
Monolith_Enter QB5V1M2Z
Monolith_Enter Y673HZBD
2025-04-12 17:55:37,647 - INFO - Monolith_Exit WD3Q0X2X
Monolith_Exit QB5V1M2Z
Monolith_Exit Y673HZBD
2025-04-12 17:55:37,647 - INFO - Monolith_Enter D4FNODL9
2025-04-12 17:55:37,967 - INFO - Monolith_Exit D4FNODL9
2025-04-12 17:55:37,968 - INFO - Monolith_Enter GHL73264
Monolith_Enter ILJZS830
Monolith_Enter 4FS07HT2
2025-04-12 17:55:38,977 - INFO - Monolith_Exit GHL73264
Monolith_Exit ILJZS830
Monolith_Exit 4FS07HT2
2025-04-12 17:55:38,978 - INFO - Monolith_Enter S83O0FT7
2025-04-12 17:55:39,321 - INFO - Monolith_Exit S83O0FT7
2025-04-12 17:55:39,322 - INFO - Monolith_Enter 62XWDCOF
Monolith_Enter WABXIICA
Monolith_Enter 2ONW2QG9
2025-04-12 17:55:40,267 - INFO - Monolith_Exit 62XWDCOF
Monolith_Exit WABXIICA
Monolith_Exit 2ONW2QG9
2025-04-12 17:55:40,268 - INFO - Monolith_Enter HVTUIMSP
2025-04-12 17:55:40,576 - INFO - Monolith_Exit HVTUIMSP
2025-04-12 17:55:40,577 - INFO - Monolith_Enter UP3ME5CQ
Monolith_Enter 1RB2JZHD
Monolith_Enter WHPYUJTC
2025-04-12 17:55:41,397 - INFO - Monolith_Exit UP3ME5CQ
Monolith_Exit 1RB2JZHD
Monolith_Exit WHPYUJTC
2025-04-12 17:55:41,399 - INFO - Monolith_Enter 23AOWHNP
2025-04-12 17:55:41,726 - INFO - Monolith_Exit 23AOWHNP
2025-04-12 17:55:41,727 - INFO - Monolith_Enter V4X2OXUS
Monolith_Enter GRX6HOZQ
Monolith_Enter HA9H8HAN
2025-04-12 17:55:42,351 - INFO - Monolith_Exit V4X2OXUS
Monolith_Exit GRX6HOZQ
Monolith_Exit HA9H8HAN
2025-04-12 17:55:42,351 - INFO - Monolith_Enter Q7YAYY69
2025-04-12 17:55:42,676 - INFO - Monolith_Exit Q7YAYY69
2025-04-12 17:55:42,678 - INFO - Monolith_Enter 5LD17G7O
Monolith_Enter 4WMHLCXG
Monolith_Enter WLWCU75Q
2025-04-12 17:55:43,605 - INFO - Monolith_Exit 5LD17G7O
Monolith_Exit 4WMHLCXG
Monolith_Exit WLWCU75Q
2025-04-12 17:55:43,606 - INFO - Monolith_Enter ZHX4OT2H
2025-04-12 17:55:44,018 - INFO - Monolith_Exit ZHX4OT2H
2025-04-12 17:55:44,019 - INFO - Monolith_Enter DWDNNF8R
Monolith_Enter R1H8M5RQ
Monolith_Enter 9FZG09AT
2025-04-12 17:55:44,685 - INFO - Monolith_Exit DWDNNF8R
Monolith_Exit R1H8M5RQ
Monolith_Exit 9FZG09AT
2025-04-12 17:55:44,685 - INFO - Monolith_Enter TTNFDGLD
2025-04-12 17:55:45,004 - INFO - Monolith_Exit TTNFDGLD
2025-04-12 17:55:45,005 - INFO - Monolith_Enter M3W5GIOP
Monolith_Enter WUX4HJHX
Monolith_Enter EE1OFZYN
2025-04-12 17:55:46,039 - INFO - Monolith_Exit M3W5GIOP
Monolith_Exit WUX4HJHX
Monolith_Exit EE1OFZYN
2025-04-12 17:55:46,040 - INFO - Monolith_Enter 7GUWQJIX
2025-04-12 17:55:46,299 - INFO - Monolith_Exit 7GUWQJIX
2025-04-12 17:55:46,300 - INFO - Monolith_Enter X2N9GZUF
Monolith_Enter QM7K1Q27
Monolith_Enter K15QZMMO
2025-04-12 17:55:47,032 - INFO - Monolith_Exit X2N9GZUF
Monolith_Exit QM7K1Q27
Monolith_Exit K15QZMMO
2025-04-12 17:55:47,033 - INFO - Monolith_Enter O4QID587
2025-04-12 17:55:47,353 - INFO - Monolith_Exit O4QID587
2025-04-12 17:55:47,354 - INFO - Monolith_Enter QEQT91I9
Monolith_Enter ZYPP56S4
Monolith_Enter SKKK11BC
2025-04-12 17:55:48,169 - INFO - Monolith_Exit QEQT91I9
Monolith_Exit ZYPP56S4
Monolith_Exit SKKK11BC
2025-04-12 17:55:48,170 - INFO - Monolith_Enter 2ABV20AC
2025-04-12 17:55:48,466 - INFO - Monolith_Exit 2ABV20AC
2025-04-12 17:55:48,467 - INFO - Monolith_Enter VIS9XO8K
Monolith_Enter XVWRWLRR
Monolith_Enter TPC9QBLX
2025-04-12 17:55:49,207 - INFO - Monolith_Exit VIS9XO8K
Monolith_Exit XVWRWLRR
Monolith_Exit TPC9QBLX
2025-04-12 17:55:49,208 - INFO - Monolith_Enter G014O6D4
2025-04-12 17:55:49,496 - INFO - Monolith_Exit G014O6D4
2025-04-12 17:55:49,497 - INFO - Monolith_Enter 4UVGYSD5
Monolith_Enter M4Y36KWQ
Monolith_Enter 9RTVBSXI
2025-04-12 17:55:50,579 - INFO - Monolith_Exit 4UVGYSD5
Monolith_Exit M4Y36KWQ
Monolith_Exit 9RTVBSXI
2025-04-12 17:55:50,580 - INFO - Monolith_Enter 471JCFBZ
2025-04-12 17:55:50,986 - INFO - Monolith_Exit 471JCFBZ
2025-04-12 17:55:50,987 - INFO - Monolith_Enter 742UH1Q4
Monolith_Enter Y2PKWOHY
Monolith_Enter N7DWRGRR
2025-04-12 17:55:52,177 - INFO - Monolith_Exit 742UH1Q4
Monolith_Exit Y2PKWOHY
Monolith_Exit N7DWRGRR
2025-04-12 17:55:52,177 - INFO - Monolith_Enter NPMDKZ4S
2025-04-12 17:55:52,508 - INFO - Monolith_Exit NPMDKZ4S
2025-04-12 17:55:52,509 - INFO - Monolith_Enter D5SSKAIS
Monolith_Enter 9M29J5W3
Monolith_Enter EQTXTKB3
2025-04-12 17:55:53,332 - INFO - Monolith_Exit D5SSKAIS
Monolith_Exit 9M29J5W3
Monolith_Exit EQTXTKB3
2025-04-12 17:55:53,333 - INFO - Monolith_Enter EZSEJF67
2025-04-12 17:55:53,625 - INFO - Monolith_Exit EZSEJF67
2025-04-12 17:55:53,626 - INFO - Monolith_Enter 7114RGA4
Monolith_Enter 1WC1GK16
Monolith_Enter EEEPMY7J
2025-04-12 17:55:54,647 - INFO - Monolith_Exit 7114RGA4
Monolith_Exit 1WC1GK16
Monolith_Exit EEEPMY7J
2025-04-12 17:55:54,648 - INFO - Monolith_Enter 7GC8MQQ5
2025-04-12 17:55:54,953 - INFO - Monolith_Exit 7GC8MQQ5
2025-04-12 17:55:54,954 - INFO - Monolith_Enter Y2POGMX6
Monolith_Enter 7KE1DRY4
Monolith_Enter NZHC6ALI
2025-04-12 17:55:56,152 - INFO - Monolith_Exit Y2POGMX6
Monolith_Exit 7KE1DRY4
Monolith_Exit NZHC6ALI
2025-04-12 17:55:56,153 - INFO - Monolith_Enter 022Z2NXD
2025-04-12 17:55:56,525 - INFO - Monolith_Exit 022Z2NXD
2025-04-12 17:55:56,526 - INFO - Monolith_Enter HDY3Y4RT
Monolith_Enter UHDOL8I3
Monolith_Enter 19VS46CF
2025-04-12 17:55:57,431 - INFO - Monolith_Exit HDY3Y4RT
Monolith_Exit UHDOL8I3
Monolith_Exit 19VS46CF
2025-04-12 17:55:57,432 - INFO - Monolith_Enter OYCFALYR
2025-04-12 17:55:57,807 - INFO - Monolith_Exit OYCFALYR
2025-04-12 17:55:57,808 - INFO - Monolith_Enter F9D7C03S
Monolith_Enter 0DYNACC2
Monolith_Enter 4CLP0WYR
2025-04-12 17:55:58,574 - INFO - Monolith_Exit F9D7C03S
Monolith_Exit 0DYNACC2
Monolith_Exit 4CLP0WYR
2025-04-12 17:55:58,574 - INFO - Monolith_Enter QCJ3G4Y9
2025-04-12 17:55:58,902 - INFO - Monolith_Exit QCJ3G4Y9
2025-04-12 17:55:58,903 - INFO - Monolith_Enter RI52F39F
Monolith_Enter Z9BL7MNT
Monolith_Enter WVZDU8RO
2025-04-12 17:55:59,865 - INFO - Monolith_Exit RI52F39F
Monolith_Exit Z9BL7MNT
Monolith_Exit WVZDU8RO
2025-04-12 17:55:59,866 - INFO - Monolith_Enter BGZZRHUF
2025-04-12 17:56:00,207 - INFO - Monolith_Exit BGZZRHUF
2025-04-12 17:56:00,208 - INFO - Monolith_Enter 6YU6WM70
Monolith_Enter P8R3WW7N
Monolith_Enter S349IJD4
2025-04-12 17:56:00,972 - INFO - Monolith_Exit 6YU6WM70
Monolith_Exit P8R3WW7N
Monolith_Exit S349IJD4
2025-04-12 17:56:00,973 - INFO - Monolith_Enter JVIOUBIL
2025-04-12 17:56:01,280 - INFO - Monolith_Exit JVIOUBIL
2025-04-12 17:56:01,281 - INFO - Monolith_Enter 24A4W7IZ
Monolith_Enter RC0ALICV
Monolith_Enter AW8RG6H0
2025-04-12 17:56:02,002 - INFO - Monolith_Exit 24A4W7IZ
Monolith_Exit RC0ALICV
Monolith_Exit AW8RG6H0
2025-04-12 17:56:02,003 - INFO - Monolith_Enter POFWR3BM
2025-04-12 17:56:02,394 - INFO - Monolith_Exit POFWR3BM
2025-04-12 17:56:02,395 - INFO - Monolith_Enter F5UCDXY1
Monolith_Enter RJ3RRPJ0
Monolith_Enter GVQ25NZD
2025-04-12 17:56:03,241 - INFO - Monolith_Exit F5UCDXY1
Monolith_Exit RJ3RRPJ0
Monolith_Exit GVQ25NZD
2025-04-12 17:56:03,243 - INFO - Monolith_Enter FLA60B7T
2025-04-12 17:56:03,572 - INFO - Monolith_Exit FLA60B7T
2025-04-12 17:56:03,573 - INFO - Monolith_Enter 1RKHU7TM
Monolith_Enter WD0CX4XF
Monolith_Enter 1NR9N54C
2025-04-12 17:56:04,332 - INFO - Monolith_Exit 1RKHU7TM
Monolith_Exit WD0CX4XF
Monolith_Exit 1NR9N54C
2025-04-12 17:56:04,333 - INFO - Monolith_Enter IG184RDG
2025-04-12 17:56:04,628 - INFO - Monolith_Exit IG184RDG
2025-04-12 17:56:04,629 - INFO - Monolith_Enter A3TZ2ICT
Monolith_Enter XI1RBUAV
Monolith_Enter E12TD592
2025-04-12 17:56:05,671 - INFO - Monolith_Exit A3TZ2ICT
Monolith_Exit XI1RBUAV
Monolith_Exit E12TD592
2025-04-12 17:56:05,672 - INFO - Monolith_Enter 6T8EE2JV
2025-04-12 17:56:05,908 - INFO - Monolith_Exit 6T8EE2JV
2025-04-12 17:56:05,910 - INFO - Monolith_Enter 8UNOBSHC
Monolith_Enter FTMKNLIR
Monolith_Enter 8SYQOBW4
2025-04-12 17:56:06,721 - INFO - Monolith_Exit 8UNOBSHC
Monolith_Exit FTMKNLIR
Monolith_Exit 8SYQOBW4
2025-04-12 17:56:06,723 - INFO - Monolith_Enter BWRD71IA
2025-04-12 17:56:07,142 - INFO - Monolith_Exit BWRD71IA
2025-04-12 17:56:07,143 - INFO - Monolith_Enter PKJ48T3E
Monolith_Enter Z5WRZ4PZ
Monolith_Enter BA2Z2X2R
2025-04-12 17:56:08,248 - INFO - Monolith_Exit PKJ48T3E
Monolith_Exit Z5WRZ4PZ
Monolith_Exit BA2Z2X2R
2025-04-12 17:56:08,249 - INFO - Monolith_Enter U4P749EU
2025-04-12 17:56:08,842 - INFO - Monolith_Exit U4P749EU
2025-04-12 17:56:08,843 - INFO - Monolith_Enter Z094X0IA
Monolith_Enter 2E3D3DFJ
Monolith_Enter LKR10AN6
2025-04-12 17:56:09,525 - INFO - Monolith_Exit Z094X0IA
Monolith_Exit 2E3D3DFJ
Monolith_Exit LKR10AN6
2025-04-12 17:56:09,525 - INFO - Monolith_Enter Z4BS7C0M
2025-04-12 17:56:09,835 - INFO - Monolith_Exit Z4BS7C0M
2025-04-12 17:56:09,836 - INFO - Monolith_Enter 9O4FQE1N
Monolith_Enter JB1E4HAJ
Monolith_Enter 3LNF1M77
2025-04-12 17:56:10,553 - INFO - Monolith_Exit 9O4FQE1N
Monolith_Exit JB1E4HAJ
Monolith_Exit 3LNF1M77
2025-04-12 17:56:10,553 - INFO - Monolith_Enter 3Z8VQSVW
2025-04-12 17:56:10,903 - INFO - Monolith_Exit 3Z8VQSVW
2025-04-12 17:56:10,904 - INFO - Monolith_Enter V71NKES2
Monolith_Enter DSCNDPQS
Monolith_Enter 83TOYNKA
2025-04-12 17:56:11,752 - INFO - Monolith_Exit V71NKES2
Monolith_Exit DSCNDPQS
Monolith_Exit 83TOYNKA
2025-04-12 17:56:11,753 - INFO - Monolith_Enter A61OWVXD
2025-04-12 17:56:12,073 - INFO - Monolith_Exit A61OWVXD
2025-04-12 17:56:12,074 - INFO - Monolith_Enter SK4IDR8R
Monolith_Enter 82LPW98I
Monolith_Enter RM9VJ7ND
2025-04-12 17:56:12,929 - INFO - Monolith_Exit SK4IDR8R
Monolith_Exit 82LPW98I
Monolith_Exit RM9VJ7ND
2025-04-12 17:56:12,931 - INFO - Monolith_Enter NLUTGGAU
2025-04-12 17:56:13,246 - INFO - Monolith_Exit NLUTGGAU
2025-04-12 17:56:13,248 - INFO - Monolith_Enter RJQFVXTE
Monolith_Enter 21DALCW4
Monolith_Enter W2XBC4TI
2025-04-12 17:56:13,923 - INFO - Monolith_Exit RJQFVXTE
Monolith_Exit 21DALCW4
Monolith_Exit W2XBC4TI
2025-04-12 17:56:13,924 - INFO - Monolith_Enter O8CD7PMY
2025-04-12 17:56:14,271 - INFO - Monolith_Exit O8CD7PMY
2025-04-12 17:56:14,272 - INFO - Monolith_Enter X8ZQFKMG
Monolith_Enter E8V4SHID
Monolith_Enter BZJI4DPG
2025-04-12 17:56:14,965 - INFO - Monolith_Exit X8ZQFKMG
Monolith_Exit E8V4SHID
Monolith_Exit BZJI4DPG
2025-04-12 17:56:14,966 - INFO - Monolith_Enter UJLDT5ZD
2025-04-12 17:56:15,218 - INFO - Monolith_Exit UJLDT5ZD
2025-04-12 17:56:15,219 - INFO - Monolith_Enter P0F3BL4J
Monolith_Enter 09JVQHUM
Monolith_Enter KNVIZAAR
2025-04-12 17:56:15,869 - INFO - Monolith_Exit P0F3BL4J
Monolith_Exit 09JVQHUM
Monolith_Exit KNVIZAAR
2025-04-12 17:56:15,870 - INFO - Monolith_Enter N2LUWT6H
2025-04-12 17:56:16,182 - INFO - Monolith_Exit N2LUWT6H
2025-04-12 17:56:16,183 - INFO - Monolith_Enter K6JENWOT
Monolith_Enter Y5MUZ3YE
Monolith_Enter 0VBGTYJI
2025-04-12 17:56:17,111 - INFO - Monolith_Exit K6JENWOT
Monolith_Exit Y5MUZ3YE
Monolith_Exit 0VBGTYJI
2025-04-12 17:56:17,112 - INFO - Monolith_Enter TVYKGIKO
2025-04-12 17:56:17,421 - INFO - Monolith_Exit TVYKGIKO
2025-04-12 17:56:17,422 - INFO - Monolith_Enter TVHE5MAU
Monolith_Enter EV95ZZZX
Monolith_Enter FI9OWL3U
2025-04-12 17:56:18,339 - INFO - Monolith_Exit TVHE5MAU
Monolith_Exit EV95ZZZX
Monolith_Exit FI9OWL3U
2025-04-12 17:56:18,340 - INFO - Monolith_Enter LFHVTQB9
2025-04-12 17:56:18,944 - INFO - Monolith_Exit LFHVTQB9
2025-04-12 17:56:18,945 - INFO - Monolith_Enter LEY4TTV0
Monolith_Enter Q8QSXYW4
Monolith_Enter SR407W6L
2025-04-12 17:56:20,225 - INFO - Monolith_Exit LEY4TTV0
Monolith_Exit Q8QSXYW4
Monolith_Exit SR407W6L
2025-04-12 17:56:20,226 - INFO - Monolith_Enter 1E6RQO02
2025-04-12 17:56:20,527 - INFO - Monolith_Exit 1E6RQO02
2025-04-12 17:56:20,528 - INFO - Monolith_Enter XPKMRHOG
Monolith_Enter AZWCUL6J
Monolith_Enter 3JX8VVQO
2025-04-12 17:56:21,443 - INFO - Monolith_Exit XPKMRHOG
Monolith_Exit AZWCUL6J
Monolith_Exit 3JX8VVQO
2025-04-12 17:56:21,444 - INFO - Monolith_Enter T9S684N4
2025-04-12 17:56:21,756 - INFO - Monolith_Exit T9S684N4
2025-04-12 17:56:21,758 - INFO - Monolith_Enter ARNMGEZ8
Monolith_Enter CH5J4LSU
Monolith_Enter 9NJDOP3P
2025-04-12 17:56:22,844 - INFO - Monolith_Exit ARNMGEZ8
Monolith_Exit CH5J4LSU
Monolith_Exit 9NJDOP3P
2025-04-12 17:56:22,844 - INFO - Monolith_Enter 93Z20KEX
2025-04-12 17:56:23,352 - INFO - Monolith_Exit 93Z20KEX
2025-04-12 17:56:23,353 - INFO - Monolith_Enter WC5WT1Z1
Monolith_Enter QBZ90LOQ
Monolith_Enter WTUFRYKG
2025-04-12 17:56:24,055 - INFO - Monolith_Exit WC5WT1Z1
Monolith_Exit QBZ90LOQ
Monolith_Exit WTUFRYKG
2025-04-12 17:56:24,056 - INFO - Monolith_Enter RU2X6652
2025-04-12 17:56:24,413 - INFO - Monolith_Exit RU2X6652
2025-04-12 17:56:24,414 - INFO - Monolith_Enter XHYUDDGR
Monolith_Enter IENZKGQD
Monolith_Enter JFGSDTC1
2025-04-12 17:56:25,865 - INFO - Monolith_Exit XHYUDDGR
Monolith_Exit IENZKGQD
Monolith_Exit JFGSDTC1
2025-04-12 17:56:25,866 - INFO - Monolith_Enter 4KAJ0A42
2025-04-12 17:56:26,217 - INFO - Monolith_Exit 4KAJ0A42
2025-04-12 17:56:26,218 - INFO - Monolith_Enter U3RA53VG
Monolith_Enter 0PDM4FGL
Monolith_Enter NSOBWJHN
2025-04-12 17:56:26,958 - INFO - Monolith_Exit U3RA53VG
Monolith_Exit 0PDM4FGL
Monolith_Exit NSOBWJHN
2025-04-12 17:56:26,959 - INFO - Monolith_Enter N4Y2QT9X
2025-04-12 17:56:27,344 - INFO - Monolith_Exit N4Y2QT9X
2025-04-12 17:56:27,345 - INFO - Monolith_Enter T9U32SBN
Monolith_Enter KOCWD6AP
Monolith_Enter KP7KB9CV
2025-04-12 17:56:28,109 - INFO - Monolith_Exit T9U32SBN
Monolith_Exit KOCWD6AP
Monolith_Exit KP7KB9CV
2025-04-12 17:56:28,110 - INFO - Monolith_Enter Q4QEA43X
2025-04-12 17:56:28,450 - INFO - Monolith_Exit Q4QEA43X
2025-04-12 17:56:28,452 - INFO - Monolith_Enter P3CNIFQ8
Monolith_Enter RFV1R77I
Monolith_Enter 1VM7FA3I
2025-04-12 17:56:29,175 - INFO - Monolith_Exit P3CNIFQ8
Monolith_Exit RFV1R77I
Monolith_Exit 1VM7FA3I
2025-04-12 17:56:29,176 - INFO - Monolith_Enter 9X5PMDWO
2025-04-12 17:56:29,577 - INFO - Monolith_Exit 9X5PMDWO
2025-04-12 17:56:29,578 - INFO - Monolith_Enter UKPBM66W
Monolith_Enter GNLE1GHW
Monolith_Enter 6KKEUT3C
2025-04-12 17:56:30,276 - INFO - Monolith_Exit UKPBM66W
Monolith_Exit GNLE1GHW
Monolith_Exit 6KKEUT3C
2025-04-12 17:56:30,277 - INFO - Monolith_Enter G6W3TIS6
2025-04-12 17:56:30,636 - INFO - Monolith_Exit G6W3TIS6
2025-04-12 17:56:30,637 - INFO - Monolith_Enter IR8WWZX1
Monolith_Enter 83JGJCIO
Monolith_Enter PB4J2PSU
2025-04-12 17:56:31,387 - INFO - Monolith_Exit IR8WWZX1
Monolith_Exit 83JGJCIO
Monolith_Exit PB4J2PSU
2025-04-12 17:56:31,388 - INFO - Monolith_Enter WKA1JMZW
2025-04-12 17:56:31,729 - INFO - Monolith_Exit WKA1JMZW
2025-04-12 17:56:31,730 - INFO - Monolith_Enter QMWXE330
Monolith_Enter GEJZSQIK
Monolith_Enter IXECWMWH
2025-04-12 17:56:32,365 - INFO - Monolith_Exit QMWXE330
Monolith_Exit GEJZSQIK
Monolith_Exit IXECWMWH
2025-04-12 17:56:32,366 - INFO - Monolith_Enter 3P9G2Y22
2025-04-12 17:56:32,684 - INFO - Monolith_Exit 3P9G2Y22
2025-04-12 17:56:32,685 - INFO - Monolith_Enter IVNEJCJ9
Monolith_Enter HAXRD6Z5
Monolith_Enter J17TNCNM
2025-04-12 17:56:33,633 - INFO - Monolith_Exit IVNEJCJ9
Monolith_Exit HAXRD6Z5
Monolith_Exit J17TNCNM
2025-04-12 17:56:33,634 - INFO - Monolith_Enter ZE4NJM7N
2025-04-12 17:56:33,954 - INFO - Monolith_Exit ZE4NJM7N
2025-04-12 17:56:33,956 - INFO - Monolith_Enter ZX61FWQL
Monolith_Enter VETEZHW7
Monolith_Enter D9WERTBV
2025-04-12 17:56:34,581 - INFO - Monolith_Exit ZX61FWQL
Monolith_Exit VETEZHW7
Monolith_Exit D9WERTBV
2025-04-12 17:56:34,582 - INFO - Monolith_Enter 2OWYGLGJ
2025-04-12 17:56:35,056 - INFO - Monolith_Exit 2OWYGLGJ
2025-04-12 17:56:35,058 - INFO - Monolith_Enter QOGE5ZTI
Monolith_Enter RGGIAK2H
Monolith_Enter 1SKW1KPS
2025-04-12 17:56:35,746 - INFO - Monolith_Exit QOGE5ZTI
Monolith_Exit RGGIAK2H
Monolith_Exit 1SKW1KPS
2025-04-12 17:56:35,747 - INFO - Monolith_Enter 9WO1OPUK
2025-04-12 17:56:36,231 - INFO - Monolith_Exit 9WO1OPUK
2025-04-12 17:56:36,232 - INFO - Monolith_Enter PNLUARG6
Monolith_Enter RDKHRC4X
Monolith_Enter XV2QREM3
2025-04-12 17:56:37,299 - INFO - Monolith_Exit PNLUARG6
Monolith_Exit RDKHRC4X
Monolith_Exit XV2QREM3
2025-04-12 17:56:37,300 - INFO - Monolith_Enter 3O98SSGY
2025-04-12 17:56:37,667 - INFO - Monolith_Exit 3O98SSGY
2025-04-12 17:56:37,668 - INFO - Monolith_Enter 3NTZDRAE
Monolith_Enter LAAYEPZ4
Monolith_Enter KSS9V496
2025-04-12 17:56:38,730 - INFO - Monolith_Exit 3NTZDRAE
Monolith_Exit LAAYEPZ4
Monolith_Exit KSS9V496
2025-04-12 17:56:38,731 - INFO - Monolith_Enter 4LO4ZNEW
2025-04-12 17:56:39,304 - INFO - Monolith_Exit 4LO4ZNEW
2025-04-12 17:56:39,305 - INFO - Monolith_Enter 1CBND7IJ
Monolith_Enter H0UW5JAG
Monolith_Enter X3W4VR2T
2025-04-12 17:56:40,062 - INFO - Monolith_Exit 1CBND7IJ
Monolith_Exit H0UW5JAG
Monolith_Exit X3W4VR2T
2025-04-12 17:56:40,063 - INFO - Monolith_Enter Z98U74NS
2025-04-12 17:56:40,441 - INFO - Monolith_Exit Z98U74NS
2025-04-12 17:56:40,442 - INFO - Monolith_Enter 0ALQI924
Monolith_Enter JWSA3SOH
Monolith_Enter 3PPGSS3R
2025-04-12 17:56:41,306 - INFO - Monolith_Exit 0ALQI924
Monolith_Exit JWSA3SOH
Monolith_Exit 3PPGSS3R
2025-04-12 17:56:41,307 - INFO - Monolith_Enter ACS1VGHD
2025-04-12 17:56:41,615 - INFO - Monolith_Exit ACS1VGHD
2025-04-12 17:56:41,617 - INFO - Monolith_Enter Z9FOYMA2
Monolith_Enter 6YFXX21Q
Monolith_Enter 7HPQ0J6Z
2025-04-12 17:56:42,250 - INFO - Monolith_Exit Z9FOYMA2
Monolith_Exit 6YFXX21Q
Monolith_Exit 7HPQ0J6Z
2025-04-12 17:56:42,251 - INFO - Monolith_Enter 4ZJT5X4Y
2025-04-12 17:56:42,597 - INFO - Monolith_Exit 4ZJT5X4Y
2025-04-12 17:56:42,598 - INFO - Monolith_Enter 23N5GPH9
Monolith_Enter OCQ6BPL1
Monolith_Enter 4VGT2GD5
2025-04-12 17:56:43,387 - INFO - Monolith_Exit 23N5GPH9
Monolith_Exit OCQ6BPL1
Monolith_Exit 4VGT2GD5
2025-04-12 17:56:43,388 - INFO - Monolith_Enter NWPQXR7R
2025-04-12 17:56:43,721 - INFO - Monolith_Exit NWPQXR7R
2025-04-12 17:56:43,722 - INFO - Monolith_Enter FWS4CRG7
Monolith_Enter ET5K4V6C
Monolith_Enter JWN40MKU
2025-04-12 17:56:44,696 - INFO - Monolith_Exit FWS4CRG7
Monolith_Exit ET5K4V6C
Monolith_Exit JWN40MKU
2025-04-12 17:56:44,697 - INFO - Monolith_Enter LGJJIJX8
2025-04-12 17:56:45,027 - INFO - Monolith_Exit LGJJIJX8
2025-04-12 17:56:45,028 - INFO - Monolith_Enter D65LZT0S
Monolith_Enter TUS8SUCF
Monolith_Enter G5U8P8WR
2025-04-12 17:56:45,849 - INFO - Monolith_Exit D65LZT0S
Monolith_Exit TUS8SUCF
Monolith_Exit G5U8P8WR
2025-04-12 17:56:45,850 - INFO - Monolith_Enter 0EOJ5ZGI
2025-04-12 17:56:46,170 - INFO - Monolith_Exit 0EOJ5ZGI
2025-04-12 17:56:46,171 - INFO - Monolith_Enter EM85BBW6
Monolith_Enter AW513NIZ
Monolith_Enter 3IG8V0AG
2025-04-12 17:56:47,076 - INFO - Monolith_Exit EM85BBW6
Monolith_Exit AW513NIZ
Monolith_Exit 3IG8V0AG
2025-04-12 17:56:47,077 - INFO - Monolith_Enter 5AN5NGW7
2025-04-12 17:56:47,352 - INFO - Monolith_Exit 5AN5NGW7
2025-04-12 17:56:47,353 - INFO - Monolith_Enter ELPC6Q1H
Monolith_Enter FAOP8FZQ
Monolith_Enter 40R5EVX9
2025-04-12 17:56:48,370 - INFO - Monolith_Exit ELPC6Q1H
Monolith_Exit FAOP8FZQ
Monolith_Exit 40R5EVX9
2025-04-12 17:56:48,370 - INFO - Monolith_Enter DDB4K2OZ
2025-04-12 17:56:48,722 - INFO - Monolith_Exit DDB4K2OZ
2025-04-12 17:56:48,723 - INFO - Monolith_Enter 6YY5QRFV
Monolith_Enter 84AAAJNA
Monolith_Enter ILX8Z2W0
2025-04-12 17:56:49,348 - INFO - Monolith_Exit 6YY5QRFV
Monolith_Exit 84AAAJNA
Monolith_Exit ILX8Z2W0
2025-04-12 17:56:49,349 - INFO - Monolith_Enter G4362R0X
2025-04-12 17:56:49,725 - INFO - Monolith_Exit G4362R0X
2025-04-12 17:56:49,726 - INFO - Monolith_Enter ZOLZ8M60
Monolith_Enter 23YSGPHZ
Monolith_Enter XWMG0W76
2025-04-12 17:56:50,390 - INFO - Monolith_Exit ZOLZ8M60
Monolith_Exit 23YSGPHZ
Monolith_Exit XWMG0W76
2025-04-12 17:56:50,391 - INFO - Monolith_Enter LRC96I2J
2025-04-12 17:56:50,699 - INFO - Monolith_Exit LRC96I2J
2025-04-12 17:56:50,700 - INFO - Monolith_Enter KJPQNUE0
Monolith_Enter 5HJ4VMP6
Monolith_Enter QBYBBVV1
2025-04-12 17:56:51,757 - INFO - Monolith_Exit KJPQNUE0
Monolith_Exit 5HJ4VMP6
Monolith_Exit QBYBBVV1
2025-04-12 17:56:51,758 - INFO - Monolith_Enter LPHICKDB
2025-04-12 17:56:52,056 - INFO - Monolith_Exit LPHICKDB
2025-04-12 17:56:52,057 - INFO - Monolith_Enter X3WPDM5W
Monolith_Enter HYE1JPDC
Monolith_Enter K39DPJSN
2025-04-12 17:56:52,699 - INFO - Monolith_Exit X3WPDM5W
Monolith_Exit HYE1JPDC
Monolith_Exit K39DPJSN
2025-04-12 17:56:52,700 - INFO - Monolith_Enter 56YFATCA
2025-04-12 17:56:52,933 - INFO - Monolith_Exit 56YFATCA
2025-04-12 17:56:52,934 - INFO - Monolith_Enter SOTEV6UM
Monolith_Enter RDWUFK7Q
Monolith_Enter OSMFKY5P
2025-04-12 17:56:53,892 - INFO - Monolith_Exit SOTEV6UM
Monolith_Exit RDWUFK7Q
Monolith_Exit OSMFKY5P
2025-04-12 17:56:53,893 - INFO - Monolith_Enter 207G1UC1
2025-04-12 17:56:54,172 - INFO - Monolith_Exit 207G1UC1
2025-04-12 17:56:54,173 - INFO - Monolith_Enter 5VP1MOUI
Monolith_Enter Y215XBEC
2025-04-12 17:56:54,661 - INFO - Monolith_Exit 5VP1MOUI
Monolith_Exit Y215XBEC
