2025-04-01 03:14:18,533 - INFO - Ingress_Enter MEZ3TMZ3
2025-04-01 03:14:18,595 - INFO - Ingress_Enter E22NHWLA
2025-04-01 03:14:18,674 - INFO - Ingress_Enter SB9OL08X
2025-04-01 03:14:18,856 - INFO - Ingress_Enter JSWYI3DO
2025-04-01 03:14:18,944 - INFO - Ingress_Enter S5E30U6W
2025-04-01 03:14:19,135 - INFO - Ingress_Enter 2P2OPETB
2025-04-01 03:14:19,381 - INFO - Ingress_Enter GXY5N7TN
2025-04-01 03:14:19,485 - INFO - Ingress_Exit E22NHWLA
2025-04-01 03:14:19,579 - INFO - Ingress_Enter 0ONKIPR4
2025-04-01 03:14:19,747 - INFO - Ingress_Enter WES0F7X8
2025-04-01 03:14:19,777 - INFO - Ingress_Enter 1N6HQK78
2025-04-01 03:14:19,795 - INFO - Ingress_Exit SB9OL08X
2025-04-01 03:14:19,830 - INFO - Ingress_Exit MEZ3TMZ3
2025-04-01 03:14:19,901 - INFO - Ingress_Enter GJE5JBVY
2025-04-01 03:14:19,988 - INFO - Ingress_Exit 2P2OPETB
2025-04-01 03:14:20,104 - INFO - Ingress_Enter ED00RIPR
2025-04-01 03:14:20,209 - INFO - Ingress_Exit JSWYI3DO
2025-04-01 03:14:20,215 - INFO - Ingress_Enter UBV6S873
2025-04-01 03:14:20,230 - INFO - Ingress_Enter DFQ1495U
2025-04-01 03:14:20,313 - INFO - Ingress_Enter CA50KOYS
2025-04-01 03:14:20,375 - INFO - Ingress_Enter CHG5147P
2025-04-01 03:14:20,390 - INFO - Ingress_Exit S5E30U6W
2025-04-01 03:14:20,482 - INFO - Ingress_Enter KILNAQVW
2025-04-01 03:14:20,506 - INFO - Ingress_Exit 0ONKIPR4
2025-04-01 03:14:20,538 - INFO - Ingress_Exit GXY5N7TN
2025-04-01 03:14:21,274 - INFO - Ingress_Exit 1N6HQK78
2025-04-01 03:14:21,299 - INFO - Ingress_Enter L3DS5P9G
2025-04-01 03:14:21,312 - INFO - Ingress_Exit ED00RIPR
2025-04-01 03:14:21,360 - INFO - Ingress_Enter CNH3G4J2
2025-04-01 03:14:21,370 - INFO - Ingress_Exit WES0F7X8
2025-04-01 03:14:21,372 - INFO - Ingress_Exit GJE5JBVY
2025-04-01 03:14:21,417 - INFO - Ingress_Enter KBNQR99G
2025-04-01 03:14:21,419 - INFO - Ingress_Exit DFQ1495U
2025-04-01 03:14:21,421 - INFO - Ingress_Exit CA50KOYS
2025-04-01 03:14:21,434 - INFO - Ingress_Enter ODXMOOR2
2025-04-01 03:14:21,436 - INFO - Ingress_Exit UBV6S873
2025-04-01 03:14:21,622 - INFO - Ingress_Enter JF4V56X9
2025-04-01 03:14:21,748 - INFO - Ingress_Enter 8G87NCWH
2025-04-01 03:14:21,816 - INFO - Ingress_Enter OKEAQCQW
2025-04-01 03:14:21,939 - INFO - Ingress_Enter CDNM0GAA
2025-04-01 03:14:22,186 - INFO - Ingress_Exit CHG5147P
2025-04-01 03:14:22,221 - INFO - Ingress_Enter BYVECBTL
2025-04-01 03:14:22,255 - INFO - Ingress_Enter P8O1XC8Y
2025-04-01 03:14:22,477 - INFO - Ingress_Enter 9QK98Z6U
2025-04-01 03:14:22,533 - INFO - Ingress_Exit KILNAQVW
2025-04-01 03:14:22,832 - INFO - Ingress_Exit CNH3G4J2
2025-04-01 03:14:23,046 - INFO - Ingress_Enter CXR6B7J2
2025-04-01 03:14:23,055 - INFO - Ingress_Exit KBNQR99G
2025-04-01 03:14:23,080 - INFO - Ingress_Enter NLN1AKQL
2025-04-01 03:14:23,089 - INFO - Ingress_Exit L3DS5P9G
2025-04-01 03:14:23,092 - INFO - Ingress_Exit ODXMOOR2
2025-04-01 03:14:23,179 - INFO - Ingress_Exit CDNM0GAA
2025-04-01 03:14:23,267 - INFO - Ingress_Enter MX5PJJAJ
2025-04-01 03:14:23,299 - INFO - Ingress_Enter 8TZ658ZH
2025-04-01 03:14:23,455 - INFO - Ingress_Enter 35DNNFC2
2025-04-01 03:14:23,512 - INFO - Ingress_Exit 8G87NCWH
2025-04-01 03:14:23,514 - INFO - Ingress_Exit OKEAQCQW
2025-04-01 03:14:23,524 - INFO - Ingress_Enter 78SKTZLY
2025-04-01 03:14:23,543 - INFO - Ingress_Enter TQ622123
2025-04-01 03:14:23,552 - INFO - Ingress_Exit JF4V56X9
2025-04-01 03:14:23,559 - INFO - Ingress_Exit BYVECBTL
2025-04-01 03:14:23,659 - INFO - Ingress_Enter 4Y8BZSCC
2025-04-01 03:14:23,701 - INFO - Ingress_Enter G9AD5A0N
2025-04-01 03:14:23,799 - INFO - Ingress_Enter 9YC6DMEL
2025-04-01 03:14:23,800 - INFO - Ingress_Enter OR0923UJ
2025-04-01 03:14:23,818 - INFO - Ingress_Exit P8O1XC8Y
2025-04-01 03:14:23,903 - INFO - Ingress_Enter Y28F0Y84
2025-04-01 03:14:24,500 - INFO - Ingress_Exit 9QK98Z6U
2025-04-01 03:14:24,603 - INFO - Ingress_Exit CXR6B7J2
2025-04-01 03:14:24,793 - INFO - Ingress_Exit NLN1AKQL
2025-04-01 03:14:24,794 - INFO - Ingress_Exit MX5PJJAJ
2025-04-01 03:14:25,037 - INFO - Ingress_Exit 35DNNFC2
2025-04-01 03:14:25,038 - INFO - Ingress_Exit TQ622123
2025-04-01 03:14:25,047 - INFO - Ingress_Exit 4Y8BZSCC
2025-04-01 03:14:25,134 - INFO - Ingress_Exit 8TZ658ZH
2025-04-01 03:14:25,138 - INFO - Ingress_Exit 78SKTZLY
2025-04-01 03:14:25,304 - INFO - Ingress_Enter UO3D89CL
2025-04-01 03:14:25,349 - INFO - Ingress_Enter DRIFWYSD
2025-04-01 03:14:25,430 - INFO - Ingress_Enter C9BUP0M2
2025-04-01 03:14:25,555 - INFO - Ingress_Exit OR0923UJ
2025-04-01 03:14:25,557 - INFO - Ingress_Exit 9YC6DMEL
2025-04-01 03:14:25,605 - INFO - Ingress_Exit G9AD5A0N
2025-04-01 03:14:25,608 - INFO - Ingress_Exit Y28F0Y84
2025-04-01 03:14:25,648 - INFO - Ingress_Enter 1HNVIYNW
2025-04-01 03:14:25,660 - INFO - Ingress_Enter LYPFVIY8
2025-04-01 03:14:25,700 - INFO - Ingress_Enter IEVQN8X4
2025-04-01 03:14:25,818 - INFO - Ingress_Enter BUD45QVM
2025-04-01 03:14:25,824 - INFO - Ingress_Enter EF24H5Q6
2025-04-01 03:14:25,844 - INFO - Ingress_Enter Q71ORANP
2025-04-01 03:14:25,969 - INFO - Ingress_Enter C95XVR2N
2025-04-01 03:14:26,057 - INFO - Ingress_Enter MIH2T79H
2025-04-01 03:14:26,152 - INFO - Ingress_Enter 85LCHF8H
2025-04-01 03:14:26,193 - INFO - Ingress_Enter 594MHDXA
2025-04-01 03:14:26,340 - INFO - Ingress_Enter TWFC6M25
2025-04-01 03:14:26,637 - INFO - Ingress_Enter V2UFU93S
2025-04-01 03:14:26,832 - INFO - Ingress_Exit DRIFWYSD
2025-04-01 03:14:26,901 - INFO - Ingress_Exit C9BUP0M2
2025-04-01 03:14:27,184 - INFO - Ingress_Exit UO3D89CL
2025-04-01 03:14:27,251 - INFO - Ingress_Exit BUD45QVM
2025-04-01 03:14:27,350 - INFO - Ingress_Exit 1HNVIYNW
2025-04-01 03:14:27,353 - INFO - Ingress_Exit LYPFVIY8
2025-04-01 03:14:27,355 - INFO - Ingress_Exit IEVQN8X4
2025-04-01 03:14:27,401 - INFO - Ingress_Exit C95XVR2N
2025-04-01 03:14:27,504 - INFO - Ingress_Enter HPC771NX
2025-04-01 03:14:27,598 - INFO - Ingress_Enter 7NEOA0J3
2025-04-01 03:14:27,623 - INFO - Ingress_Enter 0QQUCH42
2025-04-01 03:14:27,632 - INFO - Ingress_Enter 32JF2VUY
2025-04-01 03:14:27,762 - INFO - Ingress_Exit 85LCHF8H
2025-04-01 03:14:27,830 - INFO - Ingress_Enter Q81FJ5HL
2025-04-01 03:14:27,842 - INFO - Ingress_Exit EF24H5Q6
2025-04-01 03:14:27,845 - INFO - Ingress_Exit Q71ORANP
2025-04-01 03:14:27,848 - INFO - Ingress_Exit MIH2T79H
2025-04-01 03:14:27,854 - INFO - Ingress_Enter KRT1HH4Y
2025-04-01 03:14:27,965 - INFO - Ingress_Enter 0Y8QPI2M
2025-04-01 03:14:27,980 - INFO - Ingress_Exit V2UFU93S
2025-04-01 03:14:28,136 - INFO - Ingress_Enter 6E54IJ7X
2025-04-01 03:14:28,192 - INFO - Ingress_Exit TWFC6M25
2025-04-01 03:14:28,196 - INFO - Ingress_Exit 594MHDXA
2025-04-01 03:14:28,215 - INFO - Ingress_Enter 264MKTUT
2025-04-01 03:14:28,382 - INFO - Ingress_Enter 9EX9NUT0
2025-04-01 03:14:28,475 - INFO - Ingress_Enter 9KYDB00F
2025-04-01 03:14:28,504 - INFO - Ingress_Enter 747XNV29
2025-04-01 03:14:28,546 - INFO - Ingress_Enter 2CD61PPE
2025-04-01 03:14:28,562 - INFO - Ingress_Enter 0IB5EAVI
2025-04-01 03:14:28,755 - INFO - Ingress_Enter 5LXWOIPE
2025-04-01 03:14:28,917 - INFO - Ingress_Enter XWRREPGY
2025-04-01 03:14:29,023 - INFO - Ingress_Exit 0QQUCH42
2025-04-01 03:14:29,025 - INFO - Ingress_Exit 32JF2VUY
2025-04-01 03:14:29,056 - INFO - Ingress_Enter YOV5NSCC
2025-04-01 03:14:29,098 - INFO - Ingress_Exit KRT1HH4Y
2025-04-01 03:14:29,114 - INFO - Ingress_Exit HPC771NX
2025-04-01 03:14:29,128 - INFO - Ingress_Exit 7NEOA0J3
2025-04-01 03:14:29,170 - INFO - Ingress_Enter 3ALWJ2VR
2025-04-01 03:14:29,250 - INFO - Ingress_Exit 0Y8QPI2M
2025-04-01 03:14:29,307 - INFO - Ingress_Enter 56295AXI
2025-04-01 03:14:29,450 - INFO - Ingress_Enter VELRROEX
2025-04-01 03:14:29,696 - INFO - Ingress_Enter 4IYJRF32
2025-04-01 03:14:29,730 - INFO - Ingress_Enter 0LJU2587
2025-04-01 03:14:29,899 - INFO - Ingress_Exit Q81FJ5HL
2025-04-01 03:14:29,959 - INFO - Ingress_Exit 6E54IJ7X
2025-04-01 03:14:30,023 - INFO - Ingress_Exit 2CD61PPE
2025-04-01 03:14:30,121 - INFO - Ingress_Enter WNLB9HB0
2025-04-01 03:14:30,138 - INFO - Ingress_Enter 48EKEFIX
2025-04-01 03:14:30,201 - INFO - Ingress_Enter 9VS4HT1W
2025-04-01 03:14:30,262 - INFO - Ingress_Enter GWP3BR08
2025-04-01 03:14:30,276 - INFO - Ingress_Exit 0IB5EAVI
2025-04-01 03:14:30,340 - INFO - Ingress_Enter 3QACEC0B
2025-04-01 03:14:30,357 - INFO - Ingress_Enter WAX2X4X4
2025-04-01 03:14:30,591 - INFO - Ingress_Enter VWQI7VTB
2025-04-01 03:14:30,837 - INFO - Ingress_Exit 264MKTUT
2025-04-01 03:14:30,840 - INFO - Ingress_Exit 9EX9NUT0
2025-04-01 03:14:30,841 - INFO - Ingress_Exit 9KYDB00F
2025-04-01 03:14:30,843 - INFO - Ingress_Exit 747XNV29
2025-04-01 03:14:31,045 - INFO - Ingress_Exit 5LXWOIPE
2025-04-01 03:14:31,049 - INFO - Ingress_Exit XWRREPGY
2025-04-01 03:14:31,157 - INFO - Ingress_Enter 84MI9X5N
2025-04-01 03:14:31,248 - INFO - Ingress_Enter 93N1G0S4
2025-04-01 03:14:31,292 - INFO - Ingress_Exit VELRROEX
2025-04-01 03:14:31,374 - INFO - Ingress_Exit 3ALWJ2VR
2025-04-01 03:14:31,379 - INFO - Ingress_Exit YOV5NSCC
2025-04-01 03:14:31,381 - INFO - Ingress_Enter VBKDTVI2
2025-04-01 03:14:31,404 - INFO - Ingress_Enter VNXEX1EQ
2025-04-01 03:14:31,515 - INFO - Ingress_Exit 0LJU2587
2025-04-01 03:14:31,517 - INFO - Ingress_Exit WNLB9HB0
2025-04-01 03:14:31,744 - INFO - Ingress_Enter THRCV2G6
2025-04-01 03:14:31,888 - INFO - Ingress_Exit 48EKEFIX
2025-04-01 03:14:31,890 - INFO - Ingress_Exit 9VS4HT1W
2025-04-01 03:14:31,909 - INFO - Ingress_Exit 56295AXI
2025-04-01 03:14:32,114 - INFO - Ingress_Enter Q202V7KG
2025-04-01 03:14:32,131 - INFO - Ingress_Enter 6I00ZN2K
2025-04-01 03:14:32,190 - INFO - Ingress_Enter 8AIVSVFF
2025-04-01 03:14:32,248 - INFO - Ingress_Exit 3QACEC0B
2025-04-01 03:14:32,302 - INFO - Ingress_Enter CC10YVRT
2025-04-01 03:14:32,346 - INFO - Ingress_Enter 7AUI5HWN
2025-04-01 03:14:32,348 - INFO - Ingress_Enter 82DKX9I2
2025-04-01 03:14:32,361 - INFO - Ingress_Exit GWP3BR08
2025-04-01 03:14:32,382 - INFO - Ingress_Exit WAX2X4X4
2025-04-01 03:14:32,386 - INFO - Ingress_Exit 4IYJRF32
2025-04-01 03:14:32,411 - INFO - Ingress_Enter OK2RI3IO
2025-04-01 03:14:32,445 - INFO - Ingress_Enter YY8UND0D
2025-04-01 03:14:32,472 - INFO - Ingress_Enter 032N001L
2025-04-01 03:14:32,541 - INFO - Ingress_Exit VWQI7VTB
2025-04-01 03:14:32,559 - INFO - Ingress_Enter N9CBIZ2J
2025-04-01 03:14:32,793 - INFO - Ingress_Enter LPLPAITM
2025-04-01 03:14:32,960 - INFO - Ingress_Enter RBF0ZZYT
2025-04-01 03:14:32,994 - INFO - Ingress_Exit 93N1G0S4
2025-04-01 03:14:33,239 - INFO - Ingress_Enter 6NJBU6AP
2025-04-01 03:14:33,342 - INFO - Ingress_Enter K1CNEZAV
2025-04-01 03:14:33,629 - INFO - Ingress_Enter RA4N0RWC
2025-04-01 03:14:33,643 - INFO - Ingress_Exit VBKDTVI2
2025-04-01 03:14:33,688 - INFO - Ingress_Enter AD0ZN0BX
2025-04-01 03:14:33,791 - INFO - Ingress_Exit 84MI9X5N
2025-04-01 03:14:34,025 - INFO - Ingress_Exit VNXEX1EQ
2025-04-01 03:14:34,083 - INFO - Ingress_Exit 6I00ZN2K
2025-04-01 03:14:34,106 - INFO - Ingress_Exit THRCV2G6
2025-04-01 03:14:34,109 - INFO - Ingress_Exit Q202V7KG
2025-04-01 03:14:34,191 - INFO - Ingress_Enter NLEVH58H
2025-04-01 03:14:34,380 - INFO - Ingress_Exit 8AIVSVFF
2025-04-01 03:14:34,392 - INFO - Ingress_Exit CC10YVRT
2025-04-01 03:14:34,462 - INFO - Ingress_Exit 7AUI5HWN
2025-04-01 03:14:34,497 - INFO - Ingress_Exit 82DKX9I2
2025-04-01 03:14:34,517 - INFO - Ingress_Enter M0Y57PHR
2025-04-01 03:14:34,618 - INFO - Ingress_Exit OK2RI3IO
2025-04-01 03:14:34,673 - INFO - Ingress_Enter 8P5PTQE4
2025-04-01 03:14:34,736 - INFO - Ingress_Enter YR0EQS0B
2025-04-01 03:14:34,909 - INFO - Ingress_Enter ZMS9KTT6
2025-04-01 03:14:35,017 - INFO - Ingress_Exit 032N001L
2025-04-01 03:14:35,080 - INFO - Ingress_Exit YY8UND0D
2025-04-01 03:14:35,094 - INFO - Ingress_Enter WK867PK3
2025-04-01 03:14:35,101 - INFO - Ingress_Enter N9TUESRF
2025-04-01 03:14:35,120 - INFO - Ingress_Enter P1CAB3JZ
2025-04-01 03:14:35,159 - INFO - Ingress_Enter N2EU1QDR
2025-04-01 03:14:35,375 - INFO - Ingress_Enter AJK6P657
2025-04-01 03:14:35,507 - INFO - Ingress_Enter YH9Q171T
2025-04-01 03:14:35,616 - INFO - Ingress_Enter QGAE6UA6
2025-04-01 03:14:35,730 - INFO - Ingress_Exit N9CBIZ2J
2025-04-01 03:14:35,950 - INFO - Ingress_Enter Y1627WYO
2025-04-01 03:14:36,200 - INFO - Ingress_Enter 5EWWYZRF
2025-04-01 03:14:36,244 - INFO - Ingress_Enter R03Q05VU
2025-04-01 03:14:36,246 - INFO - Ingress_Exit LPLPAITM
2025-04-01 03:14:36,342 - INFO - Ingress_Enter BOMFKYFF
2025-04-01 03:14:36,385 - INFO - Ingress_Exit RBF0ZZYT
2025-04-01 03:14:36,387 - INFO - Ingress_Exit 6NJBU6AP
2025-04-01 03:14:36,399 - INFO - Ingress_Enter 7FNZTW8G
2025-04-01 03:14:36,411 - INFO - Ingress_Enter G74ZR2V9
2025-04-01 03:14:36,498 - INFO - Ingress_Enter 0KDSFDFF
2025-04-01 03:14:36,764 - INFO - Ingress_Exit K1CNEZAV
2025-04-01 03:14:36,767 - INFO - Ingress_Exit AD0ZN0BX
2025-04-01 03:14:36,768 - INFO - Ingress_Exit NLEVH58H
2025-04-01 03:14:36,769 - INFO - Ingress_Exit RA4N0RWC
2025-04-01 03:14:36,965 - INFO - Ingress_Enter Y74XQHXF
2025-04-01 03:14:37,107 - INFO - Ingress_Exit YR0EQS0B
2025-04-01 03:14:37,152 - INFO - Ingress_Enter L1H7PZWD
2025-04-01 03:14:37,155 - INFO - Ingress_Exit M0Y57PHR
2025-04-01 03:14:37,159 - INFO - Ingress_Exit 8P5PTQE4
2025-04-01 03:14:37,214 - INFO - Ingress_Enter 5115386B
2025-04-01 03:14:37,421 - INFO - Ingress_Exit ZMS9KTT6
2025-04-01 03:14:37,423 - INFO - Ingress_Exit WK867PK3
2025-04-01 03:14:37,426 - INFO - Ingress_Exit N9TUESRF
2025-04-01 03:14:37,577 - INFO - Ingress_Exit N2EU1QDR
2025-04-01 03:14:37,648 - INFO - Ingress_Exit AJK6P657
2025-04-01 03:14:37,752 - INFO - Ingress_Enter 6YSH7L14
2025-04-01 03:14:37,765 - INFO - Ingress_Enter 0WG0EC4R
2025-04-01 03:14:37,816 - INFO - Ingress_Enter KC9BGFAR
2025-04-01 03:14:37,828 - INFO - Ingress_Exit P1CAB3JZ
2025-04-01 03:14:37,949 - INFO - Ingress_Enter GV94UGMU
2025-04-01 03:14:38,042 - INFO - Ingress_Enter V9EL2HTE
2025-04-01 03:14:38,063 - INFO - Ingress_Enter 0OU6Y0IT
2025-04-01 03:14:38,067 - INFO - Ingress_Enter WU6T5783
2025-04-01 03:14:38,139 - INFO - Ingress_Enter KDEJP793
2025-04-01 03:14:38,155 - INFO - Ingress_Exit YH9Q171T
2025-04-01 03:14:38,158 - INFO - Ingress_Exit QGAE6UA6
2025-04-01 03:14:38,159 - INFO - Ingress_Exit Y1627WYO
2025-04-01 03:14:38,181 - INFO - Ingress_Exit 5EWWYZRF
2025-04-01 03:14:38,186 - INFO - Ingress_Exit R03Q05VU
2025-04-01 03:14:38,446 - INFO - Ingress_Enter 7AL8W2T9
2025-04-01 03:14:38,447 - INFO - Ingress_Exit BOMFKYFF
2025-04-01 03:14:38,448 - INFO - Ingress_Exit 7FNZTW8G
2025-04-01 03:14:38,494 - INFO - Ingress_Enter 7RRVBIPI
2025-04-01 03:14:38,501 - INFO - Ingress_Enter 8AK3KITS
2025-04-01 03:14:38,555 - INFO - Ingress_Enter JIFU8544
2025-04-01 03:14:38,658 - INFO - Ingress_Enter R8E1D877
2025-04-01 03:14:38,733 - INFO - Ingress_Enter WGTCNMAI
2025-04-01 03:14:39,098 - INFO - Ingress_Enter IQ61MQLI
2025-04-01 03:14:39,108 - INFO - Ingress_Enter QTZNHJ6X
2025-04-01 03:14:39,289 - INFO - Ingress_Exit G74ZR2V9
2025-04-01 03:14:39,324 - INFO - Ingress_Enter 22ASRVBS
2025-04-01 03:14:39,476 - INFO - Ingress_Exit 0KDSFDFF
2025-04-01 03:14:39,753 - INFO - Ingress_Enter 1XZ8SBJA
2025-04-01 03:14:39,794 - INFO - Ingress_Enter BE7ZGTAT
2025-04-01 03:14:39,897 - INFO - Ingress_Exit Y74XQHXF
2025-04-01 03:14:39,900 - INFO - Ingress_Exit L1H7PZWD
2025-04-01 03:14:39,935 - INFO - Ingress_Enter JMLUD0DR
2025-04-01 03:14:39,956 - INFO - Ingress_Enter DGTEZ8T4
2025-04-01 03:14:40,296 - INFO - Ingress_Exit 5115386B
2025-04-01 03:14:40,298 - INFO - Ingress_Exit 0WG0EC4R
2025-04-01 03:14:40,301 - INFO - Ingress_Exit 6YSH7L14
2025-04-01 03:14:40,432 - INFO - Ingress_Enter USNWRSR4
2025-04-01 03:14:40,451 - INFO - Ingress_Exit V9EL2HTE
2025-04-01 03:14:40,457 - INFO - Ingress_Exit 0OU6Y0IT
2025-04-01 03:14:40,492 - INFO - Ingress_Exit KC9BGFAR
2025-04-01 03:14:40,693 - INFO - Ingress_Enter DZ87QYXR
2025-04-01 03:14:40,763 - INFO - Ingress_Enter PTOGTYJT
2025-04-01 03:14:40,780 - INFO - Ingress_Enter XDFZ56TM
2025-04-01 03:14:40,858 - INFO - Ingress_Exit KDEJP793
2025-04-01 03:14:40,978 - INFO - Ingress_Enter GUWKCSB0
2025-04-01 03:14:41,034 - INFO - Ingress_Exit GV94UGMU
2025-04-01 03:14:41,120 - INFO - Ingress_Enter 6HJSBREL
2025-04-01 03:14:41,156 - INFO - Ingress_Enter NLA7WJ0I
2025-04-01 03:14:41,164 - INFO - Ingress_Enter QK181MIJ
2025-04-01 03:14:41,317 - INFO - Ingress_Exit WU6T5783
2025-04-01 03:14:41,356 - INFO - Ingress_Exit 7RRVBIPI
2025-04-01 03:14:41,418 - INFO - Ingress_Enter 7ZCUPUJ1
2025-04-01 03:14:41,419 - INFO - Ingress_Exit 7AL8W2T9
2025-04-01 03:14:41,474 - INFO - Ingress_Enter USAJ361M
2025-04-01 03:14:41,501 - INFO - Ingress_Exit WGTCNMAI
2025-04-01 03:14:41,526 - INFO - Ingress_Enter MV0ZT2ZN
2025-04-01 03:14:41,588 - INFO - Ingress_Enter UAF7D34N
2025-04-01 03:14:41,727 - INFO - Ingress_Enter KP6FQS45
2025-04-01 03:14:41,777 - INFO - Ingress_Exit 8AK3KITS
2025-04-01 03:14:41,805 - INFO - Ingress_Enter SK2ANPVG
2025-04-01 03:14:41,886 - INFO - Ingress_Enter 0ZQE21NY
2025-04-01 03:14:41,898 - INFO - Ingress_Enter N5Z86648
2025-04-01 03:14:41,940 - INFO - Ingress_Exit R8E1D877
2025-04-01 03:14:41,943 - INFO - Ingress_Exit JIFU8544
2025-04-01 03:14:41,945 - INFO - Ingress_Exit IQ61MQLI
2025-04-01 03:14:42,147 - INFO - Ingress_Enter G0J72IWZ
2025-04-01 03:14:42,370 - INFO - Ingress_Enter 6NYD8EGF
2025-04-01 03:14:42,386 - INFO - Ingress_Enter THSZLVIE
2025-04-01 03:14:42,467 - INFO - Ingress_Enter ENRBWSIP
2025-04-01 03:14:42,475 - INFO - Ingress_Exit QTZNHJ6X
2025-04-01 03:14:42,481 - INFO - Ingress_Exit BE7ZGTAT
2025-04-01 03:14:42,801 - INFO - Ingress_Exit 22ASRVBS
2025-04-01 03:14:42,956 - INFO - Ingress_Exit DGTEZ8T4
2025-04-01 03:14:42,963 - INFO - Ingress_Exit USNWRSR4
2025-04-01 03:14:43,022 - INFO - Ingress_Enter 3YDU1VKX
2025-04-01 03:14:43,084 - INFO - Ingress_Enter JX90N4PK
2025-04-01 03:14:43,153 - INFO - Ingress_Enter AU2IAKG6
2025-04-01 03:14:43,338 - INFO - Ingress_Enter BMYPV17W
2025-04-01 03:14:43,362 - INFO - Ingress_Exit 1XZ8SBJA
2025-04-01 03:14:43,487 - INFO - Ingress_Enter GGPFOACP
2025-04-01 03:14:43,495 - INFO - Ingress_Exit DZ87QYXR
2025-04-01 03:14:43,514 - INFO - Ingress_Enter 7JYFP1C8
2025-04-01 03:14:43,530 - INFO - Ingress_Enter 2S54WF3Q
2025-04-01 03:14:43,602 - INFO - Ingress_Exit JMLUD0DR
2025-04-01 03:14:43,688 - INFO - Ingress_Enter 3GYEO4CO
2025-04-01 03:14:43,703 - INFO - Ingress_Enter 12RZCTWK
2025-04-01 03:14:44,569 - INFO - Ingress_Exit GUWKCSB0
2025-04-01 03:14:44,571 - INFO - Ingress_Exit 6HJSBREL
2025-04-01 03:14:44,635 - INFO - Ingress_Exit PTOGTYJT
2025-04-01 03:14:44,762 - INFO - Ingress_Exit QK181MIJ
2025-04-01 03:14:44,806 - INFO - Ingress_Enter 23IYH1AK
2025-04-01 03:14:44,861 - INFO - Ingress_Enter MDDSYB2C
2025-04-01 03:14:44,944 - INFO - Ingress_Exit MV0ZT2ZN
2025-04-01 03:14:44,958 - INFO - Ingress_Enter EXONYUMW
2025-04-01 03:14:45,015 - INFO - Ingress_Exit UAF7D34N
2025-04-01 03:14:45,019 - INFO - Ingress_Exit 7ZCUPUJ1
2025-04-01 03:14:45,126 - INFO - Ingress_Enter GKU4TXBF
2025-04-01 03:14:45,203 - INFO - Ingress_Enter ZMTNIX3V
2025-04-01 03:14:45,248 - INFO - Ingress_Exit 6NYD8EGF
2025-04-01 03:14:45,316 - INFO - Ingress_Enter NNZ2SMYH
2025-04-01 03:14:45,418 - INFO - Ingress_Exit XDFZ56TM
2025-04-01 03:14:45,455 - INFO - Ingress_Enter BGN3SGB6
2025-04-01 03:14:45,548 - INFO - Ingress_Exit SK2ANPVG
2025-04-01 03:14:45,549 - INFO - Ingress_Exit 0ZQE21NY
2025-04-01 03:14:45,551 - INFO - Ingress_Exit G0J72IWZ
2025-04-01 03:14:45,563 - INFO - Ingress_Exit KP6FQS45
2025-04-01 03:14:45,716 - INFO - Ingress_Exit NLA7WJ0I
2025-04-01 03:14:45,846 - INFO - Ingress_Enter SDVDR11B
2025-04-01 03:14:45,860 - INFO - Ingress_Enter QH2JN48X
2025-04-01 03:14:45,957 - INFO - Ingress_Enter MG8X0TND
2025-04-01 03:14:46,086 - INFO - Ingress_Exit AU2IAKG6
2025-04-01 03:14:46,137 - INFO - Ingress_Enter H4OO6V1T
2025-04-01 03:14:46,176 - INFO - Ingress_Enter DPL3EE0O
2025-04-01 03:14:46,328 - INFO - Ingress_Enter 0DYXBXWG
2025-04-01 03:14:46,465 - INFO - Ingress_Exit ENRBWSIP
2025-04-01 03:14:46,468 - INFO - Ingress_Exit 3YDU1VKX
2025-04-01 03:14:46,530 - INFO - Ingress_Enter F3HE37WG
2025-04-01 03:14:46,541 - INFO - Ingress_Enter 1SZ4OPRK
2025-04-01 03:14:46,586 - INFO - Ingress_Exit 2S54WF3Q
2025-04-01 03:14:46,703 - INFO - Ingress_Enter 5DEC1XQT
2025-04-01 03:14:46,739 - INFO - Ingress_Enter Y4798R9G
2025-04-01 03:14:46,889 - INFO - Ingress_Exit USAJ361M
2025-04-01 03:14:46,956 - INFO - Ingress_Exit 23IYH1AK
2025-04-01 03:14:46,957 - INFO - Ingress_Exit JX90N4PK
2025-04-01 03:14:46,959 - INFO - Ingress_Exit N5Z86648
2025-04-01 03:14:46,993 - INFO - Ingress_Enter A054OXL7
2025-04-01 03:14:47,011 - INFO - Ingress_Enter 9MWJFQML
2025-04-01 03:14:47,070 - INFO - Ingress_Enter MHYVAL7J
2025-04-01 03:14:47,136 - INFO - Ingress_Exit BMYPV17W
2025-04-01 03:14:47,185 - INFO - Ingress_Enter IDGM53ZE
2025-04-01 03:14:47,338 - INFO - Ingress_Exit 7JYFP1C8
2025-04-01 03:14:47,339 - INFO - Ingress_Exit 3GYEO4CO
2025-04-01 03:14:47,396 - INFO - Ingress_Enter 4KSNWK39
2025-04-01 03:14:47,430 - INFO - Ingress_Enter 82UB5YSQ
2025-04-01 03:14:47,501 - INFO - Ingress_Exit 12RZCTWK
2025-04-01 03:14:47,645 - INFO - Ingress_Enter 557F01QY
2025-04-01 03:14:47,800 - INFO - Ingress_Enter LHVXP6Y5
2025-04-01 03:14:47,809 - INFO - Ingress_Enter T71NWDA1
2025-04-01 03:14:47,824 - INFO - Ingress_Exit GGPFOACP
2025-04-01 03:14:47,826 - INFO - Ingress_Exit MDDSYB2C
2025-04-01 03:14:47,868 - INFO - Ingress_Exit ZMTNIX3V
2025-04-01 03:14:48,057 - INFO - Ingress_Exit GKU4TXBF
2025-04-01 03:14:48,072 - INFO - Ingress_Enter 7NLPQ6CQ
2025-04-01 03:14:48,219 - INFO - Ingress_Enter H3ZTL1K0
2025-04-01 03:14:48,254 - INFO - Ingress_Enter 5A2K2GC4
2025-04-01 03:14:48,479 - INFO - Ingress_Exit BGN3SGB6
2025-04-01 03:14:48,482 - INFO - Ingress_Exit THSZLVIE
2025-04-01 03:14:48,687 - INFO - Ingress_Exit EXONYUMW
2025-04-01 03:14:48,916 - INFO - Ingress_Enter 3R5I67DN
2025-04-01 03:14:49,032 - INFO - Ingress_Exit 5DEC1XQT
2025-04-01 03:14:49,168 - INFO - Ingress_Enter B54EU39S
2025-04-01 03:14:49,192 - INFO - Ingress_Enter S8EPMVTP
2025-04-01 03:14:49,210 - INFO - Ingress_Exit SDVDR11B
2025-04-01 03:14:49,212 - INFO - Ingress_Exit QH2JN48X
2025-04-01 03:14:49,267 - INFO - Ingress_Enter B40G80FG
2025-04-01 03:14:49,369 - INFO - Ingress_Enter JWU21SKG
2025-04-01 03:14:49,431 - INFO - Ingress_Exit 9MWJFQML
2025-04-01 03:14:49,526 - INFO - Ingress_Enter EYM9511E
2025-04-01 03:14:49,552 - INFO - Ingress_Enter KZ0PGSMJ
2025-04-01 03:14:49,589 - INFO - Ingress_Enter TT1E3B03
2025-04-01 03:14:49,651 - INFO - Ingress_Enter 467K0FDD
2025-04-01 03:14:49,719 - INFO - Ingress_Enter DDQTU0Z8
2025-04-01 03:14:49,928 - INFO - Ingress_Exit NNZ2SMYH
2025-04-01 03:14:49,930 - INFO - Ingress_Exit DPL3EE0O
2025-04-01 03:14:50,171 - INFO - Ingress_Exit Y4798R9G
2025-04-01 03:14:50,171 - INFO - Ingress_Exit A054OXL7
2025-04-01 03:14:50,181 - INFO - Ingress_Exit 0DYXBXWG
2025-04-01 03:14:50,327 - INFO - Ingress_Exit 1SZ4OPRK
2025-04-01 03:14:50,569 - INFO - Ingress_Exit H4OO6V1T
2025-04-01 03:14:50,599 - INFO - Ingress_Enter JIXLX2L6
2025-04-01 03:14:50,656 - INFO - Ingress_Enter XW5VN7IG
2025-04-01 03:14:50,714 - INFO - Ingress_Exit 4KSNWK39
2025-04-01 03:14:50,755 - INFO - Ingress_Enter LC08VBJL
2025-04-01 03:14:50,787 - INFO - Ingress_Exit 82UB5YSQ
2025-04-01 03:14:50,806 - INFO - Ingress_Enter 1YZM35DY
2025-04-01 03:14:51,015 - INFO - Ingress_Enter L9V2G1EW
2025-04-01 03:14:51,089 - INFO - Ingress_Enter 9SJ870C1
2025-04-01 03:14:51,137 - INFO - Ingress_Exit 557F01QY
2025-04-01 03:14:51,249 - INFO - Ingress_Exit H3ZTL1K0
2025-04-01 03:14:51,253 - INFO - Ingress_Exit 3R5I67DN
2025-04-01 03:14:51,259 - INFO - Ingress_Exit MG8X0TND
2025-04-01 03:14:51,519 - INFO - Ingress_Enter SSLRNOT4
2025-04-01 03:14:51,559 - INFO - Ingress_Exit F3HE37WG
2025-04-01 03:14:51,563 - INFO - Ingress_Exit MHYVAL7J
2025-04-01 03:14:51,671 - INFO - Ingress_Enter VWEURZP0
2025-04-01 03:14:51,791 - INFO - Ingress_Enter VT5454L0
2025-04-01 03:14:51,847 - INFO - Ingress_Enter H7NRE5XH
2025-04-01 03:14:51,868 - INFO - Ingress_Exit KZ0PGSMJ
2025-04-01 03:14:51,869 - INFO - Ingress_Exit T71NWDA1
2025-04-01 03:14:51,872 - INFO - Ingress_Exit 7NLPQ6CQ
2025-04-01 03:14:51,885 - INFO - Ingress_Exit IDGM53ZE
2025-04-01 03:14:51,889 - INFO - Ingress_Exit LHVXP6Y5
2025-04-01 03:14:51,897 - INFO - Ingress_Enter AC885661
2025-04-01 03:14:52,004 - INFO - Ingress_Enter IZUK4RTI
2025-04-01 03:14:52,074 - INFO - Ingress_Enter 9VT4C9X8
2025-04-01 03:14:52,089 - INFO - Ingress_Enter UK27Q2MX
2025-04-01 03:14:52,096 - INFO - Ingress_Exit JWU21SKG
2025-04-01 03:14:52,101 - INFO - Ingress_Enter H304URKM
2025-04-01 03:14:52,129 - INFO - Ingress_Enter FY3C0OH2
2025-04-01 03:14:52,183 - INFO - Ingress_Enter XLPC8KCK
2025-04-01 03:14:52,205 - INFO - Ingress_Exit S8EPMVTP
2025-04-01 03:14:52,227 - INFO - Ingress_Enter 1LMJSWKS
2025-04-01 03:14:52,232 - INFO - Ingress_Enter U5DQ0FLY
2025-04-01 03:14:52,245 - INFO - Ingress_Enter CDGN8VLL
2025-04-01 03:14:52,482 - INFO - Ingress_Enter WB7E0M3W
2025-04-01 03:14:52,561 - INFO - Ingress_Enter VKEZLIWX
2025-04-01 03:14:52,763 - INFO - Ingress_Enter FXH8YXU6
2025-04-01 03:14:52,945 - INFO - Ingress_Exit 5A2K2GC4
2025-04-01 03:14:52,976 - INFO - Ingress_Exit EYM9511E
2025-04-01 03:14:53,208 - INFO - Ingress_Exit TT1E3B03
2025-04-01 03:14:53,209 - INFO - Ingress_Exit LC08VBJL
2025-04-01 03:14:53,213 - INFO - Ingress_Exit 467K0FDD
2025-04-01 03:14:53,556 - INFO - Ingress_Enter 40V3QBYI
2025-04-01 03:14:53,602 - INFO - Ingress_Enter CHVOF4W7
2025-04-01 03:14:53,809 - INFO - Ingress_Exit B40G80FG
2025-04-01 03:14:53,886 - INFO - Ingress_Exit 1YZM35DY
2025-04-01 03:14:53,887 - INFO - Ingress_Exit B54EU39S
2025-04-01 03:14:53,995 - INFO - Ingress_Enter J3S5YKLS
2025-04-01 03:14:54,066 - INFO - Ingress_Enter VNPIT6YM
2025-04-01 03:14:54,144 - INFO - Ingress_Enter 6GL9KVUU
2025-04-01 03:14:54,230 - INFO - Ingress_Enter 377L6WV1
2025-04-01 03:14:54,399 - INFO - Ingress_Exit H7NRE5XH
2025-04-01 03:14:54,601 - INFO - Ingress_Enter LYUREUVC
2025-04-01 03:14:54,689 - INFO - Ingress_Enter R4H7F00N
2025-04-01 03:14:54,819 - INFO - Ingress_Exit UK27Q2MX
2025-04-01 03:14:54,820 - INFO - Ingress_Exit H304URKM
2025-04-01 03:14:54,828 - INFO - Ingress_Enter Y69OXMA5
2025-04-01 03:14:54,852 - INFO - Ingress_Exit XW5VN7IG
2025-04-01 03:14:54,854 - INFO - Ingress_Exit L9V2G1EW
2025-04-01 03:14:54,856 - INFO - Ingress_Exit SSLRNOT4
2025-04-01 03:14:54,860 - INFO - Ingress_Exit VWEURZP0
2025-04-01 03:14:54,932 - INFO - Ingress_Exit IZUK4RTI
2025-04-01 03:14:54,998 - INFO - Ingress_Exit 9VT4C9X8
2025-04-01 03:14:55,009 - INFO - Ingress_Enter ITOT5TVX
2025-04-01 03:14:55,131 - INFO - Ingress_Enter ORSM077W
2025-04-01 03:14:55,204 - INFO - Ingress_Enter RO5D5RK8
2025-04-01 03:14:55,394 - INFO - Ingress_Enter QO7CR7XE
2025-04-01 03:14:55,396 - INFO - Ingress_Enter FTAP9E02
2025-04-01 03:14:55,397 - INFO - Ingress_Enter VGGKRCUU
2025-04-01 03:14:55,399 - INFO - Ingress_Enter IBATL5NT
2025-04-01 03:14:55,399 - INFO - Ingress_Enter AEPJZ6SL
2025-04-01 03:14:55,406 - INFO - Ingress_Exit 1LMJSWKS
2025-04-01 03:14:55,462 - INFO - Ingress_Enter AXUZTZR0
2025-04-01 03:14:55,510 - INFO - Ingress_Enter TKQKBGN6
2025-04-01 03:14:55,960 - INFO - Ingress_Enter RQ894CME
2025-04-01 03:14:56,055 - INFO - Ingress_Enter 7QWCOFEQ
2025-04-01 03:14:56,080 - INFO - Ingress_Exit XLPC8KCK
2025-04-01 03:14:56,178 - INFO - Ingress_Enter D0GXMN0H
2025-04-01 03:14:56,207 - INFO - Ingress_Enter MPPEPZOA
2025-04-01 03:14:56,279 - INFO - Ingress_Exit AC885661
2025-04-01 03:14:56,893 - INFO - Ingress_Exit FY3C0OH2
2025-04-01 03:14:57,090 - INFO - Ingress_Exit JIXLX2L6
2025-04-01 03:14:57,091 - INFO - Ingress_Exit VT5454L0
2025-04-01 03:14:57,283 - INFO - Ingress_Exit VNPIT6YM
2025-04-01 03:14:57,288 - INFO - Ingress_Exit ORSM077W
2025-04-01 03:14:57,926 - INFO - Ingress_Enter 2FM6QSRB
2025-04-01 03:14:58,058 - INFO - Ingress_Enter O2H0UUGP
2025-04-01 03:14:58,095 - INFO - Ingress_Enter TIORJ9AD
2025-04-01 03:14:58,103 - INFO - Ingress_Enter TMPRMOCL
2025-04-01 03:14:58,199 - INFO - Ingress_Exit VKEZLIWX
2025-04-01 03:14:58,216 - INFO - Ingress_Enter 8K6S1YS2
2025-04-01 03:14:58,269 - INFO - Ingress_Enter JXUM69C5
2025-04-01 03:14:58,350 - INFO - Ingress_Enter OESZV06J
2025-04-01 03:14:58,457 - INFO - Ingress_Enter ZEVLA1UJ
2025-04-01 03:14:58,512 - INFO - Ingress_Exit U5DQ0FLY
2025-04-01 03:14:58,592 - INFO - Ingress_Exit LYUREUVC
2025-04-01 03:14:58,607 - INFO - Ingress_Exit 6GL9KVUU
2025-04-01 03:14:58,608 - INFO - Ingress_Exit FTAP9E02
2025-04-01 03:14:58,678 - INFO - Ingress_Enter EOMQ55FG
2025-04-01 03:14:58,875 - INFO - Ingress_Enter HJ68C7DY
2025-04-01 03:14:58,906 - INFO - Ingress_Enter WT0RK0JX
2025-04-01 03:14:58,933 - INFO - Ingress_Enter CMGTON3T
2025-04-01 03:14:58,965 - INFO - Ingress_Exit 377L6WV1
2025-04-01 03:14:59,113 - INFO - Ingress_Enter 6NZ4VKG8
2025-04-01 03:14:59,125 - INFO - Ingress_Exit 9SJ870C1
2025-04-01 03:14:59,162 - INFO - Ingress_Exit AEPJZ6SL
2025-04-01 03:14:59,164 - INFO - Ingress_Exit IBATL5NT
2025-04-01 03:14:59,165 - INFO - Ingress_Exit RO5D5RK8
2025-04-01 03:14:59,168 - INFO - Ingress_Exit WB7E0M3W
2025-04-01 03:14:59,214 - INFO - Ingress_Enter XGY4Z4CA
2025-04-01 03:14:59,311 - INFO - Ingress_Enter EKUIH36H
2025-04-01 03:14:59,330 - INFO - Ingress_Enter 5151EWA6
2025-04-01 03:14:59,355 - INFO - Ingress_Enter 544758T0
2025-04-01 03:14:59,426 - INFO - Ingress_Enter V11D31H1
2025-04-01 03:14:59,546 - INFO - Ingress_Enter USHZIH5S
2025-04-01 03:14:59,942 - INFO - Ingress_Exit VGGKRCUU
2025-04-01 03:15:00,106 - INFO - Ingress_Exit D0GXMN0H
2025-04-01 03:15:00,222 - INFO - Ingress_Exit QO7CR7XE
2025-04-01 03:15:00,334 - INFO - Ingress_Exit DDQTU0Z8
2025-04-01 03:15:00,477 - INFO - Ingress_Exit R4H7F00N
2025-04-01 03:15:00,479 - INFO - Ingress_Exit ITOT5TVX
2025-04-01 03:15:00,862 - INFO - Ingress_Exit RQ894CME
2025-04-01 03:15:01,341 - INFO - Ingress_Exit CHVOF4W7
2025-04-01 03:15:01,342 - INFO - Ingress_Exit J3S5YKLS
2025-04-01 03:15:01,345 - INFO - Ingress_Exit Y69OXMA5
2025-04-01 03:15:01,346 - INFO - Ingress_Exit TKQKBGN6
2025-04-01 03:15:01,361 - INFO - Ingress_Enter S30E7Y4Y
2025-04-01 03:15:01,368 - INFO - Ingress_Exit EOMQ55FG
2025-04-01 03:15:01,461 - INFO - Ingress_Enter BZ9V1T8X
2025-04-01 03:15:01,472 - INFO - Ingress_Enter KAVU0H9Y
2025-04-01 03:15:01,484 - INFO - Ingress_Exit JXUM69C5
2025-04-01 03:15:01,587 - INFO - Ingress_Enter LA5WD5GI
2025-04-01 03:15:01,715 - INFO - Ingress_Enter IZ2KGJD9
2025-04-01 03:15:01,744 - INFO - Ingress_Enter O454K9JN
2025-04-01 03:15:01,754 - INFO - Ingress_Enter 7DVFBYTR
2025-04-01 03:15:01,766 - INFO - Ingress_Enter KALFPCGM
2025-04-01 03:15:01,806 - INFO - Ingress_Enter MQNSP3VZ
2025-04-01 03:15:01,817 - INFO - Ingress_Exit WT0RK0JX
2025-04-01 03:15:01,828 - INFO - Ingress_Exit O2H0UUGP
2025-04-01 03:15:01,881 - INFO - Ingress_Enter 3E5RLU0Z
2025-04-01 03:15:01,912 - INFO - Ingress_Enter SESGA9K6
2025-04-01 03:15:01,922 - INFO - Ingress_Enter VRAD0WY5
2025-04-01 03:15:02,022 - INFO - Ingress_Enter 5UURPNK3
2025-04-01 03:15:02,033 - INFO - Ingress_Enter P4EAR048
2025-04-01 03:15:02,052 - INFO - Ingress_Enter WFOBRE9N
2025-04-01 03:15:02,169 - INFO - Ingress_Enter 317W1S0R
2025-04-01 03:15:02,430 - INFO - Ingress_Exit 8K6S1YS2
2025-04-01 03:15:02,493 - INFO - Ingress_Enter 0HECJP1S
2025-04-01 03:15:02,634 - INFO - Ingress_Enter 6MSMFBBT
2025-04-01 03:15:03,095 - INFO - Ingress_Enter 6WTFQTWC
2025-04-01 03:15:03,181 - INFO - Ingress_Enter OBV5A106
2025-04-01 03:15:03,246 - INFO - Ingress_Exit ZEVLA1UJ
2025-04-01 03:15:03,447 - INFO - Ingress_Exit CDGN8VLL
2025-04-01 03:15:03,449 - INFO - Ingress_Exit FXH8YXU6
2025-04-01 03:15:03,585 - INFO - Ingress_Exit 2FM6QSRB
2025-04-01 03:15:03,763 - INFO - Ingress_Exit HJ68C7DY
2025-04-01 03:15:03,767 - INFO - Ingress_Exit MPPEPZOA
2025-04-01 03:15:04,165 - INFO - Ingress_Exit 7QWCOFEQ
2025-04-01 03:15:04,634 - INFO - Ingress_Exit S30E7Y4Y
2025-04-01 03:15:04,636 - INFO - Ingress_Exit BZ9V1T8X
2025-04-01 03:15:04,669 - INFO - Ingress_Exit TIORJ9AD
2025-04-01 03:15:04,672 - INFO - Ingress_Exit KAVU0H9Y
2025-04-01 03:15:04,673 - INFO - Ingress_Exit XGY4Z4CA
2025-04-01 03:15:04,674 - INFO - Ingress_Exit 6NZ4VKG8
2025-04-01 03:15:04,676 - INFO - Ingress_Exit EKUIH36H
2025-04-01 03:15:04,686 - INFO - Ingress_Exit 5151EWA6
2025-04-01 03:15:05,120 - INFO - Ingress_Exit O454K9JN
2025-04-01 03:15:05,144 - INFO - Ingress_Exit AXUZTZR0
2025-04-01 03:15:05,189 - INFO - Ingress_Exit MQNSP3VZ
2025-04-01 03:15:05,190 - INFO - Ingress_Exit 3E5RLU0Z
2025-04-01 03:15:05,253 - INFO - Ingress_Exit KALFPCGM
2025-04-01 03:15:05,255 - INFO - Ingress_Exit 5UURPNK3
2025-04-01 03:15:05,425 - INFO - Ingress_Exit TMPRMOCL
2025-04-01 03:15:05,636 - INFO - Ingress_Exit CMGTON3T
2025-04-01 03:15:05,637 - INFO - Ingress_Exit SESGA9K6
2025-04-01 03:15:05,639 - INFO - Ingress_Exit VRAD0WY5
2025-04-01 03:15:05,701 - INFO - Ingress_Exit 544758T0
2025-04-01 03:15:05,704 - INFO - Ingress_Exit LA5WD5GI
2025-04-01 03:15:05,776 - INFO - Ingress_Enter REL8BZ58
2025-04-01 03:15:05,785 - INFO - Ingress_Enter 8OCWRKWP
2025-04-01 03:15:05,842 - INFO - Ingress_Exit OESZV06J
2025-04-01 03:15:05,918 - INFO - Ingress_Enter USDJ8R1G
2025-04-01 03:15:05,933 - INFO - Ingress_Enter NPHALN9F
2025-04-01 03:15:05,996 - INFO - Ingress_Enter W6OZFDII
2025-04-01 03:15:06,074 - INFO - Ingress_Enter XF44TOHP
2025-04-01 03:15:06,099 - INFO - Ingress_Enter GT3E0WS7
2025-04-01 03:15:06,134 - INFO - Ingress_Exit 7DVFBYTR
2025-04-01 03:15:06,284 - INFO - Ingress_Enter MR7BRLSG
2025-04-01 03:15:06,365 - INFO - Ingress_Enter 7FJN7JZC
2025-04-01 03:15:06,439 - INFO - Ingress_Enter 7UY4C95Z
2025-04-01 03:15:06,485 - INFO - Ingress_Enter GE15G1A9
2025-04-01 03:15:06,512 - INFO - Ingress_Enter 4ANUESY7
2025-04-01 03:15:06,549 - INFO - Ingress_Enter L20NBH4Q
2025-04-01 03:15:06,560 - INFO - Ingress_Enter KEH7U7LI
2025-04-01 03:15:06,632 - INFO - Ingress_Enter E7RT5S30
2025-04-01 03:15:06,659 - INFO - Ingress_Exit USHZIH5S
2025-04-01 03:15:06,719 - INFO - Ingress_Enter R63Z0DR4
2025-04-01 03:15:06,772 - INFO - Ingress_Enter 6RMDH30P
2025-04-01 03:15:06,977 - INFO - Ingress_Enter E0EQKP7Z
2025-04-01 03:15:06,997 - INFO - Ingress_Exit P4EAR048
2025-04-01 03:15:07,001 - INFO - Ingress_Exit 6MSMFBBT
2025-04-01 03:15:07,005 - INFO - Ingress_Enter 6MU0OF9E
2025-04-01 03:15:07,048 - INFO - Ingress_Enter ZLB7P0UB
2025-04-01 03:15:07,058 - INFO - Ingress_Exit WFOBRE9N
2025-04-01 03:15:07,061 - INFO - Ingress_Exit 40V3QBYI
2025-04-01 03:15:07,162 - INFO - Ingress_Enter EKMTNW92
2025-04-01 03:15:07,187 - INFO - Ingress_Enter G2D7FZTC
2025-04-01 03:15:07,335 - INFO - Ingress_Enter 19Y0R4IJ
2025-04-01 03:15:07,357 - INFO - Ingress_Enter A51UHWCR
2025-04-01 03:15:07,359 - INFO - Ingress_Enter JZFV40U3
2025-04-01 03:15:07,400 - INFO - Ingress_Enter 5MUXHCA1
2025-04-01 03:15:07,423 - INFO - Ingress_Enter IJXSZ3US
2025-04-01 03:15:07,481 - INFO - Ingress_Enter UFYIFRLF
2025-04-01 03:15:07,550 - INFO - Ingress_Enter 6BZTJUVM
2025-04-01 03:15:07,650 - INFO - Ingress_Enter AQ1HXLSB
2025-04-01 03:15:07,658 - INFO - Ingress_Exit 0HECJP1S
2025-04-01 03:15:07,774 - INFO - Ingress_Enter OEM3LEID
2025-04-01 03:15:07,847 - INFO - Ingress_Enter 219Z3UVQ
2025-04-01 03:15:07,968 - INFO - Ingress_Enter A21J0G0Y
2025-04-01 03:15:08,019 - INFO - Ingress_Exit V11D31H1
2025-04-01 03:15:08,021 - INFO - Ingress_Exit IZ2KGJD9
2025-04-01 03:15:08,040 - INFO - Ingress_Enter W17JEAAE
2025-04-01 03:15:08,066 - INFO - Ingress_Exit 6WTFQTWC
2025-04-01 03:15:08,077 - INFO - Ingress_Enter S5ZK5O3X
2025-04-01 03:15:08,122 - INFO - Ingress_Enter 4N3T0S5H
2025-04-01 03:15:08,531 - INFO - Ingress_Enter 9URX7H9Z
2025-04-01 03:15:08,548 - INFO - Ingress_Enter VSO39TQI
2025-04-01 03:15:08,567 - INFO - Ingress_Enter C62D3489
2025-04-01 03:15:08,765 - INFO - Ingress_Enter EWTWV7C0
2025-04-01 03:15:09,131 - INFO - Ingress_Enter 40NZB0EH
2025-04-01 03:15:09,134 - INFO - Ingress_Exit 317W1S0R
2025-04-01 03:15:09,135 - INFO - Ingress_Exit XF44TOHP
2025-04-01 03:15:09,463 - INFO - Ingress_Enter 17T95W9B
2025-04-01 03:15:09,538 - INFO - Ingress_Enter S1NFTYBG
2025-04-01 03:15:09,599 - INFO - Ingress_Exit 8OCWRKWP
2025-04-01 03:15:09,601 - INFO - Ingress_Exit GT3E0WS7
2025-04-01 03:15:09,605 - INFO - Ingress_Exit MR7BRLSG
2025-04-01 03:15:09,611 - INFO - Ingress_Enter 4VZZL2GY
2025-04-01 03:15:09,930 - INFO - Ingress_Enter QOZW8S8J
2025-04-01 03:15:10,076 - INFO - Ingress_Exit W6OZFDII
2025-04-01 03:15:10,124 - INFO - Ingress_Exit USDJ8R1G
2025-04-01 03:15:10,126 - INFO - Ingress_Exit OBV5A106
2025-04-01 03:15:10,127 - INFO - Ingress_Exit REL8BZ58
2025-04-01 03:15:10,422 - INFO - Ingress_Enter UOY3HNKZ
2025-04-01 03:15:10,423 - INFO - Ingress_Exit EKMTNW92
2025-04-01 03:15:10,480 - INFO - Ingress_Enter EAUYL9FE
2025-04-01 03:15:10,490 - INFO - Ingress_Enter ZN7BM757
2025-04-01 03:15:10,545 - INFO - Ingress_Enter 2PBF06WV
2025-04-01 03:15:10,611 - INFO - Ingress_Enter WLBIIYVV
2025-04-01 03:15:10,637 - INFO - Ingress_Enter QE9W7I0I
2025-04-01 03:15:10,648 - INFO - Ingress_Enter 86BTMLSH
2025-04-01 03:15:11,111 - INFO - Ingress_Enter NSGOB5YB
2025-04-01 03:15:11,197 - INFO - Ingress_Exit NPHALN9F
2025-04-01 03:15:11,199 - INFO - Ingress_Exit 7FJN7JZC
2025-04-01 03:15:11,200 - INFO - Ingress_Exit 7UY4C95Z
2025-04-01 03:15:11,289 - INFO - Ingress_Exit 5MUXHCA1
2025-04-01 03:15:11,296 - INFO - Ingress_Exit 19Y0R4IJ
2025-04-01 03:15:11,316 - INFO - Ingress_Exit R63Z0DR4
2025-04-01 03:15:11,633 - INFO - Ingress_Enter 4H25DZZM
2025-04-01 03:15:11,711 - INFO - Ingress_Exit 6RMDH30P
2025-04-01 03:15:11,722 - INFO - Ingress_Enter KCTHAIC6
2025-04-01 03:15:11,736 - INFO - Ingress_Exit KEH7U7LI
2025-04-01 03:15:11,741 - INFO - Ingress_Exit 6MU0OF9E
2025-04-01 03:15:11,746 - INFO - Ingress_Exit E0EQKP7Z
2025-04-01 03:15:11,748 - INFO - Ingress_Exit ZLB7P0UB
2025-04-01 03:15:11,750 - INFO - Ingress_Exit G2D7FZTC
2025-04-01 03:15:11,794 - INFO - Ingress_Enter 0HZFCUMR
2025-04-01 03:15:11,864 - INFO - Ingress_Enter I2UVTD1H
2025-04-01 03:15:11,972 - INFO - Ingress_Enter C8O0SG2S
2025-04-01 03:15:12,155 - INFO - Ingress_Enter WL6MTQOJ
2025-04-01 03:15:12,325 - INFO - Ingress_Enter C89W0HT6
2025-04-01 03:15:12,352 - INFO - Ingress_Enter YD1MOBPZ
2025-04-01 03:15:12,546 - INFO - Ingress_Enter DJL9SV3J
2025-04-01 03:15:12,622 - INFO - Ingress_Exit 4VZZL2GY
2025-04-01 03:15:12,722 - INFO - Ingress_Enter HD1NCBRJ
2025-04-01 03:15:12,762 - INFO - Ingress_Exit L20NBH4Q
2025-04-01 03:15:13,163 - INFO - Ingress_Exit A21J0G0Y
2025-04-01 03:15:13,344 - INFO - Ingress_Exit JZFV40U3
2025-04-01 03:15:13,346 - INFO - Ingress_Exit OEM3LEID
2025-04-01 03:15:13,356 - INFO - Ingress_Exit 219Z3UVQ
2025-04-01 03:15:13,904 - INFO - Ingress_Exit S5ZK5O3X
2025-04-01 03:15:14,075 - INFO - Ingress_Exit GE15G1A9
2025-04-01 03:15:14,490 - INFO - Ingress_Exit 4ANUESY7
2025-04-01 03:15:14,492 - INFO - Ingress_Exit ZN7BM757
2025-04-01 03:15:15,221 - INFO - Ingress_Exit E7RT5S30
2025-04-01 03:15:15,490 - INFO - Ingress_Exit EAUYL9FE
2025-04-01 03:15:15,579 - INFO - Ingress_Exit A51UHWCR
2025-04-01 03:15:15,725 - INFO - Ingress_Exit UFYIFRLF
2025-04-01 03:15:15,894 - INFO - Ingress_Exit 6BZTJUVM
2025-04-01 03:15:15,897 - INFO - Ingress_Exit AQ1HXLSB
2025-04-01 03:15:15,923 - INFO - Ingress_Exit IJXSZ3US
2025-04-01 03:15:16,081 - INFO - Ingress_Exit 4N3T0S5H
2025-04-01 03:15:16,301 - INFO - Ingress_Exit W17JEAAE
2025-04-01 03:15:16,302 - INFO - Ingress_Exit 9URX7H9Z
2025-04-01 03:15:16,449 - INFO - Ingress_Exit VSO39TQI
2025-04-01 03:15:16,450 - INFO - Ingress_Exit C62D3489
2025-04-01 03:15:16,522 - INFO - Ingress_Exit 40NZB0EH
2025-04-01 03:15:16,524 - INFO - Ingress_Exit EWTWV7C0
2025-04-01 03:15:16,525 - INFO - Ingress_Exit S1NFTYBG
2025-04-01 03:15:16,782 - INFO - Ingress_Exit 17T95W9B
2025-04-01 03:15:16,784 - INFO - Ingress_Exit QOZW8S8J
2025-04-01 03:15:16,784 - INFO - Ingress_Exit UOY3HNKZ
2025-04-01 03:15:16,859 - INFO - Ingress_Exit 86BTMLSH
2025-04-01 03:15:16,861 - INFO - Ingress_Exit 4H25DZZM
2025-04-01 03:15:16,862 - INFO - Ingress_Exit NSGOB5YB
2025-04-01 03:15:17,009 - INFO - Ingress_Exit 2PBF06WV
2025-04-01 03:15:17,010 - INFO - Ingress_Exit WLBIIYVV
2025-04-01 03:15:17,013 - INFO - Ingress_Exit QE9W7I0I
2025-04-01 03:15:17,293 - INFO - Ingress_Exit KCTHAIC6
2025-04-01 03:15:17,506 - INFO - Ingress_Exit I2UVTD1H
2025-04-01 03:15:17,629 - INFO - Ingress_Exit WL6MTQOJ
2025-04-01 03:15:18,064 - INFO - Ingress_Exit 0HZFCUMR
2025-04-01 03:15:18,401 - INFO - Ingress_Exit YD1MOBPZ
2025-04-01 03:15:18,406 - INFO - Ingress_Exit C8O0SG2S
2025-04-01 03:15:18,667 - INFO - Ingress_Exit HD1NCBRJ
2025-04-01 03:15:18,670 - INFO - Ingress_Exit C89W0HT6
2025-04-01 03:15:18,919 - INFO - Ingress_Exit DJL9SV3J
