2025-04-01 03:14:18,950 - INFO - StepE_Enter UVSUJRAV
2025-04-01 03:14:19,317 - INFO - StepE_Exit UVSUJRAV
2025-04-01 03:14:19,318 - INFO - StepE_Enter RHFDLIRO
StepE_Enter S08IEXPU
StepE_Enter PP0PVLJL
StepE_Enter SNYFCTXD
StepE_Enter E22NHWLA
StepE_Enter 0D107O0D
2025-04-01 03:14:19,481 - INFO - StepE_Exit RHFDLIRO
StepE_Exit S08IEXPU
StepE_Exit PP0PVLJL
StepE_Exit SNYFCTXD
StepE_Exit E22NHWLA
StepE_Exit 0D107O0D
2025-04-01 03:14:19,481 - INFO - StepE_Enter KQ4TWBQC
2025-04-01 03:14:19,526 - INFO - StepE_Exit KQ4TWBQC
2025-04-01 03:14:19,527 - INFO - StepE_Enter QRF6HH90
StepE_Enter 3VA1NRFJ
StepE_Enter EIP50P8E
2025-04-01 03:14:19,612 - INFO - StepE_Exit QRF6HH90
StepE_Exit 3VA1NRFJ
StepE_Exit EIP50P8E
2025-04-01 03:14:19,613 - INFO - StepE_Enter ZI0558W5
StepE_Enter XTMD4Q49
2025-04-01 03:14:19,672 - INFO - StepE_Exit ZI0558W5
StepE_Exit XTMD4Q49
2025-04-01 03:14:19,672 - INFO - StepE_Enter QF51ZF6N
2025-04-01 03:14:19,711 - INFO - StepE_Exit QF51ZF6N
2025-04-01 03:14:19,712 - INFO - StepE_Enter 9SQD463P
StepE_Enter FT0XEJ96
StepE_Enter ZMHYVPEA
2025-04-01 03:14:19,788 - INFO - StepE_Exit 9SQD463P
StepE_Exit FT0XEJ96
StepE_Exit ZMHYVPEA
2025-04-01 03:14:19,789 - INFO - StepE_Enter K6G2LWAI
2025-04-01 03:14:19,827 - INFO - StepE_Exit K6G2LWAI
2025-04-01 03:14:19,827 - INFO - StepE_Enter 81ZR5N5O
2025-04-01 03:14:19,857 - INFO - StepE_Exit 81ZR5N5O
2025-04-01 03:14:19,922 - INFO - StepE_Enter JGO96YRQ
2025-04-01 03:14:19,959 - INFO - StepE_Exit JGO96YRQ
2025-04-01 03:14:19,959 - INFO - StepE_Enter EEJ9198Q
2025-04-01 03:14:19,989 - INFO - StepE_Exit EEJ9198Q
2025-04-01 03:14:19,990 - INFO - StepE_Enter UEJWT1YH
2025-04-01 03:14:20,023 - INFO - StepE_Exit UEJWT1YH
2025-04-01 03:14:20,023 - INFO - StepE_Enter X65Q09QD
2025-04-01 03:14:20,071 - INFO - StepE_Exit X65Q09QD
2025-04-01 03:14:20,071 - INFO - StepE_Enter PRTSTJOI
StepE_Enter 5LG54BEN
2025-04-01 03:14:20,130 - INFO - StepE_Exit PRTSTJOI
StepE_Exit 5LG54BEN
2025-04-01 03:14:20,131 - INFO - StepE_Enter X0FCABDU
StepE_Enter AW2M9Z0M
StepE_Enter K6KGYDI0
StepE_Enter ZWCL2ZD6
2025-04-01 03:14:20,249 - INFO - StepE_Exit X0FCABDU
StepE_Exit AW2M9Z0M
StepE_Exit K6KGYDI0
StepE_Exit ZWCL2ZD6
2025-04-01 03:14:20,249 - INFO - StepE_Enter 58HI6GZS
StepE_Enter IJVI2FHV
StepE_Enter EOHUNKBN
StepE_Enter MLSKLN3X
StepE_Enter 7FXI7SF9
2025-04-01 03:14:20,380 - INFO - StepE_Exit 58HI6GZS
StepE_Exit IJVI2FHV
StepE_Exit EOHUNKBN
StepE_Exit MLSKLN3X
StepE_Exit 7FXI7SF9
2025-04-01 03:14:20,381 - INFO - StepE_Enter OURGAS56
StepE_Enter 0ONKIPR4
StepE_Enter KS5IAJLC
StepE_Enter 2GOGYKSI
2025-04-01 03:14:20,503 - INFO - StepE_Exit OURGAS56
StepE_Exit 0ONKIPR4
StepE_Exit KS5IAJLC
StepE_Exit 2GOGYKSI
2025-04-01 03:14:20,504 - INFO - StepE_Enter O3OE89VC
StepE_Enter 60MZHXO6
StepE_Enter DPOY25U3
StepE_Enter HN6CYVJO
StepE_Enter Y0W2OK3N
StepE_Enter YJQBDIWK
StepE_Enter B54MKQ88
2025-04-01 03:14:20,685 - INFO - StepE_Exit O3OE89VC
StepE_Exit 60MZHXO6
StepE_Exit DPOY25U3
StepE_Exit HN6CYVJO
StepE_Exit Y0W2OK3N
StepE_Exit YJQBDIWK
StepE_Exit B54MKQ88
2025-04-01 03:14:20,687 - INFO - StepE_Enter 7F9EAKK5
StepE_Enter MX4YKYLM
StepE_Enter 2TON3DKA
StepE_Enter MMOXDUHJ
StepE_Enter C2W2MC4Z
StepE_Enter V25UL3BQ
StepE_Enter XW18X8PK
StepE_Enter JVX2DNZH
StepE_Enter FI3PNQLD
2025-04-01 03:14:20,917 - INFO - StepE_Exit 7F9EAKK5
StepE_Exit MX4YKYLM
StepE_Exit 2TON3DKA
StepE_Exit MMOXDUHJ
StepE_Exit C2W2MC4Z
StepE_Exit V25UL3BQ
StepE_Exit XW18X8PK
StepE_Exit JVX2DNZH
StepE_Exit FI3PNQLD
2025-04-01 03:14:20,919 - INFO - StepE_Enter N7YKBR7R
StepE_Enter 7KI7UJ66
StepE_Enter 174H5NQL
StepE_Enter D6X746EB
StepE_Enter O1SVYAQW
StepE_Enter GH2UVDCY
StepE_Enter 6KOETYL6
StepE_Enter EWWIVFLF
StepE_Enter 28WXIMON
StepE_Enter YVJQINFU
2025-04-01 03:14:21,183 - INFO - StepE_Exit N7YKBR7R
StepE_Exit 7KI7UJ66
StepE_Exit 174H5NQL
StepE_Exit D6X746EB
StepE_Exit O1SVYAQW
StepE_Exit GH2UVDCY
StepE_Exit 6KOETYL6
StepE_Exit EWWIVFLF
StepE_Exit 28WXIMON
StepE_Exit YVJQINFU
2025-04-01 03:14:21,184 - INFO - StepE_Enter UWLKP3RO
StepE_Enter 9EHH1FJ8
StepE_Enter UBV6S873
StepE_Enter YX1Y2FS1
StepE_Enter 592R4I4Q
StepE_Enter OR8OJ0L8
StepE_Enter 5904BZC8
StepE_Enter 7AMD05D3
StepE_Enter CSO50LEE
StepE_Enter XZH1QMA6
2025-04-01 03:14:21,433 - INFO - StepE_Exit UWLKP3RO
StepE_Exit 9EHH1FJ8
StepE_Exit UBV6S873
StepE_Exit YX1Y2FS1
StepE_Exit 592R4I4Q
StepE_Exit OR8OJ0L8
StepE_Exit 5904BZC8
StepE_Exit 7AMD05D3
StepE_Exit CSO50LEE
StepE_Exit XZH1QMA6
2025-04-01 03:14:21,434 - INFO - StepE_Enter 2GX6DSZ4
StepE_Enter ZPLOD1SM
StepE_Enter AFF80S9E
2025-04-01 03:14:21,516 - INFO - StepE_Exit 2GX6DSZ4
StepE_Exit ZPLOD1SM
StepE_Exit AFF80S9E
2025-04-01 03:14:21,517 - INFO - StepE_Enter ABBEW2JC
StepE_Enter 03BYBZI0
StepE_Enter U1DCQW3W
StepE_Enter VRTZY86T
StepE_Enter TE1XMO8J
StepE_Enter 0WMULIR3
StepE_Enter 94G9JUTU
2025-04-01 03:14:21,681 - INFO - StepE_Exit ABBEW2JC
StepE_Exit 03BYBZI0
StepE_Exit U1DCQW3W
StepE_Exit VRTZY86T
StepE_Exit TE1XMO8J
StepE_Exit 0WMULIR3
StepE_Exit 94G9JUTU
2025-04-01 03:14:21,682 - INFO - StepE_Enter H7LJMYGY
StepE_Enter JJ5SPDRL
StepE_Enter RC0GIU0H
StepE_Enter NGXXABVI
StepE_Enter CCL77S7H
StepE_Enter 4U3331VY
StepE_Enter XN28FBUQ
2025-04-01 03:14:21,863 - INFO - StepE_Exit H7LJMYGY
StepE_Exit JJ5SPDRL
StepE_Exit RC0GIU0H
StepE_Exit NGXXABVI
StepE_Exit CCL77S7H
StepE_Exit 4U3331VY
StepE_Exit XN28FBUQ
2025-04-01 03:14:21,864 - INFO - StepE_Enter ZHWE9RNN
StepE_Enter YF7YJ8EM
StepE_Enter WYJMEZD6
StepE_Enter 9CY1Y30V
StepE_Enter 7A5QWHEC
StepE_Enter 8FLDF10W
StepE_Enter V1HTT991
StepE_Enter NITOE6C5
StepE_Enter 2YELQ1JV
StepE_Enter E3WLM56E
2025-04-01 03:14:22,113 - INFO - StepE_Exit ZHWE9RNN
StepE_Exit YF7YJ8EM
StepE_Exit WYJMEZD6
StepE_Exit 9CY1Y30V
StepE_Exit 7A5QWHEC
StepE_Exit 8FLDF10W
StepE_Exit V1HTT991
StepE_Exit NITOE6C5
StepE_Exit 2YELQ1JV
StepE_Exit E3WLM56E
2025-04-01 03:14:22,114 - INFO - StepE_Enter DAM7ZPDP
StepE_Enter 0ZFJRX0C
StepE_Enter AZJONEHH
StepE_Enter 6DLZJI08
StepE_Enter GLFO6E7V
StepE_Enter NFDMSHMR
StepE_Enter W65E4K6A
StepE_Enter 8VRSF7FI
StepE_Enter VEO9TQB8
StepE_Enter 9BTNT1VM
StepE_Enter R4KTIM63
StepE_Enter 5XC5L63D
StepE_Enter C4RE8L1Y
2025-04-01 03:14:22,426 - INFO - StepE_Exit DAM7ZPDP
StepE_Exit 0ZFJRX0C
StepE_Exit AZJONEHH
StepE_Exit 6DLZJI08
StepE_Exit GLFO6E7V
StepE_Exit NFDMSHMR
StepE_Exit W65E4K6A
StepE_Exit 8VRSF7FI
StepE_Exit VEO9TQB8
StepE_Exit 9BTNT1VM
StepE_Exit R4KTIM63
StepE_Exit 5XC5L63D
StepE_Exit C4RE8L1Y
2025-04-01 03:14:22,427 - INFO - StepE_Enter 1LLHRTAC
StepE_Enter 5V0DWCHN
StepE_Enter 0YY42AQE
StepE_Enter X7YHVEDB
StepE_Enter 0VUEIDWC
StepE_Enter NJEDMVBD
StepE_Enter 5Z3Y8R1I
StepE_Enter 6OM2F17U
StepE_Enter UTYMP5ED
StepE_Enter BL4SLN0V
2025-04-01 03:14:22,671 - INFO - StepE_Exit 1LLHRTAC
StepE_Exit 5V0DWCHN
StepE_Exit 0YY42AQE
StepE_Exit X7YHVEDB
StepE_Exit 0VUEIDWC
StepE_Exit NJEDMVBD
StepE_Exit 5Z3Y8R1I
StepE_Exit 6OM2F17U
StepE_Exit UTYMP5ED
StepE_Exit BL4SLN0V
2025-04-01 03:14:22,673 - INFO - StepE_Enter 0UNFTGTF
StepE_Enter 6APPHJCK
StepE_Enter BQ2TX3T2
StepE_Enter FMFDRFPY
StepE_Enter H4P9GWVG
StepE_Enter CNH3G4J2
2025-04-01 03:14:22,827 - INFO - StepE_Exit 0UNFTGTF
StepE_Exit 6APPHJCK
StepE_Exit BQ2TX3T2
StepE_Exit FMFDRFPY
StepE_Exit H4P9GWVG
StepE_Exit CNH3G4J2
2025-04-01 03:14:22,828 - INFO - StepE_Enter P3UZIW5N
StepE_Enter YIVMGEBK
StepE_Enter KBNQR99G
StepE_Enter MVY3Q7K0
StepE_Enter FX3ZH4X0
StepE_Enter 1HPV72AT
StepE_Enter FPOCD9ZT
StepE_Enter O59917T6
2025-04-01 03:14:23,050 - INFO - StepE_Exit P3UZIW5N
StepE_Exit YIVMGEBK
StepE_Exit KBNQR99G
StepE_Exit MVY3Q7K0
StepE_Exit FX3ZH4X0
StepE_Exit 1HPV72AT
StepE_Exit FPOCD9ZT
StepE_Exit O59917T6
2025-04-01 03:14:23,054 - INFO - StepE_Enter QR6TFSDB
StepE_Enter JF4V56X9
StepE_Enter LAYVOMTA
StepE_Enter DLYNK8TW
StepE_Enter VY9SX42Q
StepE_Enter 5GB6PN7H
StepE_Enter Q1SJIMRL
StepE_Enter 1NKSXIAV
StepE_Enter 89ZDJMID
StepE_Enter SJ0Z4WRO
StepE_Enter O72XF6GJ
StepE_Enter J9KPW6SR
StepE_Enter NYO1FO8Q
StepE_Enter 1A1G02LR
StepE_Enter BYVECBTL
StepE_Enter PI6M2P7P
StepE_Enter ODLFXFNO
StepE_Enter 8PC2W4EG
StepE_Enter 1KS7MSEK
StepE_Enter 9YDRUGHJ
2025-04-01 03:14:23,547 - INFO - StepE_Exit QR6TFSDB
StepE_Exit JF4V56X9
StepE_Exit LAYVOMTA
StepE_Exit DLYNK8TW
StepE_Exit VY9SX42Q
StepE_Exit 5GB6PN7H
StepE_Exit Q1SJIMRL
StepE_Exit 1NKSXIAV
StepE_Exit 89ZDJMID
StepE_Exit SJ0Z4WRO
StepE_Exit O72XF6GJ
StepE_Exit J9KPW6SR
StepE_Exit NYO1FO8Q
StepE_Exit 1A1G02LR
StepE_Exit BYVECBTL
StepE_Exit PI6M2P7P
StepE_Exit ODLFXFNO
StepE_Exit 8PC2W4EG
StepE_Exit 1KS7MSEK
StepE_Exit 9YDRUGHJ
2025-04-01 03:14:23,550 - INFO - StepE_Enter KRBCOGTT
StepE_Enter M4G2LFQG
StepE_Enter G9LVAQEA
StepE_Enter 81A02KB0
StepE_Enter ELHIH2VT
StepE_Enter LBDZSWVO
StepE_Enter MG4X4WXA
StepE_Enter 7TBIT12P
StepE_Enter 0AIAZ6EN
StepE_Enter V43W9EK2
StepE_Enter UJIO7VNS
StepE_Enter RKKQVEM8
2025-04-01 03:14:23,852 - INFO - StepE_Exit KRBCOGTT
StepE_Exit M4G2LFQG
StepE_Exit G9LVAQEA
StepE_Exit 81A02KB0
StepE_Exit ELHIH2VT
StepE_Exit LBDZSWVO
StepE_Exit MG4X4WXA
StepE_Exit 7TBIT12P
StepE_Exit 0AIAZ6EN
StepE_Exit V43W9EK2
StepE_Exit UJIO7VNS
StepE_Exit RKKQVEM8
2025-04-01 03:14:23,854 - INFO - StepE_Enter PKQI6ATT
StepE_Enter F1BM7AVE
StepE_Enter X0NEI0T7
StepE_Enter QFR3B0UO
StepE_Enter IX8U0RO7
StepE_Enter CLWH8RVN
StepE_Enter 9N84N4K0
StepE_Enter 06MP0TAD
StepE_Enter KZ7MUPQ4
StepE_Enter ZRMK46O7
StepE_Enter FR842KG5
StepE_Enter M6QPV5IL
StepE_Enter K62VS1JT
StepE_Enter 3EK85DZM
StepE_Enter SFPLOJJ3
StepE_Enter AUHN2VVW
2025-04-01 03:14:24,260 - INFO - StepE_Exit PKQI6ATT
StepE_Exit F1BM7AVE
StepE_Exit X0NEI0T7
StepE_Exit QFR3B0UO
StepE_Exit IX8U0RO7
StepE_Exit CLWH8RVN
StepE_Exit 9N84N4K0
StepE_Exit 06MP0TAD
StepE_Exit KZ7MUPQ4
StepE_Exit ZRMK46O7
StepE_Exit FR842KG5
StepE_Exit M6QPV5IL
StepE_Exit K62VS1JT
StepE_Exit 3EK85DZM
StepE_Exit SFPLOJJ3
StepE_Exit AUHN2VVW
2025-04-01 03:14:24,262 - INFO - StepE_Enter 78ITY8K3
StepE_Enter LV83A3D7
StepE_Enter Q9BJYKQ0
StepE_Enter G7RKH2SZ
StepE_Enter S07S2V1V
StepE_Enter UWOPC2YT
StepE_Enter Z4GHILP0
StepE_Enter S4YGALEU
StepE_Enter SCZXM9X4
StepE_Enter SXCGDG3U
StepE_Enter I8FSPJOK
StepE_Enter Q48N0PFT
StepE_Enter Y3SEUH14
StepE_Enter BFEBU0D4
StepE_Enter UJHM87IR
StepE_Enter V0IUME26
2025-04-01 03:14:24,660 - INFO - StepE_Exit 78ITY8K3
StepE_Exit LV83A3D7
StepE_Exit Q9BJYKQ0
StepE_Exit G7RKH2SZ
StepE_Exit S07S2V1V
StepE_Exit UWOPC2YT
StepE_Exit Z4GHILP0
StepE_Exit S4YGALEU
StepE_Exit SCZXM9X4
StepE_Exit SXCGDG3U
StepE_Exit I8FSPJOK
StepE_Exit Q48N0PFT
StepE_Exit Y3SEUH14
StepE_Exit BFEBU0D4
StepE_Exit UJHM87IR
StepE_Exit V0IUME26
2025-04-01 03:14:24,662 - INFO - StepE_Enter WYJ7R0D6
StepE_Enter Q528DGEV
StepE_Enter W0HCDPPI
StepE_Enter DWTBTHNY
StepE_Enter JOWMX9LP
StepE_Enter 4Y8BZSCC
StepE_Enter RD1R1KZ6
StepE_Enter DW4GSVBI
StepE_Enter SBTVSCGV
StepE_Enter RIY0XS31
StepE_Enter Q2WA1STC
StepE_Enter D7JVHEQA
StepE_Enter W33SBET7
StepE_Enter PL767T15
StepE_Enter NJK0KPLA
StepE_Enter BL0VWLHT
2025-04-01 03:14:25,042 - INFO - StepE_Exit WYJ7R0D6
StepE_Exit Q528DGEV
StepE_Exit W0HCDPPI
StepE_Exit DWTBTHNY
StepE_Exit JOWMX9LP
StepE_Exit 4Y8BZSCC
StepE_Exit RD1R1KZ6
StepE_Exit DW4GSVBI
StepE_Exit SBTVSCGV
StepE_Exit RIY0XS31
StepE_Exit Q2WA1STC
StepE_Exit D7JVHEQA
StepE_Exit W33SBET7
StepE_Exit PL767T15
StepE_Exit NJK0KPLA
StepE_Exit BL0VWLHT
2025-04-01 03:14:25,044 - INFO - StepE_Enter GHIJU306
StepE_Enter PVAJ1S1M
StepE_Enter 26CBCE9A
StepE_Enter 6YOAXLBK
StepE_Enter 6X80ZESS
StepE_Enter CC4HKXCB
StepE_Enter 6DAF2X4P
StepE_Enter EUENIZUY
StepE_Enter RLQL4MJ8
StepE_Enter ABXZNSZD
StepE_Enter 0JC9B16J
StepE_Enter MNMNDKQV
StepE_Enter 63KJ6Y00
StepE_Enter XLTVHTGE
StepE_Enter Y6DN8MLJ
StepE_Enter HG3Z7Z3U
2025-04-01 03:14:25,448 - INFO - StepE_Exit GHIJU306
StepE_Exit PVAJ1S1M
StepE_Exit 26CBCE9A
StepE_Exit 6YOAXLBK
StepE_Exit 6X80ZESS
StepE_Exit CC4HKXCB
StepE_Exit 6DAF2X4P
StepE_Exit EUENIZUY
StepE_Exit RLQL4MJ8
StepE_Exit ABXZNSZD
StepE_Exit 0JC9B16J
StepE_Exit MNMNDKQV
StepE_Exit 63KJ6Y00
StepE_Exit XLTVHTGE
StepE_Exit Y6DN8MLJ
StepE_Exit HG3Z7Z3U
2025-04-01 03:14:25,450 - INFO - StepE_Enter NM92EA3H
StepE_Enter W7GAHNJN
StepE_Enter UISP6WQF
StepE_Enter RRDH72CW
StepE_Enter KQC6KLUU
StepE_Enter A4RWQJ6P
StepE_Enter L3HS5Z23
StepE_Enter X1GRRJRU
StepE_Enter PFREIOXL
StepE_Enter 0PHPZ0E1
StepE_Enter MYDQGF3F
StepE_Enter C0NWC4KN
StepE_Enter APLCS4V0
StepE_Enter M84MFQOT
2025-04-01 03:14:25,785 - INFO - StepE_Exit NM92EA3H
StepE_Exit W7GAHNJN
StepE_Exit UISP6WQF
StepE_Exit RRDH72CW
StepE_Exit KQC6KLUU
StepE_Exit A4RWQJ6P
StepE_Exit L3HS5Z23
StepE_Exit X1GRRJRU
StepE_Exit PFREIOXL
StepE_Exit 0PHPZ0E1
StepE_Exit MYDQGF3F
StepE_Exit C0NWC4KN
StepE_Exit APLCS4V0
StepE_Exit M84MFQOT
2025-04-01 03:14:25,788 - INFO - StepE_Enter SGJQ1B2T
StepE_Enter GNYCK2S9
StepE_Enter E9WL1QV0
StepE_Enter JAEGB5Z9
StepE_Enter RHQ156Z7
StepE_Enter URYHU9KR
StepE_Enter G3AZ1WLH
StepE_Enter JCPST32Y
StepE_Enter DG4KFH3H
StepE_Enter 4NDHXKP2
2025-04-01 03:14:26,047 - INFO - StepE_Exit SGJQ1B2T
StepE_Exit GNYCK2S9
StepE_Exit E9WL1QV0
StepE_Exit JAEGB5Z9
StepE_Exit RHQ156Z7
StepE_Exit URYHU9KR
StepE_Exit G3AZ1WLH
StepE_Exit JCPST32Y
StepE_Exit DG4KFH3H
StepE_Exit 4NDHXKP2
2025-04-01 03:14:26,049 - INFO - StepE_Enter GHJELHQ8
StepE_Enter HCW156BO
StepE_Enter QOHCX3U9
StepE_Enter 37S4ELJF
StepE_Enter 81V52J2V
StepE_Enter X1BBM2MV
StepE_Enter MCCY9OTV
StepE_Enter UE0WAWXU
StepE_Enter ZT3KLXOD
StepE_Enter SL0MY7NA
StepE_Enter TENHBCYT
StepE_Enter CUC9W4AW
StepE_Enter SGPM5L9F
StepE_Enter IRE5BKFK
StepE_Enter C6VEDVWN
StepE_Enter 5TBKM4UZ
StepE_Enter BJXBSHSJ
StepE_Enter 47TE581H
StepE_Enter SXFHTDFR
StepE_Enter 3K9UJ7FA
StepE_Enter K7HKVVI5
2025-04-01 03:14:26,542 - INFO - StepE_Exit GHJELHQ8
StepE_Exit HCW156BO
StepE_Exit QOHCX3U9
StepE_Exit 37S4ELJF
StepE_Exit 81V52J2V
StepE_Exit X1BBM2MV
StepE_Exit MCCY9OTV
StepE_Exit UE0WAWXU
StepE_Exit ZT3KLXOD
StepE_Exit SL0MY7NA
StepE_Exit TENHBCYT
StepE_Exit CUC9W4AW
StepE_Exit SGPM5L9F
StepE_Exit IRE5BKFK
StepE_Exit C6VEDVWN
StepE_Exit 5TBKM4UZ
StepE_Exit BJXBSHSJ
StepE_Exit 47TE581H
StepE_Exit SXFHTDFR
StepE_Exit 3K9UJ7FA
StepE_Exit K7HKVVI5
2025-04-01 03:14:26,543 - INFO - StepE_Enter A9YGL3TQ
StepE_Enter UPIGZAD8
StepE_Enter LTF6S51P
StepE_Enter OBCLRB12
StepE_Enter 7P9ND332
StepE_Enter FS850PR2
StepE_Enter AT75YTTG
StepE_Enter DRIFWYSD
StepE_Enter OXRYBDUH
StepE_Enter IFZALIWC
StepE_Enter CA9R13PA
2025-04-01 03:14:26,826 - INFO - StepE_Exit A9YGL3TQ
StepE_Exit UPIGZAD8
StepE_Exit LTF6S51P
StepE_Exit OBCLRB12
StepE_Exit 7P9ND332
StepE_Exit FS850PR2
StepE_Exit AT75YTTG
StepE_Exit DRIFWYSD
StepE_Exit OXRYBDUH
StepE_Exit IFZALIWC
StepE_Exit CA9R13PA
2025-04-01 03:14:26,828 - INFO - StepE_Enter 7W04DK3Q
StepE_Enter P94F63BF
StepE_Enter NA11GG9B
StepE_Enter AQPQ08L9
StepE_Enter YK1XTH5N
StepE_Enter AO5UP0HT
StepE_Enter H5EPSXJI
StepE_Enter 6488QXB1
StepE_Enter PEMT8VOO
StepE_Enter 0842ZUFB
StepE_Enter LHURMOFR
2025-04-01 03:14:27,108 - INFO - StepE_Exit 7W04DK3Q
StepE_Exit P94F63BF
StepE_Exit NA11GG9B
StepE_Exit AQPQ08L9
StepE_Exit YK1XTH5N
StepE_Exit AO5UP0HT
StepE_Exit H5EPSXJI
StepE_Exit 6488QXB1
StepE_Exit PEMT8VOO
StepE_Exit 0842ZUFB
StepE_Exit LHURMOFR
2025-04-01 03:14:27,110 - INFO - StepE_Enter KRVGJEZ8
StepE_Enter 7D9EVK3Y
StepE_Enter QVXMDWEC
StepE_Enter EMZUIEMI
StepE_Enter 1AN34D8F
StepE_Enter BJVZFCFL
StepE_Enter QOZ927BN
StepE_Enter A4GMR4P6
StepE_Enter 1GTL7N5E
StepE_Enter UEJV4TOW
StepE_Enter 0Z6CL80I
StepE_Enter W5MLLHNZ
StepE_Enter XNIH2Z41
2025-04-01 03:14:27,421 - INFO - StepE_Exit KRVGJEZ8
StepE_Exit 7D9EVK3Y
StepE_Exit QVXMDWEC
StepE_Exit EMZUIEMI
StepE_Exit 1AN34D8F
StepE_Exit BJVZFCFL
StepE_Exit QOZ927BN
StepE_Exit A4GMR4P6
StepE_Exit 1GTL7N5E
StepE_Exit UEJV4TOW
StepE_Exit 0Z6CL80I
StepE_Exit W5MLLHNZ
StepE_Exit XNIH2Z41
2025-04-01 03:14:27,423 - INFO - StepE_Enter CAITRP1X
StepE_Enter RZZAFGSN
StepE_Enter P9MKNDNA
StepE_Enter G9RTZ8R0
StepE_Enter OD83IC7G
StepE_Enter 85LCHF8H
StepE_Enter D3TG3XOI
StepE_Enter 6SH7KAWH
StepE_Enter 0IMU7HXN
StepE_Enter V6VT6GSE
StepE_Enter LSDLBLDD
StepE_Enter 5TA9PETB
StepE_Enter PT2MN94A
2025-04-01 03:14:27,752 - INFO - StepE_Exit CAITRP1X
StepE_Exit RZZAFGSN
StepE_Exit P9MKNDNA
StepE_Exit G9RTZ8R0
StepE_Exit OD83IC7G
StepE_Exit 85LCHF8H
StepE_Exit D3TG3XOI
StepE_Exit 6SH7KAWH
StepE_Exit 0IMU7HXN
StepE_Exit V6VT6GSE
StepE_Exit LSDLBLDD
StepE_Exit 5TA9PETB
StepE_Exit PT2MN94A
2025-04-01 03:14:27,757 - INFO - StepE_Enter 1P0Y8RGK
StepE_Enter TWFC6M25
StepE_Enter JFJ84B7U
StepE_Enter A7FGDCYP
StepE_Enter IT0ODWVN
StepE_Enter 594MHDXA
StepE_Enter 25EKR7GM
StepE_Enter V57XKRLJ
StepE_Enter 7AAYRJOH
StepE_Enter 8ORUTI38
StepE_Enter NZB8HZN7
StepE_Enter CM8397HN
StepE_Enter WNQXVII9
StepE_Enter 28B2TAN1
StepE_Enter QUU8HM1C
StepE_Enter GKGLYW7K
StepE_Enter 4O71V8GV
StepE_Enter RC8U1KUL
2025-04-01 03:14:28,187 - INFO - StepE_Exit 1P0Y8RGK
StepE_Exit TWFC6M25
StepE_Exit JFJ84B7U
StepE_Exit A7FGDCYP
StepE_Exit IT0ODWVN
StepE_Exit 594MHDXA
StepE_Exit 25EKR7GM
StepE_Exit V57XKRLJ
StepE_Exit 7AAYRJOH
StepE_Exit 8ORUTI38
StepE_Exit NZB8HZN7
StepE_Exit CM8397HN
StepE_Exit WNQXVII9
StepE_Exit 28B2TAN1
StepE_Exit QUU8HM1C
StepE_Exit GKGLYW7K
StepE_Exit 4O71V8GV
StepE_Exit RC8U1KUL
2025-04-01 03:14:28,190 - INFO - StepE_Enter RRD9O10Q
StepE_Enter YFJ7D83Z
StepE_Enter FKDS1QMG
StepE_Enter OWE30B7A
StepE_Enter A6IDZSOK
StepE_Enter 8JS648A8
StepE_Enter QPFGLC2U
StepE_Enter AQSR4CJ4
StepE_Enter OQQ04L1L
2025-04-01 03:14:28,399 - INFO - StepE_Exit RRD9O10Q
StepE_Exit YFJ7D83Z
StepE_Exit FKDS1QMG
StepE_Exit OWE30B7A
StepE_Exit A6IDZSOK
StepE_Exit 8JS648A8
StepE_Exit QPFGLC2U
StepE_Exit AQSR4CJ4
StepE_Exit OQQ04L1L
2025-04-01 03:14:28,400 - INFO - StepE_Enter QP3LDAXT
StepE_Enter OFGTX6LK
StepE_Enter ANI3TNVF
2025-04-01 03:14:28,486 - INFO - StepE_Exit QP3LDAXT
StepE_Exit OFGTX6LK
StepE_Exit ANI3TNVF
2025-04-01 03:14:28,487 - INFO - StepE_Enter SHKEQUU6
StepE_Enter BU1EFQNG
StepE_Enter 1TC8Y9U7
2025-04-01 03:14:28,568 - INFO - StepE_Exit SHKEQUU6
StepE_Exit BU1EFQNG
StepE_Exit 1TC8Y9U7
2025-04-01 03:14:28,568 - INFO - StepE_Enter E2U9K0OA
StepE_Enter BN0SYWSM
2025-04-01 03:14:28,624 - INFO - StepE_Exit E2U9K0OA
StepE_Exit BN0SYWSM
2025-04-01 03:14:28,655 - INFO - StepE_Enter 0FEUBZYK
2025-04-01 03:14:28,686 - INFO - StepE_Exit 0FEUBZYK
2025-04-01 03:14:28,686 - INFO - StepE_Enter KETP4CKT
2025-04-01 03:14:28,720 - INFO - StepE_Exit KETP4CKT
2025-04-01 03:14:28,721 - INFO - StepE_Enter WHUBEKZU
2025-04-01 03:14:28,761 - INFO - StepE_Exit WHUBEKZU
2025-04-01 03:14:28,762 - INFO - StepE_Enter 68TLE0Q8
StepE_Enter LHFF9387
StepE_Enter GMNO644Z
StepE_Enter ZBIHZYAC
StepE_Enter FD7EDXA8
2025-04-01 03:14:28,894 - INFO - StepE_Exit 68TLE0Q8
StepE_Exit LHFF9387
StepE_Exit GMNO644Z
StepE_Exit ZBIHZYAC
StepE_Exit FD7EDXA8
2025-04-01 03:14:28,895 - INFO - StepE_Enter 03B5F8PD
StepE_Enter MX7ROBOL
StepE_Enter 781PKOTF
StepE_Enter TO78EYK9
StepE_Enter 9BNNWALM
StepE_Enter G8OD3YW2
StepE_Enter 285U4HPE
StepE_Enter KRT1HH4Y
2025-04-01 03:14:29,091 - INFO - StepE_Exit 03B5F8PD
StepE_Exit MX7ROBOL
StepE_Exit 781PKOTF
StepE_Exit TO78EYK9
StepE_Exit 9BNNWALM
StepE_Exit G8OD3YW2
StepE_Exit 285U4HPE
StepE_Exit KRT1HH4Y
2025-04-01 03:14:29,092 - INFO - StepE_Enter 0Y8QPI2M
StepE_Enter HGWIFQ3I
StepE_Enter 0CJF8V51
StepE_Enter IANK8U90
StepE_Enter BKM2OO6J
StepE_Enter 3MQQWTFW
2025-04-01 03:14:29,247 - INFO - StepE_Exit 0Y8QPI2M
StepE_Exit HGWIFQ3I
StepE_Exit 0CJF8V51
StepE_Exit IANK8U90
StepE_Exit BKM2OO6J
StepE_Exit 3MQQWTFW
2025-04-01 03:14:29,249 - INFO - StepE_Enter IGYH1G20
StepE_Enter 27FL7I44
StepE_Enter 95B5KOJS
StepE_Enter PD9AKB8J
StepE_Enter YOXD380V
StepE_Enter 4NXX0GLO
StepE_Enter XHCUPABB
StepE_Enter 19IMNDV6
StepE_Enter TQNBG44U
StepE_Enter M98MKLAX
StepE_Enter 69PC4B5K
2025-04-01 03:14:29,516 - INFO - StepE_Exit IGYH1G20
StepE_Exit 27FL7I44
StepE_Exit 95B5KOJS
StepE_Exit PD9AKB8J
StepE_Exit YOXD380V
StepE_Exit 4NXX0GLO
StepE_Exit XHCUPABB
StepE_Exit 19IMNDV6
StepE_Exit TQNBG44U
StepE_Exit M98MKLAX
StepE_Exit 69PC4B5K
2025-04-01 03:14:29,519 - INFO - StepE_Enter ELDETL5X
StepE_Enter K74AX9Y3
StepE_Enter ZJTXW49S
StepE_Enter VYD380RR
StepE_Enter 3C7HWHJ0
StepE_Enter SKOD7DHJ
StepE_Enter 9Z1FBYJT
StepE_Enter I8D5U9OI
StepE_Enter 6WLARV0Q
StepE_Enter GKLS7DHQ
StepE_Enter 6E54IJ7X
StepE_Enter VEPHX4XC
StepE_Enter 6IF3JYSH
StepE_Enter MXZ9GK0Z
StepE_Enter 1N6K58ER
StepE_Enter U57D5BPJ
StepE_Enter R7ZY0AJI
StepE_Enter CFRFT0KV
2025-04-01 03:14:29,949 - INFO - StepE_Exit ELDETL5X
StepE_Exit K74AX9Y3
StepE_Exit ZJTXW49S
StepE_Exit VYD380RR
StepE_Exit 3C7HWHJ0
StepE_Exit SKOD7DHJ
StepE_Exit 9Z1FBYJT
StepE_Exit I8D5U9OI
StepE_Exit 6WLARV0Q
StepE_Exit GKLS7DHQ
StepE_Exit 6E54IJ7X
StepE_Exit VEPHX4XC
StepE_Exit 6IF3JYSH
StepE_Exit MXZ9GK0Z
StepE_Exit 1N6K58ER
StepE_Exit U57D5BPJ
StepE_Exit R7ZY0AJI
StepE_Exit CFRFT0KV
2025-04-01 03:14:29,951 - INFO - StepE_Enter 8N9MRGJJ
StepE_Enter AZQYFBMW
StepE_Enter GNEQ48G4
StepE_Enter NWJB30YM
StepE_Enter 6T8S6TOL
StepE_Enter TZ28HK8A
StepE_Enter 5B3MLAU3
StepE_Enter MGX044KD
StepE_Enter UTG54LU0
StepE_Enter YFLJS9DI
StepE_Enter I5F6Q6ZQ
StepE_Enter W5E5AMXW
StepE_Enter ECCTRS79
StepE_Enter E38X1RZZ
2025-04-01 03:14:30,585 - INFO - StepE_Exit 8N9MRGJJ
StepE_Exit AZQYFBMW
StepE_Exit GNEQ48G4
StepE_Exit NWJB30YM
StepE_Exit 6T8S6TOL
StepE_Exit TZ28HK8A
StepE_Exit 5B3MLAU3
StepE_Exit MGX044KD
StepE_Exit UTG54LU0
StepE_Exit YFLJS9DI
StepE_Exit I5F6Q6ZQ
StepE_Exit W5E5AMXW
StepE_Exit ECCTRS79
StepE_Exit E38X1RZZ
2025-04-01 03:14:30,587 - INFO - StepE_Enter DGOPT1BK
StepE_Enter 1ZL3KSTR
StepE_Enter G7NSJ7M9
StepE_Enter IZZN55RL
StepE_Enter PPI2OT10
StepE_Enter 7DCHKI8P
StepE_Enter Z9X1R6OS
StepE_Enter XCIKUIR6
StepE_Enter 70TEYXSJ
StepE_Enter G7O7TF3I
StepE_Enter AJZHZSZE
StepE_Enter CST4GRJD
StepE_Enter ZGIEFC3D
StepE_Enter KANAWXXE
StepE_Enter ZJ64O1LP
StepE_Enter ZX6VS3HE
StepE_Enter O2G7IE4N
StepE_Enter 0SS2O0CX
2025-04-01 03:14:31,046 - INFO - StepE_Exit DGOPT1BK
StepE_Exit 1ZL3KSTR
StepE_Exit G7NSJ7M9
StepE_Exit IZZN55RL
StepE_Exit PPI2OT10
StepE_Exit 7DCHKI8P
StepE_Exit Z9X1R6OS
StepE_Exit XCIKUIR6
StepE_Exit 70TEYXSJ
StepE_Exit G7O7TF3I
StepE_Exit AJZHZSZE
StepE_Exit CST4GRJD
StepE_Exit ZGIEFC3D
StepE_Exit KANAWXXE
StepE_Exit ZJ64O1LP
StepE_Exit ZX6VS3HE
StepE_Exit O2G7IE4N
StepE_Exit 0SS2O0CX
2025-04-01 03:14:31,049 - INFO - StepE_Enter K2CLR5PX
StepE_Enter NPGPM2CC
StepE_Enter P0R96CCF
StepE_Enter OX8PRWVS
StepE_Enter 5G5DFMNT
StepE_Enter PT4IRWZU
StepE_Enter A3WAFILS
StepE_Enter PKI3Y95R
StepE_Enter LDKYBGA7
StepE_Enter SPIUMVQF
StepE_Enter 3KY9I2M8
StepE_Enter YA3OF4VO
StepE_Enter G5YFHDO9
StepE_Enter F42W7CJM
2025-04-01 03:14:31,417 - INFO - StepE_Exit K2CLR5PX
StepE_Exit NPGPM2CC
StepE_Exit P0R96CCF
StepE_Exit OX8PRWVS
StepE_Exit 5G5DFMNT
StepE_Exit PT4IRWZU
StepE_Exit A3WAFILS
StepE_Exit PKI3Y95R
StepE_Exit LDKYBGA7
StepE_Exit SPIUMVQF
StepE_Exit 3KY9I2M8
StepE_Exit YA3OF4VO
StepE_Exit G5YFHDO9
StepE_Exit F42W7CJM
2025-04-01 03:14:31,419 - INFO - StepE_Enter VK9WT6SP
StepE_Enter A3TW96I0
StepE_Enter 3SIOIYKF
StepE_Enter 5MC3ZR4R
StepE_Enter E5RWSW1B
StepE_Enter 0O5Z77PX
StepE_Enter CMG1J2U3
StepE_Enter MJMXS8EK
StepE_Enter 27WISEPZ
StepE_Enter FYT7D7DN
StepE_Enter 48EKEFIX
StepE_Enter LZ9Z4YVK
StepE_Enter 9VS4HT1W
StepE_Enter VWLAIMB6
StepE_Enter HP5Z7MBZ
StepE_Enter KB0HMHF3
StepE_Enter KFCHSZ0Q
StepE_Enter SLRRN74W
2025-04-01 03:14:31,881 - INFO - StepE_Exit VK9WT6SP
StepE_Exit A3TW96I0
StepE_Exit 3SIOIYKF
StepE_Exit 5MC3ZR4R
StepE_Exit E5RWSW1B
StepE_Exit 0O5Z77PX
StepE_Exit CMG1J2U3
StepE_Exit MJMXS8EK
StepE_Exit 27WISEPZ
StepE_Exit FYT7D7DN
StepE_Exit 48EKEFIX
StepE_Exit LZ9Z4YVK
StepE_Exit 9VS4HT1W
StepE_Exit VWLAIMB6
StepE_Exit HP5Z7MBZ
StepE_Exit KB0HMHF3
StepE_Exit KFCHSZ0Q
StepE_Exit SLRRN74W
2025-04-01 03:14:31,882 - INFO - StepE_Enter FTXY8BV5
StepE_Enter OLEWE4W2
StepE_Enter WZE1WNRL
StepE_Enter 7VK1XJ2P
StepE_Enter 02TNP0L1
StepE_Enter XTXF4QV7
StepE_Enter K5MAHEE6
StepE_Enter MA706G4N
StepE_Enter AV67NFJG
StepE_Enter O10M2BXA
StepE_Enter YYMSR8G6
StepE_Enter JGPG7OBZ
StepE_Enter EDTNQUF5
StepE_Enter ZCQEDEJF
2025-04-01 03:14:32,263 - INFO - StepE_Exit FTXY8BV5
StepE_Exit OLEWE4W2
StepE_Exit WZE1WNRL
StepE_Exit 7VK1XJ2P
StepE_Exit 02TNP0L1
StepE_Exit XTXF4QV7
StepE_Exit K5MAHEE6
StepE_Exit MA706G4N
StepE_Exit AV67NFJG
StepE_Exit O10M2BXA
StepE_Exit YYMSR8G6
StepE_Exit JGPG7OBZ
StepE_Exit EDTNQUF5
StepE_Exit ZCQEDEJF
2025-04-01 03:14:32,265 - INFO - StepE_Enter QFURNQZ4
StepE_Enter 96W7S6MS
StepE_Enter S7497E31
StepE_Enter YXRWTN3L
StepE_Enter X3S4MXIC
StepE_Enter BDPEB1AG
StepE_Enter 1H5TCW34
StepE_Enter GQPQVG7Y
StepE_Enter 0U8N5QL5
StepE_Enter EULJ52HH
StepE_Enter FXY0FYUT
StepE_Enter LY0UFFJX
StepE_Enter F6N186CT
StepE_Enter DQP6L7DF
StepE_Enter RCF3BV42
StepE_Enter H8T0FHX7
StepE_Enter UBJW7ARL
StepE_Enter FJL4EMPA
2025-04-01 03:14:32,741 - INFO - StepE_Exit QFURNQZ4
StepE_Exit 96W7S6MS
StepE_Exit S7497E31
StepE_Exit YXRWTN3L
StepE_Exit X3S4MXIC
StepE_Exit BDPEB1AG
StepE_Exit 1H5TCW34
StepE_Exit GQPQVG7Y
StepE_Exit 0U8N5QL5
StepE_Exit EULJ52HH
StepE_Exit FXY0FYUT
StepE_Exit LY0UFFJX
StepE_Exit F6N186CT
StepE_Exit DQP6L7DF
StepE_Exit RCF3BV42
StepE_Exit H8T0FHX7
StepE_Exit UBJW7ARL
StepE_Exit FJL4EMPA
2025-04-01 03:14:32,742 - INFO - StepE_Enter PGN7Z0LD
StepE_Enter NQ7DQARI
StepE_Enter RWIVVEJX
StepE_Enter FS7XSQF6
StepE_Enter 95QCMD85
StepE_Enter J0NM0JWD
StepE_Enter RTJ7Y584
StepE_Enter D0TNIHA1
StepE_Enter 2EQNKL2P
StepE_Enter C6GUMEZ3
StepE_Enter URMLVFOW
StepE_Enter 95GFP8XH
StepE_Enter RS7MDK59
StepE_Enter EPSEJRTV
2025-04-01 03:14:33,125 - INFO - StepE_Exit PGN7Z0LD
StepE_Exit NQ7DQARI
StepE_Exit RWIVVEJX
StepE_Exit FS7XSQF6
StepE_Exit 95QCMD85
StepE_Exit J0NM0JWD
StepE_Exit RTJ7Y584
StepE_Exit D0TNIHA1
StepE_Exit 2EQNKL2P
StepE_Exit C6GUMEZ3
StepE_Exit URMLVFOW
StepE_Exit 95GFP8XH
StepE_Exit RS7MDK59
StepE_Exit EPSEJRTV
2025-04-01 03:14:33,127 - INFO - StepE_Enter EZUUQPFS
StepE_Enter 02K7VYDD
StepE_Enter NJIFGZ7O
StepE_Enter 3UXUP8OQ
StepE_Enter 83NOHZWC
StepE_Enter P1RC3E1M
StepE_Enter RIWN5VOI
StepE_Enter P2FALR8R
StepE_Enter N3NIKJ1Q
StepE_Enter EVP540DD
StepE_Enter IZ6UXWWP
StepE_Enter NFVQO21T
StepE_Enter BJPUSIYP
StepE_Enter D39BJH7Q
StepE_Enter QF63RE1R
StepE_Enter VBKDTVI2
StepE_Enter DEK61163
StepE_Enter JQ3HV6RN
2025-04-01 03:14:33,629 - INFO - StepE_Exit EZUUQPFS
StepE_Exit 02K7VYDD
StepE_Exit NJIFGZ7O
StepE_Exit 3UXUP8OQ
StepE_Exit 83NOHZWC
StepE_Exit P1RC3E1M
StepE_Exit RIWN5VOI
StepE_Exit P2FALR8R
StepE_Exit N3NIKJ1Q
StepE_Exit EVP540DD
StepE_Exit IZ6UXWWP
StepE_Exit NFVQO21T
StepE_Exit BJPUSIYP
StepE_Exit D39BJH7Q
StepE_Exit QF63RE1R
StepE_Exit VBKDTVI2
StepE_Exit DEK61163
StepE_Exit JQ3HV6RN
2025-04-01 03:14:33,631 - INFO - StepE_Enter VNXEX1EQ
StepE_Enter TOA7H0FZ
StepE_Enter NRBN2SAO
StepE_Enter 0JAMOC3O
StepE_Enter IENUJLPT
StepE_Enter WBZ8E90H
StepE_Enter NB8JSPCR
StepE_Enter CS5RE9K7
StepE_Enter KZBC7K34
StepE_Enter Q5TFOV9Y
StepE_Enter ABA2QLDG
StepE_Enter 23M6NTS0
StepE_Enter 9HVIAO0J
StepE_Enter W1RATUVP
2025-04-01 03:14:34,021 - INFO - StepE_Exit VNXEX1EQ
StepE_Exit TOA7H0FZ
StepE_Exit NRBN2SAO
StepE_Exit 0JAMOC3O
StepE_Exit IENUJLPT
StepE_Exit WBZ8E90H
StepE_Exit NB8JSPCR
StepE_Exit CS5RE9K7
StepE_Exit KZBC7K34
StepE_Exit Q5TFOV9Y
StepE_Exit ABA2QLDG
StepE_Exit 23M6NTS0
StepE_Exit 9HVIAO0J
StepE_Exit W1RATUVP
2025-04-01 03:14:34,023 - INFO - StepE_Enter 0DH1RSDM
StepE_Enter QX3JY7YP
StepE_Enter QBOCESZU
StepE_Enter 74ENA070
StepE_Enter HLIQA4YO
StepE_Enter Z1FSE3BT
StepE_Enter S9TPQAN3
StepE_Enter 6BD23S5O
StepE_Enter R85YT2GU
StepE_Enter 5R6I0YM9
StepE_Enter L1H9MXJC
StepE_Enter RAUOBLVS
StepE_Enter PE3G43X7
StepE_Enter 8YHVH743
StepE_Enter 7QFO5OF6
StepE_Enter AUP0ZARI
StepE_Enter FGKCTY37
StepE_Enter 2COQ2ULK
2025-04-01 03:14:34,503 - INFO - StepE_Exit 0DH1RSDM
StepE_Exit QX3JY7YP
StepE_Exit QBOCESZU
StepE_Exit 74ENA070
StepE_Exit HLIQA4YO
StepE_Exit Z1FSE3BT
StepE_Exit S9TPQAN3
StepE_Exit 6BD23S5O
StepE_Exit R85YT2GU
StepE_Exit 5R6I0YM9
StepE_Exit L1H9MXJC
StepE_Exit RAUOBLVS
StepE_Exit PE3G43X7
StepE_Exit 8YHVH743
StepE_Exit 7QFO5OF6
StepE_Exit AUP0ZARI
StepE_Exit FGKCTY37
StepE_Exit 2COQ2ULK
2025-04-01 03:14:34,505 - INFO - StepE_Enter VEMP3N5Y
StepE_Enter IXCRNLJD
StepE_Enter R0E3J4GE
StepE_Enter IT9FUO7M
StepE_Enter FJ0QZRF0
StepE_Enter WC0VZGDQ
StepE_Enter JKSG919X
StepE_Enter 9A2GLNSN
StepE_Enter ZDH4JKTM
StepE_Enter N6SZ4ZH3
StepE_Enter 38YHH9O9
StepE_Enter IA8TMXSS
StepE_Enter EG8N395D
StepE_Enter 7V0VGNMZ
2025-04-01 03:14:34,899 - INFO - StepE_Exit VEMP3N5Y
StepE_Exit IXCRNLJD
StepE_Exit R0E3J4GE
StepE_Exit IT9FUO7M
StepE_Exit FJ0QZRF0
StepE_Exit WC0VZGDQ
StepE_Exit JKSG919X
StepE_Exit 9A2GLNSN
StepE_Exit ZDH4JKTM
StepE_Exit N6SZ4ZH3
StepE_Exit 38YHH9O9
StepE_Exit IA8TMXSS
StepE_Exit EG8N395D
StepE_Exit 7V0VGNMZ
2025-04-01 03:14:34,902 - INFO - StepE_Enter WXSCT297
StepE_Enter TCGV7TRN
StepE_Enter BF6E2NZT
StepE_Enter Z9SZHEQ1
StepE_Enter HOFY9A3N
StepE_Enter VC4KE7WW
StepE_Enter HXU7697W
StepE_Enter 9WIF5SBL
StepE_Enter S3THQJSI
StepE_Enter X7Y9M1QC
StepE_Enter U5IDF3ZU
StepE_Enter AR4ZP8PA
StepE_Enter 4QWT2AAL
StepE_Enter 2YC9UXO2
StepE_Enter 3PVM2L3I
StepE_Enter BJTPBXJ3
StepE_Enter 7VLBAIKB
StepE_Enter 3MAI2GUU
2025-04-01 03:14:35,443 - INFO - StepE_Exit WXSCT297
StepE_Exit TCGV7TRN
StepE_Exit BF6E2NZT
StepE_Exit Z9SZHEQ1
StepE_Exit HOFY9A3N
StepE_Exit VC4KE7WW
StepE_Exit HXU7697W
StepE_Exit 9WIF5SBL
StepE_Exit S3THQJSI
StepE_Exit X7Y9M1QC
StepE_Exit U5IDF3ZU
StepE_Exit AR4ZP8PA
StepE_Exit 4QWT2AAL
StepE_Exit 2YC9UXO2
StepE_Exit 3PVM2L3I
StepE_Exit BJTPBXJ3
StepE_Exit 7VLBAIKB
StepE_Exit 3MAI2GUU
2025-04-01 03:14:35,447 - INFO - StepE_Enter 7MND4SAL
StepE_Enter UFWA2X4C
StepE_Enter TS660CE3
StepE_Enter 801XUYYG
StepE_Enter 45GFCY6Q
StepE_Enter L6Y3D7RT
StepE_Enter 3CRPX4P5
StepE_Enter 2K5N2MCW
StepE_Enter QA5H4E5G
StepE_Enter X0D24WU1
StepE_Enter 6ZKG90UR
StepE_Enter L3L2CEY9
StepE_Enter CW60N411
StepE_Enter OL2R0WG7
2025-04-01 03:14:35,885 - INFO - StepE_Exit 7MND4SAL
StepE_Exit UFWA2X4C
StepE_Exit TS660CE3
StepE_Exit 801XUYYG
StepE_Exit 45GFCY6Q
StepE_Exit L6Y3D7RT
StepE_Exit 3CRPX4P5
StepE_Exit 2K5N2MCW
StepE_Exit QA5H4E5G
StepE_Exit X0D24WU1
StepE_Exit 6ZKG90UR
StepE_Exit L3L2CEY9
StepE_Exit CW60N411
StepE_Exit OL2R0WG7
2025-04-01 03:14:35,888 - INFO - StepE_Enter TIWALTDV
StepE_Enter 1ERJXPZO
StepE_Enter 3VRX15QU
StepE_Enter CVVNYXW0
StepE_Enter ZOSAN6IC
StepE_Enter XH8FF8S3
StepE_Enter RBF0ZZYT
StepE_Enter 3N1XQX7D
StepE_Enter 6NJBU6AP
StepE_Enter E01LH8WR
StepE_Enter 598EDH2G
StepE_Enter UVRLEPXC
StepE_Enter STSMEKEN
StepE_Enter 594WDVDN
StepE_Enter GKV0BT6W
StepE_Enter SVBUV59Y
StepE_Enter QXNBXIP0
StepE_Enter B5K85FM0
2025-04-01 03:14:36,374 - INFO - StepE_Exit TIWALTDV
StepE_Exit 1ERJXPZO
StepE_Exit 3VRX15QU
StepE_Exit CVVNYXW0
StepE_Exit ZOSAN6IC
StepE_Exit XH8FF8S3
StepE_Exit RBF0ZZYT
StepE_Exit 3N1XQX7D
StepE_Exit 6NJBU6AP
StepE_Exit E01LH8WR
StepE_Exit 598EDH2G
StepE_Exit UVRLEPXC
StepE_Exit STSMEKEN
StepE_Exit 594WDVDN
StepE_Exit GKV0BT6W
StepE_Exit SVBUV59Y
StepE_Exit QXNBXIP0
StepE_Exit B5K85FM0
2025-04-01 03:14:36,376 - INFO - StepE_Enter EARB9PHX
StepE_Enter ALAGT6H7
StepE_Enter MWLGE4OK
StepE_Enter 8712EI7H
StepE_Enter 3POXJLNS
StepE_Enter S1Z4949K
StepE_Enter AJ0GKS1E
StepE_Enter BTDIVJUO
StepE_Enter IVGGM8VE
StepE_Enter IJCB3JTQ
StepE_Enter HM61R23B
StepE_Enter HU89RBT1
StepE_Enter RT4D00BS
StepE_Enter KBFW9SWB
2025-04-01 03:14:36,757 - INFO - StepE_Exit EARB9PHX
StepE_Exit ALAGT6H7
StepE_Exit MWLGE4OK
StepE_Exit 8712EI7H
StepE_Exit 3POXJLNS
StepE_Exit S1Z4949K
StepE_Exit AJ0GKS1E
StepE_Exit BTDIVJUO
StepE_Exit IVGGM8VE
StepE_Exit IJCB3JTQ
StepE_Exit HM61R23B
StepE_Exit HU89RBT1
StepE_Exit RT4D00BS
StepE_Exit KBFW9SWB
2025-04-01 03:14:36,760 - INFO - StepE_Enter 40K7P3MY
StepE_Enter UYFNND2X
StepE_Enter X74YS7TM
StepE_Enter G8VBTD4G
StepE_Enter HOXM6TMT
StepE_Enter 3XWZLGRQ
StepE_Enter 313APVD1
StepE_Enter LT4938NO
StepE_Enter 6IALMK4W
StepE_Enter ZTLGN0Y3
StepE_Enter D85NZZAZ
StepE_Enter 4LX18976
StepE_Enter L56KXXQ4
StepE_Enter EU98RUX2
StepE_Enter P8Y1D00S
StepE_Enter ETC0EFXU
StepE_Enter J8JNT4OH
StepE_Enter 2M9GT13B
2025-04-01 03:14:37,262 - INFO - StepE_Exit 40K7P3MY
StepE_Exit UYFNND2X
StepE_Exit X74YS7TM
StepE_Exit G8VBTD4G
StepE_Exit HOXM6TMT
StepE_Exit 3XWZLGRQ
StepE_Exit 313APVD1
StepE_Exit LT4938NO
StepE_Exit 6IALMK4W
StepE_Exit ZTLGN0Y3
StepE_Exit D85NZZAZ
StepE_Exit 4LX18976
StepE_Exit L56KXXQ4
StepE_Exit EU98RUX2
StepE_Exit P8Y1D00S
StepE_Exit ETC0EFXU
StepE_Exit J8JNT4OH
StepE_Exit 2M9GT13B
2025-04-01 03:14:37,265 - INFO - StepE_Enter CCUJ6ISZ
StepE_Enter 6YKGU1UR
StepE_Enter E58TI4Q9
StepE_Enter RKHEEWBA
StepE_Enter U78TCR2J
StepE_Enter JVXAKCBF
StepE_Enter QDLJ5HMJ
StepE_Enter M7G0N5QU
StepE_Enter IABZCDO9
StepE_Enter 5HTIDVU6
StepE_Enter G2GTBDB3
StepE_Enter D3WNI44P
StepE_Enter ZBN1ALLS
StepE_Enter EH7YYLGT
2025-04-01 03:14:37,674 - INFO - StepE_Exit CCUJ6ISZ
StepE_Exit 6YKGU1UR
StepE_Exit E58TI4Q9
StepE_Exit RKHEEWBA
StepE_Exit U78TCR2J
StepE_Exit JVXAKCBF
StepE_Exit QDLJ5HMJ
StepE_Exit M7G0N5QU
StepE_Exit IABZCDO9
StepE_Exit 5HTIDVU6
StepE_Exit G2GTBDB3
StepE_Exit D3WNI44P
StepE_Exit ZBN1ALLS
StepE_Exit EH7YYLGT
2025-04-01 03:14:37,677 - INFO - StepE_Enter 0V9H9ZAD
StepE_Enter EQHFJ0D9
StepE_Enter 5EWWYZRF
StepE_Enter YVFJJ52G
StepE_Enter LXMM9H5I
StepE_Enter QFX6JUUM
StepE_Enter WQ1L23A4
StepE_Enter 4IF5A730
StepE_Enter LQWOQB7H
StepE_Enter QV30TDKM
StepE_Enter XM4RAGIT
StepE_Enter LJDC04F0
StepE_Enter R03Q05VU
StepE_Enter HN7H9E1Y
StepE_Enter 80770KZA
StepE_Enter 20GL852Y
StepE_Enter EFS4JWTS
StepE_Enter O6H22C75
2025-04-01 03:14:38,175 - INFO - StepE_Exit 0V9H9ZAD
StepE_Exit EQHFJ0D9
StepE_Exit 5EWWYZRF
StepE_Exit YVFJJ52G
StepE_Exit LXMM9H5I
StepE_Exit QFX6JUUM
StepE_Exit WQ1L23A4
StepE_Exit 4IF5A730
StepE_Exit LQWOQB7H
StepE_Exit QV30TDKM
StepE_Exit XM4RAGIT
StepE_Exit LJDC04F0
StepE_Exit R03Q05VU
StepE_Exit HN7H9E1Y
StepE_Exit 80770KZA
StepE_Exit 20GL852Y
StepE_Exit EFS4JWTS
StepE_Exit O6H22C75
2025-04-01 03:14:38,177 - INFO - StepE_Enter NL04XXAT
StepE_Enter CDGKIQBI
StepE_Enter 4Y2N7GO4
StepE_Enter 17TOBQ8W
StepE_Enter TPAO4NG1
StepE_Enter ZPVR6X8S
StepE_Enter YX6O5B2H
StepE_Enter NA77ZW15
StepE_Enter 470104F1
StepE_Enter CKAHNQMJ
StepE_Enter 262Z72B4
StepE_Enter 6HA5MOQK
StepE_Enter 220AR2RQ
StepE_Enter ZEY15S9O
2025-04-01 03:14:38,611 - INFO - StepE_Exit NL04XXAT
StepE_Exit CDGKIQBI
StepE_Exit 4Y2N7GO4
StepE_Exit 17TOBQ8W
StepE_Exit TPAO4NG1
StepE_Exit ZPVR6X8S
StepE_Exit YX6O5B2H
StepE_Exit NA77ZW15
StepE_Exit 470104F1
StepE_Exit CKAHNQMJ
StepE_Exit 262Z72B4
StepE_Exit 6HA5MOQK
StepE_Exit 220AR2RQ
StepE_Exit ZEY15S9O
2025-04-01 03:14:38,613 - INFO - StepE_Enter 4XAMT1AB
StepE_Enter 3M8M9QOA
StepE_Enter WKHKXYG9
StepE_Enter HZ3T01NX
StepE_Enter UUEA3FVP
StepE_Enter YH7LY6SG
StepE_Enter DPX1A4SI
StepE_Enter 3Z83EKO1
StepE_Enter GE9109L0
StepE_Enter S67MVVEF
StepE_Enter 2ZMGQWV8
StepE_Enter TEBTJ6VU
StepE_Enter DPEF1KHQ
StepE_Enter 1ECLHIRP
StepE_Enter O316FEFU
StepE_Enter QVZ9197E
StepE_Enter V9VT132R
StepE_Enter UV1LSVLJ
2025-04-01 03:14:39,106 - INFO - StepE_Exit 4XAMT1AB
StepE_Exit 3M8M9QOA
StepE_Exit WKHKXYG9
StepE_Exit HZ3T01NX
StepE_Exit UUEA3FVP
StepE_Exit YH7LY6SG
StepE_Exit DPX1A4SI
StepE_Exit 3Z83EKO1
StepE_Exit GE9109L0
StepE_Exit S67MVVEF
StepE_Exit 2ZMGQWV8
StepE_Exit TEBTJ6VU
StepE_Exit DPEF1KHQ
StepE_Exit 1ECLHIRP
StepE_Exit O316FEFU
StepE_Exit QVZ9197E
StepE_Exit V9VT132R
StepE_Exit UV1LSVLJ
2025-04-01 03:14:39,108 - INFO - StepE_Enter S2PNOVI6
StepE_Enter FFAPUOM9
StepE_Enter A47UPU51
StepE_Enter 28V8VAIZ
StepE_Enter UXI18XAP
StepE_Enter IVCTKKT6
StepE_Enter 27YNCJ8A
StepE_Enter G0C2UO88
StepE_Enter D919KVJT
StepE_Enter IIFPJNVE
StepE_Enter VQR7VPFL
StepE_Enter JHI8NNUQ
StepE_Enter XKABDLRV
StepE_Enter 42AL49HI
2025-04-01 03:14:39,522 - INFO - StepE_Exit S2PNOVI6
StepE_Exit FFAPUOM9
StepE_Exit A47UPU51
StepE_Exit 28V8VAIZ
StepE_Exit UXI18XAP
StepE_Exit IVCTKKT6
StepE_Exit 27YNCJ8A
StepE_Exit G0C2UO88
StepE_Exit D919KVJT
StepE_Exit IIFPJNVE
StepE_Exit VQR7VPFL
StepE_Exit JHI8NNUQ
StepE_Exit XKABDLRV
StepE_Exit 42AL49HI
2025-04-01 03:14:39,523 - INFO - StepE_Enter MWPINMCO
StepE_Enter 8XIXTM6U
StepE_Enter IPY61QKT
StepE_Enter UDLM9N36
StepE_Enter VZT2Z0FQ
StepE_Enter 129DHKLY
StepE_Enter 75OKXWRC
StepE_Enter 18S7FAJE
StepE_Enter HGDJHG88
StepE_Enter NRB9J8BH
StepE_Enter CEEMZHJR
StepE_Enter PGH5SQNM
StepE_Enter 189WF4KI
StepE_Enter H7ULB3QO
StepE_Enter HCKKC789
StepE_Enter BMEHA6LV
StepE_Enter KH6BFOML
StepE_Enter DZZYQPFY
2025-04-01 03:14:40,044 - INFO - StepE_Exit MWPINMCO
StepE_Exit 8XIXTM6U
StepE_Exit IPY61QKT
StepE_Exit UDLM9N36
StepE_Exit VZT2Z0FQ
StepE_Exit 129DHKLY
StepE_Exit 75OKXWRC
StepE_Exit 18S7FAJE
StepE_Exit HGDJHG88
StepE_Exit NRB9J8BH
StepE_Exit CEEMZHJR
StepE_Exit PGH5SQNM
StepE_Exit 189WF4KI
StepE_Exit H7ULB3QO
StepE_Exit HCKKC789
StepE_Exit BMEHA6LV
StepE_Exit KH6BFOML
StepE_Exit DZZYQPFY
2025-04-01 03:14:40,045 - INFO - StepE_Enter O6JA2I6S
StepE_Enter NV5NPGVU
StepE_Enter TXU3AR8B
StepE_Enter HLIM6MUN
StepE_Enter LUS15UG6
StepE_Enter 61K0XCW2
StepE_Enter FKHXXX8V
StepE_Enter 35PCN12A
StepE_Enter 50X4Z22U
StepE_Enter X99IF4UX
StepE_Enter 9O6N1TV7
StepE_Enter 2BJSVDGX
StepE_Enter 4B5NMD1L
StepE_Enter JTIJLWOI
2025-04-01 03:14:40,444 - INFO - StepE_Exit O6JA2I6S
StepE_Exit NV5NPGVU
StepE_Exit TXU3AR8B
StepE_Exit HLIM6MUN
StepE_Exit LUS15UG6
StepE_Exit 61K0XCW2
StepE_Exit FKHXXX8V
StepE_Exit 35PCN12A
StepE_Exit 50X4Z22U
StepE_Exit X99IF4UX
StepE_Exit 9O6N1TV7
StepE_Exit 2BJSVDGX
StepE_Exit 4B5NMD1L
StepE_Exit JTIJLWOI
2025-04-01 03:14:40,446 - INFO - StepE_Enter 8PO996K0
StepE_Enter S1SB9DAP
StepE_Enter IAG61O0G
StepE_Enter OGWALE5P
StepE_Enter VJ02CPTJ
StepE_Enter O351NJCL
StepE_Enter D7I48NME
StepE_Enter CSU2I3IR
StepE_Enter FGHOXC0H
StepE_Enter UL9Q9FWC
StepE_Enter FFL3GJ8R
StepE_Enter VR75V9PL
StepE_Enter 0YDTHJZT
StepE_Enter A8LFLNSD
StepE_Enter YND3ZIKC
StepE_Enter EWL9B2XJ
StepE_Enter BDQTO14V
StepE_Enter TP8WN55K
2025-04-01 03:14:40,943 - INFO - StepE_Exit 8PO996K0
StepE_Exit S1SB9DAP
StepE_Exit IAG61O0G
StepE_Exit OGWALE5P
StepE_Exit VJ02CPTJ
StepE_Exit O351NJCL
StepE_Exit D7I48NME
StepE_Exit CSU2I3IR
StepE_Exit FGHOXC0H
StepE_Exit UL9Q9FWC
StepE_Exit FFL3GJ8R
StepE_Exit VR75V9PL
StepE_Exit 0YDTHJZT
StepE_Exit A8LFLNSD
StepE_Exit YND3ZIKC
StepE_Exit EWL9B2XJ
StepE_Exit BDQTO14V
StepE_Exit TP8WN55K
2025-04-01 03:14:40,944 - INFO - StepE_Enter OJ62G8RQ
StepE_Enter W0QT7BWD
StepE_Enter 0M24EGD5
StepE_Enter QIWTMGNR
StepE_Enter 08UIIV6X
StepE_Enter AVV9N7SC
StepE_Enter ZKVXYJ5Y
StepE_Enter 0U7VNHAP
StepE_Enter 9DKTM0ZY
StepE_Enter MDYQE9D7
StepE_Enter 9PC93TT7
StepE_Enter 7RRVBIPI
StepE_Enter S7ETJK1G
StepE_Enter H06ITX3E
2025-04-01 03:14:41,348 - INFO - StepE_Exit OJ62G8RQ
StepE_Exit W0QT7BWD
StepE_Exit 0M24EGD5
StepE_Exit QIWTMGNR
StepE_Exit 08UIIV6X
StepE_Exit AVV9N7SC
StepE_Exit ZKVXYJ5Y
StepE_Exit 0U7VNHAP
StepE_Exit 9DKTM0ZY
StepE_Exit MDYQE9D7
StepE_Exit 9PC93TT7
StepE_Exit 7RRVBIPI
StepE_Exit S7ETJK1G
StepE_Exit H06ITX3E
2025-04-01 03:14:41,349 - INFO - StepE_Enter VG3YET6H
StepE_Enter F9Q5VY5T
StepE_Enter SG06ODOM
StepE_Enter RH562GHC
StepE_Enter L6RF41WY
StepE_Enter X4JVL4WA
StepE_Enter IHLLSZLV
StepE_Enter DBR4R9GG
StepE_Enter IEX2C7RR
StepE_Enter ICF0TQI6
StepE_Enter HRPB7JFW
StepE_Enter KB9K5QZR
StepE_Enter A5SOCYXU
StepE_Enter A0IJD2O7
StepE_Enter B6VAWED4
StepE_Enter 97AWPGJA
StepE_Enter HFOCKDBJ
StepE_Enter 7SVSS0ZR
2025-04-01 03:14:41,834 - INFO - StepE_Exit VG3YET6H
StepE_Exit F9Q5VY5T
StepE_Exit SG06ODOM
StepE_Exit RH562GHC
StepE_Exit L6RF41WY
StepE_Exit X4JVL4WA
StepE_Exit IHLLSZLV
StepE_Exit DBR4R9GG
StepE_Exit IEX2C7RR
StepE_Exit ICF0TQI6
StepE_Exit HRPB7JFW
StepE_Exit KB9K5QZR
StepE_Exit A5SOCYXU
StepE_Exit A0IJD2O7
StepE_Exit B6VAWED4
StepE_Exit 97AWPGJA
StepE_Exit HFOCKDBJ
StepE_Exit 7SVSS0ZR
2025-04-01 03:14:41,837 - INFO - StepE_Enter 0F9Z4FFL
StepE_Enter ENA75NS3
StepE_Enter 8WIJGETY
StepE_Enter IX3TGE89
StepE_Enter A3ZEOHPD
StepE_Enter V9IQHHUZ
StepE_Enter 8PCKI1X9
StepE_Enter 8ZHWRV35
StepE_Enter IPT0RT13
StepE_Enter N34UA0BS
StepE_Enter V2TTLELP
StepE_Enter LDR9LIEA
StepE_Enter YQU6XS7S
StepE_Enter PPCVNZP9
2025-04-01 03:14:42,274 - INFO - StepE_Exit 0F9Z4FFL
StepE_Exit ENA75NS3
StepE_Exit 8WIJGETY
StepE_Exit IX3TGE89
StepE_Exit A3ZEOHPD
StepE_Exit V9IQHHUZ
StepE_Exit 8PCKI1X9
StepE_Exit 8ZHWRV35
StepE_Exit IPT0RT13
StepE_Exit N34UA0BS
StepE_Exit V2TTLELP
StepE_Exit LDR9LIEA
StepE_Exit YQU6XS7S
StepE_Exit PPCVNZP9
2025-04-01 03:14:42,277 - INFO - StepE_Enter JR7A585J
StepE_Enter PX8I64VX
StepE_Enter 04APQJW0
StepE_Enter WUGGJXFL
StepE_Enter X3A8KAJ4
StepE_Enter I1Q77856
StepE_Enter 22ASRVBS
StepE_Enter TWRF2D5R
StepE_Enter IQ9LIP67
StepE_Enter EBX0SJ0R
StepE_Enter MLAK3Z90
StepE_Enter Z2XBKCT2
StepE_Enter P8L011O0
StepE_Enter JIHRT825
StepE_Enter 5CFO4TUY
StepE_Enter EZLPKDSV
StepE_Enter TFXGKFE4
StepE_Enter S7DDXQ6I
2025-04-01 03:14:42,792 - INFO - StepE_Exit JR7A585J
StepE_Exit PX8I64VX
StepE_Exit 04APQJW0
StepE_Exit WUGGJXFL
StepE_Exit X3A8KAJ4
StepE_Exit I1Q77856
StepE_Exit 22ASRVBS
StepE_Exit TWRF2D5R
StepE_Exit IQ9LIP67
StepE_Exit EBX0SJ0R
StepE_Exit MLAK3Z90
StepE_Exit Z2XBKCT2
StepE_Exit P8L011O0
StepE_Exit JIHRT825
StepE_Exit 5CFO4TUY
StepE_Exit EZLPKDSV
StepE_Exit TFXGKFE4
StepE_Exit S7DDXQ6I
2025-04-01 03:14:42,794 - INFO - StepE_Enter QNNAJ62T
StepE_Enter M97G33K6
StepE_Enter DSEJNFWV
StepE_Enter DKX35N7X
StepE_Enter 13WL6ERG
StepE_Enter GI7K1UI2
StepE_Enter 3GFX4WZ2
StepE_Enter D55UVXTR
StepE_Enter K6EW8M0O
StepE_Enter 36G48VIF
StepE_Enter PIUVTAWI
StepE_Enter 2FUS2VN1
StepE_Enter 16O6MPWQ
StepE_Enter KNFPCVXR
2025-04-01 03:14:43,229 - INFO - StepE_Exit QNNAJ62T
StepE_Exit M97G33K6
StepE_Exit DSEJNFWV
StepE_Exit DKX35N7X
StepE_Exit 13WL6ERG
StepE_Exit GI7K1UI2
StepE_Exit 3GFX4WZ2
StepE_Exit D55UVXTR
StepE_Exit K6EW8M0O
StepE_Exit 36G48VIF
StepE_Exit PIUVTAWI
StepE_Exit 2FUS2VN1
StepE_Exit 16O6MPWQ
StepE_Exit KNFPCVXR
2025-04-01 03:14:43,232 - INFO - StepE_Enter 5EH8X5LU
StepE_Enter 3AVK1MH3
StepE_Enter YPCYT3DJ
StepE_Enter 63OZWNP6
StepE_Enter VDGJ1GHA
StepE_Enter ZTFZ2CX6
StepE_Enter N368LDII
StepE_Enter RWV2F6YV
StepE_Enter YS4H45BD
StepE_Enter LGOLHXS4
StepE_Enter QS579QWM
StepE_Enter LC5XSN8C
StepE_Enter XLC9P7MQ
StepE_Enter OH5U3WKS
StepE_Enter TCZMB908
StepE_Enter O2CC45SF
StepE_Enter 2ZE90ZL9
StepE_Enter SAGJ2F4B
2025-04-01 03:14:43,711 - INFO - StepE_Exit 5EH8X5LU
StepE_Exit 3AVK1MH3
StepE_Exit YPCYT3DJ
StepE_Exit 63OZWNP6
StepE_Exit VDGJ1GHA
StepE_Exit ZTFZ2CX6
StepE_Exit N368LDII
StepE_Exit RWV2F6YV
StepE_Exit YS4H45BD
StepE_Exit LGOLHXS4
StepE_Exit QS579QWM
StepE_Exit LC5XSN8C
StepE_Exit XLC9P7MQ
StepE_Exit OH5U3WKS
StepE_Exit TCZMB908
StepE_Exit O2CC45SF
StepE_Exit 2ZE90ZL9
StepE_Exit SAGJ2F4B
2025-04-01 03:14:43,713 - INFO - StepE_Enter YC7FW0RB
StepE_Enter D2SP062H
StepE_Enter SS4LFR09
StepE_Enter 71QSHNII
StepE_Enter 6HMHEA7A
StepE_Enter 8NL0D8Y6
StepE_Enter TAJ490JW
StepE_Enter MPSZAA29
StepE_Enter UYULFUZN
StepE_Enter 5RE4GNEY
StepE_Enter 6JH2OG7A
StepE_Enter 8TMEIRFK
StepE_Enter X3TX7ANV
StepE_Enter D6WIFTYN
2025-04-01 03:14:44,147 - INFO - StepE_Exit YC7FW0RB
StepE_Exit D2SP062H
StepE_Exit SS4LFR09
StepE_Exit 71QSHNII
StepE_Exit 6HMHEA7A
StepE_Exit 8NL0D8Y6
StepE_Exit TAJ490JW
StepE_Exit MPSZAA29
StepE_Exit UYULFUZN
StepE_Exit 5RE4GNEY
StepE_Exit 6JH2OG7A
StepE_Exit 8TMEIRFK
StepE_Exit X3TX7ANV
StepE_Exit D6WIFTYN
2025-04-01 03:14:44,150 - INFO - StepE_Enter TX1RWKCD
StepE_Enter ELOOPTIZ
StepE_Enter OGF840FH
StepE_Enter 2G29MUPX
StepE_Enter U1VWV4JK
StepE_Enter P8ZU7PAA
StepE_Enter YTC7MNPJ
StepE_Enter D50R1AAX
StepE_Enter PTOGTYJT
StepE_Enter 85MPVM4N
StepE_Enter WS68TO8O
StepE_Enter 1OKD2QVV
StepE_Enter J30OK8FV
StepE_Enter B284XUDP
StepE_Enter 6HJ3U3T6
StepE_Enter V4Q8OKIW
StepE_Enter 0S8O13B2
StepE_Enter U3D75SVR
2025-04-01 03:14:44,628 - INFO - StepE_Exit TX1RWKCD
StepE_Exit ELOOPTIZ
StepE_Exit OGF840FH
StepE_Exit 2G29MUPX
StepE_Exit U1VWV4JK
StepE_Exit P8ZU7PAA
StepE_Exit YTC7MNPJ
StepE_Exit D50R1AAX
StepE_Exit PTOGTYJT
StepE_Exit 85MPVM4N
StepE_Exit WS68TO8O
StepE_Exit 1OKD2QVV
StepE_Exit J30OK8FV
StepE_Exit B284XUDP
StepE_Exit 6HJ3U3T6
StepE_Exit V4Q8OKIW
StepE_Exit 0S8O13B2
StepE_Exit U3D75SVR
2025-04-01 03:14:44,630 - INFO - StepE_Enter RLQD8I1C
StepE_Enter SF28KPM5
StepE_Enter LK189URH
StepE_Enter UAF7D34N
StepE_Enter J2OPIJ2B
StepE_Enter K4IO8LKN
StepE_Enter FQ12X9RN
StepE_Enter 9XU1SVUJ
StepE_Enter B7O36GBS
StepE_Enter 7ZCUPUJ1
StepE_Enter USK6XZ6S
StepE_Enter OIIIWTFC
StepE_Enter 0U7ZL1XN
StepE_Enter UCCMB0G0
2025-04-01 03:14:45,010 - INFO - StepE_Exit RLQD8I1C
StepE_Exit SF28KPM5
StepE_Exit LK189URH
StepE_Exit UAF7D34N
StepE_Exit J2OPIJ2B
StepE_Exit K4IO8LKN
StepE_Exit FQ12X9RN
StepE_Exit 9XU1SVUJ
StepE_Exit B7O36GBS
StepE_Exit 7ZCUPUJ1
StepE_Exit USK6XZ6S
StepE_Exit OIIIWTFC
StepE_Exit 0U7ZL1XN
StepE_Exit UCCMB0G0
2025-04-01 03:14:45,011 - INFO - StepE_Enter OUO3VJAM
StepE_Enter FB6RNKGK
StepE_Enter SK2ANPVG
StepE_Enter 8KV5QLNS
StepE_Enter L1UBMABR
StepE_Enter 93WODOV1
StepE_Enter HCQGKW0F
StepE_Enter 0ZQE21NY
StepE_Enter 3IHX5JZK
StepE_Enter SI8H75J8
StepE_Enter G0J72IWZ
StepE_Enter C3Y2NLWX
StepE_Enter 2MC9SFHG
StepE_Enter 41F9DGFG
StepE_Enter NAWW6NZ5
StepE_Enter UVGIMQZY
StepE_Enter VFKTBOFH
StepE_Enter UCRTWH03
2025-04-01 03:14:45,544 - INFO - StepE_Exit OUO3VJAM
StepE_Exit FB6RNKGK
StepE_Exit SK2ANPVG
StepE_Exit 8KV5QLNS
StepE_Exit L1UBMABR
StepE_Exit 93WODOV1
StepE_Exit HCQGKW0F
StepE_Exit 0ZQE21NY
StepE_Exit 3IHX5JZK
StepE_Exit SI8H75J8
StepE_Exit G0J72IWZ
StepE_Exit C3Y2NLWX
StepE_Exit 2MC9SFHG
StepE_Exit 41F9DGFG
StepE_Exit NAWW6NZ5
StepE_Exit UVGIMQZY
StepE_Exit VFKTBOFH
StepE_Exit UCRTWH03
2025-04-01 03:14:45,545 - INFO - StepE_Enter B9VNY3ZH
StepE_Enter DTWJLQ1S
StepE_Enter ZP20NQZL
StepE_Enter QBGMON9U
StepE_Enter N8ROHHQW
StepE_Enter RVZI7R8C
StepE_Enter S9KMDL5X
StepE_Enter Z38VZ6MW
StepE_Enter 3PEVB12E
StepE_Enter R745WWIY
StepE_Enter ZZIGKF0K
StepE_Enter SYHYHIFK
StepE_Enter VHTCH34U
StepE_Enter 68I8357Q
2025-04-01 03:14:45,948 - INFO - StepE_Exit B9VNY3ZH
StepE_Exit DTWJLQ1S
StepE_Exit ZP20NQZL
StepE_Exit QBGMON9U
StepE_Exit N8ROHHQW
StepE_Exit RVZI7R8C
StepE_Exit S9KMDL5X
StepE_Exit Z38VZ6MW
StepE_Exit 3PEVB12E
StepE_Exit R745WWIY
StepE_Exit ZZIGKF0K
StepE_Exit SYHYHIFK
StepE_Exit VHTCH34U
StepE_Exit 68I8357Q
2025-04-01 03:14:45,950 - INFO - StepE_Enter ENRBWSIP
StepE_Enter R5ZIW445
StepE_Enter YDAYZNIB
StepE_Enter LDCJXPNV
StepE_Enter 5ENL3AL3
StepE_Enter GLCLQFMG
StepE_Enter 6DKZJUEJ
StepE_Enter Z7X469EC
StepE_Enter X9V5J6A3
StepE_Enter K3GQOIW3
StepE_Enter NO5STPN7
StepE_Enter 3YDU1VKX
StepE_Enter QUE6GQ7U
StepE_Enter 5KG40KL0
StepE_Enter 1622URVG
StepE_Enter W3UJYNU6
StepE_Enter 7RV1X1AR
StepE_Enter ZXXZDKTI
2025-04-01 03:14:46,461 - INFO - StepE_Exit ENRBWSIP
StepE_Exit R5ZIW445
StepE_Exit YDAYZNIB
StepE_Exit LDCJXPNV
StepE_Exit 5ENL3AL3
StepE_Exit GLCLQFMG
StepE_Exit 6DKZJUEJ
StepE_Exit Z7X469EC
StepE_Exit X9V5J6A3
StepE_Exit K3GQOIW3
StepE_Exit NO5STPN7
StepE_Exit 3YDU1VKX
StepE_Exit QUE6GQ7U
StepE_Exit 5KG40KL0
StepE_Exit 1622URVG
StepE_Exit W3UJYNU6
StepE_Exit 7RV1X1AR
StepE_Exit ZXXZDKTI
2025-04-01 03:14:46,462 - INFO - StepE_Enter 0TE6II55
StepE_Enter I78S3QO6
StepE_Enter 5OJBJJRL
StepE_Enter RB9UUENV
StepE_Enter AA72QWBN
StepE_Enter HDH9UBYR
StepE_Enter 2WM1KW47
StepE_Enter 6JUHBVY7
StepE_Enter VMNXE4M5
StepE_Enter UD5TS3H6
StepE_Enter QKXE4T5A
StepE_Enter APL2SZQ5
StepE_Enter T5YQF3XT
StepE_Enter H1GQJ4XC
2025-04-01 03:14:46,938 - INFO - StepE_Exit 0TE6II55
StepE_Exit I78S3QO6
StepE_Exit 5OJBJJRL
StepE_Exit RB9UUENV
StepE_Exit AA72QWBN
StepE_Exit HDH9UBYR
StepE_Exit 2WM1KW47
StepE_Exit 6JUHBVY7
StepE_Exit VMNXE4M5
StepE_Exit UD5TS3H6
StepE_Exit QKXE4T5A
StepE_Exit APL2SZQ5
StepE_Exit T5YQF3XT
StepE_Exit H1GQJ4XC
2025-04-01 03:14:46,940 - INFO - StepE_Enter LJ5M7NYY
StepE_Enter ETWU9RHR
StepE_Enter L0M8RX03
StepE_Enter 54QXK6RT
StepE_Enter D2HCO5O3
StepE_Enter TQY417AS
StepE_Enter 8IUPMKO6
StepE_Enter 4FJ8T7M3
StepE_Enter 1PJC2NVZ
StepE_Enter 7D8L268X
StepE_Enter 25MTWL2O
StepE_Enter 1KA7KXT9
StepE_Enter F3AIFDDL
StepE_Enter ADCI1JPR
StepE_Enter BZ89VVS4
StepE_Enter M17JLMP6
StepE_Enter FKI6NPRG
StepE_Enter ZKCI25VB
2025-04-01 03:14:47,455 - INFO - StepE_Exit LJ5M7NYY
StepE_Exit ETWU9RHR
StepE_Exit L0M8RX03
StepE_Exit 54QXK6RT
StepE_Exit D2HCO5O3
StepE_Exit TQY417AS
StepE_Exit 8IUPMKO6
StepE_Exit 4FJ8T7M3
StepE_Exit 1PJC2NVZ
StepE_Exit 7D8L268X
StepE_Exit 25MTWL2O
StepE_Exit 1KA7KXT9
StepE_Exit F3AIFDDL
StepE_Exit ADCI1JPR
StepE_Exit BZ89VVS4
StepE_Exit M17JLMP6
StepE_Exit FKI6NPRG
StepE_Exit ZKCI25VB
2025-04-01 03:14:47,456 - INFO - StepE_Enter 8ESV8XCK
StepE_Enter MCDYB2ZP
StepE_Enter OU3K3ZJJ
StepE_Enter IDNV1QXH
StepE_Enter YL5VK4RD
StepE_Enter SFHMHYQU
StepE_Enter 9FPOVEL5
StepE_Enter 9YVKDOLK
StepE_Enter UMOLUPZ4
StepE_Enter D53PH9R3
StepE_Enter E8T7PIUN
StepE_Enter 7W8MMF02
StepE_Enter TQHUP715
StepE_Enter E3ZU15EG
2025-04-01 03:14:47,847 - INFO - StepE_Exit 8ESV8XCK
StepE_Exit MCDYB2ZP
StepE_Exit OU3K3ZJJ
StepE_Exit IDNV1QXH
StepE_Exit YL5VK4RD
StepE_Exit SFHMHYQU
StepE_Exit 9FPOVEL5
StepE_Exit 9YVKDOLK
StepE_Exit UMOLUPZ4
StepE_Exit D53PH9R3
StepE_Exit E8T7PIUN
StepE_Exit 7W8MMF02
StepE_Exit TQHUP715
StepE_Exit E3ZU15EG
2025-04-01 03:14:47,849 - INFO - StepE_Enter MOTW6QE0
StepE_Enter 79NKIKJI
StepE_Enter B3BF12G9
StepE_Enter OKRHWAKY
StepE_Enter AEOM6PTE
StepE_Enter QMQI3PD2
StepE_Enter K1JC6RYP
StepE_Enter D9W9A5MU
StepE_Enter N5GNCQG6
StepE_Enter OXJZ80KE
StepE_Enter 4BN1TFNC
StepE_Enter XF7AHB5I
StepE_Enter NBRVN7ZA
StepE_Enter R6AD0CI5
StepE_Enter 2BN2KK3W
StepE_Enter HDMRFLJU
StepE_Enter JPA85866
StepE_Enter BFCVQWIO
2025-04-01 03:14:48,330 - INFO - StepE_Exit MOTW6QE0
StepE_Exit 79NKIKJI
StepE_Exit B3BF12G9
StepE_Exit OKRHWAKY
StepE_Exit AEOM6PTE
StepE_Exit QMQI3PD2
StepE_Exit K1JC6RYP
StepE_Exit D9W9A5MU
StepE_Exit N5GNCQG6
StepE_Exit OXJZ80KE
StepE_Exit 4BN1TFNC
StepE_Exit XF7AHB5I
StepE_Exit NBRVN7ZA
StepE_Exit R6AD0CI5
StepE_Exit 2BN2KK3W
StepE_Exit HDMRFLJU
StepE_Exit JPA85866
StepE_Exit BFCVQWIO
2025-04-01 03:14:48,332 - INFO - StepE_Enter ALE7UFWV
StepE_Enter I5QTNOFV
StepE_Enter 26LIVR17
StepE_Enter ZB8WGBDB
StepE_Enter QWQGOPKD
StepE_Enter 8S3XMRDT
StepE_Enter ZSAZBMS0
StepE_Enter U5C3HMLS
StepE_Enter MTTOWFUY
StepE_Enter 8F9SISNM
StepE_Enter 0RRV2GQR
StepE_Enter OOWG99AI
StepE_Enter DMMI9PWL
StepE_Enter M6BXK4JH
2025-04-01 03:14:48,722 - INFO - StepE_Exit ALE7UFWV
StepE_Exit I5QTNOFV
StepE_Exit 26LIVR17
StepE_Exit ZB8WGBDB
StepE_Exit QWQGOPKD
StepE_Exit 8S3XMRDT
StepE_Exit ZSAZBMS0
StepE_Exit U5C3HMLS
StepE_Exit MTTOWFUY
StepE_Exit 8F9SISNM
StepE_Exit 0RRV2GQR
StepE_Exit OOWG99AI
StepE_Exit DMMI9PWL
StepE_Exit M6BXK4JH
2025-04-01 03:14:48,723 - INFO - StepE_Enter VKYTMZCS
StepE_Enter 6OBKKGPZ
StepE_Enter XOKP4FSS
StepE_Enter 7C4JGM4C
StepE_Enter TM0OWS5C
StepE_Enter A7DZSSW4
StepE_Enter K9N624ZF
StepE_Enter ZO53W4NC
StepE_Enter QVS6MSVH
StepE_Enter OH2DYDRT
StepE_Enter 0046IEDT
StepE_Enter EO8S6HD8
StepE_Enter K0LZ8XHT
StepE_Enter VK9GRMRN
StepE_Enter SDVDR11B
StepE_Enter YHO2SU2L
StepE_Enter QH2JN48X
StepE_Enter 6VJS4P6B
2025-04-01 03:14:49,202 - INFO - StepE_Exit VKYTMZCS
StepE_Exit 6OBKKGPZ
StepE_Exit XOKP4FSS
StepE_Exit 7C4JGM4C
StepE_Exit TM0OWS5C
StepE_Exit A7DZSSW4
StepE_Exit K9N624ZF
StepE_Exit ZO53W4NC
StepE_Exit QVS6MSVH
StepE_Exit OH2DYDRT
StepE_Exit 0046IEDT
StepE_Exit EO8S6HD8
StepE_Exit K0LZ8XHT
StepE_Exit VK9GRMRN
StepE_Exit SDVDR11B
StepE_Exit YHO2SU2L
StepE_Exit QH2JN48X
StepE_Exit 6VJS4P6B
2025-04-01 03:14:49,204 - INFO - StepE_Enter 49JKTTZN
StepE_Enter ZTDR6EKY
StepE_Enter BA434K30
StepE_Enter GJHBJXPW
StepE_Enter Z1U5XCHI
StepE_Enter GNOOAXO6
StepE_Enter 367GSUFY
StepE_Enter CH2NZFWH
StepE_Enter NR3N5H3M
StepE_Enter USCNI7M4
StepE_Enter 2EGSLQXI
StepE_Enter XVPZXYH7
StepE_Enter 3CIT2DMI
StepE_Enter 667K74ED
2025-04-01 03:14:49,607 - INFO - StepE_Exit 49JKTTZN
StepE_Exit ZTDR6EKY
StepE_Exit BA434K30
StepE_Exit GJHBJXPW
StepE_Exit Z1U5XCHI
StepE_Exit GNOOAXO6
StepE_Exit 367GSUFY
StepE_Exit CH2NZFWH
StepE_Exit NR3N5H3M
StepE_Exit USCNI7M4
StepE_Exit 2EGSLQXI
StepE_Exit XVPZXYH7
StepE_Exit 3CIT2DMI
StepE_Exit 667K74ED
2025-04-01 03:14:49,608 - INFO - StepE_Enter 5KQ0RBG0
StepE_Enter UMOOCYB9
StepE_Enter BSN6599D
StepE_Enter AC2QHKLU
StepE_Enter LU25I221
StepE_Enter KUJJ3O5B
StepE_Enter Y4798R9G
StepE_Enter A054OXL7
StepE_Enter 9VI81ZXX
StepE_Enter BVUZ4EUU
StepE_Enter X98GFVKF
StepE_Enter DVELL1EY
StepE_Enter 7A8IBXDX
StepE_Enter A16PFNBX
StepE_Enter FGVJDFVI
StepE_Enter 0U8P7Q2V
StepE_Enter RUYNAYUJ
StepE_Enter EEDCBLTC
2025-04-01 03:14:50,165 - INFO - StepE_Exit 5KQ0RBG0
StepE_Exit UMOOCYB9
StepE_Exit BSN6599D
StepE_Exit AC2QHKLU
StepE_Exit LU25I221
StepE_Exit KUJJ3O5B
StepE_Exit Y4798R9G
StepE_Exit A054OXL7
StepE_Exit 9VI81ZXX
StepE_Exit BVUZ4EUU
StepE_Exit X98GFVKF
StepE_Exit DVELL1EY
StepE_Exit 7A8IBXDX
StepE_Exit A16PFNBX
StepE_Exit FGVJDFVI
StepE_Exit 0U8P7Q2V
StepE_Exit RUYNAYUJ
StepE_Exit EEDCBLTC
2025-04-01 03:14:50,167 - INFO - StepE_Enter HS8NJYOP
StepE_Enter Y11IXYP7
StepE_Enter 9LUEXWWH
StepE_Enter H4OO6V1T
StepE_Enter QME3ZAWL
StepE_Enter P1PRH3YL
StepE_Enter TA997Y9C
StepE_Enter MRBII49X
StepE_Enter P777QES2
StepE_Enter LSR59576
StepE_Enter BRSETHIH
StepE_Enter UU7V7QB0
StepE_Enter 3VN1ZWS1
StepE_Enter PMOY9JHV
2025-04-01 03:14:50,565 - INFO - StepE_Exit HS8NJYOP
StepE_Exit Y11IXYP7
StepE_Exit 9LUEXWWH
StepE_Exit H4OO6V1T
StepE_Exit QME3ZAWL
StepE_Exit P1PRH3YL
StepE_Exit TA997Y9C
StepE_Exit MRBII49X
StepE_Exit P777QES2
StepE_Exit LSR59576
StepE_Exit BRSETHIH
StepE_Exit UU7V7QB0
StepE_Exit 3VN1ZWS1
StepE_Exit PMOY9JHV
2025-04-01 03:14:50,567 - INFO - StepE_Enter O6589G4B
StepE_Enter OMTLPANS
StepE_Enter F543VXED
StepE_Enter P3QCXTXC
StepE_Enter 76PZ152M
StepE_Enter SGCNKXFV
StepE_Enter EF70QKM6
StepE_Enter 2I0THPX8
StepE_Enter 3HPEPW10
StepE_Enter 96SRDII2
StepE_Enter Q3R2DGAX
StepE_Enter PKI9PVTU
StepE_Enter KGJPH1E9
StepE_Enter JXIG9D2W
StepE_Enter 1IA13H6U
StepE_Enter TVO5D7VV
StepE_Enter EWX130OT
StepE_Enter 557F01QY
2025-04-01 03:14:51,129 - INFO - StepE_Exit O6589G4B
StepE_Exit OMTLPANS
StepE_Exit F543VXED
StepE_Exit P3QCXTXC
StepE_Exit 76PZ152M
StepE_Exit SGCNKXFV
StepE_Exit EF70QKM6
StepE_Exit 2I0THPX8
StepE_Exit 3HPEPW10
StepE_Exit 96SRDII2
StepE_Exit Q3R2DGAX
StepE_Exit PKI9PVTU
StepE_Exit KGJPH1E9
StepE_Exit JXIG9D2W
StepE_Exit 1IA13H6U
StepE_Exit TVO5D7VV
StepE_Exit EWX130OT
StepE_Exit 557F01QY
2025-04-01 03:14:51,130 - INFO - StepE_Enter X160Y1V1
StepE_Enter QXKC5SYC
StepE_Enter M5JF7MOK
StepE_Enter HF16F9P2
StepE_Enter GOU1VNFM
StepE_Enter 3SXJW6A2
StepE_Enter H3D5KJBK
StepE_Enter WXIUJ1FC
StepE_Enter A5MIYDLI
StepE_Enter KCXML7HG
StepE_Enter 6CBOYNB4
StepE_Enter 0ZEVZ7TI
StepE_Enter 2BZP7ZND
StepE_Enter 8YUYVUYE
2025-04-01 03:14:51,558 - INFO - StepE_Exit X160Y1V1
StepE_Exit QXKC5SYC
StepE_Exit M5JF7MOK
StepE_Exit HF16F9P2
StepE_Exit GOU1VNFM
StepE_Exit 3SXJW6A2
StepE_Exit H3D5KJBK
StepE_Exit WXIUJ1FC
StepE_Exit A5MIYDLI
StepE_Exit KCXML7HG
StepE_Exit 6CBOYNB4
StepE_Exit 0ZEVZ7TI
StepE_Exit 2BZP7ZND
StepE_Exit 8YUYVUYE
2025-04-01 03:14:51,560 - INFO - StepE_Enter 7PYVWMHY
StepE_Enter B0M7IKK4
StepE_Enter P071DJ0E
StepE_Enter IJVYME3Y
StepE_Enter HOJ6L9CA
StepE_Enter W0HYBLZB
StepE_Enter 2FDU5PWN
StepE_Enter 6P6QMJV7
StepE_Enter PUT1KZPP
StepE_Enter SY8FNAX3
StepE_Enter TE46F1TK
StepE_Enter JWU21SKG
StepE_Enter OETRROHK
StepE_Enter AN0DWDJR
StepE_Enter JW9YFPKN
StepE_Enter X577XVGN
StepE_Enter KU7JNRXD
StepE_Enter 5Y49KXET
2025-04-01 03:14:52,086 - INFO - StepE_Exit 7PYVWMHY
StepE_Exit B0M7IKK4
StepE_Exit P071DJ0E
StepE_Exit IJVYME3Y
StepE_Exit HOJ6L9CA
StepE_Exit W0HYBLZB
StepE_Exit 2FDU5PWN
StepE_Exit 6P6QMJV7
StepE_Exit PUT1KZPP
StepE_Exit SY8FNAX3
StepE_Exit TE46F1TK
StepE_Exit JWU21SKG
StepE_Exit OETRROHK
StepE_Exit AN0DWDJR
StepE_Exit JW9YFPKN
StepE_Exit X577XVGN
StepE_Exit KU7JNRXD
StepE_Exit 5Y49KXET
2025-04-01 03:14:52,088 - INFO - StepE_Enter 65CD9MS5
StepE_Enter C15MB150
StepE_Enter 76OI26DO
StepE_Enter K0AA9FVZ
StepE_Enter KJ0AL0Z9
StepE_Enter O9LSONV4
StepE_Enter 88ZGXPLQ
StepE_Enter LT2YOO54
StepE_Enter IUDFRBU5
StepE_Enter W5RURO74
StepE_Enter PGDKKHL4
StepE_Enter L33ZV882
StepE_Enter 3H8MSHVX
StepE_Enter T6UX8DE7
2025-04-01 03:14:52,458 - INFO - StepE_Exit 65CD9MS5
StepE_Exit C15MB150
StepE_Exit 76OI26DO
StepE_Exit K0AA9FVZ
StepE_Exit KJ0AL0Z9
StepE_Exit O9LSONV4
StepE_Exit 88ZGXPLQ
StepE_Exit LT2YOO54
StepE_Exit IUDFRBU5
StepE_Exit W5RURO74
StepE_Exit PGDKKHL4
StepE_Exit L33ZV882
StepE_Exit 3H8MSHVX
StepE_Exit T6UX8DE7
2025-04-01 03:14:52,460 - INFO - StepE_Enter ARNZGGUG
StepE_Enter LZSMRJAK
StepE_Enter G1E8GFY2
StepE_Enter QOIXJYMW
StepE_Enter ZH4E7255
StepE_Enter ORW9GY8D
StepE_Enter S0W1JFKZ
StepE_Enter OAE59QMH
StepE_Enter 01CABCKA
StepE_Enter G0U6OFVZ
StepE_Enter PV53GWUH
StepE_Enter W6Q50BS4
StepE_Enter KQJMRQ1Q
StepE_Enter EYM9511E
StepE_Enter YHRI3ZE9
StepE_Enter 4179Y7Y8
StepE_Enter TNN9E4E9
StepE_Enter DZJJD31N
2025-04-01 03:14:52,971 - INFO - StepE_Exit ARNZGGUG
StepE_Exit LZSMRJAK
StepE_Exit G1E8GFY2
StepE_Exit QOIXJYMW
StepE_Exit ZH4E7255
StepE_Exit ORW9GY8D
StepE_Exit S0W1JFKZ
StepE_Exit OAE59QMH
StepE_Exit 01CABCKA
StepE_Exit G0U6OFVZ
StepE_Exit PV53GWUH
StepE_Exit W6Q50BS4
StepE_Exit KQJMRQ1Q
StepE_Exit EYM9511E
StepE_Exit YHRI3ZE9
StepE_Exit 4179Y7Y8
StepE_Exit TNN9E4E9
StepE_Exit DZJJD31N
2025-04-01 03:14:52,973 - INFO - StepE_Enter IDB6NR24
StepE_Enter 5VFJO3L2
StepE_Enter 5S4AYBWV
StepE_Enter 7XVAVDME
StepE_Enter PM61XE1U
StepE_Enter VPQJVV4Y
StepE_Enter 85M9C44H
StepE_Enter GD5CJHEX
StepE_Enter SQ1RCKND
StepE_Enter 0THW8564
StepE_Enter 3HCR554Y
StepE_Enter RSYBRQGD
StepE_Enter 8A7TVV0Z
StepE_Enter Y4JE5RQ4
2025-04-01 03:14:53,341 - INFO - StepE_Exit IDB6NR24
StepE_Exit 5VFJO3L2
StepE_Exit 5S4AYBWV
StepE_Exit 7XVAVDME
StepE_Exit PM61XE1U
StepE_Exit VPQJVV4Y
StepE_Exit 85M9C44H
StepE_Exit GD5CJHEX
StepE_Exit SQ1RCKND
StepE_Exit 0THW8564
StepE_Exit 3HCR554Y
StepE_Exit RSYBRQGD
StepE_Exit 8A7TVV0Z
StepE_Exit Y4JE5RQ4
2025-04-01 03:14:53,343 - INFO - StepE_Enter IE8PDLAZ
StepE_Enter 4KBV0970
StepE_Enter 1VLL5T5J
StepE_Enter B4RON7TX
StepE_Enter 7LJBYPW2
StepE_Enter G0E9QV0J
StepE_Enter C407H64P
StepE_Enter JGAI0HKC
StepE_Enter 1YZM35DY
StepE_Enter B54EU39S
StepE_Enter IXUIJYH9
StepE_Enter 6RVVE6B5
StepE_Enter VY3B6F90
StepE_Enter FG7I2ULO
StepE_Enter KKNXEFH3
StepE_Enter 406LBD7Q
StepE_Enter C9BJM7QD
StepE_Enter Q7L5UOQS
2025-04-01 03:14:53,878 - INFO - StepE_Exit IE8PDLAZ
StepE_Exit 4KBV0970
StepE_Exit 1VLL5T5J
StepE_Exit B4RON7TX
StepE_Exit 7LJBYPW2
StepE_Exit G0E9QV0J
StepE_Exit C407H64P
StepE_Exit JGAI0HKC
StepE_Exit 1YZM35DY
StepE_Exit B54EU39S
StepE_Exit IXUIJYH9
StepE_Exit 6RVVE6B5
StepE_Exit VY3B6F90
StepE_Exit FG7I2ULO
StepE_Exit KKNXEFH3
StepE_Exit 406LBD7Q
StepE_Exit C9BJM7QD
StepE_Exit Q7L5UOQS
2025-04-01 03:14:53,880 - INFO - StepE_Enter 0YYSGFBH
StepE_Enter S6CGVZ48
StepE_Enter NIX8Z3BK
StepE_Enter 9YI67SM1
StepE_Enter LSVNJ6P4
StepE_Enter 18WHCLFB
StepE_Enter PBOQOSAE
StepE_Enter C0F0XHIC
StepE_Enter HISVI585
StepE_Enter EP5YZ4US
StepE_Enter AX213HU5
StepE_Enter 5N03I7KE
StepE_Enter 99ZW1JXY
StepE_Enter 06408ZRC
2025-04-01 03:14:54,313 - INFO - StepE_Exit 0YYSGFBH
StepE_Exit S6CGVZ48
StepE_Exit NIX8Z3BK
StepE_Exit 9YI67SM1
StepE_Exit LSVNJ6P4
StepE_Exit 18WHCLFB
StepE_Exit PBOQOSAE
StepE_Exit C0F0XHIC
StepE_Exit HISVI585
StepE_Exit EP5YZ4US
StepE_Exit AX213HU5
StepE_Exit 5N03I7KE
StepE_Exit 99ZW1JXY
StepE_Exit 06408ZRC
2025-04-01 03:14:54,316 - INFO - StepE_Enter 4YI76GKW
StepE_Enter XW5VN7IG
StepE_Enter Z7LBPX8T
StepE_Enter MFXGL1FJ
StepE_Enter L9V2G1EW
StepE_Enter J58F7O7T
StepE_Enter 67D7R5C0
StepE_Enter 0PKCKBQQ
StepE_Enter GL60X5TR
StepE_Enter SSLRNOT4
StepE_Enter X5UVIC9W
StepE_Enter WSECTU1P
StepE_Enter N7D8APDN
StepE_Enter Z2L8UUKT
StepE_Enter M3KIRE0S
StepE_Enter PCCQLLH3
StepE_Enter YOPBG0U9
StepE_Enter VWEURZP0
2025-04-01 03:14:54,847 - INFO - StepE_Exit 4YI76GKW
StepE_Exit XW5VN7IG
StepE_Exit Z7LBPX8T
StepE_Exit MFXGL1FJ
StepE_Exit L9V2G1EW
StepE_Exit J58F7O7T
StepE_Exit 67D7R5C0
StepE_Exit 0PKCKBQQ
StepE_Exit GL60X5TR
StepE_Exit SSLRNOT4
StepE_Exit X5UVIC9W
StepE_Exit WSECTU1P
StepE_Exit N7D8APDN
StepE_Exit Z2L8UUKT
StepE_Exit M3KIRE0S
StepE_Exit PCCQLLH3
StepE_Exit YOPBG0U9
StepE_Exit VWEURZP0
2025-04-01 03:14:54,849 - INFO - StepE_Enter KURDUIWF
StepE_Enter TMCJL69S
StepE_Enter 0EH3RE3O
StepE_Enter JCR2Q6FC
StepE_Enter Y11PXIIK
StepE_Enter XXPOWZTE
StepE_Enter ITE3ZZWF
StepE_Enter 4FM4Y7QE
StepE_Enter CNSCBXTR
StepE_Enter 47JHT6CP
StepE_Enter 9PZCUHH8
StepE_Enter IWVU60G2
StepE_Enter SIG32A67
StepE_Enter 1LMJSWKS
2025-04-01 03:14:55,218 - INFO - StepE_Exit KURDUIWF
StepE_Exit TMCJL69S
StepE_Exit 0EH3RE3O
StepE_Exit JCR2Q6FC
StepE_Exit Y11PXIIK
StepE_Exit XXPOWZTE
StepE_Exit ITE3ZZWF
StepE_Exit 4FM4Y7QE
StepE_Exit CNSCBXTR
StepE_Exit 47JHT6CP
StepE_Exit 9PZCUHH8
StepE_Exit IWVU60G2
StepE_Exit SIG32A67
StepE_Exit 1LMJSWKS
2025-04-01 03:14:55,220 - INFO - StepE_Enter 7Y5J8Z7N
StepE_Enter GMTKIBAU
StepE_Enter KRV266XF
StepE_Enter ZO939APR
StepE_Enter R5NU19GC
StepE_Enter JDPRMUR0
StepE_Enter 9RQG9KTA
StepE_Enter 8WEPNI0K
StepE_Enter RSPOTVUR
StepE_Enter 33DTK55C
StepE_Enter FZNJYWK7
StepE_Enter IP65KIML
StepE_Enter WDNIF9JV
StepE_Enter YVUGPQ9W
StepE_Enter SSC1N4LP
StepE_Enter 2BJC710A
StepE_Enter 7UMKV6BC
StepE_Enter E9K3H3DK
2025-04-01 03:14:55,719 - INFO - StepE_Exit 7Y5J8Z7N
StepE_Exit GMTKIBAU
StepE_Exit KRV266XF
StepE_Exit ZO939APR
StepE_Exit R5NU19GC
StepE_Exit JDPRMUR0
StepE_Exit 9RQG9KTA
StepE_Exit 8WEPNI0K
StepE_Exit RSPOTVUR
StepE_Exit 33DTK55C
StepE_Exit FZNJYWK7
StepE_Exit IP65KIML
StepE_Exit WDNIF9JV
StepE_Exit YVUGPQ9W
StepE_Exit SSC1N4LP
StepE_Exit 2BJC710A
StepE_Exit 7UMKV6BC
StepE_Exit E9K3H3DK
2025-04-01 03:14:55,721 - INFO - StepE_Enter 2EL5JBI1
StepE_Enter 78OMJXCP
StepE_Enter 51A4L8L4
StepE_Enter NRQ1NN17
StepE_Enter 0AO4QFHN
StepE_Enter 1O9W7EX3
StepE_Enter KX1524SY
StepE_Enter N8NHM17Y
StepE_Enter CLDHCDEH
StepE_Enter 7PGKE9EI
StepE_Enter P2BO0NZR
StepE_Enter MVLTEYDX
StepE_Enter XBYNVWFR
StepE_Enter ZLS4K8OT
2025-04-01 03:14:56,177 - INFO - StepE_Exit 2EL5JBI1
StepE_Exit 78OMJXCP
StepE_Exit 51A4L8L4
StepE_Exit NRQ1NN17
StepE_Exit 0AO4QFHN
StepE_Exit 1O9W7EX3
StepE_Exit KX1524SY
StepE_Exit N8NHM17Y
StepE_Exit CLDHCDEH
StepE_Exit 7PGKE9EI
StepE_Exit P2BO0NZR
StepE_Exit MVLTEYDX
StepE_Exit XBYNVWFR
StepE_Exit ZLS4K8OT
2025-04-01 03:14:56,180 - INFO - StepE_Enter CQW45KAG
StepE_Enter MXF0XLQP
StepE_Enter LQS3XABS
StepE_Enter G075FZ18
StepE_Enter IHYSC9GW
StepE_Enter 55PHHJ8A
StepE_Enter 5BQ0HASL
StepE_Enter DJIB2C7R
StepE_Enter N52HWL29
StepE_Enter 7W9XH6M3
StepE_Enter Z8SAFO0Z
StepE_Enter P5N1B8RO
StepE_Enter 9SWSFZYP
StepE_Enter IMEC7Y33
StepE_Enter EDNFRYS3
StepE_Enter S4YS6M51
StepE_Enter O5GF0DWP
StepE_Enter 66TFC7A6
2025-04-01 03:14:56,676 - INFO - StepE_Exit CQW45KAG
StepE_Exit MXF0XLQP
StepE_Exit LQS3XABS
StepE_Exit G075FZ18
StepE_Exit IHYSC9GW
StepE_Exit 55PHHJ8A
StepE_Exit 5BQ0HASL
StepE_Exit DJIB2C7R
StepE_Exit N52HWL29
StepE_Exit 7W9XH6M3
StepE_Exit Z8SAFO0Z
StepE_Exit P5N1B8RO
StepE_Exit 9SWSFZYP
StepE_Exit IMEC7Y33
StepE_Exit EDNFRYS3
StepE_Exit S4YS6M51
StepE_Exit O5GF0DWP
StepE_Exit 66TFC7A6
2025-04-01 03:14:56,678 - INFO - StepE_Enter RY0Y9WV4
StepE_Enter KSVAMHJK
StepE_Enter QVUWDXEU
StepE_Enter DV21GPVM
StepE_Enter 8Y1QBXMA
StepE_Enter PJII1NSE
StepE_Enter C3YD683R
StepE_Enter IINQNKBD
StepE_Enter 4D9B2H2U
StepE_Enter CWOKHSFK
StepE_Enter EZ5TZP4K
StepE_Enter LI3TOFQK
StepE_Enter KTKNGJVU
StepE_Enter 6S9OQ73I
2025-04-01 03:14:57,083 - INFO - StepE_Exit RY0Y9WV4
StepE_Exit KSVAMHJK
StepE_Exit QVUWDXEU
StepE_Exit DV21GPVM
StepE_Exit 8Y1QBXMA
StepE_Exit PJII1NSE
StepE_Exit C3YD683R
StepE_Exit IINQNKBD
StepE_Exit 4D9B2H2U
StepE_Exit CWOKHSFK
StepE_Exit EZ5TZP4K
StepE_Exit LI3TOFQK
StepE_Exit KTKNGJVU
StepE_Exit 6S9OQ73I
2025-04-01 03:14:57,086 - INFO - StepE_Enter WD0HNQIZ
StepE_Enter 03JHDY5U
StepE_Enter XJJLITR2
StepE_Enter 80PGNAG2
StepE_Enter 22GB9IP8
StepE_Enter ILTZWFQR
StepE_Enter IRNK03EN
StepE_Enter FF6TX37O
StepE_Enter BXUQIAJF
StepE_Enter RZ5NQ34T
StepE_Enter PB9SI78H
StepE_Enter KID5H2MD
StepE_Enter LARQ9C8R
StepE_Enter Q4SUCXP9
StepE_Enter IKKIG938
StepE_Enter 8OHNUHCN
StepE_Enter 04X19REV
StepE_Enter PZ1AY1GK
2025-04-01 03:14:57,554 - INFO - StepE_Exit WD0HNQIZ
StepE_Exit 03JHDY5U
StepE_Exit XJJLITR2
StepE_Exit 80PGNAG2
StepE_Exit 22GB9IP8
StepE_Exit ILTZWFQR
StepE_Exit IRNK03EN
StepE_Exit FF6TX37O
StepE_Exit BXUQIAJF
StepE_Exit RZ5NQ34T
StepE_Exit PB9SI78H
StepE_Exit KID5H2MD
StepE_Exit LARQ9C8R
StepE_Exit Q4SUCXP9
StepE_Exit IKKIG938
StepE_Exit 8OHNUHCN
StepE_Exit 04X19REV
StepE_Exit PZ1AY1GK
2025-04-01 03:14:57,556 - INFO - StepE_Enter BEGYOWIZ
StepE_Enter 99QQFRB6
StepE_Enter E1E713D9
StepE_Enter 86WDQYZ9
StepE_Enter 1PI9YGKV
StepE_Enter OFJWLQ68
StepE_Enter H1XAMW55
StepE_Enter M6X6ALKS
StepE_Enter JI7LCE4Y
StepE_Enter 745XFSTR
StepE_Enter LRMIRIZ7
StepE_Enter JPMSWFTF
StepE_Enter 9UUSXT56
StepE_Enter 91VFK32E
2025-04-01 03:14:57,986 - INFO - StepE_Exit BEGYOWIZ
StepE_Exit 99QQFRB6
StepE_Exit E1E713D9
StepE_Exit 86WDQYZ9
StepE_Exit 1PI9YGKV
StepE_Exit OFJWLQ68
StepE_Exit H1XAMW55
StepE_Exit M6X6ALKS
StepE_Exit JI7LCE4Y
StepE_Exit 745XFSTR
StepE_Exit LRMIRIZ7
StepE_Exit JPMSWFTF
StepE_Exit 9UUSXT56
StepE_Exit 91VFK32E
2025-04-01 03:14:57,988 - INFO - StepE_Enter F7F8FMIJ
StepE_Enter VKI50QJX
StepE_Enter 5QLGTMQN
StepE_Enter UIQ0YFW2
StepE_Enter 7G0N4M2N
StepE_Enter RRLN7DSP
StepE_Enter XDUET8QL
StepE_Enter LYUREUVC
StepE_Enter 4ZM8TUDF
StepE_Enter YCWIEX44
StepE_Enter EQ3U70Z0
StepE_Enter 89B3YNGC
StepE_Enter HR9SP5D4
StepE_Enter W7AF3POC
StepE_Enter QUADHWV4
StepE_Enter J26ZIRPC
StepE_Enter 6S3C0578
StepE_Enter A5JH4T2O
2025-04-01 03:14:58,584 - INFO - StepE_Exit F7F8FMIJ
StepE_Exit VKI50QJX
StepE_Exit 5QLGTMQN
StepE_Exit UIQ0YFW2
StepE_Exit 7G0N4M2N
StepE_Exit RRLN7DSP
StepE_Exit XDUET8QL
StepE_Exit LYUREUVC
StepE_Exit 4ZM8TUDF
StepE_Exit YCWIEX44
StepE_Exit EQ3U70Z0
StepE_Exit 89B3YNGC
StepE_Exit HR9SP5D4
StepE_Exit W7AF3POC
StepE_Exit QUADHWV4
StepE_Exit J26ZIRPC
StepE_Exit 6S3C0578
StepE_Exit A5JH4T2O
2025-04-01 03:14:58,586 - INFO - StepE_Enter W5TSHZM7
StepE_Enter 7AG53ZFM
StepE_Enter ZHGBN0K2
StepE_Enter L3NW5E3N
StepE_Enter 46IAH6SB
StepE_Enter VVHWKL0P
StepE_Enter O8WC3LIE
StepE_Enter R8XHP1P5
StepE_Enter SXF0H2GB
StepE_Enter VOV4M1YC
StepE_Enter HRT4UA6G
StepE_Enter JJ4KGXE6
StepE_Enter W6N83HYN
StepE_Enter KVBKEK26
2025-04-01 03:14:58,955 - INFO - StepE_Exit W5TSHZM7
StepE_Exit 7AG53ZFM
StepE_Exit ZHGBN0K2
StepE_Exit L3NW5E3N
StepE_Exit 46IAH6SB
StepE_Exit VVHWKL0P
StepE_Exit O8WC3LIE
StepE_Exit R8XHP1P5
StepE_Exit SXF0H2GB
StepE_Exit VOV4M1YC
StepE_Exit HRT4UA6G
StepE_Exit JJ4KGXE6
StepE_Exit W6N83HYN
StepE_Exit KVBKEK26
2025-04-01 03:14:58,957 - INFO - StepE_Enter WSAT5IMH
StepE_Enter SXY4235B
StepE_Enter N2D3HPXP
StepE_Enter 7R9FUPCN
StepE_Enter 3QN2PJNN
StepE_Enter 3W310Q6W
StepE_Enter 690YW6U8
StepE_Enter OCA31P2W
StepE_Enter DB0DFTZN
StepE_Enter J2JKDAX9
StepE_Enter CAIHUHVN
StepE_Enter MWLPY2RG
StepE_Enter BO3RS8D4
StepE_Enter W1S7PQJK
StepE_Enter U74569SZ
StepE_Enter C1BQ1AJO
StepE_Enter UEG0VD4S
StepE_Enter X801BKBD
2025-04-01 03:14:59,473 - INFO - StepE_Exit WSAT5IMH
StepE_Exit SXY4235B
StepE_Exit N2D3HPXP
StepE_Exit 7R9FUPCN
StepE_Exit 3QN2PJNN
StepE_Exit 3W310Q6W
StepE_Exit 690YW6U8
StepE_Exit OCA31P2W
StepE_Exit DB0DFTZN
StepE_Exit J2JKDAX9
StepE_Exit CAIHUHVN
StepE_Exit MWLPY2RG
StepE_Exit BO3RS8D4
StepE_Exit W1S7PQJK
StepE_Exit U74569SZ
StepE_Exit C1BQ1AJO
StepE_Exit UEG0VD4S
StepE_Exit X801BKBD
2025-04-01 03:14:59,475 - INFO - StepE_Enter Y7QA7KWI
StepE_Enter ADORS1DM
StepE_Enter XBDWH3VC
StepE_Enter 3H2MRYG5
StepE_Enter DLDPJVHZ
StepE_Enter RCC4BQZ6
StepE_Enter 0U6PB2A5
StepE_Enter 1ZE77I73
StepE_Enter QRJ1JCTH
StepE_Enter YR4IZXO4
StepE_Enter VGGKRCUU
StepE_Enter SY3CEE6E
StepE_Enter UKLBXP3K
StepE_Enter 2EXSHGOI
2025-04-01 03:14:59,933 - INFO - StepE_Exit Y7QA7KWI
StepE_Exit ADORS1DM
StepE_Exit XBDWH3VC
StepE_Exit 3H2MRYG5
StepE_Exit DLDPJVHZ
StepE_Exit RCC4BQZ6
StepE_Exit 0U6PB2A5
StepE_Exit 1ZE77I73
StepE_Exit QRJ1JCTH
StepE_Exit YR4IZXO4
StepE_Exit VGGKRCUU
StepE_Exit SY3CEE6E
StepE_Exit UKLBXP3K
StepE_Exit 2EXSHGOI
2025-04-01 03:14:59,935 - INFO - StepE_Enter DNNI2TZ1
StepE_Enter 3AZLUGTK
StepE_Enter PASNG03P
StepE_Enter 7O2MKF2M
StepE_Enter ZVSB8XOT
StepE_Enter TCBAUGUE
StepE_Enter R4H7F00N
StepE_Enter QBEP23V5
StepE_Enter ITOT5TVX
StepE_Enter ANDC6A6N
StepE_Enter 2GKMW076
StepE_Enter 9UTC0JXP
StepE_Enter 4S8QFG7K
StepE_Enter G30ITW87
StepE_Enter H384AKQ4
StepE_Enter ZHTSIHBL
StepE_Enter AJYJGW5U
StepE_Enter 79QP5YGV
2025-04-01 03:15:00,469 - INFO - StepE_Exit DNNI2TZ1
StepE_Exit 3AZLUGTK
StepE_Exit PASNG03P
StepE_Exit 7O2MKF2M
StepE_Exit ZVSB8XOT
StepE_Exit TCBAUGUE
StepE_Exit R4H7F00N
StepE_Exit QBEP23V5
StepE_Exit ITOT5TVX
StepE_Exit ANDC6A6N
StepE_Exit 2GKMW076
StepE_Exit 9UTC0JXP
StepE_Exit 4S8QFG7K
StepE_Exit G30ITW87
StepE_Exit H384AKQ4
StepE_Exit ZHTSIHBL
StepE_Exit AJYJGW5U
StepE_Exit 79QP5YGV
2025-04-01 03:15:00,472 - INFO - StepE_Enter 1IUPV7JW
StepE_Enter 52ACC951
StepE_Enter 3DLT8X7I
StepE_Enter R45NP48S
StepE_Enter 3G5WZTAZ
StepE_Enter A0327ALK
StepE_Enter AQBRELHE
StepE_Enter XP0EJNJU
StepE_Enter 2X0L97XP
StepE_Enter Z0SD8WWE
StepE_Enter TNSAQIU0
StepE_Enter RQ894CME
StepE_Enter 3R8CQTDJ
StepE_Enter I6FYFZ0J
2025-04-01 03:15:00,851 - INFO - StepE_Exit 1IUPV7JW
StepE_Exit 52ACC951
StepE_Exit 3DLT8X7I
StepE_Exit R45NP48S
StepE_Exit 3G5WZTAZ
StepE_Exit A0327ALK
StepE_Exit AQBRELHE
StepE_Exit XP0EJNJU
StepE_Exit 2X0L97XP
StepE_Exit Z0SD8WWE
StepE_Exit TNSAQIU0
StepE_Exit RQ894CME
StepE_Exit 3R8CQTDJ
StepE_Exit I6FYFZ0J
2025-04-01 03:15:00,853 - INFO - StepE_Enter B7264BHY
StepE_Enter Q5AXSBFE
StepE_Enter DDMFUDUL
StepE_Enter 4SDU1LND
StepE_Enter 50V1QBE0
StepE_Enter 0CIQCCZY
StepE_Enter EOMQ55FG
StepE_Enter CI86RYIS
StepE_Enter JEK1PT8C
StepE_Enter FT666ZTY
StepE_Enter YJYRDSMY
StepE_Enter P0JP09W5
StepE_Enter L9EZ2FS7
StepE_Enter SN548SP1
StepE_Enter SEG34RBQ
StepE_Enter WG4KQONQ
StepE_Enter 9UZKP8KH
StepE_Enter 38D5Q5QM
2025-04-01 03:15:01,364 - INFO - StepE_Exit B7264BHY
StepE_Exit Q5AXSBFE
StepE_Exit DDMFUDUL
StepE_Exit 4SDU1LND
StepE_Exit 50V1QBE0
StepE_Exit 0CIQCCZY
StepE_Exit EOMQ55FG
StepE_Exit CI86RYIS
StepE_Exit JEK1PT8C
StepE_Exit FT666ZTY
StepE_Exit YJYRDSMY
StepE_Exit P0JP09W5
StepE_Exit L9EZ2FS7
StepE_Exit SN548SP1
StepE_Exit SEG34RBQ
StepE_Exit WG4KQONQ
StepE_Exit 9UZKP8KH
StepE_Exit 38D5Q5QM
2025-04-01 03:15:01,366 - INFO - StepE_Enter FW8Q24B9
StepE_Enter UV93EKQF
StepE_Enter 6ZFS5UUX
StepE_Enter 0MSAC5I8
StepE_Enter 12O3HB19
StepE_Enter E0DAPGQ4
StepE_Enter 25ENO885
StepE_Enter DSIIHVX0
StepE_Enter QJD3WSD9
StepE_Enter QIGP2WXD
StepE_Enter N876QUC0
StepE_Enter XZO0K0RH
StepE_Enter Y22R8P35
StepE_Enter TUZI8Z94
2025-04-01 03:15:01,753 - INFO - StepE_Exit FW8Q24B9
StepE_Exit UV93EKQF
StepE_Exit 6ZFS5UUX
StepE_Exit 0MSAC5I8
StepE_Exit 12O3HB19
StepE_Exit E0DAPGQ4
StepE_Exit 25ENO885
StepE_Exit DSIIHVX0
StepE_Exit QJD3WSD9
StepE_Exit QIGP2WXD
StepE_Exit N876QUC0
StepE_Exit XZO0K0RH
StepE_Exit Y22R8P35
StepE_Exit TUZI8Z94
2025-04-01 03:15:01,755 - INFO - StepE_Enter ESY6OI2Z
StepE_Enter H05YXKBG
StepE_Enter IX2NMMMQ
StepE_Enter O36SMNMY
StepE_Enter VB76O2JK
StepE_Enter 2YSHKGJ9
StepE_Enter 5CCS3ER7
StepE_Enter FWI2Y7PG
StepE_Enter ODSSMM7C
StepE_Enter 2D9SG06X
StepE_Enter K6TCPSII
StepE_Enter 1TAG240B
StepE_Enter KPNMPUUR
StepE_Enter H5Y8Q51G
StepE_Enter 4G1T70NL
StepE_Enter 5VUZOU4W
StepE_Enter RR8TS8I9
StepE_Enter PJ8JDRY9
2025-04-01 03:15:02,315 - INFO - StepE_Exit ESY6OI2Z
StepE_Exit H05YXKBG
StepE_Exit IX2NMMMQ
StepE_Exit O36SMNMY
StepE_Exit VB76O2JK
StepE_Exit 2YSHKGJ9
StepE_Exit 5CCS3ER7
StepE_Exit FWI2Y7PG
StepE_Exit ODSSMM7C
StepE_Exit 2D9SG06X
StepE_Exit K6TCPSII
StepE_Exit 1TAG240B
StepE_Exit KPNMPUUR
StepE_Exit H5Y8Q51G
StepE_Exit 4G1T70NL
StepE_Exit 5VUZOU4W
StepE_Exit RR8TS8I9
StepE_Exit PJ8JDRY9
2025-04-01 03:15:02,319 - INFO - StepE_Enter EYCHCKF4
StepE_Enter Q0TEYS50
StepE_Enter DYTJ71HW
StepE_Enter LQC347OQ
StepE_Enter PZQDABX3
StepE_Enter 6MDTG15I
StepE_Enter BP2E0ZLX
StepE_Enter MCL8YYE0
StepE_Enter UQTB0UK8
StepE_Enter GYQZXH5T
StepE_Enter D15JQX45
StepE_Enter NI0P0B5X
StepE_Enter VNBTTKDR
StepE_Enter X60WQLEN
2025-04-01 03:15:02,739 - INFO - StepE_Exit EYCHCKF4
StepE_Exit Q0TEYS50
StepE_Exit DYTJ71HW
StepE_Exit LQC347OQ
StepE_Exit PZQDABX3
StepE_Exit 6MDTG15I
StepE_Exit BP2E0ZLX
StepE_Exit MCL8YYE0
StepE_Exit UQTB0UK8
StepE_Exit GYQZXH5T
StepE_Exit D15JQX45
StepE_Exit NI0P0B5X
StepE_Exit VNBTTKDR
StepE_Exit X60WQLEN
2025-04-01 03:15:02,741 - INFO - StepE_Enter QY5YCBTZ
StepE_Enter W5VP7LDG
StepE_Enter DMUMF1P7
StepE_Enter ZEVLA1UJ
StepE_Enter YUO7RJAB
StepE_Enter UNPK7KZE
StepE_Enter OY6EV5W2
StepE_Enter YK65GK9Y
StepE_Enter 9Z0D0H6J
StepE_Enter 1QMV1IO9
StepE_Enter Z3IN3BTU
StepE_Enter W6KRB58N
StepE_Enter 97QH5ER3
StepE_Enter 2AG83X81
StepE_Enter KR4P32F9
StepE_Enter GZOM5VEJ
StepE_Enter FNVHXSTX
StepE_Enter SXHE2CWX
2025-04-01 03:15:03,242 - INFO - StepE_Exit QY5YCBTZ
StepE_Exit W5VP7LDG
StepE_Exit DMUMF1P7
StepE_Exit ZEVLA1UJ
StepE_Exit YUO7RJAB
StepE_Exit UNPK7KZE
StepE_Exit OY6EV5W2
StepE_Exit YK65GK9Y
StepE_Exit 9Z0D0H6J
StepE_Exit 1QMV1IO9
StepE_Exit Z3IN3BTU
StepE_Exit W6KRB58N
StepE_Exit 97QH5ER3
StepE_Exit 2AG83X81
StepE_Exit KR4P32F9
StepE_Exit GZOM5VEJ
StepE_Exit FNVHXSTX
StepE_Exit SXHE2CWX
2025-04-01 03:15:03,244 - INFO - StepE_Enter KJHT18R3
StepE_Enter NUDKXSKO
StepE_Enter KGDOKOY7
StepE_Enter MP55BZHA
StepE_Enter A0K89OIV
StepE_Enter BAY7GU8E
StepE_Enter 3CPLLPAC
StepE_Enter VCNR708D
StepE_Enter 3GEO7YLJ
StepE_Enter KUAYX1JA
StepE_Enter MQF2OQMX
StepE_Enter B5NA3NQ0
StepE_Enter WK9F6049
StepE_Enter Q8YRWW1B
2025-04-01 03:15:03,651 - INFO - StepE_Exit KJHT18R3
StepE_Exit NUDKXSKO
StepE_Exit KGDOKOY7
StepE_Exit MP55BZHA
StepE_Exit A0K89OIV
StepE_Exit BAY7GU8E
StepE_Exit 3CPLLPAC
StepE_Exit VCNR708D
StepE_Exit 3GEO7YLJ
StepE_Exit KUAYX1JA
StepE_Exit MQF2OQMX
StepE_Exit B5NA3NQ0
StepE_Exit WK9F6049
StepE_Exit Q8YRWW1B
2025-04-01 03:15:03,654 - INFO - StepE_Enter CLP5I358
StepE_Enter YF68JXN8
StepE_Enter VJCGI94K
StepE_Enter F279DWEO
StepE_Enter 1Y2UDC3X
StepE_Enter Q0K90PXU
StepE_Enter K6NP69SX
StepE_Enter UATHMOYK
StepE_Enter W6Y4AIU4
StepE_Enter GND5AW4B
StepE_Enter IMQDYDL8
StepE_Enter RSXXFFK1
StepE_Enter NOPGPKE1
StepE_Enter I04XOQM7
StepE_Enter X1QKVQ04
StepE_Enter TEXJTE6K
StepE_Enter JT5IP6G0
StepE_Enter UO1288DC
2025-04-01 03:15:04,222 - INFO - StepE_Exit CLP5I358
StepE_Exit YF68JXN8
StepE_Exit VJCGI94K
StepE_Exit F279DWEO
StepE_Exit 1Y2UDC3X
StepE_Exit Q0K90PXU
StepE_Exit K6NP69SX
StepE_Exit UATHMOYK
StepE_Exit W6Y4AIU4
StepE_Exit GND5AW4B
StepE_Exit IMQDYDL8
StepE_Exit RSXXFFK1
StepE_Exit NOPGPKE1
StepE_Exit I04XOQM7
StepE_Exit X1QKVQ04
StepE_Exit TEXJTE6K
StepE_Exit JT5IP6G0
StepE_Exit UO1288DC
2025-04-01 03:15:04,225 - INFO - StepE_Enter TIORJ9AD
StepE_Enter 8BHUNUQ8
StepE_Enter BMXM59T5
StepE_Enter XGY4Z4CA
StepE_Enter YMIHPWK7
StepE_Enter 6NZ4VKG8
StepE_Enter 90Y2SKI2
StepE_Enter HYCVSJ5B
StepE_Enter SY7R82JU
StepE_Enter 0HSRY9SI
StepE_Enter SB4KCQHU
StepE_Enter VBZ6D78I
StepE_Enter EKUIH36H
StepE_Enter ATDN7PF5
2025-04-01 03:15:04,665 - INFO - StepE_Exit TIORJ9AD
StepE_Exit 8BHUNUQ8
StepE_Exit BMXM59T5
StepE_Exit XGY4Z4CA
StepE_Exit YMIHPWK7
StepE_Exit 6NZ4VKG8
StepE_Exit 90Y2SKI2
StepE_Exit HYCVSJ5B
StepE_Exit SY7R82JU
StepE_Exit 0HSRY9SI
StepE_Exit SB4KCQHU
StepE_Exit VBZ6D78I
StepE_Exit EKUIH36H
StepE_Exit ATDN7PF5
2025-04-01 03:15:04,667 - INFO - StepE_Enter AD3LVKTY
StepE_Enter HZ936JM4
StepE_Enter 2Y81C6XO
StepE_Enter 82AB1KQ3
StepE_Enter LQZ92YM7
StepE_Enter XM4ZBQOO
StepE_Enter 349BZHZL
StepE_Enter MQNSP3VZ
StepE_Enter O7UWQL3A
StepE_Enter P1VA4Z7Q
StepE_Enter XNR3WALZ
StepE_Enter WKZE8N3Z
StepE_Enter 63CBRKLD
StepE_Enter G9MY3ZZY
StepE_Enter 3E5RLU0Z
StepE_Enter W2OUOS3S
StepE_Enter 1LGZKVWI
StepE_Enter 9WX47U0L
2025-04-01 03:15:05,183 - INFO - StepE_Exit AD3LVKTY
StepE_Exit HZ936JM4
StepE_Exit 2Y81C6XO
StepE_Exit 82AB1KQ3
StepE_Exit LQZ92YM7
StepE_Exit XM4ZBQOO
StepE_Exit 349BZHZL
StepE_Exit MQNSP3VZ
StepE_Exit O7UWQL3A
StepE_Exit P1VA4Z7Q
StepE_Exit XNR3WALZ
StepE_Exit WKZE8N3Z
StepE_Exit 63CBRKLD
StepE_Exit G9MY3ZZY
StepE_Exit 3E5RLU0Z
StepE_Exit W2OUOS3S
StepE_Exit 1LGZKVWI
StepE_Exit 9WX47U0L
2025-04-01 03:15:05,186 - INFO - StepE_Enter TUC1F8WR
StepE_Enter BDTJTQEB
StepE_Enter PQFPPHVG
StepE_Enter XU5I2Z7Z
StepE_Enter YU93VFZR
StepE_Enter 9B33JF85
StepE_Enter KQ3SW9L6
StepE_Enter CQIHA7PE
StepE_Enter OO9P25MQ
StepE_Enter NOGZBJQ9
StepE_Enter 8ZBF9O1B
StepE_Enter QUELBPON
StepE_Enter BFAZEFQO
StepE_Enter 0OAZU7P1
2025-04-01 03:15:05,585 - INFO - StepE_Exit TUC1F8WR
StepE_Exit BDTJTQEB
StepE_Exit PQFPPHVG
StepE_Exit XU5I2Z7Z
StepE_Exit YU93VFZR
StepE_Exit 9B33JF85
StepE_Exit KQ3SW9L6
StepE_Exit CQIHA7PE
StepE_Exit OO9P25MQ
StepE_Exit NOGZBJQ9
StepE_Exit 8ZBF9O1B
StepE_Exit QUELBPON
StepE_Exit BFAZEFQO
StepE_Exit 0OAZU7P1
2025-04-01 03:15:05,587 - INFO - StepE_Enter Y9WUXRUU
StepE_Enter 6WOLT79D
StepE_Enter 4GYQ4PNX
StepE_Enter OKY1DE7Y
StepE_Enter NC7BM9ZI
StepE_Enter 6UA2PLS1
StepE_Enter 7DVFBYTR
StepE_Enter O909PNY1
StepE_Enter DIAX2RI6
StepE_Enter OYXF50DT
StepE_Enter MT1D8R6G
StepE_Enter 4TD61HMC
StepE_Enter FWUUJFIL
StepE_Enter MG1OY3B8
StepE_Enter 1PFBJO07
StepE_Enter XPR3W8BS
StepE_Enter 6NMYB68L
StepE_Enter SBPOZKM5
2025-04-01 03:15:06,128 - INFO - StepE_Exit Y9WUXRUU
StepE_Exit 6WOLT79D
StepE_Exit 4GYQ4PNX
StepE_Exit OKY1DE7Y
StepE_Exit NC7BM9ZI
StepE_Exit 6UA2PLS1
StepE_Exit 7DVFBYTR
StepE_Exit O909PNY1
StepE_Exit DIAX2RI6
StepE_Exit OYXF50DT
StepE_Exit MT1D8R6G
StepE_Exit 4TD61HMC
StepE_Exit FWUUJFIL
StepE_Exit MG1OY3B8
StepE_Exit 1PFBJO07
StepE_Exit XPR3W8BS
StepE_Exit 6NMYB68L
StepE_Exit SBPOZKM5
2025-04-01 03:15:06,130 - INFO - StepE_Enter Q8RGOT1H
StepE_Enter E62IIA54
StepE_Enter X7BWZMMC
StepE_Enter 1KFANZ9S
StepE_Enter N7TSPS0V
StepE_Enter OGVPA68C
StepE_Enter IF4A4Y3I
StepE_Enter KQHMFUOL
StepE_Enter ZAJDRGWZ
StepE_Enter 8DP8PUNE
StepE_Enter 1OQZUIJJ
StepE_Enter 6J64H2D6
StepE_Enter A9AK1MPS
StepE_Enter 1M1WIC1J
2025-04-01 03:15:06,555 - INFO - StepE_Exit Q8RGOT1H
StepE_Exit E62IIA54
StepE_Exit X7BWZMMC
StepE_Exit 1KFANZ9S
StepE_Exit N7TSPS0V
StepE_Exit OGVPA68C
StepE_Exit IF4A4Y3I
StepE_Exit KQHMFUOL
StepE_Exit ZAJDRGWZ
StepE_Exit 8DP8PUNE
StepE_Exit 1OQZUIJJ
StepE_Exit 6J64H2D6
StepE_Exit A9AK1MPS
StepE_Exit 1M1WIC1J
2025-04-01 03:15:06,557 - INFO - StepE_Enter 0MFF38QV
StepE_Enter 2ABPNAZ3
StepE_Enter F442BAWP
StepE_Enter HI3ULK19
StepE_Enter AJ94NSET
StepE_Enter 3KG5X8PS
StepE_Enter 9BC5667Z
StepE_Enter T4YB0A8O
StepE_Enter M9GN5GVH
StepE_Enter 7IZJMS2Y
StepE_Enter 8YQRO8PC
StepE_Enter 99APVBE2
StepE_Enter 40V3QBYI
StepE_Enter DDED3UFG
StepE_Enter 0IF5PIGX
StepE_Enter T1F5FW2Q
StepE_Enter NUQC2A4L
StepE_Enter BVDQV4YP
2025-04-01 03:15:07,053 - INFO - StepE_Exit 0MFF38QV
StepE_Exit 2ABPNAZ3
StepE_Exit F442BAWP
StepE_Exit HI3ULK19
StepE_Exit AJ94NSET
StepE_Exit 3KG5X8PS
StepE_Exit 9BC5667Z
StepE_Exit T4YB0A8O
StepE_Exit M9GN5GVH
StepE_Exit 7IZJMS2Y
StepE_Exit 8YQRO8PC
StepE_Exit 99APVBE2
StepE_Exit 40V3QBYI
StepE_Exit DDED3UFG
StepE_Exit 0IF5PIGX
StepE_Exit T1F5FW2Q
StepE_Exit NUQC2A4L
StepE_Exit BVDQV4YP
2025-04-01 03:15:07,054 - INFO - StepE_Enter OZWAJECA
StepE_Enter B1ZHRUUF
StepE_Enter 3Z0D2N8Z
StepE_Enter ZIWWZS5G
StepE_Enter AN2TVRKE
StepE_Enter FAF3EP0A
StepE_Enter QUS7QJCV
StepE_Enter CSCGYKBD
StepE_Enter 5RUZA4UO
StepE_Enter 2I9ZZN9P
StepE_Enter 7KZ14DLF
StepE_Enter ASYS7RW4
StepE_Enter QBIFC0VP
StepE_Enter 9U1M9VSL
2025-04-01 03:15:07,455 - INFO - StepE_Exit OZWAJECA
StepE_Exit B1ZHRUUF
StepE_Exit 3Z0D2N8Z
StepE_Exit ZIWWZS5G
StepE_Exit AN2TVRKE
StepE_Exit FAF3EP0A
StepE_Exit QUS7QJCV
StepE_Exit CSCGYKBD
StepE_Exit 5RUZA4UO
StepE_Exit 2I9ZZN9P
StepE_Exit 7KZ14DLF
StepE_Exit ASYS7RW4
StepE_Exit QBIFC0VP
StepE_Exit 9U1M9VSL
2025-04-01 03:15:07,458 - INFO - StepE_Enter J34LHRKB
StepE_Enter WN449WEQ
StepE_Enter K1KJCY0C
StepE_Enter D7KFBP02
StepE_Enter TNU6M6DN
StepE_Enter ED0L31K6
StepE_Enter XIIPOL6S
StepE_Enter M01XZLQ4
StepE_Enter XFNQB83E
StepE_Enter TYLXW6DT
StepE_Enter 7QF48RJL
StepE_Enter CIAPMLXE
StepE_Enter 2I7BBV0C
StepE_Enter UVO2B7W3
StepE_Enter TJKUV0TX
StepE_Enter OD5UM1L7
StepE_Enter 88C69GF0
StepE_Enter 2CPQL5Y1
2025-04-01 03:15:07,983 - INFO - StepE_Exit J34LHRKB
StepE_Exit WN449WEQ
StepE_Exit K1KJCY0C
StepE_Exit D7KFBP02
StepE_Exit TNU6M6DN
StepE_Exit ED0L31K6
StepE_Exit XIIPOL6S
StepE_Exit M01XZLQ4
StepE_Exit XFNQB83E
StepE_Exit TYLXW6DT
StepE_Exit 7QF48RJL
StepE_Exit CIAPMLXE
StepE_Exit 2I7BBV0C
StepE_Exit UVO2B7W3
StepE_Exit TJKUV0TX
StepE_Exit OD5UM1L7
StepE_Exit 88C69GF0
StepE_Exit 2CPQL5Y1
2025-04-01 03:15:07,984 - INFO - StepE_Enter X0O6F51A
StepE_Enter ZY0VS4VS
StepE_Enter T9L1UMPZ
StepE_Enter 6NKHBH58
StepE_Enter MNA5BCDP
StepE_Enter 4RW2YEAO
StepE_Enter 31YNXHMU
StepE_Enter 0YTUX9A1
StepE_Enter CFG4IWOI
StepE_Enter TKIFUYB5
StepE_Enter UW9B1A2E
StepE_Enter 8J319AKK
StepE_Enter YUU51RIE
StepE_Enter IN81NXDE
2025-04-01 03:15:08,451 - INFO - StepE_Exit X0O6F51A
StepE_Exit ZY0VS4VS
StepE_Exit T9L1UMPZ
StepE_Exit 6NKHBH58
StepE_Exit MNA5BCDP
StepE_Exit 4RW2YEAO
StepE_Exit 31YNXHMU
StepE_Exit 0YTUX9A1
StepE_Exit CFG4IWOI
StepE_Exit TKIFUYB5
StepE_Exit UW9B1A2E
StepE_Exit 8J319AKK
StepE_Exit YUU51RIE
StepE_Exit IN81NXDE
2025-04-01 03:15:08,453 - INFO - StepE_Enter N2AAT04C
StepE_Enter 8SO108XA
StepE_Enter P6W5QOXA
StepE_Enter X9HDB2YC
StepE_Enter PCRCFTNX
StepE_Enter EB4EI0QR
StepE_Enter 0ORGBRHR
StepE_Enter IWZV7VZK
StepE_Enter ATZCTLRM
StepE_Enter CLH8IRZX
StepE_Enter 0307H0QW
StepE_Enter 8JT3I637
StepE_Enter VOGOH09B
StepE_Enter REQL363Q
StepE_Enter F4VVML28
StepE_Enter 313A33KL
StepE_Enter 6T1Q4M8Z
StepE_Enter GM6K3CTZ
2025-04-01 03:15:08,989 - INFO - StepE_Exit N2AAT04C
StepE_Exit 8SO108XA
StepE_Exit P6W5QOXA
StepE_Exit X9HDB2YC
StepE_Exit PCRCFTNX
StepE_Exit EB4EI0QR
StepE_Exit 0ORGBRHR
StepE_Exit IWZV7VZK
StepE_Exit ATZCTLRM
StepE_Exit CLH8IRZX
StepE_Exit 0307H0QW
StepE_Exit 8JT3I637
StepE_Exit VOGOH09B
StepE_Exit REQL363Q
StepE_Exit F4VVML28
StepE_Exit 313A33KL
StepE_Exit 6T1Q4M8Z
StepE_Exit GM6K3CTZ
2025-04-01 03:15:08,992 - INFO - StepE_Enter 1ZWLOINT
StepE_Enter MFJFOI7D
StepE_Enter SQ5CLYFN
StepE_Enter 5ASNKL52
StepE_Enter 98QTQBUN
StepE_Enter 23BLJ1Y1
StepE_Enter 2881K51A
StepE_Enter RTHJRH6J
StepE_Enter UJS3I8L1
StepE_Enter 17E9115V
StepE_Enter R8M78JSW
StepE_Enter 2Q8CPRGT
StepE_Enter EOUP5UZZ
StepE_Enter AGSKARFN
2025-04-01 03:15:09,410 - INFO - StepE_Exit 1ZWLOINT
StepE_Exit MFJFOI7D
StepE_Exit SQ5CLYFN
StepE_Exit 5ASNKL52
StepE_Exit 98QTQBUN
StepE_Exit 23BLJ1Y1
StepE_Exit 2881K51A
StepE_Exit RTHJRH6J
StepE_Exit UJS3I8L1
StepE_Exit 17E9115V
StepE_Exit R8M78JSW
StepE_Exit 2Q8CPRGT
StepE_Exit EOUP5UZZ
StepE_Exit AGSKARFN
2025-04-01 03:15:09,412 - INFO - StepE_Enter T1LEWO3V
StepE_Enter 00QZ5GO4
StepE_Enter 638Q6LCG
StepE_Enter CNCU88WP
StepE_Enter 8PIL0CFL
StepE_Enter W7XMV5T1
StepE_Enter DEUS0U0N
StepE_Enter CPPMD1VR
StepE_Enter 0UQ52TCX
StepE_Enter OQEK6XJS
StepE_Enter 8A2QODG1
StepE_Enter EYESVS5Y
StepE_Enter BNC4O99B
StepE_Enter 5OUUZTNU
StepE_Enter LJI83ECT
StepE_Enter K75YWK8K
StepE_Enter E8G0MSRD
StepE_Enter Z40TFRVV
2025-04-01 03:15:09,921 - INFO - StepE_Exit T1LEWO3V
StepE_Exit 00QZ5GO4
StepE_Exit 638Q6LCG
StepE_Exit CNCU88WP
StepE_Exit 8PIL0CFL
StepE_Exit W7XMV5T1
StepE_Exit DEUS0U0N
StepE_Exit CPPMD1VR
StepE_Exit 0UQ52TCX
StepE_Exit OQEK6XJS
StepE_Exit 8A2QODG1
StepE_Exit EYESVS5Y
StepE_Exit BNC4O99B
StepE_Exit 5OUUZTNU
StepE_Exit LJI83ECT
StepE_Exit K75YWK8K
StepE_Exit E8G0MSRD
StepE_Exit Z40TFRVV
2025-04-01 03:15:09,923 - INFO - StepE_Enter IX8BFIPU
StepE_Enter 6NQJ9G4G
StepE_Enter FXGUQHF5
StepE_Enter 2CS8GOEL
StepE_Enter ANRZQC2O
StepE_Enter TM63W47P
StepE_Enter FT8N50I0
StepE_Enter DJGXSJNY
StepE_Enter K0WZWZ0T
StepE_Enter 2MNWFJYM
StepE_Enter 0FZ97JIU
StepE_Enter J8FGGWEG
StepE_Enter HNEKIU54
StepE_Enter ET9YPZXF
2025-04-01 03:15:10,318 - INFO - StepE_Exit IX8BFIPU
StepE_Exit 6NQJ9G4G
StepE_Exit FXGUQHF5
StepE_Exit 2CS8GOEL
StepE_Exit ANRZQC2O
StepE_Exit TM63W47P
StepE_Exit FT8N50I0
StepE_Exit DJGXSJNY
StepE_Exit K0WZWZ0T
StepE_Exit 2MNWFJYM
StepE_Exit 0FZ97JIU
StepE_Exit J8FGGWEG
StepE_Exit HNEKIU54
StepE_Exit ET9YPZXF
2025-04-01 03:15:10,320 - INFO - StepE_Enter 4K5K60GG
StepE_Enter MT1W36B9
StepE_Enter EUYEM55R
StepE_Enter TZLPNV4D
StepE_Enter 7V8KUNUT
StepE_Enter MIMMFJB4
StepE_Enter J1DCZZXS
StepE_Enter N840BHN5
StepE_Enter 4CVSB4CD
StepE_Enter Q9LYAYSI
StepE_Enter C0YFAKHD
StepE_Enter 4INGY9BV
StepE_Enter YKRNQRAW
StepE_Enter 7SMLLWRZ
StepE_Enter M81PM83J
StepE_Enter HIVLUMN3
StepE_Enter FL2CFM6X
StepE_Enter UY0HB5C2
2025-04-01 03:15:10,822 - INFO - StepE_Exit 4K5K60GG
StepE_Exit MT1W36B9
StepE_Exit EUYEM55R
StepE_Exit TZLPNV4D
StepE_Exit 7V8KUNUT
StepE_Exit MIMMFJB4
StepE_Exit J1DCZZXS
StepE_Exit N840BHN5
StepE_Exit 4CVSB4CD
StepE_Exit Q9LYAYSI
StepE_Exit C0YFAKHD
StepE_Exit 4INGY9BV
StepE_Exit YKRNQRAW
StepE_Exit 7SMLLWRZ
StepE_Exit M81PM83J
StepE_Exit HIVLUMN3
StepE_Exit FL2CFM6X
StepE_Exit UY0HB5C2
2025-04-01 03:15:10,826 - INFO - StepE_Enter I5FNUCX0
StepE_Enter 4W8EMGP6
StepE_Enter 0JMMKH9A
StepE_Enter NNI2QMGI
StepE_Enter HLR135KW
StepE_Enter EKOF2CQP
StepE_Enter Z9E5S2WE
StepE_Enter KJG5ELR3
StepE_Enter 76PIWQ6S
StepE_Enter EXV7A19J
StepE_Enter 2XKGM0SO
StepE_Enter M5CT8I3W
StepE_Enter ZYYLQS46
StepE_Enter DVXHMJPL
2025-04-01 03:15:11,212 - INFO - StepE_Exit I5FNUCX0
StepE_Exit 4W8EMGP6
StepE_Exit 0JMMKH9A
StepE_Exit NNI2QMGI
StepE_Exit HLR135KW
StepE_Exit EKOF2CQP
StepE_Exit Z9E5S2WE
StepE_Exit KJG5ELR3
StepE_Exit 76PIWQ6S
StepE_Exit EXV7A19J
StepE_Exit 2XKGM0SO
StepE_Exit M5CT8I3W
StepE_Exit ZYYLQS46
StepE_Exit DVXHMJPL
2025-04-01 03:15:11,216 - INFO - StepE_Enter YA6NUXJV
StepE_Enter VD6B2RHE
StepE_Enter FRABOTHQ
StepE_Enter ZESM27UT
StepE_Enter XBJ60LW7
StepE_Enter 6MK9AOFK
StepE_Enter 9C3SHS2Z
StepE_Enter 91I7AWET
StepE_Enter R5ZRXQON
StepE_Enter QUEWOSIP
StepE_Enter ANYHUPRF
StepE_Enter PNXYPLAT
StepE_Enter N6STUPKR
StepE_Enter A588WG4N
StepE_Enter 68L52CCE
StepE_Enter RJU5907D
StepE_Enter XHPONN6E
StepE_Enter H6EG8SIK
2025-04-01 03:15:11,716 - INFO - StepE_Exit YA6NUXJV
StepE_Exit VD6B2RHE
StepE_Exit FRABOTHQ
StepE_Exit ZESM27UT
StepE_Exit XBJ60LW7
StepE_Exit 6MK9AOFK
StepE_Exit 9C3SHS2Z
StepE_Exit 91I7AWET
StepE_Exit R5ZRXQON
StepE_Exit QUEWOSIP
StepE_Exit ANYHUPRF
StepE_Exit PNXYPLAT
StepE_Exit N6STUPKR
StepE_Exit A588WG4N
StepE_Exit 68L52CCE
StepE_Exit RJU5907D
StepE_Exit XHPONN6E
StepE_Exit H6EG8SIK
2025-04-01 03:15:11,717 - INFO - StepE_Enter 6OG7TNIV
StepE_Enter CV5J0KCE
StepE_Enter GDIP63PN
StepE_Enter T5N2AB68
StepE_Enter ZFSY36KS
StepE_Enter VA3GEUBA
StepE_Enter Z361UGJB
StepE_Enter 866C0165
StepE_Enter 8L6HX3UB
StepE_Enter YJXUOUHY
StepE_Enter 9IUYJEMT
StepE_Enter WCEJPAD4
StepE_Enter TMRA8LPZ
StepE_Enter 0HJMK73Y
2025-04-01 03:15:12,112 - INFO - StepE_Exit 6OG7TNIV
StepE_Exit CV5J0KCE
StepE_Exit GDIP63PN
StepE_Exit T5N2AB68
StepE_Exit ZFSY36KS
StepE_Exit VA3GEUBA
StepE_Exit Z361UGJB
StepE_Exit 866C0165
StepE_Exit 8L6HX3UB
StepE_Exit YJXUOUHY
StepE_Exit 9IUYJEMT
StepE_Exit WCEJPAD4
StepE_Exit TMRA8LPZ
StepE_Exit 0HJMK73Y
2025-04-01 03:15:12,114 - INFO - StepE_Enter YINAP1EI
StepE_Enter U6ZD61Q6
StepE_Enter H4D92940
StepE_Enter N29NTBMO
StepE_Enter YKGP4DYX
StepE_Enter 4O0KQZUI
StepE_Enter B2LNQ4C6
StepE_Enter 31OMVWN1
StepE_Enter U4CODT3D
StepE_Enter C53RWVCF
StepE_Enter M3H4DLJ7
StepE_Enter XJ1KKB2H
StepE_Enter B43QDD9F
StepE_Enter KDQALBQI
StepE_Enter 7NGLTYJK
StepE_Enter P9V7KJLP
StepE_Enter INNFY0VR
StepE_Enter ZPUV670Y
2025-04-01 03:15:12,623 - INFO - StepE_Exit YINAP1EI
StepE_Exit U6ZD61Q6
StepE_Exit H4D92940
StepE_Exit N29NTBMO
StepE_Exit YKGP4DYX
StepE_Exit 4O0KQZUI
StepE_Exit B2LNQ4C6
StepE_Exit 31OMVWN1
StepE_Exit U4CODT3D
StepE_Exit C53RWVCF
StepE_Exit M3H4DLJ7
StepE_Exit XJ1KKB2H
StepE_Exit B43QDD9F
StepE_Exit KDQALBQI
StepE_Exit 7NGLTYJK
StepE_Exit P9V7KJLP
StepE_Exit INNFY0VR
StepE_Exit ZPUV670Y
2025-04-01 03:15:12,625 - INFO - StepE_Enter U1NC45C8
StepE_Enter P8JHUB4C
StepE_Enter 5T87P3E4
StepE_Enter E88EBP4O
StepE_Enter 7XCU46KS
StepE_Enter GY3POV7H
StepE_Enter X0AUW9UH
StepE_Enter M7BJMMS1
StepE_Enter E4DFCOJO
StepE_Enter MB5OMITF
StepE_Enter S1IMLEJE
StepE_Enter 3LO4TB7I
StepE_Enter DVAKN9P4
StepE_Enter LZNBCQN5
2025-04-01 03:15:13,088 - INFO - StepE_Exit U1NC45C8
StepE_Exit P8JHUB4C
StepE_Exit 5T87P3E4
StepE_Exit E88EBP4O
StepE_Exit 7XCU46KS
StepE_Exit GY3POV7H
StepE_Exit X0AUW9UH
StepE_Exit M7BJMMS1
StepE_Exit E4DFCOJO
StepE_Exit MB5OMITF
StepE_Exit S1IMLEJE
StepE_Exit 3LO4TB7I
StepE_Exit DVAKN9P4
StepE_Exit LZNBCQN5
2025-04-01 03:15:13,090 - INFO - StepE_Enter SLC3K090
StepE_Enter 9OLFIUMZ
StepE_Enter KZDCJIY5
StepE_Enter 354Q2YM9
StepE_Enter CGDOYK2O
StepE_Enter NRF8HYIN
StepE_Enter Y9NQTVFV
StepE_Enter FOVN9MR3
StepE_Enter 0SF8BDGR
StepE_Enter FVENMINY
StepE_Enter NYQCO5XI
StepE_Enter M0OK1EU7
StepE_Enter PI9YM246
StepE_Enter WLMCL4B4
StepE_Enter UE924JVV
StepE_Enter G2XEDWZ2
StepE_Enter GD3X2SYP
StepE_Enter MX0TR2SJ
2025-04-01 03:15:13,786 - INFO - StepE_Exit SLC3K090
StepE_Exit 9OLFIUMZ
StepE_Exit KZDCJIY5
StepE_Exit 354Q2YM9
StepE_Exit CGDOYK2O
StepE_Exit NRF8HYIN
StepE_Exit Y9NQTVFV
StepE_Exit FOVN9MR3
StepE_Exit 0SF8BDGR
StepE_Exit FVENMINY
StepE_Exit NYQCO5XI
StepE_Exit M0OK1EU7
StepE_Exit PI9YM246
StepE_Exit WLMCL4B4
StepE_Exit UE924JVV
StepE_Exit G2XEDWZ2
StepE_Exit GD3X2SYP
StepE_Exit MX0TR2SJ
2025-04-01 03:15:13,788 - INFO - StepE_Enter WB3KI6QI
StepE_Enter MW05RDUX
StepE_Enter G87OP0A4
StepE_Enter ENI2A11P
StepE_Enter 6ZYT07GD
StepE_Enter 274SVZ9X
StepE_Enter SG760GK0
StepE_Enter XW3AQAOF
StepE_Enter 818DJZFJ
StepE_Enter IDFI4M7O
StepE_Enter 3LO6OCRZ
StepE_Enter JBQUMGC8
StepE_Enter VW3DGZ0A
StepE_Enter 51FHHOKY
2025-04-01 03:15:14,247 - INFO - StepE_Exit WB3KI6QI
StepE_Exit MW05RDUX
StepE_Exit G87OP0A4
StepE_Exit ENI2A11P
StepE_Exit 6ZYT07GD
StepE_Exit 274SVZ9X
StepE_Exit SG760GK0
StepE_Exit XW3AQAOF
StepE_Exit 818DJZFJ
StepE_Exit IDFI4M7O
StepE_Exit 3LO6OCRZ
StepE_Exit JBQUMGC8
StepE_Exit VW3DGZ0A
StepE_Exit 51FHHOKY
2025-04-01 03:15:14,249 - INFO - StepE_Enter 8MS5Z6WQ
StepE_Enter JFGX4ZV1
StepE_Enter YW0T2SBD
StepE_Enter DT3A9PA0
StepE_Enter A7M71DIH
StepE_Enter 7BT2FQS5
StepE_Enter FLZGFH9K
StepE_Enter 8F4P6T4F
StepE_Enter 9SKRCMDC
StepE_Enter RIKCP6G0
StepE_Enter 4T2CELA7
StepE_Enter OZ35XP8O
StepE_Enter W67K0XU9
StepE_Enter S0SI1E5X
StepE_Enter 33DVF1QN
StepE_Enter Z9MRABME
StepE_Enter HQVDL213
StepE_Enter P5UXF6FP
2025-04-01 03:15:14,853 - INFO - StepE_Exit 8MS5Z6WQ
StepE_Exit JFGX4ZV1
StepE_Exit YW0T2SBD
StepE_Exit DT3A9PA0
StepE_Exit A7M71DIH
StepE_Exit 7BT2FQS5
StepE_Exit FLZGFH9K
StepE_Exit 8F4P6T4F
StepE_Exit 9SKRCMDC
StepE_Exit RIKCP6G0
StepE_Exit 4T2CELA7
StepE_Exit OZ35XP8O
StepE_Exit W67K0XU9
StepE_Exit S0SI1E5X
StepE_Exit 33DVF1QN
StepE_Exit Z9MRABME
StepE_Exit HQVDL213
StepE_Exit P5UXF6FP
2025-04-01 03:15:14,855 - INFO - StepE_Enter 4KTDZEB5
StepE_Enter DXT91DLP
StepE_Enter 1NXGVE6C
StepE_Enter W50BQ1EC
StepE_Enter PJIUG5ZM
StepE_Enter 5YKWYRFC
StepE_Enter SZKBHKD0
StepE_Enter 8T677XQ4
StepE_Enter SF25OAYM
StepE_Enter 9JQ8SJKS
StepE_Enter KP4BDM3F
StepE_Enter HJR4B9W5
StepE_Enter U25YML5Z
StepE_Enter CFYOOHND
2025-04-01 03:15:15,252 - INFO - StepE_Exit 4KTDZEB5
StepE_Exit DXT91DLP
StepE_Exit 1NXGVE6C
StepE_Exit W50BQ1EC
StepE_Exit PJIUG5ZM
StepE_Exit 5YKWYRFC
StepE_Exit SZKBHKD0
StepE_Exit 8T677XQ4
StepE_Exit SF25OAYM
StepE_Exit 9JQ8SJKS
StepE_Exit KP4BDM3F
StepE_Exit HJR4B9W5
StepE_Exit U25YML5Z
StepE_Exit CFYOOHND
2025-04-01 03:15:15,254 - INFO - StepE_Enter WMLNUJ6J
StepE_Enter F2N2BYM4
StepE_Enter AZZ09HO2
StepE_Enter LOUJGUT6
StepE_Enter B9SKASRG
StepE_Enter CK5O20DN
StepE_Enter UFYIFRLF
StepE_Enter S4A7NQVR
StepE_Enter 2K98WJZP
StepE_Enter BOOPEJFE
StepE_Enter SRATV7K1
StepE_Enter 3CVFKGQQ
StepE_Enter AXEVLURC
StepE_Enter 3YMIL9Z0
StepE_Enter RYI4MHYI
StepE_Enter E9FQCLP2
StepE_Enter 5WU5VOPZ
StepE_Enter GFA95SYK
2025-04-01 03:15:15,720 - INFO - StepE_Exit WMLNUJ6J
StepE_Exit F2N2BYM4
StepE_Exit AZZ09HO2
StepE_Exit LOUJGUT6
StepE_Exit B9SKASRG
StepE_Exit CK5O20DN
StepE_Exit UFYIFRLF
StepE_Exit S4A7NQVR
StepE_Exit 2K98WJZP
StepE_Exit BOOPEJFE
StepE_Exit SRATV7K1
StepE_Exit 3CVFKGQQ
StepE_Exit AXEVLURC
StepE_Exit 3YMIL9Z0
StepE_Exit RYI4MHYI
StepE_Exit E9FQCLP2
StepE_Exit 5WU5VOPZ
StepE_Exit GFA95SYK
2025-04-01 03:15:15,722 - INFO - StepE_Enter 926TO6TS
StepE_Enter YLTCPGG4
StepE_Enter VQLJ7A1B
StepE_Enter V3GKPSY6
StepE_Enter SR117WWB
StepE_Enter XMGW5N8A
StepE_Enter SKRUM4PN
StepE_Enter O79YANXG
StepE_Enter YHZ0R101
StepE_Enter N9N5R9VN
StepE_Enter X2ZSXU6A
StepE_Enter HPRWFQW9
StepE_Enter 0E31FK1I
StepE_Enter 5RUHYIFP
2025-04-01 03:15:16,072 - INFO - StepE_Exit 926TO6TS
StepE_Exit YLTCPGG4
StepE_Exit VQLJ7A1B
StepE_Exit V3GKPSY6
StepE_Exit SR117WWB
StepE_Exit XMGW5N8A
StepE_Exit SKRUM4PN
StepE_Exit O79YANXG
StepE_Exit YHZ0R101
StepE_Exit N9N5R9VN
StepE_Exit X2ZSXU6A
StepE_Exit HPRWFQW9
StepE_Exit 0E31FK1I
StepE_Exit 5RUHYIFP
2025-04-01 03:15:16,074 - INFO - StepE_Enter 082K41H9
StepE_Enter NVMYCAYF
StepE_Enter CILKABN3
StepE_Enter ECKWIVKB
StepE_Enter IKK49RJN
StepE_Enter 6JYQH1XA
StepE_Enter K44K20SV
StepE_Enter U4MBMSZQ
StepE_Enter S5C9P0C0
StepE_Enter I165Q33C
StepE_Enter QCT4YYXY
StepE_Enter 40NZB0EH
StepE_Enter 9LVW6NMW
StepE_Enter EWTWV7C0
StepE_Enter S1NFTYBG
StepE_Enter SDA7YV72
StepE_Enter PV7D2YDY
StepE_Enter NOXPLPBY
2025-04-01 03:15:16,512 - INFO - StepE_Exit 082K41H9
StepE_Exit NVMYCAYF
StepE_Exit CILKABN3
StepE_Exit ECKWIVKB
StepE_Exit IKK49RJN
StepE_Exit 6JYQH1XA
StepE_Exit K44K20SV
StepE_Exit U4MBMSZQ
StepE_Exit S5C9P0C0
StepE_Exit I165Q33C
StepE_Exit QCT4YYXY
StepE_Exit 40NZB0EH
StepE_Exit 9LVW6NMW
StepE_Exit EWTWV7C0
StepE_Exit S1NFTYBG
StepE_Exit SDA7YV72
StepE_Exit PV7D2YDY
StepE_Exit NOXPLPBY
2025-04-01 03:15:16,514 - INFO - StepE_Enter MMT55R0Z
StepE_Enter L5S594DV
StepE_Enter OGUYUOQ3
StepE_Enter 4H25DZZM
StepE_Enter AU55TN4L
StepE_Enter MHN0N2VM
StepE_Enter YDTBKQBZ
StepE_Enter UMC4H6GY
StepE_Enter QWT2Y5HT
StepE_Enter F6757LWU
StepE_Enter 0O5WBC82
StepE_Enter 3OKQVRMR
StepE_Enter 544DT9XP
StepE_Enter 4U8N85XS
2025-04-01 03:15:16,856 - INFO - StepE_Exit MMT55R0Z
StepE_Exit L5S594DV
StepE_Exit OGUYUOQ3
StepE_Exit 4H25DZZM
StepE_Exit AU55TN4L
StepE_Exit MHN0N2VM
StepE_Exit YDTBKQBZ
StepE_Exit UMC4H6GY
StepE_Exit QWT2Y5HT
StepE_Exit F6757LWU
StepE_Exit 0O5WBC82
StepE_Exit 3OKQVRMR
StepE_Exit 544DT9XP
StepE_Exit 4U8N85XS
2025-04-01 03:15:16,857 - INFO - StepE_Enter QTKMW34U
StepE_Enter O4KCJW7Z
StepE_Enter CL7CV59E
StepE_Enter TQOIU13S
StepE_Enter 5EZ1WURT
StepE_Enter 2LZ3M1TE
StepE_Enter 0J8SSOGW
StepE_Enter NLIAYZ17
StepE_Enter 426O8PCI
StepE_Enter 75XIL1J1
StepE_Enter L63YA005
StepE_Enter DA1SS63E
StepE_Enter 5VF7A0EM
StepE_Enter TP6OMFEO
StepE_Enter GVO6VWZD
StepE_Enter KCTHAIC6
StepE_Enter NZ1Q9TPO
StepE_Enter LD1JN9FY
2025-04-01 03:15:17,282 - INFO - StepE_Exit QTKMW34U
StepE_Exit O4KCJW7Z
StepE_Exit CL7CV59E
StepE_Exit TQOIU13S
StepE_Exit 5EZ1WURT
StepE_Exit 2LZ3M1TE
StepE_Exit 0J8SSOGW
StepE_Exit NLIAYZ17
StepE_Exit 426O8PCI
StepE_Exit 75XIL1J1
StepE_Exit L63YA005
StepE_Exit DA1SS63E
StepE_Exit 5VF7A0EM
StepE_Exit TP6OMFEO
StepE_Exit GVO6VWZD
StepE_Exit KCTHAIC6
StepE_Exit NZ1Q9TPO
StepE_Exit LD1JN9FY
2025-04-01 03:15:17,284 - INFO - StepE_Enter T7FHSA1W
StepE_Enter FNPRE36H
StepE_Enter JK4XLYHL
StepE_Enter 8OXK3SVX
StepE_Enter K6X9B5P8
StepE_Enter OVYNQR8Y
StepE_Enter SM9DG8LS
StepE_Enter 1WUUC9HH
StepE_Enter N5MG0LN9
StepE_Enter GY6J2L84
StepE_Enter 2BZWJ04U
StepE_Enter U0AS15H4
StepE_Enter 5C7QDT2N
StepE_Enter 652WVA3L
2025-04-01 03:15:17,618 - INFO - StepE_Exit T7FHSA1W
StepE_Exit FNPRE36H
StepE_Exit JK4XLYHL
StepE_Exit 8OXK3SVX
StepE_Exit K6X9B5P8
StepE_Exit OVYNQR8Y
StepE_Exit SM9DG8LS
StepE_Exit 1WUUC9HH
StepE_Exit N5MG0LN9
StepE_Exit GY6J2L84
StepE_Exit 2BZWJ04U
StepE_Exit U0AS15H4
StepE_Exit 5C7QDT2N
StepE_Exit 652WVA3L
2025-04-01 03:15:17,620 - INFO - StepE_Enter ZLEDBJ3O
StepE_Enter 4821272F
StepE_Enter CAZ5HDVR
StepE_Enter 86W448R1
StepE_Enter NCKNV1G3
StepE_Enter 0HZFCUMR
StepE_Enter AK7IQO54
StepE_Enter EWX91B52
StepE_Enter KO8AGOSG
StepE_Enter QVAFDXT6
StepE_Enter EA3D7BUB
StepE_Enter 31HF7JTT
StepE_Enter FAT5GMS3
StepE_Enter XUM8E4JO
StepE_Enter LX73UUFT
StepE_Enter GFHE57Y1
StepE_Enter JEP7LYOW
StepE_Enter L1AZHMWH
2025-04-01 03:15:18,059 - INFO - StepE_Exit ZLEDBJ3O
StepE_Exit 4821272F
StepE_Exit CAZ5HDVR
StepE_Exit 86W448R1
StepE_Exit NCKNV1G3
StepE_Exit 0HZFCUMR
StepE_Exit AK7IQO54
StepE_Exit EWX91B52
StepE_Exit KO8AGOSG
StepE_Exit QVAFDXT6
StepE_Exit EA3D7BUB
StepE_Exit 31HF7JTT
StepE_Exit FAT5GMS3
StepE_Exit XUM8E4JO
StepE_Exit LX73UUFT
StepE_Exit GFHE57Y1
StepE_Exit JEP7LYOW
StepE_Exit L1AZHMWH
2025-04-01 03:15:18,060 - INFO - StepE_Enter PRV9HGR6
StepE_Enter TQWGO94N
StepE_Enter 0U6B52EB
StepE_Enter Q585UJCO
StepE_Enter I78QA5IU
StepE_Enter C8O0SG2S
StepE_Enter FOGGL7U7
StepE_Enter QAKA423T
StepE_Enter OGW4PRL5
StepE_Enter QP0CJASF
StepE_Enter JU0LRBTZ
StepE_Enter GWHVRIP0
StepE_Enter W15LJUFX
StepE_Enter QECF30OK
2025-04-01 03:15:18,402 - INFO - StepE_Exit PRV9HGR6
StepE_Exit TQWGO94N
StepE_Exit 0U6B52EB
StepE_Exit Q585UJCO
StepE_Exit I78QA5IU
StepE_Exit C8O0SG2S
StepE_Exit FOGGL7U7
StepE_Exit QAKA423T
StepE_Exit OGW4PRL5
StepE_Exit QP0CJASF
StepE_Exit JU0LRBTZ
StepE_Exit GWHVRIP0
StepE_Exit W15LJUFX
StepE_Exit QECF30OK
2025-04-01 03:15:18,403 - INFO - StepE_Enter FQCXS25C
StepE_Enter YL8OCQE3
StepE_Enter OPZT5GVM
StepE_Enter YUSL1QG8
StepE_Enter OUB6ASK3
2025-04-01 03:15:18,533 - INFO - StepE_Exit FQCXS25C
StepE_Exit YL8OCQE3
StepE_Exit OPZT5GVM
StepE_Exit YUSL1QG8
StepE_Exit OUB6ASK3
2025-04-01 03:15:18,549 - INFO - StepE_Enter 0W5AWYYX
2025-04-01 03:15:18,579 - INFO - StepE_Exit 0W5AWYYX
2025-04-01 03:15:18,614 - INFO - StepE_Enter BCBWM0L2
2025-04-01 03:15:18,644 - INFO - StepE_Exit BCBWM0L2
2025-04-01 03:15:18,816 - INFO - StepE_Enter IZALWP22
2025-04-01 03:15:18,845 - INFO - StepE_Exit IZALWP22
2025-04-01 03:15:18,856 - INFO - StepE_Enter YWP5KJTT
2025-04-01 03:15:18,885 - INFO - StepE_Exit YWP5KJTT
2025-04-01 03:15:18,888 - INFO - StepE_Enter RYL4Z3IQ
StepE_Enter X0WDYB2R
StepE_Enter KA553ZAJ
2025-04-01 03:15:18,958 - INFO - StepE_Exit RYL4Z3IQ
StepE_Exit X0WDYB2R
StepE_Exit KA553ZAJ
2025-04-01 03:15:18,959 - INFO - StepE_Enter OLBJ7D7Q
StepE_Enter CUJCDMN6
2025-04-01 03:15:19,010 - INFO - StepE_Exit OLBJ7D7Q
StepE_Exit CUJCDMN6
