2025-04-01 02:36:16,090 - INFO - Ingress_Enter ZXEHQW7E
2025-04-01 02:36:16,183 - INFO - Ingress_Enter CDZX0TUM
2025-04-01 02:36:16,675 - INFO - Ingress_Enter 1BREQB25
2025-04-01 02:36:16,801 - INFO - Ingress_Enter QGVN6TE3
2025-04-01 02:36:16,912 - INFO - Ingress_Enter 14DTCMXS
2025-04-01 02:36:17,120 - INFO - Ingress_Exit 1BREQB25
2025-04-01 02:36:17,244 - INFO - Ingress_Exit ZXEHQW7E
2025-04-01 02:36:17,265 - INFO - Ingress_Enter WKODB3JS
2025-04-01 02:36:17,274 - INFO - Ingress_Enter NG5GMYIX
2025-04-01 02:36:17,320 - INFO - Ingress_Enter 3ZQUKKI7
2025-04-01 02:36:17,393 - INFO - Ingress_Exit 14DTCMXS
2025-04-01 02:36:17,532 - INFO - Ingress_Exit CDZX0TUM
2025-04-01 02:36:17,540 - INFO - Ingress_Exit QGVN6TE3
2025-04-01 02:36:17,621 - INFO - Ingress_Exit NG5GMYIX
2025-04-01 02:36:17,632 - INFO - Ingress_Exit 3ZQUKKI7
2025-04-01 02:36:17,666 - INFO - Ingress_Enter 28EVV6EF
2025-04-01 02:36:17,753 - INFO - Ingress_Enter DCWGRN2V
2025-04-01 02:36:17,820 - INFO - Ingress_Exit WKODB3JS
2025-04-01 02:36:17,892 - INFO - Ingress_Enter 41EIKJ4Q
2025-04-01 02:36:17,948 - INFO - Ingress_Exit 28EVV6EF
2025-04-01 02:36:18,037 - INFO - Ingress_Exit DCWGRN2V
2025-04-01 02:36:18,053 - INFO - Ingress_Exit 41EIKJ4Q
2025-04-01 02:36:18,314 - INFO - Ingress_Enter CZYYLIYJ
2025-04-01 02:36:18,337 - INFO - Ingress_Enter T7DL6EZ1
2025-04-01 02:36:18,359 - INFO - Ingress_Enter Q9SUQISC
2025-04-01 02:36:18,522 - INFO - Ingress_Exit Q9SUQISC
2025-04-01 02:36:18,672 - INFO - Ingress_Exit T7DL6EZ1
2025-04-01 02:36:18,687 - INFO - Ingress_Exit CZYYLIYJ
2025-04-01 02:36:18,818 - INFO - Ingress_Enter Z3INC7T7
2025-04-01 02:36:18,958 - INFO - Ingress_Enter G4INTY9H
2025-04-01 02:36:18,960 - INFO - Ingress_Exit Z3INC7T7
2025-04-01 02:36:19,083 - INFO - Ingress_Enter 63YKN25E
2025-04-01 02:36:19,146 - INFO - Ingress_Exit G4INTY9H
2025-04-01 02:36:19,215 - INFO - Ingress_Enter DPWNEO60
2025-04-01 02:36:19,234 - INFO - Ingress_Exit 63YKN25E
2025-04-01 02:36:19,343 - INFO - Ingress_Exit DPWNEO60
2025-04-01 02:36:19,345 - INFO - Ingress_Enter AYV5WK3J
2025-04-01 02:36:19,377 - INFO - Ingress_Enter YOZGO9HF
2025-04-01 02:36:19,562 - INFO - Ingress_Exit AYV5WK3J
2025-04-01 02:36:19,579 - INFO - Ingress_Enter P1N1RNZN
2025-04-01 02:36:19,612 - INFO - Ingress_Enter KVX2M9E0
2025-04-01 02:36:19,665 - INFO - Ingress_Exit YOZGO9HF
2025-04-01 02:36:19,667 - INFO - Ingress_Enter EZX2A23M
2025-04-01 02:36:19,718 - INFO - Ingress_Exit P1N1RNZN
2025-04-01 02:36:19,772 - INFO - Ingress_Exit EZX2A23M
2025-04-01 02:36:19,849 - INFO - Ingress_Exit KVX2M9E0
2025-04-01 02:36:20,115 - INFO - Ingress_Enter SA5QNUYC
2025-04-01 02:36:20,124 - INFO - Ingress_Enter QB6PF1A5
2025-04-01 02:36:20,203 - INFO - Ingress_Enter T6TQA33X
2025-04-01 02:36:20,288 - INFO - Ingress_Enter 1ZVM3TS3
2025-04-01 02:36:20,295 - INFO - Ingress_Exit SA5QNUYC
2025-04-01 02:36:20,408 - INFO - Ingress_Exit QB6PF1A5
2025-04-01 02:36:20,427 - INFO - Ingress_Exit T6TQA33X
2025-04-01 02:36:20,503 - INFO - Ingress_Exit 1ZVM3TS3
2025-04-01 02:36:20,513 - INFO - Ingress_Enter TJC2D4D8
2025-04-01 02:36:20,665 - INFO - Ingress_Exit TJC2D4D8
2025-04-01 02:36:20,741 - INFO - Ingress_Enter K6ZGB3N9
2025-04-01 02:36:20,842 - INFO - Ingress_Enter 95AJ4G1Q
2025-04-01 02:36:20,977 - INFO - Ingress_Exit K6ZGB3N9
2025-04-01 02:36:21,008 - INFO - Ingress_Exit 95AJ4G1Q
2025-04-01 02:36:21,210 - INFO - Ingress_Enter UBH82SXW
2025-04-01 02:36:21,418 - INFO - Ingress_Exit UBH82SXW
2025-04-01 02:36:21,431 - INFO - Ingress_Enter D3H3PWEQ
2025-04-01 02:36:21,540 - INFO - Ingress_Enter EKOGVWNU
2025-04-01 02:36:21,625 - INFO - Ingress_Exit D3H3PWEQ
2025-04-01 02:36:21,630 - INFO - Ingress_Exit EKOGVWNU
2025-04-01 02:36:21,729 - INFO - Ingress_Enter 14Y1LM8T
2025-04-01 02:36:21,830 - INFO - Ingress_Enter LCWH7318
2025-04-01 02:36:21,839 - INFO - Ingress_Enter YTS7GJAY
2025-04-01 02:36:21,845 - INFO - Ingress_Exit 14Y1LM8T
2025-04-01 02:36:21,979 - INFO - Ingress_Enter 3KQEYEM2
2025-04-01 02:36:22,011 - INFO - Ingress_Exit LCWH7318
2025-04-01 02:36:22,038 - INFO - Ingress_Exit YTS7GJAY
2025-04-01 02:36:22,225 - INFO - Ingress_Exit 3KQEYEM2
2025-04-01 02:36:22,236 - INFO - Ingress_Enter H6TFNAFB
2025-04-01 02:36:22,244 - INFO - Ingress_Enter PV1LL6C1
2025-04-01 02:36:22,276 - INFO - Ingress_Enter 38XZA4OD
2025-04-01 02:36:22,316 - INFO - Ingress_Enter IK43NDAF
2025-04-01 02:36:22,474 - INFO - Ingress_Exit PV1LL6C1
2025-04-01 02:36:22,528 - INFO - Ingress_Enter M936OEZ5
2025-04-01 02:36:22,529 - INFO - Ingress_Exit H6TFNAFB
2025-04-01 02:36:22,530 - INFO - Ingress_Exit 38XZA4OD
2025-04-01 02:36:22,597 - INFO - Ingress_Exit IK43NDAF
2025-04-01 02:36:22,674 - INFO - Ingress_Exit M936OEZ5
2025-04-01 02:36:22,707 - INFO - Ingress_Enter DDHS2K5B
2025-04-01 02:36:22,754 - INFO - Ingress_Enter 3BYE1A4D
2025-04-01 02:36:22,898 - INFO - Ingress_Exit DDHS2K5B
2025-04-01 02:36:22,971 - INFO - Ingress_Enter LMRK28BA
2025-04-01 02:36:23,128 - INFO - Ingress_Enter OE83PD26
2025-04-01 02:36:23,174 - INFO - Ingress_Exit LMRK28BA
2025-04-01 02:36:23,189 - INFO - Ingress_Exit 3BYE1A4D
2025-04-01 02:36:23,260 - INFO - Ingress_Enter OL1SNMBV
2025-04-01 02:36:23,338 - INFO - Ingress_Exit OE83PD26
2025-04-01 02:36:23,362 - INFO - Ingress_Enter 7KS1AZ84
2025-04-01 02:36:23,440 - INFO - Ingress_Enter JVYFNNBB
2025-04-01 02:36:23,464 - INFO - Ingress_Exit OL1SNMBV
2025-04-01 02:36:23,489 - INFO - Ingress_Exit 7KS1AZ84
2025-04-01 02:36:23,496 - INFO - Ingress_Enter SFONOIEZ
2025-04-01 02:36:23,511 - INFO - Ingress_Enter N2XXAGAL
2025-04-01 02:36:23,533 - INFO - Ingress_Enter 8HOJ0QE1
2025-04-01 02:36:23,541 - INFO - Ingress_Exit JVYFNNBB
2025-04-01 02:36:23,641 - INFO - Ingress_Exit N2XXAGAL
2025-04-01 02:36:23,643 - INFO - Ingress_Exit 8HOJ0QE1
2025-04-01 02:36:23,723 - INFO - Ingress_Exit SFONOIEZ
2025-04-01 02:36:24,720 - INFO - Ingress_Enter XUX9I127
2025-04-01 02:36:24,743 - INFO - Ingress_Enter 37K0FRTH
2025-04-01 02:36:24,867 - INFO - Ingress_Exit XUX9I127
2025-04-01 02:36:24,911 - INFO - Ingress_Exit 37K0FRTH
2025-04-01 02:36:25,094 - INFO - Ingress_Enter Y3VCWH7P
2025-04-01 02:36:25,154 - INFO - Ingress_Enter SX5X5HZT
2025-04-01 02:36:25,221 - INFO - Ingress_Exit Y3VCWH7P
2025-04-01 02:36:25,287 - INFO - Ingress_Exit SX5X5HZT
2025-04-01 02:36:25,294 - INFO - Ingress_Enter YCLS6MFZ
2025-04-01 02:36:25,393 - INFO - Ingress_Exit YCLS6MFZ
2025-04-01 02:36:25,459 - INFO - Ingress_Enter NU2JZA8E
2025-04-01 02:36:25,542 - INFO - Ingress_Enter GNHG9NFX
2025-04-01 02:36:25,550 - INFO - Ingress_Enter OMFJSY71
2025-04-01 02:36:25,620 - INFO - Ingress_Exit NU2JZA8E
2025-04-01 02:36:25,690 - INFO - Ingress_Exit GNHG9NFX
2025-04-01 02:36:25,723 - INFO - Ingress_Exit OMFJSY71
2025-04-01 02:36:26,301 - INFO - Ingress_Enter AFV2GTUM
2025-04-01 02:36:26,340 - INFO - Ingress_Enter V351TG80
2025-04-01 02:36:26,435 - INFO - Ingress_Exit AFV2GTUM
2025-04-01 02:36:26,468 - INFO - Ingress_Exit V351TG80
2025-04-01 02:36:26,686 - INFO - Ingress_Enter V42R035J
2025-04-01 02:36:26,740 - INFO - Ingress_Enter NCPEWF1X
2025-04-01 02:36:26,826 - INFO - Ingress_Enter SF6823MY
2025-04-01 02:36:26,888 - INFO - Ingress_Exit V42R035J
2025-04-01 02:36:27,045 - INFO - Ingress_Exit SF6823MY
2025-04-01 02:36:27,050 - INFO - Ingress_Exit NCPEWF1X
2025-04-01 02:36:27,202 - INFO - Ingress_Enter J1ILW1DN
2025-04-01 02:36:27,264 - INFO - Ingress_Enter EXMOO7SL
2025-04-01 02:36:27,467 - INFO - Ingress_Enter 3A9XSV4E
2025-04-01 02:36:27,468 - INFO - Ingress_Exit J1ILW1DN
2025-04-01 02:36:27,548 - INFO - Ingress_Exit EXMOO7SL
2025-04-01 02:36:27,661 - INFO - Ingress_Exit 3A9XSV4E
2025-04-01 02:36:28,617 - INFO - Ingress_Enter 1FFRNBCN
2025-04-01 02:36:28,718 - INFO - Ingress_Exit 1FFRNBCN
2025-04-01 02:36:29,020 - INFO - Ingress_Enter 0BAXYME6
2025-04-01 02:36:29,123 - INFO - Ingress_Exit 0BAXYME6
2025-04-01 02:36:29,161 - INFO - Ingress_Enter 6ST8GW0N
2025-04-01 02:36:29,176 - INFO - Ingress_Enter BTG8UOS9
2025-04-01 02:36:29,278 - INFO - Ingress_Enter DISFG5P8
2025-04-01 02:36:29,302 - INFO - Ingress_Exit BTG8UOS9
2025-04-01 02:36:29,308 - INFO - Ingress_Enter 7W11XTTR
2025-04-01 02:36:29,344 - INFO - Ingress_Exit 6ST8GW0N
2025-04-01 02:36:29,448 - INFO - Ingress_Exit 7W11XTTR
2025-04-01 02:36:29,475 - INFO - Ingress_Exit DISFG5P8
2025-04-01 02:36:29,636 - INFO - Ingress_Enter XNFWZA4P
2025-04-01 02:36:29,650 - INFO - Ingress_Enter QR8429C2
2025-04-01 02:36:29,775 - INFO - Ingress_Enter 7DNISUQF
2025-04-01 02:36:29,859 - INFO - Ingress_Exit XNFWZA4P
2025-04-01 02:36:29,877 - INFO - Ingress_Exit QR8429C2
2025-04-01 02:36:29,882 - INFO - Ingress_Enter NA9R4YU9
2025-04-01 02:36:29,918 - INFO - Ingress_Exit 7DNISUQF
2025-04-01 02:36:29,984 - INFO - Ingress_Enter KOTATD8T
2025-04-01 02:36:30,072 - INFO - Ingress_Enter W31GRSLI
2025-04-01 02:36:30,088 - INFO - Ingress_Exit NA9R4YU9
2025-04-01 02:36:30,159 - INFO - Ingress_Exit KOTATD8T
2025-04-01 02:36:30,237 - INFO - Ingress_Exit W31GRSLI
2025-04-01 02:36:30,709 - INFO - Ingress_Enter Q5UOHMPG
2025-04-01 02:36:30,913 - INFO - Ingress_Exit Q5UOHMPG
2025-04-01 02:36:31,003 - INFO - Ingress_Enter MEL7HWB2
2025-04-01 02:36:31,042 - INFO - Ingress_Enter 5CHGDHNG
2025-04-01 02:36:31,122 - INFO - Ingress_Exit MEL7HWB2
2025-04-01 02:36:31,245 - INFO - Ingress_Exit 5CHGDHNG
2025-04-01 02:36:31,519 - INFO - Ingress_Enter 8B5XRZHL
2025-04-01 02:36:31,611 - INFO - Ingress_Enter Y8CG1EE0
2025-04-01 02:36:31,643 - INFO - Ingress_Exit 8B5XRZHL
2025-04-01 02:36:31,657 - INFO - Ingress_Enter LH2VNCAH
2025-04-01 02:36:31,758 - INFO - Ingress_Enter IYLZSBS4
2025-04-01 02:36:31,823 - INFO - Ingress_Exit LH2VNCAH
2025-04-01 02:36:31,853 - INFO - Ingress_Enter FYO4136Y
2025-04-01 02:36:31,900 - INFO - Ingress_Exit Y8CG1EE0
2025-04-01 02:36:31,972 - INFO - Ingress_Exit IYLZSBS4
2025-04-01 02:36:31,974 - INFO - Ingress_Exit FYO4136Y
2025-04-01 02:36:32,047 - INFO - Ingress_Enter JUKNF8W5
2025-04-01 02:36:32,173 - INFO - Ingress_Enter C812HE9M
2025-04-01 02:36:32,205 - INFO - Ingress_Enter 60V6Y6HP
2025-04-01 02:36:32,215 - INFO - Ingress_Exit JUKNF8W5
2025-04-01 02:36:32,228 - INFO - Ingress_Enter QBTWS17E
2025-04-01 02:36:32,325 - INFO - Ingress_Exit C812HE9M
2025-04-01 02:36:32,424 - INFO - Ingress_Exit 60V6Y6HP
2025-04-01 02:36:32,425 - INFO - Ingress_Exit QBTWS17E
2025-04-01 02:36:32,670 - INFO - Ingress_Enter 2C4UIDJ3
2025-04-01 02:36:32,693 - INFO - Ingress_Enter PEH1KLVE
2025-04-01 02:36:32,739 - INFO - Ingress_Enter XVV904A1
2025-04-01 02:36:32,835 - INFO - Ingress_Exit 2C4UIDJ3
2025-04-01 02:36:32,938 - INFO - Ingress_Exit PEH1KLVE
2025-04-01 02:36:32,939 - INFO - Ingress_Exit XVV904A1
2025-04-01 02:36:32,958 - INFO - Ingress_Enter 57RK5P65
2025-04-01 02:36:33,011 - INFO - Ingress_Enter 6D90UNWP
2025-04-01 02:36:33,110 - INFO - Ingress_Exit 6D90UNWP
2025-04-01 02:36:33,130 - INFO - Ingress_Exit 57RK5P65
2025-04-01 02:36:33,323 - INFO - Ingress_Enter RMB5ZPU4
2025-04-01 02:36:33,408 - INFO - Ingress_Enter I29Q9AVZ
2025-04-01 02:36:33,438 - INFO - Ingress_Enter ND20MLR5
2025-04-01 02:36:33,760 - INFO - Ingress_Enter 2LIRF40B
2025-04-01 02:36:33,926 - INFO - Ingress_Exit RMB5ZPU4
2025-04-01 02:36:33,928 - INFO - Ingress_Exit I29Q9AVZ
2025-04-01 02:36:34,037 - INFO - Ingress_Exit ND20MLR5
2025-04-01 02:36:34,053 - INFO - Ingress_Enter I2AP7OT2
2025-04-01 02:36:34,062 - INFO - Ingress_Enter W82VDE6G
2025-04-01 02:36:34,093 - INFO - Ingress_Enter 4BURM0O5
2025-04-01 02:36:34,212 - INFO - Ingress_Exit W82VDE6G
2025-04-01 02:36:34,214 - INFO - Ingress_Exit 2LIRF40B
2025-04-01 02:36:34,297 - INFO - Ingress_Exit I2AP7OT2
2025-04-01 02:36:34,307 - INFO - Ingress_Exit 4BURM0O5
2025-04-01 02:36:35,142 - INFO - Ingress_Enter DUGMX8QJ
2025-04-01 02:36:35,298 - INFO - Ingress_Enter I1FFF2Y6
2025-04-01 02:36:35,309 - INFO - Ingress_Exit DUGMX8QJ
2025-04-01 02:36:35,368 - INFO - Ingress_Enter UHS5YQSP
2025-04-01 02:36:35,407 - INFO - Ingress_Exit I1FFF2Y6
2025-04-01 02:36:35,446 - INFO - Ingress_Enter 1VI99CXC
2025-04-01 02:36:35,524 - INFO - Ingress_Enter 7RUTIMOT
2025-04-01 02:36:35,627 - INFO - Ingress_Exit UHS5YQSP
2025-04-01 02:36:35,659 - INFO - Ingress_Exit 7RUTIMOT
2025-04-01 02:36:35,730 - INFO - Ingress_Exit 1VI99CXC
2025-04-01 02:36:35,944 - INFO - Ingress_Enter YFQGEHTV
2025-04-01 02:36:35,981 - INFO - Ingress_Enter G8DSX5UN
2025-04-01 02:36:36,059 - INFO - Ingress_Enter VLYFUSU0
2025-04-01 02:36:36,115 - INFO - Ingress_Enter OYLGJVUR
2025-04-01 02:36:36,161 - INFO - Ingress_Exit YFQGEHTV
2025-04-01 02:36:36,242 - INFO - Ingress_Exit G8DSX5UN
2025-04-01 02:36:36,272 - INFO - Ingress_Exit VLYFUSU0
2025-04-01 02:36:36,429 - INFO - Ingress_Enter ITT5YWUG
2025-04-01 02:36:36,443 - INFO - Ingress_Exit OYLGJVUR
2025-04-01 02:36:36,459 - INFO - Ingress_Enter NXW57VI7
2025-04-01 02:36:36,490 - INFO - Ingress_Enter ASXXZF96
2025-04-01 02:36:36,550 - INFO - Ingress_Exit ITT5YWUG
2025-04-01 02:36:36,638 - INFO - Ingress_Exit NXW57VI7
2025-04-01 02:36:36,791 - INFO - Ingress_Exit ASXXZF96
2025-04-01 02:36:36,895 - INFO - Ingress_Enter FSGG7UHH
2025-04-01 02:36:36,918 - INFO - Ingress_Enter 18DN16BI
2025-04-01 02:36:37,034 - INFO - Ingress_Enter 6HOL0O8U
2025-04-01 02:36:37,050 - INFO - Ingress_Exit 18DN16BI
2025-04-01 02:36:37,102 - INFO - Ingress_Exit FSGG7UHH
2025-04-01 02:36:37,288 - INFO - Ingress_Exit 6HOL0O8U
2025-04-01 02:36:37,295 - INFO - Ingress_Enter 8CDVGTMB
2025-04-01 02:36:37,387 - INFO - Ingress_Enter QOAC5X4S
2025-04-01 02:36:37,407 - INFO - Ingress_Exit 8CDVGTMB
2025-04-01 02:36:37,490 - INFO - Ingress_Enter ZVUMB8HT
2025-04-01 02:36:37,614 - INFO - Ingress_Enter ZERZIC4R
2025-04-01 02:36:37,675 - INFO - Ingress_Enter 2F4S2HGQ
2025-04-01 02:36:37,708 - INFO - Ingress_Enter ULNTRS5C
2025-04-01 02:36:37,997 - INFO - Ingress_Exit QOAC5X4S
2025-04-01 02:36:38,032 - INFO - Ingress_Exit ZVUMB8HT
2025-04-01 02:36:38,033 - INFO - Ingress_Exit ULNTRS5C
2025-04-01 02:36:38,168 - INFO - Ingress_Exit ZERZIC4R
2025-04-01 02:36:38,169 - INFO - Ingress_Exit 2F4S2HGQ
2025-04-01 02:36:43,308 - INFO - Ingress_Enter HVRD62MU
2025-04-01 02:36:43,322 - INFO - Ingress_Enter CPIL4GWF
2025-04-01 02:36:43,369 - INFO - Ingress_Enter YY1T6O71
2025-04-01 02:36:43,489 - INFO - Ingress_Exit YY1T6O71
2025-04-01 02:36:43,502 - INFO - Ingress_Enter V932SEQ9
2025-04-01 02:36:43,541 - INFO - Ingress_Exit CPIL4GWF
2025-04-01 02:36:43,573 - INFO - Ingress_Enter AJFYSTKU
2025-04-01 02:36:43,588 - INFO - Ingress_Exit HVRD62MU
2025-04-01 02:36:43,658 - INFO - Ingress_Exit V932SEQ9
2025-04-01 02:36:43,674 - INFO - Ingress_Enter AN6R975U
2025-04-01 02:36:43,783 - INFO - Ingress_Enter XSK51DNO
2025-04-01 02:36:43,808 - INFO - Ingress_Exit AJFYSTKU
2025-04-01 02:36:43,827 - INFO - Ingress_Exit AN6R975U
2025-04-01 02:36:43,911 - INFO - Ingress_Exit XSK51DNO
2025-04-01 02:36:44,105 - INFO - Ingress_Enter 31K63LKY
2025-04-01 02:36:44,322 - INFO - Ingress_Exit 31K63LKY
2025-04-01 02:36:44,379 - INFO - Ingress_Enter IEH1RC36
2025-04-01 02:36:44,400 - INFO - Ingress_Enter 9XBLEVFT
2025-04-01 02:36:44,507 - INFO - Ingress_Exit 9XBLEVFT
2025-04-01 02:36:44,592 - INFO - Ingress_Exit IEH1RC36
2025-04-01 02:36:44,612 - INFO - Ingress_Enter 6NSEFK38
2025-04-01 02:36:44,808 - INFO - Ingress_Exit 6NSEFK38
2025-04-01 02:36:45,011 - INFO - Ingress_Enter MM0I4AP4
2025-04-01 02:36:45,018 - INFO - Ingress_Enter E4A5EUAW
2025-04-01 02:36:45,128 - INFO - Ingress_Enter C259QEOC
2025-04-01 02:36:45,146 - INFO - Ingress_Exit MM0I4AP4
2025-04-01 02:36:45,201 - INFO - Ingress_Exit E4A5EUAW
2025-04-01 02:36:45,321 - INFO - Ingress_Exit C259QEOC
2025-04-01 02:36:45,563 - INFO - Ingress_Enter TYA56Y5C
2025-04-01 02:36:45,649 - INFO - Ingress_Enter XP2HRLKS
2025-04-01 02:36:45,710 - INFO - Ingress_Exit TYA56Y5C
2025-04-01 02:36:45,711 - INFO - Ingress_Enter B60QZQMZ
2025-04-01 02:36:45,819 - INFO - Ingress_Enter VUJCS6HO
2025-04-01 02:36:45,869 - INFO - Ingress_Exit XP2HRLKS
2025-04-01 02:36:45,941 - INFO - Ingress_Exit B60QZQMZ
2025-04-01 02:36:46,000 - INFO - Ingress_Exit VUJCS6HO
2025-04-01 02:36:46,200 - INFO - Ingress_Enter JO2YSDC2
2025-04-01 02:36:46,307 - INFO - Ingress_Exit JO2YSDC2
2025-04-01 02:36:46,645 - INFO - Ingress_Enter TT5GMMSU
2025-04-01 02:36:46,732 - INFO - Ingress_Enter Q73MVMYH
2025-04-01 02:36:46,772 - INFO - Ingress_Exit TT5GMMSU
2025-04-01 02:36:46,895 - INFO - Ingress_Exit Q73MVMYH
2025-04-01 02:36:47,175 - INFO - Ingress_Enter DKIXO7FJ
2025-04-01 02:36:47,191 - INFO - Ingress_Enter Q93JV0G8
2025-04-01 02:36:47,328 - INFO - Ingress_Exit DKIXO7FJ
2025-04-01 02:36:47,347 - INFO - Ingress_Enter 410HULN0
2025-04-01 02:36:47,359 - INFO - Ingress_Exit Q93JV0G8
2025-04-01 02:36:47,464 - INFO - Ingress_Enter 44DE7CI3
2025-04-01 02:36:47,477 - INFO - Ingress_Enter 6ZNN4P1A
2025-04-01 02:36:47,529 - INFO - Ingress_Exit 410HULN0
2025-04-01 02:36:47,595 - INFO - Ingress_Exit 44DE7CI3
2025-04-01 02:36:47,625 - INFO - Ingress_Exit 6ZNN4P1A
2025-04-01 02:36:48,117 - INFO - Ingress_Enter THPQHCII
2025-04-01 02:36:48,221 - INFO - Ingress_Exit THPQHCII
2025-04-01 02:36:48,666 - INFO - Ingress_Enter YVY6TN53
2025-04-01 02:36:48,869 - INFO - Ingress_Enter XDZULLBK
2025-04-01 02:36:48,954 - INFO - Ingress_Exit YVY6TN53
2025-04-01 02:36:49,104 - INFO - Ingress_Exit XDZULLBK
2025-04-01 02:36:49,144 - INFO - Ingress_Enter HSKW83PH
2025-04-01 02:36:49,175 - INFO - Ingress_Enter 4QEDW6Q2
2025-04-01 02:36:49,244 - INFO - Ingress_Exit HSKW83PH
2025-04-01 02:36:49,307 - INFO - Ingress_Enter RA041WD6
2025-04-01 02:36:49,320 - INFO - Ingress_Exit 4QEDW6Q2
2025-04-01 02:36:49,377 - INFO - Ingress_Enter VW3KGFJ8
2025-04-01 02:36:49,386 - INFO - Ingress_Enter VIWLGETL
2025-04-01 02:36:49,416 - INFO - Ingress_Enter 30U8628L
2025-04-01 02:36:49,445 - INFO - Ingress_Exit RA041WD6
2025-04-01 02:36:49,531 - INFO - Ingress_Exit 30U8628L
2025-04-01 02:36:49,560 - INFO - Ingress_Exit VIWLGETL
2025-04-01 02:36:49,563 - INFO - Ingress_Exit VW3KGFJ8
2025-04-01 02:36:49,656 - INFO - Ingress_Enter OR5R4KY4
2025-04-01 02:36:49,760 - INFO - Ingress_Exit OR5R4KY4
2025-04-01 02:36:49,784 - INFO - Ingress_Enter 311H2SED
2025-04-01 02:36:49,831 - INFO - Ingress_Enter 49N9OKED
2025-04-01 02:36:49,941 - INFO - Ingress_Exit 311H2SED
2025-04-01 02:36:49,975 - INFO - Ingress_Exit 49N9OKED
2025-04-01 02:36:50,018 - INFO - Ingress_Enter 8W74Q1RR
2025-04-01 02:36:50,034 - INFO - Ingress_Enter 9GWMVM31
2025-04-01 02:36:50,121 - INFO - Ingress_Exit 8W74Q1RR
2025-04-01 02:36:50,173 - INFO - Ingress_Exit 9GWMVM31
2025-04-01 02:36:50,279 - INFO - Ingress_Enter 0NFAYNN5
2025-04-01 02:36:50,434 - INFO - Ingress_Enter BCA9ZWL4
2025-04-01 02:36:50,456 - INFO - Ingress_Enter T8K0G2S7
2025-04-01 02:36:50,465 - INFO - Ingress_Exit 0NFAYNN5
2025-04-01 02:36:50,599 - INFO - Ingress_Exit BCA9ZWL4
2025-04-01 02:36:50,700 - INFO - Ingress_Enter JL3M37B2
2025-04-01 02:36:50,723 - INFO - Ingress_Enter AZWCH4S4
2025-04-01 02:36:50,748 - INFO - Ingress_Exit T8K0G2S7
2025-04-01 02:36:50,830 - INFO - Ingress_Exit JL3M37B2
2025-04-01 02:36:50,853 - INFO - Ingress_Enter 6MD83R1F
2025-04-01 02:36:50,908 - INFO - Ingress_Exit AZWCH4S4
2025-04-01 02:36:50,986 - INFO - Ingress_Enter O0OA864V
2025-04-01 02:36:51,100 - INFO - Ingress_Exit O0OA864V
2025-04-01 02:36:51,111 - INFO - Ingress_Exit 6MD83R1F
2025-04-01 02:36:51,180 - INFO - Ingress_Enter LK2OOFBP
2025-04-01 02:36:51,265 - INFO - Ingress_Enter 955KVZT2
2025-04-01 02:36:51,377 - INFO - Ingress_Exit LK2OOFBP
2025-04-01 02:36:51,449 - INFO - Ingress_Exit 955KVZT2
2025-04-01 02:36:51,729 - INFO - Ingress_Enter 29ZO1O6Z
2025-04-01 02:36:51,832 - INFO - Ingress_Exit 29ZO1O6Z
2025-04-01 02:36:51,917 - INFO - Ingress_Enter C8M6BCQ7
2025-04-01 02:36:51,940 - INFO - Ingress_Enter S0AXBB8A
2025-04-01 02:36:52,029 - INFO - Ingress_Exit C8M6BCQ7
2025-04-01 02:36:52,063 - INFO - Ingress_Exit S0AXBB8A
2025-04-01 02:36:52,135 - INFO - Ingress_Enter EO6OC9TB
2025-04-01 02:36:52,206 - INFO - Ingress_Enter SD88MHJ2
2025-04-01 02:36:52,213 - INFO - Ingress_Enter YJZY9MO9
2025-04-01 02:36:52,270 - INFO - Ingress_Exit EO6OC9TB
2025-04-01 02:36:52,387 - INFO - Ingress_Exit YJZY9MO9
2025-04-01 02:36:52,437 - INFO - Ingress_Exit SD88MHJ2
2025-04-01 02:36:52,557 - INFO - Ingress_Enter I9W50O6L
2025-04-01 02:36:52,580 - INFO - Ingress_Enter VZR8YNM6
2025-04-01 02:36:52,593 - INFO - Ingress_Enter 57TA476D
2025-04-01 02:36:52,660 - INFO - Ingress_Exit I9W50O6L
2025-04-01 02:36:52,694 - INFO - Ingress_Exit VZR8YNM6
2025-04-01 02:36:52,767 - INFO - Ingress_Exit 57TA476D
2025-04-01 02:36:52,788 - INFO - Ingress_Enter LEC0W5PY
2025-04-01 02:36:52,898 - INFO - Ingress_Enter JBETUNWL
2025-04-01 02:36:52,949 - INFO - Ingress_Exit LEC0W5PY
2025-04-01 02:36:52,967 - INFO - Ingress_Enter EL8PVCG4
2025-04-01 02:36:53,052 - INFO - Ingress_Exit JBETUNWL
2025-04-01 02:36:53,081 - INFO - Ingress_Exit EL8PVCG4
2025-04-01 02:36:53,106 - INFO - Ingress_Enter HRBB1YR1
2025-04-01 02:36:53,257 - INFO - Ingress_Exit HRBB1YR1
2025-04-01 02:36:53,315 - INFO - Ingress_Enter JC1EU3U6
2025-04-01 02:36:53,438 - INFO - Ingress_Enter 36OBS7PE
2025-04-01 02:36:53,486 - INFO - Ingress_Exit JC1EU3U6
2025-04-01 02:36:53,619 - INFO - Ingress_Exit 36OBS7PE
2025-04-01 02:36:53,681 - INFO - Ingress_Enter VZ6J5LR4
2025-04-01 02:36:53,846 - INFO - Ingress_Exit VZ6J5LR4
2025-04-01 02:36:53,852 - INFO - Ingress_Enter TB94BM59
2025-04-01 02:36:53,876 - INFO - Ingress_Enter PPYP8XH4
2025-04-01 02:36:54,014 - INFO - Ingress_Exit TB94BM59
2025-04-01 02:36:54,057 - INFO - Ingress_Exit PPYP8XH4
2025-04-01 02:36:54,092 - INFO - Ingress_Enter 8TM4MV9K
2025-04-01 02:36:54,262 - INFO - Ingress_Exit 8TM4MV9K
2025-04-01 02:36:54,264 - INFO - Ingress_Enter NNK8YMQW
2025-04-01 02:36:54,326 - INFO - Ingress_Enter TB6C94UC
2025-04-01 02:36:54,340 - INFO - Ingress_Enter 3CXXG8OB
2025-04-01 02:36:54,429 - INFO - Ingress_Exit NNK8YMQW
2025-04-01 02:36:54,482 - INFO - Ingress_Exit 3CXXG8OB
2025-04-01 02:36:54,511 - INFO - Ingress_Exit TB6C94UC
2025-04-01 02:36:54,558 - INFO - Ingress_Enter ZPYSGSQG
2025-04-01 02:36:54,709 - INFO - Ingress_Enter 7PS38UNG
2025-04-01 02:36:54,777 - INFO - Ingress_Exit ZPYSGSQG
2025-04-01 02:36:54,824 - INFO - Ingress_Enter BKZI4GIP
2025-04-01 02:36:54,870 - INFO - Ingress_Enter 0Y7PPA4N
2025-04-01 02:36:55,009 - INFO - Ingress_Exit 7PS38UNG
2025-04-01 02:36:55,059 - INFO - Ingress_Exit BKZI4GIP
2025-04-01 02:36:55,088 - INFO - Ingress_Exit 0Y7PPA4N
2025-04-01 02:36:55,113 - INFO - Ingress_Enter 8IRBPDCX
2025-04-01 02:36:55,160 - INFO - Ingress_Enter N422J7JN
2025-04-01 02:36:55,279 - INFO - Ingress_Exit N422J7JN
2025-04-01 02:36:55,290 - INFO - Ingress_Exit 8IRBPDCX
2025-04-01 02:36:55,292 - INFO - Ingress_Enter MXZEWNL1
2025-04-01 02:36:55,555 - INFO - Ingress_Enter WE1FWHFF
2025-04-01 02:36:55,570 - INFO - Ingress_Exit MXZEWNL1
2025-04-01 02:36:55,578 - INFO - Ingress_Enter 7B3XFQ46
2025-04-01 02:36:55,740 - INFO - Ingress_Enter C0GRVPD1
2025-04-01 02:36:55,742 - INFO - Ingress_Exit WE1FWHFF
2025-04-01 02:36:55,749 - INFO - Ingress_Enter 565PULKJ
2025-04-01 02:36:55,750 - INFO - Ingress_Exit 7B3XFQ46
2025-04-01 02:36:55,844 - INFO - Ingress_Exit 565PULKJ
2025-04-01 02:36:55,950 - INFO - Ingress_Exit C0GRVPD1
2025-04-01 02:36:56,030 - INFO - Ingress_Enter 4WH2K7TW
2025-04-01 02:36:56,084 - INFO - Ingress_Enter FM0D4XA5
2025-04-01 02:36:56,197 - INFO - Ingress_Exit 4WH2K7TW
2025-04-01 02:36:56,288 - INFO - Ingress_Exit FM0D4XA5
2025-04-01 02:36:56,302 - INFO - Ingress_Enter HSO7ZWIH
2025-04-01 02:36:56,403 - INFO - Ingress_Enter X14CF44I
2025-04-01 02:36:56,484 - INFO - Ingress_Exit HSO7ZWIH
2025-04-01 02:36:56,521 - INFO - Ingress_Exit X14CF44I
2025-04-01 02:36:56,674 - INFO - Ingress_Enter 2WEQW2GF
2025-04-01 02:36:56,860 - INFO - Ingress_Exit 2WEQW2GF
2025-04-01 02:36:56,986 - INFO - Ingress_Enter V0HFJWZ3
2025-04-01 02:36:57,087 - INFO - Ingress_Enter MKV57BT9
2025-04-01 02:36:57,162 - INFO - Ingress_Exit V0HFJWZ3
2025-04-01 02:36:57,260 - INFO - Ingress_Exit MKV57BT9
2025-04-01 02:36:57,297 - INFO - Ingress_Enter GFXPUQTS
2025-04-01 02:36:57,320 - INFO - Ingress_Enter L9AP0BP8
2025-04-01 02:36:57,505 - INFO - Ingress_Exit GFXPUQTS
2025-04-01 02:36:57,542 - INFO - Ingress_Exit L9AP0BP8
2025-04-01 02:36:57,932 - INFO - Ingress_Enter A56V2BT9
2025-04-01 02:36:57,987 - INFO - Ingress_Enter T1GWHWYW
2025-04-01 02:36:58,086 - INFO - Ingress_Exit A56V2BT9
2025-04-01 02:36:58,157 - INFO - Ingress_Enter SYHFZS7A
2025-04-01 02:36:58,164 - INFO - Ingress_Enter TJ02Q7WP
2025-04-01 02:36:58,188 - INFO - Ingress_Exit T1GWHWYW
2025-04-01 02:36:58,280 - INFO - Ingress_Exit SYHFZS7A
2025-04-01 02:36:58,302 - INFO - Ingress_Exit TJ02Q7WP
2025-04-01 02:36:58,361 - INFO - Ingress_Enter ODKY49TR
2025-04-01 02:36:58,415 - INFO - Ingress_Enter 1YR6JQCN
2025-04-01 02:36:58,422 - INFO - Ingress_Enter JIGG1H3R
2025-04-01 02:36:58,493 - INFO - Ingress_Exit ODKY49TR
2025-04-01 02:36:58,500 - INFO - Ingress_Enter PTVU4TG7
2025-04-01 02:36:58,533 - INFO - Ingress_Exit 1YR6JQCN
2025-04-01 02:36:58,539 - INFO - Ingress_Enter 1GXS9LAL
2025-04-01 02:36:58,548 - INFO - Ingress_Enter SC5OJMIF
2025-04-01 02:36:58,612 - INFO - Ingress_Exit JIGG1H3R
2025-04-01 02:36:58,641 - INFO - Ingress_Exit PTVU4TG7
2025-04-01 02:36:58,661 - INFO - Ingress_Exit SC5OJMIF
2025-04-01 02:36:58,762 - INFO - Ingress_Exit 1GXS9LAL
2025-04-01 02:36:58,821 - INFO - Ingress_Enter KEOHHZ78
2025-04-01 02:36:58,884 - INFO - Ingress_Enter QB78LTPR
2025-04-01 02:36:58,943 - INFO - Ingress_Enter OSDYUSLX
2025-04-01 02:36:59,028 - INFO - Ingress_Exit QB78LTPR
2025-04-01 02:36:59,083 - INFO - Ingress_Exit OSDYUSLX
2025-04-01 02:36:59,099 - INFO - Ingress_Exit KEOHHZ78
2025-04-01 02:36:59,219 - INFO - Ingress_Enter XH8F1TPO
2025-04-01 02:36:59,274 - INFO - Ingress_Enter MA4MP23P
2025-04-01 02:36:59,319 - INFO - Ingress_Exit XH8F1TPO
2025-04-01 02:36:59,369 - INFO - Ingress_Exit MA4MP23P
2025-04-01 02:36:59,493 - INFO - Ingress_Enter MXX6O77T
2025-04-01 02:36:59,620 - INFO - Ingress_Exit MXX6O77T
2025-04-01 02:36:59,680 - INFO - Ingress_Enter 3Z4O5DIR
2025-04-01 02:36:59,813 - INFO - Ingress_Enter UPY2V9QT
2025-04-01 02:36:59,856 - INFO - Ingress_Exit 3Z4O5DIR
2025-04-01 02:36:59,969 - INFO - Ingress_Exit UPY2V9QT
2025-04-01 02:37:00,034 - INFO - Ingress_Enter 4HSOH4UT
2025-04-01 02:37:00,104 - INFO - Ingress_Enter PAG9J5CM
2025-04-01 02:37:00,183 - INFO - Ingress_Exit 4HSOH4UT
2025-04-01 02:37:00,413 - INFO - Ingress_Exit PAG9J5CM
2025-04-01 02:37:00,647 - INFO - Ingress_Enter 8BIRKKTB
2025-04-01 02:37:00,670 - INFO - Ingress_Enter ZPQ1T5PC
2025-04-01 02:37:00,709 - INFO - Ingress_Enter P37444NX
2025-04-01 02:37:00,767 - INFO - Ingress_Exit 8BIRKKTB
2025-04-01 02:37:00,818 - INFO - Ingress_Exit ZPQ1T5PC
2025-04-01 02:37:00,887 - INFO - Ingress_Enter 4YSSTMS3
2025-04-01 02:37:00,969 - INFO - Ingress_Exit P37444NX
2025-04-01 02:37:01,038 - INFO - Ingress_Exit 4YSSTMS3
2025-04-01 02:37:01,113 - INFO - Ingress_Enter 1T5DJRZB
2025-04-01 02:37:01,223 - INFO - Ingress_Exit 1T5DJRZB
2025-04-01 02:37:01,244 - INFO - Ingress_Enter PCU1QJZE
2025-04-01 02:37:01,347 - INFO - Ingress_Exit PCU1QJZE
2025-04-01 02:37:01,417 - INFO - Ingress_Enter FDJM2MQI
2025-04-01 02:37:01,583 - INFO - Ingress_Exit FDJM2MQI
2025-04-01 02:37:01,668 - INFO - Ingress_Enter 38JSFPFN
2025-04-01 02:37:01,715 - INFO - Ingress_Enter WF6JPM6A
2025-04-01 02:37:01,769 - INFO - Ingress_Enter QJ1ZGTYA
2025-04-01 02:37:01,852 - INFO - Ingress_Exit WF6JPM6A
2025-04-01 02:37:01,867 - INFO - Ingress_Exit QJ1ZGTYA
2025-04-01 02:37:01,868 - INFO - Ingress_Exit 38JSFPFN
2025-04-01 02:37:02,174 - INFO - Ingress_Enter MRWPW7YF
2025-04-01 02:37:02,204 - INFO - Ingress_Enter LK4TYZ2T
2025-04-01 02:37:02,306 - INFO - Ingress_Exit LK4TYZ2T
2025-04-01 02:37:02,319 - INFO - Ingress_Exit MRWPW7YF
2025-04-01 02:37:02,485 - INFO - Ingress_Enter OG6BRARI
2025-04-01 02:37:02,493 - INFO - Ingress_Enter 943I4S7E
2025-04-01 02:37:02,680 - INFO - Ingress_Enter SEDSX9EZ
2025-04-01 02:37:02,687 - INFO - Ingress_Exit OG6BRARI
2025-04-01 02:37:02,694 - INFO - Ingress_Exit 943I4S7E
2025-04-01 02:37:02,859 - INFO - Ingress_Exit SEDSX9EZ
