2025-03-31 23:21:27,689 - INFO - Ingress_Enter MUMPSR58
2025-03-31 23:21:28,231 - INFO - Ingress_Enter T27AQ9QS
2025-03-31 23:21:28,282 - INFO - Ingress_Enter PPQJL5QF
2025-03-31 23:21:28,677 - INFO - Ingress_Exit MUMPSR58
2025-03-31 23:21:28,681 - INFO - Ingress_Exit PPQJL5QF
2025-03-31 23:21:28,743 - INFO - Ingress_Exit T27AQ9QS
2025-03-31 23:21:29,528 - INFO - Ingress_Enter CRIU9GW1
2025-03-31 23:21:29,681 - INFO - Ingress_Enter M0NWSKUS
2025-03-31 23:21:29,717 - INFO - Ingress_Exit CRIU9GW1
2025-03-31 23:21:29,786 - INFO - Ingress_Exit M0NWSKUS
2025-03-31 23:21:29,987 - INFO - Ingress_Enter IP83HRRD
2025-03-31 23:21:30,021 - INFO - Ingress_Enter 72AI7QZN
2025-03-31 23:21:30,088 - INFO - Ingress_Exit IP83HRRD
2025-03-31 23:21:30,157 - INFO - Ingress_Enter UCSG28LG
2025-03-31 23:21:30,170 - INFO - Ingress_Exit 72AI7QZN
2025-03-31 23:21:30,275 - INFO - Ingress_Exit UCSG28LG
2025-03-31 23:21:30,513 - INFO - Ingress_Enter 5124XWCE
2025-03-31 23:21:30,547 - INFO - Ingress_Enter D8YDHC0Z
2025-03-31 23:21:30,638 - INFO - Ingress_Exit 5124XWCE
2025-03-31 23:21:30,714 - INFO - Ingress_Exit D8YDHC0Z
2025-03-31 23:21:30,904 - INFO - Ingress_Enter R4JEB84K
2025-03-31 23:21:30,954 - INFO - Ingress_Enter 74ZFNGLC
2025-03-31 23:21:30,988 - INFO - Ingress_Enter HOOIVOI3
2025-03-31 23:21:31,000 - INFO - Ingress_Exit R4JEB84K
2025-03-31 23:21:31,054 - INFO - Ingress_Exit 74ZFNGLC
2025-03-31 23:21:31,114 - INFO - Ingress_Exit HOOIVOI3
2025-03-31 23:21:31,175 - INFO - Ingress_Enter XPAMIDWF
2025-03-31 23:21:31,308 - INFO - Ingress_Exit XPAMIDWF
2025-03-31 23:21:31,411 - INFO - Ingress_Enter JQCP61L1
2025-03-31 23:21:31,512 - INFO - Ingress_Exit JQCP61L1
2025-03-31 23:21:31,614 - INFO - Ingress_Enter WY9BMOMC
2025-03-31 23:21:31,698 - INFO - Ingress_Enter WR47R86K
2025-03-31 23:21:31,751 - INFO - Ingress_Enter QQQCANTT
2025-03-31 23:21:31,810 - INFO - Ingress_Exit WR47R86K
2025-03-31 23:21:31,873 - INFO - Ingress_Exit QQQCANTT
2025-03-31 23:21:32,136 - INFO - Ingress_Exit WY9BMOMC
2025-03-31 23:21:33,434 - INFO - Ingress_Enter KMVPMKET
2025-03-31 23:21:33,467 - INFO - Ingress_Enter 1LSVHC4I
2025-03-31 23:21:33,538 - INFO - Ingress_Exit KMVPMKET
2025-03-31 23:21:33,568 - INFO - Ingress_Exit 1LSVHC4I
2025-03-31 23:21:33,723 - INFO - Ingress_Enter Q7JO1QPS
2025-03-31 23:21:33,772 - INFO - Ingress_Enter SJSR1J4Z
2025-03-31 23:21:33,836 - INFO - Ingress_Exit Q7JO1QPS
2025-03-31 23:21:33,921 - INFO - Ingress_Exit SJSR1J4Z
2025-03-31 23:21:34,148 - INFO - Ingress_Enter W7ZAKHRF
2025-03-31 23:21:34,283 - INFO - Ingress_Enter WNT7XT70
2025-03-31 23:21:34,312 - INFO - Ingress_Exit W7ZAKHRF
2025-03-31 23:21:34,412 - INFO - Ingress_Exit WNT7XT70
2025-03-31 23:21:34,557 - INFO - Ingress_Enter H4C95TGK
2025-03-31 23:21:34,657 - INFO - Ingress_Enter 649K8G1T
2025-03-31 23:21:34,673 - INFO - Ingress_Exit H4C95TGK
2025-03-31 23:21:34,728 - INFO - Ingress_Enter HMXKXOYK
2025-03-31 23:21:34,753 - INFO - Ingress_Exit 649K8G1T
2025-03-31 23:21:34,775 - INFO - Ingress_Enter SXAO5C5C
2025-03-31 23:21:34,826 - INFO - Ingress_Enter USCSJLDB
2025-03-31 23:21:34,861 - INFO - Ingress_Exit HMXKXOYK
2025-03-31 23:21:34,881 - INFO - Ingress_Exit SXAO5C5C
2025-03-31 23:21:34,922 - INFO - Ingress_Exit USCSJLDB
2025-03-31 23:21:35,011 - INFO - Ingress_Enter RNOFGLO6
2025-03-31 23:21:35,151 - INFO - Ingress_Exit RNOFGLO6
2025-03-31 23:21:35,335 - INFO - Ingress_Enter X8FVJXUE
2025-03-31 23:21:35,387 - INFO - Ingress_Enter PEYA262Y
2025-03-31 23:21:35,438 - INFO - Ingress_Exit X8FVJXUE
2025-03-31 23:21:35,489 - INFO - Ingress_Exit PEYA262Y
2025-03-31 23:21:35,694 - INFO - Ingress_Enter YIR58I4H
2025-03-31 23:21:35,778 - INFO - Ingress_Enter 71AP4FJA
2025-03-31 23:21:35,798 - INFO - Ingress_Exit YIR58I4H
2025-03-31 23:21:35,903 - INFO - Ingress_Exit 71AP4FJA
2025-03-31 23:21:35,913 - INFO - Ingress_Enter EORDETUA
2025-03-31 23:21:35,983 - INFO - Ingress_Enter 6L39P40C
2025-03-31 23:21:36,029 - INFO - Ingress_Exit EORDETUA
2025-03-31 23:21:36,033 - INFO - Ingress_Enter NHD93YJC
2025-03-31 23:21:36,087 - INFO - Ingress_Exit 6L39P40C
2025-03-31 23:21:36,132 - INFO - Ingress_Exit NHD93YJC
2025-03-31 23:21:36,135 - INFO - Ingress_Enter NDFNGRKS
2025-03-31 23:21:36,219 - INFO - Ingress_Enter LABP8QQR
2025-03-31 23:21:36,247 - INFO - Ingress_Exit NDFNGRKS
2025-03-31 23:21:36,287 - INFO - Ingress_Enter CBAY6HOG
2025-03-31 23:21:36,394 - INFO - Ingress_Exit LABP8QQR
2025-03-31 23:21:36,431 - INFO - Ingress_Exit CBAY6HOG
2025-03-31 23:21:36,844 - INFO - Ingress_Enter AF0ANWJ2
2025-03-31 23:21:36,940 - INFO - Ingress_Exit AF0ANWJ2
2025-03-31 23:21:37,388 - INFO - Ingress_Enter 6FL544L9
2025-03-31 23:21:37,506 - INFO - Ingress_Enter 3OYQ7607
2025-03-31 23:21:37,521 - INFO - Ingress_Exit 6FL544L9
2025-03-31 23:21:37,676 - INFO - Ingress_Enter RJKRSCTS
2025-03-31 23:21:37,694 - INFO - Ingress_Exit 3OYQ7607
2025-03-31 23:21:37,745 - INFO - Ingress_Enter JNL4QCD0
2025-03-31 23:21:37,822 - INFO - Ingress_Exit RJKRSCTS
2025-03-31 23:21:37,846 - INFO - Ingress_Enter NLX98KOL
2025-03-31 23:21:37,854 - INFO - Ingress_Exit JNL4QCD0
2025-03-31 23:21:37,863 - INFO - Ingress_Enter 0IZ7ECXO
2025-03-31 23:21:37,961 - INFO - Ingress_Exit NLX98KOL
2025-03-31 23:21:38,003 - INFO - Ingress_Exit 0IZ7ECXO
2025-03-31 23:21:38,033 - INFO - Ingress_Enter T7GB7C8K
2025-03-31 23:21:38,118 - INFO - Ingress_Enter X8P7LZY7
2025-03-31 23:21:38,168 - INFO - Ingress_Enter 4WQXDCM0
2025-03-31 23:21:38,191 - INFO - Ingress_Exit T7GB7C8K
2025-03-31 23:21:38,288 - INFO - Ingress_Exit 4WQXDCM0
2025-03-31 23:21:38,321 - INFO - Ingress_Enter HGR51XQ9
2025-03-31 23:21:38,372 - INFO - Ingress_Exit X8P7LZY7
2025-03-31 23:21:38,447 - INFO - Ingress_Exit HGR51XQ9
2025-03-31 23:21:38,541 - INFO - Ingress_Enter JTELS14M
2025-03-31 23:21:38,592 - INFO - Ingress_Enter L8E0RL7S
2025-03-31 23:21:38,688 - INFO - Ingress_Exit L8E0RL7S
2025-03-31 23:21:38,734 - INFO - Ingress_Exit JTELS14M
2025-03-31 23:21:39,304 - INFO - Ingress_Enter YT2TBZQ3
2025-03-31 23:21:39,407 - INFO - Ingress_Exit YT2TBZQ3
2025-03-31 23:21:39,473 - INFO - Ingress_Enter 907N509P
2025-03-31 23:21:39,598 - INFO - Ingress_Exit 907N509P
2025-03-31 23:21:39,967 - INFO - Ingress_Enter 2PUZ51RO
2025-03-31 23:21:40,081 - INFO - Ingress_Exit 2PUZ51RO
2025-03-31 23:21:40,101 - INFO - Ingress_Enter 7OMQSU6A
2025-03-31 23:21:40,222 - INFO - Ingress_Enter 2ZGEPYG8
2025-03-31 23:21:40,246 - INFO - Ingress_Exit 7OMQSU6A
2025-03-31 23:21:40,325 - INFO - Ingress_Exit 2ZGEPYG8
2025-03-31 23:21:40,392 - INFO - Ingress_Enter 64OJ8EPJ
2025-03-31 23:21:40,476 - INFO - Ingress_Enter 2P0QCER9
2025-03-31 23:21:40,521 - INFO - Ingress_Exit 64OJ8EPJ
2025-03-31 23:21:40,604 - INFO - Ingress_Exit 2P0QCER9
2025-03-31 23:21:40,764 - INFO - Ingress_Enter BHJ8QXS9
2025-03-31 23:21:40,859 - INFO - Ingress_Exit BHJ8QXS9
2025-03-31 23:21:40,968 - INFO - Ingress_Enter 4C1S9OSH
2025-03-31 23:21:41,142 - INFO - Ingress_Exit 4C1S9OSH
2025-03-31 23:21:41,382 - INFO - Ingress_Enter HGB1CX3W
2025-03-31 23:21:41,496 - INFO - Ingress_Exit HGB1CX3W
2025-03-31 23:21:41,520 - INFO - Ingress_Enter BMYJWJPP
2025-03-31 23:21:41,616 - INFO - Ingress_Exit BMYJWJPP
2025-03-31 23:21:41,623 - INFO - Ingress_Enter 8BEIQWBA
2025-03-31 23:21:41,690 - INFO - Ingress_Enter JY2ZDI48
2025-03-31 23:21:41,748 - INFO - Ingress_Exit 8BEIQWBA
2025-03-31 23:21:41,758 - INFO - Ingress_Enter AOPXTEVD
2025-03-31 23:21:41,813 - INFO - Ingress_Exit JY2ZDI48
2025-03-31 23:21:41,947 - INFO - Ingress_Exit AOPXTEVD
2025-03-31 23:21:42,030 - INFO - Ingress_Enter 6OGT41Q0
2025-03-31 23:21:42,178 - INFO - Ingress_Exit 6OGT41Q0
2025-03-31 23:21:42,202 - INFO - Ingress_Enter 8ZHM6FEJ
2025-03-31 23:21:42,236 - INFO - Ingress_Enter X378YJLW
2025-03-31 23:21:42,300 - INFO - Ingress_Exit 8ZHM6FEJ
2025-03-31 23:21:42,336 - INFO - Ingress_Enter RGAJRBQU
2025-03-31 23:21:42,368 - INFO - Ingress_Exit X378YJLW
2025-03-31 23:21:42,440 - INFO - Ingress_Exit RGAJRBQU
2025-03-31 23:21:42,557 - INFO - Ingress_Enter NVMSOGA6
2025-03-31 23:21:42,655 - INFO - Ingress_Exit NVMSOGA6
2025-03-31 23:21:42,710 - INFO - Ingress_Enter UPNSLZ10
2025-03-31 23:21:42,806 - INFO - Ingress_Exit UPNSLZ10
2025-03-31 23:21:43,289 - INFO - Ingress_Enter 4IHFNG33
2025-03-31 23:21:43,341 - INFO - Ingress_Enter WAULCQPR
2025-03-31 23:21:43,357 - INFO - Ingress_Enter 4WVV1M21
2025-03-31 23:21:43,384 - INFO - Ingress_Exit 4IHFNG33
2025-03-31 23:21:43,505 - INFO - Ingress_Exit WAULCQPR
2025-03-31 23:21:43,505 - INFO - Ingress_Exit 4WVV1M21
2025-03-31 23:21:45,570 - INFO - Ingress_Enter U8S50BJ5
2025-03-31 23:21:45,680 - INFO - Ingress_Exit U8S50BJ5
2025-03-31 23:21:45,839 - INFO - Ingress_Enter JJHNGI6X
2025-03-31 23:21:45,957 - INFO - Ingress_Exit JJHNGI6X
2025-03-31 23:21:46,740 - INFO - Ingress_Enter AW3KKJLU
2025-03-31 23:21:46,856 - INFO - Ingress_Exit AW3KKJLU
2025-03-31 23:21:46,997 - INFO - Ingress_Enter I6IXQEGK
2025-03-31 23:21:47,013 - INFO - Ingress_Enter 766JSR1C
2025-03-31 23:21:47,122 - INFO - Ingress_Exit 766JSR1C
2025-03-31 23:21:47,131 - INFO - Ingress_Exit I6IXQEGK
2025-03-31 23:21:47,201 - INFO - Ingress_Enter Z8VQKIH9
2025-03-31 23:21:47,269 - INFO - Ingress_Enter QG3N3UVH
2025-03-31 23:21:47,342 - INFO - Ingress_Exit Z8VQKIH9
2025-03-31 23:21:47,397 - INFO - Ingress_Exit QG3N3UVH
2025-03-31 23:21:47,488 - INFO - Ingress_Enter FE0CWKD4
2025-03-31 23:21:47,627 - INFO - Ingress_Exit FE0CWKD4
2025-03-31 23:21:47,777 - INFO - Ingress_Enter 7WXDUGL1
2025-03-31 23:21:47,898 - INFO - Ingress_Enter KNR0HO59
2025-03-31 23:21:47,977 - INFO - Ingress_Exit 7WXDUGL1
2025-03-31 23:21:48,097 - INFO - Ingress_Exit KNR0HO59
2025-03-31 23:21:48,339 - INFO - Ingress_Enter UXEOGRZS
2025-03-31 23:21:48,356 - INFO - Ingress_Enter 45ES6R20
2025-03-31 23:21:48,434 - INFO - Ingress_Exit UXEOGRZS
2025-03-31 23:21:48,467 - INFO - Ingress_Exit 45ES6R20
2025-03-31 23:21:48,729 - INFO - Ingress_Enter U81ZPJ0Z
2025-03-31 23:21:48,746 - INFO - Ingress_Enter LN0EZCJ9
2025-03-31 23:21:48,834 - INFO - Ingress_Exit U81ZPJ0Z
2025-03-31 23:21:48,867 - INFO - Ingress_Exit LN0EZCJ9
2025-03-31 23:21:48,916 - INFO - Ingress_Enter 9W4S14BO
2025-03-31 23:21:49,018 - INFO - Ingress_Exit 9W4S14BO
2025-03-31 23:21:49,036 - INFO - Ingress_Enter SDOXRI6N
2025-03-31 23:21:49,177 - INFO - Ingress_Enter IIRENYVT
2025-03-31 23:21:49,181 - INFO - Ingress_Enter XSH1AQ43
2025-03-31 23:21:49,237 - INFO - Ingress_Exit SDOXRI6N
2025-03-31 23:21:49,329 - INFO - Ingress_Exit XSH1AQ43
2025-03-31 23:21:49,356 - INFO - Ingress_Exit IIRENYVT
2025-03-31 23:21:51,196 - INFO - Ingress_Enter Y6Y2DQEQ
2025-03-31 23:21:51,245 - INFO - Ingress_Enter NW17ZNTZ
2025-03-31 23:21:51,318 - INFO - Ingress_Exit Y6Y2DQEQ
2025-03-31 23:21:51,355 - INFO - Ingress_Exit NW17ZNTZ
2025-03-31 23:21:51,399 - INFO - Ingress_Enter UQAPOSFP
2025-03-31 23:21:51,507 - INFO - Ingress_Exit UQAPOSFP
2025-03-31 23:21:51,865 - INFO - Ingress_Enter 4XHUEM2U
2025-03-31 23:21:51,984 - INFO - Ingress_Enter B5Z5OGK4
2025-03-31 23:21:51,999 - INFO - Ingress_Exit 4XHUEM2U
2025-03-31 23:21:52,086 - INFO - Ingress_Exit B5Z5OGK4
2025-03-31 23:21:52,288 - INFO - Ingress_Enter 0S20FGXS
2025-03-31 23:21:52,357 - INFO - Ingress_Enter OV273393
2025-03-31 23:21:52,457 - INFO - Ingress_Exit OV273393
2025-03-31 23:21:52,459 - INFO - Ingress_Enter XTFWTO3T
2025-03-31 23:21:52,479 - INFO - Ingress_Exit 0S20FGXS
2025-03-31 23:21:52,559 - INFO - Ingress_Enter ZZQ3T1KM
2025-03-31 23:21:52,580 - INFO - Ingress_Exit XTFWTO3T
2025-03-31 23:21:52,668 - INFO - Ingress_Exit ZZQ3T1KM
2025-03-31 23:21:53,276 - INFO - Ingress_Enter DRGIHEYF
2025-03-31 23:21:53,342 - INFO - Ingress_Enter EV0XWUHR
2025-03-31 23:21:53,376 - INFO - Ingress_Enter 95YH5WB9
2025-03-31 23:21:53,437 - INFO - Ingress_Exit DRGIHEYF
2025-03-31 23:21:53,467 - INFO - Ingress_Exit EV0XWUHR
2025-03-31 23:21:53,485 - INFO - Ingress_Exit 95YH5WB9
2025-03-31 23:21:53,683 - INFO - Ingress_Enter TMJ47KPU
2025-03-31 23:21:53,751 - INFO - Ingress_Enter MBVR3LGS
2025-03-31 23:21:53,773 - INFO - Ingress_Exit TMJ47KPU
2025-03-31 23:21:53,872 - INFO - Ingress_Exit MBVR3LGS
2025-03-31 23:21:54,091 - INFO - Ingress_Enter D6U2VH4B
2025-03-31 23:21:54,191 - INFO - Ingress_Enter OZUEXWZR
2025-03-31 23:21:54,208 - INFO - Ingress_Exit D6U2VH4B
2025-03-31 23:21:54,296 - INFO - Ingress_Exit OZUEXWZR
2025-03-31 23:21:54,448 - INFO - Ingress_Enter EZC2NUUH
2025-03-31 23:21:54,567 - INFO - Ingress_Enter 0NFV4B74
2025-03-31 23:21:54,600 - INFO - Ingress_Exit EZC2NUUH
2025-03-31 23:21:54,680 - INFO - Ingress_Exit 0NFV4B74
2025-03-31 23:21:54,753 - INFO - Ingress_Enter 4Y0M0CE7
2025-03-31 23:21:54,863 - INFO - Ingress_Exit 4Y0M0CE7
2025-03-31 23:21:55,075 - INFO - Ingress_Enter G95JFU8V
2025-03-31 23:21:55,092 - INFO - Ingress_Enter HWQVILWA
2025-03-31 23:21:55,109 - INFO - Ingress_Enter ZVZQ5KWZ
2025-03-31 23:21:55,187 - INFO - Ingress_Exit G95JFU8V
2025-03-31 23:21:55,215 - INFO - Ingress_Exit HWQVILWA
2025-03-31 23:21:55,225 - INFO - Ingress_Exit ZVZQ5KWZ
2025-03-31 23:21:55,331 - INFO - Ingress_Enter QCUAO5NJ
2025-03-31 23:21:55,508 - INFO - Ingress_Exit QCUAO5NJ
2025-03-31 23:21:55,553 - INFO - Ingress_Enter X2T6323P
2025-03-31 23:21:55,671 - INFO - Ingress_Exit X2T6323P
2025-03-31 23:21:55,775 - INFO - Ingress_Enter J3J5GPTT
2025-03-31 23:21:55,842 - INFO - Ingress_Enter VF1SQW0H
2025-03-31 23:21:55,873 - INFO - Ingress_Exit J3J5GPTT
2025-03-31 23:21:55,938 - INFO - Ingress_Exit VF1SQW0H
2025-03-31 23:21:56,031 - INFO - Ingress_Enter UBZSNKL0
2025-03-31 23:21:56,081 - INFO - Ingress_Enter BANZ6C8Y
2025-03-31 23:21:56,098 - INFO - Ingress_Enter BWL0XL56
2025-03-31 23:21:56,160 - INFO - Ingress_Exit UBZSNKL0
2025-03-31 23:21:56,193 - INFO - Ingress_Exit BWL0XL56
2025-03-31 23:21:56,221 - INFO - Ingress_Exit BANZ6C8Y
2025-03-31 23:21:56,811 - INFO - Ingress_Enter XCDFUS5E
2025-03-31 23:21:56,911 - INFO - Ingress_Exit XCDFUS5E
2025-03-31 23:21:57,018 - INFO - Ingress_Enter D2L44SUU
2025-03-31 23:21:57,089 - INFO - Ingress_Enter T7RG6W6R
2025-03-31 23:21:57,181 - INFO - Ingress_Exit D2L44SUU
2025-03-31 23:21:57,193 - INFO - Ingress_Exit T7RG6W6R
2025-03-31 23:21:57,632 - INFO - Ingress_Enter DNBSRCI7
2025-03-31 23:21:57,684 - INFO - Ingress_Enter N178PN5V
2025-03-31 23:21:57,796 - INFO - Ingress_Exit DNBSRCI7
2025-03-31 23:21:57,802 - INFO - Ingress_Exit N178PN5V
2025-03-31 23:21:58,160 - INFO - Ingress_Enter M4373NW7
2025-03-31 23:21:58,178 - INFO - Ingress_Enter 0SPK74KB
2025-03-31 23:21:58,286 - INFO - Ingress_Exit M4373NW7
2025-03-31 23:21:58,312 - INFO - Ingress_Enter DLCR6HS3
2025-03-31 23:21:58,319 - INFO - Ingress_Exit 0SPK74KB
2025-03-31 23:21:58,329 - INFO - Ingress_Enter 3O9U21IZ
2025-03-31 23:21:58,464 - INFO - Ingress_Exit DLCR6HS3
2025-03-31 23:21:58,465 - INFO - Ingress_Exit 3O9U21IZ
2025-03-31 23:21:58,500 - INFO - Ingress_Enter KZ43HTG1
2025-03-31 23:21:58,567 - INFO - Ingress_Enter RIJH5UNF
2025-03-31 23:21:58,608 - INFO - Ingress_Exit KZ43HTG1
2025-03-31 23:21:58,691 - INFO - Ingress_Exit RIJH5UNF
2025-03-31 23:21:58,772 - INFO - Ingress_Enter PFWCIEEJ
2025-03-31 23:21:58,874 - INFO - Ingress_Enter EN359V08
2025-03-31 23:21:58,888 - INFO - Ingress_Exit PFWCIEEJ
2025-03-31 23:21:58,978 - INFO - Ingress_Exit EN359V08
2025-03-31 23:21:59,045 - INFO - Ingress_Enter 4L53VX8I
2025-03-31 23:21:59,112 - INFO - Ingress_Enter NN3C3RBJ
2025-03-31 23:21:59,216 - INFO - Ingress_Exit 4L53VX8I
2025-03-31 23:21:59,252 - INFO - Ingress_Exit NN3C3RBJ
2025-03-31 23:21:59,300 - INFO - Ingress_Enter TMRI68M4
2025-03-31 23:21:59,415 - INFO - Ingress_Exit TMRI68M4
2025-03-31 23:21:59,471 - INFO - Ingress_Enter BHK2AA5E
2025-03-31 23:21:59,506 - INFO - Ingress_Enter NC4Z2IV2
2025-03-31 23:21:59,539 - INFO - Ingress_Enter MZ22SKTT
2025-03-31 23:21:59,639 - INFO - Ingress_Exit BHK2AA5E
2025-03-31 23:21:59,641 - INFO - Ingress_Exit NC4Z2IV2
2025-03-31 23:21:59,728 - INFO - Ingress_Exit MZ22SKTT
2025-03-31 23:22:00,015 - INFO - Ingress_Enter D8A3UG31
2025-03-31 23:22:00,049 - INFO - Ingress_Enter 0ZJ65F41
2025-03-31 23:22:00,141 - INFO - Ingress_Exit D8A3UG31
2025-03-31 23:22:00,173 - INFO - Ingress_Exit 0ZJ65F41
2025-03-31 23:22:00,305 - INFO - Ingress_Enter 65HAKKPS
2025-03-31 23:22:00,337 - INFO - Ingress_Enter DU4XH51U
2025-03-31 23:22:00,468 - INFO - Ingress_Exit 65HAKKPS
2025-03-31 23:22:00,468 - INFO - Ingress_Exit DU4XH51U
2025-03-31 23:22:00,544 - INFO - Ingress_Enter 4BJEU07K
2025-03-31 23:22:00,643 - INFO - Ingress_Exit 4BJEU07K
2025-03-31 23:22:01,019 - INFO - Ingress_Enter 3QUH4KUG
2025-03-31 23:22:01,187 - INFO - Ingress_Exit 3QUH4KUG
2025-03-31 23:22:01,256 - INFO - Ingress_Enter BHDJSGBK
2025-03-31 23:22:01,409 - INFO - Ingress_Enter RGT0MSZU
2025-03-31 23:22:01,425 - INFO - Ingress_Enter A9Q90Y4U
2025-03-31 23:22:01,485 - INFO - Ingress_Exit BHDJSGBK
2025-03-31 23:22:01,535 - INFO - Ingress_Exit A9Q90Y4U
2025-03-31 23:22:01,542 - INFO - Ingress_Exit RGT0MSZU
2025-03-31 23:22:02,141 - INFO - Ingress_Enter I4AYVQ2F
2025-03-31 23:22:02,191 - INFO - Ingress_Enter TO5KVI1U
2025-03-31 23:22:02,348 - INFO - Ingress_Exit I4AYVQ2F
2025-03-31 23:22:02,349 - INFO - Ingress_Exit TO5KVI1U
2025-03-31 23:22:03,096 - INFO - Ingress_Enter 4UTIA50X
2025-03-31 23:22:03,197 - INFO - Ingress_Enter 6H34KY2C
2025-03-31 23:22:03,295 - INFO - Ingress_Exit 4UTIA50X
2025-03-31 23:22:03,372 - INFO - Ingress_Exit 6H34KY2C
2025-03-31 23:22:03,384 - INFO - Ingress_Enter 1Y7RW1FZ
2025-03-31 23:22:03,535 - INFO - Ingress_Exit 1Y7RW1FZ
2025-03-31 23:22:03,641 - INFO - Ingress_Enter SFS1NRE2
2025-03-31 23:22:03,760 - INFO - Ingress_Enter US6V3KLG
2025-03-31 23:22:03,793 - INFO - Ingress_Enter 12PYNNT5
2025-03-31 23:22:03,805 - INFO - Ingress_Exit SFS1NRE2
2025-03-31 23:22:03,874 - INFO - Ingress_Exit US6V3KLG
2025-03-31 23:22:03,878 - INFO - Ingress_Enter I6HXUR57
2025-03-31 23:22:03,929 - INFO - Ingress_Enter O7MTF8E8
2025-03-31 23:22:03,953 - INFO - Ingress_Exit 12PYNNT5
2025-03-31 23:22:04,011 - INFO - Ingress_Exit I6HXUR57
2025-03-31 23:22:04,044 - INFO - Ingress_Exit O7MTF8E8
2025-03-31 23:22:05,846 - INFO - Ingress_Enter VYH3A2OD
2025-03-31 23:22:05,879 - INFO - Ingress_Enter B54KCSG9
2025-03-31 23:22:05,951 - INFO - Ingress_Exit VYH3A2OD
2025-03-31 23:22:05,980 - INFO - Ingress_Enter A3RKV1N2
2025-03-31 23:22:06,032 - INFO - Ingress_Enter 2H9JQ1F5
2025-03-31 23:22:06,052 - INFO - Ingress_Exit B54KCSG9
2025-03-31 23:22:06,085 - INFO - Ingress_Exit A3RKV1N2
2025-03-31 23:22:06,174 - INFO - Ingress_Exit 2H9JQ1F5
2025-03-31 23:22:06,692 - INFO - Ingress_Enter Q4SDJ6D8
2025-03-31 23:22:06,775 - INFO - Ingress_Enter VI3LGHH2
2025-03-31 23:22:06,828 - INFO - Ingress_Exit Q4SDJ6D8
2025-03-31 23:22:06,891 - INFO - Ingress_Exit VI3LGHH2
2025-03-31 23:22:06,996 - INFO - Ingress_Enter 7VQPHE80
2025-03-31 23:22:07,118 - INFO - Ingress_Exit 7VQPHE80
2025-03-31 23:22:07,131 - INFO - Ingress_Enter YJGM2BXC
2025-03-31 23:22:07,230 - INFO - Ingress_Exit YJGM2BXC
2025-03-31 23:22:07,249 - INFO - Ingress_Enter WZL94ADR
2025-03-31 23:22:07,302 - INFO - Ingress_Enter O83Q918H
2025-03-31 23:22:07,347 - INFO - Ingress_Exit WZL94ADR
2025-03-31 23:22:07,399 - INFO - Ingress_Exit O83Q918H
2025-03-31 23:22:07,524 - INFO - Ingress_Enter ZC7AVVPL
2025-03-31 23:22:07,654 - INFO - Ingress_Exit ZC7AVVPL
2025-03-31 23:22:07,678 - INFO - Ingress_Enter 6402EAP7
2025-03-31 23:22:07,799 - INFO - Ingress_Exit 6402EAP7
2025-03-31 23:22:07,916 - INFO - Ingress_Enter QOQCBKFN
2025-03-31 23:22:08,033 - INFO - Ingress_Enter WE4XOHNX
2025-03-31 23:22:08,072 - INFO - Ingress_Exit QOQCBKFN
2025-03-31 23:22:08,191 - INFO - Ingress_Exit WE4XOHNX
2025-03-31 23:22:08,305 - INFO - Ingress_Enter 8SPQZM1M
2025-03-31 23:22:08,456 - INFO - Ingress_Enter 5JYQ0EDH
2025-03-31 23:22:08,457 - INFO - Ingress_Exit 8SPQZM1M
2025-03-31 23:22:08,523 - INFO - Ingress_Enter 3E242VIQ
2025-03-31 23:22:08,554 - INFO - Ingress_Exit 5JYQ0EDH
2025-03-31 23:22:08,627 - INFO - Ingress_Exit 3E242VIQ
2025-03-31 23:22:09,671 - INFO - Ingress_Enter NFKFSEXR
2025-03-31 23:22:09,705 - INFO - Ingress_Enter J6U8JRVR
2025-03-31 23:22:09,781 - INFO - Ingress_Exit NFKFSEXR
2025-03-31 23:22:09,817 - INFO - Ingress_Exit J6U8JRVR
2025-03-31 23:22:09,893 - INFO - Ingress_Enter FR1YAFNJ
2025-03-31 23:22:10,034 - INFO - Ingress_Exit FR1YAFNJ
2025-03-31 23:22:10,098 - INFO - Ingress_Enter 02KPL81H
2025-03-31 23:22:10,115 - INFO - Ingress_Enter KFCSP924
2025-03-31 23:22:10,259 - INFO - Ingress_Exit 02KPL81H
2025-03-31 23:22:10,261 - INFO - Ingress_Exit KFCSP924
2025-03-31 23:22:10,421 - INFO - Ingress_Enter L5IVI500
2025-03-31 23:22:10,518 - INFO - Ingress_Exit L5IVI500
2025-03-31 23:22:10,592 - INFO - Ingress_Enter JFQ2YVUK
2025-03-31 23:22:10,692 - INFO - Ingress_Exit JFQ2YVUK
2025-03-31 23:22:10,746 - INFO - Ingress_Enter XVS3OUYG
2025-03-31 23:22:10,799 - INFO - Ingress_Enter 8CT99ACC
2025-03-31 23:22:10,867 - INFO - Ingress_Enter 5GR79B9S
2025-03-31 23:22:10,881 - INFO - Ingress_Exit XVS3OUYG
2025-03-31 23:22:10,897 - INFO - Ingress_Exit 8CT99ACC
2025-03-31 23:22:11,036 - INFO - Ingress_Exit 5GR79B9S
2025-03-31 23:22:11,377 - INFO - Ingress_Enter M380IECQ
2025-03-31 23:22:11,478 - INFO - Ingress_Exit M380IECQ
2025-03-31 23:22:11,514 - INFO - Ingress_Enter E6DNC556
2025-03-31 23:22:11,548 - INFO - Ingress_Enter 47V4P6M8
2025-03-31 23:22:11,650 - INFO - Ingress_Enter 96QE7YNS
2025-03-31 23:22:11,672 - INFO - Ingress_Exit E6DNC556
2025-03-31 23:22:11,760 - INFO - Ingress_Exit 47V4P6M8
2025-03-31 23:22:11,803 - INFO - Ingress_Exit 96QE7YNS
2025-03-31 23:22:12,142 - INFO - Ingress_Enter U0KBYRK4
2025-03-31 23:22:12,239 - INFO - Ingress_Exit U0KBYRK4
2025-03-31 23:22:12,262 - INFO - Ingress_Enter YKH8TSSR
2025-03-31 23:22:12,390 - INFO - Ingress_Exit YKH8TSSR
2025-03-31 23:22:12,449 - INFO - Ingress_Enter TNBS5HPR
2025-03-31 23:22:12,466 - INFO - Ingress_Enter TFJLTOPV
2025-03-31 23:22:12,559 - INFO - Ingress_Exit TNBS5HPR
2025-03-31 23:22:12,584 - INFO - Ingress_Enter ZD8CUM4J
2025-03-31 23:22:12,589 - INFO - Ingress_Exit TFJLTOPV
2025-03-31 23:22:12,617 - INFO - Ingress_Enter OL8WDO72
2025-03-31 23:22:12,704 - INFO - Ingress_Exit ZD8CUM4J
2025-03-31 23:22:12,738 - INFO - Ingress_Exit OL8WDO72
2025-03-31 23:22:12,871 - INFO - Ingress_Enter 98R86XHF
2025-03-31 23:22:12,939 - INFO - Ingress_Enter 8E4V9FS9
2025-03-31 23:22:12,989 - INFO - Ingress_Enter 0Q73NTB5
2025-03-31 23:22:13,024 - INFO - Ingress_Enter 4F4HLF8J
2025-03-31 23:22:13,039 - INFO - Ingress_Exit 98R86XHF
2025-03-31 23:22:13,115 - INFO - Ingress_Exit 4F4HLF8J
2025-03-31 23:22:13,125 - INFO - Ingress_Exit 8E4V9FS9
2025-03-31 23:22:13,183 - INFO - Ingress_Exit 0Q73NTB5
2025-03-31 23:22:13,498 - INFO - Ingress_Enter D7J4D63Q
2025-03-31 23:22:13,584 - INFO - Ingress_Enter NWV0N15Z
2025-03-31 23:22:13,635 - INFO - Ingress_Enter XO0UVXIW
2025-03-31 23:22:13,643 - INFO - Ingress_Exit D7J4D63Q
2025-03-31 23:22:13,686 - INFO - Ingress_Enter ZDT053XD
2025-03-31 23:22:13,691 - INFO - Ingress_Exit NWV0N15Z
2025-03-31 23:22:13,779 - INFO - Ingress_Exit ZDT053XD
2025-03-31 23:22:13,799 - INFO - Ingress_Exit XO0UVXIW
2025-03-31 23:22:13,890 - INFO - Ingress_Enter MN59TCEH
2025-03-31 23:22:14,030 - INFO - Ingress_Exit MN59TCEH
2025-03-31 23:22:14,179 - INFO - Ingress_Enter DELME5CL
2025-03-31 23:22:14,299 - INFO - Ingress_Enter FR4Z9QIY
2025-03-31 23:22:14,333 - INFO - Ingress_Enter 0NITXYK5
2025-03-31 23:22:14,349 - INFO - Ingress_Enter BKUIF6BK
2025-03-31 23:22:14,413 - INFO - Ingress_Exit FR4Z9QIY
2025-03-31 23:22:14,450 - INFO - Ingress_Exit 0NITXYK5
2025-03-31 23:22:14,469 - INFO - Ingress_Exit DELME5CL
2025-03-31 23:22:14,502 - INFO - Ingress_Enter 5CH25KDP
2025-03-31 23:22:14,503 - INFO - Ingress_Exit BKUIF6BK
2025-03-31 23:22:14,518 - INFO - Ingress_Enter XEUF4ZR3
2025-03-31 23:22:14,554 - INFO - Ingress_Enter N7BC5L43
2025-03-31 23:22:14,614 - INFO - Ingress_Exit XEUF4ZR3
2025-03-31 23:22:14,638 - INFO - Ingress_Enter AAT9W4FS
2025-03-31 23:22:14,649 - INFO - Ingress_Exit N7BC5L43
2025-03-31 23:22:14,680 - INFO - Ingress_Exit 5CH25KDP
2025-03-31 23:22:14,723 - INFO - Ingress_Enter P4L1Q92J
2025-03-31 23:22:14,745 - INFO - Ingress_Exit AAT9W4FS
2025-03-31 23:22:14,919 - INFO - Ingress_Exit P4L1Q92J
2025-03-31 23:22:14,995 - INFO - Ingress_Enter 9UMI8DX0
2025-03-31 23:22:15,098 - INFO - Ingress_Enter JSHJXH0A
2025-03-31 23:22:15,111 - INFO - Ingress_Exit 9UMI8DX0
2025-03-31 23:22:15,131 - INFO - Ingress_Enter QJPCN3K8
2025-03-31 23:22:15,233 - INFO - Ingress_Exit QJPCN3K8
2025-03-31 23:22:15,234 - INFO - Ingress_Exit JSHJXH0A
2025-03-31 23:22:15,405 - INFO - Ingress_Enter 4PK8P60J
2025-03-31 23:22:15,542 - INFO - Ingress_Exit 4PK8P60J
2025-03-31 23:22:15,813 - INFO - Ingress_Enter YCEST0BC
2025-03-31 23:22:15,847 - INFO - Ingress_Enter A9MECZ7T
2025-03-31 23:22:15,938 - INFO - Ingress_Exit YCEST0BC
2025-03-31 23:22:15,999 - INFO - Ingress_Exit A9MECZ7T
2025-03-31 23:22:16,104 - INFO - Ingress_Enter GO310626
2025-03-31 23:22:16,198 - INFO - Ingress_Exit GO310626
2025-03-31 23:22:16,343 - INFO - Ingress_Enter FAFZ9MWN
2025-03-31 23:22:16,376 - INFO - Ingress_Enter FIIVO3JS
2025-03-31 23:22:16,410 - INFO - Ingress_Enter U2MVOVX2
2025-03-31 23:22:16,461 - INFO - Ingress_Exit FAFZ9MWN
2025-03-31 23:22:16,509 - INFO - Ingress_Exit U2MVOVX2
2025-03-31 23:22:16,564 - INFO - Ingress_Exit FIIVO3JS
2025-03-31 23:22:16,682 - INFO - Ingress_Enter 7G15GS5X
2025-03-31 23:22:16,830 - INFO - Ingress_Exit 7G15GS5X
2025-03-31 23:22:17,007 - INFO - Ingress_Enter KW6K5HG5
2025-03-31 23:22:17,024 - INFO - Ingress_Enter IZ1R5MK9
2025-03-31 23:22:17,101 - INFO - Ingress_Exit KW6K5HG5
2025-03-31 23:22:17,142 - INFO - Ingress_Enter W3233AFI
2025-03-31 23:22:17,144 - INFO - Ingress_Exit IZ1R5MK9
2025-03-31 23:22:17,159 - INFO - Ingress_Enter 68SUN4BA
2025-03-31 23:22:17,193 - INFO - Ingress_Enter 1QO767CL
2025-03-31 23:22:17,251 - INFO - Ingress_Exit W3233AFI
2025-03-31 23:22:17,269 - INFO - Ingress_Exit 68SUN4BA
2025-03-31 23:22:17,352 - INFO - Ingress_Exit 1QO767CL
2025-03-31 23:22:17,671 - INFO - Ingress_Enter IKKKKY4Z
2025-03-31 23:22:17,761 - INFO - Ingress_Exit IKKKKY4Z
2025-03-31 23:22:17,789 - INFO - Ingress_Enter JOGI1QJZ
2025-03-31 23:22:17,886 - INFO - Ingress_Exit JOGI1QJZ
2025-03-31 23:22:18,111 - INFO - Ingress_Enter F0VALH3D
2025-03-31 23:22:18,178 - INFO - Ingress_Enter 457010FF
2025-03-31 23:22:18,210 - INFO - Ingress_Exit F0VALH3D
2025-03-31 23:22:18,274 - INFO - Ingress_Exit 457010FF
2025-03-31 23:22:18,400 - INFO - Ingress_Enter XRAF8LDZ
2025-03-31 23:22:18,571 - INFO - Ingress_Enter Q4QNWSAC
2025-03-31 23:22:18,573 - INFO - Ingress_Exit XRAF8LDZ
2025-03-31 23:22:18,605 - INFO - Ingress_Enter 1ZU9E60N
2025-03-31 23:22:18,719 - INFO - Ingress_Exit 1ZU9E60N
2025-03-31 23:22:18,725 - INFO - Ingress_Enter JZK9UVKV
2025-03-31 23:22:18,726 - INFO - Ingress_Exit Q4QNWSAC
2025-03-31 23:22:18,775 - INFO - Ingress_Enter Q4QMZIO5
2025-03-31 23:22:18,870 - INFO - Ingress_Exit Q4QMZIO5
2025-03-31 23:22:18,875 - INFO - Ingress_Exit JZK9UVKV
2025-03-31 23:22:19,098 - INFO - Ingress_Enter AYPWD0FT
2025-03-31 23:22:19,116 - INFO - Ingress_Enter YVK76NIU
2025-03-31 23:22:19,167 - INFO - Ingress_Enter KK6K98ON
2025-03-31 23:22:19,238 - INFO - Ingress_Exit AYPWD0FT
2025-03-31 23:22:19,240 - INFO - Ingress_Exit YVK76NIU
2025-03-31 23:22:19,336 - INFO - Ingress_Exit KK6K98ON
2025-03-31 23:22:19,593 - INFO - Ingress_Enter U1QTTYLR
2025-03-31 23:22:19,609 - INFO - Ingress_Enter YPTZU3QI
2025-03-31 23:22:19,626 - INFO - Ingress_Enter UD4Q3IA5
2025-03-31 23:22:19,678 - INFO - Ingress_Enter 6RDCSXJN
2025-03-31 23:22:19,735 - INFO - Ingress_Exit YPTZU3QI
2025-03-31 23:22:19,771 - INFO - Ingress_Exit UD4Q3IA5
2025-03-31 23:22:19,774 - INFO - Ingress_Exit 6RDCSXJN
2025-03-31 23:22:19,812 - INFO - Ingress_Exit U1QTTYLR
2025-03-31 23:22:21,606 - INFO - Ingress_Enter MVPXEP2X
2025-03-31 23:22:21,733 - INFO - Ingress_Exit MVPXEP2X
2025-03-31 23:22:21,791 - INFO - Ingress_Enter 7KHIKJW2
2025-03-31 23:22:21,842 - INFO - Ingress_Enter GQVY0OIC
2025-03-31 23:22:21,937 - INFO - Ingress_Exit 7KHIKJW2
2025-03-31 23:22:21,960 - INFO - Ingress_Enter 9SERH9TN
2025-03-31 23:22:21,976 - INFO - Ingress_Exit GQVY0OIC
2025-03-31 23:22:22,096 - INFO - Ingress_Exit 9SERH9TN
2025-03-31 23:22:22,131 - INFO - Ingress_Enter QIJF5KTC
2025-03-31 23:22:22,233 - INFO - Ingress_Enter T9L7HAAW
2025-03-31 23:22:22,267 - INFO - Ingress_Enter TABXZG8N
2025-03-31 23:22:22,301 - INFO - Ingress_Enter IYYHVGH3
2025-03-31 23:22:22,351 - INFO - Ingress_Exit T9L7HAAW
2025-03-31 23:22:22,402 - INFO - Ingress_Exit IYYHVGH3
2025-03-31 23:22:22,409 - INFO - Ingress_Exit QIJF5KTC
2025-03-31 23:22:22,437 - INFO - Ingress_Exit TABXZG8N
2025-03-31 23:22:22,798 - INFO - Ingress_Enter 6E7Q30IM
2025-03-31 23:22:22,866 - INFO - Ingress_Enter 4LTZAVO6
2025-03-31 23:22:22,980 - INFO - Ingress_Exit 6E7Q30IM
2025-03-31 23:22:22,986 - INFO - Ingress_Enter QSX4UEQE
2025-03-31 23:22:23,002 - INFO - Ingress_Exit 4LTZAVO6
2025-03-31 23:22:23,004 - INFO - Ingress_Enter PR3DCJDJ
2025-03-31 23:22:23,106 - INFO - Ingress_Exit QSX4UEQE
2025-03-31 23:22:23,169 - INFO - Ingress_Exit PR3DCJDJ
2025-03-31 23:22:23,188 - INFO - Ingress_Enter RV1D9BGI
2025-03-31 23:22:23,307 - INFO - Ingress_Exit RV1D9BGI
2025-03-31 23:22:23,310 - INFO - Ingress_Enter IOII75XF
2025-03-31 23:22:23,360 - INFO - Ingress_Enter 5B74C5FQ
2025-03-31 23:22:23,507 - INFO - Ingress_Exit 5B74C5FQ
2025-03-31 23:22:23,522 - INFO - Ingress_Exit IOII75XF
2025-03-31 23:22:23,665 - INFO - Ingress_Enter 41EMSAG0
2025-03-31 23:22:23,767 - INFO - Ingress_Enter 55T20HG7
2025-03-31 23:22:23,804 - INFO - Ingress_Exit 41EMSAG0
2025-03-31 23:22:23,992 - INFO - Ingress_Exit 55T20HG7
2025-03-31 23:22:24,074 - INFO - Ingress_Enter HV07GHLZ
2025-03-31 23:22:24,177 - INFO - Ingress_Exit HV07GHLZ
2025-03-31 23:22:24,244 - INFO - Ingress_Enter 230TQV04
2025-03-31 23:22:24,373 - INFO - Ingress_Exit 230TQV04
2025-03-31 23:22:24,482 - INFO - Ingress_Enter DFWJKXZF
2025-03-31 23:22:24,584 - INFO - Ingress_Exit DFWJKXZF
2025-03-31 23:22:24,738 - INFO - Ingress_Enter WKBHEC4W
2025-03-31 23:22:24,844 - INFO - Ingress_Exit WKBHEC4W
2025-03-31 23:22:24,856 - INFO - Ingress_Enter 5DIX86NX
2025-03-31 23:22:24,874 - INFO - Ingress_Enter 89US2K20
2025-03-31 23:22:24,971 - INFO - Ingress_Exit 89US2K20
2025-03-31 23:22:25,054 - INFO - Ingress_Exit 5DIX86NX
2025-03-31 23:22:25,404 - INFO - Ingress_Enter A26OBOWR
2025-03-31 23:22:25,515 - INFO - Ingress_Exit A26OBOWR
2025-03-31 23:22:26,066 - INFO - Ingress_Enter D38OJOME
2025-03-31 23:22:26,100 - INFO - Ingress_Enter 6UH0KO9P
2025-03-31 23:22:26,182 - INFO - Ingress_Exit D38OJOME
2025-03-31 23:22:26,254 - INFO - Ingress_Enter BNFDAJ1V
2025-03-31 23:22:26,267 - INFO - Ingress_Exit 6UH0KO9P
2025-03-31 23:22:26,355 - INFO - Ingress_Enter 4OCKKYIM
2025-03-31 23:22:26,357 - INFO - Ingress_Exit BNFDAJ1V
2025-03-31 23:22:26,423 - INFO - Ingress_Enter QFVLEZ2S
2025-03-31 23:22:26,492 - INFO - Ingress_Enter QTA2E6IH
2025-03-31 23:22:26,546 - INFO - Ingress_Exit 4OCKKYIM
2025-03-31 23:22:26,562 - INFO - Ingress_Exit QFVLEZ2S
2025-03-31 23:22:26,644 - INFO - Ingress_Exit QTA2E6IH
2025-03-31 23:22:26,764 - INFO - Ingress_Enter OWBDNRUR
2025-03-31 23:22:26,874 - INFO - Ingress_Exit OWBDNRUR
2025-03-31 23:22:26,899 - INFO - Ingress_Enter IQO6HETX
2025-03-31 23:22:27,013 - INFO - Ingress_Exit IQO6HETX
2025-03-31 23:22:27,052 - INFO - Ingress_Enter NVYTM74F
2025-03-31 23:22:27,201 - INFO - Ingress_Exit NVYTM74F
2025-03-31 23:22:27,530 - INFO - Ingress_Enter Z22HO6PP
2025-03-31 23:22:27,699 - INFO - Ingress_Exit Z22HO6PP
2025-03-31 23:22:28,322 - INFO - Ingress_Enter MCXB4MPG
2025-03-31 23:22:28,423 - INFO - Ingress_Exit MCXB4MPG
2025-03-31 23:22:28,440 - INFO - Ingress_Enter UD8RGA5A
2025-03-31 23:22:28,540 - INFO - Ingress_Exit UD8RGA5A
2025-03-31 23:22:28,729 - INFO - Ingress_Enter PUSA95LS
2025-03-31 23:22:28,814 - INFO - Ingress_Enter 6V8R73AC
2025-03-31 23:22:28,857 - INFO - Ingress_Exit PUSA95LS
2025-03-31 23:22:28,917 - INFO - Ingress_Exit 6V8R73AC
2025-03-31 23:22:29,408 - INFO - Ingress_Enter MH7MCOAH
2025-03-31 23:22:29,442 - INFO - Ingress_Enter M5SWE4UV
2025-03-31 23:22:29,476 - INFO - Ingress_Enter 3ISMMBP9
2025-03-31 23:22:29,510 - INFO - Ingress_Enter V5TGR8LX
2025-03-31 23:22:29,560 - INFO - Ingress_Exit M5SWE4UV
2025-03-31 23:22:29,571 - INFO - Ingress_Exit MH7MCOAH
2025-03-31 23:22:29,595 - INFO - Ingress_Exit 3ISMMBP9
2025-03-31 23:22:29,673 - INFO - Ingress_Exit V5TGR8LX
2025-03-31 23:22:33,680 - INFO - Ingress_Enter 101KQPDG
2025-03-31 23:22:33,695 - INFO - Ingress_Enter MU0KYF53
2025-03-31 23:22:33,728 - INFO - Ingress_Enter COSCN1NU
2025-03-31 23:22:33,789 - INFO - Ingress_Exit 101KQPDG
2025-03-31 23:22:33,843 - INFO - Ingress_Exit MU0KYF53
2025-03-31 23:22:33,976 - INFO - Ingress_Exit COSCN1NU
2025-03-31 23:22:34,019 - INFO - Ingress_Enter C41MAXVG
2025-03-31 23:22:34,035 - INFO - Ingress_Enter PPEV9JH2
2025-03-31 23:22:34,147 - INFO - Ingress_Exit C41MAXVG
2025-03-31 23:22:34,149 - INFO - Ingress_Exit PPEV9JH2
2025-03-31 23:22:34,172 - INFO - Ingress_Enter UE28VS5R
2025-03-31 23:22:34,266 - INFO - Ingress_Exit UE28VS5R
2025-03-31 23:22:34,803 - INFO - Ingress_Enter 36J7BIDD
2025-03-31 23:22:34,819 - INFO - Ingress_Enter I763FPW4
2025-03-31 23:22:34,887 - INFO - Ingress_Enter 97G8VADF
2025-03-31 23:22:34,913 - INFO - Ingress_Exit 36J7BIDD
2025-03-31 23:22:34,949 - INFO - Ingress_Exit I763FPW4
2025-03-31 23:22:35,021 - INFO - Ingress_Exit 97G8VADF
2025-03-31 23:22:35,604 - INFO - Ingress_Enter LB24BQVK
2025-03-31 23:22:35,688 - INFO - Ingress_Enter 8F9FWAV8
2025-03-31 23:22:35,705 - INFO - Ingress_Exit LB24BQVK
2025-03-31 23:22:35,800 - INFO - Ingress_Exit 8F9FWAV8
2025-03-31 23:22:35,858 - INFO - Ingress_Enter HV3297LZ
2025-03-31 23:22:35,926 - INFO - Ingress_Enter 82J3YD7Q
2025-03-31 23:22:35,949 - INFO - Ingress_Enter UWMEMKIB
2025-03-31 23:22:36,016 - INFO - Ingress_Exit HV3297LZ
2025-03-31 23:22:36,064 - INFO - Ingress_Exit UWMEMKIB
2025-03-31 23:22:36,080 - INFO - Ingress_Enter J4KHIJXW
2025-03-31 23:22:36,099 - INFO - Ingress_Exit 82J3YD7Q
2025-03-31 23:22:36,114 - INFO - Ingress_Enter H1NDHCX4
2025-03-31 23:22:36,232 - INFO - Ingress_Exit J4KHIJXW
2025-03-31 23:22:36,236 - INFO - Ingress_Exit H1NDHCX4
2025-03-31 23:22:36,318 - INFO - Ingress_Enter CXBZENDX
2025-03-31 23:22:36,352 - INFO - Ingress_Enter JLZQ8D44
2025-03-31 23:22:36,385 - INFO - Ingress_Enter 66WVGZ59
2025-03-31 23:22:36,440 - INFO - Ingress_Exit CXBZENDX
2025-03-31 23:22:36,488 - INFO - Ingress_Enter PADYB5TH
2025-03-31 23:22:36,501 - INFO - Ingress_Exit 66WVGZ59
2025-03-31 23:22:36,529 - INFO - Ingress_Exit JLZQ8D44
2025-03-31 23:22:36,633 - INFO - Ingress_Exit PADYB5TH
2025-03-31 23:22:36,761 - INFO - Ingress_Enter PRJZK9YO
2025-03-31 23:22:36,828 - INFO - Ingress_Enter P70SU6VH
2025-03-31 23:22:36,845 - INFO - Ingress_Enter 3UXEK1J7
2025-03-31 23:22:36,901 - INFO - Ingress_Exit PRJZK9YO
2025-03-31 23:22:36,947 - INFO - Ingress_Enter K9UM1SGM
2025-03-31 23:22:36,980 - INFO - Ingress_Exit P70SU6VH
2025-03-31 23:22:36,993 - INFO - Ingress_Exit 3UXEK1J7
2025-03-31 23:22:37,048 - INFO - Ingress_Enter G6B6XKTW
2025-03-31 23:22:37,100 - INFO - Ingress_Enter 60XBB81L
2025-03-31 23:22:37,136 - INFO - Ingress_Exit K9UM1SGM
2025-03-31 23:22:37,171 - INFO - Ingress_Exit G6B6XKTW
2025-03-31 23:22:37,247 - INFO - Ingress_Exit 60XBB81L
2025-03-31 23:22:37,561 - INFO - Ingress_Enter DSJYQODT
2025-03-31 23:22:37,578 - INFO - Ingress_Enter X3DJSGYJ
2025-03-31 23:22:37,645 - INFO - Ingress_Enter G0YM75WJ
2025-03-31 23:22:37,694 - INFO - Ingress_Exit DSJYQODT
2025-03-31 23:22:37,734 - INFO - Ingress_Exit X3DJSGYJ
2025-03-31 23:22:37,763 - INFO - Ingress_Exit G0YM75WJ
2025-03-31 23:22:37,916 - INFO - Ingress_Enter IOLW9317
2025-03-31 23:22:38,019 - INFO - Ingress_Enter 6Y5PNKER
2025-03-31 23:22:38,091 - INFO - Ingress_Exit IOLW9317
2025-03-31 23:22:38,126 - INFO - Ingress_Exit 6Y5PNKER
2025-03-31 23:22:38,292 - INFO - Ingress_Enter 3J0MEZU4
2025-03-31 23:22:38,391 - INFO - Ingress_Exit 3J0MEZU4
2025-03-31 23:22:38,583 - INFO - Ingress_Enter Z2YA8H7U
2025-03-31 23:22:38,599 - INFO - Ingress_Enter 9HYPJKZ4
2025-03-31 23:22:38,692 - INFO - Ingress_Exit 9HYPJKZ4
2025-03-31 23:22:38,694 - INFO - Ingress_Exit Z2YA8H7U
2025-03-31 23:22:38,752 - INFO - Ingress_Enter 6QW9F8AQ
2025-03-31 23:22:38,859 - INFO - Ingress_Exit 6QW9F8AQ
2025-03-31 23:22:39,144 - INFO - Ingress_Enter QO58BL4L
2025-03-31 23:22:39,236 - INFO - Ingress_Exit QO58BL4L
2025-03-31 23:22:39,247 - INFO - Ingress_Enter 0ZGVZCRK
2025-03-31 23:22:39,360 - INFO - Ingress_Exit 0ZGVZCRK
2025-03-31 23:22:39,383 - INFO - Ingress_Enter G7AOTXEN
2025-03-31 23:22:39,496 - INFO - Ingress_Exit G7AOTXEN
2025-03-31 23:22:39,911 - INFO - Ingress_Enter JTO401UW
2025-03-31 23:22:39,961 - INFO - Ingress_Enter OS5LQWFD
2025-03-31 23:22:40,013 - INFO - Ingress_Exit JTO401UW
2025-03-31 23:22:40,063 - INFO - Ingress_Enter OO8HJM2Q
2025-03-31 23:22:40,106 - INFO - Ingress_Exit OS5LQWFD
2025-03-31 23:22:40,165 - INFO - Ingress_Enter O8BJJCSV
2025-03-31 23:22:40,182 - INFO - Ingress_Exit OO8HJM2Q
2025-03-31 23:22:40,299 - INFO - Ingress_Exit O8BJJCSV
2025-03-31 23:22:40,454 - INFO - Ingress_Enter NXNZ2JOS
2025-03-31 23:22:40,574 - INFO - Ingress_Exit NXNZ2JOS
2025-03-31 23:22:40,947 - INFO - Ingress_Enter TF36LMCR
2025-03-31 23:22:41,042 - INFO - Ingress_Exit TF36LMCR
2025-03-31 23:22:41,065 - INFO - Ingress_Enter 0FF9AIAQ
2025-03-31 23:22:41,168 - INFO - Ingress_Enter FVCXSN78
2025-03-31 23:22:41,177 - INFO - Ingress_Exit 0FF9AIAQ
2025-03-31 23:22:41,271 - INFO - Ingress_Exit FVCXSN78
2025-03-31 23:22:41,439 - INFO - Ingress_Enter 4CTM7Q1X
2025-03-31 23:22:41,455 - INFO - Ingress_Enter HLH3TAH9
2025-03-31 23:22:41,540 - INFO - Ingress_Exit 4CTM7Q1X
2025-03-31 23:22:41,597 - INFO - Ingress_Exit HLH3TAH9
2025-03-31 23:22:41,896 - INFO - Ingress_Enter 8AL53MY7
2025-03-31 23:22:42,029 - INFO - Ingress_Exit 8AL53MY7
2025-03-31 23:22:42,100 - INFO - Ingress_Enter 1X3TV8Y8
2025-03-31 23:22:42,225 - INFO - Ingress_Exit 1X3TV8Y8
2025-03-31 23:22:42,663 - INFO - Ingress_Enter EZ5XWSKD
2025-03-31 23:22:42,799 - INFO - Ingress_Enter U3MAP32B
2025-03-31 23:22:42,801 - INFO - Ingress_Exit EZ5XWSKD
2025-03-31 23:22:42,900 - INFO - Ingress_Exit U3MAP32B
2025-03-31 23:22:43,002 - INFO - Ingress_Enter ZKRDM0XR
2025-03-31 23:22:43,094 - INFO - Ingress_Exit ZKRDM0XR
2025-03-31 23:22:43,120 - INFO - Ingress_Enter ZNSLFQJN
2025-03-31 23:22:43,137 - INFO - Ingress_Enter S15K1P9U
2025-03-31 23:22:43,153 - INFO - Ingress_Enter LDCTUYRY
2025-03-31 23:22:43,275 - INFO - Ingress_Exit ZNSLFQJN
2025-03-31 23:22:43,278 - INFO - Ingress_Exit S15K1P9U
2025-03-31 23:22:43,312 - INFO - Ingress_Exit LDCTUYRY
2025-03-31 23:22:43,818 - INFO - Ingress_Enter PQZ4YMLQ
2025-03-31 23:22:43,851 - INFO - Ingress_Enter L4TN2KG6
2025-03-31 23:22:43,970 - INFO - Ingress_Exit L4TN2KG6
2025-03-31 23:22:44,000 - INFO - Ingress_Exit PQZ4YMLQ
2025-03-31 23:22:44,105 - INFO - Ingress_Enter 9IF2J1NS
2025-03-31 23:22:44,235 - INFO - Ingress_Exit 9IF2J1NS
2025-03-31 23:22:44,258 - INFO - Ingress_Enter EPE5ZGZ6
2025-03-31 23:22:44,343 - INFO - Ingress_Enter CWUKMFY6
2025-03-31 23:22:44,350 - INFO - Ingress_Exit EPE5ZGZ6
2025-03-31 23:22:44,498 - INFO - Ingress_Exit CWUKMFY6
2025-03-31 23:22:45,117 - INFO - Ingress_Enter TXFOSBZ0
2025-03-31 23:22:45,211 - INFO - Ingress_Exit TXFOSBZ0
2025-03-31 23:22:45,388 - INFO - Ingress_Enter EWA3ZXBW
2025-03-31 23:22:45,438 - INFO - Ingress_Enter 33F8YU96
2025-03-31 23:22:45,488 - INFO - Ingress_Exit EWA3ZXBW
2025-03-31 23:22:45,556 - INFO - Ingress_Enter 08FORWV9
2025-03-31 23:22:45,564 - INFO - Ingress_Exit 33F8YU96
2025-03-31 23:22:45,652 - INFO - Ingress_Exit 08FORWV9
2025-03-31 23:22:45,913 - INFO - Ingress_Enter AUXIZI8J
2025-03-31 23:22:46,062 - INFO - Ingress_Exit AUXIZI8J
2025-03-31 23:22:46,237 - INFO - Ingress_Enter L70FBS5J
2025-03-31 23:22:46,327 - INFO - Ingress_Exit L70FBS5J
2025-03-31 23:22:46,339 - INFO - Ingress_Enter ENR4YTIB
2025-03-31 23:22:46,501 - INFO - Ingress_Exit ENR4YTIB
2025-03-31 23:22:46,562 - INFO - Ingress_Enter WFCXYJHY
2025-03-31 23:22:46,617 - INFO - Ingress_Enter DMJDAM6W
2025-03-31 23:22:46,674 - INFO - Ingress_Exit WFCXYJHY
2025-03-31 23:22:46,709 - INFO - Ingress_Exit DMJDAM6W
2025-03-31 23:22:46,885 - INFO - Ingress_Enter EIMABZCE
2025-03-31 23:22:47,003 - INFO - Ingress_Exit EIMABZCE
2025-03-31 23:22:47,121 - INFO - Ingress_Enter FZSAJAVZ
2025-03-31 23:22:47,215 - INFO - Ingress_Exit FZSAJAVZ
2025-03-31 23:22:47,291 - INFO - Ingress_Enter U4B36GP8
2025-03-31 23:22:47,427 - INFO - Ingress_Enter QXDZ00BE
2025-03-31 23:22:47,433 - INFO - Ingress_Exit U4B36GP8
2025-03-31 23:22:47,540 - INFO - Ingress_Exit QXDZ00BE
2025-03-31 23:22:47,887 - INFO - Ingress_Enter 62CRRUKM
2025-03-31 23:22:48,014 - INFO - Ingress_Exit 62CRRUKM
2025-03-31 23:22:48,191 - INFO - Ingress_Enter TGFBTBFJ
2025-03-31 23:22:48,208 - INFO - Ingress_Enter 9DDA9E0M
2025-03-31 23:22:48,293 - INFO - Ingress_Enter PPCLQI82
2025-03-31 23:22:48,303 - INFO - Ingress_Exit TGFBTBFJ
2025-03-31 23:22:48,334 - INFO - Ingress_Exit 9DDA9E0M
2025-03-31 23:22:48,399 - INFO - Ingress_Exit PPCLQI82
2025-03-31 23:22:48,498 - INFO - Ingress_Enter UZS014DQ
2025-03-31 23:22:48,617 - INFO - Ingress_Enter GU9CPIHA
2025-03-31 23:22:48,617 - INFO - Ingress_Exit UZS014DQ
2025-03-31 23:22:48,650 - INFO - Ingress_Enter X78NPRS6
2025-03-31 23:22:48,739 - INFO - Ingress_Exit GU9CPIHA
2025-03-31 23:22:48,802 - INFO - Ingress_Exit X78NPRS6
2025-03-31 23:22:48,804 - INFO - Ingress_Enter NNBFKPN3
2025-03-31 23:22:48,989 - INFO - Ingress_Exit NNBFKPN3
2025-03-31 23:22:49,006 - INFO - Ingress_Enter 1SEOFJML
2025-03-31 23:22:49,023 - INFO - Ingress_Enter SN6IFRAE
2025-03-31 23:22:49,040 - INFO - Ingress_Enter Z5PTSP5J
2025-03-31 23:22:49,108 - INFO - Ingress_Enter H4XA4WR6
2025-03-31 23:22:49,122 - INFO - Ingress_Exit 1SEOFJML
2025-03-31 23:22:49,135 - INFO - Ingress_Exit Z5PTSP5J
2025-03-31 23:22:49,158 - INFO - Ingress_Enter FTRK8ICZ
2025-03-31 23:22:49,165 - INFO - Ingress_Exit SN6IFRAE
2025-03-31 23:22:49,247 - INFO - Ingress_Exit H4XA4WR6
2025-03-31 23:22:49,302 - INFO - Ingress_Exit FTRK8ICZ
2025-03-31 23:22:51,064 - INFO - Ingress_Enter HFLWLW6N
2025-03-31 23:22:51,155 - INFO - Ingress_Exit HFLWLW6N
2025-03-31 23:22:51,182 - INFO - Ingress_Enter GBCLSTHX
2025-03-31 23:22:51,321 - INFO - Ingress_Exit GBCLSTHX
2025-03-31 23:22:51,369 - INFO - Ingress_Enter VGSJ2YP6
2025-03-31 23:22:51,490 - INFO - Ingress_Enter 55UJ0CN6
2025-03-31 23:22:51,507 - INFO - Ingress_Exit VGSJ2YP6
2025-03-31 23:22:51,625 - INFO - Ingress_Enter 68NDTYDM
2025-03-31 23:22:51,661 - INFO - Ingress_Exit 55UJ0CN6
2025-03-31 23:22:51,716 - INFO - Ingress_Exit 68NDTYDM
2025-03-31 23:22:51,744 - INFO - Ingress_Enter 6PK90630
2025-03-31 23:22:51,862 - INFO - Ingress_Enter F154TEHC
2025-03-31 23:22:51,901 - INFO - Ingress_Exit 6PK90630
2025-03-31 23:22:51,913 - INFO - Ingress_Enter LB04CZAQ
2025-03-31 23:22:51,964 - INFO - Ingress_Enter S0DKIEJN
2025-03-31 23:22:51,978 - INFO - Ingress_Exit F154TEHC
2025-03-31 23:22:52,020 - INFO - Ingress_Exit LB04CZAQ
2025-03-31 23:22:52,176 - INFO - Ingress_Exit S0DKIEJN
2025-03-31 23:22:52,287 - INFO - Ingress_Enter QCO0FPS7
2025-03-31 23:22:52,407 - INFO - Ingress_Enter GWYZPS09
2025-03-31 23:22:52,434 - INFO - Ingress_Exit QCO0FPS7
2025-03-31 23:22:52,501 - INFO - Ingress_Exit GWYZPS09
2025-03-31 23:22:52,578 - INFO - Ingress_Enter 8YQHH8TI
2025-03-31 23:22:52,693 - INFO - Ingress_Exit 8YQHH8TI
2025-03-31 23:22:52,884 - INFO - Ingress_Enter SJAJMRW8
2025-03-31 23:22:52,901 - INFO - Ingress_Enter O4M6QPRY
2025-03-31 23:22:52,993 - INFO - Ingress_Exit SJAJMRW8
2025-03-31 23:22:52,995 - INFO - Ingress_Exit O4M6QPRY
2025-03-31 23:22:53,904 - INFO - Ingress_Enter MSBO1IWJ
2025-03-31 23:22:54,030 - INFO - Ingress_Exit MSBO1IWJ
2025-03-31 23:22:54,174 - INFO - Ingress_Enter N79M32K9
2025-03-31 23:22:54,320 - INFO - Ingress_Exit N79M32K9
2025-03-31 23:22:54,565 - INFO - Ingress_Enter KTC5VGOM
2025-03-31 23:22:54,670 - INFO - Ingress_Enter OD7G62RO
2025-03-31 23:22:54,678 - INFO - Ingress_Exit KTC5VGOM
2025-03-31 23:22:54,788 - INFO - Ingress_Enter 4QKD366K
2025-03-31 23:22:54,805 - INFO - Ingress_Enter SSF121NR
2025-03-31 23:22:54,820 - INFO - Ingress_Exit OD7G62RO
2025-03-31 23:22:54,941 - INFO - Ingress_Enter LKWVNC4Q
2025-03-31 23:22:54,942 - INFO - Ingress_Exit SSF121NR
2025-03-31 23:22:54,949 - INFO - Ingress_Exit 4QKD366K
2025-03-31 23:22:54,992 - INFO - Ingress_Enter UNLPUSOD
2025-03-31 23:22:55,090 - INFO - Ingress_Exit LKWVNC4Q
2025-03-31 23:22:55,144 - INFO - Ingress_Enter F8X0SCCB
2025-03-31 23:22:55,150 - INFO - Ingress_Exit UNLPUSOD
2025-03-31 23:22:55,195 - INFO - Ingress_Enter K1TSYWKY
2025-03-31 23:22:55,246 - INFO - Ingress_Enter 2UREUCNA
2025-03-31 23:22:55,291 - INFO - Ingress_Exit F8X0SCCB
2025-03-31 23:22:55,342 - INFO - Ingress_Exit K1TSYWKY
2025-03-31 23:22:55,374 - INFO - Ingress_Exit 2UREUCNA
2025-03-31 23:22:56,760 - INFO - Ingress_Enter PBCL2MB5
2025-03-31 23:22:56,794 - INFO - Ingress_Enter 05VQDDQ9
2025-03-31 23:22:56,887 - INFO - Ingress_Exit PBCL2MB5
2025-03-31 23:22:56,915 - INFO - Ingress_Exit 05VQDDQ9
2025-03-31 23:22:57,100 - INFO - Ingress_Enter K0DTFQG0
2025-03-31 23:22:57,196 - INFO - Ingress_Exit K0DTFQG0
2025-03-31 23:22:57,424 - INFO - Ingress_Enter D22GZT80
2025-03-31 23:22:57,522 - INFO - Ingress_Exit D22GZT80
2025-03-31 23:22:57,593 - INFO - Ingress_Enter ET3ZHJBB
2025-03-31 23:22:57,694 - INFO - Ingress_Exit ET3ZHJBB
2025-03-31 23:22:57,780 - INFO - Ingress_Enter LU47IT6C
2025-03-31 23:22:57,831 - INFO - Ingress_Enter WWXLESZO
2025-03-31 23:22:57,881 - INFO - Ingress_Enter ZHAIB95C
2025-03-31 23:22:57,937 - INFO - Ingress_Exit LU47IT6C
2025-03-31 23:22:57,945 - INFO - Ingress_Exit WWXLESZO
2025-03-31 23:22:57,998 - INFO - Ingress_Exit ZHAIB95C
2025-03-31 23:22:58,035 - INFO - Ingress_Enter TWSTG4EJ
2025-03-31 23:22:58,186 - INFO - Ingress_Exit TWSTG4EJ
2025-03-31 23:22:58,594 - INFO - Ingress_Enter 97XJJ1LZ
2025-03-31 23:22:58,731 - INFO - Ingress_Enter EMTB4GBA
2025-03-31 23:22:58,765 - INFO - Ingress_Exit 97XJJ1LZ
2025-03-31 23:22:58,892 - INFO - Ingress_Exit EMTB4GBA
2025-03-31 23:22:59,732 - INFO - Ingress_Enter ST2INMC8
2025-03-31 23:22:59,799 - INFO - Ingress_Enter MAQSIP5K
2025-03-31 23:22:59,895 - INFO - Ingress_Exit ST2INMC8
2025-03-31 23:22:59,986 - INFO - Ingress_Exit MAQSIP5K
2025-03-31 23:23:00,190 - INFO - Ingress_Enter KYCC655N
2025-03-31 23:23:00,241 - INFO - Ingress_Enter QTYL3N7Y
2025-03-31 23:23:00,319 - INFO - Ingress_Exit KYCC655N
2025-03-31 23:23:00,354 - INFO - Ingress_Exit QTYL3N7Y
2025-03-31 23:23:00,412 - INFO - Ingress_Enter UTSIE7SQ
2025-03-31 23:23:00,506 - INFO - Ingress_Exit UTSIE7SQ
2025-03-31 23:23:00,531 - INFO - Ingress_Enter 2IGX21L7
2025-03-31 23:23:00,565 - INFO - Ingress_Enter WGDV1JEN
2025-03-31 23:23:00,627 - INFO - Ingress_Exit 2IGX21L7
2025-03-31 23:23:00,692 - INFO - Ingress_Exit WGDV1JEN
2025-03-31 23:23:00,701 - INFO - Ingress_Enter P3ZYCNM1
2025-03-31 23:23:00,735 - INFO - Ingress_Enter YXL0OGB3
2025-03-31 23:23:00,812 - INFO - Ingress_Exit P3ZYCNM1
2025-03-31 23:23:00,861 - INFO - Ingress_Exit YXL0OGB3
2025-03-31 23:23:00,886 - INFO - Ingress_Enter GQ9ES6WR
2025-03-31 23:23:01,023 - INFO - Ingress_Exit GQ9ES6WR
2025-03-31 23:23:01,176 - INFO - Ingress_Enter 3Z311XWT
2025-03-31 23:23:01,278 - INFO - Ingress_Enter 9R947W7J
2025-03-31 23:23:01,298 - INFO - Ingress_Exit 3Z311XWT
2025-03-31 23:23:01,416 - INFO - Ingress_Exit 9R947W7J
2025-03-31 23:23:01,567 - INFO - Ingress_Enter 9VGKO1GN
2025-03-31 23:23:01,695 - INFO - Ingress_Exit 9VGKO1GN
2025-03-31 23:23:02,078 - INFO - Ingress_Enter MWU8TPA1
2025-03-31 23:23:02,318 - INFO - Ingress_Exit MWU8TPA1
2025-03-31 23:23:02,351 - INFO - Ingress_Enter 7HKTMJ4H
2025-03-31 23:23:02,488 - INFO - Ingress_Enter JPFJCK1L
2025-03-31 23:23:02,544 - INFO - Ingress_Exit 7HKTMJ4H
2025-03-31 23:23:02,637 - INFO - Ingress_Exit JPFJCK1L
2025-03-31 23:23:03,441 - INFO - Ingress_Enter AOBBNTLT
2025-03-31 23:23:03,481 - INFO - Ingress_Enter C369QB8C
2025-03-31 23:23:03,568 - INFO - Ingress_Exit AOBBNTLT
2025-03-31 23:23:03,632 - INFO - Ingress_Exit C369QB8C
2025-03-31 23:23:03,781 - INFO - Ingress_Enter BA3I1232
2025-03-31 23:23:03,940 - INFO - Ingress_Exit BA3I1232
2025-03-31 23:23:04,037 - INFO - Ingress_Enter 5IJW7MY9
2025-03-31 23:23:04,130 - INFO - Ingress_Exit 5IJW7MY9
2025-03-31 23:23:04,207 - INFO - Ingress_Enter 5N5LSUWK
2025-03-31 23:23:04,308 - INFO - Ingress_Enter 3VWXT0QM
2025-03-31 23:23:04,334 - INFO - Ingress_Exit 5N5LSUWK
2025-03-31 23:23:04,342 - INFO - Ingress_Enter A1MXOXYH
2025-03-31 23:23:04,425 - INFO - Ingress_Exit 3VWXT0QM
2025-03-31 23:23:04,458 - INFO - Ingress_Exit A1MXOXYH
2025-03-31 23:23:05,618 - INFO - Ingress_Enter PKXB7OGH
2025-03-31 23:23:05,683 - INFO - Ingress_Enter 91VD091C
2025-03-31 23:23:05,700 - INFO - Ingress_Enter KPOEMRU8
2025-03-31 23:23:05,779 - INFO - Ingress_Exit 91VD091C
2025-03-31 23:23:05,808 - INFO - Ingress_Exit PKXB7OGH
2025-03-31 23:23:05,813 - INFO - Ingress_Exit KPOEMRU8
2025-03-31 23:23:06,598 - INFO - Ingress_Enter G8CUGW3B
2025-03-31 23:23:06,683 - INFO - Ingress_Enter 7UBZHRLI
2025-03-31 23:23:06,783 - INFO - Ingress_Exit G8CUGW3B
2025-03-31 23:23:06,813 - INFO - Ingress_Exit 7UBZHRLI
2025-03-31 23:23:06,922 - INFO - Ingress_Enter JCH7R29E
2025-03-31 23:23:06,956 - INFO - Ingress_Enter Z88KK3BV
2025-03-31 23:23:07,042 - INFO - Ingress_Enter 9QVQE9GL
2025-03-31 23:23:07,058 - INFO - Ingress_Exit Z88KK3BV
2025-03-31 23:23:07,120 - INFO - Ingress_Exit JCH7R29E
2025-03-31 23:23:07,189 - INFO - Ingress_Exit 9QVQE9GL
2025-03-31 23:23:07,213 - INFO - Ingress_Enter F7RM3MA1
2025-03-31 23:23:07,345 - INFO - Ingress_Exit F7RM3MA1
2025-03-31 23:23:07,467 - INFO - Ingress_Enter 5RGLRM3S
2025-03-31 23:23:07,535 - INFO - Ingress_Enter M13HD21V
2025-03-31 23:23:07,605 - INFO - Ingress_Exit 5RGLRM3S
2025-03-31 23:23:07,659 - INFO - Ingress_Exit M13HD21V
2025-03-31 23:23:07,671 - INFO - Ingress_Enter B5N7CW77
2025-03-31 23:23:07,739 - INFO - Ingress_Enter CFTEZZV8
2025-03-31 23:23:07,770 - INFO - Ingress_Exit B5N7CW77
2025-03-31 23:23:07,877 - INFO - Ingress_Exit CFTEZZV8
2025-03-31 23:23:08,082 - INFO - Ingress_Enter OX2AGVSV
2025-03-31 23:23:08,274 - INFO - Ingress_Exit OX2AGVSV
2025-03-31 23:23:08,456 - INFO - Ingress_Enter BJZFW2GR
2025-03-31 23:23:08,655 - INFO - Ingress_Exit BJZFW2GR
2025-03-31 23:23:08,763 - INFO - Ingress_Enter 13LB3JRS
2025-03-31 23:23:08,865 - INFO - Ingress_Enter 45R2I9R9
2025-03-31 23:23:08,882 - INFO - Ingress_Enter PA6XX7BU
2025-03-31 23:23:08,906 - INFO - Ingress_Exit 13LB3JRS
2025-03-31 23:23:09,016 - INFO - Ingress_Enter YGRU5DD9
2025-03-31 23:23:09,082 - INFO - Ingress_Exit 45R2I9R9
2025-03-31 23:23:09,083 - INFO - Ingress_Exit PA6XX7BU
2025-03-31 23:23:09,087 - INFO - Ingress_Enter QJ43Y5C2
2025-03-31 23:23:09,146 - INFO - Ingress_Exit YGRU5DD9
2025-03-31 23:23:09,184 - INFO - Ingress_Exit QJ43Y5C2
2025-03-31 23:23:09,223 - INFO - Ingress_Enter K62ADGQ7
2025-03-31 23:23:09,370 - INFO - Ingress_Exit K62ADGQ7
2025-03-31 23:23:09,513 - INFO - Ingress_Enter GE3I47SV
2025-03-31 23:23:09,611 - INFO - Ingress_Exit GE3I47SV
