2025-03-18 00:39:46,331 - INFO - Ingress_Enter MZ5580YS
2025-03-18 00:39:46,477 - INFO - Ingress_Exit MZ5580YS
2025-03-18 00:39:46,490 - INFO - Ingress_Enter O5959QVE
2025-03-18 00:39:46,590 - INFO - Ingress_Exit O5959QVE
2025-03-18 00:39:47,293 - INFO - Ingress_Enter 78YAL3SC
2025-03-18 00:39:47,392 - INFO - Ingress_Exit 78YAL3SC
2025-03-18 00:39:47,517 - INFO - Ingress_Enter 40TTPV03
2025-03-18 00:39:47,549 - INFO - Ingress_Enter EG2ZGHIZ
2025-03-18 00:39:47,615 - INFO - Ingress_Exit 40TTPV03
2025-03-18 00:39:47,646 - INFO - Ingress_Exit EG2ZGHIZ
2025-03-18 00:39:52,028 - INFO - Ingress_Enter 5JNM5Q5G
2025-03-18 00:39:52,124 - INFO - Ingress_Exit 5JNM5Q5G
2025-03-18 00:39:52,703 - INFO - Ingress_Enter 0A5WU2R5
2025-03-18 00:39:52,811 - INFO - Ingress_Exit 0A5WU2R5
2025-03-18 00:39:52,862 - INFO - Ingress_Enter W5GQVPPJ
2025-03-18 00:39:52,956 - INFO - Ingress_Exit W5GQVPPJ
2025-03-18 00:39:53,056 - INFO - Ingress_Enter G7AR8SHF
2025-03-18 00:39:53,151 - INFO - Ingress_Exit G7AR8SHF
2025-03-18 00:39:53,154 - INFO - Ingress_Enter LLX1ETSU
2025-03-18 00:39:53,264 - INFO - Ingress_Exit LLX1ETSU
2025-03-18 00:39:54,826 - INFO - Ingress_Enter 6RPDVAAI
2025-03-18 00:39:54,933 - INFO - Ingress_Exit 6RPDVAAI
2025-03-18 00:39:55,663 - INFO - Ingress_Enter CREJQEJF
2025-03-18 00:39:55,775 - INFO - Ingress_Exit CREJQEJF
2025-03-18 00:39:56,210 - INFO - Ingress_Enter 49CBBOD7
2025-03-18 00:39:56,309 - INFO - Ingress_Exit 49CBBOD7
2025-03-18 00:39:56,404 - INFO - Ingress_Enter TBMBBL26
2025-03-18 00:39:56,504 - INFO - Ingress_Exit TBMBBL26
2025-03-18 00:39:57,017 - INFO - Ingress_Enter ZYM3IRXN
2025-03-18 00:39:57,115 - INFO - Ingress_Enter IA4IJ7MX
2025-03-18 00:39:57,116 - INFO - Ingress_Exit ZYM3IRXN
2025-03-18 00:39:57,145 - INFO - Ingress_Enter KWIE07OU
2025-03-18 00:39:57,213 - INFO - Ingress_Exit IA4IJ7MX
2025-03-18 00:39:57,248 - INFO - Ingress_Exit KWIE07OU
2025-03-18 00:39:57,403 - INFO - Ingress_Enter 65DLY6TY
2025-03-18 00:39:57,506 - INFO - Ingress_Exit 65DLY6TY
2025-03-18 00:39:57,531 - INFO - Ingress_Enter IFKWX4OA
2025-03-18 00:39:57,635 - INFO - Ingress_Exit IFKWX4OA
2025-03-18 00:39:57,886 - INFO - Ingress_Enter TT08ZCQ4
2025-03-18 00:39:57,995 - INFO - Ingress_Exit TT08ZCQ4
2025-03-18 00:39:58,433 - INFO - Ingress_Enter DBWG2VCE
2025-03-18 00:39:58,531 - INFO - Ingress_Exit DBWG2VCE
2025-03-18 00:39:59,015 - INFO - Ingress_Enter 0K8RTHHH
2025-03-18 00:39:59,115 - INFO - Ingress_Exit 0K8RTHHH
2025-03-18 00:39:59,142 - INFO - Ingress_Enter OIBCLNAL
2025-03-18 00:39:59,242 - INFO - Ingress_Exit OIBCLNAL
2025-03-18 00:40:00,014 - INFO - Ingress_Enter Z4DPXD9Y
2025-03-18 00:40:00,133 - INFO - Ingress_Exit Z4DPXD9Y
2025-03-18 00:40:00,142 - INFO - Ingress_Enter STW1EU0J
2025-03-18 00:40:00,241 - INFO - Ingress_Exit STW1EU0J
2025-03-18 00:40:00,368 - INFO - Ingress_Enter FYNB8SM5
2025-03-18 00:40:00,478 - INFO - Ingress_Exit FYNB8SM5
2025-03-18 00:40:00,721 - INFO - Ingress_Enter IIXKZMSL
2025-03-18 00:40:00,818 - INFO - Ingress_Enter ADNM3C0H
2025-03-18 00:40:00,846 - INFO - Ingress_Exit IIXKZMSL
2025-03-18 00:40:00,919 - INFO - Ingress_Exit ADNM3C0H
2025-03-18 00:40:01,142 - INFO - Ingress_Enter 52T6VD3H
2025-03-18 00:40:01,237 - INFO - Ingress_Exit 52T6VD3H
2025-03-18 00:40:02,108 - INFO - Ingress_Enter OW55HC5I
2025-03-18 00:40:02,204 - INFO - Ingress_Exit OW55HC5I
2025-03-18 00:40:02,494 - INFO - Ingress_Enter GS08UE4W
2025-03-18 00:40:02,594 - INFO - Ingress_Exit GS08UE4W
2025-03-18 00:40:02,624 - INFO - Ingress_Enter VP70XOMR
2025-03-18 00:40:02,716 - INFO - Ingress_Exit VP70XOMR
2025-03-18 00:40:03,009 - INFO - Ingress_Enter 0JW9HNJD
2025-03-18 00:40:03,106 - INFO - Ingress_Exit 0JW9HNJD
2025-03-18 00:40:03,139 - INFO - Ingress_Enter 8RZKLUR5
2025-03-18 00:40:03,234 - INFO - Ingress_Exit 8RZKLUR5
2025-03-18 00:40:03,848 - INFO - Ingress_Enter JOK5F3IF
2025-03-18 00:40:03,948 - INFO - Ingress_Exit JOK5F3IF
2025-03-18 00:40:04,073 - INFO - Ingress_Enter L4AI2HN0
2025-03-18 00:40:04,207 - INFO - Ingress_Exit L4AI2HN0
2025-03-18 00:40:04,266 - INFO - Ingress_Enter AKD1YO7Y
2025-03-18 00:40:04,362 - INFO - Ingress_Exit AKD1YO7Y
2025-03-18 00:40:04,877 - INFO - Ingress_Enter JSGK2SOV
2025-03-18 00:40:04,942 - INFO - Ingress_Enter 67NGQV8U
2025-03-18 00:40:04,977 - INFO - Ingress_Exit JSGK2SOV
2025-03-18 00:40:05,036 - INFO - Ingress_Exit 67NGQV8U
2025-03-18 00:40:09,548 - INFO - Ingress_Enter 0PNPLGJH
2025-03-18 00:40:09,650 - INFO - Ingress_Exit 0PNPLGJH
2025-03-18 00:40:09,707 - INFO - Ingress_Enter GECOEMHE
2025-03-18 00:40:09,801 - INFO - Ingress_Exit GECOEMHE
2025-03-18 00:40:10,448 - INFO - Ingress_Enter Y9MOW5L2
2025-03-18 00:40:10,546 - INFO - Ingress_Exit Y9MOW5L2
2025-03-18 00:40:10,802 - INFO - Ingress_Enter 2IC1UJHY
2025-03-18 00:40:10,915 - INFO - Ingress_Exit 2IC1UJHY
2025-03-18 00:40:11,478 - INFO - Ingress_Enter KNFPEVDS
2025-03-18 00:40:11,583 - INFO - Ingress_Exit KNFPEVDS
2025-03-18 00:40:12,283 - INFO - Ingress_Enter 92I19D58
2025-03-18 00:40:12,394 - INFO - Ingress_Exit 92I19D58
2025-03-18 00:40:12,733 - INFO - Ingress_Enter XLJIESA0
2025-03-18 00:40:12,798 - INFO - Ingress_Enter 0L1MZSKF
2025-03-18 00:40:12,832 - INFO - Ingress_Exit XLJIESA0
2025-03-18 00:40:12,896 - INFO - Ingress_Exit 0L1MZSKF
2025-03-18 00:40:14,408 - INFO - Ingress_Enter OIBVXSJR
2025-03-18 00:40:14,440 - INFO - Ingress_Enter C5Z4IJDI
2025-03-18 00:40:14,512 - INFO - Ingress_Exit OIBVXSJR
2025-03-18 00:40:14,536 - INFO - Ingress_Enter C0O2558L
2025-03-18 00:40:14,547 - INFO - Ingress_Exit C5Z4IJDI
2025-03-18 00:40:14,646 - INFO - Ingress_Exit C0O2558L
2025-03-18 00:40:15,439 - INFO - Ingress_Enter 2B88A9QL
2025-03-18 00:40:15,470 - INFO - Ingress_Enter 145UJSYG
2025-03-18 00:40:15,637 - INFO - Ingress_Exit 2B88A9QL
2025-03-18 00:40:15,726 - INFO - Ingress_Exit 145UJSYG
2025-03-18 00:40:16,180 - INFO - Ingress_Enter XKUM7PPP
2025-03-18 00:40:16,288 - INFO - Ingress_Exit XKUM7PPP
2025-03-18 00:40:16,404 - INFO - Ingress_Enter 9J875LUM
2025-03-18 00:40:16,437 - INFO - Ingress_Enter QO87X92D
2025-03-18 00:40:16,505 - INFO - Ingress_Exit 9J875LUM
2025-03-18 00:40:16,543 - INFO - Ingress_Exit QO87X92D
2025-03-18 00:40:17,082 - INFO - Ingress_Enter 484TJW74
2025-03-18 00:40:17,114 - INFO - Ingress_Enter RA4SGBCF
2025-03-18 00:40:17,146 - INFO - Ingress_Enter MFR8YT2K
2025-03-18 00:40:17,186 - INFO - Ingress_Exit 484TJW74
2025-03-18 00:40:17,225 - INFO - Ingress_Exit RA4SGBCF
2025-03-18 00:40:17,248 - INFO - Ingress_Exit MFR8YT2K
2025-03-18 00:40:27,892 - INFO - Ingress_Enter 7T5YYV6H
2025-03-18 00:40:28,000 - INFO - Ingress_Exit 7T5YYV6H
2025-03-18 00:40:28,500 - INFO - Ingress_Enter 3RHG4Y2C
2025-03-18 00:40:28,620 - INFO - Ingress_Exit 3RHG4Y2C
2025-03-18 00:40:28,693 - INFO - Ingress_Enter O25GBOHW
2025-03-18 00:40:28,788 - INFO - Ingress_Exit O25GBOHW
2025-03-18 00:40:29,016 - INFO - Ingress_Enter Y4TKNT1G
2025-03-18 00:40:29,048 - INFO - Ingress_Enter OMIDWIJQ
2025-03-18 00:40:29,080 - INFO - Ingress_Enter AJ20MVL1
2025-03-18 00:40:29,113 - INFO - Ingress_Exit Y4TKNT1G
2025-03-18 00:40:29,143 - INFO - Ingress_Exit OMIDWIJQ
2025-03-18 00:40:29,176 - INFO - Ingress_Exit AJ20MVL1
2025-03-18 00:40:39,572 - INFO - Ingress_Enter 5KGODJ4D
2025-03-18 00:40:39,677 - INFO - Ingress_Exit 5KGODJ4D
2025-03-18 00:40:39,959 - INFO - Ingress_Enter 1O9UVTZQ
2025-03-18 00:40:39,991 - INFO - Ingress_Enter EQY7353V
2025-03-18 00:40:40,057 - INFO - Ingress_Exit 1O9UVTZQ
2025-03-18 00:40:40,088 - INFO - Ingress_Exit EQY7353V
2025-03-18 00:40:40,120 - INFO - Ingress_Enter YIGZVY0A
2025-03-18 00:40:40,223 - INFO - Ingress_Exit YIGZVY0A
2025-03-18 00:40:40,569 - INFO - Ingress_Enter VBL2T1ZY
2025-03-18 00:40:40,602 - INFO - Ingress_Enter E5IUPC7H
2025-03-18 00:40:40,664 - INFO - Ingress_Exit VBL2T1ZY
2025-03-18 00:40:40,667 - INFO - Ingress_Enter 8D5B3HCO
2025-03-18 00:40:40,701 - INFO - Ingress_Exit E5IUPC7H
2025-03-18 00:40:40,763 - INFO - Ingress_Exit 8D5B3HCO
2025-03-18 00:40:40,794 - INFO - Ingress_Enter YU93Z01M
2025-03-18 00:40:40,859 - INFO - Ingress_Enter NYVGO41D
2025-03-18 00:40:40,901 - INFO - Ingress_Exit YU93Z01M
2025-03-18 00:40:40,954 - INFO - Ingress_Exit NYVGO41D
2025-03-18 00:40:41,052 - INFO - Ingress_Enter 2EG3ULP0
2025-03-18 00:40:41,145 - INFO - Ingress_Exit 2EG3ULP0
2025-03-18 00:40:41,212 - INFO - Ingress_Enter COXRQLIW
2025-03-18 00:40:41,306 - INFO - Ingress_Exit COXRQLIW
2025-03-18 00:40:41,950 - INFO - Ingress_Enter 05YS7JSV
2025-03-18 00:40:42,045 - INFO - Ingress_Exit 05YS7JSV
2025-03-18 00:40:42,563 - INFO - Ingress_Enter 9VJMX0L0
2025-03-18 00:40:42,664 - INFO - Ingress_Exit 9VJMX0L0
2025-03-18 00:40:42,691 - INFO - Ingress_Enter IKXJEN1B
2025-03-18 00:40:42,755 - INFO - Ingress_Enter 34LQL6IQ
2025-03-18 00:40:42,784 - INFO - Ingress_Exit IKXJEN1B
2025-03-18 00:40:42,850 - INFO - Ingress_Exit 34LQL6IQ
2025-03-18 00:40:43,817 - INFO - Ingress_Enter MWHDXSZ1
2025-03-18 00:40:43,915 - INFO - Ingress_Exit MWHDXSZ1
2025-03-18 00:40:44,234 - INFO - Ingress_Enter AKQDOGPS
2025-03-18 00:40:44,332 - INFO - Ingress_Exit AKQDOGPS
2025-03-18 00:40:44,361 - INFO - Ingress_Enter NIIOHCLT
2025-03-18 00:40:44,426 - INFO - Ingress_Enter 765OC9V2
2025-03-18 00:40:44,450 - INFO - Ingress_Exit NIIOHCLT
2025-03-18 00:40:44,523 - INFO - Ingress_Exit 765OC9V2
2025-03-18 00:40:45,262 - INFO - Ingress_Enter 7TRHACOX
2025-03-18 00:40:45,368 - INFO - Ingress_Exit 7TRHACOX
2025-03-18 00:40:45,775 - INFO - Ingress_Enter 0JRQ58JC
2025-03-18 00:40:45,807 - INFO - Ingress_Enter 2NLBETGU
2025-03-18 00:40:45,876 - INFO - Ingress_Exit 0JRQ58JC
2025-03-18 00:40:45,912 - INFO - Ingress_Exit 2NLBETGU
2025-03-18 00:40:46,997 - INFO - Ingress_Enter Y00QIVD6
2025-03-18 00:40:47,105 - INFO - Ingress_Exit Y00QIVD6
2025-03-18 00:40:47,285 - INFO - Ingress_Enter 23U8JOOV
2025-03-18 00:40:47,317 - INFO - Ingress_Enter W1BEX8GV
2025-03-18 00:40:47,383 - INFO - Ingress_Exit 23U8JOOV
2025-03-18 00:40:47,417 - INFO - Ingress_Exit W1BEX8GV
2025-03-18 00:40:48,987 - INFO - Ingress_Enter L9XQVG3A
2025-03-18 00:40:49,051 - INFO - Ingress_Enter OH1UD4UZ
2025-03-18 00:40:49,092 - INFO - Ingress_Exit L9XQVG3A
2025-03-18 00:40:49,152 - INFO - Ingress_Exit OH1UD4UZ
2025-03-18 00:40:54,520 - INFO - Ingress_Enter PF75D0YH
2025-03-18 00:40:54,622 - INFO - Ingress_Exit PF75D0YH
2025-03-18 00:40:54,647 - INFO - Ingress_Enter XHXNSO55
2025-03-18 00:40:54,711 - INFO - Ingress_Enter PZ8DDUWI
2025-03-18 00:40:54,746 - INFO - Ingress_Exit XHXNSO55
2025-03-18 00:40:54,808 - INFO - Ingress_Enter PDOQ75D2
2025-03-18 00:40:54,810 - INFO - Ingress_Exit PZ8DDUWI
2025-03-18 00:40:54,924 - INFO - Ingress_Exit PDOQ75D2
2025-03-18 00:40:57,862 - INFO - Ingress_Enter B2HEAP77
2025-03-18 00:40:57,957 - INFO - Ingress_Enter YCNBZ6TL
2025-03-18 00:40:57,965 - INFO - Ingress_Exit B2HEAP77
2025-03-18 00:40:58,061 - INFO - Ingress_Exit YCNBZ6TL
2025-03-18 00:40:58,405 - INFO - Ingress_Enter GPS3QOT8
2025-03-18 00:40:58,508 - INFO - Ingress_Exit GPS3QOT8
2025-03-18 00:40:58,600 - INFO - Ingress_Enter BJLLLRB8
2025-03-18 00:40:58,706 - INFO - Ingress_Exit BJLLLRB8
2025-03-18 00:40:59,048 - INFO - Ingress_Enter JFC7WMXX
2025-03-18 00:40:59,149 - INFO - Ingress_Exit JFC7WMXX
2025-03-18 00:40:59,337 - INFO - Ingress_Enter A87IYM57
2025-03-18 00:40:59,439 - INFO - Ingress_Exit A87IYM57
2025-03-18 00:40:59,466 - INFO - Ingress_Enter 9KD4T84Z
2025-03-18 00:40:59,569 - INFO - Ingress_Exit 9KD4T84Z
2025-03-18 00:40:59,658 - INFO - Ingress_Enter CKOJ4G09
2025-03-18 00:40:59,751 - INFO - Ingress_Exit CKOJ4G09
2025-03-18 00:40:59,819 - INFO - Ingress_Enter PRJLBAYK
2025-03-18 00:40:59,883 - INFO - Ingress_Enter PLRTW7TI
2025-03-18 00:40:59,920 - INFO - Ingress_Exit PRJLBAYK
2025-03-18 00:40:59,988 - INFO - Ingress_Exit PLRTW7TI
2025-03-18 00:41:02,652 - INFO - Ingress_Enter NDISR4T5
2025-03-18 00:41:02,755 - INFO - Ingress_Exit NDISR4T5
2025-03-18 00:41:03,390 - INFO - Ingress_Enter 9R1CPV44
2025-03-18 00:41:03,492 - INFO - Ingress_Exit 9R1CPV44
2025-03-18 00:41:03,906 - INFO - Ingress_Enter ZW1CTNO7
2025-03-18 00:41:04,001 - INFO - Ingress_Exit ZW1CTNO7
2025-03-18 00:41:04,874 - INFO - Ingress_Enter X2A5NYQU
2025-03-18 00:41:04,969 - INFO - Ingress_Exit X2A5NYQU
2025-03-18 00:41:05,131 - INFO - Ingress_Enter XG6DY3HI
2025-03-18 00:41:05,246 - INFO - Ingress_Exit XG6DY3HI
2025-03-18 00:41:06,190 - INFO - Ingress_Enter D23E55LV
2025-03-18 00:41:06,286 - INFO - Ingress_Exit D23E55LV
2025-03-18 00:41:07,028 - INFO - Ingress_Enter O45Q3JIO
2025-03-18 00:41:07,130 - INFO - Ingress_Exit O45Q3JIO
2025-03-18 00:41:07,188 - INFO - Ingress_Enter PJANONL2
2025-03-18 00:41:07,290 - INFO - Ingress_Exit PJANONL2
2025-03-18 00:41:07,445 - INFO - Ingress_Enter BD87VGQL
2025-03-18 00:41:07,539 - INFO - Ingress_Exit BD87VGQL
2025-03-18 00:41:07,639 - INFO - Ingress_Enter 1HJ9WTQ1
2025-03-18 00:41:07,735 - INFO - Ingress_Exit 1HJ9WTQ1
2025-03-18 00:41:07,896 - INFO - Ingress_Enter M3FUSOMV
2025-03-18 00:41:07,991 - INFO - Ingress_Exit M3FUSOMV
2025-03-18 00:41:08,601 - INFO - Ingress_Enter BYWXQD3D
2025-03-18 00:41:08,700 - INFO - Ingress_Exit BYWXQD3D
2025-03-18 00:41:08,729 - INFO - Ingress_Enter 5Y7EF2PG
2025-03-18 00:41:08,827 - INFO - Ingress_Exit 5Y7EF2PG
2025-03-18 00:41:08,863 - INFO - Ingress_Enter R4XCDMCI
2025-03-18 00:41:08,957 - INFO - Ingress_Exit R4XCDMCI
2025-03-18 00:41:09,084 - INFO - Ingress_Enter Q9B09XMT
2025-03-18 00:41:09,116 - INFO - Ingress_Enter HB5G8LA9
2025-03-18 00:41:09,175 - INFO - Ingress_Exit Q9B09XMT
2025-03-18 00:41:09,209 - INFO - Ingress_Exit HB5G8LA9
2025-03-18 00:41:09,860 - INFO - Ingress_Enter PE4U151G
2025-03-18 00:41:09,892 - INFO - Ingress_Enter SNTTUQ8B
2025-03-18 00:41:09,960 - INFO - Ingress_Exit PE4U151G
2025-03-18 00:41:09,999 - INFO - Ingress_Exit SNTTUQ8B
2025-03-18 00:41:10,602 - INFO - Ingress_Enter 0DX3DX4T
2025-03-18 00:41:10,702 - INFO - Ingress_Exit 0DX3DX4T
2025-03-18 00:41:10,762 - INFO - Ingress_Enter 7AML1IBY
2025-03-18 00:41:10,862 - INFO - Ingress_Exit 7AML1IBY
2025-03-18 00:41:11,375 - INFO - Ingress_Enter F57L6AF4
2025-03-18 00:41:11,471 - INFO - Ingress_Exit F57L6AF4
2025-03-18 00:41:11,534 - INFO - Ingress_Enter E9C4AED9
2025-03-18 00:41:11,638 - INFO - Ingress_Exit E9C4AED9
2025-03-18 00:41:11,791 - INFO - Ingress_Enter 2L00VXON
2025-03-18 00:41:11,890 - INFO - Ingress_Exit 2L00VXON
2025-03-18 00:41:12,143 - INFO - Ingress_Enter 886ENJU7
2025-03-18 00:41:12,238 - INFO - Ingress_Exit 886ENJU7
2025-03-18 00:41:12,336 - INFO - Ingress_Enter 3CMNWQQN
2025-03-18 00:41:12,436 - INFO - Ingress_Exit 3CMNWQQN
2025-03-18 00:41:12,657 - INFO - Ingress_Enter BG3LUE5M
2025-03-18 00:41:12,752 - INFO - Ingress_Exit BG3LUE5M
2025-03-18 00:41:13,140 - INFO - Ingress_Enter 1O3I5Y5S
2025-03-18 00:41:13,244 - INFO - Ingress_Exit 1O3I5Y5S
2025-03-18 00:41:13,656 - INFO - Ingress_Enter S8R4SO96
2025-03-18 00:41:13,750 - INFO - Ingress_Exit S8R4SO96
2025-03-18 00:41:14,271 - INFO - Ingress_Enter 4TP93R6J
2025-03-18 00:41:14,366 - INFO - Ingress_Exit 4TP93R6J
2025-03-18 00:41:14,464 - INFO - Ingress_Enter UWOP9QIX
2025-03-18 00:41:14,558 - INFO - Ingress_Exit UWOP9QIX
2025-03-18 00:41:14,561 - INFO - Ingress_Enter 95XFAUQY
2025-03-18 00:41:14,659 - INFO - Ingress_Exit 95XFAUQY
2025-03-18 00:41:15,431 - INFO - Ingress_Enter HAMTABZX
2025-03-18 00:41:15,541 - INFO - Ingress_Exit HAMTABZX
2025-03-18 00:41:15,622 - INFO - Ingress_Enter H90VXLVO
2025-03-18 00:41:15,717 - INFO - Ingress_Exit H90VXLVO
2025-03-18 00:41:16,008 - INFO - Ingress_Enter V4QLLPE3
2025-03-18 00:41:16,099 - INFO - Ingress_Exit V4QLLPE3
2025-03-18 00:41:16,137 - INFO - Ingress_Enter 2OC7ELNC
2025-03-18 00:41:16,233 - INFO - Ingress_Exit 2OC7ELNC
2025-03-18 00:41:16,265 - INFO - Ingress_Enter OJPAE4E0
2025-03-18 00:41:16,365 - INFO - Ingress_Exit OJPAE4E0
2025-03-18 00:41:16,458 - INFO - Ingress_Enter ZGNZ8J1O
2025-03-18 00:41:16,554 - INFO - Ingress_Exit ZGNZ8J1O
2025-03-18 00:41:17,263 - INFO - Ingress_Enter 6UJKPO2B
2025-03-18 00:41:17,360 - INFO - Ingress_Exit 6UJKPO2B
2025-03-18 00:41:17,391 - INFO - Ingress_Enter GRZ994JB
2025-03-18 00:41:17,483 - INFO - Ingress_Exit GRZ994JB
2025-03-18 00:41:18,612 - INFO - Ingress_Enter EN2PTS16
2025-03-18 00:41:18,716 - INFO - Ingress_Exit EN2PTS16
2025-03-18 00:41:20,157 - INFO - Ingress_Enter WH0TOD23
2025-03-18 00:41:20,250 - INFO - Ingress_Exit WH0TOD23
2025-03-18 00:41:20,447 - INFO - Ingress_Enter IR86WSH9
2025-03-18 00:41:20,543 - INFO - Ingress_Exit IR86WSH9
2025-03-18 00:41:20,639 - INFO - Ingress_Enter GZX5MU83
2025-03-18 00:41:20,736 - INFO - Ingress_Enter O5RB9B37
2025-03-18 00:41:20,745 - INFO - Ingress_Exit GZX5MU83
2025-03-18 00:41:20,768 - INFO - Ingress_Enter A1S9M3WL
2025-03-18 00:41:20,833 - INFO - Ingress_Exit O5RB9B37
2025-03-18 00:41:20,863 - INFO - Ingress_Exit A1S9M3WL
2025-03-18 00:41:21,734 - INFO - Ingress_Enter TKJMP33Q
2025-03-18 00:41:21,835 - INFO - Ingress_Exit TKJMP33Q
2025-03-18 00:41:21,862 - INFO - Ingress_Enter PF5WIAXE
2025-03-18 00:41:21,963 - INFO - Ingress_Exit PF5WIAXE
2025-03-18 00:41:21,992 - INFO - Ingress_Enter 6M3HG1CA
2025-03-18 00:41:22,093 - INFO - Ingress_Exit 6M3HG1CA
2025-03-18 00:41:22,119 - INFO - Ingress_Enter U2PAQJNN
2025-03-18 00:41:22,216 - INFO - Ingress_Exit U2PAQJNN
2025-03-18 00:41:23,411 - INFO - Ingress_Enter WQYDHHBF
2025-03-18 00:41:23,507 - INFO - Ingress_Exit WQYDHHBF
2025-03-18 00:41:23,539 - INFO - Ingress_Enter 6WLDFW0K
2025-03-18 00:41:23,647 - INFO - Ingress_Exit 6WLDFW0K
2025-03-18 00:41:23,667 - INFO - Ingress_Enter 7PTR9Q4N
2025-03-18 00:41:23,768 - INFO - Ingress_Exit 7PTR9Q4N
2025-03-18 00:41:24,760 - INFO - Ingress_Enter CSDQAESQ
2025-03-18 00:41:24,875 - INFO - Ingress_Exit CSDQAESQ
2025-03-18 00:41:25,083 - INFO - Ingress_Enter X6PAILXG
2025-03-18 00:41:25,184 - INFO - Ingress_Exit X6PAILXG
2025-03-18 00:41:25,211 - INFO - Ingress_Enter YIL21KW4
2025-03-18 00:41:25,304 - INFO - Ingress_Exit YIL21KW4
2025-03-18 00:41:25,469 - INFO - Ingress_Enter ZMJWBJEH
2025-03-18 00:41:25,567 - INFO - Ingress_Exit ZMJWBJEH
2025-03-18 00:41:25,921 - INFO - Ingress_Enter 0TRXCIYB
2025-03-18 00:41:26,034 - INFO - Ingress_Exit 0TRXCIYB
2025-03-18 00:41:26,082 - INFO - Ingress_Enter 7AM68GXB
2025-03-18 00:41:26,177 - INFO - Ingress_Exit 7AM68GXB
2025-03-18 00:41:26,339 - INFO - Ingress_Enter HO4056AK
2025-03-18 00:41:26,448 - INFO - Ingress_Exit HO4056AK
2025-03-18 00:41:26,952 - INFO - Ingress_Enter QIDR0NTF
2025-03-18 00:41:27,049 - INFO - Ingress_Enter 2LK9DWQK
2025-03-18 00:41:27,050 - INFO - Ingress_Exit QIDR0NTF
2025-03-18 00:41:27,155 - INFO - Ingress_Exit 2LK9DWQK
