2025-03-31 23:26:21,304 - INFO - Ingress_Enter IXRVYA8K
2025-03-31 23:26:21,409 - INFO - Ingress_Exit IXRVYA8K
2025-03-31 23:26:21,928 - INFO - Ingress_Enter DJS5E4GT
2025-03-31 23:26:22,029 - INFO - Ingress_Exit DJS5E4GT
2025-03-31 23:26:22,290 - INFO - Ingress_Enter 56J06I01
2025-03-31 23:26:22,355 - INFO - Ingress_Enter PDL30TND
2025-03-31 23:26:22,388 - INFO - Ingress_Exit 56J06I01
2025-03-31 23:26:22,458 - INFO - Ingress_Exit PDL30TND
2025-03-31 23:26:26,362 - INFO - Ingress_Enter BCZ0SY72
2025-03-31 23:26:26,456 - INFO - Ingress_Exit BCZ0SY72
2025-03-31 23:26:26,526 - INFO - Ingress_Enter QNGVDUG7
2025-03-31 23:26:26,619 - INFO - Ingress_Exit QNGVDUG7
2025-03-31 23:26:26,888 - INFO - Ingress_Enter L95TNNIH
2025-03-31 23:26:26,982 - INFO - Ingress_Exit L95TNNIH
2025-03-31 23:26:27,410 - INFO - Ingress_Enter NVVYE32D
2025-03-31 23:26:27,508 - INFO - Ingress_Exit NVVYE32D
2025-03-31 23:26:29,546 - INFO - Ingress_Enter P2YGRGC7
2025-03-31 23:26:29,637 - INFO - Ingress_Exit P2YGRGC7
2025-03-31 23:26:30,333 - INFO - Ingress_Enter S1G7SFBQ
2025-03-31 23:26:30,398 - INFO - Ingress_Enter NFGHGN7Q
2025-03-31 23:26:30,426 - INFO - Ingress_Exit S1G7SFBQ
2025-03-31 23:26:30,492 - INFO - Ingress_Exit NFGHGN7Q
2025-03-31 23:26:31,123 - INFO - Ingress_Enter F5P0Q2VP
2025-03-31 23:26:31,216 - INFO - Ingress_Exit F5P0Q2VP
2025-03-31 23:26:31,650 - INFO - Ingress_Enter RVRCDUNP
2025-03-31 23:26:31,741 - INFO - Ingress_Exit RVRCDUNP
2025-03-31 23:26:32,698 - INFO - Ingress_Enter ER0IP5PH
2025-03-31 23:26:32,787 - INFO - Ingress_Exit ER0IP5PH
2025-03-31 23:26:33,225 - INFO - Ingress_Enter K9P0GV2O
2025-03-31 23:26:33,322 - INFO - Ingress_Exit K9P0GV2O
2025-03-31 23:26:33,388 - INFO - Ingress_Enter H5U3O6MM
2025-03-31 23:26:33,455 - INFO - Ingress_Enter VMPJ1JG3
2025-03-31 23:26:33,480 - INFO - Ingress_Exit H5U3O6MM
2025-03-31 23:26:33,546 - INFO - Ingress_Exit VMPJ1JG3
2025-03-31 23:26:33,818 - INFO - Ingress_Enter OPIDAEWC
2025-03-31 23:26:33,883 - INFO - Ingress_Enter ZKVOI287
2025-03-31 23:26:33,911 - INFO - Ingress_Exit OPIDAEWC
2025-03-31 23:26:33,978 - INFO - Ingress_Exit ZKVOI287
2025-03-31 23:26:34,047 - INFO - Ingress_Enter 3ADEZJD3
2025-03-31 23:26:34,080 - INFO - Ingress_Enter IKIW07T7
2025-03-31 23:26:34,136 - INFO - Ingress_Exit 3ADEZJD3
2025-03-31 23:26:34,171 - INFO - Ingress_Exit IKIW07T7
2025-03-31 23:26:36,514 - INFO - Ingress_Enter I9CMVKAL
2025-03-31 23:26:36,609 - INFO - Ingress_Exit I9CMVKAL
2025-03-31 23:26:36,776 - INFO - Ingress_Enter 2SF8897G
2025-03-31 23:26:36,874 - INFO - Ingress_Exit 2SF8897G
2025-03-31 23:26:36,908 - INFO - Ingress_Enter 3S5UH9WV
2025-03-31 23:26:37,002 - INFO - Ingress_Exit 3S5UH9WV
2025-03-31 23:26:37,040 - INFO - Ingress_Enter H91QGXTW
2025-03-31 23:26:37,132 - INFO - Ingress_Exit H91QGXTW
2025-03-31 23:26:37,138 - INFO - Ingress_Enter LOV5Q0U0
2025-03-31 23:26:37,233 - INFO - Ingress_Exit LOV5Q0U0
2025-03-31 23:26:37,270 - INFO - Ingress_Enter V4ZWI3LT
2025-03-31 23:26:37,361 - INFO - Ingress_Exit V4ZWI3LT
2025-03-31 23:26:38,252 - INFO - Ingress_Enter XMMTI82D
2025-03-31 23:26:38,341 - INFO - Ingress_Exit XMMTI82D
2025-03-31 23:26:38,514 - INFO - Ingress_Enter 71TW8XCI
2025-03-31 23:26:38,607 - INFO - Ingress_Exit 71TW8XCI
2025-03-31 23:26:38,975 - INFO - Ingress_Enter POZ7PAJ6
2025-03-31 23:26:39,061 - INFO - Ingress_Exit POZ7PAJ6
2025-03-31 23:26:39,303 - INFO - Ingress_Enter JOIMU5EQ
2025-03-31 23:26:39,400 - INFO - Ingress_Exit JOIMU5EQ
2025-03-31 23:26:40,552 - INFO - Ingress_Enter 3JWR9FRM
2025-03-31 23:26:40,645 - INFO - Ingress_Exit 3JWR9FRM
2025-03-31 23:26:40,914 - INFO - Ingress_Enter 91LWDSZ7
2025-03-31 23:26:40,979 - INFO - Ingress_Enter 0A5NS6TU
2025-03-31 23:26:41,008 - INFO - Ingress_Exit 91LWDSZ7
2025-03-31 23:26:41,066 - INFO - Ingress_Exit 0A5NS6TU
2025-03-31 23:26:41,901 - INFO - Ingress_Enter W30V42AN
2025-03-31 23:26:41,990 - INFO - Ingress_Exit W30V42AN
2025-03-31 23:26:42,593 - INFO - Ingress_Enter QJQ28JGH
2025-03-31 23:26:42,682 - INFO - Ingress_Exit QJQ28JGH
2025-03-31 23:26:43,019 - INFO - Ingress_Enter R0CQMWJN
2025-03-31 23:26:43,116 - INFO - Ingress_Exit R0CQMWJN
2025-03-31 23:26:43,379 - INFO - Ingress_Enter 3PYH55QC
2025-03-31 23:26:43,472 - INFO - Ingress_Exit 3PYH55QC
2025-03-31 23:26:43,815 - INFO - Ingress_Enter O6EL7JTY
2025-03-31 23:26:43,907 - INFO - Ingress_Exit O6EL7JTY
2025-03-31 23:26:44,277 - INFO - Ingress_Enter PZPHVUVN
2025-03-31 23:26:44,342 - INFO - Ingress_Enter XMA5DJTC
2025-03-31 23:26:44,370 - INFO - Ingress_Exit PZPHVUVN
2025-03-31 23:26:44,432 - INFO - Ingress_Exit XMA5DJTC
2025-03-31 23:26:45,132 - INFO - Ingress_Enter 3PYZ7T12
2025-03-31 23:26:45,230 - INFO - Ingress_Enter DEZOXTPM
2025-03-31 23:26:45,243 - INFO - Ingress_Exit 3PYZ7T12
2025-03-31 23:26:45,341 - INFO - Ingress_Exit DEZOXTPM
2025-03-31 23:26:46,282 - INFO - Ingress_Enter DM7NPABD
2025-03-31 23:26:46,377 - INFO - Ingress_Exit DM7NPABD
2025-03-31 23:26:46,939 - INFO - Ingress_Enter OL2UWRTW
2025-03-31 23:26:47,032 - INFO - Ingress_Exit OL2UWRTW
2025-03-31 23:26:47,036 - INFO - Ingress_Enter XBYMYUHR
2025-03-31 23:26:47,131 - INFO - Ingress_Exit XBYMYUHR
2025-03-31 23:26:47,464 - INFO - Ingress_Enter QIYZRV49
2025-03-31 23:26:47,530 - INFO - Ingress_Enter GSKFRDWV
2025-03-31 23:26:47,559 - INFO - Ingress_Exit QIYZRV49
2025-03-31 23:26:47,634 - INFO - Ingress_Exit GSKFRDWV
2025-03-31 23:26:48,090 - INFO - Ingress_Enter G82NLOQC
2025-03-31 23:26:48,189 - INFO - Ingress_Exit G82NLOQC
2025-03-31 23:26:48,416 - INFO - Ingress_Enter TNTQIJ2E
2025-03-31 23:26:48,449 - INFO - Ingress_Enter LML29S1B
2025-03-31 23:26:48,518 - INFO - Ingress_Exit TNTQIJ2E
2025-03-31 23:26:48,547 - INFO - Ingress_Exit LML29S1B
2025-03-31 23:26:50,914 - INFO - Ingress_Enter GC5GL26C
2025-03-31 23:26:51,011 - INFO - Ingress_Exit GC5GL26C
2025-03-31 23:26:51,209 - INFO - Ingress_Enter CLXV8ITB
2025-03-31 23:26:51,299 - INFO - Ingress_Exit CLXV8ITB
2025-03-31 23:26:51,868 - INFO - Ingress_Enter EEL7BKRL
2025-03-31 23:26:51,962 - INFO - Ingress_Exit EEL7BKRL
2025-03-31 23:26:52,132 - INFO - Ingress_Enter 9ACNLBM7
2025-03-31 23:26:52,223 - INFO - Ingress_Exit 9ACNLBM7
2025-03-31 23:26:53,185 - INFO - Ingress_Enter HW3L3ZYT
2025-03-31 23:26:53,278 - INFO - Ingress_Exit HW3L3ZYT
2025-03-31 23:26:53,448 - INFO - Ingress_Enter TJXK3XO6
2025-03-31 23:26:53,549 - INFO - Ingress_Exit TJXK3XO6
2025-03-31 23:26:53,744 - INFO - Ingress_Enter PDS79R2D
2025-03-31 23:26:53,832 - INFO - Ingress_Exit PDS79R2D
2025-03-31 23:26:53,874 - INFO - Ingress_Enter WWR5C6FV
2025-03-31 23:26:53,940 - INFO - Ingress_Enter KVT1YT9W
2025-03-31 23:26:53,968 - INFO - Ingress_Exit WWR5C6FV
2025-03-31 23:26:54,005 - INFO - Ingress_Enter Y16HX2TQ
2025-03-31 23:26:54,033 - INFO - Ingress_Exit KVT1YT9W
2025-03-31 23:26:54,096 - INFO - Ingress_Exit Y16HX2TQ
2025-03-31 23:26:55,027 - INFO - Ingress_Enter N80RZYOH
2025-03-31 23:26:55,059 - INFO - Ingress_Enter XQ0BYJLR
2025-03-31 23:26:55,125 - INFO - Ingress_Exit N80RZYOH
2025-03-31 23:26:55,155 - INFO - Ingress_Exit XQ0BYJLR
2025-03-31 23:26:55,816 - INFO - Ingress_Enter A0U9AE7D
2025-03-31 23:26:55,907 - INFO - Ingress_Exit A0U9AE7D
2025-03-31 23:26:56,472 - INFO - Ingress_Enter DLATYILS
2025-03-31 23:26:56,565 - INFO - Ingress_Exit DLATYILS
2025-03-31 23:26:57,231 - INFO - Ingress_Enter 3Z0OY0LN
2025-03-31 23:26:57,325 - INFO - Ingress_Exit 3Z0OY0LN
2025-03-31 23:26:57,493 - INFO - Ingress_Enter 1I0QVTHR
2025-03-31 23:26:57,599 - INFO - Ingress_Exit 1I0QVTHR
2025-03-31 23:26:57,857 - INFO - Ingress_Enter IZRJ4MM0
2025-03-31 23:26:57,946 - INFO - Ingress_Exit IZRJ4MM0
2025-03-31 23:26:58,019 - INFO - Ingress_Enter SVYI625T
2025-03-31 23:26:58,113 - INFO - Ingress_Exit SVYI625T
2025-03-31 23:26:58,447 - INFO - Ingress_Enter CWJOR7VE
2025-03-31 23:26:58,513 - INFO - Ingress_Enter B48H49H7
2025-03-31 23:26:58,542 - INFO - Ingress_Exit CWJOR7VE
2025-03-31 23:26:58,608 - INFO - Ingress_Exit B48H49H7
2025-03-31 23:26:58,941 - INFO - Ingress_Enter L9PM8Y2Z
2025-03-31 23:26:59,040 - INFO - Ingress_Exit L9PM8Y2Z
2025-03-31 23:26:59,235 - INFO - Ingress_Enter 60PEAMGQ
2025-03-31 23:26:59,327 - INFO - Ingress_Exit 60PEAMGQ
2025-03-31 23:26:59,333 - INFO - Ingress_Enter WDL3E1CV
2025-03-31 23:26:59,425 - INFO - Ingress_Exit WDL3E1CV
2025-03-31 23:26:59,530 - INFO - Ingress_Enter U3CQ1CKL
2025-03-31 23:26:59,630 - INFO - Ingress_Exit U3CQ1CKL
2025-03-31 23:26:59,661 - INFO - Ingress_Enter PBGVCEEV
2025-03-31 23:26:59,755 - INFO - Ingress_Exit PBGVCEEV
2025-03-31 23:27:00,185 - INFO - Ingress_Enter JBUXR2KB
2025-03-31 23:27:00,278 - INFO - Ingress_Exit JBUXR2KB
2025-03-31 23:27:00,283 - INFO - Ingress_Enter LYE4QO0F
2025-03-31 23:27:00,376 - INFO - Ingress_Exit LYE4QO0F
2025-03-31 23:27:00,974 - INFO - Ingress_Enter QREPUVON
2025-03-31 23:27:01,070 - INFO - Ingress_Exit QREPUVON
2025-03-31 23:27:02,816 - INFO - Ingress_Enter 7NNYSL4S
2025-03-31 23:27:02,908 - INFO - Ingress_Exit 7NNYSL4S
2025-03-31 23:27:03,341 - INFO - Ingress_Enter ALPSF034
2025-03-31 23:27:03,439 - INFO - Ingress_Exit ALPSF034
2025-03-31 23:27:03,669 - INFO - Ingress_Enter DPFTZWD6
2025-03-31 23:27:03,759 - INFO - Ingress_Exit DPFTZWD6
2025-03-31 23:27:04,393 - INFO - Ingress_Enter 5AMLA0N3
2025-03-31 23:27:04,426 - INFO - Ingress_Enter 27PFU6D3
2025-03-31 23:27:04,488 - INFO - Ingress_Exit 5AMLA0N3
2025-03-31 23:27:04,519 - INFO - Ingress_Exit 27PFU6D3
2025-03-31 23:27:04,755 - INFO - Ingress_Enter NEKCB7RX
2025-03-31 23:27:04,850 - INFO - Ingress_Exit NEKCB7RX
2025-03-31 23:27:05,872 - INFO - Ingress_Enter P3ANGH1M
2025-03-31 23:27:05,968 - INFO - Ingress_Exit P3ANGH1M
2025-03-31 23:27:06,036 - INFO - Ingress_Enter 3IH06FNQ
2025-03-31 23:27:06,131 - INFO - Ingress_Exit 3IH06FNQ
2025-03-31 23:27:06,232 - INFO - Ingress_Enter 4BXAQNLT
2025-03-31 23:27:06,328 - INFO - Ingress_Exit 4BXAQNLT
2025-03-31 23:27:06,824 - INFO - Ingress_Enter BWQ4YU22
2025-03-31 23:27:06,914 - INFO - Ingress_Exit BWQ4YU22
2025-03-31 23:27:07,054 - INFO - Ingress_Enter U1UW223M
2025-03-31 23:27:07,086 - INFO - Ingress_Enter M941S125
2025-03-31 23:27:07,145 - INFO - Ingress_Exit U1UW223M
2025-03-31 23:27:07,182 - INFO - Ingress_Exit M941S125
2025-03-31 23:27:08,237 - INFO - Ingress_Enter H0GUDNXH
2025-03-31 23:27:08,329 - INFO - Ingress_Exit H0GUDNXH
2025-03-31 23:27:08,569 - INFO - Ingress_Enter ERCNW8TR
2025-03-31 23:27:08,661 - INFO - Ingress_Exit ERCNW8TR
2025-03-31 23:27:08,759 - INFO - Ingress_Enter 8EO85L3O
2025-03-31 23:27:08,825 - INFO - Ingress_Enter 271L289R
2025-03-31 23:27:08,848 - INFO - Ingress_Exit 8EO85L3O
2025-03-31 23:27:08,857 - INFO - Ingress_Enter HXVL8IVF
2025-03-31 23:27:08,915 - INFO - Ingress_Exit 271L289R
2025-03-31 23:27:08,951 - INFO - Ingress_Exit HXVL8IVF
2025-03-31 23:27:09,446 - INFO - Ingress_Enter W84PM5PK
2025-03-31 23:27:09,536 - INFO - Ingress_Exit W84PM5PK
2025-03-31 23:27:09,576 - INFO - Ingress_Enter EJ4RAKYO
2025-03-31 23:27:09,642 - INFO - Ingress_Enter SBHNP1PC
2025-03-31 23:27:09,673 - INFO - Ingress_Exit EJ4RAKYO
2025-03-31 23:27:09,731 - INFO - Ingress_Exit SBHNP1PC
2025-03-31 23:27:09,838 - INFO - Ingress_Enter 2W6YAMF8
2025-03-31 23:27:09,932 - INFO - Ingress_Exit 2W6YAMF8
2025-03-31 23:27:10,100 - INFO - Ingress_Enter 4H8P6HPV
2025-03-31 23:27:10,133 - INFO - Ingress_Enter 6K5W5CO8
2025-03-31 23:27:10,198 - INFO - Ingress_Exit 4H8P6HPV
2025-03-31 23:27:10,229 - INFO - Ingress_Exit 6K5W5CO8
2025-03-31 23:27:10,297 - INFO - Ingress_Enter 04Z0ZVJF
2025-03-31 23:27:10,387 - INFO - Ingress_Exit 04Z0ZVJF
2025-03-31 23:27:11,645 - INFO - Ingress_Enter 3KHP9GCL
2025-03-31 23:27:11,710 - INFO - Ingress_Enter 82Z6P7IE
2025-03-31 23:27:11,733 - INFO - Ingress_Exit 3KHP9GCL
2025-03-31 23:27:11,776 - INFO - Ingress_Enter BPQ26ROT
2025-03-31 23:27:11,804 - INFO - Ingress_Exit 82Z6P7IE
2025-03-31 23:27:11,875 - INFO - Ingress_Exit BPQ26ROT
2025-03-31 23:27:14,801 - INFO - Ingress_Enter 9ZR8NRGB
2025-03-31 23:27:14,890 - INFO - Ingress_Exit 9ZR8NRGB
2025-03-31 23:27:15,028 - INFO - Ingress_Enter OAE26AE0
2025-03-31 23:27:15,124 - INFO - Ingress_Exit OAE26AE0
2025-03-31 23:27:15,158 - INFO - Ingress_Enter EIF0GP5J
2025-03-31 23:27:15,249 - INFO - Ingress_Exit EIF0GP5J
2025-03-31 23:27:15,257 - INFO - Ingress_Enter E780WRE8
2025-03-31 23:27:15,345 - INFO - Ingress_Exit E780WRE8
2025-03-31 23:27:15,585 - INFO - Ingress_Enter D7NU8A7F
2025-03-31 23:27:15,682 - INFO - Ingress_Exit D7NU8A7F
2025-03-31 23:27:15,749 - INFO - Ingress_Enter 25AZWA17
2025-03-31 23:27:15,782 - INFO - Ingress_Enter UZTWL562
2025-03-31 23:27:15,840 - INFO - Ingress_Exit 25AZWA17
2025-03-31 23:27:15,872 - INFO - Ingress_Exit UZTWL562
2025-03-31 23:27:16,437 - INFO - Ingress_Enter H5JA8ING
2025-03-31 23:27:16,526 - INFO - Ingress_Exit H5JA8ING
2025-03-31 23:27:16,863 - INFO - Ingress_Enter R2Y91BDR
2025-03-31 23:27:16,952 - INFO - Ingress_Exit R2Y91BDR
2025-03-31 23:27:17,327 - INFO - Ingress_Enter 2MM7IZPN
2025-03-31 23:27:17,417 - INFO - Ingress_Exit 2MM7IZPN
2025-03-31 23:27:17,420 - INFO - Ingress_Enter C6TC29DH
2025-03-31 23:27:17,511 - INFO - Ingress_Exit C6TC29DH
2025-03-31 23:27:17,910 - INFO - Ingress_Enter 4J8FQGQE
2025-03-31 23:27:18,005 - INFO - Ingress_Exit 4J8FQGQE
2025-03-31 23:27:18,139 - INFO - Ingress_Enter 6DPB4I62
2025-03-31 23:27:18,231 - INFO - Ingress_Exit 6DPB4I62
2025-03-31 23:27:18,740 - INFO - Ingress_Enter 3C0FQ66B
2025-03-31 23:27:18,832 - INFO - Ingress_Exit 3C0FQ66B
2025-03-31 23:27:19,332 - INFO - Ingress_Enter XB2FQ5TG
2025-03-31 23:27:19,428 - INFO - Ingress_Exit XB2FQ5TG
2025-03-31 23:27:19,792 - INFO - Ingress_Enter H4IW389B
2025-03-31 23:27:19,884 - INFO - Ingress_Exit H4IW389B
2025-03-31 23:27:19,956 - INFO - Ingress_Enter MEPDA0KC
2025-03-31 23:27:19,989 - INFO - Ingress_Enter CLYSJNFP
2025-03-31 23:27:20,048 - INFO - Ingress_Exit MEPDA0KC
2025-03-31 23:27:20,083 - INFO - Ingress_Exit CLYSJNFP
2025-03-31 23:27:20,284 - INFO - Ingress_Enter IPY44HB9
2025-03-31 23:27:20,375 - INFO - Ingress_Exit IPY44HB9
2025-03-31 23:27:20,745 - INFO - Ingress_Enter DFR0MF48
2025-03-31 23:27:20,838 - INFO - Ingress_Exit DFR0MF48
2025-03-31 23:27:21,400 - INFO - Ingress_Enter S7ZYBHCC
2025-03-31 23:27:21,433 - INFO - Ingress_Enter YHEK3S0H
2025-03-31 23:27:21,492 - INFO - Ingress_Exit S7ZYBHCC
2025-03-31 23:27:21,523 - INFO - Ingress_Exit YHEK3S0H
2025-03-31 23:27:22,125 - INFO - Ingress_Enter WEOTOIZQ
2025-03-31 23:27:22,220 - INFO - Ingress_Exit WEOTOIZQ
2025-03-31 23:27:22,322 - INFO - Ingress_Enter CCMU62MY
2025-03-31 23:27:22,411 - INFO - Ingress_Exit CCMU62MY
2025-03-31 23:27:22,551 - INFO - Ingress_Enter TGX33GF2
2025-03-31 23:27:22,641 - INFO - Ingress_Exit TGX33GF2
2025-03-31 23:27:22,912 - INFO - Ingress_Enter OFKSUTSW
2025-03-31 23:27:23,004 - INFO - Ingress_Exit OFKSUTSW
2025-03-31 23:27:23,141 - INFO - Ingress_Enter 6XU15NNR
2025-03-31 23:27:23,230 - INFO - Ingress_Exit 6XU15NNR
2025-03-31 23:27:23,241 - INFO - Ingress_Enter 8W1MOP9Z
2025-03-31 23:27:23,334 - INFO - Ingress_Exit 8W1MOP9Z
2025-03-31 23:27:23,604 - INFO - Ingress_Enter YPK8GTYK
2025-03-31 23:27:23,691 - INFO - Ingress_Exit YPK8GTYK
2025-03-31 23:27:24,097 - INFO - Ingress_Enter MI5N8IC8
2025-03-31 23:27:24,186 - INFO - Ingress_Exit MI5N8IC8
2025-03-31 23:27:24,557 - INFO - Ingress_Enter 6J9AQ3DX
2025-03-31 23:27:24,648 - INFO - Ingress_Exit 6J9AQ3DX
2025-03-31 23:27:24,654 - INFO - Ingress_Enter LIV0GX39
2025-03-31 23:27:24,747 - INFO - Ingress_Exit LIV0GX39
2025-03-31 23:27:25,282 - INFO - Ingress_Enter A4BL110U
2025-03-31 23:27:25,380 - INFO - Ingress_Exit A4BL110U
2025-03-31 23:27:25,544 - INFO - Ingress_Enter 66AW0AV0
2025-03-31 23:27:25,639 - INFO - Ingress_Exit 66AW0AV0
2025-03-31 23:27:25,708 - INFO - Ingress_Enter BX99NWX4
2025-03-31 23:27:25,806 - INFO - Ingress_Enter 9DWL272O
2025-03-31 23:27:25,812 - INFO - Ingress_Exit BX99NWX4
2025-03-31 23:27:25,906 - INFO - Ingress_Exit 9DWL272O
2025-03-31 23:27:25,971 - INFO - Ingress_Enter 9FV889YP
2025-03-31 23:27:26,062 - INFO - Ingress_Exit 9FV889YP
2025-03-31 23:27:26,465 - INFO - Ingress_Enter WM3POXF4
2025-03-31 23:27:26,531 - INFO - Ingress_Enter 9KW55YFN
2025-03-31 23:27:26,555 - INFO - Ingress_Exit WM3POXF4
2025-03-31 23:27:26,626 - INFO - Ingress_Exit 9KW55YFN
2025-03-31 23:27:28,306 - INFO - Ingress_Enter 7WWEJAFB
2025-03-31 23:27:28,401 - INFO - Ingress_Exit 7WWEJAFB
2025-03-31 23:27:28,994 - INFO - Ingress_Enter LNVTYBK8
2025-03-31 23:27:29,088 - INFO - Ingress_Exit LNVTYBK8
2025-03-31 23:27:29,519 - INFO - Ingress_Enter 4AWG4V4T
2025-03-31 23:27:29,612 - INFO - Ingress_Exit 4AWG4V4T
2025-03-31 23:27:29,749 - INFO - Ingress_Enter KE0HH4P3
2025-03-31 23:27:29,820 - INFO - Ingress_Enter LKZVDN43
2025-03-31 23:27:29,840 - INFO - Ingress_Exit KE0HH4P3
2025-03-31 23:27:29,913 - INFO - Ingress_Exit LKZVDN43
2025-03-31 23:27:30,408 - INFO - Ingress_Enter KXU24RDI
2025-03-31 23:27:30,505 - INFO - Ingress_Exit KXU24RDI
2025-03-31 23:27:30,704 - INFO - Ingress_Enter Q9M2FK6I
2025-03-31 23:27:30,770 - INFO - Ingress_Enter 0XM6G80X
2025-03-31 23:27:30,799 - INFO - Ingress_Exit Q9M2FK6I
2025-03-31 23:27:30,859 - INFO - Ingress_Exit 0XM6G80X
2025-03-31 23:27:30,868 - INFO - Ingress_Enter YIXBVKZF
2025-03-31 23:27:30,960 - INFO - Ingress_Exit YIXBVKZF
2025-03-31 23:27:32,114 - INFO - Ingress_Enter 9TR2J7F5
2025-03-31 23:27:32,211 - INFO - Ingress_Exit 9TR2J7F5
2025-03-31 23:27:32,375 - INFO - Ingress_Enter EETRUUX0
2025-03-31 23:27:32,471 - INFO - Ingress_Exit EETRUUX0
2025-03-31 23:27:32,474 - INFO - Ingress_Enter 1PMOHVZJ
2025-03-31 23:27:32,569 - INFO - Ingress_Exit 1PMOHVZJ
2025-03-31 23:27:32,965 - INFO - Ingress_Enter N2ZE0F4N
2025-03-31 23:27:33,063 - INFO - Ingress_Exit N2ZE0F4N
2025-03-31 23:27:33,229 - INFO - Ingress_Enter 8ZNMHGZO
2025-03-31 23:27:33,320 - INFO - Ingress_Exit 8ZNMHGZO
2025-03-31 23:27:34,019 - INFO - Ingress_Enter XK4T44CC
2025-03-31 23:27:34,113 - INFO - Ingress_Exit XK4T44CC
2025-03-31 23:27:35,332 - INFO - Ingress_Enter ROAXO1JP
2025-03-31 23:27:35,425 - INFO - Ingress_Exit ROAXO1JP
2025-03-31 23:27:35,627 - INFO - Ingress_Enter F6RFULBD
2025-03-31 23:27:35,723 - INFO - Ingress_Exit F6RFULBD
2025-03-31 23:27:35,989 - INFO - Ingress_Enter TANGHU98
2025-03-31 23:27:36,024 - INFO - Ingress_Enter ZQSTCC00
2025-03-31 23:27:36,083 - INFO - Ingress_Exit TANGHU98
2025-03-31 23:27:36,112 - INFO - Ingress_Exit ZQSTCC00
2025-03-31 23:27:36,680 - INFO - Ingress_Enter F5XR8IEA
2025-03-31 23:27:36,769 - INFO - Ingress_Exit F5XR8IEA
2025-03-31 23:27:38,391 - INFO - Ingress_Enter 262X7YXW
2025-03-31 23:27:38,485 - INFO - Ingress_Exit 262X7YXW
2025-03-31 23:27:38,588 - INFO - Ingress_Enter UKTWJP8B
2025-03-31 23:27:38,700 - INFO - Ingress_Exit UKTWJP8B
2025-03-31 23:27:38,818 - INFO - Ingress_Enter UZOPFRQH
2025-03-31 23:27:38,909 - INFO - Ingress_Exit UZOPFRQH
2025-03-31 23:27:39,347 - INFO - Ingress_Enter UZD32B5U
2025-03-31 23:27:39,380 - INFO - Ingress_Enter ZXXN2C88
2025-03-31 23:27:39,448 - INFO - Ingress_Exit UZD32B5U
2025-03-31 23:27:39,481 - INFO - Ingress_Exit ZXXN2C88
2025-03-31 23:27:45,376 - INFO - Ingress_Enter RREBKH5H
2025-03-31 23:27:45,408 - INFO - Ingress_Enter AAFI4NEN
2025-03-31 23:27:45,467 - INFO - Ingress_Exit RREBKH5H
2025-03-31 23:27:45,497 - INFO - Ingress_Exit AAFI4NEN
2025-03-31 23:27:46,526 - INFO - Ingress_Enter 2ILB2BH6
2025-03-31 23:27:46,623 - INFO - Ingress_Exit 2ILB2BH6
2025-03-31 23:27:46,656 - INFO - Ingress_Enter IV63RPPS
2025-03-31 23:27:46,749 - INFO - Ingress_Exit IV63RPPS
2025-03-31 23:27:46,822 - INFO - Ingress_Enter J9XD4YDV
2025-03-31 23:27:46,917 - INFO - Ingress_Exit J9XD4YDV
2025-03-31 23:27:47,118 - INFO - Ingress_Enter 5VHWQQJO
2025-03-31 23:27:47,247 - INFO - Ingress_Exit 5VHWQQJO
2025-03-31 23:27:47,315 - INFO - Ingress_Enter NX9YYN38
2025-03-31 23:27:47,414 - INFO - Ingress_Exit NX9YYN38
2025-03-31 23:27:47,646 - INFO - Ingress_Enter O02J7MBN
2025-03-31 23:27:47,742 - INFO - Ingress_Exit O02J7MBN
2025-03-31 23:27:47,745 - INFO - Ingress_Enter IGX7K9JF
2025-03-31 23:27:47,832 - INFO - Ingress_Exit IGX7K9JF
2025-03-31 23:27:47,943 - INFO - Ingress_Enter 83WSQF5E
2025-03-31 23:27:48,009 - INFO - Ingress_Enter Y2ZN1XBI
2025-03-31 23:27:48,029 - INFO - Ingress_Exit 83WSQF5E
2025-03-31 23:27:48,097 - INFO - Ingress_Exit Y2ZN1XBI
2025-03-31 23:27:48,865 - INFO - Ingress_Enter WATL9M69
2025-03-31 23:27:48,963 - INFO - Ingress_Exit WATL9M69
2025-03-31 23:27:49,130 - INFO - Ingress_Enter QWB3FJWJ
2025-03-31 23:27:49,226 - INFO - Ingress_Exit QWB3FJWJ
2025-03-31 23:27:49,559 - INFO - Ingress_Enter U4K369H5
2025-03-31 23:27:49,655 - INFO - Ingress_Exit U4K369H5
2025-03-31 23:27:49,955 - INFO - Ingress_Enter AUQ3CQEU
2025-03-31 23:27:50,050 - INFO - Ingress_Exit AUQ3CQEU
2025-03-31 23:27:50,053 - INFO - Ingress_Enter 14XYW8JU
2025-03-31 23:27:50,119 - INFO - Ingress_Enter H88TA6RT
2025-03-31 23:27:50,148 - INFO - Ingress_Exit 14XYW8JU
2025-03-31 23:27:50,207 - INFO - Ingress_Exit H88TA6RT
2025-03-31 23:27:50,909 - INFO - Ingress_Enter ZX2TCUGU
2025-03-31 23:27:50,942 - INFO - Ingress_Enter C7AH24LR
2025-03-31 23:27:51,003 - INFO - Ingress_Exit ZX2TCUGU
2025-03-31 23:27:51,045 - INFO - Ingress_Exit C7AH24LR
2025-03-31 23:27:52,196 - INFO - Ingress_Enter T1ZOF3RI
2025-03-31 23:27:52,297 - INFO - Ingress_Exit T1ZOF3RI
2025-03-31 23:27:52,360 - INFO - Ingress_Enter 1OIMZEMP
2025-03-31 23:27:52,456 - INFO - Ingress_Exit 1OIMZEMP
2025-03-31 23:27:53,292 - INFO - Ingress_Enter MVM2PVVK
2025-03-31 23:27:53,381 - INFO - Ingress_Exit MVM2PVVK
2025-03-31 23:27:53,917 - INFO - Ingress_Enter X8XUAVLV
2025-03-31 23:27:53,982 - INFO - Ingress_Enter JQUYFU6K
2025-03-31 23:27:54,014 - INFO - Ingress_Enter Z61R5INK
2025-03-31 23:27:54,015 - INFO - Ingress_Exit X8XUAVLV
2025-03-31 23:27:54,073 - INFO - Ingress_Exit JQUYFU6K
2025-03-31 23:27:54,109 - INFO - Ingress_Exit Z61R5INK
2025-03-31 23:27:55,100 - INFO - Ingress_Enter F0ESODJX
2025-03-31 23:27:55,193 - INFO - Ingress_Exit F0ESODJX
2025-03-31 23:27:55,625 - INFO - Ingress_Enter 7SCVJPKV
2025-03-31 23:27:55,723 - INFO - Ingress_Exit 7SCVJPKV
2025-03-31 23:27:55,853 - INFO - Ingress_Enter U7QE06CY
2025-03-31 23:27:55,949 - INFO - Ingress_Exit U7QE06CY
2025-03-31 23:27:55,985 - INFO - Ingress_Enter IGAM8HQA
2025-03-31 23:27:56,085 - INFO - Ingress_Exit IGAM8HQA
2025-03-31 23:27:56,444 - INFO - Ingress_Enter GKDGQR1J
2025-03-31 23:27:56,542 - INFO - Ingress_Enter O300NBD6
2025-03-31 23:27:56,549 - INFO - Ingress_Exit GKDGQR1J
2025-03-31 23:27:56,633 - INFO - Ingress_Exit O300NBD6
2025-03-31 23:27:56,673 - INFO - Ingress_Enter GOMZA5BI
2025-03-31 23:27:56,764 - INFO - Ingress_Exit GOMZA5BI
2025-03-31 23:27:56,836 - INFO - Ingress_Enter 2UOWCJA6
2025-03-31 23:27:56,931 - INFO - Ingress_Exit 2UOWCJA6
2025-03-31 23:27:57,758 - INFO - Ingress_Enter 7RZFVFI0
2025-03-31 23:27:57,852 - INFO - Ingress_Exit 7RZFVFI0
2025-03-31 23:27:58,022 - INFO - Ingress_Enter R3UYI1H5
2025-03-31 23:27:58,121 - INFO - Ingress_Enter C00SC63C
2025-03-31 23:27:58,122 - INFO - Ingress_Exit R3UYI1H5
2025-03-31 23:27:58,216 - INFO - Ingress_Exit C00SC63C
2025-03-31 23:27:59,140 - INFO - Ingress_Enter 3X1P4Q43
2025-03-31 23:27:59,231 - INFO - Ingress_Exit 3X1P4Q43
2025-03-31 23:27:59,436 - INFO - Ingress_Enter H6GKL01N
2025-03-31 23:27:59,529 - INFO - Ingress_Exit H6GKL01N
2025-03-31 23:27:59,601 - INFO - Ingress_Enter 8EWO87A0
2025-03-31 23:27:59,694 - INFO - Ingress_Exit 8EWO87A0
2025-03-31 23:28:00,096 - INFO - Ingress_Enter M29IT125
2025-03-31 23:28:00,129 - INFO - Ingress_Enter QB2YD6Z8
2025-03-31 23:28:00,193 - INFO - Ingress_Exit M29IT125
2025-03-31 23:28:00,225 - INFO - Ingress_Exit QB2YD6Z8
2025-03-31 23:28:00,488 - INFO - Ingress_Enter 1FX9IJSI
2025-03-31 23:28:00,584 - INFO - Ingress_Exit 1FX9IJSI
2025-03-31 23:28:00,619 - INFO - Ingress_Enter 25DCTG4R
2025-03-31 23:28:00,713 - INFO - Ingress_Exit 25DCTG4R
2025-03-31 23:28:01,049 - INFO - Ingress_Enter 2X9FSG1S
2025-03-31 23:28:01,164 - INFO - Ingress_Exit 2X9FSG1S
2025-03-31 23:28:01,510 - INFO - Ingress_Enter ER173CJW
2025-03-31 23:28:01,609 - INFO - Ingress_Exit ER173CJW
2025-03-31 23:28:02,330 - INFO - Ingress_Enter RJAU3ODC
2025-03-31 23:28:02,361 - INFO - Ingress_Enter ARRKEI89
2025-03-31 23:28:02,428 - INFO - Ingress_Exit RJAU3ODC
2025-03-31 23:28:02,456 - INFO - Ingress_Exit ARRKEI89
2025-03-31 23:28:02,459 - INFO - Ingress_Enter UMRUCZ4Q
2025-03-31 23:28:02,559 - INFO - Ingress_Exit UMRUCZ4Q
2025-03-31 23:28:02,625 - INFO - Ingress_Enter CA2G0OF9
2025-03-31 23:28:02,658 - INFO - Ingress_Enter QYM3UNPI
2025-03-31 23:28:02,717 - INFO - Ingress_Exit CA2G0OF9
2025-03-31 23:28:02,753 - INFO - Ingress_Exit QYM3UNPI
2025-03-31 23:28:03,350 - INFO - Ingress_Enter L9YCAWWS
2025-03-31 23:28:03,446 - INFO - Ingress_Exit L9YCAWWS
2025-03-31 23:28:04,238 - INFO - Ingress_Enter 47BX3R5U
2025-03-31 23:28:04,330 - INFO - Ingress_Exit 47BX3R5U
2025-03-31 23:28:04,632 - INFO - Ingress_Enter CRIX936S
2025-03-31 23:28:04,724 - INFO - Ingress_Exit CRIX936S
2025-03-31 23:28:04,763 - INFO - Ingress_Enter XAXYD6H1
2025-03-31 23:28:04,830 - INFO - Ingress_Enter WZKLBRIP
2025-03-31 23:28:04,863 - INFO - Ingress_Exit XAXYD6H1
2025-03-31 23:28:04,930 - INFO - Ingress_Exit WZKLBRIP
2025-03-31 23:28:05,159 - INFO - Ingress_Enter 0FN6WDAZ
2025-03-31 23:28:05,225 - INFO - Ingress_Enter 2BSY7RIM
2025-03-31 23:28:05,252 - INFO - Ingress_Exit 0FN6WDAZ
2025-03-31 23:28:05,318 - INFO - Ingress_Exit 2BSY7RIM
2025-03-31 23:28:09,011 - INFO - Ingress_Enter LSYLIJLL
2025-03-31 23:28:09,113 - INFO - Ingress_Exit LSYLIJLL
2025-03-31 23:28:09,404 - INFO - Ingress_Enter S7Q9TO9U
2025-03-31 23:28:09,504 - INFO - Ingress_Exit S7Q9TO9U
2025-03-31 23:28:09,667 - INFO - Ingress_Enter EWFZ6H7I
2025-03-31 23:28:09,734 - INFO - Ingress_Enter IL0EQR12
2025-03-31 23:28:09,768 - INFO - Ingress_Exit EWFZ6H7I
2025-03-31 23:28:09,822 - INFO - Ingress_Exit IL0EQR12
2025-03-31 23:28:10,556 - INFO - Ingress_Enter JAN1UIOF
2025-03-31 23:28:10,643 - INFO - Ingress_Exit JAN1UIOF
2025-03-31 23:28:10,752 - INFO - Ingress_Enter QGJKARXS
2025-03-31 23:28:10,818 - INFO - Ingress_Enter 1CSE6O10
2025-03-31 23:28:10,844 - INFO - Ingress_Exit QGJKARXS
2025-03-31 23:28:10,914 - INFO - Ingress_Exit 1CSE6O10
2025-03-31 23:28:11,475 - INFO - Ingress_Enter EVB0JW4I
2025-03-31 23:28:11,570 - INFO - Ingress_Exit EVB0JW4I
2025-03-31 23:28:11,573 - INFO - Ingress_Enter Z2QSFFCE
2025-03-31 23:28:11,638 - INFO - Ingress_Enter MLWWG4G2
2025-03-31 23:28:11,665 - INFO - Ingress_Exit Z2QSFFCE
2025-03-31 23:28:11,725 - INFO - Ingress_Exit MLWWG4G2
2025-03-31 23:28:11,769 - INFO - Ingress_Enter 1JTIENIA
2025-03-31 23:28:11,867 - INFO - Ingress_Enter ZBT2XR4C
2025-03-31 23:28:11,888 - INFO - Ingress_Exit 1JTIENIA
2025-03-31 23:28:11,962 - INFO - Ingress_Exit ZBT2XR4C
2025-03-31 23:28:12,655 - INFO - Ingress_Enter 9MAW7I7W
2025-03-31 23:28:12,749 - INFO - Ingress_Exit 9MAW7I7W
2025-03-31 23:28:12,983 - INFO - Ingress_Enter VT9VMC5W
2025-03-31 23:28:13,049 - INFO - Ingress_Enter WOEHIMQW
2025-03-31 23:28:13,079 - INFO - Ingress_Exit VT9VMC5W
2025-03-31 23:28:13,139 - INFO - Ingress_Exit WOEHIMQW
2025-03-31 23:28:16,869 - INFO - Ingress_Enter XVH2UFB7
2025-03-31 23:28:16,962 - INFO - Ingress_Exit XVH2UFB7
2025-03-31 23:28:17,001 - INFO - Ingress_Enter HG4JGAGM
2025-03-31 23:28:17,033 - INFO - Ingress_Enter HTBVBW12
2025-03-31 23:28:17,091 - INFO - Ingress_Exit HG4JGAGM
2025-03-31 23:28:17,125 - INFO - Ingress_Exit HTBVBW12
2025-03-31 23:28:17,230 - INFO - Ingress_Enter Y12ABSLU
2025-03-31 23:28:17,296 - INFO - Ingress_Enter ZEKI4LCJ
2025-03-31 23:28:17,360 - INFO - Ingress_Exit Y12ABSLU
2025-03-31 23:28:17,416 - INFO - Ingress_Exit ZEKI4LCJ
2025-03-31 23:28:19,305 - INFO - Ingress_Enter 8BT9A9LL
2025-03-31 23:28:19,402 - INFO - Ingress_Exit 8BT9A9LL
2025-03-31 23:28:19,600 - INFO - Ingress_Enter B5RUP4I6
2025-03-31 23:28:19,694 - INFO - Ingress_Exit B5RUP4I6
2025-03-31 23:28:20,094 - INFO - Ingress_Enter 5BMO5XX3
2025-03-31 23:28:20,189 - INFO - Ingress_Exit 5BMO5XX3
2025-03-31 23:28:20,355 - INFO - Ingress_Enter UNNTO5NY
2025-03-31 23:28:20,448 - INFO - Ingress_Exit UNNTO5NY
2025-03-31 23:28:21,046 - INFO - Ingress_Enter R4PL344M
2025-03-31 23:28:21,139 - INFO - Ingress_Exit R4PL344M
2025-03-31 23:28:21,701 - INFO - Ingress_Enter IKNOV9SH
2025-03-31 23:28:21,789 - INFO - Ingress_Exit IKNOV9SH
2025-03-31 23:28:22,128 - INFO - Ingress_Enter 1ADDT3E9
2025-03-31 23:28:22,219 - INFO - Ingress_Exit 1ADDT3E9
2025-03-31 23:28:22,555 - INFO - Ingress_Enter MLJOKF1T
2025-03-31 23:28:22,645 - INFO - Ingress_Exit MLJOKF1T
2025-03-31 23:28:22,719 - INFO - Ingress_Enter FX5YNEKN
2025-03-31 23:28:22,812 - INFO - Ingress_Exit FX5YNEKN
2025-03-31 23:28:22,823 - INFO - Ingress_Enter 0CDJT61D
2025-03-31 23:28:22,914 - INFO - Ingress_Exit 0CDJT61D
2025-03-31 23:28:23,146 - INFO - Ingress_Enter ZR4V60CD
2025-03-31 23:28:23,239 - INFO - Ingress_Exit ZR4V60CD
2025-03-31 23:28:23,607 - INFO - Ingress_Enter D2N6G2IG
2025-03-31 23:28:23,698 - INFO - Ingress_Exit D2N6G2IG
2025-03-31 23:28:23,738 - INFO - Ingress_Enter ZEQTRDAA
2025-03-31 23:28:23,831 - INFO - Ingress_Exit ZEQTRDAA
2025-03-31 23:28:24,820 - INFO - Ingress_Enter 0MAIAL2D
2025-03-31 23:28:24,925 - INFO - Ingress_Exit 0MAIAL2D
2025-03-31 23:28:25,410 - INFO - Ingress_Enter 0HS02J7J
2025-03-31 23:28:25,513 - INFO - Ingress_Exit 0HS02J7J
2025-03-31 23:28:25,746 - INFO - Ingress_Enter WY7BPL36
2025-03-31 23:28:25,841 - INFO - Ingress_Exit WY7BPL36
2025-03-31 23:28:26,303 - INFO - Ingress_Enter TBBFFJBT
2025-03-31 23:28:26,368 - INFO - Ingress_Enter 34IZ194G
2025-03-31 23:28:26,394 - INFO - Ingress_Exit TBBFFJBT
2025-03-31 23:28:26,464 - INFO - Ingress_Exit 34IZ194G
2025-03-31 23:28:26,664 - INFO - Ingress_Enter KJFZ3H3R
2025-03-31 23:28:26,757 - INFO - Ingress_Exit KJFZ3H3R
2025-03-31 23:28:26,862 - INFO - Ingress_Enter ZTXN7G8D
2025-03-31 23:28:26,954 - INFO - Ingress_Exit ZTXN7G8D
2025-03-31 23:28:27,193 - INFO - Ingress_Enter JL35PXMN
2025-03-31 23:28:27,285 - INFO - Ingress_Exit JL35PXMN
2025-03-31 23:28:27,454 - INFO - Ingress_Enter AIAZEZTL
2025-03-31 23:28:27,543 - INFO - Ingress_Exit AIAZEZTL
2025-03-31 23:28:27,651 - INFO - Ingress_Enter 4H7X5F0B
2025-03-31 23:28:27,740 - INFO - Ingress_Exit 4H7X5F0B
2025-03-31 23:28:27,848 - INFO - Ingress_Enter NCN9X0MB
2025-03-31 23:28:27,941 - INFO - Ingress_Exit NCN9X0MB
2025-03-31 23:28:28,273 - INFO - Ingress_Enter QUGF8W37
2025-03-31 23:28:28,339 - INFO - Ingress_Enter VBQG1TW3
2025-03-31 23:28:28,365 - INFO - Ingress_Exit QUGF8W37
2025-03-31 23:28:28,442 - INFO - Ingress_Exit VBQG1TW3
2025-03-31 23:28:28,569 - INFO - Ingress_Enter JQS411WF
2025-03-31 23:28:28,663 - INFO - Ingress_Exit JQS411WF
2025-03-31 23:28:28,666 - INFO - Ingress_Enter U9UE0VRT
2025-03-31 23:28:28,760 - INFO - Ingress_Exit U9UE0VRT
2025-03-31 23:28:28,764 - INFO - Ingress_Enter U3XY6PEK
2025-03-31 23:28:28,857 - INFO - Ingress_Exit U3XY6PEK
2025-03-31 23:28:28,927 - INFO - Ingress_Enter OM98GBVV
2025-03-31 23:28:29,016 - INFO - Ingress_Exit OM98GBVV
2025-03-31 23:28:29,321 - INFO - Ingress_Enter 4Q8BLX42
2025-03-31 23:28:29,417 - INFO - Ingress_Exit 4Q8BLX42
2025-03-31 23:28:29,452 - INFO - Ingress_Enter IWMW0DT8
2025-03-31 23:28:29,545 - INFO - Ingress_Exit IWMW0DT8
2025-03-31 23:28:30,075 - INFO - Ingress_Enter C0ELISFW
2025-03-31 23:28:30,170 - INFO - Ingress_Exit C0ELISFW
2025-03-31 23:28:30,206 - INFO - Ingress_Enter O365ZPJO
2025-03-31 23:28:30,238 - INFO - Ingress_Enter 3WK5PR60
2025-03-31 23:28:30,321 - INFO - Ingress_Exit O365ZPJO
2025-03-31 23:28:30,328 - INFO - Ingress_Exit 3WK5PR60
2025-03-31 23:28:33,588 - INFO - Ingress_Enter U3YJ47M0
2025-03-31 23:28:33,688 - INFO - Ingress_Exit U3YJ47M0
2025-03-31 23:28:33,849 - INFO - Ingress_Enter A0LQCBXT
2025-03-31 23:28:33,949 - INFO - Ingress_Exit A0LQCBXT
2025-03-31 23:28:34,276 - INFO - Ingress_Enter CAHQ1QZE
2025-03-31 23:28:34,369 - INFO - Ingress_Exit CAHQ1QZE
2025-03-31 23:28:34,408 - INFO - Ingress_Enter ZCKR4WL3
2025-03-31 23:28:34,503 - INFO - Ingress_Exit ZCKR4WL3
2025-03-31 23:28:34,770 - INFO - Ingress_Enter 0DEQM7GY
2025-03-31 23:28:34,802 - INFO - Ingress_Enter G96K4MAY
2025-03-31 23:28:34,863 - INFO - Ingress_Exit 0DEQM7GY
2025-03-31 23:28:34,901 - INFO - Ingress_Exit G96K4MAY
2025-03-31 23:28:35,822 - INFO - Ingress_Enter 60Z1VZEE
2025-03-31 23:28:35,920 - INFO - Ingress_Exit 60Z1VZEE
2025-03-31 23:28:36,084 - INFO - Ingress_Enter 1KB3KCXL
2025-03-31 23:28:36,116 - INFO - Ingress_Enter 8LIWJKYS
2025-03-31 23:28:36,176 - INFO - Ingress_Exit 1KB3KCXL
2025-03-31 23:28:36,212 - INFO - Ingress_Exit 8LIWJKYS
2025-03-31 23:28:36,347 - INFO - Ingress_Enter HJRTHBYC
2025-03-31 23:28:36,412 - INFO - Ingress_Enter ZGTKQOUX
2025-03-31 23:28:36,453 - INFO - Ingress_Exit HJRTHBYC
2025-03-31 23:28:36,511 - INFO - Ingress_Exit ZGTKQOUX
2025-03-31 23:28:37,496 - INFO - Ingress_Enter ODJ1B6TR
2025-03-31 23:28:37,591 - INFO - Ingress_Exit ODJ1B6TR
2025-03-31 23:28:37,725 - INFO - Ingress_Enter TWV2HTW7
2025-03-31 23:28:37,817 - INFO - Ingress_Exit TWV2HTW7
2025-03-31 23:28:38,351 - INFO - Ingress_Enter 3VS4IBB2
2025-03-31 23:28:38,439 - INFO - Ingress_Exit 3VS4IBB2
2025-03-31 23:28:38,448 - INFO - Ingress_Enter XT1R7N31
2025-03-31 23:28:38,542 - INFO - Ingress_Exit XT1R7N31
2025-03-31 23:28:38,876 - INFO - Ingress_Enter UKQ0HLTB
2025-03-31 23:28:38,964 - INFO - Ingress_Exit UKQ0HLTB
2025-03-31 23:28:39,469 - INFO - Ingress_Enter K8O3RDBN
2025-03-31 23:28:39,568 - INFO - Ingress_Exit K8O3RDBN
2025-03-31 23:28:39,632 - INFO - Ingress_Enter 9E3IGLJI
2025-03-31 23:28:39,787 - INFO - Ingress_Exit 9E3IGLJI
2025-03-31 23:28:40,686 - INFO - Ingress_Enter PPG5G6TX
2025-03-31 23:28:40,779 - INFO - Ingress_Exit PPG5G6TX
2025-03-31 23:28:40,816 - INFO - Ingress_Enter KNVNURKL
2025-03-31 23:28:40,905 - INFO - Ingress_Exit KNVNURKL
2025-03-31 23:28:41,244 - INFO - Ingress_Enter 4FT1VC5G
2025-03-31 23:28:41,333 - INFO - Ingress_Exit 4FT1VC5G
2025-03-31 23:28:41,933 - INFO - Ingress_Enter KCHH52GM
2025-03-31 23:28:42,029 - INFO - Ingress_Exit KCHH52GM
2025-03-31 23:28:42,226 - INFO - Ingress_Enter GICECSMA
2025-03-31 23:28:42,326 - INFO - Ingress_Exit GICECSMA
2025-03-31 23:28:42,816 - INFO - Ingress_Enter SNSFVWNQ
2025-03-31 23:28:42,909 - INFO - Ingress_Exit SNSFVWNQ
2025-03-31 23:28:43,407 - INFO - Ingress_Enter 6UFPN7RE
2025-03-31 23:28:43,501 - INFO - Ingress_Exit 6UFPN7RE
2025-03-31 23:28:43,505 - INFO - Ingress_Enter AE0FMYNY
2025-03-31 23:28:43,598 - INFO - Ingress_Exit AE0FMYNY
2025-03-31 23:28:43,768 - INFO - Ingress_Enter YKCLFYDI
2025-03-31 23:28:43,858 - INFO - Ingress_Exit YKCLFYDI
2025-03-31 23:28:43,931 - INFO - Ingress_Enter IY7DAIE6
2025-03-31 23:28:44,025 - INFO - Ingress_Exit IY7DAIE6
2025-03-31 23:28:45,147 - INFO - Ingress_Enter ZAK63BI7
2025-03-31 23:28:45,247 - INFO - Ingress_Exit ZAK63BI7
2025-03-31 23:28:45,771 - INFO - Ingress_Enter YK7F4KR0
2025-03-31 23:28:45,809 - INFO - Ingress_Enter 3NPJYESF
2025-03-31 23:28:45,864 - INFO - Ingress_Exit YK7F4KR0
2025-03-31 23:28:45,903 - INFO - Ingress_Exit 3NPJYESF
2025-03-31 23:28:47,217 - INFO - Ingress_Enter 34R5ANDV
2025-03-31 23:28:47,282 - INFO - Ingress_Enter FCFLMFAK
2025-03-31 23:28:47,306 - INFO - Ingress_Exit 34R5ANDV
2025-03-31 23:28:47,375 - INFO - Ingress_Exit FCFLMFAK
2025-03-31 23:28:47,513 - INFO - Ingress_Enter B0TJTA12
2025-03-31 23:28:47,607 - INFO - Ingress_Exit B0TJTA12
2025-03-31 23:28:47,872 - INFO - Ingress_Enter X4NI4IS6
2025-03-31 23:28:47,966 - INFO - Ingress_Exit X4NI4IS6
2025-03-31 23:28:49,157 - INFO - Ingress_Enter 1KBMPHTH
2025-03-31 23:28:49,248 - INFO - Ingress_Exit 1KBMPHTH
2025-03-31 23:28:49,551 - INFO - Ingress_Enter FJFX773Y
2025-03-31 23:28:49,646 - INFO - Ingress_Exit FJFX773Y
2025-03-31 23:28:50,144 - INFO - Ingress_Enter 785QKNBZ
2025-03-31 23:28:50,177 - INFO - Ingress_Enter APDF1JKI
2025-03-31 23:28:50,233 - INFO - Ingress_Exit 785QKNBZ
2025-03-31 23:28:50,269 - INFO - Ingress_Exit APDF1JKI
2025-03-31 23:28:50,672 - INFO - Ingress_Enter XBFDEQBI
2025-03-31 23:28:50,770 - INFO - Ingress_Exit XBFDEQBI
2025-03-31 23:28:51,296 - INFO - Ingress_Enter L0LOM6PK
2025-03-31 23:28:51,390 - INFO - Ingress_Exit L0LOM6PK
2025-03-31 23:28:51,723 - INFO - Ingress_Enter U8ZXT3EH
2025-03-31 23:28:51,757 - INFO - Ingress_Enter 0FMOA20B
2025-03-31 23:28:51,813 - INFO - Ingress_Exit U8ZXT3EH
2025-03-31 23:28:51,848 - INFO - Ingress_Exit 0FMOA20B
2025-03-31 23:28:52,743 - INFO - Ingress_Enter RROGD2XS
2025-03-31 23:28:52,812 - INFO - Ingress_Enter 35R4Y57S
2025-03-31 23:28:52,837 - INFO - Ingress_Exit RROGD2XS
2025-03-31 23:28:52,905 - INFO - Ingress_Exit 35R4Y57S
2025-03-31 23:28:56,025 - INFO - Ingress_Enter BQHU5H37
2025-03-31 23:28:56,120 - INFO - Ingress_Exit BQHU5H37
2025-03-31 23:28:56,189 - INFO - Ingress_Enter F021UQ0Q
2025-03-31 23:28:56,283 - INFO - Ingress_Exit F021UQ0Q
2025-03-31 23:28:56,845 - INFO - Ingress_Enter 9VGY8OSD
2025-03-31 23:28:56,877 - INFO - Ingress_Enter FQWUHRR8
2025-03-31 23:28:56,937 - INFO - Ingress_Exit 9VGY8OSD
2025-03-31 23:28:56,970 - INFO - Ingress_Exit FQWUHRR8
2025-03-31 23:28:57,470 - INFO - Ingress_Enter KGQZLPDR
2025-03-31 23:28:57,562 - INFO - Ingress_Exit KGQZLPDR
2025-03-31 23:28:57,635 - INFO - Ingress_Enter FZOYHB6M
2025-03-31 23:28:57,727 - INFO - Ingress_Exit FZOYHB6M
2025-03-31 23:28:57,997 - INFO - Ingress_Enter ECJQPTXB
2025-03-31 23:28:58,030 - INFO - Ingress_Enter 8WKFL9D2
2025-03-31 23:28:58,095 - INFO - Ingress_Exit ECJQPTXB
2025-03-31 23:28:58,122 - INFO - Ingress_Exit 8WKFL9D2
2025-03-31 23:29:03,066 - INFO - Ingress_Enter Q5NCX3AS
2025-03-31 23:29:03,157 - INFO - Ingress_Exit Q5NCX3AS
2025-03-31 23:29:03,163 - INFO - Ingress_Enter 1QCZZ2VL
2025-03-31 23:29:03,254 - INFO - Ingress_Exit 1QCZZ2VL
2025-03-31 23:29:03,328 - INFO - Ingress_Enter FA10L853
2025-03-31 23:29:03,394 - INFO - Ingress_Enter OG1IOWP2
2025-03-31 23:29:03,419 - INFO - Ingress_Exit FA10L853
2025-03-31 23:29:03,490 - INFO - Ingress_Exit OG1IOWP2
2025-03-31 23:29:03,623 - INFO - Ingress_Enter D177UFPI
2025-03-31 23:29:03,655 - INFO - Ingress_Enter L7UGRYX6
2025-03-31 23:29:03,718 - INFO - Ingress_Exit D177UFPI
2025-03-31 23:29:03,756 - INFO - Ingress_Exit L7UGRYX6
2025-03-31 23:29:04,676 - INFO - Ingress_Enter 1UUOT6G8
2025-03-31 23:29:04,764 - INFO - Ingress_Exit 1UUOT6G8
2025-03-31 23:29:05,136 - INFO - Ingress_Enter D9JYJ5SB
2025-03-31 23:29:05,230 - INFO - Ingress_Exit D9JYJ5SB
2025-03-31 23:29:06,026 - INFO - Ingress_Enter KQZVIJI2
2025-03-31 23:29:06,092 - INFO - Ingress_Enter 39848K23
2025-03-31 23:29:06,120 - INFO - Ingress_Exit KQZVIJI2
2025-03-31 23:29:06,180 - INFO - Ingress_Exit 39848K23
2025-03-31 23:29:07,244 - INFO - Ingress_Enter JU5O8QYF
2025-03-31 23:29:07,337 - INFO - Ingress_Exit JU5O8QYF
2025-03-31 23:29:07,473 - INFO - Ingress_Enter 8X0QCVPC
2025-03-31 23:29:07,568 - INFO - Ingress_Exit 8X0QCVPC
2025-03-31 23:29:07,738 - INFO - Ingress_Enter AT0J5GW6
2025-03-31 23:29:07,834 - INFO - Ingress_Exit AT0J5GW6
2025-03-31 23:29:07,837 - INFO - Ingress_Enter 6I854GPB
2025-03-31 23:29:07,929 - INFO - Ingress_Exit 6I854GPB
2025-03-31 23:29:08,132 - INFO - Ingress_Enter YV8578BL
2025-03-31 23:29:08,231 - INFO - Ingress_Exit YV8578BL
2025-03-31 23:29:08,691 - INFO - Ingress_Enter NNCHL0N7
2025-03-31 23:29:08,787 - INFO - Ingress_Exit NNCHL0N7
2025-03-31 23:29:08,791 - INFO - Ingress_Enter 4ALK2ZTL
2025-03-31 23:29:08,882 - INFO - Ingress_Exit 4ALK2ZTL
2025-03-31 23:29:09,249 - INFO - Ingress_Enter C0OIEGRP
2025-03-31 23:29:09,349 - INFO - Ingress_Exit C0OIEGRP
2025-03-31 23:29:09,905 - INFO - Ingress_Enter HJZNR99Z
2025-03-31 23:29:09,998 - INFO - Ingress_Exit HJZNR99Z
2025-03-31 23:29:10,101 - INFO - Ingress_Enter 34HDIWOK
2025-03-31 23:29:10,197 - INFO - Ingress_Exit 34HDIWOK
2025-03-31 23:29:10,529 - INFO - Ingress_Enter 12LK4NEP
2025-03-31 23:29:10,594 - INFO - Ingress_Enter XKFQY8O8
2025-03-31 23:29:10,624 - INFO - Ingress_Exit 12LK4NEP
2025-03-31 23:29:10,687 - INFO - Ingress_Exit XKFQY8O8
2025-03-31 23:29:10,725 - INFO - Ingress_Enter OX2IUJIB
2025-03-31 23:29:10,822 - INFO - Ingress_Exit OX2IUJIB
2025-03-31 23:29:10,825 - INFO - Ingress_Enter TAE8KS7D
2025-03-31 23:29:10,923 - INFO - Ingress_Exit TAE8KS7D
2025-03-31 23:29:11,775 - INFO - Ingress_Enter J5E38ZKX
2025-03-31 23:29:11,840 - INFO - Ingress_Enter C3K9RC0Y
2025-03-31 23:29:11,867 - INFO - Ingress_Exit J5E38ZKX
2025-03-31 23:29:11,936 - INFO - Ingress_Exit C3K9RC0Y
2025-03-31 23:29:12,236 - INFO - Ingress_Enter M85I79B1
2025-03-31 23:29:12,329 - INFO - Ingress_Exit M85I79B1
2025-03-31 23:29:13,616 - INFO - Ingress_Enter HGBOOJNU
2025-03-31 23:29:13,712 - INFO - Ingress_Exit HGBOOJNU
2025-03-31 23:29:13,745 - INFO - Ingress_Enter WXBHCH6X
2025-03-31 23:29:13,839 - INFO - Ingress_Exit WXBHCH6X
2025-03-31 23:29:14,239 - INFO - Ingress_Enter EE3JQ6U1
2025-03-31 23:29:14,337 - INFO - Ingress_Enter YNX2OHDC
2025-03-31 23:29:14,338 - INFO - Ingress_Exit EE3JQ6U1
2025-03-31 23:29:14,435 - INFO - Ingress_Exit YNX2OHDC
2025-03-31 23:29:15,976 - INFO - Ingress_Enter FPK9E11J
2025-03-31 23:29:16,071 - INFO - Ingress_Exit FPK9E11J
2025-03-31 23:29:16,270 - INFO - Ingress_Enter SLYFK9LJ
2025-03-31 23:29:16,367 - INFO - Ingress_Exit SLYFK9LJ
2025-03-31 23:29:16,500 - INFO - Ingress_Enter V8MJCLZX
2025-03-31 23:29:16,605 - INFO - Ingress_Exit V8MJCLZX
2025-03-31 23:29:17,453 - INFO - Ingress_Enter 4PWB1RNB
2025-03-31 23:29:17,549 - INFO - Ingress_Exit 4PWB1RNB
2025-03-31 23:29:17,782 - INFO - Ingress_Enter 5YT2967V
2025-03-31 23:29:17,879 - INFO - Ingress_Exit 5YT2967V
2025-03-31 23:29:17,979 - INFO - Ingress_Enter TAK5YEA1
2025-03-31 23:29:18,069 - INFO - Ingress_Exit TAK5YEA1
2025-03-31 23:29:18,208 - INFO - Ingress_Enter RC65T7W3
2025-03-31 23:29:18,306 - INFO - Ingress_Exit RC65T7W3
2025-03-31 23:29:18,603 - INFO - Ingress_Enter RGZGO773
2025-03-31 23:29:18,707 - INFO - Ingress_Exit RGZGO773
2025-03-31 23:29:18,898 - INFO - Ingress_Enter SDSPWLOG
2025-03-31 23:29:18,931 - INFO - Ingress_Enter O4PL71KY
2025-03-31 23:29:18,999 - INFO - Ingress_Exit SDSPWLOG
2025-03-31 23:29:19,057 - INFO - Ingress_Exit O4PL71KY
2025-03-31 23:29:20,214 - INFO - Ingress_Enter HDF9E6XI
2025-03-31 23:29:20,278 - INFO - Ingress_Enter 4DVOUMP0
2025-03-31 23:29:20,305 - INFO - Ingress_Exit HDF9E6XI
2025-03-31 23:29:20,378 - INFO - Ingress_Exit 4DVOUMP0
2025-03-31 23:29:20,477 - INFO - Ingress_Enter DXR5POTU
2025-03-31 23:29:20,573 - INFO - Ingress_Exit DXR5POTU
2025-03-31 23:29:20,773 - INFO - Ingress_Enter 3M1LFQZ0
2025-03-31 23:29:20,875 - INFO - Ingress_Exit 3M1LFQZ0
2025-03-31 23:29:21,002 - INFO - Ingress_Enter KYDP69ZI
2025-03-31 23:29:21,101 - INFO - Ingress_Enter KZFSVFSC
2025-03-31 23:29:21,108 - INFO - Ingress_Exit KYDP69ZI
2025-03-31 23:29:21,196 - INFO - Ingress_Exit KZFSVFSC
2025-03-31 23:29:21,364 - INFO - Ingress_Enter 33NFLZHR
2025-03-31 23:29:21,456 - INFO - Ingress_Exit 33NFLZHR
2025-03-31 23:29:22,679 - INFO - Ingress_Enter XWFXDSEC
2025-03-31 23:29:22,772 - INFO - Ingress_Exit XWFXDSEC
2025-03-31 23:29:22,909 - INFO - Ingress_Enter K4D3S69C
2025-03-31 23:29:22,943 - INFO - Ingress_Enter 4VW7B5Q4
2025-03-31 23:29:23,003 - INFO - Ingress_Exit K4D3S69C
2025-03-31 23:29:23,040 - INFO - Ingress_Exit 4VW7B5Q4
2025-03-31 23:29:23,139 - INFO - Ingress_Enter JM76KVZG
2025-03-31 23:29:23,172 - INFO - Ingress_Enter VPDT9ULX
2025-03-31 23:29:23,234 - INFO - Ingress_Exit JM76KVZG
2025-03-31 23:29:23,270 - INFO - Ingress_Exit VPDT9ULX
2025-03-31 23:29:23,732 - INFO - Ingress_Enter LFBRTH3G
2025-03-31 23:29:23,827 - INFO - Ingress_Exit LFBRTH3G
2025-03-31 23:29:24,388 - INFO - Ingress_Enter 5QCZOFDY
2025-03-31 23:29:24,476 - INFO - Ingress_Exit 5QCZOFDY
2025-03-31 23:29:25,213 - INFO - Ingress_Enter MUCQ22U9
2025-03-31 23:29:25,306 - INFO - Ingress_Exit MUCQ22U9
2025-03-31 23:29:25,410 - INFO - Ingress_Enter 0V3YHRCV
2025-03-31 23:29:25,507 - INFO - Ingress_Exit 0V3YHRCV
2025-03-31 23:29:26,301 - INFO - Ingress_Enter X5V5118B
2025-03-31 23:29:26,397 - INFO - Ingress_Exit X5V5118B
2025-03-31 23:29:27,252 - INFO - Ingress_Enter WK4QWIHN
2025-03-31 23:29:27,317 - INFO - Ingress_Enter SWPA8V0X
2025-03-31 23:29:27,343 - INFO - Ingress_Exit WK4QWIHN
2025-03-31 23:29:27,409 - INFO - Ingress_Exit SWPA8V0X
2025-03-31 23:29:27,447 - INFO - Ingress_Enter XY2K8JUR
2025-03-31 23:29:27,543 - INFO - Ingress_Exit XY2K8JUR
2025-03-31 23:29:28,367 - INFO - Ingress_Enter XYUYQMDQ
2025-03-31 23:29:28,459 - INFO - Ingress_Exit XYUYQMDQ
2025-03-31 23:29:28,530 - INFO - Ingress_Enter ZIPGH90I
2025-03-31 23:29:28,621 - INFO - Ingress_Exit ZIPGH90I
2025-03-31 23:29:29,057 - INFO - Ingress_Enter 3X4KAPKH
2025-03-31 23:29:29,144 - INFO - Ingress_Exit 3X4KAPKH
2025-03-31 23:29:29,418 - INFO - Ingress_Enter HG2OM5TN
2025-03-31 23:29:29,511 - INFO - Ingress_Exit HG2OM5TN
2025-03-31 23:29:29,943 - INFO - Ingress_Enter DKLO45Q5
2025-03-31 23:29:29,974 - INFO - Ingress_Enter C215UC68
2025-03-31 23:29:30,067 - INFO - Ingress_Exit DKLO45Q5
2025-03-31 23:29:30,077 - INFO - Ingress_Exit C215UC68
2025-03-31 23:29:30,666 - INFO - Ingress_Enter P9ZQH9KX
2025-03-31 23:29:30,768 - INFO - Ingress_Exit P9ZQH9KX
2025-03-31 23:29:30,862 - INFO - Ingress_Enter GTZC9LXE
2025-03-31 23:29:30,951 - INFO - Ingress_Exit GTZC9LXE
2025-03-31 23:29:30,960 - INFO - Ingress_Enter L85QI62M
2025-03-31 23:29:31,050 - INFO - Ingress_Exit L85QI62M
2025-03-31 23:29:31,091 - INFO - Ingress_Enter DV31ZIX1
2025-03-31 23:29:31,185 - INFO - Ingress_Exit DV31ZIX1
2025-03-31 23:29:31,947 - INFO - Ingress_Enter TFWWTSW0
2025-03-31 23:29:32,039 - INFO - Ingress_Exit TFWWTSW0
2025-03-31 23:29:32,046 - INFO - Ingress_Enter 0JUD4X3I
2025-03-31 23:29:32,134 - INFO - Ingress_Exit 0JUD4X3I
2025-03-31 23:29:32,506 - INFO - Ingress_Enter QTI7WTC1
2025-03-31 23:29:32,538 - INFO - Ingress_Enter NXVC5WET
2025-03-31 23:29:32,595 - INFO - Ingress_Exit QTI7WTC1
2025-03-31 23:29:32,637 - INFO - Ingress_Exit NXVC5WET
2025-03-31 23:29:33,360 - INFO - Ingress_Enter UFDPPHRQ
2025-03-31 23:29:33,456 - INFO - Ingress_Exit UFDPPHRQ
2025-03-31 23:29:33,590 - INFO - Ingress_Enter IV2DMBX6
2025-03-31 23:29:33,682 - INFO - Ingress_Exit IV2DMBX6
2025-03-31 23:29:34,052 - INFO - Ingress_Enter 0C29DKE3
2025-03-31 23:29:34,145 - INFO - Ingress_Exit 0C29DKE3
2025-03-31 23:29:34,149 - INFO - Ingress_Enter Q1FOQE6K
2025-03-31 23:29:34,238 - INFO - Ingress_Exit Q1FOQE6K
2025-03-31 23:29:34,281 - INFO - Ingress_Enter 24KNVUPY
2025-03-31 23:29:34,370 - INFO - Ingress_Exit 24KNVUPY
2025-03-31 23:29:34,576 - INFO - Ingress_Enter Y5U2ODW0
2025-03-31 23:29:34,674 - INFO - Ingress_Exit Y5U2ODW0
2025-03-31 23:29:35,266 - INFO - Ingress_Enter KQ4MPH53
2025-03-31 23:29:35,359 - INFO - Ingress_Exit KQ4MPH53
2025-03-31 23:29:35,432 - INFO - Ingress_Enter BRN23M3I
2025-03-31 23:29:35,524 - INFO - Ingress_Exit BRN23M3I
2025-03-31 23:29:35,932 - INFO - Ingress_Enter 3SRPI60N
2025-03-31 23:29:36,021 - INFO - Ingress_Exit 3SRPI60N
2025-03-31 23:29:36,656 - INFO - Ingress_Enter O97L9ACM
2025-03-31 23:29:36,748 - INFO - Ingress_Exit O97L9ACM
2025-03-31 23:29:37,149 - INFO - Ingress_Enter NJMSZ2KL
2025-03-31 23:29:37,241 - INFO - Ingress_Exit NJMSZ2KL
