2025-03-31 23:26:21,109 - INFO - Ingress_Enter J3ZW7733
2025-03-31 23:26:21,214 - INFO - Ingress_Exit J3ZW7733
2025-03-31 23:26:21,369 - INFO - Ingress_Enter SI6VAW74
2025-03-31 23:26:21,475 - INFO - Ingress_Exit SI6VAW74
2025-03-31 23:26:21,961 - INFO - Ingress_Enter MSFQ1EBU
2025-03-31 23:26:21,993 - INFO - Ingress_Enter GDC9UANE
2025-03-31 23:26:22,060 - INFO - Ingress_Exit MSFQ1EBU
2025-03-31 23:26:22,090 - INFO - Ingress_Exit GDC9UANE
2025-03-31 23:26:23,108 - INFO - Ingress_Enter PS0AA8XD
2025-03-31 23:26:23,198 - INFO - Ingress_Exit PS0AA8XD
2025-03-31 23:26:23,468 - INFO - Ingress_Enter 4F78251S
2025-03-31 23:26:23,565 - INFO - Ingress_Exit 4F78251S
2025-03-31 23:26:24,029 - INFO - Ingress_Enter X63K4D6D
2025-03-31 23:26:24,130 - INFO - Ingress_Exit X63K4D6D
2025-03-31 23:26:25,045 - INFO - Ingress_Enter JCAFYFRS
2025-03-31 23:26:25,135 - INFO - Ingress_Exit JCAFYFRS
2025-03-31 23:26:25,505 - INFO - Ingress_Enter 0VYZO7S4
2025-03-31 23:26:25,601 - INFO - Ingress_Exit 0VYZO7S4
2025-03-31 23:26:26,264 - INFO - Ingress_Enter EFP67489
2025-03-31 23:26:26,352 - INFO - Ingress_Exit EFP67489
2025-03-31 23:26:26,428 - INFO - Ingress_Enter 1W0RV0IY
2025-03-31 23:26:26,524 - INFO - Ingress_Exit 1W0RV0IY
2025-03-31 23:26:27,149 - INFO - Ingress_Enter EG1738TK
2025-03-31 23:26:27,181 - INFO - Ingress_Enter APHIPQTZ
2025-03-31 23:26:27,237 - INFO - Ingress_Exit EG1738TK
2025-03-31 23:26:27,274 - INFO - Ingress_Exit APHIPQTZ
2025-03-31 23:26:27,770 - INFO - Ingress_Enter IX0M21Z0
2025-03-31 23:26:27,858 - INFO - Ingress_Exit IX0M21Z0
2025-03-31 23:26:28,263 - INFO - Ingress_Enter N246MBBB
2025-03-31 23:26:28,355 - INFO - Ingress_Exit N246MBBB
2025-03-31 23:26:28,361 - INFO - Ingress_Enter 0IVZW4EU
2025-03-31 23:26:28,457 - INFO - Ingress_Exit 0IVZW4EU
2025-03-31 23:26:28,757 - INFO - Ingress_Enter G8XLMJ8J
2025-03-31 23:26:28,845 - INFO - Ingress_Exit G8XLMJ8J
2025-03-31 23:26:29,250 - INFO - Ingress_Enter CZJRSAK6
2025-03-31 23:26:29,347 - INFO - Ingress_Exit CZJRSAK6
2025-03-31 23:26:29,349 - INFO - Ingress_Enter 2W4V48AK
2025-03-31 23:26:29,446 - INFO - Ingress_Exit 2W4V48AK
2025-03-31 23:26:29,709 - INFO - Ingress_Enter 5YEL2UAQ
2025-03-31 23:26:29,804 - INFO - Ingress_Exit 5YEL2UAQ
2025-03-31 23:26:29,906 - INFO - Ingress_Enter 3EYVH3LE
2025-03-31 23:26:30,002 - INFO - Ingress_Exit 3EYVH3LE
2025-03-31 23:26:30,136 - INFO - Ingress_Enter 2XB60FDR
2025-03-31 23:26:30,226 - INFO - Ingress_Exit 2XB60FDR
2025-03-31 23:26:31,189 - INFO - Ingress_Enter 9R2MHXYA
2025-03-31 23:26:31,254 - INFO - Ingress_Enter F7OXN5FT
2025-03-31 23:26:31,283 - INFO - Ingress_Exit 9R2MHXYA
2025-03-31 23:26:31,345 - INFO - Ingress_Exit F7OXN5FT
2025-03-31 23:26:31,518 - INFO - Ingress_Enter O3E0YZMC
2025-03-31 23:26:31,617 - INFO - Ingress_Exit O3E0YZMC
2025-03-31 23:26:31,714 - INFO - Ingress_Enter FGNSFY5E
2025-03-31 23:26:31,805 - INFO - Ingress_Exit FGNSFY5E
2025-03-31 23:26:32,142 - INFO - Ingress_Enter MDP786XE
2025-03-31 23:26:32,233 - INFO - Ingress_Exit MDP786XE
2025-03-31 23:26:32,272 - INFO - Ingress_Enter NZVPEVSF
2025-03-31 23:26:32,361 - INFO - Ingress_Exit NZVPEVSF
2025-03-31 23:26:33,093 - INFO - Ingress_Enter HWKDD80D
2025-03-31 23:26:33,186 - INFO - Ingress_Exit HWKDD80D
2025-03-31 23:26:33,356 - INFO - Ingress_Enter OSF7KMXK
2025-03-31 23:26:33,449 - INFO - Ingress_Exit OSF7KMXK
2025-03-31 23:26:34,443 - INFO - Ingress_Enter UD8SWJ0C
2025-03-31 23:26:34,532 - INFO - Ingress_Exit UD8SWJ0C
2025-03-31 23:26:34,572 - INFO - Ingress_Enter 8VZ3CFTQ
2025-03-31 23:26:34,668 - INFO - Ingress_Exit 8VZ3CFTQ
2025-03-31 23:26:34,704 - INFO - Ingress_Enter 5DDKH1AD
2025-03-31 23:26:34,796 - INFO - Ingress_Exit 5DDKH1AD
2025-03-31 23:26:35,165 - INFO - Ingress_Enter S3IFO1UB
2025-03-31 23:26:35,272 - INFO - Ingress_Exit S3IFO1UB
2025-03-31 23:26:35,296 - INFO - Ingress_Enter 003XGZKI
2025-03-31 23:26:35,396 - INFO - Ingress_Exit 003XGZKI
2025-03-31 23:26:35,691 - INFO - Ingress_Enter IB3YU8TU
2025-03-31 23:26:35,790 - INFO - Ingress_Exit IB3YU8TU
2025-03-31 23:26:35,986 - INFO - Ingress_Enter S6XMVV8W
2025-03-31 23:26:36,082 - INFO - Ingress_Exit S6XMVV8W
2025-03-31 23:26:37,467 - INFO - Ingress_Enter GVO4TCY4
2025-03-31 23:26:37,561 - INFO - Ingress_Exit GVO4TCY4
2025-03-31 23:26:37,597 - INFO - Ingress_Enter 22ULBGDQ
2025-03-31 23:26:37,662 - INFO - Ingress_Enter 2RZR45DV
2025-03-31 23:26:37,688 - INFO - Ingress_Exit 22ULBGDQ
2025-03-31 23:26:37,756 - INFO - Ingress_Exit 2RZR45DV
2025-03-31 23:26:40,881 - INFO - Ingress_Enter FVTV9H05
2025-03-31 23:26:40,972 - INFO - Ingress_Exit FVTV9H05
2025-03-31 23:26:41,242 - INFO - Ingress_Enter ZEXHQ4W0
2025-03-31 23:26:41,332 - INFO - Ingress_Exit ZEXHQ4W0
2025-03-31 23:26:41,671 - INFO - Ingress_Enter JNJYSES7
2025-03-31 23:26:41,766 - INFO - Ingress_Exit JNJYSES7
2025-03-31 23:26:42,067 - INFO - Ingress_Enter F15SYT2G
2025-03-31 23:26:42,133 - INFO - Ingress_Enter M75X8V4N
2025-03-31 23:26:42,165 - INFO - Ingress_Exit F15SYT2G
2025-03-31 23:26:42,198 - INFO - Ingress_Enter YIO5NKX5
2025-03-31 23:26:42,224 - INFO - Ingress_Exit M75X8V4N
2025-03-31 23:26:42,292 - INFO - Ingress_Exit YIO5NKX5
2025-03-31 23:26:42,493 - INFO - Ingress_Enter C2SVP6WX
2025-03-31 23:26:42,586 - INFO - Ingress_Exit C2SVP6WX
2025-03-31 23:26:42,691 - INFO - Ingress_Enter D62LUUI8
2025-03-31 23:26:42,785 - INFO - Ingress_Exit D62LUUI8
2025-03-31 23:26:43,084 - INFO - Ingress_Enter RZGJPWTL
2025-03-31 23:26:43,179 - INFO - Ingress_Exit RZGJPWTL
2025-03-31 23:26:43,684 - INFO - Ingress_Enter L5UCE5SO
2025-03-31 23:26:43,776 - INFO - Ingress_Exit L5UCE5SO
2025-03-31 23:26:44,639 - INFO - Ingress_Enter QJ9S0TST
2025-03-31 23:26:44,737 - INFO - Ingress_Enter E5HAX51U
2025-03-31 23:26:44,738 - INFO - Ingress_Exit QJ9S0TST
2025-03-31 23:26:44,838 - INFO - Ingress_Exit E5HAX51U
2025-03-31 23:26:45,198 - INFO - Ingress_Enter WWRU8S1X
2025-03-31 23:26:45,313 - INFO - Ingress_Exit WWRU8S1X
2025-03-31 23:26:46,347 - INFO - Ingress_Enter V70YWKKD
2025-03-31 23:26:46,437 - INFO - Ingress_Exit V70YWKKD
2025-03-31 23:26:46,478 - INFO - Ingress_Enter KC8PCUT7
2025-03-31 23:26:46,567 - INFO - Ingress_Exit KC8PCUT7
2025-03-31 23:26:46,674 - INFO - Ingress_Enter 6N6AX7RA
2025-03-31 23:26:46,767 - INFO - Ingress_Exit 6N6AX7RA
2025-03-31 23:26:47,003 - INFO - Ingress_Enter XGCZEO7S
2025-03-31 23:26:47,069 - INFO - Ingress_Enter NM4EGV9Y
2025-03-31 23:26:47,094 - INFO - Ingress_Exit XGCZEO7S
2025-03-31 23:26:47,162 - INFO - Ingress_Exit NM4EGV9Y
2025-03-31 23:26:47,661 - INFO - Ingress_Enter 39MTZF0H
2025-03-31 23:26:47,757 - INFO - Ingress_Exit 39MTZF0H
2025-03-31 23:26:47,792 - INFO - Ingress_Enter RKQTKV2I
2025-03-31 23:26:47,881 - INFO - Ingress_Exit RKQTKV2I
2025-03-31 23:26:48,055 - INFO - Ingress_Enter ZGHDPXWS
2025-03-31 23:26:48,141 - INFO - Ingress_Exit ZGHDPXWS
2025-03-31 23:26:48,154 - INFO - Ingress_Enter 317N6TQE
2025-03-31 23:26:48,220 - INFO - Ingress_Enter UH48IFL2
2025-03-31 23:26:48,243 - INFO - Ingress_Exit 317N6TQE
2025-03-31 23:26:48,308 - INFO - Ingress_Exit UH48IFL2
2025-03-31 23:26:48,613 - INFO - Ingress_Enter 8X8YHFHP
2025-03-31 23:26:48,678 - INFO - Ingress_Enter MFXZDWNI
2025-03-31 23:26:48,703 - INFO - Ingress_Exit 8X8YHFHP
2025-03-31 23:26:48,772 - INFO - Ingress_Exit MFXZDWNI
2025-03-31 23:26:49,171 - INFO - Ingress_Enter 7C8RC797
2025-03-31 23:26:49,270 - INFO - Ingress_Exit 7C8RC797
2025-03-31 23:26:49,567 - INFO - Ingress_Enter 17FDH9NO
2025-03-31 23:26:49,655 - INFO - Ingress_Exit 17FDH9NO
2025-03-31 23:26:50,255 - INFO - Ingress_Enter Z1U4390P
2025-03-31 23:26:50,346 - INFO - Ingress_Exit Z1U4390P
2025-03-31 23:26:50,583 - INFO - Ingress_Enter ARX0GFIR
2025-03-31 23:26:50,616 - INFO - Ingress_Enter ZOS1389A
2025-03-31 23:26:50,672 - INFO - Ingress_Exit ARX0GFIR
2025-03-31 23:26:50,704 - INFO - Ingress_Exit ZOS1389A
2025-03-31 23:26:51,374 - INFO - Ingress_Enter QU7Q4PD8
2025-03-31 23:26:51,469 - INFO - Ingress_Exit QU7Q4PD8
2025-03-31 23:26:51,538 - INFO - Ingress_Enter EYGFH839
2025-03-31 23:26:51,604 - INFO - Ingress_Enter DYGQXZ0W
2025-03-31 23:26:51,629 - INFO - Ingress_Exit EYGFH839
2025-03-31 23:26:51,700 - INFO - Ingress_Exit DYGQXZ0W
2025-03-31 23:26:52,461 - INFO - Ingress_Enter 0FBGU2J0
2025-03-31 23:26:52,493 - INFO - Ingress_Enter H5UST33Y
2025-03-31 23:26:52,551 - INFO - Ingress_Exit 0FBGU2J0
2025-03-31 23:26:52,580 - INFO - Ingress_Exit H5UST33Y
2025-03-31 23:26:52,789 - INFO - Ingress_Enter FIGXHZ7L
2025-03-31 23:26:52,877 - INFO - Ingress_Exit FIGXHZ7L
2025-03-31 23:26:52,888 - INFO - Ingress_Enter KNTTQW2G
2025-03-31 23:26:52,953 - INFO - Ingress_Enter AQ8H0SGH
2025-03-31 23:26:52,975 - INFO - Ingress_Exit KNTTQW2G
2025-03-31 23:26:53,041 - INFO - Ingress_Exit AQ8H0SGH
2025-03-31 23:26:53,249 - INFO - Ingress_Enter R8UO83TE
2025-03-31 23:26:53,337 - INFO - Ingress_Exit R8UO83TE
2025-03-31 23:26:54,731 - INFO - Ingress_Enter 5YQX08JP
2025-03-31 23:26:54,763 - INFO - Ingress_Enter B1U69VWS
2025-03-31 23:26:54,824 - INFO - Ingress_Exit 5YQX08JP
2025-03-31 23:26:54,856 - INFO - Ingress_Exit B1U69VWS
2025-03-31 23:26:54,927 - INFO - Ingress_Enter GP476MTD
2025-03-31 23:26:54,961 - INFO - Ingress_Enter 9P30QZH2
2025-03-31 23:26:55,030 - INFO - Ingress_Exit GP476MTD
2025-03-31 23:26:55,060 - INFO - Ingress_Exit 9P30QZH2
2025-03-31 23:26:55,256 - INFO - Ingress_Enter 5NVB4RLM
2025-03-31 23:26:55,353 - INFO - Ingress_Exit 5NVB4RLM
2025-03-31 23:26:55,619 - INFO - Ingress_Enter 84LIP2ZE
2025-03-31 23:26:55,706 - INFO - Ingress_Exit 84LIP2ZE
2025-03-31 23:26:55,717 - INFO - Ingress_Enter JFU1ENDI
2025-03-31 23:26:55,807 - INFO - Ingress_Exit JFU1ENDI
2025-03-31 23:26:55,848 - INFO - Ingress_Enter FZYUJMLQ
2025-03-31 23:26:55,941 - INFO - Ingress_Exit FZYUJMLQ
2025-03-31 23:26:56,078 - INFO - Ingress_Enter U4FUYO2M
2025-03-31 23:26:56,173 - INFO - Ingress_Exit U4FUYO2M
2025-03-31 23:26:56,769 - INFO - Ingress_Enter 7I4ZHEAU
2025-03-31 23:26:56,863 - INFO - Ingress_Exit 7I4ZHEAU
2025-03-31 23:26:57,067 - INFO - Ingress_Enter SWHYJXQA
2025-03-31 23:26:57,162 - INFO - Ingress_Exit SWHYJXQA
2025-03-31 23:26:57,625 - INFO - Ingress_Enter M844H56G
2025-03-31 23:26:57,713 - INFO - Ingress_Exit M844H56G
2025-03-31 23:26:59,039 - INFO - Ingress_Enter EJC5OLHW
2025-03-31 23:26:59,137 - INFO - Ingress_Exit EJC5OLHW
2025-03-31 23:26:59,595 - INFO - Ingress_Enter CHU5VXTH
2025-03-31 23:26:59,690 - INFO - Ingress_Exit CHU5VXTH
2025-03-31 23:26:59,858 - INFO - Ingress_Enter YDF4I1TP
2025-03-31 23:26:59,979 - INFO - Ingress_Exit YDF4I1TP
2025-03-31 23:27:00,744 - INFO - Ingress_Enter 3U7OJXUP
2025-03-31 23:27:00,836 - INFO - Ingress_Exit 3U7OJXUP
2025-03-31 23:27:01,039 - INFO - Ingress_Enter T2UAA6H1
2025-03-31 23:27:01,072 - INFO - Ingress_Enter 6TGJ76IG
2025-03-31 23:27:01,135 - INFO - Ingress_Exit T2UAA6H1
2025-03-31 23:27:01,137 - INFO - Ingress_Enter LLP7B5SI
2025-03-31 23:27:01,164 - INFO - Ingress_Exit 6TGJ76IG
2025-03-31 23:27:01,229 - INFO - Ingress_Exit LLP7B5SI
2025-03-31 23:27:01,236 - INFO - Ingress_Enter CQDS8UF0
2025-03-31 23:27:01,268 - INFO - Ingress_Enter 189X3E99
2025-03-31 23:27:01,332 - INFO - Ingress_Exit CQDS8UF0
2025-03-31 23:27:01,365 - INFO - Ingress_Exit 189X3E99
2025-03-31 23:27:02,585 - INFO - Ingress_Enter 01R5OR79
2025-03-31 23:27:02,674 - INFO - Ingress_Exit 01R5OR79
2025-03-31 23:27:02,946 - INFO - Ingress_Enter KPFX181T
2025-03-31 23:27:03,012 - INFO - Ingress_Enter D7QAAOIF
2025-03-31 23:27:03,037 - INFO - Ingress_Exit KPFX181T
2025-03-31 23:27:03,107 - INFO - Ingress_Exit D7QAAOIF
2025-03-31 23:27:03,275 - INFO - Ingress_Enter 3AQQMNRB
2025-03-31 23:27:03,365 - INFO - Ingress_Exit 3AQQMNRB
2025-03-31 23:27:03,406 - INFO - Ingress_Enter X0W3ELV4
2025-03-31 23:27:03,494 - INFO - Ingress_Exit X0W3ELV4
2025-03-31 23:27:03,604 - INFO - Ingress_Enter X40TLRSZ
2025-03-31 23:27:03,636 - INFO - Ingress_Enter AGOSVL2O
2025-03-31 23:27:03,696 - INFO - Ingress_Exit X40TLRSZ
2025-03-31 23:27:03,725 - INFO - Ingress_Exit AGOSVL2O
2025-03-31 23:27:03,965 - INFO - Ingress_Enter 9OCSVAE7
2025-03-31 23:27:04,055 - INFO - Ingress_Exit 9OCSVAE7
2025-03-31 23:27:04,360 - INFO - Ingress_Enter SC0E3X6Z
2025-03-31 23:27:04,453 - INFO - Ingress_Exit SC0E3X6Z
2025-03-31 23:27:05,083 - INFO - Ingress_Enter TXZFJQRU
2025-03-31 23:27:05,175 - INFO - Ingress_Exit TXZFJQRU
2025-03-31 23:27:05,477 - INFO - Ingress_Enter MISFELYE
2025-03-31 23:27:05,570 - INFO - Ingress_Exit MISFELYE
2025-03-31 23:27:05,575 - INFO - Ingress_Enter 6F93HJ7G
2025-03-31 23:27:05,642 - INFO - Ingress_Enter GDN4LCSG
2025-03-31 23:27:05,667 - INFO - Ingress_Exit 6F93HJ7G
2025-03-31 23:27:05,740 - INFO - Ingress_Exit GDN4LCSG
2025-03-31 23:27:07,152 - INFO - Ingress_Enter V1UAQVLY
2025-03-31 23:27:07,184 - INFO - Ingress_Enter SJD2BJ72
2025-03-31 23:27:07,243 - INFO - Ingress_Exit V1UAQVLY
2025-03-31 23:27:07,274 - INFO - Ingress_Exit SJD2BJ72
2025-03-31 23:27:08,792 - INFO - Ingress_Enter 2PUQZKSC
2025-03-31 23:27:08,883 - INFO - Ingress_Exit 2PUQZKSC
2025-03-31 23:27:09,020 - INFO - Ingress_Enter 6KO02RDC
2025-03-31 23:27:09,112 - INFO - Ingress_Exit 6KO02RDC
2025-03-31 23:27:09,118 - INFO - Ingress_Enter ZMJ0DY6L
2025-03-31 23:27:09,209 - INFO - Ingress_Exit ZMJ0DY6L
2025-03-31 23:27:09,348 - INFO - Ingress_Enter HIIV84O3
2025-03-31 23:27:09,444 - INFO - Ingress_Exit HIIV84O3
2025-03-31 23:27:09,544 - INFO - Ingress_Enter IA5O2VPI
2025-03-31 23:27:09,637 - INFO - Ingress_Exit IA5O2VPI
2025-03-31 23:27:09,970 - INFO - Ingress_Enter 90PXIMDQ
2025-03-31 23:27:10,065 - INFO - Ingress_Exit 90PXIMDQ
2025-03-31 23:27:10,265 - INFO - Ingress_Enter V1Y7VKB9
2025-03-31 23:27:10,354 - INFO - Ingress_Exit V1Y7VKB9
2025-03-31 23:27:10,461 - INFO - Ingress_Enter Y2Y5CURE
2025-03-31 23:27:10,558 - INFO - Ingress_Exit Y2Y5CURE
2025-03-31 23:27:10,921 - INFO - Ingress_Enter E2K3MSNO
2025-03-31 23:27:10,986 - INFO - Ingress_Enter CK2RVRGV
2025-03-31 23:27:11,015 - INFO - Ingress_Exit E2K3MSNO
2025-03-31 23:27:11,077 - INFO - Ingress_Exit CK2RVRGV
2025-03-31 23:27:11,480 - INFO - Ingress_Enter OVH905LY
2025-03-31 23:27:11,571 - INFO - Ingress_Exit OVH905LY
2025-03-31 23:27:11,908 - INFO - Ingress_Enter 0P1DEWU8
2025-03-31 23:27:11,974 - INFO - Ingress_Enter M3YS9T77
2025-03-31 23:27:12,008 - INFO - Ingress_Exit 0P1DEWU8
2025-03-31 23:27:12,072 - INFO - Ingress_Exit M3YS9T77
2025-03-31 23:27:12,401 - INFO - Ingress_Enter THGLIH63
2025-03-31 23:27:12,498 - INFO - Ingress_Exit THGLIH63
2025-03-31 23:27:13,059 - INFO - Ingress_Enter AQPUSQCA
2025-03-31 23:27:13,151 - INFO - Ingress_Exit AQPUSQCA
2025-03-31 23:27:13,354 - INFO - Ingress_Enter 4P5D94DO
2025-03-31 23:27:13,387 - INFO - Ingress_Enter 7I4JVXTM
2025-03-31 23:27:13,449 - INFO - Ingress_Exit 4P5D94DO
2025-03-31 23:27:13,479 - INFO - Ingress_Exit 7I4JVXTM
2025-03-31 23:27:13,484 - INFO - Ingress_Enter ABSHYOIL
2025-03-31 23:27:13,578 - INFO - Ingress_Exit ABSHYOIL
2025-03-31 23:27:13,813 - INFO - Ingress_Enter I0BHTCOE
2025-03-31 23:27:13,845 - INFO - Ingress_Enter LJFOOAHC
2025-03-31 23:27:13,903 - INFO - Ingress_Exit I0BHTCOE
2025-03-31 23:27:13,935 - INFO - Ingress_Exit LJFOOAHC
2025-03-31 23:27:14,865 - INFO - Ingress_Enter 0P4DRU37
2025-03-31 23:27:14,930 - INFO - Ingress_Enter CYC2N6FY
2025-03-31 23:27:14,954 - INFO - Ingress_Exit 0P4DRU37
2025-03-31 23:27:15,025 - INFO - Ingress_Exit CYC2N6FY
2025-03-31 23:27:15,224 - INFO - Ingress_Enter 9H88A017
2025-03-31 23:27:15,311 - INFO - Ingress_Exit 9H88A017
2025-03-31 23:27:15,388 - INFO - Ingress_Enter NELALF99
2025-03-31 23:27:15,475 - INFO - Ingress_Exit NELALF99
2025-03-31 23:27:15,487 - INFO - Ingress_Enter B7W43RX4
2025-03-31 23:27:15,581 - INFO - Ingress_Exit B7W43RX4
2025-03-31 23:27:16,568 - INFO - Ingress_Enter 1FN4C1JW
2025-03-31 23:27:16,664 - INFO - Ingress_Exit 1FN4C1JW
2025-03-31 23:27:16,733 - INFO - Ingress_Enter NI2VOCR9
2025-03-31 23:27:16,765 - INFO - Ingress_Enter CEBAXI0W
2025-03-31 23:27:16,822 - INFO - Ingress_Exit NI2VOCR9
2025-03-31 23:27:16,853 - INFO - Ingress_Exit CEBAXI0W
2025-03-31 23:27:16,928 - INFO - Ingress_Enter DV3RKA2E
2025-03-31 23:27:16,961 - INFO - Ingress_Enter 89TD4A32
2025-03-31 23:27:17,020 - INFO - Ingress_Exit DV3RKA2E
2025-03-31 23:27:17,050 - INFO - Ingress_Exit 89TD4A32
2025-03-31 23:27:20,351 - INFO - Ingress_Enter 1HSE9AEA
2025-03-31 23:27:20,441 - INFO - Ingress_Exit 1HSE9AEA
2025-03-31 23:27:20,843 - INFO - Ingress_Enter IJGWCQLK
2025-03-31 23:27:20,935 - INFO - Ingress_Exit IJGWCQLK
2025-03-31 23:27:21,171 - INFO - Ingress_Enter KXIEOIL8
2025-03-31 23:27:21,260 - INFO - Ingress_Exit KXIEOIL8
2025-03-31 23:27:21,367 - INFO - Ingress_Enter FDB97QVQ
2025-03-31 23:27:21,460 - INFO - Ingress_Exit FDB97QVQ
2025-03-31 23:27:23,011 - INFO - Ingress_Enter 64PR3CD5
2025-03-31 23:27:23,109 - INFO - Ingress_Exit 64PR3CD5
2025-03-31 23:27:24,294 - INFO - Ingress_Enter 47TTO7CP
2025-03-31 23:27:24,389 - INFO - Ingress_Exit 47TTO7CP
2025-03-31 23:27:24,786 - INFO - Ingress_Enter YDP6G8EI
2025-03-31 23:27:24,875 - INFO - Ingress_Exit YDP6G8EI
2025-03-31 23:27:25,085 - INFO - Ingress_Enter MV8JGVIW
2025-03-31 23:27:25,117 - INFO - Ingress_Enter BE5UCW5P
2025-03-31 23:27:25,179 - INFO - Ingress_Exit MV8JGVIW
2025-03-31 23:27:25,205 - INFO - Ingress_Exit BE5UCW5P
2025-03-31 23:27:26,335 - INFO - Ingress_Enter TGM4TM30
2025-03-31 23:27:26,425 - INFO - Ingress_Exit TGM4TM30
2025-03-31 23:27:27,122 - INFO - Ingress_Enter XD4CLMBS
2025-03-31 23:27:27,221 - INFO - Ingress_Exit XD4CLMBS
2025-03-31 23:27:27,647 - INFO - Ingress_Enter INXUTA5O
2025-03-31 23:27:27,739 - INFO - Ingress_Exit INXUTA5O
2025-03-31 23:27:27,778 - INFO - Ingress_Enter O62UZTYY
2025-03-31 23:27:27,871 - INFO - Ingress_Exit O62UZTYY
2025-03-31 23:27:28,106 - INFO - Ingress_Enter K31ACPWL
2025-03-31 23:27:28,196 - INFO - Ingress_Exit K31ACPWL
2025-03-31 23:27:28,336 - INFO - Ingress_Enter V4IFZSIM
2025-03-31 23:27:28,369 - INFO - Ingress_Enter YY2IRO5Y
2025-03-31 23:27:28,430 - INFO - Ingress_Exit V4IFZSIM
2025-03-31 23:27:28,460 - INFO - Ingress_Exit YY2IRO5Y
2025-03-31 23:27:31,064 - INFO - Ingress_Enter F01W23I5
2025-03-31 23:27:31,156 - INFO - Ingress_Exit F01W23I5
2025-03-31 23:27:31,721 - INFO - Ingress_Enter B5M5J8TO
2025-03-31 23:27:31,825 - INFO - Ingress_Exit B5M5J8TO
2025-03-31 23:27:31,851 - INFO - Ingress_Enter 33NNMPRC
2025-03-31 23:27:31,938 - INFO - Ingress_Exit 33NNMPRC
2025-03-31 23:27:32,080 - INFO - Ingress_Enter HTFPGLHS
2025-03-31 23:27:32,174 - INFO - Ingress_Exit HTFPGLHS
2025-03-31 23:27:32,277 - INFO - Ingress_Enter 7AXJ58EW
2025-03-31 23:27:32,373 - INFO - Ingress_Exit 7AXJ58EW
2025-03-31 23:27:32,538 - INFO - Ingress_Enter AO3JQJ1F
2025-03-31 23:27:32,637 - INFO - Ingress_Exit AO3JQJ1F
2025-03-31 23:27:32,998 - INFO - Ingress_Enter 8TX1TARO
2025-03-31 23:27:33,096 - INFO - Ingress_Exit 8TX1TARO
2025-03-31 23:27:33,129 - INFO - Ingress_Enter JCTVL26J
2025-03-31 23:27:33,227 - INFO - Ingress_Exit JCTVL26J
2025-03-31 23:27:33,688 - INFO - Ingress_Enter PDTFNLMN
2025-03-31 23:27:33,787 - INFO - Ingress_Exit PDTFNLMN
2025-03-31 23:27:33,820 - INFO - Ingress_Enter A9EIPRKS
2025-03-31 23:27:33,887 - INFO - Ingress_Enter UTF9NO9N
2025-03-31 23:27:33,917 - INFO - Ingress_Exit A9EIPRKS
2025-03-31 23:27:33,986 - INFO - Ingress_Exit UTF9NO9N
2025-03-31 23:27:34,413 - INFO - Ingress_Enter AWJZSKHG
2025-03-31 23:27:34,478 - INFO - Ingress_Enter BVZKQ8BC
2025-03-31 23:27:34,511 - INFO - Ingress_Exit AWJZSKHG
2025-03-31 23:27:34,573 - INFO - Ingress_Exit BVZKQ8BC
2025-03-31 23:27:38,950 - INFO - Ingress_Enter 0RF1P76F
2025-03-31 23:27:38,982 - INFO - Ingress_Enter NHIW7C2B
2025-03-31 23:27:39,046 - INFO - Ingress_Exit 0RF1P76F
2025-03-31 23:27:39,078 - INFO - Ingress_Exit NHIW7C2B
2025-03-31 23:27:39,810 - INFO - Ingress_Enter 9H04XJDK
2025-03-31 23:27:39,901 - INFO - Ingress_Exit 9H04XJDK
2025-03-31 23:27:40,138 - INFO - Ingress_Enter U74967XP
2025-03-31 23:27:40,235 - INFO - Ingress_Exit U74967XP
2025-03-31 23:27:40,270 - INFO - Ingress_Enter WT4DLZPS
2025-03-31 23:27:40,358 - INFO - Ingress_Exit WT4DLZPS
2025-03-31 23:27:40,402 - INFO - Ingress_Enter 44REWDWZ
2025-03-31 23:27:40,495 - INFO - Ingress_Exit 44REWDWZ
2025-03-31 23:27:40,763 - INFO - Ingress_Enter 2SSW2PTL
2025-03-31 23:27:40,802 - INFO - Ingress_Enter JOHMHZ1K
2025-03-31 23:27:40,846 - INFO - Ingress_Exit 2SSW2PTL
2025-03-31 23:27:40,898 - INFO - Ingress_Exit JOHMHZ1K
2025-03-31 23:27:42,344 - INFO - Ingress_Enter 75BQJQ4X
2025-03-31 23:27:42,432 - INFO - Ingress_Exit 75BQJQ4X
2025-03-31 23:27:42,474 - INFO - Ingress_Enter TL8SV667
2025-03-31 23:27:42,566 - INFO - Ingress_Exit TL8SV667
2025-03-31 23:27:42,902 - INFO - Ingress_Enter SRFOY345
2025-03-31 23:27:42,994 - INFO - Ingress_Exit SRFOY345
2025-03-31 23:27:43,397 - INFO - Ingress_Enter VT693HAP
2025-03-31 23:27:43,486 - INFO - Ingress_Exit VT693HAP
2025-03-31 23:27:43,824 - INFO - Ingress_Enter U0A8LZUS
2025-03-31 23:27:43,918 - INFO - Ingress_Exit U0A8LZUS
2025-03-31 23:27:44,318 - INFO - Ingress_Enter PTHVTEQH
2025-03-31 23:27:44,411 - INFO - Ingress_Exit PTHVTEQH
2025-03-31 23:27:44,417 - INFO - Ingress_Enter 61NSEVRR
2025-03-31 23:27:44,510 - INFO - Ingress_Exit 61NSEVRR
2025-03-31 23:27:44,846 - INFO - Ingress_Enter BK0B29SS
2025-03-31 23:27:44,936 - INFO - Ingress_Exit BK0B29SS
2025-03-31 23:27:45,078 - INFO - Ingress_Enter A6777H9U
2025-03-31 23:27:45,144 - INFO - Ingress_Enter NR3KWVCF
2025-03-31 23:27:45,170 - INFO - Ingress_Exit A6777H9U
2025-03-31 23:27:45,237 - INFO - Ingress_Exit NR3KWVCF
2025-03-31 23:27:49,492 - INFO - Ingress_Enter UFIKOMUV
2025-03-31 23:27:49,584 - INFO - Ingress_Exit UFIKOMUV
2025-03-31 23:27:50,251 - INFO - Ingress_Enter 925MQ1M8
2025-03-31 23:27:50,343 - INFO - Ingress_Exit 925MQ1M8
2025-03-31 23:27:50,547 - INFO - Ingress_Enter 1HGUR0X6
2025-03-31 23:27:50,638 - INFO - Ingress_Exit 1HGUR0X6
2025-03-31 23:27:51,337 - INFO - Ingress_Enter E2S9DLY1
2025-03-31 23:27:51,369 - INFO - Ingress_Enter O84F93HL
2025-03-31 23:27:51,429 - INFO - Ingress_Exit E2S9DLY1
2025-03-31 23:27:51,461 - INFO - Ingress_Exit O84F93HL
2025-03-31 23:27:54,540 - INFO - Ingress_Enter DJHL21FW
2025-03-31 23:27:54,572 - INFO - Ingress_Enter NVPBFA71
2025-03-31 23:27:54,630 - INFO - Ingress_Exit DJHL21FW
2025-03-31 23:27:54,666 - INFO - Ingress_Exit NVPBFA71
2025-03-31 23:27:54,803 - INFO - Ingress_Enter C1B30J85
2025-03-31 23:27:54,891 - INFO - Ingress_Exit C1B30J85
2025-03-31 23:27:54,966 - INFO - Ingress_Enter NHRNE5QY
2025-03-31 23:27:54,999 - INFO - Ingress_Enter AQ5UBRXW
2025-03-31 23:27:55,032 - INFO - Ingress_Enter DL6HUZW9
2025-03-31 23:27:55,058 - INFO - Ingress_Exit NHRNE5QY
2025-03-31 23:27:55,089 - INFO - Ingress_Exit AQ5UBRXW
2025-03-31 23:27:55,130 - INFO - Ingress_Exit DL6HUZW9
2025-03-31 23:28:05,587 - INFO - Ingress_Enter G2P60X69
2025-03-31 23:28:05,683 - INFO - Ingress_Exit G2P60X69
2025-03-31 23:28:05,848 - INFO - Ingress_Enter F5JAGTEU
2025-03-31 23:28:05,881 - INFO - Ingress_Enter HT0FKM5Y
2025-03-31 23:28:05,942 - INFO - Ingress_Exit F5JAGTEU
2025-03-31 23:28:05,974 - INFO - Ingress_Exit HT0FKM5Y
2025-03-31 23:28:06,209 - INFO - Ingress_Enter XU43JYYH
2025-03-31 23:28:06,305 - INFO - Ingress_Exit XU43JYYH
2025-03-31 23:28:06,440 - INFO - Ingress_Enter CGZVKDYS
2025-03-31 23:28:06,533 - INFO - Ingress_Exit CGZVKDYS
2025-03-31 23:28:06,605 - INFO - Ingress_Enter 3CLIO9Q6
2025-03-31 23:28:06,696 - INFO - Ingress_Exit 3CLIO9Q6
2025-03-31 23:28:07,824 - INFO - Ingress_Enter ZJNC757N
2025-03-31 23:28:07,917 - INFO - Ingress_Exit ZJNC757N
2025-03-31 23:28:08,186 - INFO - Ingress_Enter K3SJZEXK
2025-03-31 23:28:08,284 - INFO - Ingress_Exit K3SJZEXK
2025-03-31 23:28:08,317 - INFO - Ingress_Enter AFAR3IJL
2025-03-31 23:28:08,410 - INFO - Ingress_Exit AFAR3IJL
2025-03-31 23:28:08,416 - INFO - Ingress_Enter 95BONJ95
2025-03-31 23:28:08,482 - INFO - Ingress_Enter 4DI51HDH
2025-03-31 23:28:08,509 - INFO - Ingress_Exit 95BONJ95
2025-03-31 23:28:08,574 - INFO - Ingress_Exit 4DI51HDH
2025-03-31 23:28:09,370 - INFO - Ingress_Enter 1E1RR3KX
2025-03-31 23:28:09,463 - INFO - Ingress_Exit 1E1RR3KX
2025-03-31 23:28:09,568 - INFO - Ingress_Enter AT5IT5G2
2025-03-31 23:28:09,601 - INFO - Ingress_Enter YULRNWKB
2025-03-31 23:28:09,659 - INFO - Ingress_Exit AT5IT5G2
2025-03-31 23:28:09,693 - INFO - Ingress_Exit YULRNWKB
2025-03-31 23:28:09,699 - INFO - Ingress_Enter J2AUZJB9
2025-03-31 23:28:09,765 - INFO - Ingress_Enter 5MTB51JX
2025-03-31 23:28:09,792 - INFO - Ingress_Exit J2AUZJB9
2025-03-31 23:28:09,859 - INFO - Ingress_Exit 5MTB51JX
2025-03-31 23:28:13,677 - INFO - Ingress_Enter QS6CEHM1
2025-03-31 23:28:13,769 - INFO - Ingress_Exit QS6CEHM1
2025-03-31 23:28:13,775 - INFO - Ingress_Enter 4EE870ZR
2025-03-31 23:28:13,870 - INFO - Ingress_Exit 4EE870ZR
2025-03-31 23:28:13,906 - INFO - Ingress_Enter XT249DL3
2025-03-31 23:28:14,001 - INFO - Ingress_Exit XT249DL3
2025-03-31 23:28:14,401 - INFO - Ingress_Enter T93YVPM0
2025-03-31 23:28:14,494 - INFO - Ingress_Exit T93YVPM0
2025-03-31 23:28:15,091 - INFO - Ingress_Enter TK9KD65P
2025-03-31 23:28:15,186 - INFO - Ingress_Exit TK9KD65P
2025-03-31 23:28:15,221 - INFO - Ingress_Enter 9WV715EK
2025-03-31 23:28:15,287 - INFO - Ingress_Enter O7OVMLRY
2025-03-31 23:28:15,316 - INFO - Ingress_Exit 9WV715EK
2025-03-31 23:28:15,388 - INFO - Ingress_Exit O7OVMLRY
2025-03-31 23:28:15,485 - INFO - Ingress_Enter QMOZ8VEA
2025-03-31 23:28:15,518 - INFO - Ingress_Enter M4WGLS2T
2025-03-31 23:28:15,581 - INFO - Ingress_Exit QMOZ8VEA
2025-03-31 23:28:15,612 - INFO - Ingress_Exit M4WGLS2T
2025-03-31 23:28:16,177 - INFO - Ingress_Enter M39PPZW8
2025-03-31 23:28:16,274 - INFO - Ingress_Exit M39PPZW8
2025-03-31 23:28:16,275 - INFO - Ingress_Enter 9XTMPXPM
2025-03-31 23:28:16,368 - INFO - Ingress_Exit 9XTMPXPM
2025-03-31 23:28:17,527 - INFO - Ingress_Enter 7Z24VSXB
2025-03-31 23:28:17,622 - INFO - Ingress_Exit 7Z24VSXB
2025-03-31 23:28:17,690 - INFO - Ingress_Enter 6CCTJRRM
2025-03-31 23:28:17,789 - INFO - Ingress_Exit 6CCTJRRM
2025-03-31 23:28:17,987 - INFO - Ingress_Enter FD37MJK3
2025-03-31 23:28:18,073 - INFO - Ingress_Exit FD37MJK3
2025-03-31 23:28:18,151 - INFO - Ingress_Enter CEPI240S
2025-03-31 23:28:18,240 - INFO - Ingress_Exit CEPI240S
2025-03-31 23:28:19,237 - INFO - Ingress_Enter J3VKF1PW
2025-03-31 23:28:19,270 - INFO - Ingress_Enter 664PTSX8
2025-03-31 23:28:19,331 - INFO - Ingress_Exit J3VKF1PW
2025-03-31 23:28:19,367 - INFO - Ingress_Exit 664PTSX8
2025-03-31 23:28:21,930 - INFO - Ingress_Enter TU0QH7K0
2025-03-31 23:28:22,019 - INFO - Ingress_Exit TU0QH7K0
2025-03-31 23:28:22,225 - INFO - Ingress_Enter 1PC0JKYH
2025-03-31 23:28:22,316 - INFO - Ingress_Exit 1PC0JKYH
2025-03-31 23:28:22,357 - INFO - Ingress_Enter 2RG3FJW8
2025-03-31 23:28:22,450 - INFO - Ingress_Exit 2RG3FJW8
2025-03-31 23:28:23,080 - INFO - Ingress_Enter 6GTZNV4A
2025-03-31 23:28:23,175 - INFO - Ingress_Exit 6GTZNV4A
2025-03-31 23:28:23,342 - INFO - Ingress_Enter VTUT6B9X
2025-03-31 23:28:23,434 - INFO - Ingress_Exit VTUT6B9X
2025-03-31 23:28:23,771 - INFO - Ingress_Enter A7GPFDME
2025-03-31 23:28:23,870 - INFO - Ingress_Exit A7GPFDME
2025-03-31 23:28:24,328 - INFO - Ingress_Enter 8PPRFEW9
2025-03-31 23:28:24,424 - INFO - Ingress_Exit 8PPRFEW9
2025-03-31 23:28:24,949 - INFO - Ingress_Enter LDAQHEOL
2025-03-31 23:28:25,037 - INFO - Ingress_Exit LDAQHEOL
2025-03-31 23:28:25,277 - INFO - Ingress_Enter LS6J3FB5
2025-03-31 23:28:25,368 - INFO - Ingress_Exit LS6J3FB5
2025-03-31 23:28:25,843 - INFO - Ingress_Enter 25GISPMK
2025-03-31 23:28:25,933 - INFO - Ingress_Exit 25GISPMK
2025-03-31 23:28:26,205 - INFO - Ingress_Enter 1V6R9ZP4
2025-03-31 23:28:26,295 - INFO - Ingress_Exit 1V6R9ZP4
2025-03-31 23:28:26,434 - INFO - Ingress_Enter NU0MV5LN
2025-03-31 23:28:26,526 - INFO - Ingress_Exit NU0MV5LN
2025-03-31 23:28:26,928 - INFO - Ingress_Enter UW7NEJDW
2025-03-31 23:28:27,022 - INFO - Ingress_Exit UW7NEJDW
2025-03-31 23:28:27,026 - INFO - Ingress_Enter 5PJLI58A
2025-03-31 23:28:27,121 - INFO - Ingress_Exit 5PJLI58A
2025-03-31 23:28:27,552 - INFO - Ingress_Enter PPDRPX4A
2025-03-31 23:28:27,648 - INFO - Ingress_Exit PPDRPX4A
2025-03-31 23:28:28,110 - INFO - Ingress_Enter QXKF9OKN
2025-03-31 23:28:28,201 - INFO - Ingress_Exit QXKF9OKN
2025-03-31 23:28:28,305 - INFO - Ingress_Enter ALH596AX
2025-03-31 23:28:28,420 - INFO - Ingress_Exit ALH596AX
2025-03-31 23:28:28,828 - INFO - Ingress_Enter S3FOLDVT
2025-03-31 23:28:28,922 - INFO - Ingress_Exit S3FOLDVT
2025-03-31 23:28:28,959 - INFO - Ingress_Enter 1MCJGM0E
2025-03-31 23:28:28,992 - INFO - Ingress_Enter V4137UY0
2025-03-31 23:28:29,047 - INFO - Ingress_Exit 1MCJGM0E
2025-03-31 23:28:29,082 - INFO - Ingress_Exit V4137UY0
2025-03-31 23:28:29,680 - INFO - Ingress_Enter 6XFY6BX4
2025-03-31 23:28:29,776 - INFO - Ingress_Exit 6XFY6BX4
2025-03-31 23:28:29,811 - INFO - Ingress_Enter HEP5T8RY
2025-03-31 23:28:29,902 - INFO - Ingress_Exit HEP5T8RY
2025-03-31 23:28:30,600 - INFO - Ingress_Enter 6XCX10YJ
2025-03-31 23:28:30,690 - INFO - Ingress_Exit 6XCX10YJ
2025-03-31 23:28:30,862 - INFO - Ingress_Enter H1JUSRAF
2025-03-31 23:28:30,954 - INFO - Ingress_Exit H1JUSRAF
2025-03-31 23:28:31,323 - INFO - Ingress_Enter UBF920S6
2025-03-31 23:28:31,415 - INFO - Ingress_Exit UBF920S6
2025-03-31 23:28:31,486 - INFO - Ingress_Enter 6AIQQPRT
2025-03-31 23:28:31,576 - INFO - Ingress_Exit 6AIQQPRT
2025-03-31 23:28:31,584 - INFO - Ingress_Enter JT4I8L32
2025-03-31 23:28:31,673 - INFO - Ingress_Exit JT4I8L32
2025-03-31 23:28:31,716 - INFO - Ingress_Enter GVA2UWKC
2025-03-31 23:28:31,806 - INFO - Ingress_Exit GVA2UWKC
2025-03-31 23:28:31,814 - INFO - Ingress_Enter C0E8I3PN
2025-03-31 23:28:31,914 - INFO - Ingress_Enter 6JMXTY4J
2025-03-31 23:28:31,947 - INFO - Ingress_Exit C0E8I3PN
2025-03-31 23:28:32,004 - INFO - Ingress_Exit 6JMXTY4J
2025-03-31 23:28:33,522 - INFO - Ingress_Enter C0UTHHM8
2025-03-31 23:28:33,613 - INFO - Ingress_Exit C0UTHHM8
2025-03-31 23:28:33,751 - INFO - Ingress_Enter UYXBSEGV
2025-03-31 23:28:33,821 - INFO - Ingress_Enter JGVIJD5W
2025-03-31 23:28:33,842 - INFO - Ingress_Exit UYXBSEGV
2025-03-31 23:28:33,950 - INFO - Ingress_Exit JGVIJD5W
2025-03-31 23:28:34,046 - INFO - Ingress_Enter B0LZUX8G
2025-03-31 23:28:34,135 - INFO - Ingress_Exit B0LZUX8G
2025-03-31 23:28:34,144 - INFO - Ingress_Enter J50WJMLX
2025-03-31 23:28:34,243 - INFO - Ingress_Exit J50WJMLX
2025-03-31 23:28:34,244 - INFO - Ingress_Enter RQM9IXS1
2025-03-31 23:28:34,335 - INFO - Ingress_Exit RQM9IXS1
2025-03-31 23:28:39,173 - INFO - Ingress_Enter GKYK647P
2025-03-31 23:28:39,238 - INFO - Ingress_Enter ZDHFIKFR
2025-03-31 23:28:39,265 - INFO - Ingress_Exit GKYK647P
2025-03-31 23:28:39,333 - INFO - Ingress_Exit ZDHFIKFR
2025-03-31 23:28:40,092 - INFO - Ingress_Enter O73K5E58
2025-03-31 23:28:40,188 - INFO - Ingress_Exit O73K5E58
2025-03-31 23:28:40,453 - INFO - Ingress_Enter 65UV2GMS
2025-03-31 23:28:40,546 - INFO - Ingress_Exit 65UV2GMS
2025-03-31 23:28:40,849 - INFO - Ingress_Enter 3T9UTU3E
2025-03-31 23:28:40,943 - INFO - Ingress_Exit 3T9UTU3E
2025-03-31 23:28:41,440 - INFO - Ingress_Enter HUQT5C64
2025-03-31 23:28:41,534 - INFO - Ingress_Exit HUQT5C64
2025-03-31 23:28:42,161 - INFO - Ingress_Enter 36AHRVLW
2025-03-31 23:28:42,260 - INFO - Ingress_Exit 36AHRVLW
2025-03-31 23:28:42,325 - INFO - Ingress_Enter WZIBOP8M
2025-03-31 23:28:42,415 - INFO - Ingress_Exit WZIBOP8M
2025-03-31 23:28:42,456 - INFO - Ingress_Enter JTC39PD5
2025-03-31 23:28:42,488 - INFO - Ingress_Enter QULXFOOM
2025-03-31 23:28:42,545 - INFO - Ingress_Exit JTC39PD5
2025-03-31 23:28:42,578 - INFO - Ingress_Exit QULXFOOM
2025-03-31 23:28:43,571 - INFO - Ingress_Enter D6N9PJGU
2025-03-31 23:28:43,665 - INFO - Ingress_Exit D6N9PJGU
2025-03-31 23:28:43,866 - INFO - Ingress_Enter 5XBX6F4Z
2025-03-31 23:28:43,958 - INFO - Ingress_Exit 5XBX6F4Z
2025-03-31 23:28:44,292 - INFO - Ingress_Enter RGWRP45L
2025-03-31 23:28:44,386 - INFO - Ingress_Exit RGWRP45L
2025-03-31 23:28:44,390 - INFO - Ingress_Enter P9IAJ9GX
2025-03-31 23:28:44,486 - INFO - Ingress_Exit P9IAJ9GX
2025-03-31 23:28:44,753 - INFO - Ingress_Enter OIVK4OUQ
2025-03-31 23:28:44,818 - INFO - Ingress_Enter 8C70SJAC
2025-03-31 23:28:44,846 - INFO - Ingress_Exit OIVK4OUQ
2025-03-31 23:28:44,912 - INFO - Ingress_Exit 8C70SJAC
2025-03-31 23:28:45,507 - INFO - Ingress_Enter LY44313T
2025-03-31 23:28:45,608 - INFO - Ingress_Exit LY44313T
2025-03-31 23:28:45,902 - INFO - Ingress_Enter QMWG2115
2025-03-31 23:28:45,991 - INFO - Ingress_Exit QMWG2115
2025-03-31 23:28:46,229 - INFO - Ingress_Enter RNM4G54I
2025-03-31 23:28:46,323 - INFO - Ingress_Exit RNM4G54I
2025-03-31 23:28:46,427 - INFO - Ingress_Enter ZNDVRYN7
2025-03-31 23:28:46,521 - INFO - Ingress_Exit ZNDVRYN7
2025-03-31 23:28:46,525 - INFO - Ingress_Enter 5I2SH3WI
2025-03-31 23:28:46,620 - INFO - Ingress_Exit 5I2SH3WI
2025-03-31 23:28:46,657 - INFO - Ingress_Enter EGTA0NH9
2025-03-31 23:28:46,747 - INFO - Ingress_Exit EGTA0NH9
2025-03-31 23:28:47,018 - INFO - Ingress_Enter 8DOC4JY9
2025-03-31 23:28:47,111 - INFO - Ingress_Exit 8DOC4JY9
2025-03-31 23:28:47,349 - INFO - Ingress_Enter 1ZPO94FM
2025-03-31 23:28:47,440 - INFO - Ingress_Exit 1ZPO94FM
2025-03-31 23:28:48,529 - INFO - Ingress_Enter KZFE7KZP
2025-03-31 23:28:48,623 - INFO - Ingress_Exit KZFE7KZP
2025-03-31 23:28:48,791 - INFO - Ingress_Enter F87BHX7F
2025-03-31 23:28:48,885 - INFO - Ingress_Exit F87BHX7F
2025-03-31 23:28:49,354 - INFO - Ingress_Enter TGZ3YBLY
2025-03-31 23:28:49,445 - INFO - Ingress_Exit TGZ3YBLY
2025-03-31 23:28:49,485 - INFO - Ingress_Enter WCDG848G
2025-03-31 23:28:49,577 - INFO - Ingress_Exit WCDG848G
2025-03-31 23:28:50,045 - INFO - Ingress_Enter SQXK92GZ
2025-03-31 23:28:50,078 - INFO - Ingress_Enter FFBB4AS6
2025-03-31 23:28:50,137 - INFO - Ingress_Exit SQXK92GZ
2025-03-31 23:28:50,171 - INFO - Ingress_Exit FFBB4AS6
2025-03-31 23:28:50,803 - INFO - Ingress_Enter KHAGIJN6
2025-03-31 23:28:50,835 - INFO - Ingress_Enter BYTD1EIN
2025-03-31 23:28:50,895 - INFO - Ingress_Exit KHAGIJN6
2025-03-31 23:28:50,926 - INFO - Ingress_Exit BYTD1EIN
2025-03-31 23:28:52,183 - INFO - Ingress_Enter TJQEB8GS
2025-03-31 23:28:52,216 - INFO - Ingress_Enter Y5JZR064
2025-03-31 23:28:52,278 - INFO - Ingress_Exit TJQEB8GS
2025-03-31 23:28:52,306 - INFO - Ingress_Exit Y5JZR064
2025-03-31 23:28:53,006 - INFO - Ingress_Enter YQQD79Q3
2025-03-31 23:28:53,099 - INFO - Ingress_Exit YQQD79Q3
2025-03-31 23:28:53,467 - INFO - Ingress_Enter EWTCN5L9
2025-03-31 23:28:53,552 - INFO - Ingress_Exit EWTCN5L9
2025-03-31 23:28:53,990 - INFO - Ingress_Enter WU666ODW
2025-03-31 23:28:54,081 - INFO - Ingress_Exit WU666ODW
2025-03-31 23:28:54,288 - INFO - Ingress_Enter I2OTA7OI
2025-03-31 23:28:54,375 - INFO - Ingress_Exit I2OTA7OI
2025-03-31 23:28:54,584 - INFO - Ingress_Enter R4HU670T
2025-03-31 23:28:54,672 - INFO - Ingress_Exit R4HU670T
2025-03-31 23:28:54,846 - INFO - Ingress_Enter S1VQMERF
2025-03-31 23:28:54,935 - INFO - Ingress_Exit S1VQMERF
2025-03-31 23:28:55,630 - INFO - Ingress_Enter 81LJHQWP
2025-03-31 23:28:55,724 - INFO - Ingress_Exit 81LJHQWP
2025-03-31 23:28:55,761 - INFO - Ingress_Enter 2HBYQT88
2025-03-31 23:28:55,798 - INFO - Ingress_Enter XJM30WBC
2025-03-31 23:28:55,851 - INFO - Ingress_Exit 2HBYQT88
2025-03-31 23:28:55,887 - INFO - Ingress_Exit XJM30WBC
2025-03-31 23:28:55,925 - INFO - Ingress_Enter JW6Q5Z99
2025-03-31 23:28:56,017 - INFO - Ingress_Exit JW6Q5Z99
2025-03-31 23:28:56,549 - INFO - Ingress_Enter SIE3CEAH
2025-03-31 23:28:56,615 - INFO - Ingress_Enter UUK0KOPL
2025-03-31 23:28:56,644 - INFO - Ingress_Exit SIE3CEAH
2025-03-31 23:28:56,705 - INFO - Ingress_Exit UUK0KOPL
2025-03-31 23:28:58,195 - INFO - Ingress_Enter J02U797N
2025-03-31 23:28:58,283 - INFO - Ingress_Exit J02U797N
2025-03-31 23:28:58,918 - INFO - Ingress_Enter EZJCTPYN
2025-03-31 23:28:59,009 - INFO - Ingress_Exit EZJCTPYN
2025-03-31 23:28:59,541 - INFO - Ingress_Enter PW7CLFXM
2025-03-31 23:28:59,636 - INFO - Ingress_Exit PW7CLFXM
2025-03-31 23:29:00,199 - INFO - Ingress_Enter COU54R7J
2025-03-31 23:29:00,293 - INFO - Ingress_Exit COU54R7J
2025-03-31 23:29:00,896 - INFO - Ingress_Enter U0AG7T4I
2025-03-31 23:29:00,984 - INFO - Ingress_Exit U0AG7T4I
2025-03-31 23:29:01,520 - INFO - Ingress_Enter BXEVZ9XW
2025-03-31 23:29:01,647 - INFO - Ingress_Exit BXEVZ9XW
2025-03-31 23:29:02,343 - INFO - Ingress_Enter OLCUCLKX
2025-03-31 23:29:02,441 - INFO - Ingress_Exit OLCUCLKX
2025-03-31 23:29:02,671 - INFO - Ingress_Enter Z5R0JNBI
2025-03-31 23:29:02,736 - INFO - Ingress_Enter G6Q0J9PZ
2025-03-31 23:29:02,766 - INFO - Ingress_Exit Z5R0JNBI
2025-03-31 23:29:02,802 - INFO - Ingress_Enter R5UVYO1H
2025-03-31 23:29:02,825 - INFO - Ingress_Exit G6Q0J9PZ
2025-03-31 23:29:02,894 - INFO - Ingress_Exit R5UVYO1H
2025-03-31 23:29:03,590 - INFO - Ingress_Enter 0819T458
2025-03-31 23:29:03,680 - INFO - Ingress_Exit 0819T458
2025-03-31 23:29:03,720 - INFO - Ingress_Enter 1RGK9JBH
2025-03-31 23:29:03,813 - INFO - Ingress_Exit 1RGK9JBH
2025-03-31 23:29:04,446 - INFO - Ingress_Enter 2GBMW5ML
2025-03-31 23:29:04,477 - INFO - Ingress_Enter IJ923RDD
2025-03-31 23:29:04,540 - INFO - Ingress_Exit 2GBMW5ML
2025-03-31 23:29:04,571 - INFO - Ingress_Exit IJ923RDD
2025-03-31 23:29:06,552 - INFO - Ingress_Enter L1T7NJLG
2025-03-31 23:29:06,647 - INFO - Ingress_Exit L1T7NJLG
2025-03-31 23:29:07,045 - INFO - Ingress_Enter DGXJPMWA
2025-03-31 23:29:07,078 - INFO - Ingress_Enter BD2K3CKY
2025-03-31 23:29:07,117 - INFO - Ingress_Enter EHDNJBVW
2025-03-31 23:29:07,138 - INFO - Ingress_Exit DGXJPMWA
2025-03-31 23:29:07,178 - INFO - Ingress_Exit BD2K3CKY
2025-03-31 23:29:07,212 - INFO - Ingress_Exit EHDNJBVW
2025-03-31 23:29:17,222 - INFO - Ingress_Enter 3VR4MXZ5
2025-03-31 23:29:17,288 - INFO - Ingress_Enter SZGTN7NB
2025-03-31 23:29:17,313 - INFO - Ingress_Exit 3VR4MXZ5
2025-03-31 23:29:17,385 - INFO - Ingress_Exit SZGTN7NB
2025-03-31 23:29:21,232 - INFO - Ingress_Enter 4NZEHDZQ
2025-03-31 23:29:21,333 - INFO - Ingress_Exit 4NZEHDZQ
2025-03-31 23:29:21,659 - INFO - Ingress_Enter BRW871BQ
2025-03-31 23:29:21,751 - INFO - Ingress_Exit BRW871BQ
2025-03-31 23:29:22,187 - INFO - Ingress_Enter 5P4CAAXL
2025-03-31 23:29:22,277 - INFO - Ingress_Exit 5P4CAAXL
2025-03-31 23:29:22,283 - INFO - Ingress_Enter 9P6JS6SD
2025-03-31 23:29:22,375 - INFO - Ingress_Exit 9P6JS6SD
2025-03-31 23:29:22,513 - INFO - Ingress_Enter 4ODUK287
2025-03-31 23:29:22,603 - INFO - Ingress_Exit 4ODUK287
2025-03-31 23:29:22,974 - INFO - Ingress_Enter SVJDPSPJ
2025-03-31 23:29:23,060 - INFO - Ingress_Exit SVJDPSPJ
2025-03-31 23:29:23,335 - INFO - Ingress_Enter RV3ACMMJ
2025-03-31 23:29:23,368 - INFO - Ingress_Enter 1YNRKU9V
2025-03-31 23:29:23,425 - INFO - Ingress_Exit RV3ACMMJ
2025-03-31 23:29:23,460 - INFO - Ingress_Exit 1YNRKU9V
2025-03-31 23:29:23,533 - INFO - Ingress_Enter JQS1KMV7
2025-03-31 23:29:23,620 - INFO - Ingress_Exit JQS1KMV7
2025-03-31 23:29:23,829 - INFO - Ingress_Enter K5CZ8T2N
2025-03-31 23:29:23,918 - INFO - Ingress_Exit K5CZ8T2N
2025-03-31 23:29:24,552 - INFO - Ingress_Enter KB2JTLZ2
2025-03-31 23:29:24,618 - INFO - Ingress_Enter 6Q4OA47N
2025-03-31 23:29:24,643 - INFO - Ingress_Exit KB2JTLZ2
2025-03-31 23:29:24,713 - INFO - Ingress_Exit 6Q4OA47N
2025-03-31 23:29:24,882 - INFO - Ingress_Enter QC75OYJ0
2025-03-31 23:29:24,981 - INFO - Ingress_Exit QC75OYJ0
2025-03-31 23:29:25,244 - INFO - Ingress_Enter 45Y2O0QF
2025-03-31 23:29:25,278 - INFO - Ingress_Enter LLZ0DK17
2025-03-31 23:29:25,338 - INFO - Ingress_Exit 45Y2O0QF
2025-03-31 23:29:25,369 - INFO - Ingress_Exit LLZ0DK17
2025-03-31 23:29:26,069 - INFO - Ingress_Enter IPEA1LBV
2025-03-31 23:29:26,161 - INFO - Ingress_Exit IPEA1LBV
2025-03-31 23:29:26,464 - INFO - Ingress_Enter FNV59PGJ
2025-03-31 23:29:26,558 - INFO - Ingress_Exit FNV59PGJ
2025-03-31 23:29:26,629 - INFO - Ingress_Enter ZHIYAVAS
2025-03-31 23:29:26,662 - INFO - Ingress_Enter 17LMZYFZ
2025-03-31 23:29:26,720 - INFO - Ingress_Exit ZHIYAVAS
2025-03-31 23:29:26,751 - INFO - Ingress_Exit 17LMZYFZ
2025-03-31 23:29:27,382 - INFO - Ingress_Enter 2KXCU5NV
2025-03-31 23:29:27,474 - INFO - Ingress_Exit 2KXCU5NV
2025-03-31 23:29:27,611 - INFO - Ingress_Enter 08AWD3PZ
2025-03-31 23:29:27,698 - INFO - Ingress_Exit 08AWD3PZ
2025-03-31 23:29:27,774 - INFO - Ingress_Enter CN7FO7GK
2025-03-31 23:29:27,862 - INFO - Ingress_Exit CN7FO7GK
2025-03-31 23:29:28,037 - INFO - Ingress_Enter VUC35QUT
2025-03-31 23:29:28,134 - INFO - Ingress_Exit VUC35QUT
2025-03-31 23:29:28,332 - INFO - Ingress_Enter 994CHHPN
2025-03-31 23:29:28,430 - INFO - Ingress_Exit 994CHHPN
2025-03-31 23:29:28,629 - INFO - Ingress_Enter QEVHNCDF
2025-03-31 23:29:28,662 - INFO - Ingress_Enter 08L8P7QE
2025-03-31 23:29:28,726 - INFO - Ingress_Exit QEVHNCDF
2025-03-31 23:29:28,754 - INFO - Ingress_Exit 08L8P7QE
2025-03-31 23:29:33,228 - INFO - Ingress_Enter QR2GJBRA
2025-03-31 23:29:33,293 - INFO - Ingress_Enter 6ZFBM2M9
2025-03-31 23:29:33,321 - INFO - Ingress_Exit QR2GJBRA
2025-03-31 23:29:33,385 - INFO - Ingress_Exit 6ZFBM2M9
2025-03-31 23:29:33,854 - INFO - Ingress_Enter QHCYJXP3
2025-03-31 23:29:33,886 - INFO - Ingress_Enter 5DA3P8ZX
2025-03-31 23:29:33,949 - INFO - Ingress_Exit QHCYJXP3
2025-03-31 23:29:33,980 - INFO - Ingress_Exit 5DA3P8ZX
2025-03-31 23:29:33,984 - INFO - Ingress_Enter LABTR3ZY
2025-03-31 23:29:34,074 - INFO - Ingress_Exit LABTR3ZY
2025-03-31 23:29:35,002 - INFO - Ingress_Enter VJPNE081
2025-03-31 23:29:35,095 - INFO - Ingress_Exit VJPNE081
2025-03-31 23:29:35,465 - INFO - Ingress_Enter 0OL5LT92
2025-03-31 23:29:35,497 - INFO - Ingress_Enter BTSO478B
2025-03-31 23:29:35,552 - INFO - Ingress_Exit 0OL5LT92
2025-03-31 23:29:35,583 - INFO - Ingress_Exit BTSO478B
2025-03-31 23:29:35,661 - INFO - Ingress_Enter 3KJRVPVG
2025-03-31 23:29:35,755 - INFO - Ingress_Exit 3KJRVPVG
2025-03-31 23:29:35,964 - INFO - Ingress_Enter R6J2CI6U
2025-03-31 23:29:36,056 - INFO - Ingress_Exit R6J2CI6U
2025-03-31 23:29:36,755 - INFO - Ingress_Enter VOF4LOV0
2025-03-31 23:29:36,851 - INFO - Ingress_Exit VOF4LOV0
2025-03-31 23:29:37,115 - INFO - Ingress_Enter 9XLN24D2
2025-03-31 23:29:37,209 - INFO - Ingress_Exit 9XLN24D2
2025-03-31 23:29:37,313 - INFO - Ingress_Enter E08Y7N0I
2025-03-31 23:29:37,407 - INFO - Ingress_Exit E08Y7N0I
2025-03-31 23:29:37,642 - INFO - Ingress_Enter HZNO224T
2025-03-31 23:29:37,733 - INFO - Ingress_Exit HZNO224T
