2025-04-01 02:47:33,909 - INFO - Ingress_Enter I26QOCPY
2025-04-01 02:47:33,953 - INFO - Ingress_Enter 11H5PH91
2025-04-01 02:47:34,270 - INFO - Ingress_Enter FY7GII2I
2025-04-01 02:47:34,379 - INFO - Ingress_Enter 5JXZ6VPP
2025-04-01 02:47:34,643 - INFO - Ingress_Enter OYLAG6IY
2025-04-01 02:47:34,818 - INFO - Ingress_Enter 90626C5S
2025-04-01 02:47:34,827 - INFO - Ingress_Exit I26QOCPY
2025-04-01 02:47:34,852 - INFO - Ingress_Enter ZXN8ZV79
2025-04-01 02:47:35,050 - INFO - Ingress_Enter FBONQ9OP
2025-04-01 02:47:35,254 - INFO - Ingress_Enter HWJG136E
2025-04-01 02:47:35,255 - INFO - Ingress_Exit 11H5PH91
2025-04-01 02:47:35,257 - INFO - Ingress_Exit 5JXZ6VPP
2025-04-01 02:47:35,335 - INFO - Ingress_Exit 90626C5S
2025-04-01 02:47:35,344 - INFO - Ingress_Exit FY7GII2I
2025-04-01 02:47:35,509 - INFO - Ingress_Exit ZXN8ZV79
2025-04-01 02:47:35,636 - INFO - Ingress_Enter YYMI4FPB
2025-04-01 02:47:35,649 - INFO - Ingress_Exit OYLAG6IY
2025-04-01 02:47:35,652 - INFO - Ingress_Enter 048EJD5V
2025-04-01 02:47:35,661 - INFO - Ingress_Enter YWUATSCV
2025-04-01 02:47:35,671 - INFO - Ingress_Enter 6JVGMKS9
2025-04-01 02:47:35,675 - INFO - Ingress_Enter MF0JM7FF
2025-04-01 02:47:35,753 - INFO - Ingress_Enter HCKOXG6A
2025-04-01 02:47:35,787 - INFO - Ingress_Enter I8NFPCXY
2025-04-01 02:47:35,823 - INFO - Ingress_Enter RHP689RW
2025-04-01 02:47:35,846 - INFO - Ingress_Exit FBONQ9OP
2025-04-01 02:47:35,874 - INFO - Ingress_Exit HWJG136E
2025-04-01 02:47:35,935 - INFO - Ingress_Exit RHP689RW
2025-04-01 02:47:36,254 - INFO - Ingress_Exit MF0JM7FF
2025-04-01 02:47:36,314 - INFO - Ingress_Exit 048EJD5V
2025-04-01 02:47:36,315 - INFO - Ingress_Exit 6JVGMKS9
2025-04-01 02:47:36,374 - INFO - Ingress_Exit HCKOXG6A
2025-04-01 02:47:36,472 - INFO - Ingress_Exit I8NFPCXY
2025-04-01 02:47:36,648 - INFO - Ingress_Exit YYMI4FPB
2025-04-01 02:47:36,701 - INFO - Ingress_Exit YWUATSCV
2025-04-01 02:47:42,310 - INFO - Ingress_Enter 8R4G38IO
2025-04-01 02:47:42,376 - INFO - Ingress_Enter VK0J5ZQO
2025-04-01 02:47:42,387 - INFO - Ingress_Enter 0CNWGCSP
2025-04-01 02:47:42,528 - INFO - Ingress_Enter LN6QJVOU
2025-04-01 02:47:42,618 - INFO - Ingress_Enter 7H16Y7XJ
2025-04-01 02:47:42,886 - INFO - Ingress_Enter 1O1WS342
2025-04-01 02:47:42,912 - INFO - Ingress_Enter DZSLUXI6
2025-04-01 02:47:42,924 - INFO - Ingress_Enter EHENSO2C
2025-04-01 02:47:43,019 - INFO - Ingress_Enter IIBOFW9L
2025-04-01 02:47:43,025 - INFO - Ingress_Enter MCYXWRY6
2025-04-01 02:47:43,037 - INFO - Ingress_Exit 8R4G38IO
2025-04-01 02:47:43,038 - INFO - Ingress_Exit 0CNWGCSP
2025-04-01 02:47:43,123 - INFO - Ingress_Exit VK0J5ZQO
2025-04-01 02:47:43,133 - INFO - Ingress_Exit LN6QJVOU
2025-04-01 02:47:43,135 - INFO - Ingress_Exit 7H16Y7XJ
2025-04-01 02:47:43,388 - INFO - Ingress_Exit 1O1WS342
2025-04-01 02:47:43,398 - INFO - Ingress_Exit MCYXWRY6
2025-04-01 02:47:43,414 - INFO - Ingress_Exit IIBOFW9L
2025-04-01 02:47:43,415 - INFO - Ingress_Exit EHENSO2C
2025-04-01 02:47:43,521 - INFO - Ingress_Exit DZSLUXI6
2025-04-01 02:47:53,154 - INFO - Ingress_Enter EUO69NJU
2025-04-01 02:47:53,270 - INFO - Ingress_Enter ZGKP3DJR
2025-04-01 02:47:53,511 - INFO - Ingress_Enter HCDRRZD2
2025-04-01 02:47:53,526 - INFO - Ingress_Exit EUO69NJU
2025-04-01 02:47:53,662 - INFO - Ingress_Enter DGFWQOQC
2025-04-01 02:47:53,691 - INFO - Ingress_Exit ZGKP3DJR
2025-04-01 02:47:53,780 - INFO - Ingress_Enter IIF0SDN4
2025-04-01 02:47:53,803 - INFO - Ingress_Enter NO7LG8Y8
2025-04-01 02:47:53,840 - INFO - Ingress_Exit DGFWQOQC
2025-04-01 02:47:53,958 - INFO - Ingress_Exit IIF0SDN4
2025-04-01 02:47:54,013 - INFO - Ingress_Exit HCDRRZD2
2025-04-01 02:47:54,188 - INFO - Ingress_Exit NO7LG8Y8
2025-04-01 02:47:54,414 - INFO - Ingress_Enter CLD0ROT4
2025-04-01 02:47:54,471 - INFO - Ingress_Enter I92P805K
2025-04-01 02:47:54,487 - INFO - Ingress_Enter FTCPZAZE
2025-04-01 02:47:54,842 - INFO - Ingress_Exit FTCPZAZE
2025-04-01 02:47:54,843 - INFO - Ingress_Exit I92P805K
2025-04-01 02:47:54,884 - INFO - Ingress_Exit CLD0ROT4
2025-04-01 02:47:54,927 - INFO - Ingress_Enter URROCNE5
2025-04-01 02:47:54,985 - INFO - Ingress_Enter GKT2CP7L
2025-04-01 02:47:55,091 - INFO - Ingress_Enter XKQ8NEUS
2025-04-01 02:47:55,285 - INFO - Ingress_Exit URROCNE5
2025-04-01 02:47:55,289 - INFO - Ingress_Enter 2QK56K39
2025-04-01 02:47:55,322 - INFO - Ingress_Enter ED5MY4L8
2025-04-01 02:47:55,335 - INFO - Ingress_Enter 3PQ2X38E
2025-04-01 02:47:55,395 - INFO - Ingress_Exit GKT2CP7L
2025-04-01 02:47:55,508 - INFO - Ingress_Exit 2QK56K39
2025-04-01 02:47:55,590 - INFO - Ingress_Exit XKQ8NEUS
2025-04-01 02:47:55,645 - INFO - Ingress_Exit ED5MY4L8
2025-04-01 02:47:55,656 - INFO - Ingress_Exit 3PQ2X38E
2025-04-01 02:47:56,006 - INFO - Ingress_Enter SC2G33U1
2025-04-01 02:47:56,062 - INFO - Ingress_Enter H3E3HM8C
2025-04-01 02:47:56,237 - INFO - Ingress_Exit SC2G33U1
2025-04-01 02:47:56,242 - INFO - Ingress_Exit H3E3HM8C
2025-04-01 02:47:56,250 - INFO - Ingress_Enter HLPQFBHD
2025-04-01 02:47:56,330 - INFO - Ingress_Enter 5SFQDG8L
2025-04-01 02:47:56,377 - INFO - Ingress_Enter L8SICU17
2025-04-01 02:47:56,389 - INFO - Ingress_Enter QPLSEAF0
2025-04-01 02:47:56,466 - INFO - Ingress_Exit HLPQFBHD
2025-04-01 02:47:56,471 - INFO - Ingress_Enter KGHOBEGI
2025-04-01 02:47:56,494 - INFO - Ingress_Enter S8N12I5O
2025-04-01 02:47:56,509 - INFO - Ingress_Exit 5SFQDG8L
2025-04-01 02:47:56,516 - INFO - Ingress_Enter 1I9RM1Q9
2025-04-01 02:47:56,598 - INFO - Ingress_Exit L8SICU17
2025-04-01 02:47:56,622 - INFO - Ingress_Exit KGHOBEGI
2025-04-01 02:47:56,745 - INFO - Ingress_Exit S8N12I5O
2025-04-01 02:47:56,885 - INFO - Ingress_Exit 1I9RM1Q9
2025-04-01 02:47:56,974 - INFO - Ingress_Enter PZ6GJC42
2025-04-01 02:47:57,002 - INFO - Ingress_Enter JP01MJ7I
2025-04-01 02:47:57,049 - INFO - Ingress_Enter L15RKD2E
2025-04-01 02:47:57,056 - INFO - Ingress_Enter KWRXUSEL
2025-04-01 02:47:57,064 - INFO - Ingress_Exit QPLSEAF0
2025-04-01 02:47:57,147 - INFO - Ingress_Exit PZ6GJC42
2025-04-01 02:47:57,187 - INFO - Ingress_Exit JP01MJ7I
2025-04-01 02:47:57,244 - INFO - Ingress_Exit KWRXUSEL
2025-04-01 02:47:57,285 - INFO - Ingress_Exit L15RKD2E
2025-04-01 02:47:57,339 - INFO - Ingress_Enter VZU0389A
2025-04-01 02:47:57,364 - INFO - Ingress_Enter BA0IUVNS
2025-04-01 02:47:57,374 - INFO - Ingress_Enter FBPZQ2LO
2025-04-01 02:47:57,467 - INFO - Ingress_Enter 1W6I3GT2
2025-04-01 02:47:57,468 - INFO - Ingress_Exit VZU0389A
2025-04-01 02:47:57,522 - INFO - Ingress_Exit FBPZQ2LO
2025-04-01 02:47:57,545 - INFO - Ingress_Exit BA0IUVNS
2025-04-01 02:47:57,798 - INFO - Ingress_Enter MRG54ICZ
2025-04-01 02:47:57,810 - INFO - Ingress_Enter AEKZ1MLY
2025-04-01 02:47:57,838 - INFO - Ingress_Exit 1W6I3GT2
2025-04-01 02:47:58,050 - INFO - Ingress_Exit AEKZ1MLY
2025-04-01 02:47:58,055 - INFO - Ingress_Exit MRG54ICZ
2025-04-01 02:47:58,272 - INFO - Ingress_Enter A0DJ5NGT
2025-04-01 02:47:58,276 - INFO - Ingress_Enter B0DY32LZ
2025-04-01 02:47:58,501 - INFO - Ingress_Exit A0DJ5NGT
2025-04-01 02:47:58,535 - INFO - Ingress_Enter SY29MJTL
2025-04-01 02:47:58,591 - INFO - Ingress_Exit B0DY32LZ
2025-04-01 02:47:58,597 - INFO - Ingress_Enter WAHVCP7R
2025-04-01 02:47:58,745 - INFO - Ingress_Enter C2UH1KJM
2025-04-01 02:47:58,799 - INFO - Ingress_Exit WAHVCP7R
2025-04-01 02:47:58,887 - INFO - Ingress_Exit SY29MJTL
2025-04-01 02:47:59,027 - INFO - Ingress_Enter C4H2H8J7
2025-04-01 02:47:59,031 - INFO - Ingress_Exit C2UH1KJM
2025-04-01 02:47:59,199 - INFO - Ingress_Exit C4H2H8J7
2025-04-01 02:47:59,328 - INFO - Ingress_Enter 0U90S1XC
2025-04-01 02:47:59,434 - INFO - Ingress_Enter 8NZC5CFG
2025-04-01 02:47:59,491 - INFO - Ingress_Enter 73HU3Z79
2025-04-01 02:47:59,517 - INFO - Ingress_Exit 0U90S1XC
2025-04-01 02:47:59,562 - INFO - Ingress_Enter FTT21URB
2025-04-01 02:47:59,598 - INFO - Ingress_Enter 2JEY9E4U
2025-04-01 02:47:59,654 - INFO - Ingress_Exit 73HU3Z79
2025-04-01 02:47:59,750 - INFO - Ingress_Enter IT6LAM52
2025-04-01 02:47:59,751 - INFO - Ingress_Exit FTT21URB
2025-04-01 02:47:59,756 - INFO - Ingress_Exit 2JEY9E4U
2025-04-01 02:47:59,864 - INFO - Ingress_Enter FXN60RO0
2025-04-01 02:47:59,876 - INFO - Ingress_Exit IT6LAM52
2025-04-01 02:48:00,015 - INFO - Ingress_Enter JSN5KR8X
2025-04-01 02:48:00,195 - INFO - Ingress_Exit FXN60RO0
2025-04-01 02:48:00,299 - INFO - Ingress_Exit 8NZC5CFG
2025-04-01 02:48:00,305 - INFO - Ingress_Enter C3OPXP5U
2025-04-01 02:48:00,388 - INFO - Ingress_Exit JSN5KR8X
2025-04-01 02:48:00,514 - INFO - Ingress_Enter M7E2SS5M
2025-04-01 02:48:00,713 - INFO - Ingress_Enter OXX3M863
2025-04-01 02:48:00,807 - INFO - Ingress_Enter J7LNBOIO
2025-04-01 02:48:00,832 - INFO - Ingress_Enter 2DR8XI4L
2025-04-01 02:48:00,851 - INFO - Ingress_Exit C3OPXP5U
2025-04-01 02:48:00,931 - INFO - Ingress_Enter 5CA17G13
2025-04-01 02:48:01,018 - INFO - Ingress_Exit 2DR8XI4L
2025-04-01 02:48:01,042 - INFO - Ingress_Enter AII4YWT5
2025-04-01 02:48:01,043 - INFO - Ingress_Exit M7E2SS5M
2025-04-01 02:48:01,050 - INFO - Ingress_Enter WOB2F05Y
2025-04-01 02:48:01,128 - INFO - Ingress_Exit J7LNBOIO
2025-04-01 02:48:01,252 - INFO - Ingress_Exit OXX3M863
2025-04-01 02:48:01,359 - INFO - Ingress_Exit AII4YWT5
2025-04-01 02:48:01,361 - INFO - Ingress_Exit 5CA17G13
2025-04-01 02:48:01,424 - INFO - Ingress_Enter 13801CFZ
2025-04-01 02:48:01,522 - INFO - Ingress_Enter S9SR6P7K
2025-04-01 02:48:01,542 - INFO - Ingress_Enter O3JPQTEB
2025-04-01 02:48:01,691 - INFO - Ingress_Enter 9ZZRM7UC
2025-04-01 02:48:01,724 - INFO - Ingress_Exit WOB2F05Y
2025-04-01 02:48:01,774 - INFO - Ingress_Exit 13801CFZ
2025-04-01 02:48:01,904 - INFO - Ingress_Exit S9SR6P7K
2025-04-01 02:48:02,001 - INFO - Ingress_Exit 9ZZRM7UC
2025-04-01 02:48:02,060 - INFO - Ingress_Exit O3JPQTEB
2025-04-01 02:48:02,072 - INFO - Ingress_Enter S8IDEH5X
2025-04-01 02:48:02,092 - INFO - Ingress_Enter WJ27TK5F
2025-04-01 02:48:02,141 - INFO - Ingress_Enter B5ZREBID
2025-04-01 02:48:02,328 - INFO - Ingress_Exit WJ27TK5F
2025-04-01 02:48:02,402 - INFO - Ingress_Exit S8IDEH5X
2025-04-01 02:48:02,406 - INFO - Ingress_Enter FMV33Q29
2025-04-01 02:48:02,459 - INFO - Ingress_Exit B5ZREBID
2025-04-01 02:48:02,496 - INFO - Ingress_Enter UT1O1OHA
2025-04-01 02:48:02,544 - INFO - Ingress_Enter 4TDVDM12
2025-04-01 02:48:02,782 - INFO - Ingress_Exit FMV33Q29
2025-04-01 02:48:02,783 - INFO - Ingress_Exit 4TDVDM12
2025-04-01 02:48:02,899 - INFO - Ingress_Enter BG3NRFME
2025-04-01 02:48:02,902 - INFO - Ingress_Enter 09AOKZAG
2025-04-01 02:48:02,932 - INFO - Ingress_Exit UT1O1OHA
2025-04-01 02:48:03,059 - INFO - Ingress_Enter W5DA2HID
2025-04-01 02:48:03,126 - INFO - Ingress_Exit BG3NRFME
2025-04-01 02:48:03,210 - INFO - Ingress_Exit 09AOKZAG
2025-04-01 02:48:03,312 - INFO - Ingress_Exit W5DA2HID
2025-04-01 02:48:03,520 - INFO - Ingress_Enter 660XQ62G
2025-04-01 02:48:03,527 - INFO - Ingress_Enter J5RHJ70P
2025-04-01 02:48:03,542 - INFO - Ingress_Enter NOABBDZ3
2025-04-01 02:48:03,669 - INFO - Ingress_Enter 4RDS525Z
2025-04-01 02:48:03,748 - INFO - Ingress_Exit J5RHJ70P
2025-04-01 02:48:03,815 - INFO - Ingress_Exit NOABBDZ3
2025-04-01 02:48:03,832 - INFO - Ingress_Enter V4XB2TCK
2025-04-01 02:48:03,864 - INFO - Ingress_Exit 660XQ62G
2025-04-01 02:48:03,888 - INFO - Ingress_Exit 4RDS525Z
2025-04-01 02:48:03,993 - INFO - Ingress_Enter R8Z3B198
2025-04-01 02:48:04,017 - INFO - Ingress_Enter YZK558QP
2025-04-01 02:48:04,019 - INFO - Ingress_Exit V4XB2TCK
2025-04-01 02:48:04,121 - INFO - Ingress_Enter P3Y9GHDY
2025-04-01 02:48:04,158 - INFO - Ingress_Exit YZK558QP
2025-04-01 02:48:04,202 - INFO - Ingress_Enter 58ZX2E3X
2025-04-01 02:48:04,256 - INFO - Ingress_Enter LJFNUDK1
2025-04-01 02:48:04,360 - INFO - Ingress_Enter T1233USW
2025-04-01 02:48:04,367 - INFO - Ingress_Exit R8Z3B198
2025-04-01 02:48:04,451 - INFO - Ingress_Exit 58ZX2E3X
2025-04-01 02:48:04,500 - INFO - Ingress_Exit LJFNUDK1
2025-04-01 02:48:04,514 - INFO - Ingress_Exit P3Y9GHDY
2025-04-01 02:48:04,674 - INFO - Ingress_Exit T1233USW
2025-04-01 02:48:04,742 - INFO - Ingress_Enter GS7IPC3Y
2025-04-01 02:48:04,846 - INFO - Ingress_Enter ZBL4EHE8
2025-04-01 02:48:04,847 - INFO - Ingress_Enter FC1YJ7FP
2025-04-01 02:48:04,882 - INFO - Ingress_Enter 2CYA9KWC
2025-04-01 02:48:04,927 - INFO - Ingress_Enter QPTKTX8S
2025-04-01 02:48:05,027 - INFO - Ingress_Exit GS7IPC3Y
2025-04-01 02:48:05,198 - INFO - Ingress_Exit 2CYA9KWC
2025-04-01 02:48:05,208 - INFO - Ingress_Exit FC1YJ7FP
2025-04-01 02:48:05,248 - INFO - Ingress_Exit QPTKTX8S
2025-04-01 02:48:05,274 - INFO - Ingress_Exit ZBL4EHE8
2025-04-01 02:48:05,380 - INFO - Ingress_Enter 60DMOP0Y
2025-04-01 02:48:05,449 - INFO - Ingress_Enter UWQHZYUF
2025-04-01 02:48:05,506 - INFO - Ingress_Enter UKHTYTEP
2025-04-01 02:48:05,552 - INFO - Ingress_Enter RPLFMURC
2025-04-01 02:48:05,659 - INFO - Ingress_Exit UWQHZYUF
2025-04-01 02:48:05,661 - INFO - Ingress_Exit 60DMOP0Y
2025-04-01 02:48:05,702 - INFO - Ingress_Enter 6O9J9CH4
2025-04-01 02:48:05,702 - INFO - Ingress_Exit RPLFMURC
2025-04-01 02:48:05,724 - INFO - Ingress_Enter 10EIDMLE
2025-04-01 02:48:05,905 - INFO - Ingress_Exit UKHTYTEP
2025-04-01 02:48:05,970 - INFO - Ingress_Exit 6O9J9CH4
2025-04-01 02:48:05,982 - INFO - Ingress_Enter BLIWTWNZ
2025-04-01 02:48:06,003 - INFO - Ingress_Enter 9T473SO0
2025-04-01 02:48:06,109 - INFO - Ingress_Enter 9ASOJT9W
2025-04-01 02:48:06,120 - INFO - Ingress_Exit 10EIDMLE
2025-04-01 02:48:06,154 - INFO - Ingress_Enter LZNDH00B
2025-04-01 02:48:06,189 - INFO - Ingress_Enter 4GOPNWD2
2025-04-01 02:48:06,273 - INFO - Ingress_Enter P2UGW4GG
2025-04-01 02:48:06,287 - INFO - Ingress_Exit BLIWTWNZ
2025-04-01 02:48:06,317 - INFO - Ingress_Exit 4GOPNWD2
2025-04-01 02:48:06,376 - INFO - Ingress_Exit 9T473SO0
2025-04-01 02:48:06,443 - INFO - Ingress_Exit LZNDH00B
2025-04-01 02:48:06,468 - INFO - Ingress_Exit 9ASOJT9W
2025-04-01 02:48:06,473 - INFO - Ingress_Exit P2UGW4GG
2025-04-01 02:48:08,735 - INFO - Ingress_Enter S2ZDTDQO
2025-04-01 02:48:08,826 - INFO - Ingress_Enter I95IAGXN
2025-04-01 02:48:08,884 - INFO - Ingress_Exit S2ZDTDQO
2025-04-01 02:48:08,952 - INFO - Ingress_Enter 0CGRI0EA
2025-04-01 02:48:09,022 - INFO - Ingress_Enter Z93CXFBB
2025-04-01 02:48:09,102 - INFO - Ingress_Enter 9RPA9DVA
2025-04-01 02:48:09,123 - INFO - Ingress_Enter M6365VDP
2025-04-01 02:48:09,136 - INFO - Ingress_Exit I95IAGXN
2025-04-01 02:48:09,252 - INFO - Ingress_Exit 0CGRI0EA
2025-04-01 02:48:09,308 - INFO - Ingress_Exit M6365VDP
2025-04-01 02:48:09,329 - INFO - Ingress_Enter 785AYX8E
2025-04-01 02:48:09,364 - INFO - Ingress_Enter 7BNN2CTH
2025-04-01 02:48:09,392 - INFO - Ingress_Exit Z93CXFBB
2025-04-01 02:48:09,550 - INFO - Ingress_Exit 9RPA9DVA
2025-04-01 02:48:09,552 - INFO - Ingress_Exit 785AYX8E
2025-04-01 02:48:09,586 - INFO - Ingress_Exit 7BNN2CTH
2025-04-01 02:48:09,595 - INFO - Ingress_Enter F7FJN4A5
2025-04-01 02:48:09,631 - INFO - Ingress_Enter RVPR2COH
2025-04-01 02:48:09,793 - INFO - Ingress_Enter 2WXBPWBJ
2025-04-01 02:48:09,900 - INFO - Ingress_Exit F7FJN4A5
2025-04-01 02:48:09,919 - INFO - Ingress_Enter SILA19UE
2025-04-01 02:48:10,024 - INFO - Ingress_Enter Y7EMJ838
2025-04-01 02:48:10,135 - INFO - Ingress_Exit RVPR2COH
2025-04-01 02:48:10,150 - INFO - Ingress_Enter 2Q57YCC8
2025-04-01 02:48:10,301 - INFO - Ingress_Exit 2WXBPWBJ
2025-04-01 02:48:10,322 - INFO - Ingress_Enter 13VZPC9K
2025-04-01 02:48:10,344 - INFO - Ingress_Exit SILA19UE
2025-04-01 02:48:10,346 - INFO - Ingress_Enter F0RHKHCZ
2025-04-01 02:48:10,389 - INFO - Ingress_Exit Y7EMJ838
2025-04-01 02:48:10,391 - INFO - Ingress_Enter TVY0R7U1
2025-04-01 02:48:10,516 - INFO - Ingress_Enter YZBL6B4Z
2025-04-01 02:48:10,529 - INFO - Ingress_Exit 2Q57YCC8
2025-04-01 02:48:10,551 - INFO - Ingress_Enter EC2KY93N
2025-04-01 02:48:10,655 - INFO - Ingress_Enter OMO6UZX6
2025-04-01 02:48:10,769 - INFO - Ingress_Exit TVY0R7U1
2025-04-01 02:48:10,792 - INFO - Ingress_Enter I3U9UVIB
2025-04-01 02:48:10,843 - INFO - Ingress_Exit YZBL6B4Z
2025-04-01 02:48:10,877 - INFO - Ingress_Exit F0RHKHCZ
2025-04-01 02:48:10,905 - INFO - Ingress_Exit 13VZPC9K
2025-04-01 02:48:11,017 - INFO - Ingress_Exit EC2KY93N
2025-04-01 02:48:11,137 - INFO - Ingress_Exit OMO6UZX6
2025-04-01 02:48:11,167 - INFO - Ingress_Exit I3U9UVIB
2025-04-01 02:48:11,198 - INFO - Ingress_Enter 7QMSS4GT
2025-04-01 02:48:11,290 - INFO - Ingress_Enter VB0R87RN
2025-04-01 02:48:11,292 - INFO - Ingress_Enter KWKUZQPW
2025-04-01 02:48:11,465 - INFO - Ingress_Enter YOA8OMQC
2025-04-01 02:48:11,540 - INFO - Ingress_Exit KWKUZQPW
2025-04-01 02:48:11,569 - INFO - Ingress_Enter R9OBCPX7
2025-04-01 02:48:11,632 - INFO - Ingress_Exit 7QMSS4GT
2025-04-01 02:48:11,652 - INFO - Ingress_Enter FV4ID71V
2025-04-01 02:48:11,666 - INFO - Ingress_Exit VB0R87RN
2025-04-01 02:48:11,780 - INFO - Ingress_Enter 24S3B8ZC
2025-04-01 02:48:11,874 - INFO - Ingress_Enter YZT9HGG2
2025-04-01 02:48:11,919 - INFO - Ingress_Enter ADJ605S6
2025-04-01 02:48:11,930 - INFO - Ingress_Exit YOA8OMQC
2025-04-01 02:48:12,008 - INFO - Ingress_Exit FV4ID71V
2025-04-01 02:48:12,079 - INFO - Ingress_Exit 24S3B8ZC
2025-04-01 02:48:12,080 - INFO - Ingress_Exit ADJ605S6
2025-04-01 02:48:12,096 - INFO - Ingress_Exit R9OBCPX7
2025-04-01 02:48:12,270 - INFO - Ingress_Enter 4HXPSDNG
2025-04-01 02:48:12,304 - INFO - Ingress_Enter T1HOJ08T
2025-04-01 02:48:12,351 - INFO - Ingress_Enter 3ZXDTT5T
2025-04-01 02:48:12,414 - INFO - Ingress_Exit YZT9HGG2
2025-04-01 02:48:12,477 - INFO - Ingress_Enter DOGGKGKL
2025-04-01 02:48:12,538 - INFO - Ingress_Exit 4HXPSDNG
2025-04-01 02:48:12,575 - INFO - Ingress_Enter QU4WE2KQ
2025-04-01 02:48:12,628 - INFO - Ingress_Enter NVMY0BEP
2025-04-01 02:48:12,639 - INFO - Ingress_Enter 2G0OLGY3
2025-04-01 02:48:12,645 - INFO - Ingress_Enter 3KZQCK5E
2025-04-01 02:48:12,680 - INFO - Ingress_Enter KJHMLL1U
2025-04-01 02:48:12,709 - INFO - Ingress_Exit T1HOJ08T
2025-04-01 02:48:12,739 - INFO - Ingress_Exit 3ZXDTT5T
2025-04-01 02:48:12,848 - INFO - Ingress_Exit NVMY0BEP
2025-04-01 02:48:12,905 - INFO - Ingress_Exit QU4WE2KQ
2025-04-01 02:48:12,912 - INFO - Ingress_Exit DOGGKGKL
2025-04-01 02:48:12,976 - INFO - Ingress_Exit 2G0OLGY3
2025-04-01 02:48:12,976 - INFO - Ingress_Exit 3KZQCK5E
2025-04-01 02:48:13,252 - INFO - Ingress_Exit KJHMLL1U
2025-04-01 02:48:22,773 - INFO - Ingress_Enter 6OK9POAW
2025-04-01 02:48:22,794 - INFO - Ingress_Enter 8V33BAXZ
2025-04-01 02:48:22,867 - INFO - Ingress_Enter G9XZZ9WJ
2025-04-01 02:48:23,025 - INFO - Ingress_Exit G9XZZ9WJ
2025-04-01 02:48:23,080 - INFO - Ingress_Exit 8V33BAXZ
2025-04-01 02:48:23,085 - INFO - Ingress_Exit 6OK9POAW
2025-04-01 02:48:23,265 - INFO - Ingress_Enter QI99XJGF
2025-04-01 02:48:23,321 - INFO - Ingress_Enter S463MA6Q
2025-04-01 02:48:23,413 - INFO - Ingress_Enter 74XM3NG4
2025-04-01 02:48:23,460 - INFO - Ingress_Exit QI99XJGF
2025-04-01 02:48:23,528 - INFO - Ingress_Exit S463MA6Q
2025-04-01 02:48:23,613 - INFO - Ingress_Enter DUACJOGM
2025-04-01 02:48:23,676 - INFO - Ingress_Exit 74XM3NG4
2025-04-01 02:48:23,766 - INFO - Ingress_Exit DUACJOGM
2025-04-01 02:48:24,064 - INFO - Ingress_Enter CTE72AE3
2025-04-01 02:48:24,190 - INFO - Ingress_Enter 4ZXTNXL8
2025-04-01 02:48:24,341 - INFO - Ingress_Enter 106FDSGG
2025-04-01 02:48:24,430 - INFO - Ingress_Exit 4ZXTNXL8
2025-04-01 02:48:24,440 - INFO - Ingress_Exit CTE72AE3
2025-04-01 02:48:24,538 - INFO - Ingress_Exit 106FDSGG
2025-04-01 02:48:24,586 - INFO - Ingress_Enter VGTXL9KV
2025-04-01 02:48:24,594 - INFO - Ingress_Enter KK1CU0LY
2025-04-01 02:48:24,687 - INFO - Ingress_Enter LLGTRRZN
2025-04-01 02:48:24,711 - INFO - Ingress_Enter NIRBALQD
2025-04-01 02:48:24,788 - INFO - Ingress_Exit VGTXL9KV
2025-04-01 02:48:24,825 - INFO - Ingress_Exit KK1CU0LY
2025-04-01 02:48:24,857 - INFO - Ingress_Exit LLGTRRZN
2025-04-01 02:48:24,899 - INFO - Ingress_Enter UASL3P14
2025-04-01 02:48:25,003 - INFO - Ingress_Exit NIRBALQD
2025-04-01 02:48:25,229 - INFO - Ingress_Exit UASL3P14
2025-04-01 02:48:25,285 - INFO - Ingress_Enter C4KL7SJL
2025-04-01 02:48:25,415 - INFO - Ingress_Enter FHSIFTUY
2025-04-01 02:48:25,437 - INFO - Ingress_Enter 2CXTM2TR
2025-04-01 02:48:25,530 - INFO - Ingress_Exit C4KL7SJL
2025-04-01 02:48:25,614 - INFO - Ingress_Enter OSYI3CTE
2025-04-01 02:48:25,719 - INFO - Ingress_Exit 2CXTM2TR
2025-04-01 02:48:25,802 - INFO - Ingress_Exit FHSIFTUY
2025-04-01 02:48:25,860 - INFO - Ingress_Enter JWPKTO7N
2025-04-01 02:48:25,925 - INFO - Ingress_Exit OSYI3CTE
2025-04-01 02:48:26,118 - INFO - Ingress_Enter SW1C6FMK
2025-04-01 02:48:26,258 - INFO - Ingress_Exit JWPKTO7N
2025-04-01 02:48:26,376 - INFO - Ingress_Enter D8JKDHQR
2025-04-01 02:48:26,398 - INFO - Ingress_Exit SW1C6FMK
2025-04-01 02:48:26,733 - INFO - Ingress_Exit D8JKDHQR
2025-04-01 02:48:26,749 - INFO - Ingress_Enter 0BXRGUQJ
2025-04-01 02:48:26,880 - INFO - Ingress_Enter K3UFY2NH
2025-04-01 02:48:26,894 - INFO - Ingress_Enter CN4FQ3R3
2025-04-01 02:48:26,966 - INFO - Ingress_Enter 9O0VWX4I
2025-04-01 02:48:27,032 - INFO - Ingress_Exit 0BXRGUQJ
2025-04-01 02:48:27,096 - INFO - Ingress_Exit CN4FQ3R3
2025-04-01 02:48:27,163 - INFO - Ingress_Enter NXTISMIU
2025-04-01 02:48:27,196 - INFO - Ingress_Exit K3UFY2NH
2025-04-01 02:48:27,207 - INFO - Ingress_Enter KKT1HJGZ
2025-04-01 02:48:27,231 - INFO - Ingress_Enter WQV00Y2V
2025-04-01 02:48:27,277 - INFO - Ingress_Enter S2KASLZY
2025-04-01 02:48:27,330 - INFO - Ingress_Exit 9O0VWX4I
2025-04-01 02:48:27,572 - INFO - Ingress_Exit NXTISMIU
2025-04-01 02:48:27,588 - INFO - Ingress_Exit KKT1HJGZ
2025-04-01 02:48:27,589 - INFO - Ingress_Exit WQV00Y2V
2025-04-01 02:48:27,616 - INFO - Ingress_Exit S2KASLZY
2025-04-01 02:48:27,942 - INFO - Ingress_Enter KNXMC1U6
2025-04-01 02:48:28,071 - INFO - Ingress_Enter 210B1BW2
2025-04-01 02:48:28,175 - INFO - Ingress_Enter XFL6JZET
2025-04-01 02:48:28,221 - INFO - Ingress_Enter 1YGUWKHR
2025-04-01 02:48:28,277 - INFO - Ingress_Exit KNXMC1U6
2025-04-01 02:48:28,288 - INFO - Ingress_Exit 210B1BW2
2025-04-01 02:48:28,308 - INFO - Ingress_Exit XFL6JZET
2025-04-01 02:48:28,316 - INFO - Ingress_Enter DYJV1TAT
2025-04-01 02:48:28,409 - INFO - Ingress_Enter 6NYG92TT
2025-04-01 02:48:28,421 - INFO - Ingress_Enter YQQWLBX0
2025-04-01 02:48:28,457 - INFO - Ingress_Exit 1YGUWKHR
2025-04-01 02:48:28,479 - INFO - Ingress_Enter AVK0H3FQ
2025-04-01 02:48:28,503 - INFO - Ingress_Enter P78LJC9E
2025-04-01 02:48:28,557 - INFO - Ingress_Exit YQQWLBX0
2025-04-01 02:48:28,655 - INFO - Ingress_Exit DYJV1TAT
2025-04-01 02:48:28,716 - INFO - Ingress_Exit AVK0H3FQ
2025-04-01 02:48:28,745 - INFO - Ingress_Exit 6NYG92TT
2025-04-01 02:48:28,771 - INFO - Ingress_Exit P78LJC9E
2025-04-01 02:48:28,955 - INFO - Ingress_Enter Y2TB0F0J
2025-04-01 02:48:28,975 - INFO - Ingress_Enter U9DDTL0U
2025-04-01 02:48:29,082 - INFO - Ingress_Enter 8M4R8HZL
2025-04-01 02:48:29,171 - INFO - Ingress_Exit U9DDTL0U
2025-04-01 02:48:29,251 - INFO - Ingress_Exit Y2TB0F0J
2025-04-01 02:48:29,374 - INFO - Ingress_Enter 8NZJ3MDA
2025-04-01 02:48:29,398 - INFO - Ingress_Exit 8M4R8HZL
2025-04-01 02:48:29,443 - INFO - Ingress_Enter A1OKUQLN
2025-04-01 02:48:29,444 - INFO - Ingress_Enter ASA57EVY
2025-04-01 02:48:29,600 - INFO - Ingress_Exit A1OKUQLN
2025-04-01 02:48:29,688 - INFO - Ingress_Enter X10741VP
2025-04-01 02:48:29,703 - INFO - Ingress_Exit ASA57EVY
2025-04-01 02:48:29,771 - INFO - Ingress_Exit 8NZJ3MDA
2025-04-01 02:48:29,834 - INFO - Ingress_Exit X10741VP
2025-04-01 02:48:30,015 - INFO - Ingress_Enter VSTBBA9R
2025-04-01 02:48:30,316 - INFO - Ingress_Exit VSTBBA9R
2025-04-01 02:48:30,343 - INFO - Ingress_Enter DUVCPGHT
2025-04-01 02:48:30,460 - INFO - Ingress_Enter 30YQ92TR
2025-04-01 02:48:30,574 - INFO - Ingress_Enter C4ZGN2EE
2025-04-01 02:48:30,654 - INFO - Ingress_Exit DUVCPGHT
2025-04-01 02:48:30,764 - INFO - Ingress_Exit C4ZGN2EE
2025-04-01 02:48:30,825 - INFO - Ingress_Exit 30YQ92TR
2025-04-01 02:48:30,886 - INFO - Ingress_Enter 3VEP97WC
2025-04-01 02:48:30,905 - INFO - Ingress_Enter YX0UT2IO
2025-04-01 02:48:31,104 - INFO - Ingress_Exit 3VEP97WC
2025-04-01 02:48:31,200 - INFO - Ingress_Enter D7FHPLSH
2025-04-01 02:48:31,226 - INFO - Ingress_Exit YX0UT2IO
2025-04-01 02:48:31,233 - INFO - Ingress_Enter 87X7VUVI
2025-04-01 02:48:31,247 - INFO - Ingress_Enter F783BC4V
2025-04-01 02:48:31,258 - INFO - Ingress_Enter ILQT5BJ2
2025-04-01 02:48:31,383 - INFO - Ingress_Exit 87X7VUVI
2025-04-01 02:48:31,396 - INFO - Ingress_Exit D7FHPLSH
2025-04-01 02:48:31,432 - INFO - Ingress_Enter IFEG2TVP
2025-04-01 02:48:31,554 - INFO - Ingress_Exit IFEG2TVP
2025-04-01 02:48:31,572 - INFO - Ingress_Enter 88J2DLIF
2025-04-01 02:48:31,606 - INFO - Ingress_Enter ROXS94EL
2025-04-01 02:48:31,637 - INFO - Ingress_Exit F783BC4V
2025-04-01 02:48:31,697 - INFO - Ingress_Exit ILQT5BJ2
2025-04-01 02:48:31,918 - INFO - Ingress_Exit 88J2DLIF
2025-04-01 02:48:31,956 - INFO - Ingress_Exit ROXS94EL
2025-04-01 02:48:32,037 - INFO - Ingress_Enter BAHV083H
2025-04-01 02:48:32,072 - INFO - Ingress_Enter 1CONN8T9
2025-04-01 02:48:32,084 - INFO - Ingress_Enter HMH8DHTL
2025-04-01 02:48:32,236 - INFO - Ingress_Exit 1CONN8T9
2025-04-01 02:48:32,322 - INFO - Ingress_Exit BAHV083H
2025-04-01 02:48:32,444 - INFO - Ingress_Enter 7QW9GHPL
2025-04-01 02:48:32,445 - INFO - Ingress_Enter WG1ZCQ1Y
2025-04-01 02:48:32,471 - INFO - Ingress_Exit HMH8DHTL
2025-04-01 02:48:32,480 - INFO - Ingress_Enter MSM4RYSU
2025-04-01 02:48:32,844 - INFO - Ingress_Exit 7QW9GHPL
2025-04-01 02:48:32,888 - INFO - Ingress_Enter U194XW54
2025-04-01 02:48:32,897 - INFO - Ingress_Exit MSM4RYSU
2025-04-01 02:48:32,900 - INFO - Ingress_Enter 1TYJMXB4
2025-04-01 02:48:32,947 - INFO - Ingress_Exit WG1ZCQ1Y
2025-04-01 02:48:33,053 - INFO - Ingress_Enter H0DXLKLH
2025-04-01 02:48:33,133 - INFO - Ingress_Exit 1TYJMXB4
2025-04-01 02:48:33,282 - INFO - Ingress_Exit H0DXLKLH
2025-04-01 02:48:33,284 - INFO - Ingress_Exit U194XW54
2025-04-01 02:48:33,295 - INFO - Ingress_Enter JSZGGTRM
2025-04-01 02:48:33,354 - INFO - Ingress_Enter 9CCGA59G
2025-04-01 02:48:33,414 - INFO - Ingress_Exit JSZGGTRM
2025-04-01 02:48:33,481 - INFO - Ingress_Enter ZKF1ANSJ
2025-04-01 02:48:33,553 - INFO - Ingress_Enter TGTFD6UQ
2025-04-01 02:48:33,692 - INFO - Ingress_Enter IHGTVKOR
2025-04-01 02:48:33,727 - INFO - Ingress_Enter LK278Z7B
2025-04-01 02:48:33,754 - INFO - Ingress_Exit 9CCGA59G
2025-04-01 02:48:33,839 - INFO - Ingress_Exit ZKF1ANSJ
2025-04-01 02:48:33,884 - INFO - Ingress_Exit TGTFD6UQ
2025-04-01 02:48:33,981 - INFO - Ingress_Exit LK278Z7B
2025-04-01 02:48:34,058 - INFO - Ingress_Exit IHGTVKOR
2025-04-01 02:48:34,146 - INFO - Ingress_Enter DWFN6JT5
2025-04-01 02:48:34,238 - INFO - Ingress_Enter KCXX52CW
2025-04-01 02:48:34,334 - INFO - Ingress_Enter LEHIAHUV
2025-04-01 02:48:34,474 - INFO - Ingress_Enter PJL4U052
2025-04-01 02:48:34,480 - INFO - Ingress_Exit DWFN6JT5
2025-04-01 02:48:34,483 - INFO - Ingress_Enter SR9P1W67
2025-04-01 02:48:34,496 - INFO - Ingress_Enter 1BJMVST4
2025-04-01 02:48:34,590 - INFO - Ingress_Exit LEHIAHUV
2025-04-01 02:48:34,717 - INFO - Ingress_Exit KCXX52CW
2025-04-01 02:48:34,722 - INFO - Ingress_Exit PJL4U052
2025-04-01 02:48:34,753 - INFO - Ingress_Exit 1BJMVST4
2025-04-01 02:48:34,813 - INFO - Ingress_Exit SR9P1W67
2025-04-01 02:48:35,227 - INFO - Ingress_Enter 5F6GHCDB
2025-04-01 02:48:35,404 - INFO - Ingress_Enter 6CJFWDMO
2025-04-01 02:48:35,412 - INFO - Ingress_Enter 15EZQCD3
2025-04-01 02:48:35,445 - INFO - Ingress_Exit 5F6GHCDB
2025-04-01 02:48:35,565 - INFO - Ingress_Exit 15EZQCD3
2025-04-01 02:48:35,579 - INFO - Ingress_Enter VFEUSQ05
2025-04-01 02:48:35,613 - INFO - Ingress_Exit 6CJFWDMO
2025-04-01 02:48:35,705 - INFO - Ingress_Enter WKNZ510O
2025-04-01 02:48:35,708 - INFO - Ingress_Enter 0C0T83YR
2025-04-01 02:48:35,732 - INFO - Ingress_Enter MX3K1S9F
2025-04-01 02:48:35,835 - INFO - Ingress_Exit VFEUSQ05
2025-04-01 02:48:35,903 - INFO - Ingress_Enter MSGGLSIV
2025-04-01 02:48:35,958 - INFO - Ingress_Exit WKNZ510O
2025-04-01 02:48:35,973 - INFO - Ingress_Exit 0C0T83YR
2025-04-01 02:48:36,018 - INFO - Ingress_Enter UEFJEGTQ
2025-04-01 02:48:36,120 - INFO - Ingress_Enter OBOCHE8P
2025-04-01 02:48:36,137 - INFO - Ingress_Enter ANI4Y1TC
2025-04-01 02:48:36,233 - INFO - Ingress_Exit MX3K1S9F
2025-04-01 02:48:36,394 - INFO - Ingress_Exit MSGGLSIV
2025-04-01 02:48:36,396 - INFO - Ingress_Exit UEFJEGTQ
2025-04-01 02:48:36,429 - INFO - Ingress_Enter 3SUWF29N
2025-04-01 02:48:36,433 - INFO - Ingress_Enter P2AMUVBU
2025-04-01 02:48:36,447 - INFO - Ingress_Exit ANI4Y1TC
2025-04-01 02:48:36,599 - INFO - Ingress_Exit OBOCHE8P
2025-04-01 02:48:36,646 - INFO - Ingress_Enter 3GV96HN3
2025-04-01 02:48:36,717 - INFO - Ingress_Enter ECVLK06I
2025-04-01 02:48:36,786 - INFO - Ingress_Exit P2AMUVBU
2025-04-01 02:48:36,817 - INFO - Ingress_Exit 3SUWF29N
2025-04-01 02:48:36,834 - INFO - Ingress_Exit 3GV96HN3
2025-04-01 02:48:36,892 - INFO - Ingress_Enter WSRSWXU5
2025-04-01 02:48:36,913 - INFO - Ingress_Exit ECVLK06I
2025-04-01 02:48:37,008 - INFO - Ingress_Enter RNP2OZVR
2025-04-01 02:48:37,114 - INFO - Ingress_Enter 8VPN36M2
2025-04-01 02:48:37,120 - INFO - Ingress_Exit WSRSWXU5
2025-04-01 02:48:37,167 - INFO - Ingress_Enter GM2Z5OBK
2025-04-01 02:48:37,283 - INFO - Ingress_Enter BDEY8RH3
2025-04-01 02:48:37,303 - INFO - Ingress_Exit GM2Z5OBK
2025-04-01 02:48:37,467 - INFO - Ingress_Exit RNP2OZVR
2025-04-01 02:48:37,642 - INFO - Ingress_Exit 8VPN36M2
2025-04-01 02:48:37,708 - INFO - Ingress_Exit BDEY8RH3
2025-04-01 02:48:37,900 - INFO - Ingress_Enter OZ2M652R
2025-04-01 02:48:37,911 - INFO - Ingress_Enter DS1TTXZW
2025-04-01 02:48:38,017 - INFO - Ingress_Enter SOH2O21U
2025-04-01 02:48:38,109 - INFO - Ingress_Exit DS1TTXZW
2025-04-01 02:48:38,214 - INFO - Ingress_Exit OZ2M652R
2025-04-01 02:48:38,219 - INFO - Ingress_Enter 9SUZC00O
2025-04-01 02:48:38,231 - INFO - Ingress_Enter GFU772M9
2025-04-01 02:48:38,289 - INFO - Ingress_Enter 2DUOYX9V
2025-04-01 02:48:38,311 - INFO - Ingress_Enter FJZ5LP0L
2025-04-01 02:48:38,320 - INFO - Ingress_Enter QTK8HOQ8
2025-04-01 02:48:38,394 - INFO - Ingress_Exit GFU772M9
2025-04-01 02:48:38,406 - INFO - Ingress_Exit 9SUZC00O
2025-04-01 02:48:38,413 - INFO - Ingress_Exit SOH2O21U
2025-04-01 02:48:38,462 - INFO - Ingress_Enter YGQ6FSK0
2025-04-01 02:48:38,495 - INFO - Ingress_Enter 33V3BOS8
2025-04-01 02:48:38,513 - INFO - Ingress_Exit 2DUOYX9V
2025-04-01 02:48:38,610 - INFO - Ingress_Enter UH2080WX
2025-04-01 02:48:38,674 - INFO - Ingress_Exit QTK8HOQ8
2025-04-01 02:48:38,685 - INFO - Ingress_Exit FJZ5LP0L
2025-04-01 02:48:38,701 - INFO - Ingress_Exit 33V3BOS8
2025-04-01 02:48:38,785 - INFO - Ingress_Exit YGQ6FSK0
2025-04-01 02:48:38,843 - INFO - Ingress_Enter 8XKF5WD9
2025-04-01 02:48:38,854 - INFO - Ingress_Enter ZI349EIV
2025-04-01 02:48:38,922 - INFO - Ingress_Enter GFU5N5SO
2025-04-01 02:48:38,962 - INFO - Ingress_Exit UH2080WX
2025-04-01 02:48:39,007 - INFO - Ingress_Enter JGIL40M0
2025-04-01 02:48:39,153 - INFO - Ingress_Exit 8XKF5WD9
2025-04-01 02:48:39,180 - INFO - Ingress_Exit GFU5N5SO
2025-04-01 02:48:39,245 - INFO - Ingress_Exit ZI349EIV
2025-04-01 02:48:39,503 - INFO - Ingress_Enter M21U1H4J
2025-04-01 02:48:39,540 - INFO - Ingress_Enter 60I22RLF
2025-04-01 02:48:39,541 - INFO - Ingress_Exit JGIL40M0
2025-04-01 02:48:39,608 - INFO - Ingress_Enter JMKM51WJ
2025-04-01 02:48:39,814 - INFO - Ingress_Exit M21U1H4J
2025-04-01 02:48:39,861 - INFO - Ingress_Exit 60I22RLF
2025-04-01 02:48:39,862 - INFO - Ingress_Exit JMKM51WJ
2025-04-01 02:48:40,334 - INFO - Ingress_Enter DHZ77MNU
2025-04-01 02:48:40,483 - INFO - Ingress_Enter 603X0M0L
2025-04-01 02:48:40,530 - INFO - Ingress_Enter DT91GPYB
2025-04-01 02:48:40,553 - INFO - Ingress_Enter ADHJ1Q7X
2025-04-01 02:48:40,566 - INFO - Ingress_Exit DHZ77MNU
2025-04-01 02:48:40,599 - INFO - Ingress_Enter 0M3LEPMY
2025-04-01 02:48:40,683 - INFO - Ingress_Enter VRAW4BHS
2025-04-01 02:48:40,721 - INFO - Ingress_Exit 603X0M0L
2025-04-01 02:48:40,752 - INFO - Ingress_Exit DT91GPYB
2025-04-01 02:48:40,758 - INFO - Ingress_Exit ADHJ1Q7X
2025-04-01 02:48:40,831 - INFO - Ingress_Enter EMO3H5I3
2025-04-01 02:48:40,844 - INFO - Ingress_Exit 0M3LEPMY
2025-04-01 02:48:40,855 - INFO - Ingress_Enter EW7JOU1D
2025-04-01 02:48:40,901 - INFO - Ingress_Enter IQQ9OEH3
2025-04-01 02:48:41,020 - INFO - Ingress_Enter G96GE0M6
2025-04-01 02:48:41,021 - INFO - Ingress_Exit VRAW4BHS
2025-04-01 02:48:41,116 - INFO - Ingress_Exit EMO3H5I3
2025-04-01 02:48:41,118 - INFO - Ingress_Exit EW7JOU1D
2025-04-01 02:48:41,124 - INFO - Ingress_Enter LE996QDF
2025-04-01 02:48:41,148 - INFO - Ingress_Enter LHB6SBVJ
2025-04-01 02:48:41,189 - INFO - Ingress_Exit IQQ9OEH3
2025-04-01 02:48:41,255 - INFO - Ingress_Enter WE5YZLLC
2025-04-01 02:48:41,312 - INFO - Ingress_Exit G96GE0M6
2025-04-01 02:48:41,495 - INFO - Ingress_Exit LE996QDF
2025-04-01 02:48:41,525 - INFO - Ingress_Exit LHB6SBVJ
2025-04-01 02:48:41,615 - INFO - Ingress_Enter S9ABFDSA
2025-04-01 02:48:41,625 - INFO - Ingress_Exit WE5YZLLC
2025-04-01 02:48:41,686 - INFO - Ingress_Enter MFKND77O
2025-04-01 02:48:41,710 - INFO - Ingress_Enter RPFKW72B
2025-04-01 02:48:41,919 - INFO - Ingress_Enter SP6X96GM
2025-04-01 02:48:41,956 - INFO - Ingress_Exit MFKND77O
2025-04-01 02:48:41,997 - INFO - Ingress_Exit S9ABFDSA
2025-04-01 02:48:42,000 - INFO - Ingress_Enter KK15CSVM
2025-04-01 02:48:42,090 - INFO - Ingress_Exit RPFKW72B
2025-04-01 02:48:42,398 - INFO - Ingress_Exit SP6X96GM
2025-04-01 02:48:42,417 - INFO - Ingress_Exit KK15CSVM
2025-04-01 02:48:42,428 - INFO - Ingress_Enter IAL6DCQ1
2025-04-01 02:48:42,605 - INFO - Ingress_Enter 8N91I30Z
2025-04-01 02:48:42,625 - INFO - Ingress_Enter EMLAO39T
2025-04-01 02:48:42,636 - INFO - Ingress_Enter ZZO4T3YV
2025-04-01 02:48:42,672 - INFO - Ingress_Enter Q4ZWTBNY
2025-04-01 02:48:42,698 - INFO - Ingress_Enter WQOZIWGL
2025-04-01 02:48:42,729 - INFO - Ingress_Enter L0HBPN39
2025-04-01 02:48:42,823 - INFO - Ingress_Enter 3C6YLXBR
2025-04-01 02:48:42,830 - INFO - Ingress_Exit IAL6DCQ1
2025-04-01 02:48:42,958 - INFO - Ingress_Exit EMLAO39T
2025-04-01 02:48:43,005 - INFO - Ingress_Exit ZZO4T3YV
2025-04-01 02:48:43,020 - INFO - Ingress_Exit L0HBPN39
2025-04-01 02:48:43,029 - INFO - Ingress_Exit WQOZIWGL
2025-04-01 02:48:43,033 - INFO - Ingress_Exit Q4ZWTBNY
2025-04-01 02:48:43,058 - INFO - Ingress_Exit 3C6YLXBR
2025-04-01 02:48:43,102 - INFO - Ingress_Exit 8N91I30Z
