2025-04-01 02:51:23,849 - INFO - Ingress_Enter EYCGTJON
2025-04-01 02:51:23,884 - INFO - Ingress_Enter XZNOYYZE
2025-04-01 02:51:23,884 - INFO - Ingress_Enter AT8A088R
2025-04-01 02:51:24,243 - INFO - Ingress_Enter IZXPAF7H
2025-04-01 02:51:24,246 - INFO - Ingress_Enter 6ZJ0WWJP
2025-04-01 02:51:24,254 - INFO - Ingress_Enter A4MMG1HW
2025-04-01 02:51:24,410 - INFO - Ingress_Enter 8489TYR6
2025-04-01 02:51:24,453 - INFO - Ingress_Enter 07NVHCKA
2025-04-01 02:51:24,544 - INFO - Ingress_Enter 5UD8HACR
2025-04-01 02:51:24,634 - INFO - Ingress_Exit EYCGTJON
2025-04-01 02:51:24,770 - INFO - Ingress_Enter DC493QSN
2025-04-01 02:51:24,772 - INFO - Ingress_Exit AT8A088R
2025-04-01 02:51:24,877 - INFO - Ingress_Enter 82DA398Z
2025-04-01 02:51:24,986 - INFO - Ingress_Exit XZNOYYZE
2025-04-01 02:51:25,034 - INFO - Ingress_Enter 8E8DJNPZ
2025-04-01 02:51:25,121 - INFO - Ingress_Exit 8489TYR6
2025-04-01 02:51:25,191 - INFO - Ingress_Exit 07NVHCKA
2025-04-01 02:51:25,195 - INFO - Ingress_Exit A4MMG1HW
2025-04-01 02:51:25,225 - INFO - Ingress_Enter EP5Q9UFH
2025-04-01 02:51:25,232 - INFO - Ingress_Exit IZXPAF7H
2025-04-01 02:51:25,287 - INFO - Ingress_Exit 5UD8HACR
2025-04-01 02:51:25,290 - INFO - Ingress_Enter 38ON7SUP
2025-04-01 02:51:25,344 - INFO - Ingress_Exit 6ZJ0WWJP
2025-04-01 02:51:25,379 - INFO - Ingress_Enter DATWJAUK
2025-04-01 02:51:25,631 - INFO - Ingress_Enter 4JOUSS9O
2025-04-01 02:51:25,780 - INFO - Ingress_Exit DC493QSN
2025-04-01 02:51:25,933 - INFO - Ingress_Exit 82DA398Z
2025-04-01 02:51:26,000 - INFO - Ingress_Exit EP5Q9UFH
2025-04-01 02:51:26,079 - INFO - Ingress_Exit 8E8DJNPZ
2025-04-01 02:51:26,467 - INFO - Ingress_Exit 4JOUSS9O
2025-04-01 02:51:26,584 - INFO - Ingress_Enter PHI2A0YU
2025-04-01 02:51:26,605 - INFO - Ingress_Enter LAP5FPEZ
2025-04-01 02:51:26,658 - INFO - Ingress_Enter 0364SCOX
2025-04-01 02:51:26,672 - INFO - Ingress_Enter DAPYW3R6
2025-04-01 02:51:26,690 - INFO - Ingress_Enter TMTYB4O8
2025-04-01 02:51:26,701 - INFO - Ingress_Enter EJ2KSPFF
2025-04-01 02:51:26,824 - INFO - Ingress_Exit 38ON7SUP
2025-04-01 02:51:26,826 - INFO - Ingress_Exit DATWJAUK
2025-04-01 02:51:26,861 - INFO - Ingress_Enter IMGXMX5W
2025-04-01 02:51:26,949 - INFO - Ingress_Enter 86U1V7NQ
2025-04-01 02:51:26,976 - INFO - Ingress_Exit DAPYW3R6
2025-04-01 02:51:27,034 - INFO - Ingress_Enter RPPAV28F
2025-04-01 02:51:27,086 - INFO - Ingress_Enter OL7TV2KO
2025-04-01 02:51:27,193 - INFO - Ingress_Enter H2D5JH12
2025-04-01 02:51:27,204 - INFO - Ingress_Enter ZUZOI6SH
2025-04-01 02:51:27,242 - INFO - Ingress_Exit TMTYB4O8
2025-04-01 02:51:27,332 - INFO - Ingress_Exit EJ2KSPFF
2025-04-01 02:51:27,467 - INFO - Ingress_Exit 0364SCOX
2025-04-01 02:51:27,485 - INFO - Ingress_Exit OL7TV2KO
2025-04-01 02:51:27,506 - INFO - Ingress_Exit LAP5FPEZ
2025-04-01 02:51:27,508 - INFO - Ingress_Exit 86U1V7NQ
2025-04-01 02:51:27,553 - INFO - Ingress_Exit IMGXMX5W
2025-04-01 02:51:27,669 - INFO - Ingress_Exit PHI2A0YU
2025-04-01 02:51:27,673 - INFO - Ingress_Exit RPPAV28F
2025-04-01 02:51:27,852 - INFO - Ingress_Exit H2D5JH12
2025-04-01 02:51:27,854 - INFO - Ingress_Exit ZUZOI6SH
2025-04-01 02:51:37,468 - INFO - Ingress_Enter 1OO404SJ
2025-04-01 02:51:37,493 - INFO - Ingress_Enter 7YHIPEZ2
2025-04-01 02:51:37,508 - INFO - Ingress_Enter ZXBN33O2
2025-04-01 02:51:37,530 - INFO - Ingress_Enter L2WDVIRW
2025-04-01 02:51:37,681 - INFO - Ingress_Exit 1OO404SJ
2025-04-01 02:51:37,689 - INFO - Ingress_Enter QHOEO29S
2025-04-01 02:51:37,698 - INFO - Ingress_Exit 7YHIPEZ2
2025-04-01 02:51:37,700 - INFO - Ingress_Exit ZXBN33O2
2025-04-01 02:51:37,796 - INFO - Ingress_Enter HYPIJE9M
2025-04-01 02:51:37,871 - INFO - Ingress_Exit L2WDVIRW
2025-04-01 02:51:37,902 - INFO - Ingress_Exit QHOEO29S
2025-04-01 02:51:38,145 - INFO - Ingress_Enter S1M73EYO
2025-04-01 02:51:38,156 - INFO - Ingress_Exit HYPIJE9M
2025-04-01 02:51:38,306 - INFO - Ingress_Enter B1371I35
2025-04-01 02:51:38,315 - INFO - Ingress_Enter GX46UHTB
2025-04-01 02:51:38,382 - INFO - Ingress_Enter O0JLGBBF
2025-04-01 02:51:38,468 - INFO - Ingress_Enter J4SG5A92
2025-04-01 02:51:38,701 - INFO - Ingress_Exit S1M73EYO
2025-04-01 02:51:38,717 - INFO - Ingress_Exit GX46UHTB
2025-04-01 02:51:38,749 - INFO - Ingress_Exit O0JLGBBF
2025-04-01 02:51:38,866 - INFO - Ingress_Exit B1371I35
2025-04-01 02:51:38,985 - INFO - Ingress_Enter SLOG42S7
2025-04-01 02:51:39,004 - INFO - Ingress_Enter ZJ3BU7YB
2025-04-01 02:51:39,006 - INFO - Ingress_Enter BPYOR73Z
2025-04-01 02:51:39,019 - INFO - Ingress_Enter RE01IWD6
2025-04-01 02:51:39,116 - INFO - Ingress_Exit J4SG5A92
2025-04-01 02:51:39,146 - INFO - Ingress_Enter N2DH4695
2025-04-01 02:51:39,541 - INFO - Ingress_Exit N2DH4695
2025-04-01 02:51:39,556 - INFO - Ingress_Exit SLOG42S7
2025-04-01 02:51:39,640 - INFO - Ingress_Enter G9K2LZMX
2025-04-01 02:51:39,676 - INFO - Ingress_Exit ZJ3BU7YB
2025-04-01 02:51:39,677 - INFO - Ingress_Exit RE01IWD6
2025-04-01 02:51:39,710 - INFO - Ingress_Enter I40T45H9
2025-04-01 02:51:39,724 - INFO - Ingress_Enter QEKMOKYR
2025-04-01 02:51:39,752 - INFO - Ingress_Enter 0J1OKX0S
2025-04-01 02:51:39,762 - INFO - Ingress_Exit BPYOR73Z
2025-04-01 02:51:39,846 - INFO - Ingress_Enter WGMBYD71
2025-04-01 02:51:39,870 - INFO - Ingress_Enter Y8WHV2U9
2025-04-01 02:51:39,972 - INFO - Ingress_Enter 56IK1LYN
2025-04-01 02:51:40,177 - INFO - Ingress_Exit QEKMOKYR
2025-04-01 02:51:40,189 - INFO - Ingress_Exit G9K2LZMX
2025-04-01 02:51:40,234 - INFO - Ingress_Exit WGMBYD71
2025-04-01 02:51:40,291 - INFO - Ingress_Exit 0J1OKX0S
2025-04-01 02:51:40,331 - INFO - Ingress_Exit 56IK1LYN
2025-04-01 02:51:40,396 - INFO - Ingress_Exit Y8WHV2U9
2025-04-01 02:51:40,514 - INFO - Ingress_Enter 9GB02YSS
2025-04-01 02:51:40,546 - INFO - Ingress_Enter 4W6QCYSS
2025-04-01 02:51:40,580 - INFO - Ingress_Exit I40T45H9
2025-04-01 02:51:40,610 - INFO - Ingress_Enter 19C029GP
2025-04-01 02:51:40,695 - INFO - Ingress_Enter T4JJM2KP
2025-04-01 02:51:40,859 - INFO - Ingress_Enter 4MNIRQHL
2025-04-01 02:51:40,891 - INFO - Ingress_Enter 68D9HR8E
2025-04-01 02:51:41,101 - INFO - Ingress_Exit 19C029GP
2025-04-01 02:51:41,155 - INFO - Ingress_Exit 9GB02YSS
2025-04-01 02:51:41,299 - INFO - Ingress_Exit 4W6QCYSS
2025-04-01 02:51:41,459 - INFO - Ingress_Exit T4JJM2KP
2025-04-01 02:51:41,494 - INFO - Ingress_Exit 4MNIRQHL
2025-04-01 02:51:41,629 - INFO - Ingress_Exit 68D9HR8E
2025-04-01 02:51:41,736 - INFO - Ingress_Enter DSL0J3L5
2025-04-01 02:51:41,885 - INFO - Ingress_Enter G8IOFC3E
2025-04-01 02:51:41,886 - INFO - Ingress_Enter TP6Z0FG2
2025-04-01 02:51:41,939 - INFO - Ingress_Enter 4ZLSCXFY
2025-04-01 02:51:41,963 - INFO - Ingress_Enter 6YXV537O
2025-04-01 02:51:42,036 - INFO - Ingress_Enter 9YE9218V
2025-04-01 02:51:42,158 - INFO - Ingress_Exit TP6Z0FG2
2025-04-01 02:51:42,233 - INFO - Ingress_Enter FNMSZTVN
2025-04-01 02:51:42,300 - INFO - Ingress_Enter 1ZBI8SAU
2025-04-01 02:51:42,378 - INFO - Ingress_Exit 6YXV537O
2025-04-01 02:51:42,427 - INFO - Ingress_Exit DSL0J3L5
2025-04-01 02:51:42,481 - INFO - Ingress_Exit 9YE9218V
2025-04-01 02:51:42,483 - INFO - Ingress_Exit G8IOFC3E
2025-04-01 02:51:42,523 - INFO - Ingress_Enter I87S540Y
2025-04-01 02:51:42,576 - INFO - Ingress_Exit 4ZLSCXFY
2025-04-01 02:51:42,675 - INFO - Ingress_Enter I53O9AUG
2025-04-01 02:51:42,709 - INFO - Ingress_Exit FNMSZTVN
2025-04-01 02:51:42,728 - INFO - Ingress_Enter XE0Q46ZM
2025-04-01 02:51:42,838 - INFO - Ingress_Enter I3PR80NZ
2025-04-01 02:51:42,845 - INFO - Ingress_Exit 1ZBI8SAU
2025-04-01 02:51:42,867 - INFO - Ingress_Enter RLR5413Z
2025-04-01 02:51:43,084 - INFO - Ingress_Enter AOONZ2MN
2025-04-01 02:51:43,191 - INFO - Ingress_Exit I87S540Y
2025-04-01 02:51:43,198 - INFO - Ingress_Exit XE0Q46ZM
2025-04-01 02:51:43,225 - INFO - Ingress_Enter O4SODQ22
2025-04-01 02:51:43,235 - INFO - Ingress_Enter 20VLXZSE
2025-04-01 02:51:43,251 - INFO - Ingress_Exit I3PR80NZ
2025-04-01 02:51:43,275 - INFO - Ingress_Enter 4W5C3LX6
2025-04-01 02:51:43,294 - INFO - Ingress_Exit I53O9AUG
2025-04-01 02:51:43,451 - INFO - Ingress_Exit RLR5413Z
2025-04-01 02:51:43,581 - INFO - Ingress_Enter 09I7XXEZ
2025-04-01 02:51:43,600 - INFO - Ingress_Enter 2V7422PC
2025-04-01 02:51:43,665 - INFO - Ingress_Exit O4SODQ22
2025-04-01 02:51:43,667 - INFO - Ingress_Exit 20VLXZSE
2025-04-01 02:51:43,675 - INFO - Ingress_Exit 4W5C3LX6
2025-04-01 02:51:43,688 - INFO - Ingress_Enter 90218IIO
2025-04-01 02:51:43,782 - INFO - Ingress_Exit AOONZ2MN
2025-04-01 02:51:43,915 - INFO - Ingress_Exit 2V7422PC
2025-04-01 02:51:44,050 - INFO - Ingress_Exit 90218IIO
2025-04-01 02:51:44,141 - INFO - Ingress_Exit 09I7XXEZ
2025-04-01 02:51:44,190 - INFO - Ingress_Enter Y3J20JQE
2025-04-01 02:51:44,275 - INFO - Ingress_Enter 8V5KB1Q3
2025-04-01 02:51:44,470 - INFO - Ingress_Enter HKD801YL
2025-04-01 02:51:44,479 - INFO - Ingress_Enter ABJVJ1KD
2025-04-01 02:51:44,547 - INFO - Ingress_Enter YVWL4VDX
2025-04-01 02:51:44,577 - INFO - Ingress_Exit Y3J20JQE
2025-04-01 02:51:44,580 - INFO - Ingress_Enter Y1LJW624
2025-04-01 02:51:44,620 - INFO - Ingress_Enter K1TOOJQR
2025-04-01 02:51:44,727 - INFO - Ingress_Exit ABJVJ1KD
2025-04-01 02:51:44,733 - INFO - Ingress_Exit 8V5KB1Q3
2025-04-01 02:51:44,784 - INFO - Ingress_Exit HKD801YL
2025-04-01 02:51:44,866 - INFO - Ingress_Exit K1TOOJQR
2025-04-01 02:51:44,949 - INFO - Ingress_Enter YW61AABA
2025-04-01 02:51:45,002 - INFO - Ingress_Enter DGWS04PD
2025-04-01 02:51:45,014 - INFO - Ingress_Exit Y1LJW624
2025-04-01 02:51:45,071 - INFO - Ingress_Exit YVWL4VDX
2025-04-01 02:51:45,117 - INFO - Ingress_Enter KJB0I7ZM
2025-04-01 02:51:45,256 - INFO - Ingress_Exit YW61AABA
2025-04-01 02:51:45,265 - INFO - Ingress_Enter T5SJN4QE
2025-04-01 02:51:45,425 - INFO - Ingress_Enter BLTXL4R9
2025-04-01 02:51:45,439 - INFO - Ingress_Exit KJB0I7ZM
2025-04-01 02:51:45,562 - INFO - Ingress_Enter XWWNM048
2025-04-01 02:51:45,713 - INFO - Ingress_Exit T5SJN4QE
2025-04-01 02:51:45,715 - INFO - Ingress_Exit DGWS04PD
2025-04-01 02:51:45,849 - INFO - Ingress_Exit XWWNM048
2025-04-01 02:51:46,072 - INFO - Ingress_Enter TDDFS12S
2025-04-01 02:51:46,078 - INFO - Ingress_Exit BLTXL4R9
2025-04-01 02:51:46,085 - INFO - Ingress_Enter BITHQNQP
2025-04-01 02:51:46,115 - INFO - Ingress_Enter 9WN41JU1
2025-04-01 02:51:46,136 - INFO - Ingress_Enter KQVYYORU
2025-04-01 02:51:46,157 - INFO - Ingress_Enter K70SY2HD
2025-04-01 02:51:46,181 - INFO - Ingress_Enter J5CALUGW
2025-04-01 02:51:46,256 - INFO - Ingress_Exit TDDFS12S
2025-04-01 02:51:46,523 - INFO - Ingress_Exit KQVYYORU
2025-04-01 02:51:46,537 - INFO - Ingress_Exit J5CALUGW
2025-04-01 02:51:46,634 - INFO - Ingress_Exit 9WN41JU1
2025-04-01 02:51:46,638 - INFO - Ingress_Exit BITHQNQP
2025-04-01 02:51:46,639 - INFO - Ingress_Exit K70SY2HD
2025-04-01 02:51:46,680 - INFO - Ingress_Enter 3R0MHUOD
2025-04-01 02:51:47,001 - INFO - Ingress_Enter 2UMLWTWJ
2025-04-01 02:51:47,021 - INFO - Ingress_Enter KOWVYWWN
2025-04-01 02:51:47,044 - INFO - Ingress_Enter MPCCUGKK
2025-04-01 02:51:47,065 - INFO - Ingress_Enter NUYJXBEC
2025-04-01 02:51:47,088 - INFO - Ingress_Enter 03Y2V82B
2025-04-01 02:51:47,094 - INFO - Ingress_Exit 3R0MHUOD
2025-04-01 02:51:47,128 - INFO - Ingress_Enter JIVWIDTA
2025-04-01 02:51:47,297 - INFO - Ingress_Exit 03Y2V82B
2025-04-01 02:51:47,326 - INFO - Ingress_Enter 8ZN8OM5E
2025-04-01 02:51:47,502 - INFO - Ingress_Exit NUYJXBEC
2025-04-01 02:51:47,539 - INFO - Ingress_Exit 2UMLWTWJ
2025-04-01 02:51:47,553 - INFO - Ingress_Exit KOWVYWWN
2025-04-01 02:51:47,602 - INFO - Ingress_Enter CZMSG2Z5
2025-04-01 02:51:47,646 - INFO - Ingress_Enter C1VW8BO0
2025-04-01 02:51:47,648 - INFO - Ingress_Exit JIVWIDTA
2025-04-01 02:51:47,678 - INFO - Ingress_Enter S7OXAOO5
2025-04-01 02:51:47,767 - INFO - Ingress_Exit MPCCUGKK
2025-04-01 02:51:47,867 - INFO - Ingress_Exit 8ZN8OM5E
2025-04-01 02:51:47,918 - INFO - Ingress_Enter BPDKY2C0
2025-04-01 02:51:48,047 - INFO - Ingress_Exit CZMSG2Z5
2025-04-01 02:51:48,054 - INFO - Ingress_Exit C1VW8BO0
2025-04-01 02:51:48,058 - INFO - Ingress_Enter SBM1ZC7J
2025-04-01 02:51:48,100 - INFO - Ingress_Enter A1JJSLTW
2025-04-01 02:51:48,127 - INFO - Ingress_Exit S7OXAOO5
2025-04-01 02:51:48,169 - INFO - Ingress_Enter M16U35KL
2025-04-01 02:51:48,224 - INFO - Ingress_Exit A1JJSLTW
2025-04-01 02:51:48,241 - INFO - Ingress_Enter COG4F6EF
2025-04-01 02:51:48,262 - INFO - Ingress_Enter QTXGWMHU
2025-04-01 02:51:48,305 - INFO - Ingress_Enter IJOLHP1G
2025-04-01 02:51:48,317 - INFO - Ingress_Enter WSI676OH
2025-04-01 02:51:48,410 - INFO - Ingress_Exit M16U35KL
2025-04-01 02:51:48,424 - INFO - Ingress_Enter 3ZLOH3SJ
2025-04-01 02:51:48,481 - INFO - Ingress_Exit BPDKY2C0
2025-04-01 02:51:48,488 - INFO - Ingress_Enter Z8V3SRXA
2025-04-01 02:51:48,638 - INFO - Ingress_Exit COG4F6EF
2025-04-01 02:51:48,657 - INFO - Ingress_Exit IJOLHP1G
2025-04-01 02:51:48,665 - INFO - Ingress_Enter FN2U9OEN
2025-04-01 02:51:48,675 - INFO - Ingress_Enter CV76T1KD
2025-04-01 02:51:48,677 - INFO - Ingress_Enter 5L7BS2QG
2025-04-01 02:51:48,716 - INFO - Ingress_Enter GL2T54OF
2025-04-01 02:51:48,717 - INFO - Ingress_Exit SBM1ZC7J
2025-04-01 02:51:48,880 - INFO - Ingress_Exit 3ZLOH3SJ
2025-04-01 02:51:48,983 - INFO - Ingress_Exit QTXGWMHU
2025-04-01 02:51:48,984 - INFO - Ingress_Exit WSI676OH
2025-04-01 02:51:48,986 - INFO - Ingress_Exit Z8V3SRXA
2025-04-01 02:51:49,046 - INFO - Ingress_Exit FN2U9OEN
2025-04-01 02:51:49,068 - INFO - Ingress_Exit 5L7BS2QG
2025-04-01 02:51:49,113 - INFO - Ingress_Exit CV76T1KD
2025-04-01 02:51:49,252 - INFO - Ingress_Exit GL2T54OF
2025-04-01 02:51:49,287 - INFO - Ingress_Enter XQ49KEN4
2025-04-01 02:51:49,514 - INFO - Ingress_Enter NCORLWO8
2025-04-01 02:51:49,534 - INFO - Ingress_Enter VXQ3WF6X
2025-04-01 02:51:49,590 - INFO - Ingress_Enter MT13I1F7
2025-04-01 02:51:49,623 - INFO - Ingress_Exit XQ49KEN4
2025-04-01 02:51:49,708 - INFO - Ingress_Enter IAQ8G8MZ
2025-04-01 02:51:49,863 - INFO - Ingress_Exit MT13I1F7
2025-04-01 02:51:50,001 - INFO - Ingress_Enter 2RE1BUEA
2025-04-01 02:51:50,005 - INFO - Ingress_Exit VXQ3WF6X
2025-04-01 02:51:50,088 - INFO - Ingress_Enter 93MAOG8V
2025-04-01 02:51:50,097 - INFO - Ingress_Enter FGIXM56X
2025-04-01 02:51:50,177 - INFO - Ingress_Exit IAQ8G8MZ
2025-04-01 02:51:50,196 - INFO - Ingress_Exit NCORLWO8
2025-04-01 02:51:50,246 - INFO - Ingress_Enter EMBMX2SP
2025-04-01 02:51:50,353 - INFO - Ingress_Enter INP3M2NJ
2025-04-01 02:51:50,406 - INFO - Ingress_Exit 2RE1BUEA
2025-04-01 02:51:50,438 - INFO - Ingress_Exit 93MAOG8V
2025-04-01 02:51:50,475 - INFO - Ingress_Exit FGIXM56X
2025-04-01 02:51:50,828 - INFO - Ingress_Exit EMBMX2SP
2025-04-01 02:51:50,902 - INFO - Ingress_Enter CQLJ4W2S
2025-04-01 02:51:50,938 - INFO - Ingress_Exit INP3M2NJ
2025-04-01 02:51:51,019 - INFO - Ingress_Enter XBRUE0HD
2025-04-01 02:51:51,040 - INFO - Ingress_Enter B8EL4DFY
2025-04-01 02:51:51,169 - INFO - Ingress_Enter T5ZB8VUM
2025-04-01 02:51:51,226 - INFO - Ingress_Exit CQLJ4W2S
2025-04-01 02:51:51,266 - INFO - Ingress_Enter 296HMXHY
2025-04-01 02:51:51,450 - INFO - Ingress_Exit T5ZB8VUM
2025-04-01 02:51:51,468 - INFO - Ingress_Enter E2ZEYPOZ
2025-04-01 02:51:51,471 - INFO - Ingress_Exit XBRUE0HD
2025-04-01 02:51:51,475 - INFO - Ingress_Exit B8EL4DFY
2025-04-01 02:51:51,498 - INFO - Ingress_Enter DHTQ2U1K
2025-04-01 02:51:51,529 - INFO - Ingress_Enter MLQ4JPT4
2025-04-01 02:51:51,551 - INFO - Ingress_Exit 296HMXHY
2025-04-01 02:51:51,573 - INFO - Ingress_Enter D4CO3W2E
2025-04-01 02:51:51,640 - INFO - Ingress_Enter HJGD9W9I
2025-04-01 02:51:51,644 - INFO - Ingress_Enter 8XLDLO2U
2025-04-01 02:51:51,703 - INFO - Ingress_Enter ZFIZQDIR
2025-04-01 02:51:51,715 - INFO - Ingress_Exit MLQ4JPT4
2025-04-01 02:51:51,779 - INFO - Ingress_Exit 8XLDLO2U
2025-04-01 02:51:51,784 - INFO - Ingress_Enter 9RJMWMQ8
2025-04-01 02:51:51,786 - INFO - Ingress_Enter HE1HDWG8
2025-04-01 02:51:51,878 - INFO - Ingress_Exit HJGD9W9I
2025-04-01 02:51:51,953 - INFO - Ingress_Exit HE1HDWG8
2025-04-01 02:51:51,979 - INFO - Ingress_Enter Y1PF99YB
2025-04-01 02:51:52,049 - INFO - Ingress_Exit E2ZEYPOZ
2025-04-01 02:51:52,051 - INFO - Ingress_Exit D4CO3W2E
2025-04-01 02:51:52,097 - INFO - Ingress_Exit 9RJMWMQ8
2025-04-01 02:51:52,122 - INFO - Ingress_Exit DHTQ2U1K
2025-04-01 02:51:52,191 - INFO - Ingress_Exit ZFIZQDIR
2025-04-01 02:51:52,374 - INFO - Ingress_Exit Y1PF99YB
2025-04-01 02:51:52,393 - INFO - Ingress_Enter HWTKGU6M
2025-04-01 02:51:52,415 - INFO - Ingress_Enter L7G5NU9X
2025-04-01 02:51:52,435 - INFO - Ingress_Enter 2TEWSG9G
2025-04-01 02:51:52,575 - INFO - Ingress_Enter 14OJ06CA
2025-04-01 02:51:52,661 - INFO - Ingress_Enter BJYDVQI9
2025-04-01 02:51:52,687 - INFO - Ingress_Exit HWTKGU6M
2025-04-01 02:51:52,715 - INFO - Ingress_Exit L7G5NU9X
2025-04-01 02:51:52,860 - INFO - Ingress_Exit 2TEWSG9G
2025-04-01 02:51:52,866 - INFO - Ingress_Exit BJYDVQI9
2025-04-01 02:51:52,913 - INFO - Ingress_Exit 14OJ06CA
2025-04-01 02:51:52,917 - INFO - Ingress_Enter PFPQ02DT
2025-04-01 02:51:52,927 - INFO - Ingress_Enter 5JHYQ22I
2025-04-01 02:51:52,988 - INFO - Ingress_Enter LU849U59
2025-04-01 02:51:53,084 - INFO - Ingress_Enter KDCCEZYP
2025-04-01 02:51:53,288 - INFO - Ingress_Exit PFPQ02DT
2025-04-01 02:51:53,309 - INFO - Ingress_Exit 5JHYQ22I
2025-04-01 02:51:53,342 - INFO - Ingress_Exit LU849U59
2025-04-01 02:51:53,349 - INFO - Ingress_Exit KDCCEZYP
2025-04-01 02:51:53,357 - INFO - Ingress_Enter LK000OIC
2025-04-01 02:51:53,458 - INFO - Ingress_Enter 43M9273I
2025-04-01 02:51:53,461 - INFO - Ingress_Enter ZQ7TYF5D
2025-04-01 02:51:53,533 - INFO - Ingress_Enter MQNI3TAV
2025-04-01 02:51:53,548 - INFO - Ingress_Enter UVREL0DC
2025-04-01 02:51:53,633 - INFO - Ingress_Enter GDPWJR8F
2025-04-01 02:51:53,650 - INFO - Ingress_Enter SL5OEZL7
2025-04-01 02:51:53,686 - INFO - Ingress_Enter IX5N5XL5
2025-04-01 02:51:53,785 - INFO - Ingress_Exit ZQ7TYF5D
2025-04-01 02:51:53,804 - INFO - Ingress_Enter B4NG2X24
2025-04-01 02:51:53,868 - INFO - Ingress_Exit LK000OIC
2025-04-01 02:51:53,898 - INFO - Ingress_Exit 43M9273I
2025-04-01 02:51:53,951 - INFO - Ingress_Exit SL5OEZL7
2025-04-01 02:51:53,967 - INFO - Ingress_Exit MQNI3TAV
2025-04-01 02:51:53,973 - INFO - Ingress_Enter ZYBL2NKS
2025-04-01 02:51:54,024 - INFO - Ingress_Exit GDPWJR8F
2025-04-01 02:51:54,042 - INFO - Ingress_Exit IX5N5XL5
2025-04-01 02:51:54,059 - INFO - Ingress_Exit UVREL0DC
2025-04-01 02:51:54,125 - INFO - Ingress_Exit B4NG2X24
2025-04-01 02:51:54,197 - INFO - Ingress_Enter YDR33PWR
2025-04-01 02:51:54,340 - INFO - Ingress_Enter 9CSFP057
2025-04-01 02:51:54,408 - INFO - Ingress_Exit ZYBL2NKS
2025-04-01 02:51:54,466 - INFO - Ingress_Enter J22G604P
2025-04-01 02:51:54,529 - INFO - Ingress_Enter S4CE9D25
2025-04-01 02:51:54,550 - INFO - Ingress_Enter KWENA6O1
2025-04-01 02:51:54,642 - INFO - Ingress_Exit YDR33PWR
2025-04-01 02:51:54,685 - INFO - Ingress_Exit KWENA6O1
2025-04-01 02:51:54,696 - INFO - Ingress_Enter CN3KSOOU
2025-04-01 02:51:54,708 - INFO - Ingress_Exit 9CSFP057
2025-04-01 02:51:54,823 - INFO - Ingress_Exit J22G604P
2025-04-01 02:51:54,876 - INFO - Ingress_Enter 28B8BPLY
2025-04-01 02:51:54,922 - INFO - Ingress_Enter WCVVTI2V
2025-04-01 02:51:54,973 - INFO - Ingress_Exit S4CE9D25
2025-04-01 02:51:54,982 - INFO - Ingress_Enter 7URXJXRL
2025-04-01 02:51:55,035 - INFO - Ingress_Enter IT1T93WU
2025-04-01 02:51:55,093 - INFO - Ingress_Enter C50JKQJB
2025-04-01 02:51:55,130 - INFO - Ingress_Exit WCVVTI2V
2025-04-01 02:51:55,136 - INFO - Ingress_Exit CN3KSOOU
2025-04-01 02:51:55,267 - INFO - Ingress_Enter AUJCLFUT
2025-04-01 02:51:55,276 - INFO - Ingress_Enter WK9DQ788
2025-04-01 02:51:55,298 - INFO - Ingress_Enter FY1OXEE5
2025-04-01 02:51:55,306 - INFO - Ingress_Exit 28B8BPLY
2025-04-01 02:51:55,315 - INFO - Ingress_Exit IT1T93WU
2025-04-01 02:51:55,330 - INFO - Ingress_Enter ESJROYOK
2025-04-01 02:51:55,363 - INFO - Ingress_Enter MG4YHA3Y
2025-04-01 02:51:55,364 - INFO - Ingress_Exit 7URXJXRL
2025-04-01 02:51:55,490 - INFO - Ingress_Enter S7QS7I8R
2025-04-01 02:51:55,510 - INFO - Ingress_Exit C50JKQJB
2025-04-01 02:51:55,521 - INFO - Ingress_Enter ISHHYVTZ
2025-04-01 02:51:55,528 - INFO - Ingress_Exit AUJCLFUT
2025-04-01 02:51:55,595 - INFO - Ingress_Enter VKV7R9I3
2025-04-01 02:51:55,662 - INFO - Ingress_Exit FY1OXEE5
2025-04-01 02:51:55,664 - INFO - Ingress_Exit ESJROYOK
2025-04-01 02:51:55,742 - INFO - Ingress_Exit MG4YHA3Y
2025-04-01 02:51:55,873 - INFO - Ingress_Enter JBMFRV7X
2025-04-01 02:51:55,893 - INFO - Ingress_Exit WK9DQ788
2025-04-01 02:51:55,905 - INFO - Ingress_Exit VKV7R9I3
2025-04-01 02:51:56,000 - INFO - Ingress_Enter ZB8G2QC8
2025-04-01 02:51:56,011 - INFO - Ingress_Exit ISHHYVTZ
2025-04-01 02:51:56,031 - INFO - Ingress_Enter CAA2ECMM
2025-04-01 02:51:56,113 - INFO - Ingress_Enter NA6QWMPA
2025-04-01 02:51:56,144 - INFO - Ingress_Enter M9WVNHX3
2025-04-01 02:51:56,177 - INFO - Ingress_Exit S7QS7I8R
2025-04-01 02:51:56,327 - INFO - Ingress_Exit JBMFRV7X
2025-04-01 02:51:56,398 - INFO - Ingress_Enter 1OHROLFE
2025-04-01 02:51:56,407 - INFO - Ingress_Enter HRIJBHFU
2025-04-01 02:51:56,464 - INFO - Ingress_Exit CAA2ECMM
2025-04-01 02:51:56,465 - INFO - Ingress_Enter O1DXBV5W
2025-04-01 02:51:56,539 - INFO - Ingress_Exit ZB8G2QC8
2025-04-01 02:51:56,559 - INFO - Ingress_Enter Q7343QIQ
2025-04-01 02:51:56,582 - INFO - Ingress_Exit M9WVNHX3
2025-04-01 02:51:56,601 - INFO - Ingress_Enter F9T1SX6Q
2025-04-01 02:51:56,645 - INFO - Ingress_Enter RBP0KXND
2025-04-01 02:51:56,781 - INFO - Ingress_Exit NA6QWMPA
2025-04-01 02:51:56,803 - INFO - Ingress_Enter V6AH0XLB
2025-04-01 02:51:56,976 - INFO - Ingress_Enter UGL5SBUX
2025-04-01 02:51:57,087 - INFO - Ingress_Exit 1OHROLFE
2025-04-01 02:51:57,088 - INFO - Ingress_Exit O1DXBV5W
2025-04-01 02:51:57,089 - INFO - Ingress_Exit F9T1SX6Q
2025-04-01 02:51:57,112 - INFO - Ingress_Enter XQQN8AD2
2025-04-01 02:51:57,177 - INFO - Ingress_Exit Q7343QIQ
2025-04-01 02:51:57,199 - INFO - Ingress_Exit HRIJBHFU
2025-04-01 02:51:57,207 - INFO - Ingress_Exit RBP0KXND
2025-04-01 02:51:57,216 - INFO - Ingress_Exit V6AH0XLB
2025-04-01 02:51:57,323 - INFO - Ingress_Exit UGL5SBUX
2025-04-01 02:51:57,513 - INFO - Ingress_Enter LTRYN4UG
2025-04-01 02:51:57,553 - INFO - Ingress_Exit XQQN8AD2
2025-04-01 02:51:57,579 - INFO - Ingress_Enter TCOXM6DJ
2025-04-01 02:51:57,587 - INFO - Ingress_Enter XA0KOIFL
2025-04-01 02:51:57,652 - INFO - Ingress_Enter FNTLYL6K
2025-04-01 02:51:57,683 - INFO - Ingress_Enter IJ7HKPKJ
2025-04-01 02:51:57,704 - INFO - Ingress_Enter 3QJJRBLV
2025-04-01 02:51:57,726 - INFO - Ingress_Enter I5QJKTND
2025-04-01 02:51:57,832 - INFO - Ingress_Enter Q6TU5OHX
2025-04-01 02:51:57,902 - INFO - Ingress_Exit IJ7HKPKJ
2025-04-01 02:51:57,981 - INFO - Ingress_Exit TCOXM6DJ
2025-04-01 02:51:58,004 - INFO - Ingress_Enter CPP7T64K
2025-04-01 02:51:58,031 - INFO - Ingress_Exit LTRYN4UG
2025-04-01 02:51:58,077 - INFO - Ingress_Enter 1DRUELJP
2025-04-01 02:51:58,109 - INFO - Ingress_Exit XA0KOIFL
2025-04-01 02:51:58,115 - INFO - Ingress_Exit I5QJKTND
2025-04-01 02:51:58,120 - INFO - Ingress_Enter KA00Z9UM
2025-04-01 02:51:58,167 - INFO - Ingress_Exit 3QJJRBLV
2025-04-01 02:51:58,174 - INFO - Ingress_Enter TK2LO1NY
2025-04-01 02:51:58,227 - INFO - Ingress_Enter Z42XGN1M
2025-04-01 02:51:58,330 - INFO - Ingress_Exit 1DRUELJP
2025-04-01 02:51:58,332 - INFO - Ingress_Exit FNTLYL6K
2025-04-01 02:51:58,343 - INFO - Ingress_Exit KA00Z9UM
2025-04-01 02:51:58,361 - INFO - Ingress_Exit Q6TU5OHX
2025-04-01 02:51:58,376 - INFO - Ingress_Exit CPP7T64K
2025-04-01 02:51:58,427 - INFO - Ingress_Enter IQF955YK
2025-04-01 02:51:58,663 - INFO - Ingress_Enter 6YZ38MR3
2025-04-01 02:51:58,706 - INFO - Ingress_Enter EL3RLTNH
2025-04-01 02:51:58,783 - INFO - Ingress_Exit Z42XGN1M
2025-04-01 02:51:58,785 - INFO - Ingress_Exit IQF955YK
2025-04-01 02:51:58,788 - INFO - Ingress_Enter 25E0B1HK
2025-04-01 02:51:58,799 - INFO - Ingress_Enter SAIRZC1V
2025-04-01 02:51:58,800 - INFO - Ingress_Exit TK2LO1NY
2025-04-01 02:51:59,055 - INFO - Ingress_Enter 9ISD2BAP
2025-04-01 02:51:59,163 - INFO - Ingress_Enter RRM6J9HZ
2025-04-01 02:51:59,163 - INFO - Ingress_Exit 6YZ38MR3
2025-04-01 02:51:59,165 - INFO - Ingress_Exit EL3RLTNH
2025-04-01 02:51:59,184 - INFO - Ingress_Enter JQOD0MR2
2025-04-01 02:51:59,194 - INFO - Ingress_Enter 71SKOEID
2025-04-01 02:51:59,346 - INFO - Ingress_Exit 25E0B1HK
2025-04-01 02:51:59,347 - INFO - Ingress_Exit SAIRZC1V
2025-04-01 02:51:59,461 - INFO - Ingress_Enter YH05EC9I
2025-04-01 02:51:59,556 - INFO - Ingress_Exit 9ISD2BAP
2025-04-01 02:51:59,635 - INFO - Ingress_Exit RRM6J9HZ
2025-04-01 02:51:59,638 - INFO - Ingress_Exit JQOD0MR2
2025-04-01 02:51:59,696 - INFO - Ingress_Exit 71SKOEID
2025-04-01 02:51:59,720 - INFO - Ingress_Enter WYRIDOGI
2025-04-01 02:51:59,872 - INFO - Ingress_Enter 2H2F5G1I
2025-04-01 02:52:00,056 - INFO - Ingress_Enter AXTIOQ8L
2025-04-01 02:52:00,066 - INFO - Ingress_Enter J5DJ9E0A
2025-04-01 02:52:00,140 - INFO - Ingress_Exit WYRIDOGI
2025-04-01 02:52:00,143 - INFO - Ingress_Enter MAOAL0VH
2025-04-01 02:52:00,145 - INFO - Ingress_Exit YH05EC9I
2025-04-01 02:52:00,163 - INFO - Ingress_Enter 8TCQU7LP
2025-04-01 02:52:00,176 - INFO - Ingress_Enter 9HGELTB5
2025-04-01 02:52:00,387 - INFO - Ingress_Enter YHBFCJX1
2025-04-01 02:52:00,394 - INFO - Ingress_Exit J5DJ9E0A
2025-04-01 02:52:00,402 - INFO - Ingress_Exit 2H2F5G1I
2025-04-01 02:52:00,429 - INFO - Ingress_Enter 2Y608UTZ
2025-04-01 02:52:00,441 - INFO - Ingress_Enter BZOM632V
2025-04-01 02:52:00,442 - INFO - Ingress_Enter IIKB0EMM
2025-04-01 02:52:00,456 - INFO - Ingress_Exit 8TCQU7LP
2025-04-01 02:52:00,467 - INFO - Ingress_Exit MAOAL0VH
2025-04-01 02:52:00,565 - INFO - Ingress_Exit AXTIOQ8L
2025-04-01 02:52:00,611 - INFO - Ingress_Enter Q3O64B04
2025-04-01 02:52:00,621 - INFO - Ingress_Enter VL7SJJAA
2025-04-01 02:52:00,738 - INFO - Ingress_Exit IIKB0EMM
2025-04-01 02:52:00,740 - INFO - Ingress_Exit 9HGELTB5
2025-04-01 02:52:00,892 - INFO - Ingress_Exit BZOM632V
2025-04-01 02:52:00,893 - INFO - Ingress_Exit YHBFCJX1
2025-04-01 02:52:00,896 - INFO - Ingress_Exit 2Y608UTZ
2025-04-01 02:52:00,912 - INFO - Ingress_Exit Q3O64B04
2025-04-01 02:52:00,970 - INFO - Ingress_Enter 2RKP4WT0
2025-04-01 02:52:01,028 - INFO - Ingress_Enter 0WBMFDPY
2025-04-01 02:52:01,053 - INFO - Ingress_Enter 32UAK6CF
2025-04-01 02:52:01,291 - INFO - Ingress_Enter GNDBUGHS
2025-04-01 02:52:01,313 - INFO - Ingress_Enter IIQBEZTU
2025-04-01 02:52:01,418 - INFO - Ingress_Enter 8DS0ZBSE
2025-04-01 02:52:01,522 - INFO - Ingress_Exit VL7SJJAA
2025-04-01 02:52:01,576 - INFO - Ingress_Exit 32UAK6CF
2025-04-01 02:52:01,579 - INFO - Ingress_Exit 0WBMFDPY
2025-04-01 02:52:01,621 - INFO - Ingress_Enter 9YHAMTC4
2025-04-01 02:52:01,631 - INFO - Ingress_Enter HZJ5HNES
2025-04-01 02:52:01,686 - INFO - Ingress_Exit 2RKP4WT0
2025-04-01 02:52:01,690 - INFO - Ingress_Enter UDE251EZ
2025-04-01 02:52:01,692 - INFO - Ingress_Enter V9MOJBUZ
2025-04-01 02:52:01,724 - INFO - Ingress_Exit GNDBUGHS
2025-04-01 02:52:01,914 - INFO - Ingress_Exit 8DS0ZBSE
2025-04-01 02:52:01,924 - INFO - Ingress_Exit IIQBEZTU
2025-04-01 02:52:02,105 - INFO - Ingress_Exit UDE251EZ
2025-04-01 02:52:02,106 - INFO - Ingress_Exit V9MOJBUZ
2025-04-01 02:52:02,135 - INFO - Ingress_Exit 9YHAMTC4
2025-04-01 02:52:02,258 - INFO - Ingress_Exit HZJ5HNES
2025-04-01 02:52:02,293 - INFO - Ingress_Enter S95POWAK
2025-04-01 02:52:02,347 - INFO - Ingress_Enter EVM1O8KC
2025-04-01 02:52:02,353 - INFO - Ingress_Enter GPZBG727
2025-04-01 02:52:02,386 - INFO - Ingress_Enter C6WM3U52
2025-04-01 02:52:02,399 - INFO - Ingress_Enter I6GD1QZZ
2025-04-01 02:52:02,418 - INFO - Ingress_Enter OAN0Y4ZQ
2025-04-01 02:52:02,542 - INFO - Ingress_Enter 0WFIAESY
2025-04-01 02:52:02,615 - INFO - Ingress_Enter 4IXQ2VK9
2025-04-01 02:52:02,677 - INFO - Ingress_Exit EVM1O8KC
2025-04-01 02:52:02,677 - INFO - Ingress_Exit GPZBG727
2025-04-01 02:52:02,743 - INFO - Ingress_Exit S95POWAK
2025-04-01 02:52:02,744 - INFO - Ingress_Exit I6GD1QZZ
2025-04-01 02:52:02,746 - INFO - Ingress_Exit C6WM3U52
2025-04-01 02:52:02,747 - INFO - Ingress_Exit OAN0Y4ZQ
2025-04-01 02:52:02,800 - INFO - Ingress_Exit 0WFIAESY
2025-04-01 02:52:02,805 - INFO - Ingress_Enter D8DBCW1E
2025-04-01 02:52:02,880 - INFO - Ingress_Exit 4IXQ2VK9
2025-04-01 02:52:02,973 - INFO - Ingress_Enter 1IDXHT69
2025-04-01 02:52:03,008 - INFO - Ingress_Exit D8DBCW1E
2025-04-01 02:52:03,025 - INFO - Ingress_Enter V86OUYZR
2025-04-01 02:52:03,062 - INFO - Ingress_Enter Q58ZLHYY
2025-04-01 02:52:03,137 - INFO - Ingress_Enter I04Z3ORD
2025-04-01 02:52:03,254 - INFO - Ingress_Enter AN70YWBE
2025-04-01 02:52:03,367 - INFO - Ingress_Exit 1IDXHT69
2025-04-01 02:52:03,400 - INFO - Ingress_Exit V86OUYZR
2025-04-01 02:52:03,410 - INFO - Ingress_Enter O9WF6QSS
2025-04-01 02:52:03,422 - INFO - Ingress_Enter NBATVWME
2025-04-01 02:52:03,568 - INFO - Ingress_Enter NFKVZ6VO
2025-04-01 02:52:03,581 - INFO - Ingress_Exit I04Z3ORD
2025-04-01 02:52:03,623 - INFO - Ingress_Exit Q58ZLHYY
2025-04-01 02:52:03,663 - INFO - Ingress_Enter W06N3A4X
2025-04-01 02:52:03,722 - INFO - Ingress_Enter JVAB3DLP
2025-04-01 02:52:03,732 - INFO - Ingress_Exit NBATVWME
2025-04-01 02:52:03,830 - INFO - Ingress_Exit O9WF6QSS
2025-04-01 02:52:03,830 - INFO - Ingress_Exit AN70YWBE
2025-04-01 02:52:03,866 - INFO - Ingress_Enter 4QTD8IC9
2025-04-01 02:52:03,947 - INFO - Ingress_Exit NFKVZ6VO
2025-04-01 02:52:03,982 - INFO - Ingress_Enter ZLK6918N
2025-04-01 02:52:04,084 - INFO - Ingress_Exit W06N3A4X
2025-04-01 02:52:04,157 - INFO - Ingress_Enter HTNEFTTZ
2025-04-01 02:52:04,160 - INFO - Ingress_Exit JVAB3DLP
2025-04-01 02:52:04,161 - INFO - Ingress_Enter 83NVVNHJ
2025-04-01 02:52:04,208 - INFO - Ingress_Enter MFJO5YZG
2025-04-01 02:52:04,257 - INFO - Ingress_Enter N03748A0
2025-04-01 02:52:04,268 - INFO - Ingress_Exit ZLK6918N
2025-04-01 02:52:04,298 - INFO - Ingress_Enter 1QZD7YQ8
2025-04-01 02:52:04,305 - INFO - Ingress_Enter Y10HDI1C
2025-04-01 02:52:04,345 - INFO - Ingress_Exit 4QTD8IC9
2025-04-01 02:52:04,535 - INFO - Ingress_Exit Y10HDI1C
2025-04-01 02:52:04,603 - INFO - Ingress_Enter 1TLSBBBU
2025-04-01 02:52:04,730 - INFO - Ingress_Enter CSIKKJGK
2025-04-01 02:52:04,754 - INFO - Ingress_Exit MFJO5YZG
2025-04-01 02:52:05,021 - INFO - Ingress_Enter QP518TE0
2025-04-01 02:52:05,106 - INFO - Ingress_Enter AFKJ06G4
2025-04-01 02:52:05,153 - INFO - Ingress_Exit CSIKKJGK
2025-04-01 02:52:05,191 - INFO - Ingress_Enter FYX591CL
2025-04-01 02:52:05,223 - INFO - Ingress_Exit 1TLSBBBU
2025-04-01 02:52:05,311 - INFO - Ingress_Exit 83NVVNHJ
2025-04-01 02:52:05,316 - INFO - Ingress_Exit N03748A0
2025-04-01 02:52:05,317 - INFO - Ingress_Exit HTNEFTTZ
2025-04-01 02:52:05,318 - INFO - Ingress_Exit 1QZD7YQ8
2025-04-01 02:52:05,320 - INFO - Ingress_Exit QP518TE0
2025-04-01 02:52:05,453 - INFO - Ingress_Exit FYX591CL
2025-04-01 02:52:05,550 - INFO - Ingress_Enter ZU5CKKWB
2025-04-01 02:52:05,560 - INFO - Ingress_Enter 4XTTZ3JI
2025-04-01 02:52:05,634 - INFO - Ingress_Enter GHHZ2D3P
2025-04-01 02:52:05,643 - INFO - Ingress_Exit AFKJ06G4
2025-04-01 02:52:05,680 - INFO - Ingress_Enter YPK8YBOP
2025-04-01 02:52:05,786 - INFO - Ingress_Enter VRDBSIHK
2025-04-01 02:52:05,965 - INFO - Ingress_Enter 5B6N9H96
2025-04-01 02:52:06,032 - INFO - Ingress_Exit 4XTTZ3JI
2025-04-01 02:52:06,033 - INFO - Ingress_Exit YPK8YBOP
2025-04-01 02:52:06,104 - INFO - Ingress_Enter XKUE5K4G
2025-04-01 02:52:06,189 - INFO - Ingress_Enter MBJ41BMP
2025-04-01 02:52:06,208 - INFO - Ingress_Exit ZU5CKKWB
2025-04-01 02:52:06,254 - INFO - Ingress_Exit VRDBSIHK
2025-04-01 02:52:06,371 - INFO - Ingress_Exit GHHZ2D3P
2025-04-01 02:52:06,391 - INFO - Ingress_Enter 41LW7XP6
2025-04-01 02:52:06,412 - INFO - Ingress_Enter A8FT4WXO
2025-04-01 02:52:06,424 - INFO - Ingress_Exit 5B6N9H96
2025-04-01 02:52:06,509 - INFO - Ingress_Enter 63475X1C
2025-04-01 02:52:06,550 - INFO - Ingress_Exit MBJ41BMP
2025-04-01 02:52:06,587 - INFO - Ingress_Exit XKUE5K4G
2025-04-01 02:52:06,596 - INFO - Ingress_Enter M74ZLI66
2025-04-01 02:52:06,779 - INFO - Ingress_Enter HORVKXHD
2025-04-01 02:52:06,842 - INFO - Ingress_Enter RYILTTY1
2025-04-01 02:52:06,852 - INFO - Ingress_Enter UC259ZOU
2025-04-01 02:52:06,971 - INFO - Ingress_Enter SPZ6OIA5
2025-04-01 02:52:07,029 - INFO - Ingress_Exit 41LW7XP6
2025-04-01 02:52:07,030 - INFO - Ingress_Exit A8FT4WXO
2025-04-01 02:52:07,051 - INFO - Ingress_Exit M74ZLI66
2025-04-01 02:52:07,070 - INFO - Ingress_Exit 63475X1C
2025-04-01 02:52:07,412 - INFO - Ingress_Exit UC259ZOU
2025-04-01 02:52:07,441 - INFO - Ingress_Enter QF55WGP5
2025-04-01 02:52:07,468 - INFO - Ingress_Exit HORVKXHD
2025-04-01 02:52:07,560 - INFO - Ingress_Enter 0I43LL6Z
2025-04-01 02:52:07,596 - INFO - Ingress_Exit RYILTTY1
2025-04-01 02:52:07,639 - INFO - Ingress_Enter JB2J9KH3
2025-04-01 02:52:07,800 - INFO - Ingress_Enter AIO6LWYG
2025-04-01 02:52:07,850 - INFO - Ingress_Enter LT74CPV8
2025-04-01 02:52:07,873 - INFO - Ingress_Exit 0I43LL6Z
2025-04-01 02:52:07,886 - INFO - Ingress_Enter 5CUCG4FP
2025-04-01 02:52:07,949 - INFO - Ingress_Exit SPZ6OIA5
2025-04-01 02:52:07,952 - INFO - Ingress_Exit QF55WGP5
2025-04-01 02:52:07,995 - INFO - Ingress_Enter T0X3I5PT
2025-04-01 02:52:08,032 - INFO - Ingress_Enter YZ9YAK06
2025-04-01 02:52:08,038 - INFO - Ingress_Enter PHTN3ZDD
2025-04-01 02:52:08,081 - INFO - Ingress_Enter OL3UJHIZ
2025-04-01 02:52:08,114 - INFO - Ingress_Exit LT74CPV8
2025-04-01 02:52:08,125 - INFO - Ingress_Enter 8VRS3CRQ
2025-04-01 02:52:08,147 - INFO - Ingress_Exit AIO6LWYG
2025-04-01 02:52:08,157 - INFO - Ingress_Exit 5CUCG4FP
2025-04-01 02:52:08,254 - INFO - Ingress_Exit JB2J9KH3
2025-04-01 02:52:08,260 - INFO - Ingress_Exit PHTN3ZDD
2025-04-01 02:52:08,365 - INFO - Ingress_Exit T0X3I5PT
2025-04-01 02:52:08,409 - INFO - Ingress_Exit OL3UJHIZ
2025-04-01 02:52:08,415 - INFO - Ingress_Enter ELMS1Q7D
2025-04-01 02:52:08,504 - INFO - Ingress_Exit 8VRS3CRQ
2025-04-01 02:52:08,544 - INFO - Ingress_Enter O0VDXIS6
2025-04-01 02:52:08,554 - INFO - Ingress_Enter QBV75XZ2
2025-04-01 02:52:08,575 - INFO - Ingress_Exit ELMS1Q7D
2025-04-01 02:52:08,643 - INFO - Ingress_Enter RDK4QPHQ
2025-04-01 02:52:08,658 - INFO - Ingress_Exit YZ9YAK06
2025-04-01 02:52:08,672 - INFO - Ingress_Enter 96CUED9W
2025-04-01 02:52:08,685 - INFO - Ingress_Enter FQKHX5JQ
2025-04-01 02:52:08,829 - INFO - Ingress_Exit O0VDXIS6
2025-04-01 02:52:08,833 - INFO - Ingress_Enter L6W2VXBX
2025-04-01 02:52:08,837 - INFO - Ingress_Enter WHZMCQH7
2025-04-01 02:52:08,934 - INFO - Ingress_Enter 0A7I6VZ9
2025-04-01 02:52:08,951 - INFO - Ingress_Exit QBV75XZ2
2025-04-01 02:52:09,021 - INFO - Ingress_Exit L6W2VXBX
2025-04-01 02:52:09,049 - INFO - Ingress_Exit 96CUED9W
2025-04-01 02:52:09,145 - INFO - Ingress_Exit RDK4QPHQ
2025-04-01 02:52:09,329 - INFO - Ingress_Enter OK8OGU2Q
2025-04-01 02:52:09,356 - INFO - Ingress_Exit FQKHX5JQ
2025-04-01 02:52:09,410 - INFO - Ingress_Exit 0A7I6VZ9
2025-04-01 02:52:09,411 - INFO - Ingress_Exit WHZMCQH7
2025-04-01 02:52:09,456 - INFO - Ingress_Enter 0U818ZO0
2025-04-01 02:52:09,533 - INFO - Ingress_Enter U2JYSDFH
2025-04-01 02:52:09,598 - INFO - Ingress_Enter BZL7YAI4
2025-04-01 02:52:09,694 - INFO - Ingress_Enter TFTEV70P
2025-04-01 02:52:09,726 - INFO - Ingress_Enter Y88EKN68
2025-04-01 02:52:09,755 - INFO - Ingress_Enter WEGOE052
2025-04-01 02:52:09,828 - INFO - Ingress_Exit 0U818ZO0
2025-04-01 02:52:09,975 - INFO - Ingress_Exit OK8OGU2Q
2025-04-01 02:52:10,000 - INFO - Ingress_Enter 95NXIVUG
2025-04-01 02:52:10,024 - INFO - Ingress_Exit BZL7YAI4
2025-04-01 02:52:10,054 - INFO - Ingress_Enter CJCNGP44
2025-04-01 02:52:10,065 - INFO - Ingress_Enter VNREKSRO
2025-04-01 02:52:10,130 - INFO - Ingress_Exit U2JYSDFH
2025-04-01 02:52:10,183 - INFO - Ingress_Enter QCCYIJJC
2025-04-01 02:52:10,251 - INFO - Ingress_Exit TFTEV70P
2025-04-01 02:52:10,321 - INFO - Ingress_Enter E0HIMHM2
2025-04-01 02:52:10,373 - INFO - Ingress_Exit Y88EKN68
2025-04-01 02:52:10,374 - INFO - Ingress_Exit WEGOE052
2025-04-01 02:52:10,376 - INFO - Ingress_Exit 95NXIVUG
2025-04-01 02:52:10,443 - INFO - Ingress_Exit CJCNGP44
2025-04-01 02:52:10,444 - INFO - Ingress_Exit VNREKSRO
2025-04-01 02:52:10,564 - INFO - Ingress_Enter FXNZQFRT
2025-04-01 02:52:10,619 - INFO - Ingress_Exit QCCYIJJC
2025-04-01 02:52:10,648 - INFO - Ingress_Enter ZVTSVMKQ
2025-04-01 02:52:10,760 - INFO - Ingress_Enter ZHZAY70T
2025-04-01 02:52:10,861 - INFO - Ingress_Exit ZVTSVMKQ
2025-04-01 02:52:10,862 - INFO - Ingress_Exit E0HIMHM2
2025-04-01 02:52:10,929 - INFO - Ingress_Enter M0QTAB7M
2025-04-01 02:52:10,999 - INFO - Ingress_Enter VKLEFV5U
2025-04-01 02:52:11,168 - INFO - Ingress_Enter ULE9P1F5
2025-04-01 02:52:11,179 - INFO - Ingress_Exit ZHZAY70T
2025-04-01 02:52:11,250 - INFO - Ingress_Exit FXNZQFRT
2025-04-01 02:52:11,352 - INFO - Ingress_Enter 0T92ZK58
2025-04-01 02:52:11,372 - INFO - Ingress_Enter RA9BP6MF
2025-04-01 02:52:11,372 - INFO - Ingress_Exit VKLEFV5U
2025-04-01 02:52:11,469 - INFO - Ingress_Exit 0T92ZK58
2025-04-01 02:52:11,575 - INFO - Ingress_Exit M0QTAB7M
2025-04-01 02:52:11,715 - INFO - Ingress_Exit ULE9P1F5
2025-04-01 02:52:11,989 - INFO - Ingress_Exit RA9BP6MF
2025-04-01 02:52:12,140 - INFO - Ingress_Enter HKX3GFNR
2025-04-01 02:52:12,249 - INFO - Ingress_Enter DV6ZKOPU
2025-04-01 02:52:12,268 - INFO - Ingress_Enter 2OOG0ZD1
2025-04-01 02:52:12,302 - INFO - Ingress_Enter 4AX59SUT
2025-04-01 02:52:12,312 - INFO - Ingress_Enter N4YRL1E9
2025-04-01 02:52:12,673 - INFO - Ingress_Exit 4AX59SUT
2025-04-01 02:52:12,674 - INFO - Ingress_Exit N4YRL1E9
2025-04-01 02:52:12,747 - INFO - Ingress_Exit DV6ZKOPU
2025-04-01 02:52:12,755 - INFO - Ingress_Exit HKX3GFNR
2025-04-01 02:52:12,808 - INFO - Ingress_Exit 2OOG0ZD1
2025-04-01 02:52:13,161 - INFO - Ingress_Enter 9MVQCVTX
2025-04-01 02:52:13,236 - INFO - Ingress_Enter 7NUVVPUY
2025-04-01 02:52:13,257 - INFO - Ingress_Enter 24SV3ZJI
2025-04-01 02:52:13,329 - INFO - Ingress_Exit 9MVQCVTX
2025-04-01 02:52:13,420 - INFO - Ingress_Exit 7NUVVPUY
2025-04-01 02:52:13,589 - INFO - Ingress_Enter X57QHF29
2025-04-01 02:52:13,632 - INFO - Ingress_Exit 24SV3ZJI
2025-04-01 02:52:13,642 - INFO - Ingress_Enter 6R22PSAC
2025-04-01 02:52:13,678 - INFO - Ingress_Enter AIKKJKWT
2025-04-01 02:52:13,717 - INFO - Ingress_Enter YPPO2C08
2025-04-01 02:52:13,806 - INFO - Ingress_Exit 6R22PSAC
2025-04-01 02:52:13,932 - INFO - Ingress_Enter UWZRW2C5
2025-04-01 02:52:13,974 - INFO - Ingress_Enter 42CCRYZO
2025-04-01 02:52:14,041 - INFO - Ingress_Enter 87ABUDZL
2025-04-01 02:52:14,151 - INFO - Ingress_Exit 42CCRYZO
2025-04-01 02:52:14,183 - INFO - Ingress_Enter 81H8KCZ4
2025-04-01 02:52:14,228 - INFO - Ingress_Exit AIKKJKWT
2025-04-01 02:52:14,233 - INFO - Ingress_Exit YPPO2C08
2025-04-01 02:52:14,252 - INFO - Ingress_Exit X57QHF29
2025-04-01 02:52:14,337 - INFO - Ingress_Exit UWZRW2C5
2025-04-01 02:52:14,373 - INFO - Ingress_Exit 81H8KCZ4
2025-04-01 02:52:14,376 - INFO - Ingress_Enter 9TSJ7DO5
2025-04-01 02:52:14,448 - INFO - Ingress_Exit 87ABUDZL
2025-04-01 02:52:14,516 - INFO - Ingress_Exit 9TSJ7DO5
2025-04-01 02:52:14,545 - INFO - Ingress_Enter 6E8NFL82
2025-04-01 02:52:14,569 - INFO - Ingress_Enter X9NG2ZD5
2025-04-01 02:52:14,613 - INFO - Ingress_Enter CKHZ4H5H
2025-04-01 02:52:14,656 - INFO - Ingress_Enter EYLO39Q2
2025-04-01 02:52:14,730 - INFO - Ingress_Enter 6K87RHWA
2025-04-01 02:52:14,804 - INFO - Ingress_Enter DQ7N343M
2025-04-01 02:52:14,816 - INFO - Ingress_Enter BTQHJTFK
2025-04-01 02:52:14,878 - INFO - Ingress_Enter ERF2YUU8
2025-04-01 02:52:14,908 - INFO - Ingress_Exit 6K87RHWA
2025-04-01 02:52:14,930 - INFO - Ingress_Exit CKHZ4H5H
2025-04-01 02:52:14,967 - INFO - Ingress_Exit 6E8NFL82
2025-04-01 02:52:14,968 - INFO - Ingress_Exit X9NG2ZD5
2025-04-01 02:52:15,264 - INFO - Ingress_Exit EYLO39Q2
2025-04-01 02:52:15,313 - INFO - Ingress_Exit DQ7N343M
2025-04-01 02:52:15,314 - INFO - Ingress_Exit BTQHJTFK
2025-04-01 02:52:15,922 - INFO - Ingress_Exit ERF2YUU8
2025-04-01 02:52:16,277 - INFO - Ingress_Enter 8ZQZVELN
2025-04-01 02:52:16,351 - INFO - Ingress_Enter QM328TY6
2025-04-01 02:52:16,686 - INFO - Ingress_Enter E0A41O3J
2025-04-01 02:52:16,706 - INFO - Ingress_Enter QV24ZVXQ
2025-04-01 02:52:16,792 - INFO - Ingress_Enter BTEIQ3SV
2025-04-01 02:52:16,911 - INFO - Ingress_Exit 8ZQZVELN
2025-04-01 02:52:16,917 - INFO - Ingress_Exit QM328TY6
2025-04-01 02:52:16,937 - INFO - Ingress_Exit E0A41O3J
2025-04-01 02:52:16,976 - INFO - Ingress_Enter CH4R39TJ
2025-04-01 02:52:17,075 - INFO - Ingress_Enter W8TJDGUI
2025-04-01 02:52:17,095 - INFO - Ingress_Enter R69HTWYX
2025-04-01 02:52:17,178 - INFO - Ingress_Exit BTEIQ3SV
2025-04-01 02:52:17,180 - INFO - Ingress_Exit CH4R39TJ
2025-04-01 02:52:17,234 - INFO - Ingress_Enter TN7XHP8U
2025-04-01 02:52:17,271 - INFO - Ingress_Exit R69HTWYX
2025-04-01 02:52:17,320 - INFO - Ingress_Enter QW5EZT9M
2025-04-01 02:52:17,330 - INFO - Ingress_Enter G7YJQAJA
2025-04-01 02:52:17,360 - INFO - Ingress_Enter 2ZSLMHBR
2025-04-01 02:52:17,372 - INFO - Ingress_Enter BJQ2FQDZ
2025-04-01 02:52:17,443 - INFO - Ingress_Exit QV24ZVXQ
2025-04-01 02:52:17,541 - INFO - Ingress_Exit W8TJDGUI
2025-04-01 02:52:17,708 - INFO - Ingress_Exit TN7XHP8U
2025-04-01 02:52:17,763 - INFO - Ingress_Exit 2ZSLMHBR
2025-04-01 02:52:17,837 - INFO - Ingress_Enter YZO53HNH
2025-04-01 02:52:17,842 - INFO - Ingress_Exit BJQ2FQDZ
2025-04-01 02:52:17,847 - INFO - Ingress_Exit G7YJQAJA
2025-04-01 02:52:17,867 - INFO - Ingress_Exit QW5EZT9M
2025-04-01 02:52:18,007 - INFO - Ingress_Enter Z0LJF4PA
2025-04-01 02:52:18,028 - INFO - Ingress_Enter H13ZP02M
2025-04-01 02:52:18,030 - INFO - Ingress_Enter LUPQMFP5
2025-04-01 02:52:18,051 - INFO - Ingress_Enter AWNHLH70
2025-04-01 02:52:18,071 - INFO - Ingress_Enter LEE8H7K1
2025-04-01 02:52:18,135 - INFO - Ingress_Enter FO32OW81
2025-04-01 02:52:18,307 - INFO - Ingress_Exit LUPQMFP5
2025-04-01 02:52:18,339 - INFO - Ingress_Exit H13ZP02M
2025-04-01 02:52:18,380 - INFO - Ingress_Exit YZO53HNH
2025-04-01 02:52:18,474 - INFO - Ingress_Exit FO32OW81
2025-04-01 02:52:18,475 - INFO - Ingress_Exit LEE8H7K1
2025-04-01 02:52:18,616 - INFO - Ingress_Exit AWNHLH70
2025-04-01 02:52:18,619 - INFO - Ingress_Exit Z0LJF4PA
2025-04-01 02:52:18,990 - INFO - Ingress_Enter 5IYT11QW
2025-04-01 02:52:19,010 - INFO - Ingress_Enter 04JRRT5E
2025-04-01 02:52:19,022 - INFO - Ingress_Enter TDAFBZY3
2025-04-01 02:52:19,031 - INFO - Ingress_Enter IURYTXMO
2025-04-01 02:52:19,087 - INFO - Ingress_Enter 19H68BKC
2025-04-01 02:52:19,274 - INFO - Ingress_Enter XQFF8OTW
2025-04-01 02:52:19,278 - INFO - Ingress_Enter 6MYB0QD3
2025-04-01 02:52:19,278 - INFO - Ingress_Enter EOQ3O70R
2025-04-01 02:52:19,318 - INFO - Ingress_Exit TDAFBZY3
2025-04-01 02:52:19,403 - INFO - Ingress_Exit 04JRRT5E
2025-04-01 02:52:19,510 - INFO - Ingress_Exit 5IYT11QW
2025-04-01 02:52:19,511 - INFO - Ingress_Exit 19H68BKC
2025-04-01 02:52:19,538 - INFO - Ingress_Exit 6MYB0QD3
2025-04-01 02:52:19,564 - INFO - Ingress_Exit XQFF8OTW
2025-04-01 02:52:19,626 - INFO - Ingress_Exit IURYTXMO
2025-04-01 02:52:19,729 - INFO - Ingress_Exit EOQ3O70R
2025-04-01 02:52:19,734 - INFO - Ingress_Enter 22IO48HM
2025-04-01 02:52:19,946 - INFO - Ingress_Enter 2B6JWEP4
2025-04-01 02:52:20,000 - INFO - Ingress_Enter PRR8B4P8
2025-04-01 02:52:20,066 - INFO - Ingress_Enter N9AEHA7K
2025-04-01 02:52:20,097 - INFO - Ingress_Enter R88JWYPY
2025-04-01 02:52:20,169 - INFO - Ingress_Exit 22IO48HM
2025-04-01 02:52:20,310 - INFO - Ingress_Exit N9AEHA7K
2025-04-01 02:52:20,363 - INFO - Ingress_Enter SMM9UVGX
2025-04-01 02:52:20,377 - INFO - Ingress_Enter 81Q455O8
2025-04-01 02:52:20,388 - INFO - Ingress_Enter 79P462X3
2025-04-01 02:52:20,468 - INFO - Ingress_Exit 2B6JWEP4
2025-04-01 02:52:20,483 - INFO - Ingress_Exit PRR8B4P8
2025-04-01 02:52:20,543 - INFO - Ingress_Enter 4BS759SN
2025-04-01 02:52:20,564 - INFO - Ingress_Enter WZ0NF8J6
2025-04-01 02:52:20,642 - INFO - Ingress_Exit SMM9UVGX
2025-04-01 02:52:20,643 - INFO - Ingress_Exit 79P462X3
2025-04-01 02:52:20,712 - INFO - Ingress_Enter DVA16W2I
2025-04-01 02:52:20,728 - INFO - Ingress_Exit R88JWYPY
2025-04-01 02:52:20,729 - INFO - Ingress_Exit 81Q455O8
2025-04-01 02:52:20,808 - INFO - Ingress_Enter WRUCGYPX
2025-04-01 02:52:20,809 - INFO - Ingress_Enter BAPW1IC9
2025-04-01 02:52:20,828 - INFO - Ingress_Exit 4BS759SN
2025-04-01 02:52:20,932 - INFO - Ingress_Exit WZ0NF8J6
2025-04-01 02:52:20,936 - INFO - Ingress_Enter 78615F1O
2025-04-01 02:52:21,052 - INFO - Ingress_Enter YXRKQZWH
2025-04-01 02:52:21,053 - INFO - Ingress_Exit DVA16W2I
2025-04-01 02:52:21,187 - INFO - Ingress_Exit BAPW1IC9
2025-04-01 02:52:21,191 - INFO - Ingress_Enter SP6FDAD9
2025-04-01 02:52:21,193 - INFO - Ingress_Exit WRUCGYPX
2025-04-01 02:52:21,290 - INFO - Ingress_Enter 61UNY0WN
2025-04-01 02:52:21,321 - INFO - Ingress_Enter V29A3ZY7
2025-04-01 02:52:21,355 - INFO - Ingress_Enter UI9Y6YN2
2025-04-01 02:52:21,441 - INFO - Ingress_Exit YXRKQZWH
2025-04-01 02:52:21,484 - INFO - Ingress_Enter 7L2BO2XA
2025-04-01 02:52:21,498 - INFO - Ingress_Exit 78615F1O
2025-04-01 02:52:21,562 - INFO - Ingress_Exit SP6FDAD9
2025-04-01 02:52:21,642 - INFO - Ingress_Exit UI9Y6YN2
2025-04-01 02:52:21,656 - INFO - Ingress_Enter 9PDIL3KD
2025-04-01 02:52:21,667 - INFO - Ingress_Enter GUPA71M4
2025-04-01 02:52:21,710 - INFO - Ingress_Enter 1XW61LNZ
2025-04-01 02:52:21,722 - INFO - Ingress_Exit 61UNY0WN
2025-04-01 02:52:21,732 - INFO - Ingress_Exit V29A3ZY7
2025-04-01 02:52:21,745 - INFO - Ingress_Exit 7L2BO2XA
2025-04-01 02:52:21,858 - INFO - Ingress_Enter UQAR1HYI
2025-04-01 02:52:21,885 - INFO - Ingress_Exit GUPA71M4
2025-04-01 02:52:21,897 - INFO - Ingress_Exit 9PDIL3KD
2025-04-01 02:52:21,906 - INFO - Ingress_Exit 1XW61LNZ
2025-04-01 02:52:22,033 - INFO - Ingress_Enter X1JV7Y32
2025-04-01 02:52:22,110 - INFO - Ingress_Enter GQURJ9W4
2025-04-01 02:52:22,118 - INFO - Ingress_Enter C3548LH8
2025-04-01 02:52:22,129 - INFO - Ingress_Enter Y5W9ZVWL
2025-04-01 02:52:22,129 - INFO - Ingress_Exit UQAR1HYI
2025-04-01 02:52:22,192 - INFO - Ingress_Enter NCAZDV5J
2025-04-01 02:52:22,224 - INFO - Ingress_Enter 7JMYUEU3
2025-04-01 02:52:22,376 - INFO - Ingress_Exit GQURJ9W4
2025-04-01 02:52:22,445 - INFO - Ingress_Exit X1JV7Y32
2025-04-01 02:52:22,457 - INFO - Ingress_Exit Y5W9ZVWL
2025-04-01 02:52:22,511 - INFO - Ingress_Exit C3548LH8
2025-04-01 02:52:22,512 - INFO - Ingress_Exit NCAZDV5J
2025-04-01 02:52:22,592 - INFO - Ingress_Exit 7JMYUEU3
2025-04-01 02:52:22,614 - INFO - Ingress_Enter BU99Z89B
2025-04-01 02:52:22,677 - INFO - Ingress_Enter BVTNPM34
2025-04-01 02:52:22,817 - INFO - Ingress_Enter GSWDI8FR
2025-04-01 02:52:22,827 - INFO - Ingress_Enter PQV0JP4O
2025-04-01 02:52:22,881 - INFO - Ingress_Enter IODD6MWL
2025-04-01 02:52:22,956 - INFO - Ingress_Enter GYX9ZYF6
2025-04-01 02:52:22,965 - INFO - Ingress_Enter YG0V89AK
2025-04-01 02:52:23,030 - INFO - Ingress_Exit BVTNPM34
2025-04-01 02:52:23,055 - INFO - Ingress_Exit BU99Z89B
2025-04-01 02:52:23,137 - INFO - Ingress_Exit PQV0JP4O
2025-04-01 02:52:23,141 - INFO - Ingress_Exit GSWDI8FR
2025-04-01 02:52:23,274 - INFO - Ingress_Exit IODD6MWL
2025-04-01 02:52:23,365 - INFO - Ingress_Exit GYX9ZYF6
2025-04-01 02:52:23,393 - INFO - Ingress_Enter VESXQL9G
2025-04-01 02:52:23,406 - INFO - Ingress_Exit YG0V89AK
2025-04-01 02:52:23,414 - INFO - Ingress_Enter RPRWI34X
2025-04-01 02:52:23,703 - INFO - Ingress_Enter 4YMYDB10
2025-04-01 02:52:23,726 - INFO - Ingress_Exit VESXQL9G
2025-04-01 02:52:23,819 - INFO - Ingress_Exit RPRWI34X
2025-04-01 02:52:24,262 - INFO - Ingress_Exit 4YMYDB10
2025-04-01 02:52:24,409 - INFO - Ingress_Enter 0RACZN5M
2025-04-01 02:52:24,415 - INFO - Ingress_Enter AS3BGQWT
2025-04-01 02:52:24,420 - INFO - Ingress_Enter OL9L4VYA
2025-04-01 02:52:24,448 - INFO - Ingress_Enter QHFQ2SOJ
2025-04-01 02:52:24,479 - INFO - Ingress_Enter 8WWYE6S6
2025-04-01 02:52:24,560 - INFO - Ingress_Enter SK34V0JY
2025-04-01 02:52:24,632 - INFO - Ingress_Enter WPT0FC27
2025-04-01 02:52:24,793 - INFO - Ingress_Enter J3BO4L6W
2025-04-01 02:52:24,837 - INFO - Ingress_Exit 0RACZN5M
2025-04-01 02:52:24,838 - INFO - Ingress_Exit AS3BGQWT
2025-04-01 02:52:24,892 - INFO - Ingress_Exit 8WWYE6S6
2025-04-01 02:52:24,902 - INFO - Ingress_Exit SK34V0JY
2025-04-01 02:52:24,965 - INFO - Ingress_Exit OL9L4VYA
2025-04-01 02:52:25,006 - INFO - Ingress_Exit WPT0FC27
2025-04-01 02:52:25,096 - INFO - Ingress_Enter SSK55DJA
2025-04-01 02:52:25,101 - INFO - Ingress_Exit QHFQ2SOJ
2025-04-01 02:52:25,192 - INFO - Ingress_Enter FB1TU5QP
2025-04-01 02:52:25,255 - INFO - Ingress_Enter W2HB58DZ
2025-04-01 02:52:25,265 - INFO - Ingress_Exit J3BO4L6W
2025-04-01 02:52:25,350 - INFO - Ingress_Enter WR8V0NJ0
2025-04-01 02:52:25,437 - INFO - Ingress_Enter 2DOJWIMY
2025-04-01 02:52:25,535 - INFO - Ingress_Exit SSK55DJA
2025-04-01 02:52:25,568 - INFO - Ingress_Exit FB1TU5QP
2025-04-01 02:52:25,773 - INFO - Ingress_Exit W2HB58DZ
2025-04-01 02:52:25,813 - INFO - Ingress_Exit WR8V0NJ0
2025-04-01 02:52:25,961 - INFO - Ingress_Exit 2DOJWIMY
2025-04-01 02:52:26,107 - INFO - Ingress_Enter B1YGJGIV
2025-04-01 02:52:26,129 - INFO - Ingress_Enter 3YKVP5F4
2025-04-01 02:52:26,150 - INFO - Ingress_Enter CHC54M0Y
2025-04-01 02:52:26,151 - INFO - Ingress_Enter YTS1LPEE
2025-04-01 02:52:26,172 - INFO - Ingress_Enter EABPZXWK
2025-04-01 02:52:26,203 - INFO - Ingress_Enter VHX9ZRXF
2025-04-01 02:52:26,335 - INFO - Ingress_Exit B1YGJGIV
2025-04-01 02:52:26,476 - INFO - Ingress_Enter HPVKNPQR
2025-04-01 02:52:26,506 - INFO - Ingress_Exit CHC54M0Y
2025-04-01 02:52:26,506 - INFO - Ingress_Exit YTS1LPEE
2025-04-01 02:52:26,509 - INFO - Ingress_Exit VHX9ZRXF
2025-04-01 02:52:26,517 - INFO - Ingress_Exit EABPZXWK
2025-04-01 02:52:26,583 - INFO - Ingress_Exit 3YKVP5F4
2025-04-01 02:52:26,602 - INFO - Ingress_Enter H1EG7XL5
2025-04-01 02:52:26,633 - INFO - Ingress_Exit HPVKNPQR
2025-04-01 02:52:26,674 - INFO - Ingress_Enter 8BEDKE6W
2025-04-01 02:52:26,691 - INFO - Ingress_Enter TXIROYH0
2025-04-01 02:52:26,705 - INFO - Ingress_Enter HFHLGZV3
2025-04-01 02:52:26,819 - INFO - Ingress_Enter 7E7LN28F
2025-04-01 02:52:26,825 - INFO - Ingress_Exit 8BEDKE6W
2025-04-01 02:52:26,850 - INFO - Ingress_Exit H1EG7XL5
2025-04-01 02:52:26,970 - INFO - Ingress_Exit HFHLGZV3
2025-04-01 02:52:26,975 - INFO - Ingress_Exit TXIROYH0
2025-04-01 02:52:27,270 - INFO - Ingress_Exit 7E7LN28F
2025-04-01 02:52:27,421 - INFO - Ingress_Enter UM69AQYU
2025-04-01 02:52:27,448 - INFO - Ingress_Enter DJPIY3SE
2025-04-01 02:52:27,464 - INFO - Ingress_Enter U8G8S16Z
2025-04-01 02:52:27,497 - INFO - Ingress_Enter FQHAC646
2025-04-01 02:52:27,528 - INFO - Ingress_Enter 0Q0TIZ2H
2025-04-01 02:52:27,679 - INFO - Ingress_Exit FQHAC646
2025-04-01 02:52:27,702 - INFO - Ingress_Enter H7V7UPW6
2025-04-01 02:52:27,745 - INFO - Ingress_Enter JEUZDGC4
2025-04-01 02:52:27,752 - INFO - Ingress_Exit U8G8S16Z
2025-04-01 02:52:27,754 - INFO - Ingress_Exit UM69AQYU
2025-04-01 02:52:27,810 - INFO - Ingress_Enter WLJS54TA
2025-04-01 02:52:27,876 - INFO - Ingress_Exit DJPIY3SE
2025-04-01 02:52:27,880 - INFO - Ingress_Exit 0Q0TIZ2H
2025-04-01 02:52:28,004 - INFO - Ingress_Enter NUC77O47
2025-04-01 02:52:28,030 - INFO - Ingress_Exit H7V7UPW6
2025-04-01 02:52:28,067 - INFO - Ingress_Enter PI0QZNEF
2025-04-01 02:52:28,073 - INFO - Ingress_Exit JEUZDGC4
2025-04-01 02:52:28,209 - INFO - Ingress_Exit WLJS54TA
2025-04-01 02:52:28,300 - INFO - Ingress_Exit NUC77O47
2025-04-01 02:52:28,324 - INFO - Ingress_Exit PI0QZNEF
