2025-04-01 02:58:08,711 - INFO - Ingress_Enter 2IX72DSU
2025-04-01 02:58:08,750 - INFO - Ingress_Enter DDLNILJ3
2025-04-01 02:58:09,140 - INFO - Ingress_Enter 7PDCYUHA
2025-04-01 02:58:09,217 - INFO - Ingress_Enter 0NP2RJZ4
2025-04-01 02:58:09,338 - INFO - Ingress_Enter UCQ8WW5H
2025-04-01 02:58:09,459 - INFO - Ingress_Enter WKROMJR2
2025-04-01 02:58:09,498 - INFO - Ingress_Enter AJ92YKS0
2025-04-01 02:58:09,588 - INFO - Ingress_Enter HNEE13CH
2025-04-01 02:58:09,680 - INFO - Ingress_Enter STI2G223
2025-04-01 02:58:09,798 - INFO - Ingress_Exit DDLNILJ3
2025-04-01 02:58:09,817 - INFO - Ingress_Exit 2IX72DSU
2025-04-01 02:58:09,916 - INFO - Ingress_Enter 0K26BMRP
2025-04-01 02:58:09,925 - INFO - Ingress_Enter F50KAN6Z
2025-04-01 02:58:10,125 - INFO - Ingress_Exit UCQ8WW5H
2025-04-01 02:58:10,126 - INFO - Ingress_Exit WKROMJR2
2025-04-01 02:58:10,206 - INFO - Ingress_Exit 0NP2RJZ4
2025-04-01 02:58:10,370 - INFO - Ingress_Exit AJ92YKS0
2025-04-01 02:58:10,392 - INFO - Ingress_Enter 0ZCK2ZEH
2025-04-01 02:58:10,401 - INFO - Ingress_Enter QTL2M5B0
2025-04-01 02:58:10,402 - INFO - Ingress_Exit 7PDCYUHA
2025-04-01 02:58:10,410 - INFO - Ingress_Enter HEF2URHJ
2025-04-01 02:58:10,479 - INFO - Ingress_Enter 6I3TFM6Z
2025-04-01 02:58:10,502 - INFO - Ingress_Enter 2LR610OO
2025-04-01 02:58:10,572 - INFO - Ingress_Enter 319SOIJO
2025-04-01 02:58:10,582 - INFO - Ingress_Enter NUP3JBBA
2025-04-01 02:58:10,666 - INFO - Ingress_Exit STI2G223
2025-04-01 02:58:10,856 - INFO - Ingress_Exit HNEE13CH
2025-04-01 02:58:11,055 - INFO - Ingress_Exit F50KAN6Z
2025-04-01 02:58:11,204 - INFO - Ingress_Exit 0K26BMRP
2025-04-01 02:58:11,273 - INFO - Ingress_Exit 6I3TFM6Z
2025-04-01 02:58:11,356 - INFO - Ingress_Exit QTL2M5B0
2025-04-01 02:58:11,358 - INFO - Ingress_Exit HEF2URHJ
2025-04-01 02:58:11,359 - INFO - Ingress_Exit 319SOIJO
2025-04-01 02:58:11,376 - INFO - Ingress_Exit NUP3JBBA
2025-04-01 02:58:11,444 - INFO - Ingress_Enter IZ6L7092
2025-04-01 02:58:11,594 - INFO - Ingress_Exit 0ZCK2ZEH
2025-04-01 02:58:11,597 - INFO - Ingress_Exit 2LR610OO
2025-04-01 02:58:11,663 - INFO - Ingress_Enter D96U2Z2V
2025-04-01 02:58:11,713 - INFO - Ingress_Enter R00WRT8T
2025-04-01 02:58:11,763 - INFO - Ingress_Enter XB8WFHG0
2025-04-01 02:58:11,773 - INFO - Ingress_Enter I5YGZ0WT
2025-04-01 02:58:11,988 - INFO - Ingress_Enter IRGRZLBY
2025-04-01 02:58:12,151 - INFO - Ingress_Enter 1O8169KF
2025-04-01 02:58:12,162 - INFO - Ingress_Enter DU5KZTAG
2025-04-01 02:58:12,259 - INFO - Ingress_Enter 81FHS6V6
2025-04-01 02:58:12,530 - INFO - Ingress_Enter V4BRWMRU
2025-04-01 02:58:12,618 - INFO - Ingress_Exit D96U2Z2V
2025-04-01 02:58:12,659 - INFO - Ingress_Enter VIHVNIXT
2025-04-01 02:58:12,740 - INFO - Ingress_Enter FR0JS81G
2025-04-01 02:58:13,041 - INFO - Ingress_Exit IZ6L7092
2025-04-01 02:58:13,043 - INFO - Ingress_Exit I5YGZ0WT
2025-04-01 02:58:13,224 - INFO - Ingress_Exit XB8WFHG0
2025-04-01 02:58:13,225 - INFO - Ingress_Exit R00WRT8T
2025-04-01 02:58:13,270 - INFO - Ingress_Exit V4BRWMRU
2025-04-01 02:58:13,325 - INFO - Ingress_Enter SWXTAF0W
2025-04-01 02:58:13,341 - INFO - Ingress_Enter MD8LY6DC
2025-04-01 02:58:13,369 - INFO - Ingress_Exit FR0JS81G
2025-04-01 02:58:13,403 - INFO - Ingress_Enter A9SB500C
2025-04-01 02:58:13,415 - INFO - Ingress_Exit 1O8169KF
2025-04-01 02:58:13,417 - INFO - Ingress_Exit IRGRZLBY
2025-04-01 02:58:13,419 - INFO - Ingress_Exit DU5KZTAG
2025-04-01 02:58:13,454 - INFO - Ingress_Enter AITVW0E2
2025-04-01 02:58:13,464 - INFO - Ingress_Exit 81FHS6V6
2025-04-01 02:58:13,534 - INFO - Ingress_Enter S7MX3IHL
2025-04-01 02:58:13,545 - INFO - Ingress_Enter 2W9C5A0C
2025-04-01 02:58:13,644 - INFO - Ingress_Enter 3U1A1Y49
2025-04-01 02:58:13,645 - INFO - Ingress_Enter L5LTLLF9
2025-04-01 02:58:13,685 - INFO - Ingress_Enter T92RIRIV
2025-04-01 02:58:13,715 - INFO - Ingress_Exit VIHVNIXT
2025-04-01 02:58:13,802 - INFO - Ingress_Enter H2U8NRX1
2025-04-01 02:58:13,946 - INFO - Ingress_Enter OZAAYOOW
2025-04-01 02:58:13,954 - INFO - Ingress_Enter 8X5O9LKP
2025-04-01 02:58:13,962 - INFO - Ingress_Enter NBIT60LN
2025-04-01 02:58:13,995 - INFO - Ingress_Exit SWXTAF0W
2025-04-01 02:58:14,046 - INFO - Ingress_Exit AITVW0E2
2025-04-01 02:58:14,117 - INFO - Ingress_Enter NZ684ZV9
2025-04-01 02:58:14,351 - INFO - Ingress_Exit A9SB500C
2025-04-01 02:58:14,353 - INFO - Ingress_Exit 3U1A1Y49
2025-04-01 02:58:14,356 - INFO - Ingress_Exit L5LTLLF9
2025-04-01 02:58:14,358 - INFO - Ingress_Enter W3A4G0CI
2025-04-01 02:58:14,367 - INFO - Ingress_Exit S7MX3IHL
2025-04-01 02:58:14,369 - INFO - Ingress_Exit 2W9C5A0C
2025-04-01 02:58:14,371 - INFO - Ingress_Exit T92RIRIV
2025-04-01 02:58:14,493 - INFO - Ingress_Enter FZ8OUD3K
2025-04-01 02:58:14,568 - INFO - Ingress_Exit MD8LY6DC
2025-04-01 02:58:14,583 - INFO - Ingress_Enter 2HJ5U7G2
2025-04-01 02:58:14,616 - INFO - Ingress_Exit H2U8NRX1
2025-04-01 02:58:14,639 - INFO - Ingress_Exit 8X5O9LKP
2025-04-01 02:58:14,640 - INFO - Ingress_Exit NBIT60LN
2025-04-01 02:58:14,777 - INFO - Ingress_Enter S28C4QW8
2025-04-01 02:58:14,825 - INFO - Ingress_Exit OZAAYOOW
2025-04-01 02:58:14,926 - INFO - Ingress_Enter LKX42J4X
2025-04-01 02:58:14,936 - INFO - Ingress_Enter EQ1VNIQM
2025-04-01 02:58:14,971 - INFO - Ingress_Exit NZ684ZV9
2025-04-01 02:58:15,033 - INFO - Ingress_Enter OZ90P647
2025-04-01 02:58:15,065 - INFO - Ingress_Enter 1I7IGSZC
2025-04-01 02:58:15,105 - INFO - Ingress_Enter TPJ30Y0M
2025-04-01 02:58:15,196 - INFO - Ingress_Exit FZ8OUD3K
2025-04-01 02:58:15,261 - INFO - Ingress_Enter 6DC1W8Z7
2025-04-01 02:58:15,269 - INFO - Ingress_Exit 2HJ5U7G2
2025-04-01 02:58:15,272 - INFO - Ingress_Enter PDFU7F4P
2025-04-01 02:58:15,395 - INFO - Ingress_Enter E1TRRGDX
2025-04-01 02:58:15,396 - INFO - Ingress_Enter 3OC1G6BW
2025-04-01 02:58:15,398 - INFO - Ingress_Exit W3A4G0CI
2025-04-01 02:58:15,427 - INFO - Ingress_Exit S28C4QW8
2025-04-01 02:58:15,539 - INFO - Ingress_Enter OC4S7EZD
2025-04-01 02:58:15,552 - INFO - Ingress_Exit OZ90P647
2025-04-01 02:58:15,652 - INFO - Ingress_Exit 1I7IGSZC
2025-04-01 02:58:15,696 - INFO - Ingress_Exit 6DC1W8Z7
2025-04-01 02:58:15,772 - INFO - Ingress_Exit LKX42J4X
2025-04-01 02:58:15,854 - INFO - Ingress_Exit 3OC1G6BW
2025-04-01 02:58:16,077 - INFO - Ingress_Exit PDFU7F4P
2025-04-01 02:58:16,080 - INFO - Ingress_Exit TPJ30Y0M
2025-04-01 02:58:16,117 - INFO - Ingress_Exit EQ1VNIQM
2025-04-01 02:58:16,234 - INFO - Ingress_Enter JIVMSWUY
2025-04-01 02:58:16,244 - INFO - Ingress_Enter S591JQUN
2025-04-01 02:58:16,269 - INFO - Ingress_Exit OC4S7EZD
2025-04-01 02:58:16,333 - INFO - Ingress_Enter 7UMFSNCH
2025-04-01 02:58:16,361 - INFO - Ingress_Exit E1TRRGDX
2025-04-01 02:58:16,499 - INFO - Ingress_Enter CION6FNL
2025-04-01 02:58:16,520 - INFO - Ingress_Enter LTFE70UT
2025-04-01 02:58:16,621 - INFO - Ingress_Enter P5D62BXN
2025-04-01 02:58:16,687 - INFO - Ingress_Enter 2LGACMMB
2025-04-01 02:58:16,728 - INFO - Ingress_Enter 692HAPNU
2025-04-01 02:58:16,853 - INFO - Ingress_Exit S591JQUN
2025-04-01 02:58:16,884 - INFO - Ingress_Enter ON17ALHG
2025-04-01 02:58:16,895 - INFO - Ingress_Enter 8ZSKTG0X
2025-04-01 02:58:17,016 - INFO - Ingress_Enter 2MAAIJZX
2025-04-01 02:58:17,031 - INFO - Ingress_Exit JIVMSWUY
2025-04-01 02:58:17,042 - INFO - Ingress_Enter DWJHYUQ8
2025-04-01 02:58:17,062 - INFO - Ingress_Enter 2YO1U56T
2025-04-01 02:58:17,184 - INFO - Ingress_Exit 692HAPNU
2025-04-01 02:58:17,191 - INFO - Ingress_Exit 7UMFSNCH
2025-04-01 02:58:17,192 - INFO - Ingress_Exit 2LGACMMB
2025-04-01 02:58:17,194 - INFO - Ingress_Exit LTFE70UT
2025-04-01 02:58:17,296 - INFO - Ingress_Exit CION6FNL
2025-04-01 02:58:17,341 - INFO - Ingress_Exit ON17ALHG
2025-04-01 02:58:17,361 - INFO - Ingress_Enter JOT1L5K2
2025-04-01 02:58:17,469 - INFO - Ingress_Enter D6HEXIOR
2025-04-01 02:58:17,485 - INFO - Ingress_Exit 2YO1U56T
2025-04-01 02:58:17,506 - INFO - Ingress_Exit P5D62BXN
2025-04-01 02:58:17,507 - INFO - Ingress_Exit 8ZSKTG0X
2025-04-01 02:58:17,598 - INFO - Ingress_Enter PMF9ILY4
2025-04-01 02:58:17,638 - INFO - Ingress_Enter 9XIVU726
2025-04-01 02:58:17,668 - INFO - Ingress_Enter EY4LRWIP
2025-04-01 02:58:17,715 - INFO - Ingress_Exit 2MAAIJZX
2025-04-01 02:58:17,719 - INFO - Ingress_Exit DWJHYUQ8
2025-04-01 02:58:17,739 - INFO - Ingress_Enter 28L2KV3P
2025-04-01 02:58:17,766 - INFO - Ingress_Enter IHAI4Y4F
2025-04-01 02:58:17,795 - INFO - Ingress_Enter KPN21RCE
2025-04-01 02:58:17,844 - INFO - Ingress_Enter 14WB4XL1
2025-04-01 02:58:17,884 - INFO - Ingress_Enter NCD8N5RE
2025-04-01 02:58:17,922 - INFO - Ingress_Enter 1AW36I9I
2025-04-01 02:58:17,953 - INFO - Ingress_Enter VUKTSXY0
2025-04-01 02:58:18,026 - INFO - Ingress_Exit JOT1L5K2
2025-04-01 02:58:18,051 - INFO - Ingress_Exit D6HEXIOR
2025-04-01 02:58:18,110 - INFO - Ingress_Exit 14WB4XL1
2025-04-01 02:58:18,150 - INFO - Ingress_Enter E2A7PSBB
2025-04-01 02:58:18,194 - INFO - Ingress_Exit NCD8N5RE
2025-04-01 02:58:18,220 - INFO - Ingress_Exit 28L2KV3P
2025-04-01 02:58:18,268 - INFO - Ingress_Exit IHAI4Y4F
2025-04-01 02:58:18,301 - INFO - Ingress_Exit 9XIVU726
2025-04-01 02:58:18,325 - INFO - Ingress_Exit PMF9ILY4
2025-04-01 02:58:18,407 - INFO - Ingress_Exit KPN21RCE
2025-04-01 02:58:18,449 - INFO - Ingress_Enter GJSVOVJ2
2025-04-01 02:58:18,479 - INFO - Ingress_Enter Y37MQ8A4
2025-04-01 02:58:18,536 - INFO - Ingress_Exit 1AW36I9I
2025-04-01 02:58:18,537 - INFO - Ingress_Enter 568X91DA
2025-04-01 02:58:18,549 - INFO - Ingress_Exit EY4LRWIP
2025-04-01 02:58:18,556 - INFO - Ingress_Enter 36AP34GW
2025-04-01 02:58:18,567 - INFO - Ingress_Enter X1YNUL3V
2025-04-01 02:58:18,606 - INFO - Ingress_Enter U5XSUN49
2025-04-01 02:58:18,711 - INFO - Ingress_Exit VUKTSXY0
2025-04-01 02:58:18,736 - INFO - Ingress_Exit E2A7PSBB
2025-04-01 02:58:18,829 - INFO - Ingress_Exit GJSVOVJ2
2025-04-01 02:58:18,882 - INFO - Ingress_Enter Z8RGPJK2
2025-04-01 02:58:18,921 - INFO - Ingress_Enter 79C28X07
2025-04-01 02:58:18,950 - INFO - Ingress_Enter 1VLG9SEL
2025-04-01 02:58:19,218 - INFO - Ingress_Exit 568X91DA
2025-04-01 02:58:19,269 - INFO - Ingress_Exit Y37MQ8A4
2025-04-01 02:58:19,270 - INFO - Ingress_Exit 36AP34GW
2025-04-01 02:58:19,272 - INFO - Ingress_Exit X1YNUL3V
2025-04-01 02:58:19,272 - INFO - Ingress_Exit U5XSUN49
2025-04-01 02:58:19,314 - INFO - Ingress_Enter 46A06Q2X
2025-04-01 02:58:19,366 - INFO - Ingress_Exit Z8RGPJK2
2025-04-01 02:58:19,468 - INFO - Ingress_Exit 1VLG9SEL
2025-04-01 02:58:19,564 - INFO - Ingress_Exit 79C28X07
2025-04-01 02:58:19,580 - INFO - Ingress_Enter GKKO8O89
2025-04-01 02:58:19,680 - INFO - Ingress_Exit 46A06Q2X
2025-04-01 02:58:19,792 - INFO - Ingress_Enter ANL7Y3Q8
2025-04-01 02:58:19,882 - INFO - Ingress_Enter NT3WMEPK
2025-04-01 02:58:19,906 - INFO - Ingress_Enter ZUSJM9O3
2025-04-01 02:58:19,994 - INFO - Ingress_Enter 9EM0AY8B
2025-04-01 02:58:20,019 - INFO - Ingress_Enter B3QW3ZXA
2025-04-01 02:58:20,058 - INFO - Ingress_Enter UOVPZ2EX
2025-04-01 02:58:20,078 - INFO - Ingress_Enter H6WITDB3
2025-04-01 02:58:20,126 - INFO - Ingress_Exit GKKO8O89
2025-04-01 02:58:20,202 - INFO - Ingress_Enter Q54GIH79
2025-04-01 02:58:20,283 - INFO - Ingress_Enter K0FQF2ZQ
2025-04-01 02:58:20,391 - INFO - Ingress_Exit ANL7Y3Q8
2025-04-01 02:58:20,440 - INFO - Ingress_Enter 5HR25AEY
2025-04-01 02:58:20,528 - INFO - Ingress_Enter 1EYSCKU3
2025-04-01 02:58:20,554 - INFO - Ingress_Exit 9EM0AY8B
2025-04-01 02:58:20,607 - INFO - Ingress_Exit B3QW3ZXA
2025-04-01 02:58:20,628 - INFO - Ingress_Exit H6WITDB3
2025-04-01 02:58:20,633 - INFO - Ingress_Exit NT3WMEPK
2025-04-01 02:58:20,638 - INFO - Ingress_Enter 2UXVEZMX
2025-04-01 02:58:20,646 - INFO - Ingress_Enter C8BKPMFL
2025-04-01 02:58:20,731 - INFO - Ingress_Exit K0FQF2ZQ
2025-04-01 02:58:20,796 - INFO - Ingress_Exit UOVPZ2EX
2025-04-01 02:58:20,797 - INFO - Ingress_Exit Q54GIH79
2025-04-01 02:58:20,855 - INFO - Ingress_Enter U5PMISCL
2025-04-01 02:58:20,858 - INFO - Ingress_Exit ZUSJM9O3
2025-04-01 02:58:20,904 - INFO - Ingress_Enter GPZJUNQR
2025-04-01 02:58:21,123 - INFO - Ingress_Exit 5HR25AEY
2025-04-01 02:58:21,130 - INFO - Ingress_Enter DGP3396B
2025-04-01 02:58:21,141 - INFO - Ingress_Enter L1038CAE
2025-04-01 02:58:21,188 - INFO - Ingress_Enter GNL3N2OC
2025-04-01 02:58:21,211 - INFO - Ingress_Enter OXMEFBK6
2025-04-01 02:58:21,217 - INFO - Ingress_Enter 50LQ8PO0
2025-04-01 02:58:21,232 - INFO - Ingress_Exit 1EYSCKU3
2025-04-01 02:58:21,276 - INFO - Ingress_Exit 2UXVEZMX
2025-04-01 02:58:21,318 - INFO - Ingress_Enter GR0PVFPQ
2025-04-01 02:58:21,325 - INFO - Ingress_Enter 2J6W7FMJ
2025-04-01 02:58:21,400 - INFO - Ingress_Exit C8BKPMFL
2025-04-01 02:58:21,417 - INFO - Ingress_Enter DRL2R2WL
2025-04-01 02:58:21,464 - INFO - Ingress_Exit U5PMISCL
2025-04-01 02:58:21,496 - INFO - Ingress_Exit L1038CAE
2025-04-01 02:58:21,575 - INFO - Ingress_Enter I4UEPQX5
2025-04-01 02:58:21,692 - INFO - Ingress_Exit DGP3396B
2025-04-01 02:58:21,737 - INFO - Ingress_Exit GPZJUNQR
2025-04-01 02:58:21,750 - INFO - Ingress_Enter GAWGT0M4
2025-04-01 02:58:21,780 - INFO - Ingress_Exit GNL3N2OC
2025-04-01 02:58:21,782 - INFO - Ingress_Exit OXMEFBK6
2025-04-01 02:58:21,805 - INFO - Ingress_Exit 50LQ8PO0
2025-04-01 02:58:21,829 - INFO - Ingress_Enter ID1V20HQ
2025-04-01 02:58:21,877 - INFO - Ingress_Enter MFJFP8YO
2025-04-01 02:58:21,937 - INFO - Ingress_Exit GR0PVFPQ
2025-04-01 02:58:22,039 - INFO - Ingress_Exit 2J6W7FMJ
2025-04-01 02:58:22,114 - INFO - Ingress_Exit DRL2R2WL
2025-04-01 02:58:22,227 - INFO - Ingress_Exit ID1V20HQ
2025-04-01 02:58:22,312 - INFO - Ingress_Exit I4UEPQX5
2025-04-01 02:58:22,507 - INFO - Ingress_Enter HDHE13RF
2025-04-01 02:58:22,538 - INFO - Ingress_Exit GAWGT0M4
2025-04-01 02:58:22,539 - INFO - Ingress_Exit MFJFP8YO
2025-04-01 02:58:22,578 - INFO - Ingress_Enter UZ4X7AUV
2025-04-01 02:58:22,726 - INFO - Ingress_Enter ZTFOAYUW
2025-04-01 02:58:22,744 - INFO - Ingress_Enter 1NYC8COT
2025-04-01 02:58:22,745 - INFO - Ingress_Enter DWE60BAJ
2025-04-01 02:58:22,831 - INFO - Ingress_Exit HDHE13RF
2025-04-01 02:58:22,903 - INFO - Ingress_Enter 8JZ4F8IW
2025-04-01 02:58:22,945 - INFO - Ingress_Exit UZ4X7AUV
2025-04-01 02:58:23,010 - INFO - Ingress_Enter 6N8WMU64
2025-04-01 02:58:23,058 - INFO - Ingress_Exit 1NYC8COT
2025-04-01 02:58:23,078 - INFO - Ingress_Enter Y98Z9REN
2025-04-01 02:58:23,138 - INFO - Ingress_Enter TYT1ESZW
2025-04-01 02:58:23,194 - INFO - Ingress_Exit DWE60BAJ
2025-04-01 02:58:23,207 - INFO - Ingress_Enter IWSSRY69
2025-04-01 02:58:23,322 - INFO - Ingress_Exit 8JZ4F8IW
2025-04-01 02:58:23,366 - INFO - Ingress_Enter QUJRG73D
2025-04-01 02:58:23,439 - INFO - Ingress_Exit 6N8WMU64
2025-04-01 02:58:23,448 - INFO - Ingress_Exit ZTFOAYUW
2025-04-01 02:58:23,455 - INFO - Ingress_Enter XK62HIOM
2025-04-01 02:58:23,531 - INFO - Ingress_Enter ACDCMZY7
2025-04-01 02:58:23,674 - INFO - Ingress_Enter CAJCUUSW
2025-04-01 02:58:23,684 - INFO - Ingress_Enter 97V6EOQD
2025-04-01 02:58:23,742 - INFO - Ingress_Enter 6Y6GNMXZ
2025-04-01 02:58:23,868 - INFO - Ingress_Exit TYT1ESZW
2025-04-01 02:58:23,874 - INFO - Ingress_Exit Y98Z9REN
2025-04-01 02:58:23,875 - INFO - Ingress_Exit IWSSRY69
2025-04-01 02:58:23,989 - INFO - Ingress_Enter 4KS90EDJ
2025-04-01 02:58:24,014 - INFO - Ingress_Exit QUJRG73D
2025-04-01 02:58:24,170 - INFO - Ingress_Exit XK62HIOM
2025-04-01 02:58:24,174 - INFO - Ingress_Exit ACDCMZY7
2025-04-01 02:58:24,342 - INFO - Ingress_Exit CAJCUUSW
2025-04-01 02:58:24,343 - INFO - Ingress_Exit 6Y6GNMXZ
2025-04-01 02:58:24,353 - INFO - Ingress_Exit 97V6EOQD
2025-04-01 02:58:24,486 - INFO - Ingress_Exit 4KS90EDJ
2025-04-01 02:58:24,615 - INFO - Ingress_Enter B0NXMVUT
2025-04-01 02:58:24,624 - INFO - Ingress_Enter 5HM6SS6E
2025-04-01 02:58:24,746 - INFO - Ingress_Enter SLLFEMDC
2025-04-01 02:58:25,062 - INFO - Ingress_Enter QV8U4W5J
2025-04-01 02:58:25,170 - INFO - Ingress_Enter RUBBDURI
2025-04-01 02:58:25,253 - INFO - Ingress_Exit B0NXMVUT
2025-04-01 02:58:25,329 - INFO - Ingress_Enter W1LPTU0M
2025-04-01 02:58:25,377 - INFO - Ingress_Exit 5HM6SS6E
2025-04-01 02:58:25,429 - INFO - Ingress_Exit SLLFEMDC
2025-04-01 02:58:25,502 - INFO - Ingress_Exit QV8U4W5J
2025-04-01 02:58:25,620 - INFO - Ingress_Enter WDOMIIWG
2025-04-01 02:58:25,644 - INFO - Ingress_Exit RUBBDURI
2025-04-01 02:58:25,792 - INFO - Ingress_Enter UGNQP2ZM
2025-04-01 02:58:25,803 - INFO - Ingress_Enter 1OGIRTV2
2025-04-01 02:58:25,860 - INFO - Ingress_Enter U46S040O
2025-04-01 02:58:25,938 - INFO - Ingress_Enter LC5SAG3X
2025-04-01 02:58:26,056 - INFO - Ingress_Enter LY7E9210
2025-04-01 02:58:26,062 - INFO - Ingress_Exit WDOMIIWG
2025-04-01 02:58:26,084 - INFO - Ingress_Enter 2RPU4B73
2025-04-01 02:58:26,101 - INFO - Ingress_Exit W1LPTU0M
2025-04-01 02:58:26,123 - INFO - Ingress_Enter CKOVO843
2025-04-01 02:58:26,492 - INFO - Ingress_Exit LY7E9210
2025-04-01 02:58:26,618 - INFO - Ingress_Exit CKOVO843
2025-04-01 02:58:26,649 - INFO - Ingress_Exit LC5SAG3X
2025-04-01 02:58:26,731 - INFO - Ingress_Exit UGNQP2ZM
2025-04-01 02:58:26,731 - INFO - Ingress_Exit U46S040O
2025-04-01 02:58:26,839 - INFO - Ingress_Exit 1OGIRTV2
2025-04-01 02:58:26,857 - INFO - Ingress_Enter X277XR2V
2025-04-01 02:58:26,980 - INFO - Ingress_Exit 2RPU4B73
2025-04-01 02:58:27,003 - INFO - Ingress_Enter 8IB9FWAQ
2025-04-01 02:58:27,046 - INFO - Ingress_Enter G1TXSTEJ
2025-04-01 02:58:27,175 - INFO - Ingress_Enter ZW0ZI3N1
2025-04-01 02:58:27,222 - INFO - Ingress_Enter K3SDW6YH
2025-04-01 02:58:27,232 - INFO - Ingress_Enter 9UUTVEP5
2025-04-01 02:58:27,243 - INFO - Ingress_Enter TEFW8EFX
2025-04-01 02:58:27,263 - INFO - Ingress_Enter 1UD8BNGC
2025-04-01 02:58:27,341 - INFO - Ingress_Enter 40EABUJN
2025-04-01 02:58:27,429 - INFO - Ingress_Exit X277XR2V
2025-04-01 02:58:27,431 - INFO - Ingress_Exit G1TXSTEJ
2025-04-01 02:58:27,514 - INFO - Ingress_Enter 209HOPIJ
2025-04-01 02:58:27,565 - INFO - Ingress_Exit 9UUTVEP5
2025-04-01 02:58:27,627 - INFO - Ingress_Exit 8IB9FWAQ
2025-04-01 02:58:27,683 - INFO - Ingress_Exit TEFW8EFX
2025-04-01 02:58:27,709 - INFO - Ingress_Enter JR2ACWHR
2025-04-01 02:58:27,798 - INFO - Ingress_Enter DBQYCDVK
2025-04-01 02:58:27,816 - INFO - Ingress_Exit 1UD8BNGC
2025-04-01 02:58:27,855 - INFO - Ingress_Exit 40EABUJN
2025-04-01 02:58:27,857 - INFO - Ingress_Exit 209HOPIJ
2025-04-01 02:58:27,991 - INFO - Ingress_Enter G5J66SNX
2025-04-01 02:58:28,001 - INFO - Ingress_Enter U214U2QW
2025-04-01 02:58:28,020 - INFO - Ingress_Exit ZW0ZI3N1
2025-04-01 02:58:28,095 - INFO - Ingress_Exit K3SDW6YH
2025-04-01 02:58:28,232 - INFO - Ingress_Enter R8T84VRA
2025-04-01 02:58:28,249 - INFO - Ingress_Enter AJGA821R
2025-04-01 02:58:28,312 - INFO - Ingress_Enter VPH8P3F1
2025-04-01 02:58:28,320 - INFO - Ingress_Enter LXKZPWWP
2025-04-01 02:58:28,357 - INFO - Ingress_Enter 0FUAAD24
2025-04-01 02:58:28,367 - INFO - Ingress_Exit G5J66SNX
2025-04-01 02:58:28,389 - INFO - Ingress_Exit DBQYCDVK
2025-04-01 02:58:28,390 - INFO - Ingress_Exit JR2ACWHR
2025-04-01 02:58:28,656 - INFO - Ingress_Exit U214U2QW
2025-04-01 02:58:28,925 - INFO - Ingress_Exit R8T84VRA
2025-04-01 02:58:28,927 - INFO - Ingress_Exit AJGA821R
2025-04-01 02:58:28,929 - INFO - Ingress_Exit LXKZPWWP
2025-04-01 02:58:29,096 - INFO - Ingress_Exit VPH8P3F1
2025-04-01 02:58:29,170 - INFO - Ingress_Exit 0FUAAD24
2025-04-01 02:58:30,372 - INFO - Ingress_Enter WNBV4W2U
2025-04-01 02:58:30,853 - INFO - Ingress_Enter SOYHRSJ2
2025-04-01 02:58:30,860 - INFO - Ingress_Enter N27Q0GJD
2025-04-01 02:58:30,909 - INFO - Ingress_Enter KSFPF164
2025-04-01 02:58:30,945 - INFO - Ingress_Enter ZYB42BR1
2025-04-01 02:58:30,976 - INFO - Ingress_Exit WNBV4W2U
2025-04-01 02:58:31,024 - INFO - Ingress_Enter STC0GXUN
2025-04-01 02:58:31,042 - INFO - Ingress_Enter DQVP7Y6A
2025-04-01 02:58:31,106 - INFO - Ingress_Exit KSFPF164
2025-04-01 02:58:31,160 - INFO - Ingress_Enter S3IOC3XN
2025-04-01 02:58:31,194 - INFO - Ingress_Exit SOYHRSJ2
2025-04-01 02:58:31,289 - INFO - Ingress_Enter 6LGNL4LX
2025-04-01 02:58:31,299 - INFO - Ingress_Enter OB9Z0WVF
2025-04-01 02:58:31,440 - INFO - Ingress_Exit S3IOC3XN
2025-04-01 02:58:31,469 - INFO - Ingress_Exit N27Q0GJD
2025-04-01 02:58:31,471 - INFO - Ingress_Exit STC0GXUN
2025-04-01 02:58:31,529 - INFO - Ingress_Enter Y675LGT4
2025-04-01 02:58:31,612 - INFO - Ingress_Exit ZYB42BR1
2025-04-01 02:58:31,667 - INFO - Ingress_Exit OB9Z0WVF
2025-04-01 02:58:31,899 - INFO - Ingress_Exit DQVP7Y6A
2025-04-01 02:58:31,903 - INFO - Ingress_Exit 6LGNL4LX
2025-04-01 02:58:31,905 - INFO - Ingress_Exit Y675LGT4
2025-04-01 02:58:31,938 - INFO - Ingress_Enter GUZFOH8K
2025-04-01 02:58:32,026 - INFO - Ingress_Enter YYND4NSS
2025-04-01 02:58:32,077 - INFO - Ingress_Enter J1RVMJN6
2025-04-01 02:58:32,150 - INFO - Ingress_Enter DBJES81K
2025-04-01 02:58:32,284 - INFO - Ingress_Enter MBQIRO6E
2025-04-01 02:58:32,329 - INFO - Ingress_Enter JK1XF95B
2025-04-01 02:58:32,380 - INFO - Ingress_Enter 2V1GLKDY
2025-04-01 02:58:32,428 - INFO - Ingress_Enter T9JO9SR5
2025-04-01 02:58:32,444 - INFO - Ingress_Exit GUZFOH8K
2025-04-01 02:58:32,500 - INFO - Ingress_Enter Q6JFHSEW
2025-04-01 02:58:32,507 - INFO - Ingress_Exit YYND4NSS
2025-04-01 02:58:32,544 - INFO - Ingress_Enter SLR949CC
2025-04-01 02:58:32,606 - INFO - Ingress_Exit DBJES81K
2025-04-01 02:58:32,622 - INFO - Ingress_Exit J1RVMJN6
2025-04-01 02:58:32,696 - INFO - Ingress_Exit JK1XF95B
2025-04-01 02:58:32,709 - INFO - Ingress_Enter 131VCOS6
2025-04-01 02:58:32,731 - INFO - Ingress_Exit MBQIRO6E
2025-04-01 02:58:32,838 - INFO - Ingress_Enter 7M3EF3Q7
2025-04-01 02:58:32,854 - INFO - Ingress_Exit Q6JFHSEW
2025-04-01 02:58:32,877 - INFO - Ingress_Enter 8V5ZDC3Z
2025-04-01 02:58:32,913 - INFO - Ingress_Exit 131VCOS6
2025-04-01 02:58:32,974 - INFO - Ingress_Exit T9JO9SR5
2025-04-01 02:58:32,984 - INFO - Ingress_Enter F4SI6LEL
2025-04-01 02:58:32,994 - INFO - Ingress_Exit 2V1GLKDY
2025-04-01 02:58:33,098 - INFO - Ingress_Enter ND24Z2FP
2025-04-01 02:58:33,169 - INFO - Ingress_Exit 7M3EF3Q7
2025-04-01 02:58:33,171 - INFO - Ingress_Enter WNS6PU36
2025-04-01 02:58:33,379 - INFO - Ingress_Enter 410FGH8M
2025-04-01 02:58:33,407 - INFO - Ingress_Exit SLR949CC
2025-04-01 02:58:33,419 - INFO - Ingress_Enter 531C6ZFR
2025-04-01 02:58:33,548 - INFO - Ingress_Exit F4SI6LEL
2025-04-01 02:58:33,587 - INFO - Ingress_Exit 8V5ZDC3Z
2025-04-01 02:58:33,663 - INFO - Ingress_Exit 410FGH8M
2025-04-01 02:58:33,683 - INFO - Ingress_Enter I3KWIZZ0
2025-04-01 02:58:33,732 - INFO - Ingress_Enter QHJTN78P
2025-04-01 02:58:33,761 - INFO - Ingress_Enter P4EPGFO9
2025-04-01 02:58:33,791 - INFO - Ingress_Enter KIIENZZ2
2025-04-01 02:58:33,821 - INFO - Ingress_Enter 676BDUGX
2025-04-01 02:58:33,859 - INFO - Ingress_Exit ND24Z2FP
2025-04-01 02:58:34,000 - INFO - Ingress_Enter WSNQ1TA3
2025-04-01 02:58:34,027 - INFO - Ingress_Exit 531C6ZFR
2025-04-01 02:58:34,060 - INFO - Ingress_Enter 1LM2133Z
2025-04-01 02:58:34,098 - INFO - Ingress_Enter NTOQS9H7
2025-04-01 02:58:34,163 - INFO - Ingress_Exit KIIENZZ2
2025-04-01 02:58:34,327 - INFO - Ingress_Exit P4EPGFO9
2025-04-01 02:58:34,329 - INFO - Ingress_Exit WNS6PU36
2025-04-01 02:58:34,379 - INFO - Ingress_Exit I3KWIZZ0
2025-04-01 02:58:34,430 - INFO - Ingress_Enter QHCO4ROV
2025-04-01 02:58:34,471 - INFO - Ingress_Exit WSNQ1TA3
2025-04-01 02:58:34,491 - INFO - Ingress_Enter 96UL1VSR
2025-04-01 02:58:34,605 - INFO - Ingress_Enter DP9SRPE5
2025-04-01 02:58:34,736 - INFO - Ingress_Exit QHJTN78P
2025-04-01 02:58:34,740 - INFO - Ingress_Enter T2VPPJ1R
2025-04-01 02:58:34,741 - INFO - Ingress_Exit 676BDUGX
2025-04-01 02:58:34,773 - INFO - Ingress_Exit 1LM2133Z
2025-04-01 02:58:34,804 - INFO - Ingress_Enter KJMJG1ID
2025-04-01 02:58:34,885 - INFO - Ingress_Enter I23G4X93
2025-04-01 02:58:35,074 - INFO - Ingress_Enter W87LHQ47
2025-04-01 02:58:35,102 - INFO - Ingress_Exit NTOQS9H7
2025-04-01 02:58:35,208 - INFO - Ingress_Enter K1Z39YYD
2025-04-01 02:58:35,286 - INFO - Ingress_Exit T2VPPJ1R
2025-04-01 02:58:35,297 - INFO - Ingress_Enter NPPI2X7Q
2025-04-01 02:58:35,307 - INFO - Ingress_Enter 0ERMXLSO
2025-04-01 02:58:35,347 - INFO - Ingress_Exit QHCO4ROV
2025-04-01 02:58:35,422 - INFO - Ingress_Exit KJMJG1ID
2025-04-01 02:58:35,457 - INFO - Ingress_Exit 96UL1VSR
2025-04-01 02:58:35,458 - INFO - Ingress_Exit DP9SRPE5
2025-04-01 02:58:35,559 - INFO - Ingress_Enter K5W3C6KI
2025-04-01 02:58:35,839 - INFO - Ingress_Enter 7Y29JZ40
2025-04-01 02:58:35,988 - INFO - Ingress_Exit W87LHQ47
2025-04-01 02:58:36,019 - INFO - Ingress_Enter XHZ9T7WO
2025-04-01 02:58:36,049 - INFO - Ingress_Exit K1Z39YYD
2025-04-01 02:58:36,132 - INFO - Ingress_Exit I23G4X93
2025-04-01 02:58:36,174 - INFO - Ingress_Exit K5W3C6KI
2025-04-01 02:58:36,177 - INFO - Ingress_Exit NPPI2X7Q
2025-04-01 02:58:36,194 - INFO - Ingress_Exit 0ERMXLSO
2025-04-01 02:58:36,422 - INFO - Ingress_Enter 02E4KZFH
2025-04-01 02:58:36,473 - INFO - Ingress_Enter YXQEZ0PZ
2025-04-01 02:58:36,478 - INFO - Ingress_Exit 7Y29JZ40
2025-04-01 02:58:36,503 - INFO - Ingress_Enter RBZ72KHC
2025-04-01 02:58:36,550 - INFO - Ingress_Enter 9GVF5NDU
2025-04-01 02:58:36,571 - INFO - Ingress_Enter M07RLFX8
2025-04-01 02:58:36,580 - INFO - Ingress_Enter OGR0ZR81
2025-04-01 02:58:36,662 - INFO - Ingress_Enter 5JXLO2UG
2025-04-01 02:58:36,672 - INFO - Ingress_Enter RQZMELEE
2025-04-01 02:58:36,804 - INFO - Ingress_Enter HJKX4SQ6
2025-04-01 02:58:36,901 - INFO - Ingress_Exit XHZ9T7WO
2025-04-01 02:58:36,947 - INFO - Ingress_Exit YXQEZ0PZ
2025-04-01 02:58:36,971 - INFO - Ingress_Exit 9GVF5NDU
2025-04-01 02:58:37,099 - INFO - Ingress_Enter OH37AA9P
2025-04-01 02:58:37,112 - INFO - Ingress_Enter 7XLQLRGX
2025-04-01 02:58:37,127 - INFO - Ingress_Exit OGR0ZR81
2025-04-01 02:58:37,129 - INFO - Ingress_Exit RBZ72KHC
2025-04-01 02:58:37,153 - INFO - Ingress_Enter 7VJ4YRBZ
2025-04-01 02:58:37,162 - INFO - Ingress_Exit M07RLFX8
2025-04-01 02:58:37,175 - INFO - Ingress_Exit 02E4KZFH
2025-04-01 02:58:37,237 - INFO - Ingress_Enter 4NKZMJ28
2025-04-01 02:58:37,245 - INFO - Ingress_Exit 5JXLO2UG
2025-04-01 02:58:37,248 - INFO - Ingress_Exit RQZMELEE
2025-04-01 02:58:37,310 - INFO - Ingress_Enter DZS71TBM
2025-04-01 02:58:37,427 - INFO - Ingress_Enter QASKVP96
2025-04-01 02:58:37,508 - INFO - Ingress_Enter M15VDMPA
2025-04-01 02:58:37,662 - INFO - Ingress_Exit HJKX4SQ6
2025-04-01 02:58:37,666 - INFO - Ingress_Exit 7VJ4YRBZ
2025-04-01 02:58:37,667 - INFO - Ingress_Exit OH37AA9P
2025-04-01 02:58:37,668 - INFO - Ingress_Exit 7XLQLRGX
2025-04-01 02:58:37,714 - INFO - Ingress_Enter 2WXOJQX8
2025-04-01 02:58:37,720 - INFO - Ingress_Exit 4NKZMJ28
2025-04-01 02:58:37,724 - INFO - Ingress_Exit DZS71TBM
2025-04-01 02:58:37,754 - INFO - Ingress_Enter V7W086Y0
2025-04-01 02:58:37,755 - INFO - Ingress_Enter 5GDK8E3T
2025-04-01 02:58:37,767 - INFO - Ingress_Enter BRPSCJ0V
2025-04-01 02:58:37,876 - INFO - Ingress_Exit M15VDMPA
2025-04-01 02:58:37,885 - INFO - Ingress_Enter TJI6EUQL
2025-04-01 02:58:38,014 - INFO - Ingress_Enter FKV8ZA50
2025-04-01 02:58:38,030 - INFO - Ingress_Enter 5A3HSHRA
2025-04-01 02:58:38,042 - INFO - Ingress_Enter IRJ8X8G5
2025-04-01 02:58:38,111 - INFO - Ingress_Enter BO29TV09
2025-04-01 02:58:38,151 - INFO - Ingress_Exit QASKVP96
2025-04-01 02:58:38,332 - INFO - Ingress_Exit V7W086Y0
2025-04-01 02:58:38,387 - INFO - Ingress_Exit 2WXOJQX8
2025-04-01 02:58:38,422 - INFO - Ingress_Exit IRJ8X8G5
2025-04-01 02:58:38,443 - INFO - Ingress_Exit TJI6EUQL
2025-04-01 02:58:38,468 - INFO - Ingress_Enter GD1VOVHC
2025-04-01 02:58:38,578 - INFO - Ingress_Exit BRPSCJ0V
2025-04-01 02:58:38,636 - INFO - Ingress_Exit 5GDK8E3T
2025-04-01 02:58:38,640 - INFO - Ingress_Exit FKV8ZA50
2025-04-01 02:58:38,688 - INFO - Ingress_Enter 0S6RVYBA
2025-04-01 02:58:38,708 - INFO - Ingress_Enter U2KJ9DAQ
2025-04-01 02:58:38,851 - INFO - Ingress_Exit BO29TV09
2025-04-01 02:58:39,000 - INFO - Ingress_Enter EVN5CX9H
2025-04-01 02:58:39,030 - INFO - Ingress_Enter M4EWORU8
2025-04-01 02:58:39,129 - INFO - Ingress_Enter UGJ1N24A
2025-04-01 02:58:39,174 - INFO - Ingress_Enter 0NGIP20L
2025-04-01 02:58:39,288 - INFO - Ingress_Exit 5A3HSHRA
2025-04-01 02:58:39,298 - INFO - Ingress_Exit GD1VOVHC
2025-04-01 02:58:39,565 - INFO - Ingress_Exit EVN5CX9H
2025-04-01 02:58:39,566 - INFO - Ingress_Exit M4EWORU8
2025-04-01 02:58:39,582 - INFO - Ingress_Exit U2KJ9DAQ
2025-04-01 02:58:39,583 - INFO - Ingress_Exit 0S6RVYBA
2025-04-01 02:58:39,629 - INFO - Ingress_Enter 5FMIPFAS
2025-04-01 02:58:39,649 - INFO - Ingress_Enter LPFN0OA4
2025-04-01 02:58:39,661 - INFO - Ingress_Enter O22ZTO7W
2025-04-01 02:58:39,670 - INFO - Ingress_Enter ARLKRE4V
2025-04-01 02:58:39,690 - INFO - Ingress_Enter 8AKIYKTI
2025-04-01 02:58:39,763 - INFO - Ingress_Exit 0NGIP20L
2025-04-01 02:58:39,926 - INFO - Ingress_Exit UGJ1N24A
2025-04-01 02:58:40,003 - INFO - Ingress_Enter TJOQL285
2025-04-01 02:58:40,025 - INFO - Ingress_Enter 0IBX4U07
2025-04-01 02:58:40,034 - INFO - Ingress_Enter 9N5GEU1B
2025-04-01 02:58:40,064 - INFO - Ingress_Enter WICOUM15
2025-04-01 02:58:40,085 - INFO - Ingress_Enter T43X1N0D
2025-04-01 02:58:40,239 - INFO - Ingress_Enter EV4HMKUL
2025-04-01 02:58:40,331 - INFO - Ingress_Exit 8AKIYKTI
2025-04-01 02:58:40,634 - INFO - Ingress_Exit TJOQL285
2025-04-01 02:58:40,636 - INFO - Ingress_Exit LPFN0OA4
2025-04-01 02:58:40,637 - INFO - Ingress_Exit ARLKRE4V
2025-04-01 02:58:40,639 - INFO - Ingress_Exit 5FMIPFAS
2025-04-01 02:58:40,797 - INFO - Ingress_Exit O22ZTO7W
2025-04-01 02:58:40,799 - INFO - Ingress_Exit WICOUM15
2025-04-01 02:58:40,819 - INFO - Ingress_Exit EV4HMKUL
2025-04-01 02:58:40,874 - INFO - Ingress_Exit 0IBX4U07
2025-04-01 02:58:40,876 - INFO - Ingress_Exit 9N5GEU1B
2025-04-01 02:58:40,956 - INFO - Ingress_Exit T43X1N0D
2025-04-01 02:58:43,177 - INFO - Ingress_Enter C1XW2OBM
2025-04-01 02:58:43,214 - INFO - Ingress_Enter HJLNAU9T
2025-04-01 02:58:43,352 - INFO - Ingress_Enter IAFH3KLL
2025-04-01 02:58:43,454 - INFO - Ingress_Enter ZCTV1UY0
2025-04-01 02:58:43,732 - INFO - Ingress_Exit C1XW2OBM
2025-04-01 02:58:43,770 - INFO - Ingress_Exit HJLNAU9T
2025-04-01 02:58:43,859 - INFO - Ingress_Enter G8TL2PK3
2025-04-01 02:58:43,877 - INFO - Ingress_Enter KEOTGV0H
2025-04-01 02:58:43,909 - INFO - Ingress_Enter 6QK0LUO1
2025-04-01 02:58:43,966 - INFO - Ingress_Enter 5FPMHRDR
2025-04-01 02:58:44,043 - INFO - Ingress_Exit ZCTV1UY0
2025-04-01 02:58:44,053 - INFO - Ingress_Enter LDY47HW1
2025-04-01 02:58:44,054 - INFO - Ingress_Exit IAFH3KLL
2025-04-01 02:58:44,083 - INFO - Ingress_Enter 58D3XG6M
2025-04-01 02:58:44,152 - INFO - Ingress_Enter M2OX9X01
2025-04-01 02:58:44,251 - INFO - Ingress_Enter VWYRS7G1
2025-04-01 02:58:44,401 - INFO - Ingress_Exit KEOTGV0H
2025-04-01 02:58:44,422 - INFO - Ingress_Enter CVWB6K6F
2025-04-01 02:58:44,450 - INFO - Ingress_Enter U1NJPOPG
2025-04-01 02:58:44,530 - INFO - Ingress_Exit 5FPMHRDR
2025-04-01 02:58:44,607 - INFO - Ingress_Exit LDY47HW1
2025-04-01 02:58:44,609 - INFO - Ingress_Exit 58D3XG6M
2025-04-01 02:58:44,620 - INFO - Ingress_Exit 6QK0LUO1
2025-04-01 02:58:44,665 - INFO - Ingress_Exit M2OX9X01
2025-04-01 02:58:44,748 - INFO - Ingress_Enter XF82YHMC
2025-04-01 02:58:44,768 - INFO - Ingress_Enter FYRJHTWP
2025-04-01 02:58:44,820 - INFO - Ingress_Exit G8TL2PK3
2025-04-01 02:58:44,864 - INFO - Ingress_Exit U1NJPOPG
2025-04-01 02:58:44,915 - INFO - Ingress_Enter LVUIAMXT
2025-04-01 02:58:44,965 - INFO - Ingress_Exit VWYRS7G1
2025-04-01 02:58:44,989 - INFO - Ingress_Enter 46XEQUG3
2025-04-01 02:58:45,006 - INFO - Ingress_Exit CVWB6K6F
2025-04-01 02:58:45,103 - INFO - Ingress_Enter 258TSPO8
2025-04-01 02:58:45,122 - INFO - Ingress_Enter YA7W1U6S
2025-04-01 02:58:45,161 - INFO - Ingress_Enter XUI1PRMS
2025-04-01 02:58:45,172 - INFO - Ingress_Enter UOQ4JTBI
2025-04-01 02:58:45,324 - INFO - Ingress_Enter BUAHD3Q6
2025-04-01 02:58:45,424 - INFO - Ingress_Enter JV3TV323
2025-04-01 02:58:45,437 - INFO - Ingress_Exit XF82YHMC
2025-04-01 02:58:45,478 - INFO - Ingress_Exit 46XEQUG3
2025-04-01 02:58:45,514 - INFO - Ingress_Exit YA7W1U6S
2025-04-01 02:58:45,551 - INFO - Ingress_Exit FYRJHTWP
2025-04-01 02:58:45,609 - INFO - Ingress_Exit BUAHD3Q6
2025-04-01 02:58:45,648 - INFO - Ingress_Exit LVUIAMXT
2025-04-01 02:58:45,741 - INFO - Ingress_Exit JV3TV323
2025-04-01 02:58:45,789 - INFO - Ingress_Exit XUI1PRMS
2025-04-01 02:58:45,857 - INFO - Ingress_Exit 258TSPO8
2025-04-01 02:58:45,873 - INFO - Ingress_Enter CKD92GLO
2025-04-01 02:58:45,980 - INFO - Ingress_Exit UOQ4JTBI
2025-04-01 02:58:46,012 - INFO - Ingress_Enter PSBMDZDB
2025-04-01 02:58:46,225 - INFO - Ingress_Enter P1VUECWY
2025-04-01 02:58:46,280 - INFO - Ingress_Enter LRSOW839
2025-04-01 02:58:46,340 - INFO - Ingress_Enter YXJL227P
2025-04-01 02:58:46,384 - INFO - Ingress_Exit CKD92GLO
2025-04-01 02:58:46,406 - INFO - Ingress_Enter 74W3ZGGZ
2025-04-01 02:58:46,408 - INFO - Ingress_Enter 5JI4A8F5
2025-04-01 02:58:46,478 - INFO - Ingress_Enter K1J616Y1
2025-04-01 02:58:46,506 - INFO - Ingress_Enter EAVFKTV8
2025-04-01 02:58:46,617 - INFO - Ingress_Exit PSBMDZDB
2025-04-01 02:58:46,668 - INFO - Ingress_Enter NN7VNX1G
2025-04-01 02:58:46,785 - INFO - Ingress_Exit YXJL227P
2025-04-01 02:58:46,808 - INFO - Ingress_Exit P1VUECWY
2025-04-01 02:58:46,846 - INFO - Ingress_Exit LRSOW839
2025-04-01 02:58:46,923 - INFO - Ingress_Exit 5JI4A8F5
2025-04-01 02:58:46,947 - INFO - Ingress_Enter BV0MU78N
2025-04-01 02:58:46,958 - INFO - Ingress_Enter M20UT230
2025-04-01 02:58:46,984 - INFO - Ingress_Enter PNWMZUKL
2025-04-01 02:58:46,985 - INFO - Ingress_Exit 74W3ZGGZ
2025-04-01 02:58:47,117 - INFO - Ingress_Exit NN7VNX1G
2025-04-01 02:58:47,231 - INFO - Ingress_Exit EAVFKTV8
2025-04-01 02:58:47,240 - INFO - Ingress_Enter 6ZV0Z87M
2025-04-01 02:58:47,243 - INFO - Ingress_Enter 7GRF1Z30
2025-04-01 02:58:47,248 - INFO - Ingress_Exit K1J616Y1
2025-04-01 02:58:47,283 - INFO - Ingress_Enter 12196B31
2025-04-01 02:58:47,426 - INFO - Ingress_Exit M20UT230
2025-04-01 02:58:47,444 - INFO - Ingress_Exit BV0MU78N
2025-04-01 02:58:47,461 - INFO - Ingress_Exit 6ZV0Z87M
2025-04-01 02:58:47,554 - INFO - Ingress_Exit PNWMZUKL
2025-04-01 02:58:47,701 - INFO - Ingress_Enter NRXL9L86
2025-04-01 02:58:47,840 - INFO - Ingress_Enter EZ5E6FK2
2025-04-01 02:58:47,917 - INFO - Ingress_Enter KXEZ73IF
2025-04-01 02:58:47,928 - INFO - Ingress_Enter URN2XEBO
2025-04-01 02:58:48,068 - INFO - Ingress_Exit 7GRF1Z30
2025-04-01 02:58:48,068 - INFO - Ingress_Exit 12196B31
2025-04-01 02:58:48,166 - INFO - Ingress_Enter JP5EHAP6
2025-04-01 02:58:48,226 - INFO - Ingress_Enter ROG5FCSZ
2025-04-01 02:58:48,256 - INFO - Ingress_Enter ESRBKMH5
2025-04-01 02:58:48,258 - INFO - Ingress_Exit EZ5E6FK2
2025-04-01 02:58:48,282 - INFO - Ingress_Exit NRXL9L86
2025-04-01 02:58:48,306 - INFO - Ingress_Enter LCPDETWL
2025-04-01 02:58:48,317 - INFO - Ingress_Enter XA88UZSM
2025-04-01 02:58:48,366 - INFO - Ingress_Enter YVMTMFU1
2025-04-01 02:58:48,477 - INFO - Ingress_Exit ESRBKMH5
2025-04-01 02:58:48,525 - INFO - Ingress_Enter UOO8UDQS
2025-04-01 02:58:48,579 - INFO - Ingress_Exit ROG5FCSZ
2025-04-01 02:58:48,619 - INFO - Ingress_Exit XA88UZSM
2025-04-01 02:58:48,628 - INFO - Ingress_Exit KXEZ73IF
2025-04-01 02:58:48,654 - INFO - Ingress_Enter MNRFGMZJ
2025-04-01 02:58:48,674 - INFO - Ingress_Enter 5C0WV68T
2025-04-01 02:58:48,733 - INFO - Ingress_Enter JLNQ3TFL
2025-04-01 02:58:48,828 - INFO - Ingress_Exit URN2XEBO
2025-04-01 02:58:48,830 - INFO - Ingress_Exit JP5EHAP6
2025-04-01 02:58:48,893 - INFO - Ingress_Exit MNRFGMZJ
2025-04-01 02:58:48,921 - INFO - Ingress_Enter 0A7Y8Q05
2025-04-01 02:58:48,981 - INFO - Ingress_Enter RFE6SL1H
2025-04-01 02:58:49,001 - INFO - Ingress_Exit LCPDETWL
2025-04-01 02:58:49,038 - INFO - Ingress_Exit YVMTMFU1
2025-04-01 02:58:49,079 - INFO - Ingress_Enter NFTJ6LXB
2025-04-01 02:58:49,133 - INFO - Ingress_Enter S9UCSARI
2025-04-01 02:58:49,221 - INFO - Ingress_Enter P62UC2HM
2025-04-01 02:58:49,287 - INFO - Ingress_Exit UOO8UDQS
2025-04-01 02:58:49,349 - INFO - Ingress_Exit 5C0WV68T
2025-04-01 02:58:49,349 - INFO - Ingress_Exit JLNQ3TFL
2025-04-01 02:58:49,370 - INFO - Ingress_Enter 18DBTL49
2025-04-01 02:58:49,382 - INFO - Ingress_Enter LU49DCAB
2025-04-01 02:58:49,447 - INFO - Ingress_Enter RPRFHITB
2025-04-01 02:58:49,497 - INFO - Ingress_Enter MTANX6KL
2025-04-01 02:58:49,516 - INFO - Ingress_Exit NFTJ6LXB
2025-04-01 02:58:49,537 - INFO - Ingress_Exit RFE6SL1H
2025-04-01 02:58:49,614 - INFO - Ingress_Exit 0A7Y8Q05
2025-04-01 02:58:49,688 - INFO - Ingress_Enter O9W616PL
2025-04-01 02:58:49,732 - INFO - Ingress_Enter ZQ88700O
2025-04-01 02:58:49,799 - INFO - Ingress_Enter OU8M8KW3
2025-04-01 02:58:49,817 - INFO - Ingress_Exit P62UC2HM
2025-04-01 02:58:49,983 - INFO - Ingress_Exit S9UCSARI
2025-04-01 02:58:49,986 - INFO - Ingress_Exit RPRFHITB
2025-04-01 02:58:49,986 - INFO - Ingress_Exit MTANX6KL
2025-04-01 02:58:50,036 - INFO - Ingress_Exit 18DBTL49
2025-04-01 02:58:50,088 - INFO - Ingress_Exit LU49DCAB
2025-04-01 02:58:50,240 - INFO - Ingress_Exit O9W616PL
2025-04-01 02:58:50,271 - INFO - Ingress_Exit ZQ88700O
2025-04-01 02:58:50,494 - INFO - Ingress_Exit OU8M8KW3
2025-04-01 02:58:50,787 - INFO - Ingress_Enter QPIQX0GR
2025-04-01 02:58:50,836 - INFO - Ingress_Enter 1D8LDMYB
2025-04-01 02:58:50,907 - INFO - Ingress_Enter TNTJKMX8
2025-04-01 02:58:50,924 - INFO - Ingress_Enter D6X9ZIVO
2025-04-01 02:58:51,124 - INFO - Ingress_Enter 6AYWVPB6
2025-04-01 02:58:51,134 - INFO - Ingress_Enter 03YCWS8Q
2025-04-01 02:58:51,168 - INFO - Ingress_Exit QPIQX0GR
2025-04-01 02:58:51,396 - INFO - Ingress_Exit TNTJKMX8
2025-04-01 02:58:51,455 - INFO - Ingress_Exit 1D8LDMYB
2025-04-01 02:58:51,638 - INFO - Ingress_Exit D6X9ZIVO
2025-04-01 02:58:51,668 - INFO - Ingress_Enter YD3ZGUNE
2025-04-01 02:58:51,713 - INFO - Ingress_Exit 6AYWVPB6
2025-04-01 02:58:51,760 - INFO - Ingress_Exit 03YCWS8Q
2025-04-01 02:58:51,773 - INFO - Ingress_Enter FF1JM8IF
2025-04-01 02:58:51,814 - INFO - Ingress_Enter YLIV0OUW
2025-04-01 02:58:51,835 - INFO - Ingress_Enter MM5LA3JT
2025-04-01 02:58:51,895 - INFO - Ingress_Enter VTH3AKSM
2025-04-01 02:58:51,983 - INFO - Ingress_Exit YD3ZGUNE
2025-04-01 02:58:52,016 - INFO - Ingress_Enter 7NJL2ZXE
2025-04-01 02:58:52,223 - INFO - Ingress_Exit FF1JM8IF
2025-04-01 02:58:52,306 - INFO - Ingress_Exit MM5LA3JT
2025-04-01 02:58:52,418 - INFO - Ingress_Enter KTOD2080
2025-04-01 02:58:52,445 - INFO - Ingress_Enter J8HUIHEZ
2025-04-01 02:58:52,477 - INFO - Ingress_Exit 7NJL2ZXE
2025-04-01 02:58:52,546 - INFO - Ingress_Exit YLIV0OUW
2025-04-01 02:58:52,547 - INFO - Ingress_Exit VTH3AKSM
2025-04-01 02:58:52,670 - INFO - Ingress_Enter Y4VCA7U4
2025-04-01 02:58:52,675 - INFO - Ingress_Enter GH9D2XWZ
2025-04-01 02:58:52,681 - INFO - Ingress_Exit KTOD2080
2025-04-01 02:58:52,719 - INFO - Ingress_Exit J8HUIHEZ
2025-04-01 02:58:52,723 - INFO - Ingress_Enter ORAXFWEV
2025-04-01 02:58:52,922 - INFO - Ingress_Enter VXQ2FRHU
2025-04-01 02:58:53,026 - INFO - Ingress_Exit Y4VCA7U4
2025-04-01 02:58:53,028 - INFO - Ingress_Exit GH9D2XWZ
2025-04-01 02:58:53,033 - INFO - Ingress_Enter SM1GIZNM
2025-04-01 02:58:53,042 - INFO - Ingress_Enter STTWKC4N
2025-04-01 02:58:53,122 - INFO - Ingress_Exit ORAXFWEV
2025-04-01 02:58:53,244 - INFO - Ingress_Enter KCT3V4ZO
2025-04-01 02:58:53,264 - INFO - Ingress_Enter BLM7PZ3Q
2025-04-01 02:58:53,283 - INFO - Ingress_Enter V0NGY8GW
2025-04-01 02:58:53,327 - INFO - Ingress_Exit VXQ2FRHU
2025-04-01 02:58:53,566 - INFO - Ingress_Enter OK9ISNI6
2025-04-01 02:58:53,585 - INFO - Ingress_Enter J3UII9H7
2025-04-01 02:58:53,614 - INFO - Ingress_Exit SM1GIZNM
2025-04-01 02:58:53,614 - INFO - Ingress_Exit STTWKC4N
2025-04-01 02:58:53,677 - INFO - Ingress_Exit BLM7PZ3Q
2025-04-01 02:58:53,688 - INFO - Ingress_Exit V0NGY8GW
2025-04-01 02:58:53,723 - INFO - Ingress_Exit KCT3V4ZO
2025-04-01 02:58:53,724 - INFO - Ingress_Enter G5EJ7GN2
2025-04-01 02:58:53,755 - INFO - Ingress_Enter QIGSUBOP
2025-04-01 02:58:53,764 - INFO - Ingress_Enter 6R4UNKJK
2025-04-01 02:58:53,841 - INFO - Ingress_Enter OPLVO3RY
2025-04-01 02:58:53,866 - INFO - Ingress_Enter MSAKTCIT
2025-04-01 02:58:53,986 - INFO - Ingress_Exit OK9ISNI6
2025-04-01 02:58:54,255 - INFO - Ingress_Exit J3UII9H7
2025-04-01 02:58:54,257 - INFO - Ingress_Exit G5EJ7GN2
2025-04-01 02:58:54,259 - INFO - Ingress_Exit QIGSUBOP
2025-04-01 02:58:54,336 - INFO - Ingress_Exit OPLVO3RY
2025-04-01 02:58:54,341 - INFO - Ingress_Exit 6R4UNKJK
2025-04-01 02:58:54,446 - INFO - Ingress_Exit MSAKTCIT
2025-04-01 02:58:54,910 - INFO - Ingress_Enter ADHSCDK6
2025-04-01 02:58:55,079 - INFO - Ingress_Enter 0NGUBPC4
2025-04-01 02:58:55,129 - INFO - Ingress_Enter V5G7Z8BH
2025-04-01 02:58:55,148 - INFO - Ingress_Enter 2DKW1WNY
2025-04-01 02:58:55,307 - INFO - Ingress_Enter K0YQN3DS
2025-04-01 02:58:55,325 - INFO - Ingress_Enter GRTGD6IC
2025-04-01 02:58:55,335 - INFO - Ingress_Enter 3TH20RHM
2025-04-01 02:58:55,346 - INFO - Ingress_Enter FZPT0DX5
2025-04-01 02:58:55,396 - INFO - Ingress_Exit V5G7Z8BH
2025-04-01 02:58:55,444 - INFO - Ingress_Enter I6TOF2R7
2025-04-01 02:58:55,656 - INFO - Ingress_Exit ADHSCDK6
2025-04-01 02:58:55,657 - INFO - Ingress_Exit 0NGUBPC4
2025-04-01 02:58:55,722 - INFO - Ingress_Exit 3TH20RHM
2025-04-01 02:58:55,770 - INFO - Ingress_Exit K0YQN3DS
2025-04-01 02:58:55,778 - INFO - Ingress_Exit GRTGD6IC
2025-04-01 02:58:55,783 - INFO - Ingress_Exit FZPT0DX5
2025-04-01 02:58:55,864 - INFO - Ingress_Exit 2DKW1WNY
2025-04-01 02:58:55,905 - INFO - Ingress_Exit I6TOF2R7
2025-04-01 02:58:56,171 - INFO - Ingress_Enter 9E1P8MBS
2025-04-01 02:58:56,230 - INFO - Ingress_Enter 4JW3IMRW
2025-04-01 02:58:56,355 - INFO - Ingress_Enter 77I8JBW5
2025-04-01 02:58:56,495 - INFO - Ingress_Exit 9E1P8MBS
2025-04-01 02:58:56,496 - INFO - Ingress_Enter 75GXKZ4D
2025-04-01 02:58:56,553 - INFO - Ingress_Enter 1ANPGGQ2
2025-04-01 02:58:56,554 - INFO - Ingress_Enter LCE274PM
2025-04-01 02:58:56,605 - INFO - Ingress_Enter IPZMSHLC
2025-04-01 02:58:56,615 - INFO - Ingress_Enter VSOD76QK
2025-04-01 02:58:56,643 - INFO - Ingress_Enter LNRVO3XD
2025-04-01 02:58:56,789 - INFO - Ingress_Exit 77I8JBW5
2025-04-01 02:58:56,873 - INFO - Ingress_Enter VX66UQKJ
2025-04-01 02:58:56,875 - INFO - Ingress_Exit LCE274PM
2025-04-01 02:58:56,951 - INFO - Ingress_Exit 4JW3IMRW
2025-04-01 02:58:57,023 - INFO - Ingress_Exit LNRVO3XD
2025-04-01 02:58:57,041 - INFO - Ingress_Exit 75GXKZ4D
2025-04-01 02:58:57,056 - INFO - Ingress_Exit IPZMSHLC
2025-04-01 02:58:57,193 - INFO - Ingress_Exit 1ANPGGQ2
2025-04-01 02:58:57,194 - INFO - Ingress_Exit VSOD76QK
2025-04-01 02:58:57,243 - INFO - Ingress_Enter KK7NA9J1
2025-04-01 02:58:57,295 - INFO - Ingress_Enter KHTZGTY7
2025-04-01 02:58:57,303 - INFO - Ingress_Exit VX66UQKJ
2025-04-01 02:58:57,364 - INFO - Ingress_Enter L6X8DKD6
2025-04-01 02:58:57,433 - INFO - Ingress_Enter ED48X6LN
2025-04-01 02:58:57,533 - INFO - Ingress_Enter PB8AW7SE
2025-04-01 02:58:57,724 - INFO - Ingress_Enter 5OLN3Z2Q
2025-04-01 02:58:57,813 - INFO - Ingress_Exit KK7NA9J1
2025-04-01 02:58:57,814 - INFO - Ingress_Exit KHTZGTY7
2025-04-01 02:58:57,819 - INFO - Ingress_Enter D3TNTPLH
2025-04-01 02:58:57,824 - INFO - Ingress_Enter OTV6ZW44
2025-04-01 02:58:58,019 - INFO - Ingress_Exit L6X8DKD6
2025-04-01 02:58:58,047 - INFO - Ingress_Exit ED48X6LN
2025-04-01 02:58:58,058 - INFO - Ingress_Enter RU39FJT7
2025-04-01 02:58:58,168 - INFO - Ingress_Exit PB8AW7SE
2025-04-01 02:58:58,228 - INFO - Ingress_Exit OTV6ZW44
2025-04-01 02:58:58,306 - INFO - Ingress_Enter 6918ETWV
2025-04-01 02:58:58,368 - INFO - Ingress_Enter 4ST7V2EC
2025-04-01 02:58:58,368 - INFO - Ingress_Enter B9RP1SUP
2025-04-01 02:58:58,390 - INFO - Ingress_Exit 5OLN3Z2Q
2025-04-01 02:58:58,405 - INFO - Ingress_Enter LIE0PB05
2025-04-01 02:58:58,426 - INFO - Ingress_Enter XQ5G582X
2025-04-01 02:58:58,435 - INFO - Ingress_Enter SFSZCB60
2025-04-01 02:58:58,518 - INFO - Ingress_Exit D3TNTPLH
2025-04-01 02:58:58,622 - INFO - Ingress_Enter JFCMJAAN
2025-04-01 02:58:58,661 - INFO - Ingress_Exit RU39FJT7
2025-04-01 02:58:58,887 - INFO - Ingress_Exit LIE0PB05
2025-04-01 02:58:58,888 - INFO - Ingress_Exit 6918ETWV
2025-04-01 02:58:58,926 - INFO - Ingress_Exit 4ST7V2EC
2025-04-01 02:58:58,941 - INFO - Ingress_Enter 07J77GNP
2025-04-01 02:58:58,981 - INFO - Ingress_Exit JFCMJAAN
2025-04-01 02:58:58,991 - INFO - Ingress_Enter ALFX3BSN
2025-04-01 02:58:59,005 - INFO - Ingress_Exit B9RP1SUP
2025-04-01 02:58:59,037 - INFO - Ingress_Exit XQ5G582X
2025-04-01 02:58:59,057 - INFO - Ingress_Exit SFSZCB60
2025-04-01 02:58:59,116 - INFO - Ingress_Enter 757Z5RYG
2025-04-01 02:58:59,246 - INFO - Ingress_Enter AROHR5BD
2025-04-01 02:58:59,334 - INFO - Ingress_Enter 2JMB5RZD
2025-04-01 02:58:59,353 - INFO - Ingress_Enter 2B9XL103
2025-04-01 02:58:59,404 - INFO - Ingress_Enter 7UDTB8BX
2025-04-01 02:58:59,412 - INFO - Ingress_Exit 07J77GNP
2025-04-01 02:58:59,534 - INFO - Ingress_Exit ALFX3BSN
2025-04-01 02:58:59,613 - INFO - Ingress_Exit 757Z5RYG
2025-04-01 02:58:59,676 - INFO - Ingress_Enter UW6ZHKO3
2025-04-01 02:58:59,737 - INFO - Ingress_Enter WUMIFR8S
2025-04-01 02:58:59,765 - INFO - Ingress_Exit 7UDTB8BX
2025-04-01 02:58:59,803 - INFO - Ingress_Exit 2JMB5RZD
2025-04-01 02:58:59,832 - INFO - Ingress_Exit 2B9XL103
2025-04-01 02:58:59,993 - INFO - Ingress_Exit AROHR5BD
2025-04-01 02:59:00,037 - INFO - Ingress_Enter 3FY03ZC5
2025-04-01 02:59:00,152 - INFO - Ingress_Enter AFDIS49B
2025-04-01 02:59:00,265 - INFO - Ingress_Exit WUMIFR8S
2025-04-01 02:59:00,287 - INFO - Ingress_Exit UW6ZHKO3
2025-04-01 02:59:00,349 - INFO - Ingress_Enter C0ZBDQHS
2025-04-01 02:59:00,359 - INFO - Ingress_Enter FF6UP6BK
2025-04-01 02:59:00,366 - INFO - Ingress_Enter V0JW7AIG
2025-04-01 02:59:00,527 - INFO - Ingress_Enter B76C104W
2025-04-01 02:59:00,599 - INFO - Ingress_Exit AFDIS49B
2025-04-01 02:59:00,616 - INFO - Ingress_Enter BMXTLZ1M
2025-04-01 02:59:00,701 - INFO - Ingress_Exit 3FY03ZC5
2025-04-01 02:59:00,735 - INFO - Ingress_Enter QBXRQYUD
2025-04-01 02:59:00,845 - INFO - Ingress_Enter S301LZAY
2025-04-01 02:59:00,871 - INFO - Ingress_Exit B76C104W
2025-04-01 02:59:00,959 - INFO - Ingress_Exit FF6UP6BK
2025-04-01 02:59:00,960 - INFO - Ingress_Exit C0ZBDQHS
2025-04-01 02:59:00,978 - INFO - Ingress_Enter GGU3VU8P
2025-04-01 02:59:01,012 - INFO - Ingress_Exit V0JW7AIG
2025-04-01 02:59:01,032 - INFO - Ingress_Enter 00MRJQY9
2025-04-01 02:59:01,033 - INFO - Ingress_Exit QBXRQYUD
2025-04-01 02:59:01,045 - INFO - Ingress_Exit BMXTLZ1M
2025-04-01 02:59:01,088 - INFO - Ingress_Enter HYBPDQ90
2025-04-01 02:59:01,205 - INFO - Ingress_Enter SWCEW5KQ
2025-04-01 02:59:01,215 - INFO - Ingress_Enter IZFCSCM9
2025-04-01 02:59:01,236 - INFO - Ingress_Enter 7EH58TRZ
2025-04-01 02:59:01,262 - INFO - Ingress_Exit S301LZAY
2025-04-01 02:59:01,265 - INFO - Ingress_Enter 9I583CL2
2025-04-01 02:59:01,314 - INFO - Ingress_Exit HYBPDQ90
2025-04-01 02:59:01,316 - INFO - Ingress_Enter JZZM12SZ
2025-04-01 02:59:01,318 - INFO - Ingress_Exit GGU3VU8P
2025-04-01 02:59:01,504 - INFO - Ingress_Exit IZFCSCM9
2025-04-01 02:59:01,573 - INFO - Ingress_Enter OLZWZSXR
2025-04-01 02:59:01,592 - INFO - Ingress_Exit SWCEW5KQ
2025-04-01 02:59:01,671 - INFO - Ingress_Exit JZZM12SZ
2025-04-01 02:59:01,704 - INFO - Ingress_Exit 00MRJQY9
2025-04-01 02:59:01,769 - INFO - Ingress_Exit 9I583CL2
2025-04-01 02:59:01,802 - INFO - Ingress_Enter ZMOZKF3N
2025-04-01 02:59:01,840 - INFO - Ingress_Enter XDMVRVM2
2025-04-01 02:59:01,870 - INFO - Ingress_Enter 56WZDV59
2025-04-01 02:59:02,071 - INFO - Ingress_Enter 490LCYUN
2025-04-01 02:59:02,080 - INFO - Ingress_Enter CBGXDGAP
2025-04-01 02:59:02,111 - INFO - Ingress_Exit 7EH58TRZ
2025-04-01 02:59:02,270 - INFO - Ingress_Enter J81TV4OZ
2025-04-01 02:59:02,308 - INFO - Ingress_Exit ZMOZKF3N
2025-04-01 02:59:02,321 - INFO - Ingress_Exit OLZWZSXR
2025-04-01 02:59:02,435 - INFO - Ingress_Exit 56WZDV59
2025-04-01 02:59:02,441 - INFO - Ingress_Exit XDMVRVM2
2025-04-01 02:59:02,566 - INFO - Ingress_Enter PTGCAW4N
2025-04-01 02:59:02,575 - INFO - Ingress_Enter R9337FYJ
2025-04-01 02:59:02,594 - INFO - Ingress_Enter V0AXW53F
2025-04-01 02:59:02,693 - INFO - Ingress_Enter YJFC0SVK
2025-04-01 02:59:02,717 - INFO - Ingress_Exit 490LCYUN
2025-04-01 02:59:02,741 - INFO - Ingress_Exit CBGXDGAP
2025-04-01 02:59:02,742 - INFO - Ingress_Exit J81TV4OZ
2025-04-01 02:59:02,752 - INFO - Ingress_Enter 1UV1TDWI
2025-04-01 02:59:02,960 - INFO - Ingress_Enter TA0H1LQ5
2025-04-01 02:59:03,010 - INFO - Ingress_Enter VUK1O9WY
2025-04-01 02:59:03,020 - INFO - Ingress_Enter EXE0PL9S
2025-04-01 02:59:03,050 - INFO - Ingress_Exit YJFC0SVK
2025-04-01 02:59:03,133 - INFO - Ingress_Exit PTGCAW4N
2025-04-01 02:59:03,134 - INFO - Ingress_Exit R9337FYJ
2025-04-01 02:59:03,150 - INFO - Ingress_Exit V0AXW53F
2025-04-01 02:59:03,168 - INFO - Ingress_Enter P45VC8XM
2025-04-01 02:59:03,319 - INFO - Ingress_Enter 3RMIWGO4
2025-04-01 02:59:03,357 - INFO - Ingress_Enter E1BO4WCL
2025-04-01 02:59:03,364 - INFO - Ingress_Exit 1UV1TDWI
2025-04-01 02:59:03,425 - INFO - Ingress_Exit TA0H1LQ5
2025-04-01 02:59:03,445 - INFO - Ingress_Exit VUK1O9WY
2025-04-01 02:59:03,604 - INFO - Ingress_Enter S6AJHZ51
2025-04-01 02:59:03,644 - INFO - Ingress_Enter 8KRIAR2Y
2025-04-01 02:59:03,645 - INFO - Ingress_Exit EXE0PL9S
2025-04-01 02:59:03,764 - INFO - Ingress_Enter R5EO07BR
2025-04-01 02:59:03,801 - INFO - Ingress_Enter EJXUXEGY
2025-04-01 02:59:03,813 - INFO - Ingress_Exit P45VC8XM
2025-04-01 02:59:03,887 - INFO - Ingress_Exit E1BO4WCL
2025-04-01 02:59:04,000 - INFO - Ingress_Enter 81UNKZWE
2025-04-01 02:59:04,053 - INFO - Ingress_Enter FFGFVGB5
2025-04-01 02:59:04,084 - INFO - Ingress_Exit 3RMIWGO4
2025-04-01 02:59:04,190 - INFO - Ingress_Enter QVSMBEIV
2025-04-01 02:59:04,221 - INFO - Ingress_Exit S6AJHZ51
2025-04-01 02:59:04,222 - INFO - Ingress_Exit 8KRIAR2Y
2025-04-01 02:59:04,259 - INFO - Ingress_Enter EZYRTFCC
2025-04-01 02:59:04,271 - INFO - Ingress_Enter 4U6NU3CK
2025-04-01 02:59:04,284 - INFO - Ingress_Exit EJXUXEGY
2025-04-01 02:59:04,482 - INFO - Ingress_Exit R5EO07BR
2025-04-01 02:59:04,585 - INFO - Ingress_Exit FFGFVGB5
2025-04-01 02:59:04,609 - INFO - Ingress_Enter 7R4WLPQ5
2025-04-01 02:59:04,635 - INFO - Ingress_Exit 4U6NU3CK
2025-04-01 02:59:04,701 - INFO - Ingress_Enter UO6L5DQW
2025-04-01 02:59:04,715 - INFO - Ingress_Exit 81UNKZWE
2025-04-01 02:59:04,792 - INFO - Ingress_Exit EZYRTFCC
2025-04-01 02:59:04,860 - INFO - Ingress_Enter K76XCMS6
2025-04-01 02:59:04,873 - INFO - Ingress_Exit QVSMBEIV
2025-04-01 02:59:04,913 - INFO - Ingress_Enter D1IJBZ6R
2025-04-01 02:59:04,961 - INFO - Ingress_Exit 7R4WLPQ5
2025-04-01 02:59:05,069 - INFO - Ingress_Enter AC1LR66L
2025-04-01 02:59:05,219 - INFO - Ingress_Enter VIFI3NJY
2025-04-01 02:59:05,227 - INFO - Ingress_Enter MOKLHB32
2025-04-01 02:59:05,327 - INFO - Ingress_Exit UO6L5DQW
2025-04-01 02:59:05,328 - INFO - Ingress_Exit K76XCMS6
2025-04-01 02:59:05,379 - INFO - Ingress_Exit D1IJBZ6R
2025-04-01 02:59:05,479 - INFO - Ingress_Enter Z92ONQBS
2025-04-01 02:59:05,566 - INFO - Ingress_Exit VIFI3NJY
2025-04-01 02:59:05,627 - INFO - Ingress_Enter X7SB1Z4U
2025-04-01 02:59:05,668 - INFO - Ingress_Enter 02O7NUIW
2025-04-01 02:59:05,720 - INFO - Ingress_Enter DJ6FRTP1
2025-04-01 02:59:05,749 - INFO - Ingress_Exit MOKLHB32
2025-04-01 02:59:05,867 - INFO - Ingress_Exit Z92ONQBS
2025-04-01 02:59:05,916 - INFO - Ingress_Enter 07GF7B5D
2025-04-01 02:59:05,936 - INFO - Ingress_Enter PPW842FP
2025-04-01 02:59:05,937 - INFO - Ingress_Enter 4W38VK3W
2025-04-01 02:59:05,982 - INFO - Ingress_Exit AC1LR66L
2025-04-01 02:59:06,228 - INFO - Ingress_Enter JDEYH5X2
2025-04-01 02:59:06,237 - INFO - Ingress_Exit X7SB1Z4U
2025-04-01 02:59:06,256 - INFO - Ingress_Enter 2JW507K0
2025-04-01 02:59:06,335 - INFO - Ingress_Enter H2LSW1UO
2025-04-01 02:59:06,392 - INFO - Ingress_Exit DJ6FRTP1
2025-04-01 02:59:06,412 - INFO - Ingress_Enter UVQ8KRL5
2025-04-01 02:59:06,427 - INFO - Ingress_Exit 02O7NUIW
2025-04-01 02:59:06,463 - INFO - Ingress_Enter DNUVU0FF
2025-04-01 02:59:06,551 - INFO - Ingress_Enter W9J4Y6LJ
2025-04-01 02:59:06,698 - INFO - Ingress_Exit 4W38VK3W
2025-04-01 02:59:06,702 - INFO - Ingress_Exit PPW842FP
2025-04-01 02:59:06,718 - INFO - Ingress_Exit 07GF7B5D
2025-04-01 02:59:06,855 - INFO - Ingress_Exit 2JW507K0
2025-04-01 02:59:06,954 - INFO - Ingress_Exit UVQ8KRL5
2025-04-01 02:59:06,954 - INFO - Ingress_Exit DNUVU0FF
2025-04-01 02:59:06,958 - INFO - Ingress_Exit H2LSW1UO
2025-04-01 02:59:06,979 - INFO - Ingress_Exit JDEYH5X2
2025-04-01 02:59:07,130 - INFO - Ingress_Exit W9J4Y6LJ
2025-04-01 02:59:07,579 - INFO - Ingress_Enter L2ZHKEHB
2025-04-01 02:59:07,607 - INFO - Ingress_Enter N286WQKL
2025-04-01 02:59:07,692 - INFO - Ingress_Enter ZJSKNCQ6
2025-04-01 02:59:07,785 - INFO - Ingress_Enter AIQYWBA1
2025-04-01 02:59:07,817 - INFO - Ingress_Enter R1BX7G9K
2025-04-01 02:59:07,885 - INFO - Ingress_Enter PBLG08M1
2025-04-01 02:59:07,894 - INFO - Ingress_Enter 6N7T9BN9
2025-04-01 02:59:08,033 - INFO - Ingress_Enter SF8FOEA3
2025-04-01 02:59:08,093 - INFO - Ingress_Enter HDTKT47O
2025-04-01 02:59:08,121 - INFO - Ingress_Enter 97RQSAKR
2025-04-01 02:59:08,136 - INFO - Ingress_Exit ZJSKNCQ6
2025-04-01 02:59:08,149 - INFO - Ingress_Exit PBLG08M1
2025-04-01 02:59:08,209 - INFO - Ingress_Exit L2ZHKEHB
2025-04-01 02:59:08,321 - INFO - Ingress_Exit AIQYWBA1
2025-04-01 02:59:08,329 - INFO - Ingress_Enter IIPCHALC
2025-04-01 02:59:08,364 - INFO - Ingress_Enter AAVHJNFU
2025-04-01 02:59:08,366 - INFO - Ingress_Exit 6N7T9BN9
2025-04-01 02:59:08,400 - INFO - Ingress_Exit 97RQSAKR
2025-04-01 02:59:08,428 - INFO - Ingress_Exit R1BX7G9K
2025-04-01 02:59:08,450 - INFO - Ingress_Exit N286WQKL
2025-04-01 02:59:08,501 - INFO - Ingress_Enter CD0QUIDY
2025-04-01 02:59:08,517 - INFO - Ingress_Exit SF8FOEA3
2025-04-01 02:59:08,675 - INFO - Ingress_Enter G2PGOADO
2025-04-01 02:59:08,734 - INFO - Ingress_Enter FVPBNR1T
2025-04-01 02:59:08,746 - INFO - Ingress_Exit HDTKT47O
2025-04-01 02:59:08,780 - INFO - Ingress_Enter 2OHH4ZPB
2025-04-01 02:59:08,823 - INFO - Ingress_Enter 7OT6Q1O6
2025-04-01 02:59:08,886 - INFO - Ingress_Exit AAVHJNFU
2025-04-01 02:59:08,888 - INFO - Ingress_Exit IIPCHALC
2025-04-01 02:59:08,947 - INFO - Ingress_Exit CD0QUIDY
2025-04-01 02:59:09,370 - INFO - Ingress_Exit 7OT6Q1O6
2025-04-01 02:59:09,426 - INFO - Ingress_Exit 2OHH4ZPB
2025-04-01 02:59:09,448 - INFO - Ingress_Exit G2PGOADO
2025-04-01 02:59:09,630 - INFO - Ingress_Exit FVPBNR1T
