2025-04-01 00:44:47,778 - INFO - Ingress_Enter 8IMJHJWG
2025-04-01 00:44:47,864 - INFO - Ingress_Enter VS4S2NH9
2025-04-01 00:44:47,921 - INFO - Ingress_Enter XR80KUXX
2025-04-01 00:44:47,988 - INFO - Ingress_Enter JA59ZJG1
2025-04-01 00:44:48,103 - INFO - Ingress_Enter 1ZNOPQIV
2025-04-01 00:44:48,171 - INFO - Ingress_Enter W0TNW1OO
2025-04-01 00:44:48,298 - INFO - Ingress_Enter G8YWFRWD
2025-04-01 00:44:48,658 - INFO - Ingress_Enter 2EY4VQ9H
2025-04-01 00:44:48,691 - INFO - Ingress_Exit 8IMJHJWG
2025-04-01 00:44:48,696 - INFO - Ingress_Exit VS4S2NH9
2025-04-01 00:44:48,793 - INFO - Ingress_Exit XR80KUXX
2025-04-01 00:44:48,842 - INFO - Ingress_Enter 6CM3KSDG
2025-04-01 00:44:48,881 - INFO - Ingress_Enter M0IYLTLD
2025-04-01 00:44:48,931 - INFO - Ingress_Exit W0TNW1OO
2025-04-01 00:44:49,019 - INFO - Ingress_Enter 9EYA4N1A
2025-04-01 00:44:49,077 - INFO - Ingress_Exit 1ZNOPQIV
2025-04-01 00:44:49,121 - INFO - Ingress_Exit JA59ZJG1
2025-04-01 00:44:49,177 - INFO - Ingress_Enter MCNVRGMH
2025-04-01 00:44:49,425 - INFO - Ingress_Exit G8YWFRWD
2025-04-01 00:44:49,497 - INFO - Ingress_Exit 6CM3KSDG
2025-04-01 00:44:49,524 - INFO - Ingress_Enter STBF0HR0
2025-04-01 00:44:49,678 - INFO - Ingress_Enter LWTO8XO1
2025-04-01 00:44:49,712 - INFO - Ingress_Exit 2EY4VQ9H
2025-04-01 00:44:49,729 - INFO - Ingress_Enter SHX1R092
2025-04-01 00:44:49,769 - INFO - Ingress_Enter W0FCRWVL
2025-04-01 00:44:49,908 - INFO - Ingress_Exit M0IYLTLD
2025-04-01 00:44:49,910 - INFO - Ingress_Exit 9EYA4N1A
2025-04-01 00:44:49,955 - INFO - Ingress_Enter UHWNODOJ
2025-04-01 00:44:50,040 - INFO - Ingress_Exit STBF0HR0
2025-04-01 00:44:50,134 - INFO - Ingress_Exit W0FCRWVL
2025-04-01 00:44:50,220 - INFO - Ingress_Exit UHWNODOJ
2025-04-01 00:44:50,310 - INFO - Ingress_Enter UVDL3ODN
2025-04-01 00:44:50,333 - INFO - Ingress_Enter ACRG8B6H
2025-04-01 00:44:50,411 - INFO - Ingress_Enter FMRTZBJV
2025-04-01 00:44:50,430 - INFO - Ingress_Enter C4EF4BL0
2025-04-01 00:44:50,566 - INFO - Ingress_Enter CI7VVVG3
2025-04-01 00:44:50,605 - INFO - Ingress_Enter JRFUMLFH
2025-04-01 00:44:50,734 - INFO - Ingress_Exit MCNVRGMH
2025-04-01 00:44:50,858 - INFO - Ingress_Exit SHX1R092
2025-04-01 00:44:50,863 - INFO - Ingress_Exit LWTO8XO1
2025-04-01 00:44:51,157 - INFO - Ingress_Exit UVDL3ODN
2025-04-01 00:44:51,159 - INFO - Ingress_Exit ACRG8B6H
2025-04-01 00:44:51,306 - INFO - Ingress_Exit JRFUMLFH
2025-04-01 00:44:51,411 - INFO - Ingress_Enter ORZW2B30
2025-04-01 00:44:51,450 - INFO - Ingress_Enter AKLDVZY2
2025-04-01 00:44:51,472 - INFO - Ingress_Exit CI7VVVG3
2025-04-01 00:44:51,599 - INFO - Ingress_Enter KKQN7RHM
2025-04-01 00:44:51,609 - INFO - Ingress_Enter NIWAYVF6
2025-04-01 00:44:51,681 - INFO - Ingress_Exit FMRTZBJV
2025-04-01 00:44:51,682 - INFO - Ingress_Exit C4EF4BL0
2025-04-01 00:44:51,925 - INFO - Ingress_Enter 6QYT31F0
2025-04-01 00:44:52,022 - INFO - Ingress_Enter 9V47CVPX
2025-04-01 00:44:52,041 - INFO - Ingress_Enter 4M0OVF1E
2025-04-01 00:44:52,058 - INFO - Ingress_Enter MB7SFUAI
2025-04-01 00:44:52,085 - INFO - Ingress_Exit AKLDVZY2
2025-04-01 00:44:52,087 - INFO - Ingress_Enter AERYPQ8Y
2025-04-01 00:44:52,088 - INFO - Ingress_Exit ORZW2B30
2025-04-01 00:44:52,089 - INFO - Ingress_Exit NIWAYVF6
2025-04-01 00:44:52,144 - INFO - Ingress_Enter JS8RQO79
2025-04-01 00:44:52,149 - INFO - Ingress_Enter N0GNV5U7
2025-04-01 00:44:52,255 - INFO - Ingress_Enter 1E7DUA6I
2025-04-01 00:44:52,274 - INFO - Ingress_Enter 61ORMNI6
2025-04-01 00:44:52,303 - INFO - Ingress_Exit KKQN7RHM
2025-04-01 00:44:52,685 - INFO - Ingress_Exit 9V47CVPX
2025-04-01 00:44:52,686 - INFO - Ingress_Exit MB7SFUAI
2025-04-01 00:44:52,688 - INFO - Ingress_Exit 4M0OVF1E
2025-04-01 00:44:52,690 - INFO - Ingress_Exit JS8RQO79
2025-04-01 00:44:52,690 - INFO - Ingress_Exit N0GNV5U7
2025-04-01 00:44:52,931 - INFO - Ingress_Exit 6QYT31F0
2025-04-01 00:44:52,933 - INFO - Ingress_Exit AERYPQ8Y
2025-04-01 00:44:53,226 - INFO - Ingress_Exit 1E7DUA6I
2025-04-01 00:44:53,228 - INFO - Ingress_Exit 61ORMNI6
2025-04-01 00:44:55,109 - INFO - Ingress_Enter TX5GMCVX
2025-04-01 00:44:55,304 - INFO - Ingress_Enter KOU8MEBE
2025-04-01 00:44:55,370 - INFO - Ingress_Enter W95V6NLH
2025-04-01 00:44:55,398 - INFO - Ingress_Enter C0D0ZEVJ
2025-04-01 00:44:55,424 - INFO - Ingress_Exit TX5GMCVX
2025-04-01 00:44:55,476 - INFO - Ingress_Enter UZCJPA73
2025-04-01 00:44:55,582 - INFO - Ingress_Exit KOU8MEBE
2025-04-01 00:44:55,615 - INFO - Ingress_Enter XMR11RVQ
2025-04-01 00:44:55,639 - INFO - Ingress_Exit W95V6NLH
2025-04-01 00:44:55,672 - INFO - Ingress_Exit UZCJPA73
2025-04-01 00:44:55,731 - INFO - Ingress_Enter FVJYR31L
2025-04-01 00:44:55,828 - INFO - Ingress_Enter LI136DCJ
2025-04-01 00:44:55,983 - INFO - Ingress_Enter RV34TS1J
2025-04-01 00:44:55,994 - INFO - Ingress_Exit C0D0ZEVJ
2025-04-01 00:44:56,046 - INFO - Ingress_Enter UZ2594RH
2025-04-01 00:44:56,077 - INFO - Ingress_Exit XMR11RVQ
2025-04-01 00:44:56,228 - INFO - Ingress_Exit FVJYR31L
2025-04-01 00:44:56,263 - INFO - Ingress_Enter 1QCIY8GJ
2025-04-01 00:44:56,275 - INFO - Ingress_Exit LI136DCJ
2025-04-01 00:44:56,359 - INFO - Ingress_Enter KOU7KORR
2025-04-01 00:44:56,366 - INFO - Ingress_Exit RV34TS1J
2025-04-01 00:44:56,603 - INFO - Ingress_Enter PV49JQZV
2025-04-01 00:44:56,632 - INFO - Ingress_Enter G54LX0XN
2025-04-01 00:44:56,701 - INFO - Ingress_Enter N49E2IAK
2025-04-01 00:44:56,720 - INFO - Ingress_Exit 1QCIY8GJ
2025-04-01 00:44:56,749 - INFO - Ingress_Enter 9S3KA6BK
2025-04-01 00:44:56,769 - INFO - Ingress_Enter 9227EXGO
2025-04-01 00:44:56,828 - INFO - Ingress_Enter 3AFT5ZGQ
2025-04-01 00:44:56,902 - INFO - Ingress_Exit PV49JQZV
2025-04-01 00:44:56,906 - INFO - Ingress_Exit G54LX0XN
2025-04-01 00:44:57,029 - INFO - Ingress_Exit UZ2594RH
2025-04-01 00:44:57,030 - INFO - Ingress_Exit KOU7KORR
2025-04-01 00:44:57,062 - INFO - Ingress_Enter 6SZRYU8P
2025-04-01 00:44:57,071 - INFO - Ingress_Enter F7AJ9R0Y
2025-04-01 00:44:57,177 - INFO - Ingress_Exit N49E2IAK
2025-04-01 00:44:57,178 - INFO - Ingress_Exit 9S3KA6BK
2025-04-01 00:44:57,205 - INFO - Ingress_Exit 9227EXGO
2025-04-01 00:44:57,207 - INFO - Ingress_Exit 3AFT5ZGQ
2025-04-01 00:44:57,217 - INFO - Ingress_Enter GTFB22RT
2025-04-01 00:44:57,405 - INFO - Ingress_Exit 6SZRYU8P
2025-04-01 00:44:57,516 - INFO - Ingress_Enter HU4JRUVV
2025-04-01 00:44:57,547 - INFO - Ingress_Exit GTFB22RT
2025-04-01 00:44:57,572 - INFO - Ingress_Exit F7AJ9R0Y
2025-04-01 00:44:57,585 - INFO - Ingress_Enter 8J174GBI
2025-04-01 00:44:57,699 - INFO - Ingress_Enter 4GQHWN6T
2025-04-01 00:44:57,705 - INFO - Ingress_Exit HU4JRUVV
2025-04-01 00:44:57,738 - INFO - Ingress_Enter TAN2C74S
2025-04-01 00:44:57,950 - INFO - Ingress_Enter T9YS9MW4
2025-04-01 00:44:58,045 - INFO - Ingress_Exit 8J174GBI
2025-04-01 00:44:58,148 - INFO - Ingress_Exit 4GQHWN6T
2025-04-01 00:44:58,149 - INFO - Ingress_Exit TAN2C74S
2025-04-01 00:44:58,187 - INFO - Ingress_Enter ZHYB3KWT
2025-04-01 00:44:58,348 - INFO - Ingress_Exit T9YS9MW4
2025-04-01 00:44:58,429 - INFO - Ingress_Enter NFFYCTKK
2025-04-01 00:44:58,657 - INFO - Ingress_Enter X8F3A87M
2025-04-01 00:44:58,660 - INFO - Ingress_Enter 1CWPY84B
2025-04-01 00:44:58,661 - INFO - Ingress_Enter O8JWFJT2
2025-04-01 00:44:58,719 - INFO - Ingress_Enter STEZUO1P
2025-04-01 00:44:58,802 - INFO - Ingress_Exit ZHYB3KWT
2025-04-01 00:44:58,838 - INFO - Ingress_Enter I71NRGL2
2025-04-01 00:44:58,846 - INFO - Ingress_Exit NFFYCTKK
2025-04-01 00:44:58,884 - INFO - Ingress_Exit X8F3A87M
2025-04-01 00:44:59,023 - INFO - Ingress_Exit 1CWPY84B
2025-04-01 00:44:59,025 - INFO - Ingress_Exit O8JWFJT2
2025-04-01 00:44:59,064 - INFO - Ingress_Enter DI4YKZQB
2025-04-01 00:44:59,075 - INFO - Ingress_Enter IAZ2X1BJ
2025-04-01 00:44:59,127 - INFO - Ingress_Exit I71NRGL2
2025-04-01 00:44:59,182 - INFO - Ingress_Enter BRTPJZXY
2025-04-01 00:44:59,203 - INFO - Ingress_Exit IAZ2X1BJ
2025-04-01 00:44:59,238 - INFO - Ingress_Exit STEZUO1P
2025-04-01 00:44:59,399 - INFO - Ingress_Exit BRTPJZXY
2025-04-01 00:44:59,523 - INFO - Ingress_Exit DI4YKZQB
2025-04-01 00:44:59,541 - INFO - Ingress_Enter MP50WX7M
2025-04-01 00:44:59,638 - INFO - Ingress_Enter 3RO54FV0
2025-04-01 00:44:59,648 - INFO - Ingress_Enter I0B3BG3Z
2025-04-01 00:44:59,800 - INFO - Ingress_Enter J3T8EDX8
2025-04-01 00:44:59,980 - INFO - Ingress_Exit MP50WX7M
2025-04-01 00:45:00,218 - INFO - Ingress_Exit 3RO54FV0
2025-04-01 00:45:00,219 - INFO - Ingress_Exit I0B3BG3Z
2025-04-01 00:45:00,473 - INFO - Ingress_Exit J3T8EDX8
2025-04-01 00:45:00,505 - INFO - Ingress_Enter 6VSLFHO7
2025-04-01 00:45:00,687 - INFO - Ingress_Enter V9AA9RPD
2025-04-01 00:45:00,715 - INFO - Ingress_Enter SAPKISH0
2025-04-01 00:45:00,794 - INFO - Ingress_Enter PXBLEZKQ
2025-04-01 00:45:00,823 - INFO - Ingress_Enter BHPF2I3U
2025-04-01 00:45:00,863 - INFO - Ingress_Enter 6ZFFB744
2025-04-01 00:45:00,929 - INFO - Ingress_Enter 1VKBW12I
2025-04-01 00:45:00,986 - INFO - Ingress_Enter HHXUK6H4
2025-04-01 00:45:01,092 - INFO - Ingress_Exit PXBLEZKQ
2025-04-01 00:45:01,093 - INFO - Ingress_Exit SAPKISH0
2025-04-01 00:45:01,094 - INFO - Ingress_Enter L8KDWCQ6
2025-04-01 00:45:01,095 - INFO - Ingress_Exit V9AA9RPD
2025-04-01 00:45:01,112 - INFO - Ingress_Enter OCZBSLUF
2025-04-01 00:45:01,165 - INFO - Ingress_Exit 6ZFFB744
2025-04-01 00:45:01,180 - INFO - Ingress_Enter M3S3LKHT
2025-04-01 00:45:01,304 - INFO - Ingress_Exit HHXUK6H4
2025-04-01 00:45:01,331 - INFO - Ingress_Exit 6VSLFHO7
2025-04-01 00:45:01,560 - INFO - Ingress_Exit OCZBSLUF
2025-04-01 00:45:01,562 - INFO - Ingress_Exit M3S3LKHT
2025-04-01 00:45:01,728 - INFO - Ingress_Exit BHPF2I3U
2025-04-01 00:45:01,729 - INFO - Ingress_Exit 1VKBW12I
2025-04-01 00:45:01,739 - INFO - Ingress_Exit L8KDWCQ6
2025-04-01 00:45:01,865 - INFO - Ingress_Enter 91MOHU5Z
2025-04-01 00:45:01,874 - INFO - Ingress_Enter 0PB63QIO
2025-04-01 00:45:01,952 - INFO - Ingress_Enter 0O63UPTA
2025-04-01 00:45:01,971 - INFO - Ingress_Enter I0F3TTZT
2025-04-01 00:45:02,051 - INFO - Ingress_Enter 8CLSZ5Z1
2025-04-01 00:45:02,111 - INFO - Ingress_Enter EWDJM88R
2025-04-01 00:45:02,278 - INFO - Ingress_Enter 2LE8662G
2025-04-01 00:45:02,462 - INFO - Ingress_Exit 91MOHU5Z
2025-04-01 00:45:02,463 - INFO - Ingress_Exit 0PB63QIO
2025-04-01 00:45:02,483 - INFO - Ingress_Enter KU6BDBMC
2025-04-01 00:45:02,491 - INFO - Ingress_Enter O4KZ1BZY
2025-04-01 00:45:02,578 - INFO - Ingress_Enter P6DXDFUZ
2025-04-01 00:45:02,665 - INFO - Ingress_Exit 8CLSZ5Z1
2025-04-01 00:45:02,666 - INFO - Ingress_Exit 0O63UPTA
2025-04-01 00:45:02,668 - INFO - Ingress_Exit I0F3TTZT
2025-04-01 00:45:02,670 - INFO - Ingress_Exit EWDJM88R
2025-04-01 00:45:02,726 - INFO - Ingress_Exit 2LE8662G
2025-04-01 00:45:02,918 - INFO - Ingress_Enter GJW32EDX
2025-04-01 00:45:02,935 - INFO - Ingress_Exit KU6BDBMC
2025-04-01 00:45:03,032 - INFO - Ingress_Enter 844TQEFT
2025-04-01 00:45:03,071 - INFO - Ingress_Enter 806ZAEYU
2025-04-01 00:45:03,087 - INFO - Ingress_Exit O4KZ1BZY
2025-04-01 00:45:03,089 - INFO - Ingress_Exit P6DXDFUZ
2025-04-01 00:45:03,127 - INFO - Ingress_Enter HFMRT1BD
2025-04-01 00:45:03,185 - INFO - Ingress_Enter LNP502IQ
2025-04-01 00:45:03,253 - INFO - Ingress_Enter SPGMFE73
2025-04-01 00:45:03,312 - INFO - Ingress_Enter 3T1RAQGD
2025-04-01 00:45:03,465 - INFO - Ingress_Exit 806ZAEYU
2025-04-01 00:45:03,515 - INFO - Ingress_Exit GJW32EDX
2025-04-01 00:45:03,527 - INFO - Ingress_Exit SPGMFE73
2025-04-01 00:45:03,612 - INFO - Ingress_Exit LNP502IQ
2025-04-01 00:45:03,766 - INFO - Ingress_Enter DU8NNEOQ
2025-04-01 00:45:03,834 - INFO - Ingress_Enter YOWLQTRN
2025-04-01 00:45:03,858 - INFO - Ingress_Exit HFMRT1BD
2025-04-01 00:45:03,860 - INFO - Ingress_Exit 844TQEFT
2025-04-01 00:45:03,863 - INFO - Ingress_Enter KJIDER3R
2025-04-01 00:45:03,942 - INFO - Ingress_Exit 3T1RAQGD
2025-04-01 00:45:04,193 - INFO - Ingress_Enter RSLRPVC7
2025-04-01 00:45:04,229 - INFO - Ingress_Exit DU8NNEOQ
2025-04-01 00:45:04,300 - INFO - Ingress_Enter BNI4WLP1
2025-04-01 00:45:04,348 - INFO - Ingress_Exit YOWLQTRN
2025-04-01 00:45:04,369 - INFO - Ingress_Exit KJIDER3R
2025-04-01 00:45:04,427 - INFO - Ingress_Enter 3YVKL302
2025-04-01 00:45:04,477 - INFO - Ingress_Exit BNI4WLP1
2025-04-01 00:45:04,504 - INFO - Ingress_Enter YIE6NKIQ
2025-04-01 00:45:04,681 - INFO - Ingress_Enter 1AE3CT7M
2025-04-01 00:45:04,737 - INFO - Ingress_Enter 26T6I8L9
2025-04-01 00:45:04,802 - INFO - Ingress_Exit RSLRPVC7
2025-04-01 00:45:04,912 - INFO - Ingress_Enter D0N7GYZE
2025-04-01 00:45:04,922 - INFO - Ingress_Exit 3YVKL302
2025-04-01 00:45:04,950 - INFO - Ingress_Enter 9F7B1AFB
2025-04-01 00:45:04,989 - INFO - Ingress_Enter IIADGFTQ
2025-04-01 00:45:05,028 - INFO - Ingress_Enter 9UZLG1EH
2025-04-01 00:45:05,055 - INFO - Ingress_Exit YIE6NKIQ
2025-04-01 00:45:05,186 - INFO - Ingress_Exit 1AE3CT7M
2025-04-01 00:45:05,235 - INFO - Ingress_Enter FWL4AKVS
2025-04-01 00:45:05,304 - INFO - Ingress_Exit IIADGFTQ
2025-04-01 00:45:05,351 - INFO - Ingress_Enter 9129FNP3
2025-04-01 00:45:05,392 - INFO - Ingress_Exit 26T6I8L9
2025-04-01 00:45:05,394 - INFO - Ingress_Exit 9F7B1AFB
2025-04-01 00:45:05,574 - INFO - Ingress_Exit FWL4AKVS
2025-04-01 00:45:05,576 - INFO - Ingress_Exit D0N7GYZE
2025-04-01 00:45:05,577 - INFO - Ingress_Exit 9UZLG1EH
2025-04-01 00:45:05,587 - INFO - Ingress_Enter VPDVG41I
2025-04-01 00:45:05,796 - INFO - Ingress_Exit 9129FNP3
2025-04-01 00:45:05,821 - INFO - Ingress_Exit VPDVG41I
2025-04-01 00:45:05,826 - INFO - Ingress_Enter GGRTZ0PS
2025-04-01 00:45:05,855 - INFO - Ingress_Enter 5NZ2K1PC
2025-04-01 00:45:05,970 - INFO - Ingress_Enter JKYM8KN2
2025-04-01 00:45:06,126 - INFO - Ingress_Enter FRWAG2TB
2025-04-01 00:45:06,187 - INFO - Ingress_Exit 5NZ2K1PC
2025-04-01 00:45:06,245 - INFO - Ingress_Exit JKYM8KN2
2025-04-01 00:45:06,246 - INFO - Ingress_Enter HWWB4CK0
2025-04-01 00:45:06,338 - INFO - Ingress_Exit GGRTZ0PS
2025-04-01 00:45:06,402 - INFO - Ingress_Exit FRWAG2TB
2025-04-01 00:45:06,433 - INFO - Ingress_Enter UK5I0ANF
2025-04-01 00:45:06,528 - INFO - Ingress_Enter AJHKN3TP
2025-04-01 00:45:06,558 - INFO - Ingress_Enter 2NPU2PQK
2025-04-01 00:45:06,711 - INFO - Ingress_Enter VY71QP7I
2025-04-01 00:45:06,774 - INFO - Ingress_Exit HWWB4CK0
2025-04-01 00:45:06,821 - INFO - Ingress_Enter CME38Y3D
2025-04-01 00:45:06,938 - INFO - Ingress_Enter M9E7DPE6
2025-04-01 00:45:06,993 - INFO - Ingress_Exit UK5I0ANF
2025-04-01 00:45:07,016 - INFO - Ingress_Enter KAZRU5MR
2025-04-01 00:45:07,135 - INFO - Ingress_Exit AJHKN3TP
2025-04-01 00:45:07,136 - INFO - Ingress_Exit 2NPU2PQK
2025-04-01 00:45:07,289 - INFO - Ingress_Enter 0HG2WNNI
2025-04-01 00:45:07,298 - INFO - Ingress_Enter T80RJTI7
2025-04-01 00:45:07,305 - INFO - Ingress_Exit KAZRU5MR
2025-04-01 00:45:07,337 - INFO - Ingress_Enter 1PHZ4QKR
2025-04-01 00:45:07,445 - INFO - Ingress_Exit VY71QP7I
2025-04-01 00:45:07,447 - INFO - Ingress_Exit CME38Y3D
2025-04-01 00:45:07,449 - INFO - Ingress_Exit M9E7DPE6
2025-04-01 00:45:07,702 - INFO - Ingress_Exit 1PHZ4QKR
2025-04-01 00:45:07,703 - INFO - Ingress_Exit 0HG2WNNI
2025-04-01 00:45:07,705 - INFO - Ingress_Exit T80RJTI7
2025-04-01 00:45:08,300 - INFO - Ingress_Enter 3HQ5MNY6
2025-04-01 00:45:08,513 - INFO - Ingress_Enter ZI0KJ4UD
2025-04-01 00:45:08,617 - INFO - Ingress_Enter F42JGE77
2025-04-01 00:45:08,625 - INFO - Ingress_Enter OXOI1ZFG
2025-04-01 00:45:08,684 - INFO - Ingress_Enter 74T5P0KV
2025-04-01 00:45:08,685 - INFO - Ingress_Exit 3HQ5MNY6
2025-04-01 00:45:08,751 - INFO - Ingress_Enter KAYI3REL
2025-04-01 00:45:08,905 - INFO - Ingress_Exit ZI0KJ4UD
2025-04-01 00:45:08,944 - INFO - Ingress_Exit F42JGE77
2025-04-01 00:45:09,060 - INFO - Ingress_Enter HXJC74KC
2025-04-01 00:45:09,074 - INFO - Ingress_Exit 74T5P0KV
2025-04-01 00:45:09,141 - INFO - Ingress_Enter MZX9RE9E
2025-04-01 00:45:09,207 - INFO - Ingress_Enter ZVWZ7WMO
2025-04-01 00:45:09,281 - INFO - Ingress_Exit OXOI1ZFG
2025-04-01 00:45:09,292 - INFO - Ingress_Enter 2GV7ZDRC
2025-04-01 00:45:09,302 - INFO - Ingress_Exit KAYI3REL
2025-04-01 00:45:09,306 - INFO - Ingress_Enter ZYGPQOEI
2025-04-01 00:45:09,325 - INFO - Ingress_Enter V9B1ZQS9
2025-04-01 00:45:09,353 - INFO - Ingress_Enter 0DFQ12B9
2025-04-01 00:45:09,517 - INFO - Ingress_Enter 071WPXCZ
2025-04-01 00:45:09,538 - INFO - Ingress_Enter TZLEVE2C
2025-04-01 00:45:09,539 - INFO - Ingress_Exit 2GV7ZDRC
2025-04-01 00:45:09,540 - INFO - Ingress_Exit ZYGPQOEI
2025-04-01 00:45:09,601 - INFO - Ingress_Exit V9B1ZQS9
2025-04-01 00:45:09,609 - INFO - Ingress_Exit HXJC74KC
2025-04-01 00:45:09,685 - INFO - Ingress_Exit 0DFQ12B9
2025-04-01 00:45:09,895 - INFO - Ingress_Exit 071WPXCZ
2025-04-01 00:45:10,047 - INFO - Ingress_Exit ZVWZ7WMO
2025-04-01 00:45:10,049 - INFO - Ingress_Exit MZX9RE9E
2025-04-01 00:45:10,078 - INFO - Ingress_Exit TZLEVE2C
2025-04-01 00:45:13,934 - INFO - Ingress_Enter NUJ1S7P8
2025-04-01 00:45:13,963 - INFO - Ingress_Enter TIBY4MWR
2025-04-01 00:45:14,045 - INFO - Ingress_Enter QEZ5L28L
2025-04-01 00:45:14,267 - INFO - Ingress_Exit TIBY4MWR
2025-04-01 00:45:14,305 - INFO - Ingress_Enter KSL495TS
2025-04-01 00:45:14,353 - INFO - Ingress_Enter 56DA11QC
2025-04-01 00:45:14,449 - INFO - Ingress_Enter 1H4U134W
2025-04-01 00:45:14,516 - INFO - Ingress_Enter X9SCGLJU
2025-04-01 00:45:14,555 - INFO - Ingress_Enter 5D4ABQF1
2025-04-01 00:45:14,593 - INFO - Ingress_Enter AVGI61D1
2025-04-01 00:45:14,658 - INFO - Ingress_Exit QEZ5L28L
2025-04-01 00:45:14,721 - INFO - Ingress_Enter RZIEOQYL
2025-04-01 00:45:14,723 - INFO - Ingress_Exit 1H4U134W
2025-04-01 00:45:14,902 - INFO - Ingress_Exit 56DA11QC
2025-04-01 00:45:14,904 - INFO - Ingress_Exit X9SCGLJU
2025-04-01 00:45:14,936 - INFO - Ingress_Enter Q1V91GS9
2025-04-01 00:45:14,945 - INFO - Ingress_Exit NUJ1S7P8
2025-04-01 00:45:14,947 - INFO - Ingress_Exit KSL495TS
2025-04-01 00:45:15,030 - INFO - Ingress_Exit AVGI61D1
2025-04-01 00:45:15,031 - INFO - Ingress_Exit 5D4ABQF1
2025-04-01 00:45:15,122 - INFO - Ingress_Enter RFXZZ3LN
2025-04-01 00:45:15,152 - INFO - Ingress_Enter AS40MGIS
2025-04-01 00:45:15,200 - INFO - Ingress_Enter ECMDLE4E
2025-04-01 00:45:15,259 - INFO - Ingress_Enter ISUJGUW7
2025-04-01 00:45:15,319 - INFO - Ingress_Exit Q1V91GS9
2025-04-01 00:45:15,333 - INFO - Ingress_Exit RZIEOQYL
2025-04-01 00:45:15,415 - INFO - Ingress_Enter SO84UALV
2025-04-01 00:45:15,516 - INFO - Ingress_Exit RFXZZ3LN
2025-04-01 00:45:15,518 - INFO - Ingress_Exit ECMDLE4E
2025-04-01 00:45:15,556 - INFO - Ingress_Enter 6WLIPIUJ
2025-04-01 00:45:15,630 - INFO - Ingress_Exit AS40MGIS
2025-04-01 00:45:15,680 - INFO - Ingress_Enter RALY9P0S
2025-04-01 00:45:15,725 - INFO - Ingress_Exit ISUJGUW7
2025-04-01 00:45:15,772 - INFO - Ingress_Exit SO84UALV
2025-04-01 00:45:15,857 - INFO - Ingress_Exit 6WLIPIUJ
2025-04-01 00:45:15,941 - INFO - Ingress_Exit RALY9P0S
2025-04-01 00:45:16,042 - INFO - Ingress_Enter WDXCZKEJ
2025-04-01 00:45:16,090 - INFO - Ingress_Enter XK11FJA2
2025-04-01 00:45:16,119 - INFO - Ingress_Enter SPLIO57K
2025-04-01 00:45:16,257 - INFO - Ingress_Enter YN1CZC4V
2025-04-01 00:45:16,325 - INFO - Ingress_Enter 93S1V0CZ
2025-04-01 00:45:16,494 - INFO - Ingress_Exit YN1CZC4V
2025-04-01 00:45:16,712 - INFO - Ingress_Enter 227Y4I69
2025-04-01 00:45:16,730 - INFO - Ingress_Exit WDXCZKEJ
2025-04-01 00:45:16,732 - INFO - Ingress_Exit SPLIO57K
2025-04-01 00:45:16,792 - INFO - Ingress_Exit 93S1V0CZ
2025-04-01 00:45:16,866 - INFO - Ingress_Exit XK11FJA2
2025-04-01 00:45:16,925 - INFO - Ingress_Exit 227Y4I69
2025-04-01 00:45:16,945 - INFO - Ingress_Enter XUXYICN0
2025-04-01 00:45:17,005 - INFO - Ingress_Enter GT1RQ1RV
2025-04-01 00:45:17,043 - INFO - Ingress_Enter YRV64KZG
2025-04-01 00:45:17,120 - INFO - Ingress_Enter 6MIHLIKY
2025-04-01 00:45:17,142 - INFO - Ingress_Enter O22SH3XR
2025-04-01 00:45:17,179 - INFO - Ingress_Enter CERXYZSG
2025-04-01 00:45:17,228 - INFO - Ingress_Enter AQ50B0LK
2025-04-01 00:45:17,305 - INFO - Ingress_Enter M7M70IXT
2025-04-01 00:45:17,373 - INFO - Ingress_Enter KRMIK7J6
2025-04-01 00:45:17,406 - INFO - Ingress_Exit 6MIHLIKY
2025-04-01 00:45:17,409 - INFO - Ingress_Exit XUXYICN0
2025-04-01 00:45:17,412 - INFO - Ingress_Exit GT1RQ1RV
2025-04-01 00:45:17,523 - INFO - Ingress_Exit O22SH3XR
2025-04-01 00:45:17,524 - INFO - Ingress_Exit CERXYZSG
2025-04-01 00:45:17,628 - INFO - Ingress_Exit YRV64KZG
2025-04-01 00:45:17,630 - INFO - Ingress_Exit AQ50B0LK
2025-04-01 00:45:17,681 - INFO - Ingress_Exit M7M70IXT
2025-04-01 00:45:17,682 - INFO - Ingress_Exit KRMIK7J6
2025-04-01 00:45:25,418 - INFO - Ingress_Enter APTVFTA3
2025-04-01 00:45:25,556 - INFO - Ingress_Enter XBCHWHC9
2025-04-01 00:45:25,566 - INFO - Ingress_Enter CGK55F4Z
2025-04-01 00:45:25,594 - INFO - Ingress_Enter 6HHFXFIE
2025-04-01 00:45:25,633 - INFO - Ingress_Enter AXG53Q1U
2025-04-01 00:45:25,643 - INFO - Ingress_Enter Y670GTCS
2025-04-01 00:45:25,712 - INFO - Ingress_Enter C2NOCJXD
2025-04-01 00:45:25,725 - INFO - Ingress_Exit APTVFTA3
2025-04-01 00:45:25,821 - INFO - Ingress_Enter R39VYSBF
2025-04-01 00:45:25,830 - INFO - Ingress_Exit XBCHWHC9
2025-04-01 00:45:25,866 - INFO - Ingress_Exit CGK55F4Z
2025-04-01 00:45:25,928 - INFO - Ingress_Enter 5UC9ZUBV
2025-04-01 00:45:25,977 - INFO - Ingress_Enter FWJQHHVI
2025-04-01 00:45:26,016 - INFO - Ingress_Enter Y58POVII
2025-04-01 00:45:26,016 - INFO - Ingress_Exit 6HHFXFIE
2025-04-01 00:45:26,017 - INFO - Ingress_Exit AXG53Q1U
2025-04-01 00:45:26,139 - INFO - Ingress_Exit 5UC9ZUBV
2025-04-01 00:45:26,229 - INFO - Ingress_Exit Y670GTCS
2025-04-01 00:45:26,229 - INFO - Ingress_Exit C2NOCJXD
2025-04-01 00:45:26,232 - INFO - Ingress_Exit R39VYSBF
2025-04-01 00:45:26,264 - INFO - Ingress_Exit Y58POVII
2025-04-01 00:45:26,483 - INFO - Ingress_Exit FWJQHHVI
2025-04-01 00:45:26,565 - INFO - Ingress_Enter A0DELA8Q
2025-04-01 00:45:26,577 - INFO - Ingress_Enter RB0MCM0O
2025-04-01 00:45:26,584 - INFO - Ingress_Enter G7R2BCOQ
2025-04-01 00:45:26,633 - INFO - Ingress_Enter GBO2GKY5
2025-04-01 00:45:26,769 - INFO - Ingress_Enter 5BQDMP2O
2025-04-01 00:45:26,895 - INFO - Ingress_Enter KBRG34ZB
2025-04-01 00:45:26,912 - INFO - Ingress_Exit RB0MCM0O
2025-04-01 00:45:26,944 - INFO - Ingress_Exit GBO2GKY5
2025-04-01 00:45:26,993 - INFO - Ingress_Exit G7R2BCOQ
2025-04-01 00:45:27,067 - INFO - Ingress_Exit KBRG34ZB
2025-04-01 00:45:27,116 - INFO - Ingress_Exit 5BQDMP2O
2025-04-01 00:45:27,118 - INFO - Ingress_Exit A0DELA8Q
2025-04-01 00:45:27,245 - INFO - Ingress_Enter VYB5PK9N
2025-04-01 00:45:27,274 - INFO - Ingress_Enter 03B4G8LI
2025-04-01 00:45:27,302 - INFO - Ingress_Enter XBZUI5WZ
2025-04-01 00:45:27,352 - INFO - Ingress_Enter WAPJ1AZK
2025-04-01 00:45:27,440 - INFO - Ingress_Enter JQSXF6LF
2025-04-01 00:45:27,598 - INFO - Ingress_Exit VYB5PK9N
2025-04-01 00:45:27,599 - INFO - Ingress_Exit 03B4G8LI
2025-04-01 00:45:27,622 - INFO - Ingress_Exit WAPJ1AZK
2025-04-01 00:45:27,625 - INFO - Ingress_Enter CKPM40FU
2025-04-01 00:45:27,655 - INFO - Ingress_Exit XBZUI5WZ
2025-04-01 00:45:27,751 - INFO - Ingress_Enter 5JFR03TC
2025-04-01 00:45:27,817 - INFO - Ingress_Exit JQSXF6LF
2025-04-01 00:45:27,844 - INFO - Ingress_Exit CKPM40FU
2025-04-01 00:45:27,905 - INFO - Ingress_Enter X586ZY9C
2025-04-01 00:45:27,915 - INFO - Ingress_Enter T0O908FY
2025-04-01 00:45:28,047 - INFO - Ingress_Exit 5JFR03TC
2025-04-01 00:45:28,058 - INFO - Ingress_Enter 4PCIT6S4
2025-04-01 00:45:28,096 - INFO - Ingress_Enter MZ2Y8TP5
2025-04-01 00:45:28,153 - INFO - Ingress_Enter 142WN0UE
2025-04-01 00:45:28,159 - INFO - Ingress_Exit X586ZY9C
2025-04-01 00:45:28,213 - INFO - Ingress_Exit T0O908FY
2025-04-01 00:45:28,372 - INFO - Ingress_Exit 4PCIT6S4
2025-04-01 00:45:28,378 - INFO - Ingress_Enter 41KR3E2P
2025-04-01 00:45:28,412 - INFO - Ingress_Exit 142WN0UE
2025-04-01 00:45:28,472 - INFO - Ingress_Enter E234BE7R
2025-04-01 00:45:28,477 - INFO - Ingress_Exit MZ2Y8TP5
2025-04-01 00:45:28,566 - INFO - Ingress_Exit 41KR3E2P
2025-04-01 00:45:28,686 - INFO - Ingress_Enter Q2O4KKSU
2025-04-01 00:45:28,772 - INFO - Ingress_Enter 0OAJQ3QM
2025-04-01 00:45:28,789 - INFO - Ingress_Exit Q2O4KKSU
2025-04-01 00:45:28,868 - INFO - Ingress_Enter OAJGBNIJ
2025-04-01 00:45:28,917 - INFO - Ingress_Enter SP3GDXID
2025-04-01 00:45:28,936 - INFO - Ingress_Enter 1K030MN0
2025-04-01 00:45:28,948 - INFO - Ingress_Exit E234BE7R
2025-04-01 00:45:28,965 - INFO - Ingress_Enter FPMTOWZA
2025-04-01 00:45:29,007 - INFO - Ingress_Exit 0OAJQ3QM
2025-04-01 00:45:29,160 - INFO - Ingress_Enter FNH6PX8F
2025-04-01 00:45:29,210 - INFO - Ingress_Exit 1K030MN0
2025-04-01 00:45:29,214 - INFO - Ingress_Exit OAJGBNIJ
2025-04-01 00:45:29,384 - INFO - Ingress_Exit SP3GDXID
2025-04-01 00:45:29,384 - INFO - Ingress_Exit FPMTOWZA
2025-04-01 00:45:29,550 - INFO - Ingress_Enter 4NKFMVYS
2025-04-01 00:45:29,579 - INFO - Ingress_Enter 5Y1E4664
2025-04-01 00:45:29,608 - INFO - Ingress_Enter N9LHB5ZA
2025-04-01 00:45:29,685 - INFO - Ingress_Enter X8DW6YN8
2025-04-01 00:45:29,733 - INFO - Ingress_Enter FJF11S4G
2025-04-01 00:45:29,754 - INFO - Ingress_Exit FNH6PX8F
2025-04-01 00:45:29,803 - INFO - Ingress_Enter GJ8ASYDN
2025-04-01 00:45:29,904 - INFO - Ingress_Exit N9LHB5ZA
2025-04-01 00:45:29,929 - INFO - Ingress_Exit 4NKFMVYS
2025-04-01 00:45:29,960 - INFO - Ingress_Exit 5Y1E4664
2025-04-01 00:45:30,036 - INFO - Ingress_Enter 5YQPZ9GO
2025-04-01 00:45:30,085 - INFO - Ingress_Exit X8DW6YN8
2025-04-01 00:45:30,187 - INFO - Ingress_Exit FJF11S4G
2025-04-01 00:45:30,242 - INFO - Ingress_Exit GJ8ASYDN
2025-04-01 00:45:30,280 - INFO - Ingress_Enter VA6GX4UR
2025-04-01 00:45:30,319 - INFO - Ingress_Enter DACXZ81S
2025-04-01 00:45:30,473 - INFO - Ingress_Enter USO8L684
2025-04-01 00:45:30,500 - INFO - Ingress_Exit 5YQPZ9GO
2025-04-01 00:45:30,511 - INFO - Ingress_Enter WXJ0959G
2025-04-01 00:45:30,530 - INFO - Ingress_Enter UL6UE2JL
2025-04-01 00:45:30,577 - INFO - Ingress_Exit VA6GX4UR
2025-04-01 00:45:30,617 - INFO - Ingress_Exit DACXZ81S
2025-04-01 00:45:30,628 - INFO - Ingress_Enter 9OUA0TMG
2025-04-01 00:45:30,706 - INFO - Ingress_Enter G759703S
2025-04-01 00:45:30,734 - INFO - Ingress_Enter VG5XNUOQ
2025-04-01 00:45:30,761 - INFO - Ingress_Exit USO8L684
2025-04-01 00:45:30,789 - INFO - Ingress_Exit UL6UE2JL
2025-04-01 00:45:30,832 - INFO - Ingress_Exit WXJ0959G
2025-04-01 00:45:30,937 - INFO - Ingress_Enter DJKZVTL6
2025-04-01 00:45:31,015 - INFO - Ingress_Enter 2ML94DF8
2025-04-01 00:45:31,025 - INFO - Ingress_Exit G759703S
2025-04-01 00:45:31,043 - INFO - Ingress_Exit 9OUA0TMG
2025-04-01 00:45:31,072 - INFO - Ingress_Enter ZYDH9NAZ
2025-04-01 00:45:31,079 - INFO - Ingress_Exit VG5XNUOQ
2025-04-01 00:45:31,139 - INFO - Ingress_Enter 5AV8M4GC
2025-04-01 00:45:31,159 - INFO - Ingress_Enter YIBLXZW3
2025-04-01 00:45:31,242 - INFO - Ingress_Exit DJKZVTL6
2025-04-01 00:45:31,323 - INFO - Ingress_Enter QW43S7KI
2025-04-01 00:45:31,344 - INFO - Ingress_Exit 2ML94DF8
2025-04-01 00:45:31,345 - INFO - Ingress_Exit ZYDH9NAZ
2025-04-01 00:45:31,352 - INFO - Ingress_Enter QN2FIJF9
2025-04-01 00:45:31,391 - INFO - Ingress_Enter 3L3FCH0W
2025-04-01 00:45:31,399 - INFO - Ingress_Exit 5AV8M4GC
2025-04-01 00:45:31,434 - INFO - Ingress_Exit YIBLXZW3
2025-04-01 00:45:31,449 - INFO - Ingress_Exit QW43S7KI
2025-04-01 00:45:31,462 - INFO - Ingress_Enter G0WQR1E5
2025-04-01 00:45:31,511 - INFO - Ingress_Exit QN2FIJF9
2025-04-01 00:45:31,541 - INFO - Ingress_Exit 3L3FCH0W
2025-04-01 00:45:31,703 - INFO - Ingress_Enter WWX63GYN
2025-04-01 00:45:31,724 - INFO - Ingress_Enter CBYJI4QS
2025-04-01 00:45:31,779 - INFO - Ingress_Exit G0WQR1E5
2025-04-01 00:45:31,784 - INFO - Ingress_Enter 0YTMMFUH
2025-04-01 00:45:31,812 - INFO - Ingress_Enter BYGBC13H
2025-04-01 00:45:31,942 - INFO - Ingress_Enter 4AHUY1OV
2025-04-01 00:45:31,951 - INFO - Ingress_Enter ERGLNHD5
2025-04-01 00:45:32,064 - INFO - Ingress_Exit WWX63GYN
2025-04-01 00:45:32,070 - INFO - Ingress_Exit CBYJI4QS
2025-04-01 00:45:32,126 - INFO - Ingress_Enter PAORIHFM
2025-04-01 00:45:32,145 - INFO - Ingress_Exit 0YTMMFUH
2025-04-01 00:45:32,149 - INFO - Ingress_Exit BYGBC13H
2025-04-01 00:45:32,180 - INFO - Ingress_Exit ERGLNHD5
2025-04-01 00:45:32,212 - INFO - Ingress_Exit 4AHUY1OV
2025-04-01 00:45:32,526 - INFO - Ingress_Exit PAORIHFM
2025-04-01 00:45:32,695 - INFO - Ingress_Enter A2XPVOFC
2025-04-01 00:45:33,013 - INFO - Ingress_Enter MNBXWWUP
2025-04-01 00:45:33,031 - INFO - Ingress_Enter DLL5MDJ4
2025-04-01 00:45:33,033 - INFO - Ingress_Exit A2XPVOFC
2025-04-01 00:45:33,050 - INFO - Ingress_Enter 4EMGBHTX
2025-04-01 00:45:33,059 - INFO - Ingress_Enter YN73L5OF
2025-04-01 00:45:33,138 - INFO - Ingress_Exit MNBXWWUP
2025-04-01 00:45:33,166 - INFO - Ingress_Exit DLL5MDJ4
2025-04-01 00:45:33,184 - INFO - Ingress_Enter NGPMK9OZ
2025-04-01 00:45:33,217 - INFO - Ingress_Exit 4EMGBHTX
2025-04-01 00:45:33,236 - INFO - Ingress_Exit YN73L5OF
2025-04-01 00:45:33,353 - INFO - Ingress_Exit NGPMK9OZ
2025-04-01 00:45:33,456 - INFO - Ingress_Enter T6AP83VE
2025-04-01 00:45:33,485 - INFO - Ingress_Enter ZKHAK0I3
2025-04-01 00:45:33,515 - INFO - Ingress_Enter 72GPS1IT
2025-04-01 00:45:33,789 - INFO - Ingress_Exit ZKHAK0I3
2025-04-01 00:45:33,802 - INFO - Ingress_Enter Y94WUJAI
2025-04-01 00:45:33,850 - INFO - Ingress_Enter NXS6MHUU
2025-04-01 00:45:33,861 - INFO - Ingress_Exit T6AP83VE
2025-04-01 00:45:33,897 - INFO - Ingress_Exit 72GPS1IT
2025-04-01 00:45:34,021 - INFO - Ingress_Exit Y94WUJAI
2025-04-01 00:45:34,032 - INFO - Ingress_Enter E86GH8VG
2025-04-01 00:45:34,062 - INFO - Ingress_Enter 9575LD06
2025-04-01 00:45:34,072 - INFO - Ingress_Enter 155XOXQO
2025-04-01 00:45:34,120 - INFO - Ingress_Enter GRYAND5R
2025-04-01 00:45:34,179 - INFO - Ingress_Exit E86GH8VG
2025-04-01 00:45:34,206 - INFO - Ingress_Exit NXS6MHUU
2025-04-01 00:45:34,231 - INFO - Ingress_Exit 9575LD06
2025-04-01 00:45:34,232 - INFO - Ingress_Exit 155XOXQO
2025-04-01 00:45:34,368 - INFO - Ingress_Exit GRYAND5R
2025-04-01 00:45:34,514 - INFO - Ingress_Enter 9QIQYVXG
2025-04-01 00:45:34,545 - INFO - Ingress_Enter F47WVK8Y
2025-04-01 00:45:34,554 - INFO - Ingress_Enter RREVX8CZ
2025-04-01 00:45:34,652 - INFO - Ingress_Enter AMGU6DSZ
2025-04-01 00:45:34,778 - INFO - Ingress_Exit RREVX8CZ
2025-04-01 00:45:34,853 - INFO - Ingress_Exit F47WVK8Y
2025-04-01 00:45:34,881 - INFO - Ingress_Exit 9QIQYVXG
2025-04-01 00:45:34,981 - INFO - Ingress_Enter DZGXXLEK
2025-04-01 00:45:35,049 - INFO - Ingress_Enter A6X2MEEC
2025-04-01 00:45:35,050 - INFO - Ingress_Exit AMGU6DSZ
2025-04-01 00:45:35,098 - INFO - Ingress_Enter NINWZCIJ
2025-04-01 00:45:35,187 - INFO - Ingress_Exit A6X2MEEC
2025-04-01 00:45:35,258 - INFO - Ingress_Exit DZGXXLEK
2025-04-01 00:45:35,350 - INFO - Ingress_Enter ZT818P7J
2025-04-01 00:45:35,428 - INFO - Ingress_Enter NXM3LOOY
2025-04-01 00:45:35,447 - INFO - Ingress_Enter W56LRDRH
2025-04-01 00:45:35,476 - INFO - Ingress_Exit NINWZCIJ
2025-04-01 00:45:35,719 - INFO - Ingress_Enter A6YGK1G6
2025-04-01 00:45:35,729 - INFO - Ingress_Enter ARX3NQ8Q
2025-04-01 00:45:35,741 - INFO - Ingress_Exit NXM3LOOY
2025-04-01 00:45:35,871 - INFO - Ingress_Exit ZT818P7J
2025-04-01 00:45:35,895 - INFO - Ingress_Enter GAP6JJU1
2025-04-01 00:45:35,902 - INFO - Ingress_Exit W56LRDRH
2025-04-01 00:45:36,011 - INFO - Ingress_Exit A6YGK1G6
2025-04-01 00:45:36,048 - INFO - Ingress_Enter VL4LHL3B
2025-04-01 00:45:36,097 - INFO - Ingress_Enter GQYJ927Y
2025-04-01 00:45:36,116 - INFO - Ingress_Enter AA7K8UQ8
2025-04-01 00:45:36,152 - INFO - Ingress_Exit ARX3NQ8Q
2025-04-01 00:45:36,153 - INFO - Ingress_Exit GAP6JJU1
2025-04-01 00:45:36,175 - INFO - Ingress_Enter XC5DIURP
2025-04-01 00:45:36,185 - INFO - Ingress_Enter KV2N9Q6T
2025-04-01 00:45:36,243 - INFO - Ingress_Enter 3Y82HHQH
2025-04-01 00:45:36,262 - INFO - Ingress_Enter 47B9TIH9
2025-04-01 00:45:36,352 - INFO - Ingress_Exit GQYJ927Y
2025-04-01 00:45:36,414 - INFO - Ingress_Exit AA7K8UQ8
2025-04-01 00:45:36,424 - INFO - Ingress_Exit VL4LHL3B
2025-04-01 00:45:36,500 - INFO - Ingress_Exit XC5DIURP
2025-04-01 00:45:36,551 - INFO - Ingress_Exit KV2N9Q6T
2025-04-01 00:45:36,738 - INFO - Ingress_Exit 3Y82HHQH
2025-04-01 00:45:36,740 - INFO - Ingress_Exit 47B9TIH9
2025-04-01 00:45:37,122 - INFO - Ingress_Enter MJD8LK6Y
2025-04-01 00:45:37,142 - INFO - Ingress_Enter AKXJCMJ6
2025-04-01 00:45:37,160 - INFO - Ingress_Enter B75H7W2E
2025-04-01 00:45:37,219 - INFO - Ingress_Enter 0GVLGTDJ
2025-04-01 00:45:37,248 - INFO - Ingress_Enter ANOJU126
2025-04-01 00:45:37,344 - INFO - Ingress_Exit B75H7W2E
2025-04-01 00:45:37,377 - INFO - Ingress_Exit 0GVLGTDJ
2025-04-01 00:45:37,568 - INFO - Ingress_Exit MJD8LK6Y
2025-04-01 00:45:37,570 - INFO - Ingress_Exit AKXJCMJ6
2025-04-01 00:45:37,733 - INFO - Ingress_Enter TAISUM3Z
2025-04-01 00:45:37,745 - INFO - Ingress_Enter NFMDW3TY
2025-04-01 00:45:37,850 - INFO - Ingress_Exit ANOJU126
2025-04-01 00:45:37,888 - INFO - Ingress_Enter MT4O7DYF
2025-04-01 00:45:37,946 - INFO - Ingress_Enter X44CDU5K
2025-04-01 00:45:38,015 - INFO - Ingress_Enter CP3VHML6
2025-04-01 00:45:38,043 - INFO - Ingress_Enter 6EFFKK1H
2025-04-01 00:45:38,084 - INFO - Ingress_Exit NFMDW3TY
2025-04-01 00:45:38,100 - INFO - Ingress_Enter 23BNC1WP
2025-04-01 00:45:38,178 - INFO - Ingress_Enter 3CD2Y2S4
2025-04-01 00:45:38,289 - INFO - Ingress_Exit TAISUM3Z
2025-04-01 00:45:38,290 - INFO - Ingress_Exit MT4O7DYF
2025-04-01 00:45:38,323 - INFO - Ingress_Exit X44CDU5K
2025-04-01 00:45:38,402 - INFO - Ingress_Exit CP3VHML6
2025-04-01 00:45:38,520 - INFO - Ingress_Exit 6EFFKK1H
2025-04-01 00:45:38,555 - INFO - Ingress_Exit 23BNC1WP
2025-04-01 00:45:38,557 - INFO - Ingress_Exit 3CD2Y2S4
