2025-04-01 00:44:47,666 - INFO - Ingress_Enter FYKYG8TL
2025-04-01 00:44:47,836 - INFO - Ingress_Enter 5JC3LR3N
2025-04-01 00:44:47,931 - INFO - Ingress_Enter 901ISR2I
2025-04-01 00:44:48,132 - INFO - Ingress_Enter OLUR85RG
2025-04-01 00:44:48,181 - INFO - Ingress_Enter RG7IFITC
2025-04-01 00:44:48,230 - INFO - Ingress_Enter R7ZQTCU1
2025-04-01 00:44:48,240 - INFO - Ingress_Enter QSTN9ERU
2025-04-01 00:44:48,449 - INFO - Ingress_Exit FYKYG8TL
2025-04-01 00:44:48,551 - INFO - Ingress_Enter EIH0N3O1
2025-04-01 00:44:48,571 - INFO - Ingress_Enter 2APGC1FQ
2025-04-01 00:44:48,619 - INFO - Ingress_Enter H29XEIV0
2025-04-01 00:44:48,667 - INFO - Ingress_Enter TQ6GP815
2025-04-01 00:44:48,695 - INFO - Ingress_Exit 5JC3LR3N
2025-04-01 00:44:49,078 - INFO - Ingress_Exit R7ZQTCU1
2025-04-01 00:44:49,114 - INFO - Ingress_Exit 901ISR2I
2025-04-01 00:44:49,121 - INFO - Ingress_Exit OLUR85RG
2025-04-01 00:44:49,322 - INFO - Ingress_Exit RG7IFITC
2025-04-01 00:44:49,324 - INFO - Ingress_Exit QSTN9ERU
2025-04-01 00:44:49,430 - INFO - Ingress_Exit EIH0N3O1
2025-04-01 00:44:49,496 - INFO - Ingress_Exit H29XEIV0
2025-04-01 00:44:49,712 - INFO - Ingress_Exit 2APGC1FQ
2025-04-01 00:44:49,715 - INFO - Ingress_Exit TQ6GP815
2025-04-01 00:44:50,762 - INFO - Ingress_Enter JQ5J9B65
2025-04-01 00:44:50,820 - INFO - Ingress_Enter CXQXUMN0
2025-04-01 00:44:51,086 - INFO - Ingress_Enter IXXZPITF
2025-04-01 00:44:51,119 - INFO - Ingress_Enter ETJHB514
2025-04-01 00:44:51,138 - INFO - Ingress_Enter W160V6AB
2025-04-01 00:44:51,283 - INFO - Ingress_Enter MWS6DLRN
2025-04-01 00:44:51,323 - INFO - Ingress_Enter 4U0DW5HV
2025-04-01 00:44:51,372 - INFO - Ingress_Enter L8UFP2Q9
2025-04-01 00:44:51,682 - INFO - Ingress_Exit JQ5J9B65
2025-04-01 00:44:51,684 - INFO - Ingress_Exit CXQXUMN0
2025-04-01 00:44:51,847 - INFO - Ingress_Enter UOYLSISG
2025-04-01 00:44:51,953 - INFO - Ingress_Enter XLIGRW4P
2025-04-01 00:44:52,046 - INFO - Ingress_Exit IXXZPITF
2025-04-01 00:44:52,047 - INFO - Ingress_Exit W160V6AB
2025-04-01 00:44:52,048 - INFO - Ingress_Exit ETJHB514
2025-04-01 00:44:52,050 - INFO - Ingress_Exit MWS6DLRN
2025-04-01 00:44:52,052 - INFO - Ingress_Exit L8UFP2Q9
2025-04-01 00:44:52,086 - INFO - Ingress_Exit 4U0DW5HV
2025-04-01 00:44:52,245 - INFO - Ingress_Enter 7TIT83MT
2025-04-01 00:44:52,264 - INFO - Ingress_Enter I50W3AQV
2025-04-01 00:44:52,304 - INFO - Ingress_Exit UOYLSISG
2025-04-01 00:44:52,312 - INFO - Ingress_Enter 6QD0KBZ9
2025-04-01 00:44:52,402 - INFO - Ingress_Enter O9ST7QM8
2025-04-01 00:44:52,431 - INFO - Ingress_Enter Y8WQEHXU
2025-04-01 00:44:52,612 - INFO - Ingress_Exit XLIGRW4P
2025-04-01 00:44:52,661 - INFO - Ingress_Exit I50W3AQV
2025-04-01 00:44:52,662 - INFO - Ingress_Exit 7TIT83MT
2025-04-01 00:44:52,677 - INFO - Ingress_Enter NG6ZKDRK
2025-04-01 00:44:52,979 - INFO - Ingress_Exit NG6ZKDRK
2025-04-01 00:44:53,068 - INFO - Ingress_Enter 9ZVMPPNK
2025-04-01 00:44:53,232 - INFO - Ingress_Exit 6QD0KBZ9
2025-04-01 00:44:53,233 - INFO - Ingress_Exit Y8WQEHXU
2025-04-01 00:44:53,236 - INFO - Ingress_Exit O9ST7QM8
2025-04-01 00:44:53,239 - INFO - Ingress_Enter XRRFQO4S
2025-04-01 00:44:53,257 - INFO - Ingress_Enter FYUYH14A
2025-04-01 00:44:53,346 - INFO - Ingress_Enter AMRFFSJE
2025-04-01 00:44:53,356 - INFO - Ingress_Enter OMMVMIUT
2025-04-01 00:44:53,651 - INFO - Ingress_Enter J6ECF97F
2025-04-01 00:44:53,681 - INFO - Ingress_Enter YU1L1J36
2025-04-01 00:44:53,690 - INFO - Ingress_Enter RMJZKL9R
2025-04-01 00:44:53,723 - INFO - Ingress_Exit XRRFQO4S
2025-04-01 00:44:53,848 - INFO - Ingress_Enter OVJYJ05T
2025-04-01 00:44:53,862 - INFO - Ingress_Exit 9ZVMPPNK
2025-04-01 00:44:53,864 - INFO - Ingress_Exit FYUYH14A
2025-04-01 00:44:53,981 - INFO - Ingress_Exit AMRFFSJE
2025-04-01 00:44:53,982 - INFO - Ingress_Exit OMMVMIUT
2025-04-01 00:44:54,019 - INFO - Ingress_Exit YU1L1J36
2025-04-01 00:44:54,081 - INFO - Ingress_Enter 325HULWQ
2025-04-01 00:44:54,127 - INFO - Ingress_Exit J6ECF97F
2025-04-01 00:44:54,129 - INFO - Ingress_Enter D32VOCY5
2025-04-01 00:44:54,139 - INFO - Ingress_Enter A3I2WROG
2025-04-01 00:44:54,140 - INFO - Ingress_Exit RMJZKL9R
2025-04-01 00:44:54,144 - INFO - Ingress_Exit OVJYJ05T
2025-04-01 00:44:54,189 - INFO - Ingress_Enter HB0IT7CB
2025-04-01 00:44:54,299 - INFO - Ingress_Exit 325HULWQ
2025-04-01 00:44:54,356 - INFO - Ingress_Enter PZWPHCOE
2025-04-01 00:44:54,457 - INFO - Ingress_Enter 3H74AUN3
2025-04-01 00:44:54,533 - INFO - Ingress_Enter O9VQPKMZ
2025-04-01 00:44:54,573 - INFO - Ingress_Enter RDB6D0MA
2025-04-01 00:44:54,574 - INFO - Ingress_Exit A3I2WROG
2025-04-01 00:44:54,700 - INFO - Ingress_Exit D32VOCY5
2025-04-01 00:44:54,701 - INFO - Ingress_Exit HB0IT7CB
2025-04-01 00:44:54,721 - INFO - Ingress_Enter KGXKU9AO
2025-04-01 00:44:54,741 - INFO - Ingress_Exit PZWPHCOE
2025-04-01 00:44:54,799 - INFO - Ingress_Enter CR6TXVSE
2025-04-01 00:44:54,915 - INFO - Ingress_Exit O9VQPKMZ
2025-04-01 00:44:54,933 - INFO - Ingress_Enter 1LLE1UWV
2025-04-01 00:44:54,944 - INFO - Ingress_Exit 3H74AUN3
2025-04-01 00:44:54,946 - INFO - Ingress_Exit RDB6D0MA
2025-04-01 00:44:55,087 - INFO - Ingress_Enter YAE98ARN
2025-04-01 00:44:55,097 - INFO - Ingress_Exit CR6TXVSE
2025-04-01 00:44:55,293 - INFO - Ingress_Exit KGXKU9AO
2025-04-01 00:44:55,368 - INFO - Ingress_Exit YAE98ARN
2025-04-01 00:44:55,487 - INFO - Ingress_Enter XSU61IZ6
2025-04-01 00:44:55,489 - INFO - Ingress_Exit 1LLE1UWV
2025-04-01 00:44:55,538 - INFO - Ingress_Enter 1NWH1JTC
2025-04-01 00:44:55,566 - INFO - Ingress_Enter YWUYPPGL
2025-04-01 00:44:55,604 - INFO - Ingress_Enter SYQM63ID
2025-04-01 00:44:55,663 - INFO - Ingress_Enter GCVUKI0Y
2025-04-01 00:44:55,681 - INFO - Ingress_Enter 8GMVVXZR
2025-04-01 00:44:55,710 - INFO - Ingress_Enter GDBFV0OQ
2025-04-01 00:44:55,726 - INFO - Ingress_Exit XSU61IZ6
2025-04-01 00:44:55,786 - INFO - Ingress_Exit 1NWH1JTC
2025-04-01 00:44:55,887 - INFO - Ingress_Exit YWUYPPGL
2025-04-01 00:44:55,889 - INFO - Ingress_Exit SYQM63ID
2025-04-01 00:44:56,037 - INFO - Ingress_Enter Z6EHR4DZ
2025-04-01 00:44:56,077 - INFO - Ingress_Exit GCVUKI0Y
2025-04-01 00:44:56,079 - INFO - Ingress_Exit 8GMVVXZR
2025-04-01 00:44:56,143 - INFO - Ingress_Enter D7YAA2DQ
2025-04-01 00:44:56,164 - INFO - Ingress_Enter 0LPEB7HS
2025-04-01 00:44:56,169 - INFO - Ingress_Exit GDBFV0OQ
2025-04-01 00:44:56,465 - INFO - Ingress_Exit Z6EHR4DZ
2025-04-01 00:44:56,495 - INFO - Ingress_Enter TXY280OD
2025-04-01 00:44:56,613 - INFO - Ingress_Enter U9L1YQ29
2025-04-01 00:44:56,616 - INFO - Ingress_Enter 1XVBLPF0
2025-04-01 00:44:56,719 - INFO - Ingress_Exit 0LPEB7HS
2025-04-01 00:44:56,857 - INFO - Ingress_Enter MSIZD0I9
2025-04-01 00:44:56,902 - INFO - Ingress_Exit TXY280OD
2025-04-01 00:44:56,903 - INFO - Ingress_Exit U9L1YQ29
2025-04-01 00:44:56,906 - INFO - Ingress_Exit 1XVBLPF0
2025-04-01 00:44:56,954 - INFO - Ingress_Enter KL3MALUG
2025-04-01 00:44:57,023 - INFO - Ingress_Enter FNS286KN
2025-04-01 00:44:57,029 - INFO - Ingress_Exit D7YAA2DQ
2025-04-01 00:44:57,129 - INFO - Ingress_Enter 2RSY5L56
2025-04-01 00:44:57,206 - INFO - Ingress_Exit MSIZD0I9
2025-04-01 00:44:57,294 - INFO - Ingress_Enter CI6WS2EO
2025-04-01 00:44:57,405 - INFO - Ingress_Exit KL3MALUG
2025-04-01 00:44:57,419 - INFO - Ingress_Exit 2RSY5L56
2025-04-01 00:44:57,535 - INFO - Ingress_Enter T2C60X1U
2025-04-01 00:44:57,547 - INFO - Ingress_Exit FNS286KN
2025-04-01 00:44:57,658 - INFO - Ingress_Exit CI6WS2EO
2025-04-01 00:44:57,706 - INFO - Ingress_Exit T2C60X1U
2025-04-01 00:44:57,786 - INFO - Ingress_Enter YVMXQRWG
2025-04-01 00:44:57,863 - INFO - Ingress_Enter EV0H0UGF
2025-04-01 00:44:57,883 - INFO - Ingress_Enter JLSJYKYB
2025-04-01 00:44:58,024 - INFO - Ingress_Exit YVMXQRWG
2025-04-01 00:44:58,029 - INFO - Ingress_Enter D6W99NWQ
2025-04-01 00:44:58,141 - INFO - Ingress_Enter MITVXO7A
2025-04-01 00:44:58,148 - INFO - Ingress_Exit JLSJYKYB
2025-04-01 00:44:58,152 - INFO - Ingress_Enter VNJPE5FE
2025-04-01 00:44:58,153 - INFO - Ingress_Exit EV0H0UGF
2025-04-01 00:44:58,342 - INFO - Ingress_Enter 5W653LM3
2025-04-01 00:44:58,362 - INFO - Ingress_Exit D6W99NWQ
2025-04-01 00:44:58,363 - INFO - Ingress_Exit VNJPE5FE
2025-04-01 00:44:58,454 - INFO - Ingress_Exit MITVXO7A
2025-04-01 00:44:58,545 - INFO - Ingress_Enter 97JL2XCT
2025-04-01 00:44:58,652 - INFO - Ingress_Enter CN32YDLG
2025-04-01 00:44:58,661 - INFO - Ingress_Enter KMB90J91
2025-04-01 00:44:58,691 - INFO - Ingress_Enter 4SPAIZMA
2025-04-01 00:44:58,828 - INFO - Ingress_Enter 52I18XBT
2025-04-01 00:44:58,845 - INFO - Ingress_Exit 5W653LM3
2025-04-01 00:44:58,935 - INFO - Ingress_Enter RSREO3L4
2025-04-01 00:44:59,025 - INFO - Ingress_Exit KMB90J91
2025-04-01 00:44:59,039 - INFO - Ingress_Exit 97JL2XCT
2025-04-01 00:44:59,041 - INFO - Ingress_Exit CN32YDLG
2025-04-01 00:44:59,127 - INFO - Ingress_Exit 4SPAIZMA
2025-04-01 00:44:59,258 - INFO - Ingress_Exit RSREO3L4
2025-04-01 00:44:59,316 - INFO - Ingress_Enter ED14QMM5
2025-04-01 00:44:59,326 - INFO - Ingress_Enter ZN7V1ZP0
2025-04-01 00:44:59,335 - INFO - Ingress_Enter DP5QKFUD
2025-04-01 00:44:59,444 - INFO - Ingress_Exit DP5QKFUD
2025-04-01 00:44:59,471 - INFO - Ingress_Enter G51KABOU
2025-04-01 00:44:59,499 - INFO - Ingress_Enter KVGPAP6Y
2025-04-01 00:44:59,522 - INFO - Ingress_Exit 52I18XBT
2025-04-01 00:44:59,545 - INFO - Ingress_Exit ZN7V1ZP0
2025-04-01 00:44:59,610 - INFO - Ingress_Enter NIBVFOKD
2025-04-01 00:44:59,788 - INFO - Ingress_Exit ED14QMM5
2025-04-01 00:44:59,790 - INFO - Ingress_Exit KVGPAP6Y
2025-04-01 00:44:59,819 - INFO - Ingress_Enter XNJCHAPO
2025-04-01 00:44:59,839 - INFO - Ingress_Enter IRHW4E7J
2025-04-01 00:44:59,906 - INFO - Ingress_Enter J2RDI0RP
2025-04-01 00:44:59,978 - INFO - Ingress_Exit G51KABOU
2025-04-01 00:45:00,105 - INFO - Ingress_Enter 812KB318
2025-04-01 00:45:00,186 - INFO - Ingress_Exit IRHW4E7J
2025-04-01 00:45:00,217 - INFO - Ingress_Exit NIBVFOKD
2025-04-01 00:45:00,291 - INFO - Ingress_Enter AORCBEX9
2025-04-01 00:45:00,436 - INFO - Ingress_Enter AV4V6ZLU
2025-04-01 00:45:00,473 - INFO - Ingress_Exit XNJCHAPO
2025-04-01 00:45:00,474 - INFO - Ingress_Exit J2RDI0RP
2025-04-01 00:45:00,639 - INFO - Ingress_Enter 5W02IQKO
2025-04-01 00:45:00,658 - INFO - Ingress_Enter MRHTHCN1
2025-04-01 00:45:00,671 - INFO - Ingress_Exit AORCBEX9
2025-04-01 00:45:00,804 - INFO - Ingress_Enter 09XNQLFU
2025-04-01 00:45:00,820 - INFO - Ingress_Exit 812KB318
2025-04-01 00:45:00,851 - INFO - Ingress_Enter X55ZK06X
2025-04-01 00:45:00,909 - INFO - Ingress_Enter TAEKGFET
2025-04-01 00:45:00,929 - INFO - Ingress_Exit AV4V6ZLU
2025-04-01 00:45:01,032 - INFO - Ingress_Exit 5W02IQKO
2025-04-01 00:45:01,103 - INFO - Ingress_Enter IKXI3MNH
2025-04-01 00:45:01,132 - INFO - Ingress_Enter I4G001EZ
2025-04-01 00:45:01,141 - INFO - Ingress_Enter VRRWO849
2025-04-01 00:45:01,160 - INFO - Ingress_Enter 2F4BV9R0
2025-04-01 00:45:01,167 - INFO - Ingress_Exit X55ZK06X
2025-04-01 00:45:01,304 - INFO - Ingress_Exit MRHTHCN1
2025-04-01 00:45:01,423 - INFO - Ingress_Enter TNE60Z2U
2025-04-01 00:45:01,461 - INFO - Ingress_Enter SHRRWPH2
2025-04-01 00:45:01,518 - INFO - Ingress_Enter U8P4H3DI
2025-04-01 00:45:01,559 - INFO - Ingress_Exit IKXI3MNH
2025-04-01 00:45:01,561 - INFO - Ingress_Exit VRRWO849
2025-04-01 00:45:01,607 - INFO - Ingress_Enter 6BG1QZOC
2025-04-01 00:45:01,713 - INFO - Ingress_Enter QMJ43ZNC
2025-04-01 00:45:01,727 - INFO - Ingress_Exit 09XNQLFU
2025-04-01 00:45:01,729 - INFO - Ingress_Exit TAEKGFET
2025-04-01 00:45:01,734 - INFO - Ingress_Exit I4G001EZ
2025-04-01 00:45:01,876 - INFO - Ingress_Exit 6BG1QZOC
2025-04-01 00:45:01,912 - INFO - Ingress_Exit 2F4BV9R0
2025-04-01 00:45:02,028 - INFO - Ingress_Exit TNE60Z2U
2025-04-01 00:45:02,029 - INFO - Ingress_Exit U8P4H3DI
2025-04-01 00:45:02,053 - INFO - Ingress_Exit SHRRWPH2
2025-04-01 00:45:02,120 - INFO - Ingress_Enter 7AQZLI0F
2025-04-01 00:45:02,139 - INFO - Ingress_Enter ZION6HRX
2025-04-01 00:45:02,238 - INFO - Ingress_Enter 8S408QM7
2025-04-01 00:45:02,240 - INFO - Ingress_Exit QMJ43ZNC
2025-04-01 00:45:02,316 - INFO - Ingress_Enter 0T1Z9MWW
2025-04-01 00:45:02,364 - INFO - Ingress_Enter YXB25Y0R
2025-04-01 00:45:02,465 - INFO - Ingress_Exit 7AQZLI0F
2025-04-01 00:45:02,509 - INFO - Ingress_Exit ZION6HRX
2025-04-01 00:45:02,644 - INFO - Ingress_Enter 16R4Z2QP
2025-04-01 00:45:02,727 - INFO - Ingress_Exit 8S408QM7
2025-04-01 00:45:02,764 - INFO - Ingress_Enter 0RR25VBO
2025-04-01 00:45:02,794 - INFO - Ingress_Enter G6BD7388
2025-04-01 00:45:02,832 - INFO - Ingress_Enter 5EX025JG
2025-04-01 00:45:02,839 - INFO - Ingress_Exit YXB25Y0R
2025-04-01 00:45:02,860 - INFO - Ingress_Enter 086W84HG
2025-04-01 00:45:02,874 - INFO - Ingress_Enter Q36LPW1Q
2025-04-01 00:45:02,932 - INFO - Ingress_Exit 0T1Z9MWW
2025-04-01 00:45:02,951 - INFO - Ingress_Exit 16R4Z2QP
2025-04-01 00:45:03,089 - INFO - Ingress_Exit 0RR25VBO
2025-04-01 00:45:03,176 - INFO - Ingress_Enter 13GPZWYX
2025-04-01 00:45:03,207 - INFO - Ingress_Exit G6BD7388
2025-04-01 00:45:03,208 - INFO - Ingress_Exit 5EX025JG
2025-04-01 00:45:03,214 - INFO - Ingress_Exit 086W84HG
2025-04-01 00:45:03,215 - INFO - Ingress_Exit Q36LPW1Q
2025-04-01 00:45:03,244 - INFO - Ingress_Enter DWI82CMK
2025-04-01 00:45:03,264 - INFO - Ingress_Enter EV4QLDVX
2025-04-01 00:45:03,447 - INFO - Ingress_Enter JGI27GU6
2025-04-01 00:45:03,516 - INFO - Ingress_Exit 13GPZWYX
2025-04-01 00:45:03,592 - INFO - Ingress_Enter 8SMM4YCZ
2025-04-01 00:45:03,804 - INFO - Ingress_Enter V9LZKJ2J
2025-04-01 00:45:03,810 - INFO - Ingress_Exit JGI27GU6
2025-04-01 00:45:03,816 - INFO - Ingress_Enter 97JYU1NV
2025-04-01 00:45:03,858 - INFO - Ingress_Exit DWI82CMK
2025-04-01 00:45:03,861 - INFO - Ingress_Exit EV4QLDVX
2025-04-01 00:45:03,867 - INFO - Ingress_Exit 8SMM4YCZ
2025-04-01 00:45:03,989 - INFO - Ingress_Enter R6Y8C22P
2025-04-01 00:45:04,071 - INFO - Ingress_Exit V9LZKJ2J
2025-04-01 00:45:04,096 - INFO - Ingress_Enter NHOVIEVK
2025-04-01 00:45:04,281 - INFO - Ingress_Enter 2EX2ME1B
2025-04-01 00:45:04,368 - INFO - Ingress_Exit 97JYU1NV
2025-04-01 00:45:04,444 - INFO - Ingress_Exit R6Y8C22P
2025-04-01 00:45:04,456 - INFO - Ingress_Enter W7UTVHNI
2025-04-01 00:45:04,526 - INFO - Ingress_Enter CQ9UPZSH
2025-04-01 00:45:04,602 - INFO - Ingress_Enter OLEZQHPB
2025-04-01 00:45:04,646 - INFO - Ingress_Exit NHOVIEVK
2025-04-01 00:45:04,659 - INFO - Ingress_Enter VU194SZF
2025-04-01 00:45:04,708 - INFO - Ingress_Enter B1GGTD96
2025-04-01 00:45:04,728 - INFO - Ingress_Enter LTBSGDA6
2025-04-01 00:45:04,752 - INFO - Ingress_Exit W7UTVHNI
2025-04-01 00:45:04,851 - INFO - Ingress_Enter Y1RIW0O6
2025-04-01 00:45:04,978 - INFO - Ingress_Exit 2EX2ME1B
2025-04-01 00:45:04,980 - INFO - Ingress_Exit CQ9UPZSH
2025-04-01 00:45:04,982 - INFO - Ingress_Exit OLEZQHPB
2025-04-01 00:45:05,048 - INFO - Ingress_Exit LTBSGDA6
2025-04-01 00:45:05,135 - INFO - Ingress_Enter ZXBYNKTI
2025-04-01 00:45:05,173 - INFO - Ingress_Exit VU194SZF
2025-04-01 00:45:05,173 - INFO - Ingress_Exit B1GGTD96
2025-04-01 00:45:05,176 - INFO - Ingress_Exit Y1RIW0O6
2025-04-01 00:45:05,196 - INFO - Ingress_Enter HKS36UVD
2025-04-01 00:45:05,205 - INFO - Ingress_Enter L6WTGTUZ
2025-04-01 00:45:05,273 - INFO - Ingress_Enter AITIZS0X
2025-04-01 00:45:05,380 - INFO - Ingress_Enter NE7BE06E
2025-04-01 00:45:05,401 - INFO - Ingress_Exit ZXBYNKTI
2025-04-01 00:45:05,459 - INFO - Ingress_Enter S3FGSPTY
2025-04-01 00:45:05,482 - INFO - Ingress_Exit HKS36UVD
2025-04-01 00:45:05,496 - INFO - Ingress_Enter RNHT4QIB
2025-04-01 00:45:05,526 - INFO - Ingress_Enter T4K1UEMH
2025-04-01 00:45:05,560 - INFO - Ingress_Exit L6WTGTUZ
2025-04-01 00:45:05,643 - INFO - Ingress_Enter X6SNGGC3
2025-04-01 00:45:05,646 - INFO - Ingress_Exit NE7BE06E
2025-04-01 00:45:05,718 - INFO - Ingress_Exit S3FGSPTY
2025-04-01 00:45:05,739 - INFO - Ingress_Enter HS3WAU6R
2025-04-01 00:45:05,769 - INFO - Ingress_Enter GJH413NM
2025-04-01 00:45:05,796 - INFO - Ingress_Exit AITIZS0X
2025-04-01 00:45:05,806 - INFO - Ingress_Enter G3OXKU3J
2025-04-01 00:45:06,047 - INFO - Ingress_Enter D4OXFYHK
2025-04-01 00:45:06,063 - INFO - Ingress_Exit RNHT4QIB
2025-04-01 00:45:06,064 - INFO - Ingress_Exit T4K1UEMH
2025-04-01 00:45:06,147 - INFO - Ingress_Exit X6SNGGC3
2025-04-01 00:45:06,336 - INFO - Ingress_Exit HS3WAU6R
2025-04-01 00:45:06,338 - INFO - Ingress_Exit G3OXKU3J
2025-04-01 00:45:06,369 - INFO - Ingress_Exit GJH413NM
2025-04-01 00:45:06,395 - INFO - Ingress_Enter L4FZQCCI
2025-04-01 00:45:06,423 - INFO - Ingress_Enter LAOOOO4U
2025-04-01 00:45:06,452 - INFO - Ingress_Enter W0IY0OOZ
2025-04-01 00:45:06,564 - INFO - Ingress_Exit D4OXFYHK
2025-04-01 00:45:06,683 - INFO - Ingress_Enter C8BHHGLS
2025-04-01 00:45:06,771 - INFO - Ingress_Enter 00ZHZ4N8
2025-04-01 00:45:06,794 - INFO - Ingress_Enter 26ECFRRK
2025-04-01 00:45:06,824 - INFO - Ingress_Exit L4FZQCCI
2025-04-01 00:45:06,825 - INFO - Ingress_Exit LAOOOO4U
2025-04-01 00:45:06,827 - INFO - Ingress_Exit W0IY0OOZ
2025-04-01 00:45:06,987 - INFO - Ingress_Enter 5GE98YX5
2025-04-01 00:45:07,038 - INFO - Ingress_Exit C8BHHGLS
2025-04-01 00:45:07,066 - INFO - Ingress_Enter VLKV1QMA
2025-04-01 00:45:07,144 - INFO - Ingress_Enter 9L6PSCV2
2025-04-01 00:45:07,172 - INFO - Ingress_Enter M03S8X4Y
2025-04-01 00:45:07,184 - INFO - Ingress_Exit VLKV1QMA
2025-04-01 00:45:07,446 - INFO - Ingress_Exit 00ZHZ4N8
2025-04-01 00:45:07,447 - INFO - Ingress_Exit 26ECFRRK
2025-04-01 00:45:07,449 - INFO - Ingress_Exit 5GE98YX5
2025-04-01 00:45:07,712 - INFO - Ingress_Enter HBAW6NFU
2025-04-01 00:45:07,719 - INFO - Ingress_Exit 9L6PSCV2
2025-04-01 00:45:07,899 - INFO - Ingress_Enter BHAHCFBR
2025-04-01 00:45:07,934 - INFO - Ingress_Exit M03S8X4Y
2025-04-01 00:45:07,988 - INFO - Ingress_Enter P9XBY6EO
2025-04-01 00:45:08,159 - INFO - Ingress_Exit BHAHCFBR
2025-04-01 00:45:08,238 - INFO - Ingress_Exit P9XBY6EO
2025-04-01 00:45:08,396 - INFO - Ingress_Enter U0484LUX
2025-04-01 00:45:08,444 - INFO - Ingress_Enter E68D6YKK
2025-04-01 00:45:08,502 - INFO - Ingress_Enter AH8NR1BI
2025-04-01 00:45:08,521 - INFO - Ingress_Exit U0484LUX
2025-04-01 00:45:08,546 - INFO - Ingress_Exit HBAW6NFU
2025-04-01 00:45:08,780 - INFO - Ingress_Enter W0XU9DWW
2025-04-01 00:45:08,799 - INFO - Ingress_Enter 0CS0N0HD
2025-04-01 00:45:08,906 - INFO - Ingress_Exit AH8NR1BI
2025-04-01 00:45:08,925 - INFO - Ingress_Enter SSAKAUWB
2025-04-01 00:45:09,075 - INFO - Ingress_Exit W0XU9DWW
2025-04-01 00:45:09,101 - INFO - Ingress_Enter 002XHUZI
2025-04-01 00:45:09,130 - INFO - Ingress_Enter QWTMHAU9
2025-04-01 00:45:09,159 - INFO - Ingress_Enter 0QKN1O3N
2025-04-01 00:45:09,197 - INFO - Ingress_Enter SL7I1C3Z
2025-04-01 00:45:09,273 - INFO - Ingress_Enter 3BE8FY1D
2025-04-01 00:45:09,279 - INFO - Ingress_Exit E68D6YKK
2025-04-01 00:45:09,608 - INFO - Ingress_Exit SSAKAUWB
2025-04-01 00:45:09,619 - INFO - Ingress_Exit 0CS0N0HD
2025-04-01 00:45:09,624 - INFO - Ingress_Exit 002XHUZI
2025-04-01 00:45:09,873 - INFO - Ingress_Enter S233E7WO
2025-04-01 00:45:09,990 - INFO - Ingress_Enter GZ7FYJYF
2025-04-01 00:45:10,047 - INFO - Ingress_Exit 0QKN1O3N
2025-04-01 00:45:10,049 - INFO - Ingress_Exit QWTMHAU9
2025-04-01 00:45:10,050 - INFO - Ingress_Exit SL7I1C3Z
2025-04-01 00:45:10,053 - INFO - Ingress_Exit 3BE8FY1D
2025-04-01 00:45:10,075 - INFO - Ingress_Enter C81USNRO
2025-04-01 00:45:10,327 - INFO - Ingress_Exit S233E7WO
2025-04-01 00:45:10,413 - INFO - Ingress_Exit GZ7FYJYF
2025-04-01 00:45:10,421 - INFO - Ingress_Enter 6XLHFDL9
2025-04-01 00:45:10,431 - INFO - Ingress_Enter GQYLUZG1
2025-04-01 00:45:10,509 - INFO - Ingress_Enter LO1B6AJ3
2025-04-01 00:45:10,530 - INFO - Ingress_Enter 86CE0SS7
2025-04-01 00:45:10,670 - INFO - Ingress_Exit C81USNRO
2025-04-01 00:45:10,672 - INFO - Ingress_Exit GQYLUZG1
2025-04-01 00:45:10,762 - INFO - Ingress_Enter EPWT8I4S
2025-04-01 00:45:10,769 - INFO - Ingress_Exit LO1B6AJ3
2025-04-01 00:45:10,854 - INFO - Ingress_Exit 6XLHFDL9
2025-04-01 00:45:10,874 - INFO - Ingress_Exit 86CE0SS7
2025-04-01 00:45:10,890 - INFO - Ingress_Enter 9XBUDNOF
2025-04-01 00:45:10,910 - INFO - Ingress_Enter 0YUUASH1
2025-04-01 00:45:10,929 - INFO - Ingress_Enter NNQSN3DH
2025-04-01 00:45:11,070 - INFO - Ingress_Enter 2XB603BW
2025-04-01 00:45:11,167 - INFO - Ingress_Enter 2PAG2ODT
2025-04-01 00:45:11,186 - INFO - Ingress_Enter 9LY9KPE3
2025-04-01 00:45:11,186 - INFO - Ingress_Exit EPWT8I4S
2025-04-01 00:45:11,233 - INFO - Ingress_Enter R3ZH3O39
2025-04-01 00:45:11,240 - INFO - Ingress_Exit 0YUUASH1
2025-04-01 00:45:11,245 - INFO - Ingress_Enter 0Y78MQHJ
2025-04-01 00:45:11,293 - INFO - Ingress_Enter 6G4A9A9R
2025-04-01 00:45:11,301 - INFO - Ingress_Exit 9XBUDNOF
2025-04-01 00:45:11,302 - INFO - Ingress_Exit NNQSN3DH
2025-04-01 00:45:11,447 - INFO - Ingress_Enter K7NU9TPH
2025-04-01 00:45:11,518 - INFO - Ingress_Exit 2XB603BW
2025-04-01 00:45:11,572 - INFO - Ingress_Exit 9LY9KPE3
2025-04-01 00:45:11,572 - INFO - Ingress_Exit 2PAG2ODT
2025-04-01 00:45:11,649 - INFO - Ingress_Exit R3ZH3O39
2025-04-01 00:45:11,650 - INFO - Ingress_Exit 0Y78MQHJ
2025-04-01 00:45:11,651 - INFO - Ingress_Exit 6G4A9A9R
2025-04-01 00:45:11,719 - INFO - Ingress_Exit K7NU9TPH
2025-04-01 00:45:12,391 - INFO - Ingress_Enter 9CLAVAMH
2025-04-01 00:45:12,478 - INFO - Ingress_Enter X23FJNOC
2025-04-01 00:45:12,536 - INFO - Ingress_Enter NGOQ76CB
2025-04-01 00:45:12,642 - INFO - Ingress_Enter EFOI38A3
2025-04-01 00:45:12,683 - INFO - Ingress_Exit 9CLAVAMH
2025-04-01 00:45:12,719 - INFO - Ingress_Enter 468HRUTK
2025-04-01 00:45:12,853 - INFO - Ingress_Enter 03LY9GV4
2025-04-01 00:45:12,946 - INFO - Ingress_Exit NGOQ76CB
2025-04-01 00:45:12,988 - INFO - Ingress_Enter UK11N8NY
2025-04-01 00:45:13,067 - INFO - Ingress_Enter F7DQBFTG
2025-04-01 00:45:13,115 - INFO - Ingress_Enter 75ORBMEX
2025-04-01 00:45:13,162 - INFO - Ingress_Enter 3I9SUSX4
2025-04-01 00:45:13,233 - INFO - Ingress_Exit 468HRUTK
2025-04-01 00:45:13,285 - INFO - Ingress_Exit X23FJNOC
2025-04-01 00:45:13,286 - INFO - Ingress_Exit EFOI38A3
2025-04-01 00:45:13,375 - INFO - Ingress_Enter VQPJEGR8
2025-04-01 00:45:13,385 - INFO - Ingress_Enter ZXXPSGA4
2025-04-01 00:45:13,394 - INFO - Ingress_Enter 41PFIIC2
2025-04-01 00:45:13,415 - INFO - Ingress_Exit UK11N8NY
2025-04-01 00:45:13,490 - INFO - Ingress_Enter 62097H9D
2025-04-01 00:45:13,501 - INFO - Ingress_Enter VLBLP2N0
2025-04-01 00:45:13,605 - INFO - Ingress_Exit VQPJEGR8
2025-04-01 00:45:13,649 - INFO - Ingress_Exit F7DQBFTG
2025-04-01 00:45:13,650 - INFO - Ingress_Exit 03LY9GV4
2025-04-01 00:45:13,665 - INFO - Ingress_Exit ZXXPSGA4
2025-04-01 00:45:13,741 - INFO - Ingress_Exit 41PFIIC2
2025-04-01 00:45:13,817 - INFO - Ingress_Exit 62097H9D
2025-04-01 00:45:13,968 - INFO - Ingress_Exit 75ORBMEX
2025-04-01 00:45:13,970 - INFO - Ingress_Exit 3I9SUSX4
2025-04-01 00:45:14,245 - INFO - Ingress_Exit VLBLP2N0
2025-04-01 00:45:17,596 - INFO - Ingress_Enter UAVU6AXU
2025-04-01 00:45:17,731 - INFO - Ingress_Enter TTAOU86B
2025-04-01 00:45:17,769 - INFO - Ingress_Enter WSC90BSW
2025-04-01 00:45:17,856 - INFO - Ingress_Enter EVWXDCF8
2025-04-01 00:45:17,950 - INFO - Ingress_Exit WSC90BSW
2025-04-01 00:45:17,964 - INFO - Ingress_Enter 856HW66S
2025-04-01 00:45:17,983 - INFO - Ingress_Enter EY6NMQFD
2025-04-01 00:45:18,032 - INFO - Ingress_Enter JOS1AEP8
2025-04-01 00:45:18,141 - INFO - Ingress_Exit EVWXDCF8
2025-04-01 00:45:18,143 - INFO - Ingress_Exit UAVU6AXU
2025-04-01 00:45:18,145 - INFO - Ingress_Exit TTAOU86B
2025-04-01 00:45:18,177 - INFO - Ingress_Exit 856HW66S
2025-04-01 00:45:18,185 - INFO - Ingress_Enter NKNZM970
2025-04-01 00:45:18,203 - INFO - Ingress_Enter LJDBHPB8
2025-04-01 00:45:18,301 - INFO - Ingress_Enter Z89P6Y7J
2025-04-01 00:45:18,340 - INFO - Ingress_Exit EY6NMQFD
2025-04-01 00:45:18,391 - INFO - Ingress_Exit JOS1AEP8
2025-04-01 00:45:18,418 - INFO - Ingress_Enter LW7Q4YVQ
2025-04-01 00:45:18,465 - INFO - Ingress_Exit NKNZM970
2025-04-01 00:45:18,510 - INFO - Ingress_Exit LJDBHPB8
2025-04-01 00:45:18,555 - INFO - Ingress_Exit Z89P6Y7J
2025-04-01 00:45:18,575 - INFO - Ingress_Enter 42UZTAFR
2025-04-01 00:45:18,683 - INFO - Ingress_Enter JEEL85AK
2025-04-01 00:45:18,770 - INFO - Ingress_Enter 0BZS0Z9S
2025-04-01 00:45:18,819 - INFO - Ingress_Enter QAG2Q3H0
2025-04-01 00:45:18,860 - INFO - Ingress_Exit 42UZTAFR
2025-04-01 00:45:18,919 - INFO - Ingress_Exit JEEL85AK
2025-04-01 00:45:18,957 - INFO - Ingress_Exit LW7Q4YVQ
2025-04-01 00:45:18,968 - INFO - Ingress_Enter 8HUP5ZM3
2025-04-01 00:45:19,047 - INFO - Ingress_Enter Q59AM57S
2025-04-01 00:45:19,082 - INFO - Ingress_Exit QAG2Q3H0
2025-04-01 00:45:19,173 - INFO - Ingress_Enter 43XBATQ6
2025-04-01 00:45:19,203 - INFO - Ingress_Enter LZ5YGC8X
2025-04-01 00:45:19,224 - INFO - Ingress_Exit 0BZS0Z9S
2025-04-01 00:45:19,331 - INFO - Ingress_Enter 8U20B0Y5
2025-04-01 00:45:19,367 - INFO - Ingress_Exit 8HUP5ZM3
2025-04-01 00:45:19,445 - INFO - Ingress_Exit Q59AM57S
2025-04-01 00:45:19,522 - INFO - Ingress_Exit LZ5YGC8X
2025-04-01 00:45:19,527 - INFO - Ingress_Exit 43XBATQ6
2025-04-01 00:45:19,563 - INFO - Ingress_Enter 8TJZV9HN
2025-04-01 00:45:19,611 - INFO - Ingress_Enter IUISFIIV
2025-04-01 00:45:19,669 - INFO - Ingress_Enter VR8UDUHI
2025-04-01 00:45:19,717 - INFO - Ingress_Exit 8U20B0Y5
2025-04-01 00:45:19,726 - INFO - Ingress_Enter TNX2HINF
2025-04-01 00:45:19,814 - INFO - Ingress_Enter WLP764HA
2025-04-01 00:45:19,823 - INFO - Ingress_Enter XIYENCZK
2025-04-01 00:45:19,874 - INFO - Ingress_Enter X9LK4S3H
2025-04-01 00:45:19,928 - INFO - Ingress_Exit IUISFIIV
2025-04-01 00:45:20,077 - INFO - Ingress_Exit VR8UDUHI
2025-04-01 00:45:20,136 - INFO - Ingress_Enter 4SQ4O8M0
2025-04-01 00:45:20,137 - INFO - Ingress_Exit 8TJZV9HN
2025-04-01 00:45:20,141 - INFO - Ingress_Exit TNX2HINF
2025-04-01 00:45:20,189 - INFO - Ingress_Exit X9LK4S3H
2025-04-01 00:45:20,190 - INFO - Ingress_Exit XIYENCZK
2025-04-01 00:45:20,250 - INFO - Ingress_Exit WLP764HA
2025-04-01 00:45:20,401 - INFO - Ingress_Enter 08LL6O4U
2025-04-01 00:45:20,457 - INFO - Ingress_Enter EOYXYXZF
2025-04-01 00:45:20,496 - INFO - Ingress_Enter 17UGI49Y
2025-04-01 00:45:20,529 - INFO - Ingress_Exit 4SQ4O8M0
2025-04-01 00:45:20,552 - INFO - Ingress_Enter HISKGC2N
2025-04-01 00:45:20,612 - INFO - Ingress_Enter WALYY7Y4
2025-04-01 00:45:20,687 - INFO - Ingress_Enter Y0W0SY6S
2025-04-01 00:45:20,689 - INFO - Ingress_Exit 08LL6O4U
2025-04-01 00:45:20,746 - INFO - Ingress_Enter CEWIJD2Y
2025-04-01 00:45:20,777 - INFO - Ingress_Exit EOYXYXZF
2025-04-01 00:45:20,795 - INFO - Ingress_Exit HISKGC2N
2025-04-01 00:45:20,909 - INFO - Ingress_Exit WALYY7Y4
2025-04-01 00:45:20,928 - INFO - Ingress_Exit 17UGI49Y
2025-04-01 00:45:21,032 - INFO - Ingress_Exit Y0W0SY6S
2025-04-01 00:45:21,178 - INFO - Ingress_Exit CEWIJD2Y
2025-04-01 00:45:21,264 - INFO - Ingress_Enter 8LCKYAZ0
2025-04-01 00:45:21,291 - INFO - Ingress_Enter T97CVRIW
2025-04-01 00:45:21,302 - INFO - Ingress_Enter NTCDB7A3
2025-04-01 00:45:21,407 - INFO - Ingress_Exit T97CVRIW
2025-04-01 00:45:21,411 - INFO - Ingress_Enter 3RRAJPGA
2025-04-01 00:45:21,448 - INFO - Ingress_Enter R5MIUYND
2025-04-01 00:45:21,469 - INFO - Ingress_Exit NTCDB7A3
2025-04-01 00:45:21,555 - INFO - Ingress_Exit 8LCKYAZ0
2025-04-01 00:45:21,611 - INFO - Ingress_Enter DFHUF3VC
2025-04-01 00:45:21,619 - INFO - Ingress_Exit R5MIUYND
2025-04-01 00:45:21,630 - INFO - Ingress_Enter UEA2VKEY
2025-04-01 00:45:21,678 - INFO - Ingress_Exit 3RRAJPGA
2025-04-01 00:45:21,730 - INFO - Ingress_Enter UVQORW0Q
2025-04-01 00:45:21,893 - INFO - Ingress_Enter 0KZE4TI8
2025-04-01 00:45:22,006 - INFO - Ingress_Exit DFHUF3VC
2025-04-01 00:45:22,057 - INFO - Ingress_Enter QTTUCXVN
2025-04-01 00:45:22,095 - INFO - Ingress_Enter 1535E4CX
2025-04-01 00:45:22,106 - INFO - Ingress_Enter NIL4HBBD
2025-04-01 00:45:22,176 - INFO - Ingress_Exit 0KZE4TI8
2025-04-01 00:45:22,196 - INFO - Ingress_Exit UEA2VKEY
2025-04-01 00:45:22,198 - INFO - Ingress_Exit UVQORW0Q
2025-04-01 00:45:22,368 - INFO - Ingress_Exit QTTUCXVN
2025-04-01 00:45:22,454 - INFO - Ingress_Exit 1535E4CX
2025-04-01 00:45:22,510 - INFO - Ingress_Exit NIL4HBBD
2025-04-01 00:45:22,572 - INFO - Ingress_Enter E0YR81S8
2025-04-01 00:45:22,622 - INFO - Ingress_Enter MSGYK3BL
2025-04-01 00:45:22,671 - INFO - Ingress_Enter NG7FP4T4
2025-04-01 00:45:22,680 - INFO - Ingress_Enter J6NR5UDF
2025-04-01 00:45:22,817 - INFO - Ingress_Enter KJH8GGKS
2025-04-01 00:45:23,025 - INFO - Ingress_Exit E0YR81S8
2025-04-01 00:45:23,048 - INFO - Ingress_Exit MSGYK3BL
2025-04-01 00:45:23,094 - INFO - Ingress_Exit KJH8GGKS
2025-04-01 00:45:23,125 - INFO - Ingress_Exit NG7FP4T4
2025-04-01 00:45:23,255 - INFO - Ingress_Enter XSAQ1VRG
2025-04-01 00:45:23,274 - INFO - Ingress_Enter 55T7YELW
2025-04-01 00:45:23,280 - INFO - Ingress_Exit J6NR5UDF
2025-04-01 00:45:23,331 - INFO - Ingress_Enter BQNQIF83
2025-04-01 00:45:23,380 - INFO - Ingress_Enter 8TQY2WLU
2025-04-01 00:45:23,447 - INFO - Ingress_Enter HFCVRP80
2025-04-01 00:45:23,526 - INFO - Ingress_Enter G0Y4KWFM
2025-04-01 00:45:23,545 - INFO - Ingress_Exit 55T7YELW
2025-04-01 00:45:23,581 - INFO - Ingress_Exit XSAQ1VRG
2025-04-01 00:45:23,595 - INFO - Ingress_Exit 8TQY2WLU
2025-04-01 00:45:23,706 - INFO - Ingress_Exit HFCVRP80
2025-04-01 00:45:23,852 - INFO - Ingress_Exit G0Y4KWFM
2025-04-01 00:45:23,868 - INFO - Ingress_Exit BQNQIF83
2025-04-01 00:45:23,952 - INFO - Ingress_Enter VGD95STA
2025-04-01 00:45:23,971 - INFO - Ingress_Enter SGBHS75Y
2025-04-01 00:45:23,980 - INFO - Ingress_Enter AVMQ2JTW
2025-04-01 00:45:24,009 - INFO - Ingress_Enter 3R0BXYSO
2025-04-01 00:45:24,018 - INFO - Ingress_Enter ITHQU220
2025-04-01 00:45:24,096 - INFO - Ingress_Enter KAHW9DW7
2025-04-01 00:45:24,176 - INFO - Ingress_Exit SGBHS75Y
2025-04-01 00:45:24,212 - INFO - Ingress_Exit AVMQ2JTW
2025-04-01 00:45:24,225 - INFO - Ingress_Enter 8IUF05YI
2025-04-01 00:45:24,275 - INFO - Ingress_Exit VGD95STA
2025-04-01 00:45:24,329 - INFO - Ingress_Exit KAHW9DW7
2025-04-01 00:45:24,443 - INFO - Ingress_Exit 8IUF05YI
2025-04-01 00:45:24,507 - INFO - Ingress_Exit ITHQU220
2025-04-01 00:45:24,508 - INFO - Ingress_Exit 3R0BXYSO
2025-04-01 00:45:24,776 - INFO - Ingress_Enter EQRLQSYY
2025-04-01 00:45:24,854 - INFO - Ingress_Enter NVUGRRNZ
2025-04-01 00:45:24,872 - INFO - Ingress_Enter NXXWV354
2025-04-01 00:45:24,941 - INFO - Ingress_Enter UB220XEV
2025-04-01 00:45:24,951 - INFO - Ingress_Enter QP2F1AT1
2025-04-01 00:45:24,961 - INFO - Ingress_Enter INFKJ4SK
2025-04-01 00:45:24,980 - INFO - Ingress_Enter KA997CSO
2025-04-01 00:45:25,019 - INFO - Ingress_Enter PWTEPP30
2025-04-01 00:45:25,117 - INFO - Ingress_Exit NVUGRRNZ
2025-04-01 00:45:25,164 - INFO - Ingress_Enter 38TQOUT1
2025-04-01 00:45:25,203 - INFO - Ingress_Enter I3ZTWQI2
2025-04-01 00:45:25,290 - INFO - Ingress_Exit EQRLQSYY
2025-04-01 00:45:25,293 - INFO - Ingress_Exit INFKJ4SK
2025-04-01 00:45:25,293 - INFO - Ingress_Exit KA997CSO
2025-04-01 00:45:25,346 - INFO - Ingress_Exit UB220XEV
2025-04-01 00:45:25,458 - INFO - Ingress_Exit NXXWV354
2025-04-01 00:45:25,461 - INFO - Ingress_Exit QP2F1AT1
2025-04-01 00:45:25,565 - INFO - Ingress_Exit PWTEPP30
2025-04-01 00:45:25,614 - INFO - Ingress_Exit 38TQOUT1
2025-04-01 00:45:25,859 - INFO - Ingress_Exit I3ZTWQI2
2025-04-01 00:45:35,301 - INFO - Ingress_Enter OATZ3QQQ
2025-04-01 00:45:35,554 - INFO - Ingress_Exit OATZ3QQQ
2025-04-01 00:45:35,555 - INFO - Ingress_Enter U2HPL7Y1
2025-04-01 00:45:35,564 - INFO - Ingress_Enter K59RYZNA
2025-04-01 00:45:35,622 - INFO - Ingress_Enter FFVEER7C
2025-04-01 00:45:35,739 - INFO - Ingress_Enter 64AH75YT
2025-04-01 00:45:35,780 - INFO - Ingress_Enter W0K4NX51
2025-04-01 00:45:35,876 - INFO - Ingress_Exit 64AH75YT
2025-04-01 00:45:35,980 - INFO - Ingress_Exit FFVEER7C
2025-04-01 00:45:36,011 - INFO - Ingress_Exit U2HPL7Y1
2025-04-01 00:45:36,012 - INFO - Ingress_Exit K59RYZNA
2025-04-01 00:45:36,208 - INFO - Ingress_Enter CPZZ35BT
2025-04-01 00:45:36,269 - INFO - Ingress_Exit W0K4NX51
2025-04-01 00:45:36,348 - INFO - Ingress_Enter O0RU4OZP
2025-04-01 00:45:36,557 - INFO - Ingress_Exit CPZZ35BT
2025-04-01 00:45:36,571 - INFO - Ingress_Enter A9C8E08A
2025-04-01 00:45:36,591 - INFO - Ingress_Enter BEQAN3Y7
2025-04-01 00:45:36,634 - INFO - Ingress_Exit O0RU4OZP
2025-04-01 00:45:36,687 - INFO - Ingress_Enter VX3NGQ24
2025-04-01 00:45:36,745 - INFO - Ingress_Enter G8MKTH91
2025-04-01 00:45:36,774 - INFO - Ingress_Enter 3AOF4AQ2
2025-04-01 00:45:36,878 - INFO - Ingress_Exit A9C8E08A
2025-04-01 00:45:36,879 - INFO - Ingress_Exit BEQAN3Y7
2025-04-01 00:45:36,966 - INFO - Ingress_Enter UQ8R0Z1S
2025-04-01 00:45:36,976 - INFO - Ingress_Enter TUAUVHRR
2025-04-01 00:45:36,985 - INFO - Ingress_Enter AKB256XX
2025-04-01 00:45:37,001 - INFO - Ingress_Exit VX3NGQ24
2025-04-01 00:45:37,003 - INFO - Ingress_Exit G8MKTH91
2025-04-01 00:45:37,177 - INFO - Ingress_Exit 3AOF4AQ2
2025-04-01 00:45:37,384 - INFO - Ingress_Enter BCCGG8AC
2025-04-01 00:45:37,468 - INFO - Ingress_Exit UQ8R0Z1S
2025-04-01 00:45:37,479 - INFO - Ingress_Enter 7F60XHNT
2025-04-01 00:45:37,558 - INFO - Ingress_Exit TUAUVHRR
2025-04-01 00:45:37,724 - INFO - Ingress_Exit AKB256XX
2025-04-01 00:45:37,829 - INFO - Ingress_Exit 7F60XHNT
2025-04-01 00:45:37,956 - INFO - Ingress_Enter BT0C3M9I
2025-04-01 00:45:37,986 - INFO - Ingress_Enter BKR9L5BE
2025-04-01 00:45:38,050 - INFO - Ingress_Exit BCCGG8AC
2025-04-01 00:45:38,091 - INFO - Ingress_Enter EXK5VYDC
2025-04-01 00:45:38,284 - INFO - Ingress_Enter I7JO25KC
2025-04-01 00:45:38,303 - INFO - Ingress_Enter MO6H03OV
2025-04-01 00:45:38,323 - INFO - Ingress_Exit BT0C3M9I
2025-04-01 00:45:38,390 - INFO - Ingress_Enter 8GM4YJBZ
2025-04-01 00:45:38,520 - INFO - Ingress_Exit BKR9L5BE
2025-04-01 00:45:38,626 - INFO - Ingress_Enter JG7HJKN7
2025-04-01 00:45:38,635 - INFO - Ingress_Enter Q8ITNPSY
2025-04-01 00:45:38,640 - INFO - Ingress_Exit EXK5VYDC
2025-04-01 00:45:38,661 - INFO - Ingress_Exit MO6H03OV
2025-04-01 00:45:38,764 - INFO - Ingress_Exit I7JO25KC
2025-04-01 00:45:38,818 - INFO - Ingress_Exit 8GM4YJBZ
2025-04-01 00:45:38,820 - INFO - Ingress_Exit JG7HJKN7
2025-04-01 00:45:39,043 - INFO - Ingress_Enter R9IEPKLB
2025-04-01 00:45:39,108 - INFO - Ingress_Exit Q8ITNPSY
2025-04-01 00:45:39,129 - INFO - Ingress_Enter 312KG3IG
2025-04-01 00:45:39,292 - INFO - Ingress_Exit R9IEPKLB
2025-04-01 00:45:39,353 - INFO - Ingress_Enter WBT4BH5V
2025-04-01 00:45:39,541 - INFO - Ingress_Enter 3N5PBMIK
2025-04-01 00:45:39,596 - INFO - Ingress_Enter 20A4TRET
2025-04-01 00:45:39,604 - INFO - Ingress_Exit 312KG3IG
2025-04-01 00:45:39,614 - INFO - Ingress_Exit WBT4BH5V
2025-04-01 00:45:39,616 - INFO - Ingress_Enter XGBBOIIB
2025-04-01 00:45:39,682 - INFO - Ingress_Enter 1TV5QVPH
2025-04-01 00:45:39,770 - INFO - Ingress_Enter 02FH0RX0
2025-04-01 00:45:39,791 - INFO - Ingress_Exit 3N5PBMIK
2025-04-01 00:45:39,888 - INFO - Ingress_Exit 20A4TRET
2025-04-01 00:45:39,956 - INFO - Ingress_Enter 8RNZSG5X
2025-04-01 00:45:39,975 - INFO - Ingress_Enter KJW4XW1G
2025-04-01 00:45:40,019 - INFO - Ingress_Exit 1TV5QVPH
2025-04-01 00:45:40,109 - INFO - Ingress_Exit 8RNZSG5X
2025-04-01 00:45:40,142 - INFO - Ingress_Exit KJW4XW1G
2025-04-01 00:45:40,171 - INFO - Ingress_Enter J6DM078H
2025-04-01 00:45:40,173 - INFO - Ingress_Exit XGBBOIIB
2025-04-01 00:45:40,267 - INFO - Ingress_Exit 02FH0RX0
2025-04-01 00:45:40,309 - INFO - Ingress_Enter CUS02YQQ
2025-04-01 00:45:40,319 - INFO - Ingress_Enter FQBFL7W8
2025-04-01 00:45:40,407 - INFO - Ingress_Enter S8LS8ERK
2025-04-01 00:45:40,487 - INFO - Ingress_Enter W9DDHAL7
2025-04-01 00:45:40,602 - INFO - Ingress_Exit J6DM078H
2025-04-01 00:45:40,723 - INFO - Ingress_Exit CUS02YQQ
2025-04-01 00:45:40,724 - INFO - Ingress_Exit FQBFL7W8
2025-04-01 00:45:40,749 - INFO - Ingress_Enter X704QWNH
2025-04-01 00:45:40,785 - INFO - Ingress_Exit W9DDHAL7
2025-04-01 00:45:40,788 - INFO - Ingress_Enter L1WZE9LI
2025-04-01 00:45:40,912 - INFO - Ingress_Exit S8LS8ERK
2025-04-01 00:45:40,992 - INFO - Ingress_Enter ABJUL9C6
2025-04-01 00:45:41,011 - INFO - Ingress_Enter LIJJXA2I
2025-04-01 00:45:41,083 - INFO - Ingress_Exit X704QWNH
2025-04-01 00:45:41,208 - INFO - Ingress_Exit L1WZE9LI
2025-04-01 00:45:41,210 - INFO - Ingress_Exit ABJUL9C6
2025-04-01 00:45:41,253 - INFO - Ingress_Exit LIJJXA2I
2025-04-01 00:45:41,283 - INFO - Ingress_Enter Z1E1I9HO
2025-04-01 00:45:41,293 - INFO - Ingress_Enter SRO9ODYV
2025-04-01 00:45:41,360 - INFO - Ingress_Enter UOZFAO7P
2025-04-01 00:45:41,438 - INFO - Ingress_Enter 43AEF6TG
2025-04-01 00:45:41,509 - INFO - Ingress_Enter DHKY8GHX
2025-04-01 00:45:41,665 - INFO - Ingress_Exit Z1E1I9HO
2025-04-01 00:45:41,666 - INFO - Ingress_Exit SRO9ODYV
2025-04-01 00:45:41,692 - INFO - Ingress_Exit UOZFAO7P
2025-04-01 00:45:41,756 - INFO - Ingress_Exit 43AEF6TG
2025-04-01 00:45:41,867 - INFO - Ingress_Exit DHKY8GHX
2025-04-01 00:45:41,998 - INFO - Ingress_Enter SYP8WBYX
2025-04-01 00:45:42,055 - INFO - Ingress_Enter YE6TY8O5
2025-04-01 00:45:42,094 - INFO - Ingress_Enter SVV904EC
2025-04-01 00:45:42,281 - INFO - Ingress_Enter W0BIPVYO
2025-04-01 00:45:42,354 - INFO - Ingress_Exit YE6TY8O5
2025-04-01 00:45:42,416 - INFO - Ingress_Exit SYP8WBYX
2025-04-01 00:45:42,435 - INFO - Ingress_Exit SVV904EC
2025-04-01 00:45:42,493 - INFO - Ingress_Enter YNWSDKF3
2025-04-01 00:45:42,540 - INFO - Ingress_Enter ICIMWQG5
2025-04-01 00:45:42,573 - INFO - Ingress_Exit W0BIPVYO
2025-04-01 00:45:42,688 - INFO - Ingress_Enter XVGK5UCH
2025-04-01 00:45:42,725 - INFO - Ingress_Enter ZIPN20N0
2025-04-01 00:45:42,745 - INFO - Ingress_Enter O9WI1PKR
2025-04-01 00:45:42,773 - INFO - Ingress_Exit YNWSDKF3
2025-04-01 00:45:42,801 - INFO - Ingress_Exit ICIMWQG5
2025-04-01 00:45:42,943 - INFO - Ingress_Exit XVGK5UCH
2025-04-01 00:45:43,077 - INFO - Ingress_Exit ZIPN20N0
2025-04-01 00:45:43,078 - INFO - Ingress_Exit O9WI1PKR
2025-04-01 00:45:43,293 - INFO - Ingress_Enter PCL8H2U2
2025-04-01 00:45:43,361 - INFO - Ingress_Enter XAOMGILE
2025-04-01 00:45:43,389 - INFO - Ingress_Enter BVVH6CN3
2025-04-01 00:45:43,554 - INFO - Ingress_Exit XAOMGILE
2025-04-01 00:45:43,623 - INFO - Ingress_Enter UQNUIT9T
2025-04-01 00:45:43,652 - INFO - Ingress_Enter 85W9LJLE
2025-04-01 00:45:43,661 - INFO - Ingress_Exit PCL8H2U2
2025-04-01 00:45:43,711 - INFO - Ingress_Enter FUCJL1TK
2025-04-01 00:45:43,781 - INFO - Ingress_Exit BVVH6CN3
2025-04-01 00:45:43,857 - INFO - Ingress_Exit UQNUIT9T
2025-04-01 00:45:43,963 - INFO - Ingress_Exit 85W9LJLE
2025-04-01 00:45:43,964 - INFO - Ingress_Enter X87NWM62
2025-04-01 00:45:44,009 - INFO - Ingress_Enter CE4D0IEN
2025-04-01 00:45:44,011 - INFO - Ingress_Exit FUCJL1TK
2025-04-01 00:45:44,018 - INFO - Ingress_Enter YWQXC2ST
2025-04-01 00:45:44,028 - INFO - Ingress_Enter 8J50Y4VT
2025-04-01 00:45:44,142 - INFO - Ingress_Exit X87NWM62
2025-04-01 00:45:44,223 - INFO - Ingress_Exit 8J50Y4VT
2025-04-01 00:45:44,262 - INFO - Ingress_Exit CE4D0IEN
2025-04-01 00:45:44,288 - INFO - Ingress_Exit YWQXC2ST
2025-04-01 00:45:44,493 - INFO - Ingress_Enter 42T1U1OI
2025-04-01 00:45:44,578 - INFO - Ingress_Enter 5YAAN9RU
2025-04-01 00:45:44,636 - INFO - Ingress_Enter X4FWQ6IR
2025-04-01 00:45:44,645 - INFO - Ingress_Enter IDBGTR3Z
2025-04-01 00:45:44,684 - INFO - Ingress_Enter CICOLCWO
2025-04-01 00:45:44,860 - INFO - Ingress_Exit 42T1U1OI
2025-04-01 00:45:44,893 - INFO - Ingress_Exit X4FWQ6IR
2025-04-01 00:45:44,895 - INFO - Ingress_Exit IDBGTR3Z
2025-04-01 00:45:44,897 - INFO - Ingress_Enter 6QJ3663C
2025-04-01 00:45:44,993 - INFO - Ingress_Exit CICOLCWO
2025-04-01 00:45:44,994 - INFO - Ingress_Exit 5YAAN9RU
2025-04-01 00:45:45,047 - INFO - Ingress_Exit 6QJ3663C
2025-04-01 00:45:45,418 - INFO - Ingress_Enter BTOV3GFU
2025-04-01 00:45:45,503 - INFO - Ingress_Enter 4ZOVBWWE
2025-04-01 00:45:45,533 - INFO - Ingress_Enter Z379H0BK
2025-04-01 00:45:45,615 - INFO - Ingress_Enter XU8Y1NR8
2025-04-01 00:45:45,752 - INFO - Ingress_Enter ZMFFO6S2
2025-04-01 00:45:45,773 - INFO - Ingress_Exit Z379H0BK
2025-04-01 00:45:45,841 - INFO - Ingress_Enter NEJ58IZU
2025-04-01 00:45:45,854 - INFO - Ingress_Exit BTOV3GFU
2025-04-01 00:45:45,891 - INFO - Ingress_Enter KBKWPWYX
2025-04-01 00:45:45,949 - INFO - Ingress_Exit XU8Y1NR8
2025-04-01 00:45:46,057 - INFO - Ingress_Enter ZVQMNCF5
2025-04-01 00:45:46,094 - INFO - Ingress_Exit 4ZOVBWWE
2025-04-01 00:45:46,095 - INFO - Ingress_Exit ZMFFO6S2
2025-04-01 00:45:46,114 - INFO - Ingress_Exit NEJ58IZU
2025-04-01 00:45:46,135 - INFO - Ingress_Enter QASHKRTO
2025-04-01 00:45:46,232 - INFO - Ingress_Enter OMDXR2SZ
2025-04-01 00:45:46,290 - INFO - Ingress_Enter YV0FPJAR
2025-04-01 00:45:46,357 - INFO - Ingress_Enter JBO8FRAK
2025-04-01 00:45:46,395 - INFO - Ingress_Exit KBKWPWYX
2025-04-01 00:45:46,397 - INFO - Ingress_Exit ZVQMNCF5
2025-04-01 00:45:46,513 - INFO - Ingress_Enter RED6J9DO
2025-04-01 00:45:46,523 - INFO - Ingress_Exit QASHKRTO
2025-04-01 00:45:46,524 - INFO - Ingress_Exit OMDXR2SZ
2025-04-01 00:45:46,584 - INFO - Ingress_Exit JBO8FRAK
2025-04-01 00:45:46,729 - INFO - Ingress_Exit YV0FPJAR
2025-04-01 00:45:46,917 - INFO - Ingress_Exit RED6J9DO
