2025-04-01 04:44:07,149 - INFO - Ingress_Enter CQ70R2XX
2025-04-01 04:44:07,246 - INFO - Ingress_Enter W06013YE
2025-04-01 04:44:07,425 - INFO - Ingress_Enter MGHT1U65
2025-04-01 04:44:08,580 - INFO - Ingress_Enter FHDZVAV2
2025-04-01 04:44:08,620 - INFO - Ingress_Enter QM3JCDKI
2025-04-01 04:44:08,659 - INFO - Ingress_Enter JKT4M7X6
2025-04-01 04:44:08,739 - INFO - Ingress_Enter 7P0C7RW1
2025-04-01 04:44:09,537 - INFO - Ingress_Exit W06013YE
2025-04-01 04:44:09,539 - INFO - Ingress_Exit CQ70R2XX
2025-04-01 04:44:09,540 - INFO - Ingress_Exit MGHT1U65
2025-04-01 04:44:09,554 - INFO - Ingress_Enter INA4MGLD
2025-04-01 04:44:09,808 - INFO - Ingress_Exit FHDZVAV2
2025-04-01 04:44:09,809 - INFO - Ingress_Exit QM3JCDKI
2025-04-01 04:44:09,810 - INFO - Ingress_Exit JKT4M7X6
2025-04-01 04:44:09,812 - INFO - Ingress_Exit 7P0C7RW1
2025-04-01 04:44:09,873 - INFO - Ingress_Enter 6A20G22P
2025-04-01 04:44:09,952 - INFO - Ingress_Enter ZJ8XVKWW
2025-04-01 04:44:10,092 - INFO - Ingress_Enter GH2L5FCW
2025-04-01 04:44:10,512 - INFO - Ingress_Enter HPKSOTI2
2025-04-01 04:44:10,611 - INFO - Ingress_Exit INA4MGLD
2025-04-01 04:44:10,690 - INFO - Ingress_Enter JTM0FP4V
2025-04-01 04:44:10,730 - INFO - Ingress_Enter 064L2L03
2025-04-01 04:44:10,790 - INFO - Ingress_Enter ZXF25J91
2025-04-01 04:44:10,882 - INFO - Ingress_Exit 6A20G22P
2025-04-01 04:44:11,329 - INFO - Ingress_Exit ZJ8XVKWW
2025-04-01 04:44:11,367 - INFO - Ingress_Enter SS95DB9X
2025-04-01 04:44:11,580 - INFO - Ingress_Exit GH2L5FCW
2025-04-01 04:44:11,986 - INFO - Ingress_Enter OHTVYLTN
2025-04-01 04:44:12,048 - INFO - Ingress_Enter 5JHEDCWJ
2025-04-01 04:44:12,283 - INFO - Ingress_Exit HPKSOTI2
2025-04-01 04:44:12,283 - INFO - Ingress_Exit 064L2L03
2025-04-01 04:44:12,285 - INFO - Ingress_Exit JTM0FP4V
2025-04-01 04:44:12,601 - INFO - Ingress_Enter GGKZTNTJ
2025-04-01 04:44:12,741 - INFO - Ingress_Exit ZXF25J91
2025-04-01 04:44:12,931 - INFO - Ingress_Enter GH0JIW4X
2025-04-01 04:44:13,000 - INFO - Ingress_Exit SS95DB9X
2025-04-01 04:44:13,096 - INFO - Ingress_Exit OHTVYLTN
2025-04-01 04:44:13,110 - INFO - Ingress_Enter 5WH0BY03
2025-04-01 04:44:13,172 - INFO - Ingress_Enter 4QR91OYZ
2025-04-01 04:44:13,249 - INFO - Ingress_Enter S88ZB87D
2025-04-01 04:44:13,613 - INFO - Ingress_Enter MFLSTAKJ
2025-04-01 04:44:13,701 - INFO - Ingress_Exit 5JHEDCWJ
2025-04-01 04:44:13,833 - INFO - Ingress_Enter AT79ST6M
2025-04-01 04:44:14,033 - INFO - Ingress_Exit GGKZTNTJ
2025-04-01 04:44:14,035 - INFO - Ingress_Exit GH0JIW4X
2025-04-01 04:44:14,352 - INFO - Ingress_Enter SC7LZ9QH
2025-04-01 04:44:14,489 - INFO - Ingress_Exit 5WH0BY03
2025-04-01 04:44:14,490 - INFO - Ingress_Exit 4QR91OYZ
2025-04-01 04:44:14,531 - INFO - Ingress_Enter 0HHSI7X7
2025-04-01 04:44:14,552 - INFO - Ingress_Enter WZVQW5EU
2025-04-01 04:44:14,691 - INFO - Ingress_Enter MKOMI4G0
2025-04-01 04:44:14,889 - INFO - Ingress_Exit S88ZB87D
2025-04-01 04:44:14,891 - INFO - Ingress_Exit MFLSTAKJ
2025-04-01 04:44:15,170 - INFO - Ingress_Enter 9M9A3L43
2025-04-01 04:44:15,332 - INFO - Ingress_Enter YD34QCEP
2025-04-01 04:44:15,683 - INFO - Ingress_Exit AT79ST6M
2025-04-01 04:44:15,685 - INFO - Ingress_Exit SC7LZ9QH
2025-04-01 04:44:15,836 - INFO - Ingress_Enter VGW3NXIY
2025-04-01 04:44:16,720 - INFO - Ingress_Enter BCDB4IU5
2025-04-01 04:44:16,802 - INFO - Ingress_Exit 0HHSI7X7
2025-04-01 04:44:16,804 - INFO - Ingress_Exit WZVQW5EU
2025-04-01 04:44:17,241 - INFO - Ingress_Enter PTXJPBMG
2025-04-01 04:44:17,260 - INFO - Ingress_Enter DAYQEEEQ
2025-04-01 04:44:17,581 - INFO - Ingress_Enter 415PL16K
2025-04-01 04:44:17,802 - INFO - Ingress_Enter OZPX119J
2025-04-01 04:44:19,932 - INFO - Ingress_Exit MKOMI4G0
2025-04-01 04:44:19,933 - INFO - Ingress_Exit 9M9A3L43
2025-04-01 04:44:19,937 - INFO - Ingress_Exit YD34QCEP
2025-04-01 04:44:19,938 - INFO - Ingress_Exit VGW3NXIY
2025-04-01 04:44:19,938 - INFO - Ingress_Exit BCDB4IU5
2025-04-01 04:44:19,939 - INFO - Ingress_Exit 415PL16K
2025-04-01 04:44:19,940 - INFO - Ingress_Exit PTXJPBMG
2025-04-01 04:44:19,941 - INFO - Ingress_Exit DAYQEEEQ
2025-04-01 04:44:20,663 - INFO - Ingress_Exit OZPX119J
2025-04-01 04:44:27,874 - INFO - Ingress_Enter PVY0IMO0
2025-04-01 04:44:27,893 - INFO - Ingress_Enter LWAZMHHA
2025-04-01 04:44:28,194 - INFO - Ingress_Enter AIP6L2JW
2025-04-01 04:44:28,515 - INFO - Ingress_Enter IQIJBJU9
2025-04-01 04:44:28,574 - INFO - Ingress_Enter 83C8VVHT
2025-04-01 04:44:28,753 - INFO - Ingress_Enter ETFE1V22
2025-04-01 04:44:28,798 - INFO - Ingress_Enter KYPAK9ZO
2025-04-01 04:44:29,135 - INFO - Ingress_Enter BRZ3L4EG
2025-04-01 04:44:29,174 - INFO - Ingress_Enter XHFX4M9C
2025-04-01 04:44:30,943 - INFO - Ingress_Exit PVY0IMO0
2025-04-01 04:44:31,129 - INFO - Ingress_Exit LWAZMHHA
2025-04-01 04:44:31,131 - INFO - Ingress_Exit AIP6L2JW
2025-04-01 04:44:31,406 - INFO - Ingress_Exit IQIJBJU9
2025-04-01 04:44:31,408 - INFO - Ingress_Exit 83C8VVHT
2025-04-01 04:44:31,410 - INFO - Ingress_Exit ETFE1V22
2025-04-01 04:44:31,659 - INFO - Ingress_Exit KYPAK9ZO
2025-04-01 04:44:31,705 - INFO - Ingress_Enter 01PLXM8H
2025-04-01 04:44:31,725 - INFO - Ingress_Enter 5E3421AP
2025-04-01 04:44:31,760 - INFO - Ingress_Exit BRZ3L4EG
2025-04-01 04:44:32,114 - INFO - Ingress_Exit XHFX4M9C
2025-04-01 04:44:32,490 - INFO - Ingress_Exit 01PLXM8H
2025-04-01 04:44:32,606 - INFO - Ingress_Enter RANPG0NE
2025-04-01 04:44:32,846 - INFO - Ingress_Exit 5E3421AP
2025-04-01 04:44:32,987 - INFO - Ingress_Enter LFAJHEOS
2025-04-01 04:44:33,346 - INFO - Ingress_Enter IY8DJLIE
2025-04-01 04:44:33,365 - INFO - Ingress_Enter 5RR96VL4
2025-04-01 04:44:33,567 - INFO - Ingress_Enter GSOOB9SV
2025-04-01 04:44:33,747 - INFO - Ingress_Enter YB30HJAE
2025-04-01 04:44:33,825 - INFO - Ingress_Exit RANPG0NE
2025-04-01 04:44:33,924 - INFO - Ingress_Exit LFAJHEOS
2025-04-01 04:44:34,107 - INFO - Ingress_Enter 6IHVZ7OZ
2025-04-01 04:44:34,189 - INFO - Ingress_Enter 920MHVUR
2025-04-01 04:44:34,653 - INFO - Ingress_Exit IY8DJLIE
2025-04-01 04:44:34,841 - INFO - Ingress_Enter QHV9TQDJ
2025-04-01 04:44:34,862 - INFO - Ingress_Enter T51RIAQM
2025-04-01 04:44:35,002 - INFO - Ingress_Exit 5RR96VL4
2025-04-01 04:44:35,003 - INFO - Ingress_Exit YB30HJAE
2025-04-01 04:44:35,005 - INFO - Ingress_Exit GSOOB9SV
2025-04-01 04:44:35,079 - INFO - Ingress_Enter 2EV2Q1FL
2025-04-01 04:44:35,249 - INFO - Ingress_Exit 6IHVZ7OZ
2025-04-01 04:44:35,250 - INFO - Ingress_Exit 920MHVUR
2025-04-01 04:44:35,284 - INFO - Ingress_Enter I3X4ZHUR
2025-04-01 04:44:35,696 - INFO - Ingress_Enter 1UILBD4C
2025-04-01 04:44:35,991 - INFO - Ingress_Exit QHV9TQDJ
2025-04-01 04:44:35,993 - INFO - Ingress_Exit T51RIAQM
2025-04-01 04:44:36,275 - INFO - Ingress_Exit 2EV2Q1FL
2025-04-01 04:44:36,302 - INFO - Ingress_Enter 8IYTHU50
2025-04-01 04:44:36,620 - INFO - Ingress_Enter AX5D3W82
2025-04-01 04:44:36,759 - INFO - Ingress_Enter ZOA28IMV
2025-04-01 04:44:36,785 - INFO - Ingress_Exit I3X4ZHUR
2025-04-01 04:44:36,887 - INFO - Ingress_Exit 1UILBD4C
2025-04-01 04:44:36,899 - INFO - Ingress_Enter 8W52VJWV
2025-04-01 04:44:37,568 - INFO - Ingress_Exit 8IYTHU50
2025-04-01 04:44:37,696 - INFO - Ingress_Enter OE5ZYXGX
2025-04-01 04:44:37,816 - INFO - Ingress_Enter CSIU2JWO
2025-04-01 04:44:37,975 - INFO - Ingress_Enter BGBQOKZI
2025-04-01 04:44:37,987 - INFO - Ingress_Exit AX5D3W82
2025-04-01 04:44:37,988 - INFO - Ingress_Exit ZOA28IMV
2025-04-01 04:44:38,076 - INFO - Ingress_Enter 495G7IW6
2025-04-01 04:44:38,277 - INFO - Ingress_Exit 8W52VJWV
2025-04-01 04:44:38,280 - INFO - Ingress_Enter ICWRV0MS
2025-04-01 04:44:38,937 - INFO - Ingress_Enter CW7U4N3C
2025-04-01 04:44:38,997 - INFO - Ingress_Enter M09T61LM
2025-04-01 04:44:39,002 - INFO - Ingress_Exit OE5ZYXGX
2025-04-01 04:44:39,004 - INFO - Ingress_Exit CSIU2JWO
2025-04-01 04:44:39,117 - INFO - Ingress_Enter AAM2N2M7
2025-04-01 04:44:39,412 - INFO - Ingress_Exit BGBQOKZI
2025-04-01 04:44:39,413 - INFO - Ingress_Exit 495G7IW6
2025-04-01 04:44:39,415 - INFO - Ingress_Exit ICWRV0MS
2025-04-01 04:44:39,703 - INFO - Ingress_Enter E83JU0IY
2025-04-01 04:44:39,744 - INFO - Ingress_Enter TONNW6JA
2025-04-01 04:44:39,783 - INFO - Ingress_Enter RBLH3ALM
2025-04-01 04:44:39,843 - INFO - Ingress_Enter AJ626VIK
2025-04-01 04:44:39,883 - INFO - Ingress_Enter 3RSBKMH7
2025-04-01 04:44:39,935 - INFO - Ingress_Exit CW7U4N3C
2025-04-01 04:44:40,224 - INFO - Ingress_Enter ADPSTUM5
2025-04-01 04:44:40,244 - INFO - Ingress_Enter 683TITXA
2025-04-01 04:44:40,285 - INFO - Ingress_Enter 2UCEARSE
2025-04-01 04:44:40,441 - INFO - Ingress_Exit M09T61LM
2025-04-01 04:44:40,524 - INFO - Ingress_Enter R9DXJBTA
2025-04-01 04:44:40,606 - INFO - Ingress_Enter 7YF1P8H5
2025-04-01 04:44:40,646 - INFO - Ingress_Enter PB51JRUH
2025-04-01 04:44:40,849 - INFO - Ingress_Exit AAM2N2M7
2025-04-01 04:44:40,852 - INFO - Ingress_Exit E83JU0IY
2025-04-01 04:44:40,853 - INFO - Ingress_Exit TONNW6JA
2025-04-01 04:44:41,138 - INFO - Ingress_Exit RBLH3ALM
2025-04-01 04:44:41,140 - INFO - Ingress_Exit AJ626VIK
2025-04-01 04:44:41,141 - INFO - Ingress_Exit 3RSBKMH7
2025-04-01 04:44:41,278 - INFO - Ingress_Exit ADPSTUM5
2025-04-01 04:44:41,278 - INFO - Ingress_Exit 683TITXA
2025-04-01 04:44:41,308 - INFO - Ingress_Enter MA79GXBV
2025-04-01 04:44:41,427 - INFO - Ingress_Enter HMEV7LCG
2025-04-01 04:44:41,447 - INFO - Ingress_Enter 0QX3R2EE
2025-04-01 04:44:41,558 - INFO - Ingress_Exit 2UCEARSE
2025-04-01 04:44:41,608 - INFO - Ingress_Enter O2ZTV4O5
2025-04-01 04:44:41,768 - INFO - Ingress_Enter FY2M4K68
2025-04-01 04:44:41,841 - INFO - Ingress_Exit R9DXJBTA
2025-04-01 04:44:41,843 - INFO - Ingress_Exit 7YF1P8H5
2025-04-01 04:44:41,844 - INFO - Ingress_Exit PB51JRUH
2025-04-01 04:44:42,470 - INFO - Ingress_Enter YGQVYQ62
2025-04-01 04:44:42,564 - INFO - Ingress_Exit MA79GXBV
2025-04-01 04:44:42,591 - INFO - Ingress_Enter 7KMXIJEO
2025-04-01 04:44:42,606 - INFO - Ingress_Exit HMEV7LCG
2025-04-01 04:44:42,631 - INFO - Ingress_Enter OPMSNDN0
2025-04-01 04:44:42,710 - INFO - Ingress_Enter J8B1X8BA
2025-04-01 04:44:42,784 - INFO - Ingress_Exit 0QX3R2EE
2025-04-01 04:44:42,785 - INFO - Ingress_Exit O2ZTV4O5
2025-04-01 04:44:42,868 - INFO - Ingress_Enter 5QR5ONJE
2025-04-01 04:44:42,888 - INFO - Ingress_Enter F5I1OSX5
2025-04-01 04:44:42,947 - INFO - Ingress_Enter ZIA4467K
2025-04-01 04:44:43,148 - INFO - Ingress_Enter 0Y5OII31
2025-04-01 04:44:43,321 - INFO - Ingress_Exit FY2M4K68
2025-04-01 04:44:43,770 - INFO - Ingress_Enter P1RTSC6S
2025-04-01 04:44:43,870 - INFO - Ingress_Enter 7XFNT6IS
2025-04-01 04:44:43,949 - INFO - Ingress_Enter MZ9BNBKW
2025-04-01 04:44:44,066 - INFO - Ingress_Exit YGQVYQ62
2025-04-01 04:44:44,068 - INFO - Ingress_Exit OPMSNDN0
2025-04-01 04:44:44,069 - INFO - Ingress_Exit 7KMXIJEO
2025-04-01 04:44:44,070 - INFO - Ingress_Exit J8B1X8BA
2025-04-01 04:44:44,071 - INFO - Ingress_Exit 5QR5ONJE
2025-04-01 04:44:44,072 - INFO - Ingress_Exit F5I1OSX5
2025-04-01 04:44:44,140 - INFO - Ingress_Enter TN3H3UX6
2025-04-01 04:44:44,259 - INFO - Ingress_Enter WEIF3EG0
2025-04-01 04:44:44,266 - INFO - Ingress_Exit ZIA4467K
2025-04-01 04:44:44,541 - INFO - Ingress_Enter 57FZEJC2
2025-04-01 04:44:44,621 - INFO - Ingress_Enter KWSQDL9T
2025-04-01 04:44:44,660 - INFO - Ingress_Enter RHZRUI5Y
2025-04-01 04:44:44,826 - INFO - Ingress_Exit 0Y5OII31
2025-04-01 04:44:44,940 - INFO - Ingress_Enter WIENS534
2025-04-01 04:44:45,281 - INFO - Ingress_Enter Y5PKCO6A
2025-04-01 04:44:45,293 - INFO - Ingress_Exit P1RTSC6S
2025-04-01 04:44:45,294 - INFO - Ingress_Exit 7XFNT6IS
2025-04-01 04:44:45,297 - INFO - Ingress_Exit MZ9BNBKW
2025-04-01 04:44:45,300 - INFO - Ingress_Exit TN3H3UX6
2025-04-01 04:44:45,482 - INFO - Ingress_Enter S4LF1X9A
2025-04-01 04:44:45,582 - INFO - Ingress_Enter KQ6T9N0N
2025-04-01 04:44:46,019 - INFO - Ingress_Exit WEIF3EG0
2025-04-01 04:44:46,020 - INFO - Ingress_Exit 57FZEJC2
2025-04-01 04:44:46,021 - INFO - Ingress_Exit KWSQDL9T
2025-04-01 04:44:46,167 - INFO - Ingress_Enter A7HDB3V5
2025-04-01 04:44:46,308 - INFO - Ingress_Enter HKU4IKCE
2025-04-01 04:44:46,629 - INFO - Ingress_Enter IWQXRORS
2025-04-01 04:44:46,761 - INFO - Ingress_Exit RHZRUI5Y
2025-04-01 04:44:46,762 - INFO - Ingress_Exit WIENS534
2025-04-01 04:44:46,763 - INFO - Ingress_Exit Y5PKCO6A
2025-04-01 04:44:46,766 - INFO - Ingress_Exit S4LF1X9A
2025-04-01 04:44:46,836 - INFO - Ingress_Enter NEIVH8IG
2025-04-01 04:44:46,964 - INFO - Ingress_Enter 5LTILLAE
2025-04-01 04:44:47,103 - INFO - Ingress_Enter K8Z3ND18
2025-04-01 04:44:47,322 - INFO - Ingress_Enter VFCZQD2N
2025-04-01 04:44:47,490 - INFO - Ingress_Exit KQ6T9N0N
2025-04-01 04:44:47,623 - INFO - Ingress_Enter FYNKHRMS
2025-04-01 04:44:47,681 - INFO - Ingress_Enter P7K9F5JL
2025-04-01 04:44:47,790 - INFO - Ingress_Exit A7HDB3V5
2025-04-01 04:44:47,792 - INFO - Ingress_Exit HKU4IKCE
2025-04-01 04:44:48,186 - INFO - Ingress_Exit IWQXRORS
2025-04-01 04:44:48,187 - INFO - Ingress_Exit NEIVH8IG
2025-04-01 04:44:48,189 - INFO - Ingress_Exit 5LTILLAE
2025-04-01 04:44:48,425 - INFO - Ingress_Enter VGURE9L8
2025-04-01 04:44:48,484 - INFO - Ingress_Exit K8Z3ND18
2025-04-01 04:44:48,624 - INFO - Ingress_Enter 2UJ3OKSB
2025-04-01 04:44:48,684 - INFO - Ingress_Enter 8FKB6LBL
2025-04-01 04:44:48,889 - INFO - Ingress_Exit VFCZQD2N
2025-04-01 04:44:49,185 - INFO - Ingress_Exit FYNKHRMS
2025-04-01 04:44:49,387 - INFO - Ingress_Enter LQ2K9ZZS
2025-04-01 04:44:49,466 - INFO - Ingress_Enter U9B6GKY5
2025-04-01 04:44:49,565 - INFO - Ingress_Enter L2V6M79D
2025-04-01 04:44:49,725 - INFO - Ingress_Enter FDNL11KS
2025-04-01 04:44:49,826 - INFO - Ingress_Enter 8IDDTVQ7
2025-04-01 04:44:49,867 - INFO - Ingress_Enter S7R9ZLV0
2025-04-01 04:44:50,169 - INFO - Ingress_Enter 3LS6XD1C
2025-04-01 04:44:50,569 - INFO - Ingress_Enter B33M2U3N
2025-04-01 04:44:50,690 - INFO - Ingress_Enter KVDE41SK
2025-04-01 04:44:50,930 - INFO - Ingress_Enter F4PZ7M1A
2025-04-01 04:44:51,169 - INFO - Ingress_Enter 1MDCU63V
2025-04-01 04:44:51,832 - INFO - Ingress_Enter SUPMZSXG
2025-04-01 04:44:51,953 - INFO - Ingress_Enter 80YAL0QH
2025-04-01 04:44:52,496 - INFO - Ingress_Enter 6PYVBIZX
2025-04-01 04:44:52,677 - INFO - Ingress_Enter KZZ04UW3
2025-04-01 04:44:52,996 - INFO - Ingress_Enter 9AXZULOQ
2025-04-01 04:44:53,156 - INFO - Ingress_Enter 1FBYSADL
2025-04-01 04:44:54,120 - INFO - Ingress_Enter HFUVEV07
2025-04-01 04:44:54,460 - INFO - Ingress_Enter TD9AJ21Z
2025-04-01 04:44:59,199 - INFO - Ingress_Exit P7K9F5JL
2025-04-01 04:44:59,200 - INFO - Ingress_Exit VGURE9L8
2025-04-01 04:44:59,202 - INFO - Ingress_Exit 2UJ3OKSB
2025-04-01 04:44:59,203 - INFO - Ingress_Exit LQ2K9ZZS
2025-04-01 04:44:59,204 - INFO - Ingress_Exit 8FKB6LBL
2025-04-01 04:45:00,480 - INFO - Ingress_Enter TQ8C8CJG
2025-04-01 04:45:00,499 - INFO - Ingress_Enter RF6FEPOP
2025-04-01 04:45:00,901 - INFO - Ingress_Enter MNHOPSYP
2025-04-01 04:45:00,941 - INFO - Ingress_Enter DTACR43N
2025-04-01 04:45:01,021 - INFO - Ingress_Enter FXTPUT35
2025-04-01 04:45:01,060 - INFO - Ingress_Enter BQ60J1D6
2025-04-01 04:45:01,381 - INFO - Ingress_Enter KBHFKBW1
2025-04-01 04:45:02,042 - INFO - Ingress_Enter 0Z4Y6MK4
2025-04-01 04:45:02,222 - INFO - Ingress_Enter M6JWFVH9
2025-04-01 04:45:02,284 - INFO - Ingress_Enter CD19Q5MS
2025-04-01 04:45:02,584 - INFO - Ingress_Enter E9LET810
2025-04-01 04:45:03,388 - INFO - Ingress_Exit U9B6GKY5
2025-04-01 04:45:03,459 - INFO - Ingress_Enter WCV64K0G
2025-04-01 04:45:03,641 - INFO - Ingress_Exit M6JWFVH9
2025-04-01 04:45:03,642 - INFO - Ingress_Exit L2V6M79D
2025-04-01 04:45:03,758 - INFO - Ingress_Exit FDNL11KS
2025-04-01 04:45:04,137 - INFO - Ingress_Exit 8IDDTVQ7
2025-04-01 04:45:04,139 - INFO - Ingress_Exit 3LS6XD1C
2025-04-01 04:45:04,141 - INFO - Ingress_Exit S7R9ZLV0
2025-04-01 04:45:04,145 - INFO - Ingress_Exit B33M2U3N
2025-04-01 04:45:04,146 - INFO - Ingress_Exit KVDE41SK
2025-04-01 04:45:04,147 - INFO - Ingress_Exit 1MDCU63V
2025-04-01 04:45:04,147 - INFO - Ingress_Exit SUPMZSXG
2025-04-01 04:45:04,148 - INFO - Ingress_Exit 80YAL0QH
2025-04-01 04:45:04,360 - INFO - Ingress_Enter OFGSBJZK
2025-04-01 04:45:04,472 - INFO - Ingress_Exit F4PZ7M1A
2025-04-01 04:45:04,601 - INFO - Ingress_Enter R3TJZYKR
2025-04-01 04:45:04,850 - INFO - Ingress_Exit 6PYVBIZX
2025-04-01 04:45:04,852 - INFO - Ingress_Exit KZZ04UW3
2025-04-01 04:45:04,854 - INFO - Ingress_Exit 9AXZULOQ
2025-04-01 04:45:04,858 - INFO - Ingress_Exit 1FBYSADL
2025-04-01 04:45:04,859 - INFO - Ingress_Exit HFUVEV07
2025-04-01 04:45:04,859 - INFO - Ingress_Exit TD9AJ21Z
2025-04-01 04:45:04,860 - INFO - Ingress_Exit TQ8C8CJG
2025-04-01 04:45:04,861 - INFO - Ingress_Exit RF6FEPOP
2025-04-01 04:45:04,862 - INFO - Ingress_Exit MNHOPSYP
2025-04-01 04:45:04,863 - INFO - Ingress_Exit DTACR43N
2025-04-01 04:45:04,864 - INFO - Ingress_Exit FXTPUT35
2025-04-01 04:45:05,043 - INFO - Ingress_Enter HE1V5HWK
2025-04-01 04:45:05,123 - INFO - Ingress_Enter L5C0SKOT
2025-04-01 04:45:05,282 - INFO - Ingress_Enter E5SNOHKT
2025-04-01 04:45:05,425 - INFO - Ingress_Enter BCCAIDCT
2025-04-01 04:45:05,646 - INFO - Ingress_Enter 3GDYB8M9
2025-04-01 04:45:05,825 - INFO - Ingress_Enter 26VQTXFK
2025-04-01 04:45:05,838 - INFO - Ingress_Exit BQ60J1D6
2025-04-01 04:45:06,147 - INFO - Ingress_Enter TFUOKA04
2025-04-01 04:45:06,186 - INFO - Ingress_Enter S7FXYF8M
2025-04-01 04:45:06,287 - INFO - Ingress_Enter AWYU5R4B
2025-04-01 04:45:06,528 - INFO - Ingress_Enter VNGD03UF
2025-04-01 04:45:06,547 - INFO - Ingress_Enter YCBSHC4Q
2025-04-01 04:45:06,790 - INFO - Ingress_Enter 4M9V7M0Q
2025-04-01 04:45:06,809 - INFO - Ingress_Enter 578B538Q
2025-04-01 04:45:07,421 - INFO - Ingress_Enter VGEMZZDU
2025-04-01 04:45:07,540 - INFO - Ingress_Enter ZWG7FATQ
2025-04-01 04:45:07,601 - INFO - Ingress_Enter PZ97UOT6
2025-04-01 04:45:07,681 - INFO - Ingress_Enter KGY8VE92
2025-04-01 04:45:07,785 - INFO - Ingress_Enter QRKDTFLA
2025-04-01 04:45:08,404 - INFO - Ingress_Enter WRJFDBB4
2025-04-01 04:45:08,522 - INFO - Ingress_Enter ZJZ3XD1E
2025-04-01 04:45:08,743 - INFO - Ingress_Enter MSETNSGK
2025-04-01 04:45:08,803 - INFO - Ingress_Enter YY716GFV
2025-04-01 04:45:08,864 - INFO - Ingress_Enter XDP1STUK
2025-04-01 04:45:09,365 - INFO - Ingress_Enter M5UFNBF1
2025-04-01 04:45:09,896 - INFO - Ingress_Exit KBHFKBW1
2025-04-01 04:45:09,897 - INFO - Ingress_Exit 0Z4Y6MK4
2025-04-01 04:45:09,902 - INFO - Ingress_Exit E9LET810
2025-04-01 04:45:09,904 - INFO - Ingress_Exit CD19Q5MS
2025-04-01 04:45:09,905 - INFO - Ingress_Exit WCV64K0G
2025-04-01 04:45:09,906 - INFO - Ingress_Exit OFGSBJZK
2025-04-01 04:45:09,907 - INFO - Ingress_Exit R3TJZYKR
2025-04-01 04:45:09,908 - INFO - Ingress_Exit HE1V5HWK
2025-04-01 04:45:09,909 - INFO - Ingress_Exit L5C0SKOT
2025-04-01 04:45:09,912 - INFO - Ingress_Enter 9OMMRVEV
2025-04-01 04:45:09,988 - INFO - Ingress_Enter QB20J8E1
2025-04-01 04:45:10,190 - INFO - Ingress_Enter RP9GGB0K
2025-04-01 04:45:10,230 - INFO - Ingress_Enter 3G7SR9L8
2025-04-01 04:45:10,319 - INFO - Ingress_Exit E5SNOHKT
2025-04-01 04:45:10,320 - INFO - Ingress_Exit BCCAIDCT
2025-04-01 04:45:10,321 - INFO - Ingress_Exit 26VQTXFK
2025-04-01 04:45:10,323 - INFO - Ingress_Exit 3GDYB8M9
2025-04-01 04:45:10,325 - INFO - Ingress_Exit TFUOKA04
2025-04-01 04:45:10,333 - INFO - Ingress_Enter EJZGP1YK
2025-04-01 04:45:10,635 - INFO - Ingress_Enter BV07A6DC
2025-04-01 04:45:11,037 - INFO - Ingress_Enter CKBDQVA7
2025-04-01 04:45:11,065 - INFO - Ingress_Exit S7FXYF8M
2025-04-01 04:45:11,066 - INFO - Ingress_Exit AWYU5R4B
2025-04-01 04:45:11,067 - INFO - Ingress_Exit VNGD03UF
2025-04-01 04:45:11,068 - INFO - Ingress_Exit YCBSHC4Q
2025-04-01 04:45:11,362 - INFO - Ingress_Enter ZQOVJLUW
2025-04-01 04:45:11,600 - INFO - Ingress_Enter S76A7E3Z
2025-04-01 04:45:11,761 - INFO - Ingress_Enter WYA8DYHN
2025-04-01 04:45:12,283 - INFO - Ingress_Enter CO802D3K
2025-04-01 04:45:12,363 - INFO - Ingress_Enter R3UJU8ZO
2025-04-01 04:45:12,786 - INFO - Ingress_Enter V01QAHKN
2025-04-01 04:45:13,087 - INFO - Ingress_Enter 5UTCFQZK
2025-04-01 04:45:13,147 - INFO - Ingress_Enter AZN5AJ0S
2025-04-01 04:45:13,850 - INFO - Ingress_Enter BC2KQPPC
2025-04-01 04:45:14,313 - INFO - Ingress_Enter C2GR35TB
2025-04-01 04:45:14,413 - INFO - Ingress_Enter 47GYFV0G
2025-04-01 04:45:14,554 - INFO - Ingress_Enter G7ODYX6R
2025-04-01 04:45:15,071 - INFO - Ingress_Exit 4M9V7M0Q
2025-04-01 04:45:15,724 - INFO - Ingress_Enter 8W4LN4AF
2025-04-01 04:45:15,783 - INFO - Ingress_Enter NHRNRD0W
2025-04-01 04:45:16,185 - INFO - Ingress_Enter 0ZESU993
2025-04-01 04:45:16,293 - INFO - Ingress_Enter J34HPEIW
2025-04-01 04:45:16,726 - INFO - Ingress_Enter HAD7QF6L
2025-04-01 04:45:17,795 - INFO - Ingress_Enter V09DF158
2025-04-01 04:45:18,052 - INFO - Ingress_Enter C7JDDRWO
2025-04-01 04:45:18,616 - INFO - Ingress_Enter DX4DCCWE
2025-04-01 04:45:19,380 - INFO - Ingress_Enter TVO7YXMK
2025-04-01 04:45:19,540 - INFO - Ingress_Enter KVZAQ8A7
2025-04-01 04:45:20,143 - INFO - Ingress_Enter YXN176ZG
2025-04-01 04:45:20,383 - INFO - Ingress_Enter KHKAPC5X
2025-04-01 04:45:20,947 - INFO - Ingress_Enter RLKBZAZA
2025-04-01 04:45:21,355 - INFO - Ingress_Exit 578B538Q
2025-04-01 04:45:21,556 - INFO - Ingress_Enter 1BTCCJ09
2025-04-01 04:45:21,614 - INFO - Ingress_Enter PC2WXX1S
2025-04-01 04:45:21,669 - INFO - Ingress_Exit VGEMZZDU
2025-04-01 04:45:21,670 - INFO - Ingress_Exit ZWG7FATQ
2025-04-01 04:45:21,671 - INFO - Ingress_Exit PZ97UOT6
2025-04-01 04:45:21,675 - INFO - Ingress_Exit QRKDTFLA
2025-04-01 04:45:21,676 - INFO - Ingress_Exit KGY8VE92
2025-04-01 04:45:21,677 - INFO - Ingress_Exit WRJFDBB4
2025-04-01 04:45:21,678 - INFO - Ingress_Exit ZJZ3XD1E
2025-04-01 04:45:21,679 - INFO - Ingress_Exit MSETNSGK
2025-04-01 04:45:21,681 - INFO - Ingress_Exit YY716GFV
2025-04-01 04:45:23,258 - INFO - Ingress_Enter V7XJN2VH
2025-04-01 04:45:23,779 - INFO - Ingress_Enter WEEIQ4F6
2025-04-01 04:45:24,403 - INFO - Ingress_Enter 4GCQLONT
2025-04-01 04:45:24,502 - INFO - Ingress_Enter BI592JBD
2025-04-01 04:45:24,662 - INFO - Ingress_Enter 9OSSK59T
2025-04-01 04:45:24,783 - INFO - Ingress_Enter B9VFSK1N
2025-04-01 04:45:24,842 - INFO - Ingress_Enter VIKVMGS8
2025-04-01 04:45:24,993 - INFO - Ingress_Enter 0LJN6WLT
2025-04-01 04:45:25,166 - INFO - Ingress_Enter 8FBOK04P
2025-04-01 04:45:25,345 - INFO - Ingress_Enter E3M8G1PJ
2025-04-01 04:45:25,706 - INFO - Ingress_Enter 8U9WSFVY
2025-04-01 04:45:26,431 - INFO - Ingress_Enter D6FFP0O4
2025-04-01 04:45:26,511 - INFO - Ingress_Enter T03Y9Y0O
2025-04-01 04:45:26,764 - INFO - Ingress_Exit XDP1STUK
2025-04-01 04:45:26,765 - INFO - Ingress_Exit M5UFNBF1
2025-04-01 04:45:26,767 - INFO - Ingress_Exit 9OMMRVEV
2025-04-01 04:45:26,770 - INFO - Ingress_Exit QB20J8E1
2025-04-01 04:45:26,771 - INFO - Ingress_Exit BV07A6DC
2025-04-01 04:45:26,773 - INFO - Ingress_Exit 3G7SR9L8
2025-04-01 04:45:26,775 - INFO - Ingress_Exit RP9GGB0K
2025-04-01 04:45:26,776 - INFO - Ingress_Exit CKBDQVA7
2025-04-01 04:45:26,777 - INFO - Ingress_Exit EJZGP1YK
2025-04-01 04:45:26,831 - INFO - Ingress_Enter IA54YY19
2025-04-01 04:45:27,175 - INFO - Ingress_Enter PVADMYJP
2025-04-01 04:45:27,456 - INFO - Ingress_Enter WZ8ATZM2
2025-04-01 04:45:27,496 - INFO - Ingress_Enter 3QHXTQLF
2025-04-01 04:45:27,717 - INFO - Ingress_Enter FXBDSXL9
2025-04-01 04:45:27,735 - INFO - Ingress_Enter C9KD1VIN
2025-04-01 04:45:28,087 - INFO - Ingress_Enter 72GUTARG
2025-04-01 04:45:28,146 - INFO - Ingress_Enter OFDUKWNU
2025-04-01 04:45:28,409 - INFO - Ingress_Enter B6P6B2X1
2025-04-01 04:45:28,569 - INFO - Ingress_Enter 40D7R4AJ
2025-04-01 04:45:29,153 - INFO - Ingress_Enter UI8AB8RR
2025-04-01 04:45:30,237 - INFO - Ingress_Enter ERIME3ED
2025-04-01 04:45:30,641 - INFO - Ingress_Exit ZQOVJLUW
2025-04-01 04:45:30,642 - INFO - Ingress_Exit S76A7E3Z
2025-04-01 04:45:30,643 - INFO - Ingress_Exit CO802D3K
2025-04-01 04:45:30,647 - INFO - Ingress_Exit WYA8DYHN
2025-04-01 04:45:30,649 - INFO - Ingress_Exit R3UJU8ZO
2025-04-01 04:45:30,650 - INFO - Ingress_Exit V01QAHKN
2025-04-01 04:45:30,652 - INFO - Ingress_Exit 5UTCFQZK
2025-04-01 04:45:30,652 - INFO - Ingress_Exit AZN5AJ0S
2025-04-01 04:45:30,653 - INFO - Ingress_Exit C2GR35TB
2025-04-01 04:45:30,654 - INFO - Ingress_Exit 47GYFV0G
2025-04-01 04:45:30,655 - INFO - Ingress_Exit BC2KQPPC
2025-04-01 04:45:30,656 - INFO - Ingress_Exit G7ODYX6R
2025-04-01 04:45:30,657 - INFO - Ingress_Exit 8W4LN4AF
2025-04-01 04:45:30,736 - INFO - Ingress_Enter ENE2KY4T
2025-04-01 04:45:30,978 - INFO - Ingress_Enter MXBJBUNK
2025-04-01 04:45:31,097 - INFO - Ingress_Enter DWC1AGFS
2025-04-01 04:45:31,137 - INFO - Ingress_Enter XOSWEIBY
2025-04-01 04:45:31,219 - INFO - Ingress_Exit NHRNRD0W
2025-04-01 04:45:31,221 - INFO - Ingress_Exit J34HPEIW
2025-04-01 04:45:31,223 - INFO - Ingress_Exit HAD7QF6L
2025-04-01 04:45:31,224 - INFO - Ingress_Exit 0ZESU993
2025-04-01 04:45:31,226 - INFO - Ingress_Exit V09DF158
2025-04-01 04:45:31,227 - INFO - Ingress_Exit DX4DCCWE
2025-04-01 04:45:31,230 - INFO - Ingress_Exit C7JDDRWO
2025-04-01 04:45:31,231 - INFO - Ingress_Exit TVO7YXMK
2025-04-01 04:45:31,232 - INFO - Ingress_Exit KVZAQ8A7
2025-04-01 04:45:31,233 - INFO - Ingress_Exit YXN176ZG
2025-04-01 04:45:31,234 - INFO - Ingress_Exit KHKAPC5X
2025-04-01 04:45:31,602 - INFO - Ingress_Enter QH53004V
2025-04-01 04:45:31,641 - INFO - Ingress_Enter 98V5GLGS
2025-04-01 04:45:31,905 - INFO - Ingress_Enter QMKXM1I9
2025-04-01 04:45:32,166 - INFO - Ingress_Enter QY6XU02X
2025-04-01 04:45:32,287 - INFO - Ingress_Enter AKCT2V40
2025-04-01 04:45:32,466 - INFO - Ingress_Enter C7YUUU40
2025-04-01 04:45:32,485 - INFO - Ingress_Enter 615BBQRU
2025-04-01 04:45:32,707 - INFO - Ingress_Enter VS7JOFII
2025-04-01 04:45:32,908 - INFO - Ingress_Enter OJ3BWOMO
2025-04-01 04:45:33,368 - INFO - Ingress_Enter 55DSSPKC
2025-04-01 04:45:33,470 - INFO - Ingress_Enter LL0F5J2T
2025-04-01 04:45:33,549 - INFO - Ingress_Enter YRO7MAM3
2025-04-01 04:45:33,751 - INFO - Ingress_Enter M5XGP35E
2025-04-01 04:45:33,971 - INFO - Ingress_Enter NH9TF1TH
2025-04-01 04:45:34,557 - INFO - Ingress_Enter GKYQMI1K
2025-04-01 04:45:34,657 - INFO - Ingress_Enter 5FPREB7R
2025-04-01 04:45:34,918 - INFO - Ingress_Enter FGWF3E1U
2025-04-01 04:45:35,462 - INFO - Ingress_Enter BRWGXSQO
2025-04-01 04:45:35,601 - INFO - Ingress_Enter 919EUY94
2025-04-01 04:45:35,822 - INFO - Ingress_Enter A9NTPXUS
2025-04-01 04:45:36,103 - INFO - Ingress_Enter OW3WBD02
2025-04-01 04:45:36,486 - INFO - Ingress_Enter N2LGIVHP
2025-04-01 04:45:37,775 - INFO - Ingress_Enter B28JX8N7
2025-04-01 04:45:37,977 - INFO - Ingress_Enter 2WSFH6Z1
2025-04-01 04:45:38,522 - INFO - Ingress_Enter 1ZGYUIQV
2025-04-01 04:45:39,081 - INFO - Ingress_Enter DUH0XISX
2025-04-01 04:45:39,338 - INFO - Ingress_Enter SS0Z3VSG
2025-04-01 04:45:39,981 - INFO - Ingress_Enter IO4CX2OP
2025-04-01 04:45:40,524 - INFO - Ingress_Enter H19LZSDB
2025-04-01 04:45:41,628 - INFO - Ingress_Enter ZX3DH2Q9
2025-04-01 04:45:42,895 - INFO - Ingress_Enter N3G5LDSA
2025-04-01 04:45:44,404 - INFO - Ingress_Enter FX0B1I2M
2025-04-01 04:45:44,907 - INFO - Ingress_Enter TY519WIG
2025-04-01 04:45:46,035 - INFO - Ingress_Enter K992Z51D
2025-04-01 04:45:47,183 - INFO - Ingress_Enter 22C63P6Y
2025-04-01 04:45:48,114 - INFO - Ingress_Enter YXWMRWTK
2025-04-01 04:45:48,594 - INFO - Ingress_Enter KDRJ9FKY
2025-04-01 04:45:48,677 - INFO - Ingress_Enter UA6FMMS2
2025-04-01 04:45:48,943 - INFO - Ingress_Exit RLKBZAZA
2025-04-01 04:45:48,944 - INFO - Ingress_Exit 1BTCCJ09
2025-04-01 04:45:48,947 - INFO - Ingress_Exit V7XJN2VH
2025-04-01 04:45:48,948 - INFO - Ingress_Exit PC2WXX1S
2025-04-01 04:45:48,952 - INFO - Ingress_Exit 4GCQLONT
2025-04-01 04:45:48,953 - INFO - Ingress_Exit BI592JBD
2025-04-01 04:45:48,954 - INFO - Ingress_Exit WEEIQ4F6
2025-04-01 04:45:48,955 - INFO - Ingress_Exit 9OSSK59T
2025-04-01 04:45:48,956 - INFO - Ingress_Exit B9VFSK1N
2025-04-01 04:45:48,957 - INFO - Ingress_Exit VIKVMGS8
2025-04-01 04:45:54,211 - INFO - Ingress_Exit 0LJN6WLT
2025-04-01 04:45:54,212 - INFO - Ingress_Exit 8FBOK04P
2025-04-01 04:45:54,216 - INFO - Ingress_Exit E3M8G1PJ
2025-04-01 04:45:54,217 - INFO - Ingress_Exit 8U9WSFVY
2025-04-01 04:45:54,218 - INFO - Ingress_Exit D6FFP0O4
2025-04-01 04:45:54,219 - INFO - Ingress_Exit T03Y9Y0O
2025-04-01 04:45:54,221 - INFO - Ingress_Exit IA54YY19
2025-04-01 04:45:54,222 - INFO - Ingress_Exit PVADMYJP
2025-04-01 04:45:54,223 - INFO - Ingress_Exit WZ8ATZM2
2025-04-01 04:45:54,664 - INFO - Ingress_Exit 3QHXTQLF
2025-04-01 04:45:54,665 - INFO - Ingress_Exit FXBDSXL9
2025-04-01 04:45:54,667 - INFO - Ingress_Exit C9KD1VIN
2025-04-01 04:45:54,669 - INFO - Ingress_Exit 72GUTARG
2025-04-01 04:45:54,672 - INFO - Ingress_Exit OFDUKWNU
2025-04-01 04:45:54,713 - INFO - Ingress_Enter LNXBY7Y7
2025-04-01 04:45:54,933 - INFO - Ingress_Enter BV1SETT8
2025-04-01 04:45:54,941 - INFO - Ingress_Exit B6P6B2X1
2025-04-01 04:45:54,943 - INFO - Ingress_Exit 40D7R4AJ
2025-04-01 04:45:54,944 - INFO - Ingress_Exit UI8AB8RR
2025-04-01 04:45:54,946 - INFO - Ingress_Exit ERIME3ED
2025-04-01 04:45:54,948 - INFO - Ingress_Exit ENE2KY4T
2025-04-01 04:45:54,951 - INFO - Ingress_Exit MXBJBUNK
2025-04-01 04:45:54,953 - INFO - Ingress_Exit XOSWEIBY
2025-04-01 04:45:54,954 - INFO - Ingress_Exit DWC1AGFS
2025-04-01 04:45:54,955 - INFO - Ingress_Exit QH53004V
2025-04-01 04:45:54,956 - INFO - Ingress_Exit 98V5GLGS
2025-04-01 04:45:54,957 - INFO - Ingress_Exit QY6XU02X
2025-04-01 04:45:54,958 - INFO - Ingress_Exit QMKXM1I9
2025-04-01 04:45:55,033 - INFO - Ingress_Enter 4R9VI80R
2025-04-01 04:45:55,317 - INFO - Ingress_Enter 66R2BF4V
2025-04-01 04:45:55,395 - INFO - Ingress_Exit AKCT2V40
2025-04-01 04:45:55,396 - INFO - Ingress_Exit 615BBQRU
2025-04-01 04:45:55,397 - INFO - Ingress_Exit VS7JOFII
2025-04-01 04:45:55,398 - INFO - Ingress_Exit C7YUUU40
2025-04-01 04:45:55,403 - INFO - Ingress_Exit OJ3BWOMO
2025-04-01 04:45:55,405 - INFO - Ingress_Exit LL0F5J2T
2025-04-01 04:45:55,405 - INFO - Ingress_Exit 55DSSPKC
2025-04-01 04:45:55,407 - INFO - Ingress_Exit NH9TF1TH
2025-04-01 04:45:55,409 - INFO - Ingress_Exit 5FPREB7R
2025-04-01 04:45:55,410 - INFO - Ingress_Exit YRO7MAM3
2025-04-01 04:45:55,410 - INFO - Ingress_Exit M5XGP35E
2025-04-01 04:45:55,411 - INFO - Ingress_Exit GKYQMI1K
2025-04-01 04:45:55,414 - INFO - Ingress_Exit BRWGXSQO
2025-04-01 04:45:55,415 - INFO - Ingress_Exit FGWF3E1U
2025-04-01 04:45:55,416 - INFO - Ingress_Exit 919EUY94
2025-04-01 04:45:55,598 - INFO - Ingress_Enter UDTWBGH7
2025-04-01 04:45:55,638 - INFO - Ingress_Enter PVGN35K1
2025-04-01 04:45:55,780 - INFO - Ingress_Enter 45QT20HV
2025-04-01 04:45:55,799 - INFO - Ingress_Enter II84XKG1
2025-04-01 04:45:55,901 - INFO - Ingress_Enter 8JR2F98G
2025-04-01 04:45:55,939 - INFO - Ingress_Enter AVL56Z5U
2025-04-01 04:45:56,241 - INFO - Ingress_Enter CC8Z76BB
2025-04-01 04:45:56,704 - INFO - Ingress_Enter OW230LDM
2025-04-01 04:45:56,724 - INFO - Ingress_Enter VA98V1ST
2025-04-01 04:45:56,826 - INFO - Ingress_Enter 8NYOJNUA
2025-04-01 04:45:56,966 - INFO - Ingress_Enter KJQDRZ60
2025-04-01 04:45:57,004 - INFO - Ingress_Enter AZI43RS2
2025-04-01 04:45:57,065 - INFO - Ingress_Enter NFUDKQTW
2025-04-01 04:45:57,629 - INFO - Ingress_Enter KWH56H1M
2025-04-01 04:45:57,810 - INFO - Ingress_Enter OUOC3PE7
2025-04-01 04:45:58,531 - INFO - Ingress_Enter NHJOI6CJ
2025-04-01 04:45:58,694 - INFO - Ingress_Enter JKLS54RM
2025-04-01 04:45:58,754 - INFO - Ingress_Enter LXOC6J3E
2025-04-01 04:45:58,774 - INFO - Ingress_Enter HBTJ7QBU
2025-04-01 04:45:58,975 - INFO - Ingress_Enter BV83X0YD
2025-04-01 04:45:58,995 - INFO - Ingress_Enter GR45JYKF
2025-04-01 04:45:59,074 - INFO - Ingress_Enter DFDYKW8J
2025-04-01 04:45:59,477 - INFO - Ingress_Enter 7FRGWSPB
2025-04-01 04:45:59,576 - INFO - Ingress_Enter S97T72ES
2025-04-01 04:45:59,981 - INFO - Ingress_Enter NKER3BI7
2025-04-01 04:46:00,141 - INFO - Ingress_Enter 73NLPPC4
2025-04-01 04:46:00,161 - INFO - Ingress_Enter MNE65Y0W
2025-04-01 04:46:00,182 - INFO - Ingress_Enter QCFRCD3B
2025-04-01 04:46:00,242 - INFO - Ingress_Enter TZS8U6JK
2025-04-01 04:46:00,545 - INFO - Ingress_Enter B673IIY9
2025-04-01 04:46:00,583 - INFO - Ingress_Enter WM217H8X
2025-04-01 04:46:00,663 - INFO - Ingress_Enter VN1KUR3Z
2025-04-01 04:46:00,827 - INFO - Ingress_Enter OWNV64EX
2025-04-01 04:46:01,484 - INFO - Ingress_Enter 6JE3VAZ4
2025-04-01 04:46:01,523 - INFO - Ingress_Enter 1Q4V7GUV
2025-04-01 04:46:01,705 - INFO - Ingress_Enter T03DCS6D
2025-04-01 04:46:01,883 - INFO - Ingress_Enter RXDNN3T7
2025-04-01 04:46:02,161 - INFO - Ingress_Exit OW3WBD02
2025-04-01 04:46:02,162 - INFO - Ingress_Exit N2LGIVHP
2025-04-01 04:46:02,166 - INFO - Ingress_Exit B28JX8N7
2025-04-01 04:46:02,167 - INFO - Ingress_Exit A9NTPXUS
2025-04-01 04:46:02,168 - INFO - Ingress_Exit 2WSFH6Z1
2025-04-01 04:46:02,169 - INFO - Ingress_Exit 1ZGYUIQV
2025-04-01 04:46:02,169 - INFO - Ingress_Exit SS0Z3VSG
2025-04-01 04:46:02,172 - INFO - Ingress_Exit DUH0XISX
2025-04-01 04:46:02,173 - INFO - Ingress_Exit IO4CX2OP
2025-04-01 04:46:02,175 - INFO - Ingress_Exit H19LZSDB
2025-04-01 04:46:02,176 - INFO - Ingress_Exit ZX3DH2Q9
2025-04-01 04:46:02,386 - INFO - Ingress_Enter URE6GV88
2025-04-01 04:46:02,446 - INFO - Ingress_Enter VQER3SJ9
2025-04-01 04:46:02,508 - INFO - Ingress_Enter DM6L1LG1
2025-04-01 04:46:02,669 - INFO - Ingress_Enter G7144V41
2025-04-01 04:46:02,709 - INFO - Ingress_Enter K032FYWV
2025-04-01 04:46:03,130 - INFO - Ingress_Enter C45L0JX8
2025-04-01 04:46:03,249 - INFO - Ingress_Enter C3BY72UQ
2025-04-01 04:46:03,392 - INFO - Ingress_Enter P590UNVA
2025-04-01 04:46:04,839 - INFO - Ingress_Enter 6C6OHOXC
2025-04-01 04:46:05,322 - INFO - Ingress_Enter TATXHRL8
2025-04-01 04:46:05,762 - INFO - Ingress_Enter 8YBVZSO3
2025-04-01 04:46:05,802 - INFO - Ingress_Enter OI8L0SCC
2025-04-01 04:46:05,963 - INFO - Ingress_Enter WN8FJ0VE
2025-04-01 04:46:06,084 - INFO - Ingress_Enter DRIGF5ED
2025-04-01 04:46:06,465 - INFO - Ingress_Enter YF825WHY
2025-04-01 04:46:06,886 - INFO - Ingress_Enter WWHLAP7O
2025-04-01 04:46:06,985 - INFO - Ingress_Enter OEOWILLX
2025-04-01 04:46:07,609 - INFO - Ingress_Enter 6WQG3AYM
2025-04-01 04:46:07,908 - INFO - Ingress_Enter 0FWOIZK0
2025-04-01 04:46:07,987 - INFO - Ingress_Enter HYFSAPFW
2025-04-01 04:46:08,030 - INFO - Ingress_Enter 67UD4ZNF
2025-04-01 04:46:17,200 - INFO - Ingress_Exit N3G5LDSA
2025-04-01 04:46:17,202 - INFO - Ingress_Exit FX0B1I2M
2025-04-01 04:46:17,205 - INFO - Ingress_Exit TY519WIG
2025-04-01 04:46:17,206 - INFO - Ingress_Exit 22C63P6Y
2025-04-01 04:46:17,208 - INFO - Ingress_Exit K992Z51D
2025-04-01 04:46:17,209 - INFO - Ingress_Exit YXWMRWTK
2025-04-01 04:46:17,210 - INFO - Ingress_Exit BV1SETT8
2025-04-01 04:46:17,211 - INFO - Ingress_Exit LNXBY7Y7
2025-04-01 04:46:17,212 - INFO - Ingress_Exit UA6FMMS2
2025-04-01 04:46:17,213 - INFO - Ingress_Exit KDRJ9FKY
2025-04-01 04:46:17,214 - INFO - Ingress_Exit 4R9VI80R
2025-04-01 04:46:18,345 - INFO - Ingress_Exit 66R2BF4V
2025-04-01 04:46:18,347 - INFO - Ingress_Exit UDTWBGH7
2025-04-01 04:46:18,348 - INFO - Ingress_Exit PVGN35K1
2025-04-01 04:46:18,350 - INFO - Ingress_Exit 45QT20HV
2025-04-01 04:46:18,352 - INFO - Ingress_Exit 8JR2F98G
2025-04-01 04:46:18,354 - INFO - Ingress_Exit AVL56Z5U
2025-04-01 04:46:18,355 - INFO - Ingress_Exit CC8Z76BB
2025-04-01 04:46:18,356 - INFO - Ingress_Exit II84XKG1
2025-04-01 04:46:18,356 - INFO - Ingress_Exit OW230LDM
2025-04-01 04:46:18,357 - INFO - Ingress_Exit 8NYOJNUA
2025-04-01 04:46:18,358 - INFO - Ingress_Exit KJQDRZ60
2025-04-01 04:46:18,359 - INFO - Ingress_Exit VA98V1ST
2025-04-01 04:46:18,359 - INFO - Ingress_Exit AZI43RS2
2025-04-01 04:46:18,360 - INFO - Ingress_Exit NFUDKQTW
2025-04-01 04:46:24,524 - INFO - Ingress_Exit OUOC3PE7
2025-04-01 04:46:24,525 - INFO - Ingress_Exit KWH56H1M
2025-04-01 04:46:24,528 - INFO - Ingress_Exit NHJOI6CJ
2025-04-01 04:46:24,529 - INFO - Ingress_Exit LXOC6J3E
2025-04-01 04:46:24,530 - INFO - Ingress_Exit JKLS54RM
2025-04-01 04:46:24,532 - INFO - Ingress_Exit HBTJ7QBU
2025-04-01 04:46:24,533 - INFO - Ingress_Exit BV83X0YD
2025-04-01 04:46:24,534 - INFO - Ingress_Exit GR45JYKF
2025-04-01 04:46:24,914 - INFO - Ingress_Exit DFDYKW8J
2025-04-01 04:46:24,916 - INFO - Ingress_Exit 7FRGWSPB
2025-04-01 04:46:24,916 - INFO - Ingress_Exit NKER3BI7
2025-04-01 04:46:24,918 - INFO - Ingress_Exit S97T72ES
2025-04-01 04:46:24,920 - INFO - Ingress_Exit 73NLPPC4
2025-04-01 04:46:24,921 - INFO - Ingress_Exit QCFRCD3B
2025-04-01 04:46:24,924 - INFO - Ingress_Exit MNE65Y0W
2025-04-01 04:46:24,926 - INFO - Ingress_Exit B673IIY9
2025-04-01 04:46:24,927 - INFO - Ingress_Exit TZS8U6JK
2025-04-01 04:46:24,928 - INFO - Ingress_Exit WM217H8X
2025-04-01 04:46:24,929 - INFO - Ingress_Exit VN1KUR3Z
2025-04-01 04:46:24,930 - INFO - Ingress_Exit OWNV64EX
2025-04-01 04:46:24,930 - INFO - Ingress_Exit 6JE3VAZ4
2025-04-01 04:46:24,931 - INFO - Ingress_Exit 1Q4V7GUV
2025-04-01 04:46:25,259 - INFO - Ingress_Exit T03DCS6D
2025-04-01 04:46:25,261 - INFO - Ingress_Exit RXDNN3T7
2025-04-01 04:46:25,263 - INFO - Ingress_Exit URE6GV88
2025-04-01 04:46:25,266 - INFO - Ingress_Exit VQER3SJ9
2025-04-01 04:46:25,267 - INFO - Ingress_Exit DM6L1LG1
2025-04-01 04:46:25,268 - INFO - Ingress_Exit G7144V41
2025-04-01 04:46:25,269 - INFO - Ingress_Exit K032FYWV
2025-04-01 04:46:25,270 - INFO - Ingress_Exit C45L0JX8
2025-04-01 04:46:25,656 - INFO - Ingress_Exit C3BY72UQ
2025-04-01 04:46:25,657 - INFO - Ingress_Exit P590UNVA
2025-04-01 04:46:25,658 - INFO - Ingress_Exit 6C6OHOXC
2025-04-01 04:46:25,661 - INFO - Ingress_Exit TATXHRL8
2025-04-01 04:46:25,662 - INFO - Ingress_Exit 8YBVZSO3
2025-04-01 04:46:25,663 - INFO - Ingress_Exit OI8L0SCC
2025-04-01 04:46:25,942 - INFO - Ingress_Exit WN8FJ0VE
2025-04-01 04:46:25,944 - INFO - Ingress_Exit DRIGF5ED
2025-04-01 04:46:25,945 - INFO - Ingress_Exit YF825WHY
2025-04-01 04:46:25,947 - INFO - Ingress_Exit OEOWILLX
2025-04-01 04:46:25,948 - INFO - Ingress_Exit WWHLAP7O
2025-04-01 04:46:25,949 - INFO - Ingress_Exit 6WQG3AYM
2025-04-01 04:46:25,951 - INFO - Ingress_Exit 0FWOIZK0
2025-04-01 04:46:26,323 - INFO - Ingress_Exit HYFSAPFW
2025-04-01 04:46:26,324 - INFO - Ingress_Exit 67UD4ZNF
