2025-04-01 04:52:42,437 - INFO - Ingress_Enter MJ8WKPLM
2025-04-01 04:52:42,765 - INFO - Ingress_Enter Y176Q5QA
2025-04-01 04:52:42,928 - INFO - Ingress_Enter 0ZZOJ3L8
2025-04-01 04:52:43,325 - INFO - Ingress_Exit MJ8WKPLM
2025-04-01 04:52:43,508 - INFO - Ingress_Exit Y176Q5QA
2025-04-01 04:52:43,509 - INFO - Ingress_Exit 0ZZOJ3L8
2025-04-01 04:52:43,852 - INFO - Ingress_Enter T84P07DH
2025-04-01 04:52:44,083 - INFO - Ingress_Enter YZV2QZ6B
2025-04-01 04:52:44,083 - INFO - Ingress_Exit T84P07DH
2025-04-01 04:52:44,181 - INFO - Ingress_Enter ZGMCHS9L
2025-04-01 04:52:44,262 - INFO - Ingress_Exit YZV2QZ6B
2025-04-01 04:52:44,314 - INFO - Ingress_Exit ZGMCHS9L
2025-04-01 04:52:44,936 - INFO - Ingress_Enter IYQG2VGW
2025-04-01 04:52:45,052 - INFO - Ingress_Exit IYQG2VGW
2025-04-01 04:52:45,395 - INFO - Ingress_Enter 0EAQC9WG
2025-04-01 04:52:45,498 - INFO - Ingress_Exit 0EAQC9WG
2025-04-01 04:52:45,789 - INFO - Ingress_Enter KEH7Q73M
2025-04-01 04:52:45,889 - INFO - Ingress_Exit KEH7Q73M
2025-04-01 04:52:45,920 - INFO - Ingress_Enter GJD9O4S7
2025-04-01 04:52:45,986 - INFO - Ingress_Enter HL1AEWTI
2025-04-01 04:52:46,017 - INFO - Ingress_Exit GJD9O4S7
2025-04-01 04:52:46,083 - INFO - Ingress_Exit HL1AEWTI
2025-04-01 04:52:46,085 - INFO - Ingress_Enter N67TGJOC
2025-04-01 04:52:46,186 - INFO - Ingress_Exit N67TGJOC
2025-04-01 04:52:46,448 - INFO - Ingress_Enter PICRFZKW
2025-04-01 04:52:46,546 - INFO - Ingress_Enter O6P2N6L6
2025-04-01 04:52:46,549 - INFO - Ingress_Exit PICRFZKW
2025-04-01 04:52:46,580 - INFO - Ingress_Enter 0K94XFSD
2025-04-01 04:52:46,643 - INFO - Ingress_Exit O6P2N6L6
2025-04-01 04:52:46,674 - INFO - Ingress_Exit 0K94XFSD
2025-04-01 04:52:47,765 - INFO - Ingress_Enter X3SNZNWC
2025-04-01 04:52:47,796 - INFO - Ingress_Enter 1Q5DMTZG
2025-04-01 04:52:47,860 - INFO - Ingress_Exit X3SNZNWC
2025-04-01 04:52:47,889 - INFO - Ingress_Exit 1Q5DMTZG
2025-04-01 04:52:48,193 - INFO - Ingress_Enter F9QN3N27
2025-04-01 04:52:48,288 - INFO - Ingress_Exit F9QN3N27
2025-04-01 04:52:48,454 - INFO - Ingress_Enter 77RXYV19
2025-04-01 04:52:48,520 - INFO - Ingress_Enter TQWG6YU1
2025-04-01 04:52:48,550 - INFO - Ingress_Exit 77RXYV19
2025-04-01 04:52:48,613 - INFO - Ingress_Exit TQWG6YU1
2025-04-01 04:52:50,169 - INFO - Ingress_Enter X68C4EY4
2025-04-01 04:52:50,262 - INFO - Ingress_Exit X68C4EY4
2025-04-01 04:52:50,532 - INFO - Ingress_Enter E2AR0WZ7
2025-04-01 04:52:50,625 - INFO - Ingress_Exit E2AR0WZ7
2025-04-01 04:52:50,662 - INFO - Ingress_Enter YTSYBU3I
2025-04-01 04:52:50,754 - INFO - Ingress_Exit YTSYBU3I
2025-04-01 04:52:51,023 - INFO - Ingress_Enter XW0I1P3W
2025-04-01 04:52:51,387 - INFO - Ingress_Enter UUFD87YZ
2025-04-01 04:52:51,451 - INFO - Ingress_Enter AN86REVP
2025-04-01 04:52:51,461 - INFO - Ingress_Exit XW0I1P3W
2025-04-01 04:52:51,972 - INFO - Ingress_Exit UUFD87YZ
2025-04-01 04:52:51,973 - INFO - Ingress_Exit AN86REVP
2025-04-01 04:52:52,574 - INFO - Ingress_Enter EQXZOIVP
2025-04-01 04:52:52,700 - INFO - Ingress_Exit EQXZOIVP
2025-04-01 04:52:53,033 - INFO - Ingress_Enter SMJ3LY32
2025-04-01 04:52:53,141 - INFO - Ingress_Exit SMJ3LY32
2025-04-01 04:52:53,591 - INFO - Ingress_Enter G37P4E6K
2025-04-01 04:52:53,698 - INFO - Ingress_Exit G37P4E6K
2025-04-01 04:52:53,755 - INFO - Ingress_Enter T2XAM7V8
2025-04-01 04:52:53,858 - INFO - Ingress_Exit T2XAM7V8
2025-04-01 04:52:54,116 - INFO - Ingress_Enter INH7Q1XO
2025-04-01 04:52:54,220 - INFO - Ingress_Exit INH7Q1XO
2025-04-01 04:52:55,297 - INFO - Ingress_Enter 0YVGN0WQ
2025-04-01 04:52:55,414 - INFO - Ingress_Exit 0YVGN0WQ
2025-04-01 04:52:56,706 - INFO - Ingress_Enter 4QPYSDGL
2025-04-01 04:52:56,803 - INFO - Ingress_Enter ABWNURCK
2025-04-01 04:52:56,823 - INFO - Ingress_Exit 4QPYSDGL
2025-04-01 04:52:56,923 - INFO - Ingress_Exit ABWNURCK
2025-04-01 04:52:57,065 - INFO - Ingress_Enter JYUYEBX5
2025-04-01 04:52:57,183 - INFO - Ingress_Exit JYUYEBX5
2025-04-01 04:52:57,754 - INFO - Ingress_Enter G2D5OP0F
2025-04-01 04:52:57,867 - INFO - Ingress_Exit G2D5OP0F
2025-04-01 04:52:58,016 - INFO - Ingress_Enter YSMHOCM9
2025-04-01 04:52:58,081 - INFO - Ingress_Enter DRP8ZNP2
2025-04-01 04:52:58,133 - INFO - Ingress_Exit YSMHOCM9
2025-04-01 04:52:58,179 - INFO - Ingress_Enter WCI3648C
2025-04-01 04:52:58,194 - INFO - Ingress_Exit DRP8ZNP2
2025-04-01 04:52:58,212 - INFO - Ingress_Enter 5UGK44XF
2025-04-01 04:52:58,292 - INFO - Ingress_Exit WCI3648C
2025-04-01 04:52:58,327 - INFO - Ingress_Exit 5UGK44XF
2025-04-01 04:52:58,639 - INFO - Ingress_Enter EWT0MF1O
2025-04-01 04:52:58,737 - INFO - Ingress_Enter T8LS7HAO
2025-04-01 04:52:58,748 - INFO - Ingress_Exit EWT0MF1O
2025-04-01 04:52:58,770 - INFO - Ingress_Enter PO2FC943
2025-04-01 04:52:58,848 - INFO - Ingress_Exit T8LS7HAO
2025-04-01 04:52:58,882 - INFO - Ingress_Exit PO2FC943
2025-04-01 04:52:58,999 - INFO - Ingress_Enter HM634U2X
2025-04-01 04:52:59,111 - INFO - Ingress_Exit HM634U2X
2025-04-01 04:52:59,163 - INFO - Ingress_Enter 0HW14U98
2025-04-01 04:52:59,270 - INFO - Ingress_Exit 0HW14U98
2025-04-01 04:52:59,392 - INFO - Ingress_Enter CJNA6F9U
2025-04-01 04:52:59,425 - INFO - Ingress_Enter QCEIPX2X
2025-04-01 04:52:59,499 - INFO - Ingress_Exit CJNA6F9U
2025-04-01 04:52:59,534 - INFO - Ingress_Exit QCEIPX2X
2025-04-01 04:52:59,621 - INFO - Ingress_Enter PGO9Y22J
2025-04-01 04:52:59,731 - INFO - Ingress_Exit PGO9Y22J
2025-04-01 04:52:59,752 - INFO - Ingress_Enter YZ5EB9N4
2025-04-01 04:52:59,785 - INFO - Ingress_Enter X9Q70OCL
2025-04-01 04:52:59,858 - INFO - Ingress_Exit YZ5EB9N4
2025-04-01 04:52:59,892 - INFO - Ingress_Exit X9Q70OCL
2025-04-01 04:53:00,573 - INFO - Ingress_Enter OK2XSM0H
2025-04-01 04:53:00,606 - INFO - Ingress_Enter TEOZ7KEV
2025-04-01 04:53:00,671 - INFO - Ingress_Exit OK2XSM0H
2025-04-01 04:53:00,706 - INFO - Ingress_Exit TEOZ7KEV
2025-04-01 04:53:00,967 - INFO - Ingress_Enter ZVB8SJ0L
2025-04-01 04:53:01,062 - INFO - Ingress_Exit ZVB8SJ0L
2025-04-01 04:53:01,560 - INFO - Ingress_Enter BOOYVZO9
2025-04-01 04:53:01,657 - INFO - Ingress_Exit BOOYVZO9
2025-04-01 04:53:01,854 - INFO - Ingress_Enter AQ381ML2
2025-04-01 04:53:01,950 - INFO - Ingress_Exit AQ381ML2
2025-04-01 04:53:02,250 - INFO - Ingress_Enter EZSR6J29
2025-04-01 04:53:02,348 - INFO - Ingress_Exit EZSR6J29
2025-04-01 04:53:02,447 - INFO - Ingress_Enter 86B072SZ
2025-04-01 04:53:02,544 - INFO - Ingress_Exit 86B072SZ
2025-04-01 04:53:02,644 - INFO - Ingress_Enter GYJIPDW3
2025-04-01 04:53:02,733 - INFO - Ingress_Exit GYJIPDW3
2025-04-01 04:53:03,268 - INFO - Ingress_Enter N7U3O5BF
2025-04-01 04:53:03,360 - INFO - Ingress_Exit N7U3O5BF
2025-04-01 04:53:03,629 - INFO - Ingress_Enter AKOFHFW0
2025-04-01 04:53:03,720 - INFO - Ingress_Exit AKOFHFW0
2025-04-01 04:53:04,090 - INFO - Ingress_Enter 9GMDSGF7
2025-04-01 04:53:04,180 - INFO - Ingress_Exit 9GMDSGF7
2025-04-01 04:53:04,252 - INFO - Ingress_Enter RLSSIQ9C
2025-04-01 04:53:04,346 - INFO - Ingress_Exit RLSSIQ9C
2025-04-01 04:53:04,516 - INFO - Ingress_Enter EAPE2LP4
2025-04-01 04:53:04,548 - INFO - Ingress_Enter A8HNB7VS
2025-04-01 04:53:04,616 - INFO - Ingress_Exit EAPE2LP4
2025-04-01 04:53:04,645 - INFO - Ingress_Exit A8HNB7VS
2025-04-01 04:53:04,648 - INFO - Ingress_Enter R2X2LTCS
2025-04-01 04:53:04,748 - INFO - Ingress_Exit R2X2LTCS
2025-04-01 04:53:04,778 - INFO - Ingress_Enter V0K4F943
2025-04-01 04:53:04,877 - INFO - Ingress_Exit V0K4F943
2025-04-01 04:53:06,062 - INFO - Ingress_Enter VM3OGKRM
2025-04-01 04:53:06,157 - INFO - Ingress_Exit VM3OGKRM
2025-04-01 04:53:06,268 - INFO - Ingress_Enter HJBA4IXY
2025-04-01 04:53:06,357 - INFO - Ingress_Exit HJBA4IXY
2025-04-01 04:53:06,761 - INFO - Ingress_Enter DYKQD091
2025-04-01 04:53:06,857 - INFO - Ingress_Exit DYKQD091
2025-04-01 04:53:07,090 - INFO - Ingress_Enter UC4E9GOZ
2025-04-01 04:53:07,185 - INFO - Ingress_Exit UC4E9GOZ
2025-04-01 04:53:07,254 - INFO - Ingress_Enter P6BBOVUV
2025-04-01 04:53:07,351 - INFO - Ingress_Exit P6BBOVUV
2025-04-01 04:53:07,549 - INFO - Ingress_Enter LVYZPJFT
2025-04-01 04:53:07,647 - INFO - Ingress_Exit LVYZPJFT
2025-04-01 04:53:08,072 - INFO - Ingress_Enter PPU8CP1E
2025-04-01 04:53:08,185 - INFO - Ingress_Exit PPU8CP1E
2025-04-01 04:53:08,203 - INFO - Ingress_Enter NQBA2ODF
2025-04-01 04:53:08,311 - INFO - Ingress_Exit NQBA2ODF
2025-04-01 04:53:08,597 - INFO - Ingress_Enter 9MO1QY9R
2025-04-01 04:53:08,705 - INFO - Ingress_Exit 9MO1QY9R
2025-04-01 04:53:09,121 - INFO - Ingress_Enter LCRTA2UW
2025-04-01 04:53:09,230 - INFO - Ingress_Exit LCRTA2UW
2025-04-01 04:53:09,547 - INFO - Ingress_Enter 12NJ90LJ
2025-04-01 04:53:09,666 - INFO - Ingress_Exit 12NJ90LJ
2025-04-01 04:53:10,136 - INFO - Ingress_Enter 5AOUX6W5
2025-04-01 04:53:10,234 - INFO - Ingress_Enter MAIGCWSD
2025-04-01 04:53:10,252 - INFO - Ingress_Exit 5AOUX6W5
2025-04-01 04:53:10,347 - INFO - Ingress_Exit MAIGCWSD
2025-04-01 04:53:11,055 - INFO - Ingress_Enter LMDDFZLB
2025-04-01 04:53:11,176 - INFO - Ingress_Exit LMDDFZLB
2025-04-01 04:53:11,249 - INFO - Ingress_Enter 9R428X23
2025-04-01 04:53:11,363 - INFO - Ingress_Exit 9R428X23
2025-04-01 04:53:11,544 - INFO - Ingress_Enter LN9JQ6ZS
2025-04-01 04:53:11,658 - INFO - Ingress_Exit LN9JQ6ZS
2025-04-01 04:53:12,264 - INFO - Ingress_Enter EGWGR9IF
2025-04-01 04:53:12,380 - INFO - Ingress_Exit EGWGR9IF
2025-04-01 04:53:12,493 - INFO - Ingress_Enter MAMJHDH6
2025-04-01 04:53:12,610 - INFO - Ingress_Exit MAMJHDH6
2025-04-01 04:53:12,853 - INFO - Ingress_Enter WEXHFNAV
2025-04-01 04:53:12,919 - INFO - Ingress_Enter VLRG9VXV
2025-04-01 04:53:12,972 - INFO - Ingress_Exit WEXHFNAV
2025-04-01 04:53:13,033 - INFO - Ingress_Exit VLRG9VXV
2025-04-01 04:53:16,196 - INFO - Ingress_Enter MN8WRSC4
2025-04-01 04:53:16,299 - INFO - Ingress_Exit MN8WRSC4
2025-04-01 04:53:16,556 - INFO - Ingress_Enter EWGJ11TB
2025-04-01 04:53:16,657 - INFO - Ingress_Exit EWGJ11TB
2025-04-01 04:53:18,233 - INFO - Ingress_Enter R73ZXNDM
2025-04-01 04:53:18,328 - INFO - Ingress_Exit R73ZXNDM
2025-04-01 04:53:18,463 - INFO - Ingress_Enter ROFJ5PNQ
2025-04-01 04:53:18,555 - INFO - Ingress_Exit ROFJ5PNQ
2025-04-01 04:53:18,561 - INFO - Ingress_Enter IZRT8D6Z
2025-04-01 04:53:18,661 - INFO - Ingress_Exit IZRT8D6Z
2025-04-01 04:53:18,727 - INFO - Ingress_Enter BXX2K1GM
2025-04-01 04:53:18,819 - INFO - Ingress_Exit BXX2K1GM
2025-04-01 04:53:19,482 - INFO - Ingress_Enter SC5PKVR9
2025-04-01 04:53:19,578 - INFO - Ingress_Exit SC5PKVR9
2025-04-01 04:53:20,171 - INFO - Ingress_Enter JRWW37I2
2025-04-01 04:53:20,267 - INFO - Ingress_Exit JRWW37I2
2025-04-01 04:53:20,533 - INFO - Ingress_Enter ICDT78M2
2025-04-01 04:53:20,631 - INFO - Ingress_Exit ICDT78M2
2025-04-01 04:53:20,958 - INFO - Ingress_Enter TIX6I018
2025-04-01 04:53:21,052 - INFO - Ingress_Exit TIX6I018
2025-04-01 04:53:21,417 - INFO - Ingress_Enter K4J9JHFX
2025-04-01 04:53:21,483 - INFO - Ingress_Enter CC74KT5O
2025-04-01 04:53:21,511 - INFO - Ingress_Exit K4J9JHFX
2025-04-01 04:53:21,576 - INFO - Ingress_Exit CC74KT5O
2025-04-01 04:53:22,798 - INFO - Ingress_Enter EUG1XHFR
2025-04-01 04:53:22,894 - INFO - Ingress_Exit EUG1XHFR
2025-04-01 04:53:22,961 - INFO - Ingress_Enter KZJXQNTG
2025-04-01 04:53:23,055 - INFO - Ingress_Exit KZJXQNTG
2025-04-01 04:53:23,059 - INFO - Ingress_Enter SEPU1OCK
2025-04-01 04:53:23,154 - INFO - Ingress_Exit SEPU1OCK
2025-04-01 04:53:23,519 - INFO - Ingress_Enter LBN32YXE
2025-04-01 04:53:23,615 - INFO - Ingress_Exit LBN32YXE
2025-04-01 04:53:23,683 - INFO - Ingress_Enter EY7UK7S9
2025-04-01 04:53:23,777 - INFO - Ingress_Exit EY7UK7S9
2025-04-01 04:53:23,781 - INFO - Ingress_Enter K6RZX39J
2025-04-01 04:53:23,878 - INFO - Ingress_Exit K6RZX39J
2025-04-01 04:53:24,305 - INFO - Ingress_Enter 6WY2OCK6
2025-04-01 04:53:24,397 - INFO - Ingress_Exit 6WY2OCK6
2025-04-01 04:53:25,090 - INFO - Ingress_Enter EET3IBU0
2025-04-01 04:53:25,184 - INFO - Ingress_Exit EET3IBU0
2025-04-01 04:53:25,844 - INFO - Ingress_Enter YK03ZSU3
2025-04-01 04:53:25,879 - INFO - Ingress_Enter W2T4UB9R
2025-04-01 04:53:25,937 - INFO - Ingress_Exit YK03ZSU3
2025-04-01 04:53:25,971 - INFO - Ingress_Exit W2T4UB9R
2025-04-01 04:53:26,007 - INFO - Ingress_Enter HIR3B279
2025-04-01 04:53:26,107 - INFO - Ingress_Exit HIR3B279
2025-04-01 04:53:26,171 - INFO - Ingress_Enter FYAJC8QS
2025-04-01 04:53:26,266 - INFO - Ingress_Exit FYAJC8QS
2025-04-01 04:53:27,356 - INFO - Ingress_Enter MHXB5W8C
2025-04-01 04:53:27,452 - INFO - Ingress_Exit MHXB5W8C
2025-04-01 04:53:27,881 - INFO - Ingress_Enter 9BLZVWTO
2025-04-01 04:53:27,947 - INFO - Ingress_Enter 7GVUFJOT
2025-04-01 04:53:27,979 - INFO - Ingress_Exit 9BLZVWTO
2025-04-01 04:53:28,042 - INFO - Ingress_Exit 7GVUFJOT
2025-04-01 04:53:28,111 - INFO - Ingress_Enter DALB3O1T
2025-04-01 04:53:28,206 - INFO - Ingress_Exit DALB3O1T
2025-04-01 04:53:28,537 - INFO - Ingress_Enter X7VSYR15
2025-04-01 04:53:28,604 - INFO - Ingress_Enter 1QUDE9Y8
2025-04-01 04:53:28,638 - INFO - Ingress_Exit X7VSYR15
2025-04-01 04:53:28,696 - INFO - Ingress_Exit 1QUDE9Y8
2025-04-01 04:53:29,030 - INFO - Ingress_Enter EA38SGTV
2025-04-01 04:53:29,124 - INFO - Ingress_Exit EA38SGTV
2025-04-01 04:53:29,130 - INFO - Ingress_Enter 063K26E3
2025-04-01 04:53:29,221 - INFO - Ingress_Exit 063K26E3
2025-04-01 04:53:29,916 - INFO - Ingress_Enter O0YB6ZIP
2025-04-01 04:53:30,011 - INFO - Ingress_Exit O0YB6ZIP
2025-04-01 04:53:30,113 - INFO - Ingress_Enter S26MGLN9
2025-04-01 04:53:30,210 - INFO - Ingress_Exit S26MGLN9
2025-04-01 04:53:30,867 - INFO - Ingress_Enter OXNLSL46
2025-04-01 04:53:30,932 - INFO - Ingress_Enter D32KBCJK
2025-04-01 04:53:30,959 - INFO - Ingress_Exit OXNLSL46
2025-04-01 04:53:31,021 - INFO - Ingress_Exit D32KBCJK
2025-04-01 04:53:31,063 - INFO - Ingress_Enter 97SY4AQH
2025-04-01 04:53:31,157 - INFO - Ingress_Exit 97SY4AQH
2025-04-01 04:53:31,723 - INFO - Ingress_Enter 6RSA0KTD
2025-04-01 04:53:31,819 - INFO - Ingress_Exit 6RSA0KTD
2025-04-01 04:53:31,886 - INFO - Ingress_Enter HDUJYXUB
2025-04-01 04:53:31,985 - INFO - Ingress_Exit HDUJYXUB
2025-04-01 04:53:32,213 - INFO - Ingress_Enter 4YEOJ6M0
2025-04-01 04:53:32,305 - INFO - Ingress_Enter 5NXZSL4W
2025-04-01 04:53:32,350 - INFO - Ingress_Exit 4YEOJ6M0
2025-04-01 04:53:32,404 - INFO - Ingress_Exit 5NXZSL4W
2025-04-01 04:53:32,673 - INFO - Ingress_Enter 01XQL0HT
2025-04-01 04:53:32,790 - INFO - Ingress_Exit 01XQL0HT
2025-04-01 04:53:32,803 - INFO - Ingress_Enter CMBIMTUE
2025-04-01 04:53:32,922 - INFO - Ingress_Exit CMBIMTUE
2025-04-01 04:53:32,934 - INFO - Ingress_Enter 2UWHI0H1
2025-04-01 04:53:33,053 - INFO - Ingress_Exit 2UWHI0H1
2025-04-01 04:53:33,524 - INFO - Ingress_Enter J3ZVQ6PV
2025-04-01 04:53:33,644 - INFO - Ingress_Exit J3ZVQ6PV
2025-04-01 04:53:34,245 - INFO - Ingress_Enter 2GP9RQH1
2025-04-01 04:53:34,359 - INFO - Ingress_Exit 2GP9RQH1
2025-04-01 04:53:34,442 - INFO - Ingress_Enter ZBY5OZ5U
2025-04-01 04:53:34,555 - INFO - Ingress_Exit ZBY5OZ5U
2025-04-01 04:53:35,193 - INFO - Ingress_Enter T05PJU7M
2025-04-01 04:53:35,313 - INFO - Ingress_Exit T05PJU7M
2025-04-01 04:53:35,617 - INFO - Ingress_Enter TOFZA88K
2025-04-01 04:53:35,732 - INFO - Ingress_Exit TOFZA88K
2025-04-01 04:53:36,113 - INFO - Ingress_Enter IX8BBPUS
2025-04-01 04:53:36,205 - INFO - Ingress_Enter GWPNY8VE
2025-04-01 04:53:36,228 - INFO - Ingress_Exit IX8BBPUS
2025-04-01 04:53:36,328 - INFO - Ingress_Exit GWPNY8VE
2025-04-01 04:53:36,335 - INFO - Ingress_Enter OER4BJ7V
2025-04-01 04:53:36,434 - INFO - Ingress_Enter BIXLZ76L
2025-04-01 04:53:36,465 - INFO - Ingress_Exit OER4BJ7V
2025-04-01 04:53:36,554 - INFO - Ingress_Exit BIXLZ76L
2025-04-01 04:53:37,547 - INFO - Ingress_Enter 6WZAY1FL
2025-04-01 04:53:37,579 - INFO - Ingress_Enter 9KNBAB3P
2025-04-01 04:53:37,662 - INFO - Ingress_Exit 6WZAY1FL
2025-04-01 04:53:37,696 - INFO - Ingress_Exit 9KNBAB3P
2025-04-01 04:53:37,774 - INFO - Ingress_Enter W2VPRNUW
2025-04-01 04:53:37,892 - INFO - Ingress_Exit W2VPRNUW
2025-04-01 04:53:37,938 - INFO - Ingress_Enter BKYQGG9J
2025-04-01 04:53:38,003 - INFO - Ingress_Enter BL6S7B07
2025-04-01 04:53:38,062 - INFO - Ingress_Exit BKYQGG9J
2025-04-01 04:53:38,128 - INFO - Ingress_Exit BL6S7B07
2025-04-01 04:53:38,332 - INFO - Ingress_Enter 2L4RGF7U
2025-04-01 04:53:38,481 - INFO - Ingress_Exit 2L4RGF7U
2025-04-01 04:53:38,496 - INFO - Ingress_Enter SAMH00DA
2025-04-01 04:53:38,595 - INFO - Ingress_Enter IE4VHA15
2025-04-01 04:53:38,621 - INFO - Ingress_Exit SAMH00DA
2025-04-01 04:53:38,713 - INFO - Ingress_Exit IE4VHA15
2025-04-01 04:53:39,612 - INFO - Ingress_Enter PRSGFUVX
2025-04-01 04:53:39,731 - INFO - Ingress_Exit PRSGFUVX
2025-04-01 04:53:40,137 - INFO - Ingress_Enter T1W8OTS3
2025-04-01 04:53:40,253 - INFO - Ingress_Exit T1W8OTS3
2025-04-01 04:53:40,661 - INFO - Ingress_Enter L0TZ6HRU
2025-04-01 04:53:40,779 - INFO - Ingress_Exit L0TZ6HRU
2025-04-01 04:53:41,053 - INFO - Ingress_Enter D7HR4ZZ8
2025-04-01 04:53:41,197 - INFO - Ingress_Exit D7HR4ZZ8
2025-04-01 04:53:41,938 - INFO - Ingress_Enter P0SF4CEQ
2025-04-01 04:53:42,061 - INFO - Ingress_Exit P0SF4CEQ
2025-04-01 04:53:42,200 - INFO - Ingress_Enter XXGTPZDN
2025-04-01 04:53:42,298 - INFO - Ingress_Enter CFEWQK93
2025-04-01 04:53:42,372 - INFO - Ingress_Exit XXGTPZDN
2025-04-01 04:53:42,417 - INFO - Ingress_Exit CFEWQK93
2025-04-01 04:53:42,428 - INFO - Ingress_Enter ESIZUR9K
2025-04-01 04:53:42,572 - INFO - Ingress_Exit ESIZUR9K
2025-04-01 04:53:42,723 - INFO - Ingress_Enter LUMCLULK
2025-04-01 04:53:42,856 - INFO - Ingress_Exit LUMCLULK
2025-04-01 04:53:43,059 - INFO - Ingress_Enter 1KWVBBYW
2025-04-01 04:53:43,170 - INFO - Ingress_Exit 1KWVBBYW
2025-04-01 04:53:43,287 - INFO - Ingress_Enter FY910VW7
2025-04-01 04:53:43,403 - INFO - Ingress_Exit FY910VW7
2025-04-01 04:53:43,550 - INFO - Ingress_Enter N9P3NDEY
2025-04-01 04:53:43,690 - INFO - Ingress_Exit N9P3NDEY
2025-04-01 04:53:44,075 - INFO - Ingress_Enter ZVMGZ0G5
2025-04-01 04:53:44,198 - INFO - Ingress_Exit ZVMGZ0G5
2025-04-01 04:53:44,402 - INFO - Ingress_Enter T139AHHY
2025-04-01 04:53:44,520 - INFO - Ingress_Exit T139AHHY
2025-04-01 04:53:44,564 - INFO - Ingress_Enter JM6FAPJ1
2025-04-01 04:53:44,698 - INFO - Ingress_Exit JM6FAPJ1
2025-04-01 04:53:44,989 - INFO - Ingress_Enter 90XKSYK3
2025-04-01 04:53:45,104 - INFO - Ingress_Exit 90XKSYK3
2025-04-01 04:53:45,774 - INFO - Ingress_Enter QUEF6HUZ
2025-04-01 04:53:45,892 - INFO - Ingress_Exit QUEF6HUZ
2025-04-01 04:53:47,571 - INFO - Ingress_Enter 71O7AMEY
2025-04-01 04:53:47,681 - INFO - Ingress_Exit 71O7AMEY
2025-04-01 04:53:47,864 - INFO - Ingress_Enter 665T6MQG
2025-04-01 04:53:47,976 - INFO - Ingress_Exit 665T6MQG
2025-04-01 04:53:48,554 - INFO - Ingress_Enter QPDC8UMU
2025-04-01 04:53:48,662 - INFO - Ingress_Exit QPDC8UMU
2025-04-01 04:53:49,175 - INFO - Ingress_Enter EXSWI380
2025-04-01 04:53:49,281 - INFO - Ingress_Exit EXSWI380
2025-04-01 04:53:50,124 - INFO - Ingress_Enter CX28I9TY
2025-04-01 04:53:50,240 - INFO - Ingress_Exit CX28I9TY
2025-04-01 04:53:51,761 - INFO - Ingress_Enter PC3OC4A3
2025-04-01 04:53:51,825 - INFO - Ingress_Enter WBAZ791G
2025-04-01 04:53:51,874 - INFO - Ingress_Exit PC3OC4A3
2025-04-01 04:53:51,940 - INFO - Ingress_Exit WBAZ791G
2025-04-01 04:53:53,394 - INFO - Ingress_Enter TG8DAXEQ
2025-04-01 04:53:53,504 - INFO - Ingress_Exit TG8DAXEQ
2025-04-01 04:53:53,590 - INFO - Ingress_Enter 6UMI8RWY
2025-04-01 04:53:53,696 - INFO - Ingress_Exit 6UMI8RWY
2025-04-01 04:53:53,819 - INFO - Ingress_Enter 1N6UYNU8
2025-04-01 04:53:53,884 - INFO - Ingress_Enter YBEQPYB2
2025-04-01 04:53:53,926 - INFO - Ingress_Exit 1N6UYNU8
2025-04-01 04:53:53,987 - INFO - Ingress_Exit YBEQPYB2
2025-04-01 04:53:55,393 - INFO - Ingress_Enter SMA4A3Z0
2025-04-01 04:53:55,492 - INFO - Ingress_Exit SMA4A3Z0
2025-04-01 04:53:55,784 - INFO - Ingress_Enter YW38VBJC
2025-04-01 04:53:55,884 - INFO - Ingress_Exit YW38VBJC
2025-04-01 04:53:56,112 - INFO - Ingress_Enter 3BE4S6SU
2025-04-01 04:53:56,208 - INFO - Ingress_Exit 3BE4S6SU
2025-04-01 04:53:56,900 - INFO - Ingress_Enter H46RLD7P
2025-04-01 04:53:57,027 - INFO - Ingress_Exit H46RLD7P
2025-04-01 04:53:57,096 - INFO - Ingress_Enter 0ZF2Y7FT
2025-04-01 04:53:57,128 - INFO - Ingress_Enter YCJNYWWL
2025-04-01 04:53:57,218 - INFO - Ingress_Exit 0ZF2Y7FT
2025-04-01 04:53:57,252 - INFO - Ingress_Exit YCJNYWWL
2025-04-01 04:53:57,555 - INFO - Ingress_Enter B2X55NCD
2025-04-01 04:53:57,668 - INFO - Ingress_Exit B2X55NCD
2025-04-01 04:53:58,113 - INFO - Ingress_Enter ZYJHL3XG
2025-04-01 04:53:58,272 - INFO - Ingress_Exit ZYJHL3XG
2025-04-01 04:53:59,259 - INFO - Ingress_Enter A0V5ZC48
2025-04-01 04:53:59,370 - INFO - Ingress_Exit A0V5ZC48
2025-04-01 04:53:59,489 - INFO - Ingress_Enter OTEA1KGN
2025-04-01 04:53:59,601 - INFO - Ingress_Exit OTEA1KGN
2025-04-01 04:54:00,472 - INFO - Ingress_Enter B3CECVFK
2025-04-01 04:54:00,569 - INFO - Ingress_Enter VHP5WBVI
2025-04-01 04:54:00,620 - INFO - Ingress_Exit B3CECVFK
2025-04-01 04:54:00,711 - INFO - Ingress_Exit VHP5WBVI
2025-04-01 04:54:00,896 - INFO - Ingress_Enter UL45EWKY
2025-04-01 04:54:01,042 - INFO - Ingress_Exit UL45EWKY
2025-04-01 04:54:01,650 - INFO - Ingress_Enter U2I3ERRA
2025-04-01 04:54:01,781 - INFO - Ingress_Enter TIO2KB3Z
2025-04-01 04:54:01,798 - INFO - Ingress_Exit U2I3ERRA
2025-04-01 04:54:01,922 - INFO - Ingress_Exit TIO2KB3Z
2025-04-01 04:54:02,010 - INFO - Ingress_Enter J7HI3MIX
2025-04-01 04:54:02,144 - INFO - Ingress_Exit J7HI3MIX
2025-04-01 04:54:02,173 - INFO - Ingress_Enter ZCEO1DTX
2025-04-01 04:54:02,292 - INFO - Ingress_Exit ZCEO1DTX
2025-04-01 04:54:02,568 - INFO - Ingress_Enter GAOPO6C1
2025-04-01 04:54:02,678 - INFO - Ingress_Exit GAOPO6C1
2025-04-01 04:54:03,419 - INFO - Ingress_Enter Y4SJEH7W
2025-04-01 04:54:03,531 - INFO - Ingress_Exit Y4SJEH7W
2025-04-01 04:54:03,843 - INFO - Ingress_Enter PB03DUT6
2025-04-01 04:54:03,876 - INFO - Ingress_Enter WJV39LNG
2025-04-01 04:54:03,950 - INFO - Ingress_Exit PB03DUT6
2025-04-01 04:54:03,983 - INFO - Ingress_Exit WJV39LNG
2025-04-01 04:54:04,530 - INFO - Ingress_Enter NI638ZUX
2025-04-01 04:54:04,660 - INFO - Ingress_Exit NI638ZUX
2025-04-01 04:54:04,693 - INFO - Ingress_Enter MGPTX2IR
2025-04-01 04:54:04,811 - INFO - Ingress_Exit MGPTX2IR
2025-04-01 04:54:04,857 - INFO - Ingress_Enter 79E75CQJ
2025-04-01 04:54:04,970 - INFO - Ingress_Exit 79E75CQJ
2025-04-01 04:54:05,020 - INFO - Ingress_Enter S4QIT3I5
2025-04-01 04:54:05,134 - INFO - Ingress_Exit S4QIT3I5
2025-04-01 04:54:05,283 - INFO - Ingress_Enter UEQAGHZV
2025-04-01 04:54:05,381 - INFO - Ingress_Enter TPSK9V8Z
2025-04-01 04:54:05,397 - INFO - Ingress_Exit UEQAGHZV
2025-04-01 04:54:05,492 - INFO - Ingress_Exit TPSK9V8Z
2025-04-01 04:54:06,952 - INFO - Ingress_Enter T7W40BEU
2025-04-01 04:54:07,017 - INFO - Ingress_Enter HTA0H1I4
2025-04-01 04:54:07,067 - INFO - Ingress_Exit T7W40BEU
2025-04-01 04:54:07,132 - INFO - Ingress_Exit HTA0H1I4
2025-04-01 04:54:07,968 - INFO - Ingress_Enter 032SUZYA
2025-04-01 04:54:08,085 - INFO - Ingress_Exit 032SUZYA
2025-04-01 04:54:08,098 - INFO - Ingress_Enter QTMFVVGX
2025-04-01 04:54:08,197 - INFO - Ingress_Enter 9EIAZ4RQ
2025-04-01 04:54:08,205 - INFO - Ingress_Exit QTMFVVGX
2025-04-01 04:54:08,306 - INFO - Ingress_Exit 9EIAZ4RQ
2025-04-01 04:54:08,722 - INFO - Ingress_Enter 673HOX8Q
2025-04-01 04:54:08,827 - INFO - Ingress_Exit 673HOX8Q
2025-04-01 04:54:08,984 - INFO - Ingress_Enter S7J6CV1E
2025-04-01 04:54:09,083 - INFO - Ingress_Enter JM80ZCVI
2025-04-01 04:54:09,093 - INFO - Ingress_Exit S7J6CV1E
2025-04-01 04:54:09,116 - INFO - Ingress_Enter 51QJ2ZDV
2025-04-01 04:54:09,186 - INFO - Ingress_Exit JM80ZCVI
2025-04-01 04:54:09,220 - INFO - Ingress_Exit 51QJ2ZDV
2025-04-01 04:54:09,706 - INFO - Ingress_Enter Y7ABKJAP
2025-04-01 04:54:09,806 - INFO - Ingress_Exit Y7ABKJAP
2025-04-01 04:54:10,001 - INFO - Ingress_Enter QGORT4OJ
2025-04-01 04:54:10,106 - INFO - Ingress_Exit QGORT4OJ
2025-04-01 04:54:10,363 - INFO - Ingress_Enter KTLKSEF9
2025-04-01 04:54:10,466 - INFO - Ingress_Exit KTLKSEF9
2025-04-01 04:54:11,216 - INFO - Ingress_Enter K458X1VR
2025-04-01 04:54:11,320 - INFO - Ingress_Exit K458X1VR
2025-04-01 04:54:12,303 - INFO - Ingress_Enter VTHEJ8FB
2025-04-01 04:54:12,368 - INFO - Ingress_Enter 31DCYXDL
2025-04-01 04:54:12,406 - INFO - Ingress_Exit VTHEJ8FB
2025-04-01 04:54:12,468 - INFO - Ingress_Exit 31DCYXDL
2025-04-01 04:54:13,418 - INFO - Ingress_Enter 6M94HDPJ
2025-04-01 04:54:13,514 - INFO - Ingress_Exit 6M94HDPJ
2025-04-01 04:54:13,516 - INFO - Ingress_Enter IWOZ4BLQ
2025-04-01 04:54:13,611 - INFO - Ingress_Exit IWOZ4BLQ
2025-04-01 04:54:14,010 - INFO - Ingress_Enter I9ZEX33O
2025-04-01 04:54:14,104 - INFO - Ingress_Exit I9ZEX33O
2025-04-01 04:54:14,898 - INFO - Ingress_Enter LQO5VCZ6
2025-04-01 04:54:14,990 - INFO - Ingress_Exit LQO5VCZ6
2025-04-01 04:54:15,293 - INFO - Ingress_Enter RTBXFM35
2025-04-01 04:54:15,388 - INFO - Ingress_Exit RTBXFM35
2025-04-01 04:54:17,266 - INFO - Ingress_Enter AY1HDOO7
2025-04-01 04:54:17,359 - INFO - Ingress_Exit AY1HDOO7
2025-04-01 04:54:18,126 - INFO - Ingress_Enter 6M3M0APE
2025-04-01 04:54:18,158 - INFO - Ingress_Enter E6HQEAUJ
2025-04-01 04:54:18,218 - INFO - Ingress_Exit 6M3M0APE
2025-04-01 04:54:18,249 - INFO - Ingress_Exit E6HQEAUJ
2025-04-01 04:54:23,078 - INFO - Ingress_Enter 64PVHEZE
2025-04-01 04:54:23,111 - INFO - Ingress_Enter VSMXU2HH
2025-04-01 04:54:23,175 - INFO - Ingress_Exit 64PVHEZE
2025-04-01 04:54:23,204 - INFO - Ingress_Exit VSMXU2HH
2025-04-01 04:54:23,341 - INFO - Ingress_Enter 05BVNLIZ
2025-04-01 04:54:23,407 - INFO - Ingress_Enter VEL19926
2025-04-01 04:54:23,434 - INFO - Ingress_Exit 05BVNLIZ
2025-04-01 04:54:23,501 - INFO - Ingress_Exit VEL19926
2025-04-01 04:54:23,769 - INFO - Ingress_Enter MJXD5HSN
2025-04-01 04:54:23,864 - INFO - Ingress_Exit MJXD5HSN
2025-04-01 04:54:23,967 - INFO - Ingress_Enter 80UA2PDW
2025-04-01 04:54:24,061 - INFO - Ingress_Exit 80UA2PDW
2025-04-01 04:54:24,131 - INFO - Ingress_Enter S0WSEQXL
2025-04-01 04:54:24,196 - INFO - Ingress_Enter AVU0ZBP4
2025-04-01 04:54:24,224 - INFO - Ingress_Exit S0WSEQXL
2025-04-01 04:54:24,296 - INFO - Ingress_Exit AVU0ZBP4
2025-04-01 04:54:24,953 - INFO - Ingress_Enter 19Y35KHW
2025-04-01 04:54:25,049 - INFO - Ingress_Exit 19Y35KHW
2025-04-01 04:54:25,247 - INFO - Ingress_Enter BQUDV572
2025-04-01 04:54:25,349 - INFO - Ingress_Exit BQUDV572
2025-04-01 04:54:25,707 - INFO - Ingress_Enter 545NI6XS
2025-04-01 04:54:25,807 - INFO - Ingress_Exit 545NI6XS
2025-04-01 04:54:26,001 - INFO - Ingress_Enter 8EIP3D8T
2025-04-01 04:54:26,099 - INFO - Ingress_Exit 8EIP3D8T
2025-04-01 04:54:26,165 - INFO - Ingress_Enter 9DRZQB5A
2025-04-01 04:54:26,197 - INFO - Ingress_Enter 4E5012H8
2025-04-01 04:54:26,264 - INFO - Ingress_Exit 9DRZQB5A
2025-04-01 04:54:26,296 - INFO - Ingress_Exit 4E5012H8
2025-04-01 04:54:26,722 - INFO - Ingress_Enter 2C3T1FWG
2025-04-01 04:54:26,828 - INFO - Ingress_Exit 2C3T1FWG
2025-04-01 04:54:26,950 - INFO - Ingress_Enter FW6RRRN3
2025-04-01 04:54:27,054 - INFO - Ingress_Exit FW6RRRN3
2025-04-01 04:54:27,344 - INFO - Ingress_Enter QORW2NHU
2025-04-01 04:54:27,447 - INFO - Ingress_Exit QORW2NHU
2025-04-01 04:54:27,474 - INFO - Ingress_Enter 2ORYFBF2
2025-04-01 04:54:27,580 - INFO - Ingress_Exit 2ORYFBF2
2025-04-01 04:54:27,901 - INFO - Ingress_Enter PNMHDQXR
2025-04-01 04:54:27,934 - INFO - Ingress_Enter 272PCPPE
2025-04-01 04:54:27,966 - INFO - Ingress_Enter DFJNBWAY
2025-04-01 04:54:28,004 - INFO - Ingress_Exit PNMHDQXR
2025-04-01 04:54:28,035 - INFO - Ingress_Exit 272PCPPE
2025-04-01 04:54:28,070 - INFO - Ingress_Exit DFJNBWAY
2025-04-01 04:54:29,834 - INFO - Ingress_Enter WZE9QG6C
2025-04-01 04:54:29,943 - INFO - Ingress_Exit WZE9QG6C
2025-04-01 04:54:29,997 - INFO - Ingress_Enter GWN0H50B
2025-04-01 04:54:30,103 - INFO - Ingress_Exit GWN0H50B
2025-04-01 04:54:30,161 - INFO - Ingress_Enter DW406QNK
2025-04-01 04:54:30,270 - INFO - Ingress_Exit DW406QNK
2025-04-01 04:54:30,489 - INFO - Ingress_Enter K2Y66EWM
2025-04-01 04:54:30,591 - INFO - Ingress_Exit K2Y66EWM
2025-04-01 04:54:30,883 - INFO - Ingress_Enter 62ZSAQ7R
2025-04-01 04:54:30,986 - INFO - Ingress_Exit 62ZSAQ7R
2025-04-01 04:54:31,507 - INFO - Ingress_Enter KDFHIBP7
2025-04-01 04:54:31,572 - INFO - Ingress_Enter PZE49YUK
2025-04-01 04:54:31,607 - INFO - Ingress_Exit KDFHIBP7
2025-04-01 04:54:31,687 - INFO - Ingress_Exit PZE49YUK
2025-04-01 04:54:31,834 - INFO - Ingress_Enter 1HLWE3ZB
2025-04-01 04:54:31,935 - INFO - Ingress_Exit 1HLWE3ZB
2025-04-01 04:54:32,063 - INFO - Ingress_Enter 6KXPV2S1
2025-04-01 04:54:32,166 - INFO - Ingress_Exit 6KXPV2S1
2025-04-01 04:54:32,358 - INFO - Ingress_Enter NYWK3L82
2025-04-01 04:54:32,460 - INFO - Ingress_Exit NYWK3L82
2025-04-01 04:54:32,849 - INFO - Ingress_Enter CDVC7NE7
2025-04-01 04:54:32,968 - INFO - Ingress_Exit CDVC7NE7
2025-04-01 04:54:33,012 - INFO - Ingress_Enter FBXY0OWZ
2025-04-01 04:54:33,044 - INFO - Ingress_Enter VG0WH7BY
2025-04-01 04:54:33,118 - INFO - Ingress_Exit FBXY0OWZ
2025-04-01 04:54:33,152 - INFO - Ingress_Exit VG0WH7BY
2025-04-01 04:54:35,670 - INFO - Ingress_Enter NRT064CB
2025-04-01 04:54:35,736 - INFO - Ingress_Enter ORPPWX8B
2025-04-01 04:54:35,831 - INFO - Ingress_Exit NRT064CB
2025-04-01 04:54:35,865 - INFO - Ingress_Exit ORPPWX8B
2025-04-01 04:54:36,567 - INFO - Ingress_Enter CPJZOKO6
2025-04-01 04:54:36,694 - INFO - Ingress_Exit CPJZOKO6
2025-04-01 04:54:37,246 - INFO - Ingress_Enter 53VB33HQ
2025-04-01 04:54:37,343 - INFO - Ingress_Enter 4HJ25C41
2025-04-01 04:54:37,360 - INFO - Ingress_Exit 53VB33HQ
2025-04-01 04:54:37,466 - INFO - Ingress_Exit 4HJ25C41
2025-04-01 04:54:37,802 - INFO - Ingress_Enter TSAXOS6C
2025-04-01 04:54:37,979 - INFO - Ingress_Exit TSAXOS6C
2025-04-01 04:54:38,031 - INFO - Ingress_Enter HZ2FTC1U
2025-04-01 04:54:38,152 - INFO - Ingress_Exit HZ2FTC1U
2025-04-01 04:54:38,196 - INFO - Ingress_Enter X6LPPG4P
2025-04-01 04:54:38,311 - INFO - Ingress_Exit X6LPPG4P
2025-04-01 04:54:38,622 - INFO - Ingress_Enter AV6KIU05
2025-04-01 04:54:38,687 - INFO - Ingress_Enter FH31Y4NT
2025-04-01 04:54:38,749 - INFO - Ingress_Exit AV6KIU05
2025-04-01 04:54:38,815 - INFO - Ingress_Exit FH31Y4NT
2025-04-01 04:54:39,734 - INFO - Ingress_Enter YO56DHWV
2025-04-01 04:54:39,767 - INFO - Ingress_Enter SSJ79BZR
2025-04-01 04:54:39,852 - INFO - Ingress_Exit YO56DHWV
2025-04-01 04:54:39,888 - INFO - Ingress_Exit SSJ79BZR
2025-04-01 04:54:40,357 - INFO - Ingress_Enter DWVGC332
2025-04-01 04:54:40,478 - INFO - Ingress_Exit DWVGC332
2025-04-01 04:54:40,586 - INFO - Ingress_Enter VRLDP9FL
2025-04-01 04:54:40,709 - INFO - Ingress_Exit VRLDP9FL
2025-04-01 04:54:41,243 - INFO - Ingress_Enter 2FM3CIMI
2025-04-01 04:54:41,341 - INFO - Ingress_Enter GPLY4ZNN
2025-04-01 04:54:41,366 - INFO - Ingress_Exit 2FM3CIMI
2025-04-01 04:54:41,459 - INFO - Ingress_Exit GPLY4ZNN
2025-04-01 04:54:43,570 - INFO - Ingress_Enter 1DB6TRG2
2025-04-01 04:54:43,602 - INFO - Ingress_Enter 89XXQ01E
2025-04-01 04:54:43,694 - INFO - Ingress_Exit 1DB6TRG2
2025-04-01 04:54:43,724 - INFO - Ingress_Exit 89XXQ01E
2025-04-01 04:54:43,766 - INFO - Ingress_Enter XIICAW4M
2025-04-01 04:54:43,883 - INFO - Ingress_Exit XIICAW4M
2025-04-01 04:54:44,291 - INFO - Ingress_Enter XQZE0GSX
2025-04-01 04:54:44,405 - INFO - Ingress_Exit XQZE0GSX
2025-04-01 04:54:44,585 - INFO - Ingress_Enter LN1B58A2
2025-04-01 04:54:44,707 - INFO - Ingress_Exit LN1B58A2
2025-04-01 04:54:45,371 - INFO - Ingress_Enter EZ7W31BH
2025-04-01 04:54:45,489 - INFO - Ingress_Exit EZ7W31BH
2025-04-01 04:54:45,796 - INFO - Ingress_Enter 0N8CBBR4
2025-04-01 04:54:45,860 - INFO - Ingress_Enter Q1CUQ9ZP
2025-04-01 04:54:45,907 - INFO - Ingress_Exit 0N8CBBR4
2025-04-01 04:54:45,974 - INFO - Ingress_Exit Q1CUQ9ZP
2025-04-01 04:54:46,581 - INFO - Ingress_Enter XBWI8M0J
2025-04-01 04:54:46,617 - INFO - Ingress_Enter IRCECGX7
2025-04-01 04:54:46,678 - INFO - Ingress_Enter URGA6TVN
2025-04-01 04:54:46,696 - INFO - Ingress_Exit XBWI8M0J
2025-04-01 04:54:46,730 - INFO - Ingress_Exit IRCECGX7
2025-04-01 04:54:46,789 - INFO - Ingress_Exit URGA6TVN
2025-04-01 04:54:46,940 - INFO - Ingress_Enter PXO4M1DN
2025-04-01 04:54:47,055 - INFO - Ingress_Exit PXO4M1DN
2025-04-01 04:54:47,464 - INFO - Ingress_Enter JVYZK98B
2025-04-01 04:54:47,573 - INFO - Ingress_Exit JVYZK98B
2025-04-01 04:54:47,792 - INFO - Ingress_Enter T19500DZ
2025-04-01 04:54:47,897 - INFO - Ingress_Exit T19500DZ
2025-04-01 04:54:48,153 - INFO - Ingress_Enter EXPO7RWU
2025-04-01 04:54:48,257 - INFO - Ingress_Exit EXPO7RWU
2025-04-01 04:54:48,350 - INFO - Ingress_Enter H07BV06D
2025-04-01 04:54:48,451 - INFO - Ingress_Exit H07BV06D
2025-04-01 04:54:48,579 - INFO - Ingress_Enter TJDGPJYC
2025-04-01 04:54:48,681 - INFO - Ingress_Exit TJDGPJYC
2025-04-01 04:54:49,006 - INFO - Ingress_Enter DWU3503Z
2025-04-01 04:54:49,116 - INFO - Ingress_Exit DWU3503Z
2025-04-01 04:54:49,136 - INFO - Ingress_Enter N4O1IE46
2025-04-01 04:54:49,235 - INFO - Ingress_Enter NV42H115
2025-04-01 04:54:49,243 - INFO - Ingress_Exit N4O1IE46
2025-04-01 04:54:49,342 - INFO - Ingress_Exit NV42H115
2025-04-01 04:54:51,006 - INFO - Ingress_Enter RMGEHENE
2025-04-01 04:54:51,396 - INFO - Ingress_Exit RMGEHENE
2025-04-01 04:54:51,663 - INFO - Ingress_Enter 207H46WU
2025-04-01 04:54:51,814 - INFO - Ingress_Exit 207H46WU
2025-04-01 04:54:52,056 - INFO - Ingress_Enter TUQ0384E
2025-04-01 04:54:52,166 - INFO - Ingress_Exit TUQ0384E
2025-04-01 04:54:52,284 - INFO - Ingress_Enter 68IDNQ3N
2025-04-01 04:54:52,395 - INFO - Ingress_Exit 68IDNQ3N
2025-04-01 04:54:52,415 - INFO - Ingress_Enter 4TPHG3SW
2025-04-01 04:54:52,526 - INFO - Ingress_Exit 4TPHG3SW
2025-04-01 04:54:52,579 - INFO - Ingress_Enter 97SXATS8
2025-04-01 04:54:52,644 - INFO - Ingress_Enter 0HEMOXGX
2025-04-01 04:54:52,690 - INFO - Ingress_Exit 97SXATS8
2025-04-01 04:54:52,742 - INFO - Ingress_Enter DGBSI5UN
2025-04-01 04:54:52,754 - INFO - Ingress_Exit 0HEMOXGX
2025-04-01 04:54:52,851 - INFO - Ingress_Exit DGBSI5UN
2025-04-01 04:54:52,979 - INFO - Ingress_Enter II24FKT8
2025-04-01 04:54:53,079 - INFO - Ingress_Exit II24FKT8
2025-04-01 04:54:53,175 - INFO - Ingress_Enter CDEE0BCI
2025-04-01 04:54:53,279 - INFO - Ingress_Exit CDEE0BCI
2025-04-01 04:54:53,306 - INFO - Ingress_Enter 2QBQ96WJ
2025-04-01 04:54:53,405 - INFO - Ingress_Enter QPYZR95O
2025-04-01 04:54:53,418 - INFO - Ingress_Exit 2QBQ96WJ
2025-04-01 04:54:53,436 - INFO - Ingress_Enter K5E8MP4P
2025-04-01 04:54:53,513 - INFO - Ingress_Exit QPYZR95O
2025-04-01 04:54:53,535 - INFO - Ingress_Enter 1THWKR1P
2025-04-01 04:54:53,547 - INFO - Ingress_Exit K5E8MP4P
2025-04-01 04:54:53,647 - INFO - Ingress_Exit 1THWKR1P
2025-04-01 04:54:54,385 - INFO - Ingress_Enter NP8PIK4J
2025-04-01 04:54:54,502 - INFO - Ingress_Exit NP8PIK4J
2025-04-01 04:54:55,040 - INFO - Ingress_Enter ILBA8V3L
2025-04-01 04:54:55,159 - INFO - Ingress_Exit ILBA8V3L
2025-04-01 04:54:55,794 - INFO - Ingress_Enter LTVHEWJG
2025-04-01 04:54:55,903 - INFO - Ingress_Exit LTVHEWJG
2025-04-01 04:54:55,989 - INFO - Ingress_Enter TQJVGYCM
2025-04-01 04:54:56,103 - INFO - Ingress_Exit TQJVGYCM
2025-04-01 04:54:56,447 - INFO - Ingress_Enter 43JKC9SM
2025-04-01 04:54:56,624 - INFO - Ingress_Exit 43JKC9SM
2025-04-01 04:54:56,873 - INFO - Ingress_Enter S8O6CHP9
2025-04-01 04:54:56,999 - INFO - Ingress_Exit S8O6CHP9
2025-04-01 04:54:57,628 - INFO - Ingress_Enter CHNB9G59
2025-04-01 04:54:57,739 - INFO - Ingress_Exit CHNB9G59
2025-04-01 04:54:58,707 - INFO - Ingress_Enter IZ52ECWE
2025-04-01 04:54:58,773 - INFO - Ingress_Enter UV4ZEZ60
2025-04-01 04:54:58,822 - INFO - Ingress_Exit IZ52ECWE
2025-04-01 04:54:58,889 - INFO - Ingress_Exit UV4ZEZ60
2025-04-01 04:54:59,101 - INFO - Ingress_Enter 3CFZ29YZ
2025-04-01 04:54:59,197 - INFO - Ingress_Enter KP5YLBYI
2025-04-01 04:54:59,212 - INFO - Ingress_Exit 3CFZ29YZ
2025-04-01 04:54:59,308 - INFO - Ingress_Exit KP5YLBYI
2025-04-01 04:54:59,492 - INFO - Ingress_Enter 8V9RBPTA
2025-04-01 04:54:59,603 - INFO - Ingress_Exit 8V9RBPTA
2025-04-01 04:54:59,721 - INFO - Ingress_Enter TRFTLPV5
2025-04-01 04:54:59,832 - INFO - Ingress_Exit TRFTLPV5
2025-04-01 04:55:00,180 - INFO - Ingress_Enter NB3R5VAD
2025-04-01 04:55:00,278 - INFO - Ingress_Enter U75VB9OY
2025-04-01 04:55:00,293 - INFO - Ingress_Exit NB3R5VAD
2025-04-01 04:55:00,376 - INFO - Ingress_Enter CGW6FFZ1
2025-04-01 04:55:00,390 - INFO - Ingress_Exit U75VB9OY
2025-04-01 04:55:00,487 - INFO - Ingress_Exit CGW6FFZ1
2025-04-01 04:55:00,769 - INFO - Ingress_Enter YJNJBWIG
2025-04-01 04:55:00,886 - INFO - Ingress_Exit YJNJBWIG
2025-04-01 04:55:00,998 - INFO - Ingress_Enter 0T7RTO95
2025-04-01 04:55:01,115 - INFO - Ingress_Exit 0T7RTO95
2025-04-01 04:55:01,162 - INFO - Ingress_Enter RRIOA7TT
2025-04-01 04:55:01,282 - INFO - Ingress_Exit RRIOA7TT
2025-04-01 04:55:02,016 - INFO - Ingress_Enter 24COJV6C
2025-04-01 04:55:02,137 - INFO - Ingress_Exit 24COJV6C
2025-04-01 04:55:02,211 - INFO - Ingress_Enter 4AME190N
2025-04-01 04:55:02,277 - INFO - Ingress_Enter 1PXIOOBA
2025-04-01 04:55:02,331 - INFO - Ingress_Exit 4AME190N
2025-04-01 04:55:02,395 - INFO - Ingress_Exit 1PXIOOBA
2025-04-01 04:55:02,474 - INFO - Ingress_Enter 1C0ZZC2G
2025-04-01 04:55:02,602 - INFO - Ingress_Exit 1C0ZZC2G
2025-04-01 04:55:02,670 - INFO - Ingress_Enter XAT3BF2J
2025-04-01 04:55:02,779 - INFO - Ingress_Exit XAT3BF2J
2025-04-01 04:55:03,910 - INFO - Ingress_Enter Z4O9TRSL
2025-04-01 04:55:04,036 - INFO - Ingress_Exit Z4O9TRSL
2025-04-01 04:55:04,271 - INFO - Ingress_Enter 9D9AE7ZH
2025-04-01 04:55:04,386 - INFO - Ingress_Exit 9D9AE7ZH
2025-04-01 04:55:04,797 - INFO - Ingress_Enter L5PYHMEV
2025-04-01 04:55:04,916 - INFO - Ingress_Exit L5PYHMEV
2025-04-01 04:55:05,288 - INFO - Ingress_Enter 2Y5KWKFY
2025-04-01 04:55:05,385 - INFO - Ingress_Enter EY7TEWK9
2025-04-01 04:55:05,398 - INFO - Ingress_Exit 2Y5KWKFY
2025-04-01 04:55:05,505 - INFO - Ingress_Exit EY7TEWK9
2025-04-01 04:55:06,008 - INFO - Ingress_Enter PXJUO4WM
2025-04-01 04:55:06,124 - INFO - Ingress_Exit PXJUO4WM
2025-04-01 04:55:06,368 - INFO - Ingress_Enter 14W6M692
2025-04-01 04:55:06,400 - INFO - Ingress_Enter 8U49RKLA
2025-04-01 04:55:06,478 - INFO - Ingress_Exit 14W6M692
2025-04-01 04:55:06,509 - INFO - Ingress_Exit 8U49RKLA
2025-04-01 04:55:06,958 - INFO - Ingress_Enter 2W3YOVU7
2025-04-01 04:55:07,025 - INFO - Ingress_Enter Y69I3I0P
2025-04-01 04:55:07,068 - INFO - Ingress_Exit 2W3YOVU7
2025-04-01 04:55:07,137 - INFO - Ingress_Exit Y69I3I0P
2025-04-01 04:55:11,677 - INFO - Ingress_Enter PSUYHJ62
2025-04-01 04:55:11,794 - INFO - Ingress_Exit PSUYHJ62
2025-04-01 04:55:12,430 - INFO - Ingress_Enter W7IRWYJD
2025-04-01 04:55:12,553 - INFO - Ingress_Exit W7IRWYJD
2025-04-01 04:55:12,560 - INFO - Ingress_Enter QKT2DCC9
2025-04-01 04:55:12,687 - INFO - Ingress_Exit QKT2DCC9
2025-04-01 04:55:13,414 - INFO - Ingress_Enter DSAIPLBT
2025-04-01 04:55:13,512 - INFO - Ingress_Enter 9HWPFZV1
2025-04-01 04:55:13,538 - INFO - Ingress_Exit DSAIPLBT
2025-04-01 04:55:13,640 - INFO - Ingress_Exit 9HWPFZV1
2025-04-01 04:55:15,154 - INFO - Ingress_Enter 3OTB7L4R
2025-04-01 04:55:15,334 - INFO - Ingress_Exit 3OTB7L4R
2025-04-01 04:55:15,350 - INFO - Ingress_Enter W6G7H4ZL
2025-04-01 04:55:15,382 - INFO - Ingress_Enter JYIM7FWM
2025-04-01 04:55:15,492 - INFO - Ingress_Exit W6G7H4ZL
2025-04-01 04:55:15,521 - INFO - Ingress_Exit JYIM7FWM
2025-04-01 04:55:16,333 - INFO - Ingress_Enter NRU9MY76
2025-04-01 04:55:16,459 - INFO - Ingress_Exit NRU9MY76
2025-04-01 04:55:16,700 - INFO - Ingress_Enter PXQCQVGL
2025-04-01 04:55:16,807 - INFO - Ingress_Exit PXQCQVGL
2025-04-01 04:55:16,857 - INFO - Ingress_Enter G4BFPH1X
2025-04-01 04:55:16,966 - INFO - Ingress_Exit G4BFPH1X
2025-04-01 04:55:17,119 - INFO - Ingress_Enter FMB9VIJ7
2025-04-01 04:55:17,228 - INFO - Ingress_Exit FMB9VIJ7
2025-04-01 04:55:17,710 - INFO - Ingress_Enter NTAZKEP4
2025-04-01 04:55:17,814 - INFO - Ingress_Exit NTAZKEP4
2025-04-01 04:55:18,071 - INFO - Ingress_Enter 4NCJIOYE
2025-04-01 04:55:18,171 - INFO - Ingress_Exit 4NCJIOYE
2025-04-01 04:55:18,334 - INFO - Ingress_Enter JXBZZ0D5
2025-04-01 04:55:18,437 - INFO - Ingress_Exit JXBZZ0D5
2025-04-01 04:55:18,630 - INFO - Ingress_Enter 5ZNK5FQU
2025-04-01 04:55:18,732 - INFO - Ingress_Exit 5ZNK5FQU
2025-04-01 04:55:18,892 - INFO - Ingress_Enter CJMXC1BU
2025-04-01 04:55:18,925 - INFO - Ingress_Enter SPTYBDUA
2025-04-01 04:55:18,996 - INFO - Ingress_Exit CJMXC1BU
2025-04-01 04:55:19,026 - INFO - Ingress_Exit SPTYBDUA
2025-04-01 04:55:21,417 - INFO - Ingress_Enter JPCMJQOJ
2025-04-01 04:55:21,448 - INFO - Ingress_Enter ZP2R94YI
2025-04-01 04:55:21,521 - INFO - Ingress_Exit JPCMJQOJ
2025-04-01 04:55:21,555 - INFO - Ingress_Exit ZP2R94YI
2025-04-01 04:55:21,777 - INFO - Ingress_Enter YVVXGP88
2025-04-01 04:55:21,879 - INFO - Ingress_Exit YVVXGP88
2025-04-01 04:55:21,940 - INFO - Ingress_Enter 78OOOWZD
2025-04-01 04:55:22,044 - INFO - Ingress_Exit 78OOOWZD
2025-04-01 04:55:22,202 - INFO - Ingress_Enter LNLNP02V
2025-04-01 04:55:22,300 - INFO - Ingress_Enter L5D81L95
2025-04-01 04:55:22,307 - INFO - Ingress_Exit LNLNP02V
2025-04-01 04:55:22,404 - INFO - Ingress_Exit L5D81L95
2025-04-01 04:55:22,660 - INFO - Ingress_Enter WMIGGT34
2025-04-01 04:55:22,765 - INFO - Ingress_Exit WMIGGT34
2025-04-01 04:55:23,020 - INFO - Ingress_Enter 3Z6W3142
2025-04-01 04:55:23,053 - INFO - Ingress_Enter UUAVGSA8
2025-04-01 04:55:23,126 - INFO - Ingress_Exit 3Z6W3142
2025-04-01 04:55:23,156 - INFO - Ingress_Exit UUAVGSA8
2025-04-01 04:55:23,283 - INFO - Ingress_Enter 6KCYD0SW
2025-04-01 04:55:23,315 - INFO - Ingress_Enter BSHNN0DE
2025-04-01 04:55:23,384 - INFO - Ingress_Exit 6KCYD0SW
2025-04-01 04:55:23,418 - INFO - Ingress_Exit BSHNN0DE
2025-04-01 04:55:23,512 - INFO - Ingress_Enter KC9WF4FN
2025-04-01 04:55:23,615 - INFO - Ingress_Exit KC9WF4FN
2025-04-01 04:55:23,643 - INFO - Ingress_Enter NPW6FFS3
2025-04-01 04:55:23,748 - INFO - Ingress_Exit NPW6FFS3
2025-04-01 04:55:23,939 - INFO - Ingress_Enter WNJ7XS0C
2025-04-01 04:55:24,038 - INFO - Ingress_Exit WNJ7XS0C
2025-04-01 04:55:24,693 - INFO - Ingress_Enter M17MPIXU
2025-04-01 04:55:24,793 - INFO - Ingress_Exit M17MPIXU
2025-04-01 04:55:25,350 - INFO - Ingress_Enter ZXADL2GH
2025-04-01 04:55:25,381 - INFO - Ingress_Enter 2CMEG7LQ
2025-04-01 04:55:25,446 - INFO - Ingress_Exit ZXADL2GH
2025-04-01 04:55:25,481 - INFO - Ingress_Exit 2CMEG7LQ
2025-04-01 04:55:25,512 - INFO - Ingress_Enter 968VCW8F
2025-04-01 04:55:25,611 - INFO - Ingress_Exit 968VCW8F
2025-04-01 04:55:25,973 - INFO - Ingress_Enter 8L0MLLO0
2025-04-01 04:55:26,071 - INFO - Ingress_Exit 8L0MLLO0
2025-04-01 04:55:26,170 - INFO - Ingress_Enter 2M5WJURJ
2025-04-01 04:55:26,266 - INFO - Ingress_Exit 2M5WJURJ
2025-04-01 04:55:26,922 - INFO - Ingress_Enter FSYQ33PX
2025-04-01 04:55:27,020 - INFO - Ingress_Enter AZEESYKX
2025-04-01 04:55:27,022 - INFO - Ingress_Exit FSYQ33PX
2025-04-01 04:55:27,132 - INFO - Ingress_Exit AZEESYKX
2025-04-01 04:55:31,063 - INFO - Ingress_Enter 2I3V5393
2025-04-01 04:55:31,157 - INFO - Ingress_Exit 2I3V5393
2025-04-01 04:55:31,260 - INFO - Ingress_Enter VMEFB5I7
2025-04-01 04:55:31,355 - INFO - Ingress_Exit VMEFB5I7
2025-04-01 04:55:31,492 - INFO - Ingress_Enter HM4MSWSB
2025-04-01 04:55:31,590 - INFO - Ingress_Exit HM4MSWSB
2025-04-01 04:55:31,622 - INFO - Ingress_Enter NV72SS44
2025-04-01 04:55:31,724 - INFO - Ingress_Exit NV72SS44
2025-04-01 04:55:31,918 - INFO - Ingress_Enter EAQAEFUN
2025-04-01 04:55:32,022 - INFO - Ingress_Exit EAQAEFUN
2025-04-01 04:55:32,149 - INFO - Ingress_Enter 2ZW9PEYJ
2025-04-01 04:55:32,246 - INFO - Ingress_Exit 2ZW9PEYJ
2025-04-01 04:55:32,871 - INFO - Ingress_Enter ESXQC1RH
2025-04-01 04:55:32,975 - INFO - Ingress_Exit ESXQC1RH
2025-04-01 04:55:33,100 - INFO - Ingress_Enter UFA1IZHX
2025-04-01 04:55:33,195 - INFO - Ingress_Exit UFA1IZHX
2025-04-01 04:55:33,363 - INFO - Ingress_Enter I16Z2TVP
2025-04-01 04:55:33,461 - INFO - Ingress_Exit I16Z2TVP
2025-04-01 04:55:33,528 - INFO - Ingress_Enter QU0ID0CJ
2025-04-01 04:55:33,626 - INFO - Ingress_Exit QU0ID0CJ
2025-04-01 04:55:33,823 - INFO - Ingress_Enter RZLHYMTT
2025-04-01 04:55:33,888 - INFO - Ingress_Enter EP3K2F9W
2025-04-01 04:55:33,918 - INFO - Ingress_Exit RZLHYMTT
2025-04-01 04:55:33,985 - INFO - Ingress_Exit EP3K2F9W
2025-04-01 04:55:36,516 - INFO - Ingress_Enter ZBID4YHZ
2025-04-01 04:55:36,617 - INFO - Ingress_Exit ZBID4YHZ
2025-04-01 04:55:36,778 - INFO - Ingress_Enter FVPOEGYY
2025-04-01 04:55:36,879 - INFO - Ingress_Exit FVPOEGYY
2025-04-01 04:55:36,942 - INFO - Ingress_Enter CC04YVQ5
2025-04-01 04:55:37,049 - INFO - Ingress_Exit CC04YVQ5
2025-04-01 04:55:37,270 - INFO - Ingress_Enter HHCUXJDG
2025-04-01 04:55:37,376 - INFO - Ingress_Exit HHCUXJDG
2025-04-01 04:55:37,861 - INFO - Ingress_Enter 1R7TMSG4
2025-04-01 04:55:37,978 - INFO - Ingress_Exit 1R7TMSG4
2025-04-01 04:55:38,124 - INFO - Ingress_Enter VZ0TXHY0
2025-04-01 04:55:38,231 - INFO - Ingress_Exit VZ0TXHY0
2025-04-01 04:55:38,583 - INFO - Ingress_Enter ACAT4FXF
2025-04-01 04:55:38,615 - INFO - Ingress_Enter I1KOV6DR
2025-04-01 04:55:38,683 - INFO - Ingress_Exit ACAT4FXF
2025-04-01 04:55:38,714 - INFO - Ingress_Exit I1KOV6DR
2025-04-01 04:55:38,910 - INFO - Ingress_Enter 7G3RCJYE
2025-04-01 04:55:39,012 - INFO - Ingress_Exit 7G3RCJYE
2025-04-01 04:55:39,468 - INFO - Ingress_Enter V4Z24KCX
2025-04-01 04:55:39,566 - INFO - Ingress_Exit V4Z24KCX
2025-04-01 04:55:39,730 - INFO - Ingress_Enter 9QN58ESF
2025-04-01 04:55:39,830 - INFO - Ingress_Exit 9QN58ESF
2025-04-01 04:55:39,894 - INFO - Ingress_Enter YL6C1WH5
2025-04-01 04:55:39,995 - INFO - Ingress_Exit YL6C1WH5
2025-04-01 04:55:40,156 - INFO - Ingress_Enter PWYFJ0MJ
2025-04-01 04:55:40,253 - INFO - Ingress_Exit PWYFJ0MJ
2025-04-01 04:55:40,454 - INFO - Ingress_Enter SR6V7QCM
2025-04-01 04:55:40,550 - INFO - Ingress_Exit SR6V7QCM
2025-04-01 04:55:41,012 - INFO - Ingress_Enter RFJLCWLK
2025-04-01 04:55:41,107 - INFO - Ingress_Exit RFJLCWLK
2025-04-01 04:55:41,209 - INFO - Ingress_Enter A702SSQD
2025-04-01 04:55:41,306 - INFO - Ingress_Exit A702SSQD
2025-04-01 04:55:41,340 - INFO - Ingress_Enter KI0BG4PS
2025-04-01 04:55:41,442 - INFO - Ingress_Exit KI0BG4PS
2025-04-01 04:55:41,832 - INFO - Ingress_Enter LI2IB2HP
2025-04-01 04:55:41,897 - INFO - Ingress_Enter Z3OCYMWF
2025-04-01 04:55:41,933 - INFO - Ingress_Exit LI2IB2HP
2025-04-01 04:55:41,995 - INFO - Ingress_Exit Z3OCYMWF
2025-04-01 04:55:42,718 - INFO - Ingress_Enter HZZC5QPU
2025-04-01 04:55:42,811 - INFO - Ingress_Exit HZZC5QPU
2025-04-01 04:55:43,079 - INFO - Ingress_Enter C8NQP83M
2025-04-01 04:55:43,172 - INFO - Ingress_Exit C8NQP83M
2025-04-01 04:55:43,177 - INFO - Ingress_Enter 0VZ4S0WM
2025-04-01 04:55:43,270 - INFO - Ingress_Exit 0VZ4S0WM
2025-04-01 04:55:43,438 - INFO - Ingress_Enter MD2HJ6HX
2025-04-01 04:55:43,532 - INFO - Ingress_Exit MD2HJ6HX
2025-04-01 04:55:43,831 - INFO - Ingress_Enter 25I26BLM
2025-04-01 04:55:43,931 - INFO - Ingress_Exit 25I26BLM
2025-04-01 04:55:44,093 - INFO - Ingress_Enter FWCYOT9G
2025-04-01 04:55:44,196 - INFO - Ingress_Exit FWCYOT9G
2025-04-01 04:55:44,422 - INFO - Ingress_Enter GLXGJMCK
2025-04-01 04:55:44,530 - INFO - Ingress_Exit GLXGJMCK
2025-04-01 04:55:45,602 - INFO - Ingress_Enter 84PKBYA2
2025-04-01 04:55:45,712 - INFO - Ingress_Exit 84PKBYA2
2025-04-01 04:55:45,763 - INFO - Ingress_Enter 0Y3LDGEO
2025-04-01 04:55:45,874 - INFO - Ingress_Exit 0Y3LDGEO
2025-04-01 04:55:46,319 - INFO - Ingress_Enter WF4OS61B
2025-04-01 04:55:46,433 - INFO - Ingress_Exit WF4OS61B
2025-04-01 04:55:46,581 - INFO - Ingress_Enter 3FZYKHN7
2025-04-01 04:55:46,704 - INFO - Ingress_Exit 3FZYKHN7
2025-04-01 04:55:46,875 - INFO - Ingress_Enter UYV0RED7
2025-04-01 04:55:46,996 - INFO - Ingress_Exit UYV0RED7
2025-04-01 04:55:47,430 - INFO - Ingress_Enter KAYD8SA8
2025-04-01 04:55:47,552 - INFO - Ingress_Exit KAYD8SA8
2025-04-01 04:55:47,560 - INFO - Ingress_Enter GEAS5LIZ
2025-04-01 04:55:47,694 - INFO - Ingress_Exit GEAS5LIZ
2025-04-01 04:55:47,724 - INFO - Ingress_Enter JDJ7ZCLR
2025-04-01 04:55:47,849 - INFO - Ingress_Exit JDJ7ZCLR
2025-04-01 04:55:48,052 - INFO - Ingress_Enter 1ZWX9H6G
2025-04-01 04:55:48,166 - INFO - Ingress_Exit 1ZWX9H6G
2025-04-01 04:55:48,413 - INFO - Ingress_Enter M12H3W0L
2025-04-01 04:55:48,527 - INFO - Ingress_Exit M12H3W0L
2025-04-01 04:55:48,773 - INFO - Ingress_Enter GGIMND7F
2025-04-01 04:55:48,886 - INFO - Ingress_Exit GGIMND7F
2025-04-01 04:55:48,903 - INFO - Ingress_Enter UTM1IV1D
2025-04-01 04:55:49,023 - INFO - Ingress_Exit UTM1IV1D
2025-04-01 04:55:49,952 - INFO - Ingress_Enter 4283H8C8
2025-04-01 04:55:50,062 - INFO - Ingress_Exit 4283H8C8
2025-04-01 04:55:50,119 - INFO - Ingress_Enter RI5XWE80
2025-04-01 04:55:50,226 - INFO - Ingress_Exit RI5XWE80
2025-04-01 04:55:50,674 - INFO - Ingress_Enter YALM0HJT
2025-04-01 04:55:50,791 - INFO - Ingress_Exit YALM0HJT
2025-04-01 04:55:50,934 - INFO - Ingress_Enter 0RJIO9IX
2025-04-01 04:55:51,073 - INFO - Ingress_Exit 0RJIO9IX
2025-04-01 04:55:51,591 - INFO - Ingress_Enter KCTMGWT9
2025-04-01 04:55:51,657 - INFO - Ingress_Enter 32LCI0GB
2025-04-01 04:55:51,722 - INFO - Ingress_Exit KCTMGWT9
2025-04-01 04:55:51,786 - INFO - Ingress_Exit 32LCI0GB
2025-04-01 04:55:53,067 - INFO - Ingress_Enter MYI9TRDW
2025-04-01 04:55:53,179 - INFO - Ingress_Exit MYI9TRDW
2025-04-01 04:55:53,460 - INFO - Ingress_Enter VNN610MB
2025-04-01 04:55:53,573 - INFO - Ingress_Exit VNN610MB
2025-04-01 04:55:53,951 - INFO - Ingress_Enter I2IUD0JV
2025-04-01 04:55:54,059 - INFO - Ingress_Exit I2IUD0JV
2025-04-01 04:55:54,115 - INFO - Ingress_Enter BA6H6BHB
2025-04-01 04:55:54,223 - INFO - Ingress_Exit BA6H6BHB
2025-04-01 04:55:54,442 - INFO - Ingress_Enter BDIWOFB3
2025-04-01 04:55:54,552 - INFO - Ingress_Exit BDIWOFB3
2025-04-01 04:55:54,671 - INFO - Ingress_Enter 2SHXSCUP
2025-04-01 04:55:54,784 - INFO - Ingress_Exit 2SHXSCUP
2025-04-01 04:55:55,227 - INFO - Ingress_Enter 6X8VCKD4
2025-04-01 04:55:55,259 - INFO - Ingress_Enter TLV8UEI8
2025-04-01 04:55:55,292 - INFO - Ingress_Enter JGY1BPD2
2025-04-01 04:55:55,329 - INFO - Ingress_Exit 6X8VCKD4
2025-04-01 04:55:55,361 - INFO - Ingress_Exit TLV8UEI8
2025-04-01 04:55:55,397 - INFO - Ingress_Exit JGY1BPD2
