2025-04-01 02:30:11,931 - INFO - Ingress_Enter GLX0DNBM
2025-04-01 02:30:12,007 - INFO - Ingress_Enter N8C6NBN0
2025-04-01 02:30:12,515 - INFO - Ingress_Enter JQ233HWM
2025-04-01 02:30:12,783 - INFO - Ingress_Enter 21TGXUR3
2025-04-01 02:30:12,799 - INFO - Ingress_Enter 4BRHE7LQ
2025-04-01 02:30:12,833 - INFO - Ingress_Exit GLX0DNBM
2025-04-01 02:30:12,847 - INFO - Ingress_Exit N8C6NBN0
2025-04-01 02:30:13,240 - INFO - Ingress_Exit JQ233HWM
2025-04-01 02:30:13,266 - INFO - Ingress_Exit 4BRHE7LQ
2025-04-01 02:30:13,395 - INFO - Ingress_Exit 21TGXUR3
2025-04-01 02:30:13,505 - INFO - Ingress_Enter IT9GHS4R
2025-04-01 02:30:13,646 - INFO - Ingress_Exit IT9GHS4R
2025-04-01 02:30:13,980 - INFO - Ingress_Enter V75HY54Z
2025-04-01 02:30:14,110 - INFO - Ingress_Enter EP9L540S
2025-04-01 02:30:14,146 - INFO - Ingress_Exit V75HY54Z
2025-04-01 02:30:14,176 - INFO - Ingress_Enter 2181GKED
2025-04-01 02:30:14,193 - INFO - Ingress_Enter GIHENV6X
2025-04-01 02:30:14,297 - INFO - Ingress_Enter 0OYLZCR0
2025-04-01 02:30:14,420 - INFO - Ingress_Exit 0OYLZCR0
2025-04-01 02:30:14,512 - INFO - Ingress_Exit EP9L540S
2025-04-01 02:30:14,633 - INFO - Ingress_Enter RCFGKSSA
2025-04-01 02:30:14,724 - INFO - Ingress_Exit 2181GKED
2025-04-01 02:30:14,765 - INFO - Ingress_Enter OZYI5XTR
2025-04-01 02:30:14,939 - INFO - Ingress_Exit GIHENV6X
2025-04-01 02:30:15,078 - INFO - Ingress_Exit RCFGKSSA
2025-04-01 02:30:15,195 - INFO - Ingress_Enter NFWJLVAN
2025-04-01 02:30:15,197 - INFO - Ingress_Exit OZYI5XTR
2025-04-01 02:30:15,390 - INFO - Ingress_Exit NFWJLVAN
2025-04-01 02:30:15,593 - INFO - Ingress_Enter N7582X52
2025-04-01 02:30:15,733 - INFO - Ingress_Exit N7582X52
2025-04-01 02:30:15,793 - INFO - Ingress_Enter GPH4DUY7
2025-04-01 02:30:16,098 - INFO - Ingress_Enter TNZO6BRF
2025-04-01 02:30:16,105 - INFO - Ingress_Enter JWF83SU1
2025-04-01 02:30:16,251 - INFO - Ingress_Enter O1YU2YX3
2025-04-01 02:30:16,293 - INFO - Ingress_Enter 42FNZ4OW
2025-04-01 02:30:16,294 - INFO - Ingress_Exit TNZO6BRF
2025-04-01 02:30:16,304 - INFO - Ingress_Exit JWF83SU1
2025-04-01 02:30:16,386 - INFO - Ingress_Exit GPH4DUY7
2025-04-01 02:30:16,481 - INFO - Ingress_Exit O1YU2YX3
2025-04-01 02:30:16,664 - INFO - Ingress_Exit 42FNZ4OW
2025-04-01 02:30:17,131 - INFO - Ingress_Enter UL8GX3EK
2025-04-01 02:30:17,210 - INFO - Ingress_Enter N97NZNRL
2025-04-01 02:30:17,247 - INFO - Ingress_Enter 8LX4M7JQ
2025-04-01 02:30:17,332 - INFO - Ingress_Enter MJ99JZUH
2025-04-01 02:30:17,352 - INFO - Ingress_Exit UL8GX3EK
2025-04-01 02:30:17,391 - INFO - Ingress_Exit N97NZNRL
2025-04-01 02:30:17,406 - INFO - Ingress_Exit 8LX4M7JQ
2025-04-01 02:30:17,607 - INFO - Ingress_Exit MJ99JZUH
2025-04-01 02:30:18,422 - INFO - Ingress_Enter L845BXGH
2025-04-01 02:30:18,524 - INFO - Ingress_Exit L845BXGH
2025-04-01 02:30:18,597 - INFO - Ingress_Enter QWXWO8WM
2025-04-01 02:30:18,699 - INFO - Ingress_Exit QWXWO8WM
2025-04-01 02:30:18,951 - INFO - Ingress_Enter PLA12BLP
2025-04-01 02:30:19,014 - INFO - Ingress_Enter 80SNJFVB
2025-04-01 02:30:19,102 - INFO - Ingress_Exit PLA12BLP
2025-04-01 02:30:19,261 - INFO - Ingress_Enter MC3QWRRY
2025-04-01 02:30:19,270 - INFO - Ingress_Exit 80SNJFVB
2025-04-01 02:30:19,337 - INFO - Ingress_Enter Z8N6G2I5
2025-04-01 02:30:19,381 - INFO - Ingress_Enter U6RBZ0JA
2025-04-01 02:30:19,391 - INFO - Ingress_Exit MC3QWRRY
2025-04-01 02:30:19,508 - INFO - Ingress_Exit Z8N6G2I5
2025-04-01 02:30:19,542 - INFO - Ingress_Enter M43SJU6U
2025-04-01 02:30:19,633 - INFO - Ingress_Exit U6RBZ0JA
2025-04-01 02:30:19,636 - INFO - Ingress_Exit M43SJU6U
2025-04-01 02:30:19,704 - INFO - Ingress_Enter 3ILYBKAG
2025-04-01 02:30:19,782 - INFO - Ingress_Enter USOUY6CA
2025-04-01 02:30:19,815 - INFO - Ingress_Enter ZI32YXM3
2025-04-01 02:30:19,839 - INFO - Ingress_Exit 3ILYBKAG
2025-04-01 02:30:19,968 - INFO - Ingress_Exit ZI32YXM3
2025-04-01 02:30:19,997 - INFO - Ingress_Enter U204QVLD
2025-04-01 02:30:20,083 - INFO - Ingress_Exit USOUY6CA
2025-04-01 02:30:20,197 - INFO - Ingress_Exit U204QVLD
2025-04-01 02:30:20,595 - INFO - Ingress_Enter S4F0WCDS
2025-04-01 02:30:20,777 - INFO - Ingress_Exit S4F0WCDS
2025-04-01 02:30:20,789 - INFO - Ingress_Enter 0XGXL3CA
2025-04-01 02:30:20,990 - INFO - Ingress_Exit 0XGXL3CA
2025-04-01 02:30:21,098 - INFO - Ingress_Enter 7E774JA5
2025-04-01 02:30:21,123 - INFO - Ingress_Enter 51KTFQFR
2025-04-01 02:30:21,262 - INFO - Ingress_Enter RPTDT8J3
2025-04-01 02:30:21,267 - INFO - Ingress_Exit 51KTFQFR
2025-04-01 02:30:21,370 - INFO - Ingress_Exit 7E774JA5
2025-04-01 02:30:21,428 - INFO - Ingress_Exit RPTDT8J3
2025-04-01 02:30:21,536 - INFO - Ingress_Enter 0IMDES41
2025-04-01 02:30:21,675 - INFO - Ingress_Exit 0IMDES41
2025-04-01 02:30:21,840 - INFO - Ingress_Enter D71TJ30V
2025-04-01 02:30:22,009 - INFO - Ingress_Exit D71TJ30V
2025-04-01 02:30:22,310 - INFO - Ingress_Enter 7BAN9Q1F
2025-04-01 02:30:22,456 - INFO - Ingress_Enter DLW7WDF5
2025-04-01 02:30:22,464 - INFO - Ingress_Enter 6DKIY44S
2025-04-01 02:30:22,471 - INFO - Ingress_Exit 7BAN9Q1F
2025-04-01 02:30:22,569 - INFO - Ingress_Exit DLW7WDF5
2025-04-01 02:30:22,623 - INFO - Ingress_Exit 6DKIY44S
2025-04-01 02:30:22,782 - INFO - Ingress_Enter ZUQYC5KU
2025-04-01 02:30:22,950 - INFO - Ingress_Enter QLFJRA98
2025-04-01 02:30:22,985 - INFO - Ingress_Exit ZUQYC5KU
2025-04-01 02:30:22,991 - INFO - Ingress_Enter Q6TR7JW1
2025-04-01 02:30:23,060 - INFO - Ingress_Enter AU5AGVC9
2025-04-01 02:30:23,068 - INFO - Ingress_Enter 1N9L6D60
2025-04-01 02:30:23,108 - INFO - Ingress_Exit QLFJRA98
2025-04-01 02:30:23,115 - INFO - Ingress_Exit Q6TR7JW1
2025-04-01 02:30:23,197 - INFO - Ingress_Exit 1N9L6D60
2025-04-01 02:30:23,211 - INFO - Ingress_Exit AU5AGVC9
2025-04-01 02:30:23,509 - INFO - Ingress_Enter 9G0CI66N
2025-04-01 02:30:23,660 - INFO - Ingress_Enter 4N7ATCTE
2025-04-01 02:30:23,683 - INFO - Ingress_Exit 9G0CI66N
2025-04-01 02:30:23,686 - INFO - Ingress_Enter JA7YDAZ9
2025-04-01 02:30:23,757 - INFO - Ingress_Exit 4N7ATCTE
2025-04-01 02:30:23,758 - INFO - Ingress_Enter R7HRKJDT
2025-04-01 02:30:23,949 - INFO - Ingress_Exit JA7YDAZ9
2025-04-01 02:30:24,104 - INFO - Ingress_Enter 2FQDG1VN
2025-04-01 02:30:24,120 - INFO - Ingress_Exit R7HRKJDT
2025-04-01 02:30:24,261 - INFO - Ingress_Exit 2FQDG1VN
2025-04-01 02:30:24,710 - INFO - Ingress_Enter RB0SKWY0
2025-04-01 02:30:24,824 - INFO - Ingress_Exit RB0SKWY0
2025-04-01 02:30:24,935 - INFO - Ingress_Enter 4RU5VTL1
2025-04-01 02:30:25,087 - INFO - Ingress_Exit 4RU5VTL1
2025-04-01 02:30:25,167 - INFO - Ingress_Enter IJJGHIO3
2025-04-01 02:30:25,176 - INFO - Ingress_Enter ZZSI5LUM
2025-04-01 02:30:25,290 - INFO - Ingress_Exit ZZSI5LUM
2025-04-01 02:30:25,318 - INFO - Ingress_Exit IJJGHIO3
2025-04-01 02:30:25,401 - INFO - Ingress_Enter 5YKPY12C
2025-04-01 02:30:25,434 - INFO - Ingress_Enter QGBPO98X
2025-04-01 02:30:25,551 - INFO - Ingress_Exit 5YKPY12C
2025-04-01 02:30:25,601 - INFO - Ingress_Exit QGBPO98X
2025-04-01 02:30:25,651 - INFO - Ingress_Enter ZCE0OM1E
2025-04-01 02:30:25,677 - INFO - Ingress_Enter 3GOIR0AE
2025-04-01 02:30:25,764 - INFO - Ingress_Enter 1OOXLI5P
2025-04-01 02:30:25,782 - INFO - Ingress_Exit 3GOIR0AE
2025-04-01 02:30:25,859 - INFO - Ingress_Exit 1OOXLI5P
2025-04-01 02:30:25,905 - INFO - Ingress_Exit ZCE0OM1E
2025-04-01 02:30:26,484 - INFO - Ingress_Enter DS5LGI3Q
2025-04-01 02:30:26,600 - INFO - Ingress_Exit DS5LGI3Q
2025-04-01 02:30:26,676 - INFO - Ingress_Enter 626VZOS3
2025-04-01 02:30:26,737 - INFO - Ingress_Enter 9P6MDLK5
2025-04-01 02:30:26,785 - INFO - Ingress_Exit 626VZOS3
2025-04-01 02:30:26,893 - INFO - Ingress_Enter U9JFHPMD
2025-04-01 02:30:26,899 - INFO - Ingress_Exit 9P6MDLK5
2025-04-01 02:30:27,024 - INFO - Ingress_Exit U9JFHPMD
2025-04-01 02:30:27,513 - INFO - Ingress_Enter 7YMG7SFJ
2025-04-01 02:30:27,701 - INFO - Ingress_Exit 7YMG7SFJ
2025-04-01 02:30:28,166 - INFO - Ingress_Enter KQY7TE33
2025-04-01 02:30:28,209 - INFO - Ingress_Enter FL9V5QSD
2025-04-01 02:30:28,321 - INFO - Ingress_Enter IGJ3X5RJ
2025-04-01 02:30:28,381 - INFO - Ingress_Exit FL9V5QSD
2025-04-01 02:30:28,387 - INFO - Ingress_Exit KQY7TE33
2025-04-01 02:30:28,685 - INFO - Ingress_Enter 6WJ4C7E2
2025-04-01 02:30:28,738 - INFO - Ingress_Exit IGJ3X5RJ
2025-04-01 02:30:28,816 - INFO - Ingress_Exit 6WJ4C7E2
2025-04-01 02:30:28,865 - INFO - Ingress_Enter 3ABMEBSA
2025-04-01 02:30:28,874 - INFO - Ingress_Enter J9GP1NPH
2025-04-01 02:30:28,965 - INFO - Ingress_Exit 3ABMEBSA
2025-04-01 02:30:29,080 - INFO - Ingress_Exit J9GP1NPH
2025-04-01 02:30:29,149 - INFO - Ingress_Enter HO874VV0
2025-04-01 02:30:29,337 - INFO - Ingress_Enter BQ7FHIUF
2025-04-01 02:30:29,398 - INFO - Ingress_Exit HO874VV0
2025-04-01 02:30:29,452 - INFO - Ingress_Enter RUBC14EQ
2025-04-01 02:30:29,548 - INFO - Ingress_Exit RUBC14EQ
2025-04-01 02:30:29,605 - INFO - Ingress_Enter OLE0BZ67
2025-04-01 02:30:29,640 - INFO - Ingress_Exit BQ7FHIUF
2025-04-01 02:30:29,782 - INFO - Ingress_Exit OLE0BZ67
2025-04-01 02:30:30,286 - INFO - Ingress_Enter 78ZNWK2D
2025-04-01 02:30:30,364 - INFO - Ingress_Enter RB1GTREE
2025-04-01 02:30:30,424 - INFO - Ingress_Enter ZF11S2CS
2025-04-01 02:30:30,451 - INFO - Ingress_Exit 78ZNWK2D
2025-04-01 02:30:30,477 - INFO - Ingress_Exit RB1GTREE
2025-04-01 02:30:30,508 - INFO - Ingress_Enter C9F9FI4V
2025-04-01 02:30:30,529 - INFO - Ingress_Exit ZF11S2CS
2025-04-01 02:30:30,668 - INFO - Ingress_Exit C9F9FI4V
2025-04-01 02:30:30,674 - INFO - Ingress_Enter AY413NLQ
2025-04-01 02:30:30,825 - INFO - Ingress_Exit AY413NLQ
2025-04-01 02:30:30,855 - INFO - Ingress_Enter 2ZG2I5P1
2025-04-01 02:30:30,897 - INFO - Ingress_Enter E3RGOMAJ
2025-04-01 02:30:30,973 - INFO - Ingress_Exit 2ZG2I5P1
2025-04-01 02:30:31,043 - INFO - Ingress_Enter Q5E2HPI6
2025-04-01 02:30:31,047 - INFO - Ingress_Exit E3RGOMAJ
2025-04-01 02:30:31,131 - INFO - Ingress_Enter 94VWEPTP
2025-04-01 02:30:31,201 - INFO - Ingress_Enter 25MZV3ED
2025-04-01 02:30:31,265 - INFO - Ingress_Exit Q5E2HPI6
2025-04-01 02:30:31,325 - INFO - Ingress_Exit 94VWEPTP
2025-04-01 02:30:31,361 - INFO - Ingress_Enter 637IKFZJ
2025-04-01 02:30:31,404 - INFO - Ingress_Exit 25MZV3ED
2025-04-01 02:30:31,610 - INFO - Ingress_Exit 637IKFZJ
2025-04-01 02:30:31,616 - INFO - Ingress_Enter OXWPUSB0
2025-04-01 02:30:31,692 - INFO - Ingress_Enter PIHRMOQX
2025-04-01 02:30:31,723 - INFO - Ingress_Exit OXWPUSB0
2025-04-01 02:30:31,725 - INFO - Ingress_Enter L7AS9DU3
2025-04-01 02:30:31,895 - INFO - Ingress_Exit L7AS9DU3
2025-04-01 02:30:31,929 - INFO - Ingress_Exit PIHRMOQX
2025-04-01 02:30:32,409 - INFO - Ingress_Enter NF0L914P
2025-04-01 02:30:32,528 - INFO - Ingress_Enter ULDQWFK1
2025-04-01 02:30:32,587 - INFO - Ingress_Enter YLQOGRHA
2025-04-01 02:30:32,621 - INFO - Ingress_Exit NF0L914P
2025-04-01 02:30:32,635 - INFO - Ingress_Exit ULDQWFK1
2025-04-01 02:30:32,755 - INFO - Ingress_Exit YLQOGRHA
2025-04-01 02:30:32,940 - INFO - Ingress_Enter 3F52X374
2025-04-01 02:30:33,077 - INFO - Ingress_Exit 3F52X374
2025-04-01 02:30:33,192 - INFO - Ingress_Enter ORQCK5WY
2025-04-01 02:30:33,286 - INFO - Ingress_Enter 0LZXLFKB
2025-04-01 02:30:33,294 - INFO - Ingress_Enter 2R5UCQQ0
2025-04-01 02:30:33,326 - INFO - Ingress_Exit ORQCK5WY
2025-04-01 02:30:33,428 - INFO - Ingress_Exit 0LZXLFKB
2025-04-01 02:30:33,430 - INFO - Ingress_Exit 2R5UCQQ0
2025-04-01 02:30:33,443 - INFO - Ingress_Enter S46R7PK0
2025-04-01 02:30:33,592 - INFO - Ingress_Enter MGM01ZTY
2025-04-01 02:30:33,612 - INFO - Ingress_Exit S46R7PK0
2025-04-01 02:30:33,710 - INFO - Ingress_Enter 8HTMX7HY
2025-04-01 02:30:33,820 - INFO - Ingress_Exit MGM01ZTY
2025-04-01 02:30:33,898 - INFO - Ingress_Exit 8HTMX7HY
2025-04-01 02:30:34,352 - INFO - Ingress_Enter U9DLCQA1
2025-04-01 02:30:34,376 - INFO - Ingress_Enter UWKMER92
2025-04-01 02:30:34,410 - INFO - Ingress_Enter SNJ30K4E
2025-04-01 02:30:34,481 - INFO - Ingress_Exit U9DLCQA1
2025-04-01 02:30:34,529 - INFO - Ingress_Exit SNJ30K4E
2025-04-01 02:30:34,544 - INFO - Ingress_Exit UWKMER92
2025-04-01 02:30:34,884 - INFO - Ingress_Enter C7XVO46O
2025-04-01 02:30:35,040 - INFO - Ingress_Enter ZJVPK8QB
2025-04-01 02:30:35,065 - INFO - Ingress_Enter 360Q7CWC
2025-04-01 02:30:35,163 - INFO - Ingress_Exit C7XVO46O
2025-04-01 02:30:35,186 - INFO - Ingress_Exit ZJVPK8QB
2025-04-01 02:30:35,220 - INFO - Ingress_Exit 360Q7CWC
2025-04-01 02:30:35,837 - INFO - Ingress_Enter CMURDZLX
2025-04-01 02:30:35,862 - INFO - Ingress_Enter BWW96H07
2025-04-01 02:30:36,144 - INFO - Ingress_Exit CMURDZLX
2025-04-01 02:30:36,285 - INFO - Ingress_Exit BWW96H07
2025-04-01 02:30:36,385 - INFO - Ingress_Enter RHJXYOFA
2025-04-01 02:30:36,409 - INFO - Ingress_Enter RH6CCVIN
2025-04-01 02:30:36,418 - INFO - Ingress_Enter KGC17I4A
2025-04-01 02:30:36,582 - INFO - Ingress_Exit RH6CCVIN
2025-04-01 02:30:36,599 - INFO - Ingress_Exit KGC17I4A
2025-04-01 02:30:36,630 - INFO - Ingress_Exit RHJXYOFA
2025-04-01 02:30:36,869 - INFO - Ingress_Enter VBXJMZ58
2025-04-01 02:30:36,895 - INFO - Ingress_Enter BZZBYG9T
2025-04-01 02:30:37,026 - INFO - Ingress_Enter GNS3LFKD
2025-04-01 02:30:37,080 - INFO - Ingress_Exit VBXJMZ58
2025-04-01 02:30:37,305 - INFO - Ingress_Exit GNS3LFKD
2025-04-01 02:30:37,312 - INFO - Ingress_Exit BZZBYG9T
2025-04-01 02:30:37,695 - INFO - Ingress_Enter DUTRFPVY
2025-04-01 02:30:37,721 - INFO - Ingress_Enter G6QCLLPE
2025-04-01 02:30:37,825 - INFO - Ingress_Exit DUTRFPVY
2025-04-01 02:30:37,847 - INFO - Ingress_Exit G6QCLLPE
2025-04-01 02:30:38,100 - INFO - Ingress_Enter 3UT6IV9T
2025-04-01 02:30:38,169 - INFO - Ingress_Enter BOMECPIR
2025-04-01 02:30:38,254 - INFO - Ingress_Exit 3UT6IV9T
2025-04-01 02:30:38,361 - INFO - Ingress_Exit BOMECPIR
2025-04-01 02:30:38,503 - INFO - Ingress_Enter NHLPRYBA
2025-04-01 02:30:38,630 - INFO - Ingress_Exit NHLPRYBA
2025-04-01 02:30:38,662 - INFO - Ingress_Enter 4FJ7HEXJ
2025-04-01 02:30:38,830 - INFO - Ingress_Enter SXU7TBLG
2025-04-01 02:30:38,922 - INFO - Ingress_Exit 4FJ7HEXJ
2025-04-01 02:30:38,964 - INFO - Ingress_Exit SXU7TBLG
2025-04-01 02:30:39,058 - INFO - Ingress_Enter P19Z6GHF
2025-04-01 02:30:39,203 - INFO - Ingress_Exit P19Z6GHF
2025-04-01 02:30:39,325 - INFO - Ingress_Enter E4ATVKSG
2025-04-01 02:30:39,351 - INFO - Ingress_Enter OH6A3JZR
2025-04-01 02:30:39,426 - INFO - Ingress_Exit E4ATVKSG
2025-04-01 02:30:39,501 - INFO - Ingress_Enter 18PC0A8Z
2025-04-01 02:30:39,552 - INFO - Ingress_Exit OH6A3JZR
2025-04-01 02:30:39,606 - INFO - Ingress_Exit 18PC0A8Z
2025-04-01 02:30:39,659 - INFO - Ingress_Enter 1GDM26A8
2025-04-01 02:30:39,728 - INFO - Ingress_Enter ZJF63ZRA
2025-04-01 02:30:39,781 - INFO - Ingress_Enter UDNOSH6Z
2025-04-01 02:30:39,814 - INFO - Ingress_Exit 1GDM26A8
2025-04-01 02:30:39,847 - INFO - Ingress_Exit ZJF63ZRA
2025-04-01 02:30:39,948 - INFO - Ingress_Exit UDNOSH6Z
2025-04-01 02:30:40,414 - INFO - Ingress_Enter 44J96TMV
2025-04-01 02:30:40,449 - INFO - Ingress_Enter VTEWV29S
2025-04-01 02:30:40,668 - INFO - Ingress_Exit VTEWV29S
2025-04-01 02:30:40,680 - INFO - Ingress_Exit 44J96TMV
2025-04-01 02:30:40,682 - INFO - Ingress_Enter D73AKGEF
2025-04-01 02:30:40,831 - INFO - Ingress_Exit D73AKGEF
2025-04-01 02:30:40,840 - INFO - Ingress_Enter Z1ZZVJI7
2025-04-01 02:30:40,857 - INFO - Ingress_Enter BKK50X79
2025-04-01 02:30:40,978 - INFO - Ingress_Exit Z1ZZVJI7
2025-04-01 02:30:41,015 - INFO - Ingress_Enter R0PIY3PU
2025-04-01 02:30:41,034 - INFO - Ingress_Exit BKK50X79
2025-04-01 02:30:41,140 - INFO - Ingress_Enter 128TL9IN
2025-04-01 02:30:41,150 - INFO - Ingress_Exit R0PIY3PU
2025-04-01 02:30:41,250 - INFO - Ingress_Exit 128TL9IN
2025-04-01 02:30:41,424 - INFO - Ingress_Enter NFZIKPTA
2025-04-01 02:30:41,503 - INFO - Ingress_Enter 85U4BWUR
2025-04-01 02:30:41,528 - INFO - Ingress_Enter SHAXMW3L
2025-04-01 02:30:41,589 - INFO - Ingress_Enter JW8XK6IG
2025-04-01 02:30:41,631 - INFO - Ingress_Exit SHAXMW3L
2025-04-01 02:30:41,639 - INFO - Ingress_Exit 85U4BWUR
2025-04-01 02:30:41,646 - INFO - Ingress_Exit NFZIKPTA
2025-04-01 02:30:41,758 - INFO - Ingress_Exit JW8XK6IG
2025-04-01 02:30:42,248 - INFO - Ingress_Enter WTAXIBE4
2025-04-01 02:30:42,291 - INFO - Ingress_Enter KFIRAQTG
2025-04-01 02:30:42,457 - INFO - Ingress_Exit WTAXIBE4
2025-04-01 02:30:42,468 - INFO - Ingress_Enter UVVUHGJZ
2025-04-01 02:30:42,469 - INFO - Ingress_Exit KFIRAQTG
2025-04-01 02:30:42,599 - INFO - Ingress_Exit UVVUHGJZ
2025-04-01 02:30:43,001 - INFO - Ingress_Enter Y295NNEU
2025-04-01 02:30:43,009 - INFO - Ingress_Enter 0A0D1CJ4
2025-04-01 02:30:43,108 - INFO - Ingress_Exit Y295NNEU
2025-04-01 02:30:43,170 - INFO - Ingress_Exit 0A0D1CJ4
2025-04-01 02:30:43,297 - INFO - Ingress_Enter JD5Q0LUP
2025-04-01 02:30:43,435 - INFO - Ingress_Exit JD5Q0LUP
2025-04-01 02:30:43,497 - INFO - Ingress_Enter O26YWBTG
2025-04-01 02:30:43,541 - INFO - Ingress_Enter U8ETDI9K
2025-04-01 02:30:43,643 - INFO - Ingress_Exit U8ETDI9K
2025-04-01 02:30:43,650 - INFO - Ingress_Exit O26YWBTG
2025-04-01 02:30:43,784 - INFO - Ingress_Enter VGBHFOUP
2025-04-01 02:30:43,793 - INFO - Ingress_Enter DQO843E3
2025-04-01 02:30:43,893 - INFO - Ingress_Exit DQO843E3
2025-04-01 02:30:43,935 - INFO - Ingress_Exit VGBHFOUP
2025-04-01 02:30:44,064 - INFO - Ingress_Enter 2SZFEGUN
2025-04-01 02:30:44,072 - INFO - Ingress_Enter MMFVC9NU
2025-04-01 02:30:44,117 - INFO - Ingress_Enter 8UTF3IMP
2025-04-01 02:30:44,179 - INFO - Ingress_Exit MMFVC9NU
2025-04-01 02:30:44,185 - INFO - Ingress_Exit 2SZFEGUN
2025-04-01 02:30:44,245 - INFO - Ingress_Exit 8UTF3IMP
2025-04-01 02:30:44,432 - INFO - Ingress_Enter 5KJ0ALE5
2025-04-01 02:30:44,640 - INFO - Ingress_Exit 5KJ0ALE5
2025-04-01 02:30:44,671 - INFO - Ingress_Enter PRRWJBRU
2025-04-01 02:30:44,681 - INFO - Ingress_Enter U7NSTUIP
2025-04-01 02:30:44,778 - INFO - Ingress_Exit PRRWJBRU
2025-04-01 02:30:44,837 - INFO - Ingress_Exit U7NSTUIP
2025-04-01 02:30:45,403 - INFO - Ingress_Enter BF85BFRL
2025-04-01 02:30:45,428 - INFO - Ingress_Enter CETW7WE7
2025-04-01 02:30:45,575 - INFO - Ingress_Exit CETW7WE7
2025-04-01 02:30:45,578 - INFO - Ingress_Enter QKG76E95
2025-04-01 02:30:45,610 - INFO - Ingress_Exit BF85BFRL
2025-04-01 02:30:45,719 - INFO - Ingress_Exit QKG76E95
2025-04-01 02:30:45,789 - INFO - Ingress_Enter 3H6UF6CF
2025-04-01 02:30:45,807 - INFO - Ingress_Enter JU11YFY1
2025-04-01 02:30:45,868 - INFO - Ingress_Enter 8O4B7FPH
2025-04-01 02:30:45,921 - INFO - Ingress_Exit 3H6UF6CF
2025-04-01 02:30:45,971 - INFO - Ingress_Exit JU11YFY1
2025-04-01 02:30:45,994 - INFO - Ingress_Enter Z0AW3KX4
2025-04-01 02:30:46,088 - INFO - Ingress_Exit Z0AW3KX4
2025-04-01 02:30:46,107 - INFO - Ingress_Exit 8O4B7FPH
2025-04-01 02:30:46,251 - INFO - Ingress_Enter 40HINAOF
2025-04-01 02:30:46,311 - INFO - Ingress_Enter UNZSWTNA
2025-04-01 02:30:46,387 - INFO - Ingress_Exit 40HINAOF
2025-04-01 02:30:46,432 - INFO - Ingress_Exit UNZSWTNA
2025-04-01 02:30:46,765 - INFO - Ingress_Enter 51VP0IS5
2025-04-01 02:30:46,936 - INFO - Ingress_Exit 51VP0IS5
2025-04-01 02:30:47,019 - INFO - Ingress_Enter PMRGPD71
2025-04-01 02:30:47,163 - INFO - Ingress_Exit PMRGPD71
2025-04-01 02:30:47,202 - INFO - Ingress_Enter 7RJ92OU4
2025-04-01 02:30:47,402 - INFO - Ingress_Exit 7RJ92OU4
2025-04-01 02:30:47,535 - INFO - Ingress_Enter VJMK383Q
2025-04-01 02:30:47,737 - INFO - Ingress_Exit VJMK383Q
2025-04-01 02:30:47,780 - INFO - Ingress_Enter 8VMZTS1D
2025-04-01 02:30:47,849 - INFO - Ingress_Enter 6TYJW0JE
2025-04-01 02:30:47,948 - INFO - Ingress_Exit 8VMZTS1D
2025-04-01 02:30:48,059 - INFO - Ingress_Exit 6TYJW0JE
2025-04-01 02:30:48,131 - INFO - Ingress_Enter CXVB0T58
2025-04-01 02:30:48,367 - INFO - Ingress_Exit CXVB0T58
2025-04-01 02:30:48,639 - INFO - Ingress_Enter 0EVC23B6
2025-04-01 02:30:48,648 - INFO - Ingress_Enter OQ3N5XE2
2025-04-01 02:30:48,725 - INFO - Ingress_Enter CD0RDXE2
2025-04-01 02:30:48,770 - INFO - Ingress_Exit 0EVC23B6
2025-04-01 02:30:48,777 - INFO - Ingress_Exit OQ3N5XE2
2025-04-01 02:30:48,862 - INFO - Ingress_Exit CD0RDXE2
2025-04-01 02:30:49,150 - INFO - Ingress_Enter ZM4KB5E3
2025-04-01 02:30:49,308 - INFO - Ingress_Exit ZM4KB5E3
2025-04-01 02:30:49,354 - INFO - Ingress_Enter EXV8H2LO
2025-04-01 02:30:49,362 - INFO - Ingress_Enter REKZ3A6F
2025-04-01 02:30:49,381 - INFO - Ingress_Enter ONTE0JOO
2025-04-01 02:30:49,460 - INFO - Ingress_Exit EXV8H2LO
2025-04-01 02:30:49,536 - INFO - Ingress_Exit REKZ3A6F
2025-04-01 02:30:49,561 - INFO - Ingress_Exit ONTE0JOO
2025-04-01 02:30:49,939 - INFO - Ingress_Enter KLCPIXUT
2025-04-01 02:30:50,042 - INFO - Ingress_Exit KLCPIXUT
2025-04-01 02:30:50,107 - INFO - Ingress_Enter ZCACG17L
2025-04-01 02:30:50,152 - INFO - Ingress_Enter HXIB8KM2
2025-04-01 02:30:50,263 - INFO - Ingress_Exit HXIB8KM2
2025-04-01 02:30:50,266 - INFO - Ingress_Exit ZCACG17L
2025-04-01 02:30:50,625 - INFO - Ingress_Enter ZOVZUM8M
2025-04-01 02:30:50,711 - INFO - Ingress_Enter 4AOLRBW0
2025-04-01 02:30:50,842 - INFO - Ingress_Enter M74WOR07
2025-04-01 02:30:50,860 - INFO - Ingress_Exit ZOVZUM8M
2025-04-01 02:30:50,887 - INFO - Ingress_Exit 4AOLRBW0
2025-04-01 02:30:50,984 - INFO - Ingress_Exit M74WOR07
2025-04-01 02:30:51,104 - INFO - Ingress_Enter PNNEXER2
2025-04-01 02:30:51,130 - INFO - Ingress_Enter L0TVMFX4
2025-04-01 02:30:51,225 - INFO - Ingress_Exit PNNEXER2
2025-04-01 02:30:51,227 - INFO - Ingress_Enter KG6SRODQ
2025-04-01 02:30:51,242 - INFO - Ingress_Enter REJS2ZLC
2025-04-01 02:30:51,348 - INFO - Ingress_Exit L0TVMFX4
2025-04-01 02:30:51,405 - INFO - Ingress_Exit REJS2ZLC
2025-04-01 02:30:51,407 - INFO - Ingress_Exit KG6SRODQ
2025-04-01 02:30:51,598 - INFO - Ingress_Enter IPJFRPSQ
2025-04-01 02:30:51,641 - INFO - Ingress_Enter 47ELB6PY
2025-04-01 02:30:51,795 - INFO - Ingress_Exit 47ELB6PY
2025-04-01 02:30:51,797 - INFO - Ingress_Exit IPJFRPSQ
2025-04-01 02:30:52,079 - INFO - Ingress_Enter ZM0AAOXR
2025-04-01 02:30:52,149 - INFO - Ingress_Enter AAODII0I
2025-04-01 02:30:52,221 - INFO - Ingress_Exit ZM0AAOXR
2025-04-01 02:30:52,266 - INFO - Ingress_Exit AAODII0I
2025-04-01 02:30:52,288 - INFO - Ingress_Enter 2FK32R6F
2025-04-01 02:30:52,349 - INFO - Ingress_Enter LP12353A
2025-04-01 02:30:52,438 - INFO - Ingress_Exit 2FK32R6F
2025-04-01 02:30:52,525 - INFO - Ingress_Enter K8UXBWE8
2025-04-01 02:30:52,633 - INFO - Ingress_Exit LP12353A
2025-04-01 02:30:52,645 - INFO - Ingress_Exit K8UXBWE8
2025-04-01 02:30:52,658 - INFO - Ingress_Enter 8POHZKMG
2025-04-01 02:30:52,693 - INFO - Ingress_Enter IDGQUQRC
2025-04-01 02:30:52,776 - INFO - Ingress_Exit 8POHZKMG
2025-04-01 02:30:52,825 - INFO - Ingress_Exit IDGQUQRC
2025-04-01 02:30:52,927 - INFO - Ingress_Enter KC9OYQ57
2025-04-01 02:30:53,005 - INFO - Ingress_Enter U4WAR68V
2025-04-01 02:30:53,076 - INFO - Ingress_Exit KC9OYQ57
2025-04-01 02:30:53,106 - INFO - Ingress_Exit U4WAR68V
2025-04-01 02:30:53,109 - INFO - Ingress_Enter I9LKTBI0
2025-04-01 02:30:53,221 - INFO - Ingress_Enter 7377FT61
2025-04-01 02:30:53,228 - INFO - Ingress_Exit I9LKTBI0
2025-04-01 02:30:53,265 - INFO - Ingress_Enter BEMGAQW7
2025-04-01 02:30:53,383 - INFO - Ingress_Exit 7377FT61
2025-04-01 02:30:53,413 - INFO - Ingress_Exit BEMGAQW7
2025-04-01 02:30:53,416 - INFO - Ingress_Enter GICFILQ3
2025-04-01 02:30:53,669 - INFO - Ingress_Exit GICFILQ3
2025-04-01 02:30:53,968 - INFO - Ingress_Enter ZJYIVGNY
2025-04-01 02:30:54,063 - INFO - Ingress_Enter ZLLRPD3C
2025-04-01 02:30:54,110 - INFO - Ingress_Exit ZJYIVGNY
2025-04-01 02:30:54,189 - INFO - Ingress_Exit ZLLRPD3C
2025-04-01 02:30:54,456 - INFO - Ingress_Enter 3L14WS8V
2025-04-01 02:30:54,508 - INFO - Ingress_Enter NKCMLPU9
2025-04-01 02:30:54,658 - INFO - Ingress_Exit 3L14WS8V
2025-04-01 02:30:54,763 - INFO - Ingress_Exit NKCMLPU9
2025-04-01 02:30:55,082 - INFO - Ingress_Enter N2DGDWHN
2025-04-01 02:30:55,224 - INFO - Ingress_Exit N2DGDWHN
2025-04-01 02:30:55,311 - INFO - Ingress_Enter DWMWBCI6
2025-04-01 02:30:55,414 - INFO - Ingress_Exit DWMWBCI6
2025-04-01 02:30:55,617 - INFO - Ingress_Enter ND2BCH4U
2025-04-01 02:30:55,735 - INFO - Ingress_Exit ND2BCH4U
2025-04-01 02:30:55,748 - INFO - Ingress_Enter N82MZ07S
2025-04-01 02:30:55,870 - INFO - Ingress_Enter NETCOT3P
2025-04-01 02:30:55,959 - INFO - Ingress_Exit N82MZ07S
2025-04-01 02:30:56,055 - INFO - Ingress_Exit NETCOT3P
2025-04-01 02:30:56,723 - INFO - Ingress_Enter EVUFQC42
2025-04-01 02:30:56,847 - INFO - Ingress_Enter K7VYTQIK
2025-04-01 02:30:56,956 - INFO - Ingress_Exit K7VYTQIK
2025-04-01 02:30:56,974 - INFO - Ingress_Exit EVUFQC42
2025-04-01 02:30:57,038 - INFO - Ingress_Enter OJ55TUJR
2025-04-01 02:30:57,159 - INFO - Ingress_Exit OJ55TUJR
2025-04-01 02:30:57,336 - INFO - Ingress_Enter V2GM5SLJ
2025-04-01 02:30:57,558 - INFO - Ingress_Exit V2GM5SLJ
2025-04-01 02:30:57,653 - INFO - Ingress_Enter RW7Z911E
2025-04-01 02:30:57,888 - INFO - Ingress_Exit RW7Z911E
2025-04-01 02:30:58,048 - INFO - Ingress_Enter YJIB3UDG
2025-04-01 02:30:58,083 - INFO - Ingress_Enter ZO4HP0Z2
2025-04-01 02:30:58,127 - INFO - Ingress_Enter LLCY8XVF
2025-04-01 02:30:58,201 - INFO - Ingress_Exit YJIB3UDG
2025-04-01 02:30:58,309 - INFO - Ingress_Exit ZO4HP0Z2
2025-04-01 02:30:58,372 - INFO - Ingress_Exit LLCY8XVF
2025-04-01 02:30:58,649 - INFO - Ingress_Enter 34E164JE
2025-04-01 02:30:58,700 - INFO - Ingress_Enter 03CHKN0N
2025-04-01 02:30:58,780 - INFO - Ingress_Exit 34E164JE
2025-04-01 02:30:58,861 - INFO - Ingress_Exit 03CHKN0N
2025-04-01 02:30:58,970 - INFO - Ingress_Enter 49FIIR8W
2025-04-01 02:30:59,032 - INFO - Ingress_Enter D9CGIAAB
2025-04-01 02:30:59,093 - INFO - Ingress_Exit 49FIIR8W
2025-04-01 02:30:59,181 - INFO - Ingress_Exit D9CGIAAB
2025-04-01 02:30:59,270 - INFO - Ingress_Enter AT1A7SSP
2025-04-01 02:30:59,344 - INFO - Ingress_Enter YOPSPQCV
2025-04-01 02:30:59,445 - INFO - Ingress_Exit YOPSPQCV
2025-04-01 02:30:59,497 - INFO - Ingress_Exit AT1A7SSP
2025-04-01 02:30:59,772 - INFO - Ingress_Enter 7TDJNLDQ
2025-04-01 02:30:59,832 - INFO - Ingress_Enter BJ6EZSA6
2025-04-01 02:30:59,923 - INFO - Ingress_Exit 7TDJNLDQ
2025-04-01 02:31:00,004 - INFO - Ingress_Exit BJ6EZSA6
2025-04-01 02:31:00,015 - INFO - Ingress_Enter 7VGZ4YXO
2025-04-01 02:31:00,128 - INFO - Ingress_Enter WWFAL1U0
2025-04-01 02:31:00,231 - INFO - Ingress_Exit WWFAL1U0
2025-04-01 02:31:00,246 - INFO - Ingress_Exit 7VGZ4YXO
2025-04-01 02:31:00,361 - INFO - Ingress_Enter 7F5Q9QOD
2025-04-01 02:31:00,378 - INFO - Ingress_Enter 6A47W3E4
2025-04-01 02:31:00,386 - INFO - Ingress_Enter A0NO7VON
2025-04-01 02:31:00,506 - INFO - Ingress_Exit 6A47W3E4
2025-04-01 02:31:00,564 - INFO - Ingress_Exit 7F5Q9QOD
2025-04-01 02:31:00,636 - INFO - Ingress_Exit A0NO7VON
2025-04-01 02:31:00,983 - INFO - Ingress_Enter MKKELQIP
2025-04-01 02:31:01,094 - INFO - Ingress_Exit MKKELQIP
2025-04-01 02:31:01,217 - INFO - Ingress_Enter 9LG93ZYZ
2025-04-01 02:31:01,225 - INFO - Ingress_Enter CE7QQGAA
2025-04-01 02:31:01,260 - INFO - Ingress_Enter GOCF3TLC
2025-04-01 02:31:01,320 - INFO - Ingress_Exit 9LG93ZYZ
2025-04-01 02:31:01,437 - INFO - Ingress_Enter GZWNXQSB
2025-04-01 02:31:01,438 - INFO - Ingress_Exit CE7QQGAA
2025-04-01 02:31:01,463 - INFO - Ingress_Exit GOCF3TLC
2025-04-01 02:31:01,610 - INFO - Ingress_Exit GZWNXQSB
2025-04-01 02:31:01,674 - INFO - Ingress_Enter 54U29NOK
2025-04-01 02:31:01,804 - INFO - Ingress_Enter 3KTAMUZT
2025-04-01 02:31:01,813 - INFO - Ingress_Enter RAPBRDOG
2025-04-01 02:31:01,835 - INFO - Ingress_Exit 54U29NOK
2025-04-01 02:31:02,032 - INFO - Ingress_Exit 3KTAMUZT
2025-04-01 02:31:02,033 - INFO - Ingress_Exit RAPBRDOG
2025-04-01 02:31:02,450 - INFO - Ingress_Enter F7QHD2I8
2025-04-01 02:31:02,474 - INFO - Ingress_Enter 9FWG7AVI
2025-04-01 02:31:02,599 - INFO - Ingress_Exit F7QHD2I8
2025-04-01 02:31:02,661 - INFO - Ingress_Exit 9FWG7AVI
2025-04-01 02:31:02,667 - INFO - Ingress_Enter 4ULZZSLE
2025-04-01 02:31:02,843 - INFO - Ingress_Exit 4ULZZSLE
2025-04-01 02:31:02,925 - INFO - Ingress_Enter ZGAI8MMW
2025-04-01 02:31:03,068 - INFO - Ingress_Enter OHVBRTG5
2025-04-01 02:31:03,087 - INFO - Ingress_Exit ZGAI8MMW
2025-04-01 02:31:03,183 - INFO - Ingress_Enter X9PLBA71
2025-04-01 02:31:03,198 - INFO - Ingress_Exit OHVBRTG5
2025-04-01 02:31:03,201 - INFO - Ingress_Enter SW5KMH7P
2025-04-01 02:31:03,313 - INFO - Ingress_Exit SW5KMH7P
2025-04-01 02:31:03,409 - INFO - Ingress_Exit X9PLBA71
2025-04-01 02:31:04,003 - INFO - Ingress_Enter X7NTTHL8
2025-04-01 02:31:04,029 - INFO - Ingress_Enter B4VBMB6G
2025-04-01 02:31:04,100 - INFO - Ingress_Enter GETLJPPZ
2025-04-01 02:31:04,113 - INFO - Ingress_Exit X7NTTHL8
2025-04-01 02:31:04,219 - INFO - Ingress_Exit B4VBMB6G
2025-04-01 02:31:04,264 - INFO - Ingress_Exit GETLJPPZ
